<?xml version="1.0" encoding="UTF-8"?>
<testsuite xmlns:xsi="http://www.w3.org/2001/XMLSchema-instance" xsi:noNamespaceSchemaLocation="https://maven.apache.org/surefire/maven-surefire-plugin/xsd/surefire-test-report-3.0.xsd" version="3.0" name="TestSuite" time="220.023" tests="1" errors="0" skipped="0" failures="0">
  <properties>
    <property name="gopherProxySet" value="false"/>
    <property name="awt.toolkit" value="sun.lwawt.macosx.LWCToolkit"/>
    <property name="java.specification.version" value="11"/>
    <property name="sun.cpu.isalist" value=""/>
    <property name="sun.jnu.encoding" value="UTF-8"/>
    <property name="java.class.path" value="/Users/oikhlas/eclipse-workspace/AppiumFrameworkDesign/target/test-classes:/Users/oikhlas/eclipse-workspace/AppiumFrameworkDesign/target/classes:/Users/oikhlas/.m2/repository/com/aventstack/extentreports/5.1.0/extentreports-5.1.0.jar:/Users/oikhlas/.m2/repository/io/reactivex/rxjava3/rxjava/3.1.6/rxjava-3.1.6.jar:/Users/oikhlas/.m2/repository/org/reactivestreams/reactive-streams/1.0.4/reactive-streams-1.0.4.jar:/Users/oikhlas/.m2/repository/org/freemarker/freemarker/2.3.32/freemarker-2.3.32.jar:/Users/oikhlas/.m2/repository/org/projectlombok/lombok/1.18.26/lombok-1.18.26.jar:/Users/oikhlas/.m2/repository/com/google/code/gson/gson/2.10.1/gson-2.10.1.jar:/Users/oikhlas/.m2/repository/com/applitools/eyes-appium-java5/5.70.0/eyes-appium-java5-5.70.0.jar:/Users/oikhlas/.m2/repository/com/applitools/eyes-selenium-java5/5.71.0/eyes-selenium-java5-5.71.0.jar:/Users/oikhlas/.m2/repository/com/applitools/eyes-selenium-common-java5/5.65.0/eyes-selenium-common-java5-5.65.0.jar:/Users/oikhlas/.m2/repository/com/applitools/eyes-sdk-core-java5/5.74.0/eyes-sdk-core-java5-5.74.0.jar:/Users/oikhlas/.m2/repository/com/applitools/eyes-universal-core/5.66.0/eyes-universal-core-5.66.0.jar:/Users/oikhlas/.m2/repository/com/applitools/eyes-common-java5/5.65.0/eyes-common-java5-5.65.0.jar:/Users/oikhlas/.m2/repository/org/imgscalr/imgscalr-lib/4.2/imgscalr-lib-4.2.jar:/Users/oikhlas/.m2/repository/commons-codec/commons-codec/1.10/commons-codec-1.10.jar:/Users/oikhlas/.m2/repository/org/apache/commons/commons-lang3/3.8.1/commons-lang3-3.8.1.jar:/Users/oikhlas/.m2/repository/org/brotli/dec/0.1.1/dec-0.1.1.jar:/Users/oikhlas/.m2/repository/org/jsoup/jsoup/1.15.3/jsoup-1.15.3.jar:/Users/oikhlas/.m2/repository/com/applitools/eyes-universal-core-mac/5.66.0/eyes-universal-core-mac-5.66.0.jar:/Users/oikhlas/.m2/repository/com/applitools/eyes-ufg-java5/5.67.0/eyes-ufg-java5-5.67.0.jar:/Users/oikhlas/.m2/repository/javax/websocket/javax.websocket-client-api/1.1/javax.websocket-client-api-1.1.jar:/Users/oikhlas/.m2/repository/org/asynchttpclient/async-http-client/2.12.3/async-http-client-2.12.3.jar:/Users/oikhlas/.m2/repository/org/asynchttpclient/async-http-client-netty-utils/2.12.3/async-http-client-netty-utils-2.12.3.jar:/Users/oikhlas/.m2/repository/io/netty/netty-buffer/4.1.60.Final/netty-buffer-4.1.60.Final.jar:/Users/oikhlas/.m2/repository/io/netty/netty-codec-http/4.1.60.Final/netty-codec-http-4.1.60.Final.jar:/Users/oikhlas/.m2/repository/io/netty/netty-common/4.1.60.Final/netty-common-4.1.60.Final.jar:/Users/oikhlas/.m2/repository/io/netty/netty-transport/4.1.60.Final/netty-transport-4.1.60.Final.jar:/Users/oikhlas/.m2/repository/io/netty/netty-codec/4.1.60.Final/netty-codec-4.1.60.Final.jar:/Users/oikhlas/.m2/repository/io/netty/netty-handler/4.1.60.Final/netty-handler-4.1.60.Final.jar:/Users/oikhlas/.m2/repository/io/netty/netty-resolver/4.1.60.Final/netty-resolver-4.1.60.Final.jar:/Users/oikhlas/.m2/repository/io/netty/netty-codec-socks/4.1.60.Final/netty-codec-socks-4.1.60.Final.jar:/Users/oikhlas/.m2/repository/io/netty/netty-handler-proxy/4.1.60.Final/netty-handler-proxy-4.1.60.Final.jar:/Users/oikhlas/.m2/repository/io/netty/netty-transport-native-epoll/4.1.60.Final/netty-transport-native-epoll-4.1.60.Final-linux-x86_64.jar:/Users/oikhlas/.m2/repository/io/netty/netty-transport-native-unix-common/4.1.60.Final/netty-transport-native-unix-common-4.1.60.Final.jar:/Users/oikhlas/.m2/repository/io/netty/netty-transport-native-kqueue/4.1.60.Final/netty-transport-native-kqueue-4.1.60.Final-osx-x86_64.jar:/Users/oikhlas/.m2/repository/com/typesafe/netty/netty-reactive-streams/2.0.4/netty-reactive-streams-2.0.4.jar:/Users/oikhlas/.m2/repository/com/sun/activation/jakarta.activation/1.2.2/jakarta.activation-1.2.2.jar:/Users/oikhlas/.m2/repository/com/helger/ph-css/6.1.1/ph-css-6.1.1.jar:/Users/oikhlas/.m2/repository/com/helger/ph-commons/9.0.2/ph-commons-9.0.2.jar:/Users/oikhlas/.m2/repository/io/appium/java-client/9.3.0/java-client-9.3.0.jar:/Users/oikhlas/.m2/repository/org/seleniumhq/selenium/selenium-api/4.25.0/selenium-api-4.25.0.jar:/Users/oikhlas/.m2/repository/org/jspecify/jspecify/1.0.0/jspecify-1.0.0.jar:/Users/oikhlas/.m2/repository/org/seleniumhq/selenium/selenium-remote-driver/4.25.0/selenium-remote-driver-4.25.0.jar:/Users/oikhlas/.m2/repository/com/google/auto/service/auto-service-annotations/1.1.1/auto-service-annotations-1.1.1.jar:/Users/oikhlas/.m2/repository/com/google/guava/guava/33.3.0-jre/guava-33.3.0-jre.jar:/Users/oikhlas/.m2/repository/com/google/guava/failureaccess/1.0.2/failureaccess-1.0.2.jar:/Users/oikhlas/.m2/repository/com/google/guava/listenablefuture/9999.0-empty-to-avoid-conflict-with-guava/listenablefuture-9999.0-empty-to-avoid-conflict-with-guava.jar:/Users/oikhlas/.m2/repository/com/google/code/findbugs/jsr305/3.0.2/jsr305-3.0.2.jar:/Users/oikhlas/.m2/repository/org/checkerframework/checker-qual/3.43.0/checker-qual-3.43.0.jar:/Users/oikhlas/.m2/repository/com/google/errorprone/error_prone_annotations/2.28.0/error_prone_annotations-2.28.0.jar:/Users/oikhlas/.m2/repository/com/google/j2objc/j2objc-annotations/3.0.0/j2objc-annotations-3.0.0.jar:/Users/oikhlas/.m2/repository/io/opentelemetry/semconv/opentelemetry-semconv/1.25.0-alpha/opentelemetry-semconv-1.25.0-alpha.jar:/Users/oikhlas/.m2/repository/io/opentelemetry/opentelemetry-api/1.42.1/opentelemetry-api-1.42.1.jar:/Users/oikhlas/.m2/repository/io/opentelemetry/opentelemetry-context/1.42.1/opentelemetry-context-1.42.1.jar:/Users/oikhlas/.m2/repository/io/opentelemetry/opentelemetry-exporter-logging/1.42.1/opentelemetry-exporter-logging-1.42.1.jar:/Users/oikhlas/.m2/repository/io/opentelemetry/opentelemetry-sdk-common/1.42.1/opentelemetry-sdk-common-1.42.1.jar:/Users/oikhlas/.m2/repository/io/opentelemetry/opentelemetry-sdk-extension-autoconfigure-spi/1.42.1/opentelemetry-sdk-extension-autoconfigure-spi-1.42.1.jar:/Users/oikhlas/.m2/repository/io/opentelemetry/opentelemetry-sdk-extension-autoconfigure/1.42.1/opentelemetry-sdk-extension-autoconfigure-1.42.1.jar:/Users/oikhlas/.m2/repository/io/opentelemetry/opentelemetry-api-incubator/1.42.1-alpha/opentelemetry-api-incubator-1.42.1-alpha.jar:/Users/oikhlas/.m2/repository/io/opentelemetry/opentelemetry-sdk-trace/1.42.1/opentelemetry-sdk-trace-1.42.1.jar:/Users/oikhlas/.m2/repository/io/opentelemetry/opentelemetry-sdk/1.42.1/opentelemetry-sdk-1.42.1.jar:/Users/oikhlas/.m2/repository/io/opentelemetry/opentelemetry-sdk-metrics/1.42.1/opentelemetry-sdk-metrics-1.42.1.jar:/Users/oikhlas/.m2/repository/io/opentelemetry/opentelemetry-sdk-logs/1.42.1/opentelemetry-sdk-logs-1.42.1.jar:/Users/oikhlas/.m2/repository/net/bytebuddy/byte-buddy/1.15.1/byte-buddy-1.15.1.jar:/Users/oikhlas/.m2/repository/org/seleniumhq/selenium/selenium-http/4.25.0/selenium-http-4.25.0.jar:/Users/oikhlas/.m2/repository/dev/failsafe/failsafe/3.3.2/failsafe-3.3.2.jar:/Users/oikhlas/.m2/repository/org/seleniumhq/selenium/selenium-json/4.25.0/selenium-json-4.25.0.jar:/Users/oikhlas/.m2/repository/org/seleniumhq/selenium/selenium-manager/4.25.0/selenium-manager-4.25.0.jar:/Users/oikhlas/.m2/repository/org/seleniumhq/selenium/selenium-os/4.25.0/selenium-os-4.25.0.jar:/Users/oikhlas/.m2/repository/org/apache/commons/commons-exec/1.4.0/commons-exec-1.4.0.jar:/Users/oikhlas/.m2/repository/org/seleniumhq/selenium/selenium-support/4.25.0/selenium-support-4.25.0.jar:/Users/oikhlas/.m2/repository/org/slf4j/slf4j-api/2.0.13/slf4j-api-2.0.13.jar:/Users/oikhlas/.m2/repository/org/testng/testng/7.8.0/testng-7.8.0.jar:/Users/oikhlas/.m2/repository/com/beust/jcommander/1.82/jcommander-1.82.jar:/Users/oikhlas/.m2/repository/org/webjars/jquery/3.6.1/jquery-3.6.1.jar:/Users/oikhlas/.m2/repository/org/seleniumhq/selenium/selenium-java/4.16.1/selenium-java-4.16.1.jar:/Users/oikhlas/.m2/repository/org/seleniumhq/selenium/selenium-chrome-driver/4.16.1/selenium-chrome-driver-4.16.1.jar:/Users/oikhlas/.m2/repository/org/seleniumhq/selenium/selenium-chromium-driver/4.16.1/selenium-chromium-driver-4.16.1.jar:/Users/oikhlas/.m2/repository/org/seleniumhq/selenium/selenium-devtools-v118/4.16.1/selenium-devtools-v118-4.16.1.jar:/Users/oikhlas/.m2/repository/org/seleniumhq/selenium/selenium-devtools-v119/4.16.1/selenium-devtools-v119-4.16.1.jar:/Users/oikhlas/.m2/repository/org/seleniumhq/selenium/selenium-devtools-v120/4.16.1/selenium-devtools-v120-4.16.1.jar:/Users/oikhlas/.m2/repository/org/seleniumhq/selenium/selenium-devtools-v85/4.16.1/selenium-devtools-v85-4.16.1.jar:/Users/oikhlas/.m2/repository/org/seleniumhq/selenium/selenium-edge-driver/4.16.1/selenium-edge-driver-4.16.1.jar:/Users/oikhlas/.m2/repository/org/seleniumhq/selenium/selenium-firefox-driver/4.16.1/selenium-firefox-driver-4.16.1.jar:/Users/oikhlas/.m2/repository/org/seleniumhq/selenium/selenium-ie-driver/4.16.1/selenium-ie-driver-4.16.1.jar:/Users/oikhlas/.m2/repository/org/seleniumhq/selenium/selenium-safari-driver/4.16.1/selenium-safari-driver-4.16.1.jar:/Users/oikhlas/.m2/repository/commons-io/commons-io/2.13.0/commons-io-2.13.0.jar:/Users/oikhlas/.m2/repository/com/fasterxml/jackson/core/jackson-databind/2.15.2/jackson-databind-2.15.2.jar:/Users/oikhlas/.m2/repository/com/fasterxml/jackson/core/jackson-annotations/2.15.2/jackson-annotations-2.15.2.jar:/Users/oikhlas/.m2/repository/com/fasterxml/jackson/core/jackson-core/2.15.2/jackson-core-2.15.2.jar:"/>
    <property name="java.vm.vendor" value="Oracle Corporation"/>
    <property name="sun.arch.data.model" value="64"/>
    <property name="java.vendor.url" value="https://openjdk.java.net/"/>
    <property name="user.timezone" value="Asia/Karachi"/>
    <property name="java.vm.specification.version" value="11"/>
    <property name="os.name" value="Mac OS X"/>
    <property name="sun.java.launcher" value="SUN_STANDARD"/>
    <property name="user.country" value="PK"/>
    <property name="sun.boot.library.path" value="/Library/Java/JavaVirtualMachines/jdk-11.jdk/Contents/Home/lib"/>
    <property name="sun.java.command" value="/Users/oikhlas/eclipse-workspace/AppiumFrameworkDesign/target/surefire/surefirebooter-20241028201717948_3.jar /Users/oikhlas/eclipse-workspace/AppiumFrameworkDesign/target/surefire 2024-10-28T20-17-17_820-jvmRun1 surefire-20241028201717948_1tmp surefire_0-20241028201717948_2tmp"/>
    <property name="http.nonProxyHosts" value="local|*.local|169.254/16|*.169.254/16"/>
    <property name="jdk.debug" value="release"/>
    <property name="surefire.test.class.path" value="/Users/oikhlas/eclipse-workspace/AppiumFrameworkDesign/target/test-classes:/Users/oikhlas/eclipse-workspace/AppiumFrameworkDesign/target/classes:/Users/oikhlas/.m2/repository/com/aventstack/extentreports/5.1.0/extentreports-5.1.0.jar:/Users/oikhlas/.m2/repository/io/reactivex/rxjava3/rxjava/3.1.6/rxjava-3.1.6.jar:/Users/oikhlas/.m2/repository/org/reactivestreams/reactive-streams/1.0.4/reactive-streams-1.0.4.jar:/Users/oikhlas/.m2/repository/org/freemarker/freemarker/2.3.32/freemarker-2.3.32.jar:/Users/oikhlas/.m2/repository/org/projectlombok/lombok/1.18.26/lombok-1.18.26.jar:/Users/oikhlas/.m2/repository/com/google/code/gson/gson/2.10.1/gson-2.10.1.jar:/Users/oikhlas/.m2/repository/com/applitools/eyes-appium-java5/5.70.0/eyes-appium-java5-5.70.0.jar:/Users/oikhlas/.m2/repository/com/applitools/eyes-selenium-java5/5.71.0/eyes-selenium-java5-5.71.0.jar:/Users/oikhlas/.m2/repository/com/applitools/eyes-selenium-common-java5/5.65.0/eyes-selenium-common-java5-5.65.0.jar:/Users/oikhlas/.m2/repository/com/applitools/eyes-sdk-core-java5/5.74.0/eyes-sdk-core-java5-5.74.0.jar:/Users/oikhlas/.m2/repository/com/applitools/eyes-universal-core/5.66.0/eyes-universal-core-5.66.0.jar:/Users/oikhlas/.m2/repository/com/applitools/eyes-common-java5/5.65.0/eyes-common-java5-5.65.0.jar:/Users/oikhlas/.m2/repository/org/imgscalr/imgscalr-lib/4.2/imgscalr-lib-4.2.jar:/Users/oikhlas/.m2/repository/commons-codec/commons-codec/1.10/commons-codec-1.10.jar:/Users/oikhlas/.m2/repository/org/apache/commons/commons-lang3/3.8.1/commons-lang3-3.8.1.jar:/Users/oikhlas/.m2/repository/org/brotli/dec/0.1.1/dec-0.1.1.jar:/Users/oikhlas/.m2/repository/org/jsoup/jsoup/1.15.3/jsoup-1.15.3.jar:/Users/oikhlas/.m2/repository/com/applitools/eyes-universal-core-mac/5.66.0/eyes-universal-core-mac-5.66.0.jar:/Users/oikhlas/.m2/repository/com/applitools/eyes-ufg-java5/5.67.0/eyes-ufg-java5-5.67.0.jar:/Users/oikhlas/.m2/repository/javax/websocket/javax.websocket-client-api/1.1/javax.websocket-client-api-1.1.jar:/Users/oikhlas/.m2/repository/org/asynchttpclient/async-http-client/2.12.3/async-http-client-2.12.3.jar:/Users/oikhlas/.m2/repository/org/asynchttpclient/async-http-client-netty-utils/2.12.3/async-http-client-netty-utils-2.12.3.jar:/Users/oikhlas/.m2/repository/io/netty/netty-buffer/4.1.60.Final/netty-buffer-4.1.60.Final.jar:/Users/oikhlas/.m2/repository/io/netty/netty-codec-http/4.1.60.Final/netty-codec-http-4.1.60.Final.jar:/Users/oikhlas/.m2/repository/io/netty/netty-common/4.1.60.Final/netty-common-4.1.60.Final.jar:/Users/oikhlas/.m2/repository/io/netty/netty-transport/4.1.60.Final/netty-transport-4.1.60.Final.jar:/Users/oikhlas/.m2/repository/io/netty/netty-codec/4.1.60.Final/netty-codec-4.1.60.Final.jar:/Users/oikhlas/.m2/repository/io/netty/netty-handler/4.1.60.Final/netty-handler-4.1.60.Final.jar:/Users/oikhlas/.m2/repository/io/netty/netty-resolver/4.1.60.Final/netty-resolver-4.1.60.Final.jar:/Users/oikhlas/.m2/repository/io/netty/netty-codec-socks/4.1.60.Final/netty-codec-socks-4.1.60.Final.jar:/Users/oikhlas/.m2/repository/io/netty/netty-handler-proxy/4.1.60.Final/netty-handler-proxy-4.1.60.Final.jar:/Users/oikhlas/.m2/repository/io/netty/netty-transport-native-epoll/4.1.60.Final/netty-transport-native-epoll-4.1.60.Final-linux-x86_64.jar:/Users/oikhlas/.m2/repository/io/netty/netty-transport-native-unix-common/4.1.60.Final/netty-transport-native-unix-common-4.1.60.Final.jar:/Users/oikhlas/.m2/repository/io/netty/netty-transport-native-kqueue/4.1.60.Final/netty-transport-native-kqueue-4.1.60.Final-osx-x86_64.jar:/Users/oikhlas/.m2/repository/com/typesafe/netty/netty-reactive-streams/2.0.4/netty-reactive-streams-2.0.4.jar:/Users/oikhlas/.m2/repository/com/sun/activation/jakarta.activation/1.2.2/jakarta.activation-1.2.2.jar:/Users/oikhlas/.m2/repository/com/helger/ph-css/6.1.1/ph-css-6.1.1.jar:/Users/oikhlas/.m2/repository/com/helger/ph-commons/9.0.2/ph-commons-9.0.2.jar:/Users/oikhlas/.m2/repository/io/appium/java-client/9.3.0/java-client-9.3.0.jar:/Users/oikhlas/.m2/repository/org/seleniumhq/selenium/selenium-api/4.25.0/selenium-api-4.25.0.jar:/Users/oikhlas/.m2/repository/org/jspecify/jspecify/1.0.0/jspecify-1.0.0.jar:/Users/oikhlas/.m2/repository/org/seleniumhq/selenium/selenium-remote-driver/4.25.0/selenium-remote-driver-4.25.0.jar:/Users/oikhlas/.m2/repository/com/google/auto/service/auto-service-annotations/1.1.1/auto-service-annotations-1.1.1.jar:/Users/oikhlas/.m2/repository/com/google/guava/guava/33.3.0-jre/guava-33.3.0-jre.jar:/Users/oikhlas/.m2/repository/com/google/guava/failureaccess/1.0.2/failureaccess-1.0.2.jar:/Users/oikhlas/.m2/repository/com/google/guava/listenablefuture/9999.0-empty-to-avoid-conflict-with-guava/listenablefuture-9999.0-empty-to-avoid-conflict-with-guava.jar:/Users/oikhlas/.m2/repository/com/google/code/findbugs/jsr305/3.0.2/jsr305-3.0.2.jar:/Users/oikhlas/.m2/repository/org/checkerframework/checker-qual/3.43.0/checker-qual-3.43.0.jar:/Users/oikhlas/.m2/repository/com/google/errorprone/error_prone_annotations/2.28.0/error_prone_annotations-2.28.0.jar:/Users/oikhlas/.m2/repository/com/google/j2objc/j2objc-annotations/3.0.0/j2objc-annotations-3.0.0.jar:/Users/oikhlas/.m2/repository/io/opentelemetry/semconv/opentelemetry-semconv/1.25.0-alpha/opentelemetry-semconv-1.25.0-alpha.jar:/Users/oikhlas/.m2/repository/io/opentelemetry/opentelemetry-api/1.42.1/opentelemetry-api-1.42.1.jar:/Users/oikhlas/.m2/repository/io/opentelemetry/opentelemetry-context/1.42.1/opentelemetry-context-1.42.1.jar:/Users/oikhlas/.m2/repository/io/opentelemetry/opentelemetry-exporter-logging/1.42.1/opentelemetry-exporter-logging-1.42.1.jar:/Users/oikhlas/.m2/repository/io/opentelemetry/opentelemetry-sdk-common/1.42.1/opentelemetry-sdk-common-1.42.1.jar:/Users/oikhlas/.m2/repository/io/opentelemetry/opentelemetry-sdk-extension-autoconfigure-spi/1.42.1/opentelemetry-sdk-extension-autoconfigure-spi-1.42.1.jar:/Users/oikhlas/.m2/repository/io/opentelemetry/opentelemetry-sdk-extension-autoconfigure/1.42.1/opentelemetry-sdk-extension-autoconfigure-1.42.1.jar:/Users/oikhlas/.m2/repository/io/opentelemetry/opentelemetry-api-incubator/1.42.1-alpha/opentelemetry-api-incubator-1.42.1-alpha.jar:/Users/oikhlas/.m2/repository/io/opentelemetry/opentelemetry-sdk-trace/1.42.1/opentelemetry-sdk-trace-1.42.1.jar:/Users/oikhlas/.m2/repository/io/opentelemetry/opentelemetry-sdk/1.42.1/opentelemetry-sdk-1.42.1.jar:/Users/oikhlas/.m2/repository/io/opentelemetry/opentelemetry-sdk-metrics/1.42.1/opentelemetry-sdk-metrics-1.42.1.jar:/Users/oikhlas/.m2/repository/io/opentelemetry/opentelemetry-sdk-logs/1.42.1/opentelemetry-sdk-logs-1.42.1.jar:/Users/oikhlas/.m2/repository/net/bytebuddy/byte-buddy/1.15.1/byte-buddy-1.15.1.jar:/Users/oikhlas/.m2/repository/org/seleniumhq/selenium/selenium-http/4.25.0/selenium-http-4.25.0.jar:/Users/oikhlas/.m2/repository/dev/failsafe/failsafe/3.3.2/failsafe-3.3.2.jar:/Users/oikhlas/.m2/repository/org/seleniumhq/selenium/selenium-json/4.25.0/selenium-json-4.25.0.jar:/Users/oikhlas/.m2/repository/org/seleniumhq/selenium/selenium-manager/4.25.0/selenium-manager-4.25.0.jar:/Users/oikhlas/.m2/repository/org/seleniumhq/selenium/selenium-os/4.25.0/selenium-os-4.25.0.jar:/Users/oikhlas/.m2/repository/org/apache/commons/commons-exec/1.4.0/commons-exec-1.4.0.jar:/Users/oikhlas/.m2/repository/org/seleniumhq/selenium/selenium-support/4.25.0/selenium-support-4.25.0.jar:/Users/oikhlas/.m2/repository/org/slf4j/slf4j-api/2.0.13/slf4j-api-2.0.13.jar:/Users/oikhlas/.m2/repository/org/testng/testng/7.8.0/testng-7.8.0.jar:/Users/oikhlas/.m2/repository/com/beust/jcommander/1.82/jcommander-1.82.jar:/Users/oikhlas/.m2/repository/org/webjars/jquery/3.6.1/jquery-3.6.1.jar:/Users/oikhlas/.m2/repository/org/seleniumhq/selenium/selenium-java/4.16.1/selenium-java-4.16.1.jar:/Users/oikhlas/.m2/repository/org/seleniumhq/selenium/selenium-chrome-driver/4.16.1/selenium-chrome-driver-4.16.1.jar:/Users/oikhlas/.m2/repository/org/seleniumhq/selenium/selenium-chromium-driver/4.16.1/selenium-chromium-driver-4.16.1.jar:/Users/oikhlas/.m2/repository/org/seleniumhq/selenium/selenium-devtools-v118/4.16.1/selenium-devtools-v118-4.16.1.jar:/Users/oikhlas/.m2/repository/org/seleniumhq/selenium/selenium-devtools-v119/4.16.1/selenium-devtools-v119-4.16.1.jar:/Users/oikhlas/.m2/repository/org/seleniumhq/selenium/selenium-devtools-v120/4.16.1/selenium-devtools-v120-4.16.1.jar:/Users/oikhlas/.m2/repository/org/seleniumhq/selenium/selenium-devtools-v85/4.16.1/selenium-devtools-v85-4.16.1.jar:/Users/oikhlas/.m2/repository/org/seleniumhq/selenium/selenium-edge-driver/4.16.1/selenium-edge-driver-4.16.1.jar:/Users/oikhlas/.m2/repository/org/seleniumhq/selenium/selenium-firefox-driver/4.16.1/selenium-firefox-driver-4.16.1.jar:/Users/oikhlas/.m2/repository/org/seleniumhq/selenium/selenium-ie-driver/4.16.1/selenium-ie-driver-4.16.1.jar:/Users/oikhlas/.m2/repository/org/seleniumhq/selenium/selenium-safari-driver/4.16.1/selenium-safari-driver-4.16.1.jar:/Users/oikhlas/.m2/repository/commons-io/commons-io/2.13.0/commons-io-2.13.0.jar:/Users/oikhlas/.m2/repository/com/fasterxml/jackson/core/jackson-databind/2.15.2/jackson-databind-2.15.2.jar:/Users/oikhlas/.m2/repository/com/fasterxml/jackson/core/jackson-annotations/2.15.2/jackson-annotations-2.15.2.jar:/Users/oikhlas/.m2/repository/com/fasterxml/jackson/core/jackson-core/2.15.2/jackson-core-2.15.2.jar:"/>
    <property name="sun.cpu.endian" value="little"/>
    <property name="user.home" value="/Users/oikhlas"/>
    <property name="user.language" value="en"/>
    <property name="java.specification.vendor" value="Oracle Corporation"/>
    <property name="java.version.date" value="2023-01-17"/>
    <property name="java.home" value="/Library/Java/JavaVirtualMachines/jdk-11.jdk/Contents/Home"/>
    <property name="file.separator" value="/"/>
    <property name="basedir" value="/Users/oikhlas/eclipse-workspace/AppiumFrameworkDesign"/>
    <property name="java.vm.compressedOopsMode" value="Zero based"/>
    <property name="line.separator" value="&#10;"/>
    <property name="java.specification.name" value="Java Platform API Specification"/>
    <property name="java.vm.specification.vendor" value="Oracle Corporation"/>
    <property name="java.awt.graphicsenv" value="sun.awt.CGraphicsEnvironment"/>
    <property name="127.0.0.1" value="true"/>
    <property name="surefire.real.class.path" value="/Users/oikhlas/eclipse-workspace/AppiumFrameworkDesign/target/surefire/surefirebooter-20241028201717948_3.jar"/>
    <property name="sun.management.compiler" value="HotSpot 64-Bit Tiered Compilers"/>
    <property name="ftp.nonProxyHosts" value="local|*.local|169.254/16|*.169.254/16"/>
    <property name="java.runtime.version" value="11.0.18+9-LTS-195"/>
    <property name="user.name" value="oikhlas"/>
    <property name="path.separator" value=":"/>
    <property name="os.version" value="12.7.1"/>
    <property name="java.runtime.name" value="Java(TM) SE Runtime Environment"/>
    <property name="file.encoding" value="UTF-8"/>
    <property name="sun.nio.ch.bugLevel" value=""/>
    <property name="java.vm.name" value="Java HotSpot(TM) 64-Bit Server VM"/>
    <property name="java.vendor.version" value="18.9"/>
    <property name="localRepository" value="/Users/oikhlas/.m2/repository"/>
    <property name="java.vendor.url.bug" value="https://bugreport.java.com/bugreport/"/>
    <property name="java.io.tmpdir" value="/var/folders/jr/_q86ggqx4r74n7gr74psjbt80000gq/T/"/>
    <property name="java.version" value="11.0.18"/>
    <property name="user.dir" value="/Users/oikhlas/eclipse-workspace/AppiumFrameworkDesign"/>
    <property name="os.arch" value="x86_64"/>
    <property name="java.vm.specification.name" value="Java Virtual Machine Specification"/>
    <property name="java.awt.printerjob" value="sun.lwawt.macosx.CPrinterJob"/>
    <property name="sun.os.patch.level" value="unknown"/>
    <property name="java.library.path" value="/Users/oikhlas/Library/Java/Extensions:/Library/Java/Extensions:/Network/Library/Java/Extensions:/System/Library/Java/Extensions:/usr/lib/java:."/>
    <property name="java.vendor" value="Oracle Corporation"/>
    <property name="java.vm.info" value="mixed mode"/>
    <property name="java.vm.version" value="11.0.18+9-LTS-195"/>
    <property name="sun.io.unicode.encoding" value="UnicodeBig"/>
    <property name="java.class.version" value="55.0"/>
    <property name="socksNonProxyHosts" value="local|*.local|169.254/16|*.169.254/16"/>
  </properties>
  <testcase name="fillForm[{name=Osama Ikhlas, country=Argentina, gender=male}](1)" classname="org.osamaikhlas.ECommerce_TestCase_01" time="183.466">
    <system-out><![CDATA[Starting universal core in: /var/folders/jr/_q86ggqx4r74n7gr74psjbt80000gq/T/core-macos


eyes | 2024-10-28 20:17:26.773 | [info] | Logs saved in: /var/folders/jr/_q86ggqx4r74n7gr74psjbt80000gq/T/applitools-logs
&amp#27;[38;5;112m[Appium]&amp#27;[0m Welcome to Appium v2.12.0
&amp#27;[38;5;112m[Appium]&amp#27;[0m Non-default server args:
&amp#27;[38;5;112m[Appium]&amp#27;[0m { address: &amp#27;[32m'127.0.0.1'&amp#27;[39m }
&amp#27;[38;5;112m[Appium]&amp#27;[0m The autodetected Appium home path: /Users/oikhlas/.appium
&amp#27;[38;5;112m[Appium]&amp#27;[0m Attempting to load driver uiautomator2...
&amp#27;[38;5;112m[Appium]&amp#27;[0m Attempting to load driver xcuitest...
&amp#27;[38;5;112m[Appium]&amp#27;[0m Requiring driver at /Users/oikhlas/.appium/node_modules/appium-uiautomator2-driver/build/index.js
&amp#27;[38;5;112m[Appium]&amp#27;[0m Requiring driver at /Users/oikhlas/.appium/node_modules/appium-xcuitest-driver/build/index.js
&amp#27;[38;5;112m[Appium]&amp#27;[0m AndroidUiautomator2Driver has been successfully loaded in 4.123s
&amp#27;[38;5;112m[Appium]&amp#27;[0m XCUITestDriver has been successfully loaded in 4.123s
&amp#27;[38;5;112m[Appium]&amp#27;[0m Appium REST http interface listener started on http://127.0.0.1:4723
&amp#27;[38;5;112m[Appium]&amp#27;[0m Available drivers:
&amp#27;[38;5;112m[Appium]&amp#27;[0m   - uiautomator2@2.45.1 (automationName 'UiAutomator2')
&amp#27;[38;5;112m[Appium]&amp#27;[0m   - xcuitest@4.35.0 (automationName 'XCUITest')
&amp#27;[38;5;112m[Appium]&amp#27;[0m No plugins have been installed. Use the "appium plugin" command to install the one(s) you want to use.
&amp#27;[38;5;86m[HTTP]&amp#27;[0m &amp#27;[37m-->&amp#27;[39m &amp#27;[37mGET&amp#27;[39m &amp#27;[37m/status&amp#27;[39m {}
&amp#27;[38;5;39m[AppiumDriver@d830]&amp#27;[0m Calling AppiumDriver.getStatus() with args: []
&amp#27;[38;5;39m[AppiumDriver@d830]&amp#27;[0m Responding to client with driver.getStatus() result: {"ready":true,"message":"The server is ready to accept new connections","build":{"version":"2.12.0"}}
&amp#27;[38;5;86m[HTTP]&amp#27;[0m <-- GET /status 200 6 ms - 111 
&amp#27;[38;5;86m[HTTP]&amp#27;[0m Request idempotency key: 4eb10d90-afbe-4311-abaf-59cbd1904ee6
&amp#27;[38;5;86m[HTTP]&amp#27;[0m &amp#27;[37m-->&amp#27;[39m &amp#27;[37mPOST&amp#27;[39m &amp#27;[37m/session&amp#27;[39m {"capabilities":{"firstMatch":[{"appium:chromedriverExecutable":"//Users//oikhlas//Downloads//chromedriver_mac64//chromedriver","appium:deviceName":"Osamaemulator","platformName":"ANDROID","appium:automationName":"UIAutomator2","appium:app":"/Users/oikhlas/eclipse-workspace/AppiumFrameworkDesign//src//test//java//resources//General-Store.apk"}]}}
&amp#27;[38;5;39m[AppiumDriver@d830]&amp#27;[0m Calling AppiumDriver.createSession() with args: [null,null,{"firstMatch":[{"appium:chromedriverExecutable":"//Users//oikhlas//Downloads//chromedriver_mac64//chromedriver","appium:deviceName":"Osamaemulator","platformName":"ANDROID","appium:automationName":"UIAutomator2","appium:app":"/Users/oikhlas/eclipse-workspace/AppiumFrameworkDesign//src//test//java//resources//General-Store.apk"}]}]
&amp#27;[38;5;39m[AppiumDriver@d830]&amp#27;[0m Event 'newSessionRequested' logged at 1730128653987 (20:17:33 GMT+0500 (Pakistan Standard Time))
&amp#27;[38;5;112m[Appium]&amp#27;[0m Attempting to find matching driver for automationName 'UIAutomator2' and platformName 'ANDROID'
&amp#27;[38;5;112m[Appium]&amp#27;[0m The 'uiautomator2' driver was installed and matched caps.
&amp#27;[38;5;112m[Appium]&amp#27;[0m Will require it at /Users/oikhlas/.appium/node_modules/appium-uiautomator2-driver
&amp#27;[38;5;112m[Appium]&amp#27;[0m Requiring driver at /Users/oikhlas/.appium/node_modules/appium-uiautomator2-driver/build/index.js
&amp#27;[38;5;39m[AppiumDriver@d830]&amp#27;[0m Appium v2.12.0 creating new AndroidUiautomator2Driver (v2.45.1) session
&amp#27;[38;5;39m[AppiumDriver@d830]&amp#27;[0m Checking BaseDriver versions for Appium and AndroidUiautomator2Driver
&amp#27;[38;5;39m[AppiumDriver@d830]&amp#27;[0m Appium's BaseDriver version is 9.12.0
&amp#27;[38;5;39m[AppiumDriver@d830]&amp#27;[0m AndroidUiautomator2Driver's BaseDriver version is 9.3.15
&amp#27;[38;5;-63m[AndroidUiautomator2Driver@b341]&amp#27;[0m Creating session with W3C capabilities: {
&amp#27;[38;5;-63m[AndroidUiautomator2Driver@b341]&amp#27;[0m   "alwaysMatch": {
&amp#27;[38;5;-63m[AndroidUiautomator2Driver@b341]&amp#27;[0m     "platformName": "ANDROID",
&amp#27;[38;5;-63m[AndroidUiautomator2Driver@b341]&amp#27;[0m     "appium:chromedriverExecutable": "//Users//oikhlas//Downloads//chromedriver_mac64//chromedriver",
&amp#27;[38;5;-63m[AndroidUiautomator2Driver@b341]&amp#27;[0m     "appium:deviceName": "Osamaemulator",
&amp#27;[38;5;-63m[AndroidUiautomator2Driver@b341]&amp#27;[0m     "appium:automationName": "UIAutomator2",
&amp#27;[38;5;-63m[AndroidUiautomator2Driver@b341]&amp#27;[0m     "appium:app": "/Users/oikhlas/eclipse-workspace/AppiumFrameworkDesign//src//test//java//resources//General-Store.apk"
&amp#27;[38;5;-63m[AndroidUiautomator2Driver@b341]&amp#27;[0m   },
&amp#27;[38;5;-63m[AndroidUiautomator2Driver@b341]&amp#27;[0m   "firstMatch": [
&amp#27;[38;5;-63m[AndroidUiautomator2Driver@b341]&amp#27;[0m     {}
&amp#27;[38;5;-63m[AndroidUiautomator2Driver@b341]&amp#27;[0m   ]
&amp#27;[38;5;-63m[AndroidUiautomator2Driver@b341]&amp#27;[0m }
&amp#27;[38;5;112m[AndroidUiautomator2Driver@b341 (75895e03)]&amp#27;[0m Session created with session id: 75895e03-7749-47e3-bc13-bf90a3ed7962
&amp#27;[38;5;229m[ADB]&amp#27;[0m Found 2 'build-tools' folders under '/users/oikhlas/Library/Android/sdk' (newest first):
&amp#27;[38;5;229m[ADB]&amp#27;[0m     /users/oikhlas/Library/Android/sdk/build-tools/34.0.0
&amp#27;[38;5;229m[ADB]&amp#27;[0m     /users/oikhlas/Library/Android/sdk/build-tools/30.0.3
&amp#27;[38;5;229m[ADB]&amp#27;[0m Using 'adb' from '/users/oikhlas/Library/Android/sdk/platform-tools/adb'
&amp#27;[38;5;229m[ADB]&amp#27;[0m Running '/users/oikhlas/Library/Android/sdk/platform-tools/adb -P 5037 start-server'
&amp#27;[38;5;112m[AndroidUiautomator2Driver@b341 (75895e03)]&amp#27;[0m Retrieving device list
&amp#27;[38;5;229m[ADB]&amp#27;[0m Trying to find connected Android devices
&amp#27;[38;5;229m[ADB]&amp#27;[0m Getting connected devices
&amp#27;[38;5;229m[ADB]&amp#27;[0m Connected devices: [{"udid":"emulator-5554","state":"device"}]
&amp#27;[38;5;112m[AndroidUiautomator2Driver@b341 (75895e03)]&amp#27;[0m Using device: emulator-5554
&amp#27;[38;5;229m[ADB]&amp#27;[0m Using 'adb' from '/users/oikhlas/Library/Android/sdk/platform-tools/adb'
&amp#27;[38;5;229m[ADB]&amp#27;[0m Running '/users/oikhlas/Library/Android/sdk/platform-tools/adb -P 5037 start-server'
&amp#27;[38;5;229m[ADB]&amp#27;[0m Setting device id to emulator-5554
&amp#27;[38;5;123m[BaseDriver]&amp#27;[0m Using local app '/Users/oikhlas/eclipse-workspace/AppiumFrameworkDesign//src//test//java//resources//General-Store.apk'
&amp#27;[38;5;112m[AndroidUiautomator2Driver@b341 (75895e03)]&amp#27;[0m Checking whether app is actually present
&amp#27;[38;5;229m[ADB]&amp#27;[0m Running '/users/oikhlas/Library/Android/sdk/platform-tools/adb -P 5037 -s emulator-5554 shell getprop ro.build.version.sdk'
&amp#27;[38;5;229m[ADB]&amp#27;[0m Current device property 'ro.build.version.sdk': 34
&amp#27;[38;5;229m[ADB]&amp#27;[0m Getting device platform version
&amp#27;[38;5;229m[ADB]&amp#27;[0m Running '/users/oikhlas/Library/Android/sdk/platform-tools/adb -P 5037 -s emulator-5554 shell getprop ro.build.version.release'
&amp#27;[38;5;229m[ADB]&amp#27;[0m Current device property 'ro.build.version.release': 14
&amp#27;[38;5;229m[ADB]&amp#27;[0m Device API level: 34
&amp#27;[38;5;112m[AndroidUiautomator2Driver@b341 (75895e03)]&amp#27;[0m Relaxing hidden api policy
&amp#27;[38;5;229m[ADB]&amp#27;[0m Running '/users/oikhlas/Library/Android/sdk/platform-tools/adb -P 5037 -s emulator-5554 shell 'settings put global hidden_api_policy_pre_p_apps 1;settings put global hidden_api_policy_p_apps 1;settings put global hidden_api_policy 1''
&amp#27;[38;5;112m[AndroidUiautomator2Driver@b341 (75895e03)]&amp#27;[0m Parsing package and activity from app manifest
&amp#27;[38;5;229m[ADB]&amp#27;[0m Running '/users/oikhlas/Library/Android/sdk/platform-tools/adb -P 5037 -s emulator-5554 wait-for-device'
&amp#27;[38;5;229m[ADB]&amp#27;[0m Package name: 'com.androidsample.generalstore'
&amp#27;[38;5;229m[ADB]&amp#27;[0m Main activity name: 'com.androidsample.generalstore.SplashActivity'
&amp#27;[38;5;112m[AndroidUiautomator2Driver@b341 (75895e03)]&amp#27;[0m Parsed package and activity are: com.androidsample.generalstore/com.androidsample.generalstore.SplashActivity
&amp#27;[38;5;229m[ADB]&amp#27;[0m Running '/users/oikhlas/Library/Android/sdk/platform-tools/adb -P 5037 -s emulator-5554 shell echo ping'
&amp#27;[38;5;112m[AndroidUiautomator2Driver@b341 (75895e03)]&amp#27;[0m Pushing settings apk to the device...
&amp#27;[38;5;229m[ADB]&amp#27;[0m Getting package info for 'io.appium.settings'
&amp#27;[38;5;229m[ADB]&amp#27;[0m Running '/users/oikhlas/Library/Android/sdk/platform-tools/adb -P 5037 -s emulator-5554 shell dumpsys package io.appium.settings'
&amp#27;[38;5;229m[ADB]&amp#27;[0m The version name of the installed 'io.appium.settings' is greater or equal to the application version name ('5.7.5' >= '5.7.5')
&amp#27;[38;5;229m[ADB]&amp#27;[0m There is no need to install/upgrade '/Users/oikhlas/.appium/node_modules/appium-uiautomator2-driver/node_modules/io.appium.settings/apks/settings_apk-debug.apk'
&amp#27;[38;5;229m[ADB]&amp#27;[0m Running '/users/oikhlas/Library/Android/sdk/platform-tools/adb -P 5037 -s emulator-5554 shell dumpsys activity services io.appium.settings'
&amp#27;[38;5;112m[AndroidUiautomator2Driver@b341 (75895e03)]&amp#27;[0m io.appium.settings is already running. There is no need to reset its permissions.
&amp#27;[38;5;160m[Logcat]&amp#27;[0m Starting logs capture with command: /users/oikhlas/Library/Android/sdk/platform-tools/adb -P 5037 -s emulator-5554 logcat -v threadtime
&amp#27;[38;5;112m[AndroidUiautomator2Driver@b341 (75895e03)]&amp#27;[0m Forwarding UiAutomator2 Server port 6790 to local port 8200
&amp#27;[38;5;229m[ADB]&amp#27;[0m Forwarding system: 8200 to device: 6790
&amp#27;[38;5;229m[ADB]&amp#27;[0m Running '/users/oikhlas/Library/Android/sdk/platform-tools/adb -P 5037 -s emulator-5554 forward tcp:8200 tcp:6790'
&amp#27;[38;5;229m[ADB]&amp#27;[0m Checking app cert for /Users/oikhlas/eclipse-workspace/AppiumFrameworkDesign//src//test//java//resources//General-Store.apk
&amp#27;[38;5;229m[ADB]&amp#27;[0m Checking app cert for /Users/oikhlas/.appium/node_modules/appium-uiautomator2-driver/node_modules/appium-uiautomator2-server/apks/appium-uiautomator2-server-v6.0.9.apk
&amp#27;[38;5;229m[ADB]&amp#27;[0m Checking app cert for /Users/oikhlas/.appium/node_modules/appium-uiautomator2-driver/node_modules/appium-uiautomator2-server/apks/appium-uiautomator2-server-debug-androidTest.apk
&amp#27;[38;5;229m[ADB]&amp#27;[0m Using 'apksigner.jar' from '/users/oikhlas/Library/Android/sdk/build-tools/34.0.0/lib/apksigner.jar'
&amp#27;[38;5;229m[ADB]&amp#27;[0m Starting apksigner: /Library/Java/JavaVirtualMachines/jdk-11.jdk/Contents/Home/bin/java -Xmx1024M -Xss1m -jar /users/oikhlas/Library/Android/sdk/build-tools/34.0.0/lib/apksigner.jar verify --print-certs /Users/oikhlas/.appium/node_modules/appium-uiautomator2-driver/node_modules/appium-uiautomator2-server/apks/appium-uiautomator2-server-debug-androidTest.apk
&amp#27;[38;5;229m[ADB]&amp#27;[0m Starting apksigner: /Library/Java/JavaVirtualMachines/jdk-11.jdk/Contents/Home/bin/java -Xmx1024M -Xss1m -jar /users/oikhlas/Library/Android/sdk/build-tools/34.0.0/lib/apksigner.jar verify --print-certs /Users/oikhlas/eclipse-workspace/AppiumFrameworkDesign//src//test//java//resources//General-Store.apk
&amp#27;[38;5;229m[ADB]&amp#27;[0m Starting apksigner: /Library/Java/JavaVirtualMachines/jdk-11.jdk/Contents/Home/bin/java -Xmx1024M -Xss1m -jar /users/oikhlas/Library/Android/sdk/build-tools/34.0.0/lib/apksigner.jar verify --print-certs /Users/oikhlas/.appium/node_modules/appium-uiautomator2-driver/node_modules/appium-uiautomator2-server/apks/appium-uiautomator2-server-v6.0.9.apk
&amp#27;[38;5;229m[ADB]&amp#27;[0m apksigner stdout: Signer #1 certificate DN: EMAILADDRESS=android@android.com, CN=Android, OU=Android, O=Android, L=Mountain View, ST=California, C=US
&amp#27;[38;5;229m[ADB]&amp#27;[0m Signer #1 certificate SHA-256 digest: a40da80a59d170caa950cf15c18c454d47a39b26989d8b640ecd745ba71bf5dc
&amp#27;[38;5;229m[ADB]&amp#27;[0m Signer #1 certificate SHA-1 digest: 61ed377e85d386a8dfee6b864bd85b0bfaa5af81
&amp#27;[38;5;229m[ADB]&amp#27;[0m Signer #1 certificate MD5 digest: e89b158e4bcf988ebd09eb83f5378e87
&amp#27;[38;5;229m[ADB]&amp#27;[0m 
&amp#27;[38;5;229m[ADB]&amp#27;[0m sha256 hash did match for 'appium-uiautomator2-server-debug-androidTest.apk'
&amp#27;[38;5;229m[ADB]&amp#27;[0m '/Users/oikhlas/.appium/node_modules/appium-uiautomator2-driver/node_modules/appium-uiautomator2-server/apks/appium-uiautomator2-server-debug-androidTest.apk' is signed with the default certificate
&amp#27;[38;5;229m[ADB]&amp#27;[0m Getting install status for io.appium.uiautomator2.server.test
&amp#27;[38;5;229m[ADB]&amp#27;[0m Running '/users/oikhlas/Library/Android/sdk/platform-tools/adb -P 5037 -s emulator-5554 shell pm path io.appium.uiautomator2.server.test'
&amp#27;[38;5;229m[ADB]&amp#27;[0m apksigner stdout: Signer #1 certificate DN: EMAILADDRESS=android@android.com, CN=Android, OU=Android, O=Android, L=Mountain View, ST=California, C=US
&amp#27;[38;5;229m[ADB]&amp#27;[0m Signer #1 certificate SHA-256 digest: a40da80a59d170caa950cf15c18c454d47a39b26989d8b640ecd745ba71bf5dc
&amp#27;[38;5;229m[ADB]&amp#27;[0m Signer #1 certificate SHA-1 digest: 61ed377e85d386a8dfee6b864bd85b0bfaa5af81
&amp#27;[38;5;229m[ADB]&amp#27;[0m Signer #1 certificate MD5 digest: e89b158e4bcf988ebd09eb83f5378e87
&amp#27;[38;5;229m[ADB]&amp#27;[0m 
&amp#27;[38;5;229m[ADB]&amp#27;[0m sha256 hash did match for 'General-Store.apk'
&amp#27;[38;5;229m[ADB]&amp#27;[0m '/Users/oikhlas/eclipse-workspace/AppiumFrameworkDesign//src//test//java//resources//General-Store.apk' is signed with the default certificate
&amp#27;[38;5;229m[ADB]&amp#27;[0m Getting package info for 'com.androidsample.generalstore'
&amp#27;[38;5;229m[ADB]&amp#27;[0m Running '/users/oikhlas/Library/Android/sdk/platform-tools/adb -P 5037 -s emulator-5554 shell dumpsys package com.androidsample.generalstore'
&amp#27;[38;5;229m[ADB]&amp#27;[0m 'io.appium.uiautomator2.server.test' is installed
&amp#27;[38;5;229m[ADB]&amp#27;[0m The version name of the installed 'com.androidsample.generalstore' is greater or equal to the application version name ('1.0.0' >= '1.0.0')
&amp#27;[38;5;229m[ADB]&amp#27;[0m There is no need to install/upgrade '/Users/oikhlas/eclipse-workspace/AppiumFrameworkDesign//src//test//java//resources//General-Store.apk'
&amp#27;[38;5;112m[AndroidUiautomator2Driver@b341 (75895e03)]&amp#27;[0m Performing fast reset on 'com.androidsample.generalstore'
&amp#27;[38;5;229m[ADB]&amp#27;[0m Getting install status for com.androidsample.generalstore
&amp#27;[38;5;229m[ADB]&amp#27;[0m Running '/users/oikhlas/Library/Android/sdk/platform-tools/adb -P 5037 -s emulator-5554 shell pm path com.androidsample.generalstore'
&amp#27;[38;5;229m[ADB]&amp#27;[0m 'com.androidsample.generalstore' is installed
&amp#27;[38;5;229m[ADB]&amp#27;[0m Running '/users/oikhlas/Library/Android/sdk/platform-tools/adb -P 5037 -s emulator-5554 shell am force-stop com.androidsample.generalstore'
&amp#27;[38;5;229m[ADB]&amp#27;[0m apksigner stdout: Signer #1 certificate DN: EMAILADDRESS=android@android.com, CN=Android, OU=Android, O=Android, L=Mountain View, ST=California, C=US
&amp#27;[38;5;229m[ADB]&amp#27;[0m Signer #1 certificate SHA-256 digest: a40da80a59d170caa950cf15c18c454d47a39b26989d8b640ecd745ba71bf5dc
&amp#27;[38;5;229m[ADB]&amp#27;[0m Signer #1 certificate SHA-1 digest: 61ed377e85d386a8dfee6b864bd85b0bfaa5af81
&amp#27;[38;5;229m[ADB]&amp#27;[0m Signer #1 certificate MD5 digest: e89b158e4bcf988ebd09eb83f5378e87
&amp#27;[38;5;229m[ADB]&amp#27;[0m 
&amp#27;[38;5;229m[ADB]&amp#27;[0m sha256 hash did match for 'appium-uiautomator2-server-v6.0.9.apk'
&amp#27;[38;5;229m[ADB]&amp#27;[0m '/Users/oikhlas/.appium/node_modules/appium-uiautomator2-driver/node_modules/appium-uiautomator2-server/apks/appium-uiautomator2-server-v6.0.9.apk' is signed with the default certificate
&amp#27;[38;5;229m[ADB]&amp#27;[0m Getting package info for 'io.appium.uiautomator2.server'
&amp#27;[38;5;229m[ADB]&amp#27;[0m Running '/users/oikhlas/Library/Android/sdk/platform-tools/adb -P 5037 -s emulator-5554 shell dumpsys package io.appium.uiautomator2.server'
&amp#27;[38;5;229m[ADB]&amp#27;[0m Running '/users/oikhlas/Library/Android/sdk/platform-tools/adb -P 5037 -s emulator-5554 shell pm clear com.androidsample.generalstore'
&amp#27;[38;5;229m[ADB]&amp#27;[0m The version name of the installed 'io.appium.uiautomator2.server' is greater or equal to the application version name ('6.0.9' >= '6.0.9')
&amp#27;[38;5;112m[AndroidUiautomator2Driver@b341 (75895e03)]&amp#27;[0m Server packages status: [{"wasSigned":true,"installState":"sameVersionInstalled","appPath":"/Users/oikhlas/.appium/node_modules/appium-uiautomator2-driver/node_modules/appium-uiautomator2-server/apks/appium-uiautomator2-server-v6.0.9.apk","appId":"io.appium.uiautomator2.server"},{"wasSigned":true,"installState":"sameVersionInstalled","appPath":"/Users/oikhlas/.appium/node_modules/appium-uiautomator2-driver/node_modules/appium-uiautomator2-server/apks/appium-uiautomator2-server-debug-androidTest.apk","appId":"io.appium.uiautomator2.server.test"}]
&amp#27;[38;5;112m[AndroidUiautomator2Driver@b341 (75895e03)]&amp#27;[0m Server packages are not going to be (re)installed
&amp#27;[38;5;112m[AndroidUiautomator2Driver@b341 (75895e03)]&amp#27;[0m Waiting up to 30000ms for services to be available
&amp#27;[38;5;229m[ADB]&amp#27;[0m Running '/users/oikhlas/Library/Android/sdk/platform-tools/adb -P 5037 -s emulator-5554 shell pm list instrumentation'
&amp#27;[38;5;112m[AndroidUiautomator2Driver@b341 (75895e03)]&amp#27;[0m Performed fast reset on the installed 'com.androidsample.generalstore' application (stop and clear)
&amp#27;[38;5;112m[AndroidUiautomator2Driver@b341 (75895e03)]&amp#27;[0m Instrumentation target 'io.appium.uiautomator2.server.test/androidx.test.runner.AndroidJUnitRunner' is available
&amp#27;[38;5;229m[ADB]&amp#27;[0m Adding packages ["io.appium.settings","io.appium.uiautomator2.server","io.appium.uiautomator2.server.test"] to Doze whitelist
&amp#27;[38;5;229m[ADB]&amp#27;[0m Got the following command chunks to execute: [["dumpsys","deviceidle","whitelist","+io.appium.settings",";","dumpsys","deviceidle","whitelist","+io.appium.uiautomator2.server",";","dumpsys","deviceidle","whitelist","+io.appium.uiautomator2.server.test",";"]]
&amp#27;[38;5;229m[ADB]&amp#27;[0m Running '/users/oikhlas/Library/Android/sdk/platform-tools/adb -P 5037 -s emulator-5554 shell dumpsys deviceidle whitelist +io.appium.settings ; dumpsys deviceidle whitelist +io.appium.uiautomator2.server ; dumpsys deviceidle whitelist +io.appium.uiautomator2.server.test ;'
&amp#27;[38;5;112m[AndroidUiautomator2Driver@b341 (75895e03)]&amp#27;[0m Performing shallow cleanup of automation leftovers
&amp#27;[38;5;112m[AndroidUiautomator2Driver@b341 (75895e03)]&amp#27;[0m No obsolete sessions have been detected (socket hang up)
&amp#27;[38;5;229m[ADB]&amp#27;[0m Running '/users/oikhlas/Library/Android/sdk/platform-tools/adb -P 5037 -s emulator-5554 shell am force-stop io.appium.uiautomator2.server.test'
&amp#27;[38;5;112m[AndroidUiautomator2Driver@b341 (75895e03)]&amp#27;[0m Starting UIAutomator2 server 6.0.9
&amp#27;[38;5;112m[AndroidUiautomator2Driver@b341 (75895e03)]&amp#27;[0m Using UIAutomator2 server from '/Users/oikhlas/.appium/node_modules/appium-uiautomator2-driver/node_modules/appium-uiautomator2-server/apks/appium-uiautomator2-server-v6.0.9.apk' and test from '/Users/oikhlas/.appium/node_modules/appium-uiautomator2-driver/node_modules/appium-uiautomator2-server/apks/appium-uiautomator2-server-debug-androidTest.apk'
&amp#27;[38;5;112m[AndroidUiautomator2Driver@b341 (75895e03)]&amp#27;[0m Waiting up to 30000ms for UiAutomator2 to be online...
&amp#27;[38;5;229m[ADB]&amp#27;[0m Creating ADB subprocess with args: ["-P","5037","-s","emulator-5554","shell","am","instrument","-w","-e","disableAnalytics","true","io.appium.uiautomator2.server.test/androidx.test.runner.AndroidJUnitRunner"]
&amp#27;[38;5;112m[AndroidUiautomator2Driver@b341 (75895e03)]&amp#27;[0m Matched '/status' to command name 'getStatus'
&amp#27;[38;5;112m[AndroidUiautomator2Driver@b341 (75895e03)]&amp#27;[0m Proxying [GET /status] to [GET http://127.0.0.1:8200/status] with no body
&amp#27;[38;5;112m[AndroidUiautomator2Driver@b341 (75895e03)]&amp#27;[0m socket hang up
&amp#27;[38;5;112m[AndroidUiautomator2Driver@b341 (75895e03)]&amp#27;[0m Matched '/status' to command name 'getStatus'
&amp#27;[38;5;112m[AndroidUiautomator2Driver@b341 (75895e03)]&amp#27;[0m Proxying [GET /status] to [GET http://127.0.0.1:8200/status] with no body
&amp#27;[38;5;112m[AndroidUiautomator2Driver@b341 (75895e03)]&amp#27;[0m socket hang up
&amp#27;[38;5;112m[AndroidUiautomator2Driver@b341 (75895e03)]&amp#27;[0m Matched '/status' to command name 'getStatus'
&amp#27;[38;5;112m[AndroidUiautomator2Driver@b341 (75895e03)]&amp#27;[0m Proxying [GET /status] to [GET http://127.0.0.1:8200/status] with no body
&amp#27;[38;5;112m[AndroidUiautomator2Driver@b341 (75895e03)]&amp#27;[0m socket hang up
&amp#27;[38;5;112m[AndroidUiautomator2Driver@b341 (75895e03)]&amp#27;[0m Matched '/status' to command name 'getStatus'
&amp#27;[38;5;112m[AndroidUiautomator2Driver@b341 (75895e03)]&amp#27;[0m Proxying [GET /status] to [GET http://127.0.0.1:8200/status] with no body
&amp#27;[38;5;112m[AndroidUiautomator2Driver@b341 (75895e03)]&amp#27;[0m socket hang up
&amp#27;[38;5;112m[AndroidUiautomator2Driver@b341 (75895e03)]&amp#27;[0m Matched '/status' to command name 'getStatus'
&amp#27;[38;5;112m[AndroidUiautomator2Driver@b341 (75895e03)]&amp#27;[0m Proxying [GET /status] to [GET http://127.0.0.1:8200/status] with no body
&amp#27;[38;5;112m[AndroidUiautomator2Driver@b341 (75895e03)]&amp#27;[0m socket hang up
&amp#27;[38;5;74m[Instrumentation]&amp#27;[0m io.appium.uiautomator2.server.test.AppiumUiAutomator2Server:
&amp#27;[38;5;112m[AndroidUiautomator2Driver@b341 (75895e03)]&amp#27;[0m Matched '/status' to command name 'getStatus'
&amp#27;[38;5;112m[AndroidUiautomator2Driver@b341 (75895e03)]&amp#27;[0m Proxying [GET /status] to [GET http://127.0.0.1:8200/status] with no body
&amp#27;[38;5;112m[AndroidUiautomator2Driver@b341 (75895e03)]&amp#27;[0m socket hang up
&amp#27;[38;5;112m[AndroidUiautomator2Driver@b341 (75895e03)]&amp#27;[0m Matched '/status' to command name 'getStatus'
&amp#27;[38;5;112m[AndroidUiautomator2Driver@b341 (75895e03)]&amp#27;[0m Proxying [GET /status] to [GET http://127.0.0.1:8200/status] with no body
&amp#27;[38;5;112m[AndroidUiautomator2Driver@b341 (75895e03)]&amp#27;[0m socket hang up
&amp#27;[38;5;112m[AndroidUiautomator2Driver@b341 (75895e03)]&amp#27;[0m Matched '/status' to command name 'getStatus'
&amp#27;[38;5;112m[AndroidUiautomator2Driver@b341 (75895e03)]&amp#27;[0m Proxying [GET /status] to [GET http://127.0.0.1:8200/status] with no body
&amp#27;[38;5;112m[AndroidUiautomator2Driver@b341 (75895e03)]&amp#27;[0m Got response with status 200: {"sessionId":"None","value":{"message":"UiAutomator2 Server is ready to accept commands","ready":true}}
&amp#27;[38;5;112m[AndroidUiautomator2Driver@b341 (75895e03)]&amp#27;[0m The initialization of the instrumentation process took 7227ms
&amp#27;[38;5;112m[AndroidUiautomator2Driver@b341 (75895e03)]&amp#27;[0m Matched '/session' to command name 'createSession'
&amp#27;[38;5;112m[AndroidUiautomator2Driver@b341 (75895e03)]&amp#27;[0m Proxying [POST /session] to [POST http://127.0.0.1:8200/session] with body: {"capabilities":{"firstMatch":[{"platformName":"ANDROID","chromedriverExecutable":"//Users//oikhlas//Downloads//chromedriver_mac64//chromedriver","deviceName":"emulator-5554","automationName":"UIAutomator2","app":"/Users/oikhlas/eclipse-workspace/AppiumFrameworkDesign//src//test//java//resources//General-Store.apk","platform":"LINUX","webStorageEnabled":false,"takesScreenshot":true,"javascriptEnabled":true,"databaseEnabled":false,"networkConnectionEnabled":true,"locationContextEnabled":false,"warnings":{},"desired":{"platformName":"ANDROID","chromedriverExecutable":"//Users//oikhlas//Downloads//chromedriver_mac64//chromedriver","deviceName":"Osamaemulator","automationName":"UIAutomator2","app":"/Users/oikhlas/eclipse-workspace/AppiumFrameworkDesign//src//test//java//resources//General-Store.apk"},"deviceUDID":"emulator-5554","appPackage":"com.androidsample.generalstore"}],"alwaysMatch":{}}}
&amp#27;[38;5;112m[AndroidUiautomator2Driver@b341 (75895e03)]&amp#27;[0m Got response with status 200: {"sessionId":"9a29d941-f2de-44a0-9e8c-b573902f2815","value":{"capabilities":{"firstMatch":[{"platformName":"ANDROID","chromedriverExecutable":"//Users//oikhlas//Downloads//chromedriver_mac64//chromedriver","deviceName":"emulator-5554","automationName":"UIAutomator2","app":"/Users/oikhlas/eclipse-workspace/AppiumFrameworkDesign//src//test//java//resources//General-Store.apk","platform":"LINUX","webStorageEnabled":false,"takesScreenshot":true,"javascriptEnabled":true,"databaseEnabled":false,"networkConnectionEnabled":true,"locationContextEnabled":false,"warnings":{},"desired":{"platformName":"ANDROID","chromedriverExecutable":"//Users//oikhlas//Downloads//chromedriver_mac64//chromedriver","deviceName":"Osamaemulator","automationName":"UIAutomator2","app":"/Users/oikhlas/eclipse-workspace/AppiumFrameworkDesign//src//test//java//resources//General-Store.apk"},"deviceUDID":"emulator-5554","appPackage":"com.androidsample.generalstore"}],"alwaysMatch":{}},"sessionId":"9a29d941-f2de-44a0-9e8c-b573902f2815"}}
&amp#27;[38;5;112m[AndroidUiautomator2Driver@b341 (75895e03)]&amp#27;[0m Determined the downstream protocol as 'W3C'
&amp#27;[38;5;112m[AndroidUiautomator2Driver@b341 (75895e03)]&amp#27;[0m Proxying [GET /appium/device/pixel_ratio] to [GET http://127.0.0.1:8200/session/9a29d941-f2de-44a0-9e8c-b573902f2815/appium/device/pixel_ratio] with no body
&amp#27;[38;5;112m[AndroidUiautomator2Driver@b341 (75895e03)]&amp#27;[0m Matched '/appium/device/system_bars' to command name 'getSystemBars'
&amp#27;[38;5;112m[AndroidUiautomator2Driver@b341 (75895e03)]&amp#27;[0m Proxying [GET /appium/device/system_bars] to [GET http://127.0.0.1:8200/session/9a29d941-f2de-44a0-9e8c-b573902f2815/appium/device/system_bars] with no body
&amp#27;[38;5;112m[AndroidUiautomator2Driver@b341 (75895e03)]&amp#27;[0m Matched '/window/current/size' to command name 'getWindowSize'
&amp#27;[38;5;112m[AndroidUiautomator2Driver@b341 (75895e03)]&amp#27;[0m Proxying [GET /window/current/size] to [GET http://127.0.0.1:8200/session/9a29d941-f2de-44a0-9e8c-b573902f2815/window/current/size] with no body
&amp#27;[38;5;112m[AndroidUiautomator2Driver@b341 (75895e03)]&amp#27;[0m Proxying [GET /appium/device/info] to [GET http://127.0.0.1:8200/session/9a29d941-f2de-44a0-9e8c-b573902f2815/appium/device/info] with no body
&amp#27;[38;5;229m[ADB]&amp#27;[0m Running '/users/oikhlas/Library/Android/sdk/platform-tools/adb -P 5037 -s emulator-5554 shell dumpsys window'
&amp#27;[38;5;112m[AndroidUiautomator2Driver@b341 (75895e03)]&amp#27;[0m Got response with status 200: {"sessionId":"9a29d941-f2de-44a0-9e8c-b573902f2815","value":3.5}
&amp#27;[38;5;112m[AndroidUiautomator2Driver@b341 (75895e03)]&amp#27;[0m Got response with status 200: {"sessionId":"9a29d941-f2de-44a0-9e8c-b573902f2815","value":{"statusBar":98}}
&amp#27;[38;5;112m[AndroidUiautomator2Driver@b341 (75895e03)]&amp#27;[0m Got response with status 200: {"sessionId":"9a29d941-f2de-44a0-9e8c-b573902f2815","value":{"height":2880,"width":1440}}
&amp#27;[38;5;112m[AndroidUiautomator2Driver@b341 (75895e03)]&amp#27;[0m Got response with status 200: {"sessionId":"9a29d941-f2de-44a0-9e8c-b573902f2815","value":{"androidId":"01e280d6372dac63","apiVersion":"34","bluetooth":{"state":"ON"},"brand":"google","carrierName":"T-Mobile","displayDensity":560,"locale":"en_US","manufacturer":"Google","model":"sdk_gphone64_x86_64","networks":[{"capabilities":{"SSID":null,"linkDownBandwidthKbps":4300,"linkUpstreamBandwidthKbps":1800,"networkCapabilities":"NET_CAPABILITY_MMS,NET_CAPABILITY_SUPL,NET_CAPABILITY_DUN,NET_CAPABILITY_FOTA,NET_CAPABILITY_IMS,NET_CAPABILITY_CBS,NET_CAPABILITY_INTERNET,NET_CAPABILITY_NOT_RESTRICTED,NET_CAPABILITY_TRUSTED,NET_CAPABILITY_NOT_VPN,NET_CAPABILITY_VALIDATED,NET_CAPABILITY_NOT_ROAMING,NET_CAPABILITY_NOT_CONGESTED,NET_CAPABILITY_NOT_SUSPENDED","signalStrength":-2147483648,"transportTypes":"TRANSPORT_CELLULAR"},"detailedState":"CONNECTED","extraInfo":"epc.tmobile.com","isAvailable":true,"isConnected":true,"isFailover":false,"isRoaming":false,"state":"CONNECTED","subtype":10,"subtypeName":"HSPA","type":0,"typeName":"MOBILE"},{"capabiliti...
&amp#27;[38;5;112m[AndroidUiautomator2Driver@b341 (75895e03)]&amp#27;[0m Screen already unlocked, doing nothing
&amp#27;[38;5;112m[AndroidUiautomator2Driver@b341 (75895e03)]&amp#27;[0m Starting 'com.androidsample.generalstore/com.androidsample.generalstore.SplashActivity and waiting for 'com.androidsample.generalstore/com.androidsample.generalstore.SplashActivity'
&amp#27;[38;5;229m[ADB]&amp#27;[0m Running '/users/oikhlas/Library/Android/sdk/platform-tools/adb -P 5037 -s emulator-5554 shell am start -W -n com.androidsample.generalstore/com.androidsample.generalstore.SplashActivity -S -a android.intent.action.MAIN -c android.intent.category.LAUNCHER -f 0x10200000'
&amp#27;[38;5;229m[ADB]&amp#27;[0m Waiting up to 20000ms for activity matching pkg: 'com.androidsample.generalstore' and activity: 'com.androidsample.generalstore.SplashActivity' to be focused
&amp#27;[38;5;229m[ADB]&amp#27;[0m Possible activities, to be checked: 'com.androidsample.generalstore.SplashActivity', 'com.androidsample.generalstore.com.androidsample.generalstore.SplashActivity'
&amp#27;[38;5;229m[ADB]&amp#27;[0m Getting focused package and activity
&amp#27;[38;5;229m[ADB]&amp#27;[0m Running '/users/oikhlas/Library/Android/sdk/platform-tools/adb -P 5037 -s emulator-5554 shell dumpsys window displays'
&amp#27;[38;5;229m[ADB]&amp#27;[0m Found package: 'com.androidsample.generalstore' and fully qualified activity name : 'com.androidsample.generalstore.SplashActivity'
&amp#27;[38;5;39m[AppiumDriver@d830]&amp#27;[0m New AndroidUiautomator2Driver session created successfully, session 75895e03-7749-47e3-bc13-bf90a3ed7962 added to master session list
&amp#27;[38;5;39m[AppiumDriver@d830]&amp#27;[0m Event 'newSessionStarted' logged at 1730128669492 (20:17:49 GMT+0500 (Pakistan Standard Time))
&amp#27;[38;5;112m[AndroidUiautomator2Driver@b341 (75895e03)]&amp#27;[0m Cached the protocol value 'W3C' for the new session 75895e03-7749-47e3-bc13-bf90a3ed7962
&amp#27;[38;5;112m[AndroidUiautomator2Driver@b341 (75895e03)]&amp#27;[0m Responding to client with driver.createSession() result: {"capabilities":{"platformName":"ANDROID","chromedriverExecutable":"//Users//oikhlas//Downloads//chromedriver_mac64//chromedriver","deviceName":"emulator-5554","automationName":"UIAutomator2","app":"/Users/oikhlas/eclipse-workspace/AppiumFrameworkDesign//src//test//java//resources//General-Store.apk","platform":"LINUX","webStorageEnabled":false,"takesScreenshot":true,"javascriptEnabled":true,"databaseEnabled":false,"networkConnectionEnabled":true,"locationContextEnabled":false,"warnings":{},"desired":{"platformName":"ANDROID","chromedriverExecutable":"//Users//oikhlas//Downloads//chromedriver_mac64//chromedriver","deviceName":"Osamaemulator","automationName":"UIAutomator2","app":"/Users/oikhlas/eclipse-workspace/AppiumFrameworkDesign//src//test//java//resources//General-Store.apk"},"deviceUDID":"emulator-5554","appPackage":"com.androidsample.generalstore","pixelRatio":"3.5","statBarHeight":98,"viewportRect":{"left":0,"top":98,"width":1440,"height":2782},"deviceApiLevel":34,"platformVersion":"14","deviceMan...
&amp#27;[38;5;86m[HTTP]&amp#27;[0m <-- POST /session 200 15509 ms - 1196 
&amp#27;[38;5;66m[75895e03]&amp#27;[0m&amp#27;[38;5;86m[HTTP]&amp#27;[0m &amp#27;[37m-->&amp#27;[39m &amp#27;[37mPOST&amp#27;[39m &amp#27;[37m/session/75895e03-7749-47e3-bc13-bf90a3ed7962/timeouts&amp#27;[39m {"implicit":20000}
&amp#27;[38;5;66m[75895e03]&amp#27;[0m&amp#27;[38;5;112m[AndroidUiautomator2Driver@b341 (75895e03)]&amp#27;[0m Calling AppiumDriver.timeouts() with args: [null,null,null,null,20000,"75895e03-7749-47e3-bc13-bf90a3ed7962"]
&amp#27;[38;5;66m[75895e03]&amp#27;[0m&amp#27;[38;5;112m[AndroidUiautomator2Driver@b341 (75895e03)]&amp#27;[0m W3C timeout argument: {"implicit":20000}}
&amp#27;[38;5;66m[75895e03]&amp#27;[0m&amp#27;[38;5;112m[AndroidUiautomator2Driver@b341 (75895e03)]&amp#27;[0m Set implicit wait to 20000ms
&amp#27;[38;5;66m[75895e03]&amp#27;[0m&amp#27;[38;5;112m[AndroidUiautomator2Driver@b341 (75895e03)]&amp#27;[0m Responding to client with driver.timeouts() result: null
&amp#27;[38;5;66m[75895e03]&amp#27;[0m&amp#27;[38;5;86m[HTTP]&amp#27;[0m <-- POST /session/75895e03-7749-47e3-bc13-bf90a3ed7962/timeouts 200 6 ms - 14 
&amp#27;[38;5;66m[75895e03]&amp#27;[0m&amp#27;[38;5;86m[HTTP]&amp#27;[0m &amp#27;[37m-->&amp#27;[39m &amp#27;[37mPOST&amp#27;[39m &amp#27;[37m/session/75895e03-7749-47e3-bc13-bf90a3ed7962/execute/sync&amp#27;[39m {"script":"return (function(arg){\nvar s=function(){\"use strict\";function t(t){return t&&t.__esModule&&Object.prototype.hasOwnProperty.call(t,\"default\")?t.default:t}var e=function(t){var e=(void 0===t?[]:t)[0],n=\"\",r=e.ownerDocument;if(!r)return n;for(var o=e;o!==r;){var a=Array.prototype.filter.call(o.parentNode.childNodes,(function(t){return t.tagName===o.tagName})).indexOf(o);n=\"/\"+o.tagName+\"[\"+(a+1)+\"]\"+n,o=o.parentNode}return n};return t((function(){var t,n,r;try{t=window.top.document===window.document||\"root-context\"===window.parent.document[\"applitools-marker\"]}catch(e){t=!1}try{n=!window.parent.document===window.document}catch(t){n=!0}if(!n)try{r=e([window.frameElement])}catch(t){r=null}return[document.documentElement,r,t,n]}))}();\nreturn s(arg)\n}).apply(null, arguments)","args":[null]}
&amp#27;[38;5;66m[75895e03]&amp#27;[0m&amp#27;[38;5;112m[AndroidUiautomator2Driver@b341 (75895e03)]&amp#27;[0m Calling AppiumDriver.execute() with args: ["return (function(arg){\nvar s=function(){\"use strict\";function t(t){return t&&t.__esModule&&Object.prototype.hasOwnProperty.call(t,\"default\")?t.default:t}var e=function(t){var e=(void 0===t?[]:t)[0],n=\"\",r=e.ownerDocument;if(!r)return n;for(var o=e;o!==r;){var a=Array.prototype.filter.call(o.parentNode.childNodes,(function(t){return t.tagName===o.tagName})).indexOf(o);n=\"/\"+o.tagName+\"[\"+(a+1)+\"]\"+n,o=o.parentNode}return n};return t((function(){var t,n,r;try{t=window.top.document===window.document||\"root-context\"===window.parent.document[\"applitools-marker\"]}catch(e){t=!1}try{n=!window.parent.document===window.document}catch(t){n=!0}if(!n)try{r=e([window.frameElement])}catch(t){r=null}return[document.documentElement,r,t,n]}))}();\nreturn s(arg)\n}).apply(null, arguments)",[null],"75895e03-7749-47e3-bc13-bf90a3ed7962"]
&amp#27;[38;5;66m[75895e03]&amp#27;[0m&amp#27;[38;5;112m[AndroidUiautomator2Driver@b341 (75895e03)]&amp#27;[0m Encountered internal error running command: UnknownCommandError: Unknown mobile command "return (function(arg){
&amp#27;[38;5;66m[75895e03]&amp#27;[0m&amp#27;[38;5;112m[AndroidUiautomator2Driver@b341 (75895e03)]&amp#27;[0m var s=function(){"use strict";function t(t){return t&&t.__esModule&&Object.prototype.hasOwnProperty.call(t,"default")?t.default:t}var e=function(t){var e=(void 0===t?[]:t)[0],n="",r=e.ownerDocument;if(!r)return n;for(var o=e;o!==r;){var a=Array.prototype.filter.call(o.parentNode.childNodes,(function(t){return t.tagName===o.tagName})).indexOf(o);n="/"+o.tagName+"["+(a+1)+"]"+n,o=o.parentNode}return n};return t((function(){var t,n,r;try{t=window.top.document===window.document||"root-context"===window.parent.document["applitools-marker"]}catch(e){t=!1}try{n=!window.parent.document===window.document}catch(t){n=!0}if(!n)try{r=e([window.frameElement])}catch(t){r=null}return[document.documentElement,r,t,n]}))}();
&amp#27;[38;5;66m[75895e03]&amp#27;[0m&amp#27;[38;5;112m[AndroidUiautomator2Driver@b341 (75895e03)]&amp#27;[0m return s(arg)
&amp#27;[38;5;66m[75895e03]&amp#27;[0m&amp#27;[38;5;112m[AndroidUiautomator2Driver@b341 (75895e03)]&amp#27;[0m }).apply(null, arguments)". Only shell, execEmuConsoleCommand, dragGesture, flingGesture, doubleClickGesture, clickGesture, longClickGesture, pinchCloseGesture, pinchOpenGesture, swipeGesture, scrollGesture, scrollBackTo, scroll, viewportScreenshot, viewportRect, deepLink, startLogsBroadcast, stopLogsBroadcast, deviceidle, acceptAlert, dismissAlert, batteryInfo, deviceInfo, getDeviceTime, changePermissions, getPermissions, performEditorAction, startScreenStreaming, stopScreenStreaming, getNotifications, openNotifications, listSms, type, replaceElementValue, pushFile, pullFile, pullFolder, deleteFile, isAppInstalled, queryAppState, activateApp, removeApp, terminateApp, installApp, clearApp, backgroundApp, getCurrentActivity, getCurrentPackage, startActivity, startService, stopService, broadcast, getContexts, getAppStrings, installMultipleApks, lock, unlock, isLocked, refreshGpsCache, startMediaProjectionRecording, isMediaProjectionRecordingRunning, stopMediaProjectionRecording, getConnectivity, setConnectivity, toggleGps, isGpsEnabled, hideKeyboard, isKeyboardShown, pressKey, getDisplayDensity, getSystemBars, fingerprint, sendSms, gsmCall, gsmSignal, gsmVoice, powerAc, powerCapacity, networkSpeed, sensorSet, getPerformanceData, getPerformanceDataTypes, statusBar, screenshots, scheduleAction, getActionHistory, unscheduleAction, getUiMode, setUiMode, sendTrimMemory commands are supported.
&amp#27;[38;5;66m[75895e03]&amp#27;[0m&amp#27;[38;5;112m[AndroidUiautomator2Driver@b341 (75895e03)]&amp#27;[0m     at AndroidUiautomator2Driver.executeMobile (/Users/oikhlas/.appium/node_modules/appium-uiautomator2-driver/lib/commands/execute.js:56:11)
&amp#27;[38;5;66m[75895e03]&amp#27;[0m&amp#27;[38;5;112m[AndroidUiautomator2Driver@b341 (75895e03)]&amp#27;[0m     at AndroidUiautomator2Driver.execute (/Users/oikhlas/.appium/node_modules/appium-uiautomator2-driver/lib/commands/execute.js:27:23)
&amp#27;[38;5;66m[75895e03]&amp#27;[0m&amp#27;[38;5;112m[AndroidUiautomator2Driver@b341 (75895e03)]&amp#27;[0m     at commandExecutor (/Users/oikhlas/node_modules/@appium/base-driver/lib/basedriver/driver.ts:107:18)
&amp#27;[38;5;66m[75895e03]&amp#27;[0m&amp#27;[38;5;112m[AndroidUiautomator2Driver@b341 (75895e03)]&amp#27;[0m     at /Users/oikhlas/node_modules/async-lock/lib/index.js:171:12
&amp#27;[38;5;66m[75895e03]&amp#27;[0m&amp#27;[38;5;112m[AndroidUiautomator2Driver@b341 (75895e03)]&amp#27;[0m     at AsyncLock._promiseTry (/Users/oikhlas/node_modules/async-lock/lib/index.js:304:31)
&amp#27;[38;5;66m[75895e03]&amp#27;[0m&amp#27;[38;5;112m[AndroidUiautomator2Driver@b341 (75895e03)]&amp#27;[0m     at exec (/Users/oikhlas/node_modules/async-lock/lib/index.js:170:9)
&amp#27;[38;5;66m[75895e03]&amp#27;[0m&amp#27;[38;5;112m[AndroidUiautomator2Driver@b341 (75895e03)]&amp#27;[0m     at AsyncLock.acquire (/Users/oikhlas/node_modules/async-lock/lib/index.js:187:3)
&amp#27;[38;5;66m[75895e03]&amp#27;[0m&amp#27;[38;5;112m[AndroidUiautomator2Driver@b341 (75895e03)]&amp#27;[0m     at AndroidUiautomator2Driver.executeCommand (/Users/oikhlas/node_modules/@appium/base-driver/lib/basedriver/driver.ts:123:39)
&amp#27;[38;5;66m[75895e03]&amp#27;[0m&amp#27;[38;5;112m[AndroidUiautomator2Driver@b341 (75895e03)]&amp#27;[0m     at processTicksAndRejections (node:internal/process/task_queues:95:5)
&amp#27;[38;5;66m[75895e03]&amp#27;[0m&amp#27;[38;5;112m[AndroidUiautomator2Driver@b341 (75895e03)]&amp#27;[0m     at defaultBehavior (/Users/oikhlas/.nvm/versions/node/v18.16.1/lib/node_modules/appium/lib/appium.js:1135:14)
&amp#27;[38;5;66m[75895e03]&amp#27;[0m&amp#27;[38;5;112m[AndroidUiautomator2Driver@b341 (75895e03)]&amp#27;[0m     at AppiumDriver.executeWrappedCommand (/Users/oikhlas/.nvm/versions/node/v18.16.1/lib/node_modules/appium/lib/appium.js:1241:16)
&amp#27;[38;5;66m[75895e03]&amp#27;[0m&amp#27;[38;5;112m[AndroidUiautomator2Driver@b341 (75895e03)]&amp#27;[0m     at AppiumDriver.executeCommand (/Users/oikhlas/.nvm/versions/node/v18.16.1/lib/node_modules/appium/lib/appium.js:1147:17)
&amp#27;[38;5;66m[75895e03]&amp#27;[0m&amp#27;[38;5;112m[AndroidUiautomator2Driver@b341 (75895e03)]&amp#27;[0m     at asyncHandler (/Users/oikhlas/.nvm/versions/node/v18.16.1/lib/node_modules/appium/node_modules/@appium/base-driver/lib/protocol/protocol.js:387:19)
&amp#27;[38;5;66m[75895e03]&amp#27;[0m&amp#27;[38;5;86m[HTTP]&amp#27;[0m <-- POST /session/75895e03-7749-47e3-bc13-bf90a3ed7962/execute/sync 404 49 ms - 5939 
&amp#27;[38;5;66m[75895e03]&amp#27;[0m&amp#27;[38;5;86m[HTTP]&amp#27;[0m &amp#27;[37m-->&amp#27;[39m &amp#27;[37mGET&amp#27;[39m &amp#27;[37m/session/75895e03-7749-47e3-bc13-bf90a3ed7962/context&amp#27;[39m {}
&amp#27;[38;5;66m[75895e03]&amp#27;[0m&amp#27;[38;5;112m[AndroidUiautomator2Driver@b341 (75895e03)]&amp#27;[0m Calling AppiumDriver.getCurrentContext() with args: ["75895e03-7749-47e3-bc13-bf90a3ed7962"]
&amp#27;[38;5;66m[75895e03]&amp#27;[0m&amp#27;[38;5;112m[AndroidUiautomator2Driver@b341 (75895e03)]&amp#27;[0m Responding to client with driver.getCurrentContext() result: "NATIVE_APP"
&amp#27;[38;5;66m[75895e03]&amp#27;[0m&amp#27;[38;5;86m[HTTP]&amp#27;[0m <-- GET /session/75895e03-7749-47e3-bc13-bf90a3ed7962/context 200 5 ms - 22 
&amp#27;[38;5;66m[75895e03]&amp#27;[0m&amp#27;[38;5;86m[HTTP]&amp#27;[0m &amp#27;[37m-->&amp#27;[39m &amp#27;[37mPOST&amp#27;[39m &amp#27;[37m/session/75895e03-7749-47e3-bc13-bf90a3ed7962/execute/sync&amp#27;[39m {"script":"return (function(arg){\nvar s=function(){\"use strict\";function t(t){return t&&t.__esModule&&Object.prototype.hasOwnProperty.call(t,\"default\")?t.default:t}var e=function(t){var e=(void 0===t?[]:t)[0],n=\"\",r=e.ownerDocument;if(!r)return n;for(var o=e;o!==r;){var a=Array.prototype.filter.call(o.parentNode.childNodes,(function(t){return t.tagName===o.tagName})).indexOf(o);n=\"/\"+o.tagName+\"[\"+(a+1)+\"]\"+n,o=o.parentNode}return n};return t((function(){var t,n,r;try{t=window.top.document===window.document||\"root-context\"===window.parent.document[\"applitools-marker\"]}catch(e){t=!1}try{n=!window.parent.document===window.document}catch(t){n=!0}if(!n)try{r=e([window.frameElement])}catch(t){r=null}return[document.documentElement,r,t,n]}))}();\nreturn s(arg)\n}).apply(null, arguments)","args":[null]}
&amp#27;[38;5;66m[75895e03]&amp#27;[0m&amp#27;[38;5;112m[AndroidUiautomator2Driver@b341 (75895e03)]&amp#27;[0m Calling AppiumDriver.execute() with args: ["return (function(arg){\nvar s=function(){\"use strict\";function t(t){return t&&t.__esModule&&Object.prototype.hasOwnProperty.call(t,\"default\")?t.default:t}var e=function(t){var e=(void 0===t?[]:t)[0],n=\"\",r=e.ownerDocument;if(!r)return n;for(var o=e;o!==r;){var a=Array.prototype.filter.call(o.parentNode.childNodes,(function(t){return t.tagName===o.tagName})).indexOf(o);n=\"/\"+o.tagName+\"[\"+(a+1)+\"]\"+n,o=o.parentNode}return n};return t((function(){var t,n,r;try{t=window.top.document===window.document||\"root-context\"===window.parent.document[\"applitools-marker\"]}catch(e){t=!1}try{n=!window.parent.document===window.document}catch(t){n=!0}if(!n)try{r=e([window.frameElement])}catch(t){r=null}return[document.documentElement,r,t,n]}))}();\nreturn s(arg)\n}).apply(null, arguments)",[null],"75895e03-7749-47e3-bc13-bf90a3ed7962"]
&amp#27;[38;5;66m[75895e03]&amp#27;[0m&amp#27;[38;5;112m[AndroidUiautomator2Driver@b341 (75895e03)]&amp#27;[0m Encountered internal error running command: UnknownCommandError: Unknown mobile command "return (function(arg){
&amp#27;[38;5;66m[75895e03]&amp#27;[0m&amp#27;[38;5;112m[AndroidUiautomator2Driver@b341 (75895e03)]&amp#27;[0m var s=function(){"use strict";function t(t){return t&&t.__esModule&&Object.prototype.hasOwnProperty.call(t,"default")?t.default:t}var e=function(t){var e=(void 0===t?[]:t)[0],n="",r=e.ownerDocument;if(!r)return n;for(var o=e;o!==r;){var a=Array.prototype.filter.call(o.parentNode.childNodes,(function(t){return t.tagName===o.tagName})).indexOf(o);n="/"+o.tagName+"["+(a+1)+"]"+n,o=o.parentNode}return n};return t((function(){var t,n,r;try{t=window.top.document===window.document||"root-context"===window.parent.document["applitools-marker"]}catch(e){t=!1}try{n=!window.parent.document===window.document}catch(t){n=!0}if(!n)try{r=e([window.frameElement])}catch(t){r=null}return[document.documentElement,r,t,n]}))}();
&amp#27;[38;5;66m[75895e03]&amp#27;[0m&amp#27;[38;5;112m[AndroidUiautomator2Driver@b341 (75895e03)]&amp#27;[0m return s(arg)
&amp#27;[38;5;66m[75895e03]&amp#27;[0m&amp#27;[38;5;112m[AndroidUiautomator2Driver@b341 (75895e03)]&amp#27;[0m }).apply(null, arguments)". Only shell, execEmuConsoleCommand, dragGesture, flingGesture, doubleClickGesture, clickGesture, longClickGesture, pinchCloseGesture, pinchOpenGesture, swipeGesture, scrollGesture, scrollBackTo, scroll, viewportScreenshot, viewportRect, deepLink, startLogsBroadcast, stopLogsBroadcast, deviceidle, acceptAlert, dismissAlert, batteryInfo, deviceInfo, getDeviceTime, changePermissions, getPermissions, performEditorAction, startScreenStreaming, stopScreenStreaming, getNotifications, openNotifications, listSms, type, replaceElementValue, pushFile, pullFile, pullFolder, deleteFile, isAppInstalled, queryAppState, activateApp, removeApp, terminateApp, installApp, clearApp, backgroundApp, getCurrentActivity, getCurrentPackage, startActivity, startService, stopService, broadcast, getContexts, getAppStrings, installMultipleApks, lock, unlock, isLocked, refreshGpsCache, startMediaProjectionRecording, isMediaProjectionRecordingRunning, stopMediaProjectionRecording, getConnectivity, setConnectivity, toggleGps, isGpsEnabled, hideKeyboard, isKeyboardShown, pressKey, getDisplayDensity, getSystemBars, fingerprint, sendSms, gsmCall, gsmSignal, gsmVoice, powerAc, powerCapacity, networkSpeed, sensorSet, getPerformanceData, getPerformanceDataTypes, statusBar, screenshots, scheduleAction, getActionHistory, unscheduleAction, getUiMode, setUiMode, sendTrimMemory commands are supported.
&amp#27;[38;5;66m[75895e03]&amp#27;[0m&amp#27;[38;5;112m[AndroidUiautomator2Driver@b341 (75895e03)]&amp#27;[0m     at AndroidUiautomator2Driver.executeMobile (/Users/oikhlas/.appium/node_modules/appium-uiautomator2-driver/lib/commands/execute.js:56:11)
&amp#27;[38;5;66m[75895e03]&amp#27;[0m&amp#27;[38;5;112m[AndroidUiautomator2Driver@b341 (75895e03)]&amp#27;[0m     at AndroidUiautomator2Driver.execute (/Users/oikhlas/.appium/node_modules/appium-uiautomator2-driver/lib/commands/execute.js:27:23)
&amp#27;[38;5;66m[75895e03]&amp#27;[0m&amp#27;[38;5;112m[AndroidUiautomator2Driver@b341 (75895e03)]&amp#27;[0m     at commandExecutor (/Users/oikhlas/node_modules/@appium/base-driver/lib/basedriver/driver.ts:107:18)
&amp#27;[38;5;66m[75895e03]&amp#27;[0m&amp#27;[38;5;112m[AndroidUiautomator2Driver@b341 (75895e03)]&amp#27;[0m     at /Users/oikhlas/node_modules/async-lock/lib/index.js:171:12
&amp#27;[38;5;66m[75895e03]&amp#27;[0m&amp#27;[38;5;112m[AndroidUiautomator2Driver@b341 (75895e03)]&amp#27;[0m     at AsyncLock._promiseTry (/Users/oikhlas/node_modules/async-lock/lib/index.js:304:31)
&amp#27;[38;5;66m[75895e03]&amp#27;[0m&amp#27;[38;5;112m[AndroidUiautomator2Driver@b341 (75895e03)]&amp#27;[0m     at exec (/Users/oikhlas/node_modules/async-lock/lib/index.js:170:9)
&amp#27;[38;5;66m[75895e03]&amp#27;[0m&amp#27;[38;5;112m[AndroidUiautomator2Driver@b341 (75895e03)]&amp#27;[0m     at AsyncLock.acquire (/Users/oikhlas/node_modules/async-lock/lib/index.js:187:3)
&amp#27;[38;5;66m[75895e03]&amp#27;[0m&amp#27;[38;5;112m[AndroidUiautomator2Driver@b341 (75895e03)]&amp#27;[0m     at AndroidUiautomator2Driver.executeCommand (/Users/oikhlas/node_modules/@appium/base-driver/lib/basedriver/driver.ts:123:39)
&amp#27;[38;5;66m[75895e03]&amp#27;[0m&amp#27;[38;5;112m[AndroidUiautomator2Driver@b341 (75895e03)]&amp#27;[0m     at processTicksAndRejections (node:internal/process/task_queues:95:5)
&amp#27;[38;5;66m[75895e03]&amp#27;[0m&amp#27;[38;5;112m[AndroidUiautomator2Driver@b341 (75895e03)]&amp#27;[0m     at defaultBehavior (/Users/oikhlas/.nvm/versions/node/v18.16.1/lib/node_modules/appium/lib/appium.js:1135:14)
&amp#27;[38;5;66m[75895e03]&amp#27;[0m&amp#27;[38;5;112m[AndroidUiautomator2Driver@b341 (75895e03)]&amp#27;[0m     at AppiumDriver.executeWrappedCommand (/Users/oikhlas/.nvm/versions/node/v18.16.1/lib/node_modules/appium/lib/appium.js:1241:16)
&amp#27;[38;5;66m[75895e03]&amp#27;[0m&amp#27;[38;5;112m[AndroidUiautomator2Driver@b341 (75895e03)]&amp#27;[0m     at AppiumDriver.executeCommand (/Users/oikhlas/.nvm/versions/node/v18.16.1/lib/node_modules/appium/lib/appium.js:1147:17)
&amp#27;[38;5;66m[75895e03]&amp#27;[0m&amp#27;[38;5;112m[AndroidUiautomator2Driver@b341 (75895e03)]&amp#27;[0m     at asyncHandler (/Users/oikhlas/.nvm/versions/node/v18.16.1/lib/node_modules/appium/node_modules/@appium/base-driver/lib/protocol/protocol.js:387:19)
&amp#27;[38;5;66m[75895e03]&amp#27;[0m&amp#27;[38;5;86m[HTTP]&amp#27;[0m <-- POST /session/75895e03-7749-47e3-bc13-bf90a3ed7962/execute/sync 404 6 ms - 5939 
&amp#27;[38;5;66m[75895e03]&amp#27;[0m&amp#27;[38;5;86m[HTTP]&amp#27;[0m &amp#27;[37m-->&amp#27;[39m &amp#27;[37mPOST&amp#27;[39m &amp#27;[37m/session/75895e03-7749-47e3-bc13-bf90a3ed7962/execute/sync&amp#27;[39m {"script":"mobile:shell","args":[{"command":"dumpsys window | grep 'mCurrentRotation' | cut -d = -f2"}]}
&amp#27;[38;5;66m[75895e03]&amp#27;[0m&amp#27;[38;5;112m[AndroidUiautomator2Driver@b341 (75895e03)]&amp#27;[0m Calling AppiumDriver.execute() with args: ["mobile:shell",[{"command":"dumpsys window | grep 'mCurrentRotation' | cut -d = -f2"}],"75895e03-7749-47e3-bc13-bf90a3ed7962"]
&amp#27;[38;5;66m[75895e03]&amp#27;[0m&amp#27;[38;5;112m[AndroidUiautomator2Driver@b341 (75895e03)]&amp#27;[0m Executing method 'mobile: shell'
&amp#27;[38;5;66m[75895e03]&amp#27;[0m&amp#27;[38;5;112m[AndroidUiautomator2Driver@b341 (75895e03)]&amp#27;[0m Encountered internal error running command: Error: Potentially insecure feature 'adb_shell' has not been enabled. If you want to enable this feature and accept the security ramifications, please do so by following the documented instructions at https://github.com/appium/appium/blob/master/docs/en/writing-running-appium/security.md
&amp#27;[38;5;66m[75895e03]&amp#27;[0m&amp#27;[38;5;112m[AndroidUiautomator2Driver@b341 (75895e03)]&amp#27;[0m     at AndroidUiautomator2Driver.assertFeatureEnabled (/Users/oikhlas/node_modules/@appium/base-driver/lib/basedriver/core.ts:292:13)
&amp#27;[38;5;66m[75895e03]&amp#27;[0m&amp#27;[38;5;112m[AndroidUiautomator2Driver@b341 (75895e03)]&amp#27;[0m     at AndroidUiautomator2Driver.ensureFeatureEnabled (/Users/oikhlas/node_modules/@appium/base-driver/lib/basedriver/core.ts:281:10)
&amp#27;[38;5;66m[75895e03]&amp#27;[0m&amp#27;[38;5;112m[AndroidUiautomator2Driver@b341 (75895e03)]&amp#27;[0m     at AndroidUiautomator2Driver.mobileShell (/Users/oikhlas/.appium/node_modules/appium-uiautomator2-driver/node_modules/appium-android-driver/lib/commands/shell.js:13:8)
&amp#27;[38;5;66m[75895e03]&amp#27;[0m&amp#27;[38;5;112m[AndroidUiautomator2Driver@b341 (75895e03)]&amp#27;[0m     at AndroidUiautomator2Driver.executeMobile (/Users/oikhlas/.appium/node_modules/appium-uiautomator2-driver/lib/commands/execute.js:66:82)
&amp#27;[38;5;66m[75895e03]&amp#27;[0m&amp#27;[38;5;112m[AndroidUiautomator2Driver@b341 (75895e03)]&amp#27;[0m     at AndroidUiautomator2Driver.execute (/Users/oikhlas/.appium/node_modules/appium-uiautomator2-driver/lib/commands/execute.js:24:25)
&amp#27;[38;5;66m[75895e03]&amp#27;[0m&amp#27;[38;5;112m[AndroidUiautomator2Driver@b341 (75895e03)]&amp#27;[0m     at commandExecutor (/Users/oikhlas/node_modules/@appium/base-driver/lib/basedriver/driver.ts:107:18)
&amp#27;[38;5;66m[75895e03]&amp#27;[0m&amp#27;[38;5;112m[AndroidUiautomator2Driver@b341 (75895e03)]&amp#27;[0m     at /Users/oikhlas/node_modules/async-lock/lib/index.js:171:12
&amp#27;[38;5;66m[75895e03]&amp#27;[0m&amp#27;[38;5;112m[AndroidUiautomator2Driver@b341 (75895e03)]&amp#27;[0m     at AsyncLock._promiseTry (/Users/oikhlas/node_modules/async-lock/lib/index.js:304:31)
&amp#27;[38;5;66m[75895e03]&amp#27;[0m&amp#27;[38;5;112m[AndroidUiautomator2Driver@b341 (75895e03)]&amp#27;[0m     at exec (/Users/oikhlas/node_modules/async-lock/lib/index.js:170:9)
&amp#27;[38;5;66m[75895e03]&amp#27;[0m&amp#27;[38;5;112m[AndroidUiautomator2Driver@b341 (75895e03)]&amp#27;[0m     at AsyncLock.acquire (/Users/oikhlas/node_modules/async-lock/lib/index.js:187:3)
&amp#27;[38;5;66m[75895e03]&amp#27;[0m&amp#27;[38;5;112m[AndroidUiautomator2Driver@b341 (75895e03)]&amp#27;[0m     at AndroidUiautomator2Driver.executeCommand (/Users/oikhlas/node_modules/@appium/base-driver/lib/basedriver/driver.ts:123:39)
&amp#27;[38;5;66m[75895e03]&amp#27;[0m&amp#27;[38;5;112m[AndroidUiautomator2Driver@b341 (75895e03)]&amp#27;[0m     at processTicksAndRejections (node:internal/process/task_queues:95:5)
&amp#27;[38;5;66m[75895e03]&amp#27;[0m&amp#27;[38;5;112m[AndroidUiautomator2Driver@b341 (75895e03)]&amp#27;[0m     at defaultBehavior (/Users/oikhlas/.nvm/versions/node/v18.16.1/lib/node_modules/appium/lib/appium.js:1135:14)
&amp#27;[38;5;66m[75895e03]&amp#27;[0m&amp#27;[38;5;112m[AndroidUiautomator2Driver@b341 (75895e03)]&amp#27;[0m     at AppiumDriver.executeWrappedCommand (/Users/oikhlas/.nvm/versions/node/v18.16.1/lib/node_modules/appium/lib/appium.js:1241:16)
&amp#27;[38;5;66m[75895e03]&amp#27;[0m&amp#27;[38;5;112m[AndroidUiautomator2Driver@b341 (75895e03)]&amp#27;[0m     at AppiumDriver.executeCommand (/Users/oikhlas/.nvm/versions/node/v18.16.1/lib/node_modules/appium/lib/appium.js:1147:17)
&amp#27;[38;5;66m[75895e03]&amp#27;[0m&amp#27;[38;5;112m[AndroidUiautomator2Driver@b341 (75895e03)]&amp#27;[0m     at asyncHandler (/Users/oikhlas/.nvm/versions/node/v18.16.1/lib/node_modules/appium/node_modules/@appium/base-driver/lib/protocol/protocol.js:387:19)
&amp#27;[38;5;66m[75895e03]&amp#27;[0m&amp#27;[38;5;86m[HTTP]&amp#27;[0m <-- POST /session/75895e03-7749-47e3-bc13-bf90a3ed7962/execute/sync 500 18 ms - 1126 
&amp#27;[38;5;66m[75895e03]&amp#27;[0m&amp#27;[38;5;86m[HTTP]&amp#27;[0m &amp#27;[37m-->&amp#27;[39m &amp#27;[37mGET&amp#27;[39m &amp#27;[37m/session/75895e03-7749-47e3-bc13-bf90a3ed7962/orientation&amp#27;[39m {}
&amp#27;[38;5;66m[75895e03]&amp#27;[0m&amp#27;[38;5;112m[AndroidUiautomator2Driver@b341 (75895e03)]&amp#27;[0m Driver proxy active, passing request on via HTTP proxy
&amp#27;[38;5;66m[75895e03]&amp#27;[0m&amp#27;[38;5;112m[AndroidUiautomator2Driver@b341 (75895e03)]&amp#27;[0m Matched '/session/75895e03-7749-47e3-bc13-bf90a3ed7962/orientation' to command name 'getOrientation'
&amp#27;[38;5;66m[75895e03]&amp#27;[0m&amp#27;[38;5;112m[AndroidUiautomator2Driver@b341 (75895e03)]&amp#27;[0m Proxying [GET /session/75895e03-7749-47e3-bc13-bf90a3ed7962/orientation] to [GET http://127.0.0.1:8200/session/9a29d941-f2de-44a0-9e8c-b573902f2815/orientation] with no body
&amp#27;[38;5;66m[75895e03]&amp#27;[0m&amp#27;[38;5;112m[AndroidUiautomator2Driver@b341 (75895e03)]&amp#27;[0m Got response with status 200: {"sessionId":"9a29d941-f2de-44a0-9e8c-b573902f2815","value":"PORTRAIT"}
&amp#27;[38;5;66m[75895e03]&amp#27;[0m&amp#27;[38;5;112m[AndroidUiautomator2Driver@b341 (75895e03)]&amp#27;[0m Replacing sessionId 9a29d941-f2de-44a0-9e8c-b573902f2815 with 75895e03-7749-47e3-bc13-bf90a3ed7962
&amp#27;[38;5;66m[75895e03]&amp#27;[0m&amp#27;[38;5;86m[HTTP]&amp#27;[0m <-- GET /session/75895e03-7749-47e3-bc13-bf90a3ed7962/orientation 200 1041 ms - 71 
&amp#27;[38;5;66m[75895e03]&amp#27;[0m&amp#27;[38;5;86m[HTTP]&amp#27;[0m &amp#27;[37m-->&amp#27;[39m &amp#27;[37mGET&amp#27;[39m &amp#27;[37m/session/75895e03-7749-47e3-bc13-bf90a3ed7962/window/rect&amp#27;[39m {}
&amp#27;[38;5;66m[75895e03]&amp#27;[0m&amp#27;[38;5;112m[AndroidUiautomator2Driver@b341 (75895e03)]&amp#27;[0m Calling AppiumDriver.getWindowRect() with args: ["75895e03-7749-47e3-bc13-bf90a3ed7962"]
&amp#27;[38;5;66m[75895e03]&amp#27;[0m&amp#27;[38;5;112m[AndroidUiautomator2Driver@b341 (75895e03)]&amp#27;[0m Matched '/window/current/size' to command name 'getWindowSize'
&amp#27;[38;5;66m[75895e03]&amp#27;[0m&amp#27;[38;5;112m[AndroidUiautomator2Driver@b341 (75895e03)]&amp#27;[0m Proxying [GET /window/current/size] to [GET http://127.0.0.1:8200/session/9a29d941-f2de-44a0-9e8c-b573902f2815/window/current/size] with no body
&amp#27;[38;5;66m[75895e03]&amp#27;[0m&amp#27;[38;5;112m[AndroidUiautomator2Driver@b341 (75895e03)]&amp#27;[0m Got response with status 200: {"sessionId":"9a29d941-f2de-44a0-9e8c-b573902f2815","value":{"height":2880,"width":1440}}
&amp#27;[38;5;66m[75895e03]&amp#27;[0m&amp#27;[38;5;112m[AndroidUiautomator2Driver@b341 (75895e03)]&amp#27;[0m Responding to client with driver.getWindowRect() result: {"width":1440,"height":2880,"x":0,"y":0}
&amp#27;[38;5;66m[75895e03]&amp#27;[0m&amp#27;[38;5;86m[HTTP]&amp#27;[0m <-- GET /session/75895e03-7749-47e3-bc13-bf90a3ed7962/window/rect 200 21 ms - 50 
&amp#27;[38;5;66m[75895e03]&amp#27;[0m&amp#27;[38;5;86m[HTTP]&amp#27;[0m &amp#27;[37m-->&amp#27;[39m &amp#27;[37mGET&amp#27;[39m &amp#27;[37m/session/75895e03-7749-47e3-bc13-bf90a3ed7962/appium/device/system_bars&amp#27;[39m {}
&amp#27;[38;5;66m[75895e03]&amp#27;[0m&amp#27;[38;5;112m[AndroidUiautomator2Driver@b341 (75895e03)]&amp#27;[0m Calling AppiumDriver.getSystemBars() with args: ["75895e03-7749-47e3-bc13-bf90a3ed7962"]
&amp#27;[38;5;66m[75895e03]&amp#27;[0m&amp#27;[38;5;229m[ADB]&amp#27;[0m Running '/users/oikhlas/Library/Android/sdk/platform-tools/adb -P 5037 -s emulator-5554 shell dumpsys window windows'
&amp#27;[38;5;66m[75895e03]&amp#27;[0m&amp#27;[38;5;112m[AndroidUiautomator2Driver@b341 (75895e03)]&amp#27;[0m Responding to client with driver.getSystemBars() result: {"navigationBar":{"visible":true,"x":0,"y":2712,"width":1440,"height":168},"statusBar":{"visible":true,"x":0,"y":0,"width":1440,"height":84}}
&amp#27;[38;5;66m[75895e03]&amp#27;[0m&amp#27;[38;5;86m[HTTP]&amp#27;[0m <-- GET /session/75895e03-7749-47e3-bc13-bf90a3ed7962/appium/device/system_bars 200 164 ms - 151 
&amp#27;[38;5;66m[75895e03]&amp#27;[0m&amp#27;[38;5;86m[HTTP]&amp#27;[0m &amp#27;[37m-->&amp#27;[39m &amp#27;[37mGET&amp#27;[39m &amp#27;[37m/session/75895e03-7749-47e3-bc13-bf90a3ed7962/context&amp#27;[39m {}
&amp#27;[38;5;66m[75895e03]&amp#27;[0m&amp#27;[38;5;112m[AndroidUiautomator2Driver@b341 (75895e03)]&amp#27;[0m Calling AppiumDriver.getCurrentContext() with args: ["75895e03-7749-47e3-bc13-bf90a3ed7962"]
&amp#27;[38;5;66m[75895e03]&amp#27;[0m&amp#27;[38;5;112m[AndroidUiautomator2Driver@b341 (75895e03)]&amp#27;[0m Responding to client with driver.getCurrentContext() result: "NATIVE_APP"
&amp#27;[38;5;66m[75895e03]&amp#27;[0m&amp#27;[38;5;86m[HTTP]&amp#27;[0m <-- GET /session/75895e03-7749-47e3-bc13-bf90a3ed7962/context 200 3 ms - 22 
&amp#27;[38;5;66m[75895e03]&amp#27;[0m&amp#27;[38;5;86m[HTTP]&amp#27;[0m &amp#27;[37m-->&amp#27;[39m &amp#27;[37mPOST&amp#27;[39m &amp#27;[37m/session/75895e03-7749-47e3-bc13-bf90a3ed7962/element&amp#27;[39m {"using":"id","value":"com.androidsample.generalstore:id/nameField"}
&amp#27;[38;5;66m[75895e03]&amp#27;[0m&amp#27;[38;5;112m[AndroidUiautomator2Driver@b341 (75895e03)]&amp#27;[0m Calling AppiumDriver.findElement() with args: ["id","com.androidsample.generalstore:id/nameField","75895e03-7749-47e3-bc13-bf90a3ed7962"]
&amp#27;[38;5;66m[75895e03]&amp#27;[0m&amp#27;[38;5;112m[AndroidUiautomator2Driver@b341 (75895e03)]&amp#27;[0m Valid locator strategies for this request: xpath, id, class name, accessibility id, css selector, -android uiautomator
&amp#27;[38;5;66m[75895e03]&amp#27;[0m&amp#27;[38;5;112m[AndroidUiautomator2Driver@b341 (75895e03)]&amp#27;[0m Waiting up to 20000 ms for condition
&amp#27;[38;5;66m[75895e03]&amp#27;[0m&amp#27;[38;5;112m[AndroidUiautomator2Driver@b341 (75895e03)]&amp#27;[0m Matched '/element' to command name 'findElement'
&amp#27;[38;5;66m[75895e03]&amp#27;[0m&amp#27;[38;5;112m[AndroidUiautomator2Driver@b341 (75895e03)]&amp#27;[0m Proxying [POST /element] to [POST http://127.0.0.1:8200/session/9a29d941-f2de-44a0-9e8c-b573902f2815/element] with body: {"strategy":"id","selector":"com.androidsample.generalstore:id/nameField","context":"","multiple":false}
&amp#27;[38;5;66m[75895e03]&amp#27;[0m&amp#27;[38;5;112m[AndroidUiautomator2Driver@b341 (75895e03)]&amp#27;[0m Got response with status 200: {"sessionId":"9a29d941-f2de-44a0-9e8c-b573902f2815","value":{"ELEMENT":"00000000-0000-0031-ffff-ffff0000001c","element-6066-11e4-a52e-4f735466cecf":"00000000-0000-0031-ffff-ffff0000001c"}}
&amp#27;[38;5;66m[75895e03]&amp#27;[0m&amp#27;[38;5;112m[AndroidUiautomator2Driver@b341 (75895e03)]&amp#27;[0m Responding to client with driver.findElement() result: {"element-6066-11e4-a52e-4f735466cecf":"00000000-0000-0031-ffff-ffff0000001c","ELEMENT":"00000000-0000-0031-ffff-ffff0000001c"}
&amp#27;[38;5;66m[75895e03]&amp#27;[0m&amp#27;[38;5;86m[HTTP]&amp#27;[0m <-- POST /session/75895e03-7749-47e3-bc13-bf90a3ed7962/element 200 103 ms - 137 
&amp#27;[38;5;66m[75895e03]&amp#27;[0m&amp#27;[38;5;86m[HTTP]&amp#27;[0m &amp#27;[37m-->&amp#27;[39m &amp#27;[37mPOST&amp#27;[39m &amp#27;[37m/session/75895e03-7749-47e3-bc13-bf90a3ed7962/element/00000000-0000-0031-ffff-ffff0000001c/value&amp#27;[39m {"id":"00000000-0000-0031-ffff-ffff0000001c","value":["O","s","a","m","a"," ","I","k","h","l","a","s"],"text":"Osama Ikhlas"}
&amp#27;[38;5;66m[75895e03]&amp#27;[0m&amp#27;[38;5;112m[AndroidUiautomator2Driver@b341 (75895e03)]&amp#27;[0m Calling AppiumDriver.setValue() with args: [["O","s","a","m","a"," ","I","k","h","l","a","s"],"00000000-0000-0031-ffff-ffff0000001c","75895e03-7749-47e3-bc13-bf90a3ed7962"]
&amp#27;[38;5;66m[75895e03]&amp#27;[0m&amp#27;[38;5;112m[AndroidUiautomator2Driver@b341 (75895e03)]&amp#27;[0m Matched '/element/00000000-0000-0031-ffff-ffff0000001c/value' to command name 'setValue'
&amp#27;[38;5;66m[75895e03]&amp#27;[0m&amp#27;[38;5;112m[AndroidUiautomator2Driver@b341 (75895e03)]&amp#27;[0m Added 'value' property ["O","s","a","m","a"," ","I","k","h","l","a","s"] to 'setValue' request body
&amp#27;[38;5;66m[75895e03]&amp#27;[0m&amp#27;[38;5;112m[AndroidUiautomator2Driver@b341 (75895e03)]&amp#27;[0m Proxying [POST /element/00000000-0000-0031-ffff-ffff0000001c/value] to [POST http://127.0.0.1:8200/session/9a29d941-f2de-44a0-9e8c-b573902f2815/element/00000000-0000-0031-ffff-ffff0000001c/value] with body: {"elementId":"00000000-0000-0031-ffff-ffff0000001c","text":"Osama Ikhlas","replace":false,"value":["O","s","a","m","a"," ","I","k","h","l","a","s"]}
&amp#27;[38;5;66m[75895e03]&amp#27;[0m&amp#27;[38;5;112m[AndroidUiautomator2Driver@b341 (75895e03)]&amp#27;[0m Got response with status 200: {"sessionId":"9a29d941-f2de-44a0-9e8c-b573902f2815","value":null}
&amp#27;[38;5;66m[75895e03]&amp#27;[0m&amp#27;[38;5;112m[AndroidUiautomator2Driver@b341 (75895e03)]&amp#27;[0m Responding to client with driver.setValue() result: null
&amp#27;[38;5;66m[75895e03]&amp#27;[0m&amp#27;[38;5;86m[HTTP]&amp#27;[0m <-- POST /session/75895e03-7749-47e3-bc13-bf90a3ed7962/element/00000000-0000-0031-ffff-ffff0000001c/value 200 603 ms - 14 
&amp#27;[38;5;66m[75895e03]&amp#27;[0m&amp#27;[38;5;86m[HTTP]&amp#27;[0m &amp#27;[37m-->&amp#27;[39m &amp#27;[37mPOST&amp#27;[39m &amp#27;[37m/session/75895e03-7749-47e3-bc13-bf90a3ed7962/execute/sync&amp#27;[39m {"script":"mobile: hideKeyboard","args":[]}
&amp#27;[38;5;66m[75895e03]&amp#27;[0m&amp#27;[38;5;112m[AndroidUiautomator2Driver@b341 (75895e03)]&amp#27;[0m Calling AppiumDriver.execute() with args: ["mobile: hideKeyboard",[],"75895e03-7749-47e3-bc13-bf90a3ed7962"]
&amp#27;[38;5;66m[75895e03]&amp#27;[0m&amp#27;[38;5;112m[AndroidUiautomator2Driver@b341 (75895e03)]&amp#27;[0m Executing method 'mobile: hideKeyboard'
&amp#27;[38;5;66m[75895e03]&amp#27;[0m&amp#27;[38;5;229m[ADB]&amp#27;[0m Running '/users/oikhlas/Library/Android/sdk/platform-tools/adb -P 5037 -s emulator-5554 shell dumpsys input_method'
&amp#27;[38;5;66m[75895e03]&amp#27;[0m&amp#27;[38;5;229m[ADB]&amp#27;[0m Keyboard has no UI; no closing necessary
&amp#27;[38;5;66m[75895e03]&amp#27;[0m&amp#27;[38;5;112m[AndroidUiautomator2Driver@b341 (75895e03)]&amp#27;[0m Responding to client with driver.execute() result: false
&amp#27;[38;5;66m[75895e03]&amp#27;[0m&amp#27;[38;5;86m[HTTP]&amp#27;[0m <-- POST /session/75895e03-7749-47e3-bc13-bf90a3ed7962/execute/sync 200 719 ms - 15 
&amp#27;[38;5;66m[75895e03]&amp#27;[0m&amp#27;[38;5;86m[HTTP]&amp#27;[0m &amp#27;[37m-->&amp#27;[39m &amp#27;[37mGET&amp#27;[39m &amp#27;[37m/session/75895e03-7749-47e3-bc13-bf90a3ed7962/context&amp#27;[39m {}
&amp#27;[38;5;66m[75895e03]&amp#27;[0m&amp#27;[38;5;112m[AndroidUiautomator2Driver@b341 (75895e03)]&amp#27;[0m Calling AppiumDriver.getCurrentContext() with args: ["75895e03-7749-47e3-bc13-bf90a3ed7962"]
&amp#27;[38;5;66m[75895e03]&amp#27;[0m&amp#27;[38;5;112m[AndroidUiautomator2Driver@b341 (75895e03)]&amp#27;[0m Responding to client with driver.getCurrentContext() result: "NATIVE_APP"
&amp#27;[38;5;66m[75895e03]&amp#27;[0m&amp#27;[38;5;86m[HTTP]&amp#27;[0m <-- GET /session/75895e03-7749-47e3-bc13-bf90a3ed7962/context 200 1 ms - 22 
&amp#27;[38;5;66m[75895e03]&amp#27;[0m&amp#27;[38;5;86m[HTTP]&amp#27;[0m &amp#27;[37m-->&amp#27;[39m &amp#27;[37mPOST&amp#27;[39m &amp#27;[37m/session/75895e03-7749-47e3-bc13-bf90a3ed7962/element&amp#27;[39m {"using":"id","value":"com.androidsample.generalstore:id/radioMale"}
&amp#27;[38;5;66m[75895e03]&amp#27;[0m&amp#27;[38;5;112m[AndroidUiautomator2Driver@b341 (75895e03)]&amp#27;[0m Calling AppiumDriver.findElement() with args: ["id","com.androidsample.generalstore:id/radioMale","75895e03-7749-47e3-bc13-bf90a3ed7962"]
&amp#27;[38;5;66m[75895e03]&amp#27;[0m&amp#27;[38;5;112m[AndroidUiautomator2Driver@b341 (75895e03)]&amp#27;[0m Valid locator strategies for this request: xpath, id, class name, accessibility id, css selector, -android uiautomator
&amp#27;[38;5;66m[75895e03]&amp#27;[0m&amp#27;[38;5;112m[AndroidUiautomator2Driver@b341 (75895e03)]&amp#27;[0m Waiting up to 20000 ms for condition
&amp#27;[38;5;66m[75895e03]&amp#27;[0m&amp#27;[38;5;112m[AndroidUiautomator2Driver@b341 (75895e03)]&amp#27;[0m Matched '/element' to command name 'findElement'
&amp#27;[38;5;66m[75895e03]&amp#27;[0m&amp#27;[38;5;112m[AndroidUiautomator2Driver@b341 (75895e03)]&amp#27;[0m Proxying [POST /element] to [POST http://127.0.0.1:8200/session/9a29d941-f2de-44a0-9e8c-b573902f2815/element] with body: {"strategy":"id","selector":"com.androidsample.generalstore:id/radioMale","context":"","multiple":false}
&amp#27;[38;5;66m[75895e03]&amp#27;[0m&amp#27;[38;5;112m[AndroidUiautomator2Driver@b341 (75895e03)]&amp#27;[0m Got response with status 200: {"sessionId":"9a29d941-f2de-44a0-9e8c-b573902f2815","value":{"ELEMENT":"00000000-0000-0031-ffff-ffff0000001f","element-6066-11e4-a52e-4f735466cecf":"00000000-0000-0031-ffff-ffff0000001f"}}
&amp#27;[38;5;66m[75895e03]&amp#27;[0m&amp#27;[38;5;112m[AndroidUiautomator2Driver@b341 (75895e03)]&amp#27;[0m Responding to client with driver.findElement() result: {"element-6066-11e4-a52e-4f735466cecf":"00000000-0000-0031-ffff-ffff0000001f","ELEMENT":"00000000-0000-0031-ffff-ffff0000001f"}
&amp#27;[38;5;66m[75895e03]&amp#27;[0m&amp#27;[38;5;86m[HTTP]&amp#27;[0m <-- POST /session/75895e03-7749-47e3-bc13-bf90a3ed7962/element 200 95 ms - 137 
&amp#27;[38;5;66m[75895e03]&amp#27;[0m&amp#27;[38;5;86m[HTTP]&amp#27;[0m &amp#27;[37m-->&amp#27;[39m &amp#27;[37mPOST&amp#27;[39m &amp#27;[37m/session/75895e03-7749-47e3-bc13-bf90a3ed7962/element/00000000-0000-0031-ffff-ffff0000001f/click&amp#27;[39m {"id":"00000000-0000-0031-ffff-ffff0000001f"}
&amp#27;[38;5;66m[75895e03]&amp#27;[0m&amp#27;[38;5;112m[AndroidUiautomator2Driver@b341 (75895e03)]&amp#27;[0m Calling AppiumDriver.click() with args: ["00000000-0000-0031-ffff-ffff0000001f","75895e03-7749-47e3-bc13-bf90a3ed7962"]
&amp#27;[38;5;66m[75895e03]&amp#27;[0m&amp#27;[38;5;112m[AndroidUiautomator2Driver@b341 (75895e03)]&amp#27;[0m Matched '/element/00000000-0000-0031-ffff-ffff0000001f/click' to command name 'click'
&amp#27;[38;5;66m[75895e03]&amp#27;[0m&amp#27;[38;5;112m[AndroidUiautomator2Driver@b341 (75895e03)]&amp#27;[0m Proxying [POST /element/00000000-0000-0031-ffff-ffff0000001f/click] to [POST http://127.0.0.1:8200/session/9a29d941-f2de-44a0-9e8c-b573902f2815/element/00000000-0000-0031-ffff-ffff0000001f/click] with body: {"element":"00000000-0000-0031-ffff-ffff0000001f"}
&amp#27;[38;5;66m[75895e03]&amp#27;[0m&amp#27;[38;5;112m[AndroidUiautomator2Driver@b341 (75895e03)]&amp#27;[0m Got response with status 200: {"sessionId":"9a29d941-f2de-44a0-9e8c-b573902f2815","value":null}
&amp#27;[38;5;66m[75895e03]&amp#27;[0m&amp#27;[38;5;112m[AndroidUiautomator2Driver@b341 (75895e03)]&amp#27;[0m Responding to client with driver.click() result: null
&amp#27;[38;5;66m[75895e03]&amp#27;[0m&amp#27;[38;5;86m[HTTP]&amp#27;[0m <-- POST /session/75895e03-7749-47e3-bc13-bf90a3ed7962/element/00000000-0000-0031-ffff-ffff0000001f/click 200 110 ms - 14 
&amp#27;[38;5;66m[75895e03]&amp#27;[0m&amp#27;[38;5;86m[HTTP]&amp#27;[0m &amp#27;[37m-->&amp#27;[39m &amp#27;[37mGET&amp#27;[39m &amp#27;[37m/session/75895e03-7749-47e3-bc13-bf90a3ed7962/context&amp#27;[39m {}
&amp#27;[38;5;66m[75895e03]&amp#27;[0m&amp#27;[38;5;112m[AndroidUiautomator2Driver@b341 (75895e03)]&amp#27;[0m Calling AppiumDriver.getCurrentContext() with args: ["75895e03-7749-47e3-bc13-bf90a3ed7962"]
&amp#27;[38;5;66m[75895e03]&amp#27;[0m&amp#27;[38;5;112m[AndroidUiautomator2Driver@b341 (75895e03)]&amp#27;[0m Responding to client with driver.getCurrentContext() result: "NATIVE_APP"
&amp#27;[38;5;66m[75895e03]&amp#27;[0m&amp#27;[38;5;86m[HTTP]&amp#27;[0m <-- GET /session/75895e03-7749-47e3-bc13-bf90a3ed7962/context 200 1 ms - 22 
&amp#27;[38;5;66m[75895e03]&amp#27;[0m&amp#27;[38;5;86m[HTTP]&amp#27;[0m &amp#27;[37m-->&amp#27;[39m &amp#27;[37mPOST&amp#27;[39m &amp#27;[37m/session/75895e03-7749-47e3-bc13-bf90a3ed7962/element&amp#27;[39m {"using":"id","value":"com.androidsample.generalstore:id/spinnerCountry"}
&amp#27;[38;5;66m[75895e03]&amp#27;[0m&amp#27;[38;5;112m[AndroidUiautomator2Driver@b341 (75895e03)]&amp#27;[0m Calling AppiumDriver.findElement() with args: ["id","com.androidsample.generalstore:id/spinnerCountry","75895e03-7749-47e3-bc13-bf90a3ed7962"]
&amp#27;[38;5;66m[75895e03]&amp#27;[0m&amp#27;[38;5;112m[AndroidUiautomator2Driver@b341 (75895e03)]&amp#27;[0m Valid locator strategies for this request: xpath, id, class name, accessibility id, css selector, -android uiautomator
&amp#27;[38;5;66m[75895e03]&amp#27;[0m&amp#27;[38;5;112m[AndroidUiautomator2Driver@b341 (75895e03)]&amp#27;[0m Waiting up to 20000 ms for condition
&amp#27;[38;5;66m[75895e03]&amp#27;[0m&amp#27;[38;5;112m[AndroidUiautomator2Driver@b341 (75895e03)]&amp#27;[0m Matched '/element' to command name 'findElement'
&amp#27;[38;5;66m[75895e03]&amp#27;[0m&amp#27;[38;5;112m[AndroidUiautomator2Driver@b341 (75895e03)]&amp#27;[0m Proxying [POST /element] to [POST http://127.0.0.1:8200/session/9a29d941-f2de-44a0-9e8c-b573902f2815/element] with body: {"strategy":"id","selector":"com.androidsample.generalstore:id/spinnerCountry","context":"","multiple":false}
&amp#27;[38;5;66m[75895e03]&amp#27;[0m&amp#27;[38;5;112m[AndroidUiautomator2Driver@b341 (75895e03)]&amp#27;[0m Got response with status 200: {"sessionId":"9a29d941-f2de-44a0-9e8c-b573902f2815","value":{"ELEMENT":"00000000-0000-0031-ffff-ffff0000001a","element-6066-11e4-a52e-4f735466cecf":"00000000-0000-0031-ffff-ffff0000001a"}}
&amp#27;[38;5;66m[75895e03]&amp#27;[0m&amp#27;[38;5;112m[AndroidUiautomator2Driver@b341 (75895e03)]&amp#27;[0m Responding to client with driver.findElement() result: {"element-6066-11e4-a52e-4f735466cecf":"00000000-0000-0031-ffff-ffff0000001a","ELEMENT":"00000000-0000-0031-ffff-ffff0000001a"}
&amp#27;[38;5;66m[75895e03]&amp#27;[0m&amp#27;[38;5;86m[HTTP]&amp#27;[0m <-- POST /session/75895e03-7749-47e3-bc13-bf90a3ed7962/element 200 282 ms - 137 
&amp#27;[38;5;66m[75895e03]&amp#27;[0m&amp#27;[38;5;86m[HTTP]&amp#27;[0m &amp#27;[37m-->&amp#27;[39m &amp#27;[37mPOST&amp#27;[39m &amp#27;[37m/session/75895e03-7749-47e3-bc13-bf90a3ed7962/element/00000000-0000-0031-ffff-ffff0000001a/click&amp#27;[39m {"id":"00000000-0000-0031-ffff-ffff0000001a"}
&amp#27;[38;5;66m[75895e03]&amp#27;[0m&amp#27;[38;5;112m[AndroidUiautomator2Driver@b341 (75895e03)]&amp#27;[0m Calling AppiumDriver.click() with args: ["00000000-0000-0031-ffff-ffff0000001a","75895e03-7749-47e3-bc13-bf90a3ed7962"]
&amp#27;[38;5;66m[75895e03]&amp#27;[0m&amp#27;[38;5;112m[AndroidUiautomator2Driver@b341 (75895e03)]&amp#27;[0m Matched '/element/00000000-0000-0031-ffff-ffff0000001a/click' to command name 'click'
&amp#27;[38;5;66m[75895e03]&amp#27;[0m&amp#27;[38;5;112m[AndroidUiautomator2Driver@b341 (75895e03)]&amp#27;[0m Proxying [POST /element/00000000-0000-0031-ffff-ffff0000001a/click] to [POST http://127.0.0.1:8200/session/9a29d941-f2de-44a0-9e8c-b573902f2815/element/00000000-0000-0031-ffff-ffff0000001a/click] with body: {"element":"00000000-0000-0031-ffff-ffff0000001a"}
&amp#27;[38;5;66m[75895e03]&amp#27;[0m&amp#27;[38;5;112m[AndroidUiautomator2Driver@b341 (75895e03)]&amp#27;[0m Got response with status 200: {"sessionId":"9a29d941-f2de-44a0-9e8c-b573902f2815","value":null}
&amp#27;[38;5;66m[75895e03]&amp#27;[0m&amp#27;[38;5;112m[AndroidUiautomator2Driver@b341 (75895e03)]&amp#27;[0m Responding to client with driver.click() result: null
&amp#27;[38;5;66m[75895e03]&amp#27;[0m&amp#27;[38;5;86m[HTTP]&amp#27;[0m <-- POST /session/75895e03-7749-47e3-bc13-bf90a3ed7962/element/00000000-0000-0031-ffff-ffff0000001a/click 200 270 ms - 14 
&amp#27;[38;5;66m[75895e03]&amp#27;[0m&amp#27;[38;5;86m[HTTP]&amp#27;[0m &amp#27;[37m-->&amp#27;[39m &amp#27;[37mPOST&amp#27;[39m &amp#27;[37m/session/75895e03-7749-47e3-bc13-bf90a3ed7962/element&amp#27;[39m {"using":"-android uiautomator","value":"new UiScrollable(new UiSelector()).scrollIntoView(text(\"Argentina\"));"}
&amp#27;[38;5;66m[75895e03]&amp#27;[0m&amp#27;[38;5;112m[AndroidUiautomator2Driver@b341 (75895e03)]&amp#27;[0m Calling AppiumDriver.findElement() with args: ["-android uiautomator","new UiScrollable(new UiSelector()).scrollIntoView(text(\"Argentina\"));","75895e03-7749-47e3-bc13-bf90a3ed7962"]
&amp#27;[38;5;66m[75895e03]&amp#27;[0m&amp#27;[38;5;112m[AndroidUiautomator2Driver@b341 (75895e03)]&amp#27;[0m Valid locator strategies for this request: xpath, id, class name, accessibility id, css selector, -android uiautomator
&amp#27;[38;5;66m[75895e03]&amp#27;[0m&amp#27;[38;5;112m[AndroidUiautomator2Driver@b341 (75895e03)]&amp#27;[0m Waiting up to 20000 ms for condition
&amp#27;[38;5;66m[75895e03]&amp#27;[0m&amp#27;[38;5;112m[AndroidUiautomator2Driver@b341 (75895e03)]&amp#27;[0m Matched '/element' to command name 'findElement'
&amp#27;[38;5;66m[75895e03]&amp#27;[0m&amp#27;[38;5;112m[AndroidUiautomator2Driver@b341 (75895e03)]&amp#27;[0m Proxying [POST /element] to [POST http://127.0.0.1:8200/session/9a29d941-f2de-44a0-9e8c-b573902f2815/element] with body: {"strategy":"-android uiautomator","selector":"new UiScrollable(new UiSelector()).scrollIntoView(text(\"Argentina\"));","context":"","multiple":false}
&amp#27;[38;5;66m[75895e03]&amp#27;[0m&amp#27;[38;5;112m[AndroidUiautomator2Driver@b341 (75895e03)]&amp#27;[0m Got response with status 200: {"sessionId":"9a29d941-f2de-44a0-9e8c-b573902f2815","value":{"ELEMENT":"00000000-0000-0032-ffff-ffff00000032","element-6066-11e4-a52e-4f735466cecf":"00000000-0000-0032-ffff-ffff00000032"}}
&amp#27;[38;5;66m[75895e03]&amp#27;[0m&amp#27;[38;5;112m[AndroidUiautomator2Driver@b341 (75895e03)]&amp#27;[0m Responding to client with driver.findElement() result: {"element-6066-11e4-a52e-4f735466cecf":"00000000-0000-0032-ffff-ffff00000032","ELEMENT":"00000000-0000-0032-ffff-ffff00000032"}
&amp#27;[38;5;66m[75895e03]&amp#27;[0m&amp#27;[38;5;86m[HTTP]&amp#27;[0m <-- POST /session/75895e03-7749-47e3-bc13-bf90a3ed7962/element 200 5526 ms - 137 
&amp#27;[38;5;66m[75895e03]&amp#27;[0m&amp#27;[38;5;86m[HTTP]&amp#27;[0m &amp#27;[37m-->&amp#27;[39m &amp#27;[37mPOST&amp#27;[39m &amp#27;[37m/session/75895e03-7749-47e3-bc13-bf90a3ed7962/element&amp#27;[39m {"using":"xpath","value":"//android.widget.TextView[@text='Argentina']"}
&amp#27;[38;5;66m[75895e03]&amp#27;[0m&amp#27;[38;5;112m[AndroidUiautomator2Driver@b341 (75895e03)]&amp#27;[0m Calling AppiumDriver.findElement() with args: ["xpath","//android.widget.TextView[@text='Argentina']","75895e03-7749-47e3-bc13-bf90a3ed7962"]
&amp#27;[38;5;66m[75895e03]&amp#27;[0m&amp#27;[38;5;112m[AndroidUiautomator2Driver@b341 (75895e03)]&amp#27;[0m Valid locator strategies for this request: xpath, id, class name, accessibility id, css selector, -android uiautomator
&amp#27;[38;5;66m[75895e03]&amp#27;[0m&amp#27;[38;5;112m[AndroidUiautomator2Driver@b341 (75895e03)]&amp#27;[0m Waiting up to 20000 ms for condition
&amp#27;[38;5;66m[75895e03]&amp#27;[0m&amp#27;[38;5;112m[AndroidUiautomator2Driver@b341 (75895e03)]&amp#27;[0m Matched '/element' to command name 'findElement'
&amp#27;[38;5;66m[75895e03]&amp#27;[0m&amp#27;[38;5;112m[AndroidUiautomator2Driver@b341 (75895e03)]&amp#27;[0m Proxying [POST /element] to [POST http://127.0.0.1:8200/session/9a29d941-f2de-44a0-9e8c-b573902f2815/element] with body: {"strategy":"xpath","selector":"//android.widget.TextView[@text='Argentina']","context":"","multiple":false}
&amp#27;[38;5;66m[75895e03]&amp#27;[0m&amp#27;[38;5;112m[AndroidUiautomator2Driver@b341 (75895e03)]&amp#27;[0m Got response with status 200: {"sessionId":"9a29d941-f2de-44a0-9e8c-b573902f2815","value":{"ELEMENT":"00000000-0000-0032-ffff-ffff00000032","element-6066-11e4-a52e-4f735466cecf":"00000000-0000-0032-ffff-ffff00000032"}}
&amp#27;[38;5;66m[75895e03]&amp#27;[0m&amp#27;[38;5;112m[AndroidUiautomator2Driver@b341 (75895e03)]&amp#27;[0m Responding to client with driver.findElement() result: {"element-6066-11e4-a52e-4f735466cecf":"00000000-0000-0032-ffff-ffff00000032","ELEMENT":"00000000-0000-0032-ffff-ffff00000032"}
&amp#27;[38;5;66m[75895e03]&amp#27;[0m&amp#27;[38;5;86m[HTTP]&amp#27;[0m <-- POST /session/75895e03-7749-47e3-bc13-bf90a3ed7962/element 200 1618 ms - 137 
&amp#27;[38;5;66m[75895e03]&amp#27;[0m&amp#27;[38;5;86m[HTTP]&amp#27;[0m &amp#27;[37m-->&amp#27;[39m &amp#27;[37mPOST&amp#27;[39m &amp#27;[37m/session/75895e03-7749-47e3-bc13-bf90a3ed7962/element/00000000-0000-0032-ffff-ffff00000032/click&amp#27;[39m {"id":"00000000-0000-0032-ffff-ffff00000032"}
&amp#27;[38;5;66m[75895e03]&amp#27;[0m&amp#27;[38;5;112m[AndroidUiautomator2Driver@b341 (75895e03)]&amp#27;[0m Calling AppiumDriver.click() with args: ["00000000-0000-0032-ffff-ffff00000032","75895e03-7749-47e3-bc13-bf90a3ed7962"]
&amp#27;[38;5;66m[75895e03]&amp#27;[0m&amp#27;[38;5;112m[AndroidUiautomator2Driver@b341 (75895e03)]&amp#27;[0m Matched '/element/00000000-0000-0032-ffff-ffff00000032/click' to command name 'click'
&amp#27;[38;5;66m[75895e03]&amp#27;[0m&amp#27;[38;5;112m[AndroidUiautomator2Driver@b341 (75895e03)]&amp#27;[0m Proxying [POST /element/00000000-0000-0032-ffff-ffff00000032/click] to [POST http://127.0.0.1:8200/session/9a29d941-f2de-44a0-9e8c-b573902f2815/element/00000000-0000-0032-ffff-ffff00000032/click] with body: {"element":"00000000-0000-0032-ffff-ffff00000032"}
&amp#27;[38;5;66m[75895e03]&amp#27;[0m&amp#27;[38;5;112m[AndroidUiautomator2Driver@b341 (75895e03)]&amp#27;[0m Got response with status 200: {"sessionId":"9a29d941-f2de-44a0-9e8c-b573902f2815","value":null}
&amp#27;[38;5;66m[75895e03]&amp#27;[0m&amp#27;[38;5;112m[AndroidUiautomator2Driver@b341 (75895e03)]&amp#27;[0m Responding to client with driver.click() result: null
&amp#27;[38;5;66m[75895e03]&amp#27;[0m&amp#27;[38;5;86m[HTTP]&amp#27;[0m <-- POST /session/75895e03-7749-47e3-bc13-bf90a3ed7962/element/00000000-0000-0032-ffff-ffff00000032/click 200 825 ms - 14 
&amp#27;[38;5;66m[75895e03]&amp#27;[0m&amp#27;[38;5;86m[HTTP]&amp#27;[0m &amp#27;[37m-->&amp#27;[39m &amp#27;[37mPOST&amp#27;[39m &amp#27;[37m/session/75895e03-7749-47e3-bc13-bf90a3ed7962/execute/sync&amp#27;[39m {"script":"return (function(arg){\nvar s=function(){\"use strict\";function t(t){return t&&t.__esModule&&Object.prototype.hasOwnProperty.call(t,\"default\")?t.default:t}var e=function(t){var e=(void 0===t?[]:t)[0],n=\"\",r=e.ownerDocument;if(!r)return n;for(var o=e;o!==r;){var a=Array.prototype.filter.call(o.parentNode.childNodes,(function(t){return t.tagName===o.tagName})).indexOf(o);n=\"/\"+o.tagName+\"[\"+(a+1)+\"]\"+n,o=o.parentNode}return n};return t((function(){var t,n,r;try{t=window.top.document===window.document||\"root-context\"===window.parent.document[\"applitools-marker\"]}catch(e){t=!1}try{n=!window.parent.document===window.document}catch(t){n=!0}if(!n)try{r=e([window.frameElement])}catch(t){r=null}return[document.documentElement,r,t,n]}))}();\nreturn s(arg)\n}).apply(null, arguments)","args":[null]}
&amp#27;[38;5;66m[75895e03]&amp#27;[0m&amp#27;[38;5;112m[AndroidUiautomator2Driver@b341 (75895e03)]&amp#27;[0m Calling AppiumDriver.execute() with args: ["return (function(arg){\nvar s=function(){\"use strict\";function t(t){return t&&t.__esModule&&Object.prototype.hasOwnProperty.call(t,\"default\")?t.default:t}var e=function(t){var e=(void 0===t?[]:t)[0],n=\"\",r=e.ownerDocument;if(!r)return n;for(var o=e;o!==r;){var a=Array.prototype.filter.call(o.parentNode.childNodes,(function(t){return t.tagName===o.tagName})).indexOf(o);n=\"/\"+o.tagName+\"[\"+(a+1)+\"]\"+n,o=o.parentNode}return n};return t((function(){var t,n,r;try{t=window.top.document===window.document||\"root-context\"===window.parent.document[\"applitools-marker\"]}catch(e){t=!1}try{n=!window.parent.document===window.document}catch(t){n=!0}if(!n)try{r=e([window.frameElement])}catch(t){r=null}return[document.documentElement,r,t,n]}))}();\nreturn s(arg)\n}).apply(null, arguments)",[null],"75895e03-7749-47e3-bc13-bf90a3ed7962"]
&amp#27;[38;5;66m[75895e03]&amp#27;[0m&amp#27;[38;5;112m[AndroidUiautomator2Driver@b341 (75895e03)]&amp#27;[0m Encountered internal error running command: UnknownCommandError: Unknown mobile command "return (function(arg){
&amp#27;[38;5;66m[75895e03]&amp#27;[0m&amp#27;[38;5;112m[AndroidUiautomator2Driver@b341 (75895e03)]&amp#27;[0m var s=function(){"use strict";function t(t){return t&&t.__esModule&&Object.prototype.hasOwnProperty.call(t,"default")?t.default:t}var e=function(t){var e=(void 0===t?[]:t)[0],n="",r=e.ownerDocument;if(!r)return n;for(var o=e;o!==r;){var a=Array.prototype.filter.call(o.parentNode.childNodes,(function(t){return t.tagName===o.tagName})).indexOf(o);n="/"+o.tagName+"["+(a+1)+"]"+n,o=o.parentNode}return n};return t((function(){var t,n,r;try{t=window.top.document===window.document||"root-context"===window.parent.document["applitools-marker"]}catch(e){t=!1}try{n=!window.parent.document===window.document}catch(t){n=!0}if(!n)try{r=e([window.frameElement])}catch(t){r=null}return[document.documentElement,r,t,n]}))}();
&amp#27;[38;5;66m[75895e03]&amp#27;[0m&amp#27;[38;5;112m[AndroidUiautomator2Driver@b341 (75895e03)]&amp#27;[0m return s(arg)
&amp#27;[38;5;66m[75895e03]&amp#27;[0m&amp#27;[38;5;112m[AndroidUiautomator2Driver@b341 (75895e03)]&amp#27;[0m }).apply(null, arguments)". Only shell, execEmuConsoleCommand, dragGesture, flingGesture, doubleClickGesture, clickGesture, longClickGesture, pinchCloseGesture, pinchOpenGesture, swipeGesture, scrollGesture, scrollBackTo, scroll, viewportScreenshot, viewportRect, deepLink, startLogsBroadcast, stopLogsBroadcast, deviceidle, acceptAlert, dismissAlert, batteryInfo, deviceInfo, getDeviceTime, changePermissions, getPermissions, performEditorAction, startScreenStreaming, stopScreenStreaming, getNotifications, openNotifications, listSms, type, replaceElementValue, pushFile, pullFile, pullFolder, deleteFile, isAppInstalled, queryAppState, activateApp, removeApp, terminateApp, installApp, clearApp, backgroundApp, getCurrentActivity, getCurrentPackage, startActivity, startService, stopService, broadcast, getContexts, getAppStrings, installMultipleApks, lock, unlock, isLocked, refreshGpsCache, startMediaProjectionRecording, isMediaProjectionRecordingRunning, stopMediaProjectionRecording, getConnectivity, setConnectivity, toggleGps, isGpsEnabled, hideKeyboard, isKeyboardShown, pressKey, getDisplayDensity, getSystemBars, fingerprint, sendSms, gsmCall, gsmSignal, gsmVoice, powerAc, powerCapacity, networkSpeed, sensorSet, getPerformanceData, getPerformanceDataTypes, statusBar, screenshots, scheduleAction, getActionHistory, unscheduleAction, getUiMode, setUiMode, sendTrimMemory commands are supported.
&amp#27;[38;5;66m[75895e03]&amp#27;[0m&amp#27;[38;5;112m[AndroidUiautomator2Driver@b341 (75895e03)]&amp#27;[0m     at AndroidUiautomator2Driver.executeMobile (/Users/oikhlas/.appium/node_modules/appium-uiautomator2-driver/lib/commands/execute.js:56:11)
&amp#27;[38;5;66m[75895e03]&amp#27;[0m&amp#27;[38;5;112m[AndroidUiautomator2Driver@b341 (75895e03)]&amp#27;[0m     at AndroidUiautomator2Driver.execute (/Users/oikhlas/.appium/node_modules/appium-uiautomator2-driver/lib/commands/execute.js:27:23)
&amp#27;[38;5;66m[75895e03]&amp#27;[0m&amp#27;[38;5;112m[AndroidUiautomator2Driver@b341 (75895e03)]&amp#27;[0m     at commandExecutor (/Users/oikhlas/node_modules/@appium/base-driver/lib/basedriver/driver.ts:107:18)
&amp#27;[38;5;66m[75895e03]&amp#27;[0m&amp#27;[38;5;112m[AndroidUiautomator2Driver@b341 (75895e03)]&amp#27;[0m     at /Users/oikhlas/node_modules/async-lock/lib/index.js:171:12
&amp#27;[38;5;66m[75895e03]&amp#27;[0m&amp#27;[38;5;112m[AndroidUiautomator2Driver@b341 (75895e03)]&amp#27;[0m     at AsyncLock._promiseTry (/Users/oikhlas/node_modules/async-lock/lib/index.js:304:31)
&amp#27;[38;5;66m[75895e03]&amp#27;[0m&amp#27;[38;5;112m[AndroidUiautomator2Driver@b341 (75895e03)]&amp#27;[0m     at exec (/Users/oikhlas/node_modules/async-lock/lib/index.js:170:9)
&amp#27;[38;5;66m[75895e03]&amp#27;[0m&amp#27;[38;5;112m[AndroidUiautomator2Driver@b341 (75895e03)]&amp#27;[0m     at AsyncLock.acquire (/Users/oikhlas/node_modules/async-lock/lib/index.js:187:3)
&amp#27;[38;5;66m[75895e03]&amp#27;[0m&amp#27;[38;5;112m[AndroidUiautomator2Driver@b341 (75895e03)]&amp#27;[0m     at AndroidUiautomator2Driver.executeCommand (/Users/oikhlas/node_modules/@appium/base-driver/lib/basedriver/driver.ts:123:39)
&amp#27;[38;5;66m[75895e03]&amp#27;[0m&amp#27;[38;5;112m[AndroidUiautomator2Driver@b341 (75895e03)]&amp#27;[0m     at processTicksAndRejections (node:internal/process/task_queues:95:5)
&amp#27;[38;5;66m[75895e03]&amp#27;[0m&amp#27;[38;5;112m[AndroidUiautomator2Driver@b341 (75895e03)]&amp#27;[0m     at defaultBehavior (/Users/oikhlas/.nvm/versions/node/v18.16.1/lib/node_modules/appium/lib/appium.js:1135:14)
&amp#27;[38;5;66m[75895e03]&amp#27;[0m&amp#27;[38;5;112m[AndroidUiautomator2Driver@b341 (75895e03)]&amp#27;[0m     at AppiumDriver.executeWrappedCommand (/Users/oikhlas/.nvm/versions/node/v18.16.1/lib/node_modules/appium/lib/appium.js:1241:16)
&amp#27;[38;5;66m[75895e03]&amp#27;[0m&amp#27;[38;5;112m[AndroidUiautomator2Driver@b341 (75895e03)]&amp#27;[0m     at AppiumDriver.executeCommand (/Users/oikhlas/.nvm/versions/node/v18.16.1/lib/node_modules/appium/lib/appium.js:1147:17)
&amp#27;[38;5;66m[75895e03]&amp#27;[0m&amp#27;[38;5;112m[AndroidUiautomator2Driver@b341 (75895e03)]&amp#27;[0m     at asyncHandler (/Users/oikhlas/.nvm/versions/node/v18.16.1/lib/node_modules/appium/node_modules/@appium/base-driver/lib/protocol/protocol.js:387:19)
&amp#27;[38;5;66m[75895e03]&amp#27;[0m&amp#27;[38;5;86m[HTTP]&amp#27;[0m <-- POST /session/75895e03-7749-47e3-bc13-bf90a3ed7962/execute/sync 404 3 ms - 5939 
&amp#27;[38;5;66m[75895e03]&amp#27;[0m&amp#27;[38;5;86m[HTTP]&amp#27;[0m &amp#27;[37m-->&amp#27;[39m &amp#27;[37mPOST&amp#27;[39m &amp#27;[37m/session/75895e03-7749-47e3-bc13-bf90a3ed7962/execute/sync&amp#27;[39m {"script":"return (function(arg){\nvar s=function(){\"use strict\";function t(t){return t&&t.__esModule&&Object.prototype.hasOwnProperty.call(t,\"default\")?t.default:t}var e=function(t){var e=(void 0===t?[]:t)[0],n=\"\",r=e.ownerDocument;if(!r)return n;for(var o=e;o!==r;){var a=Array.prototype.filter.call(o.parentNode.childNodes,(function(t){return t.tagName===o.tagName})).indexOf(o);n=\"/\"+o.tagName+\"[\"+(a+1)+\"]\"+n,o=o.parentNode}return n};return t((function(){var t,n,r;try{t=window.top.document===window.document||\"root-context\"===window.parent.document[\"applitools-marker\"]}catch(e){t=!1}try{n=!window.parent.document===window.document}catch(t){n=!0}if(!n)try{r=e([window.frameElement])}catch(t){r=null}return[document.documentElement,r,t,n]}))}();\nreturn s(arg)\n}).apply(null, arguments)","args":[null]}
&amp#27;[38;5;66m[75895e03]&amp#27;[0m&amp#27;[38;5;112m[AndroidUiautomator2Driver@b341 (75895e03)]&amp#27;[0m Calling AppiumDriver.execute() with args: ["return (function(arg){\nvar s=function(){\"use strict\";function t(t){return t&&t.__esModule&&Object.prototype.hasOwnProperty.call(t,\"default\")?t.default:t}var e=function(t){var e=(void 0===t?[]:t)[0],n=\"\",r=e.ownerDocument;if(!r)return n;for(var o=e;o!==r;){var a=Array.prototype.filter.call(o.parentNode.childNodes,(function(t){return t.tagName===o.tagName})).indexOf(o);n=\"/\"+o.tagName+\"[\"+(a+1)+\"]\"+n,o=o.parentNode}return n};return t((function(){var t,n,r;try{t=window.top.document===window.document||\"root-context\"===window.parent.document[\"applitools-marker\"]}catch(e){t=!1}try{n=!window.parent.document===window.document}catch(t){n=!0}if(!n)try{r=e([window.frameElement])}catch(t){r=null}return[document.documentElement,r,t,n]}))}();\nreturn s(arg)\n}).apply(null, arguments)",[null],"75895e03-7749-47e3-bc13-bf90a3ed7962"]
&amp#27;[38;5;66m[75895e03]&amp#27;[0m&amp#27;[38;5;112m[AndroidUiautomator2Driver@b341 (75895e03)]&amp#27;[0m Encountered internal error running command: UnknownCommandError: Unknown mobile command "return (function(arg){
&amp#27;[38;5;66m[75895e03]&amp#27;[0m&amp#27;[38;5;112m[AndroidUiautomator2Driver@b341 (75895e03)]&amp#27;[0m var s=function(){"use strict";function t(t){return t&&t.__esModule&&Object.prototype.hasOwnProperty.call(t,"default")?t.default:t}var e=function(t){var e=(void 0===t?[]:t)[0],n="",r=e.ownerDocument;if(!r)return n;for(var o=e;o!==r;){var a=Array.prototype.filter.call(o.parentNode.childNodes,(function(t){return t.tagName===o.tagName})).indexOf(o);n="/"+o.tagName+"["+(a+1)+"]"+n,o=o.parentNode}return n};return t((function(){var t,n,r;try{t=window.top.document===window.document||"root-context"===window.parent.document["applitools-marker"]}catch(e){t=!1}try{n=!window.parent.document===window.document}catch(t){n=!0}if(!n)try{r=e([window.frameElement])}catch(t){r=null}return[document.documentElement,r,t,n]}))}();
&amp#27;[38;5;66m[75895e03]&amp#27;[0m&amp#27;[38;5;112m[AndroidUiautomator2Driver@b341 (75895e03)]&amp#27;[0m return s(arg)
&amp#27;[38;5;66m[75895e03]&amp#27;[0m&amp#27;[38;5;112m[AndroidUiautomator2Driver@b341 (75895e03)]&amp#27;[0m }).apply(null, arguments)". Only shell, execEmuConsoleCommand, dragGesture, flingGesture, doubleClickGesture, clickGesture, longClickGesture, pinchCloseGesture, pinchOpenGesture, swipeGesture, scrollGesture, scrollBackTo, scroll, viewportScreenshot, viewportRect, deepLink, startLogsBroadcast, stopLogsBroadcast, deviceidle, acceptAlert, dismissAlert, batteryInfo, deviceInfo, getDeviceTime, changePermissions, getPermissions, performEditorAction, startScreenStreaming, stopScreenStreaming, getNotifications, openNotifications, listSms, type, replaceElementValue, pushFile, pullFile, pullFolder, deleteFile, isAppInstalled, queryAppState, activateApp, removeApp, terminateApp, installApp, clearApp, backgroundApp, getCurrentActivity, getCurrentPackage, startActivity, startService, stopService, broadcast, getContexts, getAppStrings, installMultipleApks, lock, unlock, isLocked, refreshGpsCache, startMediaProjectionRecording, isMediaProjectionRecordingRunning, stopMediaProjectionRecording, getConnectivity, setConnectivity, toggleGps, isGpsEnabled, hideKeyboard, isKeyboardShown, pressKey, getDisplayDensity, getSystemBars, fingerprint, sendSms, gsmCall, gsmSignal, gsmVoice, powerAc, powerCapacity, networkSpeed, sensorSet, getPerformanceData, getPerformanceDataTypes, statusBar, screenshots, scheduleAction, getActionHistory, unscheduleAction, getUiMode, setUiMode, sendTrimMemory commands are supported.
&amp#27;[38;5;66m[75895e03]&amp#27;[0m&amp#27;[38;5;112m[AndroidUiautomator2Driver@b341 (75895e03)]&amp#27;[0m     at AndroidUiautomator2Driver.executeMobile (/Users/oikhlas/.appium/node_modules/appium-uiautomator2-driver/lib/commands/execute.js:56:11)
&amp#27;[38;5;66m[75895e03]&amp#27;[0m&amp#27;[38;5;112m[AndroidUiautomator2Driver@b341 (75895e03)]&amp#27;[0m     at AndroidUiautomator2Driver.execute (/Users/oikhlas/.appium/node_modules/appium-uiautomator2-driver/lib/commands/execute.js:27:23)
&amp#27;[38;5;66m[75895e03]&amp#27;[0m&amp#27;[38;5;112m[AndroidUiautomator2Driver@b341 (75895e03)]&amp#27;[0m     at commandExecutor (/Users/oikhlas/node_modules/@appium/base-driver/lib/basedriver/driver.ts:107:18)
&amp#27;[38;5;66m[75895e03]&amp#27;[0m&amp#27;[38;5;112m[AndroidUiautomator2Driver@b341 (75895e03)]&amp#27;[0m     at /Users/oikhlas/node_modules/async-lock/lib/index.js:171:12
&amp#27;[38;5;66m[75895e03]&amp#27;[0m&amp#27;[38;5;112m[AndroidUiautomator2Driver@b341 (75895e03)]&amp#27;[0m     at AsyncLock._promiseTry (/Users/oikhlas/node_modules/async-lock/lib/index.js:304:31)
&amp#27;[38;5;66m[75895e03]&amp#27;[0m&amp#27;[38;5;112m[AndroidUiautomator2Driver@b341 (75895e03)]&amp#27;[0m     at exec (/Users/oikhlas/node_modules/async-lock/lib/index.js:170:9)
&amp#27;[38;5;66m[75895e03]&amp#27;[0m&amp#27;[38;5;112m[AndroidUiautomator2Driver@b341 (75895e03)]&amp#27;[0m     at AsyncLock.acquire (/Users/oikhlas/node_modules/async-lock/lib/index.js:187:3)
&amp#27;[38;5;66m[75895e03]&amp#27;[0m&amp#27;[38;5;112m[AndroidUiautomator2Driver@b341 (75895e03)]&amp#27;[0m     at AndroidUiautomator2Driver.executeCommand (/Users/oikhlas/node_modules/@appium/base-driver/lib/basedriver/driver.ts:123:39)
&amp#27;[38;5;66m[75895e03]&amp#27;[0m&amp#27;[38;5;112m[AndroidUiautomator2Driver@b341 (75895e03)]&amp#27;[0m     at processTicksAndRejections (node:internal/process/task_queues:95:5)
&amp#27;[38;5;66m[75895e03]&amp#27;[0m&amp#27;[38;5;112m[AndroidUiautomator2Driver@b341 (75895e03)]&amp#27;[0m     at defaultBehavior (/Users/oikhlas/.nvm/versions/node/v18.16.1/lib/node_modules/appium/lib/appium.js:1135:14)
&amp#27;[38;5;66m[75895e03]&amp#27;[0m&amp#27;[38;5;112m[AndroidUiautomator2Driver@b341 (75895e03)]&amp#27;[0m     at AppiumDriver.executeWrappedCommand (/Users/oikhlas/.nvm/versions/node/v18.16.1/lib/node_modules/appium/lib/appium.js:1241:16)
&amp#27;[38;5;66m[75895e03]&amp#27;[0m&amp#27;[38;5;112m[AndroidUiautomator2Driver@b341 (75895e03)]&amp#27;[0m     at AppiumDriver.executeCommand (/Users/oikhlas/.nvm/versions/node/v18.16.1/lib/node_modules/appium/lib/appium.js:1147:17)
&amp#27;[38;5;66m[75895e03]&amp#27;[0m&amp#27;[38;5;112m[AndroidUiautomator2Driver@b341 (75895e03)]&amp#27;[0m     at asyncHandler (/Users/oikhlas/.nvm/versions/node/v18.16.1/lib/node_modules/appium/node_modules/@appium/base-driver/lib/protocol/protocol.js:387:19)
&amp#27;[38;5;66m[75895e03]&amp#27;[0m&amp#27;[38;5;86m[HTTP]&amp#27;[0m <-- POST /session/75895e03-7749-47e3-bc13-bf90a3ed7962/execute/sync 404 3 ms - 5939 
&amp#27;[38;5;66m[75895e03]&amp#27;[0m&amp#27;[38;5;86m[HTTP]&amp#27;[0m &amp#27;[37m-->&amp#27;[39m &amp#27;[37mGET&amp#27;[39m &amp#27;[37m/session/75895e03-7749-47e3-bc13-bf90a3ed7962/context&amp#27;[39m {}
&amp#27;[38;5;66m[75895e03]&amp#27;[0m&amp#27;[38;5;112m[AndroidUiautomator2Driver@b341 (75895e03)]&amp#27;[0m Calling AppiumDriver.getCurrentContext() with args: ["75895e03-7749-47e3-bc13-bf90a3ed7962"]
&amp#27;[38;5;66m[75895e03]&amp#27;[0m&amp#27;[38;5;112m[AndroidUiautomator2Driver@b341 (75895e03)]&amp#27;[0m Responding to client with driver.getCurrentContext() result: "NATIVE_APP"
&amp#27;[38;5;66m[75895e03]&amp#27;[0m&amp#27;[38;5;86m[HTTP]&amp#27;[0m <-- GET /session/75895e03-7749-47e3-bc13-bf90a3ed7962/context 200 1 ms - 22 
&amp#27;[38;5;66m[75895e03]&amp#27;[0m&amp#27;[38;5;86m[HTTP]&amp#27;[0m &amp#27;[37m-->&amp#27;[39m &amp#27;[37mPOST&amp#27;[39m &amp#27;[37m/session/75895e03-7749-47e3-bc13-bf90a3ed7962/element&amp#27;[39m {"using":"xpath","value":"//*[@scrollable=\"true\"]"}
&amp#27;[38;5;66m[75895e03]&amp#27;[0m&amp#27;[38;5;112m[AndroidUiautomator2Driver@b341 (75895e03)]&amp#27;[0m Calling AppiumDriver.findElement() with args: ["xpath","//*[@scrollable=\"true\"]","75895e03-7749-47e3-bc13-bf90a3ed7962"]
&amp#27;[38;5;66m[75895e03]&amp#27;[0m&amp#27;[38;5;112m[AndroidUiautomator2Driver@b341 (75895e03)]&amp#27;[0m Valid locator strategies for this request: xpath, id, class name, accessibility id, css selector, -android uiautomator
&amp#27;[38;5;66m[75895e03]&amp#27;[0m&amp#27;[38;5;112m[AndroidUiautomator2Driver@b341 (75895e03)]&amp#27;[0m Waiting up to 20000 ms for condition
&amp#27;[38;5;66m[75895e03]&amp#27;[0m&amp#27;[38;5;112m[AndroidUiautomator2Driver@b341 (75895e03)]&amp#27;[0m Matched '/element' to command name 'findElement'
&amp#27;[38;5;66m[75895e03]&amp#27;[0m&amp#27;[38;5;112m[AndroidUiautomator2Driver@b341 (75895e03)]&amp#27;[0m Proxying [POST /element] to [POST http://127.0.0.1:8200/session/9a29d941-f2de-44a0-9e8c-b573902f2815/element] with body: {"strategy":"-android uiautomator","selector":"new UiSelector().scrollable(true)","context":"","multiple":false}
&amp#27;[38;5;66m[75895e03]&amp#27;[0m&amp#27;[38;5;112m[AndroidUiautomator2Driver@b341 (75895e03)]&amp#27;[0m Got response with status 200: {"sessionId":"9a29d941-f2de-44a0-9e8c-b573902f2815","value":{"ELEMENT":"00000000-0000-0031-ffff-ffff0000001a","element-6066-11e4-a52e-4f735466cecf":"00000000-0000-0031-ffff-ffff0000001a"}}
&amp#27;[38;5;66m[75895e03]&amp#27;[0m&amp#27;[38;5;112m[AndroidUiautomator2Driver@b341 (75895e03)]&amp#27;[0m Responding to client with driver.findElement() result: {"element-6066-11e4-a52e-4f735466cecf":"00000000-0000-0031-ffff-ffff0000001a","ELEMENT":"00000000-0000-0031-ffff-ffff0000001a"}
&amp#27;[38;5;66m[75895e03]&amp#27;[0m&amp#27;[38;5;86m[HTTP]&amp#27;[0m <-- POST /session/75895e03-7749-47e3-bc13-bf90a3ed7962/element 200 71 ms - 137 
&amp#27;[38;5;66m[75895e03]&amp#27;[0m&amp#27;[38;5;86m[HTTP]&amp#27;[0m &amp#27;[37m-->&amp#27;[39m &amp#27;[37mGET&amp#27;[39m &amp#27;[37m/session/75895e03-7749-47e3-bc13-bf90a3ed7962/element/00000000-0000-0031-ffff-ffff0000001a/attribute/className&amp#27;[39m {}
&amp#27;[38;5;66m[75895e03]&amp#27;[0m&amp#27;[38;5;112m[AndroidUiautomator2Driver@b341 (75895e03)]&amp#27;[0m Calling AppiumDriver.getAttribute() with args: ["className","00000000-0000-0031-ffff-ffff0000001a","75895e03-7749-47e3-bc13-bf90a3ed7962"]
&amp#27;[38;5;66m[75895e03]&amp#27;[0m&amp#27;[38;5;112m[AndroidUiautomator2Driver@b341 (75895e03)]&amp#27;[0m Matched '/element/00000000-0000-0031-ffff-ffff0000001a/attribute/className' to command name 'getAttribute'
&amp#27;[38;5;66m[75895e03]&amp#27;[0m&amp#27;[38;5;112m[AndroidUiautomator2Driver@b341 (75895e03)]&amp#27;[0m Proxying [GET /element/00000000-0000-0031-ffff-ffff0000001a/attribute/className] to [GET http://127.0.0.1:8200/session/9a29d941-f2de-44a0-9e8c-b573902f2815/element/00000000-0000-0031-ffff-ffff0000001a/attribute/className] with no body
&amp#27;[38;5;66m[75895e03]&amp#27;[0m&amp#27;[38;5;112m[AndroidUiautomator2Driver@b341 (75895e03)]&amp#27;[0m Got response with status 200: {"sessionId":"9a29d941-f2de-44a0-9e8c-b573902f2815","value":"android.widget.Spinner"}
&amp#27;[38;5;66m[75895e03]&amp#27;[0m&amp#27;[38;5;112m[AndroidUiautomator2Driver@b341 (75895e03)]&amp#27;[0m Responding to client with driver.getAttribute() result: "android.widget.Spinner"
&amp#27;[38;5;66m[75895e03]&amp#27;[0m&amp#27;[38;5;86m[HTTP]&amp#27;[0m <-- GET /session/75895e03-7749-47e3-bc13-bf90a3ed7962/element/00000000-0000-0031-ffff-ffff0000001a/attribute/className 200 54 ms - 34 
&amp#27;[38;5;66m[75895e03]&amp#27;[0m&amp#27;[38;5;86m[HTTP]&amp#27;[0m &amp#27;[37m-->&amp#27;[39m &amp#27;[37mPOST&amp#27;[39m &amp#27;[37m/session/75895e03-7749-47e3-bc13-bf90a3ed7962/execute/sync&amp#27;[39m {"script":"mobile:shell","args":[{"command":"dumpsys window | grep 'mCurrentRotation' | cut -d = -f2"}]}
&amp#27;[38;5;66m[75895e03]&amp#27;[0m&amp#27;[38;5;112m[AndroidUiautomator2Driver@b341 (75895e03)]&amp#27;[0m Calling AppiumDriver.execute() with args: ["mobile:shell",[{"command":"dumpsys window | grep 'mCurrentRotation' | cut -d = -f2"}],"75895e03-7749-47e3-bc13-bf90a3ed7962"]
&amp#27;[38;5;66m[75895e03]&amp#27;[0m&amp#27;[38;5;112m[AndroidUiautomator2Driver@b341 (75895e03)]&amp#27;[0m Executing method 'mobile: shell'
&amp#27;[38;5;66m[75895e03]&amp#27;[0m&amp#27;[38;5;112m[AndroidUiautomator2Driver@b341 (75895e03)]&amp#27;[0m Encountered internal error running command: Error: Potentially insecure feature 'adb_shell' has not been enabled. If you want to enable this feature and accept the security ramifications, please do so by following the documented instructions at https://github.com/appium/appium/blob/master/docs/en/writing-running-appium/security.md
&amp#27;[38;5;66m[75895e03]&amp#27;[0m&amp#27;[38;5;112m[AndroidUiautomator2Driver@b341 (75895e03)]&amp#27;[0m     at AndroidUiautomator2Driver.assertFeatureEnabled (/Users/oikhlas/node_modules/@appium/base-driver/lib/basedriver/core.ts:292:13)
&amp#27;[38;5;66m[75895e03]&amp#27;[0m&amp#27;[38;5;112m[AndroidUiautomator2Driver@b341 (75895e03)]&amp#27;[0m     at AndroidUiautomator2Driver.ensureFeatureEnabled (/Users/oikhlas/node_modules/@appium/base-driver/lib/basedriver/core.ts:281:10)
&amp#27;[38;5;66m[75895e03]&amp#27;[0m&amp#27;[38;5;112m[AndroidUiautomator2Driver@b341 (75895e03)]&amp#27;[0m     at AndroidUiautomator2Driver.mobileShell (/Users/oikhlas/.appium/node_modules/appium-uiautomator2-driver/node_modules/appium-android-driver/lib/commands/shell.js:13:8)
&amp#27;[38;5;66m[75895e03]&amp#27;[0m&amp#27;[38;5;112m[AndroidUiautomator2Driver@b341 (75895e03)]&amp#27;[0m     at AndroidUiautomator2Driver.executeMobile (/Users/oikhlas/.appium/node_modules/appium-uiautomator2-driver/lib/commands/execute.js:66:82)
&amp#27;[38;5;66m[75895e03]&amp#27;[0m&amp#27;[38;5;112m[AndroidUiautomator2Driver@b341 (75895e03)]&amp#27;[0m     at AndroidUiautomator2Driver.execute (/Users/oikhlas/.appium/node_modules/appium-uiautomator2-driver/lib/commands/execute.js:24:25)
&amp#27;[38;5;66m[75895e03]&amp#27;[0m&amp#27;[38;5;112m[AndroidUiautomator2Driver@b341 (75895e03)]&amp#27;[0m     at commandExecutor (/Users/oikhlas/node_modules/@appium/base-driver/lib/basedriver/driver.ts:107:18)
&amp#27;[38;5;66m[75895e03]&amp#27;[0m&amp#27;[38;5;112m[AndroidUiautomator2Driver@b341 (75895e03)]&amp#27;[0m     at /Users/oikhlas/node_modules/async-lock/lib/index.js:171:12
&amp#27;[38;5;66m[75895e03]&amp#27;[0m&amp#27;[38;5;112m[AndroidUiautomator2Driver@b341 (75895e03)]&amp#27;[0m     at AsyncLock._promiseTry (/Users/oikhlas/node_modules/async-lock/lib/index.js:304:31)
&amp#27;[38;5;66m[75895e03]&amp#27;[0m&amp#27;[38;5;112m[AndroidUiautomator2Driver@b341 (75895e03)]&amp#27;[0m     at exec (/Users/oikhlas/node_modules/async-lock/lib/index.js:170:9)
&amp#27;[38;5;66m[75895e03]&amp#27;[0m&amp#27;[38;5;112m[AndroidUiautomator2Driver@b341 (75895e03)]&amp#27;[0m     at AsyncLock.acquire (/Users/oikhlas/node_modules/async-lock/lib/index.js:187:3)
&amp#27;[38;5;66m[75895e03]&amp#27;[0m&amp#27;[38;5;112m[AndroidUiautomator2Driver@b341 (75895e03)]&amp#27;[0m     at AndroidUiautomator2Driver.executeCommand (/Users/oikhlas/node_modules/@appium/base-driver/lib/basedriver/driver.ts:123:39)
&amp#27;[38;5;66m[75895e03]&amp#27;[0m&amp#27;[38;5;112m[AndroidUiautomator2Driver@b341 (75895e03)]&amp#27;[0m     at processTicksAndRejections (node:internal/process/task_queues:95:5)
&amp#27;[38;5;66m[75895e03]&amp#27;[0m&amp#27;[38;5;112m[AndroidUiautomator2Driver@b341 (75895e03)]&amp#27;[0m     at defaultBehavior (/Users/oikhlas/.nvm/versions/node/v18.16.1/lib/node_modules/appium/lib/appium.js:1135:14)
&amp#27;[38;5;66m[75895e03]&amp#27;[0m&amp#27;[38;5;112m[AndroidUiautomator2Driver@b341 (75895e03)]&amp#27;[0m     at AppiumDriver.executeWrappedCommand (/Users/oikhlas/.nvm/versions/node/v18.16.1/lib/node_modules/appium/lib/appium.js:1241:16)
&amp#27;[38;5;66m[75895e03]&amp#27;[0m&amp#27;[38;5;112m[AndroidUiautomator2Driver@b341 (75895e03)]&amp#27;[0m     at AppiumDriver.executeCommand (/Users/oikhlas/.nvm/versions/node/v18.16.1/lib/node_modules/appium/lib/appium.js:1147:17)
&amp#27;[38;5;66m[75895e03]&amp#27;[0m&amp#27;[38;5;112m[AndroidUiautomator2Driver@b341 (75895e03)]&amp#27;[0m     at asyncHandler (/Users/oikhlas/.nvm/versions/node/v18.16.1/lib/node_modules/appium/node_modules/@appium/base-driver/lib/protocol/protocol.js:387:19)
&amp#27;[38;5;66m[75895e03]&amp#27;[0m&amp#27;[38;5;86m[HTTP]&amp#27;[0m <-- POST /session/75895e03-7749-47e3-bc13-bf90a3ed7962/execute/sync 500 3 ms - 1126 
&amp#27;[38;5;66m[75895e03]&amp#27;[0m&amp#27;[38;5;86m[HTTP]&amp#27;[0m &amp#27;[37m-->&amp#27;[39m &amp#27;[37mGET&amp#27;[39m &amp#27;[37m/session/75895e03-7749-47e3-bc13-bf90a3ed7962/orientation&amp#27;[39m {}
&amp#27;[38;5;66m[75895e03]&amp#27;[0m&amp#27;[38;5;112m[AndroidUiautomator2Driver@b341 (75895e03)]&amp#27;[0m Driver proxy active, passing request on via HTTP proxy
&amp#27;[38;5;66m[75895e03]&amp#27;[0m&amp#27;[38;5;112m[AndroidUiautomator2Driver@b341 (75895e03)]&amp#27;[0m Matched '/session/75895e03-7749-47e3-bc13-bf90a3ed7962/orientation' to command name 'getOrientation'
&amp#27;[38;5;66m[75895e03]&amp#27;[0m&amp#27;[38;5;112m[AndroidUiautomator2Driver@b341 (75895e03)]&amp#27;[0m Proxying [GET /session/75895e03-7749-47e3-bc13-bf90a3ed7962/orientation] to [GET http://127.0.0.1:8200/session/9a29d941-f2de-44a0-9e8c-b573902f2815/orientation] with no body
&amp#27;[38;5;66m[75895e03]&amp#27;[0m&amp#27;[38;5;112m[AndroidUiautomator2Driver@b341 (75895e03)]&amp#27;[0m Got response with status 200: {"sessionId":"9a29d941-f2de-44a0-9e8c-b573902f2815","value":"PORTRAIT"}
&amp#27;[38;5;66m[75895e03]&amp#27;[0m&amp#27;[38;5;112m[AndroidUiautomator2Driver@b341 (75895e03)]&amp#27;[0m Replacing sessionId 9a29d941-f2de-44a0-9e8c-b573902f2815 with 75895e03-7749-47e3-bc13-bf90a3ed7962
&amp#27;[38;5;66m[75895e03]&amp#27;[0m&amp#27;[38;5;86m[HTTP]&amp#27;[0m <-- GET /session/75895e03-7749-47e3-bc13-bf90a3ed7962/orientation 200 21 ms - 71 
&amp#27;[38;5;66m[75895e03]&amp#27;[0m&amp#27;[38;5;86m[HTTP]&amp#27;[0m &amp#27;[37m-->&amp#27;[39m &amp#27;[37mGET&amp#27;[39m &amp#27;[37m/session/75895e03-7749-47e3-bc13-bf90a3ed7962/window/rect&amp#27;[39m {}
&amp#27;[38;5;66m[75895e03]&amp#27;[0m&amp#27;[38;5;112m[AndroidUiautomator2Driver@b341 (75895e03)]&amp#27;[0m Calling AppiumDriver.getWindowRect() with args: ["75895e03-7749-47e3-bc13-bf90a3ed7962"]
&amp#27;[38;5;66m[75895e03]&amp#27;[0m&amp#27;[38;5;112m[AndroidUiautomator2Driver@b341 (75895e03)]&amp#27;[0m Matched '/window/current/size' to command name 'getWindowSize'
&amp#27;[38;5;66m[75895e03]&amp#27;[0m&amp#27;[38;5;112m[AndroidUiautomator2Driver@b341 (75895e03)]&amp#27;[0m Proxying [GET /window/current/size] to [GET http://127.0.0.1:8200/session/9a29d941-f2de-44a0-9e8c-b573902f2815/window/current/size] with no body
&amp#27;[38;5;66m[75895e03]&amp#27;[0m&amp#27;[38;5;112m[AndroidUiautomator2Driver@b341 (75895e03)]&amp#27;[0m Got response with status 200: {"sessionId":"9a29d941-f2de-44a0-9e8c-b573902f2815","value":{"height":2880,"width":1440}}
&amp#27;[38;5;66m[75895e03]&amp#27;[0m&amp#27;[38;5;112m[AndroidUiautomator2Driver@b341 (75895e03)]&amp#27;[0m Responding to client with driver.getWindowRect() result: {"width":1440,"height":2880,"x":0,"y":0}
&amp#27;[38;5;66m[75895e03]&amp#27;[0m&amp#27;[38;5;86m[HTTP]&amp#27;[0m <-- GET /session/75895e03-7749-47e3-bc13-bf90a3ed7962/window/rect 200 24 ms - 50 
&amp#27;[38;5;66m[75895e03]&amp#27;[0m&amp#27;[38;5;86m[HTTP]&amp#27;[0m &amp#27;[37m-->&amp#27;[39m &amp#27;[37mGET&amp#27;[39m &amp#27;[37m/session/75895e03-7749-47e3-bc13-bf90a3ed7962/appium/device/system_bars&amp#27;[39m {}
&amp#27;[38;5;66m[75895e03]&amp#27;[0m&amp#27;[38;5;112m[AndroidUiautomator2Driver@b341 (75895e03)]&amp#27;[0m Calling AppiumDriver.getSystemBars() with args: ["75895e03-7749-47e3-bc13-bf90a3ed7962"]
&amp#27;[38;5;66m[75895e03]&amp#27;[0m&amp#27;[38;5;229m[ADB]&amp#27;[0m Running '/users/oikhlas/Library/Android/sdk/platform-tools/adb -P 5037 -s emulator-5554 shell dumpsys window windows'
&amp#27;[38;5;66m[75895e03]&amp#27;[0m&amp#27;[38;5;112m[AndroidUiautomator2Driver@b341 (75895e03)]&amp#27;[0m Responding to client with driver.getSystemBars() result: {"navigationBar":{"visible":true,"x":0,"y":2712,"width":1440,"height":168},"statusBar":{"visible":true,"x":0,"y":0,"width":1440,"height":84}}
&amp#27;[38;5;66m[75895e03]&amp#27;[0m&amp#27;[38;5;86m[HTTP]&amp#27;[0m <-- GET /session/75895e03-7749-47e3-bc13-bf90a3ed7962/appium/device/system_bars 200 254 ms - 151 
&amp#27;[38;5;66m[75895e03]&amp#27;[0m&amp#27;[38;5;86m[HTTP]&amp#27;[0m &amp#27;[37m-->&amp#27;[39m &amp#27;[37mPOST&amp#27;[39m &amp#27;[37m/session/75895e03-7749-47e3-bc13-bf90a3ed7962/element&amp#27;[39m {"using":"xpath","value":"//*[@content-desc=\"EyesAppiumHelperEDT\"]"}
&amp#27;[38;5;66m[75895e03]&amp#27;[0m&amp#27;[38;5;112m[AndroidUiautomator2Driver@b341 (75895e03)]&amp#27;[0m Calling AppiumDriver.findElement() with args: ["xpath","//*[@content-desc=\"EyesAppiumHelperEDT\"]","75895e03-7749-47e3-bc13-bf90a3ed7962"]
&amp#27;[38;5;66m[75895e03]&amp#27;[0m&amp#27;[38;5;112m[AndroidUiautomator2Driver@b341 (75895e03)]&amp#27;[0m Valid locator strategies for this request: xpath, id, class name, accessibility id, css selector, -android uiautomator
&amp#27;[38;5;66m[75895e03]&amp#27;[0m&amp#27;[38;5;112m[AndroidUiautomator2Driver@b341 (75895e03)]&amp#27;[0m Waiting up to 20000 ms for condition
&amp#27;[38;5;66m[75895e03]&amp#27;[0m&amp#27;[38;5;112m[AndroidUiautomator2Driver@b341 (75895e03)]&amp#27;[0m Matched '/element' to command name 'findElement'
&amp#27;[38;5;66m[75895e03]&amp#27;[0m&amp#27;[38;5;112m[AndroidUiautomator2Driver@b341 (75895e03)]&amp#27;[0m Proxying [POST /element] to [POST http://127.0.0.1:8200/session/9a29d941-f2de-44a0-9e8c-b573902f2815/element] with body: {"strategy":"xpath","selector":"//*[@content-desc=\"EyesAppiumHelperEDT\"]","context":"","multiple":false}
&amp#27;[38;5;66m[75895e03]&amp#27;[0m&amp#27;[38;5;112m[AndroidUiautomator2Driver@b341 (75895e03)]&amp#27;[0m Got response with status 404: {"sessionId":"9a29d941-f2de-44a0-9e8c-b573902f2815","value":{"error":"no such element","message":"An element could not be located on the page using the given search parameters","stacktrace":"io.appium.uiautomator2.common.exceptions.ElementNotFoundException: An element could not be located on the page using the given search parameters\n\tat io.appium.uiautomator2.utils.ElementLocationHelpers.findElement(ElementLocationHelpers.java:156)\n\tat io.appium.uiautomator2.handler.FindElement.safeHandle(FindElement.java:60)\n\tat io.appium.uiautomator2.handler.request.SafeRequestHandler.handle(SafeRequestHandler.java:59)\n\tat io.appium.uiautomator2.server.AppiumServlet.handleRequest(AppiumServlet.java:277)\n\tat io.appium.uiautomator2.server.AppiumServlet.handleHttpRequest(AppiumServlet.java:271)\n\tat io.appium.uiautomator2.http.ServerHandler.channelRead(ServerHandler.java:77)\n\tat io.netty.channel.AbstractChannelHandlerContext.invokeChannelRead(AbstractChannelHandlerContext.java:366)\n\tat io.netty.channel.Abstr...
&amp#27;[38;5;66m[75895e03]&amp#27;[0m&amp#27;[38;5;123m[W3C]&amp#27;[0m Matched W3C error code 'no such element' to NoSuchElementError
&amp#27;[38;5;66m[75895e03]&amp#27;[0m&amp#27;[38;5;112m[AndroidUiautomator2Driver@b341 (75895e03)]&amp#27;[0m Waited for 976 ms so far
&amp#27;[38;5;66m[75895e03]&amp#27;[0m&amp#27;[38;5;112m[AndroidUiautomator2Driver@b341 (75895e03)]&amp#27;[0m Matched '/element' to command name 'findElement'
&amp#27;[38;5;66m[75895e03]&amp#27;[0m&amp#27;[38;5;112m[AndroidUiautomator2Driver@b341 (75895e03)]&amp#27;[0m Proxying [POST /element] to [POST http://127.0.0.1:8200/session/9a29d941-f2de-44a0-9e8c-b573902f2815/element] with body: {"strategy":"xpath","selector":"//*[@content-desc=\"EyesAppiumHelperEDT\"]","context":"","multiple":false}
&amp#27;[38;5;66m[75895e03]&amp#27;[0m&amp#27;[38;5;112m[AndroidUiautomator2Driver@b341 (75895e03)]&amp#27;[0m Got response with status 404: {"sessionId":"9a29d941-f2de-44a0-9e8c-b573902f2815","value":{"error":"no such element","message":"An element could not be located on the page using the given search parameters","stacktrace":"io.appium.uiautomator2.common.exceptions.ElementNotFoundException: An element could not be located on the page using the given search parameters\n\tat io.appium.uiautomator2.utils.ElementLocationHelpers.findElement(ElementLocationHelpers.java:156)\n\tat io.appium.uiautomator2.handler.FindElement.safeHandle(FindElement.java:60)\n\tat io.appium.uiautomator2.handler.request.SafeRequestHandler.handle(SafeRequestHandler.java:59)\n\tat io.appium.uiautomator2.server.AppiumServlet.handleRequest(AppiumServlet.java:277)\n\tat io.appium.uiautomator2.server.AppiumServlet.handleHttpRequest(AppiumServlet.java:271)\n\tat io.appium.uiautomator2.http.ServerHandler.channelRead(ServerHandler.java:77)\n\tat io.netty.channel.AbstractChannelHandlerContext.invokeChannelRead(AbstractChannelHandlerContext.java:366)\n\tat io.netty.channel.Abstr...
&amp#27;[38;5;66m[75895e03]&amp#27;[0m&amp#27;[38;5;123m[W3C]&amp#27;[0m Matched W3C error code 'no such element' to NoSuchElementError
&amp#27;[38;5;66m[75895e03]&amp#27;[0m&amp#27;[38;5;112m[AndroidUiautomator2Driver@b341 (75895e03)]&amp#27;[0m Waited for 2031 ms so far
&amp#27;[38;5;66m[75895e03]&amp#27;[0m&amp#27;[38;5;112m[AndroidUiautomator2Driver@b341 (75895e03)]&amp#27;[0m Matched '/element' to command name 'findElement'
&amp#27;[38;5;66m[75895e03]&amp#27;[0m&amp#27;[38;5;112m[AndroidUiautomator2Driver@b341 (75895e03)]&amp#27;[0m Proxying [POST /element] to [POST http://127.0.0.1:8200/session/9a29d941-f2de-44a0-9e8c-b573902f2815/element] with body: {"strategy":"xpath","selector":"//*[@content-desc=\"EyesAppiumHelperEDT\"]","context":"","multiple":false}
&amp#27;[38;5;66m[75895e03]&amp#27;[0m&amp#27;[38;5;112m[AndroidUiautomator2Driver@b341 (75895e03)]&amp#27;[0m Got response with status 404: {"sessionId":"9a29d941-f2de-44a0-9e8c-b573902f2815","value":{"error":"no such element","message":"An element could not be located on the page using the given search parameters","stacktrace":"io.appium.uiautomator2.common.exceptions.ElementNotFoundException: An element could not be located on the page using the given search parameters\n\tat io.appium.uiautomator2.utils.ElementLocationHelpers.findElement(ElementLocationHelpers.java:156)\n\tat io.appium.uiautomator2.handler.FindElement.safeHandle(FindElement.java:60)\n\tat io.appium.uiautomator2.handler.request.SafeRequestHandler.handle(SafeRequestHandler.java:59)\n\tat io.appium.uiautomator2.server.AppiumServlet.handleRequest(AppiumServlet.java:277)\n\tat io.appium.uiautomator2.server.AppiumServlet.handleHttpRequest(AppiumServlet.java:271)\n\tat io.appium.uiautomator2.http.ServerHandler.channelRead(ServerHandler.java:77)\n\tat io.netty.channel.AbstractChannelHandlerContext.invokeChannelRead(AbstractChannelHandlerContext.java:366)\n\tat io.netty.channel.Abstr...
&amp#27;[38;5;66m[75895e03]&amp#27;[0m&amp#27;[38;5;123m[W3C]&amp#27;[0m Matched W3C error code 'no such element' to NoSuchElementError
&amp#27;[38;5;66m[75895e03]&amp#27;[0m&amp#27;[38;5;112m[AndroidUiautomator2Driver@b341 (75895e03)]&amp#27;[0m Waited for 2806 ms so far
&amp#27;[38;5;66m[75895e03]&amp#27;[0m&amp#27;[38;5;112m[AndroidUiautomator2Driver@b341 (75895e03)]&amp#27;[0m Matched '/element' to command name 'findElement'
&amp#27;[38;5;66m[75895e03]&amp#27;[0m&amp#27;[38;5;112m[AndroidUiautomator2Driver@b341 (75895e03)]&amp#27;[0m Proxying [POST /element] to [POST http://127.0.0.1:8200/session/9a29d941-f2de-44a0-9e8c-b573902f2815/element] with body: {"strategy":"xpath","selector":"//*[@content-desc=\"EyesAppiumHelperEDT\"]","context":"","multiple":false}
&amp#27;[38;5;66m[75895e03]&amp#27;[0m&amp#27;[38;5;112m[AndroidUiautomator2Driver@b341 (75895e03)]&amp#27;[0m Got response with status 404: {"sessionId":"9a29d941-f2de-44a0-9e8c-b573902f2815","value":{"error":"no such element","message":"An element could not be located on the page using the given search parameters","stacktrace":"io.appium.uiautomator2.common.exceptions.ElementNotFoundException: An element could not be located on the page using the given search parameters\n\tat io.appium.uiautomator2.utils.ElementLocationHelpers.findElement(ElementLocationHelpers.java:156)\n\tat io.appium.uiautomator2.handler.FindElement.safeHandle(FindElement.java:60)\n\tat io.appium.uiautomator2.handler.request.SafeRequestHandler.handle(SafeRequestHandler.java:59)\n\tat io.appium.uiautomator2.server.AppiumServlet.handleRequest(AppiumServlet.java:277)\n\tat io.appium.uiautomator2.server.AppiumServlet.handleHttpRequest(AppiumServlet.java:271)\n\tat io.appium.uiautomator2.http.ServerHandler.channelRead(ServerHandler.java:77)\n\tat io.netty.channel.AbstractChannelHandlerContext.invokeChannelRead(AbstractChannelHandlerContext.java:366)\n\tat io.netty.channel.Abstr...
&amp#27;[38;5;66m[75895e03]&amp#27;[0m&amp#27;[38;5;123m[W3C]&amp#27;[0m Matched W3C error code 'no such element' to NoSuchElementError
&amp#27;[38;5;66m[75895e03]&amp#27;[0m&amp#27;[38;5;112m[AndroidUiautomator2Driver@b341 (75895e03)]&amp#27;[0m Waited for 3685 ms so far
&amp#27;[38;5;66m[75895e03]&amp#27;[0m&amp#27;[38;5;112m[AndroidUiautomator2Driver@b341 (75895e03)]&amp#27;[0m Matched '/element' to command name 'findElement'
&amp#27;[38;5;66m[75895e03]&amp#27;[0m&amp#27;[38;5;112m[AndroidUiautomator2Driver@b341 (75895e03)]&amp#27;[0m Proxying [POST /element] to [POST http://127.0.0.1:8200/session/9a29d941-f2de-44a0-9e8c-b573902f2815/element] with body: {"strategy":"xpath","selector":"//*[@content-desc=\"EyesAppiumHelperEDT\"]","context":"","multiple":false}
&amp#27;[38;5;66m[75895e03]&amp#27;[0m&amp#27;[38;5;112m[AndroidUiautomator2Driver@b341 (75895e03)]&amp#27;[0m Got response with status 404: {"sessionId":"9a29d941-f2de-44a0-9e8c-b573902f2815","value":{"error":"no such element","message":"An element could not be located on the page using the given search parameters","stacktrace":"io.appium.uiautomator2.common.exceptions.ElementNotFoundException: An element could not be located on the page using the given search parameters\n\tat io.appium.uiautomator2.utils.ElementLocationHelpers.findElement(ElementLocationHelpers.java:156)\n\tat io.appium.uiautomator2.handler.FindElement.safeHandle(FindElement.java:60)\n\tat io.appium.uiautomator2.handler.request.SafeRequestHandler.handle(SafeRequestHandler.java:59)\n\tat io.appium.uiautomator2.server.AppiumServlet.handleRequest(AppiumServlet.java:277)\n\tat io.appium.uiautomator2.server.AppiumServlet.handleHttpRequest(AppiumServlet.java:271)\n\tat io.appium.uiautomator2.http.ServerHandler.channelRead(ServerHandler.java:77)\n\tat io.netty.channel.AbstractChannelHandlerContext.invokeChannelRead(AbstractChannelHandlerContext.java:366)\n\tat io.netty.channel.Abstr...
&amp#27;[38;5;66m[75895e03]&amp#27;[0m&amp#27;[38;5;123m[W3C]&amp#27;[0m Matched W3C error code 'no such element' to NoSuchElementError
&amp#27;[38;5;66m[75895e03]&amp#27;[0m&amp#27;[38;5;112m[AndroidUiautomator2Driver@b341 (75895e03)]&amp#27;[0m Waited for 4377 ms so far
&amp#27;[38;5;66m[75895e03]&amp#27;[0m&amp#27;[38;5;112m[AndroidUiautomator2Driver@b341 (75895e03)]&amp#27;[0m Matched '/element' to command name 'findElement'
&amp#27;[38;5;66m[75895e03]&amp#27;[0m&amp#27;[38;5;112m[AndroidUiautomator2Driver@b341 (75895e03)]&amp#27;[0m Proxying [POST /element] to [POST http://127.0.0.1:8200/session/9a29d941-f2de-44a0-9e8c-b573902f2815/element] with body: {"strategy":"xpath","selector":"//*[@content-desc=\"EyesAppiumHelperEDT\"]","context":"","multiple":false}
&amp#27;[38;5;66m[75895e03]&amp#27;[0m&amp#27;[38;5;112m[AndroidUiautomator2Driver@b341 (75895e03)]&amp#27;[0m Got response with status 404: {"sessionId":"9a29d941-f2de-44a0-9e8c-b573902f2815","value":{"error":"no such element","message":"An element could not be located on the page using the given search parameters","stacktrace":"io.appium.uiautomator2.common.exceptions.ElementNotFoundException: An element could not be located on the page using the given search parameters\n\tat io.appium.uiautomator2.utils.ElementLocationHelpers.findElement(ElementLocationHelpers.java:156)\n\tat io.appium.uiautomator2.handler.FindElement.safeHandle(FindElement.java:60)\n\tat io.appium.uiautomator2.handler.request.SafeRequestHandler.handle(SafeRequestHandler.java:59)\n\tat io.appium.uiautomator2.server.AppiumServlet.handleRequest(AppiumServlet.java:277)\n\tat io.appium.uiautomator2.server.AppiumServlet.handleHttpRequest(AppiumServlet.java:271)\n\tat io.appium.uiautomator2.http.ServerHandler.channelRead(ServerHandler.java:77)\n\tat io.netty.channel.AbstractChannelHandlerContext.invokeChannelRead(AbstractChannelHandlerContext.java:366)\n\tat io.netty.channel.Abstr...
&amp#27;[38;5;66m[75895e03]&amp#27;[0m&amp#27;[38;5;123m[W3C]&amp#27;[0m Matched W3C error code 'no such element' to NoSuchElementError
&amp#27;[38;5;66m[75895e03]&amp#27;[0m&amp#27;[38;5;112m[AndroidUiautomator2Driver@b341 (75895e03)]&amp#27;[0m Waited for 5028 ms so far
&amp#27;[38;5;66m[75895e03]&amp#27;[0m&amp#27;[38;5;112m[AndroidUiautomator2Driver@b341 (75895e03)]&amp#27;[0m Matched '/element' to command name 'findElement'
&amp#27;[38;5;66m[75895e03]&amp#27;[0m&amp#27;[38;5;112m[AndroidUiautomator2Driver@b341 (75895e03)]&amp#27;[0m Proxying [POST /element] to [POST http://127.0.0.1:8200/session/9a29d941-f2de-44a0-9e8c-b573902f2815/element] with body: {"strategy":"xpath","selector":"//*[@content-desc=\"EyesAppiumHelperEDT\"]","context":"","multiple":false}
&amp#27;[38;5;66m[75895e03]&amp#27;[0m&amp#27;[38;5;112m[AndroidUiautomator2Driver@b341 (75895e03)]&amp#27;[0m Got response with status 404: {"sessionId":"9a29d941-f2de-44a0-9e8c-b573902f2815","value":{"error":"no such element","message":"An element could not be located on the page using the given search parameters","stacktrace":"io.appium.uiautomator2.common.exceptions.ElementNotFoundException: An element could not be located on the page using the given search parameters\n\tat io.appium.uiautomator2.utils.ElementLocationHelpers.findElement(ElementLocationHelpers.java:156)\n\tat io.appium.uiautomator2.handler.FindElement.safeHandle(FindElement.java:60)\n\tat io.appium.uiautomator2.handler.request.SafeRequestHandler.handle(SafeRequestHandler.java:59)\n\tat io.appium.uiautomator2.server.AppiumServlet.handleRequest(AppiumServlet.java:277)\n\tat io.appium.uiautomator2.server.AppiumServlet.handleHttpRequest(AppiumServlet.java:271)\n\tat io.appium.uiautomator2.http.ServerHandler.channelRead(ServerHandler.java:77)\n\tat io.netty.channel.AbstractChannelHandlerContext.invokeChannelRead(AbstractChannelHandlerContext.java:366)\n\tat io.netty.channel.Abstr...
&amp#27;[38;5;66m[75895e03]&amp#27;[0m&amp#27;[38;5;123m[W3C]&amp#27;[0m Matched W3C error code 'no such element' to NoSuchElementError
&amp#27;[38;5;66m[75895e03]&amp#27;[0m&amp#27;[38;5;112m[AndroidUiautomator2Driver@b341 (75895e03)]&amp#27;[0m Waited for 5665 ms so far
&amp#27;[38;5;66m[75895e03]&amp#27;[0m&amp#27;[38;5;112m[AndroidUiautomator2Driver@b341 (75895e03)]&amp#27;[0m Matched '/element' to command name 'findElement'
&amp#27;[38;5;66m[75895e03]&amp#27;[0m&amp#27;[38;5;112m[AndroidUiautomator2Driver@b341 (75895e03)]&amp#27;[0m Proxying [POST /element] to [POST http://127.0.0.1:8200/session/9a29d941-f2de-44a0-9e8c-b573902f2815/element] with body: {"strategy":"xpath","selector":"//*[@content-desc=\"EyesAppiumHelperEDT\"]","context":"","multiple":false}
&amp#27;[38;5;66m[75895e03]&amp#27;[0m&amp#27;[38;5;112m[AndroidUiautomator2Driver@b341 (75895e03)]&amp#27;[0m Got response with status 404: {"sessionId":"9a29d941-f2de-44a0-9e8c-b573902f2815","value":{"error":"no such element","message":"An element could not be located on the page using the given search parameters","stacktrace":"io.appium.uiautomator2.common.exceptions.ElementNotFoundException: An element could not be located on the page using the given search parameters\n\tat io.appium.uiautomator2.utils.ElementLocationHelpers.findElement(ElementLocationHelpers.java:156)\n\tat io.appium.uiautomator2.handler.FindElement.safeHandle(FindElement.java:60)\n\tat io.appium.uiautomator2.handler.request.SafeRequestHandler.handle(SafeRequestHandler.java:59)\n\tat io.appium.uiautomator2.server.AppiumServlet.handleRequest(AppiumServlet.java:277)\n\tat io.appium.uiautomator2.server.AppiumServlet.handleHttpRequest(AppiumServlet.java:271)\n\tat io.appium.uiautomator2.http.ServerHandler.channelRead(ServerHandler.java:77)\n\tat io.netty.channel.AbstractChannelHandlerContext.invokeChannelRead(AbstractChannelHandlerContext.java:366)\n\tat io.netty.channel.Abstr...
&amp#27;[38;5;66m[75895e03]&amp#27;[0m&amp#27;[38;5;123m[W3C]&amp#27;[0m Matched W3C error code 'no such element' to NoSuchElementError
&amp#27;[38;5;66m[75895e03]&amp#27;[0m&amp#27;[38;5;112m[AndroidUiautomator2Driver@b341 (75895e03)]&amp#27;[0m Waited for 6297 ms so far
&amp#27;[38;5;66m[75895e03]&amp#27;[0m&amp#27;[38;5;112m[AndroidUiautomator2Driver@b341 (75895e03)]&amp#27;[0m Matched '/element' to command name 'findElement'
&amp#27;[38;5;66m[75895e03]&amp#27;[0m&amp#27;[38;5;112m[AndroidUiautomator2Driver@b341 (75895e03)]&amp#27;[0m Proxying [POST /element] to [POST http://127.0.0.1:8200/session/9a29d941-f2de-44a0-9e8c-b573902f2815/element] with body: {"strategy":"xpath","selector":"//*[@content-desc=\"EyesAppiumHelperEDT\"]","context":"","multiple":false}
&amp#27;[38;5;66m[75895e03]&amp#27;[0m&amp#27;[38;5;112m[AndroidUiautomator2Driver@b341 (75895e03)]&amp#27;[0m Got response with status 404: {"sessionId":"9a29d941-f2de-44a0-9e8c-b573902f2815","value":{"error":"no such element","message":"An element could not be located on the page using the given search parameters","stacktrace":"io.appium.uiautomator2.common.exceptions.ElementNotFoundException: An element could not be located on the page using the given search parameters\n\tat io.appium.uiautomator2.utils.ElementLocationHelpers.findElement(ElementLocationHelpers.java:156)\n\tat io.appium.uiautomator2.handler.FindElement.safeHandle(FindElement.java:60)\n\tat io.appium.uiautomator2.handler.request.SafeRequestHandler.handle(SafeRequestHandler.java:59)\n\tat io.appium.uiautomator2.server.AppiumServlet.handleRequest(AppiumServlet.java:277)\n\tat io.appium.uiautomator2.server.AppiumServlet.handleHttpRequest(AppiumServlet.java:271)\n\tat io.appium.uiautomator2.http.ServerHandler.channelRead(ServerHandler.java:77)\n\tat io.netty.channel.AbstractChannelHandlerContext.invokeChannelRead(AbstractChannelHandlerContext.java:366)\n\tat io.netty.channel.Abstr...
&amp#27;[38;5;66m[75895e03]&amp#27;[0m&amp#27;[38;5;123m[W3C]&amp#27;[0m Matched W3C error code 'no such element' to NoSuchElementError
&amp#27;[38;5;66m[75895e03]&amp#27;[0m&amp#27;[38;5;112m[AndroidUiautomator2Driver@b341 (75895e03)]&amp#27;[0m Waited for 6931 ms so far
&amp#27;[38;5;66m[75895e03]&amp#27;[0m&amp#27;[38;5;112m[AndroidUiautomator2Driver@b341 (75895e03)]&amp#27;[0m Matched '/element' to command name 'findElement'
&amp#27;[38;5;66m[75895e03]&amp#27;[0m&amp#27;[38;5;112m[AndroidUiautomator2Driver@b341 (75895e03)]&amp#27;[0m Proxying [POST /element] to [POST http://127.0.0.1:8200/session/9a29d941-f2de-44a0-9e8c-b573902f2815/element] with body: {"strategy":"xpath","selector":"//*[@content-desc=\"EyesAppiumHelperEDT\"]","context":"","multiple":false}
&amp#27;[38;5;66m[75895e03]&amp#27;[0m&amp#27;[38;5;112m[AndroidUiautomator2Driver@b341 (75895e03)]&amp#27;[0m Got response with status 404: {"sessionId":"9a29d941-f2de-44a0-9e8c-b573902f2815","value":{"error":"no such element","message":"An element could not be located on the page using the given search parameters","stacktrace":"io.appium.uiautomator2.common.exceptions.ElementNotFoundException: An element could not be located on the page using the given search parameters\n\tat io.appium.uiautomator2.utils.ElementLocationHelpers.findElement(ElementLocationHelpers.java:156)\n\tat io.appium.uiautomator2.handler.FindElement.safeHandle(FindElement.java:60)\n\tat io.appium.uiautomator2.handler.request.SafeRequestHandler.handle(SafeRequestHandler.java:59)\n\tat io.appium.uiautomator2.server.AppiumServlet.handleRequest(AppiumServlet.java:277)\n\tat io.appium.uiautomator2.server.AppiumServlet.handleHttpRequest(AppiumServlet.java:271)\n\tat io.appium.uiautomator2.http.ServerHandler.channelRead(ServerHandler.java:77)\n\tat io.netty.channel.AbstractChannelHandlerContext.invokeChannelRead(AbstractChannelHandlerContext.java:366)\n\tat io.netty.channel.Abstr...
&amp#27;[38;5;66m[75895e03]&amp#27;[0m&amp#27;[38;5;123m[W3C]&amp#27;[0m Matched W3C error code 'no such element' to NoSuchElementError
&amp#27;[38;5;66m[75895e03]&amp#27;[0m&amp#27;[38;5;112m[AndroidUiautomator2Driver@b341 (75895e03)]&amp#27;[0m Waited for 7695 ms so far
&amp#27;[38;5;66m[75895e03]&amp#27;[0m&amp#27;[38;5;112m[AndroidUiautomator2Driver@b341 (75895e03)]&amp#27;[0m Matched '/element' to command name 'findElement'
&amp#27;[38;5;66m[75895e03]&amp#27;[0m&amp#27;[38;5;112m[AndroidUiautomator2Driver@b341 (75895e03)]&amp#27;[0m Proxying [POST /element] to [POST http://127.0.0.1:8200/session/9a29d941-f2de-44a0-9e8c-b573902f2815/element] with body: {"strategy":"xpath","selector":"//*[@content-desc=\"EyesAppiumHelperEDT\"]","context":"","multiple":false}
&amp#27;[38;5;66m[75895e03]&amp#27;[0m&amp#27;[38;5;112m[AndroidUiautomator2Driver@b341 (75895e03)]&amp#27;[0m Got response with status 404: {"sessionId":"9a29d941-f2de-44a0-9e8c-b573902f2815","value":{"error":"no such element","message":"An element could not be located on the page using the given search parameters","stacktrace":"io.appium.uiautomator2.common.exceptions.ElementNotFoundException: An element could not be located on the page using the given search parameters\n\tat io.appium.uiautomator2.utils.ElementLocationHelpers.findElement(ElementLocationHelpers.java:156)\n\tat io.appium.uiautomator2.handler.FindElement.safeHandle(FindElement.java:60)\n\tat io.appium.uiautomator2.handler.request.SafeRequestHandler.handle(SafeRequestHandler.java:59)\n\tat io.appium.uiautomator2.server.AppiumServlet.handleRequest(AppiumServlet.java:277)\n\tat io.appium.uiautomator2.server.AppiumServlet.handleHttpRequest(AppiumServlet.java:271)\n\tat io.appium.uiautomator2.http.ServerHandler.channelRead(ServerHandler.java:77)\n\tat io.netty.channel.AbstractChannelHandlerContext.invokeChannelRead(AbstractChannelHandlerContext.java:366)\n\tat io.netty.channel.Abstr...
&amp#27;[38;5;66m[75895e03]&amp#27;[0m&amp#27;[38;5;123m[W3C]&amp#27;[0m Matched W3C error code 'no such element' to NoSuchElementError
&amp#27;[38;5;66m[75895e03]&amp#27;[0m&amp#27;[38;5;112m[AndroidUiautomator2Driver@b341 (75895e03)]&amp#27;[0m Waited for 8337 ms so far
&amp#27;[38;5;66m[75895e03]&amp#27;[0m&amp#27;[38;5;112m[AndroidUiautomator2Driver@b341 (75895e03)]&amp#27;[0m Matched '/element' to command name 'findElement'
&amp#27;[38;5;66m[75895e03]&amp#27;[0m&amp#27;[38;5;112m[AndroidUiautomator2Driver@b341 (75895e03)]&amp#27;[0m Proxying [POST /element] to [POST http://127.0.0.1:8200/session/9a29d941-f2de-44a0-9e8c-b573902f2815/element] with body: {"strategy":"xpath","selector":"//*[@content-desc=\"EyesAppiumHelperEDT\"]","context":"","multiple":false}
&amp#27;[38;5;66m[75895e03]&amp#27;[0m&amp#27;[38;5;112m[AndroidUiautomator2Driver@b341 (75895e03)]&amp#27;[0m Got response with status 404: {"sessionId":"9a29d941-f2de-44a0-9e8c-b573902f2815","value":{"error":"no such element","message":"An element could not be located on the page using the given search parameters","stacktrace":"io.appium.uiautomator2.common.exceptions.ElementNotFoundException: An element could not be located on the page using the given search parameters\n\tat io.appium.uiautomator2.utils.ElementLocationHelpers.findElement(ElementLocationHelpers.java:156)\n\tat io.appium.uiautomator2.handler.FindElement.safeHandle(FindElement.java:60)\n\tat io.appium.uiautomator2.handler.request.SafeRequestHandler.handle(SafeRequestHandler.java:59)\n\tat io.appium.uiautomator2.server.AppiumServlet.handleRequest(AppiumServlet.java:277)\n\tat io.appium.uiautomator2.server.AppiumServlet.handleHttpRequest(AppiumServlet.java:271)\n\tat io.appium.uiautomator2.http.ServerHandler.channelRead(ServerHandler.java:77)\n\tat io.netty.channel.AbstractChannelHandlerContext.invokeChannelRead(AbstractChannelHandlerContext.java:366)\n\tat io.netty.channel.Abstr...
&amp#27;[38;5;66m[75895e03]&amp#27;[0m&amp#27;[38;5;123m[W3C]&amp#27;[0m Matched W3C error code 'no such element' to NoSuchElementError
&amp#27;[38;5;66m[75895e03]&amp#27;[0m&amp#27;[38;5;112m[AndroidUiautomator2Driver@b341 (75895e03)]&amp#27;[0m Waited for 9041 ms so far
&amp#27;[38;5;66m[75895e03]&amp#27;[0m&amp#27;[38;5;112m[AndroidUiautomator2Driver@b341 (75895e03)]&amp#27;[0m Matched '/element' to command name 'findElement'
&amp#27;[38;5;66m[75895e03]&amp#27;[0m&amp#27;[38;5;112m[AndroidUiautomator2Driver@b341 (75895e03)]&amp#27;[0m Proxying [POST /element] to [POST http://127.0.0.1:8200/session/9a29d941-f2de-44a0-9e8c-b573902f2815/element] with body: {"strategy":"xpath","selector":"//*[@content-desc=\"EyesAppiumHelperEDT\"]","context":"","multiple":false}
&amp#27;[38;5;66m[75895e03]&amp#27;[0m&amp#27;[38;5;112m[AndroidUiautomator2Driver@b341 (75895e03)]&amp#27;[0m Got response with status 404: {"sessionId":"9a29d941-f2de-44a0-9e8c-b573902f2815","value":{"error":"no such element","message":"An element could not be located on the page using the given search parameters","stacktrace":"io.appium.uiautomator2.common.exceptions.ElementNotFoundException: An element could not be located on the page using the given search parameters\n\tat io.appium.uiautomator2.utils.ElementLocationHelpers.findElement(ElementLocationHelpers.java:156)\n\tat io.appium.uiautomator2.handler.FindElement.safeHandle(FindElement.java:60)\n\tat io.appium.uiautomator2.handler.request.SafeRequestHandler.handle(SafeRequestHandler.java:59)\n\tat io.appium.uiautomator2.server.AppiumServlet.handleRequest(AppiumServlet.java:277)\n\tat io.appium.uiautomator2.server.AppiumServlet.handleHttpRequest(AppiumServlet.java:271)\n\tat io.appium.uiautomator2.http.ServerHandler.channelRead(ServerHandler.java:77)\n\tat io.netty.channel.AbstractChannelHandlerContext.invokeChannelRead(AbstractChannelHandlerContext.java:366)\n\tat io.netty.channel.Abstr...
&amp#27;[38;5;66m[75895e03]&amp#27;[0m&amp#27;[38;5;123m[W3C]&amp#27;[0m Matched W3C error code 'no such element' to NoSuchElementError
&amp#27;[38;5;66m[75895e03]&amp#27;[0m&amp#27;[38;5;112m[AndroidUiautomator2Driver@b341 (75895e03)]&amp#27;[0m Waited for 9661 ms so far
&amp#27;[38;5;66m[75895e03]&amp#27;[0m&amp#27;[38;5;112m[AndroidUiautomator2Driver@b341 (75895e03)]&amp#27;[0m Matched '/element' to command name 'findElement'
&amp#27;[38;5;66m[75895e03]&amp#27;[0m&amp#27;[38;5;112m[AndroidUiautomator2Driver@b341 (75895e03)]&amp#27;[0m Proxying [POST /element] to [POST http://127.0.0.1:8200/session/9a29d941-f2de-44a0-9e8c-b573902f2815/element] with body: {"strategy":"xpath","selector":"//*[@content-desc=\"EyesAppiumHelperEDT\"]","context":"","multiple":false}
&amp#27;[38;5;66m[75895e03]&amp#27;[0m&amp#27;[38;5;112m[AndroidUiautomator2Driver@b341 (75895e03)]&amp#27;[0m Got response with status 404: {"sessionId":"9a29d941-f2de-44a0-9e8c-b573902f2815","value":{"error":"no such element","message":"An element could not be located on the page using the given search parameters","stacktrace":"io.appium.uiautomator2.common.exceptions.ElementNotFoundException: An element could not be located on the page using the given search parameters\n\tat io.appium.uiautomator2.utils.ElementLocationHelpers.findElement(ElementLocationHelpers.java:156)\n\tat io.appium.uiautomator2.handler.FindElement.safeHandle(FindElement.java:60)\n\tat io.appium.uiautomator2.handler.request.SafeRequestHandler.handle(SafeRequestHandler.java:59)\n\tat io.appium.uiautomator2.server.AppiumServlet.handleRequest(AppiumServlet.java:277)\n\tat io.appium.uiautomator2.server.AppiumServlet.handleHttpRequest(AppiumServlet.java:271)\n\tat io.appium.uiautomator2.http.ServerHandler.channelRead(ServerHandler.java:77)\n\tat io.netty.channel.AbstractChannelHandlerContext.invokeChannelRead(AbstractChannelHandlerContext.java:366)\n\tat io.netty.channel.Abstr...
&amp#27;[38;5;66m[75895e03]&amp#27;[0m&amp#27;[38;5;123m[W3C]&amp#27;[0m Matched W3C error code 'no such element' to NoSuchElementError
&amp#27;[38;5;66m[75895e03]&amp#27;[0m&amp#27;[38;5;112m[AndroidUiautomator2Driver@b341 (75895e03)]&amp#27;[0m Waited for 10332 ms so far
&amp#27;[38;5;66m[75895e03]&amp#27;[0m&amp#27;[38;5;112m[AndroidUiautomator2Driver@b341 (75895e03)]&amp#27;[0m Matched '/element' to command name 'findElement'
&amp#27;[38;5;66m[75895e03]&amp#27;[0m&amp#27;[38;5;112m[AndroidUiautomator2Driver@b341 (75895e03)]&amp#27;[0m Proxying [POST /element] to [POST http://127.0.0.1:8200/session/9a29d941-f2de-44a0-9e8c-b573902f2815/element] with body: {"strategy":"xpath","selector":"//*[@content-desc=\"EyesAppiumHelperEDT\"]","context":"","multiple":false}
&amp#27;[38;5;66m[75895e03]&amp#27;[0m&amp#27;[38;5;112m[AndroidUiautomator2Driver@b341 (75895e03)]&amp#27;[0m Got response with status 404: {"sessionId":"9a29d941-f2de-44a0-9e8c-b573902f2815","value":{"error":"no such element","message":"An element could not be located on the page using the given search parameters","stacktrace":"io.appium.uiautomator2.common.exceptions.ElementNotFoundException: An element could not be located on the page using the given search parameters\n\tat io.appium.uiautomator2.utils.ElementLocationHelpers.findElement(ElementLocationHelpers.java:156)\n\tat io.appium.uiautomator2.handler.FindElement.safeHandle(FindElement.java:60)\n\tat io.appium.uiautomator2.handler.request.SafeRequestHandler.handle(SafeRequestHandler.java:59)\n\tat io.appium.uiautomator2.server.AppiumServlet.handleRequest(AppiumServlet.java:277)\n\tat io.appium.uiautomator2.server.AppiumServlet.handleHttpRequest(AppiumServlet.java:271)\n\tat io.appium.uiautomator2.http.ServerHandler.channelRead(ServerHandler.java:77)\n\tat io.netty.channel.AbstractChannelHandlerContext.invokeChannelRead(AbstractChannelHandlerContext.java:366)\n\tat io.netty.channel.Abstr...
&amp#27;[38;5;66m[75895e03]&amp#27;[0m&amp#27;[38;5;123m[W3C]&amp#27;[0m Matched W3C error code 'no such element' to NoSuchElementError
&amp#27;[38;5;66m[75895e03]&amp#27;[0m&amp#27;[38;5;112m[AndroidUiautomator2Driver@b341 (75895e03)]&amp#27;[0m Waited for 11005 ms so far
&amp#27;[38;5;66m[75895e03]&amp#27;[0m&amp#27;[38;5;112m[AndroidUiautomator2Driver@b341 (75895e03)]&amp#27;[0m Matched '/element' to command name 'findElement'
&amp#27;[38;5;66m[75895e03]&amp#27;[0m&amp#27;[38;5;112m[AndroidUiautomator2Driver@b341 (75895e03)]&amp#27;[0m Proxying [POST /element] to [POST http://127.0.0.1:8200/session/9a29d941-f2de-44a0-9e8c-b573902f2815/element] with body: {"strategy":"xpath","selector":"//*[@content-desc=\"EyesAppiumHelperEDT\"]","context":"","multiple":false}
&amp#27;[38;5;66m[75895e03]&amp#27;[0m&amp#27;[38;5;112m[AndroidUiautomator2Driver@b341 (75895e03)]&amp#27;[0m Got response with status 404: {"sessionId":"9a29d941-f2de-44a0-9e8c-b573902f2815","value":{"error":"no such element","message":"An element could not be located on the page using the given search parameters","stacktrace":"io.appium.uiautomator2.common.exceptions.ElementNotFoundException: An element could not be located on the page using the given search parameters\n\tat io.appium.uiautomator2.utils.ElementLocationHelpers.findElement(ElementLocationHelpers.java:156)\n\tat io.appium.uiautomator2.handler.FindElement.safeHandle(FindElement.java:60)\n\tat io.appium.uiautomator2.handler.request.SafeRequestHandler.handle(SafeRequestHandler.java:59)\n\tat io.appium.uiautomator2.server.AppiumServlet.handleRequest(AppiumServlet.java:277)\n\tat io.appium.uiautomator2.server.AppiumServlet.handleHttpRequest(AppiumServlet.java:271)\n\tat io.appium.uiautomator2.http.ServerHandler.channelRead(ServerHandler.java:77)\n\tat io.netty.channel.AbstractChannelHandlerContext.invokeChannelRead(AbstractChannelHandlerContext.java:366)\n\tat io.netty.channel.Abstr...
&amp#27;[38;5;66m[75895e03]&amp#27;[0m&amp#27;[38;5;123m[W3C]&amp#27;[0m Matched W3C error code 'no such element' to NoSuchElementError
&amp#27;[38;5;66m[75895e03]&amp#27;[0m&amp#27;[38;5;112m[AndroidUiautomator2Driver@b341 (75895e03)]&amp#27;[0m Waited for 11638 ms so far
&amp#27;[38;5;66m[75895e03]&amp#27;[0m&amp#27;[38;5;112m[AndroidUiautomator2Driver@b341 (75895e03)]&amp#27;[0m Matched '/element' to command name 'findElement'
&amp#27;[38;5;66m[75895e03]&amp#27;[0m&amp#27;[38;5;112m[AndroidUiautomator2Driver@b341 (75895e03)]&amp#27;[0m Proxying [POST /element] to [POST http://127.0.0.1:8200/session/9a29d941-f2de-44a0-9e8c-b573902f2815/element] with body: {"strategy":"xpath","selector":"//*[@content-desc=\"EyesAppiumHelperEDT\"]","context":"","multiple":false}
&amp#27;[38;5;66m[75895e03]&amp#27;[0m&amp#27;[38;5;112m[AndroidUiautomator2Driver@b341 (75895e03)]&amp#27;[0m Got response with status 404: {"sessionId":"9a29d941-f2de-44a0-9e8c-b573902f2815","value":{"error":"no such element","message":"An element could not be located on the page using the given search parameters","stacktrace":"io.appium.uiautomator2.common.exceptions.ElementNotFoundException: An element could not be located on the page using the given search parameters\n\tat io.appium.uiautomator2.utils.ElementLocationHelpers.findElement(ElementLocationHelpers.java:156)\n\tat io.appium.uiautomator2.handler.FindElement.safeHandle(FindElement.java:60)\n\tat io.appium.uiautomator2.handler.request.SafeRequestHandler.handle(SafeRequestHandler.java:59)\n\tat io.appium.uiautomator2.server.AppiumServlet.handleRequest(AppiumServlet.java:277)\n\tat io.appium.uiautomator2.server.AppiumServlet.handleHttpRequest(AppiumServlet.java:271)\n\tat io.appium.uiautomator2.http.ServerHandler.channelRead(ServerHandler.java:77)\n\tat io.netty.channel.AbstractChannelHandlerContext.invokeChannelRead(AbstractChannelHandlerContext.java:366)\n\tat io.netty.channel.Abstr...
&amp#27;[38;5;66m[75895e03]&amp#27;[0m&amp#27;[38;5;123m[W3C]&amp#27;[0m Matched W3C error code 'no such element' to NoSuchElementError
&amp#27;[38;5;66m[75895e03]&amp#27;[0m&amp#27;[38;5;112m[AndroidUiautomator2Driver@b341 (75895e03)]&amp#27;[0m Waited for 12276 ms so far
&amp#27;[38;5;66m[75895e03]&amp#27;[0m&amp#27;[38;5;112m[AndroidUiautomator2Driver@b341 (75895e03)]&amp#27;[0m Matched '/element' to command name 'findElement'
&amp#27;[38;5;66m[75895e03]&amp#27;[0m&amp#27;[38;5;112m[AndroidUiautomator2Driver@b341 (75895e03)]&amp#27;[0m Proxying [POST /element] to [POST http://127.0.0.1:8200/session/9a29d941-f2de-44a0-9e8c-b573902f2815/element] with body: {"strategy":"xpath","selector":"//*[@content-desc=\"EyesAppiumHelperEDT\"]","context":"","multiple":false}
&amp#27;[38;5;66m[75895e03]&amp#27;[0m&amp#27;[38;5;112m[AndroidUiautomator2Driver@b341 (75895e03)]&amp#27;[0m Got response with status 404: {"sessionId":"9a29d941-f2de-44a0-9e8c-b573902f2815","value":{"error":"no such element","message":"An element could not be located on the page using the given search parameters","stacktrace":"io.appium.uiautomator2.common.exceptions.ElementNotFoundException: An element could not be located on the page using the given search parameters\n\tat io.appium.uiautomator2.utils.ElementLocationHelpers.findElement(ElementLocationHelpers.java:156)\n\tat io.appium.uiautomator2.handler.FindElement.safeHandle(FindElement.java:60)\n\tat io.appium.uiautomator2.handler.request.SafeRequestHandler.handle(SafeRequestHandler.java:59)\n\tat io.appium.uiautomator2.server.AppiumServlet.handleRequest(AppiumServlet.java:277)\n\tat io.appium.uiautomator2.server.AppiumServlet.handleHttpRequest(AppiumServlet.java:271)\n\tat io.appium.uiautomator2.http.ServerHandler.channelRead(ServerHandler.java:77)\n\tat io.netty.channel.AbstractChannelHandlerContext.invokeChannelRead(AbstractChannelHandlerContext.java:366)\n\tat io.netty.channel.Abstr...
&amp#27;[38;5;66m[75895e03]&amp#27;[0m&amp#27;[38;5;123m[W3C]&amp#27;[0m Matched W3C error code 'no such element' to NoSuchElementError
&amp#27;[38;5;66m[75895e03]&amp#27;[0m&amp#27;[38;5;112m[AndroidUiautomator2Driver@b341 (75895e03)]&amp#27;[0m Waited for 12923 ms so far
&amp#27;[38;5;66m[75895e03]&amp#27;[0m&amp#27;[38;5;112m[AndroidUiautomator2Driver@b341 (75895e03)]&amp#27;[0m Matched '/element' to command name 'findElement'
&amp#27;[38;5;66m[75895e03]&amp#27;[0m&amp#27;[38;5;112m[AndroidUiautomator2Driver@b341 (75895e03)]&amp#27;[0m Proxying [POST /element] to [POST http://127.0.0.1:8200/session/9a29d941-f2de-44a0-9e8c-b573902f2815/element] with body: {"strategy":"xpath","selector":"//*[@content-desc=\"EyesAppiumHelperEDT\"]","context":"","multiple":false}
&amp#27;[38;5;66m[75895e03]&amp#27;[0m&amp#27;[38;5;112m[AndroidUiautomator2Driver@b341 (75895e03)]&amp#27;[0m Got response with status 404: {"sessionId":"9a29d941-f2de-44a0-9e8c-b573902f2815","value":{"error":"no such element","message":"An element could not be located on the page using the given search parameters","stacktrace":"io.appium.uiautomator2.common.exceptions.ElementNotFoundException: An element could not be located on the page using the given search parameters\n\tat io.appium.uiautomator2.utils.ElementLocationHelpers.findElement(ElementLocationHelpers.java:156)\n\tat io.appium.uiautomator2.handler.FindElement.safeHandle(FindElement.java:60)\n\tat io.appium.uiautomator2.handler.request.SafeRequestHandler.handle(SafeRequestHandler.java:59)\n\tat io.appium.uiautomator2.server.AppiumServlet.handleRequest(AppiumServlet.java:277)\n\tat io.appium.uiautomator2.server.AppiumServlet.handleHttpRequest(AppiumServlet.java:271)\n\tat io.appium.uiautomator2.http.ServerHandler.channelRead(ServerHandler.java:77)\n\tat io.netty.channel.AbstractChannelHandlerContext.invokeChannelRead(AbstractChannelHandlerContext.java:366)\n\tat io.netty.channel.Abstr...
&amp#27;[38;5;66m[75895e03]&amp#27;[0m&amp#27;[38;5;123m[W3C]&amp#27;[0m Matched W3C error code 'no such element' to NoSuchElementError
&amp#27;[38;5;66m[75895e03]&amp#27;[0m&amp#27;[38;5;112m[AndroidUiautomator2Driver@b341 (75895e03)]&amp#27;[0m Waited for 13565 ms so far
&amp#27;[38;5;66m[75895e03]&amp#27;[0m&amp#27;[38;5;112m[AndroidUiautomator2Driver@b341 (75895e03)]&amp#27;[0m Matched '/element' to command name 'findElement'
&amp#27;[38;5;66m[75895e03]&amp#27;[0m&amp#27;[38;5;112m[AndroidUiautomator2Driver@b341 (75895e03)]&amp#27;[0m Proxying [POST /element] to [POST http://127.0.0.1:8200/session/9a29d941-f2de-44a0-9e8c-b573902f2815/element] with body: {"strategy":"xpath","selector":"//*[@content-desc=\"EyesAppiumHelperEDT\"]","context":"","multiple":false}
&amp#27;[38;5;66m[75895e03]&amp#27;[0m&amp#27;[38;5;112m[AndroidUiautomator2Driver@b341 (75895e03)]&amp#27;[0m Got response with status 404: {"sessionId":"9a29d941-f2de-44a0-9e8c-b573902f2815","value":{"error":"no such element","message":"An element could not be located on the page using the given search parameters","stacktrace":"io.appium.uiautomator2.common.exceptions.ElementNotFoundException: An element could not be located on the page using the given search parameters\n\tat io.appium.uiautomator2.utils.ElementLocationHelpers.findElement(ElementLocationHelpers.java:156)\n\tat io.appium.uiautomator2.handler.FindElement.safeHandle(FindElement.java:60)\n\tat io.appium.uiautomator2.handler.request.SafeRequestHandler.handle(SafeRequestHandler.java:59)\n\tat io.appium.uiautomator2.server.AppiumServlet.handleRequest(AppiumServlet.java:277)\n\tat io.appium.uiautomator2.server.AppiumServlet.handleHttpRequest(AppiumServlet.java:271)\n\tat io.appium.uiautomator2.http.ServerHandler.channelRead(ServerHandler.java:77)\n\tat io.netty.channel.AbstractChannelHandlerContext.invokeChannelRead(AbstractChannelHandlerContext.java:366)\n\tat io.netty.channel.Abstr...
&amp#27;[38;5;66m[75895e03]&amp#27;[0m&amp#27;[38;5;123m[W3C]&amp#27;[0m Matched W3C error code 'no such element' to NoSuchElementError
&amp#27;[38;5;66m[75895e03]&amp#27;[0m&amp#27;[38;5;112m[AndroidUiautomator2Driver@b341 (75895e03)]&amp#27;[0m Waited for 14216 ms so far
&amp#27;[38;5;66m[75895e03]&amp#27;[0m&amp#27;[38;5;112m[AndroidUiautomator2Driver@b341 (75895e03)]&amp#27;[0m Matched '/element' to command name 'findElement'
&amp#27;[38;5;66m[75895e03]&amp#27;[0m&amp#27;[38;5;112m[AndroidUiautomator2Driver@b341 (75895e03)]&amp#27;[0m Proxying [POST /element] to [POST http://127.0.0.1:8200/session/9a29d941-f2de-44a0-9e8c-b573902f2815/element] with body: {"strategy":"xpath","selector":"//*[@content-desc=\"EyesAppiumHelperEDT\"]","context":"","multiple":false}
&amp#27;[38;5;66m[75895e03]&amp#27;[0m&amp#27;[38;5;112m[AndroidUiautomator2Driver@b341 (75895e03)]&amp#27;[0m Got response with status 404: {"sessionId":"9a29d941-f2de-44a0-9e8c-b573902f2815","value":{"error":"no such element","message":"An element could not be located on the page using the given search parameters","stacktrace":"io.appium.uiautomator2.common.exceptions.ElementNotFoundException: An element could not be located on the page using the given search parameters\n\tat io.appium.uiautomator2.utils.ElementLocationHelpers.findElement(ElementLocationHelpers.java:156)\n\tat io.appium.uiautomator2.handler.FindElement.safeHandle(FindElement.java:60)\n\tat io.appium.uiautomator2.handler.request.SafeRequestHandler.handle(SafeRequestHandler.java:59)\n\tat io.appium.uiautomator2.server.AppiumServlet.handleRequest(AppiumServlet.java:277)\n\tat io.appium.uiautomator2.server.AppiumServlet.handleHttpRequest(AppiumServlet.java:271)\n\tat io.appium.uiautomator2.http.ServerHandler.channelRead(ServerHandler.java:77)\n\tat io.netty.channel.AbstractChannelHandlerContext.invokeChannelRead(AbstractChannelHandlerContext.java:366)\n\tat io.netty.channel.Abstr...
&amp#27;[38;5;66m[75895e03]&amp#27;[0m&amp#27;[38;5;123m[W3C]&amp#27;[0m Matched W3C error code 'no such element' to NoSuchElementError
&amp#27;[38;5;66m[75895e03]&amp#27;[0m&amp#27;[38;5;112m[AndroidUiautomator2Driver@b341 (75895e03)]&amp#27;[0m Waited for 14863 ms so far
&amp#27;[38;5;66m[75895e03]&amp#27;[0m&amp#27;[38;5;112m[AndroidUiautomator2Driver@b341 (75895e03)]&amp#27;[0m Matched '/element' to command name 'findElement'
&amp#27;[38;5;66m[75895e03]&amp#27;[0m&amp#27;[38;5;112m[AndroidUiautomator2Driver@b341 (75895e03)]&amp#27;[0m Proxying [POST /element] to [POST http://127.0.0.1:8200/session/9a29d941-f2de-44a0-9e8c-b573902f2815/element] with body: {"strategy":"xpath","selector":"//*[@content-desc=\"EyesAppiumHelperEDT\"]","context":"","multiple":false}
&amp#27;[38;5;66m[75895e03]&amp#27;[0m&amp#27;[38;5;112m[AndroidUiautomator2Driver@b341 (75895e03)]&amp#27;[0m Got response with status 404: {"sessionId":"9a29d941-f2de-44a0-9e8c-b573902f2815","value":{"error":"no such element","message":"An element could not be located on the page using the given search parameters","stacktrace":"io.appium.uiautomator2.common.exceptions.ElementNotFoundException: An element could not be located on the page using the given search parameters\n\tat io.appium.uiautomator2.utils.ElementLocationHelpers.findElement(ElementLocationHelpers.java:156)\n\tat io.appium.uiautomator2.handler.FindElement.safeHandle(FindElement.java:60)\n\tat io.appium.uiautomator2.handler.request.SafeRequestHandler.handle(SafeRequestHandler.java:59)\n\tat io.appium.uiautomator2.server.AppiumServlet.handleRequest(AppiumServlet.java:277)\n\tat io.appium.uiautomator2.server.AppiumServlet.handleHttpRequest(AppiumServlet.java:271)\n\tat io.appium.uiautomator2.http.ServerHandler.channelRead(ServerHandler.java:77)\n\tat io.netty.channel.AbstractChannelHandlerContext.invokeChannelRead(AbstractChannelHandlerContext.java:366)\n\tat io.netty.channel.Abstr...
&amp#27;[38;5;66m[75895e03]&amp#27;[0m&amp#27;[38;5;123m[W3C]&amp#27;[0m Matched W3C error code 'no such element' to NoSuchElementError
&amp#27;[38;5;66m[75895e03]&amp#27;[0m&amp#27;[38;5;112m[AndroidUiautomator2Driver@b341 (75895e03)]&amp#27;[0m Waited for 15537 ms so far
&amp#27;[38;5;66m[75895e03]&amp#27;[0m&amp#27;[38;5;112m[AndroidUiautomator2Driver@b341 (75895e03)]&amp#27;[0m Matched '/element' to command name 'findElement'
&amp#27;[38;5;66m[75895e03]&amp#27;[0m&amp#27;[38;5;112m[AndroidUiautomator2Driver@b341 (75895e03)]&amp#27;[0m Proxying [POST /element] to [POST http://127.0.0.1:8200/session/9a29d941-f2de-44a0-9e8c-b573902f2815/element] with body: {"strategy":"xpath","selector":"//*[@content-desc=\"EyesAppiumHelperEDT\"]","context":"","multiple":false}
&amp#27;[38;5;66m[75895e03]&amp#27;[0m&amp#27;[38;5;112m[AndroidUiautomator2Driver@b341 (75895e03)]&amp#27;[0m Got response with status 404: {"sessionId":"9a29d941-f2de-44a0-9e8c-b573902f2815","value":{"error":"no such element","message":"An element could not be located on the page using the given search parameters","stacktrace":"io.appium.uiautomator2.common.exceptions.ElementNotFoundException: An element could not be located on the page using the given search parameters\n\tat io.appium.uiautomator2.utils.ElementLocationHelpers.findElement(ElementLocationHelpers.java:156)\n\tat io.appium.uiautomator2.handler.FindElement.safeHandle(FindElement.java:60)\n\tat io.appium.uiautomator2.handler.request.SafeRequestHandler.handle(SafeRequestHandler.java:59)\n\tat io.appium.uiautomator2.server.AppiumServlet.handleRequest(AppiumServlet.java:277)\n\tat io.appium.uiautomator2.server.AppiumServlet.handleHttpRequest(AppiumServlet.java:271)\n\tat io.appium.uiautomator2.http.ServerHandler.channelRead(ServerHandler.java:77)\n\tat io.netty.channel.AbstractChannelHandlerContext.invokeChannelRead(AbstractChannelHandlerContext.java:366)\n\tat io.netty.channel.Abstr...
&amp#27;[38;5;66m[75895e03]&amp#27;[0m&amp#27;[38;5;123m[W3C]&amp#27;[0m Matched W3C error code 'no such element' to NoSuchElementError
&amp#27;[38;5;66m[75895e03]&amp#27;[0m&amp#27;[38;5;112m[AndroidUiautomator2Driver@b341 (75895e03)]&amp#27;[0m Waited for 16183 ms so far
&amp#27;[38;5;66m[75895e03]&amp#27;[0m&amp#27;[38;5;112m[AndroidUiautomator2Driver@b341 (75895e03)]&amp#27;[0m Matched '/element' to command name 'findElement'
&amp#27;[38;5;66m[75895e03]&amp#27;[0m&amp#27;[38;5;112m[AndroidUiautomator2Driver@b341 (75895e03)]&amp#27;[0m Proxying [POST /element] to [POST http://127.0.0.1:8200/session/9a29d941-f2de-44a0-9e8c-b573902f2815/element] with body: {"strategy":"xpath","selector":"//*[@content-desc=\"EyesAppiumHelperEDT\"]","context":"","multiple":false}
&amp#27;[38;5;66m[75895e03]&amp#27;[0m&amp#27;[38;5;112m[AndroidUiautomator2Driver@b341 (75895e03)]&amp#27;[0m Got response with status 404: {"sessionId":"9a29d941-f2de-44a0-9e8c-b573902f2815","value":{"error":"no such element","message":"An element could not be located on the page using the given search parameters","stacktrace":"io.appium.uiautomator2.common.exceptions.ElementNotFoundException: An element could not be located on the page using the given search parameters\n\tat io.appium.uiautomator2.utils.ElementLocationHelpers.findElement(ElementLocationHelpers.java:156)\n\tat io.appium.uiautomator2.handler.FindElement.safeHandle(FindElement.java:60)\n\tat io.appium.uiautomator2.handler.request.SafeRequestHandler.handle(SafeRequestHandler.java:59)\n\tat io.appium.uiautomator2.server.AppiumServlet.handleRequest(AppiumServlet.java:277)\n\tat io.appium.uiautomator2.server.AppiumServlet.handleHttpRequest(AppiumServlet.java:271)\n\tat io.appium.uiautomator2.http.ServerHandler.channelRead(ServerHandler.java:77)\n\tat io.netty.channel.AbstractChannelHandlerContext.invokeChannelRead(AbstractChannelHandlerContext.java:366)\n\tat io.netty.channel.Abstr...
&amp#27;[38;5;66m[75895e03]&amp#27;[0m&amp#27;[38;5;123m[W3C]&amp#27;[0m Matched W3C error code 'no such element' to NoSuchElementError
&amp#27;[38;5;66m[75895e03]&amp#27;[0m&amp#27;[38;5;112m[AndroidUiautomator2Driver@b341 (75895e03)]&amp#27;[0m Waited for 16815 ms so far
&amp#27;[38;5;66m[75895e03]&amp#27;[0m&amp#27;[38;5;112m[AndroidUiautomator2Driver@b341 (75895e03)]&amp#27;[0m Matched '/element' to command name 'findElement'
&amp#27;[38;5;66m[75895e03]&amp#27;[0m&amp#27;[38;5;112m[AndroidUiautomator2Driver@b341 (75895e03)]&amp#27;[0m Proxying [POST /element] to [POST http://127.0.0.1:8200/session/9a29d941-f2de-44a0-9e8c-b573902f2815/element] with body: {"strategy":"xpath","selector":"//*[@content-desc=\"EyesAppiumHelperEDT\"]","context":"","multiple":false}
&amp#27;[38;5;66m[75895e03]&amp#27;[0m&amp#27;[38;5;112m[AndroidUiautomator2Driver@b341 (75895e03)]&amp#27;[0m Got response with status 404: {"sessionId":"9a29d941-f2de-44a0-9e8c-b573902f2815","value":{"error":"no such element","message":"An element could not be located on the page using the given search parameters","stacktrace":"io.appium.uiautomator2.common.exceptions.ElementNotFoundException: An element could not be located on the page using the given search parameters\n\tat io.appium.uiautomator2.utils.ElementLocationHelpers.findElement(ElementLocationHelpers.java:156)\n\tat io.appium.uiautomator2.handler.FindElement.safeHandle(FindElement.java:60)\n\tat io.appium.uiautomator2.handler.request.SafeRequestHandler.handle(SafeRequestHandler.java:59)\n\tat io.appium.uiautomator2.server.AppiumServlet.handleRequest(AppiumServlet.java:277)\n\tat io.appium.uiautomator2.server.AppiumServlet.handleHttpRequest(AppiumServlet.java:271)\n\tat io.appium.uiautomator2.http.ServerHandler.channelRead(ServerHandler.java:77)\n\tat io.netty.channel.AbstractChannelHandlerContext.invokeChannelRead(AbstractChannelHandlerContext.java:366)\n\tat io.netty.channel.Abstr...
&amp#27;[38;5;66m[75895e03]&amp#27;[0m&amp#27;[38;5;123m[W3C]&amp#27;[0m Matched W3C error code 'no such element' to NoSuchElementError
&amp#27;[38;5;66m[75895e03]&amp#27;[0m&amp#27;[38;5;112m[AndroidUiautomator2Driver@b341 (75895e03)]&amp#27;[0m Waited for 17452 ms so far
&amp#27;[38;5;66m[75895e03]&amp#27;[0m&amp#27;[38;5;112m[AndroidUiautomator2Driver@b341 (75895e03)]&amp#27;[0m Matched '/element' to command name 'findElement'
&amp#27;[38;5;66m[75895e03]&amp#27;[0m&amp#27;[38;5;112m[AndroidUiautomator2Driver@b341 (75895e03)]&amp#27;[0m Proxying [POST /element] to [POST http://127.0.0.1:8200/session/9a29d941-f2de-44a0-9e8c-b573902f2815/element] with body: {"strategy":"xpath","selector":"//*[@content-desc=\"EyesAppiumHelperEDT\"]","context":"","multiple":false}
&amp#27;[38;5;66m[75895e03]&amp#27;[0m&amp#27;[38;5;112m[AndroidUiautomator2Driver@b341 (75895e03)]&amp#27;[0m Got response with status 404: {"sessionId":"9a29d941-f2de-44a0-9e8c-b573902f2815","value":{"error":"no such element","message":"An element could not be located on the page using the given search parameters","stacktrace":"io.appium.uiautomator2.common.exceptions.ElementNotFoundException: An element could not be located on the page using the given search parameters\n\tat io.appium.uiautomator2.utils.ElementLocationHelpers.findElement(ElementLocationHelpers.java:156)\n\tat io.appium.uiautomator2.handler.FindElement.safeHandle(FindElement.java:60)\n\tat io.appium.uiautomator2.handler.request.SafeRequestHandler.handle(SafeRequestHandler.java:59)\n\tat io.appium.uiautomator2.server.AppiumServlet.handleRequest(AppiumServlet.java:277)\n\tat io.appium.uiautomator2.server.AppiumServlet.handleHttpRequest(AppiumServlet.java:271)\n\tat io.appium.uiautomator2.http.ServerHandler.channelRead(ServerHandler.java:77)\n\tat io.netty.channel.AbstractChannelHandlerContext.invokeChannelRead(AbstractChannelHandlerContext.java:366)\n\tat io.netty.channel.Abstr...
&amp#27;[38;5;66m[75895e03]&amp#27;[0m&amp#27;[38;5;123m[W3C]&amp#27;[0m Matched W3C error code 'no such element' to NoSuchElementError
&amp#27;[38;5;66m[75895e03]&amp#27;[0m&amp#27;[38;5;112m[AndroidUiautomator2Driver@b341 (75895e03)]&amp#27;[0m Waited for 18085 ms so far
&amp#27;[38;5;66m[75895e03]&amp#27;[0m&amp#27;[38;5;112m[AndroidUiautomator2Driver@b341 (75895e03)]&amp#27;[0m Matched '/element' to command name 'findElement'
&amp#27;[38;5;66m[75895e03]&amp#27;[0m&amp#27;[38;5;112m[AndroidUiautomator2Driver@b341 (75895e03)]&amp#27;[0m Proxying [POST /element] to [POST http://127.0.0.1:8200/session/9a29d941-f2de-44a0-9e8c-b573902f2815/element] with body: {"strategy":"xpath","selector":"//*[@content-desc=\"EyesAppiumHelperEDT\"]","context":"","multiple":false}
&amp#27;[38;5;66m[75895e03]&amp#27;[0m&amp#27;[38;5;112m[AndroidUiautomator2Driver@b341 (75895e03)]&amp#27;[0m Got response with status 404: {"sessionId":"9a29d941-f2de-44a0-9e8c-b573902f2815","value":{"error":"no such element","message":"An element could not be located on the page using the given search parameters","stacktrace":"io.appium.uiautomator2.common.exceptions.ElementNotFoundException: An element could not be located on the page using the given search parameters\n\tat io.appium.uiautomator2.utils.ElementLocationHelpers.findElement(ElementLocationHelpers.java:156)\n\tat io.appium.uiautomator2.handler.FindElement.safeHandle(FindElement.java:60)\n\tat io.appium.uiautomator2.handler.request.SafeRequestHandler.handle(SafeRequestHandler.java:59)\n\tat io.appium.uiautomator2.server.AppiumServlet.handleRequest(AppiumServlet.java:277)\n\tat io.appium.uiautomator2.server.AppiumServlet.handleHttpRequest(AppiumServlet.java:271)\n\tat io.appium.uiautomator2.http.ServerHandler.channelRead(ServerHandler.java:77)\n\tat io.netty.channel.AbstractChannelHandlerContext.invokeChannelRead(AbstractChannelHandlerContext.java:366)\n\tat io.netty.channel.Abstr...
&amp#27;[38;5;66m[75895e03]&amp#27;[0m&amp#27;[38;5;123m[W3C]&amp#27;[0m Matched W3C error code 'no such element' to NoSuchElementError
&amp#27;[38;5;66m[75895e03]&amp#27;[0m&amp#27;[38;5;112m[AndroidUiautomator2Driver@b341 (75895e03)]&amp#27;[0m Waited for 18712 ms so far
&amp#27;[38;5;66m[75895e03]&amp#27;[0m&amp#27;[38;5;112m[AndroidUiautomator2Driver@b341 (75895e03)]&amp#27;[0m Matched '/element' to command name 'findElement'
&amp#27;[38;5;66m[75895e03]&amp#27;[0m&amp#27;[38;5;112m[AndroidUiautomator2Driver@b341 (75895e03)]&amp#27;[0m Proxying [POST /element] to [POST http://127.0.0.1:8200/session/9a29d941-f2de-44a0-9e8c-b573902f2815/element] with body: {"strategy":"xpath","selector":"//*[@content-desc=\"EyesAppiumHelperEDT\"]","context":"","multiple":false}
&amp#27;[38;5;66m[75895e03]&amp#27;[0m&amp#27;[38;5;112m[AndroidUiautomator2Driver@b341 (75895e03)]&amp#27;[0m Got response with status 404: {"sessionId":"9a29d941-f2de-44a0-9e8c-b573902f2815","value":{"error":"no such element","message":"An element could not be located on the page using the given search parameters","stacktrace":"io.appium.uiautomator2.common.exceptions.ElementNotFoundException: An element could not be located on the page using the given search parameters\n\tat io.appium.uiautomator2.utils.ElementLocationHelpers.findElement(ElementLocationHelpers.java:156)\n\tat io.appium.uiautomator2.handler.FindElement.safeHandle(FindElement.java:60)\n\tat io.appium.uiautomator2.handler.request.SafeRequestHandler.handle(SafeRequestHandler.java:59)\n\tat io.appium.uiautomator2.server.AppiumServlet.handleRequest(AppiumServlet.java:277)\n\tat io.appium.uiautomator2.server.AppiumServlet.handleHttpRequest(AppiumServlet.java:271)\n\tat io.appium.uiautomator2.http.ServerHandler.channelRead(ServerHandler.java:77)\n\tat io.netty.channel.AbstractChannelHandlerContext.invokeChannelRead(AbstractChannelHandlerContext.java:366)\n\tat io.netty.channel.Abstr...
&amp#27;[38;5;66m[75895e03]&amp#27;[0m&amp#27;[38;5;123m[W3C]&amp#27;[0m Matched W3C error code 'no such element' to NoSuchElementError
&amp#27;[38;5;66m[75895e03]&amp#27;[0m&amp#27;[38;5;112m[AndroidUiautomator2Driver@b341 (75895e03)]&amp#27;[0m Waited for 19335 ms so far
&amp#27;[38;5;66m[75895e03]&amp#27;[0m&amp#27;[38;5;112m[AndroidUiautomator2Driver@b341 (75895e03)]&amp#27;[0m Matched '/element' to command name 'findElement'
&amp#27;[38;5;66m[75895e03]&amp#27;[0m&amp#27;[38;5;112m[AndroidUiautomator2Driver@b341 (75895e03)]&amp#27;[0m Proxying [POST /element] to [POST http://127.0.0.1:8200/session/9a29d941-f2de-44a0-9e8c-b573902f2815/element] with body: {"strategy":"xpath","selector":"//*[@content-desc=\"EyesAppiumHelperEDT\"]","context":"","multiple":false}
&amp#27;[38;5;66m[75895e03]&amp#27;[0m&amp#27;[38;5;112m[AndroidUiautomator2Driver@b341 (75895e03)]&amp#27;[0m Got response with status 404: {"sessionId":"9a29d941-f2de-44a0-9e8c-b573902f2815","value":{"error":"no such element","message":"An element could not be located on the page using the given search parameters","stacktrace":"io.appium.uiautomator2.common.exceptions.ElementNotFoundException: An element could not be located on the page using the given search parameters\n\tat io.appium.uiautomator2.utils.ElementLocationHelpers.findElement(ElementLocationHelpers.java:156)\n\tat io.appium.uiautomator2.handler.FindElement.safeHandle(FindElement.java:60)\n\tat io.appium.uiautomator2.handler.request.SafeRequestHandler.handle(SafeRequestHandler.java:59)\n\tat io.appium.uiautomator2.server.AppiumServlet.handleRequest(AppiumServlet.java:277)\n\tat io.appium.uiautomator2.server.AppiumServlet.handleHttpRequest(AppiumServlet.java:271)\n\tat io.appium.uiautomator2.http.ServerHandler.channelRead(ServerHandler.java:77)\n\tat io.netty.channel.AbstractChannelHandlerContext.invokeChannelRead(AbstractChannelHandlerContext.java:366)\n\tat io.netty.channel.Abstr...
&amp#27;[38;5;66m[75895e03]&amp#27;[0m&amp#27;[38;5;123m[W3C]&amp#27;[0m Matched W3C error code 'no such element' to NoSuchElementError
&amp#27;[38;5;66m[75895e03]&amp#27;[0m&amp#27;[38;5;112m[AndroidUiautomator2Driver@b341 (75895e03)]&amp#27;[0m Waited for 19965 ms so far
&amp#27;[38;5;66m[75895e03]&amp#27;[0m&amp#27;[38;5;112m[AndroidUiautomator2Driver@b341 (75895e03)]&amp#27;[0m Matched '/element' to command name 'findElement'
&amp#27;[38;5;66m[75895e03]&amp#27;[0m&amp#27;[38;5;112m[AndroidUiautomator2Driver@b341 (75895e03)]&amp#27;[0m Proxying [POST /element] to [POST http://127.0.0.1:8200/session/9a29d941-f2de-44a0-9e8c-b573902f2815/element] with body: {"strategy":"xpath","selector":"//*[@content-desc=\"EyesAppiumHelperEDT\"]","context":"","multiple":false}
&amp#27;[38;5;66m[75895e03]&amp#27;[0m&amp#27;[38;5;112m[AndroidUiautomator2Driver@b341 (75895e03)]&amp#27;[0m Got response with status 404: {"sessionId":"9a29d941-f2de-44a0-9e8c-b573902f2815","value":{"error":"no such element","message":"An element could not be located on the page using the given search parameters","stacktrace":"io.appium.uiautomator2.common.exceptions.ElementNotFoundException: An element could not be located on the page using the given search parameters\n\tat io.appium.uiautomator2.utils.ElementLocationHelpers.findElement(ElementLocationHelpers.java:156)\n\tat io.appium.uiautomator2.handler.FindElement.safeHandle(FindElement.java:60)\n\tat io.appium.uiautomator2.handler.request.SafeRequestHandler.handle(SafeRequestHandler.java:59)\n\tat io.appium.uiautomator2.server.AppiumServlet.handleRequest(AppiumServlet.java:277)\n\tat io.appium.uiautomator2.server.AppiumServlet.handleHttpRequest(AppiumServlet.java:271)\n\tat io.appium.uiautomator2.http.ServerHandler.channelRead(ServerHandler.java:77)\n\tat io.netty.channel.AbstractChannelHandlerContext.invokeChannelRead(AbstractChannelHandlerContext.java:366)\n\tat io.netty.channel.Abstr...
&amp#27;[38;5;66m[75895e03]&amp#27;[0m&amp#27;[38;5;123m[W3C]&amp#27;[0m Matched W3C error code 'no such element' to NoSuchElementError
&amp#27;[38;5;66m[75895e03]&amp#27;[0m&amp#27;[38;5;112m[AndroidUiautomator2Driver@b341 (75895e03)]&amp#27;[0m Encountered internal error running command: NoSuchElementError: An element could not be located on the page using the given search parameters.
&amp#27;[38;5;66m[75895e03]&amp#27;[0m&amp#27;[38;5;112m[AndroidUiautomator2Driver@b341 (75895e03)]&amp#27;[0m     at AndroidUiautomator2Driver.findElOrEls (/Users/oikhlas/.appium/node_modules/appium-uiautomator2-driver/node_modules/appium-android-driver/lib/commands/find.ts:86:11)
&amp#27;[38;5;66m[75895e03]&amp#27;[0m&amp#27;[38;5;112m[AndroidUiautomator2Driver@b341 (75895e03)]&amp#27;[0m     at processTicksAndRejections (node:internal/process/task_queues:95:5)
&amp#27;[38;5;66m[75895e03]&amp#27;[0m&amp#27;[38;5;112m[AndroidUiautomator2Driver@b341 (75895e03)]&amp#27;[0m     at AndroidUiautomator2Driver.findElOrElsWithProcessing (/Users/oikhlas/node_modules/@appium/base-driver/lib/basedriver/commands/find.ts:60:12)
&amp#27;[38;5;66m[75895e03]&amp#27;[0m&amp#27;[38;5;112m[AndroidUiautomator2Driver@b341 (75895e03)]&amp#27;[0m     at AndroidUiautomator2Driver.findElement (/Users/oikhlas/node_modules/@appium/base-driver/lib/basedriver/commands/find.ts:75:12)
&amp#27;[38;5;66m[75895e03]&amp#27;[0m&amp#27;[38;5;86m[HTTP]&amp#27;[0m <-- POST /session/75895e03-7749-47e3-bc13-bf90a3ed7962/element 404 20157 ms - 772 
&amp#27;[38;5;66m[75895e03]&amp#27;[0m&amp#27;[38;5;86m[HTTP]&amp#27;[0m &amp#27;[37m-->&amp#27;[39m &amp#27;[37mPOST&amp#27;[39m &amp#27;[37m/session/75895e03-7749-47e3-bc13-bf90a3ed7962/element&amp#27;[39m {"using":"xpath","value":"//*[@content-desc=\"EyesAppiumHelper\"]"}
&amp#27;[38;5;66m[75895e03]&amp#27;[0m&amp#27;[38;5;112m[AndroidUiautomator2Driver@b341 (75895e03)]&amp#27;[0m Calling AppiumDriver.findElement() with args: ["xpath","//*[@content-desc=\"EyesAppiumHelper\"]","75895e03-7749-47e3-bc13-bf90a3ed7962"]
&amp#27;[38;5;66m[75895e03]&amp#27;[0m&amp#27;[38;5;112m[AndroidUiautomator2Driver@b341 (75895e03)]&amp#27;[0m Valid locator strategies for this request: xpath, id, class name, accessibility id, css selector, -android uiautomator
&amp#27;[38;5;66m[75895e03]&amp#27;[0m&amp#27;[38;5;112m[AndroidUiautomator2Driver@b341 (75895e03)]&amp#27;[0m Waiting up to 20000 ms for condition
&amp#27;[38;5;66m[75895e03]&amp#27;[0m&amp#27;[38;5;112m[AndroidUiautomator2Driver@b341 (75895e03)]&amp#27;[0m Matched '/element' to command name 'findElement'
&amp#27;[38;5;66m[75895e03]&amp#27;[0m&amp#27;[38;5;112m[AndroidUiautomator2Driver@b341 (75895e03)]&amp#27;[0m Proxying [POST /element] to [POST http://127.0.0.1:8200/session/9a29d941-f2de-44a0-9e8c-b573902f2815/element] with body: {"strategy":"xpath","selector":"//*[@content-desc=\"EyesAppiumHelper\"]","context":"","multiple":false}
&amp#27;[38;5;66m[75895e03]&amp#27;[0m&amp#27;[38;5;112m[AndroidUiautomator2Driver@b341 (75895e03)]&amp#27;[0m Got response with status 404: {"sessionId":"9a29d941-f2de-44a0-9e8c-b573902f2815","value":{"error":"no such element","message":"An element could not be located on the page using the given search parameters","stacktrace":"io.appium.uiautomator2.common.exceptions.ElementNotFoundException: An element could not be located on the page using the given search parameters\n\tat io.appium.uiautomator2.utils.ElementLocationHelpers.findElement(ElementLocationHelpers.java:156)\n\tat io.appium.uiautomator2.handler.FindElement.safeHandle(FindElement.java:60)\n\tat io.appium.uiautomator2.handler.request.SafeRequestHandler.handle(SafeRequestHandler.java:59)\n\tat io.appium.uiautomator2.server.AppiumServlet.handleRequest(AppiumServlet.java:277)\n\tat io.appium.uiautomator2.server.AppiumServlet.handleHttpRequest(AppiumServlet.java:271)\n\tat io.appium.uiautomator2.http.ServerHandler.channelRead(ServerHandler.java:77)\n\tat io.netty.channel.AbstractChannelHandlerContext.invokeChannelRead(AbstractChannelHandlerContext.java:366)\n\tat io.netty.channel.Abstr...
&amp#27;[38;5;66m[75895e03]&amp#27;[0m&amp#27;[38;5;123m[W3C]&amp#27;[0m Matched W3C error code 'no such element' to NoSuchElementError
&amp#27;[38;5;66m[75895e03]&amp#27;[0m&amp#27;[38;5;112m[AndroidUiautomator2Driver@b341 (75895e03)]&amp#27;[0m Waited for 117 ms so far
&amp#27;[38;5;66m[75895e03]&amp#27;[0m&amp#27;[38;5;112m[AndroidUiautomator2Driver@b341 (75895e03)]&amp#27;[0m Matched '/element' to command name 'findElement'
&amp#27;[38;5;66m[75895e03]&amp#27;[0m&amp#27;[38;5;112m[AndroidUiautomator2Driver@b341 (75895e03)]&amp#27;[0m Proxying [POST /element] to [POST http://127.0.0.1:8200/session/9a29d941-f2de-44a0-9e8c-b573902f2815/element] with body: {"strategy":"xpath","selector":"//*[@content-desc=\"EyesAppiumHelper\"]","context":"","multiple":false}
&amp#27;[38;5;66m[75895e03]&amp#27;[0m&amp#27;[38;5;112m[AndroidUiautomator2Driver@b341 (75895e03)]&amp#27;[0m Got response with status 404: {"sessionId":"9a29d941-f2de-44a0-9e8c-b573902f2815","value":{"error":"no such element","message":"An element could not be located on the page using the given search parameters","stacktrace":"io.appium.uiautomator2.common.exceptions.ElementNotFoundException: An element could not be located on the page using the given search parameters\n\tat io.appium.uiautomator2.utils.ElementLocationHelpers.findElement(ElementLocationHelpers.java:156)\n\tat io.appium.uiautomator2.handler.FindElement.safeHandle(FindElement.java:60)\n\tat io.appium.uiautomator2.handler.request.SafeRequestHandler.handle(SafeRequestHandler.java:59)\n\tat io.appium.uiautomator2.server.AppiumServlet.handleRequest(AppiumServlet.java:277)\n\tat io.appium.uiautomator2.server.AppiumServlet.handleHttpRequest(AppiumServlet.java:271)\n\tat io.appium.uiautomator2.http.ServerHandler.channelRead(ServerHandler.java:77)\n\tat io.netty.channel.AbstractChannelHandlerContext.invokeChannelRead(AbstractChannelHandlerContext.java:366)\n\tat io.netty.channel.Abstr...
&amp#27;[38;5;66m[75895e03]&amp#27;[0m&amp#27;[38;5;123m[W3C]&amp#27;[0m Matched W3C error code 'no such element' to NoSuchElementError
&amp#27;[38;5;66m[75895e03]&amp#27;[0m&amp#27;[38;5;112m[AndroidUiautomator2Driver@b341 (75895e03)]&amp#27;[0m Waited for 741 ms so far
&amp#27;[38;5;66m[75895e03]&amp#27;[0m&amp#27;[38;5;112m[AndroidUiautomator2Driver@b341 (75895e03)]&amp#27;[0m Matched '/element' to command name 'findElement'
&amp#27;[38;5;66m[75895e03]&amp#27;[0m&amp#27;[38;5;112m[AndroidUiautomator2Driver@b341 (75895e03)]&amp#27;[0m Proxying [POST /element] to [POST http://127.0.0.1:8200/session/9a29d941-f2de-44a0-9e8c-b573902f2815/element] with body: {"strategy":"xpath","selector":"//*[@content-desc=\"EyesAppiumHelper\"]","context":"","multiple":false}
&amp#27;[38;5;66m[75895e03]&amp#27;[0m&amp#27;[38;5;112m[AndroidUiautomator2Driver@b341 (75895e03)]&amp#27;[0m Got response with status 404: {"sessionId":"9a29d941-f2de-44a0-9e8c-b573902f2815","value":{"error":"no such element","message":"An element could not be located on the page using the given search parameters","stacktrace":"io.appium.uiautomator2.common.exceptions.ElementNotFoundException: An element could not be located on the page using the given search parameters\n\tat io.appium.uiautomator2.utils.ElementLocationHelpers.findElement(ElementLocationHelpers.java:156)\n\tat io.appium.uiautomator2.handler.FindElement.safeHandle(FindElement.java:60)\n\tat io.appium.uiautomator2.handler.request.SafeRequestHandler.handle(SafeRequestHandler.java:59)\n\tat io.appium.uiautomator2.server.AppiumServlet.handleRequest(AppiumServlet.java:277)\n\tat io.appium.uiautomator2.server.AppiumServlet.handleHttpRequest(AppiumServlet.java:271)\n\tat io.appium.uiautomator2.http.ServerHandler.channelRead(ServerHandler.java:77)\n\tat io.netty.channel.AbstractChannelHandlerContext.invokeChannelRead(AbstractChannelHandlerContext.java:366)\n\tat io.netty.channel.Abstr...
&amp#27;[38;5;66m[75895e03]&amp#27;[0m&amp#27;[38;5;123m[W3C]&amp#27;[0m Matched W3C error code 'no such element' to NoSuchElementError
&amp#27;[38;5;66m[75895e03]&amp#27;[0m&amp#27;[38;5;112m[AndroidUiautomator2Driver@b341 (75895e03)]&amp#27;[0m Waited for 1368 ms so far
&amp#27;[38;5;66m[75895e03]&amp#27;[0m&amp#27;[38;5;112m[AndroidUiautomator2Driver@b341 (75895e03)]&amp#27;[0m Matched '/element' to command name 'findElement'
&amp#27;[38;5;66m[75895e03]&amp#27;[0m&amp#27;[38;5;112m[AndroidUiautomator2Driver@b341 (75895e03)]&amp#27;[0m Proxying [POST /element] to [POST http://127.0.0.1:8200/session/9a29d941-f2de-44a0-9e8c-b573902f2815/element] with body: {"strategy":"xpath","selector":"//*[@content-desc=\"EyesAppiumHelper\"]","context":"","multiple":false}
&amp#27;[38;5;66m[75895e03]&amp#27;[0m&amp#27;[38;5;112m[AndroidUiautomator2Driver@b341 (75895e03)]&amp#27;[0m Got response with status 404: {"sessionId":"9a29d941-f2de-44a0-9e8c-b573902f2815","value":{"error":"no such element","message":"An element could not be located on the page using the given search parameters","stacktrace":"io.appium.uiautomator2.common.exceptions.ElementNotFoundException: An element could not be located on the page using the given search parameters\n\tat io.appium.uiautomator2.utils.ElementLocationHelpers.findElement(ElementLocationHelpers.java:156)\n\tat io.appium.uiautomator2.handler.FindElement.safeHandle(FindElement.java:60)\n\tat io.appium.uiautomator2.handler.request.SafeRequestHandler.handle(SafeRequestHandler.java:59)\n\tat io.appium.uiautomator2.server.AppiumServlet.handleRequest(AppiumServlet.java:277)\n\tat io.appium.uiautomator2.server.AppiumServlet.handleHttpRequest(AppiumServlet.java:271)\n\tat io.appium.uiautomator2.http.ServerHandler.channelRead(ServerHandler.java:77)\n\tat io.netty.channel.AbstractChannelHandlerContext.invokeChannelRead(AbstractChannelHandlerContext.java:366)\n\tat io.netty.channel.Abstr...
&amp#27;[38;5;66m[75895e03]&amp#27;[0m&amp#27;[38;5;123m[W3C]&amp#27;[0m Matched W3C error code 'no such element' to NoSuchElementError
&amp#27;[38;5;66m[75895e03]&amp#27;[0m&amp#27;[38;5;112m[AndroidUiautomator2Driver@b341 (75895e03)]&amp#27;[0m Waited for 2015 ms so far
&amp#27;[38;5;66m[75895e03]&amp#27;[0m&amp#27;[38;5;112m[AndroidUiautomator2Driver@b341 (75895e03)]&amp#27;[0m Matched '/element' to command name 'findElement'
&amp#27;[38;5;66m[75895e03]&amp#27;[0m&amp#27;[38;5;112m[AndroidUiautomator2Driver@b341 (75895e03)]&amp#27;[0m Proxying [POST /element] to [POST http://127.0.0.1:8200/session/9a29d941-f2de-44a0-9e8c-b573902f2815/element] with body: {"strategy":"xpath","selector":"//*[@content-desc=\"EyesAppiumHelper\"]","context":"","multiple":false}
&amp#27;[38;5;66m[75895e03]&amp#27;[0m&amp#27;[38;5;112m[AndroidUiautomator2Driver@b341 (75895e03)]&amp#27;[0m Got response with status 404: {"sessionId":"9a29d941-f2de-44a0-9e8c-b573902f2815","value":{"error":"no such element","message":"An element could not be located on the page using the given search parameters","stacktrace":"io.appium.uiautomator2.common.exceptions.ElementNotFoundException: An element could not be located on the page using the given search parameters\n\tat io.appium.uiautomator2.utils.ElementLocationHelpers.findElement(ElementLocationHelpers.java:156)\n\tat io.appium.uiautomator2.handler.FindElement.safeHandle(FindElement.java:60)\n\tat io.appium.uiautomator2.handler.request.SafeRequestHandler.handle(SafeRequestHandler.java:59)\n\tat io.appium.uiautomator2.server.AppiumServlet.handleRequest(AppiumServlet.java:277)\n\tat io.appium.uiautomator2.server.AppiumServlet.handleHttpRequest(AppiumServlet.java:271)\n\tat io.appium.uiautomator2.http.ServerHandler.channelRead(ServerHandler.java:77)\n\tat io.netty.channel.AbstractChannelHandlerContext.invokeChannelRead(AbstractChannelHandlerContext.java:366)\n\tat io.netty.channel.Abstr...
&amp#27;[38;5;66m[75895e03]&amp#27;[0m&amp#27;[38;5;123m[W3C]&amp#27;[0m Matched W3C error code 'no such element' to NoSuchElementError
&amp#27;[38;5;66m[75895e03]&amp#27;[0m&amp#27;[38;5;112m[AndroidUiautomator2Driver@b341 (75895e03)]&amp#27;[0m Waited for 2644 ms so far
&amp#27;[38;5;66m[75895e03]&amp#27;[0m&amp#27;[38;5;112m[AndroidUiautomator2Driver@b341 (75895e03)]&amp#27;[0m Matched '/element' to command name 'findElement'
&amp#27;[38;5;66m[75895e03]&amp#27;[0m&amp#27;[38;5;112m[AndroidUiautomator2Driver@b341 (75895e03)]&amp#27;[0m Proxying [POST /element] to [POST http://127.0.0.1:8200/session/9a29d941-f2de-44a0-9e8c-b573902f2815/element] with body: {"strategy":"xpath","selector":"//*[@content-desc=\"EyesAppiumHelper\"]","context":"","multiple":false}
&amp#27;[38;5;66m[75895e03]&amp#27;[0m&amp#27;[38;5;112m[AndroidUiautomator2Driver@b341 (75895e03)]&amp#27;[0m Got response with status 404: {"sessionId":"9a29d941-f2de-44a0-9e8c-b573902f2815","value":{"error":"no such element","message":"An element could not be located on the page using the given search parameters","stacktrace":"io.appium.uiautomator2.common.exceptions.ElementNotFoundException: An element could not be located on the page using the given search parameters\n\tat io.appium.uiautomator2.utils.ElementLocationHelpers.findElement(ElementLocationHelpers.java:156)\n\tat io.appium.uiautomator2.handler.FindElement.safeHandle(FindElement.java:60)\n\tat io.appium.uiautomator2.handler.request.SafeRequestHandler.handle(SafeRequestHandler.java:59)\n\tat io.appium.uiautomator2.server.AppiumServlet.handleRequest(AppiumServlet.java:277)\n\tat io.appium.uiautomator2.server.AppiumServlet.handleHttpRequest(AppiumServlet.java:271)\n\tat io.appium.uiautomator2.http.ServerHandler.channelRead(ServerHandler.java:77)\n\tat io.netty.channel.AbstractChannelHandlerContext.invokeChannelRead(AbstractChannelHandlerContext.java:366)\n\tat io.netty.channel.Abstr...
&amp#27;[38;5;66m[75895e03]&amp#27;[0m&amp#27;[38;5;123m[W3C]&amp#27;[0m Matched W3C error code 'no such element' to NoSuchElementError
&amp#27;[38;5;66m[75895e03]&amp#27;[0m&amp#27;[38;5;112m[AndroidUiautomator2Driver@b341 (75895e03)]&amp#27;[0m Waited for 3271 ms so far
&amp#27;[38;5;66m[75895e03]&amp#27;[0m&amp#27;[38;5;112m[AndroidUiautomator2Driver@b341 (75895e03)]&amp#27;[0m Matched '/element' to command name 'findElement'
&amp#27;[38;5;66m[75895e03]&amp#27;[0m&amp#27;[38;5;112m[AndroidUiautomator2Driver@b341 (75895e03)]&amp#27;[0m Proxying [POST /element] to [POST http://127.0.0.1:8200/session/9a29d941-f2de-44a0-9e8c-b573902f2815/element] with body: {"strategy":"xpath","selector":"//*[@content-desc=\"EyesAppiumHelper\"]","context":"","multiple":false}
&amp#27;[38;5;66m[75895e03]&amp#27;[0m&amp#27;[38;5;112m[AndroidUiautomator2Driver@b341 (75895e03)]&amp#27;[0m Got response with status 404: {"sessionId":"9a29d941-f2de-44a0-9e8c-b573902f2815","value":{"error":"no such element","message":"An element could not be located on the page using the given search parameters","stacktrace":"io.appium.uiautomator2.common.exceptions.ElementNotFoundException: An element could not be located on the page using the given search parameters\n\tat io.appium.uiautomator2.utils.ElementLocationHelpers.findElement(ElementLocationHelpers.java:156)\n\tat io.appium.uiautomator2.handler.FindElement.safeHandle(FindElement.java:60)\n\tat io.appium.uiautomator2.handler.request.SafeRequestHandler.handle(SafeRequestHandler.java:59)\n\tat io.appium.uiautomator2.server.AppiumServlet.handleRequest(AppiumServlet.java:277)\n\tat io.appium.uiautomator2.server.AppiumServlet.handleHttpRequest(AppiumServlet.java:271)\n\tat io.appium.uiautomator2.http.ServerHandler.channelRead(ServerHandler.java:77)\n\tat io.netty.channel.AbstractChannelHandlerContext.invokeChannelRead(AbstractChannelHandlerContext.java:366)\n\tat io.netty.channel.Abstr...
&amp#27;[38;5;66m[75895e03]&amp#27;[0m&amp#27;[38;5;123m[W3C]&amp#27;[0m Matched W3C error code 'no such element' to NoSuchElementError
&amp#27;[38;5;66m[75895e03]&amp#27;[0m&amp#27;[38;5;112m[AndroidUiautomator2Driver@b341 (75895e03)]&amp#27;[0m Waited for 3904 ms so far
&amp#27;[38;5;66m[75895e03]&amp#27;[0m&amp#27;[38;5;112m[AndroidUiautomator2Driver@b341 (75895e03)]&amp#27;[0m Matched '/element' to command name 'findElement'
&amp#27;[38;5;66m[75895e03]&amp#27;[0m&amp#27;[38;5;112m[AndroidUiautomator2Driver@b341 (75895e03)]&amp#27;[0m Proxying [POST /element] to [POST http://127.0.0.1:8200/session/9a29d941-f2de-44a0-9e8c-b573902f2815/element] with body: {"strategy":"xpath","selector":"//*[@content-desc=\"EyesAppiumHelper\"]","context":"","multiple":false}
&amp#27;[38;5;66m[75895e03]&amp#27;[0m&amp#27;[38;5;112m[AndroidUiautomator2Driver@b341 (75895e03)]&amp#27;[0m Got response with status 404: {"sessionId":"9a29d941-f2de-44a0-9e8c-b573902f2815","value":{"error":"no such element","message":"An element could not be located on the page using the given search parameters","stacktrace":"io.appium.uiautomator2.common.exceptions.ElementNotFoundException: An element could not be located on the page using the given search parameters\n\tat io.appium.uiautomator2.utils.ElementLocationHelpers.findElement(ElementLocationHelpers.java:156)\n\tat io.appium.uiautomator2.handler.FindElement.safeHandle(FindElement.java:60)\n\tat io.appium.uiautomator2.handler.request.SafeRequestHandler.handle(SafeRequestHandler.java:59)\n\tat io.appium.uiautomator2.server.AppiumServlet.handleRequest(AppiumServlet.java:277)\n\tat io.appium.uiautomator2.server.AppiumServlet.handleHttpRequest(AppiumServlet.java:271)\n\tat io.appium.uiautomator2.http.ServerHandler.channelRead(ServerHandler.java:77)\n\tat io.netty.channel.AbstractChannelHandlerContext.invokeChannelRead(AbstractChannelHandlerContext.java:366)\n\tat io.netty.channel.Abstr...
&amp#27;[38;5;66m[75895e03]&amp#27;[0m&amp#27;[38;5;123m[W3C]&amp#27;[0m Matched W3C error code 'no such element' to NoSuchElementError
&amp#27;[38;5;66m[75895e03]&amp#27;[0m&amp#27;[38;5;112m[AndroidUiautomator2Driver@b341 (75895e03)]&amp#27;[0m Waited for 4528 ms so far
&amp#27;[38;5;66m[75895e03]&amp#27;[0m&amp#27;[38;5;112m[AndroidUiautomator2Driver@b341 (75895e03)]&amp#27;[0m Matched '/element' to command name 'findElement'
&amp#27;[38;5;66m[75895e03]&amp#27;[0m&amp#27;[38;5;112m[AndroidUiautomator2Driver@b341 (75895e03)]&amp#27;[0m Proxying [POST /element] to [POST http://127.0.0.1:8200/session/9a29d941-f2de-44a0-9e8c-b573902f2815/element] with body: {"strategy":"xpath","selector":"//*[@content-desc=\"EyesAppiumHelper\"]","context":"","multiple":false}
&amp#27;[38;5;66m[75895e03]&amp#27;[0m&amp#27;[38;5;112m[AndroidUiautomator2Driver@b341 (75895e03)]&amp#27;[0m Got response with status 404: {"sessionId":"9a29d941-f2de-44a0-9e8c-b573902f2815","value":{"error":"no such element","message":"An element could not be located on the page using the given search parameters","stacktrace":"io.appium.uiautomator2.common.exceptions.ElementNotFoundException: An element could not be located on the page using the given search parameters\n\tat io.appium.uiautomator2.utils.ElementLocationHelpers.findElement(ElementLocationHelpers.java:156)\n\tat io.appium.uiautomator2.handler.FindElement.safeHandle(FindElement.java:60)\n\tat io.appium.uiautomator2.handler.request.SafeRequestHandler.handle(SafeRequestHandler.java:59)\n\tat io.appium.uiautomator2.server.AppiumServlet.handleRequest(AppiumServlet.java:277)\n\tat io.appium.uiautomator2.server.AppiumServlet.handleHttpRequest(AppiumServlet.java:271)\n\tat io.appium.uiautomator2.http.ServerHandler.channelRead(ServerHandler.java:77)\n\tat io.netty.channel.AbstractChannelHandlerContext.invokeChannelRead(AbstractChannelHandlerContext.java:366)\n\tat io.netty.channel.Abstr...
&amp#27;[38;5;66m[75895e03]&amp#27;[0m&amp#27;[38;5;123m[W3C]&amp#27;[0m Matched W3C error code 'no such element' to NoSuchElementError
&amp#27;[38;5;66m[75895e03]&amp#27;[0m&amp#27;[38;5;112m[AndroidUiautomator2Driver@b341 (75895e03)]&amp#27;[0m Waited for 5154 ms so far
&amp#27;[38;5;66m[75895e03]&amp#27;[0m&amp#27;[38;5;112m[AndroidUiautomator2Driver@b341 (75895e03)]&amp#27;[0m Matched '/element' to command name 'findElement'
&amp#27;[38;5;66m[75895e03]&amp#27;[0m&amp#27;[38;5;112m[AndroidUiautomator2Driver@b341 (75895e03)]&amp#27;[0m Proxying [POST /element] to [POST http://127.0.0.1:8200/session/9a29d941-f2de-44a0-9e8c-b573902f2815/element] with body: {"strategy":"xpath","selector":"//*[@content-desc=\"EyesAppiumHelper\"]","context":"","multiple":false}
&amp#27;[38;5;66m[75895e03]&amp#27;[0m&amp#27;[38;5;112m[AndroidUiautomator2Driver@b341 (75895e03)]&amp#27;[0m Got response with status 404: {"sessionId":"9a29d941-f2de-44a0-9e8c-b573902f2815","value":{"error":"no such element","message":"An element could not be located on the page using the given search parameters","stacktrace":"io.appium.uiautomator2.common.exceptions.ElementNotFoundException: An element could not be located on the page using the given search parameters\n\tat io.appium.uiautomator2.utils.ElementLocationHelpers.findElement(ElementLocationHelpers.java:156)\n\tat io.appium.uiautomator2.handler.FindElement.safeHandle(FindElement.java:60)\n\tat io.appium.uiautomator2.handler.request.SafeRequestHandler.handle(SafeRequestHandler.java:59)\n\tat io.appium.uiautomator2.server.AppiumServlet.handleRequest(AppiumServlet.java:277)\n\tat io.appium.uiautomator2.server.AppiumServlet.handleHttpRequest(AppiumServlet.java:271)\n\tat io.appium.uiautomator2.http.ServerHandler.channelRead(ServerHandler.java:77)\n\tat io.netty.channel.AbstractChannelHandlerContext.invokeChannelRead(AbstractChannelHandlerContext.java:366)\n\tat io.netty.channel.Abstr...
&amp#27;[38;5;66m[75895e03]&amp#27;[0m&amp#27;[38;5;123m[W3C]&amp#27;[0m Matched W3C error code 'no such element' to NoSuchElementError
&amp#27;[38;5;66m[75895e03]&amp#27;[0m&amp#27;[38;5;112m[AndroidUiautomator2Driver@b341 (75895e03)]&amp#27;[0m Waited for 5785 ms so far
&amp#27;[38;5;66m[75895e03]&amp#27;[0m&amp#27;[38;5;112m[AndroidUiautomator2Driver@b341 (75895e03)]&amp#27;[0m Matched '/element' to command name 'findElement'
&amp#27;[38;5;66m[75895e03]&amp#27;[0m&amp#27;[38;5;112m[AndroidUiautomator2Driver@b341 (75895e03)]&amp#27;[0m Proxying [POST /element] to [POST http://127.0.0.1:8200/session/9a29d941-f2de-44a0-9e8c-b573902f2815/element] with body: {"strategy":"xpath","selector":"//*[@content-desc=\"EyesAppiumHelper\"]","context":"","multiple":false}
&amp#27;[38;5;66m[75895e03]&amp#27;[0m&amp#27;[38;5;112m[AndroidUiautomator2Driver@b341 (75895e03)]&amp#27;[0m Got response with status 404: {"sessionId":"9a29d941-f2de-44a0-9e8c-b573902f2815","value":{"error":"no such element","message":"An element could not be located on the page using the given search parameters","stacktrace":"io.appium.uiautomator2.common.exceptions.ElementNotFoundException: An element could not be located on the page using the given search parameters\n\tat io.appium.uiautomator2.utils.ElementLocationHelpers.findElement(ElementLocationHelpers.java:156)\n\tat io.appium.uiautomator2.handler.FindElement.safeHandle(FindElement.java:60)\n\tat io.appium.uiautomator2.handler.request.SafeRequestHandler.handle(SafeRequestHandler.java:59)\n\tat io.appium.uiautomator2.server.AppiumServlet.handleRequest(AppiumServlet.java:277)\n\tat io.appium.uiautomator2.server.AppiumServlet.handleHttpRequest(AppiumServlet.java:271)\n\tat io.appium.uiautomator2.http.ServerHandler.channelRead(ServerHandler.java:77)\n\tat io.netty.channel.AbstractChannelHandlerContext.invokeChannelRead(AbstractChannelHandlerContext.java:366)\n\tat io.netty.channel.Abstr...
&amp#27;[38;5;66m[75895e03]&amp#27;[0m&amp#27;[38;5;123m[W3C]&amp#27;[0m Matched W3C error code 'no such element' to NoSuchElementError
&amp#27;[38;5;66m[75895e03]&amp#27;[0m&amp#27;[38;5;112m[AndroidUiautomator2Driver@b341 (75895e03)]&amp#27;[0m Waited for 6440 ms so far
&amp#27;[38;5;66m[75895e03]&amp#27;[0m&amp#27;[38;5;112m[AndroidUiautomator2Driver@b341 (75895e03)]&amp#27;[0m Matched '/element' to command name 'findElement'
&amp#27;[38;5;66m[75895e03]&amp#27;[0m&amp#27;[38;5;112m[AndroidUiautomator2Driver@b341 (75895e03)]&amp#27;[0m Proxying [POST /element] to [POST http://127.0.0.1:8200/session/9a29d941-f2de-44a0-9e8c-b573902f2815/element] with body: {"strategy":"xpath","selector":"//*[@content-desc=\"EyesAppiumHelper\"]","context":"","multiple":false}
&amp#27;[38;5;66m[75895e03]&amp#27;[0m&amp#27;[38;5;112m[AndroidUiautomator2Driver@b341 (75895e03)]&amp#27;[0m Got response with status 404: {"sessionId":"9a29d941-f2de-44a0-9e8c-b573902f2815","value":{"error":"no such element","message":"An element could not be located on the page using the given search parameters","stacktrace":"io.appium.uiautomator2.common.exceptions.ElementNotFoundException: An element could not be located on the page using the given search parameters\n\tat io.appium.uiautomator2.utils.ElementLocationHelpers.findElement(ElementLocationHelpers.java:156)\n\tat io.appium.uiautomator2.handler.FindElement.safeHandle(FindElement.java:60)\n\tat io.appium.uiautomator2.handler.request.SafeRequestHandler.handle(SafeRequestHandler.java:59)\n\tat io.appium.uiautomator2.server.AppiumServlet.handleRequest(AppiumServlet.java:277)\n\tat io.appium.uiautomator2.server.AppiumServlet.handleHttpRequest(AppiumServlet.java:271)\n\tat io.appium.uiautomator2.http.ServerHandler.channelRead(ServerHandler.java:77)\n\tat io.netty.channel.AbstractChannelHandlerContext.invokeChannelRead(AbstractChannelHandlerContext.java:366)\n\tat io.netty.channel.Abstr...
&amp#27;[38;5;66m[75895e03]&amp#27;[0m&amp#27;[38;5;123m[W3C]&amp#27;[0m Matched W3C error code 'no such element' to NoSuchElementError
&amp#27;[38;5;66m[75895e03]&amp#27;[0m&amp#27;[38;5;112m[AndroidUiautomator2Driver@b341 (75895e03)]&amp#27;[0m Waited for 7063 ms so far
&amp#27;[38;5;66m[75895e03]&amp#27;[0m&amp#27;[38;5;112m[AndroidUiautomator2Driver@b341 (75895e03)]&amp#27;[0m Matched '/element' to command name 'findElement'
&amp#27;[38;5;66m[75895e03]&amp#27;[0m&amp#27;[38;5;112m[AndroidUiautomator2Driver@b341 (75895e03)]&amp#27;[0m Proxying [POST /element] to [POST http://127.0.0.1:8200/session/9a29d941-f2de-44a0-9e8c-b573902f2815/element] with body: {"strategy":"xpath","selector":"//*[@content-desc=\"EyesAppiumHelper\"]","context":"","multiple":false}
&amp#27;[38;5;66m[75895e03]&amp#27;[0m&amp#27;[38;5;112m[AndroidUiautomator2Driver@b341 (75895e03)]&amp#27;[0m Got response with status 404: {"sessionId":"9a29d941-f2de-44a0-9e8c-b573902f2815","value":{"error":"no such element","message":"An element could not be located on the page using the given search parameters","stacktrace":"io.appium.uiautomator2.common.exceptions.ElementNotFoundException: An element could not be located on the page using the given search parameters\n\tat io.appium.uiautomator2.utils.ElementLocationHelpers.findElement(ElementLocationHelpers.java:156)\n\tat io.appium.uiautomator2.handler.FindElement.safeHandle(FindElement.java:60)\n\tat io.appium.uiautomator2.handler.request.SafeRequestHandler.handle(SafeRequestHandler.java:59)\n\tat io.appium.uiautomator2.server.AppiumServlet.handleRequest(AppiumServlet.java:277)\n\tat io.appium.uiautomator2.server.AppiumServlet.handleHttpRequest(AppiumServlet.java:271)\n\tat io.appium.uiautomator2.http.ServerHandler.channelRead(ServerHandler.java:77)\n\tat io.netty.channel.AbstractChannelHandlerContext.invokeChannelRead(AbstractChannelHandlerContext.java:366)\n\tat io.netty.channel.Abstr...
&amp#27;[38;5;66m[75895e03]&amp#27;[0m&amp#27;[38;5;123m[W3C]&amp#27;[0m Matched W3C error code 'no such element' to NoSuchElementError
&amp#27;[38;5;66m[75895e03]&amp#27;[0m&amp#27;[38;5;112m[AndroidUiautomator2Driver@b341 (75895e03)]&amp#27;[0m Waited for 7677 ms so far
&amp#27;[38;5;66m[75895e03]&amp#27;[0m&amp#27;[38;5;112m[AndroidUiautomator2Driver@b341 (75895e03)]&amp#27;[0m Matched '/element' to command name 'findElement'
&amp#27;[38;5;66m[75895e03]&amp#27;[0m&amp#27;[38;5;112m[AndroidUiautomator2Driver@b341 (75895e03)]&amp#27;[0m Proxying [POST /element] to [POST http://127.0.0.1:8200/session/9a29d941-f2de-44a0-9e8c-b573902f2815/element] with body: {"strategy":"xpath","selector":"//*[@content-desc=\"EyesAppiumHelper\"]","context":"","multiple":false}
&amp#27;[38;5;66m[75895e03]&amp#27;[0m&amp#27;[38;5;112m[AndroidUiautomator2Driver@b341 (75895e03)]&amp#27;[0m Got response with status 404: {"sessionId":"9a29d941-f2de-44a0-9e8c-b573902f2815","value":{"error":"no such element","message":"An element could not be located on the page using the given search parameters","stacktrace":"io.appium.uiautomator2.common.exceptions.ElementNotFoundException: An element could not be located on the page using the given search parameters\n\tat io.appium.uiautomator2.utils.ElementLocationHelpers.findElement(ElementLocationHelpers.java:156)\n\tat io.appium.uiautomator2.handler.FindElement.safeHandle(FindElement.java:60)\n\tat io.appium.uiautomator2.handler.request.SafeRequestHandler.handle(SafeRequestHandler.java:59)\n\tat io.appium.uiautomator2.server.AppiumServlet.handleRequest(AppiumServlet.java:277)\n\tat io.appium.uiautomator2.server.AppiumServlet.handleHttpRequest(AppiumServlet.java:271)\n\tat io.appium.uiautomator2.http.ServerHandler.channelRead(ServerHandler.java:77)\n\tat io.netty.channel.AbstractChannelHandlerContext.invokeChannelRead(AbstractChannelHandlerContext.java:366)\n\tat io.netty.channel.Abstr...
&amp#27;[38;5;66m[75895e03]&amp#27;[0m&amp#27;[38;5;123m[W3C]&amp#27;[0m Matched W3C error code 'no such element' to NoSuchElementError
&amp#27;[38;5;66m[75895e03]&amp#27;[0m&amp#27;[38;5;112m[AndroidUiautomator2Driver@b341 (75895e03)]&amp#27;[0m Waited for 8302 ms so far
&amp#27;[38;5;66m[75895e03]&amp#27;[0m&amp#27;[38;5;112m[AndroidUiautomator2Driver@b341 (75895e03)]&amp#27;[0m Matched '/element' to command name 'findElement'
&amp#27;[38;5;66m[75895e03]&amp#27;[0m&amp#27;[38;5;112m[AndroidUiautomator2Driver@b341 (75895e03)]&amp#27;[0m Proxying [POST /element] to [POST http://127.0.0.1:8200/session/9a29d941-f2de-44a0-9e8c-b573902f2815/element] with body: {"strategy":"xpath","selector":"//*[@content-desc=\"EyesAppiumHelper\"]","context":"","multiple":false}
&amp#27;[38;5;66m[75895e03]&amp#27;[0m&amp#27;[38;5;112m[AndroidUiautomator2Driver@b341 (75895e03)]&amp#27;[0m Got response with status 404: {"sessionId":"9a29d941-f2de-44a0-9e8c-b573902f2815","value":{"error":"no such element","message":"An element could not be located on the page using the given search parameters","stacktrace":"io.appium.uiautomator2.common.exceptions.ElementNotFoundException: An element could not be located on the page using the given search parameters\n\tat io.appium.uiautomator2.utils.ElementLocationHelpers.findElement(ElementLocationHelpers.java:156)\n\tat io.appium.uiautomator2.handler.FindElement.safeHandle(FindElement.java:60)\n\tat io.appium.uiautomator2.handler.request.SafeRequestHandler.handle(SafeRequestHandler.java:59)\n\tat io.appium.uiautomator2.server.AppiumServlet.handleRequest(AppiumServlet.java:277)\n\tat io.appium.uiautomator2.server.AppiumServlet.handleHttpRequest(AppiumServlet.java:271)\n\tat io.appium.uiautomator2.http.ServerHandler.channelRead(ServerHandler.java:77)\n\tat io.netty.channel.AbstractChannelHandlerContext.invokeChannelRead(AbstractChannelHandlerContext.java:366)\n\tat io.netty.channel.Abstr...
&amp#27;[38;5;66m[75895e03]&amp#27;[0m&amp#27;[38;5;123m[W3C]&amp#27;[0m Matched W3C error code 'no such element' to NoSuchElementError
&amp#27;[38;5;66m[75895e03]&amp#27;[0m&amp#27;[38;5;112m[AndroidUiautomator2Driver@b341 (75895e03)]&amp#27;[0m Waited for 8937 ms so far
&amp#27;[38;5;66m[75895e03]&amp#27;[0m&amp#27;[38;5;112m[AndroidUiautomator2Driver@b341 (75895e03)]&amp#27;[0m Matched '/element' to command name 'findElement'
&amp#27;[38;5;66m[75895e03]&amp#27;[0m&amp#27;[38;5;112m[AndroidUiautomator2Driver@b341 (75895e03)]&amp#27;[0m Proxying [POST /element] to [POST http://127.0.0.1:8200/session/9a29d941-f2de-44a0-9e8c-b573902f2815/element] with body: {"strategy":"xpath","selector":"//*[@content-desc=\"EyesAppiumHelper\"]","context":"","multiple":false}
&amp#27;[38;5;66m[75895e03]&amp#27;[0m&amp#27;[38;5;112m[AndroidUiautomator2Driver@b341 (75895e03)]&amp#27;[0m Got response with status 404: {"sessionId":"9a29d941-f2de-44a0-9e8c-b573902f2815","value":{"error":"no such element","message":"An element could not be located on the page using the given search parameters","stacktrace":"io.appium.uiautomator2.common.exceptions.ElementNotFoundException: An element could not be located on the page using the given search parameters\n\tat io.appium.uiautomator2.utils.ElementLocationHelpers.findElement(ElementLocationHelpers.java:156)\n\tat io.appium.uiautomator2.handler.FindElement.safeHandle(FindElement.java:60)\n\tat io.appium.uiautomator2.handler.request.SafeRequestHandler.handle(SafeRequestHandler.java:59)\n\tat io.appium.uiautomator2.server.AppiumServlet.handleRequest(AppiumServlet.java:277)\n\tat io.appium.uiautomator2.server.AppiumServlet.handleHttpRequest(AppiumServlet.java:271)\n\tat io.appium.uiautomator2.http.ServerHandler.channelRead(ServerHandler.java:77)\n\tat io.netty.channel.AbstractChannelHandlerContext.invokeChannelRead(AbstractChannelHandlerContext.java:366)\n\tat io.netty.channel.Abstr...
&amp#27;[38;5;66m[75895e03]&amp#27;[0m&amp#27;[38;5;123m[W3C]&amp#27;[0m Matched W3C error code 'no such element' to NoSuchElementError
&amp#27;[38;5;66m[75895e03]&amp#27;[0m&amp#27;[38;5;112m[AndroidUiautomator2Driver@b341 (75895e03)]&amp#27;[0m Waited for 9668 ms so far
&amp#27;[38;5;66m[75895e03]&amp#27;[0m&amp#27;[38;5;112m[AndroidUiautomator2Driver@b341 (75895e03)]&amp#27;[0m Matched '/element' to command name 'findElement'
&amp#27;[38;5;66m[75895e03]&amp#27;[0m&amp#27;[38;5;112m[AndroidUiautomator2Driver@b341 (75895e03)]&amp#27;[0m Proxying [POST /element] to [POST http://127.0.0.1:8200/session/9a29d941-f2de-44a0-9e8c-b573902f2815/element] with body: {"strategy":"xpath","selector":"//*[@content-desc=\"EyesAppiumHelper\"]","context":"","multiple":false}
&amp#27;[38;5;66m[75895e03]&amp#27;[0m&amp#27;[38;5;112m[AndroidUiautomator2Driver@b341 (75895e03)]&amp#27;[0m Got response with status 404: {"sessionId":"9a29d941-f2de-44a0-9e8c-b573902f2815","value":{"error":"no such element","message":"An element could not be located on the page using the given search parameters","stacktrace":"io.appium.uiautomator2.common.exceptions.ElementNotFoundException: An element could not be located on the page using the given search parameters\n\tat io.appium.uiautomator2.utils.ElementLocationHelpers.findElement(ElementLocationHelpers.java:156)\n\tat io.appium.uiautomator2.handler.FindElement.safeHandle(FindElement.java:60)\n\tat io.appium.uiautomator2.handler.request.SafeRequestHandler.handle(SafeRequestHandler.java:59)\n\tat io.appium.uiautomator2.server.AppiumServlet.handleRequest(AppiumServlet.java:277)\n\tat io.appium.uiautomator2.server.AppiumServlet.handleHttpRequest(AppiumServlet.java:271)\n\tat io.appium.uiautomator2.http.ServerHandler.channelRead(ServerHandler.java:77)\n\tat io.netty.channel.AbstractChannelHandlerContext.invokeChannelRead(AbstractChannelHandlerContext.java:366)\n\tat io.netty.channel.Abstr...
&amp#27;[38;5;66m[75895e03]&amp#27;[0m&amp#27;[38;5;123m[W3C]&amp#27;[0m Matched W3C error code 'no such element' to NoSuchElementError
&amp#27;[38;5;66m[75895e03]&amp#27;[0m&amp#27;[38;5;112m[AndroidUiautomator2Driver@b341 (75895e03)]&amp#27;[0m Waited for 10349 ms so far
&amp#27;[38;5;66m[75895e03]&amp#27;[0m&amp#27;[38;5;112m[AndroidUiautomator2Driver@b341 (75895e03)]&amp#27;[0m Matched '/element' to command name 'findElement'
&amp#27;[38;5;66m[75895e03]&amp#27;[0m&amp#27;[38;5;112m[AndroidUiautomator2Driver@b341 (75895e03)]&amp#27;[0m Proxying [POST /element] to [POST http://127.0.0.1:8200/session/9a29d941-f2de-44a0-9e8c-b573902f2815/element] with body: {"strategy":"xpath","selector":"//*[@content-desc=\"EyesAppiumHelper\"]","context":"","multiple":false}
&amp#27;[38;5;66m[75895e03]&amp#27;[0m&amp#27;[38;5;112m[AndroidUiautomator2Driver@b341 (75895e03)]&amp#27;[0m Got response with status 404: {"sessionId":"9a29d941-f2de-44a0-9e8c-b573902f2815","value":{"error":"no such element","message":"An element could not be located on the page using the given search parameters","stacktrace":"io.appium.uiautomator2.common.exceptions.ElementNotFoundException: An element could not be located on the page using the given search parameters\n\tat io.appium.uiautomator2.utils.ElementLocationHelpers.findElement(ElementLocationHelpers.java:156)\n\tat io.appium.uiautomator2.handler.FindElement.safeHandle(FindElement.java:60)\n\tat io.appium.uiautomator2.handler.request.SafeRequestHandler.handle(SafeRequestHandler.java:59)\n\tat io.appium.uiautomator2.server.AppiumServlet.handleRequest(AppiumServlet.java:277)\n\tat io.appium.uiautomator2.server.AppiumServlet.handleHttpRequest(AppiumServlet.java:271)\n\tat io.appium.uiautomator2.http.ServerHandler.channelRead(ServerHandler.java:77)\n\tat io.netty.channel.AbstractChannelHandlerContext.invokeChannelRead(AbstractChannelHandlerContext.java:366)\n\tat io.netty.channel.Abstr...
&amp#27;[38;5;66m[75895e03]&amp#27;[0m&amp#27;[38;5;123m[W3C]&amp#27;[0m Matched W3C error code 'no such element' to NoSuchElementError
&amp#27;[38;5;66m[75895e03]&amp#27;[0m&amp#27;[38;5;112m[AndroidUiautomator2Driver@b341 (75895e03)]&amp#27;[0m Waited for 10973 ms so far
&amp#27;[38;5;66m[75895e03]&amp#27;[0m&amp#27;[38;5;112m[AndroidUiautomator2Driver@b341 (75895e03)]&amp#27;[0m Matched '/element' to command name 'findElement'
&amp#27;[38;5;66m[75895e03]&amp#27;[0m&amp#27;[38;5;112m[AndroidUiautomator2Driver@b341 (75895e03)]&amp#27;[0m Proxying [POST /element] to [POST http://127.0.0.1:8200/session/9a29d941-f2de-44a0-9e8c-b573902f2815/element] with body: {"strategy":"xpath","selector":"//*[@content-desc=\"EyesAppiumHelper\"]","context":"","multiple":false}
&amp#27;[38;5;66m[75895e03]&amp#27;[0m&amp#27;[38;5;112m[AndroidUiautomator2Driver@b341 (75895e03)]&amp#27;[0m Got response with status 404: {"sessionId":"9a29d941-f2de-44a0-9e8c-b573902f2815","value":{"error":"no such element","message":"An element could not be located on the page using the given search parameters","stacktrace":"io.appium.uiautomator2.common.exceptions.ElementNotFoundException: An element could not be located on the page using the given search parameters\n\tat io.appium.uiautomator2.utils.ElementLocationHelpers.findElement(ElementLocationHelpers.java:156)\n\tat io.appium.uiautomator2.handler.FindElement.safeHandle(FindElement.java:60)\n\tat io.appium.uiautomator2.handler.request.SafeRequestHandler.handle(SafeRequestHandler.java:59)\n\tat io.appium.uiautomator2.server.AppiumServlet.handleRequest(AppiumServlet.java:277)\n\tat io.appium.uiautomator2.server.AppiumServlet.handleHttpRequest(AppiumServlet.java:271)\n\tat io.appium.uiautomator2.http.ServerHandler.channelRead(ServerHandler.java:77)\n\tat io.netty.channel.AbstractChannelHandlerContext.invokeChannelRead(AbstractChannelHandlerContext.java:366)\n\tat io.netty.channel.Abstr...
&amp#27;[38;5;66m[75895e03]&amp#27;[0m&amp#27;[38;5;123m[W3C]&amp#27;[0m Matched W3C error code 'no such element' to NoSuchElementError
&amp#27;[38;5;66m[75895e03]&amp#27;[0m&amp#27;[38;5;112m[AndroidUiautomator2Driver@b341 (75895e03)]&amp#27;[0m Waited for 11613 ms so far
&amp#27;[38;5;66m[75895e03]&amp#27;[0m&amp#27;[38;5;112m[AndroidUiautomator2Driver@b341 (75895e03)]&amp#27;[0m Matched '/element' to command name 'findElement'
&amp#27;[38;5;66m[75895e03]&amp#27;[0m&amp#27;[38;5;112m[AndroidUiautomator2Driver@b341 (75895e03)]&amp#27;[0m Proxying [POST /element] to [POST http://127.0.0.1:8200/session/9a29d941-f2de-44a0-9e8c-b573902f2815/element] with body: {"strategy":"xpath","selector":"//*[@content-desc=\"EyesAppiumHelper\"]","context":"","multiple":false}
&amp#27;[38;5;66m[75895e03]&amp#27;[0m&amp#27;[38;5;112m[AndroidUiautomator2Driver@b341 (75895e03)]&amp#27;[0m Got response with status 404: {"sessionId":"9a29d941-f2de-44a0-9e8c-b573902f2815","value":{"error":"no such element","message":"An element could not be located on the page using the given search parameters","stacktrace":"io.appium.uiautomator2.common.exceptions.ElementNotFoundException: An element could not be located on the page using the given search parameters\n\tat io.appium.uiautomator2.utils.ElementLocationHelpers.findElement(ElementLocationHelpers.java:156)\n\tat io.appium.uiautomator2.handler.FindElement.safeHandle(FindElement.java:60)\n\tat io.appium.uiautomator2.handler.request.SafeRequestHandler.handle(SafeRequestHandler.java:59)\n\tat io.appium.uiautomator2.server.AppiumServlet.handleRequest(AppiumServlet.java:277)\n\tat io.appium.uiautomator2.server.AppiumServlet.handleHttpRequest(AppiumServlet.java:271)\n\tat io.appium.uiautomator2.http.ServerHandler.channelRead(ServerHandler.java:77)\n\tat io.netty.channel.AbstractChannelHandlerContext.invokeChannelRead(AbstractChannelHandlerContext.java:366)\n\tat io.netty.channel.Abstr...
&amp#27;[38;5;66m[75895e03]&amp#27;[0m&amp#27;[38;5;123m[W3C]&amp#27;[0m Matched W3C error code 'no such element' to NoSuchElementError
&amp#27;[38;5;66m[75895e03]&amp#27;[0m&amp#27;[38;5;112m[AndroidUiautomator2Driver@b341 (75895e03)]&amp#27;[0m Waited for 12238 ms so far
&amp#27;[38;5;66m[75895e03]&amp#27;[0m&amp#27;[38;5;112m[AndroidUiautomator2Driver@b341 (75895e03)]&amp#27;[0m Matched '/element' to command name 'findElement'
&amp#27;[38;5;66m[75895e03]&amp#27;[0m&amp#27;[38;5;112m[AndroidUiautomator2Driver@b341 (75895e03)]&amp#27;[0m Proxying [POST /element] to [POST http://127.0.0.1:8200/session/9a29d941-f2de-44a0-9e8c-b573902f2815/element] with body: {"strategy":"xpath","selector":"//*[@content-desc=\"EyesAppiumHelper\"]","context":"","multiple":false}
&amp#27;[38;5;66m[75895e03]&amp#27;[0m&amp#27;[38;5;112m[AndroidUiautomator2Driver@b341 (75895e03)]&amp#27;[0m Got response with status 404: {"sessionId":"9a29d941-f2de-44a0-9e8c-b573902f2815","value":{"error":"no such element","message":"An element could not be located on the page using the given search parameters","stacktrace":"io.appium.uiautomator2.common.exceptions.ElementNotFoundException: An element could not be located on the page using the given search parameters\n\tat io.appium.uiautomator2.utils.ElementLocationHelpers.findElement(ElementLocationHelpers.java:156)\n\tat io.appium.uiautomator2.handler.FindElement.safeHandle(FindElement.java:60)\n\tat io.appium.uiautomator2.handler.request.SafeRequestHandler.handle(SafeRequestHandler.java:59)\n\tat io.appium.uiautomator2.server.AppiumServlet.handleRequest(AppiumServlet.java:277)\n\tat io.appium.uiautomator2.server.AppiumServlet.handleHttpRequest(AppiumServlet.java:271)\n\tat io.appium.uiautomator2.http.ServerHandler.channelRead(ServerHandler.java:77)\n\tat io.netty.channel.AbstractChannelHandlerContext.invokeChannelRead(AbstractChannelHandlerContext.java:366)\n\tat io.netty.channel.Abstr...
&amp#27;[38;5;66m[75895e03]&amp#27;[0m&amp#27;[38;5;123m[W3C]&amp#27;[0m Matched W3C error code 'no such element' to NoSuchElementError
&amp#27;[38;5;66m[75895e03]&amp#27;[0m&amp#27;[38;5;112m[AndroidUiautomator2Driver@b341 (75895e03)]&amp#27;[0m Waited for 12871 ms so far
&amp#27;[38;5;66m[75895e03]&amp#27;[0m&amp#27;[38;5;112m[AndroidUiautomator2Driver@b341 (75895e03)]&amp#27;[0m Matched '/element' to command name 'findElement'
&amp#27;[38;5;66m[75895e03]&amp#27;[0m&amp#27;[38;5;112m[AndroidUiautomator2Driver@b341 (75895e03)]&amp#27;[0m Proxying [POST /element] to [POST http://127.0.0.1:8200/session/9a29d941-f2de-44a0-9e8c-b573902f2815/element] with body: {"strategy":"xpath","selector":"//*[@content-desc=\"EyesAppiumHelper\"]","context":"","multiple":false}
&amp#27;[38;5;66m[75895e03]&amp#27;[0m&amp#27;[38;5;112m[AndroidUiautomator2Driver@b341 (75895e03)]&amp#27;[0m Got response with status 404: {"sessionId":"9a29d941-f2de-44a0-9e8c-b573902f2815","value":{"error":"no such element","message":"An element could not be located on the page using the given search parameters","stacktrace":"io.appium.uiautomator2.common.exceptions.ElementNotFoundException: An element could not be located on the page using the given search parameters\n\tat io.appium.uiautomator2.utils.ElementLocationHelpers.findElement(ElementLocationHelpers.java:156)\n\tat io.appium.uiautomator2.handler.FindElement.safeHandle(FindElement.java:60)\n\tat io.appium.uiautomator2.handler.request.SafeRequestHandler.handle(SafeRequestHandler.java:59)\n\tat io.appium.uiautomator2.server.AppiumServlet.handleRequest(AppiumServlet.java:277)\n\tat io.appium.uiautomator2.server.AppiumServlet.handleHttpRequest(AppiumServlet.java:271)\n\tat io.appium.uiautomator2.http.ServerHandler.channelRead(ServerHandler.java:77)\n\tat io.netty.channel.AbstractChannelHandlerContext.invokeChannelRead(AbstractChannelHandlerContext.java:366)\n\tat io.netty.channel.Abstr...
&amp#27;[38;5;66m[75895e03]&amp#27;[0m&amp#27;[38;5;123m[W3C]&amp#27;[0m Matched W3C error code 'no such element' to NoSuchElementError
&amp#27;[38;5;66m[75895e03]&amp#27;[0m&amp#27;[38;5;112m[AndroidUiautomator2Driver@b341 (75895e03)]&amp#27;[0m Waited for 13495 ms so far
&amp#27;[38;5;66m[75895e03]&amp#27;[0m&amp#27;[38;5;112m[AndroidUiautomator2Driver@b341 (75895e03)]&amp#27;[0m Matched '/element' to command name 'findElement'
&amp#27;[38;5;66m[75895e03]&amp#27;[0m&amp#27;[38;5;112m[AndroidUiautomator2Driver@b341 (75895e03)]&amp#27;[0m Proxying [POST /element] to [POST http://127.0.0.1:8200/session/9a29d941-f2de-44a0-9e8c-b573902f2815/element] with body: {"strategy":"xpath","selector":"//*[@content-desc=\"EyesAppiumHelper\"]","context":"","multiple":false}
&amp#27;[38;5;66m[75895e03]&amp#27;[0m&amp#27;[38;5;112m[AndroidUiautomator2Driver@b341 (75895e03)]&amp#27;[0m Got response with status 404: {"sessionId":"9a29d941-f2de-44a0-9e8c-b573902f2815","value":{"error":"no such element","message":"An element could not be located on the page using the given search parameters","stacktrace":"io.appium.uiautomator2.common.exceptions.ElementNotFoundException: An element could not be located on the page using the given search parameters\n\tat io.appium.uiautomator2.utils.ElementLocationHelpers.findElement(ElementLocationHelpers.java:156)\n\tat io.appium.uiautomator2.handler.FindElement.safeHandle(FindElement.java:60)\n\tat io.appium.uiautomator2.handler.request.SafeRequestHandler.handle(SafeRequestHandler.java:59)\n\tat io.appium.uiautomator2.server.AppiumServlet.handleRequest(AppiumServlet.java:277)\n\tat io.appium.uiautomator2.server.AppiumServlet.handleHttpRequest(AppiumServlet.java:271)\n\tat io.appium.uiautomator2.http.ServerHandler.channelRead(ServerHandler.java:77)\n\tat io.netty.channel.AbstractChannelHandlerContext.invokeChannelRead(AbstractChannelHandlerContext.java:366)\n\tat io.netty.channel.Abstr...
&amp#27;[38;5;66m[75895e03]&amp#27;[0m&amp#27;[38;5;123m[W3C]&amp#27;[0m Matched W3C error code 'no such element' to NoSuchElementError
&amp#27;[38;5;66m[75895e03]&amp#27;[0m&amp#27;[38;5;112m[AndroidUiautomator2Driver@b341 (75895e03)]&amp#27;[0m Waited for 14117 ms so far
&amp#27;[38;5;66m[75895e03]&amp#27;[0m&amp#27;[38;5;112m[AndroidUiautomator2Driver@b341 (75895e03)]&amp#27;[0m Matched '/element' to command name 'findElement'
&amp#27;[38;5;66m[75895e03]&amp#27;[0m&amp#27;[38;5;112m[AndroidUiautomator2Driver@b341 (75895e03)]&amp#27;[0m Proxying [POST /element] to [POST http://127.0.0.1:8200/session/9a29d941-f2de-44a0-9e8c-b573902f2815/element] with body: {"strategy":"xpath","selector":"//*[@content-desc=\"EyesAppiumHelper\"]","context":"","multiple":false}
&amp#27;[38;5;66m[75895e03]&amp#27;[0m&amp#27;[38;5;112m[AndroidUiautomator2Driver@b341 (75895e03)]&amp#27;[0m Got response with status 404: {"sessionId":"9a29d941-f2de-44a0-9e8c-b573902f2815","value":{"error":"no such element","message":"An element could not be located on the page using the given search parameters","stacktrace":"io.appium.uiautomator2.common.exceptions.ElementNotFoundException: An element could not be located on the page using the given search parameters\n\tat io.appium.uiautomator2.utils.ElementLocationHelpers.findElement(ElementLocationHelpers.java:156)\n\tat io.appium.uiautomator2.handler.FindElement.safeHandle(FindElement.java:60)\n\tat io.appium.uiautomator2.handler.request.SafeRequestHandler.handle(SafeRequestHandler.java:59)\n\tat io.appium.uiautomator2.server.AppiumServlet.handleRequest(AppiumServlet.java:277)\n\tat io.appium.uiautomator2.server.AppiumServlet.handleHttpRequest(AppiumServlet.java:271)\n\tat io.appium.uiautomator2.http.ServerHandler.channelRead(ServerHandler.java:77)\n\tat io.netty.channel.AbstractChannelHandlerContext.invokeChannelRead(AbstractChannelHandlerContext.java:366)\n\tat io.netty.channel.Abstr...
&amp#27;[38;5;66m[75895e03]&amp#27;[0m&amp#27;[38;5;123m[W3C]&amp#27;[0m Matched W3C error code 'no such element' to NoSuchElementError
&amp#27;[38;5;66m[75895e03]&amp#27;[0m&amp#27;[38;5;112m[AndroidUiautomator2Driver@b341 (75895e03)]&amp#27;[0m Waited for 14743 ms so far
&amp#27;[38;5;66m[75895e03]&amp#27;[0m&amp#27;[38;5;112m[AndroidUiautomator2Driver@b341 (75895e03)]&amp#27;[0m Matched '/element' to command name 'findElement'
&amp#27;[38;5;66m[75895e03]&amp#27;[0m&amp#27;[38;5;112m[AndroidUiautomator2Driver@b341 (75895e03)]&amp#27;[0m Proxying [POST /element] to [POST http://127.0.0.1:8200/session/9a29d941-f2de-44a0-9e8c-b573902f2815/element] with body: {"strategy":"xpath","selector":"//*[@content-desc=\"EyesAppiumHelper\"]","context":"","multiple":false}
&amp#27;[38;5;66m[75895e03]&amp#27;[0m&amp#27;[38;5;112m[AndroidUiautomator2Driver@b341 (75895e03)]&amp#27;[0m Got response with status 404: {"sessionId":"9a29d941-f2de-44a0-9e8c-b573902f2815","value":{"error":"no such element","message":"An element could not be located on the page using the given search parameters","stacktrace":"io.appium.uiautomator2.common.exceptions.ElementNotFoundException: An element could not be located on the page using the given search parameters\n\tat io.appium.uiautomator2.utils.ElementLocationHelpers.findElement(ElementLocationHelpers.java:156)\n\tat io.appium.uiautomator2.handler.FindElement.safeHandle(FindElement.java:60)\n\tat io.appium.uiautomator2.handler.request.SafeRequestHandler.handle(SafeRequestHandler.java:59)\n\tat io.appium.uiautomator2.server.AppiumServlet.handleRequest(AppiumServlet.java:277)\n\tat io.appium.uiautomator2.server.AppiumServlet.handleHttpRequest(AppiumServlet.java:271)\n\tat io.appium.uiautomator2.http.ServerHandler.channelRead(ServerHandler.java:77)\n\tat io.netty.channel.AbstractChannelHandlerContext.invokeChannelRead(AbstractChannelHandlerContext.java:366)\n\tat io.netty.channel.Abstr...
&amp#27;[38;5;66m[75895e03]&amp#27;[0m&amp#27;[38;5;123m[W3C]&amp#27;[0m Matched W3C error code 'no such element' to NoSuchElementError
&amp#27;[38;5;66m[75895e03]&amp#27;[0m&amp#27;[38;5;112m[AndroidUiautomator2Driver@b341 (75895e03)]&amp#27;[0m Waited for 15556 ms so far
&amp#27;[38;5;66m[75895e03]&amp#27;[0m&amp#27;[38;5;112m[AndroidUiautomator2Driver@b341 (75895e03)]&amp#27;[0m Matched '/element' to command name 'findElement'
&amp#27;[38;5;66m[75895e03]&amp#27;[0m&amp#27;[38;5;112m[AndroidUiautomator2Driver@b341 (75895e03)]&amp#27;[0m Proxying [POST /element] to [POST http://127.0.0.1:8200/session/9a29d941-f2de-44a0-9e8c-b573902f2815/element] with body: {"strategy":"xpath","selector":"//*[@content-desc=\"EyesAppiumHelper\"]","context":"","multiple":false}
&amp#27;[38;5;66m[75895e03]&amp#27;[0m&amp#27;[38;5;112m[AndroidUiautomator2Driver@b341 (75895e03)]&amp#27;[0m Got response with status 404: {"sessionId":"9a29d941-f2de-44a0-9e8c-b573902f2815","value":{"error":"no such element","message":"An element could not be located on the page using the given search parameters","stacktrace":"io.appium.uiautomator2.common.exceptions.ElementNotFoundException: An element could not be located on the page using the given search parameters\n\tat io.appium.uiautomator2.utils.ElementLocationHelpers.findElement(ElementLocationHelpers.java:156)\n\tat io.appium.uiautomator2.handler.FindElement.safeHandle(FindElement.java:60)\n\tat io.appium.uiautomator2.handler.request.SafeRequestHandler.handle(SafeRequestHandler.java:59)\n\tat io.appium.uiautomator2.server.AppiumServlet.handleRequest(AppiumServlet.java:277)\n\tat io.appium.uiautomator2.server.AppiumServlet.handleHttpRequest(AppiumServlet.java:271)\n\tat io.appium.uiautomator2.http.ServerHandler.channelRead(ServerHandler.java:77)\n\tat io.netty.channel.AbstractChannelHandlerContext.invokeChannelRead(AbstractChannelHandlerContext.java:366)\n\tat io.netty.channel.Abstr...
&amp#27;[38;5;66m[75895e03]&amp#27;[0m&amp#27;[38;5;123m[W3C]&amp#27;[0m Matched W3C error code 'no such element' to NoSuchElementError
&amp#27;[38;5;66m[75895e03]&amp#27;[0m&amp#27;[38;5;112m[AndroidUiautomator2Driver@b341 (75895e03)]&amp#27;[0m Waited for 16243 ms so far
&amp#27;[38;5;66m[75895e03]&amp#27;[0m&amp#27;[38;5;112m[AndroidUiautomator2Driver@b341 (75895e03)]&amp#27;[0m Matched '/element' to command name 'findElement'
&amp#27;[38;5;66m[75895e03]&amp#27;[0m&amp#27;[38;5;112m[AndroidUiautomator2Driver@b341 (75895e03)]&amp#27;[0m Proxying [POST /element] to [POST http://127.0.0.1:8200/session/9a29d941-f2de-44a0-9e8c-b573902f2815/element] with body: {"strategy":"xpath","selector":"//*[@content-desc=\"EyesAppiumHelper\"]","context":"","multiple":false}
&amp#27;[38;5;66m[75895e03]&amp#27;[0m&amp#27;[38;5;112m[AndroidUiautomator2Driver@b341 (75895e03)]&amp#27;[0m Got response with status 404: {"sessionId":"9a29d941-f2de-44a0-9e8c-b573902f2815","value":{"error":"no such element","message":"An element could not be located on the page using the given search parameters","stacktrace":"io.appium.uiautomator2.common.exceptions.ElementNotFoundException: An element could not be located on the page using the given search parameters\n\tat io.appium.uiautomator2.utils.ElementLocationHelpers.findElement(ElementLocationHelpers.java:156)\n\tat io.appium.uiautomator2.handler.FindElement.safeHandle(FindElement.java:60)\n\tat io.appium.uiautomator2.handler.request.SafeRequestHandler.handle(SafeRequestHandler.java:59)\n\tat io.appium.uiautomator2.server.AppiumServlet.handleRequest(AppiumServlet.java:277)\n\tat io.appium.uiautomator2.server.AppiumServlet.handleHttpRequest(AppiumServlet.java:271)\n\tat io.appium.uiautomator2.http.ServerHandler.channelRead(ServerHandler.java:77)\n\tat io.netty.channel.AbstractChannelHandlerContext.invokeChannelRead(AbstractChannelHandlerContext.java:366)\n\tat io.netty.channel.Abstr...
&amp#27;[38;5;66m[75895e03]&amp#27;[0m&amp#27;[38;5;123m[W3C]&amp#27;[0m Matched W3C error code 'no such element' to NoSuchElementError
&amp#27;[38;5;66m[75895e03]&amp#27;[0m&amp#27;[38;5;112m[AndroidUiautomator2Driver@b341 (75895e03)]&amp#27;[0m Waited for 16948 ms so far
&amp#27;[38;5;66m[75895e03]&amp#27;[0m&amp#27;[38;5;112m[AndroidUiautomator2Driver@b341 (75895e03)]&amp#27;[0m Matched '/element' to command name 'findElement'
&amp#27;[38;5;66m[75895e03]&amp#27;[0m&amp#27;[38;5;112m[AndroidUiautomator2Driver@b341 (75895e03)]&amp#27;[0m Proxying [POST /element] to [POST http://127.0.0.1:8200/session/9a29d941-f2de-44a0-9e8c-b573902f2815/element] with body: {"strategy":"xpath","selector":"//*[@content-desc=\"EyesAppiumHelper\"]","context":"","multiple":false}
&amp#27;[38;5;66m[75895e03]&amp#27;[0m&amp#27;[38;5;112m[AndroidUiautomator2Driver@b341 (75895e03)]&amp#27;[0m Got response with status 404: {"sessionId":"9a29d941-f2de-44a0-9e8c-b573902f2815","value":{"error":"no such element","message":"An element could not be located on the page using the given search parameters","stacktrace":"io.appium.uiautomator2.common.exceptions.ElementNotFoundException: An element could not be located on the page using the given search parameters\n\tat io.appium.uiautomator2.utils.ElementLocationHelpers.findElement(ElementLocationHelpers.java:156)\n\tat io.appium.uiautomator2.handler.FindElement.safeHandle(FindElement.java:60)\n\tat io.appium.uiautomator2.handler.request.SafeRequestHandler.handle(SafeRequestHandler.java:59)\n\tat io.appium.uiautomator2.server.AppiumServlet.handleRequest(AppiumServlet.java:277)\n\tat io.appium.uiautomator2.server.AppiumServlet.handleHttpRequest(AppiumServlet.java:271)\n\tat io.appium.uiautomator2.http.ServerHandler.channelRead(ServerHandler.java:77)\n\tat io.netty.channel.AbstractChannelHandlerContext.invokeChannelRead(AbstractChannelHandlerContext.java:366)\n\tat io.netty.channel.Abstr...
&amp#27;[38;5;66m[75895e03]&amp#27;[0m&amp#27;[38;5;123m[W3C]&amp#27;[0m Matched W3C error code 'no such element' to NoSuchElementError
&amp#27;[38;5;66m[75895e03]&amp#27;[0m&amp#27;[38;5;112m[AndroidUiautomator2Driver@b341 (75895e03)]&amp#27;[0m Waited for 17572 ms so far
&amp#27;[38;5;66m[75895e03]&amp#27;[0m&amp#27;[38;5;112m[AndroidUiautomator2Driver@b341 (75895e03)]&amp#27;[0m Matched '/element' to command name 'findElement'
&amp#27;[38;5;66m[75895e03]&amp#27;[0m&amp#27;[38;5;112m[AndroidUiautomator2Driver@b341 (75895e03)]&amp#27;[0m Proxying [POST /element] to [POST http://127.0.0.1:8200/session/9a29d941-f2de-44a0-9e8c-b573902f2815/element] with body: {"strategy":"xpath","selector":"//*[@content-desc=\"EyesAppiumHelper\"]","context":"","multiple":false}
&amp#27;[38;5;66m[75895e03]&amp#27;[0m&amp#27;[38;5;112m[AndroidUiautomator2Driver@b341 (75895e03)]&amp#27;[0m Got response with status 404: {"sessionId":"9a29d941-f2de-44a0-9e8c-b573902f2815","value":{"error":"no such element","message":"An element could not be located on the page using the given search parameters","stacktrace":"io.appium.uiautomator2.common.exceptions.ElementNotFoundException: An element could not be located on the page using the given search parameters\n\tat io.appium.uiautomator2.utils.ElementLocationHelpers.findElement(ElementLocationHelpers.java:156)\n\tat io.appium.uiautomator2.handler.FindElement.safeHandle(FindElement.java:60)\n\tat io.appium.uiautomator2.handler.request.SafeRequestHandler.handle(SafeRequestHandler.java:59)\n\tat io.appium.uiautomator2.server.AppiumServlet.handleRequest(AppiumServlet.java:277)\n\tat io.appium.uiautomator2.server.AppiumServlet.handleHttpRequest(AppiumServlet.java:271)\n\tat io.appium.uiautomator2.http.ServerHandler.channelRead(ServerHandler.java:77)\n\tat io.netty.channel.AbstractChannelHandlerContext.invokeChannelRead(AbstractChannelHandlerContext.java:366)\n\tat io.netty.channel.Abstr...
&amp#27;[38;5;66m[75895e03]&amp#27;[0m&amp#27;[38;5;123m[W3C]&amp#27;[0m Matched W3C error code 'no such element' to NoSuchElementError
&amp#27;[38;5;66m[75895e03]&amp#27;[0m&amp#27;[38;5;112m[AndroidUiautomator2Driver@b341 (75895e03)]&amp#27;[0m Waited for 18198 ms so far
&amp#27;[38;5;66m[75895e03]&amp#27;[0m&amp#27;[38;5;112m[AndroidUiautomator2Driver@b341 (75895e03)]&amp#27;[0m Matched '/element' to command name 'findElement'
&amp#27;[38;5;66m[75895e03]&amp#27;[0m&amp#27;[38;5;112m[AndroidUiautomator2Driver@b341 (75895e03)]&amp#27;[0m Proxying [POST /element] to [POST http://127.0.0.1:8200/session/9a29d941-f2de-44a0-9e8c-b573902f2815/element] with body: {"strategy":"xpath","selector":"//*[@content-desc=\"EyesAppiumHelper\"]","context":"","multiple":false}
&amp#27;[38;5;66m[75895e03]&amp#27;[0m&amp#27;[38;5;112m[AndroidUiautomator2Driver@b341 (75895e03)]&amp#27;[0m Got response with status 404: {"sessionId":"9a29d941-f2de-44a0-9e8c-b573902f2815","value":{"error":"no such element","message":"An element could not be located on the page using the given search parameters","stacktrace":"io.appium.uiautomator2.common.exceptions.ElementNotFoundException: An element could not be located on the page using the given search parameters\n\tat io.appium.uiautomator2.utils.ElementLocationHelpers.findElement(ElementLocationHelpers.java:156)\n\tat io.appium.uiautomator2.handler.FindElement.safeHandle(FindElement.java:60)\n\tat io.appium.uiautomator2.handler.request.SafeRequestHandler.handle(SafeRequestHandler.java:59)\n\tat io.appium.uiautomator2.server.AppiumServlet.handleRequest(AppiumServlet.java:277)\n\tat io.appium.uiautomator2.server.AppiumServlet.handleHttpRequest(AppiumServlet.java:271)\n\tat io.appium.uiautomator2.http.ServerHandler.channelRead(ServerHandler.java:77)\n\tat io.netty.channel.AbstractChannelHandlerContext.invokeChannelRead(AbstractChannelHandlerContext.java:366)\n\tat io.netty.channel.Abstr...
&amp#27;[38;5;66m[75895e03]&amp#27;[0m&amp#27;[38;5;123m[W3C]&amp#27;[0m Matched W3C error code 'no such element' to NoSuchElementError
&amp#27;[38;5;66m[75895e03]&amp#27;[0m&amp#27;[38;5;112m[AndroidUiautomator2Driver@b341 (75895e03)]&amp#27;[0m Waited for 18823 ms so far
&amp#27;[38;5;66m[75895e03]&amp#27;[0m&amp#27;[38;5;112m[AndroidUiautomator2Driver@b341 (75895e03)]&amp#27;[0m Matched '/element' to command name 'findElement'
&amp#27;[38;5;66m[75895e03]&amp#27;[0m&amp#27;[38;5;112m[AndroidUiautomator2Driver@b341 (75895e03)]&amp#27;[0m Proxying [POST /element] to [POST http://127.0.0.1:8200/session/9a29d941-f2de-44a0-9e8c-b573902f2815/element] with body: {"strategy":"xpath","selector":"//*[@content-desc=\"EyesAppiumHelper\"]","context":"","multiple":false}
&amp#27;[38;5;66m[75895e03]&amp#27;[0m&amp#27;[38;5;112m[AndroidUiautomator2Driver@b341 (75895e03)]&amp#27;[0m Got response with status 404: {"sessionId":"9a29d941-f2de-44a0-9e8c-b573902f2815","value":{"error":"no such element","message":"An element could not be located on the page using the given search parameters","stacktrace":"io.appium.uiautomator2.common.exceptions.ElementNotFoundException: An element could not be located on the page using the given search parameters\n\tat io.appium.uiautomator2.utils.ElementLocationHelpers.findElement(ElementLocationHelpers.java:156)\n\tat io.appium.uiautomator2.handler.FindElement.safeHandle(FindElement.java:60)\n\tat io.appium.uiautomator2.handler.request.SafeRequestHandler.handle(SafeRequestHandler.java:59)\n\tat io.appium.uiautomator2.server.AppiumServlet.handleRequest(AppiumServlet.java:277)\n\tat io.appium.uiautomator2.server.AppiumServlet.handleHttpRequest(AppiumServlet.java:271)\n\tat io.appium.uiautomator2.http.ServerHandler.channelRead(ServerHandler.java:77)\n\tat io.netty.channel.AbstractChannelHandlerContext.invokeChannelRead(AbstractChannelHandlerContext.java:366)\n\tat io.netty.channel.Abstr...
&amp#27;[38;5;66m[75895e03]&amp#27;[0m&amp#27;[38;5;123m[W3C]&amp#27;[0m Matched W3C error code 'no such element' to NoSuchElementError
&amp#27;[38;5;66m[75895e03]&amp#27;[0m&amp#27;[38;5;112m[AndroidUiautomator2Driver@b341 (75895e03)]&amp#27;[0m Waited for 19450 ms so far
&amp#27;[38;5;66m[75895e03]&amp#27;[0m&amp#27;[38;5;112m[AndroidUiautomator2Driver@b341 (75895e03)]&amp#27;[0m Matched '/element' to command name 'findElement'
&amp#27;[38;5;66m[75895e03]&amp#27;[0m&amp#27;[38;5;112m[AndroidUiautomator2Driver@b341 (75895e03)]&amp#27;[0m Proxying [POST /element] to [POST http://127.0.0.1:8200/session/9a29d941-f2de-44a0-9e8c-b573902f2815/element] with body: {"strategy":"xpath","selector":"//*[@content-desc=\"EyesAppiumHelper\"]","context":"","multiple":false}
&amp#27;[38;5;66m[75895e03]&amp#27;[0m&amp#27;[38;5;112m[AndroidUiautomator2Driver@b341 (75895e03)]&amp#27;[0m Got response with status 404: {"sessionId":"9a29d941-f2de-44a0-9e8c-b573902f2815","value":{"error":"no such element","message":"An element could not be located on the page using the given search parameters","stacktrace":"io.appium.uiautomator2.common.exceptions.ElementNotFoundException: An element could not be located on the page using the given search parameters\n\tat io.appium.uiautomator2.utils.ElementLocationHelpers.findElement(ElementLocationHelpers.java:156)\n\tat io.appium.uiautomator2.handler.FindElement.safeHandle(FindElement.java:60)\n\tat io.appium.uiautomator2.handler.request.SafeRequestHandler.handle(SafeRequestHandler.java:59)\n\tat io.appium.uiautomator2.server.AppiumServlet.handleRequest(AppiumServlet.java:277)\n\tat io.appium.uiautomator2.server.AppiumServlet.handleHttpRequest(AppiumServlet.java:271)\n\tat io.appium.uiautomator2.http.ServerHandler.channelRead(ServerHandler.java:77)\n\tat io.netty.channel.AbstractChannelHandlerContext.invokeChannelRead(AbstractChannelHandlerContext.java:366)\n\tat io.netty.channel.Abstr...
&amp#27;[38;5;66m[75895e03]&amp#27;[0m&amp#27;[38;5;123m[W3C]&amp#27;[0m Matched W3C error code 'no such element' to NoSuchElementError
&amp#27;[38;5;66m[75895e03]&amp#27;[0m&amp#27;[38;5;112m[AndroidUiautomator2Driver@b341 (75895e03)]&amp#27;[0m Encountered internal error running command: NoSuchElementError: An element could not be located on the page using the given search parameters.
&amp#27;[38;5;66m[75895e03]&amp#27;[0m&amp#27;[38;5;112m[AndroidUiautomator2Driver@b341 (75895e03)]&amp#27;[0m     at AndroidUiautomator2Driver.findElOrEls (/Users/oikhlas/.appium/node_modules/appium-uiautomator2-driver/node_modules/appium-android-driver/lib/commands/find.ts:86:11)
&amp#27;[38;5;66m[75895e03]&amp#27;[0m&amp#27;[38;5;112m[AndroidUiautomator2Driver@b341 (75895e03)]&amp#27;[0m     at processTicksAndRejections (node:internal/process/task_queues:95:5)
&amp#27;[38;5;66m[75895e03]&amp#27;[0m&amp#27;[38;5;112m[AndroidUiautomator2Driver@b341 (75895e03)]&amp#27;[0m     at AndroidUiautomator2Driver.findElOrElsWithProcessing (/Users/oikhlas/node_modules/@appium/base-driver/lib/basedriver/commands/find.ts:60:12)
&amp#27;[38;5;66m[75895e03]&amp#27;[0m&amp#27;[38;5;112m[AndroidUiautomator2Driver@b341 (75895e03)]&amp#27;[0m     at AndroidUiautomator2Driver.findElement (/Users/oikhlas/node_modules/@appium/base-driver/lib/basedriver/commands/find.ts:75:12)
&amp#27;[38;5;66m[75895e03]&amp#27;[0m&amp#27;[38;5;86m[HTTP]&amp#27;[0m <-- POST /session/75895e03-7749-47e3-bc13-bf90a3ed7962/element 404 20078 ms - 772 
&amp#27;[38;5;66m[75895e03]&amp#27;[0m&amp#27;[38;5;86m[HTTP]&amp#27;[0m &amp#27;[37m-->&amp#27;[39m &amp#27;[37mPOST&amp#27;[39m &amp#27;[37m/session/75895e03-7749-47e3-bc13-bf90a3ed7962/element&amp#27;[39m {"using":"xpath","value":"//*[@content-desc=\"EyesAppiumHelper_Version\"]"}
&amp#27;[38;5;66m[75895e03]&amp#27;[0m&amp#27;[38;5;112m[AndroidUiautomator2Driver@b341 (75895e03)]&amp#27;[0m Calling AppiumDriver.findElement() with args: ["xpath","//*[@content-desc=\"EyesAppiumHelper_Version\"]","75895e03-7749-47e3-bc13-bf90a3ed7962"]
&amp#27;[38;5;66m[75895e03]&amp#27;[0m&amp#27;[38;5;112m[AndroidUiautomator2Driver@b341 (75895e03)]&amp#27;[0m Valid locator strategies for this request: xpath, id, class name, accessibility id, css selector, -android uiautomator
&amp#27;[38;5;66m[75895e03]&amp#27;[0m&amp#27;[38;5;112m[AndroidUiautomator2Driver@b341 (75895e03)]&amp#27;[0m Waiting up to 20000 ms for condition
&amp#27;[38;5;66m[75895e03]&amp#27;[0m&amp#27;[38;5;112m[AndroidUiautomator2Driver@b341 (75895e03)]&amp#27;[0m Matched '/element' to command name 'findElement'
&amp#27;[38;5;66m[75895e03]&amp#27;[0m&amp#27;[38;5;112m[AndroidUiautomator2Driver@b341 (75895e03)]&amp#27;[0m Proxying [POST /element] to [POST http://127.0.0.1:8200/session/9a29d941-f2de-44a0-9e8c-b573902f2815/element] with body: {"strategy":"xpath","selector":"//*[@content-desc=\"EyesAppiumHelper_Version\"]","context":"","multiple":false}
&amp#27;[38;5;66m[75895e03]&amp#27;[0m&amp#27;[38;5;112m[AndroidUiautomator2Driver@b341 (75895e03)]&amp#27;[0m Got response with status 404: {"sessionId":"9a29d941-f2de-44a0-9e8c-b573902f2815","value":{"error":"no such element","message":"An element could not be located on the page using the given search parameters","stacktrace":"io.appium.uiautomator2.common.exceptions.ElementNotFoundException: An element could not be located on the page using the given search parameters\n\tat io.appium.uiautomator2.utils.ElementLocationHelpers.findElement(ElementLocationHelpers.java:156)\n\tat io.appium.uiautomator2.handler.FindElement.safeHandle(FindElement.java:60)\n\tat io.appium.uiautomator2.handler.request.SafeRequestHandler.handle(SafeRequestHandler.java:59)\n\tat io.appium.uiautomator2.server.AppiumServlet.handleRequest(AppiumServlet.java:277)\n\tat io.appium.uiautomator2.server.AppiumServlet.handleHttpRequest(AppiumServlet.java:271)\n\tat io.appium.uiautomator2.http.ServerHandler.channelRead(ServerHandler.java:77)\n\tat io.netty.channel.AbstractChannelHandlerContext.invokeChannelRead(AbstractChannelHandlerContext.java:366)\n\tat io.netty.channel.Abstr...
&amp#27;[38;5;66m[75895e03]&amp#27;[0m&amp#27;[38;5;123m[W3C]&amp#27;[0m Matched W3C error code 'no such element' to NoSuchElementError
&amp#27;[38;5;66m[75895e03]&amp#27;[0m&amp#27;[38;5;112m[AndroidUiautomator2Driver@b341 (75895e03)]&amp#27;[0m Waited for 115 ms so far
&amp#27;[38;5;66m[75895e03]&amp#27;[0m&amp#27;[38;5;112m[AndroidUiautomator2Driver@b341 (75895e03)]&amp#27;[0m Matched '/element' to command name 'findElement'
&amp#27;[38;5;66m[75895e03]&amp#27;[0m&amp#27;[38;5;112m[AndroidUiautomator2Driver@b341 (75895e03)]&amp#27;[0m Proxying [POST /element] to [POST http://127.0.0.1:8200/session/9a29d941-f2de-44a0-9e8c-b573902f2815/element] with body: {"strategy":"xpath","selector":"//*[@content-desc=\"EyesAppiumHelper_Version\"]","context":"","multiple":false}
&amp#27;[38;5;66m[75895e03]&amp#27;[0m&amp#27;[38;5;112m[AndroidUiautomator2Driver@b341 (75895e03)]&amp#27;[0m Got response with status 404: {"sessionId":"9a29d941-f2de-44a0-9e8c-b573902f2815","value":{"error":"no such element","message":"An element could not be located on the page using the given search parameters","stacktrace":"io.appium.uiautomator2.common.exceptions.ElementNotFoundException: An element could not be located on the page using the given search parameters\n\tat io.appium.uiautomator2.utils.ElementLocationHelpers.findElement(ElementLocationHelpers.java:156)\n\tat io.appium.uiautomator2.handler.FindElement.safeHandle(FindElement.java:60)\n\tat io.appium.uiautomator2.handler.request.SafeRequestHandler.handle(SafeRequestHandler.java:59)\n\tat io.appium.uiautomator2.server.AppiumServlet.handleRequest(AppiumServlet.java:277)\n\tat io.appium.uiautomator2.server.AppiumServlet.handleHttpRequest(AppiumServlet.java:271)\n\tat io.appium.uiautomator2.http.ServerHandler.channelRead(ServerHandler.java:77)\n\tat io.netty.channel.AbstractChannelHandlerContext.invokeChannelRead(AbstractChannelHandlerContext.java:366)\n\tat io.netty.channel.Abstr...
&amp#27;[38;5;66m[75895e03]&amp#27;[0m&amp#27;[38;5;123m[W3C]&amp#27;[0m Matched W3C error code 'no such element' to NoSuchElementError
&amp#27;[38;5;66m[75895e03]&amp#27;[0m&amp#27;[38;5;112m[AndroidUiautomator2Driver@b341 (75895e03)]&amp#27;[0m Waited for 735 ms so far
&amp#27;[38;5;66m[75895e03]&amp#27;[0m&amp#27;[38;5;112m[AndroidUiautomator2Driver@b341 (75895e03)]&amp#27;[0m Matched '/element' to command name 'findElement'
&amp#27;[38;5;66m[75895e03]&amp#27;[0m&amp#27;[38;5;112m[AndroidUiautomator2Driver@b341 (75895e03)]&amp#27;[0m Proxying [POST /element] to [POST http://127.0.0.1:8200/session/9a29d941-f2de-44a0-9e8c-b573902f2815/element] with body: {"strategy":"xpath","selector":"//*[@content-desc=\"EyesAppiumHelper_Version\"]","context":"","multiple":false}
&amp#27;[38;5;66m[75895e03]&amp#27;[0m&amp#27;[38;5;112m[AndroidUiautomator2Driver@b341 (75895e03)]&amp#27;[0m Got response with status 404: {"sessionId":"9a29d941-f2de-44a0-9e8c-b573902f2815","value":{"error":"no such element","message":"An element could not be located on the page using the given search parameters","stacktrace":"io.appium.uiautomator2.common.exceptions.ElementNotFoundException: An element could not be located on the page using the given search parameters\n\tat io.appium.uiautomator2.utils.ElementLocationHelpers.findElement(ElementLocationHelpers.java:156)\n\tat io.appium.uiautomator2.handler.FindElement.safeHandle(FindElement.java:60)\n\tat io.appium.uiautomator2.handler.request.SafeRequestHandler.handle(SafeRequestHandler.java:59)\n\tat io.appium.uiautomator2.server.AppiumServlet.handleRequest(AppiumServlet.java:277)\n\tat io.appium.uiautomator2.server.AppiumServlet.handleHttpRequest(AppiumServlet.java:271)\n\tat io.appium.uiautomator2.http.ServerHandler.channelRead(ServerHandler.java:77)\n\tat io.netty.channel.AbstractChannelHandlerContext.invokeChannelRead(AbstractChannelHandlerContext.java:366)\n\tat io.netty.channel.Abstr...
&amp#27;[38;5;66m[75895e03]&amp#27;[0m&amp#27;[38;5;123m[W3C]&amp#27;[0m Matched W3C error code 'no such element' to NoSuchElementError
&amp#27;[38;5;66m[75895e03]&amp#27;[0m&amp#27;[38;5;112m[AndroidUiautomator2Driver@b341 (75895e03)]&amp#27;[0m Waited for 1369 ms so far
&amp#27;[38;5;66m[75895e03]&amp#27;[0m&amp#27;[38;5;112m[AndroidUiautomator2Driver@b341 (75895e03)]&amp#27;[0m Matched '/element' to command name 'findElement'
&amp#27;[38;5;66m[75895e03]&amp#27;[0m&amp#27;[38;5;112m[AndroidUiautomator2Driver@b341 (75895e03)]&amp#27;[0m Proxying [POST /element] to [POST http://127.0.0.1:8200/session/9a29d941-f2de-44a0-9e8c-b573902f2815/element] with body: {"strategy":"xpath","selector":"//*[@content-desc=\"EyesAppiumHelper_Version\"]","context":"","multiple":false}
&amp#27;[38;5;66m[75895e03]&amp#27;[0m&amp#27;[38;5;112m[AndroidUiautomator2Driver@b341 (75895e03)]&amp#27;[0m Got response with status 404: {"sessionId":"9a29d941-f2de-44a0-9e8c-b573902f2815","value":{"error":"no such element","message":"An element could not be located on the page using the given search parameters","stacktrace":"io.appium.uiautomator2.common.exceptions.ElementNotFoundException: An element could not be located on the page using the given search parameters\n\tat io.appium.uiautomator2.utils.ElementLocationHelpers.findElement(ElementLocationHelpers.java:156)\n\tat io.appium.uiautomator2.handler.FindElement.safeHandle(FindElement.java:60)\n\tat io.appium.uiautomator2.handler.request.SafeRequestHandler.handle(SafeRequestHandler.java:59)\n\tat io.appium.uiautomator2.server.AppiumServlet.handleRequest(AppiumServlet.java:277)\n\tat io.appium.uiautomator2.server.AppiumServlet.handleHttpRequest(AppiumServlet.java:271)\n\tat io.appium.uiautomator2.http.ServerHandler.channelRead(ServerHandler.java:77)\n\tat io.netty.channel.AbstractChannelHandlerContext.invokeChannelRead(AbstractChannelHandlerContext.java:366)\n\tat io.netty.channel.Abstr...
&amp#27;[38;5;66m[75895e03]&amp#27;[0m&amp#27;[38;5;123m[W3C]&amp#27;[0m Matched W3C error code 'no such element' to NoSuchElementError
&amp#27;[38;5;66m[75895e03]&amp#27;[0m&amp#27;[38;5;112m[AndroidUiautomator2Driver@b341 (75895e03)]&amp#27;[0m Waited for 1994 ms so far
&amp#27;[38;5;66m[75895e03]&amp#27;[0m&amp#27;[38;5;112m[AndroidUiautomator2Driver@b341 (75895e03)]&amp#27;[0m Matched '/element' to command name 'findElement'
&amp#27;[38;5;66m[75895e03]&amp#27;[0m&amp#27;[38;5;112m[AndroidUiautomator2Driver@b341 (75895e03)]&amp#27;[0m Proxying [POST /element] to [POST http://127.0.0.1:8200/session/9a29d941-f2de-44a0-9e8c-b573902f2815/element] with body: {"strategy":"xpath","selector":"//*[@content-desc=\"EyesAppiumHelper_Version\"]","context":"","multiple":false}
&amp#27;[38;5;66m[75895e03]&amp#27;[0m&amp#27;[38;5;112m[AndroidUiautomator2Driver@b341 (75895e03)]&amp#27;[0m Got response with status 404: {"sessionId":"9a29d941-f2de-44a0-9e8c-b573902f2815","value":{"error":"no such element","message":"An element could not be located on the page using the given search parameters","stacktrace":"io.appium.uiautomator2.common.exceptions.ElementNotFoundException: An element could not be located on the page using the given search parameters\n\tat io.appium.uiautomator2.utils.ElementLocationHelpers.findElement(ElementLocationHelpers.java:156)\n\tat io.appium.uiautomator2.handler.FindElement.safeHandle(FindElement.java:60)\n\tat io.appium.uiautomator2.handler.request.SafeRequestHandler.handle(SafeRequestHandler.java:59)\n\tat io.appium.uiautomator2.server.AppiumServlet.handleRequest(AppiumServlet.java:277)\n\tat io.appium.uiautomator2.server.AppiumServlet.handleHttpRequest(AppiumServlet.java:271)\n\tat io.appium.uiautomator2.http.ServerHandler.channelRead(ServerHandler.java:77)\n\tat io.netty.channel.AbstractChannelHandlerContext.invokeChannelRead(AbstractChannelHandlerContext.java:366)\n\tat io.netty.channel.Abstr...
&amp#27;[38;5;66m[75895e03]&amp#27;[0m&amp#27;[38;5;123m[W3C]&amp#27;[0m Matched W3C error code 'no such element' to NoSuchElementError
&amp#27;[38;5;66m[75895e03]&amp#27;[0m&amp#27;[38;5;112m[AndroidUiautomator2Driver@b341 (75895e03)]&amp#27;[0m Waited for 2611 ms so far
&amp#27;[38;5;66m[75895e03]&amp#27;[0m&amp#27;[38;5;112m[AndroidUiautomator2Driver@b341 (75895e03)]&amp#27;[0m Matched '/element' to command name 'findElement'
&amp#27;[38;5;66m[75895e03]&amp#27;[0m&amp#27;[38;5;112m[AndroidUiautomator2Driver@b341 (75895e03)]&amp#27;[0m Proxying [POST /element] to [POST http://127.0.0.1:8200/session/9a29d941-f2de-44a0-9e8c-b573902f2815/element] with body: {"strategy":"xpath","selector":"//*[@content-desc=\"EyesAppiumHelper_Version\"]","context":"","multiple":false}
&amp#27;[38;5;66m[75895e03]&amp#27;[0m&amp#27;[38;5;112m[AndroidUiautomator2Driver@b341 (75895e03)]&amp#27;[0m Got response with status 404: {"sessionId":"9a29d941-f2de-44a0-9e8c-b573902f2815","value":{"error":"no such element","message":"An element could not be located on the page using the given search parameters","stacktrace":"io.appium.uiautomator2.common.exceptions.ElementNotFoundException: An element could not be located on the page using the given search parameters\n\tat io.appium.uiautomator2.utils.ElementLocationHelpers.findElement(ElementLocationHelpers.java:156)\n\tat io.appium.uiautomator2.handler.FindElement.safeHandle(FindElement.java:60)\n\tat io.appium.uiautomator2.handler.request.SafeRequestHandler.handle(SafeRequestHandler.java:59)\n\tat io.appium.uiautomator2.server.AppiumServlet.handleRequest(AppiumServlet.java:277)\n\tat io.appium.uiautomator2.server.AppiumServlet.handleHttpRequest(AppiumServlet.java:271)\n\tat io.appium.uiautomator2.http.ServerHandler.channelRead(ServerHandler.java:77)\n\tat io.netty.channel.AbstractChannelHandlerContext.invokeChannelRead(AbstractChannelHandlerContext.java:366)\n\tat io.netty.channel.Abstr...
&amp#27;[38;5;66m[75895e03]&amp#27;[0m&amp#27;[38;5;123m[W3C]&amp#27;[0m Matched W3C error code 'no such element' to NoSuchElementError
&amp#27;[38;5;66m[75895e03]&amp#27;[0m&amp#27;[38;5;112m[AndroidUiautomator2Driver@b341 (75895e03)]&amp#27;[0m Waited for 3222 ms so far
&amp#27;[38;5;66m[75895e03]&amp#27;[0m&amp#27;[38;5;112m[AndroidUiautomator2Driver@b341 (75895e03)]&amp#27;[0m Matched '/element' to command name 'findElement'
&amp#27;[38;5;66m[75895e03]&amp#27;[0m&amp#27;[38;5;112m[AndroidUiautomator2Driver@b341 (75895e03)]&amp#27;[0m Proxying [POST /element] to [POST http://127.0.0.1:8200/session/9a29d941-f2de-44a0-9e8c-b573902f2815/element] with body: {"strategy":"xpath","selector":"//*[@content-desc=\"EyesAppiumHelper_Version\"]","context":"","multiple":false}
&amp#27;[38;5;66m[75895e03]&amp#27;[0m&amp#27;[38;5;112m[AndroidUiautomator2Driver@b341 (75895e03)]&amp#27;[0m Got response with status 404: {"sessionId":"9a29d941-f2de-44a0-9e8c-b573902f2815","value":{"error":"no such element","message":"An element could not be located on the page using the given search parameters","stacktrace":"io.appium.uiautomator2.common.exceptions.ElementNotFoundException: An element could not be located on the page using the given search parameters\n\tat io.appium.uiautomator2.utils.ElementLocationHelpers.findElement(ElementLocationHelpers.java:156)\n\tat io.appium.uiautomator2.handler.FindElement.safeHandle(FindElement.java:60)\n\tat io.appium.uiautomator2.handler.request.SafeRequestHandler.handle(SafeRequestHandler.java:59)\n\tat io.appium.uiautomator2.server.AppiumServlet.handleRequest(AppiumServlet.java:277)\n\tat io.appium.uiautomator2.server.AppiumServlet.handleHttpRequest(AppiumServlet.java:271)\n\tat io.appium.uiautomator2.http.ServerHandler.channelRead(ServerHandler.java:77)\n\tat io.netty.channel.AbstractChannelHandlerContext.invokeChannelRead(AbstractChannelHandlerContext.java:366)\n\tat io.netty.channel.Abstr...
&amp#27;[38;5;66m[75895e03]&amp#27;[0m&amp#27;[38;5;123m[W3C]&amp#27;[0m Matched W3C error code 'no such element' to NoSuchElementError
&amp#27;[38;5;66m[75895e03]&amp#27;[0m&amp#27;[38;5;112m[AndroidUiautomator2Driver@b341 (75895e03)]&amp#27;[0m Waited for 3837 ms so far
&amp#27;[38;5;66m[75895e03]&amp#27;[0m&amp#27;[38;5;112m[AndroidUiautomator2Driver@b341 (75895e03)]&amp#27;[0m Matched '/element' to command name 'findElement'
&amp#27;[38;5;66m[75895e03]&amp#27;[0m&amp#27;[38;5;112m[AndroidUiautomator2Driver@b341 (75895e03)]&amp#27;[0m Proxying [POST /element] to [POST http://127.0.0.1:8200/session/9a29d941-f2de-44a0-9e8c-b573902f2815/element] with body: {"strategy":"xpath","selector":"//*[@content-desc=\"EyesAppiumHelper_Version\"]","context":"","multiple":false}
&amp#27;[38;5;66m[75895e03]&amp#27;[0m&amp#27;[38;5;112m[AndroidUiautomator2Driver@b341 (75895e03)]&amp#27;[0m Got response with status 404: {"sessionId":"9a29d941-f2de-44a0-9e8c-b573902f2815","value":{"error":"no such element","message":"An element could not be located on the page using the given search parameters","stacktrace":"io.appium.uiautomator2.common.exceptions.ElementNotFoundException: An element could not be located on the page using the given search parameters\n\tat io.appium.uiautomator2.utils.ElementLocationHelpers.findElement(ElementLocationHelpers.java:156)\n\tat io.appium.uiautomator2.handler.FindElement.safeHandle(FindElement.java:60)\n\tat io.appium.uiautomator2.handler.request.SafeRequestHandler.handle(SafeRequestHandler.java:59)\n\tat io.appium.uiautomator2.server.AppiumServlet.handleRequest(AppiumServlet.java:277)\n\tat io.appium.uiautomator2.server.AppiumServlet.handleHttpRequest(AppiumServlet.java:271)\n\tat io.appium.uiautomator2.http.ServerHandler.channelRead(ServerHandler.java:77)\n\tat io.netty.channel.AbstractChannelHandlerContext.invokeChannelRead(AbstractChannelHandlerContext.java:366)\n\tat io.netty.channel.Abstr...
&amp#27;[38;5;66m[75895e03]&amp#27;[0m&amp#27;[38;5;123m[W3C]&amp#27;[0m Matched W3C error code 'no such element' to NoSuchElementError
&amp#27;[38;5;66m[75895e03]&amp#27;[0m&amp#27;[38;5;112m[AndroidUiautomator2Driver@b341 (75895e03)]&amp#27;[0m Waited for 4466 ms so far
&amp#27;[38;5;66m[75895e03]&amp#27;[0m&amp#27;[38;5;112m[AndroidUiautomator2Driver@b341 (75895e03)]&amp#27;[0m Matched '/element' to command name 'findElement'
&amp#27;[38;5;66m[75895e03]&amp#27;[0m&amp#27;[38;5;112m[AndroidUiautomator2Driver@b341 (75895e03)]&amp#27;[0m Proxying [POST /element] to [POST http://127.0.0.1:8200/session/9a29d941-f2de-44a0-9e8c-b573902f2815/element] with body: {"strategy":"xpath","selector":"//*[@content-desc=\"EyesAppiumHelper_Version\"]","context":"","multiple":false}
&amp#27;[38;5;66m[75895e03]&amp#27;[0m&amp#27;[38;5;112m[AndroidUiautomator2Driver@b341 (75895e03)]&amp#27;[0m Got response with status 404: {"sessionId":"9a29d941-f2de-44a0-9e8c-b573902f2815","value":{"error":"no such element","message":"An element could not be located on the page using the given search parameters","stacktrace":"io.appium.uiautomator2.common.exceptions.ElementNotFoundException: An element could not be located on the page using the given search parameters\n\tat io.appium.uiautomator2.utils.ElementLocationHelpers.findElement(ElementLocationHelpers.java:156)\n\tat io.appium.uiautomator2.handler.FindElement.safeHandle(FindElement.java:60)\n\tat io.appium.uiautomator2.handler.request.SafeRequestHandler.handle(SafeRequestHandler.java:59)\n\tat io.appium.uiautomator2.server.AppiumServlet.handleRequest(AppiumServlet.java:277)\n\tat io.appium.uiautomator2.server.AppiumServlet.handleHttpRequest(AppiumServlet.java:271)\n\tat io.appium.uiautomator2.http.ServerHandler.channelRead(ServerHandler.java:77)\n\tat io.netty.channel.AbstractChannelHandlerContext.invokeChannelRead(AbstractChannelHandlerContext.java:366)\n\tat io.netty.channel.Abstr...
&amp#27;[38;5;66m[75895e03]&amp#27;[0m&amp#27;[38;5;123m[W3C]&amp#27;[0m Matched W3C error code 'no such element' to NoSuchElementError
&amp#27;[38;5;66m[75895e03]&amp#27;[0m&amp#27;[38;5;112m[AndroidUiautomator2Driver@b341 (75895e03)]&amp#27;[0m Waited for 5096 ms so far
&amp#27;[38;5;66m[75895e03]&amp#27;[0m&amp#27;[38;5;112m[AndroidUiautomator2Driver@b341 (75895e03)]&amp#27;[0m Matched '/element' to command name 'findElement'
&amp#27;[38;5;66m[75895e03]&amp#27;[0m&amp#27;[38;5;112m[AndroidUiautomator2Driver@b341 (75895e03)]&amp#27;[0m Proxying [POST /element] to [POST http://127.0.0.1:8200/session/9a29d941-f2de-44a0-9e8c-b573902f2815/element] with body: {"strategy":"xpath","selector":"//*[@content-desc=\"EyesAppiumHelper_Version\"]","context":"","multiple":false}
&amp#27;[38;5;66m[75895e03]&amp#27;[0m&amp#27;[38;5;112m[AndroidUiautomator2Driver@b341 (75895e03)]&amp#27;[0m Got response with status 404: {"sessionId":"9a29d941-f2de-44a0-9e8c-b573902f2815","value":{"error":"no such element","message":"An element could not be located on the page using the given search parameters","stacktrace":"io.appium.uiautomator2.common.exceptions.ElementNotFoundException: An element could not be located on the page using the given search parameters\n\tat io.appium.uiautomator2.utils.ElementLocationHelpers.findElement(ElementLocationHelpers.java:156)\n\tat io.appium.uiautomator2.handler.FindElement.safeHandle(FindElement.java:60)\n\tat io.appium.uiautomator2.handler.request.SafeRequestHandler.handle(SafeRequestHandler.java:59)\n\tat io.appium.uiautomator2.server.AppiumServlet.handleRequest(AppiumServlet.java:277)\n\tat io.appium.uiautomator2.server.AppiumServlet.handleHttpRequest(AppiumServlet.java:271)\n\tat io.appium.uiautomator2.http.ServerHandler.channelRead(ServerHandler.java:77)\n\tat io.netty.channel.AbstractChannelHandlerContext.invokeChannelRead(AbstractChannelHandlerContext.java:366)\n\tat io.netty.channel.Abstr...
&amp#27;[38;5;66m[75895e03]&amp#27;[0m&amp#27;[38;5;123m[W3C]&amp#27;[0m Matched W3C error code 'no such element' to NoSuchElementError
&amp#27;[38;5;66m[75895e03]&amp#27;[0m&amp#27;[38;5;112m[AndroidUiautomator2Driver@b341 (75895e03)]&amp#27;[0m Waited for 5718 ms so far
&amp#27;[38;5;66m[75895e03]&amp#27;[0m&amp#27;[38;5;112m[AndroidUiautomator2Driver@b341 (75895e03)]&amp#27;[0m Matched '/element' to command name 'findElement'
&amp#27;[38;5;66m[75895e03]&amp#27;[0m&amp#27;[38;5;112m[AndroidUiautomator2Driver@b341 (75895e03)]&amp#27;[0m Proxying [POST /element] to [POST http://127.0.0.1:8200/session/9a29d941-f2de-44a0-9e8c-b573902f2815/element] with body: {"strategy":"xpath","selector":"//*[@content-desc=\"EyesAppiumHelper_Version\"]","context":"","multiple":false}
&amp#27;[38;5;66m[75895e03]&amp#27;[0m&amp#27;[38;5;112m[AndroidUiautomator2Driver@b341 (75895e03)]&amp#27;[0m Got response with status 404: {"sessionId":"9a29d941-f2de-44a0-9e8c-b573902f2815","value":{"error":"no such element","message":"An element could not be located on the page using the given search parameters","stacktrace":"io.appium.uiautomator2.common.exceptions.ElementNotFoundException: An element could not be located on the page using the given search parameters\n\tat io.appium.uiautomator2.utils.ElementLocationHelpers.findElement(ElementLocationHelpers.java:156)\n\tat io.appium.uiautomator2.handler.FindElement.safeHandle(FindElement.java:60)\n\tat io.appium.uiautomator2.handler.request.SafeRequestHandler.handle(SafeRequestHandler.java:59)\n\tat io.appium.uiautomator2.server.AppiumServlet.handleRequest(AppiumServlet.java:277)\n\tat io.appium.uiautomator2.server.AppiumServlet.handleHttpRequest(AppiumServlet.java:271)\n\tat io.appium.uiautomator2.http.ServerHandler.channelRead(ServerHandler.java:77)\n\tat io.netty.channel.AbstractChannelHandlerContext.invokeChannelRead(AbstractChannelHandlerContext.java:366)\n\tat io.netty.channel.Abstr...
&amp#27;[38;5;66m[75895e03]&amp#27;[0m&amp#27;[38;5;123m[W3C]&amp#27;[0m Matched W3C error code 'no such element' to NoSuchElementError
&amp#27;[38;5;66m[75895e03]&amp#27;[0m&amp#27;[38;5;112m[AndroidUiautomator2Driver@b341 (75895e03)]&amp#27;[0m Waited for 6338 ms so far
&amp#27;[38;5;66m[75895e03]&amp#27;[0m&amp#27;[38;5;112m[AndroidUiautomator2Driver@b341 (75895e03)]&amp#27;[0m Matched '/element' to command name 'findElement'
&amp#27;[38;5;66m[75895e03]&amp#27;[0m&amp#27;[38;5;112m[AndroidUiautomator2Driver@b341 (75895e03)]&amp#27;[0m Proxying [POST /element] to [POST http://127.0.0.1:8200/session/9a29d941-f2de-44a0-9e8c-b573902f2815/element] with body: {"strategy":"xpath","selector":"//*[@content-desc=\"EyesAppiumHelper_Version\"]","context":"","multiple":false}
&amp#27;[38;5;66m[75895e03]&amp#27;[0m&amp#27;[38;5;112m[AndroidUiautomator2Driver@b341 (75895e03)]&amp#27;[0m Got response with status 404: {"sessionId":"9a29d941-f2de-44a0-9e8c-b573902f2815","value":{"error":"no such element","message":"An element could not be located on the page using the given search parameters","stacktrace":"io.appium.uiautomator2.common.exceptions.ElementNotFoundException: An element could not be located on the page using the given search parameters\n\tat io.appium.uiautomator2.utils.ElementLocationHelpers.findElement(ElementLocationHelpers.java:156)\n\tat io.appium.uiautomator2.handler.FindElement.safeHandle(FindElement.java:60)\n\tat io.appium.uiautomator2.handler.request.SafeRequestHandler.handle(SafeRequestHandler.java:59)\n\tat io.appium.uiautomator2.server.AppiumServlet.handleRequest(AppiumServlet.java:277)\n\tat io.appium.uiautomator2.server.AppiumServlet.handleHttpRequest(AppiumServlet.java:271)\n\tat io.appium.uiautomator2.http.ServerHandler.channelRead(ServerHandler.java:77)\n\tat io.netty.channel.AbstractChannelHandlerContext.invokeChannelRead(AbstractChannelHandlerContext.java:366)\n\tat io.netty.channel.Abstr...
&amp#27;[38;5;66m[75895e03]&amp#27;[0m&amp#27;[38;5;123m[W3C]&amp#27;[0m Matched W3C error code 'no such element' to NoSuchElementError
&amp#27;[38;5;66m[75895e03]&amp#27;[0m&amp#27;[38;5;112m[AndroidUiautomator2Driver@b341 (75895e03)]&amp#27;[0m Waited for 7414 ms so far
&amp#27;[38;5;66m[75895e03]&amp#27;[0m&amp#27;[38;5;112m[AndroidUiautomator2Driver@b341 (75895e03)]&amp#27;[0m Matched '/element' to command name 'findElement'
&amp#27;[38;5;66m[75895e03]&amp#27;[0m&amp#27;[38;5;112m[AndroidUiautomator2Driver@b341 (75895e03)]&amp#27;[0m Proxying [POST /element] to [POST http://127.0.0.1:8200/session/9a29d941-f2de-44a0-9e8c-b573902f2815/element] with body: {"strategy":"xpath","selector":"//*[@content-desc=\"EyesAppiumHelper_Version\"]","context":"","multiple":false}
&amp#27;[38;5;66m[75895e03]&amp#27;[0m&amp#27;[38;5;112m[AndroidUiautomator2Driver@b341 (75895e03)]&amp#27;[0m Got response with status 404: {"sessionId":"9a29d941-f2de-44a0-9e8c-b573902f2815","value":{"error":"no such element","message":"An element could not be located on the page using the given search parameters","stacktrace":"io.appium.uiautomator2.common.exceptions.ElementNotFoundException: An element could not be located on the page using the given search parameters\n\tat io.appium.uiautomator2.utils.ElementLocationHelpers.findElement(ElementLocationHelpers.java:156)\n\tat io.appium.uiautomator2.handler.FindElement.safeHandle(FindElement.java:60)\n\tat io.appium.uiautomator2.handler.request.SafeRequestHandler.handle(SafeRequestHandler.java:59)\n\tat io.appium.uiautomator2.server.AppiumServlet.handleRequest(AppiumServlet.java:277)\n\tat io.appium.uiautomator2.server.AppiumServlet.handleHttpRequest(AppiumServlet.java:271)\n\tat io.appium.uiautomator2.http.ServerHandler.channelRead(ServerHandler.java:77)\n\tat io.netty.channel.AbstractChannelHandlerContext.invokeChannelRead(AbstractChannelHandlerContext.java:366)\n\tat io.netty.channel.Abstr...
&amp#27;[38;5;66m[75895e03]&amp#27;[0m&amp#27;[38;5;123m[W3C]&amp#27;[0m Matched W3C error code 'no such element' to NoSuchElementError
&amp#27;[38;5;66m[75895e03]&amp#27;[0m&amp#27;[38;5;112m[AndroidUiautomator2Driver@b341 (75895e03)]&amp#27;[0m Waited for 8037 ms so far
&amp#27;[38;5;66m[75895e03]&amp#27;[0m&amp#27;[38;5;112m[AndroidUiautomator2Driver@b341 (75895e03)]&amp#27;[0m Matched '/element' to command name 'findElement'
&amp#27;[38;5;66m[75895e03]&amp#27;[0m&amp#27;[38;5;112m[AndroidUiautomator2Driver@b341 (75895e03)]&amp#27;[0m Proxying [POST /element] to [POST http://127.0.0.1:8200/session/9a29d941-f2de-44a0-9e8c-b573902f2815/element] with body: {"strategy":"xpath","selector":"//*[@content-desc=\"EyesAppiumHelper_Version\"]","context":"","multiple":false}
&amp#27;[38;5;66m[75895e03]&amp#27;[0m&amp#27;[38;5;112m[AndroidUiautomator2Driver@b341 (75895e03)]&amp#27;[0m Got response with status 404: {"sessionId":"9a29d941-f2de-44a0-9e8c-b573902f2815","value":{"error":"no such element","message":"An element could not be located on the page using the given search parameters","stacktrace":"io.appium.uiautomator2.common.exceptions.ElementNotFoundException: An element could not be located on the page using the given search parameters\n\tat io.appium.uiautomator2.utils.ElementLocationHelpers.findElement(ElementLocationHelpers.java:156)\n\tat io.appium.uiautomator2.handler.FindElement.safeHandle(FindElement.java:60)\n\tat io.appium.uiautomator2.handler.request.SafeRequestHandler.handle(SafeRequestHandler.java:59)\n\tat io.appium.uiautomator2.server.AppiumServlet.handleRequest(AppiumServlet.java:277)\n\tat io.appium.uiautomator2.server.AppiumServlet.handleHttpRequest(AppiumServlet.java:271)\n\tat io.appium.uiautomator2.http.ServerHandler.channelRead(ServerHandler.java:77)\n\tat io.netty.channel.AbstractChannelHandlerContext.invokeChannelRead(AbstractChannelHandlerContext.java:366)\n\tat io.netty.channel.Abstr...
&amp#27;[38;5;66m[75895e03]&amp#27;[0m&amp#27;[38;5;123m[W3C]&amp#27;[0m Matched W3C error code 'no such element' to NoSuchElementError
&amp#27;[38;5;66m[75895e03]&amp#27;[0m&amp#27;[38;5;112m[AndroidUiautomator2Driver@b341 (75895e03)]&amp#27;[0m Waited for 8647 ms so far
&amp#27;[38;5;66m[75895e03]&amp#27;[0m&amp#27;[38;5;112m[AndroidUiautomator2Driver@b341 (75895e03)]&amp#27;[0m Matched '/element' to command name 'findElement'
&amp#27;[38;5;66m[75895e03]&amp#27;[0m&amp#27;[38;5;112m[AndroidUiautomator2Driver@b341 (75895e03)]&amp#27;[0m Proxying [POST /element] to [POST http://127.0.0.1:8200/session/9a29d941-f2de-44a0-9e8c-b573902f2815/element] with body: {"strategy":"xpath","selector":"//*[@content-desc=\"EyesAppiumHelper_Version\"]","context":"","multiple":false}
&amp#27;[38;5;66m[75895e03]&amp#27;[0m&amp#27;[38;5;112m[AndroidUiautomator2Driver@b341 (75895e03)]&amp#27;[0m Got response with status 404: {"sessionId":"9a29d941-f2de-44a0-9e8c-b573902f2815","value":{"error":"no such element","message":"An element could not be located on the page using the given search parameters","stacktrace":"io.appium.uiautomator2.common.exceptions.ElementNotFoundException: An element could not be located on the page using the given search parameters\n\tat io.appium.uiautomator2.utils.ElementLocationHelpers.findElement(ElementLocationHelpers.java:156)\n\tat io.appium.uiautomator2.handler.FindElement.safeHandle(FindElement.java:60)\n\tat io.appium.uiautomator2.handler.request.SafeRequestHandler.handle(SafeRequestHandler.java:59)\n\tat io.appium.uiautomator2.server.AppiumServlet.handleRequest(AppiumServlet.java:277)\n\tat io.appium.uiautomator2.server.AppiumServlet.handleHttpRequest(AppiumServlet.java:271)\n\tat io.appium.uiautomator2.http.ServerHandler.channelRead(ServerHandler.java:77)\n\tat io.netty.channel.AbstractChannelHandlerContext.invokeChannelRead(AbstractChannelHandlerContext.java:366)\n\tat io.netty.channel.Abstr...
&amp#27;[38;5;66m[75895e03]&amp#27;[0m&amp#27;[38;5;123m[W3C]&amp#27;[0m Matched W3C error code 'no such element' to NoSuchElementError
&amp#27;[38;5;66m[75895e03]&amp#27;[0m&amp#27;[38;5;112m[AndroidUiautomator2Driver@b341 (75895e03)]&amp#27;[0m Waited for 9274 ms so far
&amp#27;[38;5;66m[75895e03]&amp#27;[0m&amp#27;[38;5;112m[AndroidUiautomator2Driver@b341 (75895e03)]&amp#27;[0m Matched '/element' to command name 'findElement'
&amp#27;[38;5;66m[75895e03]&amp#27;[0m&amp#27;[38;5;112m[AndroidUiautomator2Driver@b341 (75895e03)]&amp#27;[0m Proxying [POST /element] to [POST http://127.0.0.1:8200/session/9a29d941-f2de-44a0-9e8c-b573902f2815/element] with body: {"strategy":"xpath","selector":"//*[@content-desc=\"EyesAppiumHelper_Version\"]","context":"","multiple":false}
&amp#27;[38;5;66m[75895e03]&amp#27;[0m&amp#27;[38;5;112m[AndroidUiautomator2Driver@b341 (75895e03)]&amp#27;[0m Got response with status 404: {"sessionId":"9a29d941-f2de-44a0-9e8c-b573902f2815","value":{"error":"no such element","message":"An element could not be located on the page using the given search parameters","stacktrace":"io.appium.uiautomator2.common.exceptions.ElementNotFoundException: An element could not be located on the page using the given search parameters\n\tat io.appium.uiautomator2.utils.ElementLocationHelpers.findElement(ElementLocationHelpers.java:156)\n\tat io.appium.uiautomator2.handler.FindElement.safeHandle(FindElement.java:60)\n\tat io.appium.uiautomator2.handler.request.SafeRequestHandler.handle(SafeRequestHandler.java:59)\n\tat io.appium.uiautomator2.server.AppiumServlet.handleRequest(AppiumServlet.java:277)\n\tat io.appium.uiautomator2.server.AppiumServlet.handleHttpRequest(AppiumServlet.java:271)\n\tat io.appium.uiautomator2.http.ServerHandler.channelRead(ServerHandler.java:77)\n\tat io.netty.channel.AbstractChannelHandlerContext.invokeChannelRead(AbstractChannelHandlerContext.java:366)\n\tat io.netty.channel.Abstr...
&amp#27;[38;5;66m[75895e03]&amp#27;[0m&amp#27;[38;5;123m[W3C]&amp#27;[0m Matched W3C error code 'no such element' to NoSuchElementError
&amp#27;[38;5;66m[75895e03]&amp#27;[0m&amp#27;[38;5;112m[AndroidUiautomator2Driver@b341 (75895e03)]&amp#27;[0m Waited for 9897 ms so far
&amp#27;[38;5;66m[75895e03]&amp#27;[0m&amp#27;[38;5;112m[AndroidUiautomator2Driver@b341 (75895e03)]&amp#27;[0m Matched '/element' to command name 'findElement'
&amp#27;[38;5;66m[75895e03]&amp#27;[0m&amp#27;[38;5;112m[AndroidUiautomator2Driver@b341 (75895e03)]&amp#27;[0m Proxying [POST /element] to [POST http://127.0.0.1:8200/session/9a29d941-f2de-44a0-9e8c-b573902f2815/element] with body: {"strategy":"xpath","selector":"//*[@content-desc=\"EyesAppiumHelper_Version\"]","context":"","multiple":false}
&amp#27;[38;5;66m[75895e03]&amp#27;[0m&amp#27;[38;5;112m[AndroidUiautomator2Driver@b341 (75895e03)]&amp#27;[0m Got response with status 404: {"sessionId":"9a29d941-f2de-44a0-9e8c-b573902f2815","value":{"error":"no such element","message":"An element could not be located on the page using the given search parameters","stacktrace":"io.appium.uiautomator2.common.exceptions.ElementNotFoundException: An element could not be located on the page using the given search parameters\n\tat io.appium.uiautomator2.utils.ElementLocationHelpers.findElement(ElementLocationHelpers.java:156)\n\tat io.appium.uiautomator2.handler.FindElement.safeHandle(FindElement.java:60)\n\tat io.appium.uiautomator2.handler.request.SafeRequestHandler.handle(SafeRequestHandler.java:59)\n\tat io.appium.uiautomator2.server.AppiumServlet.handleRequest(AppiumServlet.java:277)\n\tat io.appium.uiautomator2.server.AppiumServlet.handleHttpRequest(AppiumServlet.java:271)\n\tat io.appium.uiautomator2.http.ServerHandler.channelRead(ServerHandler.java:77)\n\tat io.netty.channel.AbstractChannelHandlerContext.invokeChannelRead(AbstractChannelHandlerContext.java:366)\n\tat io.netty.channel.Abstr...
&amp#27;[38;5;66m[75895e03]&amp#27;[0m&amp#27;[38;5;123m[W3C]&amp#27;[0m Matched W3C error code 'no such element' to NoSuchElementError
&amp#27;[38;5;66m[75895e03]&amp#27;[0m&amp#27;[38;5;112m[AndroidUiautomator2Driver@b341 (75895e03)]&amp#27;[0m Waited for 10515 ms so far
&amp#27;[38;5;66m[75895e03]&amp#27;[0m&amp#27;[38;5;112m[AndroidUiautomator2Driver@b341 (75895e03)]&amp#27;[0m Matched '/element' to command name 'findElement'
&amp#27;[38;5;66m[75895e03]&amp#27;[0m&amp#27;[38;5;112m[AndroidUiautomator2Driver@b341 (75895e03)]&amp#27;[0m Proxying [POST /element] to [POST http://127.0.0.1:8200/session/9a29d941-f2de-44a0-9e8c-b573902f2815/element] with body: {"strategy":"xpath","selector":"//*[@content-desc=\"EyesAppiumHelper_Version\"]","context":"","multiple":false}
&amp#27;[38;5;66m[75895e03]&amp#27;[0m&amp#27;[38;5;112m[AndroidUiautomator2Driver@b341 (75895e03)]&amp#27;[0m Got response with status 404: {"sessionId":"9a29d941-f2de-44a0-9e8c-b573902f2815","value":{"error":"no such element","message":"An element could not be located on the page using the given search parameters","stacktrace":"io.appium.uiautomator2.common.exceptions.ElementNotFoundException: An element could not be located on the page using the given search parameters\n\tat io.appium.uiautomator2.utils.ElementLocationHelpers.findElement(ElementLocationHelpers.java:156)\n\tat io.appium.uiautomator2.handler.FindElement.safeHandle(FindElement.java:60)\n\tat io.appium.uiautomator2.handler.request.SafeRequestHandler.handle(SafeRequestHandler.java:59)\n\tat io.appium.uiautomator2.server.AppiumServlet.handleRequest(AppiumServlet.java:277)\n\tat io.appium.uiautomator2.server.AppiumServlet.handleHttpRequest(AppiumServlet.java:271)\n\tat io.appium.uiautomator2.http.ServerHandler.channelRead(ServerHandler.java:77)\n\tat io.netty.channel.AbstractChannelHandlerContext.invokeChannelRead(AbstractChannelHandlerContext.java:366)\n\tat io.netty.channel.Abstr...
&amp#27;[38;5;66m[75895e03]&amp#27;[0m&amp#27;[38;5;123m[W3C]&amp#27;[0m Matched W3C error code 'no such element' to NoSuchElementError
&amp#27;[38;5;66m[75895e03]&amp#27;[0m&amp#27;[38;5;112m[AndroidUiautomator2Driver@b341 (75895e03)]&amp#27;[0m Waited for 11132 ms so far
&amp#27;[38;5;66m[75895e03]&amp#27;[0m&amp#27;[38;5;112m[AndroidUiautomator2Driver@b341 (75895e03)]&amp#27;[0m Matched '/element' to command name 'findElement'
&amp#27;[38;5;66m[75895e03]&amp#27;[0m&amp#27;[38;5;112m[AndroidUiautomator2Driver@b341 (75895e03)]&amp#27;[0m Proxying [POST /element] to [POST http://127.0.0.1:8200/session/9a29d941-f2de-44a0-9e8c-b573902f2815/element] with body: {"strategy":"xpath","selector":"//*[@content-desc=\"EyesAppiumHelper_Version\"]","context":"","multiple":false}
&amp#27;[38;5;66m[75895e03]&amp#27;[0m&amp#27;[38;5;112m[AndroidUiautomator2Driver@b341 (75895e03)]&amp#27;[0m Got response with status 404: {"sessionId":"9a29d941-f2de-44a0-9e8c-b573902f2815","value":{"error":"no such element","message":"An element could not be located on the page using the given search parameters","stacktrace":"io.appium.uiautomator2.common.exceptions.ElementNotFoundException: An element could not be located on the page using the given search parameters\n\tat io.appium.uiautomator2.utils.ElementLocationHelpers.findElement(ElementLocationHelpers.java:156)\n\tat io.appium.uiautomator2.handler.FindElement.safeHandle(FindElement.java:60)\n\tat io.appium.uiautomator2.handler.request.SafeRequestHandler.handle(SafeRequestHandler.java:59)\n\tat io.appium.uiautomator2.server.AppiumServlet.handleRequest(AppiumServlet.java:277)\n\tat io.appium.uiautomator2.server.AppiumServlet.handleHttpRequest(AppiumServlet.java:271)\n\tat io.appium.uiautomator2.http.ServerHandler.channelRead(ServerHandler.java:77)\n\tat io.netty.channel.AbstractChannelHandlerContext.invokeChannelRead(AbstractChannelHandlerContext.java:366)\n\tat io.netty.channel.Abstr...
&amp#27;[38;5;66m[75895e03]&amp#27;[0m&amp#27;[38;5;123m[W3C]&amp#27;[0m Matched W3C error code 'no such element' to NoSuchElementError
&amp#27;[38;5;66m[75895e03]&amp#27;[0m&amp#27;[38;5;112m[AndroidUiautomator2Driver@b341 (75895e03)]&amp#27;[0m Waited for 11745 ms so far
&amp#27;[38;5;66m[75895e03]&amp#27;[0m&amp#27;[38;5;112m[AndroidUiautomator2Driver@b341 (75895e03)]&amp#27;[0m Matched '/element' to command name 'findElement'
&amp#27;[38;5;66m[75895e03]&amp#27;[0m&amp#27;[38;5;112m[AndroidUiautomator2Driver@b341 (75895e03)]&amp#27;[0m Proxying [POST /element] to [POST http://127.0.0.1:8200/session/9a29d941-f2de-44a0-9e8c-b573902f2815/element] with body: {"strategy":"xpath","selector":"//*[@content-desc=\"EyesAppiumHelper_Version\"]","context":"","multiple":false}
&amp#27;[38;5;66m[75895e03]&amp#27;[0m&amp#27;[38;5;112m[AndroidUiautomator2Driver@b341 (75895e03)]&amp#27;[0m Got response with status 404: {"sessionId":"9a29d941-f2de-44a0-9e8c-b573902f2815","value":{"error":"no such element","message":"An element could not be located on the page using the given search parameters","stacktrace":"io.appium.uiautomator2.common.exceptions.ElementNotFoundException: An element could not be located on the page using the given search parameters\n\tat io.appium.uiautomator2.utils.ElementLocationHelpers.findElement(ElementLocationHelpers.java:156)\n\tat io.appium.uiautomator2.handler.FindElement.safeHandle(FindElement.java:60)\n\tat io.appium.uiautomator2.handler.request.SafeRequestHandler.handle(SafeRequestHandler.java:59)\n\tat io.appium.uiautomator2.server.AppiumServlet.handleRequest(AppiumServlet.java:277)\n\tat io.appium.uiautomator2.server.AppiumServlet.handleHttpRequest(AppiumServlet.java:271)\n\tat io.appium.uiautomator2.http.ServerHandler.channelRead(ServerHandler.java:77)\n\tat io.netty.channel.AbstractChannelHandlerContext.invokeChannelRead(AbstractChannelHandlerContext.java:366)\n\tat io.netty.channel.Abstr...
&amp#27;[38;5;66m[75895e03]&amp#27;[0m&amp#27;[38;5;123m[W3C]&amp#27;[0m Matched W3C error code 'no such element' to NoSuchElementError
&amp#27;[38;5;66m[75895e03]&amp#27;[0m&amp#27;[38;5;112m[AndroidUiautomator2Driver@b341 (75895e03)]&amp#27;[0m Waited for 12365 ms so far
&amp#27;[38;5;66m[75895e03]&amp#27;[0m&amp#27;[38;5;112m[AndroidUiautomator2Driver@b341 (75895e03)]&amp#27;[0m Matched '/element' to command name 'findElement'
&amp#27;[38;5;66m[75895e03]&amp#27;[0m&amp#27;[38;5;112m[AndroidUiautomator2Driver@b341 (75895e03)]&amp#27;[0m Proxying [POST /element] to [POST http://127.0.0.1:8200/session/9a29d941-f2de-44a0-9e8c-b573902f2815/element] with body: {"strategy":"xpath","selector":"//*[@content-desc=\"EyesAppiumHelper_Version\"]","context":"","multiple":false}
&amp#27;[38;5;66m[75895e03]&amp#27;[0m&amp#27;[38;5;112m[AndroidUiautomator2Driver@b341 (75895e03)]&amp#27;[0m Got response with status 404: {"sessionId":"9a29d941-f2de-44a0-9e8c-b573902f2815","value":{"error":"no such element","message":"An element could not be located on the page using the given search parameters","stacktrace":"io.appium.uiautomator2.common.exceptions.ElementNotFoundException: An element could not be located on the page using the given search parameters\n\tat io.appium.uiautomator2.utils.ElementLocationHelpers.findElement(ElementLocationHelpers.java:156)\n\tat io.appium.uiautomator2.handler.FindElement.safeHandle(FindElement.java:60)\n\tat io.appium.uiautomator2.handler.request.SafeRequestHandler.handle(SafeRequestHandler.java:59)\n\tat io.appium.uiautomator2.server.AppiumServlet.handleRequest(AppiumServlet.java:277)\n\tat io.appium.uiautomator2.server.AppiumServlet.handleHttpRequest(AppiumServlet.java:271)\n\tat io.appium.uiautomator2.http.ServerHandler.channelRead(ServerHandler.java:77)\n\tat io.netty.channel.AbstractChannelHandlerContext.invokeChannelRead(AbstractChannelHandlerContext.java:366)\n\tat io.netty.channel.Abstr...
&amp#27;[38;5;66m[75895e03]&amp#27;[0m&amp#27;[38;5;123m[W3C]&amp#27;[0m Matched W3C error code 'no such element' to NoSuchElementError
&amp#27;[38;5;66m[75895e03]&amp#27;[0m&amp#27;[38;5;112m[AndroidUiautomator2Driver@b341 (75895e03)]&amp#27;[0m Waited for 12991 ms so far
&amp#27;[38;5;66m[75895e03]&amp#27;[0m&amp#27;[38;5;112m[AndroidUiautomator2Driver@b341 (75895e03)]&amp#27;[0m Matched '/element' to command name 'findElement'
&amp#27;[38;5;66m[75895e03]&amp#27;[0m&amp#27;[38;5;112m[AndroidUiautomator2Driver@b341 (75895e03)]&amp#27;[0m Proxying [POST /element] to [POST http://127.0.0.1:8200/session/9a29d941-f2de-44a0-9e8c-b573902f2815/element] with body: {"strategy":"xpath","selector":"//*[@content-desc=\"EyesAppiumHelper_Version\"]","context":"","multiple":false}
&amp#27;[38;5;66m[75895e03]&amp#27;[0m&amp#27;[38;5;112m[AndroidUiautomator2Driver@b341 (75895e03)]&amp#27;[0m Got response with status 404: {"sessionId":"9a29d941-f2de-44a0-9e8c-b573902f2815","value":{"error":"no such element","message":"An element could not be located on the page using the given search parameters","stacktrace":"io.appium.uiautomator2.common.exceptions.ElementNotFoundException: An element could not be located on the page using the given search parameters\n\tat io.appium.uiautomator2.utils.ElementLocationHelpers.findElement(ElementLocationHelpers.java:156)\n\tat io.appium.uiautomator2.handler.FindElement.safeHandle(FindElement.java:60)\n\tat io.appium.uiautomator2.handler.request.SafeRequestHandler.handle(SafeRequestHandler.java:59)\n\tat io.appium.uiautomator2.server.AppiumServlet.handleRequest(AppiumServlet.java:277)\n\tat io.appium.uiautomator2.server.AppiumServlet.handleHttpRequest(AppiumServlet.java:271)\n\tat io.appium.uiautomator2.http.ServerHandler.channelRead(ServerHandler.java:77)\n\tat io.netty.channel.AbstractChannelHandlerContext.invokeChannelRead(AbstractChannelHandlerContext.java:366)\n\tat io.netty.channel.Abstr...
&amp#27;[38;5;66m[75895e03]&amp#27;[0m&amp#27;[38;5;123m[W3C]&amp#27;[0m Matched W3C error code 'no such element' to NoSuchElementError
&amp#27;[38;5;66m[75895e03]&amp#27;[0m&amp#27;[38;5;112m[AndroidUiautomator2Driver@b341 (75895e03)]&amp#27;[0m Waited for 13618 ms so far
&amp#27;[38;5;66m[75895e03]&amp#27;[0m&amp#27;[38;5;112m[AndroidUiautomator2Driver@b341 (75895e03)]&amp#27;[0m Matched '/element' to command name 'findElement'
&amp#27;[38;5;66m[75895e03]&amp#27;[0m&amp#27;[38;5;112m[AndroidUiautomator2Driver@b341 (75895e03)]&amp#27;[0m Proxying [POST /element] to [POST http://127.0.0.1:8200/session/9a29d941-f2de-44a0-9e8c-b573902f2815/element] with body: {"strategy":"xpath","selector":"//*[@content-desc=\"EyesAppiumHelper_Version\"]","context":"","multiple":false}
&amp#27;[38;5;66m[75895e03]&amp#27;[0m&amp#27;[38;5;112m[AndroidUiautomator2Driver@b341 (75895e03)]&amp#27;[0m Got response with status 404: {"sessionId":"9a29d941-f2de-44a0-9e8c-b573902f2815","value":{"error":"no such element","message":"An element could not be located on the page using the given search parameters","stacktrace":"io.appium.uiautomator2.common.exceptions.ElementNotFoundException: An element could not be located on the page using the given search parameters\n\tat io.appium.uiautomator2.utils.ElementLocationHelpers.findElement(ElementLocationHelpers.java:156)\n\tat io.appium.uiautomator2.handler.FindElement.safeHandle(FindElement.java:60)\n\tat io.appium.uiautomator2.handler.request.SafeRequestHandler.handle(SafeRequestHandler.java:59)\n\tat io.appium.uiautomator2.server.AppiumServlet.handleRequest(AppiumServlet.java:277)\n\tat io.appium.uiautomator2.server.AppiumServlet.handleHttpRequest(AppiumServlet.java:271)\n\tat io.appium.uiautomator2.http.ServerHandler.channelRead(ServerHandler.java:77)\n\tat io.netty.channel.AbstractChannelHandlerContext.invokeChannelRead(AbstractChannelHandlerContext.java:366)\n\tat io.netty.channel.Abstr...
&amp#27;[38;5;66m[75895e03]&amp#27;[0m&amp#27;[38;5;123m[W3C]&amp#27;[0m Matched W3C error code 'no such element' to NoSuchElementError
&amp#27;[38;5;66m[75895e03]&amp#27;[0m&amp#27;[38;5;112m[AndroidUiautomator2Driver@b341 (75895e03)]&amp#27;[0m Waited for 14259 ms so far
&amp#27;[38;5;66m[75895e03]&amp#27;[0m&amp#27;[38;5;112m[AndroidUiautomator2Driver@b341 (75895e03)]&amp#27;[0m Matched '/element' to command name 'findElement'
&amp#27;[38;5;66m[75895e03]&amp#27;[0m&amp#27;[38;5;112m[AndroidUiautomator2Driver@b341 (75895e03)]&amp#27;[0m Proxying [POST /element] to [POST http://127.0.0.1:8200/session/9a29d941-f2de-44a0-9e8c-b573902f2815/element] with body: {"strategy":"xpath","selector":"//*[@content-desc=\"EyesAppiumHelper_Version\"]","context":"","multiple":false}
&amp#27;[38;5;66m[75895e03]&amp#27;[0m&amp#27;[38;5;112m[AndroidUiautomator2Driver@b341 (75895e03)]&amp#27;[0m Got response with status 404: {"sessionId":"9a29d941-f2de-44a0-9e8c-b573902f2815","value":{"error":"no such element","message":"An element could not be located on the page using the given search parameters","stacktrace":"io.appium.uiautomator2.common.exceptions.ElementNotFoundException: An element could not be located on the page using the given search parameters\n\tat io.appium.uiautomator2.utils.ElementLocationHelpers.findElement(ElementLocationHelpers.java:156)\n\tat io.appium.uiautomator2.handler.FindElement.safeHandle(FindElement.java:60)\n\tat io.appium.uiautomator2.handler.request.SafeRequestHandler.handle(SafeRequestHandler.java:59)\n\tat io.appium.uiautomator2.server.AppiumServlet.handleRequest(AppiumServlet.java:277)\n\tat io.appium.uiautomator2.server.AppiumServlet.handleHttpRequest(AppiumServlet.java:271)\n\tat io.appium.uiautomator2.http.ServerHandler.channelRead(ServerHandler.java:77)\n\tat io.netty.channel.AbstractChannelHandlerContext.invokeChannelRead(AbstractChannelHandlerContext.java:366)\n\tat io.netty.channel.Abstr...
&amp#27;[38;5;66m[75895e03]&amp#27;[0m&amp#27;[38;5;123m[W3C]&amp#27;[0m Matched W3C error code 'no such element' to NoSuchElementError
&amp#27;[38;5;66m[75895e03]&amp#27;[0m&amp#27;[38;5;112m[AndroidUiautomator2Driver@b341 (75895e03)]&amp#27;[0m Waited for 15374 ms so far
&amp#27;[38;5;66m[75895e03]&amp#27;[0m&amp#27;[38;5;112m[AndroidUiautomator2Driver@b341 (75895e03)]&amp#27;[0m Matched '/element' to command name 'findElement'
&amp#27;[38;5;66m[75895e03]&amp#27;[0m&amp#27;[38;5;112m[AndroidUiautomator2Driver@b341 (75895e03)]&amp#27;[0m Proxying [POST /element] to [POST http://127.0.0.1:8200/session/9a29d941-f2de-44a0-9e8c-b573902f2815/element] with body: {"strategy":"xpath","selector":"//*[@content-desc=\"EyesAppiumHelper_Version\"]","context":"","multiple":false}
&amp#27;[38;5;66m[75895e03]&amp#27;[0m&amp#27;[38;5;112m[AndroidUiautomator2Driver@b341 (75895e03)]&amp#27;[0m Got response with status 404: {"sessionId":"9a29d941-f2de-44a0-9e8c-b573902f2815","value":{"error":"no such element","message":"An element could not be located on the page using the given search parameters","stacktrace":"io.appium.uiautomator2.common.exceptions.ElementNotFoundException: An element could not be located on the page using the given search parameters\n\tat io.appium.uiautomator2.utils.ElementLocationHelpers.findElement(ElementLocationHelpers.java:156)\n\tat io.appium.uiautomator2.handler.FindElement.safeHandle(FindElement.java:60)\n\tat io.appium.uiautomator2.handler.request.SafeRequestHandler.handle(SafeRequestHandler.java:59)\n\tat io.appium.uiautomator2.server.AppiumServlet.handleRequest(AppiumServlet.java:277)\n\tat io.appium.uiautomator2.server.AppiumServlet.handleHttpRequest(AppiumServlet.java:271)\n\tat io.appium.uiautomator2.http.ServerHandler.channelRead(ServerHandler.java:77)\n\tat io.netty.channel.AbstractChannelHandlerContext.invokeChannelRead(AbstractChannelHandlerContext.java:366)\n\tat io.netty.channel.Abstr...
&amp#27;[38;5;66m[75895e03]&amp#27;[0m&amp#27;[38;5;123m[W3C]&amp#27;[0m Matched W3C error code 'no such element' to NoSuchElementError
&amp#27;[38;5;66m[75895e03]&amp#27;[0m&amp#27;[38;5;112m[AndroidUiautomator2Driver@b341 (75895e03)]&amp#27;[0m Waited for 16078 ms so far
&amp#27;[38;5;66m[75895e03]&amp#27;[0m&amp#27;[38;5;112m[AndroidUiautomator2Driver@b341 (75895e03)]&amp#27;[0m Matched '/element' to command name 'findElement'
&amp#27;[38;5;66m[75895e03]&amp#27;[0m&amp#27;[38;5;112m[AndroidUiautomator2Driver@b341 (75895e03)]&amp#27;[0m Proxying [POST /element] to [POST http://127.0.0.1:8200/session/9a29d941-f2de-44a0-9e8c-b573902f2815/element] with body: {"strategy":"xpath","selector":"//*[@content-desc=\"EyesAppiumHelper_Version\"]","context":"","multiple":false}
&amp#27;[38;5;66m[75895e03]&amp#27;[0m&amp#27;[38;5;112m[AndroidUiautomator2Driver@b341 (75895e03)]&amp#27;[0m Got response with status 404: {"sessionId":"9a29d941-f2de-44a0-9e8c-b573902f2815","value":{"error":"no such element","message":"An element could not be located on the page using the given search parameters","stacktrace":"io.appium.uiautomator2.common.exceptions.ElementNotFoundException: An element could not be located on the page using the given search parameters\n\tat io.appium.uiautomator2.utils.ElementLocationHelpers.findElement(ElementLocationHelpers.java:156)\n\tat io.appium.uiautomator2.handler.FindElement.safeHandle(FindElement.java:60)\n\tat io.appium.uiautomator2.handler.request.SafeRequestHandler.handle(SafeRequestHandler.java:59)\n\tat io.appium.uiautomator2.server.AppiumServlet.handleRequest(AppiumServlet.java:277)\n\tat io.appium.uiautomator2.server.AppiumServlet.handleHttpRequest(AppiumServlet.java:271)\n\tat io.appium.uiautomator2.http.ServerHandler.channelRead(ServerHandler.java:77)\n\tat io.netty.channel.AbstractChannelHandlerContext.invokeChannelRead(AbstractChannelHandlerContext.java:366)\n\tat io.netty.channel.Abstr...
&amp#27;[38;5;66m[75895e03]&amp#27;[0m&amp#27;[38;5;123m[W3C]&amp#27;[0m Matched W3C error code 'no such element' to NoSuchElementError
&amp#27;[38;5;66m[75895e03]&amp#27;[0m&amp#27;[38;5;112m[AndroidUiautomator2Driver@b341 (75895e03)]&amp#27;[0m Waited for 16700 ms so far
&amp#27;[38;5;66m[75895e03]&amp#27;[0m&amp#27;[38;5;112m[AndroidUiautomator2Driver@b341 (75895e03)]&amp#27;[0m Matched '/element' to command name 'findElement'
&amp#27;[38;5;66m[75895e03]&amp#27;[0m&amp#27;[38;5;112m[AndroidUiautomator2Driver@b341 (75895e03)]&amp#27;[0m Proxying [POST /element] to [POST http://127.0.0.1:8200/session/9a29d941-f2de-44a0-9e8c-b573902f2815/element] with body: {"strategy":"xpath","selector":"//*[@content-desc=\"EyesAppiumHelper_Version\"]","context":"","multiple":false}
&amp#27;[38;5;66m[75895e03]&amp#27;[0m&amp#27;[38;5;112m[AndroidUiautomator2Driver@b341 (75895e03)]&amp#27;[0m Got response with status 404: {"sessionId":"9a29d941-f2de-44a0-9e8c-b573902f2815","value":{"error":"no such element","message":"An element could not be located on the page using the given search parameters","stacktrace":"io.appium.uiautomator2.common.exceptions.ElementNotFoundException: An element could not be located on the page using the given search parameters\n\tat io.appium.uiautomator2.utils.ElementLocationHelpers.findElement(ElementLocationHelpers.java:156)\n\tat io.appium.uiautomator2.handler.FindElement.safeHandle(FindElement.java:60)\n\tat io.appium.uiautomator2.handler.request.SafeRequestHandler.handle(SafeRequestHandler.java:59)\n\tat io.appium.uiautomator2.server.AppiumServlet.handleRequest(AppiumServlet.java:277)\n\tat io.appium.uiautomator2.server.AppiumServlet.handleHttpRequest(AppiumServlet.java:271)\n\tat io.appium.uiautomator2.http.ServerHandler.channelRead(ServerHandler.java:77)\n\tat io.netty.channel.AbstractChannelHandlerContext.invokeChannelRead(AbstractChannelHandlerContext.java:366)\n\tat io.netty.channel.Abstr...
&amp#27;[38;5;66m[75895e03]&amp#27;[0m&amp#27;[38;5;123m[W3C]&amp#27;[0m Matched W3C error code 'no such element' to NoSuchElementError
&amp#27;[38;5;66m[75895e03]&amp#27;[0m&amp#27;[38;5;112m[AndroidUiautomator2Driver@b341 (75895e03)]&amp#27;[0m Waited for 17354 ms so far
&amp#27;[38;5;66m[75895e03]&amp#27;[0m&amp#27;[38;5;112m[AndroidUiautomator2Driver@b341 (75895e03)]&amp#27;[0m Matched '/element' to command name 'findElement'
&amp#27;[38;5;66m[75895e03]&amp#27;[0m&amp#27;[38;5;112m[AndroidUiautomator2Driver@b341 (75895e03)]&amp#27;[0m Proxying [POST /element] to [POST http://127.0.0.1:8200/session/9a29d941-f2de-44a0-9e8c-b573902f2815/element] with body: {"strategy":"xpath","selector":"//*[@content-desc=\"EyesAppiumHelper_Version\"]","context":"","multiple":false}
&amp#27;[38;5;66m[75895e03]&amp#27;[0m&amp#27;[38;5;112m[AndroidUiautomator2Driver@b341 (75895e03)]&amp#27;[0m Got response with status 404: {"sessionId":"9a29d941-f2de-44a0-9e8c-b573902f2815","value":{"error":"no such element","message":"An element could not be located on the page using the given search parameters","stacktrace":"io.appium.uiautomator2.common.exceptions.ElementNotFoundException: An element could not be located on the page using the given search parameters\n\tat io.appium.uiautomator2.utils.ElementLocationHelpers.findElement(ElementLocationHelpers.java:156)\n\tat io.appium.uiautomator2.handler.FindElement.safeHandle(FindElement.java:60)\n\tat io.appium.uiautomator2.handler.request.SafeRequestHandler.handle(SafeRequestHandler.java:59)\n\tat io.appium.uiautomator2.server.AppiumServlet.handleRequest(AppiumServlet.java:277)\n\tat io.appium.uiautomator2.server.AppiumServlet.handleHttpRequest(AppiumServlet.java:271)\n\tat io.appium.uiautomator2.http.ServerHandler.channelRead(ServerHandler.java:77)\n\tat io.netty.channel.AbstractChannelHandlerContext.invokeChannelRead(AbstractChannelHandlerContext.java:366)\n\tat io.netty.channel.Abstr...
&amp#27;[38;5;66m[75895e03]&amp#27;[0m&amp#27;[38;5;123m[W3C]&amp#27;[0m Matched W3C error code 'no such element' to NoSuchElementError
&amp#27;[38;5;66m[75895e03]&amp#27;[0m&amp#27;[38;5;112m[AndroidUiautomator2Driver@b341 (75895e03)]&amp#27;[0m Waited for 17967 ms so far
&amp#27;[38;5;66m[75895e03]&amp#27;[0m&amp#27;[38;5;112m[AndroidUiautomator2Driver@b341 (75895e03)]&amp#27;[0m Matched '/element' to command name 'findElement'
&amp#27;[38;5;66m[75895e03]&amp#27;[0m&amp#27;[38;5;112m[AndroidUiautomator2Driver@b341 (75895e03)]&amp#27;[0m Proxying [POST /element] to [POST http://127.0.0.1:8200/session/9a29d941-f2de-44a0-9e8c-b573902f2815/element] with body: {"strategy":"xpath","selector":"//*[@content-desc=\"EyesAppiumHelper_Version\"]","context":"","multiple":false}
&amp#27;[38;5;66m[75895e03]&amp#27;[0m&amp#27;[38;5;112m[AndroidUiautomator2Driver@b341 (75895e03)]&amp#27;[0m Got response with status 404: {"sessionId":"9a29d941-f2de-44a0-9e8c-b573902f2815","value":{"error":"no such element","message":"An element could not be located on the page using the given search parameters","stacktrace":"io.appium.uiautomator2.common.exceptions.ElementNotFoundException: An element could not be located on the page using the given search parameters\n\tat io.appium.uiautomator2.utils.ElementLocationHelpers.findElement(ElementLocationHelpers.java:156)\n\tat io.appium.uiautomator2.handler.FindElement.safeHandle(FindElement.java:60)\n\tat io.appium.uiautomator2.handler.request.SafeRequestHandler.handle(SafeRequestHandler.java:59)\n\tat io.appium.uiautomator2.server.AppiumServlet.handleRequest(AppiumServlet.java:277)\n\tat io.appium.uiautomator2.server.AppiumServlet.handleHttpRequest(AppiumServlet.java:271)\n\tat io.appium.uiautomator2.http.ServerHandler.channelRead(ServerHandler.java:77)\n\tat io.netty.channel.AbstractChannelHandlerContext.invokeChannelRead(AbstractChannelHandlerContext.java:366)\n\tat io.netty.channel.Abstr...
&amp#27;[38;5;66m[75895e03]&amp#27;[0m&amp#27;[38;5;123m[W3C]&amp#27;[0m Matched W3C error code 'no such element' to NoSuchElementError
&amp#27;[38;5;66m[75895e03]&amp#27;[0m&amp#27;[38;5;112m[AndroidUiautomator2Driver@b341 (75895e03)]&amp#27;[0m Waited for 18649 ms so far
&amp#27;[38;5;66m[75895e03]&amp#27;[0m&amp#27;[38;5;112m[AndroidUiautomator2Driver@b341 (75895e03)]&amp#27;[0m Matched '/element' to command name 'findElement'
&amp#27;[38;5;66m[75895e03]&amp#27;[0m&amp#27;[38;5;112m[AndroidUiautomator2Driver@b341 (75895e03)]&amp#27;[0m Proxying [POST /element] to [POST http://127.0.0.1:8200/session/9a29d941-f2de-44a0-9e8c-b573902f2815/element] with body: {"strategy":"xpath","selector":"//*[@content-desc=\"EyesAppiumHelper_Version\"]","context":"","multiple":false}
&amp#27;[38;5;66m[75895e03]&amp#27;[0m&amp#27;[38;5;112m[AndroidUiautomator2Driver@b341 (75895e03)]&amp#27;[0m Got response with status 404: {"sessionId":"9a29d941-f2de-44a0-9e8c-b573902f2815","value":{"error":"no such element","message":"An element could not be located on the page using the given search parameters","stacktrace":"io.appium.uiautomator2.common.exceptions.ElementNotFoundException: An element could not be located on the page using the given search parameters\n\tat io.appium.uiautomator2.utils.ElementLocationHelpers.findElement(ElementLocationHelpers.java:156)\n\tat io.appium.uiautomator2.handler.FindElement.safeHandle(FindElement.java:60)\n\tat io.appium.uiautomator2.handler.request.SafeRequestHandler.handle(SafeRequestHandler.java:59)\n\tat io.appium.uiautomator2.server.AppiumServlet.handleRequest(AppiumServlet.java:277)\n\tat io.appium.uiautomator2.server.AppiumServlet.handleHttpRequest(AppiumServlet.java:271)\n\tat io.appium.uiautomator2.http.ServerHandler.channelRead(ServerHandler.java:77)\n\tat io.netty.channel.AbstractChannelHandlerContext.invokeChannelRead(AbstractChannelHandlerContext.java:366)\n\tat io.netty.channel.Abstr...
&amp#27;[38;5;66m[75895e03]&amp#27;[0m&amp#27;[38;5;123m[W3C]&amp#27;[0m Matched W3C error code 'no such element' to NoSuchElementError
&amp#27;[38;5;66m[75895e03]&amp#27;[0m&amp#27;[38;5;112m[AndroidUiautomator2Driver@b341 (75895e03)]&amp#27;[0m Waited for 19294 ms so far
&amp#27;[38;5;66m[75895e03]&amp#27;[0m&amp#27;[38;5;112m[AndroidUiautomator2Driver@b341 (75895e03)]&amp#27;[0m Matched '/element' to command name 'findElement'
&amp#27;[38;5;66m[75895e03]&amp#27;[0m&amp#27;[38;5;112m[AndroidUiautomator2Driver@b341 (75895e03)]&amp#27;[0m Proxying [POST /element] to [POST http://127.0.0.1:8200/session/9a29d941-f2de-44a0-9e8c-b573902f2815/element] with body: {"strategy":"xpath","selector":"//*[@content-desc=\"EyesAppiumHelper_Version\"]","context":"","multiple":false}
&amp#27;[38;5;66m[75895e03]&amp#27;[0m&amp#27;[38;5;112m[AndroidUiautomator2Driver@b341 (75895e03)]&amp#27;[0m Got response with status 404: {"sessionId":"9a29d941-f2de-44a0-9e8c-b573902f2815","value":{"error":"no such element","message":"An element could not be located on the page using the given search parameters","stacktrace":"io.appium.uiautomator2.common.exceptions.ElementNotFoundException: An element could not be located on the page using the given search parameters\n\tat io.appium.uiautomator2.utils.ElementLocationHelpers.findElement(ElementLocationHelpers.java:156)\n\tat io.appium.uiautomator2.handler.FindElement.safeHandle(FindElement.java:60)\n\tat io.appium.uiautomator2.handler.request.SafeRequestHandler.handle(SafeRequestHandler.java:59)\n\tat io.appium.uiautomator2.server.AppiumServlet.handleRequest(AppiumServlet.java:277)\n\tat io.appium.uiautomator2.server.AppiumServlet.handleHttpRequest(AppiumServlet.java:271)\n\tat io.appium.uiautomator2.http.ServerHandler.channelRead(ServerHandler.java:77)\n\tat io.netty.channel.AbstractChannelHandlerContext.invokeChannelRead(AbstractChannelHandlerContext.java:366)\n\tat io.netty.channel.Abstr...
&amp#27;[38;5;66m[75895e03]&amp#27;[0m&amp#27;[38;5;123m[W3C]&amp#27;[0m Matched W3C error code 'no such element' to NoSuchElementError
&amp#27;[38;5;66m[75895e03]&amp#27;[0m&amp#27;[38;5;112m[AndroidUiautomator2Driver@b341 (75895e03)]&amp#27;[0m Encountered internal error running command: NoSuchElementError: An element could not be located on the page using the given search parameters.
&amp#27;[38;5;66m[75895e03]&amp#27;[0m&amp#27;[38;5;112m[AndroidUiautomator2Driver@b341 (75895e03)]&amp#27;[0m     at AndroidUiautomator2Driver.findElOrEls (/Users/oikhlas/.appium/node_modules/appium-uiautomator2-driver/node_modules/appium-android-driver/lib/commands/find.ts:86:11)
&amp#27;[38;5;66m[75895e03]&amp#27;[0m&amp#27;[38;5;112m[AndroidUiautomator2Driver@b341 (75895e03)]&amp#27;[0m     at processTicksAndRejections (node:internal/process/task_queues:95:5)
&amp#27;[38;5;66m[75895e03]&amp#27;[0m&amp#27;[38;5;112m[AndroidUiautomator2Driver@b341 (75895e03)]&amp#27;[0m     at AndroidUiautomator2Driver.findElOrElsWithProcessing (/Users/oikhlas/node_modules/@appium/base-driver/lib/basedriver/commands/find.ts:60:12)
&amp#27;[38;5;66m[75895e03]&amp#27;[0m&amp#27;[38;5;112m[AndroidUiautomator2Driver@b341 (75895e03)]&amp#27;[0m     at AndroidUiautomator2Driver.findElement (/Users/oikhlas/node_modules/@appium/base-driver/lib/basedriver/commands/find.ts:75:12)
&amp#27;[38;5;66m[75895e03]&amp#27;[0m&amp#27;[38;5;86m[HTTP]&amp#27;[0m <-- POST /session/75895e03-7749-47e3-bc13-bf90a3ed7962/element 404 20113 ms - 772 
&amp#27;[38;5;66m[75895e03]&amp#27;[0m&amp#27;[38;5;86m[HTTP]&amp#27;[0m &amp#27;[37m-->&amp#27;[39m &amp#27;[37mGET&amp#27;[39m &amp#27;[37m/session/75895e03-7749-47e3-bc13-bf90a3ed7962/element/00000000-0000-0031-ffff-ffff0000001a/attribute/contentSize&amp#27;[39m {}
&amp#27;[38;5;66m[75895e03]&amp#27;[0m&amp#27;[38;5;112m[AndroidUiautomator2Driver@b341 (75895e03)]&amp#27;[0m Calling AppiumDriver.getAttribute() with args: ["contentSize","00000000-0000-0031-ffff-ffff0000001a","75895e03-7749-47e3-bc13-bf90a3ed7962"]
&amp#27;[38;5;66m[75895e03]&amp#27;[0m&amp#27;[38;5;112m[AndroidUiautomator2Driver@b341 (75895e03)]&amp#27;[0m Matched '/element/00000000-0000-0031-ffff-ffff0000001a/attribute/contentSize' to command name 'getAttribute'
&amp#27;[38;5;66m[75895e03]&amp#27;[0m&amp#27;[38;5;112m[AndroidUiautomator2Driver@b341 (75895e03)]&amp#27;[0m Proxying [GET /element/00000000-0000-0031-ffff-ffff0000001a/attribute/contentSize] to [GET http://127.0.0.1:8200/session/9a29d941-f2de-44a0-9e8c-b573902f2815/element/00000000-0000-0031-ffff-ffff0000001a/attribute/contentSize] with no body
&amp#27;[38;5;66m[75895e03]&amp#27;[0m&amp#27;[38;5;112m[AndroidUiautomator2Driver@b341 (75895e03)]&amp#27;[0m Got response with status 500: {"sessionId":"9a29d941-f2de-44a0-9e8c-b573902f2815","value":{"error":"unknown error","message":"java.lang.NoSuchFieldException: No field mGestures in class Landroidx/test/uiautomator/UiObject2; (declaration of 'androidx.test.uiautomator.UiObject2' appears in /data/app/~~iTXwldfPh7sclJPi-v3Lfw==/io.appium.uiautomator2.server-gjK9IeL8NK2cpjuDa40cPQ==/base.apk)","stacktrace":"io.appium.uiautomator2.common.exceptions.UiAutomator2Exception: java.lang.NoSuchFieldException: No field mGestures in class Landroidx/test/uiautomator/UiObject2; (declaration of 'androidx.test.uiautomator.UiObject2' appears in /data/app/~~iTXwldfPh7sclJPi-v3Lfw==/io.appium.uiautomator2.server-gjK9IeL8NK2cpjuDa40cPQ==/base.apk)\n\tat io.appium.uiautomator2.utils.ElementHelpers.getContentSize(ElementHelpers.java:162)\n\tat io.appium.uiautomator2.model.UiObjectElement.getAttribute(UiObjectElement.java:88)\n\tat io.appium.uiautomator2.handler.GetElementAttribute.safeHandle(GetElementAttribute.java:24)\n\tat io.appium.uiautomator2.handler.req...
&amp#27;[38;5;66m[75895e03]&amp#27;[0m&amp#27;[38;5;123m[W3C]&amp#27;[0m Matched W3C error code 'unknown error' to UnknownError
&amp#27;[38;5;66m[75895e03]&amp#27;[0m&amp#27;[38;5;112m[AndroidUiautomator2Driver@b341 (75895e03)]&amp#27;[0m Encountered internal error running command: An unknown server-side error occurred while processing the command. Original error: java.lang.NoSuchFieldException: No field mGestures in class Landroidx/test/uiautomator/UiObject2; (declaration of 'androidx.test.uiautomator.UiObject2' appears in /data/app/~~iTXwldfPh7sclJPi-v3Lfw==/io.appium.uiautomator2.server-gjK9IeL8NK2cpjuDa40cPQ==/base.apk)
&amp#27;[38;5;66m[75895e03]&amp#27;[0m&amp#27;[38;5;112m[AndroidUiautomator2Driver@b341 (75895e03)]&amp#27;[0m io.appium.uiautomator2.common.exceptions.UiAutomator2Exception: java.lang.NoSuchFieldException: No field mGestures in class Landroidx/test/uiautomator/UiObject2; (declaration of 'androidx.test.uiautomator.UiObject2' appears in /data/app/~~iTXwldfPh7sclJPi-v3Lfw==/io.appium.uiautomator2.server-gjK9IeL8NK2cpjuDa40cPQ==/base.apk)
&amp#27;[38;5;66m[75895e03]&amp#27;[0m&amp#27;[38;5;112m[AndroidUiautomator2Driver@b341 (75895e03)]&amp#27;[0m 	at io.appium.uiautomator2.utils.ElementHelpers.getContentSize(ElementHelpers.java:162)
&amp#27;[38;5;66m[75895e03]&amp#27;[0m&amp#27;[38;5;112m[AndroidUiautomator2Driver@b341 (75895e03)]&amp#27;[0m 	at io.appium.uiautomator2.model.UiObjectElement.getAttribute(UiObjectElement.java:88)
&amp#27;[38;5;66m[75895e03]&amp#27;[0m&amp#27;[38;5;112m[AndroidUiautomator2Driver@b341 (75895e03)]&amp#27;[0m 	at io.appium.uiautomator2.handler.GetElementAttribute.safeHandle(GetElementAttribute.java:24)
&amp#27;[38;5;66m[75895e03]&amp#27;[0m&amp#27;[38;5;112m[AndroidUiautomator2Driver@b341 (75895e03)]&amp#27;[0m 	at io.appium.uiautomator2.handler.request.SafeRequestHandler.handle(SafeRequestHandler.java:59)
&amp#27;[38;5;66m[75895e03]&amp#27;[0m&amp#27;[38;5;112m[AndroidUiautomator2Driver@b341 (75895e03)]&amp#27;[0m 	at io.appium.uiautomator2.server.AppiumServlet.handleRequest(AppiumServlet.java:277)
&amp#27;[38;5;66m[75895e03]&amp#27;[0m&amp#27;[38;5;112m[AndroidUiautomator2Driver@b341 (75895e03)]&amp#27;[0m 	at io.appium.uiautomator2.server.AppiumServlet.handleHttpRequest(AppiumServlet.java:271)
&amp#27;[38;5;66m[75895e03]&amp#27;[0m&amp#27;[38;5;112m[AndroidUiautomator2Driver@b341 (75895e03)]&amp#27;[0m 	at io.appium.uiautomator2.http.ServerHandler.channelRead(ServerHandler.java:77)
&amp#27;[38;5;66m[75895e03]&amp#27;[0m&amp#27;[38;5;112m[AndroidUiautomator2Driver@b341 (75895e03)]&amp#27;[0m 	at io.netty.channel.AbstractChannelHandlerContext.invokeChannelRead(AbstractChannelHandlerContext.java:366)
&amp#27;[38;5;66m[75895e03]&amp#27;[0m&amp#27;[38;5;112m[AndroidUiautomator2Driver@b341 (75895e03)]&amp#27;[0m 	at io.netty.channel.AbstractChannelHandlerContext.invokeChannelRead(AbstractChannelHandlerContext.java:352)
&amp#27;[38;5;66m[75895e03]&amp#27;[0m&amp#27;[38;5;112m[AndroidUiautomator2Driver@b341 (75895e03)]&amp#27;[0m 	at io.netty.channel.AbstractChannelHandlerContext.fireChannelRead(AbstractChannelHandlerContext.java:345)
&amp#27;[38;5;66m[75895e03]&amp#27;[0m&amp#27;[38;5;112m[AndroidUiautomator2Driver@b341 (75895e03)]&amp#27;[0m 	at io.netty.handler.codec.MessageToMessageDecoder.channelRead(MessageToMessageDecoder.java:102)
&amp#27;[38;5;66m[75895e03]&amp#27;[0m&amp#27;[38;5;112m[AndroidUiautomator2Driver@b341 (75895e03)]&amp#27;[0m 	at io.netty.channel.AbstractChannelHandlerContext.invokeChannelRead(AbstractChannelHandlerContext.java:366)
&amp#27;[38;5;66m[75895e03]&amp#27;[0m&amp#27;[38;5;112m[AndroidUiautomator2Driver@b341 (75895e03)]&amp#27;[0m 	at io.netty.channel.AbstractChannelHandlerContext.invokeChannelRead(AbstractChannelHandlerContext.java:352)
&amp#27;[38;5;66m[75895e03]&amp#27;[0m&amp#27;[38;5;112m[AndroidUiautomator2Driver@b341 (75895e03)]&amp#27;[0m 	at io.netty.channel.AbstractChannelHandlerContext.fireChannelRead(AbstractChannelHandlerContext.java:345)
&amp#27;[38;5;66m[75895e03]&amp#27;[0m&amp#27;[38;5;112m[AndroidUiautomator2Driver@b341 (75895e03)]&amp#27;[0m 	at io.netty.channel.CombinedChannelDuplexHandler$DelegatingChannelHandlerContext.fireChannelRead(CombinedChannelDuplexHandler.java:435)
&amp#27;[38;5;66m[75895e03]&amp#27;[0m&amp#27;[38;5;112m[AndroidUiautomator2Driver@b341 (75895e03)]&amp#27;[0m 	at io.netty.handler.codec.ByteToMessageDecoder.fireChannelRead(ByteToMessageDecoder.java:293)
&amp#27;[38;5;66m[75895e03]&amp#27;[0m&amp#27;[38;5;112m[AndroidUiautomator2Driver@b341 (75895e03)]&amp#27;[0m 	at io.netty.handler.codec.ByteToMessageDecoder.channelRead(ByteToMessageDecoder.java:267)
&amp#27;[38;5;66m[75895e03]&amp#27;[0m&amp#27;[38;5;112m[AndroidUiautomator2Driver@b341 (75895e03)]&amp#27;[0m 	at io.netty.channel.CombinedChannelDuplexHandler.channelRead(CombinedChannelDuplexHandler.java:250)
&amp#27;[38;5;66m[75895e03]&amp#27;[0m&amp#27;[38;5;112m[AndroidUiautomator2Driver@b341 (75895e03)]&amp#27;[0m 	at io.netty.channel.AbstractChannelHandlerContext.invokeChannelRead(AbstractChannelHandlerContext.java:366)
&amp#27;[38;5;66m[75895e03]&amp#27;[0m&amp#27;[38;5;112m[AndroidUiautomator2Driver@b341 (75895e03)]&amp#27;[0m 	at io.netty.channel.AbstractChannelHandlerContext.invokeChannelRead(AbstractChannelHandlerContext.java:352)
&amp#27;[38;5;66m[75895e03]&amp#27;[0m&amp#27;[38;5;112m[AndroidUiautomator2Driver@b341 (75895e03)]&amp#27;[0m 	at io.netty.channel.AbstractChannelHandlerContext.fireChannelRead(AbstractChannelHandlerContext.java:345)
&amp#27;[38;5;66m[75895e03]&amp#27;[0m&amp#27;[38;5;112m[AndroidUiautomator2Driver@b341 (75895e03)]&amp#27;[0m 	at io.netty.handler.timeout.IdleStateHandler.channelRead(IdleStateHandler.java:266)
&amp#27;[38;5;66m[75895e03]&amp#27;[0m&amp#27;[38;5;112m[AndroidUiautomator2Driver@b341 (75895e03)]&amp#27;[0m 	at io.netty.channel.AbstractChannelHandlerContext.invokeChannelRead(AbstractChannelHandlerContext.java:366)
&amp#27;[38;5;66m[75895e03]&amp#27;[0m&amp#27;[38;5;112m[AndroidUiautomator2Driver@b341 (75895e03)]&amp#27;[0m 	at io.netty.channel.AbstractChannelHandlerContext.invokeChannelRead(AbstractChannelHandlerContext.java:352)
&amp#27;[38;5;66m[75895e03]&amp#27;[0m&amp#27;[38;5;112m[AndroidUiautomator2Driver@b341 (75895e03)]&amp#27;[0m 	at io.netty.channel.AbstractChannelHandlerContext.fireChannelRead(AbstractChannelHandlerContext.java:345)
&amp#27;[38;5;66m[75895e03]&amp#27;[0m&amp#27;[38;5;112m[AndroidUiautomator2Driver@b341 (75895e03)]&amp#27;[0m 	at io.netty.channel.DefaultChannelPipeline$HeadContext.channelRead(DefaultChannelPipeline.java:1294)
&amp#27;[38;5;66m[75895e03]&amp#27;[0m&amp#27;[38;5;112m[AndroidUiautomator2Driver@b341 (75895e03)]&amp#27;[0m 	at io.netty.channel.AbstractChannelHandlerContext.invokeChannelRead(AbstractChannelHandlerContext.java:366)
&amp#27;[38;5;66m[75895e03]&amp#27;[0m&amp#27;[38;5;112m[AndroidUiautomator2Driver@b341 (75895e03)]&amp#27;[0m 	at io.netty.channel.AbstractChannelHandlerContext.invokeChannelRead(AbstractChannelHandlerContext.java:352)
&amp#27;[38;5;66m[75895e03]&amp#27;[0m&amp#27;[38;5;112m[AndroidUiautomator2Driver@b341 (75895e03)]&amp#27;[0m 	at io.netty.channel.DefaultChannelPipeline.fireChannelRead(DefaultChannelPipeline.java:911)
&amp#27;[38;5;66m[75895e03]&amp#27;[0m&amp#27;[38;5;112m[AndroidUiautomator2Driver@b341 (75895e03)]&amp#27;[0m 	at io.netty.channel.nio.AbstractNioByteChannel$NioByteUnsafe.read(AbstractNioByteChannel.java:131)
&amp#27;[38;5;66m[75895e03]&amp#27;[0m&amp#27;[38;5;112m[AndroidUiautomator2Driver@b341 (75895e03)]&amp#27;[0m 	at io.netty.channel.nio.NioEventLoop.processSelectedKey(NioEventLoop.java:611)
&amp#27;[38;5;66m[75895e03]&amp#27;[0m&amp#27;[38;5;112m[AndroidUiautomator2Driver@b341 (75895e03)]&amp#27;[0m 	at io.netty.channel.nio.NioEventLoop.processSelectedKeysOptimized(NioEventLoop.java:552)
&amp#27;[38;5;66m[75895e03]&amp#27;[0m&amp#27;[38;5;112m[AndroidUiautomator2Driver@b341 (75895e03)]&amp#27;[0m 	at io.netty.channel.nio.NioEventLoop.processSelectedKeys(NioEventLoop.java:466)
&amp#27;[38;5;66m[75895e03]&amp#27;[0m&amp#27;[38;5;112m[AndroidUiautomator2Driver@b341 (75895e03)]&amp#27;[0m 	at io.netty.channel.nio.NioEventLoop.run(NioEventLoop.java:438)
&amp#27;[38;5;66m[75895e03]&amp#27;[0m&amp#27;[38;5;112m[AndroidUiautomator2Driver@b341 (75895e03)]&amp#27;[0m 	at io.netty.util.concurrent.SingleThreadEventExecutor$2.run(SingleThreadEventExecutor.java:140)
&amp#27;[38;5;66m[75895e03]&amp#27;[0m&amp#27;[38;5;112m[AndroidUiautomator2Driver@b341 (75895e03)]&amp#27;[0m 	at io.netty.util.concurrent.DefaultThreadFactory$DefaultRunnableDecorator.run(DefaultThreadFactory.java:144)
&amp#27;[38;5;66m[75895e03]&amp#27;[0m&amp#27;[38;5;112m[AndroidUiautomator2Driver@b341 (75895e03)]&amp#27;[0m 	at java.lang.Thread.run(Thread.java:1012)
&amp#27;[38;5;66m[75895e03]&amp#27;[0m&amp#27;[38;5;112m[AndroidUiautomator2Driver@b341 (75895e03)]&amp#27;[0m Caused by: java.lang.NoSuchFieldException: No field mGestures in class Landroidx/test/uiautomator/UiObject2; (declaration of 'androidx.test.uiautomator.UiObject2' appears in /data/app/~~iTXwldfPh7sclJPi-v3Lfw==/io.appium.uiautomator2.server-gjK9IeL8NK2cpjuDa40cPQ==/base.apk)
&amp#27;[38;5;66m[75895e03]&amp#27;[0m&amp#27;[38;5;112m[AndroidUiautomator2Driver@b341 (75895e03)]&amp#27;[0m 	at java.lang.Class.getDeclaredField(Native Method)
&amp#27;[38;5;66m[75895e03]&amp#27;[0m&amp#27;[38;5;112m[AndroidUiautomator2Driver@b341 (75895e03)]&amp#27;[0m 	at io.appium.uiautomator2.utils.ElementHelpers.getTouchPadding(ElementHelpers.java:310)
&amp#27;[38;5;66m[75895e03]&amp#27;[0m&amp#27;[38;5;112m[AndroidUiautomator2Driver@b341 (75895e03)]&amp#27;[0m 	at io.appium.uiautomator2.utils.ElementHelpers.getContentSize(ElementHelpers.java:160)
&amp#27;[38;5;66m[75895e03]&amp#27;[0m&amp#27;[38;5;112m[AndroidUiautomator2Driver@b341 (75895e03)]&amp#27;[0m 	... 36 more
&amp#27;[38;5;66m[75895e03]&amp#27;[0m&amp#27;[38;5;112m[AndroidUiautomator2Driver@b341 (75895e03)]&amp#27;[0m 
&amp#27;[38;5;66m[75895e03]&amp#27;[0m&amp#27;[38;5;86m[HTTP]&amp#27;[0m <-- GET /session/75895e03-7749-47e3-bc13-bf90a3ed7962/element/00000000-0000-0031-ffff-ffff0000001a/attribute/contentSize 500 122 ms - 4952 
&amp#27;[38;5;66m[75895e03]&amp#27;[0m&amp#27;[38;5;86m[HTTP]&amp#27;[0m &amp#27;[37m-->&amp#27;[39m &amp#27;[37mGET&amp#27;[39m &amp#27;[37m/session/75895e03-7749-47e3-bc13-bf90a3ed7962/element/00000000-0000-0031-ffff-ffff0000001a/rect&amp#27;[39m {}
&amp#27;[38;5;66m[75895e03]&amp#27;[0m&amp#27;[38;5;112m[AndroidUiautomator2Driver@b341 (75895e03)]&amp#27;[0m Driver proxy active, passing request on via HTTP proxy
&amp#27;[38;5;66m[75895e03]&amp#27;[0m&amp#27;[38;5;112m[AndroidUiautomator2Driver@b341 (75895e03)]&amp#27;[0m Matched '/session/75895e03-7749-47e3-bc13-bf90a3ed7962/element/00000000-0000-0031-ffff-ffff0000001a/rect' to command name 'getElementRect'
&amp#27;[38;5;66m[75895e03]&amp#27;[0m&amp#27;[38;5;112m[AndroidUiautomator2Driver@b341 (75895e03)]&amp#27;[0m Proxying [GET /session/75895e03-7749-47e3-bc13-bf90a3ed7962/element/00000000-0000-0031-ffff-ffff0000001a/rect] to [GET http://127.0.0.1:8200/session/9a29d941-f2de-44a0-9e8c-b573902f2815/element/00000000-0000-0031-ffff-ffff0000001a/rect] with no body
&amp#27;[38;5;66m[75895e03]&amp#27;[0m&amp#27;[38;5;112m[AndroidUiautomator2Driver@b341 (75895e03)]&amp#27;[0m Got response with status 200: {"sessionId":"9a29d941-f2de-44a0-9e8c-b573902f2815","value":{"height":170,"width":1062,"x":189,"y":923}}
&amp#27;[38;5;66m[75895e03]&amp#27;[0m&amp#27;[38;5;112m[AndroidUiautomator2Driver@b341 (75895e03)]&amp#27;[0m Replacing sessionId 9a29d941-f2de-44a0-9e8c-b573902f2815 with 75895e03-7749-47e3-bc13-bf90a3ed7962
&amp#27;[38;5;66m[75895e03]&amp#27;[0m&amp#27;[38;5;86m[HTTP]&amp#27;[0m <-- GET /session/75895e03-7749-47e3-bc13-bf90a3ed7962/element/00000000-0000-0031-ffff-ffff0000001a/rect 200 34 ms - 104 
&amp#27;[38;5;66m[75895e03]&amp#27;[0m&amp#27;[38;5;86m[HTTP]&amp#27;[0m &amp#27;[37m-->&amp#27;[39m &amp#27;[37mGET&amp#27;[39m &amp#27;[37m/session/75895e03-7749-47e3-bc13-bf90a3ed7962/element/00000000-0000-0031-ffff-ffff0000001a/rect&amp#27;[39m {}
&amp#27;[38;5;66m[75895e03]&amp#27;[0m&amp#27;[38;5;112m[AndroidUiautomator2Driver@b341 (75895e03)]&amp#27;[0m Driver proxy active, passing request on via HTTP proxy
&amp#27;[38;5;66m[75895e03]&amp#27;[0m&amp#27;[38;5;112m[AndroidUiautomator2Driver@b341 (75895e03)]&amp#27;[0m Matched '/session/75895e03-7749-47e3-bc13-bf90a3ed7962/element/00000000-0000-0031-ffff-ffff0000001a/rect' to command name 'getElementRect'
&amp#27;[38;5;66m[75895e03]&amp#27;[0m&amp#27;[38;5;112m[AndroidUiautomator2Driver@b341 (75895e03)]&amp#27;[0m Proxying [GET /session/75895e03-7749-47e3-bc13-bf90a3ed7962/element/00000000-0000-0031-ffff-ffff0000001a/rect] to [GET http://127.0.0.1:8200/session/9a29d941-f2de-44a0-9e8c-b573902f2815/element/00000000-0000-0031-ffff-ffff0000001a/rect] with no body
&amp#27;[38;5;66m[75895e03]&amp#27;[0m&amp#27;[38;5;112m[AndroidUiautomator2Driver@b341 (75895e03)]&amp#27;[0m Got response with status 200: {"sessionId":"9a29d941-f2de-44a0-9e8c-b573902f2815","value":{"height":170,"width":1062,"x":189,"y":923}}
&amp#27;[38;5;66m[75895e03]&amp#27;[0m&amp#27;[38;5;112m[AndroidUiautomator2Driver@b341 (75895e03)]&amp#27;[0m Replacing sessionId 9a29d941-f2de-44a0-9e8c-b573902f2815 with 75895e03-7749-47e3-bc13-bf90a3ed7962
&amp#27;[38;5;66m[75895e03]&amp#27;[0m&amp#27;[38;5;86m[HTTP]&amp#27;[0m <-- GET /session/75895e03-7749-47e3-bc13-bf90a3ed7962/element/00000000-0000-0031-ffff-ffff0000001a/rect 200 32 ms - 104 
&amp#27;[38;5;66m[75895e03]&amp#27;[0m&amp#27;[38;5;86m[HTTP]&amp#27;[0m &amp#27;[37m-->&amp#27;[39m &amp#27;[37mGET&amp#27;[39m &amp#27;[37m/session/75895e03-7749-47e3-bc13-bf90a3ed7962/element/00000000-0000-0031-ffff-ffff0000001a/rect&amp#27;[39m {}
&amp#27;[38;5;66m[75895e03]&amp#27;[0m&amp#27;[38;5;112m[AndroidUiautomator2Driver@b341 (75895e03)]&amp#27;[0m Driver proxy active, passing request on via HTTP proxy
&amp#27;[38;5;66m[75895e03]&amp#27;[0m&amp#27;[38;5;112m[AndroidUiautomator2Driver@b341 (75895e03)]&amp#27;[0m Matched '/session/75895e03-7749-47e3-bc13-bf90a3ed7962/element/00000000-0000-0031-ffff-ffff0000001a/rect' to command name 'getElementRect'
&amp#27;[38;5;66m[75895e03]&amp#27;[0m&amp#27;[38;5;112m[AndroidUiautomator2Driver@b341 (75895e03)]&amp#27;[0m Proxying [GET /session/75895e03-7749-47e3-bc13-bf90a3ed7962/element/00000000-0000-0031-ffff-ffff0000001a/rect] to [GET http://127.0.0.1:8200/session/9a29d941-f2de-44a0-9e8c-b573902f2815/element/00000000-0000-0031-ffff-ffff0000001a/rect] with no body
&amp#27;[38;5;66m[75895e03]&amp#27;[0m&amp#27;[38;5;112m[AndroidUiautomator2Driver@b341 (75895e03)]&amp#27;[0m Got response with status 200: {"sessionId":"9a29d941-f2de-44a0-9e8c-b573902f2815","value":{"height":170,"width":1062,"x":189,"y":923}}
&amp#27;[38;5;66m[75895e03]&amp#27;[0m&amp#27;[38;5;112m[AndroidUiautomator2Driver@b341 (75895e03)]&amp#27;[0m Replacing sessionId 9a29d941-f2de-44a0-9e8c-b573902f2815 with 75895e03-7749-47e3-bc13-bf90a3ed7962
&amp#27;[38;5;66m[75895e03]&amp#27;[0m&amp#27;[38;5;86m[HTTP]&amp#27;[0m <-- GET /session/75895e03-7749-47e3-bc13-bf90a3ed7962/element/00000000-0000-0031-ffff-ffff0000001a/rect 200 34 ms - 104 
&amp#27;[38;5;66m[75895e03]&amp#27;[0m&amp#27;[38;5;86m[HTTP]&amp#27;[0m &amp#27;[37m-->&amp#27;[39m &amp#27;[37mGET&amp#27;[39m &amp#27;[37m/session/75895e03-7749-47e3-bc13-bf90a3ed7962/element/00000000-0000-0031-ffff-ffff0000001a/rect&amp#27;[39m {}
&amp#27;[38;5;66m[75895e03]&amp#27;[0m&amp#27;[38;5;112m[AndroidUiautomator2Driver@b341 (75895e03)]&amp#27;[0m Driver proxy active, passing request on via HTTP proxy
&amp#27;[38;5;66m[75895e03]&amp#27;[0m&amp#27;[38;5;112m[AndroidUiautomator2Driver@b341 (75895e03)]&amp#27;[0m Matched '/session/75895e03-7749-47e3-bc13-bf90a3ed7962/element/00000000-0000-0031-ffff-ffff0000001a/rect' to command name 'getElementRect'
&amp#27;[38;5;66m[75895e03]&amp#27;[0m&amp#27;[38;5;112m[AndroidUiautomator2Driver@b341 (75895e03)]&amp#27;[0m Proxying [GET /session/75895e03-7749-47e3-bc13-bf90a3ed7962/element/00000000-0000-0031-ffff-ffff0000001a/rect] to [GET http://127.0.0.1:8200/session/9a29d941-f2de-44a0-9e8c-b573902f2815/element/00000000-0000-0031-ffff-ffff0000001a/rect] with no body
&amp#27;[38;5;66m[75895e03]&amp#27;[0m&amp#27;[38;5;112m[AndroidUiautomator2Driver@b341 (75895e03)]&amp#27;[0m Got response with status 200: {"sessionId":"9a29d941-f2de-44a0-9e8c-b573902f2815","value":{"height":170,"width":1062,"x":189,"y":923}}
&amp#27;[38;5;66m[75895e03]&amp#27;[0m&amp#27;[38;5;112m[AndroidUiautomator2Driver@b341 (75895e03)]&amp#27;[0m Replacing sessionId 9a29d941-f2de-44a0-9e8c-b573902f2815 with 75895e03-7749-47e3-bc13-bf90a3ed7962
&amp#27;[38;5;66m[75895e03]&amp#27;[0m&amp#27;[38;5;86m[HTTP]&amp#27;[0m <-- GET /session/75895e03-7749-47e3-bc13-bf90a3ed7962/element/00000000-0000-0031-ffff-ffff0000001a/rect 200 32 ms - 104 
&amp#27;[38;5;66m[75895e03]&amp#27;[0m&amp#27;[38;5;86m[HTTP]&amp#27;[0m &amp#27;[37m-->&amp#27;[39m &amp#27;[37mGET&amp#27;[39m &amp#27;[37m/session/75895e03-7749-47e3-bc13-bf90a3ed7962/screenshot&amp#27;[39m {}
&amp#27;[38;5;66m[75895e03]&amp#27;[0m&amp#27;[38;5;112m[AndroidUiautomator2Driver@b341 (75895e03)]&amp#27;[0m Calling AppiumDriver.getScreenshot() with args: ["75895e03-7749-47e3-bc13-bf90a3ed7962"]
&amp#27;[38;5;66m[75895e03]&amp#27;[0m&amp#27;[38;5;112m[AndroidUiautomator2Driver@b341 (75895e03)]&amp#27;[0m Matched '/screenshot' to command name 'getScreenshot'
&amp#27;[38;5;66m[75895e03]&amp#27;[0m&amp#27;[38;5;112m[AndroidUiautomator2Driver@b341 (75895e03)]&amp#27;[0m Proxying [GET /screenshot] to [GET http://127.0.0.1:8200/session/9a29d941-f2de-44a0-9e8c-b573902f2815/screenshot] with no body
&amp#27;[38;5;66m[75895e03]&amp#27;[0m&amp#27;[38;5;112m[AndroidUiautomator2Driver@b341 (75895e03)]&amp#27;[0m Got response with status 200: {"sessionId":"9a29d941-f2de-44a0-9e8c-b573902f2815","value":"iVBORw0KGgoAAAANSUhEUgAABaAAAAtACAYAAADu24QXAAAAAXNSR0IArs4c6QAAAARzQklUCAgICHwIZIgAACAASURBVHic7N13eFvV/cfxz71Xy3vG2XsPCDuMAEnYe0NZZZYRChQoUEopLausAgHKbMts+ZVNyx5hhBGgEEJCgOy9HK/Ylq117++PYNeKbVmyJcuO368+fR50de45XxnLffrR0fcYBQt+7ggAAAAAAAAAgCQz010AAAAAAAAAAGDbRAANAAAAAAAAAEgJAmgAAAAAAAAAQEoQQAMAAAAAAAAAUoIAGgAAAAAAAACQEgTQAAAAAAAAAICUIIAGAAAAAAAAAKQEATQAAAAAAAAAICUIoAEAAAAAAAAAKUEADQAAAAAAAABICQJoAAAAAAAAAEBKEEADAAAAAAAAAFKCABoAAAAAAAAAkBIE0AAAAAAAAACAlCCABgAAAAAAAACkhCvdBQBdnSFDvV15OjhnRx2Zs4u29w1RgZUlR5Lx0xinyfi1oXL9t26JXtg8W5/4f1BVxC8nagQAAAAAAADQMxgFC35OMgZsxZChQitbf+5zhqZlb6cs09t4PRG2HJWFq/V01Ue6ZeMLishORbkAAAAAAABAl0QADTRhyNAgd7E+GnajskyfzAQD51hsOVoUWKv9l9+gWrs+afMCAAAAAAAAXRUBNPCTIitHs4bdpN6uvIR3Oici7ETU54dzZPeQthyGDPlMtwwZ8hiuqFA/IltBJyzbcRRwQmmsEgAAAADQ3fVx5Wuwu5eKXDnKN7OUZ2Uqy/Sq1g6oMlKrKtuvsnC1VoRKtT5cme5yu5xB7mKtDG1Kdxm6utcxcY+9rfSlFFaCZKEHNHo8U4auLTlelxYdltQdz62xDFN7ZY7RLP/3KV8rHQwZchuWMkyPsk2fCqxsjfMOkMdwa5inRJnGlnYmthxVRmq1PLRR9XZI...
&amp#27;[38;5;66m[75895e03]&amp#27;[0m&amp#27;[38;5;112m[AndroidUiautomator2Driver@b341 (75895e03)]&amp#27;[0m Responding to client with driver.getScreenshot() result: "iVBORw0KGgoAAAANSUhEUgAABaAAAAtACAYAAADu24QXAAAAAXNSR0IArs4c6QAAAARzQklUCAgICHwIZIgAACAASURBVHic7N13eFvV/cfxz71Xy3vG2XsPCDuMAEnYe0NZZZYRChQoUEopLausAgHKbMts+ZVNyx5hhBGgEEJCgOy9HK/Ylq117++PYNeKbVmyJcuO368+fR50de45XxnLffrR0fcYBQt+7ggAAAAAAAAAgCQz010AAAAAAAAAAGDbRAANAAAAAAAAAEgJAmgAAAAAAAAAQEoQQAMAAAAAAAAAUoIAGgAAAAAAAACQEgTQAAAAAAAAAICUIIAGAAAAAAAAAKQEATQAAAAAAAAAICUIoAEAAAAAAAAAKUEADQAAAAAAAABICQJoAAAAAAAAAEBKEEADAAAAAAAAAFKCABoAAAAAAAAAkBIE0AAAAAAAAACAlCCABgAAAAAAAACkhCvdBQBdnSFDvV15OjhnRx2Zs4u29w1RgZUlR5Lx0xinyfi1oXL9t26JXtg8W5/4f1BVxC8nagQAAAAAAADQMxgFC35OMgZsxZChQitbf+5zhqZlb6cs09t4PRG2HJWFq/V01Ue6ZeMLishORbkAAAAAAABAl0QADTRhyNAgd7E+GnajskyfzAQD51hsOVoUWKv9l9+gWrs+afMCAAAAAAAAXRUBNPCTIitHs4bdpN6uvIR3Oici7ETU54dzZPeQthyGDPlMtwwZ8hiuqFA/IltBJyzbcRRwQmmsEgAAAADQ3fVx5Wuwu5eKXDnKN7OUZ2Uqy/Sq1g6oMlKrKtuvsnC1VoRKtT5cme5yu5xB7mKtDG1Kdxm6utcxcY+9rfSlFFaCZKEHNHo8U4auLTlelxYdltQdz62xDFN7ZY7RLP/3KV8rHQwZchuWMkyPsk2fCqxsjfMOkMdwa5inRJnGlnYmthxVRmq1PLRR9XZI3wVWqsYOqNauV70TUtiJpPmVAAAAAAC6qhJXnqZlTdCUrAna3jdYg9295DPd...
&amp#27;[38;5;66m[75895e03]&amp#27;[0m&amp#27;[38;5;86m[HTTP]&amp#27;[0m <-- GET /session/75895e03-7749-47e3-bc13-bf90a3ed7962/screenshot 200 1711 ms - 879716 
&amp#27;[38;5;66m[75895e03]&amp#27;[0m&amp#27;[38;5;86m[HTTP]&amp#27;[0m &amp#27;[37m-->&amp#27;[39m &amp#27;[37mGET&amp#27;[39m &amp#27;[37m/session/75895e03-7749-47e3-bc13-bf90a3ed7962/element/00000000-0000-0031-ffff-ffff0000001a/rect&amp#27;[39m {}
&amp#27;[38;5;66m[75895e03]&amp#27;[0m&amp#27;[38;5;112m[AndroidUiautomator2Driver@b341 (75895e03)]&amp#27;[0m Driver proxy active, passing request on via HTTP proxy
&amp#27;[38;5;66m[75895e03]&amp#27;[0m&amp#27;[38;5;112m[AndroidUiautomator2Driver@b341 (75895e03)]&amp#27;[0m Matched '/session/75895e03-7749-47e3-bc13-bf90a3ed7962/element/00000000-0000-0031-ffff-ffff0000001a/rect' to command name 'getElementRect'
&amp#27;[38;5;66m[75895e03]&amp#27;[0m&amp#27;[38;5;112m[AndroidUiautomator2Driver@b341 (75895e03)]&amp#27;[0m Proxying [GET /session/75895e03-7749-47e3-bc13-bf90a3ed7962/element/00000000-0000-0031-ffff-ffff0000001a/rect] to [GET http://127.0.0.1:8200/session/9a29d941-f2de-44a0-9e8c-b573902f2815/element/00000000-0000-0031-ffff-ffff0000001a/rect] with no body
&amp#27;[38;5;66m[75895e03]&amp#27;[0m&amp#27;[38;5;112m[AndroidUiautomator2Driver@b341 (75895e03)]&amp#27;[0m Got response with status 200: {"sessionId":"9a29d941-f2de-44a0-9e8c-b573902f2815","value":{"height":170,"width":1062,"x":189,"y":923}}
&amp#27;[38;5;66m[75895e03]&amp#27;[0m&amp#27;[38;5;112m[AndroidUiautomator2Driver@b341 (75895e03)]&amp#27;[0m Replacing sessionId 9a29d941-f2de-44a0-9e8c-b573902f2815 with 75895e03-7749-47e3-bc13-bf90a3ed7962
&amp#27;[38;5;66m[75895e03]&amp#27;[0m&amp#27;[38;5;86m[HTTP]&amp#27;[0m <-- GET /session/75895e03-7749-47e3-bc13-bf90a3ed7962/element/00000000-0000-0031-ffff-ffff0000001a/rect 200 32 ms - 104 
&amp#27;[38;5;66m[75895e03]&amp#27;[0m&amp#27;[38;5;86m[HTTP]&amp#27;[0m &amp#27;[37m-->&amp#27;[39m &amp#27;[37mGET&amp#27;[39m &amp#27;[37m/session/75895e03-7749-47e3-bc13-bf90a3ed7962/element/00000000-0000-0031-ffff-ffff0000001a/rect&amp#27;[39m {}
&amp#27;[38;5;66m[75895e03]&amp#27;[0m&amp#27;[38;5;112m[AndroidUiautomator2Driver@b341 (75895e03)]&amp#27;[0m Driver proxy active, passing request on via HTTP proxy
&amp#27;[38;5;66m[75895e03]&amp#27;[0m&amp#27;[38;5;112m[AndroidUiautomator2Driver@b341 (75895e03)]&amp#27;[0m Matched '/session/75895e03-7749-47e3-bc13-bf90a3ed7962/element/00000000-0000-0031-ffff-ffff0000001a/rect' to command name 'getElementRect'
&amp#27;[38;5;66m[75895e03]&amp#27;[0m&amp#27;[38;5;112m[AndroidUiautomator2Driver@b341 (75895e03)]&amp#27;[0m Proxying [GET /session/75895e03-7749-47e3-bc13-bf90a3ed7962/element/00000000-0000-0031-ffff-ffff0000001a/rect] to [GET http://127.0.0.1:8200/session/9a29d941-f2de-44a0-9e8c-b573902f2815/element/00000000-0000-0031-ffff-ffff0000001a/rect] with no body
&amp#27;[38;5;66m[75895e03]&amp#27;[0m&amp#27;[38;5;112m[AndroidUiautomator2Driver@b341 (75895e03)]&amp#27;[0m Got response with status 200: {"sessionId":"9a29d941-f2de-44a0-9e8c-b573902f2815","value":{"height":170,"width":1062,"x":189,"y":923}}
&amp#27;[38;5;66m[75895e03]&amp#27;[0m&amp#27;[38;5;112m[AndroidUiautomator2Driver@b341 (75895e03)]&amp#27;[0m Replacing sessionId 9a29d941-f2de-44a0-9e8c-b573902f2815 with 75895e03-7749-47e3-bc13-bf90a3ed7962
&amp#27;[38;5;66m[75895e03]&amp#27;[0m&amp#27;[38;5;86m[HTTP]&amp#27;[0m <-- GET /session/75895e03-7749-47e3-bc13-bf90a3ed7962/element/00000000-0000-0031-ffff-ffff0000001a/rect 200 23 ms - 104 
&amp#27;[38;5;66m[75895e03]&amp#27;[0m&amp#27;[38;5;86m[HTTP]&amp#27;[0m &amp#27;[37m-->&amp#27;[39m &amp#27;[37mGET&amp#27;[39m &amp#27;[37m/session/75895e03-7749-47e3-bc13-bf90a3ed7962/context&amp#27;[39m {}
&amp#27;[38;5;66m[75895e03]&amp#27;[0m&amp#27;[38;5;112m[AndroidUiautomator2Driver@b341 (75895e03)]&amp#27;[0m Calling AppiumDriver.getCurrentContext() with args: ["75895e03-7749-47e3-bc13-bf90a3ed7962"]
&amp#27;[38;5;66m[75895e03]&amp#27;[0m&amp#27;[38;5;112m[AndroidUiautomator2Driver@b341 (75895e03)]&amp#27;[0m Responding to client with driver.getCurrentContext() result: "NATIVE_APP"
&amp#27;[38;5;66m[75895e03]&amp#27;[0m&amp#27;[38;5;86m[HTTP]&amp#27;[0m <-- GET /session/75895e03-7749-47e3-bc13-bf90a3ed7962/context 200 1 ms - 22 
&amp#27;[38;5;66m[75895e03]&amp#27;[0m&amp#27;[38;5;86m[HTTP]&amp#27;[0m &amp#27;[37m-->&amp#27;[39m &amp#27;[37mPOST&amp#27;[39m &amp#27;[37m/session/75895e03-7749-47e3-bc13-bf90a3ed7962/element&amp#27;[39m {"using":"id","value":"com.androidsample.generalstore:id/btnLetsShop"}
&amp#27;[38;5;66m[75895e03]&amp#27;[0m&amp#27;[38;5;112m[AndroidUiautomator2Driver@b341 (75895e03)]&amp#27;[0m Calling AppiumDriver.findElement() with args: ["id","com.androidsample.generalstore:id/btnLetsShop","75895e03-7749-47e3-bc13-bf90a3ed7962"]
&amp#27;[38;5;66m[75895e03]&amp#27;[0m&amp#27;[38;5;112m[AndroidUiautomator2Driver@b341 (75895e03)]&amp#27;[0m Valid locator strategies for this request: xpath, id, class name, accessibility id, css selector, -android uiautomator
&amp#27;[38;5;66m[75895e03]&amp#27;[0m&amp#27;[38;5;112m[AndroidUiautomator2Driver@b341 (75895e03)]&amp#27;[0m Waiting up to 20000 ms for condition
&amp#27;[38;5;66m[75895e03]&amp#27;[0m&amp#27;[38;5;112m[AndroidUiautomator2Driver@b341 (75895e03)]&amp#27;[0m Matched '/element' to command name 'findElement'
&amp#27;[38;5;66m[75895e03]&amp#27;[0m&amp#27;[38;5;112m[AndroidUiautomator2Driver@b341 (75895e03)]&amp#27;[0m Proxying [POST /element] to [POST http://127.0.0.1:8200/session/9a29d941-f2de-44a0-9e8c-b573902f2815/element] with body: {"strategy":"id","selector":"com.androidsample.generalstore:id/btnLetsShop","context":"","multiple":false}
&amp#27;[38;5;66m[75895e03]&amp#27;[0m&amp#27;[38;5;112m[AndroidUiautomator2Driver@b341 (75895e03)]&amp#27;[0m Got response with status 200: {"sessionId":"9a29d941-f2de-44a0-9e8c-b573902f2815","value":{"ELEMENT":"00000000-0000-0031-ffff-ffff00000021","element-6066-11e4-a52e-4f735466cecf":"00000000-0000-0031-ffff-ffff00000021"}}
&amp#27;[38;5;66m[75895e03]&amp#27;[0m&amp#27;[38;5;112m[AndroidUiautomator2Driver@b341 (75895e03)]&amp#27;[0m Responding to client with driver.findElement() result: {"element-6066-11e4-a52e-4f735466cecf":"00000000-0000-0031-ffff-ffff00000021","ELEMENT":"00000000-0000-0031-ffff-ffff00000021"}
&amp#27;[38;5;66m[75895e03]&amp#27;[0m&amp#27;[38;5;86m[HTTP]&amp#27;[0m <-- POST /session/75895e03-7749-47e3-bc13-bf90a3ed7962/element 200 90 ms - 137 
&amp#27;[38;5;66m[75895e03]&amp#27;[0m&amp#27;[38;5;86m[HTTP]&amp#27;[0m &amp#27;[37m-->&amp#27;[39m &amp#27;[37mPOST&amp#27;[39m &amp#27;[37m/session/75895e03-7749-47e3-bc13-bf90a3ed7962/element/00000000-0000-0031-ffff-ffff00000021/click&amp#27;[39m {"id":"00000000-0000-0031-ffff-ffff00000021"}
&amp#27;[38;5;66m[75895e03]&amp#27;[0m&amp#27;[38;5;112m[AndroidUiautomator2Driver@b341 (75895e03)]&amp#27;[0m Calling AppiumDriver.click() with args: ["00000000-0000-0031-ffff-ffff00000021","75895e03-7749-47e3-bc13-bf90a3ed7962"]
&amp#27;[38;5;66m[75895e03]&amp#27;[0m&amp#27;[38;5;112m[AndroidUiautomator2Driver@b341 (75895e03)]&amp#27;[0m Matched '/element/00000000-0000-0031-ffff-ffff00000021/click' to command name 'click'
&amp#27;[38;5;66m[75895e03]&amp#27;[0m&amp#27;[38;5;112m[AndroidUiautomator2Driver@b341 (75895e03)]&amp#27;[0m Proxying [POST /element/00000000-0000-0031-ffff-ffff00000021/click] to [POST http://127.0.0.1:8200/session/9a29d941-f2de-44a0-9e8c-b573902f2815/element/00000000-0000-0031-ffff-ffff00000021/click] with body: {"element":"00000000-0000-0031-ffff-ffff00000021"}
&amp#27;[38;5;66m[75895e03]&amp#27;[0m&amp#27;[38;5;112m[AndroidUiautomator2Driver@b341 (75895e03)]&amp#27;[0m Got response with status 200: {"sessionId":"9a29d941-f2de-44a0-9e8c-b573902f2815","value":null}
&amp#27;[38;5;66m[75895e03]&amp#27;[0m&amp#27;[38;5;112m[AndroidUiautomator2Driver@b341 (75895e03)]&amp#27;[0m Responding to client with driver.click() result: null
&amp#27;[38;5;66m[75895e03]&amp#27;[0m&amp#27;[38;5;86m[HTTP]&amp#27;[0m <-- POST /session/75895e03-7749-47e3-bc13-bf90a3ed7962/element/00000000-0000-0031-ffff-ffff00000021/click 200 78 ms - 14 
&amp#27;[38;5;66m[75895e03]&amp#27;[0m&amp#27;[38;5;86m[HTTP]&amp#27;[0m &amp#27;[37m-->&amp#27;[39m &amp#27;[37mGET&amp#27;[39m &amp#27;[37m/session/75895e03-7749-47e3-bc13-bf90a3ed7962/context&amp#27;[39m {}
&amp#27;[38;5;66m[75895e03]&amp#27;[0m&amp#27;[38;5;112m[AndroidUiautomator2Driver@b341 (75895e03)]&amp#27;[0m Calling AppiumDriver.getCurrentContext() with args: ["75895e03-7749-47e3-bc13-bf90a3ed7962"]
&amp#27;[38;5;66m[75895e03]&amp#27;[0m&amp#27;[38;5;112m[AndroidUiautomator2Driver@b341 (75895e03)]&amp#27;[0m Responding to client with driver.getCurrentContext() result: "NATIVE_APP"
&amp#27;[38;5;66m[75895e03]&amp#27;[0m&amp#27;[38;5;86m[HTTP]&amp#27;[0m <-- GET /session/75895e03-7749-47e3-bc13-bf90a3ed7962/context 200 1 ms - 22 
&amp#27;[38;5;66m[75895e03]&amp#27;[0m&amp#27;[38;5;86m[HTTP]&amp#27;[0m &amp#27;[37m-->&amp#27;[39m &amp#27;[37mPOST&amp#27;[39m &amp#27;[37m/session/75895e03-7749-47e3-bc13-bf90a3ed7962/elements&amp#27;[39m {"using":"xpath","value":"//android.widget.TextView[@text='ADD TO CART']"}
&amp#27;[38;5;66m[75895e03]&amp#27;[0m&amp#27;[38;5;112m[AndroidUiautomator2Driver@b341 (75895e03)]&amp#27;[0m Calling AppiumDriver.findElements() with args: ["xpath","//android.widget.TextView[@text='ADD TO CART']","75895e03-7749-47e3-bc13-bf90a3ed7962"]
&amp#27;[38;5;66m[75895e03]&amp#27;[0m&amp#27;[38;5;112m[AndroidUiautomator2Driver@b341 (75895e03)]&amp#27;[0m Valid locator strategies for this request: xpath, id, class name, accessibility id, css selector, -android uiautomator
&amp#27;[38;5;66m[75895e03]&amp#27;[0m&amp#27;[38;5;112m[AndroidUiautomator2Driver@b341 (75895e03)]&amp#27;[0m Waiting up to 20000 ms for condition
&amp#27;[38;5;66m[75895e03]&amp#27;[0m&amp#27;[38;5;112m[AndroidUiautomator2Driver@b341 (75895e03)]&amp#27;[0m Matched '/elements' to command name 'findElements'
&amp#27;[38;5;66m[75895e03]&amp#27;[0m&amp#27;[38;5;112m[AndroidUiautomator2Driver@b341 (75895e03)]&amp#27;[0m Proxying [POST /elements] to [POST http://127.0.0.1:8200/session/9a29d941-f2de-44a0-9e8c-b573902f2815/elements] with body: {"strategy":"xpath","selector":"//android.widget.TextView[@text='ADD TO CART']","context":"","multiple":true}
&amp#27;[38;5;66m[75895e03]&amp#27;[0m&amp#27;[38;5;112m[AndroidUiautomator2Driver@b341 (75895e03)]&amp#27;[0m Got response with status 200: {"sessionId":"9a29d941-f2de-44a0-9e8c-b573902f2815","value":[]}
&amp#27;[38;5;66m[75895e03]&amp#27;[0m&amp#27;[38;5;112m[AndroidUiautomator2Driver@b341 (75895e03)]&amp#27;[0m Waited for 991 ms so far
&amp#27;[38;5;66m[75895e03]&amp#27;[0m&amp#27;[38;5;112m[AndroidUiautomator2Driver@b341 (75895e03)]&amp#27;[0m Matched '/elements' to command name 'findElements'
&amp#27;[38;5;66m[75895e03]&amp#27;[0m&amp#27;[38;5;112m[AndroidUiautomator2Driver@b341 (75895e03)]&amp#27;[0m Proxying [POST /elements] to [POST http://127.0.0.1:8200/session/9a29d941-f2de-44a0-9e8c-b573902f2815/elements] with body: {"strategy":"xpath","selector":"//android.widget.TextView[@text='ADD TO CART']","context":"","multiple":true}
&amp#27;[38;5;66m[75895e03]&amp#27;[0m&amp#27;[38;5;112m[AndroidUiautomator2Driver@b341 (75895e03)]&amp#27;[0m Got response with status 200: {"sessionId":"9a29d941-f2de-44a0-9e8c-b573902f2815","value":[{"ELEMENT":"00000000-0000-0033-ffff-ffff00000051","element-6066-11e4-a52e-4f735466cecf":"00000000-0000-0033-ffff-ffff00000051"},{"ELEMENT":"00000000-0000-0033-ffff-ffff00000059","element-6066-11e4-a52e-4f735466cecf":"00000000-0000-0033-ffff-ffff00000059"}]}
&amp#27;[38;5;66m[75895e03]&amp#27;[0m&amp#27;[38;5;112m[AndroidUiautomator2Driver@b341 (75895e03)]&amp#27;[0m Responding to client with driver.findElements() result: [{"element-6066-11e4-a52e-4f735466cecf":"00000000-0000-0033-ffff-ffff00000051","ELEMENT":"00000000-0000-0033-ffff-ffff00000051"},{"element-6066-11e4-a52e-4f735466cecf":"00000000-0000-0033-ffff-ffff00000059","ELEMENT":"00000000-0000-0033-ffff-ffff00000059"}]
&amp#27;[38;5;66m[75895e03]&amp#27;[0m&amp#27;[38;5;86m[HTTP]&amp#27;[0m <-- POST /session/75895e03-7749-47e3-bc13-bf90a3ed7962/elements 200 2195 ms - 267 
&amp#27;[38;5;66m[75895e03]&amp#27;[0m&amp#27;[38;5;86m[HTTP]&amp#27;[0m &amp#27;[37m-->&amp#27;[39m &amp#27;[37mPOST&amp#27;[39m &amp#27;[37m/session/75895e03-7749-47e3-bc13-bf90a3ed7962/element/00000000-0000-0033-ffff-ffff00000051/click&amp#27;[39m {"id":"00000000-0000-0033-ffff-ffff00000051"}
&amp#27;[38;5;66m[75895e03]&amp#27;[0m&amp#27;[38;5;112m[AndroidUiautomator2Driver@b341 (75895e03)]&amp#27;[0m Calling AppiumDriver.click() with args: ["00000000-0000-0033-ffff-ffff00000051","75895e03-7749-47e3-bc13-bf90a3ed7962"]
&amp#27;[38;5;66m[75895e03]&amp#27;[0m&amp#27;[38;5;112m[AndroidUiautomator2Driver@b341 (75895e03)]&amp#27;[0m Matched '/element/00000000-0000-0033-ffff-ffff00000051/click' to command name 'click'
&amp#27;[38;5;66m[75895e03]&amp#27;[0m&amp#27;[38;5;112m[AndroidUiautomator2Driver@b341 (75895e03)]&amp#27;[0m Proxying [POST /element/00000000-0000-0033-ffff-ffff00000051/click] to [POST http://127.0.0.1:8200/session/9a29d941-f2de-44a0-9e8c-b573902f2815/element/00000000-0000-0033-ffff-ffff00000051/click] with body: {"element":"00000000-0000-0033-ffff-ffff00000051"}
&amp#27;[38;5;66m[75895e03]&amp#27;[0m&amp#27;[38;5;112m[AndroidUiautomator2Driver@b341 (75895e03)]&amp#27;[0m Got response with status 200: {"sessionId":"9a29d941-f2de-44a0-9e8c-b573902f2815","value":null}
&amp#27;[38;5;66m[75895e03]&amp#27;[0m&amp#27;[38;5;112m[AndroidUiautomator2Driver@b341 (75895e03)]&amp#27;[0m Responding to client with driver.click() result: null
&amp#27;[38;5;66m[75895e03]&amp#27;[0m&amp#27;[38;5;86m[HTTP]&amp#27;[0m <-- POST /session/75895e03-7749-47e3-bc13-bf90a3ed7962/element/00000000-0000-0033-ffff-ffff00000051/click 200 119 ms - 14 
&amp#27;[38;5;66m[75895e03]&amp#27;[0m&amp#27;[38;5;86m[HTTP]&amp#27;[0m &amp#27;[37m-->&amp#27;[39m &amp#27;[37mGET&amp#27;[39m &amp#27;[37m/session/75895e03-7749-47e3-bc13-bf90a3ed7962/context&amp#27;[39m {}
&amp#27;[38;5;66m[75895e03]&amp#27;[0m&amp#27;[38;5;112m[AndroidUiautomator2Driver@b341 (75895e03)]&amp#27;[0m Calling AppiumDriver.getCurrentContext() with args: ["75895e03-7749-47e3-bc13-bf90a3ed7962"]
&amp#27;[38;5;66m[75895e03]&amp#27;[0m&amp#27;[38;5;112m[AndroidUiautomator2Driver@b341 (75895e03)]&amp#27;[0m Responding to client with driver.getCurrentContext() result: "NATIVE_APP"
&amp#27;[38;5;66m[75895e03]&amp#27;[0m&amp#27;[38;5;86m[HTTP]&amp#27;[0m <-- GET /session/75895e03-7749-47e3-bc13-bf90a3ed7962/context 200 1 ms - 22 
&amp#27;[38;5;66m[75895e03]&amp#27;[0m&amp#27;[38;5;86m[HTTP]&amp#27;[0m &amp#27;[37m-->&amp#27;[39m &amp#27;[37mPOST&amp#27;[39m &amp#27;[37m/session/75895e03-7749-47e3-bc13-bf90a3ed7962/elements&amp#27;[39m {"using":"xpath","value":"//android.widget.TextView[@text='ADD TO CART']"}
&amp#27;[38;5;66m[75895e03]&amp#27;[0m&amp#27;[38;5;112m[AndroidUiautomator2Driver@b341 (75895e03)]&amp#27;[0m Calling AppiumDriver.findElements() with args: ["xpath","//android.widget.TextView[@text='ADD TO CART']","75895e03-7749-47e3-bc13-bf90a3ed7962"]
&amp#27;[38;5;66m[75895e03]&amp#27;[0m&amp#27;[38;5;112m[AndroidUiautomator2Driver@b341 (75895e03)]&amp#27;[0m Valid locator strategies for this request: xpath, id, class name, accessibility id, css selector, -android uiautomator
&amp#27;[38;5;66m[75895e03]&amp#27;[0m&amp#27;[38;5;112m[AndroidUiautomator2Driver@b341 (75895e03)]&amp#27;[0m Waiting up to 20000 ms for condition
&amp#27;[38;5;66m[75895e03]&amp#27;[0m&amp#27;[38;5;112m[AndroidUiautomator2Driver@b341 (75895e03)]&amp#27;[0m Matched '/elements' to command name 'findElements'
&amp#27;[38;5;66m[75895e03]&amp#27;[0m&amp#27;[38;5;112m[AndroidUiautomator2Driver@b341 (75895e03)]&amp#27;[0m Proxying [POST /elements] to [POST http://127.0.0.1:8200/session/9a29d941-f2de-44a0-9e8c-b573902f2815/elements] with body: {"strategy":"xpath","selector":"//android.widget.TextView[@text='ADD TO CART']","context":"","multiple":true}
&amp#27;[38;5;66m[75895e03]&amp#27;[0m&amp#27;[38;5;112m[AndroidUiautomator2Driver@b341 (75895e03)]&amp#27;[0m Got response with status 200: {"sessionId":"9a29d941-f2de-44a0-9e8c-b573902f2815","value":[{"ELEMENT":"00000000-0000-0033-ffff-ffff00000059","element-6066-11e4-a52e-4f735466cecf":"00000000-0000-0033-ffff-ffff00000059"}]}
&amp#27;[38;5;66m[75895e03]&amp#27;[0m&amp#27;[38;5;112m[AndroidUiautomator2Driver@b341 (75895e03)]&amp#27;[0m Responding to client with driver.findElements() result: [{"element-6066-11e4-a52e-4f735466cecf":"00000000-0000-0033-ffff-ffff00000059","ELEMENT":"00000000-0000-0033-ffff-ffff00000059"}]
&amp#27;[38;5;66m[75895e03]&amp#27;[0m&amp#27;[38;5;86m[HTTP]&amp#27;[0m <-- POST /session/75895e03-7749-47e3-bc13-bf90a3ed7962/elements 200 642 ms - 139 
&amp#27;[38;5;66m[75895e03]&amp#27;[0m&amp#27;[38;5;86m[HTTP]&amp#27;[0m &amp#27;[37m-->&amp#27;[39m &amp#27;[37mPOST&amp#27;[39m &amp#27;[37m/session/75895e03-7749-47e3-bc13-bf90a3ed7962/element/00000000-0000-0033-ffff-ffff00000059/click&amp#27;[39m {"id":"00000000-0000-0033-ffff-ffff00000059"}
&amp#27;[38;5;66m[75895e03]&amp#27;[0m&amp#27;[38;5;112m[AndroidUiautomator2Driver@b341 (75895e03)]&amp#27;[0m Calling AppiumDriver.click() with args: ["00000000-0000-0033-ffff-ffff00000059","75895e03-7749-47e3-bc13-bf90a3ed7962"]
&amp#27;[38;5;66m[75895e03]&amp#27;[0m&amp#27;[38;5;112m[AndroidUiautomator2Driver@b341 (75895e03)]&amp#27;[0m Matched '/element/00000000-0000-0033-ffff-ffff00000059/click' to command name 'click'
&amp#27;[38;5;66m[75895e03]&amp#27;[0m&amp#27;[38;5;112m[AndroidUiautomator2Driver@b341 (75895e03)]&amp#27;[0m Proxying [POST /element/00000000-0000-0033-ffff-ffff00000059/click] to [POST http://127.0.0.1:8200/session/9a29d941-f2de-44a0-9e8c-b573902f2815/element/00000000-0000-0033-ffff-ffff00000059/click] with body: {"element":"00000000-0000-0033-ffff-ffff00000059"}
&amp#27;[38;5;66m[75895e03]&amp#27;[0m&amp#27;[38;5;112m[AndroidUiautomator2Driver@b341 (75895e03)]&amp#27;[0m Got response with status 200: {"sessionId":"9a29d941-f2de-44a0-9e8c-b573902f2815","value":null}
&amp#27;[38;5;66m[75895e03]&amp#27;[0m&amp#27;[38;5;112m[AndroidUiautomator2Driver@b341 (75895e03)]&amp#27;[0m Responding to client with driver.click() result: null
&amp#27;[38;5;66m[75895e03]&amp#27;[0m&amp#27;[38;5;86m[HTTP]&amp#27;[0m <-- POST /session/75895e03-7749-47e3-bc13-bf90a3ed7962/element/00000000-0000-0033-ffff-ffff00000059/click 200 557 ms - 14 
&amp#27;[38;5;66m[75895e03]&amp#27;[0m&amp#27;[38;5;86m[HTTP]&amp#27;[0m &amp#27;[37m-->&amp#27;[39m &amp#27;[37mPOST&amp#27;[39m &amp#27;[37m/session/75895e03-7749-47e3-bc13-bf90a3ed7962/execute/sync&amp#27;[39m {"script":"return (function(arg){\nvar s=function(){\"use strict\";function t(t){return t&&t.__esModule&&Object.prototype.hasOwnProperty.call(t,\"default\")?t.default:t}var e=function(t){var e=(void 0===t?[]:t)[0],n=\"\",r=e.ownerDocument;if(!r)return n;for(var o=e;o!==r;){var a=Array.prototype.filter.call(o.parentNode.childNodes,(function(t){return t.tagName===o.tagName})).indexOf(o);n=\"/\"+o.tagName+\"[\"+(a+1)+\"]\"+n,o=o.parentNode}return n};return t((function(){var t,n,r;try{t=window.top.document===window.document||\"root-context\"===window.parent.document[\"applitools-marker\"]}catch(e){t=!1}try{n=!window.parent.document===window.document}catch(t){n=!0}if(!n)try{r=e([window.frameElement])}catch(t){r=null}return[document.documentElement,r,t,n]}))}();\nreturn s(arg)\n}).apply(null, arguments)","args":[null]}
&amp#27;[38;5;66m[75895e03]&amp#27;[0m&amp#27;[38;5;112m[AndroidUiautomator2Driver@b341 (75895e03)]&amp#27;[0m Calling AppiumDriver.execute() with args: ["return (function(arg){\nvar s=function(){\"use strict\";function t(t){return t&&t.__esModule&&Object.prototype.hasOwnProperty.call(t,\"default\")?t.default:t}var e=function(t){var e=(void 0===t?[]:t)[0],n=\"\",r=e.ownerDocument;if(!r)return n;for(var o=e;o!==r;){var a=Array.prototype.filter.call(o.parentNode.childNodes,(function(t){return t.tagName===o.tagName})).indexOf(o);n=\"/\"+o.tagName+\"[\"+(a+1)+\"]\"+n,o=o.parentNode}return n};return t((function(){var t,n,r;try{t=window.top.document===window.document||\"root-context\"===window.parent.document[\"applitools-marker\"]}catch(e){t=!1}try{n=!window.parent.document===window.document}catch(t){n=!0}if(!n)try{r=e([window.frameElement])}catch(t){r=null}return[document.documentElement,r,t,n]}))}();\nreturn s(arg)\n}).apply(null, arguments)",[null],"75895e03-7749-47e3-bc13-bf90a3ed7962"]
&amp#27;[38;5;66m[75895e03]&amp#27;[0m&amp#27;[38;5;112m[AndroidUiautomator2Driver@b341 (75895e03)]&amp#27;[0m Encountered internal error running command: UnknownCommandError: Unknown mobile command "return (function(arg){
&amp#27;[38;5;66m[75895e03]&amp#27;[0m&amp#27;[38;5;112m[AndroidUiautomator2Driver@b341 (75895e03)]&amp#27;[0m var s=function(){"use strict";function t(t){return t&&t.__esModule&&Object.prototype.hasOwnProperty.call(t,"default")?t.default:t}var e=function(t){var e=(void 0===t?[]:t)[0],n="",r=e.ownerDocument;if(!r)return n;for(var o=e;o!==r;){var a=Array.prototype.filter.call(o.parentNode.childNodes,(function(t){return t.tagName===o.tagName})).indexOf(o);n="/"+o.tagName+"["+(a+1)+"]"+n,o=o.parentNode}return n};return t((function(){var t,n,r;try{t=window.top.document===window.document||"root-context"===window.parent.document["applitools-marker"]}catch(e){t=!1}try{n=!window.parent.document===window.document}catch(t){n=!0}if(!n)try{r=e([window.frameElement])}catch(t){r=null}return[document.documentElement,r,t,n]}))}();
&amp#27;[38;5;66m[75895e03]&amp#27;[0m&amp#27;[38;5;112m[AndroidUiautomator2Driver@b341 (75895e03)]&amp#27;[0m return s(arg)
&amp#27;[38;5;66m[75895e03]&amp#27;[0m&amp#27;[38;5;112m[AndroidUiautomator2Driver@b341 (75895e03)]&amp#27;[0m }).apply(null, arguments)". Only shell, execEmuConsoleCommand, dragGesture, flingGesture, doubleClickGesture, clickGesture, longClickGesture, pinchCloseGesture, pinchOpenGesture, swipeGesture, scrollGesture, scrollBackTo, scroll, viewportScreenshot, viewportRect, deepLink, startLogsBroadcast, stopLogsBroadcast, deviceidle, acceptAlert, dismissAlert, batteryInfo, deviceInfo, getDeviceTime, changePermissions, getPermissions, performEditorAction, startScreenStreaming, stopScreenStreaming, getNotifications, openNotifications, listSms, type, replaceElementValue, pushFile, pullFile, pullFolder, deleteFile, isAppInstalled, queryAppState, activateApp, removeApp, terminateApp, installApp, clearApp, backgroundApp, getCurrentActivity, getCurrentPackage, startActivity, startService, stopService, broadcast, getContexts, getAppStrings, installMultipleApks, lock, unlock, isLocked, refreshGpsCache, startMediaProjectionRecording, isMediaProjectionRecordingRunning, stopMediaProjectionRecording, getConnectivity, setConnectivity, toggleGps, isGpsEnabled, hideKeyboard, isKeyboardShown, pressKey, getDisplayDensity, getSystemBars, fingerprint, sendSms, gsmCall, gsmSignal, gsmVoice, powerAc, powerCapacity, networkSpeed, sensorSet, getPerformanceData, getPerformanceDataTypes, statusBar, screenshots, scheduleAction, getActionHistory, unscheduleAction, getUiMode, setUiMode, sendTrimMemory commands are supported.
&amp#27;[38;5;66m[75895e03]&amp#27;[0m&amp#27;[38;5;112m[AndroidUiautomator2Driver@b341 (75895e03)]&amp#27;[0m     at AndroidUiautomator2Driver.executeMobile (/Users/oikhlas/.appium/node_modules/appium-uiautomator2-driver/lib/commands/execute.js:56:11)
&amp#27;[38;5;66m[75895e03]&amp#27;[0m&amp#27;[38;5;112m[AndroidUiautomator2Driver@b341 (75895e03)]&amp#27;[0m     at AndroidUiautomator2Driver.execute (/Users/oikhlas/.appium/node_modules/appium-uiautomator2-driver/lib/commands/execute.js:27:23)
&amp#27;[38;5;66m[75895e03]&amp#27;[0m&amp#27;[38;5;112m[AndroidUiautomator2Driver@b341 (75895e03)]&amp#27;[0m     at commandExecutor (/Users/oikhlas/node_modules/@appium/base-driver/lib/basedriver/driver.ts:107:18)
&amp#27;[38;5;66m[75895e03]&amp#27;[0m&amp#27;[38;5;112m[AndroidUiautomator2Driver@b341 (75895e03)]&amp#27;[0m     at /Users/oikhlas/node_modules/async-lock/lib/index.js:171:12
&amp#27;[38;5;66m[75895e03]&amp#27;[0m&amp#27;[38;5;112m[AndroidUiautomator2Driver@b341 (75895e03)]&amp#27;[0m     at AsyncLock._promiseTry (/Users/oikhlas/node_modules/async-lock/lib/index.js:304:31)
&amp#27;[38;5;66m[75895e03]&amp#27;[0m&amp#27;[38;5;112m[AndroidUiautomator2Driver@b341 (75895e03)]&amp#27;[0m     at exec (/Users/oikhlas/node_modules/async-lock/lib/index.js:170:9)
&amp#27;[38;5;66m[75895e03]&amp#27;[0m&amp#27;[38;5;112m[AndroidUiautomator2Driver@b341 (75895e03)]&amp#27;[0m     at AsyncLock.acquire (/Users/oikhlas/node_modules/async-lock/lib/index.js:187:3)
&amp#27;[38;5;66m[75895e03]&amp#27;[0m&amp#27;[38;5;112m[AndroidUiautomator2Driver@b341 (75895e03)]&amp#27;[0m     at AndroidUiautomator2Driver.executeCommand (/Users/oikhlas/node_modules/@appium/base-driver/lib/basedriver/driver.ts:123:39)
&amp#27;[38;5;66m[75895e03]&amp#27;[0m&amp#27;[38;5;112m[AndroidUiautomator2Driver@b341 (75895e03)]&amp#27;[0m     at processTicksAndRejections (node:internal/process/task_queues:95:5)
&amp#27;[38;5;66m[75895e03]&amp#27;[0m&amp#27;[38;5;112m[AndroidUiautomator2Driver@b341 (75895e03)]&amp#27;[0m     at defaultBehavior (/Users/oikhlas/.nvm/versions/node/v18.16.1/lib/node_modules/appium/lib/appium.js:1135:14)
&amp#27;[38;5;66m[75895e03]&amp#27;[0m&amp#27;[38;5;112m[AndroidUiautomator2Driver@b341 (75895e03)]&amp#27;[0m     at AppiumDriver.executeWrappedCommand (/Users/oikhlas/.nvm/versions/node/v18.16.1/lib/node_modules/appium/lib/appium.js:1241:16)
&amp#27;[38;5;66m[75895e03]&amp#27;[0m&amp#27;[38;5;112m[AndroidUiautomator2Driver@b341 (75895e03)]&amp#27;[0m     at AppiumDriver.executeCommand (/Users/oikhlas/.nvm/versions/node/v18.16.1/lib/node_modules/appium/lib/appium.js:1147:17)
&amp#27;[38;5;66m[75895e03]&amp#27;[0m&amp#27;[38;5;112m[AndroidUiautomator2Driver@b341 (75895e03)]&amp#27;[0m     at asyncHandler (/Users/oikhlas/.nvm/versions/node/v18.16.1/lib/node_modules/appium/node_modules/@appium/base-driver/lib/protocol/protocol.js:387:19)
&amp#27;[38;5;66m[75895e03]&amp#27;[0m&amp#27;[38;5;86m[HTTP]&amp#27;[0m <-- POST /session/75895e03-7749-47e3-bc13-bf90a3ed7962/execute/sync 404 3 ms - 5939 
&amp#27;[38;5;66m[75895e03]&amp#27;[0m&amp#27;[38;5;86m[HTTP]&amp#27;[0m &amp#27;[37m-->&amp#27;[39m &amp#27;[37mPOST&amp#27;[39m &amp#27;[37m/session/75895e03-7749-47e3-bc13-bf90a3ed7962/execute/sync&amp#27;[39m {"script":"return (function(arg){\nvar s=function(){\"use strict\";function t(t){return t&&t.__esModule&&Object.prototype.hasOwnProperty.call(t,\"default\")?t.default:t}var e=function(t){var e=(void 0===t?[]:t)[0],n=\"\",r=e.ownerDocument;if(!r)return n;for(var o=e;o!==r;){var a=Array.prototype.filter.call(o.parentNode.childNodes,(function(t){return t.tagName===o.tagName})).indexOf(o);n=\"/\"+o.tagName+\"[\"+(a+1)+\"]\"+n,o=o.parentNode}return n};return t((function(){var t,n,r;try{t=window.top.document===window.document||\"root-context\"===window.parent.document[\"applitools-marker\"]}catch(e){t=!1}try{n=!window.parent.document===window.document}catch(t){n=!0}if(!n)try{r=e([window.frameElement])}catch(t){r=null}return[document.documentElement,r,t,n]}))}();\nreturn s(arg)\n}).apply(null, arguments)","args":[null]}
&amp#27;[38;5;66m[75895e03]&amp#27;[0m&amp#27;[38;5;112m[AndroidUiautomator2Driver@b341 (75895e03)]&amp#27;[0m Calling AppiumDriver.execute() with args: ["return (function(arg){\nvar s=function(){\"use strict\";function t(t){return t&&t.__esModule&&Object.prototype.hasOwnProperty.call(t,\"default\")?t.default:t}var e=function(t){var e=(void 0===t?[]:t)[0],n=\"\",r=e.ownerDocument;if(!r)return n;for(var o=e;o!==r;){var a=Array.prototype.filter.call(o.parentNode.childNodes,(function(t){return t.tagName===o.tagName})).indexOf(o);n=\"/\"+o.tagName+\"[\"+(a+1)+\"]\"+n,o=o.parentNode}return n};return t((function(){var t,n,r;try{t=window.top.document===window.document||\"root-context\"===window.parent.document[\"applitools-marker\"]}catch(e){t=!1}try{n=!window.parent.document===window.document}catch(t){n=!0}if(!n)try{r=e([window.frameElement])}catch(t){r=null}return[document.documentElement,r,t,n]}))}();\nreturn s(arg)\n}).apply(null, arguments)",[null],"75895e03-7749-47e3-bc13-bf90a3ed7962"]
&amp#27;[38;5;66m[75895e03]&amp#27;[0m&amp#27;[38;5;112m[AndroidUiautomator2Driver@b341 (75895e03)]&amp#27;[0m Encountered internal error running command: UnknownCommandError: Unknown mobile command "return (function(arg){
&amp#27;[38;5;66m[75895e03]&amp#27;[0m&amp#27;[38;5;112m[AndroidUiautomator2Driver@b341 (75895e03)]&amp#27;[0m var s=function(){"use strict";function t(t){return t&&t.__esModule&&Object.prototype.hasOwnProperty.call(t,"default")?t.default:t}var e=function(t){var e=(void 0===t?[]:t)[0],n="",r=e.ownerDocument;if(!r)return n;for(var o=e;o!==r;){var a=Array.prototype.filter.call(o.parentNode.childNodes,(function(t){return t.tagName===o.tagName})).indexOf(o);n="/"+o.tagName+"["+(a+1)+"]"+n,o=o.parentNode}return n};return t((function(){var t,n,r;try{t=window.top.document===window.document||"root-context"===window.parent.document["applitools-marker"]}catch(e){t=!1}try{n=!window.parent.document===window.document}catch(t){n=!0}if(!n)try{r=e([window.frameElement])}catch(t){r=null}return[document.documentElement,r,t,n]}))}();
&amp#27;[38;5;66m[75895e03]&amp#27;[0m&amp#27;[38;5;112m[AndroidUiautomator2Driver@b341 (75895e03)]&amp#27;[0m return s(arg)
&amp#27;[38;5;66m[75895e03]&amp#27;[0m&amp#27;[38;5;112m[AndroidUiautomator2Driver@b341 (75895e03)]&amp#27;[0m }).apply(null, arguments)". Only shell, execEmuConsoleCommand, dragGesture, flingGesture, doubleClickGesture, clickGesture, longClickGesture, pinchCloseGesture, pinchOpenGesture, swipeGesture, scrollGesture, scrollBackTo, scroll, viewportScreenshot, viewportRect, deepLink, startLogsBroadcast, stopLogsBroadcast, deviceidle, acceptAlert, dismissAlert, batteryInfo, deviceInfo, getDeviceTime, changePermissions, getPermissions, performEditorAction, startScreenStreaming, stopScreenStreaming, getNotifications, openNotifications, listSms, type, replaceElementValue, pushFile, pullFile, pullFolder, deleteFile, isAppInstalled, queryAppState, activateApp, removeApp, terminateApp, installApp, clearApp, backgroundApp, getCurrentActivity, getCurrentPackage, startActivity, startService, stopService, broadcast, getContexts, getAppStrings, installMultipleApks, lock, unlock, isLocked, refreshGpsCache, startMediaProjectionRecording, isMediaProjectionRecordingRunning, stopMediaProjectionRecording, getConnectivity, setConnectivity, toggleGps, isGpsEnabled, hideKeyboard, isKeyboardShown, pressKey, getDisplayDensity, getSystemBars, fingerprint, sendSms, gsmCall, gsmSignal, gsmVoice, powerAc, powerCapacity, networkSpeed, sensorSet, getPerformanceData, getPerformanceDataTypes, statusBar, screenshots, scheduleAction, getActionHistory, unscheduleAction, getUiMode, setUiMode, sendTrimMemory commands are supported.
&amp#27;[38;5;66m[75895e03]&amp#27;[0m&amp#27;[38;5;112m[AndroidUiautomator2Driver@b341 (75895e03)]&amp#27;[0m     at AndroidUiautomator2Driver.executeMobile (/Users/oikhlas/.appium/node_modules/appium-uiautomator2-driver/lib/commands/execute.js:56:11)
&amp#27;[38;5;66m[75895e03]&amp#27;[0m&amp#27;[38;5;112m[AndroidUiautomator2Driver@b341 (75895e03)]&amp#27;[0m     at AndroidUiautomator2Driver.execute (/Users/oikhlas/.appium/node_modules/appium-uiautomator2-driver/lib/commands/execute.js:27:23)
&amp#27;[38;5;66m[75895e03]&amp#27;[0m&amp#27;[38;5;112m[AndroidUiautomator2Driver@b341 (75895e03)]&amp#27;[0m     at commandExecutor (/Users/oikhlas/node_modules/@appium/base-driver/lib/basedriver/driver.ts:107:18)
&amp#27;[38;5;66m[75895e03]&amp#27;[0m&amp#27;[38;5;112m[AndroidUiautomator2Driver@b341 (75895e03)]&amp#27;[0m     at /Users/oikhlas/node_modules/async-lock/lib/index.js:171:12
&amp#27;[38;5;66m[75895e03]&amp#27;[0m&amp#27;[38;5;112m[AndroidUiautomator2Driver@b341 (75895e03)]&amp#27;[0m     at AsyncLock._promiseTry (/Users/oikhlas/node_modules/async-lock/lib/index.js:304:31)
&amp#27;[38;5;66m[75895e03]&amp#27;[0m&amp#27;[38;5;112m[AndroidUiautomator2Driver@b341 (75895e03)]&amp#27;[0m     at exec (/Users/oikhlas/node_modules/async-lock/lib/index.js:170:9)
&amp#27;[38;5;66m[75895e03]&amp#27;[0m&amp#27;[38;5;112m[AndroidUiautomator2Driver@b341 (75895e03)]&amp#27;[0m     at AsyncLock.acquire (/Users/oikhlas/node_modules/async-lock/lib/index.js:187:3)
&amp#27;[38;5;66m[75895e03]&amp#27;[0m&amp#27;[38;5;112m[AndroidUiautomator2Driver@b341 (75895e03)]&amp#27;[0m     at AndroidUiautomator2Driver.executeCommand (/Users/oikhlas/node_modules/@appium/base-driver/lib/basedriver/driver.ts:123:39)
&amp#27;[38;5;66m[75895e03]&amp#27;[0m&amp#27;[38;5;112m[AndroidUiautomator2Driver@b341 (75895e03)]&amp#27;[0m     at processTicksAndRejections (node:internal/process/task_queues:95:5)
&amp#27;[38;5;66m[75895e03]&amp#27;[0m&amp#27;[38;5;112m[AndroidUiautomator2Driver@b341 (75895e03)]&amp#27;[0m     at defaultBehavior (/Users/oikhlas/.nvm/versions/node/v18.16.1/lib/node_modules/appium/lib/appium.js:1135:14)
&amp#27;[38;5;66m[75895e03]&amp#27;[0m&amp#27;[38;5;112m[AndroidUiautomator2Driver@b341 (75895e03)]&amp#27;[0m     at AppiumDriver.executeWrappedCommand (/Users/oikhlas/.nvm/versions/node/v18.16.1/lib/node_modules/appium/lib/appium.js:1241:16)
&amp#27;[38;5;66m[75895e03]&amp#27;[0m&amp#27;[38;5;112m[AndroidUiautomator2Driver@b341 (75895e03)]&amp#27;[0m     at AppiumDriver.executeCommand (/Users/oikhlas/.nvm/versions/node/v18.16.1/lib/node_modules/appium/lib/appium.js:1147:17)
&amp#27;[38;5;66m[75895e03]&amp#27;[0m&amp#27;[38;5;112m[AndroidUiautomator2Driver@b341 (75895e03)]&amp#27;[0m     at asyncHandler (/Users/oikhlas/.nvm/versions/node/v18.16.1/lib/node_modules/appium/node_modules/@appium/base-driver/lib/protocol/protocol.js:387:19)
&amp#27;[38;5;66m[75895e03]&amp#27;[0m&amp#27;[38;5;86m[HTTP]&amp#27;[0m <-- POST /session/75895e03-7749-47e3-bc13-bf90a3ed7962/execute/sync 404 3 ms - 5939 
&amp#27;[38;5;66m[75895e03]&amp#27;[0m&amp#27;[38;5;86m[HTTP]&amp#27;[0m &amp#27;[37m-->&amp#27;[39m &amp#27;[37mGET&amp#27;[39m &amp#27;[37m/session/75895e03-7749-47e3-bc13-bf90a3ed7962/context&amp#27;[39m {}
&amp#27;[38;5;66m[75895e03]&amp#27;[0m&amp#27;[38;5;112m[AndroidUiautomator2Driver@b341 (75895e03)]&amp#27;[0m Calling AppiumDriver.getCurrentContext() with args: ["75895e03-7749-47e3-bc13-bf90a3ed7962"]
&amp#27;[38;5;66m[75895e03]&amp#27;[0m&amp#27;[38;5;112m[AndroidUiautomator2Driver@b341 (75895e03)]&amp#27;[0m Responding to client with driver.getCurrentContext() result: "NATIVE_APP"
&amp#27;[38;5;66m[75895e03]&amp#27;[0m&amp#27;[38;5;86m[HTTP]&amp#27;[0m <-- GET /session/75895e03-7749-47e3-bc13-bf90a3ed7962/context 200 1 ms - 22 
&amp#27;[38;5;66m[75895e03]&amp#27;[0m&amp#27;[38;5;86m[HTTP]&amp#27;[0m &amp#27;[37m-->&amp#27;[39m &amp#27;[37mPOST&amp#27;[39m &amp#27;[37m/session/75895e03-7749-47e3-bc13-bf90a3ed7962/element&amp#27;[39m {"using":"xpath","value":"//*[@scrollable=\"true\"]"}
&amp#27;[38;5;66m[75895e03]&amp#27;[0m&amp#27;[38;5;112m[AndroidUiautomator2Driver@b341 (75895e03)]&amp#27;[0m Calling AppiumDriver.findElement() with args: ["xpath","//*[@scrollable=\"true\"]","75895e03-7749-47e3-bc13-bf90a3ed7962"]
&amp#27;[38;5;66m[75895e03]&amp#27;[0m&amp#27;[38;5;112m[AndroidUiautomator2Driver@b341 (75895e03)]&amp#27;[0m Valid locator strategies for this request: xpath, id, class name, accessibility id, css selector, -android uiautomator
&amp#27;[38;5;66m[75895e03]&amp#27;[0m&amp#27;[38;5;112m[AndroidUiautomator2Driver@b341 (75895e03)]&amp#27;[0m Waiting up to 20000 ms for condition
&amp#27;[38;5;66m[75895e03]&amp#27;[0m&amp#27;[38;5;112m[AndroidUiautomator2Driver@b341 (75895e03)]&amp#27;[0m Matched '/element' to command name 'findElement'
&amp#27;[38;5;66m[75895e03]&amp#27;[0m&amp#27;[38;5;112m[AndroidUiautomator2Driver@b341 (75895e03)]&amp#27;[0m Proxying [POST /element] to [POST http://127.0.0.1:8200/session/9a29d941-f2de-44a0-9e8c-b573902f2815/element] with body: {"strategy":"-android uiautomator","selector":"new UiSelector().scrollable(true)","context":"","multiple":false}
&amp#27;[38;5;66m[75895e03]&amp#27;[0m&amp#27;[38;5;112m[AndroidUiautomator2Driver@b341 (75895e03)]&amp#27;[0m Got response with status 200: {"sessionId":"9a29d941-f2de-44a0-9e8c-b573902f2815","value":{"ELEMENT":"00000000-0000-0033-ffff-ffff00000047","element-6066-11e4-a52e-4f735466cecf":"00000000-0000-0033-ffff-ffff00000047"}}
&amp#27;[38;5;66m[75895e03]&amp#27;[0m&amp#27;[38;5;112m[AndroidUiautomator2Driver@b341 (75895e03)]&amp#27;[0m Responding to client with driver.findElement() result: {"element-6066-11e4-a52e-4f735466cecf":"00000000-0000-0033-ffff-ffff00000047","ELEMENT":"00000000-0000-0033-ffff-ffff00000047"}
&amp#27;[38;5;66m[75895e03]&amp#27;[0m&amp#27;[38;5;86m[HTTP]&amp#27;[0m <-- POST /session/75895e03-7749-47e3-bc13-bf90a3ed7962/element 200 64 ms - 137 
&amp#27;[38;5;66m[75895e03]&amp#27;[0m&amp#27;[38;5;86m[HTTP]&amp#27;[0m &amp#27;[37m-->&amp#27;[39m &amp#27;[37mGET&amp#27;[39m &amp#27;[37m/session/75895e03-7749-47e3-bc13-bf90a3ed7962/element/00000000-0000-0033-ffff-ffff00000047/attribute/className&amp#27;[39m {}
&amp#27;[38;5;66m[75895e03]&amp#27;[0m&amp#27;[38;5;112m[AndroidUiautomator2Driver@b341 (75895e03)]&amp#27;[0m Calling AppiumDriver.getAttribute() with args: ["className","00000000-0000-0033-ffff-ffff00000047","75895e03-7749-47e3-bc13-bf90a3ed7962"]
&amp#27;[38;5;66m[75895e03]&amp#27;[0m&amp#27;[38;5;112m[AndroidUiautomator2Driver@b341 (75895e03)]&amp#27;[0m Matched '/element/00000000-0000-0033-ffff-ffff00000047/attribute/className' to command name 'getAttribute'
&amp#27;[38;5;66m[75895e03]&amp#27;[0m&amp#27;[38;5;112m[AndroidUiautomator2Driver@b341 (75895e03)]&amp#27;[0m Proxying [GET /element/00000000-0000-0033-ffff-ffff00000047/attribute/className] to [GET http://127.0.0.1:8200/session/9a29d941-f2de-44a0-9e8c-b573902f2815/element/00000000-0000-0033-ffff-ffff00000047/attribute/className] with no body
&amp#27;[38;5;66m[75895e03]&amp#27;[0m&amp#27;[38;5;112m[AndroidUiautomator2Driver@b341 (75895e03)]&amp#27;[0m Got response with status 200: {"sessionId":"9a29d941-f2de-44a0-9e8c-b573902f2815","value":"android.support.v7.widget.RecyclerView"}
&amp#27;[38;5;66m[75895e03]&amp#27;[0m&amp#27;[38;5;112m[AndroidUiautomator2Driver@b341 (75895e03)]&amp#27;[0m Responding to client with driver.getAttribute() result: "android.support.v7.widget.RecyclerView"
&amp#27;[38;5;66m[75895e03]&amp#27;[0m&amp#27;[38;5;86m[HTTP]&amp#27;[0m <-- GET /session/75895e03-7749-47e3-bc13-bf90a3ed7962/element/00000000-0000-0033-ffff-ffff00000047/attribute/className 200 26 ms - 50 
&amp#27;[38;5;66m[75895e03]&amp#27;[0m&amp#27;[38;5;86m[HTTP]&amp#27;[0m &amp#27;[37m-->&amp#27;[39m &amp#27;[37mPOST&amp#27;[39m &amp#27;[37m/session/75895e03-7749-47e3-bc13-bf90a3ed7962/execute/sync&amp#27;[39m {"script":"mobile:shell","args":[{"command":"dumpsys window | grep 'mCurrentRotation' | cut -d = -f2"}]}
&amp#27;[38;5;66m[75895e03]&amp#27;[0m&amp#27;[38;5;112m[AndroidUiautomator2Driver@b341 (75895e03)]&amp#27;[0m Calling AppiumDriver.execute() with args: ["mobile:shell",[{"command":"dumpsys window | grep 'mCurrentRotation' | cut -d = -f2"}],"75895e03-7749-47e3-bc13-bf90a3ed7962"]
&amp#27;[38;5;66m[75895e03]&amp#27;[0m&amp#27;[38;5;112m[AndroidUiautomator2Driver@b341 (75895e03)]&amp#27;[0m Executing method 'mobile: shell'
&amp#27;[38;5;66m[75895e03]&amp#27;[0m&amp#27;[38;5;112m[AndroidUiautomator2Driver@b341 (75895e03)]&amp#27;[0m Encountered internal error running command: Error: Potentially insecure feature 'adb_shell' has not been enabled. If you want to enable this feature and accept the security ramifications, please do so by following the documented instructions at https://github.com/appium/appium/blob/master/docs/en/writing-running-appium/security.md
&amp#27;[38;5;66m[75895e03]&amp#27;[0m&amp#27;[38;5;112m[AndroidUiautomator2Driver@b341 (75895e03)]&amp#27;[0m     at AndroidUiautomator2Driver.assertFeatureEnabled (/Users/oikhlas/node_modules/@appium/base-driver/lib/basedriver/core.ts:292:13)
&amp#27;[38;5;66m[75895e03]&amp#27;[0m&amp#27;[38;5;112m[AndroidUiautomator2Driver@b341 (75895e03)]&amp#27;[0m     at AndroidUiautomator2Driver.ensureFeatureEnabled (/Users/oikhlas/node_modules/@appium/base-driver/lib/basedriver/core.ts:281:10)
&amp#27;[38;5;66m[75895e03]&amp#27;[0m&amp#27;[38;5;112m[AndroidUiautomator2Driver@b341 (75895e03)]&amp#27;[0m     at AndroidUiautomator2Driver.mobileShell (/Users/oikhlas/.appium/node_modules/appium-uiautomator2-driver/node_modules/appium-android-driver/lib/commands/shell.js:13:8)
&amp#27;[38;5;66m[75895e03]&amp#27;[0m&amp#27;[38;5;112m[AndroidUiautomator2Driver@b341 (75895e03)]&amp#27;[0m     at AndroidUiautomator2Driver.executeMobile (/Users/oikhlas/.appium/node_modules/appium-uiautomator2-driver/lib/commands/execute.js:66:82)
&amp#27;[38;5;66m[75895e03]&amp#27;[0m&amp#27;[38;5;112m[AndroidUiautomator2Driver@b341 (75895e03)]&amp#27;[0m     at AndroidUiautomator2Driver.execute (/Users/oikhlas/.appium/node_modules/appium-uiautomator2-driver/lib/commands/execute.js:24:25)
&amp#27;[38;5;66m[75895e03]&amp#27;[0m&amp#27;[38;5;112m[AndroidUiautomator2Driver@b341 (75895e03)]&amp#27;[0m     at commandExecutor (/Users/oikhlas/node_modules/@appium/base-driver/lib/basedriver/driver.ts:107:18)
&amp#27;[38;5;66m[75895e03]&amp#27;[0m&amp#27;[38;5;112m[AndroidUiautomator2Driver@b341 (75895e03)]&amp#27;[0m     at /Users/oikhlas/node_modules/async-lock/lib/index.js:171:12
&amp#27;[38;5;66m[75895e03]&amp#27;[0m&amp#27;[38;5;112m[AndroidUiautomator2Driver@b341 (75895e03)]&amp#27;[0m     at AsyncLock._promiseTry (/Users/oikhlas/node_modules/async-lock/lib/index.js:304:31)
&amp#27;[38;5;66m[75895e03]&amp#27;[0m&amp#27;[38;5;112m[AndroidUiautomator2Driver@b341 (75895e03)]&amp#27;[0m     at exec (/Users/oikhlas/node_modules/async-lock/lib/index.js:170:9)
&amp#27;[38;5;66m[75895e03]&amp#27;[0m&amp#27;[38;5;112m[AndroidUiautomator2Driver@b341 (75895e03)]&amp#27;[0m     at AsyncLock.acquire (/Users/oikhlas/node_modules/async-lock/lib/index.js:187:3)
&amp#27;[38;5;66m[75895e03]&amp#27;[0m&amp#27;[38;5;112m[AndroidUiautomator2Driver@b341 (75895e03)]&amp#27;[0m     at AndroidUiautomator2Driver.executeCommand (/Users/oikhlas/node_modules/@appium/base-driver/lib/basedriver/driver.ts:123:39)
&amp#27;[38;5;66m[75895e03]&amp#27;[0m&amp#27;[38;5;112m[AndroidUiautomator2Driver@b341 (75895e03)]&amp#27;[0m     at processTicksAndRejections (node:internal/process/task_queues:95:5)
&amp#27;[38;5;66m[75895e03]&amp#27;[0m&amp#27;[38;5;112m[AndroidUiautomator2Driver@b341 (75895e03)]&amp#27;[0m     at defaultBehavior (/Users/oikhlas/.nvm/versions/node/v18.16.1/lib/node_modules/appium/lib/appium.js:1135:14)
&amp#27;[38;5;66m[75895e03]&amp#27;[0m&amp#27;[38;5;112m[AndroidUiautomator2Driver@b341 (75895e03)]&amp#27;[0m     at AppiumDriver.executeWrappedCommand (/Users/oikhlas/.nvm/versions/node/v18.16.1/lib/node_modules/appium/lib/appium.js:1241:16)
&amp#27;[38;5;66m[75895e03]&amp#27;[0m&amp#27;[38;5;112m[AndroidUiautomator2Driver@b341 (75895e03)]&amp#27;[0m     at AppiumDriver.executeCommand (/Users/oikhlas/.nvm/versions/node/v18.16.1/lib/node_modules/appium/lib/appium.js:1147:17)
&amp#27;[38;5;66m[75895e03]&amp#27;[0m&amp#27;[38;5;112m[AndroidUiautomator2Driver@b341 (75895e03)]&amp#27;[0m     at asyncHandler (/Users/oikhlas/.nvm/versions/node/v18.16.1/lib/node_modules/appium/node_modules/@appium/base-driver/lib/protocol/protocol.js:387:19)
&amp#27;[38;5;66m[75895e03]&amp#27;[0m&amp#27;[38;5;86m[HTTP]&amp#27;[0m <-- POST /session/75895e03-7749-47e3-bc13-bf90a3ed7962/execute/sync 500 6 ms - 1126 
&amp#27;[38;5;66m[75895e03]&amp#27;[0m&amp#27;[38;5;86m[HTTP]&amp#27;[0m &amp#27;[37m-->&amp#27;[39m &amp#27;[37mGET&amp#27;[39m &amp#27;[37m/session/75895e03-7749-47e3-bc13-bf90a3ed7962/orientation&amp#27;[39m {}
&amp#27;[38;5;66m[75895e03]&amp#27;[0m&amp#27;[38;5;112m[AndroidUiautomator2Driver@b341 (75895e03)]&amp#27;[0m Driver proxy active, passing request on via HTTP proxy
&amp#27;[38;5;66m[75895e03]&amp#27;[0m&amp#27;[38;5;112m[AndroidUiautomator2Driver@b341 (75895e03)]&amp#27;[0m Matched '/session/75895e03-7749-47e3-bc13-bf90a3ed7962/orientation' to command name 'getOrientation'
&amp#27;[38;5;66m[75895e03]&amp#27;[0m&amp#27;[38;5;112m[AndroidUiautomator2Driver@b341 (75895e03)]&amp#27;[0m Proxying [GET /session/75895e03-7749-47e3-bc13-bf90a3ed7962/orientation] to [GET http://127.0.0.1:8200/session/9a29d941-f2de-44a0-9e8c-b573902f2815/orientation] with no body
&amp#27;[38;5;66m[75895e03]&amp#27;[0m&amp#27;[38;5;112m[AndroidUiautomator2Driver@b341 (75895e03)]&amp#27;[0m Got response with status 200: {"sessionId":"9a29d941-f2de-44a0-9e8c-b573902f2815","value":"PORTRAIT"}
&amp#27;[38;5;66m[75895e03]&amp#27;[0m&amp#27;[38;5;112m[AndroidUiautomator2Driver@b341 (75895e03)]&amp#27;[0m Replacing sessionId 9a29d941-f2de-44a0-9e8c-b573902f2815 with 75895e03-7749-47e3-bc13-bf90a3ed7962
&amp#27;[38;5;66m[75895e03]&amp#27;[0m&amp#27;[38;5;86m[HTTP]&amp#27;[0m <-- GET /session/75895e03-7749-47e3-bc13-bf90a3ed7962/orientation 200 15 ms - 71 
&amp#27;[38;5;66m[75895e03]&amp#27;[0m&amp#27;[38;5;86m[HTTP]&amp#27;[0m &amp#27;[37m-->&amp#27;[39m &amp#27;[37mGET&amp#27;[39m &amp#27;[37m/session/75895e03-7749-47e3-bc13-bf90a3ed7962/window/rect&amp#27;[39m {}
&amp#27;[38;5;66m[75895e03]&amp#27;[0m&amp#27;[38;5;112m[AndroidUiautomator2Driver@b341 (75895e03)]&amp#27;[0m Calling AppiumDriver.getWindowRect() with args: ["75895e03-7749-47e3-bc13-bf90a3ed7962"]
&amp#27;[38;5;66m[75895e03]&amp#27;[0m&amp#27;[38;5;112m[AndroidUiautomator2Driver@b341 (75895e03)]&amp#27;[0m Matched '/window/current/size' to command name 'getWindowSize'
&amp#27;[38;5;66m[75895e03]&amp#27;[0m&amp#27;[38;5;112m[AndroidUiautomator2Driver@b341 (75895e03)]&amp#27;[0m Proxying [GET /window/current/size] to [GET http://127.0.0.1:8200/session/9a29d941-f2de-44a0-9e8c-b573902f2815/window/current/size] with no body
&amp#27;[38;5;66m[75895e03]&amp#27;[0m&amp#27;[38;5;112m[AndroidUiautomator2Driver@b341 (75895e03)]&amp#27;[0m Got response with status 200: {"sessionId":"9a29d941-f2de-44a0-9e8c-b573902f2815","value":{"height":2880,"width":1440}}
&amp#27;[38;5;66m[75895e03]&amp#27;[0m&amp#27;[38;5;112m[AndroidUiautomator2Driver@b341 (75895e03)]&amp#27;[0m Responding to client with driver.getWindowRect() result: {"width":1440,"height":2880,"x":0,"y":0}
&amp#27;[38;5;66m[75895e03]&amp#27;[0m&amp#27;[38;5;86m[HTTP]&amp#27;[0m <-- GET /session/75895e03-7749-47e3-bc13-bf90a3ed7962/window/rect 200 13 ms - 50 
&amp#27;[38;5;66m[75895e03]&amp#27;[0m&amp#27;[38;5;86m[HTTP]&amp#27;[0m &amp#27;[37m-->&amp#27;[39m &amp#27;[37mGET&amp#27;[39m &amp#27;[37m/session/75895e03-7749-47e3-bc13-bf90a3ed7962/appium/device/system_bars&amp#27;[39m {}
&amp#27;[38;5;66m[75895e03]&amp#27;[0m&amp#27;[38;5;112m[AndroidUiautomator2Driver@b341 (75895e03)]&amp#27;[0m Calling AppiumDriver.getSystemBars() with args: ["75895e03-7749-47e3-bc13-bf90a3ed7962"]
&amp#27;[38;5;66m[75895e03]&amp#27;[0m&amp#27;[38;5;229m[ADB]&amp#27;[0m Running '/users/oikhlas/Library/Android/sdk/platform-tools/adb -P 5037 -s emulator-5554 shell dumpsys window windows'
&amp#27;[38;5;66m[75895e03]&amp#27;[0m&amp#27;[38;5;112m[AndroidUiautomator2Driver@b341 (75895e03)]&amp#27;[0m Responding to client with driver.getSystemBars() result: {"navigationBar":{"visible":true,"x":0,"y":2712,"width":1440,"height":168},"statusBar":{"visible":true,"x":0,"y":0,"width":1440,"height":84}}
&amp#27;[38;5;66m[75895e03]&amp#27;[0m&amp#27;[38;5;86m[HTTP]&amp#27;[0m <-- GET /session/75895e03-7749-47e3-bc13-bf90a3ed7962/appium/device/system_bars 200 140 ms - 151 
&amp#27;[38;5;66m[75895e03]&amp#27;[0m&amp#27;[38;5;86m[HTTP]&amp#27;[0m &amp#27;[37m-->&amp#27;[39m &amp#27;[37mPOST&amp#27;[39m &amp#27;[37m/session/75895e03-7749-47e3-bc13-bf90a3ed7962/element&amp#27;[39m {"using":"xpath","value":"//*[@content-desc=\"EyesAppiumHelperEDT\"]"}
&amp#27;[38;5;66m[75895e03]&amp#27;[0m&amp#27;[38;5;112m[AndroidUiautomator2Driver@b341 (75895e03)]&amp#27;[0m Calling AppiumDriver.findElement() with args: ["xpath","//*[@content-desc=\"EyesAppiumHelperEDT\"]","75895e03-7749-47e3-bc13-bf90a3ed7962"]
&amp#27;[38;5;66m[75895e03]&amp#27;[0m&amp#27;[38;5;112m[AndroidUiautomator2Driver@b341 (75895e03)]&amp#27;[0m Valid locator strategies for this request: xpath, id, class name, accessibility id, css selector, -android uiautomator
&amp#27;[38;5;66m[75895e03]&amp#27;[0m&amp#27;[38;5;112m[AndroidUiautomator2Driver@b341 (75895e03)]&amp#27;[0m Waiting up to 20000 ms for condition
&amp#27;[38;5;66m[75895e03]&amp#27;[0m&amp#27;[38;5;112m[AndroidUiautomator2Driver@b341 (75895e03)]&amp#27;[0m Matched '/element' to command name 'findElement'
&amp#27;[38;5;66m[75895e03]&amp#27;[0m&amp#27;[38;5;112m[AndroidUiautomator2Driver@b341 (75895e03)]&amp#27;[0m Proxying [POST /element] to [POST http://127.0.0.1:8200/session/9a29d941-f2de-44a0-9e8c-b573902f2815/element] with body: {"strategy":"xpath","selector":"//*[@content-desc=\"EyesAppiumHelperEDT\"]","context":"","multiple":false}
&amp#27;[38;5;66m[75895e03]&amp#27;[0m&amp#27;[38;5;112m[AndroidUiautomator2Driver@b341 (75895e03)]&amp#27;[0m Got response with status 404: {"sessionId":"9a29d941-f2de-44a0-9e8c-b573902f2815","value":{"error":"no such element","message":"An element could not be located on the page using the given search parameters","stacktrace":"io.appium.uiautomator2.common.exceptions.ElementNotFoundException: An element could not be located on the page using the given search parameters\n\tat io.appium.uiautomator2.utils.ElementLocationHelpers.findElement(ElementLocationHelpers.java:156)\n\tat io.appium.uiautomator2.handler.FindElement.safeHandle(FindElement.java:60)\n\tat io.appium.uiautomator2.handler.request.SafeRequestHandler.handle(SafeRequestHandler.java:59)\n\tat io.appium.uiautomator2.server.AppiumServlet.handleRequest(AppiumServlet.java:277)\n\tat io.appium.uiautomator2.server.AppiumServlet.handleHttpRequest(AppiumServlet.java:271)\n\tat io.appium.uiautomator2.http.ServerHandler.channelRead(ServerHandler.java:77)\n\tat io.netty.channel.AbstractChannelHandlerContext.invokeChannelRead(AbstractChannelHandlerContext.java:366)\n\tat io.netty.channel.Abstr...
&amp#27;[38;5;66m[75895e03]&amp#27;[0m&amp#27;[38;5;123m[W3C]&amp#27;[0m Matched W3C error code 'no such element' to NoSuchElementError
&amp#27;[38;5;66m[75895e03]&amp#27;[0m&amp#27;[38;5;112m[AndroidUiautomator2Driver@b341 (75895e03)]&amp#27;[0m Waited for 152 ms so far
&amp#27;[38;5;66m[75895e03]&amp#27;[0m&amp#27;[38;5;112m[AndroidUiautomator2Driver@b341 (75895e03)]&amp#27;[0m Matched '/element' to command name 'findElement'
&amp#27;[38;5;66m[75895e03]&amp#27;[0m&amp#27;[38;5;112m[AndroidUiautomator2Driver@b341 (75895e03)]&amp#27;[0m Proxying [POST /element] to [POST http://127.0.0.1:8200/session/9a29d941-f2de-44a0-9e8c-b573902f2815/element] with body: {"strategy":"xpath","selector":"//*[@content-desc=\"EyesAppiumHelperEDT\"]","context":"","multiple":false}
&amp#27;[38;5;66m[75895e03]&amp#27;[0m&amp#27;[38;5;112m[AndroidUiautomator2Driver@b341 (75895e03)]&amp#27;[0m Got response with status 404: {"sessionId":"9a29d941-f2de-44a0-9e8c-b573902f2815","value":{"error":"no such element","message":"An element could not be located on the page using the given search parameters","stacktrace":"io.appium.uiautomator2.common.exceptions.ElementNotFoundException: An element could not be located on the page using the given search parameters\n\tat io.appium.uiautomator2.utils.ElementLocationHelpers.findElement(ElementLocationHelpers.java:156)\n\tat io.appium.uiautomator2.handler.FindElement.safeHandle(FindElement.java:60)\n\tat io.appium.uiautomator2.handler.request.SafeRequestHandler.handle(SafeRequestHandler.java:59)\n\tat io.appium.uiautomator2.server.AppiumServlet.handleRequest(AppiumServlet.java:277)\n\tat io.appium.uiautomator2.server.AppiumServlet.handleHttpRequest(AppiumServlet.java:271)\n\tat io.appium.uiautomator2.http.ServerHandler.channelRead(ServerHandler.java:77)\n\tat io.netty.channel.AbstractChannelHandlerContext.invokeChannelRead(AbstractChannelHandlerContext.java:366)\n\tat io.netty.channel.Abstr...
&amp#27;[38;5;66m[75895e03]&amp#27;[0m&amp#27;[38;5;123m[W3C]&amp#27;[0m Matched W3C error code 'no such element' to NoSuchElementError
&amp#27;[38;5;66m[75895e03]&amp#27;[0m&amp#27;[38;5;112m[AndroidUiautomator2Driver@b341 (75895e03)]&amp#27;[0m Waited for 908 ms so far
&amp#27;[38;5;66m[75895e03]&amp#27;[0m&amp#27;[38;5;112m[AndroidUiautomator2Driver@b341 (75895e03)]&amp#27;[0m Matched '/element' to command name 'findElement'
&amp#27;[38;5;66m[75895e03]&amp#27;[0m&amp#27;[38;5;112m[AndroidUiautomator2Driver@b341 (75895e03)]&amp#27;[0m Proxying [POST /element] to [POST http://127.0.0.1:8200/session/9a29d941-f2de-44a0-9e8c-b573902f2815/element] with body: {"strategy":"xpath","selector":"//*[@content-desc=\"EyesAppiumHelperEDT\"]","context":"","multiple":false}
&amp#27;[38;5;66m[75895e03]&amp#27;[0m&amp#27;[38;5;112m[AndroidUiautomator2Driver@b341 (75895e03)]&amp#27;[0m Got response with status 404: {"sessionId":"9a29d941-f2de-44a0-9e8c-b573902f2815","value":{"error":"no such element","message":"An element could not be located on the page using the given search parameters","stacktrace":"io.appium.uiautomator2.common.exceptions.ElementNotFoundException: An element could not be located on the page using the given search parameters\n\tat io.appium.uiautomator2.utils.ElementLocationHelpers.findElement(ElementLocationHelpers.java:156)\n\tat io.appium.uiautomator2.handler.FindElement.safeHandle(FindElement.java:60)\n\tat io.appium.uiautomator2.handler.request.SafeRequestHandler.handle(SafeRequestHandler.java:59)\n\tat io.appium.uiautomator2.server.AppiumServlet.handleRequest(AppiumServlet.java:277)\n\tat io.appium.uiautomator2.server.AppiumServlet.handleHttpRequest(AppiumServlet.java:271)\n\tat io.appium.uiautomator2.http.ServerHandler.channelRead(ServerHandler.java:77)\n\tat io.netty.channel.AbstractChannelHandlerContext.invokeChannelRead(AbstractChannelHandlerContext.java:366)\n\tat io.netty.channel.Abstr...
&amp#27;[38;5;66m[75895e03]&amp#27;[0m&amp#27;[38;5;123m[W3C]&amp#27;[0m Matched W3C error code 'no such element' to NoSuchElementError
&amp#27;[38;5;66m[75895e03]&amp#27;[0m&amp#27;[38;5;112m[AndroidUiautomator2Driver@b341 (75895e03)]&amp#27;[0m Waited for 1588 ms so far
&amp#27;[38;5;66m[75895e03]&amp#27;[0m&amp#27;[38;5;112m[AndroidUiautomator2Driver@b341 (75895e03)]&amp#27;[0m Matched '/element' to command name 'findElement'
&amp#27;[38;5;66m[75895e03]&amp#27;[0m&amp#27;[38;5;112m[AndroidUiautomator2Driver@b341 (75895e03)]&amp#27;[0m Proxying [POST /element] to [POST http://127.0.0.1:8200/session/9a29d941-f2de-44a0-9e8c-b573902f2815/element] with body: {"strategy":"xpath","selector":"//*[@content-desc=\"EyesAppiumHelperEDT\"]","context":"","multiple":false}
&amp#27;[38;5;66m[75895e03]&amp#27;[0m&amp#27;[38;5;112m[AndroidUiautomator2Driver@b341 (75895e03)]&amp#27;[0m Got response with status 404: {"sessionId":"9a29d941-f2de-44a0-9e8c-b573902f2815","value":{"error":"no such element","message":"An element could not be located on the page using the given search parameters","stacktrace":"io.appium.uiautomator2.common.exceptions.ElementNotFoundException: An element could not be located on the page using the given search parameters\n\tat io.appium.uiautomator2.utils.ElementLocationHelpers.findElement(ElementLocationHelpers.java:156)\n\tat io.appium.uiautomator2.handler.FindElement.safeHandle(FindElement.java:60)\n\tat io.appium.uiautomator2.handler.request.SafeRequestHandler.handle(SafeRequestHandler.java:59)\n\tat io.appium.uiautomator2.server.AppiumServlet.handleRequest(AppiumServlet.java:277)\n\tat io.appium.uiautomator2.server.AppiumServlet.handleHttpRequest(AppiumServlet.java:271)\n\tat io.appium.uiautomator2.http.ServerHandler.channelRead(ServerHandler.java:77)\n\tat io.netty.channel.AbstractChannelHandlerContext.invokeChannelRead(AbstractChannelHandlerContext.java:366)\n\tat io.netty.channel.Abstr...
&amp#27;[38;5;66m[75895e03]&amp#27;[0m&amp#27;[38;5;123m[W3C]&amp#27;[0m Matched W3C error code 'no such element' to NoSuchElementError
&amp#27;[38;5;66m[75895e03]&amp#27;[0m&amp#27;[38;5;112m[AndroidUiautomator2Driver@b341 (75895e03)]&amp#27;[0m Waited for 2250 ms so far
&amp#27;[38;5;66m[75895e03]&amp#27;[0m&amp#27;[38;5;112m[AndroidUiautomator2Driver@b341 (75895e03)]&amp#27;[0m Matched '/element' to command name 'findElement'
&amp#27;[38;5;66m[75895e03]&amp#27;[0m&amp#27;[38;5;112m[AndroidUiautomator2Driver@b341 (75895e03)]&amp#27;[0m Proxying [POST /element] to [POST http://127.0.0.1:8200/session/9a29d941-f2de-44a0-9e8c-b573902f2815/element] with body: {"strategy":"xpath","selector":"//*[@content-desc=\"EyesAppiumHelperEDT\"]","context":"","multiple":false}
&amp#27;[38;5;66m[75895e03]&amp#27;[0m&amp#27;[38;5;112m[AndroidUiautomator2Driver@b341 (75895e03)]&amp#27;[0m Got response with status 404: {"sessionId":"9a29d941-f2de-44a0-9e8c-b573902f2815","value":{"error":"no such element","message":"An element could not be located on the page using the given search parameters","stacktrace":"io.appium.uiautomator2.common.exceptions.ElementNotFoundException: An element could not be located on the page using the given search parameters\n\tat io.appium.uiautomator2.utils.ElementLocationHelpers.findElement(ElementLocationHelpers.java:156)\n\tat io.appium.uiautomator2.handler.FindElement.safeHandle(FindElement.java:60)\n\tat io.appium.uiautomator2.handler.request.SafeRequestHandler.handle(SafeRequestHandler.java:59)\n\tat io.appium.uiautomator2.server.AppiumServlet.handleRequest(AppiumServlet.java:277)\n\tat io.appium.uiautomator2.server.AppiumServlet.handleHttpRequest(AppiumServlet.java:271)\n\tat io.appium.uiautomator2.http.ServerHandler.channelRead(ServerHandler.java:77)\n\tat io.netty.channel.AbstractChannelHandlerContext.invokeChannelRead(AbstractChannelHandlerContext.java:366)\n\tat io.netty.channel.Abstr...
&amp#27;[38;5;66m[75895e03]&amp#27;[0m&amp#27;[38;5;123m[W3C]&amp#27;[0m Matched W3C error code 'no such element' to NoSuchElementError
&amp#27;[38;5;66m[75895e03]&amp#27;[0m&amp#27;[38;5;112m[AndroidUiautomator2Driver@b341 (75895e03)]&amp#27;[0m Waited for 2913 ms so far
&amp#27;[38;5;66m[75895e03]&amp#27;[0m&amp#27;[38;5;112m[AndroidUiautomator2Driver@b341 (75895e03)]&amp#27;[0m Matched '/element' to command name 'findElement'
&amp#27;[38;5;66m[75895e03]&amp#27;[0m&amp#27;[38;5;112m[AndroidUiautomator2Driver@b341 (75895e03)]&amp#27;[0m Proxying [POST /element] to [POST http://127.0.0.1:8200/session/9a29d941-f2de-44a0-9e8c-b573902f2815/element] with body: {"strategy":"xpath","selector":"//*[@content-desc=\"EyesAppiumHelperEDT\"]","context":"","multiple":false}
&amp#27;[38;5;66m[75895e03]&amp#27;[0m&amp#27;[38;5;112m[AndroidUiautomator2Driver@b341 (75895e03)]&amp#27;[0m Got response with status 404: {"sessionId":"9a29d941-f2de-44a0-9e8c-b573902f2815","value":{"error":"no such element","message":"An element could not be located on the page using the given search parameters","stacktrace":"io.appium.uiautomator2.common.exceptions.ElementNotFoundException: An element could not be located on the page using the given search parameters\n\tat io.appium.uiautomator2.utils.ElementLocationHelpers.findElement(ElementLocationHelpers.java:156)\n\tat io.appium.uiautomator2.handler.FindElement.safeHandle(FindElement.java:60)\n\tat io.appium.uiautomator2.handler.request.SafeRequestHandler.handle(SafeRequestHandler.java:59)\n\tat io.appium.uiautomator2.server.AppiumServlet.handleRequest(AppiumServlet.java:277)\n\tat io.appium.uiautomator2.server.AppiumServlet.handleHttpRequest(AppiumServlet.java:271)\n\tat io.appium.uiautomator2.http.ServerHandler.channelRead(ServerHandler.java:77)\n\tat io.netty.channel.AbstractChannelHandlerContext.invokeChannelRead(AbstractChannelHandlerContext.java:366)\n\tat io.netty.channel.Abstr...
&amp#27;[38;5;66m[75895e03]&amp#27;[0m&amp#27;[38;5;123m[W3C]&amp#27;[0m Matched W3C error code 'no such element' to NoSuchElementError
&amp#27;[38;5;66m[75895e03]&amp#27;[0m&amp#27;[38;5;112m[AndroidUiautomator2Driver@b341 (75895e03)]&amp#27;[0m Waited for 3558 ms so far
&amp#27;[38;5;66m[75895e03]&amp#27;[0m&amp#27;[38;5;112m[AndroidUiautomator2Driver@b341 (75895e03)]&amp#27;[0m Matched '/element' to command name 'findElement'
&amp#27;[38;5;66m[75895e03]&amp#27;[0m&amp#27;[38;5;112m[AndroidUiautomator2Driver@b341 (75895e03)]&amp#27;[0m Proxying [POST /element] to [POST http://127.0.0.1:8200/session/9a29d941-f2de-44a0-9e8c-b573902f2815/element] with body: {"strategy":"xpath","selector":"//*[@content-desc=\"EyesAppiumHelperEDT\"]","context":"","multiple":false}
&amp#27;[38;5;66m[75895e03]&amp#27;[0m&amp#27;[38;5;112m[AndroidUiautomator2Driver@b341 (75895e03)]&amp#27;[0m Got response with status 404: {"sessionId":"9a29d941-f2de-44a0-9e8c-b573902f2815","value":{"error":"no such element","message":"An element could not be located on the page using the given search parameters","stacktrace":"io.appium.uiautomator2.common.exceptions.ElementNotFoundException: An element could not be located on the page using the given search parameters\n\tat io.appium.uiautomator2.utils.ElementLocationHelpers.findElement(ElementLocationHelpers.java:156)\n\tat io.appium.uiautomator2.handler.FindElement.safeHandle(FindElement.java:60)\n\tat io.appium.uiautomator2.handler.request.SafeRequestHandler.handle(SafeRequestHandler.java:59)\n\tat io.appium.uiautomator2.server.AppiumServlet.handleRequest(AppiumServlet.java:277)\n\tat io.appium.uiautomator2.server.AppiumServlet.handleHttpRequest(AppiumServlet.java:271)\n\tat io.appium.uiautomator2.http.ServerHandler.channelRead(ServerHandler.java:77)\n\tat io.netty.channel.AbstractChannelHandlerContext.invokeChannelRead(AbstractChannelHandlerContext.java:366)\n\tat io.netty.channel.Abstr...
&amp#27;[38;5;66m[75895e03]&amp#27;[0m&amp#27;[38;5;123m[W3C]&amp#27;[0m Matched W3C error code 'no such element' to NoSuchElementError
&amp#27;[38;5;66m[75895e03]&amp#27;[0m&amp#27;[38;5;112m[AndroidUiautomator2Driver@b341 (75895e03)]&amp#27;[0m Waited for 4350 ms so far
&amp#27;[38;5;66m[75895e03]&amp#27;[0m&amp#27;[38;5;112m[AndroidUiautomator2Driver@b341 (75895e03)]&amp#27;[0m Matched '/element' to command name 'findElement'
&amp#27;[38;5;66m[75895e03]&amp#27;[0m&amp#27;[38;5;112m[AndroidUiautomator2Driver@b341 (75895e03)]&amp#27;[0m Proxying [POST /element] to [POST http://127.0.0.1:8200/session/9a29d941-f2de-44a0-9e8c-b573902f2815/element] with body: {"strategy":"xpath","selector":"//*[@content-desc=\"EyesAppiumHelperEDT\"]","context":"","multiple":false}
&amp#27;[38;5;66m[75895e03]&amp#27;[0m&amp#27;[38;5;112m[AndroidUiautomator2Driver@b341 (75895e03)]&amp#27;[0m Got response with status 404: {"sessionId":"9a29d941-f2de-44a0-9e8c-b573902f2815","value":{"error":"no such element","message":"An element could not be located on the page using the given search parameters","stacktrace":"io.appium.uiautomator2.common.exceptions.ElementNotFoundException: An element could not be located on the page using the given search parameters\n\tat io.appium.uiautomator2.utils.ElementLocationHelpers.findElement(ElementLocationHelpers.java:156)\n\tat io.appium.uiautomator2.handler.FindElement.safeHandle(FindElement.java:60)\n\tat io.appium.uiautomator2.handler.request.SafeRequestHandler.handle(SafeRequestHandler.java:59)\n\tat io.appium.uiautomator2.server.AppiumServlet.handleRequest(AppiumServlet.java:277)\n\tat io.appium.uiautomator2.server.AppiumServlet.handleHttpRequest(AppiumServlet.java:271)\n\tat io.appium.uiautomator2.http.ServerHandler.channelRead(ServerHandler.java:77)\n\tat io.netty.channel.AbstractChannelHandlerContext.invokeChannelRead(AbstractChannelHandlerContext.java:366)\n\tat io.netty.channel.Abstr...
&amp#27;[38;5;66m[75895e03]&amp#27;[0m&amp#27;[38;5;123m[W3C]&amp#27;[0m Matched W3C error code 'no such element' to NoSuchElementError
&amp#27;[38;5;66m[75895e03]&amp#27;[0m&amp#27;[38;5;112m[AndroidUiautomator2Driver@b341 (75895e03)]&amp#27;[0m Waited for 4987 ms so far
&amp#27;[38;5;66m[75895e03]&amp#27;[0m&amp#27;[38;5;112m[AndroidUiautomator2Driver@b341 (75895e03)]&amp#27;[0m Matched '/element' to command name 'findElement'
&amp#27;[38;5;66m[75895e03]&amp#27;[0m&amp#27;[38;5;112m[AndroidUiautomator2Driver@b341 (75895e03)]&amp#27;[0m Proxying [POST /element] to [POST http://127.0.0.1:8200/session/9a29d941-f2de-44a0-9e8c-b573902f2815/element] with body: {"strategy":"xpath","selector":"//*[@content-desc=\"EyesAppiumHelperEDT\"]","context":"","multiple":false}
&amp#27;[38;5;66m[75895e03]&amp#27;[0m&amp#27;[38;5;112m[AndroidUiautomator2Driver@b341 (75895e03)]&amp#27;[0m Got response with status 404: {"sessionId":"9a29d941-f2de-44a0-9e8c-b573902f2815","value":{"error":"no such element","message":"An element could not be located on the page using the given search parameters","stacktrace":"io.appium.uiautomator2.common.exceptions.ElementNotFoundException: An element could not be located on the page using the given search parameters\n\tat io.appium.uiautomator2.utils.ElementLocationHelpers.findElement(ElementLocationHelpers.java:156)\n\tat io.appium.uiautomator2.handler.FindElement.safeHandle(FindElement.java:60)\n\tat io.appium.uiautomator2.handler.request.SafeRequestHandler.handle(SafeRequestHandler.java:59)\n\tat io.appium.uiautomator2.server.AppiumServlet.handleRequest(AppiumServlet.java:277)\n\tat io.appium.uiautomator2.server.AppiumServlet.handleHttpRequest(AppiumServlet.java:271)\n\tat io.appium.uiautomator2.http.ServerHandler.channelRead(ServerHandler.java:77)\n\tat io.netty.channel.AbstractChannelHandlerContext.invokeChannelRead(AbstractChannelHandlerContext.java:366)\n\tat io.netty.channel.Abstr...
&amp#27;[38;5;66m[75895e03]&amp#27;[0m&amp#27;[38;5;123m[W3C]&amp#27;[0m Matched W3C error code 'no such element' to NoSuchElementError
&amp#27;[38;5;66m[75895e03]&amp#27;[0m&amp#27;[38;5;112m[AndroidUiautomator2Driver@b341 (75895e03)]&amp#27;[0m Waited for 5614 ms so far
&amp#27;[38;5;66m[75895e03]&amp#27;[0m&amp#27;[38;5;112m[AndroidUiautomator2Driver@b341 (75895e03)]&amp#27;[0m Matched '/element' to command name 'findElement'
&amp#27;[38;5;66m[75895e03]&amp#27;[0m&amp#27;[38;5;112m[AndroidUiautomator2Driver@b341 (75895e03)]&amp#27;[0m Proxying [POST /element] to [POST http://127.0.0.1:8200/session/9a29d941-f2de-44a0-9e8c-b573902f2815/element] with body: {"strategy":"xpath","selector":"//*[@content-desc=\"EyesAppiumHelperEDT\"]","context":"","multiple":false}
&amp#27;[38;5;66m[75895e03]&amp#27;[0m&amp#27;[38;5;112m[AndroidUiautomator2Driver@b341 (75895e03)]&amp#27;[0m Got response with status 404: {"sessionId":"9a29d941-f2de-44a0-9e8c-b573902f2815","value":{"error":"no such element","message":"An element could not be located on the page using the given search parameters","stacktrace":"io.appium.uiautomator2.common.exceptions.ElementNotFoundException: An element could not be located on the page using the given search parameters\n\tat io.appium.uiautomator2.utils.ElementLocationHelpers.findElement(ElementLocationHelpers.java:156)\n\tat io.appium.uiautomator2.handler.FindElement.safeHandle(FindElement.java:60)\n\tat io.appium.uiautomator2.handler.request.SafeRequestHandler.handle(SafeRequestHandler.java:59)\n\tat io.appium.uiautomator2.server.AppiumServlet.handleRequest(AppiumServlet.java:277)\n\tat io.appium.uiautomator2.server.AppiumServlet.handleHttpRequest(AppiumServlet.java:271)\n\tat io.appium.uiautomator2.http.ServerHandler.channelRead(ServerHandler.java:77)\n\tat io.netty.channel.AbstractChannelHandlerContext.invokeChannelRead(AbstractChannelHandlerContext.java:366)\n\tat io.netty.channel.Abstr...
&amp#27;[38;5;66m[75895e03]&amp#27;[0m&amp#27;[38;5;123m[W3C]&amp#27;[0m Matched W3C error code 'no such element' to NoSuchElementError
&amp#27;[38;5;66m[75895e03]&amp#27;[0m&amp#27;[38;5;112m[AndroidUiautomator2Driver@b341 (75895e03)]&amp#27;[0m Waited for 6249 ms so far
&amp#27;[38;5;66m[75895e03]&amp#27;[0m&amp#27;[38;5;112m[AndroidUiautomator2Driver@b341 (75895e03)]&amp#27;[0m Matched '/element' to command name 'findElement'
&amp#27;[38;5;66m[75895e03]&amp#27;[0m&amp#27;[38;5;112m[AndroidUiautomator2Driver@b341 (75895e03)]&amp#27;[0m Proxying [POST /element] to [POST http://127.0.0.1:8200/session/9a29d941-f2de-44a0-9e8c-b573902f2815/element] with body: {"strategy":"xpath","selector":"//*[@content-desc=\"EyesAppiumHelperEDT\"]","context":"","multiple":false}
&amp#27;[38;5;66m[75895e03]&amp#27;[0m&amp#27;[38;5;112m[AndroidUiautomator2Driver@b341 (75895e03)]&amp#27;[0m Got response with status 404: {"sessionId":"9a29d941-f2de-44a0-9e8c-b573902f2815","value":{"error":"no such element","message":"An element could not be located on the page using the given search parameters","stacktrace":"io.appium.uiautomator2.common.exceptions.ElementNotFoundException: An element could not be located on the page using the given search parameters\n\tat io.appium.uiautomator2.utils.ElementLocationHelpers.findElement(ElementLocationHelpers.java:156)\n\tat io.appium.uiautomator2.handler.FindElement.safeHandle(FindElement.java:60)\n\tat io.appium.uiautomator2.handler.request.SafeRequestHandler.handle(SafeRequestHandler.java:59)\n\tat io.appium.uiautomator2.server.AppiumServlet.handleRequest(AppiumServlet.java:277)\n\tat io.appium.uiautomator2.server.AppiumServlet.handleHttpRequest(AppiumServlet.java:271)\n\tat io.appium.uiautomator2.http.ServerHandler.channelRead(ServerHandler.java:77)\n\tat io.netty.channel.AbstractChannelHandlerContext.invokeChannelRead(AbstractChannelHandlerContext.java:366)\n\tat io.netty.channel.Abstr...
&amp#27;[38;5;66m[75895e03]&amp#27;[0m&amp#27;[38;5;123m[W3C]&amp#27;[0m Matched W3C error code 'no such element' to NoSuchElementError
&amp#27;[38;5;66m[75895e03]&amp#27;[0m&amp#27;[38;5;112m[AndroidUiautomator2Driver@b341 (75895e03)]&amp#27;[0m Waited for 6938 ms so far
&amp#27;[38;5;66m[75895e03]&amp#27;[0m&amp#27;[38;5;112m[AndroidUiautomator2Driver@b341 (75895e03)]&amp#27;[0m Matched '/element' to command name 'findElement'
&amp#27;[38;5;66m[75895e03]&amp#27;[0m&amp#27;[38;5;112m[AndroidUiautomator2Driver@b341 (75895e03)]&amp#27;[0m Proxying [POST /element] to [POST http://127.0.0.1:8200/session/9a29d941-f2de-44a0-9e8c-b573902f2815/element] with body: {"strategy":"xpath","selector":"//*[@content-desc=\"EyesAppiumHelperEDT\"]","context":"","multiple":false}
&amp#27;[38;5;66m[75895e03]&amp#27;[0m&amp#27;[38;5;112m[AndroidUiautomator2Driver@b341 (75895e03)]&amp#27;[0m Got response with status 404: {"sessionId":"9a29d941-f2de-44a0-9e8c-b573902f2815","value":{"error":"no such element","message":"An element could not be located on the page using the given search parameters","stacktrace":"io.appium.uiautomator2.common.exceptions.ElementNotFoundException: An element could not be located on the page using the given search parameters\n\tat io.appium.uiautomator2.utils.ElementLocationHelpers.findElement(ElementLocationHelpers.java:156)\n\tat io.appium.uiautomator2.handler.FindElement.safeHandle(FindElement.java:60)\n\tat io.appium.uiautomator2.handler.request.SafeRequestHandler.handle(SafeRequestHandler.java:59)\n\tat io.appium.uiautomator2.server.AppiumServlet.handleRequest(AppiumServlet.java:277)\n\tat io.appium.uiautomator2.server.AppiumServlet.handleHttpRequest(AppiumServlet.java:271)\n\tat io.appium.uiautomator2.http.ServerHandler.channelRead(ServerHandler.java:77)\n\tat io.netty.channel.AbstractChannelHandlerContext.invokeChannelRead(AbstractChannelHandlerContext.java:366)\n\tat io.netty.channel.Abstr...
&amp#27;[38;5;66m[75895e03]&amp#27;[0m&amp#27;[38;5;123m[W3C]&amp#27;[0m Matched W3C error code 'no such element' to NoSuchElementError
&amp#27;[38;5;66m[75895e03]&amp#27;[0m&amp#27;[38;5;112m[AndroidUiautomator2Driver@b341 (75895e03)]&amp#27;[0m Waited for 7574 ms so far
&amp#27;[38;5;66m[75895e03]&amp#27;[0m&amp#27;[38;5;112m[AndroidUiautomator2Driver@b341 (75895e03)]&amp#27;[0m Matched '/element' to command name 'findElement'
&amp#27;[38;5;66m[75895e03]&amp#27;[0m&amp#27;[38;5;112m[AndroidUiautomator2Driver@b341 (75895e03)]&amp#27;[0m Proxying [POST /element] to [POST http://127.0.0.1:8200/session/9a29d941-f2de-44a0-9e8c-b573902f2815/element] with body: {"strategy":"xpath","selector":"//*[@content-desc=\"EyesAppiumHelperEDT\"]","context":"","multiple":false}
&amp#27;[38;5;66m[75895e03]&amp#27;[0m&amp#27;[38;5;112m[AndroidUiautomator2Driver@b341 (75895e03)]&amp#27;[0m Got response with status 404: {"sessionId":"9a29d941-f2de-44a0-9e8c-b573902f2815","value":{"error":"no such element","message":"An element could not be located on the page using the given search parameters","stacktrace":"io.appium.uiautomator2.common.exceptions.ElementNotFoundException: An element could not be located on the page using the given search parameters\n\tat io.appium.uiautomator2.utils.ElementLocationHelpers.findElement(ElementLocationHelpers.java:156)\n\tat io.appium.uiautomator2.handler.FindElement.safeHandle(FindElement.java:60)\n\tat io.appium.uiautomator2.handler.request.SafeRequestHandler.handle(SafeRequestHandler.java:59)\n\tat io.appium.uiautomator2.server.AppiumServlet.handleRequest(AppiumServlet.java:277)\n\tat io.appium.uiautomator2.server.AppiumServlet.handleHttpRequest(AppiumServlet.java:271)\n\tat io.appium.uiautomator2.http.ServerHandler.channelRead(ServerHandler.java:77)\n\tat io.netty.channel.AbstractChannelHandlerContext.invokeChannelRead(AbstractChannelHandlerContext.java:366)\n\tat io.netty.channel.Abstr...
&amp#27;[38;5;66m[75895e03]&amp#27;[0m&amp#27;[38;5;123m[W3C]&amp#27;[0m Matched W3C error code 'no such element' to NoSuchElementError
&amp#27;[38;5;66m[75895e03]&amp#27;[0m&amp#27;[38;5;112m[AndroidUiautomator2Driver@b341 (75895e03)]&amp#27;[0m Waited for 8214 ms so far
&amp#27;[38;5;66m[75895e03]&amp#27;[0m&amp#27;[38;5;112m[AndroidUiautomator2Driver@b341 (75895e03)]&amp#27;[0m Matched '/element' to command name 'findElement'
&amp#27;[38;5;66m[75895e03]&amp#27;[0m&amp#27;[38;5;112m[AndroidUiautomator2Driver@b341 (75895e03)]&amp#27;[0m Proxying [POST /element] to [POST http://127.0.0.1:8200/session/9a29d941-f2de-44a0-9e8c-b573902f2815/element] with body: {"strategy":"xpath","selector":"//*[@content-desc=\"EyesAppiumHelperEDT\"]","context":"","multiple":false}
&amp#27;[38;5;66m[75895e03]&amp#27;[0m&amp#27;[38;5;112m[AndroidUiautomator2Driver@b341 (75895e03)]&amp#27;[0m Got response with status 404: {"sessionId":"9a29d941-f2de-44a0-9e8c-b573902f2815","value":{"error":"no such element","message":"An element could not be located on the page using the given search parameters","stacktrace":"io.appium.uiautomator2.common.exceptions.ElementNotFoundException: An element could not be located on the page using the given search parameters\n\tat io.appium.uiautomator2.utils.ElementLocationHelpers.findElement(ElementLocationHelpers.java:156)\n\tat io.appium.uiautomator2.handler.FindElement.safeHandle(FindElement.java:60)\n\tat io.appium.uiautomator2.handler.request.SafeRequestHandler.handle(SafeRequestHandler.java:59)\n\tat io.appium.uiautomator2.server.AppiumServlet.handleRequest(AppiumServlet.java:277)\n\tat io.appium.uiautomator2.server.AppiumServlet.handleHttpRequest(AppiumServlet.java:271)\n\tat io.appium.uiautomator2.http.ServerHandler.channelRead(ServerHandler.java:77)\n\tat io.netty.channel.AbstractChannelHandlerContext.invokeChannelRead(AbstractChannelHandlerContext.java:366)\n\tat io.netty.channel.Abstr...
&amp#27;[38;5;66m[75895e03]&amp#27;[0m&amp#27;[38;5;123m[W3C]&amp#27;[0m Matched W3C error code 'no such element' to NoSuchElementError
&amp#27;[38;5;66m[75895e03]&amp#27;[0m&amp#27;[38;5;112m[AndroidUiautomator2Driver@b341 (75895e03)]&amp#27;[0m Waited for 8849 ms so far
&amp#27;[38;5;66m[75895e03]&amp#27;[0m&amp#27;[38;5;112m[AndroidUiautomator2Driver@b341 (75895e03)]&amp#27;[0m Matched '/element' to command name 'findElement'
&amp#27;[38;5;66m[75895e03]&amp#27;[0m&amp#27;[38;5;112m[AndroidUiautomator2Driver@b341 (75895e03)]&amp#27;[0m Proxying [POST /element] to [POST http://127.0.0.1:8200/session/9a29d941-f2de-44a0-9e8c-b573902f2815/element] with body: {"strategy":"xpath","selector":"//*[@content-desc=\"EyesAppiumHelperEDT\"]","context":"","multiple":false}
&amp#27;[38;5;66m[75895e03]&amp#27;[0m&amp#27;[38;5;112m[AndroidUiautomator2Driver@b341 (75895e03)]&amp#27;[0m Got response with status 404: {"sessionId":"9a29d941-f2de-44a0-9e8c-b573902f2815","value":{"error":"no such element","message":"An element could not be located on the page using the given search parameters","stacktrace":"io.appium.uiautomator2.common.exceptions.ElementNotFoundException: An element could not be located on the page using the given search parameters\n\tat io.appium.uiautomator2.utils.ElementLocationHelpers.findElement(ElementLocationHelpers.java:156)\n\tat io.appium.uiautomator2.handler.FindElement.safeHandle(FindElement.java:60)\n\tat io.appium.uiautomator2.handler.request.SafeRequestHandler.handle(SafeRequestHandler.java:59)\n\tat io.appium.uiautomator2.server.AppiumServlet.handleRequest(AppiumServlet.java:277)\n\tat io.appium.uiautomator2.server.AppiumServlet.handleHttpRequest(AppiumServlet.java:271)\n\tat io.appium.uiautomator2.http.ServerHandler.channelRead(ServerHandler.java:77)\n\tat io.netty.channel.AbstractChannelHandlerContext.invokeChannelRead(AbstractChannelHandlerContext.java:366)\n\tat io.netty.channel.Abstr...
&amp#27;[38;5;66m[75895e03]&amp#27;[0m&amp#27;[38;5;123m[W3C]&amp#27;[0m Matched W3C error code 'no such element' to NoSuchElementError
&amp#27;[38;5;66m[75895e03]&amp#27;[0m&amp#27;[38;5;112m[AndroidUiautomator2Driver@b341 (75895e03)]&amp#27;[0m Waited for 9506 ms so far
&amp#27;[38;5;66m[75895e03]&amp#27;[0m&amp#27;[38;5;112m[AndroidUiautomator2Driver@b341 (75895e03)]&amp#27;[0m Matched '/element' to command name 'findElement'
&amp#27;[38;5;66m[75895e03]&amp#27;[0m&amp#27;[38;5;112m[AndroidUiautomator2Driver@b341 (75895e03)]&amp#27;[0m Proxying [POST /element] to [POST http://127.0.0.1:8200/session/9a29d941-f2de-44a0-9e8c-b573902f2815/element] with body: {"strategy":"xpath","selector":"//*[@content-desc=\"EyesAppiumHelperEDT\"]","context":"","multiple":false}
&amp#27;[38;5;66m[75895e03]&amp#27;[0m&amp#27;[38;5;112m[AndroidUiautomator2Driver@b341 (75895e03)]&amp#27;[0m Got response with status 404: {"sessionId":"9a29d941-f2de-44a0-9e8c-b573902f2815","value":{"error":"no such element","message":"An element could not be located on the page using the given search parameters","stacktrace":"io.appium.uiautomator2.common.exceptions.ElementNotFoundException: An element could not be located on the page using the given search parameters\n\tat io.appium.uiautomator2.utils.ElementLocationHelpers.findElement(ElementLocationHelpers.java:156)\n\tat io.appium.uiautomator2.handler.FindElement.safeHandle(FindElement.java:60)\n\tat io.appium.uiautomator2.handler.request.SafeRequestHandler.handle(SafeRequestHandler.java:59)\n\tat io.appium.uiautomator2.server.AppiumServlet.handleRequest(AppiumServlet.java:277)\n\tat io.appium.uiautomator2.server.AppiumServlet.handleHttpRequest(AppiumServlet.java:271)\n\tat io.appium.uiautomator2.http.ServerHandler.channelRead(ServerHandler.java:77)\n\tat io.netty.channel.AbstractChannelHandlerContext.invokeChannelRead(AbstractChannelHandlerContext.java:366)\n\tat io.netty.channel.Abstr...
&amp#27;[38;5;66m[75895e03]&amp#27;[0m&amp#27;[38;5;123m[W3C]&amp#27;[0m Matched W3C error code 'no such element' to NoSuchElementError
&amp#27;[38;5;66m[75895e03]&amp#27;[0m&amp#27;[38;5;112m[AndroidUiautomator2Driver@b341 (75895e03)]&amp#27;[0m Waited for 10168 ms so far
&amp#27;[38;5;66m[75895e03]&amp#27;[0m&amp#27;[38;5;112m[AndroidUiautomator2Driver@b341 (75895e03)]&amp#27;[0m Matched '/element' to command name 'findElement'
&amp#27;[38;5;66m[75895e03]&amp#27;[0m&amp#27;[38;5;112m[AndroidUiautomator2Driver@b341 (75895e03)]&amp#27;[0m Proxying [POST /element] to [POST http://127.0.0.1:8200/session/9a29d941-f2de-44a0-9e8c-b573902f2815/element] with body: {"strategy":"xpath","selector":"//*[@content-desc=\"EyesAppiumHelperEDT\"]","context":"","multiple":false}
&amp#27;[38;5;66m[75895e03]&amp#27;[0m&amp#27;[38;5;112m[AndroidUiautomator2Driver@b341 (75895e03)]&amp#27;[0m Got response with status 404: {"sessionId":"9a29d941-f2de-44a0-9e8c-b573902f2815","value":{"error":"no such element","message":"An element could not be located on the page using the given search parameters","stacktrace":"io.appium.uiautomator2.common.exceptions.ElementNotFoundException: An element could not be located on the page using the given search parameters\n\tat io.appium.uiautomator2.utils.ElementLocationHelpers.findElement(ElementLocationHelpers.java:156)\n\tat io.appium.uiautomator2.handler.FindElement.safeHandle(FindElement.java:60)\n\tat io.appium.uiautomator2.handler.request.SafeRequestHandler.handle(SafeRequestHandler.java:59)\n\tat io.appium.uiautomator2.server.AppiumServlet.handleRequest(AppiumServlet.java:277)\n\tat io.appium.uiautomator2.server.AppiumServlet.handleHttpRequest(AppiumServlet.java:271)\n\tat io.appium.uiautomator2.http.ServerHandler.channelRead(ServerHandler.java:77)\n\tat io.netty.channel.AbstractChannelHandlerContext.invokeChannelRead(AbstractChannelHandlerContext.java:366)\n\tat io.netty.channel.Abstr...
&amp#27;[38;5;66m[75895e03]&amp#27;[0m&amp#27;[38;5;123m[W3C]&amp#27;[0m Matched W3C error code 'no such element' to NoSuchElementError
&amp#27;[38;5;66m[75895e03]&amp#27;[0m&amp#27;[38;5;112m[AndroidUiautomator2Driver@b341 (75895e03)]&amp#27;[0m Waited for 10814 ms so far
&amp#27;[38;5;66m[75895e03]&amp#27;[0m&amp#27;[38;5;112m[AndroidUiautomator2Driver@b341 (75895e03)]&amp#27;[0m Matched '/element' to command name 'findElement'
&amp#27;[38;5;66m[75895e03]&amp#27;[0m&amp#27;[38;5;112m[AndroidUiautomator2Driver@b341 (75895e03)]&amp#27;[0m Proxying [POST /element] to [POST http://127.0.0.1:8200/session/9a29d941-f2de-44a0-9e8c-b573902f2815/element] with body: {"strategy":"xpath","selector":"//*[@content-desc=\"EyesAppiumHelperEDT\"]","context":"","multiple":false}
&amp#27;[38;5;66m[75895e03]&amp#27;[0m&amp#27;[38;5;112m[AndroidUiautomator2Driver@b341 (75895e03)]&amp#27;[0m Got response with status 404: {"sessionId":"9a29d941-f2de-44a0-9e8c-b573902f2815","value":{"error":"no such element","message":"An element could not be located on the page using the given search parameters","stacktrace":"io.appium.uiautomator2.common.exceptions.ElementNotFoundException: An element could not be located on the page using the given search parameters\n\tat io.appium.uiautomator2.utils.ElementLocationHelpers.findElement(ElementLocationHelpers.java:156)\n\tat io.appium.uiautomator2.handler.FindElement.safeHandle(FindElement.java:60)\n\tat io.appium.uiautomator2.handler.request.SafeRequestHandler.handle(SafeRequestHandler.java:59)\n\tat io.appium.uiautomator2.server.AppiumServlet.handleRequest(AppiumServlet.java:277)\n\tat io.appium.uiautomator2.server.AppiumServlet.handleHttpRequest(AppiumServlet.java:271)\n\tat io.appium.uiautomator2.http.ServerHandler.channelRead(ServerHandler.java:77)\n\tat io.netty.channel.AbstractChannelHandlerContext.invokeChannelRead(AbstractChannelHandlerContext.java:366)\n\tat io.netty.channel.Abstr...
&amp#27;[38;5;66m[75895e03]&amp#27;[0m&amp#27;[38;5;123m[W3C]&amp#27;[0m Matched W3C error code 'no such element' to NoSuchElementError
&amp#27;[38;5;66m[75895e03]&amp#27;[0m&amp#27;[38;5;112m[AndroidUiautomator2Driver@b341 (75895e03)]&amp#27;[0m Waited for 11448 ms so far
&amp#27;[38;5;66m[75895e03]&amp#27;[0m&amp#27;[38;5;112m[AndroidUiautomator2Driver@b341 (75895e03)]&amp#27;[0m Matched '/element' to command name 'findElement'
&amp#27;[38;5;66m[75895e03]&amp#27;[0m&amp#27;[38;5;112m[AndroidUiautomator2Driver@b341 (75895e03)]&amp#27;[0m Proxying [POST /element] to [POST http://127.0.0.1:8200/session/9a29d941-f2de-44a0-9e8c-b573902f2815/element] with body: {"strategy":"xpath","selector":"//*[@content-desc=\"EyesAppiumHelperEDT\"]","context":"","multiple":false}
&amp#27;[38;5;66m[75895e03]&amp#27;[0m&amp#27;[38;5;112m[AndroidUiautomator2Driver@b341 (75895e03)]&amp#27;[0m Got response with status 404: {"sessionId":"9a29d941-f2de-44a0-9e8c-b573902f2815","value":{"error":"no such element","message":"An element could not be located on the page using the given search parameters","stacktrace":"io.appium.uiautomator2.common.exceptions.ElementNotFoundException: An element could not be located on the page using the given search parameters\n\tat io.appium.uiautomator2.utils.ElementLocationHelpers.findElement(ElementLocationHelpers.java:156)\n\tat io.appium.uiautomator2.handler.FindElement.safeHandle(FindElement.java:60)\n\tat io.appium.uiautomator2.handler.request.SafeRequestHandler.handle(SafeRequestHandler.java:59)\n\tat io.appium.uiautomator2.server.AppiumServlet.handleRequest(AppiumServlet.java:277)\n\tat io.appium.uiautomator2.server.AppiumServlet.handleHttpRequest(AppiumServlet.java:271)\n\tat io.appium.uiautomator2.http.ServerHandler.channelRead(ServerHandler.java:77)\n\tat io.netty.channel.AbstractChannelHandlerContext.invokeChannelRead(AbstractChannelHandlerContext.java:366)\n\tat io.netty.channel.Abstr...
&amp#27;[38;5;66m[75895e03]&amp#27;[0m&amp#27;[38;5;123m[W3C]&amp#27;[0m Matched W3C error code 'no such element' to NoSuchElementError
&amp#27;[38;5;66m[75895e03]&amp#27;[0m&amp#27;[38;5;112m[AndroidUiautomator2Driver@b341 (75895e03)]&amp#27;[0m Waited for 12087 ms so far
&amp#27;[38;5;66m[75895e03]&amp#27;[0m&amp#27;[38;5;112m[AndroidUiautomator2Driver@b341 (75895e03)]&amp#27;[0m Matched '/element' to command name 'findElement'
&amp#27;[38;5;66m[75895e03]&amp#27;[0m&amp#27;[38;5;112m[AndroidUiautomator2Driver@b341 (75895e03)]&amp#27;[0m Proxying [POST /element] to [POST http://127.0.0.1:8200/session/9a29d941-f2de-44a0-9e8c-b573902f2815/element] with body: {"strategy":"xpath","selector":"//*[@content-desc=\"EyesAppiumHelperEDT\"]","context":"","multiple":false}
&amp#27;[38;5;66m[75895e03]&amp#27;[0m&amp#27;[38;5;112m[AndroidUiautomator2Driver@b341 (75895e03)]&amp#27;[0m Got response with status 404: {"sessionId":"9a29d941-f2de-44a0-9e8c-b573902f2815","value":{"error":"no such element","message":"An element could not be located on the page using the given search parameters","stacktrace":"io.appium.uiautomator2.common.exceptions.ElementNotFoundException: An element could not be located on the page using the given search parameters\n\tat io.appium.uiautomator2.utils.ElementLocationHelpers.findElement(ElementLocationHelpers.java:156)\n\tat io.appium.uiautomator2.handler.FindElement.safeHandle(FindElement.java:60)\n\tat io.appium.uiautomator2.handler.request.SafeRequestHandler.handle(SafeRequestHandler.java:59)\n\tat io.appium.uiautomator2.server.AppiumServlet.handleRequest(AppiumServlet.java:277)\n\tat io.appium.uiautomator2.server.AppiumServlet.handleHttpRequest(AppiumServlet.java:271)\n\tat io.appium.uiautomator2.http.ServerHandler.channelRead(ServerHandler.java:77)\n\tat io.netty.channel.AbstractChannelHandlerContext.invokeChannelRead(AbstractChannelHandlerContext.java:366)\n\tat io.netty.channel.Abstr...
&amp#27;[38;5;66m[75895e03]&amp#27;[0m&amp#27;[38;5;123m[W3C]&amp#27;[0m Matched W3C error code 'no such element' to NoSuchElementError
&amp#27;[38;5;66m[75895e03]&amp#27;[0m&amp#27;[38;5;112m[AndroidUiautomator2Driver@b341 (75895e03)]&amp#27;[0m Waited for 12728 ms so far
&amp#27;[38;5;66m[75895e03]&amp#27;[0m&amp#27;[38;5;112m[AndroidUiautomator2Driver@b341 (75895e03)]&amp#27;[0m Matched '/element' to command name 'findElement'
&amp#27;[38;5;66m[75895e03]&amp#27;[0m&amp#27;[38;5;112m[AndroidUiautomator2Driver@b341 (75895e03)]&amp#27;[0m Proxying [POST /element] to [POST http://127.0.0.1:8200/session/9a29d941-f2de-44a0-9e8c-b573902f2815/element] with body: {"strategy":"xpath","selector":"//*[@content-desc=\"EyesAppiumHelperEDT\"]","context":"","multiple":false}
&amp#27;[38;5;66m[75895e03]&amp#27;[0m&amp#27;[38;5;112m[AndroidUiautomator2Driver@b341 (75895e03)]&amp#27;[0m Got response with status 404: {"sessionId":"9a29d941-f2de-44a0-9e8c-b573902f2815","value":{"error":"no such element","message":"An element could not be located on the page using the given search parameters","stacktrace":"io.appium.uiautomator2.common.exceptions.ElementNotFoundException: An element could not be located on the page using the given search parameters\n\tat io.appium.uiautomator2.utils.ElementLocationHelpers.findElement(ElementLocationHelpers.java:156)\n\tat io.appium.uiautomator2.handler.FindElement.safeHandle(FindElement.java:60)\n\tat io.appium.uiautomator2.handler.request.SafeRequestHandler.handle(SafeRequestHandler.java:59)\n\tat io.appium.uiautomator2.server.AppiumServlet.handleRequest(AppiumServlet.java:277)\n\tat io.appium.uiautomator2.server.AppiumServlet.handleHttpRequest(AppiumServlet.java:271)\n\tat io.appium.uiautomator2.http.ServerHandler.channelRead(ServerHandler.java:77)\n\tat io.netty.channel.AbstractChannelHandlerContext.invokeChannelRead(AbstractChannelHandlerContext.java:366)\n\tat io.netty.channel.Abstr...
&amp#27;[38;5;66m[75895e03]&amp#27;[0m&amp#27;[38;5;123m[W3C]&amp#27;[0m Matched W3C error code 'no such element' to NoSuchElementError
&amp#27;[38;5;66m[75895e03]&amp#27;[0m&amp#27;[38;5;112m[AndroidUiautomator2Driver@b341 (75895e03)]&amp#27;[0m Waited for 13376 ms so far
&amp#27;[38;5;66m[75895e03]&amp#27;[0m&amp#27;[38;5;112m[AndroidUiautomator2Driver@b341 (75895e03)]&amp#27;[0m Matched '/element' to command name 'findElement'
&amp#27;[38;5;66m[75895e03]&amp#27;[0m&amp#27;[38;5;112m[AndroidUiautomator2Driver@b341 (75895e03)]&amp#27;[0m Proxying [POST /element] to [POST http://127.0.0.1:8200/session/9a29d941-f2de-44a0-9e8c-b573902f2815/element] with body: {"strategy":"xpath","selector":"//*[@content-desc=\"EyesAppiumHelperEDT\"]","context":"","multiple":false}
&amp#27;[38;5;66m[75895e03]&amp#27;[0m&amp#27;[38;5;112m[AndroidUiautomator2Driver@b341 (75895e03)]&amp#27;[0m Got response with status 404: {"sessionId":"9a29d941-f2de-44a0-9e8c-b573902f2815","value":{"error":"no such element","message":"An element could not be located on the page using the given search parameters","stacktrace":"io.appium.uiautomator2.common.exceptions.ElementNotFoundException: An element could not be located on the page using the given search parameters\n\tat io.appium.uiautomator2.utils.ElementLocationHelpers.findElement(ElementLocationHelpers.java:156)\n\tat io.appium.uiautomator2.handler.FindElement.safeHandle(FindElement.java:60)\n\tat io.appium.uiautomator2.handler.request.SafeRequestHandler.handle(SafeRequestHandler.java:59)\n\tat io.appium.uiautomator2.server.AppiumServlet.handleRequest(AppiumServlet.java:277)\n\tat io.appium.uiautomator2.server.AppiumServlet.handleHttpRequest(AppiumServlet.java:271)\n\tat io.appium.uiautomator2.http.ServerHandler.channelRead(ServerHandler.java:77)\n\tat io.netty.channel.AbstractChannelHandlerContext.invokeChannelRead(AbstractChannelHandlerContext.java:366)\n\tat io.netty.channel.Abstr...
&amp#27;[38;5;66m[75895e03]&amp#27;[0m&amp#27;[38;5;123m[W3C]&amp#27;[0m Matched W3C error code 'no such element' to NoSuchElementError
&amp#27;[38;5;66m[75895e03]&amp#27;[0m&amp#27;[38;5;112m[AndroidUiautomator2Driver@b341 (75895e03)]&amp#27;[0m Waited for 14010 ms so far
&amp#27;[38;5;66m[75895e03]&amp#27;[0m&amp#27;[38;5;112m[AndroidUiautomator2Driver@b341 (75895e03)]&amp#27;[0m Matched '/element' to command name 'findElement'
&amp#27;[38;5;66m[75895e03]&amp#27;[0m&amp#27;[38;5;112m[AndroidUiautomator2Driver@b341 (75895e03)]&amp#27;[0m Proxying [POST /element] to [POST http://127.0.0.1:8200/session/9a29d941-f2de-44a0-9e8c-b573902f2815/element] with body: {"strategy":"xpath","selector":"//*[@content-desc=\"EyesAppiumHelperEDT\"]","context":"","multiple":false}
&amp#27;[38;5;66m[75895e03]&amp#27;[0m&amp#27;[38;5;112m[AndroidUiautomator2Driver@b341 (75895e03)]&amp#27;[0m Got response with status 404: {"sessionId":"9a29d941-f2de-44a0-9e8c-b573902f2815","value":{"error":"no such element","message":"An element could not be located on the page using the given search parameters","stacktrace":"io.appium.uiautomator2.common.exceptions.ElementNotFoundException: An element could not be located on the page using the given search parameters\n\tat io.appium.uiautomator2.utils.ElementLocationHelpers.findElement(ElementLocationHelpers.java:156)\n\tat io.appium.uiautomator2.handler.FindElement.safeHandle(FindElement.java:60)\n\tat io.appium.uiautomator2.handler.request.SafeRequestHandler.handle(SafeRequestHandler.java:59)\n\tat io.appium.uiautomator2.server.AppiumServlet.handleRequest(AppiumServlet.java:277)\n\tat io.appium.uiautomator2.server.AppiumServlet.handleHttpRequest(AppiumServlet.java:271)\n\tat io.appium.uiautomator2.http.ServerHandler.channelRead(ServerHandler.java:77)\n\tat io.netty.channel.AbstractChannelHandlerContext.invokeChannelRead(AbstractChannelHandlerContext.java:366)\n\tat io.netty.channel.Abstr...
&amp#27;[38;5;66m[75895e03]&amp#27;[0m&amp#27;[38;5;123m[W3C]&amp#27;[0m Matched W3C error code 'no such element' to NoSuchElementError
&amp#27;[38;5;66m[75895e03]&amp#27;[0m&amp#27;[38;5;112m[AndroidUiautomator2Driver@b341 (75895e03)]&amp#27;[0m Waited for 14637 ms so far
&amp#27;[38;5;66m[75895e03]&amp#27;[0m&amp#27;[38;5;112m[AndroidUiautomator2Driver@b341 (75895e03)]&amp#27;[0m Matched '/element' to command name 'findElement'
&amp#27;[38;5;66m[75895e03]&amp#27;[0m&amp#27;[38;5;112m[AndroidUiautomator2Driver@b341 (75895e03)]&amp#27;[0m Proxying [POST /element] to [POST http://127.0.0.1:8200/session/9a29d941-f2de-44a0-9e8c-b573902f2815/element] with body: {"strategy":"xpath","selector":"//*[@content-desc=\"EyesAppiumHelperEDT\"]","context":"","multiple":false}
&amp#27;[38;5;66m[75895e03]&amp#27;[0m&amp#27;[38;5;112m[AndroidUiautomator2Driver@b341 (75895e03)]&amp#27;[0m Got response with status 404: {"sessionId":"9a29d941-f2de-44a0-9e8c-b573902f2815","value":{"error":"no such element","message":"An element could not be located on the page using the given search parameters","stacktrace":"io.appium.uiautomator2.common.exceptions.ElementNotFoundException: An element could not be located on the page using the given search parameters\n\tat io.appium.uiautomator2.utils.ElementLocationHelpers.findElement(ElementLocationHelpers.java:156)\n\tat io.appium.uiautomator2.handler.FindElement.safeHandle(FindElement.java:60)\n\tat io.appium.uiautomator2.handler.request.SafeRequestHandler.handle(SafeRequestHandler.java:59)\n\tat io.appium.uiautomator2.server.AppiumServlet.handleRequest(AppiumServlet.java:277)\n\tat io.appium.uiautomator2.server.AppiumServlet.handleHttpRequest(AppiumServlet.java:271)\n\tat io.appium.uiautomator2.http.ServerHandler.channelRead(ServerHandler.java:77)\n\tat io.netty.channel.AbstractChannelHandlerContext.invokeChannelRead(AbstractChannelHandlerContext.java:366)\n\tat io.netty.channel.Abstr...
&amp#27;[38;5;66m[75895e03]&amp#27;[0m&amp#27;[38;5;123m[W3C]&amp#27;[0m Matched W3C error code 'no such element' to NoSuchElementError
&amp#27;[38;5;66m[75895e03]&amp#27;[0m&amp#27;[38;5;112m[AndroidUiautomator2Driver@b341 (75895e03)]&amp#27;[0m Waited for 15273 ms so far
&amp#27;[38;5;66m[75895e03]&amp#27;[0m&amp#27;[38;5;112m[AndroidUiautomator2Driver@b341 (75895e03)]&amp#27;[0m Matched '/element' to command name 'findElement'
&amp#27;[38;5;66m[75895e03]&amp#27;[0m&amp#27;[38;5;112m[AndroidUiautomator2Driver@b341 (75895e03)]&amp#27;[0m Proxying [POST /element] to [POST http://127.0.0.1:8200/session/9a29d941-f2de-44a0-9e8c-b573902f2815/element] with body: {"strategy":"xpath","selector":"//*[@content-desc=\"EyesAppiumHelperEDT\"]","context":"","multiple":false}
&amp#27;[38;5;66m[75895e03]&amp#27;[0m&amp#27;[38;5;112m[AndroidUiautomator2Driver@b341 (75895e03)]&amp#27;[0m Got response with status 404: {"sessionId":"9a29d941-f2de-44a0-9e8c-b573902f2815","value":{"error":"no such element","message":"An element could not be located on the page using the given search parameters","stacktrace":"io.appium.uiautomator2.common.exceptions.ElementNotFoundException: An element could not be located on the page using the given search parameters\n\tat io.appium.uiautomator2.utils.ElementLocationHelpers.findElement(ElementLocationHelpers.java:156)\n\tat io.appium.uiautomator2.handler.FindElement.safeHandle(FindElement.java:60)\n\tat io.appium.uiautomator2.handler.request.SafeRequestHandler.handle(SafeRequestHandler.java:59)\n\tat io.appium.uiautomator2.server.AppiumServlet.handleRequest(AppiumServlet.java:277)\n\tat io.appium.uiautomator2.server.AppiumServlet.handleHttpRequest(AppiumServlet.java:271)\n\tat io.appium.uiautomator2.http.ServerHandler.channelRead(ServerHandler.java:77)\n\tat io.netty.channel.AbstractChannelHandlerContext.invokeChannelRead(AbstractChannelHandlerContext.java:366)\n\tat io.netty.channel.Abstr...
&amp#27;[38;5;66m[75895e03]&amp#27;[0m&amp#27;[38;5;123m[W3C]&amp#27;[0m Matched W3C error code 'no such element' to NoSuchElementError
&amp#27;[38;5;66m[75895e03]&amp#27;[0m&amp#27;[38;5;112m[AndroidUiautomator2Driver@b341 (75895e03)]&amp#27;[0m Waited for 15913 ms so far
&amp#27;[38;5;66m[75895e03]&amp#27;[0m&amp#27;[38;5;112m[AndroidUiautomator2Driver@b341 (75895e03)]&amp#27;[0m Matched '/element' to command name 'findElement'
&amp#27;[38;5;66m[75895e03]&amp#27;[0m&amp#27;[38;5;112m[AndroidUiautomator2Driver@b341 (75895e03)]&amp#27;[0m Proxying [POST /element] to [POST http://127.0.0.1:8200/session/9a29d941-f2de-44a0-9e8c-b573902f2815/element] with body: {"strategy":"xpath","selector":"//*[@content-desc=\"EyesAppiumHelperEDT\"]","context":"","multiple":false}
&amp#27;[38;5;66m[75895e03]&amp#27;[0m&amp#27;[38;5;112m[AndroidUiautomator2Driver@b341 (75895e03)]&amp#27;[0m Got response with status 404: {"sessionId":"9a29d941-f2de-44a0-9e8c-b573902f2815","value":{"error":"no such element","message":"An element could not be located on the page using the given search parameters","stacktrace":"io.appium.uiautomator2.common.exceptions.ElementNotFoundException: An element could not be located on the page using the given search parameters\n\tat io.appium.uiautomator2.utils.ElementLocationHelpers.findElement(ElementLocationHelpers.java:156)\n\tat io.appium.uiautomator2.handler.FindElement.safeHandle(FindElement.java:60)\n\tat io.appium.uiautomator2.handler.request.SafeRequestHandler.handle(SafeRequestHandler.java:59)\n\tat io.appium.uiautomator2.server.AppiumServlet.handleRequest(AppiumServlet.java:277)\n\tat io.appium.uiautomator2.server.AppiumServlet.handleHttpRequest(AppiumServlet.java:271)\n\tat io.appium.uiautomator2.http.ServerHandler.channelRead(ServerHandler.java:77)\n\tat io.netty.channel.AbstractChannelHandlerContext.invokeChannelRead(AbstractChannelHandlerContext.java:366)\n\tat io.netty.channel.Abstr...
&amp#27;[38;5;66m[75895e03]&amp#27;[0m&amp#27;[38;5;123m[W3C]&amp#27;[0m Matched W3C error code 'no such element' to NoSuchElementError
&amp#27;[38;5;66m[75895e03]&amp#27;[0m&amp#27;[38;5;112m[AndroidUiautomator2Driver@b341 (75895e03)]&amp#27;[0m Waited for 16562 ms so far
&amp#27;[38;5;66m[75895e03]&amp#27;[0m&amp#27;[38;5;112m[AndroidUiautomator2Driver@b341 (75895e03)]&amp#27;[0m Matched '/element' to command name 'findElement'
&amp#27;[38;5;66m[75895e03]&amp#27;[0m&amp#27;[38;5;112m[AndroidUiautomator2Driver@b341 (75895e03)]&amp#27;[0m Proxying [POST /element] to [POST http://127.0.0.1:8200/session/9a29d941-f2de-44a0-9e8c-b573902f2815/element] with body: {"strategy":"xpath","selector":"//*[@content-desc=\"EyesAppiumHelperEDT\"]","context":"","multiple":false}
&amp#27;[38;5;66m[75895e03]&amp#27;[0m&amp#27;[38;5;112m[AndroidUiautomator2Driver@b341 (75895e03)]&amp#27;[0m Got response with status 404: {"sessionId":"9a29d941-f2de-44a0-9e8c-b573902f2815","value":{"error":"no such element","message":"An element could not be located on the page using the given search parameters","stacktrace":"io.appium.uiautomator2.common.exceptions.ElementNotFoundException: An element could not be located on the page using the given search parameters\n\tat io.appium.uiautomator2.utils.ElementLocationHelpers.findElement(ElementLocationHelpers.java:156)\n\tat io.appium.uiautomator2.handler.FindElement.safeHandle(FindElement.java:60)\n\tat io.appium.uiautomator2.handler.request.SafeRequestHandler.handle(SafeRequestHandler.java:59)\n\tat io.appium.uiautomator2.server.AppiumServlet.handleRequest(AppiumServlet.java:277)\n\tat io.appium.uiautomator2.server.AppiumServlet.handleHttpRequest(AppiumServlet.java:271)\n\tat io.appium.uiautomator2.http.ServerHandler.channelRead(ServerHandler.java:77)\n\tat io.netty.channel.AbstractChannelHandlerContext.invokeChannelRead(AbstractChannelHandlerContext.java:366)\n\tat io.netty.channel.Abstr...
&amp#27;[38;5;66m[75895e03]&amp#27;[0m&amp#27;[38;5;123m[W3C]&amp#27;[0m Matched W3C error code 'no such element' to NoSuchElementError
&amp#27;[38;5;66m[75895e03]&amp#27;[0m&amp#27;[38;5;112m[AndroidUiautomator2Driver@b341 (75895e03)]&amp#27;[0m Waited for 17219 ms so far
&amp#27;[38;5;66m[75895e03]&amp#27;[0m&amp#27;[38;5;112m[AndroidUiautomator2Driver@b341 (75895e03)]&amp#27;[0m Matched '/element' to command name 'findElement'
&amp#27;[38;5;66m[75895e03]&amp#27;[0m&amp#27;[38;5;112m[AndroidUiautomator2Driver@b341 (75895e03)]&amp#27;[0m Proxying [POST /element] to [POST http://127.0.0.1:8200/session/9a29d941-f2de-44a0-9e8c-b573902f2815/element] with body: {"strategy":"xpath","selector":"//*[@content-desc=\"EyesAppiumHelperEDT\"]","context":"","multiple":false}
&amp#27;[38;5;66m[75895e03]&amp#27;[0m&amp#27;[38;5;112m[AndroidUiautomator2Driver@b341 (75895e03)]&amp#27;[0m Got response with status 404: {"sessionId":"9a29d941-f2de-44a0-9e8c-b573902f2815","value":{"error":"no such element","message":"An element could not be located on the page using the given search parameters","stacktrace":"io.appium.uiautomator2.common.exceptions.ElementNotFoundException: An element could not be located on the page using the given search parameters\n\tat io.appium.uiautomator2.utils.ElementLocationHelpers.findElement(ElementLocationHelpers.java:156)\n\tat io.appium.uiautomator2.handler.FindElement.safeHandle(FindElement.java:60)\n\tat io.appium.uiautomator2.handler.request.SafeRequestHandler.handle(SafeRequestHandler.java:59)\n\tat io.appium.uiautomator2.server.AppiumServlet.handleRequest(AppiumServlet.java:277)\n\tat io.appium.uiautomator2.server.AppiumServlet.handleHttpRequest(AppiumServlet.java:271)\n\tat io.appium.uiautomator2.http.ServerHandler.channelRead(ServerHandler.java:77)\n\tat io.netty.channel.AbstractChannelHandlerContext.invokeChannelRead(AbstractChannelHandlerContext.java:366)\n\tat io.netty.channel.Abstr...
&amp#27;[38;5;66m[75895e03]&amp#27;[0m&amp#27;[38;5;123m[W3C]&amp#27;[0m Matched W3C error code 'no such element' to NoSuchElementError
&amp#27;[38;5;66m[75895e03]&amp#27;[0m&amp#27;[38;5;112m[AndroidUiautomator2Driver@b341 (75895e03)]&amp#27;[0m Waited for 17859 ms so far
&amp#27;[38;5;66m[75895e03]&amp#27;[0m&amp#27;[38;5;112m[AndroidUiautomator2Driver@b341 (75895e03)]&amp#27;[0m Matched '/element' to command name 'findElement'
&amp#27;[38;5;66m[75895e03]&amp#27;[0m&amp#27;[38;5;112m[AndroidUiautomator2Driver@b341 (75895e03)]&amp#27;[0m Proxying [POST /element] to [POST http://127.0.0.1:8200/session/9a29d941-f2de-44a0-9e8c-b573902f2815/element] with body: {"strategy":"xpath","selector":"//*[@content-desc=\"EyesAppiumHelperEDT\"]","context":"","multiple":false}
&amp#27;[38;5;66m[75895e03]&amp#27;[0m&amp#27;[38;5;112m[AndroidUiautomator2Driver@b341 (75895e03)]&amp#27;[0m Got response with status 404: {"sessionId":"9a29d941-f2de-44a0-9e8c-b573902f2815","value":{"error":"no such element","message":"An element could not be located on the page using the given search parameters","stacktrace":"io.appium.uiautomator2.common.exceptions.ElementNotFoundException: An element could not be located on the page using the given search parameters\n\tat io.appium.uiautomator2.utils.ElementLocationHelpers.findElement(ElementLocationHelpers.java:156)\n\tat io.appium.uiautomator2.handler.FindElement.safeHandle(FindElement.java:60)\n\tat io.appium.uiautomator2.handler.request.SafeRequestHandler.handle(SafeRequestHandler.java:59)\n\tat io.appium.uiautomator2.server.AppiumServlet.handleRequest(AppiumServlet.java:277)\n\tat io.appium.uiautomator2.server.AppiumServlet.handleHttpRequest(AppiumServlet.java:271)\n\tat io.appium.uiautomator2.http.ServerHandler.channelRead(ServerHandler.java:77)\n\tat io.netty.channel.AbstractChannelHandlerContext.invokeChannelRead(AbstractChannelHandlerContext.java:366)\n\tat io.netty.channel.Abstr...
&amp#27;[38;5;66m[75895e03]&amp#27;[0m&amp#27;[38;5;123m[W3C]&amp#27;[0m Matched W3C error code 'no such element' to NoSuchElementError
&amp#27;[38;5;66m[75895e03]&amp#27;[0m&amp#27;[38;5;112m[AndroidUiautomator2Driver@b341 (75895e03)]&amp#27;[0m Waited for 18513 ms so far
&amp#27;[38;5;66m[75895e03]&amp#27;[0m&amp#27;[38;5;112m[AndroidUiautomator2Driver@b341 (75895e03)]&amp#27;[0m Matched '/element' to command name 'findElement'
&amp#27;[38;5;66m[75895e03]&amp#27;[0m&amp#27;[38;5;112m[AndroidUiautomator2Driver@b341 (75895e03)]&amp#27;[0m Proxying [POST /element] to [POST http://127.0.0.1:8200/session/9a29d941-f2de-44a0-9e8c-b573902f2815/element] with body: {"strategy":"xpath","selector":"//*[@content-desc=\"EyesAppiumHelperEDT\"]","context":"","multiple":false}
&amp#27;[38;5;66m[75895e03]&amp#27;[0m&amp#27;[38;5;112m[AndroidUiautomator2Driver@b341 (75895e03)]&amp#27;[0m Got response with status 404: {"sessionId":"9a29d941-f2de-44a0-9e8c-b573902f2815","value":{"error":"no such element","message":"An element could not be located on the page using the given search parameters","stacktrace":"io.appium.uiautomator2.common.exceptions.ElementNotFoundException: An element could not be located on the page using the given search parameters\n\tat io.appium.uiautomator2.utils.ElementLocationHelpers.findElement(ElementLocationHelpers.java:156)\n\tat io.appium.uiautomator2.handler.FindElement.safeHandle(FindElement.java:60)\n\tat io.appium.uiautomator2.handler.request.SafeRequestHandler.handle(SafeRequestHandler.java:59)\n\tat io.appium.uiautomator2.server.AppiumServlet.handleRequest(AppiumServlet.java:277)\n\tat io.appium.uiautomator2.server.AppiumServlet.handleHttpRequest(AppiumServlet.java:271)\n\tat io.appium.uiautomator2.http.ServerHandler.channelRead(ServerHandler.java:77)\n\tat io.netty.channel.AbstractChannelHandlerContext.invokeChannelRead(AbstractChannelHandlerContext.java:366)\n\tat io.netty.channel.Abstr...
&amp#27;[38;5;66m[75895e03]&amp#27;[0m&amp#27;[38;5;123m[W3C]&amp#27;[0m Matched W3C error code 'no such element' to NoSuchElementError
&amp#27;[38;5;66m[75895e03]&amp#27;[0m&amp#27;[38;5;112m[AndroidUiautomator2Driver@b341 (75895e03)]&amp#27;[0m Waited for 19156 ms so far
&amp#27;[38;5;66m[75895e03]&amp#27;[0m&amp#27;[38;5;112m[AndroidUiautomator2Driver@b341 (75895e03)]&amp#27;[0m Matched '/element' to command name 'findElement'
&amp#27;[38;5;66m[75895e03]&amp#27;[0m&amp#27;[38;5;112m[AndroidUiautomator2Driver@b341 (75895e03)]&amp#27;[0m Proxying [POST /element] to [POST http://127.0.0.1:8200/session/9a29d941-f2de-44a0-9e8c-b573902f2815/element] with body: {"strategy":"xpath","selector":"//*[@content-desc=\"EyesAppiumHelperEDT\"]","context":"","multiple":false}
&amp#27;[38;5;66m[75895e03]&amp#27;[0m&amp#27;[38;5;112m[AndroidUiautomator2Driver@b341 (75895e03)]&amp#27;[0m Got response with status 404: {"sessionId":"9a29d941-f2de-44a0-9e8c-b573902f2815","value":{"error":"no such element","message":"An element could not be located on the page using the given search parameters","stacktrace":"io.appium.uiautomator2.common.exceptions.ElementNotFoundException: An element could not be located on the page using the given search parameters\n\tat io.appium.uiautomator2.utils.ElementLocationHelpers.findElement(ElementLocationHelpers.java:156)\n\tat io.appium.uiautomator2.handler.FindElement.safeHandle(FindElement.java:60)\n\tat io.appium.uiautomator2.handler.request.SafeRequestHandler.handle(SafeRequestHandler.java:59)\n\tat io.appium.uiautomator2.server.AppiumServlet.handleRequest(AppiumServlet.java:277)\n\tat io.appium.uiautomator2.server.AppiumServlet.handleHttpRequest(AppiumServlet.java:271)\n\tat io.appium.uiautomator2.http.ServerHandler.channelRead(ServerHandler.java:77)\n\tat io.netty.channel.AbstractChannelHandlerContext.invokeChannelRead(AbstractChannelHandlerContext.java:366)\n\tat io.netty.channel.Abstr...
&amp#27;[38;5;66m[75895e03]&amp#27;[0m&amp#27;[38;5;123m[W3C]&amp#27;[0m Matched W3C error code 'no such element' to NoSuchElementError
&amp#27;[38;5;66m[75895e03]&amp#27;[0m&amp#27;[38;5;112m[AndroidUiautomator2Driver@b341 (75895e03)]&amp#27;[0m Waited for 19796 ms so far
&amp#27;[38;5;66m[75895e03]&amp#27;[0m&amp#27;[38;5;112m[AndroidUiautomator2Driver@b341 (75895e03)]&amp#27;[0m Matched '/element' to command name 'findElement'
&amp#27;[38;5;66m[75895e03]&amp#27;[0m&amp#27;[38;5;112m[AndroidUiautomator2Driver@b341 (75895e03)]&amp#27;[0m Proxying [POST /element] to [POST http://127.0.0.1:8200/session/9a29d941-f2de-44a0-9e8c-b573902f2815/element] with body: {"strategy":"xpath","selector":"//*[@content-desc=\"EyesAppiumHelperEDT\"]","context":"","multiple":false}
&amp#27;[38;5;66m[75895e03]&amp#27;[0m&amp#27;[38;5;112m[AndroidUiautomator2Driver@b341 (75895e03)]&amp#27;[0m Got response with status 404: {"sessionId":"9a29d941-f2de-44a0-9e8c-b573902f2815","value":{"error":"no such element","message":"An element could not be located on the page using the given search parameters","stacktrace":"io.appium.uiautomator2.common.exceptions.ElementNotFoundException: An element could not be located on the page using the given search parameters\n\tat io.appium.uiautomator2.utils.ElementLocationHelpers.findElement(ElementLocationHelpers.java:156)\n\tat io.appium.uiautomator2.handler.FindElement.safeHandle(FindElement.java:60)\n\tat io.appium.uiautomator2.handler.request.SafeRequestHandler.handle(SafeRequestHandler.java:59)\n\tat io.appium.uiautomator2.server.AppiumServlet.handleRequest(AppiumServlet.java:277)\n\tat io.appium.uiautomator2.server.AppiumServlet.handleHttpRequest(AppiumServlet.java:271)\n\tat io.appium.uiautomator2.http.ServerHandler.channelRead(ServerHandler.java:77)\n\tat io.netty.channel.AbstractChannelHandlerContext.invokeChannelRead(AbstractChannelHandlerContext.java:366)\n\tat io.netty.channel.Abstr...
&amp#27;[38;5;66m[75895e03]&amp#27;[0m&amp#27;[38;5;123m[W3C]&amp#27;[0m Matched W3C error code 'no such element' to NoSuchElementError
&amp#27;[38;5;66m[75895e03]&amp#27;[0m&amp#27;[38;5;112m[AndroidUiautomator2Driver@b341 (75895e03)]&amp#27;[0m Encountered internal error running command: NoSuchElementError: An element could not be located on the page using the given search parameters.
&amp#27;[38;5;66m[75895e03]&amp#27;[0m&amp#27;[38;5;112m[AndroidUiautomator2Driver@b341 (75895e03)]&amp#27;[0m     at AndroidUiautomator2Driver.findElOrEls (/Users/oikhlas/.appium/node_modules/appium-uiautomator2-driver/node_modules/appium-android-driver/lib/commands/find.ts:86:11)
&amp#27;[38;5;66m[75895e03]&amp#27;[0m&amp#27;[38;5;112m[AndroidUiautomator2Driver@b341 (75895e03)]&amp#27;[0m     at processTicksAndRejections (node:internal/process/task_queues:95:5)
&amp#27;[38;5;66m[75895e03]&amp#27;[0m&amp#27;[38;5;112m[AndroidUiautomator2Driver@b341 (75895e03)]&amp#27;[0m     at AndroidUiautomator2Driver.findElOrElsWithProcessing (/Users/oikhlas/node_modules/@appium/base-driver/lib/basedriver/commands/find.ts:60:12)
&amp#27;[38;5;66m[75895e03]&amp#27;[0m&amp#27;[38;5;112m[AndroidUiautomator2Driver@b341 (75895e03)]&amp#27;[0m     at AndroidUiautomator2Driver.findElement (/Users/oikhlas/node_modules/@appium/base-driver/lib/basedriver/commands/find.ts:75:12)
&amp#27;[38;5;66m[75895e03]&amp#27;[0m&amp#27;[38;5;86m[HTTP]&amp#27;[0m <-- POST /session/75895e03-7749-47e3-bc13-bf90a3ed7962/element 404 20147 ms - 772 
&amp#27;[38;5;66m[75895e03]&amp#27;[0m&amp#27;[38;5;86m[HTTP]&amp#27;[0m &amp#27;[37m-->&amp#27;[39m &amp#27;[37mPOST&amp#27;[39m &amp#27;[37m/session/75895e03-7749-47e3-bc13-bf90a3ed7962/element&amp#27;[39m {"using":"xpath","value":"//*[@content-desc=\"EyesAppiumHelper\"]"}
&amp#27;[38;5;66m[75895e03]&amp#27;[0m&amp#27;[38;5;112m[AndroidUiautomator2Driver@b341 (75895e03)]&amp#27;[0m Calling AppiumDriver.findElement() with args: ["xpath","//*[@content-desc=\"EyesAppiumHelper\"]","75895e03-7749-47e3-bc13-bf90a3ed7962"]
&amp#27;[38;5;66m[75895e03]&amp#27;[0m&amp#27;[38;5;112m[AndroidUiautomator2Driver@b341 (75895e03)]&amp#27;[0m Valid locator strategies for this request: xpath, id, class name, accessibility id, css selector, -android uiautomator
&amp#27;[38;5;66m[75895e03]&amp#27;[0m&amp#27;[38;5;112m[AndroidUiautomator2Driver@b341 (75895e03)]&amp#27;[0m Waiting up to 20000 ms for condition
&amp#27;[38;5;66m[75895e03]&amp#27;[0m&amp#27;[38;5;112m[AndroidUiautomator2Driver@b341 (75895e03)]&amp#27;[0m Matched '/element' to command name 'findElement'
&amp#27;[38;5;66m[75895e03]&amp#27;[0m&amp#27;[38;5;112m[AndroidUiautomator2Driver@b341 (75895e03)]&amp#27;[0m Proxying [POST /element] to [POST http://127.0.0.1:8200/session/9a29d941-f2de-44a0-9e8c-b573902f2815/element] with body: {"strategy":"xpath","selector":"//*[@content-desc=\"EyesAppiumHelper\"]","context":"","multiple":false}
&amp#27;[38;5;66m[75895e03]&amp#27;[0m&amp#27;[38;5;112m[AndroidUiautomator2Driver@b341 (75895e03)]&amp#27;[0m Got response with status 404: {"sessionId":"9a29d941-f2de-44a0-9e8c-b573902f2815","value":{"error":"no such element","message":"An element could not be located on the page using the given search parameters","stacktrace":"io.appium.uiautomator2.common.exceptions.ElementNotFoundException: An element could not be located on the page using the given search parameters\n\tat io.appium.uiautomator2.utils.ElementLocationHelpers.findElement(ElementLocationHelpers.java:156)\n\tat io.appium.uiautomator2.handler.FindElement.safeHandle(FindElement.java:60)\n\tat io.appium.uiautomator2.handler.request.SafeRequestHandler.handle(SafeRequestHandler.java:59)\n\tat io.appium.uiautomator2.server.AppiumServlet.handleRequest(AppiumServlet.java:277)\n\tat io.appium.uiautomator2.server.AppiumServlet.handleHttpRequest(AppiumServlet.java:271)\n\tat io.appium.uiautomator2.http.ServerHandler.channelRead(ServerHandler.java:77)\n\tat io.netty.channel.AbstractChannelHandlerContext.invokeChannelRead(AbstractChannelHandlerContext.java:366)\n\tat io.netty.channel.Abstr...
&amp#27;[38;5;66m[75895e03]&amp#27;[0m&amp#27;[38;5;123m[W3C]&amp#27;[0m Matched W3C error code 'no such element' to NoSuchElementError
&amp#27;[38;5;66m[75895e03]&amp#27;[0m&amp#27;[38;5;112m[AndroidUiautomator2Driver@b341 (75895e03)]&amp#27;[0m Waited for 120 ms so far
&amp#27;[38;5;66m[75895e03]&amp#27;[0m&amp#27;[38;5;112m[AndroidUiautomator2Driver@b341 (75895e03)]&amp#27;[0m Matched '/element' to command name 'findElement'
&amp#27;[38;5;66m[75895e03]&amp#27;[0m&amp#27;[38;5;112m[AndroidUiautomator2Driver@b341 (75895e03)]&amp#27;[0m Proxying [POST /element] to [POST http://127.0.0.1:8200/session/9a29d941-f2de-44a0-9e8c-b573902f2815/element] with body: {"strategy":"xpath","selector":"//*[@content-desc=\"EyesAppiumHelper\"]","context":"","multiple":false}
&amp#27;[38;5;66m[75895e03]&amp#27;[0m&amp#27;[38;5;112m[AndroidUiautomator2Driver@b341 (75895e03)]&amp#27;[0m Got response with status 404: {"sessionId":"9a29d941-f2de-44a0-9e8c-b573902f2815","value":{"error":"no such element","message":"An element could not be located on the page using the given search parameters","stacktrace":"io.appium.uiautomator2.common.exceptions.ElementNotFoundException: An element could not be located on the page using the given search parameters\n\tat io.appium.uiautomator2.utils.ElementLocationHelpers.findElement(ElementLocationHelpers.java:156)\n\tat io.appium.uiautomator2.handler.FindElement.safeHandle(FindElement.java:60)\n\tat io.appium.uiautomator2.handler.request.SafeRequestHandler.handle(SafeRequestHandler.java:59)\n\tat io.appium.uiautomator2.server.AppiumServlet.handleRequest(AppiumServlet.java:277)\n\tat io.appium.uiautomator2.server.AppiumServlet.handleHttpRequest(AppiumServlet.java:271)\n\tat io.appium.uiautomator2.http.ServerHandler.channelRead(ServerHandler.java:77)\n\tat io.netty.channel.AbstractChannelHandlerContext.invokeChannelRead(AbstractChannelHandlerContext.java:366)\n\tat io.netty.channel.Abstr...
&amp#27;[38;5;66m[75895e03]&amp#27;[0m&amp#27;[38;5;123m[W3C]&amp#27;[0m Matched W3C error code 'no such element' to NoSuchElementError
&amp#27;[38;5;66m[75895e03]&amp#27;[0m&amp#27;[38;5;112m[AndroidUiautomator2Driver@b341 (75895e03)]&amp#27;[0m Waited for 789 ms so far
&amp#27;[38;5;66m[75895e03]&amp#27;[0m&amp#27;[38;5;112m[AndroidUiautomator2Driver@b341 (75895e03)]&amp#27;[0m Matched '/element' to command name 'findElement'
&amp#27;[38;5;66m[75895e03]&amp#27;[0m&amp#27;[38;5;112m[AndroidUiautomator2Driver@b341 (75895e03)]&amp#27;[0m Proxying [POST /element] to [POST http://127.0.0.1:8200/session/9a29d941-f2de-44a0-9e8c-b573902f2815/element] with body: {"strategy":"xpath","selector":"//*[@content-desc=\"EyesAppiumHelper\"]","context":"","multiple":false}
&amp#27;[38;5;66m[75895e03]&amp#27;[0m&amp#27;[38;5;112m[AndroidUiautomator2Driver@b341 (75895e03)]&amp#27;[0m Got response with status 404: {"sessionId":"9a29d941-f2de-44a0-9e8c-b573902f2815","value":{"error":"no such element","message":"An element could not be located on the page using the given search parameters","stacktrace":"io.appium.uiautomator2.common.exceptions.ElementNotFoundException: An element could not be located on the page using the given search parameters\n\tat io.appium.uiautomator2.utils.ElementLocationHelpers.findElement(ElementLocationHelpers.java:156)\n\tat io.appium.uiautomator2.handler.FindElement.safeHandle(FindElement.java:60)\n\tat io.appium.uiautomator2.handler.request.SafeRequestHandler.handle(SafeRequestHandler.java:59)\n\tat io.appium.uiautomator2.server.AppiumServlet.handleRequest(AppiumServlet.java:277)\n\tat io.appium.uiautomator2.server.AppiumServlet.handleHttpRequest(AppiumServlet.java:271)\n\tat io.appium.uiautomator2.http.ServerHandler.channelRead(ServerHandler.java:77)\n\tat io.netty.channel.AbstractChannelHandlerContext.invokeChannelRead(AbstractChannelHandlerContext.java:366)\n\tat io.netty.channel.Abstr...
&amp#27;[38;5;66m[75895e03]&amp#27;[0m&amp#27;[38;5;123m[W3C]&amp#27;[0m Matched W3C error code 'no such element' to NoSuchElementError
&amp#27;[38;5;66m[75895e03]&amp#27;[0m&amp#27;[38;5;112m[AndroidUiautomator2Driver@b341 (75895e03)]&amp#27;[0m Waited for 1430 ms so far
&amp#27;[38;5;66m[75895e03]&amp#27;[0m&amp#27;[38;5;112m[AndroidUiautomator2Driver@b341 (75895e03)]&amp#27;[0m Matched '/element' to command name 'findElement'
&amp#27;[38;5;66m[75895e03]&amp#27;[0m&amp#27;[38;5;112m[AndroidUiautomator2Driver@b341 (75895e03)]&amp#27;[0m Proxying [POST /element] to [POST http://127.0.0.1:8200/session/9a29d941-f2de-44a0-9e8c-b573902f2815/element] with body: {"strategy":"xpath","selector":"//*[@content-desc=\"EyesAppiumHelper\"]","context":"","multiple":false}
&amp#27;[38;5;66m[75895e03]&amp#27;[0m&amp#27;[38;5;112m[AndroidUiautomator2Driver@b341 (75895e03)]&amp#27;[0m Got response with status 404: {"sessionId":"9a29d941-f2de-44a0-9e8c-b573902f2815","value":{"error":"no such element","message":"An element could not be located on the page using the given search parameters","stacktrace":"io.appium.uiautomator2.common.exceptions.ElementNotFoundException: An element could not be located on the page using the given search parameters\n\tat io.appium.uiautomator2.utils.ElementLocationHelpers.findElement(ElementLocationHelpers.java:156)\n\tat io.appium.uiautomator2.handler.FindElement.safeHandle(FindElement.java:60)\n\tat io.appium.uiautomator2.handler.request.SafeRequestHandler.handle(SafeRequestHandler.java:59)\n\tat io.appium.uiautomator2.server.AppiumServlet.handleRequest(AppiumServlet.java:277)\n\tat io.appium.uiautomator2.server.AppiumServlet.handleHttpRequest(AppiumServlet.java:271)\n\tat io.appium.uiautomator2.http.ServerHandler.channelRead(ServerHandler.java:77)\n\tat io.netty.channel.AbstractChannelHandlerContext.invokeChannelRead(AbstractChannelHandlerContext.java:366)\n\tat io.netty.channel.Abstr...
&amp#27;[38;5;66m[75895e03]&amp#27;[0m&amp#27;[38;5;123m[W3C]&amp#27;[0m Matched W3C error code 'no such element' to NoSuchElementError
&amp#27;[38;5;66m[75895e03]&amp#27;[0m&amp#27;[38;5;112m[AndroidUiautomator2Driver@b341 (75895e03)]&amp#27;[0m Waited for 2183 ms so far
&amp#27;[38;5;66m[75895e03]&amp#27;[0m&amp#27;[38;5;112m[AndroidUiautomator2Driver@b341 (75895e03)]&amp#27;[0m Matched '/element' to command name 'findElement'
&amp#27;[38;5;66m[75895e03]&amp#27;[0m&amp#27;[38;5;112m[AndroidUiautomator2Driver@b341 (75895e03)]&amp#27;[0m Proxying [POST /element] to [POST http://127.0.0.1:8200/session/9a29d941-f2de-44a0-9e8c-b573902f2815/element] with body: {"strategy":"xpath","selector":"//*[@content-desc=\"EyesAppiumHelper\"]","context":"","multiple":false}
&amp#27;[38;5;66m[75895e03]&amp#27;[0m&amp#27;[38;5;112m[AndroidUiautomator2Driver@b341 (75895e03)]&amp#27;[0m Got response with status 404: {"sessionId":"9a29d941-f2de-44a0-9e8c-b573902f2815","value":{"error":"no such element","message":"An element could not be located on the page using the given search parameters","stacktrace":"io.appium.uiautomator2.common.exceptions.ElementNotFoundException: An element could not be located on the page using the given search parameters\n\tat io.appium.uiautomator2.utils.ElementLocationHelpers.findElement(ElementLocationHelpers.java:156)\n\tat io.appium.uiautomator2.handler.FindElement.safeHandle(FindElement.java:60)\n\tat io.appium.uiautomator2.handler.request.SafeRequestHandler.handle(SafeRequestHandler.java:59)\n\tat io.appium.uiautomator2.server.AppiumServlet.handleRequest(AppiumServlet.java:277)\n\tat io.appium.uiautomator2.server.AppiumServlet.handleHttpRequest(AppiumServlet.java:271)\n\tat io.appium.uiautomator2.http.ServerHandler.channelRead(ServerHandler.java:77)\n\tat io.netty.channel.AbstractChannelHandlerContext.invokeChannelRead(AbstractChannelHandlerContext.java:366)\n\tat io.netty.channel.Abstr...
&amp#27;[38;5;66m[75895e03]&amp#27;[0m&amp#27;[38;5;123m[W3C]&amp#27;[0m Matched W3C error code 'no such element' to NoSuchElementError
&amp#27;[38;5;66m[75895e03]&amp#27;[0m&amp#27;[38;5;112m[AndroidUiautomator2Driver@b341 (75895e03)]&amp#27;[0m Waited for 2849 ms so far
&amp#27;[38;5;66m[75895e03]&amp#27;[0m&amp#27;[38;5;112m[AndroidUiautomator2Driver@b341 (75895e03)]&amp#27;[0m Matched '/element' to command name 'findElement'
&amp#27;[38;5;66m[75895e03]&amp#27;[0m&amp#27;[38;5;112m[AndroidUiautomator2Driver@b341 (75895e03)]&amp#27;[0m Proxying [POST /element] to [POST http://127.0.0.1:8200/session/9a29d941-f2de-44a0-9e8c-b573902f2815/element] with body: {"strategy":"xpath","selector":"//*[@content-desc=\"EyesAppiumHelper\"]","context":"","multiple":false}
&amp#27;[38;5;66m[75895e03]&amp#27;[0m&amp#27;[38;5;112m[AndroidUiautomator2Driver@b341 (75895e03)]&amp#27;[0m Got response with status 404: {"sessionId":"9a29d941-f2de-44a0-9e8c-b573902f2815","value":{"error":"no such element","message":"An element could not be located on the page using the given search parameters","stacktrace":"io.appium.uiautomator2.common.exceptions.ElementNotFoundException: An element could not be located on the page using the given search parameters\n\tat io.appium.uiautomator2.utils.ElementLocationHelpers.findElement(ElementLocationHelpers.java:156)\n\tat io.appium.uiautomator2.handler.FindElement.safeHandle(FindElement.java:60)\n\tat io.appium.uiautomator2.handler.request.SafeRequestHandler.handle(SafeRequestHandler.java:59)\n\tat io.appium.uiautomator2.server.AppiumServlet.handleRequest(AppiumServlet.java:277)\n\tat io.appium.uiautomator2.server.AppiumServlet.handleHttpRequest(AppiumServlet.java:271)\n\tat io.appium.uiautomator2.http.ServerHandler.channelRead(ServerHandler.java:77)\n\tat io.netty.channel.AbstractChannelHandlerContext.invokeChannelRead(AbstractChannelHandlerContext.java:366)\n\tat io.netty.channel.Abstr...
&amp#27;[38;5;66m[75895e03]&amp#27;[0m&amp#27;[38;5;123m[W3C]&amp#27;[0m Matched W3C error code 'no such element' to NoSuchElementError
&amp#27;[38;5;66m[75895e03]&amp#27;[0m&amp#27;[38;5;112m[AndroidUiautomator2Driver@b341 (75895e03)]&amp#27;[0m Waited for 3488 ms so far
&amp#27;[38;5;66m[75895e03]&amp#27;[0m&amp#27;[38;5;112m[AndroidUiautomator2Driver@b341 (75895e03)]&amp#27;[0m Matched '/element' to command name 'findElement'
&amp#27;[38;5;66m[75895e03]&amp#27;[0m&amp#27;[38;5;112m[AndroidUiautomator2Driver@b341 (75895e03)]&amp#27;[0m Proxying [POST /element] to [POST http://127.0.0.1:8200/session/9a29d941-f2de-44a0-9e8c-b573902f2815/element] with body: {"strategy":"xpath","selector":"//*[@content-desc=\"EyesAppiumHelper\"]","context":"","multiple":false}
&amp#27;[38;5;66m[75895e03]&amp#27;[0m&amp#27;[38;5;112m[AndroidUiautomator2Driver@b341 (75895e03)]&amp#27;[0m Got response with status 404: {"sessionId":"9a29d941-f2de-44a0-9e8c-b573902f2815","value":{"error":"no such element","message":"An element could not be located on the page using the given search parameters","stacktrace":"io.appium.uiautomator2.common.exceptions.ElementNotFoundException: An element could not be located on the page using the given search parameters\n\tat io.appium.uiautomator2.utils.ElementLocationHelpers.findElement(ElementLocationHelpers.java:156)\n\tat io.appium.uiautomator2.handler.FindElement.safeHandle(FindElement.java:60)\n\tat io.appium.uiautomator2.handler.request.SafeRequestHandler.handle(SafeRequestHandler.java:59)\n\tat io.appium.uiautomator2.server.AppiumServlet.handleRequest(AppiumServlet.java:277)\n\tat io.appium.uiautomator2.server.AppiumServlet.handleHttpRequest(AppiumServlet.java:271)\n\tat io.appium.uiautomator2.http.ServerHandler.channelRead(ServerHandler.java:77)\n\tat io.netty.channel.AbstractChannelHandlerContext.invokeChannelRead(AbstractChannelHandlerContext.java:366)\n\tat io.netty.channel.Abstr...
&amp#27;[38;5;66m[75895e03]&amp#27;[0m&amp#27;[38;5;123m[W3C]&amp#27;[0m Matched W3C error code 'no such element' to NoSuchElementError
&amp#27;[38;5;66m[75895e03]&amp#27;[0m&amp#27;[38;5;112m[AndroidUiautomator2Driver@b341 (75895e03)]&amp#27;[0m Waited for 4123 ms so far
&amp#27;[38;5;66m[75895e03]&amp#27;[0m&amp#27;[38;5;112m[AndroidUiautomator2Driver@b341 (75895e03)]&amp#27;[0m Matched '/element' to command name 'findElement'
&amp#27;[38;5;66m[75895e03]&amp#27;[0m&amp#27;[38;5;112m[AndroidUiautomator2Driver@b341 (75895e03)]&amp#27;[0m Proxying [POST /element] to [POST http://127.0.0.1:8200/session/9a29d941-f2de-44a0-9e8c-b573902f2815/element] with body: {"strategy":"xpath","selector":"//*[@content-desc=\"EyesAppiumHelper\"]","context":"","multiple":false}
&amp#27;[38;5;66m[75895e03]&amp#27;[0m&amp#27;[38;5;112m[AndroidUiautomator2Driver@b341 (75895e03)]&amp#27;[0m Got response with status 404: {"sessionId":"9a29d941-f2de-44a0-9e8c-b573902f2815","value":{"error":"no such element","message":"An element could not be located on the page using the given search parameters","stacktrace":"io.appium.uiautomator2.common.exceptions.ElementNotFoundException: An element could not be located on the page using the given search parameters\n\tat io.appium.uiautomator2.utils.ElementLocationHelpers.findElement(ElementLocationHelpers.java:156)\n\tat io.appium.uiautomator2.handler.FindElement.safeHandle(FindElement.java:60)\n\tat io.appium.uiautomator2.handler.request.SafeRequestHandler.handle(SafeRequestHandler.java:59)\n\tat io.appium.uiautomator2.server.AppiumServlet.handleRequest(AppiumServlet.java:277)\n\tat io.appium.uiautomator2.server.AppiumServlet.handleHttpRequest(AppiumServlet.java:271)\n\tat io.appium.uiautomator2.http.ServerHandler.channelRead(ServerHandler.java:77)\n\tat io.netty.channel.AbstractChannelHandlerContext.invokeChannelRead(AbstractChannelHandlerContext.java:366)\n\tat io.netty.channel.Abstr...
&amp#27;[38;5;66m[75895e03]&amp#27;[0m&amp#27;[38;5;123m[W3C]&amp#27;[0m Matched W3C error code 'no such element' to NoSuchElementError
&amp#27;[38;5;66m[75895e03]&amp#27;[0m&amp#27;[38;5;112m[AndroidUiautomator2Driver@b341 (75895e03)]&amp#27;[0m Waited for 4827 ms so far
&amp#27;[38;5;66m[75895e03]&amp#27;[0m&amp#27;[38;5;112m[AndroidUiautomator2Driver@b341 (75895e03)]&amp#27;[0m Matched '/element' to command name 'findElement'
&amp#27;[38;5;66m[75895e03]&amp#27;[0m&amp#27;[38;5;112m[AndroidUiautomator2Driver@b341 (75895e03)]&amp#27;[0m Proxying [POST /element] to [POST http://127.0.0.1:8200/session/9a29d941-f2de-44a0-9e8c-b573902f2815/element] with body: {"strategy":"xpath","selector":"//*[@content-desc=\"EyesAppiumHelper\"]","context":"","multiple":false}
&amp#27;[38;5;66m[75895e03]&amp#27;[0m&amp#27;[38;5;112m[AndroidUiautomator2Driver@b341 (75895e03)]&amp#27;[0m Got response with status 404: {"sessionId":"9a29d941-f2de-44a0-9e8c-b573902f2815","value":{"error":"no such element","message":"An element could not be located on the page using the given search parameters","stacktrace":"io.appium.uiautomator2.common.exceptions.ElementNotFoundException: An element could not be located on the page using the given search parameters\n\tat io.appium.uiautomator2.utils.ElementLocationHelpers.findElement(ElementLocationHelpers.java:156)\n\tat io.appium.uiautomator2.handler.FindElement.safeHandle(FindElement.java:60)\n\tat io.appium.uiautomator2.handler.request.SafeRequestHandler.handle(SafeRequestHandler.java:59)\n\tat io.appium.uiautomator2.server.AppiumServlet.handleRequest(AppiumServlet.java:277)\n\tat io.appium.uiautomator2.server.AppiumServlet.handleHttpRequest(AppiumServlet.java:271)\n\tat io.appium.uiautomator2.http.ServerHandler.channelRead(ServerHandler.java:77)\n\tat io.netty.channel.AbstractChannelHandlerContext.invokeChannelRead(AbstractChannelHandlerContext.java:366)\n\tat io.netty.channel.Abstr...
&amp#27;[38;5;66m[75895e03]&amp#27;[0m&amp#27;[38;5;123m[W3C]&amp#27;[0m Matched W3C error code 'no such element' to NoSuchElementError
&amp#27;[38;5;66m[75895e03]&amp#27;[0m&amp#27;[38;5;112m[AndroidUiautomator2Driver@b341 (75895e03)]&amp#27;[0m Waited for 5521 ms so far
&amp#27;[38;5;66m[75895e03]&amp#27;[0m&amp#27;[38;5;112m[AndroidUiautomator2Driver@b341 (75895e03)]&amp#27;[0m Matched '/element' to command name 'findElement'
&amp#27;[38;5;66m[75895e03]&amp#27;[0m&amp#27;[38;5;112m[AndroidUiautomator2Driver@b341 (75895e03)]&amp#27;[0m Proxying [POST /element] to [POST http://127.0.0.1:8200/session/9a29d941-f2de-44a0-9e8c-b573902f2815/element] with body: {"strategy":"xpath","selector":"//*[@content-desc=\"EyesAppiumHelper\"]","context":"","multiple":false}
&amp#27;[38;5;66m[75895e03]&amp#27;[0m&amp#27;[38;5;112m[AndroidUiautomator2Driver@b341 (75895e03)]&amp#27;[0m Got response with status 404: {"sessionId":"9a29d941-f2de-44a0-9e8c-b573902f2815","value":{"error":"no such element","message":"An element could not be located on the page using the given search parameters","stacktrace":"io.appium.uiautomator2.common.exceptions.ElementNotFoundException: An element could not be located on the page using the given search parameters\n\tat io.appium.uiautomator2.utils.ElementLocationHelpers.findElement(ElementLocationHelpers.java:156)\n\tat io.appium.uiautomator2.handler.FindElement.safeHandle(FindElement.java:60)\n\tat io.appium.uiautomator2.handler.request.SafeRequestHandler.handle(SafeRequestHandler.java:59)\n\tat io.appium.uiautomator2.server.AppiumServlet.handleRequest(AppiumServlet.java:277)\n\tat io.appium.uiautomator2.server.AppiumServlet.handleHttpRequest(AppiumServlet.java:271)\n\tat io.appium.uiautomator2.http.ServerHandler.channelRead(ServerHandler.java:77)\n\tat io.netty.channel.AbstractChannelHandlerContext.invokeChannelRead(AbstractChannelHandlerContext.java:366)\n\tat io.netty.channel.Abstr...
&amp#27;[38;5;66m[75895e03]&amp#27;[0m&amp#27;[38;5;123m[W3C]&amp#27;[0m Matched W3C error code 'no such element' to NoSuchElementError
&amp#27;[38;5;66m[75895e03]&amp#27;[0m&amp#27;[38;5;112m[AndroidUiautomator2Driver@b341 (75895e03)]&amp#27;[0m Waited for 6153 ms so far
&amp#27;[38;5;66m[75895e03]&amp#27;[0m&amp#27;[38;5;112m[AndroidUiautomator2Driver@b341 (75895e03)]&amp#27;[0m Matched '/element' to command name 'findElement'
&amp#27;[38;5;66m[75895e03]&amp#27;[0m&amp#27;[38;5;112m[AndroidUiautomator2Driver@b341 (75895e03)]&amp#27;[0m Proxying [POST /element] to [POST http://127.0.0.1:8200/session/9a29d941-f2de-44a0-9e8c-b573902f2815/element] with body: {"strategy":"xpath","selector":"//*[@content-desc=\"EyesAppiumHelper\"]","context":"","multiple":false}
&amp#27;[38;5;66m[75895e03]&amp#27;[0m&amp#27;[38;5;112m[AndroidUiautomator2Driver@b341 (75895e03)]&amp#27;[0m Got response with status 404: {"sessionId":"9a29d941-f2de-44a0-9e8c-b573902f2815","value":{"error":"no such element","message":"An element could not be located on the page using the given search parameters","stacktrace":"io.appium.uiautomator2.common.exceptions.ElementNotFoundException: An element could not be located on the page using the given search parameters\n\tat io.appium.uiautomator2.utils.ElementLocationHelpers.findElement(ElementLocationHelpers.java:156)\n\tat io.appium.uiautomator2.handler.FindElement.safeHandle(FindElement.java:60)\n\tat io.appium.uiautomator2.handler.request.SafeRequestHandler.handle(SafeRequestHandler.java:59)\n\tat io.appium.uiautomator2.server.AppiumServlet.handleRequest(AppiumServlet.java:277)\n\tat io.appium.uiautomator2.server.AppiumServlet.handleHttpRequest(AppiumServlet.java:271)\n\tat io.appium.uiautomator2.http.ServerHandler.channelRead(ServerHandler.java:77)\n\tat io.netty.channel.AbstractChannelHandlerContext.invokeChannelRead(AbstractChannelHandlerContext.java:366)\n\tat io.netty.channel.Abstr...
&amp#27;[38;5;66m[75895e03]&amp#27;[0m&amp#27;[38;5;123m[W3C]&amp#27;[0m Matched W3C error code 'no such element' to NoSuchElementError
&amp#27;[38;5;66m[75895e03]&amp#27;[0m&amp#27;[38;5;112m[AndroidUiautomator2Driver@b341 (75895e03)]&amp#27;[0m Waited for 6790 ms so far
&amp#27;[38;5;66m[75895e03]&amp#27;[0m&amp#27;[38;5;112m[AndroidUiautomator2Driver@b341 (75895e03)]&amp#27;[0m Matched '/element' to command name 'findElement'
&amp#27;[38;5;66m[75895e03]&amp#27;[0m&amp#27;[38;5;112m[AndroidUiautomator2Driver@b341 (75895e03)]&amp#27;[0m Proxying [POST /element] to [POST http://127.0.0.1:8200/session/9a29d941-f2de-44a0-9e8c-b573902f2815/element] with body: {"strategy":"xpath","selector":"//*[@content-desc=\"EyesAppiumHelper\"]","context":"","multiple":false}
&amp#27;[38;5;66m[75895e03]&amp#27;[0m&amp#27;[38;5;112m[AndroidUiautomator2Driver@b341 (75895e03)]&amp#27;[0m Got response with status 404: {"sessionId":"9a29d941-f2de-44a0-9e8c-b573902f2815","value":{"error":"no such element","message":"An element could not be located on the page using the given search parameters","stacktrace":"io.appium.uiautomator2.common.exceptions.ElementNotFoundException: An element could not be located on the page using the given search parameters\n\tat io.appium.uiautomator2.utils.ElementLocationHelpers.findElement(ElementLocationHelpers.java:156)\n\tat io.appium.uiautomator2.handler.FindElement.safeHandle(FindElement.java:60)\n\tat io.appium.uiautomator2.handler.request.SafeRequestHandler.handle(SafeRequestHandler.java:59)\n\tat io.appium.uiautomator2.server.AppiumServlet.handleRequest(AppiumServlet.java:277)\n\tat io.appium.uiautomator2.server.AppiumServlet.handleHttpRequest(AppiumServlet.java:271)\n\tat io.appium.uiautomator2.http.ServerHandler.channelRead(ServerHandler.java:77)\n\tat io.netty.channel.AbstractChannelHandlerContext.invokeChannelRead(AbstractChannelHandlerContext.java:366)\n\tat io.netty.channel.Abstr...
&amp#27;[38;5;66m[75895e03]&amp#27;[0m&amp#27;[38;5;123m[W3C]&amp#27;[0m Matched W3C error code 'no such element' to NoSuchElementError
&amp#27;[38;5;66m[75895e03]&amp#27;[0m&amp#27;[38;5;112m[AndroidUiautomator2Driver@b341 (75895e03)]&amp#27;[0m Waited for 7436 ms so far
&amp#27;[38;5;66m[75895e03]&amp#27;[0m&amp#27;[38;5;112m[AndroidUiautomator2Driver@b341 (75895e03)]&amp#27;[0m Matched '/element' to command name 'findElement'
&amp#27;[38;5;66m[75895e03]&amp#27;[0m&amp#27;[38;5;112m[AndroidUiautomator2Driver@b341 (75895e03)]&amp#27;[0m Proxying [POST /element] to [POST http://127.0.0.1:8200/session/9a29d941-f2de-44a0-9e8c-b573902f2815/element] with body: {"strategy":"xpath","selector":"//*[@content-desc=\"EyesAppiumHelper\"]","context":"","multiple":false}
&amp#27;[38;5;66m[75895e03]&amp#27;[0m&amp#27;[38;5;112m[AndroidUiautomator2Driver@b341 (75895e03)]&amp#27;[0m Got response with status 404: {"sessionId":"9a29d941-f2de-44a0-9e8c-b573902f2815","value":{"error":"no such element","message":"An element could not be located on the page using the given search parameters","stacktrace":"io.appium.uiautomator2.common.exceptions.ElementNotFoundException: An element could not be located on the page using the given search parameters\n\tat io.appium.uiautomator2.utils.ElementLocationHelpers.findElement(ElementLocationHelpers.java:156)\n\tat io.appium.uiautomator2.handler.FindElement.safeHandle(FindElement.java:60)\n\tat io.appium.uiautomator2.handler.request.SafeRequestHandler.handle(SafeRequestHandler.java:59)\n\tat io.appium.uiautomator2.server.AppiumServlet.handleRequest(AppiumServlet.java:277)\n\tat io.appium.uiautomator2.server.AppiumServlet.handleHttpRequest(AppiumServlet.java:271)\n\tat io.appium.uiautomator2.http.ServerHandler.channelRead(ServerHandler.java:77)\n\tat io.netty.channel.AbstractChannelHandlerContext.invokeChannelRead(AbstractChannelHandlerContext.java:366)\n\tat io.netty.channel.Abstr...
&amp#27;[38;5;66m[75895e03]&amp#27;[0m&amp#27;[38;5;123m[W3C]&amp#27;[0m Matched W3C error code 'no such element' to NoSuchElementError
&amp#27;[38;5;66m[75895e03]&amp#27;[0m&amp#27;[38;5;112m[AndroidUiautomator2Driver@b341 (75895e03)]&amp#27;[0m Waited for 8087 ms so far
&amp#27;[38;5;66m[75895e03]&amp#27;[0m&amp#27;[38;5;112m[AndroidUiautomator2Driver@b341 (75895e03)]&amp#27;[0m Matched '/element' to command name 'findElement'
&amp#27;[38;5;66m[75895e03]&amp#27;[0m&amp#27;[38;5;112m[AndroidUiautomator2Driver@b341 (75895e03)]&amp#27;[0m Proxying [POST /element] to [POST http://127.0.0.1:8200/session/9a29d941-f2de-44a0-9e8c-b573902f2815/element] with body: {"strategy":"xpath","selector":"//*[@content-desc=\"EyesAppiumHelper\"]","context":"","multiple":false}
&amp#27;[38;5;66m[75895e03]&amp#27;[0m&amp#27;[38;5;112m[AndroidUiautomator2Driver@b341 (75895e03)]&amp#27;[0m Got response with status 404: {"sessionId":"9a29d941-f2de-44a0-9e8c-b573902f2815","value":{"error":"no such element","message":"An element could not be located on the page using the given search parameters","stacktrace":"io.appium.uiautomator2.common.exceptions.ElementNotFoundException: An element could not be located on the page using the given search parameters\n\tat io.appium.uiautomator2.utils.ElementLocationHelpers.findElement(ElementLocationHelpers.java:156)\n\tat io.appium.uiautomator2.handler.FindElement.safeHandle(FindElement.java:60)\n\tat io.appium.uiautomator2.handler.request.SafeRequestHandler.handle(SafeRequestHandler.java:59)\n\tat io.appium.uiautomator2.server.AppiumServlet.handleRequest(AppiumServlet.java:277)\n\tat io.appium.uiautomator2.server.AppiumServlet.handleHttpRequest(AppiumServlet.java:271)\n\tat io.appium.uiautomator2.http.ServerHandler.channelRead(ServerHandler.java:77)\n\tat io.netty.channel.AbstractChannelHandlerContext.invokeChannelRead(AbstractChannelHandlerContext.java:366)\n\tat io.netty.channel.Abstr...
&amp#27;[38;5;66m[75895e03]&amp#27;[0m&amp#27;[38;5;123m[W3C]&amp#27;[0m Matched W3C error code 'no such element' to NoSuchElementError
&amp#27;[38;5;66m[75895e03]&amp#27;[0m&amp#27;[38;5;112m[AndroidUiautomator2Driver@b341 (75895e03)]&amp#27;[0m Waited for 8720 ms so far
&amp#27;[38;5;66m[75895e03]&amp#27;[0m&amp#27;[38;5;112m[AndroidUiautomator2Driver@b341 (75895e03)]&amp#27;[0m Matched '/element' to command name 'findElement'
&amp#27;[38;5;66m[75895e03]&amp#27;[0m&amp#27;[38;5;112m[AndroidUiautomator2Driver@b341 (75895e03)]&amp#27;[0m Proxying [POST /element] to [POST http://127.0.0.1:8200/session/9a29d941-f2de-44a0-9e8c-b573902f2815/element] with body: {"strategy":"xpath","selector":"//*[@content-desc=\"EyesAppiumHelper\"]","context":"","multiple":false}
&amp#27;[38;5;66m[75895e03]&amp#27;[0m&amp#27;[38;5;112m[AndroidUiautomator2Driver@b341 (75895e03)]&amp#27;[0m Got response with status 404: {"sessionId":"9a29d941-f2de-44a0-9e8c-b573902f2815","value":{"error":"no such element","message":"An element could not be located on the page using the given search parameters","stacktrace":"io.appium.uiautomator2.common.exceptions.ElementNotFoundException: An element could not be located on the page using the given search parameters\n\tat io.appium.uiautomator2.utils.ElementLocationHelpers.findElement(ElementLocationHelpers.java:156)\n\tat io.appium.uiautomator2.handler.FindElement.safeHandle(FindElement.java:60)\n\tat io.appium.uiautomator2.handler.request.SafeRequestHandler.handle(SafeRequestHandler.java:59)\n\tat io.appium.uiautomator2.server.AppiumServlet.handleRequest(AppiumServlet.java:277)\n\tat io.appium.uiautomator2.server.AppiumServlet.handleHttpRequest(AppiumServlet.java:271)\n\tat io.appium.uiautomator2.http.ServerHandler.channelRead(ServerHandler.java:77)\n\tat io.netty.channel.AbstractChannelHandlerContext.invokeChannelRead(AbstractChannelHandlerContext.java:366)\n\tat io.netty.channel.Abstr...
&amp#27;[38;5;66m[75895e03]&amp#27;[0m&amp#27;[38;5;123m[W3C]&amp#27;[0m Matched W3C error code 'no such element' to NoSuchElementError
&amp#27;[38;5;66m[75895e03]&amp#27;[0m&amp#27;[38;5;112m[AndroidUiautomator2Driver@b341 (75895e03)]&amp#27;[0m Waited for 9369 ms so far
&amp#27;[38;5;66m[75895e03]&amp#27;[0m&amp#27;[38;5;112m[AndroidUiautomator2Driver@b341 (75895e03)]&amp#27;[0m Matched '/element' to command name 'findElement'
&amp#27;[38;5;66m[75895e03]&amp#27;[0m&amp#27;[38;5;112m[AndroidUiautomator2Driver@b341 (75895e03)]&amp#27;[0m Proxying [POST /element] to [POST http://127.0.0.1:8200/session/9a29d941-f2de-44a0-9e8c-b573902f2815/element] with body: {"strategy":"xpath","selector":"//*[@content-desc=\"EyesAppiumHelper\"]","context":"","multiple":false}
&amp#27;[38;5;66m[75895e03]&amp#27;[0m&amp#27;[38;5;112m[AndroidUiautomator2Driver@b341 (75895e03)]&amp#27;[0m Got response with status 404: {"sessionId":"9a29d941-f2de-44a0-9e8c-b573902f2815","value":{"error":"no such element","message":"An element could not be located on the page using the given search parameters","stacktrace":"io.appium.uiautomator2.common.exceptions.ElementNotFoundException: An element could not be located on the page using the given search parameters\n\tat io.appium.uiautomator2.utils.ElementLocationHelpers.findElement(ElementLocationHelpers.java:156)\n\tat io.appium.uiautomator2.handler.FindElement.safeHandle(FindElement.java:60)\n\tat io.appium.uiautomator2.handler.request.SafeRequestHandler.handle(SafeRequestHandler.java:59)\n\tat io.appium.uiautomator2.server.AppiumServlet.handleRequest(AppiumServlet.java:277)\n\tat io.appium.uiautomator2.server.AppiumServlet.handleHttpRequest(AppiumServlet.java:271)\n\tat io.appium.uiautomator2.http.ServerHandler.channelRead(ServerHandler.java:77)\n\tat io.netty.channel.AbstractChannelHandlerContext.invokeChannelRead(AbstractChannelHandlerContext.java:366)\n\tat io.netty.channel.Abstr...
&amp#27;[38;5;66m[75895e03]&amp#27;[0m&amp#27;[38;5;123m[W3C]&amp#27;[0m Matched W3C error code 'no such element' to NoSuchElementError
&amp#27;[38;5;66m[75895e03]&amp#27;[0m&amp#27;[38;5;112m[AndroidUiautomator2Driver@b341 (75895e03)]&amp#27;[0m Waited for 9998 ms so far
&amp#27;[38;5;66m[75895e03]&amp#27;[0m&amp#27;[38;5;112m[AndroidUiautomator2Driver@b341 (75895e03)]&amp#27;[0m Matched '/element' to command name 'findElement'
&amp#27;[38;5;66m[75895e03]&amp#27;[0m&amp#27;[38;5;112m[AndroidUiautomator2Driver@b341 (75895e03)]&amp#27;[0m Proxying [POST /element] to [POST http://127.0.0.1:8200/session/9a29d941-f2de-44a0-9e8c-b573902f2815/element] with body: {"strategy":"xpath","selector":"//*[@content-desc=\"EyesAppiumHelper\"]","context":"","multiple":false}
&amp#27;[38;5;66m[75895e03]&amp#27;[0m&amp#27;[38;5;112m[AndroidUiautomator2Driver@b341 (75895e03)]&amp#27;[0m Got response with status 404: {"sessionId":"9a29d941-f2de-44a0-9e8c-b573902f2815","value":{"error":"no such element","message":"An element could not be located on the page using the given search parameters","stacktrace":"io.appium.uiautomator2.common.exceptions.ElementNotFoundException: An element could not be located on the page using the given search parameters\n\tat io.appium.uiautomator2.utils.ElementLocationHelpers.findElement(ElementLocationHelpers.java:156)\n\tat io.appium.uiautomator2.handler.FindElement.safeHandle(FindElement.java:60)\n\tat io.appium.uiautomator2.handler.request.SafeRequestHandler.handle(SafeRequestHandler.java:59)\n\tat io.appium.uiautomator2.server.AppiumServlet.handleRequest(AppiumServlet.java:277)\n\tat io.appium.uiautomator2.server.AppiumServlet.handleHttpRequest(AppiumServlet.java:271)\n\tat io.appium.uiautomator2.http.ServerHandler.channelRead(ServerHandler.java:77)\n\tat io.netty.channel.AbstractChannelHandlerContext.invokeChannelRead(AbstractChannelHandlerContext.java:366)\n\tat io.netty.channel.Abstr...
&amp#27;[38;5;66m[75895e03]&amp#27;[0m&amp#27;[38;5;123m[W3C]&amp#27;[0m Matched W3C error code 'no such element' to NoSuchElementError
&amp#27;[38;5;66m[75895e03]&amp#27;[0m&amp#27;[38;5;112m[AndroidUiautomator2Driver@b341 (75895e03)]&amp#27;[0m Waited for 10634 ms so far
&amp#27;[38;5;66m[75895e03]&amp#27;[0m&amp#27;[38;5;112m[AndroidUiautomator2Driver@b341 (75895e03)]&amp#27;[0m Matched '/element' to command name 'findElement'
&amp#27;[38;5;66m[75895e03]&amp#27;[0m&amp#27;[38;5;112m[AndroidUiautomator2Driver@b341 (75895e03)]&amp#27;[0m Proxying [POST /element] to [POST http://127.0.0.1:8200/session/9a29d941-f2de-44a0-9e8c-b573902f2815/element] with body: {"strategy":"xpath","selector":"//*[@content-desc=\"EyesAppiumHelper\"]","context":"","multiple":false}
&amp#27;[38;5;66m[75895e03]&amp#27;[0m&amp#27;[38;5;112m[AndroidUiautomator2Driver@b341 (75895e03)]&amp#27;[0m Got response with status 404: {"sessionId":"9a29d941-f2de-44a0-9e8c-b573902f2815","value":{"error":"no such element","message":"An element could not be located on the page using the given search parameters","stacktrace":"io.appium.uiautomator2.common.exceptions.ElementNotFoundException: An element could not be located on the page using the given search parameters\n\tat io.appium.uiautomator2.utils.ElementLocationHelpers.findElement(ElementLocationHelpers.java:156)\n\tat io.appium.uiautomator2.handler.FindElement.safeHandle(FindElement.java:60)\n\tat io.appium.uiautomator2.handler.request.SafeRequestHandler.handle(SafeRequestHandler.java:59)\n\tat io.appium.uiautomator2.server.AppiumServlet.handleRequest(AppiumServlet.java:277)\n\tat io.appium.uiautomator2.server.AppiumServlet.handleHttpRequest(AppiumServlet.java:271)\n\tat io.appium.uiautomator2.http.ServerHandler.channelRead(ServerHandler.java:77)\n\tat io.netty.channel.AbstractChannelHandlerContext.invokeChannelRead(AbstractChannelHandlerContext.java:366)\n\tat io.netty.channel.Abstr...
&amp#27;[38;5;66m[75895e03]&amp#27;[0m&amp#27;[38;5;123m[W3C]&amp#27;[0m Matched W3C error code 'no such element' to NoSuchElementError
&amp#27;[38;5;66m[75895e03]&amp#27;[0m&amp#27;[38;5;112m[AndroidUiautomator2Driver@b341 (75895e03)]&amp#27;[0m Waited for 11268 ms so far
&amp#27;[38;5;66m[75895e03]&amp#27;[0m&amp#27;[38;5;112m[AndroidUiautomator2Driver@b341 (75895e03)]&amp#27;[0m Matched '/element' to command name 'findElement'
&amp#27;[38;5;66m[75895e03]&amp#27;[0m&amp#27;[38;5;112m[AndroidUiautomator2Driver@b341 (75895e03)]&amp#27;[0m Proxying [POST /element] to [POST http://127.0.0.1:8200/session/9a29d941-f2de-44a0-9e8c-b573902f2815/element] with body: {"strategy":"xpath","selector":"//*[@content-desc=\"EyesAppiumHelper\"]","context":"","multiple":false}
&amp#27;[38;5;66m[75895e03]&amp#27;[0m&amp#27;[38;5;112m[AndroidUiautomator2Driver@b341 (75895e03)]&amp#27;[0m Got response with status 404: {"sessionId":"9a29d941-f2de-44a0-9e8c-b573902f2815","value":{"error":"no such element","message":"An element could not be located on the page using the given search parameters","stacktrace":"io.appium.uiautomator2.common.exceptions.ElementNotFoundException: An element could not be located on the page using the given search parameters\n\tat io.appium.uiautomator2.utils.ElementLocationHelpers.findElement(ElementLocationHelpers.java:156)\n\tat io.appium.uiautomator2.handler.FindElement.safeHandle(FindElement.java:60)\n\tat io.appium.uiautomator2.handler.request.SafeRequestHandler.handle(SafeRequestHandler.java:59)\n\tat io.appium.uiautomator2.server.AppiumServlet.handleRequest(AppiumServlet.java:277)\n\tat io.appium.uiautomator2.server.AppiumServlet.handleHttpRequest(AppiumServlet.java:271)\n\tat io.appium.uiautomator2.http.ServerHandler.channelRead(ServerHandler.java:77)\n\tat io.netty.channel.AbstractChannelHandlerContext.invokeChannelRead(AbstractChannelHandlerContext.java:366)\n\tat io.netty.channel.Abstr...
&amp#27;[38;5;66m[75895e03]&amp#27;[0m&amp#27;[38;5;123m[W3C]&amp#27;[0m Matched W3C error code 'no such element' to NoSuchElementError
&amp#27;[38;5;66m[75895e03]&amp#27;[0m&amp#27;[38;5;112m[AndroidUiautomator2Driver@b341 (75895e03)]&amp#27;[0m Waited for 11910 ms so far
&amp#27;[38;5;66m[75895e03]&amp#27;[0m&amp#27;[38;5;112m[AndroidUiautomator2Driver@b341 (75895e03)]&amp#27;[0m Matched '/element' to command name 'findElement'
&amp#27;[38;5;66m[75895e03]&amp#27;[0m&amp#27;[38;5;112m[AndroidUiautomator2Driver@b341 (75895e03)]&amp#27;[0m Proxying [POST /element] to [POST http://127.0.0.1:8200/session/9a29d941-f2de-44a0-9e8c-b573902f2815/element] with body: {"strategy":"xpath","selector":"//*[@content-desc=\"EyesAppiumHelper\"]","context":"","multiple":false}
&amp#27;[38;5;66m[75895e03]&amp#27;[0m&amp#27;[38;5;112m[AndroidUiautomator2Driver@b341 (75895e03)]&amp#27;[0m Got response with status 404: {"sessionId":"9a29d941-f2de-44a0-9e8c-b573902f2815","value":{"error":"no such element","message":"An element could not be located on the page using the given search parameters","stacktrace":"io.appium.uiautomator2.common.exceptions.ElementNotFoundException: An element could not be located on the page using the given search parameters\n\tat io.appium.uiautomator2.utils.ElementLocationHelpers.findElement(ElementLocationHelpers.java:156)\n\tat io.appium.uiautomator2.handler.FindElement.safeHandle(FindElement.java:60)\n\tat io.appium.uiautomator2.handler.request.SafeRequestHandler.handle(SafeRequestHandler.java:59)\n\tat io.appium.uiautomator2.server.AppiumServlet.handleRequest(AppiumServlet.java:277)\n\tat io.appium.uiautomator2.server.AppiumServlet.handleHttpRequest(AppiumServlet.java:271)\n\tat io.appium.uiautomator2.http.ServerHandler.channelRead(ServerHandler.java:77)\n\tat io.netty.channel.AbstractChannelHandlerContext.invokeChannelRead(AbstractChannelHandlerContext.java:366)\n\tat io.netty.channel.Abstr...
&amp#27;[38;5;66m[75895e03]&amp#27;[0m&amp#27;[38;5;123m[W3C]&amp#27;[0m Matched W3C error code 'no such element' to NoSuchElementError
&amp#27;[38;5;66m[75895e03]&amp#27;[0m&amp#27;[38;5;112m[AndroidUiautomator2Driver@b341 (75895e03)]&amp#27;[0m Waited for 12543 ms so far
&amp#27;[38;5;66m[75895e03]&amp#27;[0m&amp#27;[38;5;112m[AndroidUiautomator2Driver@b341 (75895e03)]&amp#27;[0m Matched '/element' to command name 'findElement'
&amp#27;[38;5;66m[75895e03]&amp#27;[0m&amp#27;[38;5;112m[AndroidUiautomator2Driver@b341 (75895e03)]&amp#27;[0m Proxying [POST /element] to [POST http://127.0.0.1:8200/session/9a29d941-f2de-44a0-9e8c-b573902f2815/element] with body: {"strategy":"xpath","selector":"//*[@content-desc=\"EyesAppiumHelper\"]","context":"","multiple":false}
&amp#27;[38;5;66m[75895e03]&amp#27;[0m&amp#27;[38;5;112m[AndroidUiautomator2Driver@b341 (75895e03)]&amp#27;[0m Got response with status 404: {"sessionId":"9a29d941-f2de-44a0-9e8c-b573902f2815","value":{"error":"no such element","message":"An element could not be located on the page using the given search parameters","stacktrace":"io.appium.uiautomator2.common.exceptions.ElementNotFoundException: An element could not be located on the page using the given search parameters\n\tat io.appium.uiautomator2.utils.ElementLocationHelpers.findElement(ElementLocationHelpers.java:156)\n\tat io.appium.uiautomator2.handler.FindElement.safeHandle(FindElement.java:60)\n\tat io.appium.uiautomator2.handler.request.SafeRequestHandler.handle(SafeRequestHandler.java:59)\n\tat io.appium.uiautomator2.server.AppiumServlet.handleRequest(AppiumServlet.java:277)\n\tat io.appium.uiautomator2.server.AppiumServlet.handleHttpRequest(AppiumServlet.java:271)\n\tat io.appium.uiautomator2.http.ServerHandler.channelRead(ServerHandler.java:77)\n\tat io.netty.channel.AbstractChannelHandlerContext.invokeChannelRead(AbstractChannelHandlerContext.java:366)\n\tat io.netty.channel.Abstr...
&amp#27;[38;5;66m[75895e03]&amp#27;[0m&amp#27;[38;5;123m[W3C]&amp#27;[0m Matched W3C error code 'no such element' to NoSuchElementError
&amp#27;[38;5;66m[75895e03]&amp#27;[0m&amp#27;[38;5;112m[AndroidUiautomator2Driver@b341 (75895e03)]&amp#27;[0m Waited for 13174 ms so far
&amp#27;[38;5;66m[75895e03]&amp#27;[0m&amp#27;[38;5;112m[AndroidUiautomator2Driver@b341 (75895e03)]&amp#27;[0m Matched '/element' to command name 'findElement'
&amp#27;[38;5;66m[75895e03]&amp#27;[0m&amp#27;[38;5;112m[AndroidUiautomator2Driver@b341 (75895e03)]&amp#27;[0m Proxying [POST /element] to [POST http://127.0.0.1:8200/session/9a29d941-f2de-44a0-9e8c-b573902f2815/element] with body: {"strategy":"xpath","selector":"//*[@content-desc=\"EyesAppiumHelper\"]","context":"","multiple":false}
&amp#27;[38;5;66m[75895e03]&amp#27;[0m&amp#27;[38;5;112m[AndroidUiautomator2Driver@b341 (75895e03)]&amp#27;[0m Got response with status 404: {"sessionId":"9a29d941-f2de-44a0-9e8c-b573902f2815","value":{"error":"no such element","message":"An element could not be located on the page using the given search parameters","stacktrace":"io.appium.uiautomator2.common.exceptions.ElementNotFoundException: An element could not be located on the page using the given search parameters\n\tat io.appium.uiautomator2.utils.ElementLocationHelpers.findElement(ElementLocationHelpers.java:156)\n\tat io.appium.uiautomator2.handler.FindElement.safeHandle(FindElement.java:60)\n\tat io.appium.uiautomator2.handler.request.SafeRequestHandler.handle(SafeRequestHandler.java:59)\n\tat io.appium.uiautomator2.server.AppiumServlet.handleRequest(AppiumServlet.java:277)\n\tat io.appium.uiautomator2.server.AppiumServlet.handleHttpRequest(AppiumServlet.java:271)\n\tat io.appium.uiautomator2.http.ServerHandler.channelRead(ServerHandler.java:77)\n\tat io.netty.channel.AbstractChannelHandlerContext.invokeChannelRead(AbstractChannelHandlerContext.java:366)\n\tat io.netty.channel.Abstr...
&amp#27;[38;5;66m[75895e03]&amp#27;[0m&amp#27;[38;5;123m[W3C]&amp#27;[0m Matched W3C error code 'no such element' to NoSuchElementError
&amp#27;[38;5;66m[75895e03]&amp#27;[0m&amp#27;[38;5;112m[AndroidUiautomator2Driver@b341 (75895e03)]&amp#27;[0m Waited for 13831 ms so far
&amp#27;[38;5;66m[75895e03]&amp#27;[0m&amp#27;[38;5;112m[AndroidUiautomator2Driver@b341 (75895e03)]&amp#27;[0m Matched '/element' to command name 'findElement'
&amp#27;[38;5;66m[75895e03]&amp#27;[0m&amp#27;[38;5;112m[AndroidUiautomator2Driver@b341 (75895e03)]&amp#27;[0m Proxying [POST /element] to [POST http://127.0.0.1:8200/session/9a29d941-f2de-44a0-9e8c-b573902f2815/element] with body: {"strategy":"xpath","selector":"//*[@content-desc=\"EyesAppiumHelper\"]","context":"","multiple":false}
&amp#27;[38;5;66m[75895e03]&amp#27;[0m&amp#27;[38;5;112m[AndroidUiautomator2Driver@b341 (75895e03)]&amp#27;[0m Got response with status 404: {"sessionId":"9a29d941-f2de-44a0-9e8c-b573902f2815","value":{"error":"no such element","message":"An element could not be located on the page using the given search parameters","stacktrace":"io.appium.uiautomator2.common.exceptions.ElementNotFoundException: An element could not be located on the page using the given search parameters\n\tat io.appium.uiautomator2.utils.ElementLocationHelpers.findElement(ElementLocationHelpers.java:156)\n\tat io.appium.uiautomator2.handler.FindElement.safeHandle(FindElement.java:60)\n\tat io.appium.uiautomator2.handler.request.SafeRequestHandler.handle(SafeRequestHandler.java:59)\n\tat io.appium.uiautomator2.server.AppiumServlet.handleRequest(AppiumServlet.java:277)\n\tat io.appium.uiautomator2.server.AppiumServlet.handleHttpRequest(AppiumServlet.java:271)\n\tat io.appium.uiautomator2.http.ServerHandler.channelRead(ServerHandler.java:77)\n\tat io.netty.channel.AbstractChannelHandlerContext.invokeChannelRead(AbstractChannelHandlerContext.java:366)\n\tat io.netty.channel.Abstr...
&amp#27;[38;5;66m[75895e03]&amp#27;[0m&amp#27;[38;5;123m[W3C]&amp#27;[0m Matched W3C error code 'no such element' to NoSuchElementError
&amp#27;[38;5;66m[75895e03]&amp#27;[0m&amp#27;[38;5;112m[AndroidUiautomator2Driver@b341 (75895e03)]&amp#27;[0m Waited for 14462 ms so far
&amp#27;[38;5;66m[75895e03]&amp#27;[0m&amp#27;[38;5;112m[AndroidUiautomator2Driver@b341 (75895e03)]&amp#27;[0m Matched '/element' to command name 'findElement'
&amp#27;[38;5;66m[75895e03]&amp#27;[0m&amp#27;[38;5;112m[AndroidUiautomator2Driver@b341 (75895e03)]&amp#27;[0m Proxying [POST /element] to [POST http://127.0.0.1:8200/session/9a29d941-f2de-44a0-9e8c-b573902f2815/element] with body: {"strategy":"xpath","selector":"//*[@content-desc=\"EyesAppiumHelper\"]","context":"","multiple":false}
&amp#27;[38;5;66m[75895e03]&amp#27;[0m&amp#27;[38;5;112m[AndroidUiautomator2Driver@b341 (75895e03)]&amp#27;[0m Got response with status 404: {"sessionId":"9a29d941-f2de-44a0-9e8c-b573902f2815","value":{"error":"no such element","message":"An element could not be located on the page using the given search parameters","stacktrace":"io.appium.uiautomator2.common.exceptions.ElementNotFoundException: An element could not be located on the page using the given search parameters\n\tat io.appium.uiautomator2.utils.ElementLocationHelpers.findElement(ElementLocationHelpers.java:156)\n\tat io.appium.uiautomator2.handler.FindElement.safeHandle(FindElement.java:60)\n\tat io.appium.uiautomator2.handler.request.SafeRequestHandler.handle(SafeRequestHandler.java:59)\n\tat io.appium.uiautomator2.server.AppiumServlet.handleRequest(AppiumServlet.java:277)\n\tat io.appium.uiautomator2.server.AppiumServlet.handleHttpRequest(AppiumServlet.java:271)\n\tat io.appium.uiautomator2.http.ServerHandler.channelRead(ServerHandler.java:77)\n\tat io.netty.channel.AbstractChannelHandlerContext.invokeChannelRead(AbstractChannelHandlerContext.java:366)\n\tat io.netty.channel.Abstr...
&amp#27;[38;5;66m[75895e03]&amp#27;[0m&amp#27;[38;5;123m[W3C]&amp#27;[0m Matched W3C error code 'no such element' to NoSuchElementError
&amp#27;[38;5;66m[75895e03]&amp#27;[0m&amp#27;[38;5;112m[AndroidUiautomator2Driver@b341 (75895e03)]&amp#27;[0m Waited for 15083 ms so far
&amp#27;[38;5;66m[75895e03]&amp#27;[0m&amp#27;[38;5;112m[AndroidUiautomator2Driver@b341 (75895e03)]&amp#27;[0m Matched '/element' to command name 'findElement'
&amp#27;[38;5;66m[75895e03]&amp#27;[0m&amp#27;[38;5;112m[AndroidUiautomator2Driver@b341 (75895e03)]&amp#27;[0m Proxying [POST /element] to [POST http://127.0.0.1:8200/session/9a29d941-f2de-44a0-9e8c-b573902f2815/element] with body: {"strategy":"xpath","selector":"//*[@content-desc=\"EyesAppiumHelper\"]","context":"","multiple":false}
&amp#27;[38;5;66m[75895e03]&amp#27;[0m&amp#27;[38;5;112m[AndroidUiautomator2Driver@b341 (75895e03)]&amp#27;[0m Got response with status 404: {"sessionId":"9a29d941-f2de-44a0-9e8c-b573902f2815","value":{"error":"no such element","message":"An element could not be located on the page using the given search parameters","stacktrace":"io.appium.uiautomator2.common.exceptions.ElementNotFoundException: An element could not be located on the page using the given search parameters\n\tat io.appium.uiautomator2.utils.ElementLocationHelpers.findElement(ElementLocationHelpers.java:156)\n\tat io.appium.uiautomator2.handler.FindElement.safeHandle(FindElement.java:60)\n\tat io.appium.uiautomator2.handler.request.SafeRequestHandler.handle(SafeRequestHandler.java:59)\n\tat io.appium.uiautomator2.server.AppiumServlet.handleRequest(AppiumServlet.java:277)\n\tat io.appium.uiautomator2.server.AppiumServlet.handleHttpRequest(AppiumServlet.java:271)\n\tat io.appium.uiautomator2.http.ServerHandler.channelRead(ServerHandler.java:77)\n\tat io.netty.channel.AbstractChannelHandlerContext.invokeChannelRead(AbstractChannelHandlerContext.java:366)\n\tat io.netty.channel.Abstr...
&amp#27;[38;5;66m[75895e03]&amp#27;[0m&amp#27;[38;5;123m[W3C]&amp#27;[0m Matched W3C error code 'no such element' to NoSuchElementError
&amp#27;[38;5;66m[75895e03]&amp#27;[0m&amp#27;[38;5;112m[AndroidUiautomator2Driver@b341 (75895e03)]&amp#27;[0m Waited for 15717 ms so far
&amp#27;[38;5;66m[75895e03]&amp#27;[0m&amp#27;[38;5;112m[AndroidUiautomator2Driver@b341 (75895e03)]&amp#27;[0m Matched '/element' to command name 'findElement'
&amp#27;[38;5;66m[75895e03]&amp#27;[0m&amp#27;[38;5;112m[AndroidUiautomator2Driver@b341 (75895e03)]&amp#27;[0m Proxying [POST /element] to [POST http://127.0.0.1:8200/session/9a29d941-f2de-44a0-9e8c-b573902f2815/element] with body: {"strategy":"xpath","selector":"//*[@content-desc=\"EyesAppiumHelper\"]","context":"","multiple":false}
&amp#27;[38;5;66m[75895e03]&amp#27;[0m&amp#27;[38;5;112m[AndroidUiautomator2Driver@b341 (75895e03)]&amp#27;[0m Got response with status 404: {"sessionId":"9a29d941-f2de-44a0-9e8c-b573902f2815","value":{"error":"no such element","message":"An element could not be located on the page using the given search parameters","stacktrace":"io.appium.uiautomator2.common.exceptions.ElementNotFoundException: An element could not be located on the page using the given search parameters\n\tat io.appium.uiautomator2.utils.ElementLocationHelpers.findElement(ElementLocationHelpers.java:156)\n\tat io.appium.uiautomator2.handler.FindElement.safeHandle(FindElement.java:60)\n\tat io.appium.uiautomator2.handler.request.SafeRequestHandler.handle(SafeRequestHandler.java:59)\n\tat io.appium.uiautomator2.server.AppiumServlet.handleRequest(AppiumServlet.java:277)\n\tat io.appium.uiautomator2.server.AppiumServlet.handleHttpRequest(AppiumServlet.java:271)\n\tat io.appium.uiautomator2.http.ServerHandler.channelRead(ServerHandler.java:77)\n\tat io.netty.channel.AbstractChannelHandlerContext.invokeChannelRead(AbstractChannelHandlerContext.java:366)\n\tat io.netty.channel.Abstr...
&amp#27;[38;5;66m[75895e03]&amp#27;[0m&amp#27;[38;5;123m[W3C]&amp#27;[0m Matched W3C error code 'no such element' to NoSuchElementError
&amp#27;[38;5;66m[75895e03]&amp#27;[0m&amp#27;[38;5;112m[AndroidUiautomator2Driver@b341 (75895e03)]&amp#27;[0m Waited for 16358 ms so far
&amp#27;[38;5;66m[75895e03]&amp#27;[0m&amp#27;[38;5;112m[AndroidUiautomator2Driver@b341 (75895e03)]&amp#27;[0m Matched '/element' to command name 'findElement'
&amp#27;[38;5;66m[75895e03]&amp#27;[0m&amp#27;[38;5;112m[AndroidUiautomator2Driver@b341 (75895e03)]&amp#27;[0m Proxying [POST /element] to [POST http://127.0.0.1:8200/session/9a29d941-f2de-44a0-9e8c-b573902f2815/element] with body: {"strategy":"xpath","selector":"//*[@content-desc=\"EyesAppiumHelper\"]","context":"","multiple":false}
&amp#27;[38;5;66m[75895e03]&amp#27;[0m&amp#27;[38;5;112m[AndroidUiautomator2Driver@b341 (75895e03)]&amp#27;[0m Got response with status 404: {"sessionId":"9a29d941-f2de-44a0-9e8c-b573902f2815","value":{"error":"no such element","message":"An element could not be located on the page using the given search parameters","stacktrace":"io.appium.uiautomator2.common.exceptions.ElementNotFoundException: An element could not be located on the page using the given search parameters\n\tat io.appium.uiautomator2.utils.ElementLocationHelpers.findElement(ElementLocationHelpers.java:156)\n\tat io.appium.uiautomator2.handler.FindElement.safeHandle(FindElement.java:60)\n\tat io.appium.uiautomator2.handler.request.SafeRequestHandler.handle(SafeRequestHandler.java:59)\n\tat io.appium.uiautomator2.server.AppiumServlet.handleRequest(AppiumServlet.java:277)\n\tat io.appium.uiautomator2.server.AppiumServlet.handleHttpRequest(AppiumServlet.java:271)\n\tat io.appium.uiautomator2.http.ServerHandler.channelRead(ServerHandler.java:77)\n\tat io.netty.channel.AbstractChannelHandlerContext.invokeChannelRead(AbstractChannelHandlerContext.java:366)\n\tat io.netty.channel.Abstr...
&amp#27;[38;5;66m[75895e03]&amp#27;[0m&amp#27;[38;5;123m[W3C]&amp#27;[0m Matched W3C error code 'no such element' to NoSuchElementError
&amp#27;[38;5;66m[75895e03]&amp#27;[0m&amp#27;[38;5;112m[AndroidUiautomator2Driver@b341 (75895e03)]&amp#27;[0m Waited for 17024 ms so far
&amp#27;[38;5;66m[75895e03]&amp#27;[0m&amp#27;[38;5;112m[AndroidUiautomator2Driver@b341 (75895e03)]&amp#27;[0m Matched '/element' to command name 'findElement'
&amp#27;[38;5;66m[75895e03]&amp#27;[0m&amp#27;[38;5;112m[AndroidUiautomator2Driver@b341 (75895e03)]&amp#27;[0m Proxying [POST /element] to [POST http://127.0.0.1:8200/session/9a29d941-f2de-44a0-9e8c-b573902f2815/element] with body: {"strategy":"xpath","selector":"//*[@content-desc=\"EyesAppiumHelper\"]","context":"","multiple":false}
&amp#27;[38;5;66m[75895e03]&amp#27;[0m&amp#27;[38;5;112m[AndroidUiautomator2Driver@b341 (75895e03)]&amp#27;[0m Got response with status 404: {"sessionId":"9a29d941-f2de-44a0-9e8c-b573902f2815","value":{"error":"no such element","message":"An element could not be located on the page using the given search parameters","stacktrace":"io.appium.uiautomator2.common.exceptions.ElementNotFoundException: An element could not be located on the page using the given search parameters\n\tat io.appium.uiautomator2.utils.ElementLocationHelpers.findElement(ElementLocationHelpers.java:156)\n\tat io.appium.uiautomator2.handler.FindElement.safeHandle(FindElement.java:60)\n\tat io.appium.uiautomator2.handler.request.SafeRequestHandler.handle(SafeRequestHandler.java:59)\n\tat io.appium.uiautomator2.server.AppiumServlet.handleRequest(AppiumServlet.java:277)\n\tat io.appium.uiautomator2.server.AppiumServlet.handleHttpRequest(AppiumServlet.java:271)\n\tat io.appium.uiautomator2.http.ServerHandler.channelRead(ServerHandler.java:77)\n\tat io.netty.channel.AbstractChannelHandlerContext.invokeChannelRead(AbstractChannelHandlerContext.java:366)\n\tat io.netty.channel.Abstr...
&amp#27;[38;5;66m[75895e03]&amp#27;[0m&amp#27;[38;5;123m[W3C]&amp#27;[0m Matched W3C error code 'no such element' to NoSuchElementError
&amp#27;[38;5;66m[75895e03]&amp#27;[0m&amp#27;[38;5;112m[AndroidUiautomator2Driver@b341 (75895e03)]&amp#27;[0m Waited for 17662 ms so far
&amp#27;[38;5;66m[75895e03]&amp#27;[0m&amp#27;[38;5;112m[AndroidUiautomator2Driver@b341 (75895e03)]&amp#27;[0m Matched '/element' to command name 'findElement'
&amp#27;[38;5;66m[75895e03]&amp#27;[0m&amp#27;[38;5;112m[AndroidUiautomator2Driver@b341 (75895e03)]&amp#27;[0m Proxying [POST /element] to [POST http://127.0.0.1:8200/session/9a29d941-f2de-44a0-9e8c-b573902f2815/element] with body: {"strategy":"xpath","selector":"//*[@content-desc=\"EyesAppiumHelper\"]","context":"","multiple":false}
&amp#27;[38;5;66m[75895e03]&amp#27;[0m&amp#27;[38;5;112m[AndroidUiautomator2Driver@b341 (75895e03)]&amp#27;[0m Got response with status 404: {"sessionId":"9a29d941-f2de-44a0-9e8c-b573902f2815","value":{"error":"no such element","message":"An element could not be located on the page using the given search parameters","stacktrace":"io.appium.uiautomator2.common.exceptions.ElementNotFoundException: An element could not be located on the page using the given search parameters\n\tat io.appium.uiautomator2.utils.ElementLocationHelpers.findElement(ElementLocationHelpers.java:156)\n\tat io.appium.uiautomator2.handler.FindElement.safeHandle(FindElement.java:60)\n\tat io.appium.uiautomator2.handler.request.SafeRequestHandler.handle(SafeRequestHandler.java:59)\n\tat io.appium.uiautomator2.server.AppiumServlet.handleRequest(AppiumServlet.java:277)\n\tat io.appium.uiautomator2.server.AppiumServlet.handleHttpRequest(AppiumServlet.java:271)\n\tat io.appium.uiautomator2.http.ServerHandler.channelRead(ServerHandler.java:77)\n\tat io.netty.channel.AbstractChannelHandlerContext.invokeChannelRead(AbstractChannelHandlerContext.java:366)\n\tat io.netty.channel.Abstr...
&amp#27;[38;5;66m[75895e03]&amp#27;[0m&amp#27;[38;5;123m[W3C]&amp#27;[0m Matched W3C error code 'no such element' to NoSuchElementError
&amp#27;[38;5;66m[75895e03]&amp#27;[0m&amp#27;[38;5;112m[AndroidUiautomator2Driver@b341 (75895e03)]&amp#27;[0m Waited for 18357 ms so far
&amp#27;[38;5;66m[75895e03]&amp#27;[0m&amp#27;[38;5;112m[AndroidUiautomator2Driver@b341 (75895e03)]&amp#27;[0m Matched '/element' to command name 'findElement'
&amp#27;[38;5;66m[75895e03]&amp#27;[0m&amp#27;[38;5;112m[AndroidUiautomator2Driver@b341 (75895e03)]&amp#27;[0m Proxying [POST /element] to [POST http://127.0.0.1:8200/session/9a29d941-f2de-44a0-9e8c-b573902f2815/element] with body: {"strategy":"xpath","selector":"//*[@content-desc=\"EyesAppiumHelper\"]","context":"","multiple":false}
&amp#27;[38;5;66m[75895e03]&amp#27;[0m&amp#27;[38;5;112m[AndroidUiautomator2Driver@b341 (75895e03)]&amp#27;[0m Got response with status 404: {"sessionId":"9a29d941-f2de-44a0-9e8c-b573902f2815","value":{"error":"no such element","message":"An element could not be located on the page using the given search parameters","stacktrace":"io.appium.uiautomator2.common.exceptions.ElementNotFoundException: An element could not be located on the page using the given search parameters\n\tat io.appium.uiautomator2.utils.ElementLocationHelpers.findElement(ElementLocationHelpers.java:156)\n\tat io.appium.uiautomator2.handler.FindElement.safeHandle(FindElement.java:60)\n\tat io.appium.uiautomator2.handler.request.SafeRequestHandler.handle(SafeRequestHandler.java:59)\n\tat io.appium.uiautomator2.server.AppiumServlet.handleRequest(AppiumServlet.java:277)\n\tat io.appium.uiautomator2.server.AppiumServlet.handleHttpRequest(AppiumServlet.java:271)\n\tat io.appium.uiautomator2.http.ServerHandler.channelRead(ServerHandler.java:77)\n\tat io.netty.channel.AbstractChannelHandlerContext.invokeChannelRead(AbstractChannelHandlerContext.java:366)\n\tat io.netty.channel.Abstr...
&amp#27;[38;5;66m[75895e03]&amp#27;[0m&amp#27;[38;5;123m[W3C]&amp#27;[0m Matched W3C error code 'no such element' to NoSuchElementError
&amp#27;[38;5;66m[75895e03]&amp#27;[0m&amp#27;[38;5;112m[AndroidUiautomator2Driver@b341 (75895e03)]&amp#27;[0m Waited for 18997 ms so far
&amp#27;[38;5;66m[75895e03]&amp#27;[0m&amp#27;[38;5;112m[AndroidUiautomator2Driver@b341 (75895e03)]&amp#27;[0m Matched '/element' to command name 'findElement'
&amp#27;[38;5;66m[75895e03]&amp#27;[0m&amp#27;[38;5;112m[AndroidUiautomator2Driver@b341 (75895e03)]&amp#27;[0m Proxying [POST /element] to [POST http://127.0.0.1:8200/session/9a29d941-f2de-44a0-9e8c-b573902f2815/element] with body: {"strategy":"xpath","selector":"//*[@content-desc=\"EyesAppiumHelper\"]","context":"","multiple":false}
&amp#27;[38;5;66m[75895e03]&amp#27;[0m&amp#27;[38;5;112m[AndroidUiautomator2Driver@b341 (75895e03)]&amp#27;[0m Got response with status 404: {"sessionId":"9a29d941-f2de-44a0-9e8c-b573902f2815","value":{"error":"no such element","message":"An element could not be located on the page using the given search parameters","stacktrace":"io.appium.uiautomator2.common.exceptions.ElementNotFoundException: An element could not be located on the page using the given search parameters\n\tat io.appium.uiautomator2.utils.ElementLocationHelpers.findElement(ElementLocationHelpers.java:156)\n\tat io.appium.uiautomator2.handler.FindElement.safeHandle(FindElement.java:60)\n\tat io.appium.uiautomator2.handler.request.SafeRequestHandler.handle(SafeRequestHandler.java:59)\n\tat io.appium.uiautomator2.server.AppiumServlet.handleRequest(AppiumServlet.java:277)\n\tat io.appium.uiautomator2.server.AppiumServlet.handleHttpRequest(AppiumServlet.java:271)\n\tat io.appium.uiautomator2.http.ServerHandler.channelRead(ServerHandler.java:77)\n\tat io.netty.channel.AbstractChannelHandlerContext.invokeChannelRead(AbstractChannelHandlerContext.java:366)\n\tat io.netty.channel.Abstr...
&amp#27;[38;5;66m[75895e03]&amp#27;[0m&amp#27;[38;5;123m[W3C]&amp#27;[0m Matched W3C error code 'no such element' to NoSuchElementError
&amp#27;[38;5;66m[75895e03]&amp#27;[0m&amp#27;[38;5;112m[AndroidUiautomator2Driver@b341 (75895e03)]&amp#27;[0m Waited for 19655 ms so far
&amp#27;[38;5;66m[75895e03]&amp#27;[0m&amp#27;[38;5;112m[AndroidUiautomator2Driver@b341 (75895e03)]&amp#27;[0m Matched '/element' to command name 'findElement'
&amp#27;[38;5;66m[75895e03]&amp#27;[0m&amp#27;[38;5;112m[AndroidUiautomator2Driver@b341 (75895e03)]&amp#27;[0m Proxying [POST /element] to [POST http://127.0.0.1:8200/session/9a29d941-f2de-44a0-9e8c-b573902f2815/element] with body: {"strategy":"xpath","selector":"//*[@content-desc=\"EyesAppiumHelper\"]","context":"","multiple":false}
&amp#27;[38;5;66m[75895e03]&amp#27;[0m&amp#27;[38;5;112m[AndroidUiautomator2Driver@b341 (75895e03)]&amp#27;[0m Got response with status 404: {"sessionId":"9a29d941-f2de-44a0-9e8c-b573902f2815","value":{"error":"no such element","message":"An element could not be located on the page using the given search parameters","stacktrace":"io.appium.uiautomator2.common.exceptions.ElementNotFoundException: An element could not be located on the page using the given search parameters\n\tat io.appium.uiautomator2.utils.ElementLocationHelpers.findElement(ElementLocationHelpers.java:156)\n\tat io.appium.uiautomator2.handler.FindElement.safeHandle(FindElement.java:60)\n\tat io.appium.uiautomator2.handler.request.SafeRequestHandler.handle(SafeRequestHandler.java:59)\n\tat io.appium.uiautomator2.server.AppiumServlet.handleRequest(AppiumServlet.java:277)\n\tat io.appium.uiautomator2.server.AppiumServlet.handleHttpRequest(AppiumServlet.java:271)\n\tat io.appium.uiautomator2.http.ServerHandler.channelRead(ServerHandler.java:77)\n\tat io.netty.channel.AbstractChannelHandlerContext.invokeChannelRead(AbstractChannelHandlerContext.java:366)\n\tat io.netty.channel.Abstr...
&amp#27;[38;5;66m[75895e03]&amp#27;[0m&amp#27;[38;5;123m[W3C]&amp#27;[0m Matched W3C error code 'no such element' to NoSuchElementError
&amp#27;[38;5;66m[75895e03]&amp#27;[0m&amp#27;[38;5;112m[AndroidUiautomator2Driver@b341 (75895e03)]&amp#27;[0m Encountered internal error running command: NoSuchElementError: An element could not be located on the page using the given search parameters.
&amp#27;[38;5;66m[75895e03]&amp#27;[0m&amp#27;[38;5;112m[AndroidUiautomator2Driver@b341 (75895e03)]&amp#27;[0m     at AndroidUiautomator2Driver.findElOrEls (/Users/oikhlas/.appium/node_modules/appium-uiautomator2-driver/node_modules/appium-android-driver/lib/commands/find.ts:86:11)
&amp#27;[38;5;66m[75895e03]&amp#27;[0m&amp#27;[38;5;112m[AndroidUiautomator2Driver@b341 (75895e03)]&amp#27;[0m     at processTicksAndRejections (node:internal/process/task_queues:95:5)
&amp#27;[38;5;66m[75895e03]&amp#27;[0m&amp#27;[38;5;112m[AndroidUiautomator2Driver@b341 (75895e03)]&amp#27;[0m     at AndroidUiautomator2Driver.findElOrElsWithProcessing (/Users/oikhlas/node_modules/@appium/base-driver/lib/basedriver/commands/find.ts:60:12)
&amp#27;[38;5;66m[75895e03]&amp#27;[0m&amp#27;[38;5;112m[AndroidUiautomator2Driver@b341 (75895e03)]&amp#27;[0m     at AndroidUiautomator2Driver.findElement (/Users/oikhlas/node_modules/@appium/base-driver/lib/basedriver/commands/find.ts:75:12)
&amp#27;[38;5;66m[75895e03]&amp#27;[0m&amp#27;[38;5;86m[HTTP]&amp#27;[0m <-- POST /session/75895e03-7749-47e3-bc13-bf90a3ed7962/element 404 20137 ms - 772 
&amp#27;[38;5;66m[75895e03]&amp#27;[0m&amp#27;[38;5;86m[HTTP]&amp#27;[0m &amp#27;[37m-->&amp#27;[39m &amp#27;[37mPOST&amp#27;[39m &amp#27;[37m/session/75895e03-7749-47e3-bc13-bf90a3ed7962/element&amp#27;[39m {"using":"xpath","value":"//*[@content-desc=\"EyesAppiumHelper_Version\"]"}
&amp#27;[38;5;66m[75895e03]&amp#27;[0m&amp#27;[38;5;112m[AndroidUiautomator2Driver@b341 (75895e03)]&amp#27;[0m Calling AppiumDriver.findElement() with args: ["xpath","//*[@content-desc=\"EyesAppiumHelper_Version\"]","75895e03-7749-47e3-bc13-bf90a3ed7962"]
&amp#27;[38;5;66m[75895e03]&amp#27;[0m&amp#27;[38;5;112m[AndroidUiautomator2Driver@b341 (75895e03)]&amp#27;[0m Valid locator strategies for this request: xpath, id, class name, accessibility id, css selector, -android uiautomator
&amp#27;[38;5;66m[75895e03]&amp#27;[0m&amp#27;[38;5;112m[AndroidUiautomator2Driver@b341 (75895e03)]&amp#27;[0m Waiting up to 20000 ms for condition
&amp#27;[38;5;66m[75895e03]&amp#27;[0m&amp#27;[38;5;112m[AndroidUiautomator2Driver@b341 (75895e03)]&amp#27;[0m Matched '/element' to command name 'findElement'
&amp#27;[38;5;66m[75895e03]&amp#27;[0m&amp#27;[38;5;112m[AndroidUiautomator2Driver@b341 (75895e03)]&amp#27;[0m Proxying [POST /element] to [POST http://127.0.0.1:8200/session/9a29d941-f2de-44a0-9e8c-b573902f2815/element] with body: {"strategy":"xpath","selector":"//*[@content-desc=\"EyesAppiumHelper_Version\"]","context":"","multiple":false}
&amp#27;[38;5;66m[75895e03]&amp#27;[0m&amp#27;[38;5;112m[AndroidUiautomator2Driver@b341 (75895e03)]&amp#27;[0m Got response with status 404: {"sessionId":"9a29d941-f2de-44a0-9e8c-b573902f2815","value":{"error":"no such element","message":"An element could not be located on the page using the given search parameters","stacktrace":"io.appium.uiautomator2.common.exceptions.ElementNotFoundException: An element could not be located on the page using the given search parameters\n\tat io.appium.uiautomator2.utils.ElementLocationHelpers.findElement(ElementLocationHelpers.java:156)\n\tat io.appium.uiautomator2.handler.FindElement.safeHandle(FindElement.java:60)\n\tat io.appium.uiautomator2.handler.request.SafeRequestHandler.handle(SafeRequestHandler.java:59)\n\tat io.appium.uiautomator2.server.AppiumServlet.handleRequest(AppiumServlet.java:277)\n\tat io.appium.uiautomator2.server.AppiumServlet.handleHttpRequest(AppiumServlet.java:271)\n\tat io.appium.uiautomator2.http.ServerHandler.channelRead(ServerHandler.java:77)\n\tat io.netty.channel.AbstractChannelHandlerContext.invokeChannelRead(AbstractChannelHandlerContext.java:366)\n\tat io.netty.channel.Abstr...
&amp#27;[38;5;66m[75895e03]&amp#27;[0m&amp#27;[38;5;123m[W3C]&amp#27;[0m Matched W3C error code 'no such element' to NoSuchElementError
&amp#27;[38;5;66m[75895e03]&amp#27;[0m&amp#27;[38;5;112m[AndroidUiautomator2Driver@b341 (75895e03)]&amp#27;[0m Waited for 123 ms so far
&amp#27;[38;5;66m[75895e03]&amp#27;[0m&amp#27;[38;5;112m[AndroidUiautomator2Driver@b341 (75895e03)]&amp#27;[0m Matched '/element' to command name 'findElement'
&amp#27;[38;5;66m[75895e03]&amp#27;[0m&amp#27;[38;5;112m[AndroidUiautomator2Driver@b341 (75895e03)]&amp#27;[0m Proxying [POST /element] to [POST http://127.0.0.1:8200/session/9a29d941-f2de-44a0-9e8c-b573902f2815/element] with body: {"strategy":"xpath","selector":"//*[@content-desc=\"EyesAppiumHelper_Version\"]","context":"","multiple":false}
&amp#27;[38;5;66m[75895e03]&amp#27;[0m&amp#27;[38;5;112m[AndroidUiautomator2Driver@b341 (75895e03)]&amp#27;[0m Got response with status 404: {"sessionId":"9a29d941-f2de-44a0-9e8c-b573902f2815","value":{"error":"no such element","message":"An element could not be located on the page using the given search parameters","stacktrace":"io.appium.uiautomator2.common.exceptions.ElementNotFoundException: An element could not be located on the page using the given search parameters\n\tat io.appium.uiautomator2.utils.ElementLocationHelpers.findElement(ElementLocationHelpers.java:156)\n\tat io.appium.uiautomator2.handler.FindElement.safeHandle(FindElement.java:60)\n\tat io.appium.uiautomator2.handler.request.SafeRequestHandler.handle(SafeRequestHandler.java:59)\n\tat io.appium.uiautomator2.server.AppiumServlet.handleRequest(AppiumServlet.java:277)\n\tat io.appium.uiautomator2.server.AppiumServlet.handleHttpRequest(AppiumServlet.java:271)\n\tat io.appium.uiautomator2.http.ServerHandler.channelRead(ServerHandler.java:77)\n\tat io.netty.channel.AbstractChannelHandlerContext.invokeChannelRead(AbstractChannelHandlerContext.java:366)\n\tat io.netty.channel.Abstr...
&amp#27;[38;5;66m[75895e03]&amp#27;[0m&amp#27;[38;5;123m[W3C]&amp#27;[0m Matched W3C error code 'no such element' to NoSuchElementError
&amp#27;[38;5;66m[75895e03]&amp#27;[0m&amp#27;[38;5;112m[AndroidUiautomator2Driver@b341 (75895e03)]&amp#27;[0m Waited for 785 ms so far
&amp#27;[38;5;66m[75895e03]&amp#27;[0m&amp#27;[38;5;112m[AndroidUiautomator2Driver@b341 (75895e03)]&amp#27;[0m Matched '/element' to command name 'findElement'
&amp#27;[38;5;66m[75895e03]&amp#27;[0m&amp#27;[38;5;112m[AndroidUiautomator2Driver@b341 (75895e03)]&amp#27;[0m Proxying [POST /element] to [POST http://127.0.0.1:8200/session/9a29d941-f2de-44a0-9e8c-b573902f2815/element] with body: {"strategy":"xpath","selector":"//*[@content-desc=\"EyesAppiumHelper_Version\"]","context":"","multiple":false}
&amp#27;[38;5;66m[75895e03]&amp#27;[0m&amp#27;[38;5;112m[AndroidUiautomator2Driver@b341 (75895e03)]&amp#27;[0m Got response with status 404: {"sessionId":"9a29d941-f2de-44a0-9e8c-b573902f2815","value":{"error":"no such element","message":"An element could not be located on the page using the given search parameters","stacktrace":"io.appium.uiautomator2.common.exceptions.ElementNotFoundException: An element could not be located on the page using the given search parameters\n\tat io.appium.uiautomator2.utils.ElementLocationHelpers.findElement(ElementLocationHelpers.java:156)\n\tat io.appium.uiautomator2.handler.FindElement.safeHandle(FindElement.java:60)\n\tat io.appium.uiautomator2.handler.request.SafeRequestHandler.handle(SafeRequestHandler.java:59)\n\tat io.appium.uiautomator2.server.AppiumServlet.handleRequest(AppiumServlet.java:277)\n\tat io.appium.uiautomator2.server.AppiumServlet.handleHttpRequest(AppiumServlet.java:271)\n\tat io.appium.uiautomator2.http.ServerHandler.channelRead(ServerHandler.java:77)\n\tat io.netty.channel.AbstractChannelHandlerContext.invokeChannelRead(AbstractChannelHandlerContext.java:366)\n\tat io.netty.channel.Abstr...
&amp#27;[38;5;66m[75895e03]&amp#27;[0m&amp#27;[38;5;123m[W3C]&amp#27;[0m Matched W3C error code 'no such element' to NoSuchElementError
&amp#27;[38;5;66m[75895e03]&amp#27;[0m&amp#27;[38;5;112m[AndroidUiautomator2Driver@b341 (75895e03)]&amp#27;[0m Waited for 1405 ms so far
&amp#27;[38;5;66m[75895e03]&amp#27;[0m&amp#27;[38;5;112m[AndroidUiautomator2Driver@b341 (75895e03)]&amp#27;[0m Matched '/element' to command name 'findElement'
&amp#27;[38;5;66m[75895e03]&amp#27;[0m&amp#27;[38;5;112m[AndroidUiautomator2Driver@b341 (75895e03)]&amp#27;[0m Proxying [POST /element] to [POST http://127.0.0.1:8200/session/9a29d941-f2de-44a0-9e8c-b573902f2815/element] with body: {"strategy":"xpath","selector":"//*[@content-desc=\"EyesAppiumHelper_Version\"]","context":"","multiple":false}
&amp#27;[38;5;66m[75895e03]&amp#27;[0m&amp#27;[38;5;112m[AndroidUiautomator2Driver@b341 (75895e03)]&amp#27;[0m Got response with status 404: {"sessionId":"9a29d941-f2de-44a0-9e8c-b573902f2815","value":{"error":"no such element","message":"An element could not be located on the page using the given search parameters","stacktrace":"io.appium.uiautomator2.common.exceptions.ElementNotFoundException: An element could not be located on the page using the given search parameters\n\tat io.appium.uiautomator2.utils.ElementLocationHelpers.findElement(ElementLocationHelpers.java:156)\n\tat io.appium.uiautomator2.handler.FindElement.safeHandle(FindElement.java:60)\n\tat io.appium.uiautomator2.handler.request.SafeRequestHandler.handle(SafeRequestHandler.java:59)\n\tat io.appium.uiautomator2.server.AppiumServlet.handleRequest(AppiumServlet.java:277)\n\tat io.appium.uiautomator2.server.AppiumServlet.handleHttpRequest(AppiumServlet.java:271)\n\tat io.appium.uiautomator2.http.ServerHandler.channelRead(ServerHandler.java:77)\n\tat io.netty.channel.AbstractChannelHandlerContext.invokeChannelRead(AbstractChannelHandlerContext.java:366)\n\tat io.netty.channel.Abstr...
&amp#27;[38;5;66m[75895e03]&amp#27;[0m&amp#27;[38;5;123m[W3C]&amp#27;[0m Matched W3C error code 'no such element' to NoSuchElementError
&amp#27;[38;5;66m[75895e03]&amp#27;[0m&amp#27;[38;5;112m[AndroidUiautomator2Driver@b341 (75895e03)]&amp#27;[0m Waited for 2077 ms so far
&amp#27;[38;5;66m[75895e03]&amp#27;[0m&amp#27;[38;5;112m[AndroidUiautomator2Driver@b341 (75895e03)]&amp#27;[0m Matched '/element' to command name 'findElement'
&amp#27;[38;5;66m[75895e03]&amp#27;[0m&amp#27;[38;5;112m[AndroidUiautomator2Driver@b341 (75895e03)]&amp#27;[0m Proxying [POST /element] to [POST http://127.0.0.1:8200/session/9a29d941-f2de-44a0-9e8c-b573902f2815/element] with body: {"strategy":"xpath","selector":"//*[@content-desc=\"EyesAppiumHelper_Version\"]","context":"","multiple":false}
&amp#27;[38;5;66m[75895e03]&amp#27;[0m&amp#27;[38;5;112m[AndroidUiautomator2Driver@b341 (75895e03)]&amp#27;[0m Got response with status 404: {"sessionId":"9a29d941-f2de-44a0-9e8c-b573902f2815","value":{"error":"no such element","message":"An element could not be located on the page using the given search parameters","stacktrace":"io.appium.uiautomator2.common.exceptions.ElementNotFoundException: An element could not be located on the page using the given search parameters\n\tat io.appium.uiautomator2.utils.ElementLocationHelpers.findElement(ElementLocationHelpers.java:156)\n\tat io.appium.uiautomator2.handler.FindElement.safeHandle(FindElement.java:60)\n\tat io.appium.uiautomator2.handler.request.SafeRequestHandler.handle(SafeRequestHandler.java:59)\n\tat io.appium.uiautomator2.server.AppiumServlet.handleRequest(AppiumServlet.java:277)\n\tat io.appium.uiautomator2.server.AppiumServlet.handleHttpRequest(AppiumServlet.java:271)\n\tat io.appium.uiautomator2.http.ServerHandler.channelRead(ServerHandler.java:77)\n\tat io.netty.channel.AbstractChannelHandlerContext.invokeChannelRead(AbstractChannelHandlerContext.java:366)\n\tat io.netty.channel.Abstr...
&amp#27;[38;5;66m[75895e03]&amp#27;[0m&amp#27;[38;5;123m[W3C]&amp#27;[0m Matched W3C error code 'no such element' to NoSuchElementError
&amp#27;[38;5;66m[75895e03]&amp#27;[0m&amp#27;[38;5;112m[AndroidUiautomator2Driver@b341 (75895e03)]&amp#27;[0m Waited for 2722 ms so far
&amp#27;[38;5;66m[75895e03]&amp#27;[0m&amp#27;[38;5;112m[AndroidUiautomator2Driver@b341 (75895e03)]&amp#27;[0m Matched '/element' to command name 'findElement'
&amp#27;[38;5;66m[75895e03]&amp#27;[0m&amp#27;[38;5;112m[AndroidUiautomator2Driver@b341 (75895e03)]&amp#27;[0m Proxying [POST /element] to [POST http://127.0.0.1:8200/session/9a29d941-f2de-44a0-9e8c-b573902f2815/element] with body: {"strategy":"xpath","selector":"//*[@content-desc=\"EyesAppiumHelper_Version\"]","context":"","multiple":false}
&amp#27;[38;5;66m[75895e03]&amp#27;[0m&amp#27;[38;5;112m[AndroidUiautomator2Driver@b341 (75895e03)]&amp#27;[0m Got response with status 404: {"sessionId":"9a29d941-f2de-44a0-9e8c-b573902f2815","value":{"error":"no such element","message":"An element could not be located on the page using the given search parameters","stacktrace":"io.appium.uiautomator2.common.exceptions.ElementNotFoundException: An element could not be located on the page using the given search parameters\n\tat io.appium.uiautomator2.utils.ElementLocationHelpers.findElement(ElementLocationHelpers.java:156)\n\tat io.appium.uiautomator2.handler.FindElement.safeHandle(FindElement.java:60)\n\tat io.appium.uiautomator2.handler.request.SafeRequestHandler.handle(SafeRequestHandler.java:59)\n\tat io.appium.uiautomator2.server.AppiumServlet.handleRequest(AppiumServlet.java:277)\n\tat io.appium.uiautomator2.server.AppiumServlet.handleHttpRequest(AppiumServlet.java:271)\n\tat io.appium.uiautomator2.http.ServerHandler.channelRead(ServerHandler.java:77)\n\tat io.netty.channel.AbstractChannelHandlerContext.invokeChannelRead(AbstractChannelHandlerContext.java:366)\n\tat io.netty.channel.Abstr...
&amp#27;[38;5;66m[75895e03]&amp#27;[0m&amp#27;[38;5;123m[W3C]&amp#27;[0m Matched W3C error code 'no such element' to NoSuchElementError
&amp#27;[38;5;66m[75895e03]&amp#27;[0m&amp#27;[38;5;112m[AndroidUiautomator2Driver@b341 (75895e03)]&amp#27;[0m Waited for 3355 ms so far
&amp#27;[38;5;66m[75895e03]&amp#27;[0m&amp#27;[38;5;112m[AndroidUiautomator2Driver@b341 (75895e03)]&amp#27;[0m Matched '/element' to command name 'findElement'
&amp#27;[38;5;66m[75895e03]&amp#27;[0m&amp#27;[38;5;112m[AndroidUiautomator2Driver@b341 (75895e03)]&amp#27;[0m Proxying [POST /element] to [POST http://127.0.0.1:8200/session/9a29d941-f2de-44a0-9e8c-b573902f2815/element] with body: {"strategy":"xpath","selector":"//*[@content-desc=\"EyesAppiumHelper_Version\"]","context":"","multiple":false}
&amp#27;[38;5;66m[75895e03]&amp#27;[0m&amp#27;[38;5;112m[AndroidUiautomator2Driver@b341 (75895e03)]&amp#27;[0m Got response with status 404: {"sessionId":"9a29d941-f2de-44a0-9e8c-b573902f2815","value":{"error":"no such element","message":"An element could not be located on the page using the given search parameters","stacktrace":"io.appium.uiautomator2.common.exceptions.ElementNotFoundException: An element could not be located on the page using the given search parameters\n\tat io.appium.uiautomator2.utils.ElementLocationHelpers.findElement(ElementLocationHelpers.java:156)\n\tat io.appium.uiautomator2.handler.FindElement.safeHandle(FindElement.java:60)\n\tat io.appium.uiautomator2.handler.request.SafeRequestHandler.handle(SafeRequestHandler.java:59)\n\tat io.appium.uiautomator2.server.AppiumServlet.handleRequest(AppiumServlet.java:277)\n\tat io.appium.uiautomator2.server.AppiumServlet.handleHttpRequest(AppiumServlet.java:271)\n\tat io.appium.uiautomator2.http.ServerHandler.channelRead(ServerHandler.java:77)\n\tat io.netty.channel.AbstractChannelHandlerContext.invokeChannelRead(AbstractChannelHandlerContext.java:366)\n\tat io.netty.channel.Abstr...
&amp#27;[38;5;66m[75895e03]&amp#27;[0m&amp#27;[38;5;123m[W3C]&amp#27;[0m Matched W3C error code 'no such element' to NoSuchElementError
&amp#27;[38;5;66m[75895e03]&amp#27;[0m&amp#27;[38;5;112m[AndroidUiautomator2Driver@b341 (75895e03)]&amp#27;[0m Waited for 3994 ms so far
&amp#27;[38;5;66m[75895e03]&amp#27;[0m&amp#27;[38;5;112m[AndroidUiautomator2Driver@b341 (75895e03)]&amp#27;[0m Matched '/element' to command name 'findElement'
&amp#27;[38;5;66m[75895e03]&amp#27;[0m&amp#27;[38;5;112m[AndroidUiautomator2Driver@b341 (75895e03)]&amp#27;[0m Proxying [POST /element] to [POST http://127.0.0.1:8200/session/9a29d941-f2de-44a0-9e8c-b573902f2815/element] with body: {"strategy":"xpath","selector":"//*[@content-desc=\"EyesAppiumHelper_Version\"]","context":"","multiple":false}
&amp#27;[38;5;66m[75895e03]&amp#27;[0m&amp#27;[38;5;112m[AndroidUiautomator2Driver@b341 (75895e03)]&amp#27;[0m Got response with status 404: {"sessionId":"9a29d941-f2de-44a0-9e8c-b573902f2815","value":{"error":"no such element","message":"An element could not be located on the page using the given search parameters","stacktrace":"io.appium.uiautomator2.common.exceptions.ElementNotFoundException: An element could not be located on the page using the given search parameters\n\tat io.appium.uiautomator2.utils.ElementLocationHelpers.findElement(ElementLocationHelpers.java:156)\n\tat io.appium.uiautomator2.handler.FindElement.safeHandle(FindElement.java:60)\n\tat io.appium.uiautomator2.handler.request.SafeRequestHandler.handle(SafeRequestHandler.java:59)\n\tat io.appium.uiautomator2.server.AppiumServlet.handleRequest(AppiumServlet.java:277)\n\tat io.appium.uiautomator2.server.AppiumServlet.handleHttpRequest(AppiumServlet.java:271)\n\tat io.appium.uiautomator2.http.ServerHandler.channelRead(ServerHandler.java:77)\n\tat io.netty.channel.AbstractChannelHandlerContext.invokeChannelRead(AbstractChannelHandlerContext.java:366)\n\tat io.netty.channel.Abstr...
&amp#27;[38;5;66m[75895e03]&amp#27;[0m&amp#27;[38;5;123m[W3C]&amp#27;[0m Matched W3C error code 'no such element' to NoSuchElementError
&amp#27;[38;5;66m[75895e03]&amp#27;[0m&amp#27;[38;5;112m[AndroidUiautomator2Driver@b341 (75895e03)]&amp#27;[0m Waited for 4634 ms so far
&amp#27;[38;5;66m[75895e03]&amp#27;[0m&amp#27;[38;5;112m[AndroidUiautomator2Driver@b341 (75895e03)]&amp#27;[0m Matched '/element' to command name 'findElement'
&amp#27;[38;5;66m[75895e03]&amp#27;[0m&amp#27;[38;5;112m[AndroidUiautomator2Driver@b341 (75895e03)]&amp#27;[0m Proxying [POST /element] to [POST http://127.0.0.1:8200/session/9a29d941-f2de-44a0-9e8c-b573902f2815/element] with body: {"strategy":"xpath","selector":"//*[@content-desc=\"EyesAppiumHelper_Version\"]","context":"","multiple":false}
&amp#27;[38;5;66m[75895e03]&amp#27;[0m&amp#27;[38;5;112m[AndroidUiautomator2Driver@b341 (75895e03)]&amp#27;[0m Got response with status 404: {"sessionId":"9a29d941-f2de-44a0-9e8c-b573902f2815","value":{"error":"no such element","message":"An element could not be located on the page using the given search parameters","stacktrace":"io.appium.uiautomator2.common.exceptions.ElementNotFoundException: An element could not be located on the page using the given search parameters\n\tat io.appium.uiautomator2.utils.ElementLocationHelpers.findElement(ElementLocationHelpers.java:156)\n\tat io.appium.uiautomator2.handler.FindElement.safeHandle(FindElement.java:60)\n\tat io.appium.uiautomator2.handler.request.SafeRequestHandler.handle(SafeRequestHandler.java:59)\n\tat io.appium.uiautomator2.server.AppiumServlet.handleRequest(AppiumServlet.java:277)\n\tat io.appium.uiautomator2.server.AppiumServlet.handleHttpRequest(AppiumServlet.java:271)\n\tat io.appium.uiautomator2.http.ServerHandler.channelRead(ServerHandler.java:77)\n\tat io.netty.channel.AbstractChannelHandlerContext.invokeChannelRead(AbstractChannelHandlerContext.java:366)\n\tat io.netty.channel.Abstr...
&amp#27;[38;5;66m[75895e03]&amp#27;[0m&amp#27;[38;5;123m[W3C]&amp#27;[0m Matched W3C error code 'no such element' to NoSuchElementError
&amp#27;[38;5;66m[75895e03]&amp#27;[0m&amp#27;[38;5;112m[AndroidUiautomator2Driver@b341 (75895e03)]&amp#27;[0m Waited for 5257 ms so far
&amp#27;[38;5;66m[75895e03]&amp#27;[0m&amp#27;[38;5;112m[AndroidUiautomator2Driver@b341 (75895e03)]&amp#27;[0m Matched '/element' to command name 'findElement'
&amp#27;[38;5;66m[75895e03]&amp#27;[0m&amp#27;[38;5;112m[AndroidUiautomator2Driver@b341 (75895e03)]&amp#27;[0m Proxying [POST /element] to [POST http://127.0.0.1:8200/session/9a29d941-f2de-44a0-9e8c-b573902f2815/element] with body: {"strategy":"xpath","selector":"//*[@content-desc=\"EyesAppiumHelper_Version\"]","context":"","multiple":false}
&amp#27;[38;5;66m[75895e03]&amp#27;[0m&amp#27;[38;5;112m[AndroidUiautomator2Driver@b341 (75895e03)]&amp#27;[0m Got response with status 404: {"sessionId":"9a29d941-f2de-44a0-9e8c-b573902f2815","value":{"error":"no such element","message":"An element could not be located on the page using the given search parameters","stacktrace":"io.appium.uiautomator2.common.exceptions.ElementNotFoundException: An element could not be located on the page using the given search parameters\n\tat io.appium.uiautomator2.utils.ElementLocationHelpers.findElement(ElementLocationHelpers.java:156)\n\tat io.appium.uiautomator2.handler.FindElement.safeHandle(FindElement.java:60)\n\tat io.appium.uiautomator2.handler.request.SafeRequestHandler.handle(SafeRequestHandler.java:59)\n\tat io.appium.uiautomator2.server.AppiumServlet.handleRequest(AppiumServlet.java:277)\n\tat io.appium.uiautomator2.server.AppiumServlet.handleHttpRequest(AppiumServlet.java:271)\n\tat io.appium.uiautomator2.http.ServerHandler.channelRead(ServerHandler.java:77)\n\tat io.netty.channel.AbstractChannelHandlerContext.invokeChannelRead(AbstractChannelHandlerContext.java:366)\n\tat io.netty.channel.Abstr...
&amp#27;[38;5;66m[75895e03]&amp#27;[0m&amp#27;[38;5;123m[W3C]&amp#27;[0m Matched W3C error code 'no such element' to NoSuchElementError
&amp#27;[38;5;66m[75895e03]&amp#27;[0m&amp#27;[38;5;112m[AndroidUiautomator2Driver@b341 (75895e03)]&amp#27;[0m Waited for 5890 ms so far
&amp#27;[38;5;66m[75895e03]&amp#27;[0m&amp#27;[38;5;112m[AndroidUiautomator2Driver@b341 (75895e03)]&amp#27;[0m Matched '/element' to command name 'findElement'
&amp#27;[38;5;66m[75895e03]&amp#27;[0m&amp#27;[38;5;112m[AndroidUiautomator2Driver@b341 (75895e03)]&amp#27;[0m Proxying [POST /element] to [POST http://127.0.0.1:8200/session/9a29d941-f2de-44a0-9e8c-b573902f2815/element] with body: {"strategy":"xpath","selector":"//*[@content-desc=\"EyesAppiumHelper_Version\"]","context":"","multiple":false}
&amp#27;[38;5;66m[75895e03]&amp#27;[0m&amp#27;[38;5;112m[AndroidUiautomator2Driver@b341 (75895e03)]&amp#27;[0m Got response with status 404: {"sessionId":"9a29d941-f2de-44a0-9e8c-b573902f2815","value":{"error":"no such element","message":"An element could not be located on the page using the given search parameters","stacktrace":"io.appium.uiautomator2.common.exceptions.ElementNotFoundException: An element could not be located on the page using the given search parameters\n\tat io.appium.uiautomator2.utils.ElementLocationHelpers.findElement(ElementLocationHelpers.java:156)\n\tat io.appium.uiautomator2.handler.FindElement.safeHandle(FindElement.java:60)\n\tat io.appium.uiautomator2.handler.request.SafeRequestHandler.handle(SafeRequestHandler.java:59)\n\tat io.appium.uiautomator2.server.AppiumServlet.handleRequest(AppiumServlet.java:277)\n\tat io.appium.uiautomator2.server.AppiumServlet.handleHttpRequest(AppiumServlet.java:271)\n\tat io.appium.uiautomator2.http.ServerHandler.channelRead(ServerHandler.java:77)\n\tat io.netty.channel.AbstractChannelHandlerContext.invokeChannelRead(AbstractChannelHandlerContext.java:366)\n\tat io.netty.channel.Abstr...
&amp#27;[38;5;66m[75895e03]&amp#27;[0m&amp#27;[38;5;123m[W3C]&amp#27;[0m Matched W3C error code 'no such element' to NoSuchElementError
&amp#27;[38;5;66m[75895e03]&amp#27;[0m&amp#27;[38;5;112m[AndroidUiautomator2Driver@b341 (75895e03)]&amp#27;[0m Waited for 6542 ms so far
&amp#27;[38;5;66m[75895e03]&amp#27;[0m&amp#27;[38;5;112m[AndroidUiautomator2Driver@b341 (75895e03)]&amp#27;[0m Matched '/element' to command name 'findElement'
&amp#27;[38;5;66m[75895e03]&amp#27;[0m&amp#27;[38;5;112m[AndroidUiautomator2Driver@b341 (75895e03)]&amp#27;[0m Proxying [POST /element] to [POST http://127.0.0.1:8200/session/9a29d941-f2de-44a0-9e8c-b573902f2815/element] with body: {"strategy":"xpath","selector":"//*[@content-desc=\"EyesAppiumHelper_Version\"]","context":"","multiple":false}
&amp#27;[38;5;66m[75895e03]&amp#27;[0m&amp#27;[38;5;112m[AndroidUiautomator2Driver@b341 (75895e03)]&amp#27;[0m Got response with status 404: {"sessionId":"9a29d941-f2de-44a0-9e8c-b573902f2815","value":{"error":"no such element","message":"An element could not be located on the page using the given search parameters","stacktrace":"io.appium.uiautomator2.common.exceptions.ElementNotFoundException: An element could not be located on the page using the given search parameters\n\tat io.appium.uiautomator2.utils.ElementLocationHelpers.findElement(ElementLocationHelpers.java:156)\n\tat io.appium.uiautomator2.handler.FindElement.safeHandle(FindElement.java:60)\n\tat io.appium.uiautomator2.handler.request.SafeRequestHandler.handle(SafeRequestHandler.java:59)\n\tat io.appium.uiautomator2.server.AppiumServlet.handleRequest(AppiumServlet.java:277)\n\tat io.appium.uiautomator2.server.AppiumServlet.handleHttpRequest(AppiumServlet.java:271)\n\tat io.appium.uiautomator2.http.ServerHandler.channelRead(ServerHandler.java:77)\n\tat io.netty.channel.AbstractChannelHandlerContext.invokeChannelRead(AbstractChannelHandlerContext.java:366)\n\tat io.netty.channel.Abstr...
&amp#27;[38;5;66m[75895e03]&amp#27;[0m&amp#27;[38;5;123m[W3C]&amp#27;[0m Matched W3C error code 'no such element' to NoSuchElementError
&amp#27;[38;5;66m[75895e03]&amp#27;[0m&amp#27;[38;5;112m[AndroidUiautomator2Driver@b341 (75895e03)]&amp#27;[0m Waited for 7215 ms so far
&amp#27;[38;5;66m[75895e03]&amp#27;[0m&amp#27;[38;5;112m[AndroidUiautomator2Driver@b341 (75895e03)]&amp#27;[0m Matched '/element' to command name 'findElement'
&amp#27;[38;5;66m[75895e03]&amp#27;[0m&amp#27;[38;5;112m[AndroidUiautomator2Driver@b341 (75895e03)]&amp#27;[0m Proxying [POST /element] to [POST http://127.0.0.1:8200/session/9a29d941-f2de-44a0-9e8c-b573902f2815/element] with body: {"strategy":"xpath","selector":"//*[@content-desc=\"EyesAppiumHelper_Version\"]","context":"","multiple":false}
&amp#27;[38;5;66m[75895e03]&amp#27;[0m&amp#27;[38;5;112m[AndroidUiautomator2Driver@b341 (75895e03)]&amp#27;[0m Got response with status 404: {"sessionId":"9a29d941-f2de-44a0-9e8c-b573902f2815","value":{"error":"no such element","message":"An element could not be located on the page using the given search parameters","stacktrace":"io.appium.uiautomator2.common.exceptions.ElementNotFoundException: An element could not be located on the page using the given search parameters\n\tat io.appium.uiautomator2.utils.ElementLocationHelpers.findElement(ElementLocationHelpers.java:156)\n\tat io.appium.uiautomator2.handler.FindElement.safeHandle(FindElement.java:60)\n\tat io.appium.uiautomator2.handler.request.SafeRequestHandler.handle(SafeRequestHandler.java:59)\n\tat io.appium.uiautomator2.server.AppiumServlet.handleRequest(AppiumServlet.java:277)\n\tat io.appium.uiautomator2.server.AppiumServlet.handleHttpRequest(AppiumServlet.java:271)\n\tat io.appium.uiautomator2.http.ServerHandler.channelRead(ServerHandler.java:77)\n\tat io.netty.channel.AbstractChannelHandlerContext.invokeChannelRead(AbstractChannelHandlerContext.java:366)\n\tat io.netty.channel.Abstr...
&amp#27;[38;5;66m[75895e03]&amp#27;[0m&amp#27;[38;5;123m[W3C]&amp#27;[0m Matched W3C error code 'no such element' to NoSuchElementError
&amp#27;[38;5;66m[75895e03]&amp#27;[0m&amp#27;[38;5;112m[AndroidUiautomator2Driver@b341 (75895e03)]&amp#27;[0m Waited for 7884 ms so far
&amp#27;[38;5;66m[75895e03]&amp#27;[0m&amp#27;[38;5;112m[AndroidUiautomator2Driver@b341 (75895e03)]&amp#27;[0m Matched '/element' to command name 'findElement'
&amp#27;[38;5;66m[75895e03]&amp#27;[0m&amp#27;[38;5;112m[AndroidUiautomator2Driver@b341 (75895e03)]&amp#27;[0m Proxying [POST /element] to [POST http://127.0.0.1:8200/session/9a29d941-f2de-44a0-9e8c-b573902f2815/element] with body: {"strategy":"xpath","selector":"//*[@content-desc=\"EyesAppiumHelper_Version\"]","context":"","multiple":false}
&amp#27;[38;5;66m[75895e03]&amp#27;[0m&amp#27;[38;5;112m[AndroidUiautomator2Driver@b341 (75895e03)]&amp#27;[0m Got response with status 404: {"sessionId":"9a29d941-f2de-44a0-9e8c-b573902f2815","value":{"error":"no such element","message":"An element could not be located on the page using the given search parameters","stacktrace":"io.appium.uiautomator2.common.exceptions.ElementNotFoundException: An element could not be located on the page using the given search parameters\n\tat io.appium.uiautomator2.utils.ElementLocationHelpers.findElement(ElementLocationHelpers.java:156)\n\tat io.appium.uiautomator2.handler.FindElement.safeHandle(FindElement.java:60)\n\tat io.appium.uiautomator2.handler.request.SafeRequestHandler.handle(SafeRequestHandler.java:59)\n\tat io.appium.uiautomator2.server.AppiumServlet.handleRequest(AppiumServlet.java:277)\n\tat io.appium.uiautomator2.server.AppiumServlet.handleHttpRequest(AppiumServlet.java:271)\n\tat io.appium.uiautomator2.http.ServerHandler.channelRead(ServerHandler.java:77)\n\tat io.netty.channel.AbstractChannelHandlerContext.invokeChannelRead(AbstractChannelHandlerContext.java:366)\n\tat io.netty.channel.Abstr...
&amp#27;[38;5;66m[75895e03]&amp#27;[0m&amp#27;[38;5;123m[W3C]&amp#27;[0m Matched W3C error code 'no such element' to NoSuchElementError
&amp#27;[38;5;66m[75895e03]&amp#27;[0m&amp#27;[38;5;112m[AndroidUiautomator2Driver@b341 (75895e03)]&amp#27;[0m Waited for 8516 ms so far
&amp#27;[38;5;66m[75895e03]&amp#27;[0m&amp#27;[38;5;112m[AndroidUiautomator2Driver@b341 (75895e03)]&amp#27;[0m Matched '/element' to command name 'findElement'
&amp#27;[38;5;66m[75895e03]&amp#27;[0m&amp#27;[38;5;112m[AndroidUiautomator2Driver@b341 (75895e03)]&amp#27;[0m Proxying [POST /element] to [POST http://127.0.0.1:8200/session/9a29d941-f2de-44a0-9e8c-b573902f2815/element] with body: {"strategy":"xpath","selector":"//*[@content-desc=\"EyesAppiumHelper_Version\"]","context":"","multiple":false}
&amp#27;[38;5;66m[75895e03]&amp#27;[0m&amp#27;[38;5;112m[AndroidUiautomator2Driver@b341 (75895e03)]&amp#27;[0m Got response with status 404: {"sessionId":"9a29d941-f2de-44a0-9e8c-b573902f2815","value":{"error":"no such element","message":"An element could not be located on the page using the given search parameters","stacktrace":"io.appium.uiautomator2.common.exceptions.ElementNotFoundException: An element could not be located on the page using the given search parameters\n\tat io.appium.uiautomator2.utils.ElementLocationHelpers.findElement(ElementLocationHelpers.java:156)\n\tat io.appium.uiautomator2.handler.FindElement.safeHandle(FindElement.java:60)\n\tat io.appium.uiautomator2.handler.request.SafeRequestHandler.handle(SafeRequestHandler.java:59)\n\tat io.appium.uiautomator2.server.AppiumServlet.handleRequest(AppiumServlet.java:277)\n\tat io.appium.uiautomator2.server.AppiumServlet.handleHttpRequest(AppiumServlet.java:271)\n\tat io.appium.uiautomator2.http.ServerHandler.channelRead(ServerHandler.java:77)\n\tat io.netty.channel.AbstractChannelHandlerContext.invokeChannelRead(AbstractChannelHandlerContext.java:366)\n\tat io.netty.channel.Abstr...
&amp#27;[38;5;66m[75895e03]&amp#27;[0m&amp#27;[38;5;123m[W3C]&amp#27;[0m Matched W3C error code 'no such element' to NoSuchElementError
&amp#27;[38;5;66m[75895e03]&amp#27;[0m&amp#27;[38;5;112m[AndroidUiautomator2Driver@b341 (75895e03)]&amp#27;[0m Waited for 9172 ms so far
&amp#27;[38;5;66m[75895e03]&amp#27;[0m&amp#27;[38;5;112m[AndroidUiautomator2Driver@b341 (75895e03)]&amp#27;[0m Matched '/element' to command name 'findElement'
&amp#27;[38;5;66m[75895e03]&amp#27;[0m&amp#27;[38;5;112m[AndroidUiautomator2Driver@b341 (75895e03)]&amp#27;[0m Proxying [POST /element] to [POST http://127.0.0.1:8200/session/9a29d941-f2de-44a0-9e8c-b573902f2815/element] with body: {"strategy":"xpath","selector":"//*[@content-desc=\"EyesAppiumHelper_Version\"]","context":"","multiple":false}
&amp#27;[38;5;66m[75895e03]&amp#27;[0m&amp#27;[38;5;112m[AndroidUiautomator2Driver@b341 (75895e03)]&amp#27;[0m Got response with status 404: {"sessionId":"9a29d941-f2de-44a0-9e8c-b573902f2815","value":{"error":"no such element","message":"An element could not be located on the page using the given search parameters","stacktrace":"io.appium.uiautomator2.common.exceptions.ElementNotFoundException: An element could not be located on the page using the given search parameters\n\tat io.appium.uiautomator2.utils.ElementLocationHelpers.findElement(ElementLocationHelpers.java:156)\n\tat io.appium.uiautomator2.handler.FindElement.safeHandle(FindElement.java:60)\n\tat io.appium.uiautomator2.handler.request.SafeRequestHandler.handle(SafeRequestHandler.java:59)\n\tat io.appium.uiautomator2.server.AppiumServlet.handleRequest(AppiumServlet.java:277)\n\tat io.appium.uiautomator2.server.AppiumServlet.handleHttpRequest(AppiumServlet.java:271)\n\tat io.appium.uiautomator2.http.ServerHandler.channelRead(ServerHandler.java:77)\n\tat io.netty.channel.AbstractChannelHandlerContext.invokeChannelRead(AbstractChannelHandlerContext.java:366)\n\tat io.netty.channel.Abstr...
&amp#27;[38;5;66m[75895e03]&amp#27;[0m&amp#27;[38;5;123m[W3C]&amp#27;[0m Matched W3C error code 'no such element' to NoSuchElementError
&amp#27;[38;5;66m[75895e03]&amp#27;[0m&amp#27;[38;5;112m[AndroidUiautomator2Driver@b341 (75895e03)]&amp#27;[0m Waited for 9810 ms so far
&amp#27;[38;5;66m[75895e03]&amp#27;[0m&amp#27;[38;5;112m[AndroidUiautomator2Driver@b341 (75895e03)]&amp#27;[0m Matched '/element' to command name 'findElement'
&amp#27;[38;5;66m[75895e03]&amp#27;[0m&amp#27;[38;5;112m[AndroidUiautomator2Driver@b341 (75895e03)]&amp#27;[0m Proxying [POST /element] to [POST http://127.0.0.1:8200/session/9a29d941-f2de-44a0-9e8c-b573902f2815/element] with body: {"strategy":"xpath","selector":"//*[@content-desc=\"EyesAppiumHelper_Version\"]","context":"","multiple":false}
&amp#27;[38;5;66m[75895e03]&amp#27;[0m&amp#27;[38;5;112m[AndroidUiautomator2Driver@b341 (75895e03)]&amp#27;[0m Got response with status 404: {"sessionId":"9a29d941-f2de-44a0-9e8c-b573902f2815","value":{"error":"no such element","message":"An element could not be located on the page using the given search parameters","stacktrace":"io.appium.uiautomator2.common.exceptions.ElementNotFoundException: An element could not be located on the page using the given search parameters\n\tat io.appium.uiautomator2.utils.ElementLocationHelpers.findElement(ElementLocationHelpers.java:156)\n\tat io.appium.uiautomator2.handler.FindElement.safeHandle(FindElement.java:60)\n\tat io.appium.uiautomator2.handler.request.SafeRequestHandler.handle(SafeRequestHandler.java:59)\n\tat io.appium.uiautomator2.server.AppiumServlet.handleRequest(AppiumServlet.java:277)\n\tat io.appium.uiautomator2.server.AppiumServlet.handleHttpRequest(AppiumServlet.java:271)\n\tat io.appium.uiautomator2.http.ServerHandler.channelRead(ServerHandler.java:77)\n\tat io.netty.channel.AbstractChannelHandlerContext.invokeChannelRead(AbstractChannelHandlerContext.java:366)\n\tat io.netty.channel.Abstr...
&amp#27;[38;5;66m[75895e03]&amp#27;[0m&amp#27;[38;5;123m[W3C]&amp#27;[0m Matched W3C error code 'no such element' to NoSuchElementError
&amp#27;[38;5;66m[75895e03]&amp#27;[0m&amp#27;[38;5;112m[AndroidUiautomator2Driver@b341 (75895e03)]&amp#27;[0m Waited for 10440 ms so far
&amp#27;[38;5;66m[75895e03]&amp#27;[0m&amp#27;[38;5;112m[AndroidUiautomator2Driver@b341 (75895e03)]&amp#27;[0m Matched '/element' to command name 'findElement'
&amp#27;[38;5;66m[75895e03]&amp#27;[0m&amp#27;[38;5;112m[AndroidUiautomator2Driver@b341 (75895e03)]&amp#27;[0m Proxying [POST /element] to [POST http://127.0.0.1:8200/session/9a29d941-f2de-44a0-9e8c-b573902f2815/element] with body: {"strategy":"xpath","selector":"//*[@content-desc=\"EyesAppiumHelper_Version\"]","context":"","multiple":false}
&amp#27;[38;5;66m[75895e03]&amp#27;[0m&amp#27;[38;5;112m[AndroidUiautomator2Driver@b341 (75895e03)]&amp#27;[0m Got response with status 404: {"sessionId":"9a29d941-f2de-44a0-9e8c-b573902f2815","value":{"error":"no such element","message":"An element could not be located on the page using the given search parameters","stacktrace":"io.appium.uiautomator2.common.exceptions.ElementNotFoundException: An element could not be located on the page using the given search parameters\n\tat io.appium.uiautomator2.utils.ElementLocationHelpers.findElement(ElementLocationHelpers.java:156)\n\tat io.appium.uiautomator2.handler.FindElement.safeHandle(FindElement.java:60)\n\tat io.appium.uiautomator2.handler.request.SafeRequestHandler.handle(SafeRequestHandler.java:59)\n\tat io.appium.uiautomator2.server.AppiumServlet.handleRequest(AppiumServlet.java:277)\n\tat io.appium.uiautomator2.server.AppiumServlet.handleHttpRequest(AppiumServlet.java:271)\n\tat io.appium.uiautomator2.http.ServerHandler.channelRead(ServerHandler.java:77)\n\tat io.netty.channel.AbstractChannelHandlerContext.invokeChannelRead(AbstractChannelHandlerContext.java:366)\n\tat io.netty.channel.Abstr...
&amp#27;[38;5;66m[75895e03]&amp#27;[0m&amp#27;[38;5;123m[W3C]&amp#27;[0m Matched W3C error code 'no such element' to NoSuchElementError
&amp#27;[38;5;66m[75895e03]&amp#27;[0m&amp#27;[38;5;112m[AndroidUiautomator2Driver@b341 (75895e03)]&amp#27;[0m Waited for 11073 ms so far
&amp#27;[38;5;66m[75895e03]&amp#27;[0m&amp#27;[38;5;112m[AndroidUiautomator2Driver@b341 (75895e03)]&amp#27;[0m Matched '/element' to command name 'findElement'
&amp#27;[38;5;66m[75895e03]&amp#27;[0m&amp#27;[38;5;112m[AndroidUiautomator2Driver@b341 (75895e03)]&amp#27;[0m Proxying [POST /element] to [POST http://127.0.0.1:8200/session/9a29d941-f2de-44a0-9e8c-b573902f2815/element] with body: {"strategy":"xpath","selector":"//*[@content-desc=\"EyesAppiumHelper_Version\"]","context":"","multiple":false}
&amp#27;[38;5;66m[75895e03]&amp#27;[0m&amp#27;[38;5;112m[AndroidUiautomator2Driver@b341 (75895e03)]&amp#27;[0m Got response with status 404: {"sessionId":"9a29d941-f2de-44a0-9e8c-b573902f2815","value":{"error":"no such element","message":"An element could not be located on the page using the given search parameters","stacktrace":"io.appium.uiautomator2.common.exceptions.ElementNotFoundException: An element could not be located on the page using the given search parameters\n\tat io.appium.uiautomator2.utils.ElementLocationHelpers.findElement(ElementLocationHelpers.java:156)\n\tat io.appium.uiautomator2.handler.FindElement.safeHandle(FindElement.java:60)\n\tat io.appium.uiautomator2.handler.request.SafeRequestHandler.handle(SafeRequestHandler.java:59)\n\tat io.appium.uiautomator2.server.AppiumServlet.handleRequest(AppiumServlet.java:277)\n\tat io.appium.uiautomator2.server.AppiumServlet.handleHttpRequest(AppiumServlet.java:271)\n\tat io.appium.uiautomator2.http.ServerHandler.channelRead(ServerHandler.java:77)\n\tat io.netty.channel.AbstractChannelHandlerContext.invokeChannelRead(AbstractChannelHandlerContext.java:366)\n\tat io.netty.channel.Abstr...
&amp#27;[38;5;66m[75895e03]&amp#27;[0m&amp#27;[38;5;123m[W3C]&amp#27;[0m Matched W3C error code 'no such element' to NoSuchElementError
&amp#27;[38;5;66m[75895e03]&amp#27;[0m&amp#27;[38;5;112m[AndroidUiautomator2Driver@b341 (75895e03)]&amp#27;[0m Waited for 11863 ms so far
&amp#27;[38;5;66m[75895e03]&amp#27;[0m&amp#27;[38;5;112m[AndroidUiautomator2Driver@b341 (75895e03)]&amp#27;[0m Matched '/element' to command name 'findElement'
&amp#27;[38;5;66m[75895e03]&amp#27;[0m&amp#27;[38;5;112m[AndroidUiautomator2Driver@b341 (75895e03)]&amp#27;[0m Proxying [POST /element] to [POST http://127.0.0.1:8200/session/9a29d941-f2de-44a0-9e8c-b573902f2815/element] with body: {"strategy":"xpath","selector":"//*[@content-desc=\"EyesAppiumHelper_Version\"]","context":"","multiple":false}
&amp#27;[38;5;66m[75895e03]&amp#27;[0m&amp#27;[38;5;112m[AndroidUiautomator2Driver@b341 (75895e03)]&amp#27;[0m Got response with status 404: {"sessionId":"9a29d941-f2de-44a0-9e8c-b573902f2815","value":{"error":"no such element","message":"An element could not be located on the page using the given search parameters","stacktrace":"io.appium.uiautomator2.common.exceptions.ElementNotFoundException: An element could not be located on the page using the given search parameters\n\tat io.appium.uiautomator2.utils.ElementLocationHelpers.findElement(ElementLocationHelpers.java:156)\n\tat io.appium.uiautomator2.handler.FindElement.safeHandle(FindElement.java:60)\n\tat io.appium.uiautomator2.handler.request.SafeRequestHandler.handle(SafeRequestHandler.java:59)\n\tat io.appium.uiautomator2.server.AppiumServlet.handleRequest(AppiumServlet.java:277)\n\tat io.appium.uiautomator2.server.AppiumServlet.handleHttpRequest(AppiumServlet.java:271)\n\tat io.appium.uiautomator2.http.ServerHandler.channelRead(ServerHandler.java:77)\n\tat io.netty.channel.AbstractChannelHandlerContext.invokeChannelRead(AbstractChannelHandlerContext.java:366)\n\tat io.netty.channel.Abstr...
&amp#27;[38;5;66m[75895e03]&amp#27;[0m&amp#27;[38;5;123m[W3C]&amp#27;[0m Matched W3C error code 'no such element' to NoSuchElementError
&amp#27;[38;5;66m[75895e03]&amp#27;[0m&amp#27;[38;5;112m[AndroidUiautomator2Driver@b341 (75895e03)]&amp#27;[0m Waited for 12699 ms so far
&amp#27;[38;5;66m[75895e03]&amp#27;[0m&amp#27;[38;5;112m[AndroidUiautomator2Driver@b341 (75895e03)]&amp#27;[0m Matched '/element' to command name 'findElement'
&amp#27;[38;5;66m[75895e03]&amp#27;[0m&amp#27;[38;5;112m[AndroidUiautomator2Driver@b341 (75895e03)]&amp#27;[0m Proxying [POST /element] to [POST http://127.0.0.1:8200/session/9a29d941-f2de-44a0-9e8c-b573902f2815/element] with body: {"strategy":"xpath","selector":"//*[@content-desc=\"EyesAppiumHelper_Version\"]","context":"","multiple":false}
&amp#27;[38;5;66m[75895e03]&amp#27;[0m&amp#27;[38;5;112m[AndroidUiautomator2Driver@b341 (75895e03)]&amp#27;[0m Got response with status 404: {"sessionId":"9a29d941-f2de-44a0-9e8c-b573902f2815","value":{"error":"no such element","message":"An element could not be located on the page using the given search parameters","stacktrace":"io.appium.uiautomator2.common.exceptions.ElementNotFoundException: An element could not be located on the page using the given search parameters\n\tat io.appium.uiautomator2.utils.ElementLocationHelpers.findElement(ElementLocationHelpers.java:156)\n\tat io.appium.uiautomator2.handler.FindElement.safeHandle(FindElement.java:60)\n\tat io.appium.uiautomator2.handler.request.SafeRequestHandler.handle(SafeRequestHandler.java:59)\n\tat io.appium.uiautomator2.server.AppiumServlet.handleRequest(AppiumServlet.java:277)\n\tat io.appium.uiautomator2.server.AppiumServlet.handleHttpRequest(AppiumServlet.java:271)\n\tat io.appium.uiautomator2.http.ServerHandler.channelRead(ServerHandler.java:77)\n\tat io.netty.channel.AbstractChannelHandlerContext.invokeChannelRead(AbstractChannelHandlerContext.java:366)\n\tat io.netty.channel.Abstr...
&amp#27;[38;5;66m[75895e03]&amp#27;[0m&amp#27;[38;5;123m[W3C]&amp#27;[0m Matched W3C error code 'no such element' to NoSuchElementError
&amp#27;[38;5;66m[75895e03]&amp#27;[0m&amp#27;[38;5;112m[AndroidUiautomator2Driver@b341 (75895e03)]&amp#27;[0m Waited for 13329 ms so far
&amp#27;[38;5;66m[75895e03]&amp#27;[0m&amp#27;[38;5;112m[AndroidUiautomator2Driver@b341 (75895e03)]&amp#27;[0m Matched '/element' to command name 'findElement'
&amp#27;[38;5;66m[75895e03]&amp#27;[0m&amp#27;[38;5;112m[AndroidUiautomator2Driver@b341 (75895e03)]&amp#27;[0m Proxying [POST /element] to [POST http://127.0.0.1:8200/session/9a29d941-f2de-44a0-9e8c-b573902f2815/element] with body: {"strategy":"xpath","selector":"//*[@content-desc=\"EyesAppiumHelper_Version\"]","context":"","multiple":false}
&amp#27;[38;5;66m[75895e03]&amp#27;[0m&amp#27;[38;5;112m[AndroidUiautomator2Driver@b341 (75895e03)]&amp#27;[0m Got response with status 404: {"sessionId":"9a29d941-f2de-44a0-9e8c-b573902f2815","value":{"error":"no such element","message":"An element could not be located on the page using the given search parameters","stacktrace":"io.appium.uiautomator2.common.exceptions.ElementNotFoundException: An element could not be located on the page using the given search parameters\n\tat io.appium.uiautomator2.utils.ElementLocationHelpers.findElement(ElementLocationHelpers.java:156)\n\tat io.appium.uiautomator2.handler.FindElement.safeHandle(FindElement.java:60)\n\tat io.appium.uiautomator2.handler.request.SafeRequestHandler.handle(SafeRequestHandler.java:59)\n\tat io.appium.uiautomator2.server.AppiumServlet.handleRequest(AppiumServlet.java:277)\n\tat io.appium.uiautomator2.server.AppiumServlet.handleHttpRequest(AppiumServlet.java:271)\n\tat io.appium.uiautomator2.http.ServerHandler.channelRead(ServerHandler.java:77)\n\tat io.netty.channel.AbstractChannelHandlerContext.invokeChannelRead(AbstractChannelHandlerContext.java:366)\n\tat io.netty.channel.Abstr...
&amp#27;[38;5;66m[75895e03]&amp#27;[0m&amp#27;[38;5;123m[W3C]&amp#27;[0m Matched W3C error code 'no such element' to NoSuchElementError
&amp#27;[38;5;66m[75895e03]&amp#27;[0m&amp#27;[38;5;112m[AndroidUiautomator2Driver@b341 (75895e03)]&amp#27;[0m Waited for 13966 ms so far
&amp#27;[38;5;66m[75895e03]&amp#27;[0m&amp#27;[38;5;112m[AndroidUiautomator2Driver@b341 (75895e03)]&amp#27;[0m Matched '/element' to command name 'findElement'
&amp#27;[38;5;66m[75895e03]&amp#27;[0m&amp#27;[38;5;112m[AndroidUiautomator2Driver@b341 (75895e03)]&amp#27;[0m Proxying [POST /element] to [POST http://127.0.0.1:8200/session/9a29d941-f2de-44a0-9e8c-b573902f2815/element] with body: {"strategy":"xpath","selector":"//*[@content-desc=\"EyesAppiumHelper_Version\"]","context":"","multiple":false}
&amp#27;[38;5;66m[75895e03]&amp#27;[0m&amp#27;[38;5;112m[AndroidUiautomator2Driver@b341 (75895e03)]&amp#27;[0m Got response with status 404: {"sessionId":"9a29d941-f2de-44a0-9e8c-b573902f2815","value":{"error":"no such element","message":"An element could not be located on the page using the given search parameters","stacktrace":"io.appium.uiautomator2.common.exceptions.ElementNotFoundException: An element could not be located on the page using the given search parameters\n\tat io.appium.uiautomator2.utils.ElementLocationHelpers.findElement(ElementLocationHelpers.java:156)\n\tat io.appium.uiautomator2.handler.FindElement.safeHandle(FindElement.java:60)\n\tat io.appium.uiautomator2.handler.request.SafeRequestHandler.handle(SafeRequestHandler.java:59)\n\tat io.appium.uiautomator2.server.AppiumServlet.handleRequest(AppiumServlet.java:277)\n\tat io.appium.uiautomator2.server.AppiumServlet.handleHttpRequest(AppiumServlet.java:271)\n\tat io.appium.uiautomator2.http.ServerHandler.channelRead(ServerHandler.java:77)\n\tat io.netty.channel.AbstractChannelHandlerContext.invokeChannelRead(AbstractChannelHandlerContext.java:366)\n\tat io.netty.channel.Abstr...
&amp#27;[38;5;66m[75895e03]&amp#27;[0m&amp#27;[38;5;123m[W3C]&amp#27;[0m Matched W3C error code 'no such element' to NoSuchElementError
&amp#27;[38;5;66m[75895e03]&amp#27;[0m&amp#27;[38;5;112m[AndroidUiautomator2Driver@b341 (75895e03)]&amp#27;[0m Waited for 14601 ms so far
&amp#27;[38;5;66m[75895e03]&amp#27;[0m&amp#27;[38;5;112m[AndroidUiautomator2Driver@b341 (75895e03)]&amp#27;[0m Matched '/element' to command name 'findElement'
&amp#27;[38;5;66m[75895e03]&amp#27;[0m&amp#27;[38;5;112m[AndroidUiautomator2Driver@b341 (75895e03)]&amp#27;[0m Proxying [POST /element] to [POST http://127.0.0.1:8200/session/9a29d941-f2de-44a0-9e8c-b573902f2815/element] with body: {"strategy":"xpath","selector":"//*[@content-desc=\"EyesAppiumHelper_Version\"]","context":"","multiple":false}
&amp#27;[38;5;66m[75895e03]&amp#27;[0m&amp#27;[38;5;112m[AndroidUiautomator2Driver@b341 (75895e03)]&amp#27;[0m Got response with status 404: {"sessionId":"9a29d941-f2de-44a0-9e8c-b573902f2815","value":{"error":"no such element","message":"An element could not be located on the page using the given search parameters","stacktrace":"io.appium.uiautomator2.common.exceptions.ElementNotFoundException: An element could not be located on the page using the given search parameters\n\tat io.appium.uiautomator2.utils.ElementLocationHelpers.findElement(ElementLocationHelpers.java:156)\n\tat io.appium.uiautomator2.handler.FindElement.safeHandle(FindElement.java:60)\n\tat io.appium.uiautomator2.handler.request.SafeRequestHandler.handle(SafeRequestHandler.java:59)\n\tat io.appium.uiautomator2.server.AppiumServlet.handleRequest(AppiumServlet.java:277)\n\tat io.appium.uiautomator2.server.AppiumServlet.handleHttpRequest(AppiumServlet.java:271)\n\tat io.appium.uiautomator2.http.ServerHandler.channelRead(ServerHandler.java:77)\n\tat io.netty.channel.AbstractChannelHandlerContext.invokeChannelRead(AbstractChannelHandlerContext.java:366)\n\tat io.netty.channel.Abstr...
&amp#27;[38;5;66m[75895e03]&amp#27;[0m&amp#27;[38;5;123m[W3C]&amp#27;[0m Matched W3C error code 'no such element' to NoSuchElementError
&amp#27;[38;5;66m[75895e03]&amp#27;[0m&amp#27;[38;5;112m[AndroidUiautomator2Driver@b341 (75895e03)]&amp#27;[0m Waited for 15228 ms so far
&amp#27;[38;5;66m[75895e03]&amp#27;[0m&amp#27;[38;5;112m[AndroidUiautomator2Driver@b341 (75895e03)]&amp#27;[0m Matched '/element' to command name 'findElement'
&amp#27;[38;5;66m[75895e03]&amp#27;[0m&amp#27;[38;5;112m[AndroidUiautomator2Driver@b341 (75895e03)]&amp#27;[0m Proxying [POST /element] to [POST http://127.0.0.1:8200/session/9a29d941-f2de-44a0-9e8c-b573902f2815/element] with body: {"strategy":"xpath","selector":"//*[@content-desc=\"EyesAppiumHelper_Version\"]","context":"","multiple":false}
&amp#27;[38;5;66m[75895e03]&amp#27;[0m&amp#27;[38;5;112m[AndroidUiautomator2Driver@b341 (75895e03)]&amp#27;[0m Got response with status 404: {"sessionId":"9a29d941-f2de-44a0-9e8c-b573902f2815","value":{"error":"no such element","message":"An element could not be located on the page using the given search parameters","stacktrace":"io.appium.uiautomator2.common.exceptions.ElementNotFoundException: An element could not be located on the page using the given search parameters\n\tat io.appium.uiautomator2.utils.ElementLocationHelpers.findElement(ElementLocationHelpers.java:156)\n\tat io.appium.uiautomator2.handler.FindElement.safeHandle(FindElement.java:60)\n\tat io.appium.uiautomator2.handler.request.SafeRequestHandler.handle(SafeRequestHandler.java:59)\n\tat io.appium.uiautomator2.server.AppiumServlet.handleRequest(AppiumServlet.java:277)\n\tat io.appium.uiautomator2.server.AppiumServlet.handleHttpRequest(AppiumServlet.java:271)\n\tat io.appium.uiautomator2.http.ServerHandler.channelRead(ServerHandler.java:77)\n\tat io.netty.channel.AbstractChannelHandlerContext.invokeChannelRead(AbstractChannelHandlerContext.java:366)\n\tat io.netty.channel.Abstr...
&amp#27;[38;5;66m[75895e03]&amp#27;[0m&amp#27;[38;5;123m[W3C]&amp#27;[0m Matched W3C error code 'no such element' to NoSuchElementError
&amp#27;[38;5;66m[75895e03]&amp#27;[0m&amp#27;[38;5;112m[AndroidUiautomator2Driver@b341 (75895e03)]&amp#27;[0m Waited for 15864 ms so far
&amp#27;[38;5;66m[75895e03]&amp#27;[0m&amp#27;[38;5;112m[AndroidUiautomator2Driver@b341 (75895e03)]&amp#27;[0m Matched '/element' to command name 'findElement'
&amp#27;[38;5;66m[75895e03]&amp#27;[0m&amp#27;[38;5;112m[AndroidUiautomator2Driver@b341 (75895e03)]&amp#27;[0m Proxying [POST /element] to [POST http://127.0.0.1:8200/session/9a29d941-f2de-44a0-9e8c-b573902f2815/element] with body: {"strategy":"xpath","selector":"//*[@content-desc=\"EyesAppiumHelper_Version\"]","context":"","multiple":false}
&amp#27;[38;5;66m[75895e03]&amp#27;[0m&amp#27;[38;5;112m[AndroidUiautomator2Driver@b341 (75895e03)]&amp#27;[0m Got response with status 404: {"sessionId":"9a29d941-f2de-44a0-9e8c-b573902f2815","value":{"error":"no such element","message":"An element could not be located on the page using the given search parameters","stacktrace":"io.appium.uiautomator2.common.exceptions.ElementNotFoundException: An element could not be located on the page using the given search parameters\n\tat io.appium.uiautomator2.utils.ElementLocationHelpers.findElement(ElementLocationHelpers.java:156)\n\tat io.appium.uiautomator2.handler.FindElement.safeHandle(FindElement.java:60)\n\tat io.appium.uiautomator2.handler.request.SafeRequestHandler.handle(SafeRequestHandler.java:59)\n\tat io.appium.uiautomator2.server.AppiumServlet.handleRequest(AppiumServlet.java:277)\n\tat io.appium.uiautomator2.server.AppiumServlet.handleHttpRequest(AppiumServlet.java:271)\n\tat io.appium.uiautomator2.http.ServerHandler.channelRead(ServerHandler.java:77)\n\tat io.netty.channel.AbstractChannelHandlerContext.invokeChannelRead(AbstractChannelHandlerContext.java:366)\n\tat io.netty.channel.Abstr...
&amp#27;[38;5;66m[75895e03]&amp#27;[0m&amp#27;[38;5;123m[W3C]&amp#27;[0m Matched W3C error code 'no such element' to NoSuchElementError
&amp#27;[38;5;66m[75895e03]&amp#27;[0m&amp#27;[38;5;112m[AndroidUiautomator2Driver@b341 (75895e03)]&amp#27;[0m Waited for 16515 ms so far
&amp#27;[38;5;66m[75895e03]&amp#27;[0m&amp#27;[38;5;112m[AndroidUiautomator2Driver@b341 (75895e03)]&amp#27;[0m Matched '/element' to command name 'findElement'
&amp#27;[38;5;66m[75895e03]&amp#27;[0m&amp#27;[38;5;112m[AndroidUiautomator2Driver@b341 (75895e03)]&amp#27;[0m Proxying [POST /element] to [POST http://127.0.0.1:8200/session/9a29d941-f2de-44a0-9e8c-b573902f2815/element] with body: {"strategy":"xpath","selector":"//*[@content-desc=\"EyesAppiumHelper_Version\"]","context":"","multiple":false}
&amp#27;[38;5;66m[75895e03]&amp#27;[0m&amp#27;[38;5;112m[AndroidUiautomator2Driver@b341 (75895e03)]&amp#27;[0m Got response with status 404: {"sessionId":"9a29d941-f2de-44a0-9e8c-b573902f2815","value":{"error":"no such element","message":"An element could not be located on the page using the given search parameters","stacktrace":"io.appium.uiautomator2.common.exceptions.ElementNotFoundException: An element could not be located on the page using the given search parameters\n\tat io.appium.uiautomator2.utils.ElementLocationHelpers.findElement(ElementLocationHelpers.java:156)\n\tat io.appium.uiautomator2.handler.FindElement.safeHandle(FindElement.java:60)\n\tat io.appium.uiautomator2.handler.request.SafeRequestHandler.handle(SafeRequestHandler.java:59)\n\tat io.appium.uiautomator2.server.AppiumServlet.handleRequest(AppiumServlet.java:277)\n\tat io.appium.uiautomator2.server.AppiumServlet.handleHttpRequest(AppiumServlet.java:271)\n\tat io.appium.uiautomator2.http.ServerHandler.channelRead(ServerHandler.java:77)\n\tat io.netty.channel.AbstractChannelHandlerContext.invokeChannelRead(AbstractChannelHandlerContext.java:366)\n\tat io.netty.channel.Abstr...
&amp#27;[38;5;66m[75895e03]&amp#27;[0m&amp#27;[38;5;123m[W3C]&amp#27;[0m Matched W3C error code 'no such element' to NoSuchElementError
&amp#27;[38;5;66m[75895e03]&amp#27;[0m&amp#27;[38;5;112m[AndroidUiautomator2Driver@b341 (75895e03)]&amp#27;[0m Waited for 17153 ms so far
&amp#27;[38;5;66m[75895e03]&amp#27;[0m&amp#27;[38;5;112m[AndroidUiautomator2Driver@b341 (75895e03)]&amp#27;[0m Matched '/element' to command name 'findElement'
&amp#27;[38;5;66m[75895e03]&amp#27;[0m&amp#27;[38;5;112m[AndroidUiautomator2Driver@b341 (75895e03)]&amp#27;[0m Proxying [POST /element] to [POST http://127.0.0.1:8200/session/9a29d941-f2de-44a0-9e8c-b573902f2815/element] with body: {"strategy":"xpath","selector":"//*[@content-desc=\"EyesAppiumHelper_Version\"]","context":"","multiple":false}
&amp#27;[38;5;66m[75895e03]&amp#27;[0m&amp#27;[38;5;112m[AndroidUiautomator2Driver@b341 (75895e03)]&amp#27;[0m Got response with status 404: {"sessionId":"9a29d941-f2de-44a0-9e8c-b573902f2815","value":{"error":"no such element","message":"An element could not be located on the page using the given search parameters","stacktrace":"io.appium.uiautomator2.common.exceptions.ElementNotFoundException: An element could not be located on the page using the given search parameters\n\tat io.appium.uiautomator2.utils.ElementLocationHelpers.findElement(ElementLocationHelpers.java:156)\n\tat io.appium.uiautomator2.handler.FindElement.safeHandle(FindElement.java:60)\n\tat io.appium.uiautomator2.handler.request.SafeRequestHandler.handle(SafeRequestHandler.java:59)\n\tat io.appium.uiautomator2.server.AppiumServlet.handleRequest(AppiumServlet.java:277)\n\tat io.appium.uiautomator2.server.AppiumServlet.handleHttpRequest(AppiumServlet.java:271)\n\tat io.appium.uiautomator2.http.ServerHandler.channelRead(ServerHandler.java:77)\n\tat io.netty.channel.AbstractChannelHandlerContext.invokeChannelRead(AbstractChannelHandlerContext.java:366)\n\tat io.netty.channel.Abstr...
&amp#27;[38;5;66m[75895e03]&amp#27;[0m&amp#27;[38;5;123m[W3C]&amp#27;[0m Matched W3C error code 'no such element' to NoSuchElementError
&amp#27;[38;5;66m[75895e03]&amp#27;[0m&amp#27;[38;5;112m[AndroidUiautomator2Driver@b341 (75895e03)]&amp#27;[0m Waited for 17793 ms so far
&amp#27;[38;5;66m[75895e03]&amp#27;[0m&amp#27;[38;5;112m[AndroidUiautomator2Driver@b341 (75895e03)]&amp#27;[0m Matched '/element' to command name 'findElement'
&amp#27;[38;5;66m[75895e03]&amp#27;[0m&amp#27;[38;5;112m[AndroidUiautomator2Driver@b341 (75895e03)]&amp#27;[0m Proxying [POST /element] to [POST http://127.0.0.1:8200/session/9a29d941-f2de-44a0-9e8c-b573902f2815/element] with body: {"strategy":"xpath","selector":"//*[@content-desc=\"EyesAppiumHelper_Version\"]","context":"","multiple":false}
&amp#27;[38;5;66m[75895e03]&amp#27;[0m&amp#27;[38;5;112m[AndroidUiautomator2Driver@b341 (75895e03)]&amp#27;[0m Got response with status 404: {"sessionId":"9a29d941-f2de-44a0-9e8c-b573902f2815","value":{"error":"no such element","message":"An element could not be located on the page using the given search parameters","stacktrace":"io.appium.uiautomator2.common.exceptions.ElementNotFoundException: An element could not be located on the page using the given search parameters\n\tat io.appium.uiautomator2.utils.ElementLocationHelpers.findElement(ElementLocationHelpers.java:156)\n\tat io.appium.uiautomator2.handler.FindElement.safeHandle(FindElement.java:60)\n\tat io.appium.uiautomator2.handler.request.SafeRequestHandler.handle(SafeRequestHandler.java:59)\n\tat io.appium.uiautomator2.server.AppiumServlet.handleRequest(AppiumServlet.java:277)\n\tat io.appium.uiautomator2.server.AppiumServlet.handleHttpRequest(AppiumServlet.java:271)\n\tat io.appium.uiautomator2.http.ServerHandler.channelRead(ServerHandler.java:77)\n\tat io.netty.channel.AbstractChannelHandlerContext.invokeChannelRead(AbstractChannelHandlerContext.java:366)\n\tat io.netty.channel.Abstr...
&amp#27;[38;5;66m[75895e03]&amp#27;[0m&amp#27;[38;5;123m[W3C]&amp#27;[0m Matched W3C error code 'no such element' to NoSuchElementError
&amp#27;[38;5;66m[75895e03]&amp#27;[0m&amp#27;[38;5;112m[AndroidUiautomator2Driver@b341 (75895e03)]&amp#27;[0m Waited for 18433 ms so far
&amp#27;[38;5;66m[75895e03]&amp#27;[0m&amp#27;[38;5;112m[AndroidUiautomator2Driver@b341 (75895e03)]&amp#27;[0m Matched '/element' to command name 'findElement'
&amp#27;[38;5;66m[75895e03]&amp#27;[0m&amp#27;[38;5;112m[AndroidUiautomator2Driver@b341 (75895e03)]&amp#27;[0m Proxying [POST /element] to [POST http://127.0.0.1:8200/session/9a29d941-f2de-44a0-9e8c-b573902f2815/element] with body: {"strategy":"xpath","selector":"//*[@content-desc=\"EyesAppiumHelper_Version\"]","context":"","multiple":false}
&amp#27;[38;5;66m[75895e03]&amp#27;[0m&amp#27;[38;5;112m[AndroidUiautomator2Driver@b341 (75895e03)]&amp#27;[0m Got response with status 404: {"sessionId":"9a29d941-f2de-44a0-9e8c-b573902f2815","value":{"error":"no such element","message":"An element could not be located on the page using the given search parameters","stacktrace":"io.appium.uiautomator2.common.exceptions.ElementNotFoundException: An element could not be located on the page using the given search parameters\n\tat io.appium.uiautomator2.utils.ElementLocationHelpers.findElement(ElementLocationHelpers.java:156)\n\tat io.appium.uiautomator2.handler.FindElement.safeHandle(FindElement.java:60)\n\tat io.appium.uiautomator2.handler.request.SafeRequestHandler.handle(SafeRequestHandler.java:59)\n\tat io.appium.uiautomator2.server.AppiumServlet.handleRequest(AppiumServlet.java:277)\n\tat io.appium.uiautomator2.server.AppiumServlet.handleHttpRequest(AppiumServlet.java:271)\n\tat io.appium.uiautomator2.http.ServerHandler.channelRead(ServerHandler.java:77)\n\tat io.netty.channel.AbstractChannelHandlerContext.invokeChannelRead(AbstractChannelHandlerContext.java:366)\n\tat io.netty.channel.Abstr...
&amp#27;[38;5;66m[75895e03]&amp#27;[0m&amp#27;[38;5;123m[W3C]&amp#27;[0m Matched W3C error code 'no such element' to NoSuchElementError
&amp#27;[38;5;66m[75895e03]&amp#27;[0m&amp#27;[38;5;112m[AndroidUiautomator2Driver@b341 (75895e03)]&amp#27;[0m Waited for 19084 ms so far
&amp#27;[38;5;66m[75895e03]&amp#27;[0m&amp#27;[38;5;112m[AndroidUiautomator2Driver@b341 (75895e03)]&amp#27;[0m Matched '/element' to command name 'findElement'
&amp#27;[38;5;66m[75895e03]&amp#27;[0m&amp#27;[38;5;112m[AndroidUiautomator2Driver@b341 (75895e03)]&amp#27;[0m Proxying [POST /element] to [POST http://127.0.0.1:8200/session/9a29d941-f2de-44a0-9e8c-b573902f2815/element] with body: {"strategy":"xpath","selector":"//*[@content-desc=\"EyesAppiumHelper_Version\"]","context":"","multiple":false}
&amp#27;[38;5;66m[75895e03]&amp#27;[0m&amp#27;[38;5;112m[AndroidUiautomator2Driver@b341 (75895e03)]&amp#27;[0m Got response with status 404: {"sessionId":"9a29d941-f2de-44a0-9e8c-b573902f2815","value":{"error":"no such element","message":"An element could not be located on the page using the given search parameters","stacktrace":"io.appium.uiautomator2.common.exceptions.ElementNotFoundException: An element could not be located on the page using the given search parameters\n\tat io.appium.uiautomator2.utils.ElementLocationHelpers.findElement(ElementLocationHelpers.java:156)\n\tat io.appium.uiautomator2.handler.FindElement.safeHandle(FindElement.java:60)\n\tat io.appium.uiautomator2.handler.request.SafeRequestHandler.handle(SafeRequestHandler.java:59)\n\tat io.appium.uiautomator2.server.AppiumServlet.handleRequest(AppiumServlet.java:277)\n\tat io.appium.uiautomator2.server.AppiumServlet.handleHttpRequest(AppiumServlet.java:271)\n\tat io.appium.uiautomator2.http.ServerHandler.channelRead(ServerHandler.java:77)\n\tat io.netty.channel.AbstractChannelHandlerContext.invokeChannelRead(AbstractChannelHandlerContext.java:366)\n\tat io.netty.channel.Abstr...
&amp#27;[38;5;66m[75895e03]&amp#27;[0m&amp#27;[38;5;123m[W3C]&amp#27;[0m Matched W3C error code 'no such element' to NoSuchElementError
&amp#27;[38;5;66m[75895e03]&amp#27;[0m&amp#27;[38;5;112m[AndroidUiautomator2Driver@b341 (75895e03)]&amp#27;[0m Waited for 19733 ms so far
&amp#27;[38;5;66m[75895e03]&amp#27;[0m&amp#27;[38;5;112m[AndroidUiautomator2Driver@b341 (75895e03)]&amp#27;[0m Matched '/element' to command name 'findElement'
&amp#27;[38;5;66m[75895e03]&amp#27;[0m&amp#27;[38;5;112m[AndroidUiautomator2Driver@b341 (75895e03)]&amp#27;[0m Proxying [POST /element] to [POST http://127.0.0.1:8200/session/9a29d941-f2de-44a0-9e8c-b573902f2815/element] with body: {"strategy":"xpath","selector":"//*[@content-desc=\"EyesAppiumHelper_Version\"]","context":"","multiple":false}
&amp#27;[38;5;66m[75895e03]&amp#27;[0m&amp#27;[38;5;112m[AndroidUiautomator2Driver@b341 (75895e03)]&amp#27;[0m Got response with status 404: {"sessionId":"9a29d941-f2de-44a0-9e8c-b573902f2815","value":{"error":"no such element","message":"An element could not be located on the page using the given search parameters","stacktrace":"io.appium.uiautomator2.common.exceptions.ElementNotFoundException: An element could not be located on the page using the given search parameters\n\tat io.appium.uiautomator2.utils.ElementLocationHelpers.findElement(ElementLocationHelpers.java:156)\n\tat io.appium.uiautomator2.handler.FindElement.safeHandle(FindElement.java:60)\n\tat io.appium.uiautomator2.handler.request.SafeRequestHandler.handle(SafeRequestHandler.java:59)\n\tat io.appium.uiautomator2.server.AppiumServlet.handleRequest(AppiumServlet.java:277)\n\tat io.appium.uiautomator2.server.AppiumServlet.handleHttpRequest(AppiumServlet.java:271)\n\tat io.appium.uiautomator2.http.ServerHandler.channelRead(ServerHandler.java:77)\n\tat io.netty.channel.AbstractChannelHandlerContext.invokeChannelRead(AbstractChannelHandlerContext.java:366)\n\tat io.netty.channel.Abstr...
&amp#27;[38;5;66m[75895e03]&amp#27;[0m&amp#27;[38;5;123m[W3C]&amp#27;[0m Matched W3C error code 'no such element' to NoSuchElementError
&amp#27;[38;5;66m[75895e03]&amp#27;[0m&amp#27;[38;5;112m[AndroidUiautomator2Driver@b341 (75895e03)]&amp#27;[0m Encountered internal error running command: NoSuchElementError: An element could not be located on the page using the given search parameters.
&amp#27;[38;5;66m[75895e03]&amp#27;[0m&amp#27;[38;5;112m[AndroidUiautomator2Driver@b341 (75895e03)]&amp#27;[0m     at AndroidUiautomator2Driver.findElOrEls (/Users/oikhlas/.appium/node_modules/appium-uiautomator2-driver/node_modules/appium-android-driver/lib/commands/find.ts:86:11)
&amp#27;[38;5;66m[75895e03]&amp#27;[0m&amp#27;[38;5;112m[AndroidUiautomator2Driver@b341 (75895e03)]&amp#27;[0m     at processTicksAndRejections (node:internal/process/task_queues:95:5)
&amp#27;[38;5;66m[75895e03]&amp#27;[0m&amp#27;[38;5;112m[AndroidUiautomator2Driver@b341 (75895e03)]&amp#27;[0m     at AndroidUiautomator2Driver.findElOrElsWithProcessing (/Users/oikhlas/node_modules/@appium/base-driver/lib/basedriver/commands/find.ts:60:12)
&amp#27;[38;5;66m[75895e03]&amp#27;[0m&amp#27;[38;5;112m[AndroidUiautomator2Driver@b341 (75895e03)]&amp#27;[0m     at AndroidUiautomator2Driver.findElement (/Users/oikhlas/node_modules/@appium/base-driver/lib/basedriver/commands/find.ts:75:12)
&amp#27;[38;5;66m[75895e03]&amp#27;[0m&amp#27;[38;5;86m[HTTP]&amp#27;[0m <-- POST /session/75895e03-7749-47e3-bc13-bf90a3ed7962/element 404 20135 ms - 772 
&amp#27;[38;5;66m[75895e03]&amp#27;[0m&amp#27;[38;5;86m[HTTP]&amp#27;[0m &amp#27;[37m-->&amp#27;[39m &amp#27;[37mGET&amp#27;[39m &amp#27;[37m/session/75895e03-7749-47e3-bc13-bf90a3ed7962/element/00000000-0000-0033-ffff-ffff00000047/attribute/contentSize&amp#27;[39m {}
&amp#27;[38;5;66m[75895e03]&amp#27;[0m&amp#27;[38;5;112m[AndroidUiautomator2Driver@b341 (75895e03)]&amp#27;[0m Calling AppiumDriver.getAttribute() with args: ["contentSize","00000000-0000-0033-ffff-ffff00000047","75895e03-7749-47e3-bc13-bf90a3ed7962"]
&amp#27;[38;5;66m[75895e03]&amp#27;[0m&amp#27;[38;5;112m[AndroidUiautomator2Driver@b341 (75895e03)]&amp#27;[0m Matched '/element/00000000-0000-0033-ffff-ffff00000047/attribute/contentSize' to command name 'getAttribute'
&amp#27;[38;5;66m[75895e03]&amp#27;[0m&amp#27;[38;5;112m[AndroidUiautomator2Driver@b341 (75895e03)]&amp#27;[0m Proxying [GET /element/00000000-0000-0033-ffff-ffff00000047/attribute/contentSize] to [GET http://127.0.0.1:8200/session/9a29d941-f2de-44a0-9e8c-b573902f2815/element/00000000-0000-0033-ffff-ffff00000047/attribute/contentSize] with no body
&amp#27;[38;5;66m[75895e03]&amp#27;[0m&amp#27;[38;5;112m[AndroidUiautomator2Driver@b341 (75895e03)]&amp#27;[0m Got response with status 500: {"sessionId":"9a29d941-f2de-44a0-9e8c-b573902f2815","value":{"error":"unknown error","message":"java.lang.NoSuchFieldException: No field mGestures in class Landroidx/test/uiautomator/UiObject2; (declaration of 'androidx.test.uiautomator.UiObject2' appears in /data/app/~~iTXwldfPh7sclJPi-v3Lfw==/io.appium.uiautomator2.server-gjK9IeL8NK2cpjuDa40cPQ==/base.apk)","stacktrace":"io.appium.uiautomator2.common.exceptions.UiAutomator2Exception: java.lang.NoSuchFieldException: No field mGestures in class Landroidx/test/uiautomator/UiObject2; (declaration of 'androidx.test.uiautomator.UiObject2' appears in /data/app/~~iTXwldfPh7sclJPi-v3Lfw==/io.appium.uiautomator2.server-gjK9IeL8NK2cpjuDa40cPQ==/base.apk)\n\tat io.appium.uiautomator2.utils.ElementHelpers.getContentSize(ElementHelpers.java:162)\n\tat io.appium.uiautomator2.model.UiObjectElement.getAttribute(UiObjectElement.java:88)\n\tat io.appium.uiautomator2.handler.GetElementAttribute.safeHandle(GetElementAttribute.java:24)\n\tat io.appium.uiautomator2.handler.req...
&amp#27;[38;5;66m[75895e03]&amp#27;[0m&amp#27;[38;5;123m[W3C]&amp#27;[0m Matched W3C error code 'unknown error' to UnknownError
&amp#27;[38;5;66m[75895e03]&amp#27;[0m&amp#27;[38;5;112m[AndroidUiautomator2Driver@b341 (75895e03)]&amp#27;[0m Encountered internal error running command: An unknown server-side error occurred while processing the command. Original error: java.lang.NoSuchFieldException: No field mGestures in class Landroidx/test/uiautomator/UiObject2; (declaration of 'androidx.test.uiautomator.UiObject2' appears in /data/app/~~iTXwldfPh7sclJPi-v3Lfw==/io.appium.uiautomator2.server-gjK9IeL8NK2cpjuDa40cPQ==/base.apk)
&amp#27;[38;5;66m[75895e03]&amp#27;[0m&amp#27;[38;5;112m[AndroidUiautomator2Driver@b341 (75895e03)]&amp#27;[0m io.appium.uiautomator2.common.exceptions.UiAutomator2Exception: java.lang.NoSuchFieldException: No field mGestures in class Landroidx/test/uiautomator/UiObject2; (declaration of 'androidx.test.uiautomator.UiObject2' appears in /data/app/~~iTXwldfPh7sclJPi-v3Lfw==/io.appium.uiautomator2.server-gjK9IeL8NK2cpjuDa40cPQ==/base.apk)
&amp#27;[38;5;66m[75895e03]&amp#27;[0m&amp#27;[38;5;112m[AndroidUiautomator2Driver@b341 (75895e03)]&amp#27;[0m 	at io.appium.uiautomator2.utils.ElementHelpers.getContentSize(ElementHelpers.java:162)
&amp#27;[38;5;66m[75895e03]&amp#27;[0m&amp#27;[38;5;112m[AndroidUiautomator2Driver@b341 (75895e03)]&amp#27;[0m 	at io.appium.uiautomator2.model.UiObjectElement.getAttribute(UiObjectElement.java:88)
&amp#27;[38;5;66m[75895e03]&amp#27;[0m&amp#27;[38;5;112m[AndroidUiautomator2Driver@b341 (75895e03)]&amp#27;[0m 	at io.appium.uiautomator2.handler.GetElementAttribute.safeHandle(GetElementAttribute.java:24)
&amp#27;[38;5;66m[75895e03]&amp#27;[0m&amp#27;[38;5;112m[AndroidUiautomator2Driver@b341 (75895e03)]&amp#27;[0m 	at io.appium.uiautomator2.handler.request.SafeRequestHandler.handle(SafeRequestHandler.java:59)
&amp#27;[38;5;66m[75895e03]&amp#27;[0m&amp#27;[38;5;112m[AndroidUiautomator2Driver@b341 (75895e03)]&amp#27;[0m 	at io.appium.uiautomator2.server.AppiumServlet.handleRequest(AppiumServlet.java:277)
&amp#27;[38;5;66m[75895e03]&amp#27;[0m&amp#27;[38;5;112m[AndroidUiautomator2Driver@b341 (75895e03)]&amp#27;[0m 	at io.appium.uiautomator2.server.AppiumServlet.handleHttpRequest(AppiumServlet.java:271)
&amp#27;[38;5;66m[75895e03]&amp#27;[0m&amp#27;[38;5;112m[AndroidUiautomator2Driver@b341 (75895e03)]&amp#27;[0m 	at io.appium.uiautomator2.http.ServerHandler.channelRead(ServerHandler.java:77)
&amp#27;[38;5;66m[75895e03]&amp#27;[0m&amp#27;[38;5;112m[AndroidUiautomator2Driver@b341 (75895e03)]&amp#27;[0m 	at io.netty.channel.AbstractChannelHandlerContext.invokeChannelRead(AbstractChannelHandlerContext.java:366)
&amp#27;[38;5;66m[75895e03]&amp#27;[0m&amp#27;[38;5;112m[AndroidUiautomator2Driver@b341 (75895e03)]&amp#27;[0m 	at io.netty.channel.AbstractChannelHandlerContext.invokeChannelRead(AbstractChannelHandlerContext.java:352)
&amp#27;[38;5;66m[75895e03]&amp#27;[0m&amp#27;[38;5;112m[AndroidUiautomator2Driver@b341 (75895e03)]&amp#27;[0m 	at io.netty.channel.AbstractChannelHandlerContext.fireChannelRead(AbstractChannelHandlerContext.java:345)
&amp#27;[38;5;66m[75895e03]&amp#27;[0m&amp#27;[38;5;112m[AndroidUiautomator2Driver@b341 (75895e03)]&amp#27;[0m 	at io.netty.handler.codec.MessageToMessageDecoder.channelRead(MessageToMessageDecoder.java:102)
&amp#27;[38;5;66m[75895e03]&amp#27;[0m&amp#27;[38;5;112m[AndroidUiautomator2Driver@b341 (75895e03)]&amp#27;[0m 	at io.netty.channel.AbstractChannelHandlerContext.invokeChannelRead(AbstractChannelHandlerContext.java:366)
&amp#27;[38;5;66m[75895e03]&amp#27;[0m&amp#27;[38;5;112m[AndroidUiautomator2Driver@b341 (75895e03)]&amp#27;[0m 	at io.netty.channel.AbstractChannelHandlerContext.invokeChannelRead(AbstractChannelHandlerContext.java:352)
&amp#27;[38;5;66m[75895e03]&amp#27;[0m&amp#27;[38;5;112m[AndroidUiautomator2Driver@b341 (75895e03)]&amp#27;[0m 	at io.netty.channel.AbstractChannelHandlerContext.fireChannelRead(AbstractChannelHandlerContext.java:345)
&amp#27;[38;5;66m[75895e03]&amp#27;[0m&amp#27;[38;5;112m[AndroidUiautomator2Driver@b341 (75895e03)]&amp#27;[0m 	at io.netty.channel.CombinedChannelDuplexHandler$DelegatingChannelHandlerContext.fireChannelRead(CombinedChannelDuplexHandler.java:435)
&amp#27;[38;5;66m[75895e03]&amp#27;[0m&amp#27;[38;5;112m[AndroidUiautomator2Driver@b341 (75895e03)]&amp#27;[0m 	at io.netty.handler.codec.ByteToMessageDecoder.fireChannelRead(ByteToMessageDecoder.java:293)
&amp#27;[38;5;66m[75895e03]&amp#27;[0m&amp#27;[38;5;112m[AndroidUiautomator2Driver@b341 (75895e03)]&amp#27;[0m 	at io.netty.handler.codec.ByteToMessageDecoder.channelRead(ByteToMessageDecoder.java:267)
&amp#27;[38;5;66m[75895e03]&amp#27;[0m&amp#27;[38;5;112m[AndroidUiautomator2Driver@b341 (75895e03)]&amp#27;[0m 	at io.netty.channel.CombinedChannelDuplexHandler.channelRead(CombinedChannelDuplexHandler.java:250)
&amp#27;[38;5;66m[75895e03]&amp#27;[0m&amp#27;[38;5;112m[AndroidUiautomator2Driver@b341 (75895e03)]&amp#27;[0m 	at io.netty.channel.AbstractChannelHandlerContext.invokeChannelRead(AbstractChannelHandlerContext.java:366)
&amp#27;[38;5;66m[75895e03]&amp#27;[0m&amp#27;[38;5;112m[AndroidUiautomator2Driver@b341 (75895e03)]&amp#27;[0m 	at io.netty.channel.AbstractChannelHandlerContext.invokeChannelRead(AbstractChannelHandlerContext.java:352)
&amp#27;[38;5;66m[75895e03]&amp#27;[0m&amp#27;[38;5;112m[AndroidUiautomator2Driver@b341 (75895e03)]&amp#27;[0m 	at io.netty.channel.AbstractChannelHandlerContext.fireChannelRead(AbstractChannelHandlerContext.java:345)
&amp#27;[38;5;66m[75895e03]&amp#27;[0m&amp#27;[38;5;112m[AndroidUiautomator2Driver@b341 (75895e03)]&amp#27;[0m 	at io.netty.handler.timeout.IdleStateHandler.channelRead(IdleStateHandler.java:266)
&amp#27;[38;5;66m[75895e03]&amp#27;[0m&amp#27;[38;5;112m[AndroidUiautomator2Driver@b341 (75895e03)]&amp#27;[0m 	at io.netty.channel.AbstractChannelHandlerContext.invokeChannelRead(AbstractChannelHandlerContext.java:366)
&amp#27;[38;5;66m[75895e03]&amp#27;[0m&amp#27;[38;5;112m[AndroidUiautomator2Driver@b341 (75895e03)]&amp#27;[0m 	at io.netty.channel.AbstractChannelHandlerContext.invokeChannelRead(AbstractChannelHandlerContext.java:352)
&amp#27;[38;5;66m[75895e03]&amp#27;[0m&amp#27;[38;5;112m[AndroidUiautomator2Driver@b341 (75895e03)]&amp#27;[0m 	at io.netty.channel.AbstractChannelHandlerContext.fireChannelRead(AbstractChannelHandlerContext.java:345)
&amp#27;[38;5;66m[75895e03]&amp#27;[0m&amp#27;[38;5;112m[AndroidUiautomator2Driver@b341 (75895e03)]&amp#27;[0m 	at io.netty.channel.DefaultChannelPipeline$HeadContext.channelRead(DefaultChannelPipeline.java:1294)
&amp#27;[38;5;66m[75895e03]&amp#27;[0m&amp#27;[38;5;112m[AndroidUiautomator2Driver@b341 (75895e03)]&amp#27;[0m 	at io.netty.channel.AbstractChannelHandlerContext.invokeChannelRead(AbstractChannelHandlerContext.java:366)
&amp#27;[38;5;66m[75895e03]&amp#27;[0m&amp#27;[38;5;112m[AndroidUiautomator2Driver@b341 (75895e03)]&amp#27;[0m 	at io.netty.channel.AbstractChannelHandlerContext.invokeChannelRead(AbstractChannelHandlerContext.java:352)
&amp#27;[38;5;66m[75895e03]&amp#27;[0m&amp#27;[38;5;112m[AndroidUiautomator2Driver@b341 (75895e03)]&amp#27;[0m 	at io.netty.channel.DefaultChannelPipeline.fireChannelRead(DefaultChannelPipeline.java:911)
&amp#27;[38;5;66m[75895e03]&amp#27;[0m&amp#27;[38;5;112m[AndroidUiautomator2Driver@b341 (75895e03)]&amp#27;[0m 	at io.netty.channel.nio.AbstractNioByteChannel$NioByteUnsafe.read(AbstractNioByteChannel.java:131)
&amp#27;[38;5;66m[75895e03]&amp#27;[0m&amp#27;[38;5;112m[AndroidUiautomator2Driver@b341 (75895e03)]&amp#27;[0m 	at io.netty.channel.nio.NioEventLoop.processSelectedKey(NioEventLoop.java:611)
&amp#27;[38;5;66m[75895e03]&amp#27;[0m&amp#27;[38;5;112m[AndroidUiautomator2Driver@b341 (75895e03)]&amp#27;[0m 	at io.netty.channel.nio.NioEventLoop.processSelectedKeysOptimized(NioEventLoop.java:552)
&amp#27;[38;5;66m[75895e03]&amp#27;[0m&amp#27;[38;5;112m[AndroidUiautomator2Driver@b341 (75895e03)]&amp#27;[0m 	at io.netty.channel.nio.NioEventLoop.processSelectedKeys(NioEventLoop.java:466)
&amp#27;[38;5;66m[75895e03]&amp#27;[0m&amp#27;[38;5;112m[AndroidUiautomator2Driver@b341 (75895e03)]&amp#27;[0m 	at io.netty.channel.nio.NioEventLoop.run(NioEventLoop.java:438)
&amp#27;[38;5;66m[75895e03]&amp#27;[0m&amp#27;[38;5;112m[AndroidUiautomator2Driver@b341 (75895e03)]&amp#27;[0m 	at io.netty.util.concurrent.SingleThreadEventExecutor$2.run(SingleThreadEventExecutor.java:140)
&amp#27;[38;5;66m[75895e03]&amp#27;[0m&amp#27;[38;5;112m[AndroidUiautomator2Driver@b341 (75895e03)]&amp#27;[0m 	at io.netty.util.concurrent.DefaultThreadFactory$DefaultRunnableDecorator.run(DefaultThreadFactory.java:144)
&amp#27;[38;5;66m[75895e03]&amp#27;[0m&amp#27;[38;5;112m[AndroidUiautomator2Driver@b341 (75895e03)]&amp#27;[0m 	at java.lang.Thread.run(Thread.java:1012)
&amp#27;[38;5;66m[75895e03]&amp#27;[0m&amp#27;[38;5;112m[AndroidUiautomator2Driver@b341 (75895e03)]&amp#27;[0m Caused by: java.lang.NoSuchFieldException: No field mGestures in class Landroidx/test/uiautomator/UiObject2; (declaration of 'androidx.test.uiautomator.UiObject2' appears in /data/app/~~iTXwldfPh7sclJPi-v3Lfw==/io.appium.uiautomator2.server-gjK9IeL8NK2cpjuDa40cPQ==/base.apk)
&amp#27;[38;5;66m[75895e03]&amp#27;[0m&amp#27;[38;5;112m[AndroidUiautomator2Driver@b341 (75895e03)]&amp#27;[0m 	at java.lang.Class.getDeclaredField(Native Method)
&amp#27;[38;5;66m[75895e03]&amp#27;[0m&amp#27;[38;5;112m[AndroidUiautomator2Driver@b341 (75895e03)]&amp#27;[0m 	at io.appium.uiautomator2.utils.ElementHelpers.getTouchPadding(ElementHelpers.java:310)
&amp#27;[38;5;66m[75895e03]&amp#27;[0m&amp#27;[38;5;112m[AndroidUiautomator2Driver@b341 (75895e03)]&amp#27;[0m 	at io.appium.uiautomator2.utils.ElementHelpers.getContentSize(ElementHelpers.java:160)
&amp#27;[38;5;66m[75895e03]&amp#27;[0m&amp#27;[38;5;112m[AndroidUiautomator2Driver@b341 (75895e03)]&amp#27;[0m 	... 36 more
&amp#27;[38;5;66m[75895e03]&amp#27;[0m&amp#27;[38;5;112m[AndroidUiautomator2Driver@b341 (75895e03)]&amp#27;[0m 
&amp#27;[38;5;66m[75895e03]&amp#27;[0m&amp#27;[38;5;86m[HTTP]&amp#27;[0m <-- GET /session/75895e03-7749-47e3-bc13-bf90a3ed7962/element/00000000-0000-0033-ffff-ffff00000047/attribute/contentSize 500 49 ms - 4952 
&amp#27;[38;5;66m[75895e03]&amp#27;[0m&amp#27;[38;5;86m[HTTP]&amp#27;[0m &amp#27;[37m-->&amp#27;[39m &amp#27;[37mGET&amp#27;[39m &amp#27;[37m/session/75895e03-7749-47e3-bc13-bf90a3ed7962/element/00000000-0000-0033-ffff-ffff00000047/rect&amp#27;[39m {}
&amp#27;[38;5;66m[75895e03]&amp#27;[0m&amp#27;[38;5;112m[AndroidUiautomator2Driver@b341 (75895e03)]&amp#27;[0m Driver proxy active, passing request on via HTTP proxy
&amp#27;[38;5;66m[75895e03]&amp#27;[0m&amp#27;[38;5;112m[AndroidUiautomator2Driver@b341 (75895e03)]&amp#27;[0m Matched '/session/75895e03-7749-47e3-bc13-bf90a3ed7962/element/00000000-0000-0033-ffff-ffff00000047/rect' to command name 'getElementRect'
&amp#27;[38;5;66m[75895e03]&amp#27;[0m&amp#27;[38;5;112m[AndroidUiautomator2Driver@b341 (75895e03)]&amp#27;[0m Proxying [GET /session/75895e03-7749-47e3-bc13-bf90a3ed7962/element/00000000-0000-0033-ffff-ffff00000047/rect] to [GET http://127.0.0.1:8200/session/9a29d941-f2de-44a0-9e8c-b573902f2815/element/00000000-0000-0033-ffff-ffff00000047/rect] with no body
&amp#27;[38;5;66m[75895e03]&amp#27;[0m&amp#27;[38;5;112m[AndroidUiautomator2Driver@b341 (75895e03)]&amp#27;[0m Got response with status 200: {"sessionId":"9a29d941-f2de-44a0-9e8c-b573902f2815","value":{"height":2516,"width":1440,"x":0,"y":280}}
&amp#27;[38;5;66m[75895e03]&amp#27;[0m&amp#27;[38;5;112m[AndroidUiautomator2Driver@b341 (75895e03)]&amp#27;[0m Replacing sessionId 9a29d941-f2de-44a0-9e8c-b573902f2815 with 75895e03-7749-47e3-bc13-bf90a3ed7962
&amp#27;[38;5;66m[75895e03]&amp#27;[0m&amp#27;[38;5;86m[HTTP]&amp#27;[0m <-- GET /session/75895e03-7749-47e3-bc13-bf90a3ed7962/element/00000000-0000-0033-ffff-ffff00000047/rect 200 29 ms - 103 
&amp#27;[38;5;66m[75895e03]&amp#27;[0m&amp#27;[38;5;86m[HTTP]&amp#27;[0m &amp#27;[37m-->&amp#27;[39m &amp#27;[37mGET&amp#27;[39m &amp#27;[37m/session/75895e03-7749-47e3-bc13-bf90a3ed7962/element/00000000-0000-0033-ffff-ffff00000047/rect&amp#27;[39m {}
&amp#27;[38;5;66m[75895e03]&amp#27;[0m&amp#27;[38;5;112m[AndroidUiautomator2Driver@b341 (75895e03)]&amp#27;[0m Driver proxy active, passing request on via HTTP proxy
&amp#27;[38;5;66m[75895e03]&amp#27;[0m&amp#27;[38;5;112m[AndroidUiautomator2Driver@b341 (75895e03)]&amp#27;[0m Matched '/session/75895e03-7749-47e3-bc13-bf90a3ed7962/element/00000000-0000-0033-ffff-ffff00000047/rect' to command name 'getElementRect'
&amp#27;[38;5;66m[75895e03]&amp#27;[0m&amp#27;[38;5;112m[AndroidUiautomator2Driver@b341 (75895e03)]&amp#27;[0m Proxying [GET /session/75895e03-7749-47e3-bc13-bf90a3ed7962/element/00000000-0000-0033-ffff-ffff00000047/rect] to [GET http://127.0.0.1:8200/session/9a29d941-f2de-44a0-9e8c-b573902f2815/element/00000000-0000-0033-ffff-ffff00000047/rect] with no body
&amp#27;[38;5;66m[75895e03]&amp#27;[0m&amp#27;[38;5;112m[AndroidUiautomator2Driver@b341 (75895e03)]&amp#27;[0m Got response with status 200: {"sessionId":"9a29d941-f2de-44a0-9e8c-b573902f2815","value":{"height":2516,"width":1440,"x":0,"y":280}}
&amp#27;[38;5;66m[75895e03]&amp#27;[0m&amp#27;[38;5;112m[AndroidUiautomator2Driver@b341 (75895e03)]&amp#27;[0m Replacing sessionId 9a29d941-f2de-44a0-9e8c-b573902f2815 with 75895e03-7749-47e3-bc13-bf90a3ed7962
&amp#27;[38;5;66m[75895e03]&amp#27;[0m&amp#27;[38;5;86m[HTTP]&amp#27;[0m <-- GET /session/75895e03-7749-47e3-bc13-bf90a3ed7962/element/00000000-0000-0033-ffff-ffff00000047/rect 200 21 ms - 103 
&amp#27;[38;5;66m[75895e03]&amp#27;[0m&amp#27;[38;5;86m[HTTP]&amp#27;[0m &amp#27;[37m-->&amp#27;[39m &amp#27;[37mGET&amp#27;[39m &amp#27;[37m/session/75895e03-7749-47e3-bc13-bf90a3ed7962/element/00000000-0000-0033-ffff-ffff00000047/rect&amp#27;[39m {}
&amp#27;[38;5;66m[75895e03]&amp#27;[0m&amp#27;[38;5;112m[AndroidUiautomator2Driver@b341 (75895e03)]&amp#27;[0m Driver proxy active, passing request on via HTTP proxy
&amp#27;[38;5;66m[75895e03]&amp#27;[0m&amp#27;[38;5;112m[AndroidUiautomator2Driver@b341 (75895e03)]&amp#27;[0m Matched '/session/75895e03-7749-47e3-bc13-bf90a3ed7962/element/00000000-0000-0033-ffff-ffff00000047/rect' to command name 'getElementRect'
&amp#27;[38;5;66m[75895e03]&amp#27;[0m&amp#27;[38;5;112m[AndroidUiautomator2Driver@b341 (75895e03)]&amp#27;[0m Proxying [GET /session/75895e03-7749-47e3-bc13-bf90a3ed7962/element/00000000-0000-0033-ffff-ffff00000047/rect] to [GET http://127.0.0.1:8200/session/9a29d941-f2de-44a0-9e8c-b573902f2815/element/00000000-0000-0033-ffff-ffff00000047/rect] with no body
&amp#27;[38;5;66m[75895e03]&amp#27;[0m&amp#27;[38;5;112m[AndroidUiautomator2Driver@b341 (75895e03)]&amp#27;[0m Got response with status 200: {"sessionId":"9a29d941-f2de-44a0-9e8c-b573902f2815","value":{"height":2516,"width":1440,"x":0,"y":280}}
&amp#27;[38;5;66m[75895e03]&amp#27;[0m&amp#27;[38;5;112m[AndroidUiautomator2Driver@b341 (75895e03)]&amp#27;[0m Replacing sessionId 9a29d941-f2de-44a0-9e8c-b573902f2815 with 75895e03-7749-47e3-bc13-bf90a3ed7962
&amp#27;[38;5;66m[75895e03]&amp#27;[0m&amp#27;[38;5;86m[HTTP]&amp#27;[0m <-- GET /session/75895e03-7749-47e3-bc13-bf90a3ed7962/element/00000000-0000-0033-ffff-ffff00000047/rect 200 21 ms - 103 
&amp#27;[38;5;66m[75895e03]&amp#27;[0m&amp#27;[38;5;86m[HTTP]&amp#27;[0m &amp#27;[37m-->&amp#27;[39m &amp#27;[37mGET&amp#27;[39m &amp#27;[37m/session/75895e03-7749-47e3-bc13-bf90a3ed7962/element/00000000-0000-0033-ffff-ffff00000047/rect&amp#27;[39m {}
&amp#27;[38;5;66m[75895e03]&amp#27;[0m&amp#27;[38;5;112m[AndroidUiautomator2Driver@b341 (75895e03)]&amp#27;[0m Driver proxy active, passing request on via HTTP proxy
&amp#27;[38;5;66m[75895e03]&amp#27;[0m&amp#27;[38;5;112m[AndroidUiautomator2Driver@b341 (75895e03)]&amp#27;[0m Matched '/session/75895e03-7749-47e3-bc13-bf90a3ed7962/element/00000000-0000-0033-ffff-ffff00000047/rect' to command name 'getElementRect'
&amp#27;[38;5;66m[75895e03]&amp#27;[0m&amp#27;[38;5;112m[AndroidUiautomator2Driver@b341 (75895e03)]&amp#27;[0m Proxying [GET /session/75895e03-7749-47e3-bc13-bf90a3ed7962/element/00000000-0000-0033-ffff-ffff00000047/rect] to [GET http://127.0.0.1:8200/session/9a29d941-f2de-44a0-9e8c-b573902f2815/element/00000000-0000-0033-ffff-ffff00000047/rect] with no body
&amp#27;[38;5;66m[75895e03]&amp#27;[0m&amp#27;[38;5;112m[AndroidUiautomator2Driver@b341 (75895e03)]&amp#27;[0m Got response with status 200: {"sessionId":"9a29d941-f2de-44a0-9e8c-b573902f2815","value":{"height":2516,"width":1440,"x":0,"y":280}}
&amp#27;[38;5;66m[75895e03]&amp#27;[0m&amp#27;[38;5;112m[AndroidUiautomator2Driver@b341 (75895e03)]&amp#27;[0m Replacing sessionId 9a29d941-f2de-44a0-9e8c-b573902f2815 with 75895e03-7749-47e3-bc13-bf90a3ed7962
&amp#27;[38;5;66m[75895e03]&amp#27;[0m&amp#27;[38;5;86m[HTTP]&amp#27;[0m <-- GET /session/75895e03-7749-47e3-bc13-bf90a3ed7962/element/00000000-0000-0033-ffff-ffff00000047/rect 200 25 ms - 103 
&amp#27;[38;5;66m[75895e03]&amp#27;[0m&amp#27;[38;5;86m[HTTP]&amp#27;[0m &amp#27;[37m-->&amp#27;[39m &amp#27;[37mGET&amp#27;[39m &amp#27;[37m/session/75895e03-7749-47e3-bc13-bf90a3ed7962/screenshot&amp#27;[39m {}
&amp#27;[38;5;66m[75895e03]&amp#27;[0m&amp#27;[38;5;112m[AndroidUiautomator2Driver@b341 (75895e03)]&amp#27;[0m Calling AppiumDriver.getScreenshot() with args: ["75895e03-7749-47e3-bc13-bf90a3ed7962"]
&amp#27;[38;5;66m[75895e03]&amp#27;[0m&amp#27;[38;5;112m[AndroidUiautomator2Driver@b341 (75895e03)]&amp#27;[0m Matched '/screenshot' to command name 'getScreenshot'
&amp#27;[38;5;66m[75895e03]&amp#27;[0m&amp#27;[38;5;112m[AndroidUiautomator2Driver@b341 (75895e03)]&amp#27;[0m Proxying [GET /screenshot] to [GET http://127.0.0.1:8200/session/9a29d941-f2de-44a0-9e8c-b573902f2815/screenshot] with no body
&amp#27;[38;5;66m[75895e03]&amp#27;[0m&amp#27;[38;5;112m[AndroidUiautomator2Driver@b341 (75895e03)]&amp#27;[0m Got response with status 200: {"sessionId":"9a29d941-f2de-44a0-9e8c-b573902f2815","value":"iVBORw0KGgoAAAANSUhEUgAABaAAAAtACAYAAADu24QXAAAAAXNSR0IArs4c6QAAAARzQklUCAgICHwIZIgAACAASURBVHic7N13fBv1/cfx991pecUrcZy9ICSEvaFQwii7lDLLDFCgBUop0EVbflCgA1rKXqUtYXQxCrS07BH2XoEQQvZOHDtObMuyxt3vD1uyhoccS5Zkv559COtONz5yzOhbH3++RuW8MxwBAAAAAAAAAJBhZq4LAAAAAAAAAAAMTgTQAAAAAAAAAICsIIAGAAAAAAAAAGQFATQAAAAAAAAAICsIoAEAAAAAAAAAWUEADQAAAAAAAADICgJoAAAAAAAAAEBWEEADAAAAAAAAALKCABoAAAAAAAAAkBUE0AAAAAAAAACArCCABgAAAAAAAABkBQE0AAAAAAAAACArCKABAAAAAAAAAFlBAA0AAAAAAAAAyAoCaAAAAAAAAABAVrhyXQCQ7wwZGukq12FlO+vost20g2+iKq0SOZKMjmOcuONXhxr0XusiPbr5Lb3un69NEb+chCMAAAAAAACAocGonHcGyRiQxJChKqtUN9TO0oGl26vE9Mb294UtR/XhJj246RX9ev2jisjORrkAAAAAAABAXiKABuIYMjTePVyvTL5GJaZPZh8D557YcvRl22odvPRqtdiBjF0XAAAAAAAAyFcE0ECHaqtMr06+ViNd5X3udO6LsBNR7fxvyx4iYzkMGfKZbhky5DFcCaF+RLaCTli246jNCeWwSgAAAABAoat1VWiCe4SqXWWqMEtUbhWrxPSqxW5TY6RFm2y/6sNNWhaq09pwY67LzTvj3cO1PLQh12XoJyO+mfax19U9lsVKkCnMgMaQZ8rQz2uO18XVR2a047k7lmHqK8XT9Kr/86zfKxcMGXIblopMj0pNnyqtUm3rHSuP4dZkT42KjfZxJrYcNUZatDS0XgE7...
&amp#27;[38;5;66m[75895e03]&amp#27;[0m&amp#27;[38;5;112m[AndroidUiautomator2Driver@b341 (75895e03)]&amp#27;[0m Responding to client with driver.getScreenshot() result: "iVBORw0KGgoAAAANSUhEUgAABaAAAAtACAYAAADu24QXAAAAAXNSR0IArs4c6QAAAARzQklUCAgICHwIZIgAACAASURBVHic7N13fBv1/cfx991pecUrcZy9ICSEvaFQwii7lDLLDFCgBUop0EVbflCgA1rKXqUtYXQxCrS07BH2XoEQQvZOHDtObMuyxt3vD1uyhoccS5Zkv559COtONz5yzOhbH3++RuW8MxwBAAAAAAAAAJBhZq4LAAAAAAAAAAAMTgTQAAAAAAAAAICsIIAGAAAAAAAAAGQFATQAAAAAAAAAICsIoAEAAAAAAAAAWUEADQAAAAAAAADICgJoAAAAAAAAAEBWEEADAAAAAAAAALKCABoAAAAAAAAAkBUE0AAAAAAAAACArCCABgAAAAAAAABkBQE0AAAAAAAAACArCKABAAAAAAAAAFlBAA0AAAAAAAAAyAoCaAAAAAAAAABAVrhyXQCQ7wwZGukq12FlO+vost20g2+iKq0SOZKMjmOcuONXhxr0XusiPbr5Lb3un69NEb+chCMAAAAAAACAocGonHcGyRiQxJChKqtUN9TO0oGl26vE9Mb294UtR/XhJj246RX9ev2jisjORrkAAAAAAABAXiKABuIYMjTePVyvTL5GJaZPZh8D557YcvRl22odvPRqtdiBjF0XAAAAAAAAyFcE0ECHaqtMr06+ViNd5X3udO6LsBNR7fxvyx4iYzkMGfKZbhky5DFcCaF+RLaCTli246jNCeWwSgAAAABAoat1VWiCe4SqXWWqMEtUbhWrxPSqxW5TY6RFm2y/6sNNWhaq09pwY67LzTvj3cO1PLQh12XoJyO+mfax19U9lsVKkCnMgMaQZ8rQz2uO18XVR2a047k7lmHqK8XT9Kr/86zfKxcMGXIblopMj0pNnyqtUm3rHSuP4dZkT42KjfZxJrYcNUZatDS0XgE7pM/alqvZblOLHVDACSnsRHL8TgAAAAAA+arGVa4DS7bTzJLttINvgia4R8hn...
&amp#27;[38;5;66m[75895e03]&amp#27;[0m&amp#27;[38;5;86m[HTTP]&amp#27;[0m <-- GET /session/75895e03-7749-47e3-bc13-bf90a3ed7962/screenshot 200 1261 ms - 493064 
&amp#27;[38;5;66m[75895e03]&amp#27;[0m&amp#27;[38;5;86m[HTTP]&amp#27;[0m &amp#27;[37m-->&amp#27;[39m &amp#27;[37mGET&amp#27;[39m &amp#27;[37m/session/75895e03-7749-47e3-bc13-bf90a3ed7962/element/00000000-0000-0033-ffff-ffff00000047/rect&amp#27;[39m {}
&amp#27;[38;5;66m[75895e03]&amp#27;[0m&amp#27;[38;5;112m[AndroidUiautomator2Driver@b341 (75895e03)]&amp#27;[0m Driver proxy active, passing request on via HTTP proxy
&amp#27;[38;5;66m[75895e03]&amp#27;[0m&amp#27;[38;5;112m[AndroidUiautomator2Driver@b341 (75895e03)]&amp#27;[0m Matched '/session/75895e03-7749-47e3-bc13-bf90a3ed7962/element/00000000-0000-0033-ffff-ffff00000047/rect' to command name 'getElementRect'
&amp#27;[38;5;66m[75895e03]&amp#27;[0m&amp#27;[38;5;112m[AndroidUiautomator2Driver@b341 (75895e03)]&amp#27;[0m Proxying [GET /session/75895e03-7749-47e3-bc13-bf90a3ed7962/element/00000000-0000-0033-ffff-ffff00000047/rect] to [GET http://127.0.0.1:8200/session/9a29d941-f2de-44a0-9e8c-b573902f2815/element/00000000-0000-0033-ffff-ffff00000047/rect] with no body
&amp#27;[38;5;66m[75895e03]&amp#27;[0m&amp#27;[38;5;112m[AndroidUiautomator2Driver@b341 (75895e03)]&amp#27;[0m Got response with status 200: {"sessionId":"9a29d941-f2de-44a0-9e8c-b573902f2815","value":{"height":2516,"width":1440,"x":0,"y":280}}
&amp#27;[38;5;66m[75895e03]&amp#27;[0m&amp#27;[38;5;112m[AndroidUiautomator2Driver@b341 (75895e03)]&amp#27;[0m Replacing sessionId 9a29d941-f2de-44a0-9e8c-b573902f2815 with 75895e03-7749-47e3-bc13-bf90a3ed7962
&amp#27;[38;5;66m[75895e03]&amp#27;[0m&amp#27;[38;5;86m[HTTP]&amp#27;[0m <-- GET /session/75895e03-7749-47e3-bc13-bf90a3ed7962/element/00000000-0000-0033-ffff-ffff00000047/rect 200 32 ms - 103 
&amp#27;[38;5;66m[75895e03]&amp#27;[0m&amp#27;[38;5;86m[HTTP]&amp#27;[0m &amp#27;[37m-->&amp#27;[39m &amp#27;[37mGET&amp#27;[39m &amp#27;[37m/session/75895e03-7749-47e3-bc13-bf90a3ed7962/element/00000000-0000-0033-ffff-ffff00000047/rect&amp#27;[39m {}
&amp#27;[38;5;66m[75895e03]&amp#27;[0m&amp#27;[38;5;112m[AndroidUiautomator2Driver@b341 (75895e03)]&amp#27;[0m Driver proxy active, passing request on via HTTP proxy
&amp#27;[38;5;66m[75895e03]&amp#27;[0m&amp#27;[38;5;112m[AndroidUiautomator2Driver@b341 (75895e03)]&amp#27;[0m Matched '/session/75895e03-7749-47e3-bc13-bf90a3ed7962/element/00000000-0000-0033-ffff-ffff00000047/rect' to command name 'getElementRect'
&amp#27;[38;5;66m[75895e03]&amp#27;[0m&amp#27;[38;5;112m[AndroidUiautomator2Driver@b341 (75895e03)]&amp#27;[0m Proxying [GET /session/75895e03-7749-47e3-bc13-bf90a3ed7962/element/00000000-0000-0033-ffff-ffff00000047/rect] to [GET http://127.0.0.1:8200/session/9a29d941-f2de-44a0-9e8c-b573902f2815/element/00000000-0000-0033-ffff-ffff00000047/rect] with no body
&amp#27;[38;5;66m[75895e03]&amp#27;[0m&amp#27;[38;5;112m[AndroidUiautomator2Driver@b341 (75895e03)]&amp#27;[0m Got response with status 200: {"sessionId":"9a29d941-f2de-44a0-9e8c-b573902f2815","value":{"height":2516,"width":1440,"x":0,"y":280}}
&amp#27;[38;5;66m[75895e03]&amp#27;[0m&amp#27;[38;5;112m[AndroidUiautomator2Driver@b341 (75895e03)]&amp#27;[0m Replacing sessionId 9a29d941-f2de-44a0-9e8c-b573902f2815 with 75895e03-7749-47e3-bc13-bf90a3ed7962
&amp#27;[38;5;66m[75895e03]&amp#27;[0m&amp#27;[38;5;86m[HTTP]&amp#27;[0m <-- GET /session/75895e03-7749-47e3-bc13-bf90a3ed7962/element/00000000-0000-0033-ffff-ffff00000047/rect 200 25 ms - 103 
&amp#27;[38;5;66m[75895e03]&amp#27;[0m&amp#27;[38;5;86m[HTTP]&amp#27;[0m &amp#27;[37m-->&amp#27;[39m &amp#27;[37mGET&amp#27;[39m &amp#27;[37m/session/75895e03-7749-47e3-bc13-bf90a3ed7962/element/00000000-0000-0033-ffff-ffff00000047/rect&amp#27;[39m {}
&amp#27;[38;5;66m[75895e03]&amp#27;[0m&amp#27;[38;5;112m[AndroidUiautomator2Driver@b341 (75895e03)]&amp#27;[0m Driver proxy active, passing request on via HTTP proxy
&amp#27;[38;5;66m[75895e03]&amp#27;[0m&amp#27;[38;5;112m[AndroidUiautomator2Driver@b341 (75895e03)]&amp#27;[0m Matched '/session/75895e03-7749-47e3-bc13-bf90a3ed7962/element/00000000-0000-0033-ffff-ffff00000047/rect' to command name 'getElementRect'
&amp#27;[38;5;66m[75895e03]&amp#27;[0m&amp#27;[38;5;112m[AndroidUiautomator2Driver@b341 (75895e03)]&amp#27;[0m Proxying [GET /session/75895e03-7749-47e3-bc13-bf90a3ed7962/element/00000000-0000-0033-ffff-ffff00000047/rect] to [GET http://127.0.0.1:8200/session/9a29d941-f2de-44a0-9e8c-b573902f2815/element/00000000-0000-0033-ffff-ffff00000047/rect] with no body
&amp#27;[38;5;66m[75895e03]&amp#27;[0m&amp#27;[38;5;112m[AndroidUiautomator2Driver@b341 (75895e03)]&amp#27;[0m Got response with status 200: {"sessionId":"9a29d941-f2de-44a0-9e8c-b573902f2815","value":{"height":2516,"width":1440,"x":0,"y":280}}
&amp#27;[38;5;66m[75895e03]&amp#27;[0m&amp#27;[38;5;112m[AndroidUiautomator2Driver@b341 (75895e03)]&amp#27;[0m Replacing sessionId 9a29d941-f2de-44a0-9e8c-b573902f2815 with 75895e03-7749-47e3-bc13-bf90a3ed7962
&amp#27;[38;5;66m[75895e03]&amp#27;[0m&amp#27;[38;5;86m[HTTP]&amp#27;[0m <-- GET /session/75895e03-7749-47e3-bc13-bf90a3ed7962/element/00000000-0000-0033-ffff-ffff00000047/rect 200 24 ms - 103 
&amp#27;[38;5;66m[75895e03]&amp#27;[0m&amp#27;[38;5;86m[HTTP]&amp#27;[0m &amp#27;[37m-->&amp#27;[39m &amp#27;[37mGET&amp#27;[39m &amp#27;[37m/session/75895e03-7749-47e3-bc13-bf90a3ed7962/element/00000000-0000-0033-ffff-ffff00000047/rect&amp#27;[39m {}
&amp#27;[38;5;66m[75895e03]&amp#27;[0m&amp#27;[38;5;112m[AndroidUiautomator2Driver@b341 (75895e03)]&amp#27;[0m Driver proxy active, passing request on via HTTP proxy
&amp#27;[38;5;66m[75895e03]&amp#27;[0m&amp#27;[38;5;112m[AndroidUiautomator2Driver@b341 (75895e03)]&amp#27;[0m Matched '/session/75895e03-7749-47e3-bc13-bf90a3ed7962/element/00000000-0000-0033-ffff-ffff00000047/rect' to command name 'getElementRect'
&amp#27;[38;5;66m[75895e03]&amp#27;[0m&amp#27;[38;5;112m[AndroidUiautomator2Driver@b341 (75895e03)]&amp#27;[0m Proxying [GET /session/75895e03-7749-47e3-bc13-bf90a3ed7962/element/00000000-0000-0033-ffff-ffff00000047/rect] to [GET http://127.0.0.1:8200/session/9a29d941-f2de-44a0-9e8c-b573902f2815/element/00000000-0000-0033-ffff-ffff00000047/rect] with no body
&amp#27;[38;5;66m[75895e03]&amp#27;[0m&amp#27;[38;5;112m[AndroidUiautomator2Driver@b341 (75895e03)]&amp#27;[0m Got response with status 200: {"sessionId":"9a29d941-f2de-44a0-9e8c-b573902f2815","value":{"height":2516,"width":1440,"x":0,"y":280}}
&amp#27;[38;5;66m[75895e03]&amp#27;[0m&amp#27;[38;5;112m[AndroidUiautomator2Driver@b341 (75895e03)]&amp#27;[0m Replacing sessionId 9a29d941-f2de-44a0-9e8c-b573902f2815 with 75895e03-7749-47e3-bc13-bf90a3ed7962
&amp#27;[38;5;66m[75895e03]&amp#27;[0m&amp#27;[38;5;86m[HTTP]&amp#27;[0m <-- GET /session/75895e03-7749-47e3-bc13-bf90a3ed7962/element/00000000-0000-0033-ffff-ffff00000047/rect 200 24 ms - 103 
&amp#27;[38;5;66m[75895e03]&amp#27;[0m&amp#27;[38;5;86m[HTTP]&amp#27;[0m &amp#27;[37m-->&amp#27;[39m &amp#27;[37mGET&amp#27;[39m &amp#27;[37m/session/75895e03-7749-47e3-bc13-bf90a3ed7962/element/00000000-0000-0033-ffff-ffff00000047/rect&amp#27;[39m {}
&amp#27;[38;5;66m[75895e03]&amp#27;[0m&amp#27;[38;5;112m[AndroidUiautomator2Driver@b341 (75895e03)]&amp#27;[0m Driver proxy active, passing request on via HTTP proxy
&amp#27;[38;5;66m[75895e03]&amp#27;[0m&amp#27;[38;5;112m[AndroidUiautomator2Driver@b341 (75895e03)]&amp#27;[0m Matched '/session/75895e03-7749-47e3-bc13-bf90a3ed7962/element/00000000-0000-0033-ffff-ffff00000047/rect' to command name 'getElementRect'
&amp#27;[38;5;66m[75895e03]&amp#27;[0m&amp#27;[38;5;112m[AndroidUiautomator2Driver@b341 (75895e03)]&amp#27;[0m Proxying [GET /session/75895e03-7749-47e3-bc13-bf90a3ed7962/element/00000000-0000-0033-ffff-ffff00000047/rect] to [GET http://127.0.0.1:8200/session/9a29d941-f2de-44a0-9e8c-b573902f2815/element/00000000-0000-0033-ffff-ffff00000047/rect] with no body
&amp#27;[38;5;66m[75895e03]&amp#27;[0m&amp#27;[38;5;112m[AndroidUiautomator2Driver@b341 (75895e03)]&amp#27;[0m Got response with status 200: {"sessionId":"9a29d941-f2de-44a0-9e8c-b573902f2815","value":{"height":2516,"width":1440,"x":0,"y":280}}
&amp#27;[38;5;66m[75895e03]&amp#27;[0m&amp#27;[38;5;112m[AndroidUiautomator2Driver@b341 (75895e03)]&amp#27;[0m Replacing sessionId 9a29d941-f2de-44a0-9e8c-b573902f2815 with 75895e03-7749-47e3-bc13-bf90a3ed7962
&amp#27;[38;5;66m[75895e03]&amp#27;[0m&amp#27;[38;5;86m[HTTP]&amp#27;[0m <-- GET /session/75895e03-7749-47e3-bc13-bf90a3ed7962/element/00000000-0000-0033-ffff-ffff00000047/rect 200 26 ms - 103 
&amp#27;[38;5;66m[75895e03]&amp#27;[0m&amp#27;[38;5;86m[HTTP]&amp#27;[0m &amp#27;[37m-->&amp#27;[39m &amp#27;[37mGET&amp#27;[39m &amp#27;[37m/session/75895e03-7749-47e3-bc13-bf90a3ed7962/screenshot&amp#27;[39m {}
&amp#27;[38;5;66m[75895e03]&amp#27;[0m&amp#27;[38;5;112m[AndroidUiautomator2Driver@b341 (75895e03)]&amp#27;[0m Calling AppiumDriver.getScreenshot() with args: ["75895e03-7749-47e3-bc13-bf90a3ed7962"]
&amp#27;[38;5;66m[75895e03]&amp#27;[0m&amp#27;[38;5;112m[AndroidUiautomator2Driver@b341 (75895e03)]&amp#27;[0m Matched '/screenshot' to command name 'getScreenshot'
&amp#27;[38;5;66m[75895e03]&amp#27;[0m&amp#27;[38;5;112m[AndroidUiautomator2Driver@b341 (75895e03)]&amp#27;[0m Proxying [GET /screenshot] to [GET http://127.0.0.1:8200/session/9a29d941-f2de-44a0-9e8c-b573902f2815/screenshot] with no body
&amp#27;[38;5;66m[75895e03]&amp#27;[0m&amp#27;[38;5;112m[AndroidUiautomator2Driver@b341 (75895e03)]&amp#27;[0m Got response with status 200: {"sessionId":"9a29d941-f2de-44a0-9e8c-b573902f2815","value":"iVBORw0KGgoAAAANSUhEUgAABaAAAAtACAYAAADu24QXAAAAAXNSR0IArs4c6QAAAARzQklUCAgICHwIZIgAACAASURBVHic7N13fBv1/cfx991pecUrcZy9ICSEvaFQwii7lDLLDFCgBUop0EVbflCgA1rKXqUtYXQxCrS07BH2XoEQQvZOHDtObMuyxt3vD1uyhoccS5Zkv559COtONz5yzOhbH3++RuW8MxwBAAAAAAAAAJBhZq4LAAAAAAAAAAAMTgTQAAAAAAAAAICsIIAGAAAAAAAAAGQFATQAAAAAAAAAICsIoAEAAAAAAAAAWUEADQAAAAAAAADICgJoAAAAAAAAAEBWEEADAAAAAAAAALKCABoAAAAAAAAAkBUE0AAAAAAAAACArCCABgAAAAAAAABkBQE0AAAAAAAAACArCKABAAAAAAAAAFlBAA0AAAAAAAAAyAoCaAAAAAAAAABAVrhyXQCQ7wwZGukq12FlO+vost20g2+iKq0SOZKMjmOcuONXhxr0XusiPbr5Lb3un69NEb+chCMAAAAAAACAocGonHcGyRiQxJChKqtUN9TO0oGl26vE9Mb294UtR/XhJj246RX9ev2jisjORrkAAAAAAABAXiKABuIYMjTePVyvTL5GJaZPZh8D557YcvRl22odvPRqtdiBjF0XAAAAAAAAyFcE0ECHaqtMr06+ViNd5X3udO6LsBNR7fxvyx4iYzkMGfKZbhky5DFcCaF+RLaCTli246jNCeWwSgAAAABAoat1VWiCe4SqXWWqMEtUbhWrxPSqxW5TY6RFm2y/6sNNWhaq09pwY67LzTvj3cO1PLQh12XoJyO+mfax19U9lsVKkCnMgMaQZ8rQz2uO18XVR2a047k7lmHqK8XT9Kr/86zfKxcMGXIblopMj0pNnyqtUm3rHSuP4dZkT42KjfZxJrYcNUZatDS0XgE7...
&amp#27;[38;5;66m[75895e03]&amp#27;[0m&amp#27;[38;5;112m[AndroidUiautomator2Driver@b341 (75895e03)]&amp#27;[0m Responding to client with driver.getScreenshot() result: "iVBORw0KGgoAAAANSUhEUgAABaAAAAtACAYAAADu24QXAAAAAXNSR0IArs4c6QAAAARzQklUCAgICHwIZIgAACAASURBVHic7N13fBv1/cfx991pecUrcZy9ICSEvaFQwii7lDLLDFCgBUop0EVbflCgA1rKXqUtYXQxCrS07BH2XoEQQvZOHDtObMuyxt3vD1uyhoccS5Zkv559COtONz5yzOhbH3++RuW8MxwBAAAAAAAAAJBhZq4LAAAAAAAAAAAMTgTQAAAAAAAAAICsIIAGAAAAAAAAAGQFATQAAAAAAAAAICsIoAEAAAAAAAAAWUEADQAAAAAAAADICgJoAAAAAAAAAEBWEEADAAAAAAAAALKCABoAAAAAAAAAkBUE0AAAAAAAAACArCCABgAAAAAAAABkBQE0AAAAAAAAACArCKABAAAAAAAAAFlBAA0AAAAAAAAAyAoCaAAAAAAAAABAVrhyXQCQ7wwZGukq12FlO+vost20g2+iKq0SOZKMjmOcuONXhxr0XusiPbr5Lb3un69NEb+chCMAAAAAAACAocGonHcGyRiQxJChKqtUN9TO0oGl26vE9Mb294UtR/XhJj246RX9ev2jisjORrkAAAAAAABAXiKABuIYMjTePVyvTL5GJaZPZh8D557YcvRl22odvPRqtdiBjF0XAAAAAAAAyFcE0ECHaqtMr06+ViNd5X3udO6LsBNR7fxvyx4iYzkMGfKZbhky5DFcCaF+RLaCTli246jNCeWwSgAAAABAoat1VWiCe4SqXWWqMEtUbhWrxPSqxW5TY6RFm2y/6sNNWhaq09pwY67LzTvj3cO1PLQh12XoJyO+mfax19U9lsVKkCnMgMaQZ8rQz2uO18XVR2a047k7lmHqK8XT9Kr/86zfKxcMGXIblopMj0pNnyqtUm3rHSuP4dZkT42KjfZxJrYcNUZatDS0XgE7pM/alqvZblOLHVDACSnsRHL8TgAAAAAA+arGVa4DS7bTzJLttINvgia4R8hn...
&amp#27;[38;5;66m[75895e03]&amp#27;[0m&amp#27;[38;5;86m[HTTP]&amp#27;[0m <-- GET /session/75895e03-7749-47e3-bc13-bf90a3ed7962/screenshot 200 1292 ms - 493064 
&amp#27;[38;5;66m[75895e03]&amp#27;[0m&amp#27;[38;5;86m[HTTP]&amp#27;[0m &amp#27;[37m-->&amp#27;[39m &amp#27;[37mGET&amp#27;[39m &amp#27;[37m/session/75895e03-7749-47e3-bc13-bf90a3ed7962/context&amp#27;[39m {}
&amp#27;[38;5;66m[75895e03]&amp#27;[0m&amp#27;[38;5;112m[AndroidUiautomator2Driver@b341 (75895e03)]&amp#27;[0m Calling AppiumDriver.getCurrentContext() with args: ["75895e03-7749-47e3-bc13-bf90a3ed7962"]
&amp#27;[38;5;66m[75895e03]&amp#27;[0m&amp#27;[38;5;112m[AndroidUiautomator2Driver@b341 (75895e03)]&amp#27;[0m Responding to client with driver.getCurrentContext() result: "NATIVE_APP"
&amp#27;[38;5;66m[75895e03]&amp#27;[0m&amp#27;[38;5;86m[HTTP]&amp#27;[0m <-- GET /session/75895e03-7749-47e3-bc13-bf90a3ed7962/context 200 1 ms - 22 
&amp#27;[38;5;66m[75895e03]&amp#27;[0m&amp#27;[38;5;86m[HTTP]&amp#27;[0m &amp#27;[37m-->&amp#27;[39m &amp#27;[37mPOST&amp#27;[39m &amp#27;[37m/session/75895e03-7749-47e3-bc13-bf90a3ed7962/element&amp#27;[39m {"using":"id","value":"com.androidsample.generalstore:id/appbar_btn_cart"}
&amp#27;[38;5;66m[75895e03]&amp#27;[0m&amp#27;[38;5;112m[AndroidUiautomator2Driver@b341 (75895e03)]&amp#27;[0m Calling AppiumDriver.findElement() with args: ["id","com.androidsample.generalstore:id/appbar_btn_cart","75895e03-7749-47e3-bc13-bf90a3ed7962"]
&amp#27;[38;5;66m[75895e03]&amp#27;[0m&amp#27;[38;5;112m[AndroidUiautomator2Driver@b341 (75895e03)]&amp#27;[0m Valid locator strategies for this request: xpath, id, class name, accessibility id, css selector, -android uiautomator
&amp#27;[38;5;66m[75895e03]&amp#27;[0m&amp#27;[38;5;112m[AndroidUiautomator2Driver@b341 (75895e03)]&amp#27;[0m Waiting up to 20000 ms for condition
&amp#27;[38;5;66m[75895e03]&amp#27;[0m&amp#27;[38;5;112m[AndroidUiautomator2Driver@b341 (75895e03)]&amp#27;[0m Matched '/element' to command name 'findElement'
&amp#27;[38;5;66m[75895e03]&amp#27;[0m&amp#27;[38;5;112m[AndroidUiautomator2Driver@b341 (75895e03)]&amp#27;[0m Proxying [POST /element] to [POST http://127.0.0.1:8200/session/9a29d941-f2de-44a0-9e8c-b573902f2815/element] with body: {"strategy":"id","selector":"com.androidsample.generalstore:id/appbar_btn_cart","context":"","multiple":false}
&amp#27;[38;5;66m[75895e03]&amp#27;[0m&amp#27;[38;5;112m[AndroidUiautomator2Driver@b341 (75895e03)]&amp#27;[0m Got response with status 200: {"sessionId":"9a29d941-f2de-44a0-9e8c-b573902f2815","value":{"ELEMENT":"00000000-0000-0033-ffff-ffff00000044","element-6066-11e4-a52e-4f735466cecf":"00000000-0000-0033-ffff-ffff00000044"}}
&amp#27;[38;5;66m[75895e03]&amp#27;[0m&amp#27;[38;5;112m[AndroidUiautomator2Driver@b341 (75895e03)]&amp#27;[0m Responding to client with driver.findElement() result: {"element-6066-11e4-a52e-4f735466cecf":"00000000-0000-0033-ffff-ffff00000044","ELEMENT":"00000000-0000-0033-ffff-ffff00000044"}
&amp#27;[38;5;66m[75895e03]&amp#27;[0m&amp#27;[38;5;86m[HTTP]&amp#27;[0m <-- POST /session/75895e03-7749-47e3-bc13-bf90a3ed7962/element 200 39 ms - 137 
&amp#27;[38;5;66m[75895e03]&amp#27;[0m&amp#27;[38;5;86m[HTTP]&amp#27;[0m &amp#27;[37m-->&amp#27;[39m &amp#27;[37mPOST&amp#27;[39m &amp#27;[37m/session/75895e03-7749-47e3-bc13-bf90a3ed7962/element/00000000-0000-0033-ffff-ffff00000044/click&amp#27;[39m {"id":"00000000-0000-0033-ffff-ffff00000044"}
&amp#27;[38;5;66m[75895e03]&amp#27;[0m&amp#27;[38;5;112m[AndroidUiautomator2Driver@b341 (75895e03)]&amp#27;[0m Calling AppiumDriver.click() with args: ["00000000-0000-0033-ffff-ffff00000044","75895e03-7749-47e3-bc13-bf90a3ed7962"]
&amp#27;[38;5;66m[75895e03]&amp#27;[0m&amp#27;[38;5;112m[AndroidUiautomator2Driver@b341 (75895e03)]&amp#27;[0m Matched '/element/00000000-0000-0033-ffff-ffff00000044/click' to command name 'click'
&amp#27;[38;5;66m[75895e03]&amp#27;[0m&amp#27;[38;5;112m[AndroidUiautomator2Driver@b341 (75895e03)]&amp#27;[0m Proxying [POST /element/00000000-0000-0033-ffff-ffff00000044/click] to [POST http://127.0.0.1:8200/session/9a29d941-f2de-44a0-9e8c-b573902f2815/element/00000000-0000-0033-ffff-ffff00000044/click] with body: {"element":"00000000-0000-0033-ffff-ffff00000044"}
&amp#27;[38;5;66m[75895e03]&amp#27;[0m&amp#27;[38;5;112m[AndroidUiautomator2Driver@b341 (75895e03)]&amp#27;[0m Got response with status 200: {"sessionId":"9a29d941-f2de-44a0-9e8c-b573902f2815","value":null}
&amp#27;[38;5;66m[75895e03]&amp#27;[0m&amp#27;[38;5;112m[AndroidUiautomator2Driver@b341 (75895e03)]&amp#27;[0m Responding to client with driver.click() result: null
&amp#27;[38;5;66m[75895e03]&amp#27;[0m&amp#27;[38;5;86m[HTTP]&amp#27;[0m <-- POST /session/75895e03-7749-47e3-bc13-bf90a3ed7962/element/00000000-0000-0033-ffff-ffff00000044/click 200 323 ms - 14 
&amp#27;[38;5;66m[75895e03]&amp#27;[0m&amp#27;[38;5;86m[HTTP]&amp#27;[0m &amp#27;[37m-->&amp#27;[39m &amp#27;[37mGET&amp#27;[39m &amp#27;[37m/session/75895e03-7749-47e3-bc13-bf90a3ed7962/context&amp#27;[39m {}
&amp#27;[38;5;66m[75895e03]&amp#27;[0m&amp#27;[38;5;112m[AndroidUiautomator2Driver@b341 (75895e03)]&amp#27;[0m Calling AppiumDriver.getCurrentContext() with args: ["75895e03-7749-47e3-bc13-bf90a3ed7962"]
&amp#27;[38;5;66m[75895e03]&amp#27;[0m&amp#27;[38;5;112m[AndroidUiautomator2Driver@b341 (75895e03)]&amp#27;[0m Responding to client with driver.getCurrentContext() result: "NATIVE_APP"
&amp#27;[38;5;66m[75895e03]&amp#27;[0m&amp#27;[38;5;86m[HTTP]&amp#27;[0m <-- GET /session/75895e03-7749-47e3-bc13-bf90a3ed7962/context 200 1 ms - 22 
&amp#27;[38;5;66m[75895e03]&amp#27;[0m&amp#27;[38;5;86m[HTTP]&amp#27;[0m &amp#27;[37m-->&amp#27;[39m &amp#27;[37mPOST&amp#27;[39m &amp#27;[37m/session/75895e03-7749-47e3-bc13-bf90a3ed7962/elements&amp#27;[39m {"using":"id","value":"com.androidsample.generalstore:id/productPrice"}
&amp#27;[38;5;66m[75895e03]&amp#27;[0m&amp#27;[38;5;112m[AndroidUiautomator2Driver@b341 (75895e03)]&amp#27;[0m Calling AppiumDriver.findElements() with args: ["id","com.androidsample.generalstore:id/productPrice","75895e03-7749-47e3-bc13-bf90a3ed7962"]
&amp#27;[38;5;66m[75895e03]&amp#27;[0m&amp#27;[38;5;112m[AndroidUiautomator2Driver@b341 (75895e03)]&amp#27;[0m Valid locator strategies for this request: xpath, id, class name, accessibility id, css selector, -android uiautomator
&amp#27;[38;5;66m[75895e03]&amp#27;[0m&amp#27;[38;5;112m[AndroidUiautomator2Driver@b341 (75895e03)]&amp#27;[0m Waiting up to 20000 ms for condition
&amp#27;[38;5;66m[75895e03]&amp#27;[0m&amp#27;[38;5;112m[AndroidUiautomator2Driver@b341 (75895e03)]&amp#27;[0m Matched '/elements' to command name 'findElements'
&amp#27;[38;5;66m[75895e03]&amp#27;[0m&amp#27;[38;5;112m[AndroidUiautomator2Driver@b341 (75895e03)]&amp#27;[0m Proxying [POST /elements] to [POST http://127.0.0.1:8200/session/9a29d941-f2de-44a0-9e8c-b573902f2815/elements] with body: {"strategy":"id","selector":"com.androidsample.generalstore:id/productPrice","context":"","multiple":true}
&amp#27;[38;5;66m[75895e03]&amp#27;[0m&amp#27;[38;5;112m[AndroidUiautomator2Driver@b341 (75895e03)]&amp#27;[0m Got response with status 200: {"sessionId":"9a29d941-f2de-44a0-9e8c-b573902f2815","value":[{"ELEMENT":"00000000-0000-0034-ffff-ffff00000086","element-6066-11e4-a52e-4f735466cecf":"00000000-0000-0034-ffff-ffff00000086"},{"ELEMENT":"00000000-0000-0034-ffff-ffff0000008e","element-6066-11e4-a52e-4f735466cecf":"00000000-0000-0034-ffff-ffff0000008e"}]}
&amp#27;[38;5;66m[75895e03]&amp#27;[0m&amp#27;[38;5;112m[AndroidUiautomator2Driver@b341 (75895e03)]&amp#27;[0m Responding to client with driver.findElements() result: [{"element-6066-11e4-a52e-4f735466cecf":"00000000-0000-0034-ffff-ffff00000086","ELEMENT":"00000000-0000-0034-ffff-ffff00000086"},{"element-6066-11e4-a52e-4f735466cecf":"00000000-0000-0034-ffff-ffff0000008e","ELEMENT":"00000000-0000-0034-ffff-ffff0000008e"}]
&amp#27;[38;5;66m[75895e03]&amp#27;[0m&amp#27;[38;5;86m[HTTP]&amp#27;[0m <-- POST /session/75895e03-7749-47e3-bc13-bf90a3ed7962/elements 200 78 ms - 267 
&amp#27;[38;5;66m[75895e03]&amp#27;[0m&amp#27;[38;5;86m[HTTP]&amp#27;[0m &amp#27;[37m-->&amp#27;[39m &amp#27;[37mGET&amp#27;[39m &amp#27;[37m/session/75895e03-7749-47e3-bc13-bf90a3ed7962/context&amp#27;[39m {}
&amp#27;[38;5;66m[75895e03]&amp#27;[0m&amp#27;[38;5;112m[AndroidUiautomator2Driver@b341 (75895e03)]&amp#27;[0m Calling AppiumDriver.getCurrentContext() with args: ["75895e03-7749-47e3-bc13-bf90a3ed7962"]
&amp#27;[38;5;66m[75895e03]&amp#27;[0m&amp#27;[38;5;112m[AndroidUiautomator2Driver@b341 (75895e03)]&amp#27;[0m Responding to client with driver.getCurrentContext() result: "NATIVE_APP"
&amp#27;[38;5;66m[75895e03]&amp#27;[0m&amp#27;[38;5;86m[HTTP]&amp#27;[0m <-- GET /session/75895e03-7749-47e3-bc13-bf90a3ed7962/context 200 1 ms - 22 
&amp#27;[38;5;66m[75895e03]&amp#27;[0m&amp#27;[38;5;86m[HTTP]&amp#27;[0m &amp#27;[37m-->&amp#27;[39m &amp#27;[37mPOST&amp#27;[39m &amp#27;[37m/session/75895e03-7749-47e3-bc13-bf90a3ed7962/elements&amp#27;[39m {"using":"id","value":"com.androidsample.generalstore:id/productPrice"}
&amp#27;[38;5;66m[75895e03]&amp#27;[0m&amp#27;[38;5;112m[AndroidUiautomator2Driver@b341 (75895e03)]&amp#27;[0m Calling AppiumDriver.findElements() with args: ["id","com.androidsample.generalstore:id/productPrice","75895e03-7749-47e3-bc13-bf90a3ed7962"]
&amp#27;[38;5;66m[75895e03]&amp#27;[0m&amp#27;[38;5;112m[AndroidUiautomator2Driver@b341 (75895e03)]&amp#27;[0m Valid locator strategies for this request: xpath, id, class name, accessibility id, css selector, -android uiautomator
&amp#27;[38;5;66m[75895e03]&amp#27;[0m&amp#27;[38;5;112m[AndroidUiautomator2Driver@b341 (75895e03)]&amp#27;[0m Waiting up to 20000 ms for condition
&amp#27;[38;5;66m[75895e03]&amp#27;[0m&amp#27;[38;5;112m[AndroidUiautomator2Driver@b341 (75895e03)]&amp#27;[0m Matched '/elements' to command name 'findElements'
&amp#27;[38;5;66m[75895e03]&amp#27;[0m&amp#27;[38;5;112m[AndroidUiautomator2Driver@b341 (75895e03)]&amp#27;[0m Proxying [POST /elements] to [POST http://127.0.0.1:8200/session/9a29d941-f2de-44a0-9e8c-b573902f2815/elements] with body: {"strategy":"id","selector":"com.androidsample.generalstore:id/productPrice","context":"","multiple":true}
&amp#27;[38;5;66m[75895e03]&amp#27;[0m&amp#27;[38;5;112m[AndroidUiautomator2Driver@b341 (75895e03)]&amp#27;[0m Got response with status 200: {"sessionId":"9a29d941-f2de-44a0-9e8c-b573902f2815","value":[{"ELEMENT":"00000000-0000-0034-ffff-ffff00000086","element-6066-11e4-a52e-4f735466cecf":"00000000-0000-0034-ffff-ffff00000086"},{"ELEMENT":"00000000-0000-0034-ffff-ffff0000008e","element-6066-11e4-a52e-4f735466cecf":"00000000-0000-0034-ffff-ffff0000008e"}]}
&amp#27;[38;5;66m[75895e03]&amp#27;[0m&amp#27;[38;5;112m[AndroidUiautomator2Driver@b341 (75895e03)]&amp#27;[0m Responding to client with driver.findElements() result: [{"element-6066-11e4-a52e-4f735466cecf":"00000000-0000-0034-ffff-ffff00000086","ELEMENT":"00000000-0000-0034-ffff-ffff00000086"},{"element-6066-11e4-a52e-4f735466cecf":"00000000-0000-0034-ffff-ffff0000008e","ELEMENT":"00000000-0000-0034-ffff-ffff0000008e"}]
&amp#27;[38;5;66m[75895e03]&amp#27;[0m&amp#27;[38;5;86m[HTTP]&amp#27;[0m <-- POST /session/75895e03-7749-47e3-bc13-bf90a3ed7962/elements 200 72 ms - 267 
&amp#27;[38;5;66m[75895e03]&amp#27;[0m&amp#27;[38;5;86m[HTTP]&amp#27;[0m &amp#27;[37m-->&amp#27;[39m &amp#27;[37mGET&amp#27;[39m &amp#27;[37m/session/75895e03-7749-47e3-bc13-bf90a3ed7962/element/00000000-0000-0034-ffff-ffff00000086/text&amp#27;[39m {}
&amp#27;[38;5;66m[75895e03]&amp#27;[0m&amp#27;[38;5;112m[AndroidUiautomator2Driver@b341 (75895e03)]&amp#27;[0m Driver proxy active, passing request on via HTTP proxy
&amp#27;[38;5;66m[75895e03]&amp#27;[0m&amp#27;[38;5;112m[AndroidUiautomator2Driver@b341 (75895e03)]&amp#27;[0m Matched '/session/75895e03-7749-47e3-bc13-bf90a3ed7962/element/00000000-0000-0034-ffff-ffff00000086/text' to command name 'getText'
&amp#27;[38;5;66m[75895e03]&amp#27;[0m&amp#27;[38;5;112m[AndroidUiautomator2Driver@b341 (75895e03)]&amp#27;[0m Proxying [GET /session/75895e03-7749-47e3-bc13-bf90a3ed7962/element/00000000-0000-0034-ffff-ffff00000086/text] to [GET http://127.0.0.1:8200/session/9a29d941-f2de-44a0-9e8c-b573902f2815/element/00000000-0000-0034-ffff-ffff00000086/text] with no body
&amp#27;[38;5;66m[75895e03]&amp#27;[0m&amp#27;[38;5;112m[AndroidUiautomator2Driver@b341 (75895e03)]&amp#27;[0m Got response with status 200: {"sessionId":"9a29d941-f2de-44a0-9e8c-b573902f2815","value":"$160.97"}
&amp#27;[38;5;66m[75895e03]&amp#27;[0m&amp#27;[38;5;112m[AndroidUiautomator2Driver@b341 (75895e03)]&amp#27;[0m Replacing sessionId 9a29d941-f2de-44a0-9e8c-b573902f2815 with 75895e03-7749-47e3-bc13-bf90a3ed7962
&amp#27;[38;5;66m[75895e03]&amp#27;[0m&amp#27;[38;5;86m[HTTP]&amp#27;[0m <-- GET /session/75895e03-7749-47e3-bc13-bf90a3ed7962/element/00000000-0000-0034-ffff-ffff00000086/text 200 14 ms - 70 
&amp#27;[38;5;66m[75895e03]&amp#27;[0m&amp#27;[38;5;86m[HTTP]&amp#27;[0m &amp#27;[37m-->&amp#27;[39m &amp#27;[37mGET&amp#27;[39m &amp#27;[37m/session/75895e03-7749-47e3-bc13-bf90a3ed7962/context&amp#27;[39m {}
&amp#27;[38;5;66m[75895e03]&amp#27;[0m&amp#27;[38;5;112m[AndroidUiautomator2Driver@b341 (75895e03)]&amp#27;[0m Calling AppiumDriver.getCurrentContext() with args: ["75895e03-7749-47e3-bc13-bf90a3ed7962"]
&amp#27;[38;5;66m[75895e03]&amp#27;[0m&amp#27;[38;5;112m[AndroidUiautomator2Driver@b341 (75895e03)]&amp#27;[0m Responding to client with driver.getCurrentContext() result: "NATIVE_APP"
&amp#27;[38;5;66m[75895e03]&amp#27;[0m&amp#27;[38;5;86m[HTTP]&amp#27;[0m <-- GET /session/75895e03-7749-47e3-bc13-bf90a3ed7962/context 200 1 ms - 22 
&amp#27;[38;5;66m[75895e03]&amp#27;[0m&amp#27;[38;5;86m[HTTP]&amp#27;[0m &amp#27;[37m-->&amp#27;[39m &amp#27;[37mPOST&amp#27;[39m &amp#27;[37m/session/75895e03-7749-47e3-bc13-bf90a3ed7962/elements&amp#27;[39m {"using":"id","value":"com.androidsample.generalstore:id/productPrice"}
&amp#27;[38;5;66m[75895e03]&amp#27;[0m&amp#27;[38;5;112m[AndroidUiautomator2Driver@b341 (75895e03)]&amp#27;[0m Calling AppiumDriver.findElements() with args: ["id","com.androidsample.generalstore:id/productPrice","75895e03-7749-47e3-bc13-bf90a3ed7962"]
&amp#27;[38;5;66m[75895e03]&amp#27;[0m&amp#27;[38;5;112m[AndroidUiautomator2Driver@b341 (75895e03)]&amp#27;[0m Valid locator strategies for this request: xpath, id, class name, accessibility id, css selector, -android uiautomator
&amp#27;[38;5;66m[75895e03]&amp#27;[0m&amp#27;[38;5;112m[AndroidUiautomator2Driver@b341 (75895e03)]&amp#27;[0m Waiting up to 20000 ms for condition
&amp#27;[38;5;66m[75895e03]&amp#27;[0m&amp#27;[38;5;112m[AndroidUiautomator2Driver@b341 (75895e03)]&amp#27;[0m Matched '/elements' to command name 'findElements'
&amp#27;[38;5;66m[75895e03]&amp#27;[0m&amp#27;[38;5;112m[AndroidUiautomator2Driver@b341 (75895e03)]&amp#27;[0m Proxying [POST /elements] to [POST http://127.0.0.1:8200/session/9a29d941-f2de-44a0-9e8c-b573902f2815/elements] with body: {"strategy":"id","selector":"com.androidsample.generalstore:id/productPrice","context":"","multiple":true}
&amp#27;[38;5;66m[75895e03]&amp#27;[0m&amp#27;[38;5;112m[AndroidUiautomator2Driver@b341 (75895e03)]&amp#27;[0m Got response with status 200: {"sessionId":"9a29d941-f2de-44a0-9e8c-b573902f2815","value":[{"ELEMENT":"00000000-0000-0034-ffff-ffff00000086","element-6066-11e4-a52e-4f735466cecf":"00000000-0000-0034-ffff-ffff00000086"},{"ELEMENT":"00000000-0000-0034-ffff-ffff0000008e","element-6066-11e4-a52e-4f735466cecf":"00000000-0000-0034-ffff-ffff0000008e"}]}
&amp#27;[38;5;66m[75895e03]&amp#27;[0m&amp#27;[38;5;112m[AndroidUiautomator2Driver@b341 (75895e03)]&amp#27;[0m Responding to client with driver.findElements() result: [{"element-6066-11e4-a52e-4f735466cecf":"00000000-0000-0034-ffff-ffff00000086","ELEMENT":"00000000-0000-0034-ffff-ffff00000086"},{"element-6066-11e4-a52e-4f735466cecf":"00000000-0000-0034-ffff-ffff0000008e","ELEMENT":"00000000-0000-0034-ffff-ffff0000008e"}]
&amp#27;[38;5;66m[75895e03]&amp#27;[0m&amp#27;[38;5;86m[HTTP]&amp#27;[0m <-- POST /session/75895e03-7749-47e3-bc13-bf90a3ed7962/elements 200 75 ms - 267 
&amp#27;[38;5;66m[75895e03]&amp#27;[0m&amp#27;[38;5;86m[HTTP]&amp#27;[0m &amp#27;[37m-->&amp#27;[39m &amp#27;[37mGET&amp#27;[39m &amp#27;[37m/session/75895e03-7749-47e3-bc13-bf90a3ed7962/element/00000000-0000-0034-ffff-ffff0000008e/text&amp#27;[39m {}
&amp#27;[38;5;66m[75895e03]&amp#27;[0m&amp#27;[38;5;112m[AndroidUiautomator2Driver@b341 (75895e03)]&amp#27;[0m Driver proxy active, passing request on via HTTP proxy
&amp#27;[38;5;66m[75895e03]&amp#27;[0m&amp#27;[38;5;112m[AndroidUiautomator2Driver@b341 (75895e03)]&amp#27;[0m Matched '/session/75895e03-7749-47e3-bc13-bf90a3ed7962/element/00000000-0000-0034-ffff-ffff0000008e/text' to command name 'getText'
&amp#27;[38;5;66m[75895e03]&amp#27;[0m&amp#27;[38;5;112m[AndroidUiautomator2Driver@b341 (75895e03)]&amp#27;[0m Proxying [GET /session/75895e03-7749-47e3-bc13-bf90a3ed7962/element/00000000-0000-0034-ffff-ffff0000008e/text] to [GET http://127.0.0.1:8200/session/9a29d941-f2de-44a0-9e8c-b573902f2815/element/00000000-0000-0034-ffff-ffff0000008e/text] with no body
&amp#27;[38;5;66m[75895e03]&amp#27;[0m&amp#27;[38;5;112m[AndroidUiautomator2Driver@b341 (75895e03)]&amp#27;[0m Got response with status 200: {"sessionId":"9a29d941-f2de-44a0-9e8c-b573902f2815","value":"$120.0"}
&amp#27;[38;5;66m[75895e03]&amp#27;[0m&amp#27;[38;5;112m[AndroidUiautomator2Driver@b341 (75895e03)]&amp#27;[0m Replacing sessionId 9a29d941-f2de-44a0-9e8c-b573902f2815 with 75895e03-7749-47e3-bc13-bf90a3ed7962
&amp#27;[38;5;66m[75895e03]&amp#27;[0m&amp#27;[38;5;86m[HTTP]&amp#27;[0m <-- GET /session/75895e03-7749-47e3-bc13-bf90a3ed7962/element/00000000-0000-0034-ffff-ffff0000008e/text 200 13 ms - 69 
&amp#27;[38;5;66m[75895e03]&amp#27;[0m&amp#27;[38;5;86m[HTTP]&amp#27;[0m &amp#27;[37m-->&amp#27;[39m &amp#27;[37mGET&amp#27;[39m &amp#27;[37m/session/75895e03-7749-47e3-bc13-bf90a3ed7962/context&amp#27;[39m {}
&amp#27;[38;5;66m[75895e03]&amp#27;[0m&amp#27;[38;5;112m[AndroidUiautomator2Driver@b341 (75895e03)]&amp#27;[0m Calling AppiumDriver.getCurrentContext() with args: ["75895e03-7749-47e3-bc13-bf90a3ed7962"]
&amp#27;[38;5;66m[75895e03]&amp#27;[0m&amp#27;[38;5;112m[AndroidUiautomator2Driver@b341 (75895e03)]&amp#27;[0m Responding to client with driver.getCurrentContext() result: "NATIVE_APP"
&amp#27;[38;5;66m[75895e03]&amp#27;[0m&amp#27;[38;5;86m[HTTP]&amp#27;[0m <-- GET /session/75895e03-7749-47e3-bc13-bf90a3ed7962/context 200 1 ms - 22 
&amp#27;[38;5;66m[75895e03]&amp#27;[0m&amp#27;[38;5;86m[HTTP]&amp#27;[0m &amp#27;[37m-->&amp#27;[39m &amp#27;[37mPOST&amp#27;[39m &amp#27;[37m/session/75895e03-7749-47e3-bc13-bf90a3ed7962/element&amp#27;[39m {"using":"id","value":"com.androidsample.generalstore:id/totalAmountLbl"}
&amp#27;[38;5;66m[75895e03]&amp#27;[0m&amp#27;[38;5;112m[AndroidUiautomator2Driver@b341 (75895e03)]&amp#27;[0m Calling AppiumDriver.findElement() with args: ["id","com.androidsample.generalstore:id/totalAmountLbl","75895e03-7749-47e3-bc13-bf90a3ed7962"]
&amp#27;[38;5;66m[75895e03]&amp#27;[0m&amp#27;[38;5;112m[AndroidUiautomator2Driver@b341 (75895e03)]&amp#27;[0m Valid locator strategies for this request: xpath, id, class name, accessibility id, css selector, -android uiautomator
&amp#27;[38;5;66m[75895e03]&amp#27;[0m&amp#27;[38;5;112m[AndroidUiautomator2Driver@b341 (75895e03)]&amp#27;[0m Waiting up to 20000 ms for condition
&amp#27;[38;5;66m[75895e03]&amp#27;[0m&amp#27;[38;5;112m[AndroidUiautomator2Driver@b341 (75895e03)]&amp#27;[0m Matched '/element' to command name 'findElement'
&amp#27;[38;5;66m[75895e03]&amp#27;[0m&amp#27;[38;5;112m[AndroidUiautomator2Driver@b341 (75895e03)]&amp#27;[0m Proxying [POST /element] to [POST http://127.0.0.1:8200/session/9a29d941-f2de-44a0-9e8c-b573902f2815/element] with body: {"strategy":"id","selector":"com.androidsample.generalstore:id/totalAmountLbl","context":"","multiple":false}
&amp#27;[38;5;66m[75895e03]&amp#27;[0m&amp#27;[38;5;112m[AndroidUiautomator2Driver@b341 (75895e03)]&amp#27;[0m Got response with status 200: {"sessionId":"9a29d941-f2de-44a0-9e8c-b573902f2815","value":{"ELEMENT":"00000000-0000-0034-ffff-ffff0000007a","element-6066-11e4-a52e-4f735466cecf":"00000000-0000-0034-ffff-ffff0000007a"}}
&amp#27;[38;5;66m[75895e03]&amp#27;[0m&amp#27;[38;5;112m[AndroidUiautomator2Driver@b341 (75895e03)]&amp#27;[0m Responding to client with driver.findElement() result: {"element-6066-11e4-a52e-4f735466cecf":"00000000-0000-0034-ffff-ffff0000007a","ELEMENT":"00000000-0000-0034-ffff-ffff0000007a"}
&amp#27;[38;5;66m[75895e03]&amp#27;[0m&amp#27;[38;5;86m[HTTP]&amp#27;[0m <-- POST /session/75895e03-7749-47e3-bc13-bf90a3ed7962/element 200 63 ms - 137 
&amp#27;[38;5;66m[75895e03]&amp#27;[0m&amp#27;[38;5;86m[HTTP]&amp#27;[0m &amp#27;[37m-->&amp#27;[39m &amp#27;[37mGET&amp#27;[39m &amp#27;[37m/session/75895e03-7749-47e3-bc13-bf90a3ed7962/element/00000000-0000-0034-ffff-ffff0000007a/text&amp#27;[39m {}
&amp#27;[38;5;66m[75895e03]&amp#27;[0m&amp#27;[38;5;112m[AndroidUiautomator2Driver@b341 (75895e03)]&amp#27;[0m Driver proxy active, passing request on via HTTP proxy
&amp#27;[38;5;66m[75895e03]&amp#27;[0m&amp#27;[38;5;112m[AndroidUiautomator2Driver@b341 (75895e03)]&amp#27;[0m Matched '/session/75895e03-7749-47e3-bc13-bf90a3ed7962/element/00000000-0000-0034-ffff-ffff0000007a/text' to command name 'getText'
&amp#27;[38;5;66m[75895e03]&amp#27;[0m&amp#27;[38;5;112m[AndroidUiautomator2Driver@b341 (75895e03)]&amp#27;[0m Proxying [GET /session/75895e03-7749-47e3-bc13-bf90a3ed7962/element/00000000-0000-0034-ffff-ffff0000007a/text] to [GET http://127.0.0.1:8200/session/9a29d941-f2de-44a0-9e8c-b573902f2815/element/00000000-0000-0034-ffff-ffff0000007a/text] with no body
&amp#27;[38;5;66m[75895e03]&amp#27;[0m&amp#27;[38;5;112m[AndroidUiautomator2Driver@b341 (75895e03)]&amp#27;[0m Got response with status 200: {"sessionId":"9a29d941-f2de-44a0-9e8c-b573902f2815","value":"$ 280.97"}
&amp#27;[38;5;66m[75895e03]&amp#27;[0m&amp#27;[38;5;112m[AndroidUiautomator2Driver@b341 (75895e03)]&amp#27;[0m Replacing sessionId 9a29d941-f2de-44a0-9e8c-b573902f2815 with 75895e03-7749-47e3-bc13-bf90a3ed7962
&amp#27;[38;5;66m[75895e03]&amp#27;[0m&amp#27;[38;5;86m[HTTP]&amp#27;[0m <-- GET /session/75895e03-7749-47e3-bc13-bf90a3ed7962/element/00000000-0000-0034-ffff-ffff0000007a/text 200 15 ms - 71 
&amp#27;[38;5;66m[75895e03]&amp#27;[0m&amp#27;[38;5;86m[HTTP]&amp#27;[0m &amp#27;[37m-->&amp#27;[39m &amp#27;[37mGET&amp#27;[39m &amp#27;[37m/session/75895e03-7749-47e3-bc13-bf90a3ed7962/context&amp#27;[39m {}
&amp#27;[38;5;66m[75895e03]&amp#27;[0m&amp#27;[38;5;112m[AndroidUiautomator2Driver@b341 (75895e03)]&amp#27;[0m Calling AppiumDriver.getCurrentContext() with args: ["75895e03-7749-47e3-bc13-bf90a3ed7962"]
&amp#27;[38;5;66m[75895e03]&amp#27;[0m&amp#27;[38;5;112m[AndroidUiautomator2Driver@b341 (75895e03)]&amp#27;[0m Responding to client with driver.getCurrentContext() result: "NATIVE_APP"
&amp#27;[38;5;66m[75895e03]&amp#27;[0m&amp#27;[38;5;86m[HTTP]&amp#27;[0m <-- GET /session/75895e03-7749-47e3-bc13-bf90a3ed7962/context 200 1 ms - 22 
&amp#27;[38;5;66m[75895e03]&amp#27;[0m&amp#27;[38;5;86m[HTTP]&amp#27;[0m &amp#27;[37m-->&amp#27;[39m &amp#27;[37mPOST&amp#27;[39m &amp#27;[37m/session/75895e03-7749-47e3-bc13-bf90a3ed7962/element&amp#27;[39m {"using":"id","value":"com.androidsample.generalstore:id/termsButton"}
&amp#27;[38;5;66m[75895e03]&amp#27;[0m&amp#27;[38;5;112m[AndroidUiautomator2Driver@b341 (75895e03)]&amp#27;[0m Calling AppiumDriver.findElement() with args: ["id","com.androidsample.generalstore:id/termsButton","75895e03-7749-47e3-bc13-bf90a3ed7962"]
&amp#27;[38;5;66m[75895e03]&amp#27;[0m&amp#27;[38;5;112m[AndroidUiautomator2Driver@b341 (75895e03)]&amp#27;[0m Valid locator strategies for this request: xpath, id, class name, accessibility id, css selector, -android uiautomator
&amp#27;[38;5;66m[75895e03]&amp#27;[0m&amp#27;[38;5;112m[AndroidUiautomator2Driver@b341 (75895e03)]&amp#27;[0m Waiting up to 20000 ms for condition
&amp#27;[38;5;66m[75895e03]&amp#27;[0m&amp#27;[38;5;112m[AndroidUiautomator2Driver@b341 (75895e03)]&amp#27;[0m Matched '/element' to command name 'findElement'
&amp#27;[38;5;66m[75895e03]&amp#27;[0m&amp#27;[38;5;112m[AndroidUiautomator2Driver@b341 (75895e03)]&amp#27;[0m Proxying [POST /element] to [POST http://127.0.0.1:8200/session/9a29d941-f2de-44a0-9e8c-b573902f2815/element] with body: {"strategy":"id","selector":"com.androidsample.generalstore:id/termsButton","context":"","multiple":false}
&amp#27;[38;5;66m[75895e03]&amp#27;[0m&amp#27;[38;5;112m[AndroidUiautomator2Driver@b341 (75895e03)]&amp#27;[0m Got response with status 200: {"sessionId":"9a29d941-f2de-44a0-9e8c-b573902f2815","value":{"ELEMENT":"00000000-0000-0034-ffff-ffff0000007d","element-6066-11e4-a52e-4f735466cecf":"00000000-0000-0034-ffff-ffff0000007d"}}
&amp#27;[38;5;66m[75895e03]&amp#27;[0m&amp#27;[38;5;112m[AndroidUiautomator2Driver@b341 (75895e03)]&amp#27;[0m Responding to client with driver.findElement() result: {"element-6066-11e4-a52e-4f735466cecf":"00000000-0000-0034-ffff-ffff0000007d","ELEMENT":"00000000-0000-0034-ffff-ffff0000007d"}
&amp#27;[38;5;66m[75895e03]&amp#27;[0m&amp#27;[38;5;86m[HTTP]&amp#27;[0m <-- POST /session/75895e03-7749-47e3-bc13-bf90a3ed7962/element 200 78 ms - 137 
&amp#27;[38;5;66m[75895e03]&amp#27;[0m&amp#27;[38;5;86m[HTTP]&amp#27;[0m &amp#27;[37m-->&amp#27;[39m &amp#27;[37mPOST&amp#27;[39m &amp#27;[37m/session/75895e03-7749-47e3-bc13-bf90a3ed7962/execute/sync&amp#27;[39m {"script":"mobile: longClickGesture","args":[{"elementId":"00000000-0000-0034-ffff-ffff0000007d","duration":2000}]}
&amp#27;[38;5;66m[75895e03]&amp#27;[0m&amp#27;[38;5;112m[AndroidUiautomator2Driver@b341 (75895e03)]&amp#27;[0m Calling AppiumDriver.execute() with args: ["mobile: longClickGesture",[{"elementId":"00000000-0000-0034-ffff-ffff0000007d","duration":2000}],"75895e03-7749-47e3-bc13-bf90a3ed7962"]
&amp#27;[38;5;66m[75895e03]&amp#27;[0m&amp#27;[38;5;112m[AndroidUiautomator2Driver@b341 (75895e03)]&amp#27;[0m Executing method 'mobile: longClickGesture'
&amp#27;[38;5;66m[75895e03]&amp#27;[0m&amp#27;[38;5;112m[AndroidUiautomator2Driver@b341 (75895e03)]&amp#27;[0m Proxying [POST /appium/gestures/long_click] to [POST http://127.0.0.1:8200/session/9a29d941-f2de-44a0-9e8c-b573902f2815/appium/gestures/long_click] with body: {"origin":{"ELEMENT":"00000000-0000-0034-ffff-ffff0000007d","element-6066-11e4-a52e-4f735466cecf":"00000000-0000-0034-ffff-ffff0000007d"},"duration":2000}
&amp#27;[38;5;66m[75895e03]&amp#27;[0m&amp#27;[38;5;112m[AndroidUiautomator2Driver@b341 (75895e03)]&amp#27;[0m Got response with status 200: {"sessionId":"9a29d941-f2de-44a0-9e8c-b573902f2815","value":null}
&amp#27;[38;5;66m[75895e03]&amp#27;[0m&amp#27;[38;5;112m[AndroidUiautomator2Driver@b341 (75895e03)]&amp#27;[0m Responding to client with driver.execute() result: null
&amp#27;[38;5;66m[75895e03]&amp#27;[0m&amp#27;[38;5;86m[HTTP]&amp#27;[0m <-- POST /session/75895e03-7749-47e3-bc13-bf90a3ed7962/execute/sync 200 3159 ms - 14 
&amp#27;[38;5;66m[75895e03]&amp#27;[0m&amp#27;[38;5;86m[HTTP]&amp#27;[0m &amp#27;[37m-->&amp#27;[39m &amp#27;[37mGET&amp#27;[39m &amp#27;[37m/session/75895e03-7749-47e3-bc13-bf90a3ed7962/context&amp#27;[39m {}
&amp#27;[38;5;66m[75895e03]&amp#27;[0m&amp#27;[38;5;112m[AndroidUiautomator2Driver@b341 (75895e03)]&amp#27;[0m Calling AppiumDriver.getCurrentContext() with args: ["75895e03-7749-47e3-bc13-bf90a3ed7962"]
&amp#27;[38;5;66m[75895e03]&amp#27;[0m&amp#27;[38;5;112m[AndroidUiautomator2Driver@b341 (75895e03)]&amp#27;[0m Responding to client with driver.getCurrentContext() result: "NATIVE_APP"
&amp#27;[38;5;66m[75895e03]&amp#27;[0m&amp#27;[38;5;86m[HTTP]&amp#27;[0m <-- GET /session/75895e03-7749-47e3-bc13-bf90a3ed7962/context 200 1 ms - 22 
&amp#27;[38;5;66m[75895e03]&amp#27;[0m&amp#27;[38;5;86m[HTTP]&amp#27;[0m &amp#27;[37m-->&amp#27;[39m &amp#27;[37mPOST&amp#27;[39m &amp#27;[37m/session/75895e03-7749-47e3-bc13-bf90a3ed7962/element&amp#27;[39m {"using":"id","value":"android:id/button1"}
&amp#27;[38;5;66m[75895e03]&amp#27;[0m&amp#27;[38;5;112m[AndroidUiautomator2Driver@b341 (75895e03)]&amp#27;[0m Calling AppiumDriver.findElement() with args: ["id","android:id/button1","75895e03-7749-47e3-bc13-bf90a3ed7962"]
&amp#27;[38;5;66m[75895e03]&amp#27;[0m&amp#27;[38;5;112m[AndroidUiautomator2Driver@b341 (75895e03)]&amp#27;[0m Valid locator strategies for this request: xpath, id, class name, accessibility id, css selector, -android uiautomator
&amp#27;[38;5;66m[75895e03]&amp#27;[0m&amp#27;[38;5;112m[AndroidUiautomator2Driver@b341 (75895e03)]&amp#27;[0m Waiting up to 20000 ms for condition
&amp#27;[38;5;66m[75895e03]&amp#27;[0m&amp#27;[38;5;112m[AndroidUiautomator2Driver@b341 (75895e03)]&amp#27;[0m Matched '/element' to command name 'findElement'
&amp#27;[38;5;66m[75895e03]&amp#27;[0m&amp#27;[38;5;112m[AndroidUiautomator2Driver@b341 (75895e03)]&amp#27;[0m Proxying [POST /element] to [POST http://127.0.0.1:8200/session/9a29d941-f2de-44a0-9e8c-b573902f2815/element] with body: {"strategy":"id","selector":"android:id/button1","context":"","multiple":false}
&amp#27;[38;5;66m[75895e03]&amp#27;[0m&amp#27;[38;5;112m[AndroidUiautomator2Driver@b341 (75895e03)]&amp#27;[0m Got response with status 200: {"sessionId":"9a29d941-f2de-44a0-9e8c-b573902f2815","value":{"ELEMENT":"00000000-0000-0035-ffff-ffff000000a9","element-6066-11e4-a52e-4f735466cecf":"00000000-0000-0035-ffff-ffff000000a9"}}
&amp#27;[38;5;66m[75895e03]&amp#27;[0m&amp#27;[38;5;112m[AndroidUiautomator2Driver@b341 (75895e03)]&amp#27;[0m Responding to client with driver.findElement() result: {"element-6066-11e4-a52e-4f735466cecf":"00000000-0000-0035-ffff-ffff000000a9","ELEMENT":"00000000-0000-0035-ffff-ffff000000a9"}
&amp#27;[38;5;66m[75895e03]&amp#27;[0m&amp#27;[38;5;86m[HTTP]&amp#27;[0m <-- POST /session/75895e03-7749-47e3-bc13-bf90a3ed7962/element 200 39 ms - 137 
&amp#27;[38;5;66m[75895e03]&amp#27;[0m&amp#27;[38;5;86m[HTTP]&amp#27;[0m &amp#27;[37m-->&amp#27;[39m &amp#27;[37mPOST&amp#27;[39m &amp#27;[37m/session/75895e03-7749-47e3-bc13-bf90a3ed7962/element/00000000-0000-0035-ffff-ffff000000a9/click&amp#27;[39m {"id":"00000000-0000-0035-ffff-ffff000000a9"}
&amp#27;[38;5;66m[75895e03]&amp#27;[0m&amp#27;[38;5;112m[AndroidUiautomator2Driver@b341 (75895e03)]&amp#27;[0m Calling AppiumDriver.click() with args: ["00000000-0000-0035-ffff-ffff000000a9","75895e03-7749-47e3-bc13-bf90a3ed7962"]
&amp#27;[38;5;66m[75895e03]&amp#27;[0m&amp#27;[38;5;112m[AndroidUiautomator2Driver@b341 (75895e03)]&amp#27;[0m Matched '/element/00000000-0000-0035-ffff-ffff000000a9/click' to command name 'click'
&amp#27;[38;5;66m[75895e03]&amp#27;[0m&amp#27;[38;5;112m[AndroidUiautomator2Driver@b341 (75895e03)]&amp#27;[0m Proxying [POST /element/00000000-0000-0035-ffff-ffff000000a9/click] to [POST http://127.0.0.1:8200/session/9a29d941-f2de-44a0-9e8c-b573902f2815/element/00000000-0000-0035-ffff-ffff000000a9/click] with body: {"element":"00000000-0000-0035-ffff-ffff000000a9"}
&amp#27;[38;5;66m[75895e03]&amp#27;[0m&amp#27;[38;5;112m[AndroidUiautomator2Driver@b341 (75895e03)]&amp#27;[0m Got response with status 200: {"sessionId":"9a29d941-f2de-44a0-9e8c-b573902f2815","value":null}
&amp#27;[38;5;66m[75895e03]&amp#27;[0m&amp#27;[38;5;112m[AndroidUiautomator2Driver@b341 (75895e03)]&amp#27;[0m Responding to client with driver.click() result: null
&amp#27;[38;5;66m[75895e03]&amp#27;[0m&amp#27;[38;5;86m[HTTP]&amp#27;[0m <-- POST /session/75895e03-7749-47e3-bc13-bf90a3ed7962/element/00000000-0000-0035-ffff-ffff000000a9/click 200 95 ms - 14 
&amp#27;[38;5;66m[75895e03]&amp#27;[0m&amp#27;[38;5;86m[HTTP]&amp#27;[0m &amp#27;[37m-->&amp#27;[39m &amp#27;[37mPOST&amp#27;[39m &amp#27;[37m/session/75895e03-7749-47e3-bc13-bf90a3ed7962/execute/sync&amp#27;[39m {"script":"return (function(arg){\nvar s=function(){\"use strict\";function t(t){return t&&t.__esModule&&Object.prototype.hasOwnProperty.call(t,\"default\")?t.default:t}var e=function(t){var e=(void 0===t?[]:t)[0],n=\"\",r=e.ownerDocument;if(!r)return n;for(var o=e;o!==r;){var a=Array.prototype.filter.call(o.parentNode.childNodes,(function(t){return t.tagName===o.tagName})).indexOf(o);n=\"/\"+o.tagName+\"[\"+(a+1)+\"]\"+n,o=o.parentNode}return n};return t((function(){var t,n,r;try{t=window.top.document===window.document||\"root-context\"===window.parent.document[\"applitools-marker\"]}catch(e){t=!1}try{n=!window.parent.document===window.document}catch(t){n=!0}if(!n)try{r=e([window.frameElement])}catch(t){r=null}return[document.documentElement,r,t,n]}))}();\nreturn s(arg)\n}).apply(null, arguments)","args":[null]}
&amp#27;[38;5;66m[75895e03]&amp#27;[0m&amp#27;[38;5;112m[AndroidUiautomator2Driver@b341 (75895e03)]&amp#27;[0m Calling AppiumDriver.execute() with args: ["return (function(arg){\nvar s=function(){\"use strict\";function t(t){return t&&t.__esModule&&Object.prototype.hasOwnProperty.call(t,\"default\")?t.default:t}var e=function(t){var e=(void 0===t?[]:t)[0],n=\"\",r=e.ownerDocument;if(!r)return n;for(var o=e;o!==r;){var a=Array.prototype.filter.call(o.parentNode.childNodes,(function(t){return t.tagName===o.tagName})).indexOf(o);n=\"/\"+o.tagName+\"[\"+(a+1)+\"]\"+n,o=o.parentNode}return n};return t((function(){var t,n,r;try{t=window.top.document===window.document||\"root-context\"===window.parent.document[\"applitools-marker\"]}catch(e){t=!1}try{n=!window.parent.document===window.document}catch(t){n=!0}if(!n)try{r=e([window.frameElement])}catch(t){r=null}return[document.documentElement,r,t,n]}))}();\nreturn s(arg)\n}).apply(null, arguments)",[null],"75895e03-7749-47e3-bc13-bf90a3ed7962"]
&amp#27;[38;5;66m[75895e03]&amp#27;[0m&amp#27;[38;5;112m[AndroidUiautomator2Driver@b341 (75895e03)]&amp#27;[0m Encountered internal error running command: UnknownCommandError: Unknown mobile command "return (function(arg){
&amp#27;[38;5;66m[75895e03]&amp#27;[0m&amp#27;[38;5;112m[AndroidUiautomator2Driver@b341 (75895e03)]&amp#27;[0m var s=function(){"use strict";function t(t){return t&&t.__esModule&&Object.prototype.hasOwnProperty.call(t,"default")?t.default:t}var e=function(t){var e=(void 0===t?[]:t)[0],n="",r=e.ownerDocument;if(!r)return n;for(var o=e;o!==r;){var a=Array.prototype.filter.call(o.parentNode.childNodes,(function(t){return t.tagName===o.tagName})).indexOf(o);n="/"+o.tagName+"["+(a+1)+"]"+n,o=o.parentNode}return n};return t((function(){var t,n,r;try{t=window.top.document===window.document||"root-context"===window.parent.document["applitools-marker"]}catch(e){t=!1}try{n=!window.parent.document===window.document}catch(t){n=!0}if(!n)try{r=e([window.frameElement])}catch(t){r=null}return[document.documentElement,r,t,n]}))}();
&amp#27;[38;5;66m[75895e03]&amp#27;[0m&amp#27;[38;5;112m[AndroidUiautomator2Driver@b341 (75895e03)]&amp#27;[0m return s(arg)
&amp#27;[38;5;66m[75895e03]&amp#27;[0m&amp#27;[38;5;112m[AndroidUiautomator2Driver@b341 (75895e03)]&amp#27;[0m }).apply(null, arguments)". Only shell, execEmuConsoleCommand, dragGesture, flingGesture, doubleClickGesture, clickGesture, longClickGesture, pinchCloseGesture, pinchOpenGesture, swipeGesture, scrollGesture, scrollBackTo, scroll, viewportScreenshot, viewportRect, deepLink, startLogsBroadcast, stopLogsBroadcast, deviceidle, acceptAlert, dismissAlert, batteryInfo, deviceInfo, getDeviceTime, changePermissions, getPermissions, performEditorAction, startScreenStreaming, stopScreenStreaming, getNotifications, openNotifications, listSms, type, replaceElementValue, pushFile, pullFile, pullFolder, deleteFile, isAppInstalled, queryAppState, activateApp, removeApp, terminateApp, installApp, clearApp, backgroundApp, getCurrentActivity, getCurrentPackage, startActivity, startService, stopService, broadcast, getContexts, getAppStrings, installMultipleApks, lock, unlock, isLocked, refreshGpsCache, startMediaProjectionRecording, isMediaProjectionRecordingRunning, stopMediaProjectionRecording, getConnectivity, setConnectivity, toggleGps, isGpsEnabled, hideKeyboard, isKeyboardShown, pressKey, getDisplayDensity, getSystemBars, fingerprint, sendSms, gsmCall, gsmSignal, gsmVoice, powerAc, powerCapacity, networkSpeed, sensorSet, getPerformanceData, getPerformanceDataTypes, statusBar, screenshots, scheduleAction, getActionHistory, unscheduleAction, getUiMode, setUiMode, sendTrimMemory commands are supported.
&amp#27;[38;5;66m[75895e03]&amp#27;[0m&amp#27;[38;5;112m[AndroidUiautomator2Driver@b341 (75895e03)]&amp#27;[0m     at AndroidUiautomator2Driver.executeMobile (/Users/oikhlas/.appium/node_modules/appium-uiautomator2-driver/lib/commands/execute.js:56:11)
&amp#27;[38;5;66m[75895e03]&amp#27;[0m&amp#27;[38;5;112m[AndroidUiautomator2Driver@b341 (75895e03)]&amp#27;[0m     at AndroidUiautomator2Driver.execute (/Users/oikhlas/.appium/node_modules/appium-uiautomator2-driver/lib/commands/execute.js:27:23)
&amp#27;[38;5;66m[75895e03]&amp#27;[0m&amp#27;[38;5;112m[AndroidUiautomator2Driver@b341 (75895e03)]&amp#27;[0m     at commandExecutor (/Users/oikhlas/node_modules/@appium/base-driver/lib/basedriver/driver.ts:107:18)
&amp#27;[38;5;66m[75895e03]&amp#27;[0m&amp#27;[38;5;112m[AndroidUiautomator2Driver@b341 (75895e03)]&amp#27;[0m     at /Users/oikhlas/node_modules/async-lock/lib/index.js:171:12
&amp#27;[38;5;66m[75895e03]&amp#27;[0m&amp#27;[38;5;112m[AndroidUiautomator2Driver@b341 (75895e03)]&amp#27;[0m     at AsyncLock._promiseTry (/Users/oikhlas/node_modules/async-lock/lib/index.js:304:31)
&amp#27;[38;5;66m[75895e03]&amp#27;[0m&amp#27;[38;5;112m[AndroidUiautomator2Driver@b341 (75895e03)]&amp#27;[0m     at exec (/Users/oikhlas/node_modules/async-lock/lib/index.js:170:9)
&amp#27;[38;5;66m[75895e03]&amp#27;[0m&amp#27;[38;5;112m[AndroidUiautomator2Driver@b341 (75895e03)]&amp#27;[0m     at AsyncLock.acquire (/Users/oikhlas/node_modules/async-lock/lib/index.js:187:3)
&amp#27;[38;5;66m[75895e03]&amp#27;[0m&amp#27;[38;5;112m[AndroidUiautomator2Driver@b341 (75895e03)]&amp#27;[0m     at AndroidUiautomator2Driver.executeCommand (/Users/oikhlas/node_modules/@appium/base-driver/lib/basedriver/driver.ts:123:39)
&amp#27;[38;5;66m[75895e03]&amp#27;[0m&amp#27;[38;5;112m[AndroidUiautomator2Driver@b341 (75895e03)]&amp#27;[0m     at processTicksAndRejections (node:internal/process/task_queues:95:5)
&amp#27;[38;5;66m[75895e03]&amp#27;[0m&amp#27;[38;5;112m[AndroidUiautomator2Driver@b341 (75895e03)]&amp#27;[0m     at defaultBehavior (/Users/oikhlas/.nvm/versions/node/v18.16.1/lib/node_modules/appium/lib/appium.js:1135:14)
&amp#27;[38;5;66m[75895e03]&amp#27;[0m&amp#27;[38;5;112m[AndroidUiautomator2Driver@b341 (75895e03)]&amp#27;[0m     at AppiumDriver.executeWrappedCommand (/Users/oikhlas/.nvm/versions/node/v18.16.1/lib/node_modules/appium/lib/appium.js:1241:16)
&amp#27;[38;5;66m[75895e03]&amp#27;[0m&amp#27;[38;5;112m[AndroidUiautomator2Driver@b341 (75895e03)]&amp#27;[0m     at AppiumDriver.executeCommand (/Users/oikhlas/.nvm/versions/node/v18.16.1/lib/node_modules/appium/lib/appium.js:1147:17)
&amp#27;[38;5;66m[75895e03]&amp#27;[0m&amp#27;[38;5;112m[AndroidUiautomator2Driver@b341 (75895e03)]&amp#27;[0m     at asyncHandler (/Users/oikhlas/.nvm/versions/node/v18.16.1/lib/node_modules/appium/node_modules/@appium/base-driver/lib/protocol/protocol.js:387:19)
&amp#27;[38;5;66m[75895e03]&amp#27;[0m&amp#27;[38;5;86m[HTTP]&amp#27;[0m <-- POST /session/75895e03-7749-47e3-bc13-bf90a3ed7962/execute/sync 404 3 ms - 5939 
&amp#27;[38;5;66m[75895e03]&amp#27;[0m&amp#27;[38;5;86m[HTTP]&amp#27;[0m &amp#27;[37m-->&amp#27;[39m &amp#27;[37mPOST&amp#27;[39m &amp#27;[37m/session/75895e03-7749-47e3-bc13-bf90a3ed7962/execute/sync&amp#27;[39m {"script":"return (function(arg){\nvar s=function(){\"use strict\";function t(t){return t&&t.__esModule&&Object.prototype.hasOwnProperty.call(t,\"default\")?t.default:t}var e=function(t){var e=(void 0===t?[]:t)[0],n=\"\",r=e.ownerDocument;if(!r)return n;for(var o=e;o!==r;){var a=Array.prototype.filter.call(o.parentNode.childNodes,(function(t){return t.tagName===o.tagName})).indexOf(o);n=\"/\"+o.tagName+\"[\"+(a+1)+\"]\"+n,o=o.parentNode}return n};return t((function(){var t,n,r;try{t=window.top.document===window.document||\"root-context\"===window.parent.document[\"applitools-marker\"]}catch(e){t=!1}try{n=!window.parent.document===window.document}catch(t){n=!0}if(!n)try{r=e([window.frameElement])}catch(t){r=null}return[document.documentElement,r,t,n]}))}();\nreturn s(arg)\n}).apply(null, arguments)","args":[null]}
&amp#27;[38;5;66m[75895e03]&amp#27;[0m&amp#27;[38;5;112m[AndroidUiautomator2Driver@b341 (75895e03)]&amp#27;[0m Calling AppiumDriver.execute() with args: ["return (function(arg){\nvar s=function(){\"use strict\";function t(t){return t&&t.__esModule&&Object.prototype.hasOwnProperty.call(t,\"default\")?t.default:t}var e=function(t){var e=(void 0===t?[]:t)[0],n=\"\",r=e.ownerDocument;if(!r)return n;for(var o=e;o!==r;){var a=Array.prototype.filter.call(o.parentNode.childNodes,(function(t){return t.tagName===o.tagName})).indexOf(o);n=\"/\"+o.tagName+\"[\"+(a+1)+\"]\"+n,o=o.parentNode}return n};return t((function(){var t,n,r;try{t=window.top.document===window.document||\"root-context\"===window.parent.document[\"applitools-marker\"]}catch(e){t=!1}try{n=!window.parent.document===window.document}catch(t){n=!0}if(!n)try{r=e([window.frameElement])}catch(t){r=null}return[document.documentElement,r,t,n]}))}();\nreturn s(arg)\n}).apply(null, arguments)",[null],"75895e03-7749-47e3-bc13-bf90a3ed7962"]
&amp#27;[38;5;66m[75895e03]&amp#27;[0m&amp#27;[38;5;112m[AndroidUiautomator2Driver@b341 (75895e03)]&amp#27;[0m Encountered internal error running command: UnknownCommandError: Unknown mobile command "return (function(arg){
&amp#27;[38;5;66m[75895e03]&amp#27;[0m&amp#27;[38;5;112m[AndroidUiautomator2Driver@b341 (75895e03)]&amp#27;[0m var s=function(){"use strict";function t(t){return t&&t.__esModule&&Object.prototype.hasOwnProperty.call(t,"default")?t.default:t}var e=function(t){var e=(void 0===t?[]:t)[0],n="",r=e.ownerDocument;if(!r)return n;for(var o=e;o!==r;){var a=Array.prototype.filter.call(o.parentNode.childNodes,(function(t){return t.tagName===o.tagName})).indexOf(o);n="/"+o.tagName+"["+(a+1)+"]"+n,o=o.parentNode}return n};return t((function(){var t,n,r;try{t=window.top.document===window.document||"root-context"===window.parent.document["applitools-marker"]}catch(e){t=!1}try{n=!window.parent.document===window.document}catch(t){n=!0}if(!n)try{r=e([window.frameElement])}catch(t){r=null}return[document.documentElement,r,t,n]}))}();
&amp#27;[38;5;66m[75895e03]&amp#27;[0m&amp#27;[38;5;112m[AndroidUiautomator2Driver@b341 (75895e03)]&amp#27;[0m return s(arg)
&amp#27;[38;5;66m[75895e03]&amp#27;[0m&amp#27;[38;5;112m[AndroidUiautomator2Driver@b341 (75895e03)]&amp#27;[0m }).apply(null, arguments)". Only shell, execEmuConsoleCommand, dragGesture, flingGesture, doubleClickGesture, clickGesture, longClickGesture, pinchCloseGesture, pinchOpenGesture, swipeGesture, scrollGesture, scrollBackTo, scroll, viewportScreenshot, viewportRect, deepLink, startLogsBroadcast, stopLogsBroadcast, deviceidle, acceptAlert, dismissAlert, batteryInfo, deviceInfo, getDeviceTime, changePermissions, getPermissions, performEditorAction, startScreenStreaming, stopScreenStreaming, getNotifications, openNotifications, listSms, type, replaceElementValue, pushFile, pullFile, pullFolder, deleteFile, isAppInstalled, queryAppState, activateApp, removeApp, terminateApp, installApp, clearApp, backgroundApp, getCurrentActivity, getCurrentPackage, startActivity, startService, stopService, broadcast, getContexts, getAppStrings, installMultipleApks, lock, unlock, isLocked, refreshGpsCache, startMediaProjectionRecording, isMediaProjectionRecordingRunning, stopMediaProjectionRecording, getConnectivity, setConnectivity, toggleGps, isGpsEnabled, hideKeyboard, isKeyboardShown, pressKey, getDisplayDensity, getSystemBars, fingerprint, sendSms, gsmCall, gsmSignal, gsmVoice, powerAc, powerCapacity, networkSpeed, sensorSet, getPerformanceData, getPerformanceDataTypes, statusBar, screenshots, scheduleAction, getActionHistory, unscheduleAction, getUiMode, setUiMode, sendTrimMemory commands are supported.
&amp#27;[38;5;66m[75895e03]&amp#27;[0m&amp#27;[38;5;112m[AndroidUiautomator2Driver@b341 (75895e03)]&amp#27;[0m     at AndroidUiautomator2Driver.executeMobile (/Users/oikhlas/.appium/node_modules/appium-uiautomator2-driver/lib/commands/execute.js:56:11)
&amp#27;[38;5;66m[75895e03]&amp#27;[0m&amp#27;[38;5;112m[AndroidUiautomator2Driver@b341 (75895e03)]&amp#27;[0m     at AndroidUiautomator2Driver.execute (/Users/oikhlas/.appium/node_modules/appium-uiautomator2-driver/lib/commands/execute.js:27:23)
&amp#27;[38;5;66m[75895e03]&amp#27;[0m&amp#27;[38;5;112m[AndroidUiautomator2Driver@b341 (75895e03)]&amp#27;[0m     at commandExecutor (/Users/oikhlas/node_modules/@appium/base-driver/lib/basedriver/driver.ts:107:18)
&amp#27;[38;5;66m[75895e03]&amp#27;[0m&amp#27;[38;5;112m[AndroidUiautomator2Driver@b341 (75895e03)]&amp#27;[0m     at /Users/oikhlas/node_modules/async-lock/lib/index.js:171:12
&amp#27;[38;5;66m[75895e03]&amp#27;[0m&amp#27;[38;5;112m[AndroidUiautomator2Driver@b341 (75895e03)]&amp#27;[0m     at AsyncLock._promiseTry (/Users/oikhlas/node_modules/async-lock/lib/index.js:304:31)
&amp#27;[38;5;66m[75895e03]&amp#27;[0m&amp#27;[38;5;112m[AndroidUiautomator2Driver@b341 (75895e03)]&amp#27;[0m     at exec (/Users/oikhlas/node_modules/async-lock/lib/index.js:170:9)
&amp#27;[38;5;66m[75895e03]&amp#27;[0m&amp#27;[38;5;112m[AndroidUiautomator2Driver@b341 (75895e03)]&amp#27;[0m     at AsyncLock.acquire (/Users/oikhlas/node_modules/async-lock/lib/index.js:187:3)
&amp#27;[38;5;66m[75895e03]&amp#27;[0m&amp#27;[38;5;112m[AndroidUiautomator2Driver@b341 (75895e03)]&amp#27;[0m     at AndroidUiautomator2Driver.executeCommand (/Users/oikhlas/node_modules/@appium/base-driver/lib/basedriver/driver.ts:123:39)
&amp#27;[38;5;66m[75895e03]&amp#27;[0m&amp#27;[38;5;112m[AndroidUiautomator2Driver@b341 (75895e03)]&amp#27;[0m     at processTicksAndRejections (node:internal/process/task_queues:95:5)
&amp#27;[38;5;66m[75895e03]&amp#27;[0m&amp#27;[38;5;112m[AndroidUiautomator2Driver@b341 (75895e03)]&amp#27;[0m     at defaultBehavior (/Users/oikhlas/.nvm/versions/node/v18.16.1/lib/node_modules/appium/lib/appium.js:1135:14)
&amp#27;[38;5;66m[75895e03]&amp#27;[0m&amp#27;[38;5;112m[AndroidUiautomator2Driver@b341 (75895e03)]&amp#27;[0m     at AppiumDriver.executeWrappedCommand (/Users/oikhlas/.nvm/versions/node/v18.16.1/lib/node_modules/appium/lib/appium.js:1241:16)
&amp#27;[38;5;66m[75895e03]&amp#27;[0m&amp#27;[38;5;112m[AndroidUiautomator2Driver@b341 (75895e03)]&amp#27;[0m     at AppiumDriver.executeCommand (/Users/oikhlas/.nvm/versions/node/v18.16.1/lib/node_modules/appium/lib/appium.js:1147:17)
&amp#27;[38;5;66m[75895e03]&amp#27;[0m&amp#27;[38;5;112m[AndroidUiautomator2Driver@b341 (75895e03)]&amp#27;[0m     at asyncHandler (/Users/oikhlas/.nvm/versions/node/v18.16.1/lib/node_modules/appium/node_modules/@appium/base-driver/lib/protocol/protocol.js:387:19)
&amp#27;[38;5;66m[75895e03]&amp#27;[0m&amp#27;[38;5;86m[HTTP]&amp#27;[0m <-- POST /session/75895e03-7749-47e3-bc13-bf90a3ed7962/execute/sync 404 2 ms - 5939 
&amp#27;[38;5;66m[75895e03]&amp#27;[0m&amp#27;[38;5;86m[HTTP]&amp#27;[0m &amp#27;[37m-->&amp#27;[39m &amp#27;[37mGET&amp#27;[39m &amp#27;[37m/session/75895e03-7749-47e3-bc13-bf90a3ed7962/context&amp#27;[39m {}
&amp#27;[38;5;66m[75895e03]&amp#27;[0m&amp#27;[38;5;112m[AndroidUiautomator2Driver@b341 (75895e03)]&amp#27;[0m Calling AppiumDriver.getCurrentContext() with args: ["75895e03-7749-47e3-bc13-bf90a3ed7962"]
&amp#27;[38;5;66m[75895e03]&amp#27;[0m&amp#27;[38;5;112m[AndroidUiautomator2Driver@b341 (75895e03)]&amp#27;[0m Responding to client with driver.getCurrentContext() result: "NATIVE_APP"
&amp#27;[38;5;66m[75895e03]&amp#27;[0m&amp#27;[38;5;86m[HTTP]&amp#27;[0m <-- GET /session/75895e03-7749-47e3-bc13-bf90a3ed7962/context 200 1 ms - 22 
&amp#27;[38;5;66m[75895e03]&amp#27;[0m&amp#27;[38;5;86m[HTTP]&amp#27;[0m &amp#27;[37m-->&amp#27;[39m &amp#27;[37mPOST&amp#27;[39m &amp#27;[37m/session/75895e03-7749-47e3-bc13-bf90a3ed7962/element&amp#27;[39m {"using":"xpath","value":"//*[@scrollable=\"true\"]"}
&amp#27;[38;5;66m[75895e03]&amp#27;[0m&amp#27;[38;5;112m[AndroidUiautomator2Driver@b341 (75895e03)]&amp#27;[0m Calling AppiumDriver.findElement() with args: ["xpath","//*[@scrollable=\"true\"]","75895e03-7749-47e3-bc13-bf90a3ed7962"]
&amp#27;[38;5;66m[75895e03]&amp#27;[0m&amp#27;[38;5;112m[AndroidUiautomator2Driver@b341 (75895e03)]&amp#27;[0m Valid locator strategies for this request: xpath, id, class name, accessibility id, css selector, -android uiautomator
&amp#27;[38;5;66m[75895e03]&amp#27;[0m&amp#27;[38;5;112m[AndroidUiautomator2Driver@b341 (75895e03)]&amp#27;[0m Waiting up to 20000 ms for condition
&amp#27;[38;5;66m[75895e03]&amp#27;[0m&amp#27;[38;5;112m[AndroidUiautomator2Driver@b341 (75895e03)]&amp#27;[0m Matched '/element' to command name 'findElement'
&amp#27;[38;5;66m[75895e03]&amp#27;[0m&amp#27;[38;5;112m[AndroidUiautomator2Driver@b341 (75895e03)]&amp#27;[0m Proxying [POST /element] to [POST http://127.0.0.1:8200/session/9a29d941-f2de-44a0-9e8c-b573902f2815/element] with body: {"strategy":"-android uiautomator","selector":"new UiSelector().scrollable(true)","context":"","multiple":false}
&amp#27;[38;5;66m[75895e03]&amp#27;[0m&amp#27;[38;5;112m[AndroidUiautomator2Driver@b341 (75895e03)]&amp#27;[0m Got response with status 404: {"sessionId":"9a29d941-f2de-44a0-9e8c-b573902f2815","value":{"error":"no such element","message":"An element could not be located on the page using the given search parameters","stacktrace":"io.appium.uiautomator2.common.exceptions.ElementNotFoundException: An element could not be located on the page using the given search parameters\n\tat io.appium.uiautomator2.handler.FindElement.safeHandle(FindElement.java:63)\n\tat io.appium.uiautomator2.handler.request.SafeRequestHandler.handle(SafeRequestHandler.java:59)\n\tat io.appium.uiautomator2.server.AppiumServlet.handleRequest(AppiumServlet.java:277)\n\tat io.appium.uiautomator2.server.AppiumServlet.handleHttpRequest(AppiumServlet.java:271)\n\tat io.appium.uiautomator2.http.ServerHandler.channelRead(ServerHandler.java:77)\n\tat io.netty.channel.AbstractChannelHandlerContext.invokeChannelRead(AbstractChannelHandlerContext.java:366)\n\tat io.netty.channel.AbstractChannelHandlerContext.invokeChannelRead(AbstractChannelHandlerContext.java:352)\n\tat io.netty.chann...
&amp#27;[38;5;66m[75895e03]&amp#27;[0m&amp#27;[38;5;123m[W3C]&amp#27;[0m Matched W3C error code 'no such element' to NoSuchElementError
&amp#27;[38;5;66m[75895e03]&amp#27;[0m&amp#27;[38;5;112m[AndroidUiautomator2Driver@b341 (75895e03)]&amp#27;[0m Waited for 391 ms so far
&amp#27;[38;5;66m[75895e03]&amp#27;[0m&amp#27;[38;5;112m[AndroidUiautomator2Driver@b341 (75895e03)]&amp#27;[0m Matched '/element' to command name 'findElement'
&amp#27;[38;5;66m[75895e03]&amp#27;[0m&amp#27;[38;5;112m[AndroidUiautomator2Driver@b341 (75895e03)]&amp#27;[0m Proxying [POST /element] to [POST http://127.0.0.1:8200/session/9a29d941-f2de-44a0-9e8c-b573902f2815/element] with body: {"strategy":"-android uiautomator","selector":"new UiSelector().scrollable(true)","context":"","multiple":false}
&amp#27;[38;5;66m[75895e03]&amp#27;[0m&amp#27;[38;5;112m[AndroidUiautomator2Driver@b341 (75895e03)]&amp#27;[0m Got response with status 404: {"sessionId":"9a29d941-f2de-44a0-9e8c-b573902f2815","value":{"error":"no such element","message":"An element could not be located on the page using the given search parameters","stacktrace":"io.appium.uiautomator2.common.exceptions.ElementNotFoundException: An element could not be located on the page using the given search parameters\n\tat io.appium.uiautomator2.handler.FindElement.safeHandle(FindElement.java:63)\n\tat io.appium.uiautomator2.handler.request.SafeRequestHandler.handle(SafeRequestHandler.java:59)\n\tat io.appium.uiautomator2.server.AppiumServlet.handleRequest(AppiumServlet.java:277)\n\tat io.appium.uiautomator2.server.AppiumServlet.handleHttpRequest(AppiumServlet.java:271)\n\tat io.appium.uiautomator2.http.ServerHandler.channelRead(ServerHandler.java:77)\n\tat io.netty.channel.AbstractChannelHandlerContext.invokeChannelRead(AbstractChannelHandlerContext.java:366)\n\tat io.netty.channel.AbstractChannelHandlerContext.invokeChannelRead(AbstractChannelHandlerContext.java:352)\n\tat io.netty.chann...
&amp#27;[38;5;66m[75895e03]&amp#27;[0m&amp#27;[38;5;123m[W3C]&amp#27;[0m Matched W3C error code 'no such element' to NoSuchElementError
&amp#27;[38;5;66m[75895e03]&amp#27;[0m&amp#27;[38;5;112m[AndroidUiautomator2Driver@b341 (75895e03)]&amp#27;[0m Waited for 973 ms so far
&amp#27;[38;5;66m[75895e03]&amp#27;[0m&amp#27;[38;5;112m[AndroidUiautomator2Driver@b341 (75895e03)]&amp#27;[0m Matched '/element' to command name 'findElement'
&amp#27;[38;5;66m[75895e03]&amp#27;[0m&amp#27;[38;5;112m[AndroidUiautomator2Driver@b341 (75895e03)]&amp#27;[0m Proxying [POST /element] to [POST http://127.0.0.1:8200/session/9a29d941-f2de-44a0-9e8c-b573902f2815/element] with body: {"strategy":"-android uiautomator","selector":"new UiSelector().scrollable(true)","context":"","multiple":false}
&amp#27;[38;5;66m[75895e03]&amp#27;[0m&amp#27;[38;5;112m[AndroidUiautomator2Driver@b341 (75895e03)]&amp#27;[0m Got response with status 404: {"sessionId":"9a29d941-f2de-44a0-9e8c-b573902f2815","value":{"error":"no such element","message":"An element could not be located on the page using the given search parameters","stacktrace":"io.appium.uiautomator2.common.exceptions.ElementNotFoundException: An element could not be located on the page using the given search parameters\n\tat io.appium.uiautomator2.handler.FindElement.safeHandle(FindElement.java:63)\n\tat io.appium.uiautomator2.handler.request.SafeRequestHandler.handle(SafeRequestHandler.java:59)\n\tat io.appium.uiautomator2.server.AppiumServlet.handleRequest(AppiumServlet.java:277)\n\tat io.appium.uiautomator2.server.AppiumServlet.handleHttpRequest(AppiumServlet.java:271)\n\tat io.appium.uiautomator2.http.ServerHandler.channelRead(ServerHandler.java:77)\n\tat io.netty.channel.AbstractChannelHandlerContext.invokeChannelRead(AbstractChannelHandlerContext.java:366)\n\tat io.netty.channel.AbstractChannelHandlerContext.invokeChannelRead(AbstractChannelHandlerContext.java:352)\n\tat io.netty.chann...
&amp#27;[38;5;66m[75895e03]&amp#27;[0m&amp#27;[38;5;123m[W3C]&amp#27;[0m Matched W3C error code 'no such element' to NoSuchElementError
&amp#27;[38;5;66m[75895e03]&amp#27;[0m&amp#27;[38;5;112m[AndroidUiautomator2Driver@b341 (75895e03)]&amp#27;[0m Waited for 1557 ms so far
&amp#27;[38;5;66m[75895e03]&amp#27;[0m&amp#27;[38;5;112m[AndroidUiautomator2Driver@b341 (75895e03)]&amp#27;[0m Matched '/element' to command name 'findElement'
&amp#27;[38;5;66m[75895e03]&amp#27;[0m&amp#27;[38;5;112m[AndroidUiautomator2Driver@b341 (75895e03)]&amp#27;[0m Proxying [POST /element] to [POST http://127.0.0.1:8200/session/9a29d941-f2de-44a0-9e8c-b573902f2815/element] with body: {"strategy":"-android uiautomator","selector":"new UiSelector().scrollable(true)","context":"","multiple":false}
&amp#27;[38;5;66m[75895e03]&amp#27;[0m&amp#27;[38;5;112m[AndroidUiautomator2Driver@b341 (75895e03)]&amp#27;[0m Got response with status 404: {"sessionId":"9a29d941-f2de-44a0-9e8c-b573902f2815","value":{"error":"no such element","message":"An element could not be located on the page using the given search parameters","stacktrace":"io.appium.uiautomator2.common.exceptions.ElementNotFoundException: An element could not be located on the page using the given search parameters\n\tat io.appium.uiautomator2.handler.FindElement.safeHandle(FindElement.java:63)\n\tat io.appium.uiautomator2.handler.request.SafeRequestHandler.handle(SafeRequestHandler.java:59)\n\tat io.appium.uiautomator2.server.AppiumServlet.handleRequest(AppiumServlet.java:277)\n\tat io.appium.uiautomator2.server.AppiumServlet.handleHttpRequest(AppiumServlet.java:271)\n\tat io.appium.uiautomator2.http.ServerHandler.channelRead(ServerHandler.java:77)\n\tat io.netty.channel.AbstractChannelHandlerContext.invokeChannelRead(AbstractChannelHandlerContext.java:366)\n\tat io.netty.channel.AbstractChannelHandlerContext.invokeChannelRead(AbstractChannelHandlerContext.java:352)\n\tat io.netty.chann...
&amp#27;[38;5;66m[75895e03]&amp#27;[0m&amp#27;[38;5;123m[W3C]&amp#27;[0m Matched W3C error code 'no such element' to NoSuchElementError
&amp#27;[38;5;66m[75895e03]&amp#27;[0m&amp#27;[38;5;112m[AndroidUiautomator2Driver@b341 (75895e03)]&amp#27;[0m Waited for 2174 ms so far
&amp#27;[38;5;66m[75895e03]&amp#27;[0m&amp#27;[38;5;112m[AndroidUiautomator2Driver@b341 (75895e03)]&amp#27;[0m Matched '/element' to command name 'findElement'
&amp#27;[38;5;66m[75895e03]&amp#27;[0m&amp#27;[38;5;112m[AndroidUiautomator2Driver@b341 (75895e03)]&amp#27;[0m Proxying [POST /element] to [POST http://127.0.0.1:8200/session/9a29d941-f2de-44a0-9e8c-b573902f2815/element] with body: {"strategy":"-android uiautomator","selector":"new UiSelector().scrollable(true)","context":"","multiple":false}
&amp#27;[38;5;66m[75895e03]&amp#27;[0m&amp#27;[38;5;112m[AndroidUiautomator2Driver@b341 (75895e03)]&amp#27;[0m Got response with status 404: {"sessionId":"9a29d941-f2de-44a0-9e8c-b573902f2815","value":{"error":"no such element","message":"An element could not be located on the page using the given search parameters","stacktrace":"io.appium.uiautomator2.common.exceptions.ElementNotFoundException: An element could not be located on the page using the given search parameters\n\tat io.appium.uiautomator2.handler.FindElement.safeHandle(FindElement.java:63)\n\tat io.appium.uiautomator2.handler.request.SafeRequestHandler.handle(SafeRequestHandler.java:59)\n\tat io.appium.uiautomator2.server.AppiumServlet.handleRequest(AppiumServlet.java:277)\n\tat io.appium.uiautomator2.server.AppiumServlet.handleHttpRequest(AppiumServlet.java:271)\n\tat io.appium.uiautomator2.http.ServerHandler.channelRead(ServerHandler.java:77)\n\tat io.netty.channel.AbstractChannelHandlerContext.invokeChannelRead(AbstractChannelHandlerContext.java:366)\n\tat io.netty.channel.AbstractChannelHandlerContext.invokeChannelRead(AbstractChannelHandlerContext.java:352)\n\tat io.netty.chann...
&amp#27;[38;5;66m[75895e03]&amp#27;[0m&amp#27;[38;5;123m[W3C]&amp#27;[0m Matched W3C error code 'no such element' to NoSuchElementError
&amp#27;[38;5;66m[75895e03]&amp#27;[0m&amp#27;[38;5;112m[AndroidUiautomator2Driver@b341 (75895e03)]&amp#27;[0m Waited for 2786 ms so far
&amp#27;[38;5;66m[75895e03]&amp#27;[0m&amp#27;[38;5;112m[AndroidUiautomator2Driver@b341 (75895e03)]&amp#27;[0m Matched '/element' to command name 'findElement'
&amp#27;[38;5;66m[75895e03]&amp#27;[0m&amp#27;[38;5;112m[AndroidUiautomator2Driver@b341 (75895e03)]&amp#27;[0m Proxying [POST /element] to [POST http://127.0.0.1:8200/session/9a29d941-f2de-44a0-9e8c-b573902f2815/element] with body: {"strategy":"-android uiautomator","selector":"new UiSelector().scrollable(true)","context":"","multiple":false}
&amp#27;[38;5;66m[75895e03]&amp#27;[0m&amp#27;[38;5;112m[AndroidUiautomator2Driver@b341 (75895e03)]&amp#27;[0m Got response with status 404: {"sessionId":"9a29d941-f2de-44a0-9e8c-b573902f2815","value":{"error":"no such element","message":"An element could not be located on the page using the given search parameters","stacktrace":"io.appium.uiautomator2.common.exceptions.ElementNotFoundException: An element could not be located on the page using the given search parameters\n\tat io.appium.uiautomator2.handler.FindElement.safeHandle(FindElement.java:63)\n\tat io.appium.uiautomator2.handler.request.SafeRequestHandler.handle(SafeRequestHandler.java:59)\n\tat io.appium.uiautomator2.server.AppiumServlet.handleRequest(AppiumServlet.java:277)\n\tat io.appium.uiautomator2.server.AppiumServlet.handleHttpRequest(AppiumServlet.java:271)\n\tat io.appium.uiautomator2.http.ServerHandler.channelRead(ServerHandler.java:77)\n\tat io.netty.channel.AbstractChannelHandlerContext.invokeChannelRead(AbstractChannelHandlerContext.java:366)\n\tat io.netty.channel.AbstractChannelHandlerContext.invokeChannelRead(AbstractChannelHandlerContext.java:352)\n\tat io.netty.chann...
&amp#27;[38;5;66m[75895e03]&amp#27;[0m&amp#27;[38;5;123m[W3C]&amp#27;[0m Matched W3C error code 'no such element' to NoSuchElementError
&amp#27;[38;5;66m[75895e03]&amp#27;[0m&amp#27;[38;5;112m[AndroidUiautomator2Driver@b341 (75895e03)]&amp#27;[0m Waited for 3385 ms so far
&amp#27;[38;5;66m[75895e03]&amp#27;[0m&amp#27;[38;5;112m[AndroidUiautomator2Driver@b341 (75895e03)]&amp#27;[0m Matched '/element' to command name 'findElement'
&amp#27;[38;5;66m[75895e03]&amp#27;[0m&amp#27;[38;5;112m[AndroidUiautomator2Driver@b341 (75895e03)]&amp#27;[0m Proxying [POST /element] to [POST http://127.0.0.1:8200/session/9a29d941-f2de-44a0-9e8c-b573902f2815/element] with body: {"strategy":"-android uiautomator","selector":"new UiSelector().scrollable(true)","context":"","multiple":false}
&amp#27;[38;5;66m[75895e03]&amp#27;[0m&amp#27;[38;5;112m[AndroidUiautomator2Driver@b341 (75895e03)]&amp#27;[0m Got response with status 404: {"sessionId":"9a29d941-f2de-44a0-9e8c-b573902f2815","value":{"error":"no such element","message":"An element could not be located on the page using the given search parameters","stacktrace":"io.appium.uiautomator2.common.exceptions.ElementNotFoundException: An element could not be located on the page using the given search parameters\n\tat io.appium.uiautomator2.handler.FindElement.safeHandle(FindElement.java:63)\n\tat io.appium.uiautomator2.handler.request.SafeRequestHandler.handle(SafeRequestHandler.java:59)\n\tat io.appium.uiautomator2.server.AppiumServlet.handleRequest(AppiumServlet.java:277)\n\tat io.appium.uiautomator2.server.AppiumServlet.handleHttpRequest(AppiumServlet.java:271)\n\tat io.appium.uiautomator2.http.ServerHandler.channelRead(ServerHandler.java:77)\n\tat io.netty.channel.AbstractChannelHandlerContext.invokeChannelRead(AbstractChannelHandlerContext.java:366)\n\tat io.netty.channel.AbstractChannelHandlerContext.invokeChannelRead(AbstractChannelHandlerContext.java:352)\n\tat io.netty.chann...
&amp#27;[38;5;66m[75895e03]&amp#27;[0m&amp#27;[38;5;123m[W3C]&amp#27;[0m Matched W3C error code 'no such element' to NoSuchElementError
&amp#27;[38;5;66m[75895e03]&amp#27;[0m&amp#27;[38;5;112m[AndroidUiautomator2Driver@b341 (75895e03)]&amp#27;[0m Waited for 3958 ms so far
&amp#27;[38;5;66m[75895e03]&amp#27;[0m&amp#27;[38;5;112m[AndroidUiautomator2Driver@b341 (75895e03)]&amp#27;[0m Matched '/element' to command name 'findElement'
&amp#27;[38;5;66m[75895e03]&amp#27;[0m&amp#27;[38;5;112m[AndroidUiautomator2Driver@b341 (75895e03)]&amp#27;[0m Proxying [POST /element] to [POST http://127.0.0.1:8200/session/9a29d941-f2de-44a0-9e8c-b573902f2815/element] with body: {"strategy":"-android uiautomator","selector":"new UiSelector().scrollable(true)","context":"","multiple":false}
&amp#27;[38;5;66m[75895e03]&amp#27;[0m&amp#27;[38;5;112m[AndroidUiautomator2Driver@b341 (75895e03)]&amp#27;[0m Got response with status 404: {"sessionId":"9a29d941-f2de-44a0-9e8c-b573902f2815","value":{"error":"no such element","message":"An element could not be located on the page using the given search parameters","stacktrace":"io.appium.uiautomator2.common.exceptions.ElementNotFoundException: An element could not be located on the page using the given search parameters\n\tat io.appium.uiautomator2.handler.FindElement.safeHandle(FindElement.java:63)\n\tat io.appium.uiautomator2.handler.request.SafeRequestHandler.handle(SafeRequestHandler.java:59)\n\tat io.appium.uiautomator2.server.AppiumServlet.handleRequest(AppiumServlet.java:277)\n\tat io.appium.uiautomator2.server.AppiumServlet.handleHttpRequest(AppiumServlet.java:271)\n\tat io.appium.uiautomator2.http.ServerHandler.channelRead(ServerHandler.java:77)\n\tat io.netty.channel.AbstractChannelHandlerContext.invokeChannelRead(AbstractChannelHandlerContext.java:366)\n\tat io.netty.channel.AbstractChannelHandlerContext.invokeChannelRead(AbstractChannelHandlerContext.java:352)\n\tat io.netty.chann...
&amp#27;[38;5;66m[75895e03]&amp#27;[0m&amp#27;[38;5;123m[W3C]&amp#27;[0m Matched W3C error code 'no such element' to NoSuchElementError
&amp#27;[38;5;66m[75895e03]&amp#27;[0m&amp#27;[38;5;112m[AndroidUiautomator2Driver@b341 (75895e03)]&amp#27;[0m Waited for 4539 ms so far
&amp#27;[38;5;66m[75895e03]&amp#27;[0m&amp#27;[38;5;112m[AndroidUiautomator2Driver@b341 (75895e03)]&amp#27;[0m Matched '/element' to command name 'findElement'
&amp#27;[38;5;66m[75895e03]&amp#27;[0m&amp#27;[38;5;112m[AndroidUiautomator2Driver@b341 (75895e03)]&amp#27;[0m Proxying [POST /element] to [POST http://127.0.0.1:8200/session/9a29d941-f2de-44a0-9e8c-b573902f2815/element] with body: {"strategy":"-android uiautomator","selector":"new UiSelector().scrollable(true)","context":"","multiple":false}
&amp#27;[38;5;66m[75895e03]&amp#27;[0m&amp#27;[38;5;112m[AndroidUiautomator2Driver@b341 (75895e03)]&amp#27;[0m Got response with status 404: {"sessionId":"9a29d941-f2de-44a0-9e8c-b573902f2815","value":{"error":"no such element","message":"An element could not be located on the page using the given search parameters","stacktrace":"io.appium.uiautomator2.common.exceptions.ElementNotFoundException: An element could not be located on the page using the given search parameters\n\tat io.appium.uiautomator2.handler.FindElement.safeHandle(FindElement.java:63)\n\tat io.appium.uiautomator2.handler.request.SafeRequestHandler.handle(SafeRequestHandler.java:59)\n\tat io.appium.uiautomator2.server.AppiumServlet.handleRequest(AppiumServlet.java:277)\n\tat io.appium.uiautomator2.server.AppiumServlet.handleHttpRequest(AppiumServlet.java:271)\n\tat io.appium.uiautomator2.http.ServerHandler.channelRead(ServerHandler.java:77)\n\tat io.netty.channel.AbstractChannelHandlerContext.invokeChannelRead(AbstractChannelHandlerContext.java:366)\n\tat io.netty.channel.AbstractChannelHandlerContext.invokeChannelRead(AbstractChannelHandlerContext.java:352)\n\tat io.netty.chann...
&amp#27;[38;5;66m[75895e03]&amp#27;[0m&amp#27;[38;5;123m[W3C]&amp#27;[0m Matched W3C error code 'no such element' to NoSuchElementError
&amp#27;[38;5;66m[75895e03]&amp#27;[0m&amp#27;[38;5;112m[AndroidUiautomator2Driver@b341 (75895e03)]&amp#27;[0m Waited for 5148 ms so far
&amp#27;[38;5;66m[75895e03]&amp#27;[0m&amp#27;[38;5;112m[AndroidUiautomator2Driver@b341 (75895e03)]&amp#27;[0m Matched '/element' to command name 'findElement'
&amp#27;[38;5;66m[75895e03]&amp#27;[0m&amp#27;[38;5;112m[AndroidUiautomator2Driver@b341 (75895e03)]&amp#27;[0m Proxying [POST /element] to [POST http://127.0.0.1:8200/session/9a29d941-f2de-44a0-9e8c-b573902f2815/element] with body: {"strategy":"-android uiautomator","selector":"new UiSelector().scrollable(true)","context":"","multiple":false}
&amp#27;[38;5;66m[75895e03]&amp#27;[0m&amp#27;[38;5;112m[AndroidUiautomator2Driver@b341 (75895e03)]&amp#27;[0m Got response with status 404: {"sessionId":"9a29d941-f2de-44a0-9e8c-b573902f2815","value":{"error":"no such element","message":"An element could not be located on the page using the given search parameters","stacktrace":"io.appium.uiautomator2.common.exceptions.ElementNotFoundException: An element could not be located on the page using the given search parameters\n\tat io.appium.uiautomator2.handler.FindElement.safeHandle(FindElement.java:63)\n\tat io.appium.uiautomator2.handler.request.SafeRequestHandler.handle(SafeRequestHandler.java:59)\n\tat io.appium.uiautomator2.server.AppiumServlet.handleRequest(AppiumServlet.java:277)\n\tat io.appium.uiautomator2.server.AppiumServlet.handleHttpRequest(AppiumServlet.java:271)\n\tat io.appium.uiautomator2.http.ServerHandler.channelRead(ServerHandler.java:77)\n\tat io.netty.channel.AbstractChannelHandlerContext.invokeChannelRead(AbstractChannelHandlerContext.java:366)\n\tat io.netty.channel.AbstractChannelHandlerContext.invokeChannelRead(AbstractChannelHandlerContext.java:352)\n\tat io.netty.chann...
&amp#27;[38;5;66m[75895e03]&amp#27;[0m&amp#27;[38;5;123m[W3C]&amp#27;[0m Matched W3C error code 'no such element' to NoSuchElementError
&amp#27;[38;5;66m[75895e03]&amp#27;[0m&amp#27;[38;5;112m[AndroidUiautomator2Driver@b341 (75895e03)]&amp#27;[0m Waited for 5722 ms so far
&amp#27;[38;5;66m[75895e03]&amp#27;[0m&amp#27;[38;5;112m[AndroidUiautomator2Driver@b341 (75895e03)]&amp#27;[0m Matched '/element' to command name 'findElement'
&amp#27;[38;5;66m[75895e03]&amp#27;[0m&amp#27;[38;5;112m[AndroidUiautomator2Driver@b341 (75895e03)]&amp#27;[0m Proxying [POST /element] to [POST http://127.0.0.1:8200/session/9a29d941-f2de-44a0-9e8c-b573902f2815/element] with body: {"strategy":"-android uiautomator","selector":"new UiSelector().scrollable(true)","context":"","multiple":false}
&amp#27;[38;5;66m[75895e03]&amp#27;[0m&amp#27;[38;5;112m[AndroidUiautomator2Driver@b341 (75895e03)]&amp#27;[0m Got response with status 404: {"sessionId":"9a29d941-f2de-44a0-9e8c-b573902f2815","value":{"error":"no such element","message":"An element could not be located on the page using the given search parameters","stacktrace":"io.appium.uiautomator2.common.exceptions.ElementNotFoundException: An element could not be located on the page using the given search parameters\n\tat io.appium.uiautomator2.handler.FindElement.safeHandle(FindElement.java:63)\n\tat io.appium.uiautomator2.handler.request.SafeRequestHandler.handle(SafeRequestHandler.java:59)\n\tat io.appium.uiautomator2.server.AppiumServlet.handleRequest(AppiumServlet.java:277)\n\tat io.appium.uiautomator2.server.AppiumServlet.handleHttpRequest(AppiumServlet.java:271)\n\tat io.appium.uiautomator2.http.ServerHandler.channelRead(ServerHandler.java:77)\n\tat io.netty.channel.AbstractChannelHandlerContext.invokeChannelRead(AbstractChannelHandlerContext.java:366)\n\tat io.netty.channel.AbstractChannelHandlerContext.invokeChannelRead(AbstractChannelHandlerContext.java:352)\n\tat io.netty.chann...
&amp#27;[38;5;66m[75895e03]&amp#27;[0m&amp#27;[38;5;123m[W3C]&amp#27;[0m Matched W3C error code 'no such element' to NoSuchElementError
&amp#27;[38;5;66m[75895e03]&amp#27;[0m&amp#27;[38;5;112m[AndroidUiautomator2Driver@b341 (75895e03)]&amp#27;[0m Waited for 6301 ms so far
&amp#27;[38;5;66m[75895e03]&amp#27;[0m&amp#27;[38;5;112m[AndroidUiautomator2Driver@b341 (75895e03)]&amp#27;[0m Matched '/element' to command name 'findElement'
&amp#27;[38;5;66m[75895e03]&amp#27;[0m&amp#27;[38;5;112m[AndroidUiautomator2Driver@b341 (75895e03)]&amp#27;[0m Proxying [POST /element] to [POST http://127.0.0.1:8200/session/9a29d941-f2de-44a0-9e8c-b573902f2815/element] with body: {"strategy":"-android uiautomator","selector":"new UiSelector().scrollable(true)","context":"","multiple":false}
&amp#27;[38;5;66m[75895e03]&amp#27;[0m&amp#27;[38;5;112m[AndroidUiautomator2Driver@b341 (75895e03)]&amp#27;[0m Got response with status 404: {"sessionId":"9a29d941-f2de-44a0-9e8c-b573902f2815","value":{"error":"no such element","message":"An element could not be located on the page using the given search parameters","stacktrace":"io.appium.uiautomator2.common.exceptions.ElementNotFoundException: An element could not be located on the page using the given search parameters\n\tat io.appium.uiautomator2.handler.FindElement.safeHandle(FindElement.java:63)\n\tat io.appium.uiautomator2.handler.request.SafeRequestHandler.handle(SafeRequestHandler.java:59)\n\tat io.appium.uiautomator2.server.AppiumServlet.handleRequest(AppiumServlet.java:277)\n\tat io.appium.uiautomator2.server.AppiumServlet.handleHttpRequest(AppiumServlet.java:271)\n\tat io.appium.uiautomator2.http.ServerHandler.channelRead(ServerHandler.java:77)\n\tat io.netty.channel.AbstractChannelHandlerContext.invokeChannelRead(AbstractChannelHandlerContext.java:366)\n\tat io.netty.channel.AbstractChannelHandlerContext.invokeChannelRead(AbstractChannelHandlerContext.java:352)\n\tat io.netty.chann...
&amp#27;[38;5;66m[75895e03]&amp#27;[0m&amp#27;[38;5;123m[W3C]&amp#27;[0m Matched W3C error code 'no such element' to NoSuchElementError
&amp#27;[38;5;66m[75895e03]&amp#27;[0m&amp#27;[38;5;112m[AndroidUiautomator2Driver@b341 (75895e03)]&amp#27;[0m Waited for 6876 ms so far
&amp#27;[38;5;66m[75895e03]&amp#27;[0m&amp#27;[38;5;112m[AndroidUiautomator2Driver@b341 (75895e03)]&amp#27;[0m Matched '/element' to command name 'findElement'
&amp#27;[38;5;66m[75895e03]&amp#27;[0m&amp#27;[38;5;112m[AndroidUiautomator2Driver@b341 (75895e03)]&amp#27;[0m Proxying [POST /element] to [POST http://127.0.0.1:8200/session/9a29d941-f2de-44a0-9e8c-b573902f2815/element] with body: {"strategy":"-android uiautomator","selector":"new UiSelector().scrollable(true)","context":"","multiple":false}
&amp#27;[38;5;66m[75895e03]&amp#27;[0m&amp#27;[38;5;112m[AndroidUiautomator2Driver@b341 (75895e03)]&amp#27;[0m Got response with status 404: {"sessionId":"9a29d941-f2de-44a0-9e8c-b573902f2815","value":{"error":"no such element","message":"An element could not be located on the page using the given search parameters","stacktrace":"io.appium.uiautomator2.common.exceptions.ElementNotFoundException: An element could not be located on the page using the given search parameters\n\tat io.appium.uiautomator2.handler.FindElement.safeHandle(FindElement.java:63)\n\tat io.appium.uiautomator2.handler.request.SafeRequestHandler.handle(SafeRequestHandler.java:59)\n\tat io.appium.uiautomator2.server.AppiumServlet.handleRequest(AppiumServlet.java:277)\n\tat io.appium.uiautomator2.server.AppiumServlet.handleHttpRequest(AppiumServlet.java:271)\n\tat io.appium.uiautomator2.http.ServerHandler.channelRead(ServerHandler.java:77)\n\tat io.netty.channel.AbstractChannelHandlerContext.invokeChannelRead(AbstractChannelHandlerContext.java:366)\n\tat io.netty.channel.AbstractChannelHandlerContext.invokeChannelRead(AbstractChannelHandlerContext.java:352)\n\tat io.netty.chann...
&amp#27;[38;5;66m[75895e03]&amp#27;[0m&amp#27;[38;5;123m[W3C]&amp#27;[0m Matched W3C error code 'no such element' to NoSuchElementError
&amp#27;[38;5;66m[75895e03]&amp#27;[0m&amp#27;[38;5;112m[AndroidUiautomator2Driver@b341 (75895e03)]&amp#27;[0m Waited for 7459 ms so far
&amp#27;[38;5;66m[75895e03]&amp#27;[0m&amp#27;[38;5;112m[AndroidUiautomator2Driver@b341 (75895e03)]&amp#27;[0m Matched '/element' to command name 'findElement'
&amp#27;[38;5;66m[75895e03]&amp#27;[0m&amp#27;[38;5;112m[AndroidUiautomator2Driver@b341 (75895e03)]&amp#27;[0m Proxying [POST /element] to [POST http://127.0.0.1:8200/session/9a29d941-f2de-44a0-9e8c-b573902f2815/element] with body: {"strategy":"-android uiautomator","selector":"new UiSelector().scrollable(true)","context":"","multiple":false}
&amp#27;[38;5;66m[75895e03]&amp#27;[0m&amp#27;[38;5;112m[AndroidUiautomator2Driver@b341 (75895e03)]&amp#27;[0m Got response with status 404: {"sessionId":"9a29d941-f2de-44a0-9e8c-b573902f2815","value":{"error":"no such element","message":"An element could not be located on the page using the given search parameters","stacktrace":"io.appium.uiautomator2.common.exceptions.ElementNotFoundException: An element could not be located on the page using the given search parameters\n\tat io.appium.uiautomator2.handler.FindElement.safeHandle(FindElement.java:63)\n\tat io.appium.uiautomator2.handler.request.SafeRequestHandler.handle(SafeRequestHandler.java:59)\n\tat io.appium.uiautomator2.server.AppiumServlet.handleRequest(AppiumServlet.java:277)\n\tat io.appium.uiautomator2.server.AppiumServlet.handleHttpRequest(AppiumServlet.java:271)\n\tat io.appium.uiautomator2.http.ServerHandler.channelRead(ServerHandler.java:77)\n\tat io.netty.channel.AbstractChannelHandlerContext.invokeChannelRead(AbstractChannelHandlerContext.java:366)\n\tat io.netty.channel.AbstractChannelHandlerContext.invokeChannelRead(AbstractChannelHandlerContext.java:352)\n\tat io.netty.chann...
&amp#27;[38;5;66m[75895e03]&amp#27;[0m&amp#27;[38;5;123m[W3C]&amp#27;[0m Matched W3C error code 'no such element' to NoSuchElementError
&amp#27;[38;5;66m[75895e03]&amp#27;[0m&amp#27;[38;5;112m[AndroidUiautomator2Driver@b341 (75895e03)]&amp#27;[0m Waited for 8041 ms so far
&amp#27;[38;5;66m[75895e03]&amp#27;[0m&amp#27;[38;5;112m[AndroidUiautomator2Driver@b341 (75895e03)]&amp#27;[0m Matched '/element' to command name 'findElement'
&amp#27;[38;5;66m[75895e03]&amp#27;[0m&amp#27;[38;5;112m[AndroidUiautomator2Driver@b341 (75895e03)]&amp#27;[0m Proxying [POST /element] to [POST http://127.0.0.1:8200/session/9a29d941-f2de-44a0-9e8c-b573902f2815/element] with body: {"strategy":"-android uiautomator","selector":"new UiSelector().scrollable(true)","context":"","multiple":false}
&amp#27;[38;5;66m[75895e03]&amp#27;[0m&amp#27;[38;5;112m[AndroidUiautomator2Driver@b341 (75895e03)]&amp#27;[0m Got response with status 404: {"sessionId":"9a29d941-f2de-44a0-9e8c-b573902f2815","value":{"error":"no such element","message":"An element could not be located on the page using the given search parameters","stacktrace":"io.appium.uiautomator2.common.exceptions.ElementNotFoundException: An element could not be located on the page using the given search parameters\n\tat io.appium.uiautomator2.handler.FindElement.safeHandle(FindElement.java:63)\n\tat io.appium.uiautomator2.handler.request.SafeRequestHandler.handle(SafeRequestHandler.java:59)\n\tat io.appium.uiautomator2.server.AppiumServlet.handleRequest(AppiumServlet.java:277)\n\tat io.appium.uiautomator2.server.AppiumServlet.handleHttpRequest(AppiumServlet.java:271)\n\tat io.appium.uiautomator2.http.ServerHandler.channelRead(ServerHandler.java:77)\n\tat io.netty.channel.AbstractChannelHandlerContext.invokeChannelRead(AbstractChannelHandlerContext.java:366)\n\tat io.netty.channel.AbstractChannelHandlerContext.invokeChannelRead(AbstractChannelHandlerContext.java:352)\n\tat io.netty.chann...
&amp#27;[38;5;66m[75895e03]&amp#27;[0m&amp#27;[38;5;123m[W3C]&amp#27;[0m Matched W3C error code 'no such element' to NoSuchElementError
&amp#27;[38;5;66m[75895e03]&amp#27;[0m&amp#27;[38;5;112m[AndroidUiautomator2Driver@b341 (75895e03)]&amp#27;[0m Waited for 8626 ms so far
&amp#27;[38;5;66m[75895e03]&amp#27;[0m&amp#27;[38;5;112m[AndroidUiautomator2Driver@b341 (75895e03)]&amp#27;[0m Matched '/element' to command name 'findElement'
&amp#27;[38;5;66m[75895e03]&amp#27;[0m&amp#27;[38;5;112m[AndroidUiautomator2Driver@b341 (75895e03)]&amp#27;[0m Proxying [POST /element] to [POST http://127.0.0.1:8200/session/9a29d941-f2de-44a0-9e8c-b573902f2815/element] with body: {"strategy":"-android uiautomator","selector":"new UiSelector().scrollable(true)","context":"","multiple":false}
&amp#27;[38;5;66m[75895e03]&amp#27;[0m&amp#27;[38;5;112m[AndroidUiautomator2Driver@b341 (75895e03)]&amp#27;[0m Got response with status 404: {"sessionId":"9a29d941-f2de-44a0-9e8c-b573902f2815","value":{"error":"no such element","message":"An element could not be located on the page using the given search parameters","stacktrace":"io.appium.uiautomator2.common.exceptions.ElementNotFoundException: An element could not be located on the page using the given search parameters\n\tat io.appium.uiautomator2.handler.FindElement.safeHandle(FindElement.java:63)\n\tat io.appium.uiautomator2.handler.request.SafeRequestHandler.handle(SafeRequestHandler.java:59)\n\tat io.appium.uiautomator2.server.AppiumServlet.handleRequest(AppiumServlet.java:277)\n\tat io.appium.uiautomator2.server.AppiumServlet.handleHttpRequest(AppiumServlet.java:271)\n\tat io.appium.uiautomator2.http.ServerHandler.channelRead(ServerHandler.java:77)\n\tat io.netty.channel.AbstractChannelHandlerContext.invokeChannelRead(AbstractChannelHandlerContext.java:366)\n\tat io.netty.channel.AbstractChannelHandlerContext.invokeChannelRead(AbstractChannelHandlerContext.java:352)\n\tat io.netty.chann...
&amp#27;[38;5;66m[75895e03]&amp#27;[0m&amp#27;[38;5;123m[W3C]&amp#27;[0m Matched W3C error code 'no such element' to NoSuchElementError
&amp#27;[38;5;66m[75895e03]&amp#27;[0m&amp#27;[38;5;112m[AndroidUiautomator2Driver@b341 (75895e03)]&amp#27;[0m Waited for 9205 ms so far
&amp#27;[38;5;66m[75895e03]&amp#27;[0m&amp#27;[38;5;112m[AndroidUiautomator2Driver@b341 (75895e03)]&amp#27;[0m Matched '/element' to command name 'findElement'
&amp#27;[38;5;66m[75895e03]&amp#27;[0m&amp#27;[38;5;112m[AndroidUiautomator2Driver@b341 (75895e03)]&amp#27;[0m Proxying [POST /element] to [POST http://127.0.0.1:8200/session/9a29d941-f2de-44a0-9e8c-b573902f2815/element] with body: {"strategy":"-android uiautomator","selector":"new UiSelector().scrollable(true)","context":"","multiple":false}
&amp#27;[38;5;66m[75895e03]&amp#27;[0m&amp#27;[38;5;112m[AndroidUiautomator2Driver@b341 (75895e03)]&amp#27;[0m Got response with status 404: {"sessionId":"9a29d941-f2de-44a0-9e8c-b573902f2815","value":{"error":"no such element","message":"An element could not be located on the page using the given search parameters","stacktrace":"io.appium.uiautomator2.common.exceptions.ElementNotFoundException: An element could not be located on the page using the given search parameters\n\tat io.appium.uiautomator2.handler.FindElement.safeHandle(FindElement.java:63)\n\tat io.appium.uiautomator2.handler.request.SafeRequestHandler.handle(SafeRequestHandler.java:59)\n\tat io.appium.uiautomator2.server.AppiumServlet.handleRequest(AppiumServlet.java:277)\n\tat io.appium.uiautomator2.server.AppiumServlet.handleHttpRequest(AppiumServlet.java:271)\n\tat io.appium.uiautomator2.http.ServerHandler.channelRead(ServerHandler.java:77)\n\tat io.netty.channel.AbstractChannelHandlerContext.invokeChannelRead(AbstractChannelHandlerContext.java:366)\n\tat io.netty.channel.AbstractChannelHandlerContext.invokeChannelRead(AbstractChannelHandlerContext.java:352)\n\tat io.netty.chann...
&amp#27;[38;5;66m[75895e03]&amp#27;[0m&amp#27;[38;5;123m[W3C]&amp#27;[0m Matched W3C error code 'no such element' to NoSuchElementError
&amp#27;[38;5;66m[75895e03]&amp#27;[0m&amp#27;[38;5;112m[AndroidUiautomator2Driver@b341 (75895e03)]&amp#27;[0m Waited for 9778 ms so far
&amp#27;[38;5;66m[75895e03]&amp#27;[0m&amp#27;[38;5;112m[AndroidUiautomator2Driver@b341 (75895e03)]&amp#27;[0m Matched '/element' to command name 'findElement'
&amp#27;[38;5;66m[75895e03]&amp#27;[0m&amp#27;[38;5;112m[AndroidUiautomator2Driver@b341 (75895e03)]&amp#27;[0m Proxying [POST /element] to [POST http://127.0.0.1:8200/session/9a29d941-f2de-44a0-9e8c-b573902f2815/element] with body: {"strategy":"-android uiautomator","selector":"new UiSelector().scrollable(true)","context":"","multiple":false}
&amp#27;[38;5;66m[75895e03]&amp#27;[0m&amp#27;[38;5;112m[AndroidUiautomator2Driver@b341 (75895e03)]&amp#27;[0m Got response with status 404: {"sessionId":"9a29d941-f2de-44a0-9e8c-b573902f2815","value":{"error":"no such element","message":"An element could not be located on the page using the given search parameters","stacktrace":"io.appium.uiautomator2.common.exceptions.ElementNotFoundException: An element could not be located on the page using the given search parameters\n\tat io.appium.uiautomator2.handler.FindElement.safeHandle(FindElement.java:63)\n\tat io.appium.uiautomator2.handler.request.SafeRequestHandler.handle(SafeRequestHandler.java:59)\n\tat io.appium.uiautomator2.server.AppiumServlet.handleRequest(AppiumServlet.java:277)\n\tat io.appium.uiautomator2.server.AppiumServlet.handleHttpRequest(AppiumServlet.java:271)\n\tat io.appium.uiautomator2.http.ServerHandler.channelRead(ServerHandler.java:77)\n\tat io.netty.channel.AbstractChannelHandlerContext.invokeChannelRead(AbstractChannelHandlerContext.java:366)\n\tat io.netty.channel.AbstractChannelHandlerContext.invokeChannelRead(AbstractChannelHandlerContext.java:352)\n\tat io.netty.chann...
&amp#27;[38;5;66m[75895e03]&amp#27;[0m&amp#27;[38;5;123m[W3C]&amp#27;[0m Matched W3C error code 'no such element' to NoSuchElementError
&amp#27;[38;5;66m[75895e03]&amp#27;[0m&amp#27;[38;5;112m[AndroidUiautomator2Driver@b341 (75895e03)]&amp#27;[0m Waited for 10375 ms so far
&amp#27;[38;5;66m[75895e03]&amp#27;[0m&amp#27;[38;5;112m[AndroidUiautomator2Driver@b341 (75895e03)]&amp#27;[0m Matched '/element' to command name 'findElement'
&amp#27;[38;5;66m[75895e03]&amp#27;[0m&amp#27;[38;5;112m[AndroidUiautomator2Driver@b341 (75895e03)]&amp#27;[0m Proxying [POST /element] to [POST http://127.0.0.1:8200/session/9a29d941-f2de-44a0-9e8c-b573902f2815/element] with body: {"strategy":"-android uiautomator","selector":"new UiSelector().scrollable(true)","context":"","multiple":false}
&amp#27;[38;5;66m[75895e03]&amp#27;[0m&amp#27;[38;5;112m[AndroidUiautomator2Driver@b341 (75895e03)]&amp#27;[0m Got response with status 404: {"sessionId":"9a29d941-f2de-44a0-9e8c-b573902f2815","value":{"error":"no such element","message":"An element could not be located on the page using the given search parameters","stacktrace":"io.appium.uiautomator2.common.exceptions.ElementNotFoundException: An element could not be located on the page using the given search parameters\n\tat io.appium.uiautomator2.handler.FindElement.safeHandle(FindElement.java:63)\n\tat io.appium.uiautomator2.handler.request.SafeRequestHandler.handle(SafeRequestHandler.java:59)\n\tat io.appium.uiautomator2.server.AppiumServlet.handleRequest(AppiumServlet.java:277)\n\tat io.appium.uiautomator2.server.AppiumServlet.handleHttpRequest(AppiumServlet.java:271)\n\tat io.appium.uiautomator2.http.ServerHandler.channelRead(ServerHandler.java:77)\n\tat io.netty.channel.AbstractChannelHandlerContext.invokeChannelRead(AbstractChannelHandlerContext.java:366)\n\tat io.netty.channel.AbstractChannelHandlerContext.invokeChannelRead(AbstractChannelHandlerContext.java:352)\n\tat io.netty.chann...
&amp#27;[38;5;66m[75895e03]&amp#27;[0m&amp#27;[38;5;123m[W3C]&amp#27;[0m Matched W3C error code 'no such element' to NoSuchElementError
&amp#27;[38;5;66m[75895e03]&amp#27;[0m&amp#27;[38;5;112m[AndroidUiautomator2Driver@b341 (75895e03)]&amp#27;[0m Waited for 11100 ms so far
&amp#27;[38;5;66m[75895e03]&amp#27;[0m&amp#27;[38;5;112m[AndroidUiautomator2Driver@b341 (75895e03)]&amp#27;[0m Matched '/element' to command name 'findElement'
&amp#27;[38;5;66m[75895e03]&amp#27;[0m&amp#27;[38;5;112m[AndroidUiautomator2Driver@b341 (75895e03)]&amp#27;[0m Proxying [POST /element] to [POST http://127.0.0.1:8200/session/9a29d941-f2de-44a0-9e8c-b573902f2815/element] with body: {"strategy":"-android uiautomator","selector":"new UiSelector().scrollable(true)","context":"","multiple":false}
&amp#27;[38;5;66m[75895e03]&amp#27;[0m&amp#27;[38;5;112m[AndroidUiautomator2Driver@b341 (75895e03)]&amp#27;[0m Got response with status 404: {"sessionId":"9a29d941-f2de-44a0-9e8c-b573902f2815","value":{"error":"no such element","message":"An element could not be located on the page using the given search parameters","stacktrace":"io.appium.uiautomator2.common.exceptions.ElementNotFoundException: An element could not be located on the page using the given search parameters\n\tat io.appium.uiautomator2.handler.FindElement.safeHandle(FindElement.java:63)\n\tat io.appium.uiautomator2.handler.request.SafeRequestHandler.handle(SafeRequestHandler.java:59)\n\tat io.appium.uiautomator2.server.AppiumServlet.handleRequest(AppiumServlet.java:277)\n\tat io.appium.uiautomator2.server.AppiumServlet.handleHttpRequest(AppiumServlet.java:271)\n\tat io.appium.uiautomator2.http.ServerHandler.channelRead(ServerHandler.java:77)\n\tat io.netty.channel.AbstractChannelHandlerContext.invokeChannelRead(AbstractChannelHandlerContext.java:366)\n\tat io.netty.channel.AbstractChannelHandlerContext.invokeChannelRead(AbstractChannelHandlerContext.java:352)\n\tat io.netty.chann...
&amp#27;[38;5;66m[75895e03]&amp#27;[0m&amp#27;[38;5;123m[W3C]&amp#27;[0m Matched W3C error code 'no such element' to NoSuchElementError
&amp#27;[38;5;66m[75895e03]&amp#27;[0m&amp#27;[38;5;112m[AndroidUiautomator2Driver@b341 (75895e03)]&amp#27;[0m Waited for 11762 ms so far
&amp#27;[38;5;66m[75895e03]&amp#27;[0m&amp#27;[38;5;112m[AndroidUiautomator2Driver@b341 (75895e03)]&amp#27;[0m Matched '/element' to command name 'findElement'
&amp#27;[38;5;66m[75895e03]&amp#27;[0m&amp#27;[38;5;112m[AndroidUiautomator2Driver@b341 (75895e03)]&amp#27;[0m Proxying [POST /element] to [POST http://127.0.0.1:8200/session/9a29d941-f2de-44a0-9e8c-b573902f2815/element] with body: {"strategy":"-android uiautomator","selector":"new UiSelector().scrollable(true)","context":"","multiple":false}
&amp#27;[38;5;66m[75895e03]&amp#27;[0m&amp#27;[38;5;112m[AndroidUiautomator2Driver@b341 (75895e03)]&amp#27;[0m Got response with status 404: {"sessionId":"9a29d941-f2de-44a0-9e8c-b573902f2815","value":{"error":"no such element","message":"An element could not be located on the page using the given search parameters","stacktrace":"io.appium.uiautomator2.common.exceptions.ElementNotFoundException: An element could not be located on the page using the given search parameters\n\tat io.appium.uiautomator2.handler.FindElement.safeHandle(FindElement.java:63)\n\tat io.appium.uiautomator2.handler.request.SafeRequestHandler.handle(SafeRequestHandler.java:59)\n\tat io.appium.uiautomator2.server.AppiumServlet.handleRequest(AppiumServlet.java:277)\n\tat io.appium.uiautomator2.server.AppiumServlet.handleHttpRequest(AppiumServlet.java:271)\n\tat io.appium.uiautomator2.http.ServerHandler.channelRead(ServerHandler.java:77)\n\tat io.netty.channel.AbstractChannelHandlerContext.invokeChannelRead(AbstractChannelHandlerContext.java:366)\n\tat io.netty.channel.AbstractChannelHandlerContext.invokeChannelRead(AbstractChannelHandlerContext.java:352)\n\tat io.netty.chann...
&amp#27;[38;5;66m[75895e03]&amp#27;[0m&amp#27;[38;5;123m[W3C]&amp#27;[0m Matched W3C error code 'no such element' to NoSuchElementError
&amp#27;[38;5;66m[75895e03]&amp#27;[0m&amp#27;[38;5;112m[AndroidUiautomator2Driver@b341 (75895e03)]&amp#27;[0m Waited for 12501 ms so far
&amp#27;[38;5;66m[75895e03]&amp#27;[0m&amp#27;[38;5;112m[AndroidUiautomator2Driver@b341 (75895e03)]&amp#27;[0m Matched '/element' to command name 'findElement'
&amp#27;[38;5;66m[75895e03]&amp#27;[0m&amp#27;[38;5;112m[AndroidUiautomator2Driver@b341 (75895e03)]&amp#27;[0m Proxying [POST /element] to [POST http://127.0.0.1:8200/session/9a29d941-f2de-44a0-9e8c-b573902f2815/element] with body: {"strategy":"-android uiautomator","selector":"new UiSelector().scrollable(true)","context":"","multiple":false}
&amp#27;[38;5;66m[75895e03]&amp#27;[0m&amp#27;[38;5;112m[AndroidUiautomator2Driver@b341 (75895e03)]&amp#27;[0m Got response with status 404: {"sessionId":"9a29d941-f2de-44a0-9e8c-b573902f2815","value":{"error":"no such element","message":"An element could not be located on the page using the given search parameters","stacktrace":"io.appium.uiautomator2.common.exceptions.ElementNotFoundException: An element could not be located on the page using the given search parameters\n\tat io.appium.uiautomator2.handler.FindElement.safeHandle(FindElement.java:63)\n\tat io.appium.uiautomator2.handler.request.SafeRequestHandler.handle(SafeRequestHandler.java:59)\n\tat io.appium.uiautomator2.server.AppiumServlet.handleRequest(AppiumServlet.java:277)\n\tat io.appium.uiautomator2.server.AppiumServlet.handleHttpRequest(AppiumServlet.java:271)\n\tat io.appium.uiautomator2.http.ServerHandler.channelRead(ServerHandler.java:77)\n\tat io.netty.channel.AbstractChannelHandlerContext.invokeChannelRead(AbstractChannelHandlerContext.java:366)\n\tat io.netty.channel.AbstractChannelHandlerContext.invokeChannelRead(AbstractChannelHandlerContext.java:352)\n\tat io.netty.chann...
&amp#27;[38;5;66m[75895e03]&amp#27;[0m&amp#27;[38;5;123m[W3C]&amp#27;[0m Matched W3C error code 'no such element' to NoSuchElementError
&amp#27;[38;5;66m[75895e03]&amp#27;[0m&amp#27;[38;5;112m[AndroidUiautomator2Driver@b341 (75895e03)]&amp#27;[0m Waited for 13082 ms so far
&amp#27;[38;5;66m[75895e03]&amp#27;[0m&amp#27;[38;5;112m[AndroidUiautomator2Driver@b341 (75895e03)]&amp#27;[0m Matched '/element' to command name 'findElement'
&amp#27;[38;5;66m[75895e03]&amp#27;[0m&amp#27;[38;5;112m[AndroidUiautomator2Driver@b341 (75895e03)]&amp#27;[0m Proxying [POST /element] to [POST http://127.0.0.1:8200/session/9a29d941-f2de-44a0-9e8c-b573902f2815/element] with body: {"strategy":"-android uiautomator","selector":"new UiSelector().scrollable(true)","context":"","multiple":false}
&amp#27;[38;5;66m[75895e03]&amp#27;[0m&amp#27;[38;5;112m[AndroidUiautomator2Driver@b341 (75895e03)]&amp#27;[0m Got response with status 404: {"sessionId":"9a29d941-f2de-44a0-9e8c-b573902f2815","value":{"error":"no such element","message":"An element could not be located on the page using the given search parameters","stacktrace":"io.appium.uiautomator2.common.exceptions.ElementNotFoundException: An element could not be located on the page using the given search parameters\n\tat io.appium.uiautomator2.handler.FindElement.safeHandle(FindElement.java:63)\n\tat io.appium.uiautomator2.handler.request.SafeRequestHandler.handle(SafeRequestHandler.java:59)\n\tat io.appium.uiautomator2.server.AppiumServlet.handleRequest(AppiumServlet.java:277)\n\tat io.appium.uiautomator2.server.AppiumServlet.handleHttpRequest(AppiumServlet.java:271)\n\tat io.appium.uiautomator2.http.ServerHandler.channelRead(ServerHandler.java:77)\n\tat io.netty.channel.AbstractChannelHandlerContext.invokeChannelRead(AbstractChannelHandlerContext.java:366)\n\tat io.netty.channel.AbstractChannelHandlerContext.invokeChannelRead(AbstractChannelHandlerContext.java:352)\n\tat io.netty.chann...
&amp#27;[38;5;66m[75895e03]&amp#27;[0m&amp#27;[38;5;123m[W3C]&amp#27;[0m Matched W3C error code 'no such element' to NoSuchElementError
&amp#27;[38;5;66m[75895e03]&amp#27;[0m&amp#27;[38;5;112m[AndroidUiautomator2Driver@b341 (75895e03)]&amp#27;[0m Waited for 13660 ms so far
&amp#27;[38;5;66m[75895e03]&amp#27;[0m&amp#27;[38;5;112m[AndroidUiautomator2Driver@b341 (75895e03)]&amp#27;[0m Matched '/element' to command name 'findElement'
&amp#27;[38;5;66m[75895e03]&amp#27;[0m&amp#27;[38;5;112m[AndroidUiautomator2Driver@b341 (75895e03)]&amp#27;[0m Proxying [POST /element] to [POST http://127.0.0.1:8200/session/9a29d941-f2de-44a0-9e8c-b573902f2815/element] with body: {"strategy":"-android uiautomator","selector":"new UiSelector().scrollable(true)","context":"","multiple":false}
&amp#27;[38;5;66m[75895e03]&amp#27;[0m&amp#27;[38;5;112m[AndroidUiautomator2Driver@b341 (75895e03)]&amp#27;[0m Got response with status 404: {"sessionId":"9a29d941-f2de-44a0-9e8c-b573902f2815","value":{"error":"no such element","message":"An element could not be located on the page using the given search parameters","stacktrace":"io.appium.uiautomator2.common.exceptions.ElementNotFoundException: An element could not be located on the page using the given search parameters\n\tat io.appium.uiautomator2.handler.FindElement.safeHandle(FindElement.java:63)\n\tat io.appium.uiautomator2.handler.request.SafeRequestHandler.handle(SafeRequestHandler.java:59)\n\tat io.appium.uiautomator2.server.AppiumServlet.handleRequest(AppiumServlet.java:277)\n\tat io.appium.uiautomator2.server.AppiumServlet.handleHttpRequest(AppiumServlet.java:271)\n\tat io.appium.uiautomator2.http.ServerHandler.channelRead(ServerHandler.java:77)\n\tat io.netty.channel.AbstractChannelHandlerContext.invokeChannelRead(AbstractChannelHandlerContext.java:366)\n\tat io.netty.channel.AbstractChannelHandlerContext.invokeChannelRead(AbstractChannelHandlerContext.java:352)\n\tat io.netty.chann...
&amp#27;[38;5;66m[75895e03]&amp#27;[0m&amp#27;[38;5;123m[W3C]&amp#27;[0m Matched W3C error code 'no such element' to NoSuchElementError
&amp#27;[38;5;66m[75895e03]&amp#27;[0m&amp#27;[38;5;112m[AndroidUiautomator2Driver@b341 (75895e03)]&amp#27;[0m Waited for 14236 ms so far
&amp#27;[38;5;66m[75895e03]&amp#27;[0m&amp#27;[38;5;112m[AndroidUiautomator2Driver@b341 (75895e03)]&amp#27;[0m Matched '/element' to command name 'findElement'
&amp#27;[38;5;66m[75895e03]&amp#27;[0m&amp#27;[38;5;112m[AndroidUiautomator2Driver@b341 (75895e03)]&amp#27;[0m Proxying [POST /element] to [POST http://127.0.0.1:8200/session/9a29d941-f2de-44a0-9e8c-b573902f2815/element] with body: {"strategy":"-android uiautomator","selector":"new UiSelector().scrollable(true)","context":"","multiple":false}
&amp#27;[38;5;66m[75895e03]&amp#27;[0m&amp#27;[38;5;112m[AndroidUiautomator2Driver@b341 (75895e03)]&amp#27;[0m Got response with status 404: {"sessionId":"9a29d941-f2de-44a0-9e8c-b573902f2815","value":{"error":"no such element","message":"An element could not be located on the page using the given search parameters","stacktrace":"io.appium.uiautomator2.common.exceptions.ElementNotFoundException: An element could not be located on the page using the given search parameters\n\tat io.appium.uiautomator2.handler.FindElement.safeHandle(FindElement.java:63)\n\tat io.appium.uiautomator2.handler.request.SafeRequestHandler.handle(SafeRequestHandler.java:59)\n\tat io.appium.uiautomator2.server.AppiumServlet.handleRequest(AppiumServlet.java:277)\n\tat io.appium.uiautomator2.server.AppiumServlet.handleHttpRequest(AppiumServlet.java:271)\n\tat io.appium.uiautomator2.http.ServerHandler.channelRead(ServerHandler.java:77)\n\tat io.netty.channel.AbstractChannelHandlerContext.invokeChannelRead(AbstractChannelHandlerContext.java:366)\n\tat io.netty.channel.AbstractChannelHandlerContext.invokeChannelRead(AbstractChannelHandlerContext.java:352)\n\tat io.netty.chann...
&amp#27;[38;5;66m[75895e03]&amp#27;[0m&amp#27;[38;5;123m[W3C]&amp#27;[0m Matched W3C error code 'no such element' to NoSuchElementError
&amp#27;[38;5;66m[75895e03]&amp#27;[0m&amp#27;[38;5;112m[AndroidUiautomator2Driver@b341 (75895e03)]&amp#27;[0m Waited for 14821 ms so far
&amp#27;[38;5;66m[75895e03]&amp#27;[0m&amp#27;[38;5;112m[AndroidUiautomator2Driver@b341 (75895e03)]&amp#27;[0m Matched '/element' to command name 'findElement'
&amp#27;[38;5;66m[75895e03]&amp#27;[0m&amp#27;[38;5;112m[AndroidUiautomator2Driver@b341 (75895e03)]&amp#27;[0m Proxying [POST /element] to [POST http://127.0.0.1:8200/session/9a29d941-f2de-44a0-9e8c-b573902f2815/element] with body: {"strategy":"-android uiautomator","selector":"new UiSelector().scrollable(true)","context":"","multiple":false}
&amp#27;[38;5;66m[75895e03]&amp#27;[0m&amp#27;[38;5;112m[AndroidUiautomator2Driver@b341 (75895e03)]&amp#27;[0m Got response with status 404: {"sessionId":"9a29d941-f2de-44a0-9e8c-b573902f2815","value":{"error":"no such element","message":"An element could not be located on the page using the given search parameters","stacktrace":"io.appium.uiautomator2.common.exceptions.ElementNotFoundException: An element could not be located on the page using the given search parameters\n\tat io.appium.uiautomator2.handler.FindElement.safeHandle(FindElement.java:63)\n\tat io.appium.uiautomator2.handler.request.SafeRequestHandler.handle(SafeRequestHandler.java:59)\n\tat io.appium.uiautomator2.server.AppiumServlet.handleRequest(AppiumServlet.java:277)\n\tat io.appium.uiautomator2.server.AppiumServlet.handleHttpRequest(AppiumServlet.java:271)\n\tat io.appium.uiautomator2.http.ServerHandler.channelRead(ServerHandler.java:77)\n\tat io.netty.channel.AbstractChannelHandlerContext.invokeChannelRead(AbstractChannelHandlerContext.java:366)\n\tat io.netty.channel.AbstractChannelHandlerContext.invokeChannelRead(AbstractChannelHandlerContext.java:352)\n\tat io.netty.chann...
&amp#27;[38;5;66m[75895e03]&amp#27;[0m&amp#27;[38;5;123m[W3C]&amp#27;[0m Matched W3C error code 'no such element' to NoSuchElementError
&amp#27;[38;5;66m[75895e03]&amp#27;[0m&amp#27;[38;5;112m[AndroidUiautomator2Driver@b341 (75895e03)]&amp#27;[0m Waited for 15463 ms so far
&amp#27;[38;5;66m[75895e03]&amp#27;[0m&amp#27;[38;5;112m[AndroidUiautomator2Driver@b341 (75895e03)]&amp#27;[0m Matched '/element' to command name 'findElement'
&amp#27;[38;5;66m[75895e03]&amp#27;[0m&amp#27;[38;5;112m[AndroidUiautomator2Driver@b341 (75895e03)]&amp#27;[0m Proxying [POST /element] to [POST http://127.0.0.1:8200/session/9a29d941-f2de-44a0-9e8c-b573902f2815/element] with body: {"strategy":"-android uiautomator","selector":"new UiSelector().scrollable(true)","context":"","multiple":false}
&amp#27;[38;5;66m[75895e03]&amp#27;[0m&amp#27;[38;5;112m[AndroidUiautomator2Driver@b341 (75895e03)]&amp#27;[0m Got response with status 404: {"sessionId":"9a29d941-f2de-44a0-9e8c-b573902f2815","value":{"error":"no such element","message":"An element could not be located on the page using the given search parameters","stacktrace":"io.appium.uiautomator2.common.exceptions.ElementNotFoundException: An element could not be located on the page using the given search parameters\n\tat io.appium.uiautomator2.handler.FindElement.safeHandle(FindElement.java:63)\n\tat io.appium.uiautomator2.handler.request.SafeRequestHandler.handle(SafeRequestHandler.java:59)\n\tat io.appium.uiautomator2.server.AppiumServlet.handleRequest(AppiumServlet.java:277)\n\tat io.appium.uiautomator2.server.AppiumServlet.handleHttpRequest(AppiumServlet.java:271)\n\tat io.appium.uiautomator2.http.ServerHandler.channelRead(ServerHandler.java:77)\n\tat io.netty.channel.AbstractChannelHandlerContext.invokeChannelRead(AbstractChannelHandlerContext.java:366)\n\tat io.netty.channel.AbstractChannelHandlerContext.invokeChannelRead(AbstractChannelHandlerContext.java:352)\n\tat io.netty.chann...
&amp#27;[38;5;66m[75895e03]&amp#27;[0m&amp#27;[38;5;123m[W3C]&amp#27;[0m Matched W3C error code 'no such element' to NoSuchElementError
&amp#27;[38;5;66m[75895e03]&amp#27;[0m&amp#27;[38;5;112m[AndroidUiautomator2Driver@b341 (75895e03)]&amp#27;[0m Waited for 16049 ms so far
&amp#27;[38;5;66m[75895e03]&amp#27;[0m&amp#27;[38;5;112m[AndroidUiautomator2Driver@b341 (75895e03)]&amp#27;[0m Matched '/element' to command name 'findElement'
&amp#27;[38;5;66m[75895e03]&amp#27;[0m&amp#27;[38;5;112m[AndroidUiautomator2Driver@b341 (75895e03)]&amp#27;[0m Proxying [POST /element] to [POST http://127.0.0.1:8200/session/9a29d941-f2de-44a0-9e8c-b573902f2815/element] with body: {"strategy":"-android uiautomator","selector":"new UiSelector().scrollable(true)","context":"","multiple":false}
&amp#27;[38;5;66m[75895e03]&amp#27;[0m&amp#27;[38;5;112m[AndroidUiautomator2Driver@b341 (75895e03)]&amp#27;[0m Got response with status 404: {"sessionId":"9a29d941-f2de-44a0-9e8c-b573902f2815","value":{"error":"no such element","message":"An element could not be located on the page using the given search parameters","stacktrace":"io.appium.uiautomator2.common.exceptions.ElementNotFoundException: An element could not be located on the page using the given search parameters\n\tat io.appium.uiautomator2.handler.FindElement.safeHandle(FindElement.java:63)\n\tat io.appium.uiautomator2.handler.request.SafeRequestHandler.handle(SafeRequestHandler.java:59)\n\tat io.appium.uiautomator2.server.AppiumServlet.handleRequest(AppiumServlet.java:277)\n\tat io.appium.uiautomator2.server.AppiumServlet.handleHttpRequest(AppiumServlet.java:271)\n\tat io.appium.uiautomator2.http.ServerHandler.channelRead(ServerHandler.java:77)\n\tat io.netty.channel.AbstractChannelHandlerContext.invokeChannelRead(AbstractChannelHandlerContext.java:366)\n\tat io.netty.channel.AbstractChannelHandlerContext.invokeChannelRead(AbstractChannelHandlerContext.java:352)\n\tat io.netty.chann...
&amp#27;[38;5;66m[75895e03]&amp#27;[0m&amp#27;[38;5;123m[W3C]&amp#27;[0m Matched W3C error code 'no such element' to NoSuchElementError
&amp#27;[38;5;66m[75895e03]&amp#27;[0m&amp#27;[38;5;112m[AndroidUiautomator2Driver@b341 (75895e03)]&amp#27;[0m Waited for 16629 ms so far
&amp#27;[38;5;66m[75895e03]&amp#27;[0m&amp#27;[38;5;112m[AndroidUiautomator2Driver@b341 (75895e03)]&amp#27;[0m Matched '/element' to command name 'findElement'
&amp#27;[38;5;66m[75895e03]&amp#27;[0m&amp#27;[38;5;112m[AndroidUiautomator2Driver@b341 (75895e03)]&amp#27;[0m Proxying [POST /element] to [POST http://127.0.0.1:8200/session/9a29d941-f2de-44a0-9e8c-b573902f2815/element] with body: {"strategy":"-android uiautomator","selector":"new UiSelector().scrollable(true)","context":"","multiple":false}
&amp#27;[38;5;66m[75895e03]&amp#27;[0m&amp#27;[38;5;112m[AndroidUiautomator2Driver@b341 (75895e03)]&amp#27;[0m Got response with status 404: {"sessionId":"9a29d941-f2de-44a0-9e8c-b573902f2815","value":{"error":"no such element","message":"An element could not be located on the page using the given search parameters","stacktrace":"io.appium.uiautomator2.common.exceptions.ElementNotFoundException: An element could not be located on the page using the given search parameters\n\tat io.appium.uiautomator2.handler.FindElement.safeHandle(FindElement.java:63)\n\tat io.appium.uiautomator2.handler.request.SafeRequestHandler.handle(SafeRequestHandler.java:59)\n\tat io.appium.uiautomator2.server.AppiumServlet.handleRequest(AppiumServlet.java:277)\n\tat io.appium.uiautomator2.server.AppiumServlet.handleHttpRequest(AppiumServlet.java:271)\n\tat io.appium.uiautomator2.http.ServerHandler.channelRead(ServerHandler.java:77)\n\tat io.netty.channel.AbstractChannelHandlerContext.invokeChannelRead(AbstractChannelHandlerContext.java:366)\n\tat io.netty.channel.AbstractChannelHandlerContext.invokeChannelRead(AbstractChannelHandlerContext.java:352)\n\tat io.netty.chann...
&amp#27;[38;5;66m[75895e03]&amp#27;[0m&amp#27;[38;5;123m[W3C]&amp#27;[0m Matched W3C error code 'no such element' to NoSuchElementError
&amp#27;[38;5;66m[75895e03]&amp#27;[0m&amp#27;[38;5;112m[AndroidUiautomator2Driver@b341 (75895e03)]&amp#27;[0m Waited for 17209 ms so far
&amp#27;[38;5;66m[75895e03]&amp#27;[0m&amp#27;[38;5;112m[AndroidUiautomator2Driver@b341 (75895e03)]&amp#27;[0m Matched '/element' to command name 'findElement'
&amp#27;[38;5;66m[75895e03]&amp#27;[0m&amp#27;[38;5;112m[AndroidUiautomator2Driver@b341 (75895e03)]&amp#27;[0m Proxying [POST /element] to [POST http://127.0.0.1:8200/session/9a29d941-f2de-44a0-9e8c-b573902f2815/element] with body: {"strategy":"-android uiautomator","selector":"new UiSelector().scrollable(true)","context":"","multiple":false}
&amp#27;[38;5;66m[75895e03]&amp#27;[0m&amp#27;[38;5;112m[AndroidUiautomator2Driver@b341 (75895e03)]&amp#27;[0m Got response with status 404: {"sessionId":"9a29d941-f2de-44a0-9e8c-b573902f2815","value":{"error":"no such element","message":"An element could not be located on the page using the given search parameters","stacktrace":"io.appium.uiautomator2.common.exceptions.ElementNotFoundException: An element could not be located on the page using the given search parameters\n\tat io.appium.uiautomator2.handler.FindElement.safeHandle(FindElement.java:63)\n\tat io.appium.uiautomator2.handler.request.SafeRequestHandler.handle(SafeRequestHandler.java:59)\n\tat io.appium.uiautomator2.server.AppiumServlet.handleRequest(AppiumServlet.java:277)\n\tat io.appium.uiautomator2.server.AppiumServlet.handleHttpRequest(AppiumServlet.java:271)\n\tat io.appium.uiautomator2.http.ServerHandler.channelRead(ServerHandler.java:77)\n\tat io.netty.channel.AbstractChannelHandlerContext.invokeChannelRead(AbstractChannelHandlerContext.java:366)\n\tat io.netty.channel.AbstractChannelHandlerContext.invokeChannelRead(AbstractChannelHandlerContext.java:352)\n\tat io.netty.chann...
&amp#27;[38;5;66m[75895e03]&amp#27;[0m&amp#27;[38;5;123m[W3C]&amp#27;[0m Matched W3C error code 'no such element' to NoSuchElementError
&amp#27;[38;5;66m[75895e03]&amp#27;[0m&amp#27;[38;5;112m[AndroidUiautomator2Driver@b341 (75895e03)]&amp#27;[0m Waited for 17791 ms so far
&amp#27;[38;5;66m[75895e03]&amp#27;[0m&amp#27;[38;5;112m[AndroidUiautomator2Driver@b341 (75895e03)]&amp#27;[0m Matched '/element' to command name 'findElement'
&amp#27;[38;5;66m[75895e03]&amp#27;[0m&amp#27;[38;5;112m[AndroidUiautomator2Driver@b341 (75895e03)]&amp#27;[0m Proxying [POST /element] to [POST http://127.0.0.1:8200/session/9a29d941-f2de-44a0-9e8c-b573902f2815/element] with body: {"strategy":"-android uiautomator","selector":"new UiSelector().scrollable(true)","context":"","multiple":false}
&amp#27;[38;5;66m[75895e03]&amp#27;[0m&amp#27;[38;5;112m[AndroidUiautomator2Driver@b341 (75895e03)]&amp#27;[0m Got response with status 404: {"sessionId":"9a29d941-f2de-44a0-9e8c-b573902f2815","value":{"error":"no such element","message":"An element could not be located on the page using the given search parameters","stacktrace":"io.appium.uiautomator2.common.exceptions.ElementNotFoundException: An element could not be located on the page using the given search parameters\n\tat io.appium.uiautomator2.handler.FindElement.safeHandle(FindElement.java:63)\n\tat io.appium.uiautomator2.handler.request.SafeRequestHandler.handle(SafeRequestHandler.java:59)\n\tat io.appium.uiautomator2.server.AppiumServlet.handleRequest(AppiumServlet.java:277)\n\tat io.appium.uiautomator2.server.AppiumServlet.handleHttpRequest(AppiumServlet.java:271)\n\tat io.appium.uiautomator2.http.ServerHandler.channelRead(ServerHandler.java:77)\n\tat io.netty.channel.AbstractChannelHandlerContext.invokeChannelRead(AbstractChannelHandlerContext.java:366)\n\tat io.netty.channel.AbstractChannelHandlerContext.invokeChannelRead(AbstractChannelHandlerContext.java:352)\n\tat io.netty.chann...
&amp#27;[38;5;66m[75895e03]&amp#27;[0m&amp#27;[38;5;123m[W3C]&amp#27;[0m Matched W3C error code 'no such element' to NoSuchElementError
&amp#27;[38;5;66m[75895e03]&amp#27;[0m&amp#27;[38;5;112m[AndroidUiautomator2Driver@b341 (75895e03)]&amp#27;[0m Waited for 18372 ms so far
&amp#27;[38;5;66m[75895e03]&amp#27;[0m&amp#27;[38;5;112m[AndroidUiautomator2Driver@b341 (75895e03)]&amp#27;[0m Matched '/element' to command name 'findElement'
&amp#27;[38;5;66m[75895e03]&amp#27;[0m&amp#27;[38;5;112m[AndroidUiautomator2Driver@b341 (75895e03)]&amp#27;[0m Proxying [POST /element] to [POST http://127.0.0.1:8200/session/9a29d941-f2de-44a0-9e8c-b573902f2815/element] with body: {"strategy":"-android uiautomator","selector":"new UiSelector().scrollable(true)","context":"","multiple":false}
&amp#27;[38;5;66m[75895e03]&amp#27;[0m&amp#27;[38;5;112m[AndroidUiautomator2Driver@b341 (75895e03)]&amp#27;[0m Got response with status 404: {"sessionId":"9a29d941-f2de-44a0-9e8c-b573902f2815","value":{"error":"no such element","message":"An element could not be located on the page using the given search parameters","stacktrace":"io.appium.uiautomator2.common.exceptions.ElementNotFoundException: An element could not be located on the page using the given search parameters\n\tat io.appium.uiautomator2.handler.FindElement.safeHandle(FindElement.java:63)\n\tat io.appium.uiautomator2.handler.request.SafeRequestHandler.handle(SafeRequestHandler.java:59)\n\tat io.appium.uiautomator2.server.AppiumServlet.handleRequest(AppiumServlet.java:277)\n\tat io.appium.uiautomator2.server.AppiumServlet.handleHttpRequest(AppiumServlet.java:271)\n\tat io.appium.uiautomator2.http.ServerHandler.channelRead(ServerHandler.java:77)\n\tat io.netty.channel.AbstractChannelHandlerContext.invokeChannelRead(AbstractChannelHandlerContext.java:366)\n\tat io.netty.channel.AbstractChannelHandlerContext.invokeChannelRead(AbstractChannelHandlerContext.java:352)\n\tat io.netty.chann...
&amp#27;[38;5;66m[75895e03]&amp#27;[0m&amp#27;[38;5;123m[W3C]&amp#27;[0m Matched W3C error code 'no such element' to NoSuchElementError
&amp#27;[38;5;66m[75895e03]&amp#27;[0m&amp#27;[38;5;112m[AndroidUiautomator2Driver@b341 (75895e03)]&amp#27;[0m Waited for 18970 ms so far
&amp#27;[38;5;66m[75895e03]&amp#27;[0m&amp#27;[38;5;112m[AndroidUiautomator2Driver@b341 (75895e03)]&amp#27;[0m Matched '/element' to command name 'findElement'
&amp#27;[38;5;66m[75895e03]&amp#27;[0m&amp#27;[38;5;112m[AndroidUiautomator2Driver@b341 (75895e03)]&amp#27;[0m Proxying [POST /element] to [POST http://127.0.0.1:8200/session/9a29d941-f2de-44a0-9e8c-b573902f2815/element] with body: {"strategy":"-android uiautomator","selector":"new UiSelector().scrollable(true)","context":"","multiple":false}
&amp#27;[38;5;66m[75895e03]&amp#27;[0m&amp#27;[38;5;112m[AndroidUiautomator2Driver@b341 (75895e03)]&amp#27;[0m Got response with status 404: {"sessionId":"9a29d941-f2de-44a0-9e8c-b573902f2815","value":{"error":"no such element","message":"An element could not be located on the page using the given search parameters","stacktrace":"io.appium.uiautomator2.common.exceptions.ElementNotFoundException: An element could not be located on the page using the given search parameters\n\tat io.appium.uiautomator2.handler.FindElement.safeHandle(FindElement.java:63)\n\tat io.appium.uiautomator2.handler.request.SafeRequestHandler.handle(SafeRequestHandler.java:59)\n\tat io.appium.uiautomator2.server.AppiumServlet.handleRequest(AppiumServlet.java:277)\n\tat io.appium.uiautomator2.server.AppiumServlet.handleHttpRequest(AppiumServlet.java:271)\n\tat io.appium.uiautomator2.http.ServerHandler.channelRead(ServerHandler.java:77)\n\tat io.netty.channel.AbstractChannelHandlerContext.invokeChannelRead(AbstractChannelHandlerContext.java:366)\n\tat io.netty.channel.AbstractChannelHandlerContext.invokeChannelRead(AbstractChannelHandlerContext.java:352)\n\tat io.netty.chann...
&amp#27;[38;5;66m[75895e03]&amp#27;[0m&amp#27;[38;5;123m[W3C]&amp#27;[0m Matched W3C error code 'no such element' to NoSuchElementError
&amp#27;[38;5;66m[75895e03]&amp#27;[0m&amp#27;[38;5;112m[AndroidUiautomator2Driver@b341 (75895e03)]&amp#27;[0m Waited for 19586 ms so far
&amp#27;[38;5;66m[75895e03]&amp#27;[0m&amp#27;[38;5;112m[AndroidUiautomator2Driver@b341 (75895e03)]&amp#27;[0m Matched '/element' to command name 'findElement'
&amp#27;[38;5;66m[75895e03]&amp#27;[0m&amp#27;[38;5;112m[AndroidUiautomator2Driver@b341 (75895e03)]&amp#27;[0m Proxying [POST /element] to [POST http://127.0.0.1:8200/session/9a29d941-f2de-44a0-9e8c-b573902f2815/element] with body: {"strategy":"-android uiautomator","selector":"new UiSelector().scrollable(true)","context":"","multiple":false}
&amp#27;[38;5;66m[75895e03]&amp#27;[0m&amp#27;[38;5;112m[AndroidUiautomator2Driver@b341 (75895e03)]&amp#27;[0m Got response with status 404: {"sessionId":"9a29d941-f2de-44a0-9e8c-b573902f2815","value":{"error":"no such element","message":"An element could not be located on the page using the given search parameters","stacktrace":"io.appium.uiautomator2.common.exceptions.ElementNotFoundException: An element could not be located on the page using the given search parameters\n\tat io.appium.uiautomator2.handler.FindElement.safeHandle(FindElement.java:63)\n\tat io.appium.uiautomator2.handler.request.SafeRequestHandler.handle(SafeRequestHandler.java:59)\n\tat io.appium.uiautomator2.server.AppiumServlet.handleRequest(AppiumServlet.java:277)\n\tat io.appium.uiautomator2.server.AppiumServlet.handleHttpRequest(AppiumServlet.java:271)\n\tat io.appium.uiautomator2.http.ServerHandler.channelRead(ServerHandler.java:77)\n\tat io.netty.channel.AbstractChannelHandlerContext.invokeChannelRead(AbstractChannelHandlerContext.java:366)\n\tat io.netty.channel.AbstractChannelHandlerContext.invokeChannelRead(AbstractChannelHandlerContext.java:352)\n\tat io.netty.chann...
&amp#27;[38;5;66m[75895e03]&amp#27;[0m&amp#27;[38;5;123m[W3C]&amp#27;[0m Matched W3C error code 'no such element' to NoSuchElementError
&amp#27;[38;5;66m[75895e03]&amp#27;[0m&amp#27;[38;5;112m[AndroidUiautomator2Driver@b341 (75895e03)]&amp#27;[0m Encountered internal error running command: NoSuchElementError: An element could not be located on the page using the given search parameters.
&amp#27;[38;5;66m[75895e03]&amp#27;[0m&amp#27;[38;5;112m[AndroidUiautomator2Driver@b341 (75895e03)]&amp#27;[0m     at AndroidUiautomator2Driver.findElOrEls (/Users/oikhlas/.appium/node_modules/appium-uiautomator2-driver/node_modules/appium-android-driver/lib/commands/find.ts:86:11)
&amp#27;[38;5;66m[75895e03]&amp#27;[0m&amp#27;[38;5;112m[AndroidUiautomator2Driver@b341 (75895e03)]&amp#27;[0m     at processTicksAndRejections (node:internal/process/task_queues:95:5)
&amp#27;[38;5;66m[75895e03]&amp#27;[0m&amp#27;[38;5;112m[AndroidUiautomator2Driver@b341 (75895e03)]&amp#27;[0m     at AndroidUiautomator2Driver.findElOrElsWithProcessing (/Users/oikhlas/node_modules/@appium/base-driver/lib/basedriver/commands/find.ts:60:12)
&amp#27;[38;5;66m[75895e03]&amp#27;[0m&amp#27;[38;5;112m[AndroidUiautomator2Driver@b341 (75895e03)]&amp#27;[0m     at AndroidUiautomator2Driver.findElement (/Users/oikhlas/node_modules/@appium/base-driver/lib/basedriver/commands/find.ts:75:12)
&amp#27;[38;5;66m[75895e03]&amp#27;[0m&amp#27;[38;5;86m[HTTP]&amp#27;[0m <-- POST /session/75895e03-7749-47e3-bc13-bf90a3ed7962/element 404 20089 ms - 772 
&amp#27;[38;5;66m[75895e03]&amp#27;[0m&amp#27;[38;5;86m[HTTP]&amp#27;[0m &amp#27;[37m-->&amp#27;[39m &amp#27;[37mPOST&amp#27;[39m &amp#27;[37m/session/75895e03-7749-47e3-bc13-bf90a3ed7962/execute/sync&amp#27;[39m {"script":"mobile:shell","args":[{"command":"dumpsys window | grep 'mCurrentRotation' | cut -d = -f2"}]}
&amp#27;[38;5;66m[75895e03]&amp#27;[0m&amp#27;[38;5;112m[AndroidUiautomator2Driver@b341 (75895e03)]&amp#27;[0m Calling AppiumDriver.execute() with args: ["mobile:shell",[{"command":"dumpsys window | grep 'mCurrentRotation' | cut -d = -f2"}],"75895e03-7749-47e3-bc13-bf90a3ed7962"]
&amp#27;[38;5;66m[75895e03]&amp#27;[0m&amp#27;[38;5;112m[AndroidUiautomator2Driver@b341 (75895e03)]&amp#27;[0m Executing method 'mobile: shell'
&amp#27;[38;5;66m[75895e03]&amp#27;[0m&amp#27;[38;5;112m[AndroidUiautomator2Driver@b341 (75895e03)]&amp#27;[0m Encountered internal error running command: Error: Potentially insecure feature 'adb_shell' has not been enabled. If you want to enable this feature and accept the security ramifications, please do so by following the documented instructions at https://github.com/appium/appium/blob/master/docs/en/writing-running-appium/security.md
&amp#27;[38;5;66m[75895e03]&amp#27;[0m&amp#27;[38;5;112m[AndroidUiautomator2Driver@b341 (75895e03)]&amp#27;[0m     at AndroidUiautomator2Driver.assertFeatureEnabled (/Users/oikhlas/node_modules/@appium/base-driver/lib/basedriver/core.ts:292:13)
&amp#27;[38;5;66m[75895e03]&amp#27;[0m&amp#27;[38;5;112m[AndroidUiautomator2Driver@b341 (75895e03)]&amp#27;[0m     at AndroidUiautomator2Driver.ensureFeatureEnabled (/Users/oikhlas/node_modules/@appium/base-driver/lib/basedriver/core.ts:281:10)
&amp#27;[38;5;66m[75895e03]&amp#27;[0m&amp#27;[38;5;112m[AndroidUiautomator2Driver@b341 (75895e03)]&amp#27;[0m     at AndroidUiautomator2Driver.mobileShell (/Users/oikhlas/.appium/node_modules/appium-uiautomator2-driver/node_modules/appium-android-driver/lib/commands/shell.js:13:8)
&amp#27;[38;5;66m[75895e03]&amp#27;[0m&amp#27;[38;5;112m[AndroidUiautomator2Driver@b341 (75895e03)]&amp#27;[0m     at AndroidUiautomator2Driver.executeMobile (/Users/oikhlas/.appium/node_modules/appium-uiautomator2-driver/lib/commands/execute.js:66:82)
&amp#27;[38;5;66m[75895e03]&amp#27;[0m&amp#27;[38;5;112m[AndroidUiautomator2Driver@b341 (75895e03)]&amp#27;[0m     at AndroidUiautomator2Driver.execute (/Users/oikhlas/.appium/node_modules/appium-uiautomator2-driver/lib/commands/execute.js:24:25)
&amp#27;[38;5;66m[75895e03]&amp#27;[0m&amp#27;[38;5;112m[AndroidUiautomator2Driver@b341 (75895e03)]&amp#27;[0m     at commandExecutor (/Users/oikhlas/node_modules/@appium/base-driver/lib/basedriver/driver.ts:107:18)
&amp#27;[38;5;66m[75895e03]&amp#27;[0m&amp#27;[38;5;112m[AndroidUiautomator2Driver@b341 (75895e03)]&amp#27;[0m     at /Users/oikhlas/node_modules/async-lock/lib/index.js:171:12
&amp#27;[38;5;66m[75895e03]&amp#27;[0m&amp#27;[38;5;112m[AndroidUiautomator2Driver@b341 (75895e03)]&amp#27;[0m     at AsyncLock._promiseTry (/Users/oikhlas/node_modules/async-lock/lib/index.js:304:31)
&amp#27;[38;5;66m[75895e03]&amp#27;[0m&amp#27;[38;5;112m[AndroidUiautomator2Driver@b341 (75895e03)]&amp#27;[0m     at exec (/Users/oikhlas/node_modules/async-lock/lib/index.js:170:9)
&amp#27;[38;5;66m[75895e03]&amp#27;[0m&amp#27;[38;5;112m[AndroidUiautomator2Driver@b341 (75895e03)]&amp#27;[0m     at AsyncLock.acquire (/Users/oikhlas/node_modules/async-lock/lib/index.js:187:3)
&amp#27;[38;5;66m[75895e03]&amp#27;[0m&amp#27;[38;5;112m[AndroidUiautomator2Driver@b341 (75895e03)]&amp#27;[0m     at AndroidUiautomator2Driver.executeCommand (/Users/oikhlas/node_modules/@appium/base-driver/lib/basedriver/driver.ts:123:39)
&amp#27;[38;5;66m[75895e03]&amp#27;[0m&amp#27;[38;5;112m[AndroidUiautomator2Driver@b341 (75895e03)]&amp#27;[0m     at processTicksAndRejections (node:internal/process/task_queues:95:5)
&amp#27;[38;5;66m[75895e03]&amp#27;[0m&amp#27;[38;5;112m[AndroidUiautomator2Driver@b341 (75895e03)]&amp#27;[0m     at defaultBehavior (/Users/oikhlas/.nvm/versions/node/v18.16.1/lib/node_modules/appium/lib/appium.js:1135:14)
&amp#27;[38;5;66m[75895e03]&amp#27;[0m&amp#27;[38;5;112m[AndroidUiautomator2Driver@b341 (75895e03)]&amp#27;[0m     at AppiumDriver.executeWrappedCommand (/Users/oikhlas/.nvm/versions/node/v18.16.1/lib/node_modules/appium/lib/appium.js:1241:16)
&amp#27;[38;5;66m[75895e03]&amp#27;[0m&amp#27;[38;5;112m[AndroidUiautomator2Driver@b341 (75895e03)]&amp#27;[0m     at AppiumDriver.executeCommand (/Users/oikhlas/.nvm/versions/node/v18.16.1/lib/node_modules/appium/lib/appium.js:1147:17)
&amp#27;[38;5;66m[75895e03]&amp#27;[0m&amp#27;[38;5;112m[AndroidUiautomator2Driver@b341 (75895e03)]&amp#27;[0m     at asyncHandler (/Users/oikhlas/.nvm/versions/node/v18.16.1/lib/node_modules/appium/node_modules/@appium/base-driver/lib/protocol/protocol.js:387:19)
&amp#27;[38;5;66m[75895e03]&amp#27;[0m&amp#27;[38;5;86m[HTTP]&amp#27;[0m <-- POST /session/75895e03-7749-47e3-bc13-bf90a3ed7962/execute/sync 500 4 ms - 1126 
&amp#27;[38;5;66m[75895e03]&amp#27;[0m&amp#27;[38;5;86m[HTTP]&amp#27;[0m &amp#27;[37m-->&amp#27;[39m &amp#27;[37mGET&amp#27;[39m &amp#27;[37m/session/75895e03-7749-47e3-bc13-bf90a3ed7962/orientation&amp#27;[39m {}
&amp#27;[38;5;66m[75895e03]&amp#27;[0m&amp#27;[38;5;112m[AndroidUiautomator2Driver@b341 (75895e03)]&amp#27;[0m Driver proxy active, passing request on via HTTP proxy
&amp#27;[38;5;66m[75895e03]&amp#27;[0m&amp#27;[38;5;112m[AndroidUiautomator2Driver@b341 (75895e03)]&amp#27;[0m Matched '/session/75895e03-7749-47e3-bc13-bf90a3ed7962/orientation' to command name 'getOrientation'
&amp#27;[38;5;66m[75895e03]&amp#27;[0m&amp#27;[38;5;112m[AndroidUiautomator2Driver@b341 (75895e03)]&amp#27;[0m Proxying [GET /session/75895e03-7749-47e3-bc13-bf90a3ed7962/orientation] to [GET http://127.0.0.1:8200/session/9a29d941-f2de-44a0-9e8c-b573902f2815/orientation] with no body
&amp#27;[38;5;66m[75895e03]&amp#27;[0m&amp#27;[38;5;112m[AndroidUiautomator2Driver@b341 (75895e03)]&amp#27;[0m Got response with status 200: {"sessionId":"9a29d941-f2de-44a0-9e8c-b573902f2815","value":"PORTRAIT"}
&amp#27;[38;5;66m[75895e03]&amp#27;[0m&amp#27;[38;5;112m[AndroidUiautomator2Driver@b341 (75895e03)]&amp#27;[0m Replacing sessionId 9a29d941-f2de-44a0-9e8c-b573902f2815 with 75895e03-7749-47e3-bc13-bf90a3ed7962
&amp#27;[38;5;66m[75895e03]&amp#27;[0m&amp#27;[38;5;86m[HTTP]&amp#27;[0m <-- GET /session/75895e03-7749-47e3-bc13-bf90a3ed7962/orientation 200 12 ms - 71 
&amp#27;[38;5;66m[75895e03]&amp#27;[0m&amp#27;[38;5;86m[HTTP]&amp#27;[0m &amp#27;[37m-->&amp#27;[39m &amp#27;[37mGET&amp#27;[39m &amp#27;[37m/session/75895e03-7749-47e3-bc13-bf90a3ed7962/window/rect&amp#27;[39m {}
&amp#27;[38;5;66m[75895e03]&amp#27;[0m&amp#27;[38;5;112m[AndroidUiautomator2Driver@b341 (75895e03)]&amp#27;[0m Calling AppiumDriver.getWindowRect() with args: ["75895e03-7749-47e3-bc13-bf90a3ed7962"]
&amp#27;[38;5;66m[75895e03]&amp#27;[0m&amp#27;[38;5;112m[AndroidUiautomator2Driver@b341 (75895e03)]&amp#27;[0m Matched '/window/current/size' to command name 'getWindowSize'
&amp#27;[38;5;66m[75895e03]&amp#27;[0m&amp#27;[38;5;112m[AndroidUiautomator2Driver@b341 (75895e03)]&amp#27;[0m Proxying [GET /window/current/size] to [GET http://127.0.0.1:8200/session/9a29d941-f2de-44a0-9e8c-b573902f2815/window/current/size] with no body
&amp#27;[38;5;66m[75895e03]&amp#27;[0m&amp#27;[38;5;112m[AndroidUiautomator2Driver@b341 (75895e03)]&amp#27;[0m Got response with status 200: {"sessionId":"9a29d941-f2de-44a0-9e8c-b573902f2815","value":{"height":2880,"width":1440}}
&amp#27;[38;5;66m[75895e03]&amp#27;[0m&amp#27;[38;5;112m[AndroidUiautomator2Driver@b341 (75895e03)]&amp#27;[0m Responding to client with driver.getWindowRect() result: {"width":1440,"height":2880,"x":0,"y":0}
&amp#27;[38;5;66m[75895e03]&amp#27;[0m&amp#27;[38;5;86m[HTTP]&amp#27;[0m <-- GET /session/75895e03-7749-47e3-bc13-bf90a3ed7962/window/rect 200 14 ms - 50 
&amp#27;[38;5;66m[75895e03]&amp#27;[0m&amp#27;[38;5;86m[HTTP]&amp#27;[0m &amp#27;[37m-->&amp#27;[39m &amp#27;[37mGET&amp#27;[39m &amp#27;[37m/session/75895e03-7749-47e3-bc13-bf90a3ed7962/appium/device/system_bars&amp#27;[39m {}
&amp#27;[38;5;66m[75895e03]&amp#27;[0m&amp#27;[38;5;112m[AndroidUiautomator2Driver@b341 (75895e03)]&amp#27;[0m Calling AppiumDriver.getSystemBars() with args: ["75895e03-7749-47e3-bc13-bf90a3ed7962"]
&amp#27;[38;5;66m[75895e03]&amp#27;[0m&amp#27;[38;5;229m[ADB]&amp#27;[0m Running '/users/oikhlas/Library/Android/sdk/platform-tools/adb -P 5037 -s emulator-5554 shell dumpsys window windows'
&amp#27;[38;5;66m[75895e03]&amp#27;[0m&amp#27;[38;5;112m[AndroidUiautomator2Driver@b341 (75895e03)]&amp#27;[0m Responding to client with driver.getSystemBars() result: {"navigationBar":{"visible":true,"x":0,"y":2712,"width":1440,"height":168},"statusBar":{"visible":true,"x":0,"y":0,"width":1440,"height":84}}
&amp#27;[38;5;66m[75895e03]&amp#27;[0m&amp#27;[38;5;86m[HTTP]&amp#27;[0m <-- GET /session/75895e03-7749-47e3-bc13-bf90a3ed7962/appium/device/system_bars 200 167 ms - 151 
&amp#27;[38;5;66m[75895e03]&amp#27;[0m&amp#27;[38;5;86m[HTTP]&amp#27;[0m &amp#27;[37m-->&amp#27;[39m &amp#27;[37mGET&amp#27;[39m &amp#27;[37m/session/75895e03-7749-47e3-bc13-bf90a3ed7962/screenshot&amp#27;[39m {}
&amp#27;[38;5;66m[75895e03]&amp#27;[0m&amp#27;[38;5;112m[AndroidUiautomator2Driver@b341 (75895e03)]&amp#27;[0m Calling AppiumDriver.getScreenshot() with args: ["75895e03-7749-47e3-bc13-bf90a3ed7962"]
&amp#27;[38;5;66m[75895e03]&amp#27;[0m&amp#27;[38;5;112m[AndroidUiautomator2Driver@b341 (75895e03)]&amp#27;[0m Matched '/screenshot' to command name 'getScreenshot'
&amp#27;[38;5;66m[75895e03]&amp#27;[0m&amp#27;[38;5;112m[AndroidUiautomator2Driver@b341 (75895e03)]&amp#27;[0m Proxying [GET /screenshot] to [GET http://127.0.0.1:8200/session/9a29d941-f2de-44a0-9e8c-b573902f2815/screenshot] with no body
&amp#27;[38;5;66m[75895e03]&amp#27;[0m&amp#27;[38;5;112m[AndroidUiautomator2Driver@b341 (75895e03)]&amp#27;[0m Got response with status 200: {"sessionId":"9a29d941-f2de-44a0-9e8c-b573902f2815","value":"iVBORw0KGgoAAAANSUhEUgAABaAAAAtACAYAAADu24QXAAAAAXNSR0IArs4c6QAAAARzQklUCAgICHwIZIgAACAASURBVHic7N13eBzVvcbxd2a2qVnNkuXebWxsbHozHUzvLbRgekm4tISWEAiQEEiAAKYkJHRSKAGS0AwYjOkdbIxxwb1IsmRZZbXaMnP/MFK0KqtdaVe7tr6f+9znyZ6ZOee3ysLVfffod4zCBT92BAAAAAAAAABAkpnpLgAAAAAAAAAAsHUigAYAAAAAAAAApAQBNAAAAAAAAAAgJQigAQAAAAAAAAApQQANAAAAAAAAAEgJAmgAAAAAAAAAQEoQQAMAAAAAAAAAUoIAGgAAAAAAAACQEgTQAAAAAAAAAICUIIAGAAAAAAAAAKQEATQAAAAAAAAAICUIoAEAAAAAAAAAKUEADQAAAAAAAABICQJoAAAAAAAAAEBKEEADAAAAAAAAAFLCle4CgExnyNAAV74OydteR+XtpO18I1Ro5ciRZPxwj9Pq/rWhan3auFTP1X6o9/wLtSnilxN1BwAAAAAAANA3GIULfkwyBrRhyFCRlas7ys7U/rmTlWN6W8YTYctRVbhOT256R7+teE4R2akoFwAAAAAAAMhIBNBAK4YMDXP31zujblaO6ZOZYOAciy1Hi5vW6sDlN6nBDiRtXgAAAAAAACBTEUADPyi28jR31C0a4MpPeKdzIsJORGULz5HdR9pyGDLkM90yZMhjuKJC/YhsBZ2wbMdRkxNKY5UAAAAAgC1dmatAw90lKnblqcDMUb6VrRzTqwa7STWRBm2y/aoK12lFqFLrwzXpLjfjDHP318rQhnSXoatLjo373tsqn09hJUgWekCjzzNl6BelJ+jS4sOTuuO5M5Zhas/sbTTX/23K10oHQ4bchqUs06Nc06dCK1cTvUPkMdwa5SlVtrG5nYktRzWRBi0P...
&amp#27;[38;5;66m[75895e03]&amp#27;[0m&amp#27;[38;5;112m[AndroidUiautomator2Driver@b341 (75895e03)]&amp#27;[0m Responding to client with driver.getScreenshot() result: "iVBORw0KGgoAAAANSUhEUgAABaAAAAtACAYAAADu24QXAAAAAXNSR0IArs4c6QAAAARzQklUCAgICHwIZIgAACAASURBVHic7N13eBzVvcbxd2a2qVnNkuXebWxsbHozHUzvLbRgekm4tISWEAiQEEiAAKYkJHRSKAGS0AwYjOkdbIxxwb1IsmRZZbXaMnP/MFK0KqtdaVe7tr6f+9znyZ6ZOee3ysLVfffod4zCBT92BAAAAAAAAABAkpnpLgAAAAAAAAAAsHUigAYAAAAAAAAApAQBNAAAAAAAAAAgJQigAQAAAAAAAAApQQANAAAAAAAAAEgJAmgAAAAAAAAAQEoQQAMAAAAAAAAAUoIAGgAAAAAAAACQEgTQAAAAAAAAAICUIIAGAAAAAAAAAKQEATQAAAAAAAAAICUIoAEAAAAAAAAAKUEADQAAAAAAAABICQJoAAAAAAAAAEBKEEADAAAAAAAAAFLCle4CgExnyNAAV74OydteR+XtpO18I1Ro5ciRZPxwj9Pq/rWhan3auFTP1X6o9/wLtSnilxN1BwAAAAAAANA3GIULfkwyBrRhyFCRlas7ys7U/rmTlWN6W8YTYctRVbhOT256R7+teE4R2akoFwAAAAAAAMhIBNBAK4YMDXP31zujblaO6ZOZYOAciy1Hi5vW6sDlN6nBDiRtXgAAAAAAACBTEUADPyi28jR31C0a4MpPeKdzIsJORGULz5HdR9pyGDLkM90yZMhjuKJC/YhsBZ2wbMdRkxNKY5UAAAAAgC1dmatAw90lKnblqcDMUb6VrRzTqwa7STWRBm2y/aoK12lFqFLrwzXpLjfjDHP318rQhnSXoatLjo373tsqn09hJUgWekCjzzNl6BelJ+jS4sOTuuO5M5Zhas/sbTTX/23K10oHQ4bchqUs06Nc06dCK1cTvUPkMdwa5SlVtrG5nYktRzWRBi0PVShgh/RN00rV201qsAMKOCGFnUia3wkAAAAAIFOVuvK1f84k7ZszSdv5hmu4...
&amp#27;[38;5;66m[75895e03]&amp#27;[0m&amp#27;[38;5;86m[HTTP]&amp#27;[0m <-- GET /session/75895e03-7749-47e3-bc13-bf90a3ed7962/screenshot 200 1036 ms - 484932 
&amp#27;[38;5;66m[75895e03]&amp#27;[0m&amp#27;[38;5;86m[HTTP]&amp#27;[0m &amp#27;[37m-->&amp#27;[39m &amp#27;[37mGET&amp#27;[39m &amp#27;[37m/session/75895e03-7749-47e3-bc13-bf90a3ed7962/context&amp#27;[39m {}
&amp#27;[38;5;66m[75895e03]&amp#27;[0m&amp#27;[38;5;112m[AndroidUiautomator2Driver@b341 (75895e03)]&amp#27;[0m Calling AppiumDriver.getCurrentContext() with args: ["75895e03-7749-47e3-bc13-bf90a3ed7962"]
&amp#27;[38;5;66m[75895e03]&amp#27;[0m&amp#27;[38;5;112m[AndroidUiautomator2Driver@b341 (75895e03)]&amp#27;[0m Responding to client with driver.getCurrentContext() result: "NATIVE_APP"
&amp#27;[38;5;66m[75895e03]&amp#27;[0m&amp#27;[38;5;86m[HTTP]&amp#27;[0m <-- GET /session/75895e03-7749-47e3-bc13-bf90a3ed7962/context 200 1 ms - 22 
&amp#27;[38;5;66m[75895e03]&amp#27;[0m&amp#27;[38;5;86m[HTTP]&amp#27;[0m &amp#27;[37m-->&amp#27;[39m &amp#27;[37mPOST&amp#27;[39m &amp#27;[37m/session/75895e03-7749-47e3-bc13-bf90a3ed7962/element&amp#27;[39m {"using":"class name","value":"android.widget.CheckBox"}
&amp#27;[38;5;66m[75895e03]&amp#27;[0m&amp#27;[38;5;112m[AndroidUiautomator2Driver@b341 (75895e03)]&amp#27;[0m Calling AppiumDriver.findElement() with args: ["class name","android.widget.CheckBox","75895e03-7749-47e3-bc13-bf90a3ed7962"]
&amp#27;[38;5;66m[75895e03]&amp#27;[0m&amp#27;[38;5;112m[AndroidUiautomator2Driver@b341 (75895e03)]&amp#27;[0m Valid locator strategies for this request: xpath, id, class name, accessibility id, css selector, -android uiautomator
&amp#27;[38;5;66m[75895e03]&amp#27;[0m&amp#27;[38;5;112m[AndroidUiautomator2Driver@b341 (75895e03)]&amp#27;[0m Waiting up to 20000 ms for condition
&amp#27;[38;5;66m[75895e03]&amp#27;[0m&amp#27;[38;5;112m[AndroidUiautomator2Driver@b341 (75895e03)]&amp#27;[0m Matched '/element' to command name 'findElement'
&amp#27;[38;5;66m[75895e03]&amp#27;[0m&amp#27;[38;5;112m[AndroidUiautomator2Driver@b341 (75895e03)]&amp#27;[0m Proxying [POST /element] to [POST http://127.0.0.1:8200/session/9a29d941-f2de-44a0-9e8c-b573902f2815/element] with body: {"strategy":"class name","selector":"android.widget.CheckBox","context":"","multiple":false}
&amp#27;[38;5;66m[75895e03]&amp#27;[0m&amp#27;[38;5;112m[AndroidUiautomator2Driver@b341 (75895e03)]&amp#27;[0m Got response with status 200: {"sessionId":"9a29d941-f2de-44a0-9e8c-b573902f2815","value":{"ELEMENT":"00000000-0000-0034-ffff-ffff0000007b","element-6066-11e4-a52e-4f735466cecf":"00000000-0000-0034-ffff-ffff0000007b"}}
&amp#27;[38;5;66m[75895e03]&amp#27;[0m&amp#27;[38;5;112m[AndroidUiautomator2Driver@b341 (75895e03)]&amp#27;[0m Responding to client with driver.findElement() result: {"element-6066-11e4-a52e-4f735466cecf":"00000000-0000-0034-ffff-ffff0000007b","ELEMENT":"00000000-0000-0034-ffff-ffff0000007b"}
&amp#27;[38;5;66m[75895e03]&amp#27;[0m&amp#27;[38;5;86m[HTTP]&amp#27;[0m <-- POST /session/75895e03-7749-47e3-bc13-bf90a3ed7962/element 200 64 ms - 137 
&amp#27;[38;5;66m[75895e03]&amp#27;[0m&amp#27;[38;5;86m[HTTP]&amp#27;[0m &amp#27;[37m-->&amp#27;[39m &amp#27;[37mPOST&amp#27;[39m &amp#27;[37m/session/75895e03-7749-47e3-bc13-bf90a3ed7962/element/00000000-0000-0034-ffff-ffff0000007b/click&amp#27;[39m {"id":"00000000-0000-0034-ffff-ffff0000007b"}
&amp#27;[38;5;66m[75895e03]&amp#27;[0m&amp#27;[38;5;112m[AndroidUiautomator2Driver@b341 (75895e03)]&amp#27;[0m Calling AppiumDriver.click() with args: ["00000000-0000-0034-ffff-ffff0000007b","75895e03-7749-47e3-bc13-bf90a3ed7962"]
&amp#27;[38;5;66m[75895e03]&amp#27;[0m&amp#27;[38;5;112m[AndroidUiautomator2Driver@b341 (75895e03)]&amp#27;[0m Matched '/element/00000000-0000-0034-ffff-ffff0000007b/click' to command name 'click'
&amp#27;[38;5;66m[75895e03]&amp#27;[0m&amp#27;[38;5;112m[AndroidUiautomator2Driver@b341 (75895e03)]&amp#27;[0m Proxying [POST /element/00000000-0000-0034-ffff-ffff0000007b/click] to [POST http://127.0.0.1:8200/session/9a29d941-f2de-44a0-9e8c-b573902f2815/element/00000000-0000-0034-ffff-ffff0000007b/click] with body: {"element":"00000000-0000-0034-ffff-ffff0000007b"}
&amp#27;[38;5;66m[75895e03]&amp#27;[0m&amp#27;[38;5;112m[AndroidUiautomator2Driver@b341 (75895e03)]&amp#27;[0m Got response with status 200: {"sessionId":"9a29d941-f2de-44a0-9e8c-b573902f2815","value":null}
&amp#27;[38;5;66m[75895e03]&amp#27;[0m&amp#27;[38;5;112m[AndroidUiautomator2Driver@b341 (75895e03)]&amp#27;[0m Responding to client with driver.click() result: null
&amp#27;[38;5;66m[75895e03]&amp#27;[0m&amp#27;[38;5;86m[HTTP]&amp#27;[0m <-- POST /session/75895e03-7749-47e3-bc13-bf90a3ed7962/element/00000000-0000-0034-ffff-ffff0000007b/click 200 84 ms - 14 
&amp#27;[38;5;66m[75895e03]&amp#27;[0m&amp#27;[38;5;86m[HTTP]&amp#27;[0m &amp#27;[37m-->&amp#27;[39m &amp#27;[37mGET&amp#27;[39m &amp#27;[37m/session/75895e03-7749-47e3-bc13-bf90a3ed7962/context&amp#27;[39m {}
&amp#27;[38;5;66m[75895e03]&amp#27;[0m&amp#27;[38;5;112m[AndroidUiautomator2Driver@b341 (75895e03)]&amp#27;[0m Calling AppiumDriver.getCurrentContext() with args: ["75895e03-7749-47e3-bc13-bf90a3ed7962"]
&amp#27;[38;5;66m[75895e03]&amp#27;[0m&amp#27;[38;5;112m[AndroidUiautomator2Driver@b341 (75895e03)]&amp#27;[0m Responding to client with driver.getCurrentContext() result: "NATIVE_APP"
&amp#27;[38;5;66m[75895e03]&amp#27;[0m&amp#27;[38;5;86m[HTTP]&amp#27;[0m <-- GET /session/75895e03-7749-47e3-bc13-bf90a3ed7962/context 200 1 ms - 22 
&amp#27;[38;5;66m[75895e03]&amp#27;[0m&amp#27;[38;5;86m[HTTP]&amp#27;[0m &amp#27;[37m-->&amp#27;[39m &amp#27;[37mPOST&amp#27;[39m &amp#27;[37m/session/75895e03-7749-47e3-bc13-bf90a3ed7962/element&amp#27;[39m {"using":"id","value":"com.androidsample.generalstore:id/btnProceed"}
&amp#27;[38;5;66m[75895e03]&amp#27;[0m&amp#27;[38;5;112m[AndroidUiautomator2Driver@b341 (75895e03)]&amp#27;[0m Calling AppiumDriver.findElement() with args: ["id","com.androidsample.generalstore:id/btnProceed","75895e03-7749-47e3-bc13-bf90a3ed7962"]
&amp#27;[38;5;66m[75895e03]&amp#27;[0m&amp#27;[38;5;112m[AndroidUiautomator2Driver@b341 (75895e03)]&amp#27;[0m Valid locator strategies for this request: xpath, id, class name, accessibility id, css selector, -android uiautomator
&amp#27;[38;5;66m[75895e03]&amp#27;[0m&amp#27;[38;5;112m[AndroidUiautomator2Driver@b341 (75895e03)]&amp#27;[0m Waiting up to 20000 ms for condition
&amp#27;[38;5;66m[75895e03]&amp#27;[0m&amp#27;[38;5;112m[AndroidUiautomator2Driver@b341 (75895e03)]&amp#27;[0m Matched '/element' to command name 'findElement'
&amp#27;[38;5;66m[75895e03]&amp#27;[0m&amp#27;[38;5;112m[AndroidUiautomator2Driver@b341 (75895e03)]&amp#27;[0m Proxying [POST /element] to [POST http://127.0.0.1:8200/session/9a29d941-f2de-44a0-9e8c-b573902f2815/element] with body: {"strategy":"id","selector":"com.androidsample.generalstore:id/btnProceed","context":"","multiple":false}
&amp#27;[38;5;66m[75895e03]&amp#27;[0m&amp#27;[38;5;112m[AndroidUiautomator2Driver@b341 (75895e03)]&amp#27;[0m Got response with status 200: {"sessionId":"9a29d941-f2de-44a0-9e8c-b573902f2815","value":{"ELEMENT":"00000000-0000-0034-ffff-ffff0000007c","element-6066-11e4-a52e-4f735466cecf":"00000000-0000-0034-ffff-ffff0000007c"}}
&amp#27;[38;5;66m[75895e03]&amp#27;[0m&amp#27;[38;5;112m[AndroidUiautomator2Driver@b341 (75895e03)]&amp#27;[0m Responding to client with driver.findElement() result: {"element-6066-11e4-a52e-4f735466cecf":"00000000-0000-0034-ffff-ffff0000007c","ELEMENT":"00000000-0000-0034-ffff-ffff0000007c"}
&amp#27;[38;5;66m[75895e03]&amp#27;[0m&amp#27;[38;5;86m[HTTP]&amp#27;[0m <-- POST /session/75895e03-7749-47e3-bc13-bf90a3ed7962/element 200 960 ms - 137 
&amp#27;[38;5;66m[75895e03]&amp#27;[0m&amp#27;[38;5;86m[HTTP]&amp#27;[0m &amp#27;[37m-->&amp#27;[39m &amp#27;[37mPOST&amp#27;[39m &amp#27;[37m/session/75895e03-7749-47e3-bc13-bf90a3ed7962/element/00000000-0000-0034-ffff-ffff0000007c/click&amp#27;[39m {"id":"00000000-0000-0034-ffff-ffff0000007c"}
&amp#27;[38;5;66m[75895e03]&amp#27;[0m&amp#27;[38;5;112m[AndroidUiautomator2Driver@b341 (75895e03)]&amp#27;[0m Calling AppiumDriver.click() with args: ["00000000-0000-0034-ffff-ffff0000007c","75895e03-7749-47e3-bc13-bf90a3ed7962"]
&amp#27;[38;5;66m[75895e03]&amp#27;[0m&amp#27;[38;5;112m[AndroidUiautomator2Driver@b341 (75895e03)]&amp#27;[0m Matched '/element/00000000-0000-0034-ffff-ffff0000007c/click' to command name 'click'
&amp#27;[38;5;66m[75895e03]&amp#27;[0m&amp#27;[38;5;112m[AndroidUiautomator2Driver@b341 (75895e03)]&amp#27;[0m Proxying [POST /element/00000000-0000-0034-ffff-ffff0000007c/click] to [POST http://127.0.0.1:8200/session/9a29d941-f2de-44a0-9e8c-b573902f2815/element/00000000-0000-0034-ffff-ffff0000007c/click] with body: {"element":"00000000-0000-0034-ffff-ffff0000007c"}
&amp#27;[38;5;66m[75895e03]&amp#27;[0m&amp#27;[38;5;112m[AndroidUiautomator2Driver@b341 (75895e03)]&amp#27;[0m Got response with status 200: {"sessionId":"9a29d941-f2de-44a0-9e8c-b573902f2815","value":null}
&amp#27;[38;5;66m[75895e03]&amp#27;[0m&amp#27;[38;5;112m[AndroidUiautomator2Driver@b341 (75895e03)]&amp#27;[0m Responding to client with driver.click() result: null
&amp#27;[38;5;66m[75895e03]&amp#27;[0m&amp#27;[38;5;86m[HTTP]&amp#27;[0m <-- POST /session/75895e03-7749-47e3-bc13-bf90a3ed7962/element/00000000-0000-0034-ffff-ffff0000007c/click 200 86 ms - 14 
]]></system-out>
    <system-err><![CDATA[SLF4J(W): No SLF4J providers were found.
SLF4J(W): Defaulting to no-operation (NOP) logger implementation
SLF4J(W): See https://www.slf4j.org/codes.html#noProviders for further details.
]]></system-err>
  </testcase>
</testsuite>