<?xml version="1.0" encoding="UTF-8"?>
<testsuite xmlns:xsi="http://www.w3.org/2001/XMLSchema-instance" xsi:noNamespaceSchemaLocation="https://maven.apache.org/surefire/maven-surefire-plugin/xsd/surefire-test-report-3.0.xsd" version="3.0" name="TestSuite" time="320.095" tests="6" errors="0" skipped="0" failures="5">
  <properties>
    <property name="gopherProxySet" value="false"/>
    <property name="awt.toolkit" value="sun.lwawt.macosx.LWCToolkit"/>
    <property name="java.specification.version" value="11"/>
    <property name="sun.cpu.isalist" value=""/>
    <property name="sun.jnu.encoding" value="UTF-8"/>
    <property name="java.class.path" value="/Users/oikhlas/eclipse-workspace/AppiumFrameworkDesign/target/test-classes:/Users/oikhlas/eclipse-workspace/AppiumFrameworkDesign/target/classes:/Users/oikhlas/.m2/repository/com/aventstack/extentreports/5.1.0/extentreports-5.1.0.jar:/Users/oikhlas/.m2/repository/io/reactivex/rxjava3/rxjava/3.1.6/rxjava-3.1.6.jar:/Users/oikhlas/.m2/repository/org/reactivestreams/reactive-streams/1.0.4/reactive-streams-1.0.4.jar:/Users/oikhlas/.m2/repository/org/freemarker/freemarker/2.3.32/freemarker-2.3.32.jar:/Users/oikhlas/.m2/repository/org/projectlombok/lombok/1.18.26/lombok-1.18.26.jar:/Users/oikhlas/.m2/repository/com/google/code/gson/gson/2.10.1/gson-2.10.1.jar:/Users/oikhlas/.m2/repository/com/applitools/eyes-appium-java5/5.71.0/eyes-appium-java5-5.71.0.jar:/Users/oikhlas/.m2/repository/com/applitools/eyes-selenium-java5/5.72.0/eyes-selenium-java5-5.72.0.jar:/Users/oikhlas/.m2/repository/com/applitools/eyes-selenium-common-java5/5.66.0/eyes-selenium-common-java5-5.66.0.jar:/Users/oikhlas/.m2/repository/com/applitools/eyes-sdk-core-java5/5.75.0/eyes-sdk-core-java5-5.75.0.jar:/Users/oikhlas/.m2/repository/com/applitools/eyes-universal-core/5.67.0/eyes-universal-core-5.67.0.jar:/Users/oikhlas/.m2/repository/com/applitools/eyes-common-java5/5.65.1/eyes-common-java5-5.65.1.jar:/Users/oikhlas/.m2/repository/org/imgscalr/imgscalr-lib/4.2/imgscalr-lib-4.2.jar:/Users/oikhlas/.m2/repository/commons-codec/commons-codec/1.10/commons-codec-1.10.jar:/Users/oikhlas/.m2/repository/org/apache/commons/commons-lang3/3.8.1/commons-lang3-3.8.1.jar:/Users/oikhlas/.m2/repository/org/brotli/dec/0.1.1/dec-0.1.1.jar:/Users/oikhlas/.m2/repository/org/jsoup/jsoup/1.15.3/jsoup-1.15.3.jar:/Users/oikhlas/.m2/repository/com/applitools/eyes-universal-core-mac/5.67.0/eyes-universal-core-mac-5.67.0.jar:/Users/oikhlas/.m2/repository/com/applitools/eyes-ufg-java5/5.68.0/eyes-ufg-java5-5.68.0.jar:/Users/oikhlas/.m2/repository/javax/websocket/javax.websocket-client-api/1.1/javax.websocket-client-api-1.1.jar:/Users/oikhlas/.m2/repository/org/asynchttpclient/async-http-client/2.12.3/async-http-client-2.12.3.jar:/Users/oikhlas/.m2/repository/org/asynchttpclient/async-http-client-netty-utils/2.12.3/async-http-client-netty-utils-2.12.3.jar:/Users/oikhlas/.m2/repository/io/netty/netty-buffer/4.1.60.Final/netty-buffer-4.1.60.Final.jar:/Users/oikhlas/.m2/repository/io/netty/netty-codec-http/4.1.60.Final/netty-codec-http-4.1.60.Final.jar:/Users/oikhlas/.m2/repository/io/netty/netty-common/4.1.60.Final/netty-common-4.1.60.Final.jar:/Users/oikhlas/.m2/repository/io/netty/netty-transport/4.1.60.Final/netty-transport-4.1.60.Final.jar:/Users/oikhlas/.m2/repository/io/netty/netty-codec/4.1.60.Final/netty-codec-4.1.60.Final.jar:/Users/oikhlas/.m2/repository/io/netty/netty-handler/4.1.60.Final/netty-handler-4.1.60.Final.jar:/Users/oikhlas/.m2/repository/io/netty/netty-resolver/4.1.60.Final/netty-resolver-4.1.60.Final.jar:/Users/oikhlas/.m2/repository/io/netty/netty-codec-socks/4.1.60.Final/netty-codec-socks-4.1.60.Final.jar:/Users/oikhlas/.m2/repository/io/netty/netty-handler-proxy/4.1.60.Final/netty-handler-proxy-4.1.60.Final.jar:/Users/oikhlas/.m2/repository/io/netty/netty-transport-native-epoll/4.1.60.Final/netty-transport-native-epoll-4.1.60.Final-linux-x86_64.jar:/Users/oikhlas/.m2/repository/io/netty/netty-transport-native-unix-common/4.1.60.Final/netty-transport-native-unix-common-4.1.60.Final.jar:/Users/oikhlas/.m2/repository/io/netty/netty-transport-native-kqueue/4.1.60.Final/netty-transport-native-kqueue-4.1.60.Final-osx-x86_64.jar:/Users/oikhlas/.m2/repository/com/typesafe/netty/netty-reactive-streams/2.0.4/netty-reactive-streams-2.0.4.jar:/Users/oikhlas/.m2/repository/com/sun/activation/jakarta.activation/1.2.2/jakarta.activation-1.2.2.jar:/Users/oikhlas/.m2/repository/com/helger/ph-css/6.1.1/ph-css-6.1.1.jar:/Users/oikhlas/.m2/repository/com/helger/ph-commons/9.0.2/ph-commons-9.0.2.jar:/Users/oikhlas/.m2/repository/io/appium/java-client/9.3.0/java-client-9.3.0.jar:/Users/oikhlas/.m2/repository/org/seleniumhq/selenium/selenium-api/4.26.0/selenium-api-4.26.0.jar:/Users/oikhlas/.m2/repository/org/jspecify/jspecify/1.0.0/jspecify-1.0.0.jar:/Users/oikhlas/.m2/repository/org/seleniumhq/selenium/selenium-remote-driver/4.26.0/selenium-remote-driver-4.26.0.jar:/Users/oikhlas/.m2/repository/com/google/auto/service/auto-service-annotations/1.1.1/auto-service-annotations-1.1.1.jar:/Users/oikhlas/.m2/repository/com/google/guava/guava/33.3.1-jre/guava-33.3.1-jre.jar:/Users/oikhlas/.m2/repository/com/google/guava/failureaccess/1.0.2/failureaccess-1.0.2.jar:/Users/oikhlas/.m2/repository/com/google/guava/listenablefuture/9999.0-empty-to-avoid-conflict-with-guava/listenablefuture-9999.0-empty-to-avoid-conflict-with-guava.jar:/Users/oikhlas/.m2/repository/com/google/code/findbugs/jsr305/3.0.2/jsr305-3.0.2.jar:/Users/oikhlas/.m2/repository/org/checkerframework/checker-qual/3.43.0/checker-qual-3.43.0.jar:/Users/oikhlas/.m2/repository/com/google/errorprone/error_prone_annotations/2.28.0/error_prone_annotations-2.28.0.jar:/Users/oikhlas/.m2/repository/com/google/j2objc/j2objc-annotations/3.0.0/j2objc-annotations-3.0.0.jar:/Users/oikhlas/.m2/repository/io/opentelemetry/semconv/opentelemetry-semconv/1.25.0-alpha/opentelemetry-semconv-1.25.0-alpha.jar:/Users/oikhlas/.m2/repository/io/opentelemetry/opentelemetry-api/1.43.0/opentelemetry-api-1.43.0.jar:/Users/oikhlas/.m2/repository/io/opentelemetry/opentelemetry-context/1.43.0/opentelemetry-context-1.43.0.jar:/Users/oikhlas/.m2/repository/io/opentelemetry/opentelemetry-exporter-logging/1.43.0/opentelemetry-exporter-logging-1.43.0.jar:/Users/oikhlas/.m2/repository/io/opentelemetry/opentelemetry-sdk-common/1.43.0/opentelemetry-sdk-common-1.43.0.jar:/Users/oikhlas/.m2/repository/io/opentelemetry/opentelemetry-sdk-extension-autoconfigure-spi/1.43.0/opentelemetry-sdk-extension-autoconfigure-spi-1.43.0.jar:/Users/oikhlas/.m2/repository/io/opentelemetry/opentelemetry-sdk-extension-autoconfigure/1.43.0/opentelemetry-sdk-extension-autoconfigure-1.43.0.jar:/Users/oikhlas/.m2/repository/io/opentelemetry/opentelemetry-api-incubator/1.43.0-alpha/opentelemetry-api-incubator-1.43.0-alpha.jar:/Users/oikhlas/.m2/repository/io/opentelemetry/opentelemetry-sdk-trace/1.43.0/opentelemetry-sdk-trace-1.43.0.jar:/Users/oikhlas/.m2/repository/io/opentelemetry/opentelemetry-sdk/1.43.0/opentelemetry-sdk-1.43.0.jar:/Users/oikhlas/.m2/repository/io/opentelemetry/opentelemetry-sdk-metrics/1.43.0/opentelemetry-sdk-metrics-1.43.0.jar:/Users/oikhlas/.m2/repository/io/opentelemetry/opentelemetry-sdk-logs/1.43.0/opentelemetry-sdk-logs-1.43.0.jar:/Users/oikhlas/.m2/repository/net/bytebuddy/byte-buddy/1.15.7/byte-buddy-1.15.7.jar:/Users/oikhlas/.m2/repository/org/seleniumhq/selenium/selenium-http/4.26.0/selenium-http-4.26.0.jar:/Users/oikhlas/.m2/repository/dev/failsafe/failsafe/3.3.2/failsafe-3.3.2.jar:/Users/oikhlas/.m2/repository/org/seleniumhq/selenium/selenium-json/4.26.0/selenium-json-4.26.0.jar:/Users/oikhlas/.m2/repository/org/seleniumhq/selenium/selenium-manager/4.26.0/selenium-manager-4.26.0.jar:/Users/oikhlas/.m2/repository/org/seleniumhq/selenium/selenium-os/4.26.0/selenium-os-4.26.0.jar:/Users/oikhlas/.m2/repository/org/apache/commons/commons-exec/1.4.0/commons-exec-1.4.0.jar:/Users/oikhlas/.m2/repository/org/seleniumhq/selenium/selenium-support/4.26.0/selenium-support-4.26.0.jar:/Users/oikhlas/.m2/repository/org/slf4j/slf4j-api/2.0.13/slf4j-api-2.0.13.jar:/Users/oikhlas/.m2/repository/org/testng/testng/7.8.0/testng-7.8.0.jar:/Users/oikhlas/.m2/repository/com/beust/jcommander/1.82/jcommander-1.82.jar:/Users/oikhlas/.m2/repository/org/webjars/jquery/3.6.1/jquery-3.6.1.jar:/Users/oikhlas/.m2/repository/org/seleniumhq/selenium/selenium-java/4.16.1/selenium-java-4.16.1.jar:/Users/oikhlas/.m2/repository/org/seleniumhq/selenium/selenium-chrome-driver/4.16.1/selenium-chrome-driver-4.16.1.jar:/Users/oikhlas/.m2/repository/org/seleniumhq/selenium/selenium-chromium-driver/4.16.1/selenium-chromium-driver-4.16.1.jar:/Users/oikhlas/.m2/repository/org/seleniumhq/selenium/selenium-devtools-v118/4.16.1/selenium-devtools-v118-4.16.1.jar:/Users/oikhlas/.m2/repository/org/seleniumhq/selenium/selenium-devtools-v119/4.16.1/selenium-devtools-v119-4.16.1.jar:/Users/oikhlas/.m2/repository/org/seleniumhq/selenium/selenium-devtools-v120/4.16.1/selenium-devtools-v120-4.16.1.jar:/Users/oikhlas/.m2/repository/org/seleniumhq/selenium/selenium-devtools-v85/4.16.1/selenium-devtools-v85-4.16.1.jar:/Users/oikhlas/.m2/repository/org/seleniumhq/selenium/selenium-edge-driver/4.16.1/selenium-edge-driver-4.16.1.jar:/Users/oikhlas/.m2/repository/org/seleniumhq/selenium/selenium-firefox-driver/4.16.1/selenium-firefox-driver-4.16.1.jar:/Users/oikhlas/.m2/repository/org/seleniumhq/selenium/selenium-ie-driver/4.16.1/selenium-ie-driver-4.16.1.jar:/Users/oikhlas/.m2/repository/org/seleniumhq/selenium/selenium-safari-driver/4.16.1/selenium-safari-driver-4.16.1.jar:/Users/oikhlas/.m2/repository/commons-io/commons-io/2.13.0/commons-io-2.13.0.jar:/Users/oikhlas/.m2/repository/com/fasterxml/jackson/core/jackson-databind/2.15.2/jackson-databind-2.15.2.jar:/Users/oikhlas/.m2/repository/com/fasterxml/jackson/core/jackson-annotations/2.15.2/jackson-annotations-2.15.2.jar:/Users/oikhlas/.m2/repository/com/fasterxml/jackson/core/jackson-core/2.15.2/jackson-core-2.15.2.jar:"/>
    <property name="java.vm.vendor" value="Oracle Corporation"/>
    <property name="sun.arch.data.model" value="64"/>
    <property name="java.vendor.url" value="https://openjdk.java.net/"/>
    <property name="user.timezone" value="Asia/Karachi"/>
    <property name="java.vm.specification.version" value="11"/>
    <property name="os.name" value="Mac OS X"/>
    <property name="sun.java.launcher" value="SUN_STANDARD"/>
    <property name="user.country" value="PK"/>
    <property name="sun.boot.library.path" value="/Library/Java/JavaVirtualMachines/jdk-11.jdk/Contents/Home/lib"/>
    <property name="sun.java.command" value="/Users/oikhlas/eclipse-workspace/AppiumFrameworkDesign/target/surefire/surefirebooter-20241105154539202_3.jar /Users/oikhlas/eclipse-workspace/AppiumFrameworkDesign/target/surefire 2024-11-05T15-45-39_086-jvmRun1 surefire-20241105154539202_1tmp surefire_0-20241105154539202_2tmp"/>
    <property name="http.nonProxyHosts" value="local|*.local|169.254/16|*.169.254/16"/>
    <property name="jdk.debug" value="release"/>
    <property name="surefire.test.class.path" value="/Users/oikhlas/eclipse-workspace/AppiumFrameworkDesign/target/test-classes:/Users/oikhlas/eclipse-workspace/AppiumFrameworkDesign/target/classes:/Users/oikhlas/.m2/repository/com/aventstack/extentreports/5.1.0/extentreports-5.1.0.jar:/Users/oikhlas/.m2/repository/io/reactivex/rxjava3/rxjava/3.1.6/rxjava-3.1.6.jar:/Users/oikhlas/.m2/repository/org/reactivestreams/reactive-streams/1.0.4/reactive-streams-1.0.4.jar:/Users/oikhlas/.m2/repository/org/freemarker/freemarker/2.3.32/freemarker-2.3.32.jar:/Users/oikhlas/.m2/repository/org/projectlombok/lombok/1.18.26/lombok-1.18.26.jar:/Users/oikhlas/.m2/repository/com/google/code/gson/gson/2.10.1/gson-2.10.1.jar:/Users/oikhlas/.m2/repository/com/applitools/eyes-appium-java5/5.71.0/eyes-appium-java5-5.71.0.jar:/Users/oikhlas/.m2/repository/com/applitools/eyes-selenium-java5/5.72.0/eyes-selenium-java5-5.72.0.jar:/Users/oikhlas/.m2/repository/com/applitools/eyes-selenium-common-java5/5.66.0/eyes-selenium-common-java5-5.66.0.jar:/Users/oikhlas/.m2/repository/com/applitools/eyes-sdk-core-java5/5.75.0/eyes-sdk-core-java5-5.75.0.jar:/Users/oikhlas/.m2/repository/com/applitools/eyes-universal-core/5.67.0/eyes-universal-core-5.67.0.jar:/Users/oikhlas/.m2/repository/com/applitools/eyes-common-java5/5.65.1/eyes-common-java5-5.65.1.jar:/Users/oikhlas/.m2/repository/org/imgscalr/imgscalr-lib/4.2/imgscalr-lib-4.2.jar:/Users/oikhlas/.m2/repository/commons-codec/commons-codec/1.10/commons-codec-1.10.jar:/Users/oikhlas/.m2/repository/org/apache/commons/commons-lang3/3.8.1/commons-lang3-3.8.1.jar:/Users/oikhlas/.m2/repository/org/brotli/dec/0.1.1/dec-0.1.1.jar:/Users/oikhlas/.m2/repository/org/jsoup/jsoup/1.15.3/jsoup-1.15.3.jar:/Users/oikhlas/.m2/repository/com/applitools/eyes-universal-core-mac/5.67.0/eyes-universal-core-mac-5.67.0.jar:/Users/oikhlas/.m2/repository/com/applitools/eyes-ufg-java5/5.68.0/eyes-ufg-java5-5.68.0.jar:/Users/oikhlas/.m2/repository/javax/websocket/javax.websocket-client-api/1.1/javax.websocket-client-api-1.1.jar:/Users/oikhlas/.m2/repository/org/asynchttpclient/async-http-client/2.12.3/async-http-client-2.12.3.jar:/Users/oikhlas/.m2/repository/org/asynchttpclient/async-http-client-netty-utils/2.12.3/async-http-client-netty-utils-2.12.3.jar:/Users/oikhlas/.m2/repository/io/netty/netty-buffer/4.1.60.Final/netty-buffer-4.1.60.Final.jar:/Users/oikhlas/.m2/repository/io/netty/netty-codec-http/4.1.60.Final/netty-codec-http-4.1.60.Final.jar:/Users/oikhlas/.m2/repository/io/netty/netty-common/4.1.60.Final/netty-common-4.1.60.Final.jar:/Users/oikhlas/.m2/repository/io/netty/netty-transport/4.1.60.Final/netty-transport-4.1.60.Final.jar:/Users/oikhlas/.m2/repository/io/netty/netty-codec/4.1.60.Final/netty-codec-4.1.60.Final.jar:/Users/oikhlas/.m2/repository/io/netty/netty-handler/4.1.60.Final/netty-handler-4.1.60.Final.jar:/Users/oikhlas/.m2/repository/io/netty/netty-resolver/4.1.60.Final/netty-resolver-4.1.60.Final.jar:/Users/oikhlas/.m2/repository/io/netty/netty-codec-socks/4.1.60.Final/netty-codec-socks-4.1.60.Final.jar:/Users/oikhlas/.m2/repository/io/netty/netty-handler-proxy/4.1.60.Final/netty-handler-proxy-4.1.60.Final.jar:/Users/oikhlas/.m2/repository/io/netty/netty-transport-native-epoll/4.1.60.Final/netty-transport-native-epoll-4.1.60.Final-linux-x86_64.jar:/Users/oikhlas/.m2/repository/io/netty/netty-transport-native-unix-common/4.1.60.Final/netty-transport-native-unix-common-4.1.60.Final.jar:/Users/oikhlas/.m2/repository/io/netty/netty-transport-native-kqueue/4.1.60.Final/netty-transport-native-kqueue-4.1.60.Final-osx-x86_64.jar:/Users/oikhlas/.m2/repository/com/typesafe/netty/netty-reactive-streams/2.0.4/netty-reactive-streams-2.0.4.jar:/Users/oikhlas/.m2/repository/com/sun/activation/jakarta.activation/1.2.2/jakarta.activation-1.2.2.jar:/Users/oikhlas/.m2/repository/com/helger/ph-css/6.1.1/ph-css-6.1.1.jar:/Users/oikhlas/.m2/repository/com/helger/ph-commons/9.0.2/ph-commons-9.0.2.jar:/Users/oikhlas/.m2/repository/io/appium/java-client/9.3.0/java-client-9.3.0.jar:/Users/oikhlas/.m2/repository/org/seleniumhq/selenium/selenium-api/4.26.0/selenium-api-4.26.0.jar:/Users/oikhlas/.m2/repository/org/jspecify/jspecify/1.0.0/jspecify-1.0.0.jar:/Users/oikhlas/.m2/repository/org/seleniumhq/selenium/selenium-remote-driver/4.26.0/selenium-remote-driver-4.26.0.jar:/Users/oikhlas/.m2/repository/com/google/auto/service/auto-service-annotations/1.1.1/auto-service-annotations-1.1.1.jar:/Users/oikhlas/.m2/repository/com/google/guava/guava/33.3.1-jre/guava-33.3.1-jre.jar:/Users/oikhlas/.m2/repository/com/google/guava/failureaccess/1.0.2/failureaccess-1.0.2.jar:/Users/oikhlas/.m2/repository/com/google/guava/listenablefuture/9999.0-empty-to-avoid-conflict-with-guava/listenablefuture-9999.0-empty-to-avoid-conflict-with-guava.jar:/Users/oikhlas/.m2/repository/com/google/code/findbugs/jsr305/3.0.2/jsr305-3.0.2.jar:/Users/oikhlas/.m2/repository/org/checkerframework/checker-qual/3.43.0/checker-qual-3.43.0.jar:/Users/oikhlas/.m2/repository/com/google/errorprone/error_prone_annotations/2.28.0/error_prone_annotations-2.28.0.jar:/Users/oikhlas/.m2/repository/com/google/j2objc/j2objc-annotations/3.0.0/j2objc-annotations-3.0.0.jar:/Users/oikhlas/.m2/repository/io/opentelemetry/semconv/opentelemetry-semconv/1.25.0-alpha/opentelemetry-semconv-1.25.0-alpha.jar:/Users/oikhlas/.m2/repository/io/opentelemetry/opentelemetry-api/1.43.0/opentelemetry-api-1.43.0.jar:/Users/oikhlas/.m2/repository/io/opentelemetry/opentelemetry-context/1.43.0/opentelemetry-context-1.43.0.jar:/Users/oikhlas/.m2/repository/io/opentelemetry/opentelemetry-exporter-logging/1.43.0/opentelemetry-exporter-logging-1.43.0.jar:/Users/oikhlas/.m2/repository/io/opentelemetry/opentelemetry-sdk-common/1.43.0/opentelemetry-sdk-common-1.43.0.jar:/Users/oikhlas/.m2/repository/io/opentelemetry/opentelemetry-sdk-extension-autoconfigure-spi/1.43.0/opentelemetry-sdk-extension-autoconfigure-spi-1.43.0.jar:/Users/oikhlas/.m2/repository/io/opentelemetry/opentelemetry-sdk-extension-autoconfigure/1.43.0/opentelemetry-sdk-extension-autoconfigure-1.43.0.jar:/Users/oikhlas/.m2/repository/io/opentelemetry/opentelemetry-api-incubator/1.43.0-alpha/opentelemetry-api-incubator-1.43.0-alpha.jar:/Users/oikhlas/.m2/repository/io/opentelemetry/opentelemetry-sdk-trace/1.43.0/opentelemetry-sdk-trace-1.43.0.jar:/Users/oikhlas/.m2/repository/io/opentelemetry/opentelemetry-sdk/1.43.0/opentelemetry-sdk-1.43.0.jar:/Users/oikhlas/.m2/repository/io/opentelemetry/opentelemetry-sdk-metrics/1.43.0/opentelemetry-sdk-metrics-1.43.0.jar:/Users/oikhlas/.m2/repository/io/opentelemetry/opentelemetry-sdk-logs/1.43.0/opentelemetry-sdk-logs-1.43.0.jar:/Users/oikhlas/.m2/repository/net/bytebuddy/byte-buddy/1.15.7/byte-buddy-1.15.7.jar:/Users/oikhlas/.m2/repository/org/seleniumhq/selenium/selenium-http/4.26.0/selenium-http-4.26.0.jar:/Users/oikhlas/.m2/repository/dev/failsafe/failsafe/3.3.2/failsafe-3.3.2.jar:/Users/oikhlas/.m2/repository/org/seleniumhq/selenium/selenium-json/4.26.0/selenium-json-4.26.0.jar:/Users/oikhlas/.m2/repository/org/seleniumhq/selenium/selenium-manager/4.26.0/selenium-manager-4.26.0.jar:/Users/oikhlas/.m2/repository/org/seleniumhq/selenium/selenium-os/4.26.0/selenium-os-4.26.0.jar:/Users/oikhlas/.m2/repository/org/apache/commons/commons-exec/1.4.0/commons-exec-1.4.0.jar:/Users/oikhlas/.m2/repository/org/seleniumhq/selenium/selenium-support/4.26.0/selenium-support-4.26.0.jar:/Users/oikhlas/.m2/repository/org/slf4j/slf4j-api/2.0.13/slf4j-api-2.0.13.jar:/Users/oikhlas/.m2/repository/org/testng/testng/7.8.0/testng-7.8.0.jar:/Users/oikhlas/.m2/repository/com/beust/jcommander/1.82/jcommander-1.82.jar:/Users/oikhlas/.m2/repository/org/webjars/jquery/3.6.1/jquery-3.6.1.jar:/Users/oikhlas/.m2/repository/org/seleniumhq/selenium/selenium-java/4.16.1/selenium-java-4.16.1.jar:/Users/oikhlas/.m2/repository/org/seleniumhq/selenium/selenium-chrome-driver/4.16.1/selenium-chrome-driver-4.16.1.jar:/Users/oikhlas/.m2/repository/org/seleniumhq/selenium/selenium-chromium-driver/4.16.1/selenium-chromium-driver-4.16.1.jar:/Users/oikhlas/.m2/repository/org/seleniumhq/selenium/selenium-devtools-v118/4.16.1/selenium-devtools-v118-4.16.1.jar:/Users/oikhlas/.m2/repository/org/seleniumhq/selenium/selenium-devtools-v119/4.16.1/selenium-devtools-v119-4.16.1.jar:/Users/oikhlas/.m2/repository/org/seleniumhq/selenium/selenium-devtools-v120/4.16.1/selenium-devtools-v120-4.16.1.jar:/Users/oikhlas/.m2/repository/org/seleniumhq/selenium/selenium-devtools-v85/4.16.1/selenium-devtools-v85-4.16.1.jar:/Users/oikhlas/.m2/repository/org/seleniumhq/selenium/selenium-edge-driver/4.16.1/selenium-edge-driver-4.16.1.jar:/Users/oikhlas/.m2/repository/org/seleniumhq/selenium/selenium-firefox-driver/4.16.1/selenium-firefox-driver-4.16.1.jar:/Users/oikhlas/.m2/repository/org/seleniumhq/selenium/selenium-ie-driver/4.16.1/selenium-ie-driver-4.16.1.jar:/Users/oikhlas/.m2/repository/org/seleniumhq/selenium/selenium-safari-driver/4.16.1/selenium-safari-driver-4.16.1.jar:/Users/oikhlas/.m2/repository/commons-io/commons-io/2.13.0/commons-io-2.13.0.jar:/Users/oikhlas/.m2/repository/com/fasterxml/jackson/core/jackson-databind/2.15.2/jackson-databind-2.15.2.jar:/Users/oikhlas/.m2/repository/com/fasterxml/jackson/core/jackson-annotations/2.15.2/jackson-annotations-2.15.2.jar:/Users/oikhlas/.m2/repository/com/fasterxml/jackson/core/jackson-core/2.15.2/jackson-core-2.15.2.jar:"/>
    <property name="sun.cpu.endian" value="little"/>
    <property name="user.home" value="/Users/oikhlas"/>
    <property name="user.language" value="en"/>
    <property name="java.specification.vendor" value="Oracle Corporation"/>
    <property name="java.version.date" value="2023-01-17"/>
    <property name="java.home" value="/Library/Java/JavaVirtualMachines/jdk-11.jdk/Contents/Home"/>
    <property name="file.separator" value="/"/>
    <property name="basedir" value="/Users/oikhlas/eclipse-workspace/AppiumFrameworkDesign"/>
    <property name="java.vm.compressedOopsMode" value="Zero based"/>
    <property name="line.separator" value="&#10;"/>
    <property name="java.specification.name" value="Java Platform API Specification"/>
    <property name="java.vm.specification.vendor" value="Oracle Corporation"/>
    <property name="java.awt.graphicsenv" value="sun.awt.CGraphicsEnvironment"/>
    <property name="127.0.0.1" value="true"/>
    <property name="surefire.real.class.path" value="/Users/oikhlas/eclipse-workspace/AppiumFrameworkDesign/target/surefire/surefirebooter-20241105154539202_3.jar"/>
    <property name="sun.management.compiler" value="HotSpot 64-Bit Tiered Compilers"/>
    <property name="ftp.nonProxyHosts" value="local|*.local|169.254/16|*.169.254/16"/>
    <property name="java.runtime.version" value="11.0.18+9-LTS-195"/>
    <property name="user.name" value="oikhlas"/>
    <property name="path.separator" value=":"/>
    <property name="os.version" value="12.7.1"/>
    <property name="java.runtime.name" value="Java(TM) SE Runtime Environment"/>
    <property name="file.encoding" value="UTF-8"/>
    <property name="sun.nio.ch.bugLevel" value=""/>
    <property name="java.vm.name" value="Java HotSpot(TM) 64-Bit Server VM"/>
    <property name="java.vendor.version" value="18.9"/>
    <property name="localRepository" value="/Users/oikhlas/.m2/repository"/>
    <property name="java.vendor.url.bug" value="https://bugreport.java.com/bugreport/"/>
    <property name="java.io.tmpdir" value="/var/folders/jr/_q86ggqx4r74n7gr74psjbt80000gq/T/"/>
    <property name="java.version" value="11.0.18"/>
    <property name="user.dir" value="/Users/oikhlas/eclipse-workspace/AppiumFrameworkDesign"/>
    <property name="os.arch" value="x86_64"/>
    <property name="java.vm.specification.name" value="Java Virtual Machine Specification"/>
    <property name="java.awt.printerjob" value="sun.lwawt.macosx.CPrinterJob"/>
    <property name="sun.os.patch.level" value="unknown"/>
    <property name="java.library.path" value="/Users/oikhlas/Library/Java/Extensions:/Library/Java/Extensions:/Network/Library/Java/Extensions:/System/Library/Java/Extensions:/usr/lib/java:."/>
    <property name="java.vendor" value="Oracle Corporation"/>
    <property name="java.vm.info" value="mixed mode"/>
    <property name="java.vm.version" value="11.0.18+9-LTS-195"/>
    <property name="sun.io.unicode.encoding" value="UnicodeBig"/>
    <property name="java.class.version" value="55.0"/>
    <property name="socksNonProxyHosts" value="local|*.local|169.254/16|*.169.254/16"/>
  </properties>
  <testcase name="fillForm[{name=Osama Ikhlas, country=Argentina, gender=male}](1)" classname="org.osamaikhlas.ECommerce_TestCase_01" time="25.464">
    <failure message="Can&apos;t locate an element by this strategy: By.chained({AppiumBy.id: com.androidsample.generalstore:id/nameField})" type="org.openqa.selenium.NoSuchElementException"><![CDATA[org.openqa.selenium.NoSuchElementException: Can't locate an element by this strategy: By.chained({AppiumBy.id: com.androidsample.generalstore:id/nameField})
	at io.appium.java_client.pagefactory.AppiumElementLocator.findElement(AppiumElementLocator.java:166)
	at io.appium.java_client.pagefactory.interceptors.InterceptorOfASingleElement.call(InterceptorOfASingleElement.java:75)
	at io.appium.java_client.proxy.Interceptor.intercept(Interceptor.java:78)
	at org.openqa.selenium.remote.RemoteWebElement$ByteBuddy$isdEdvJf.sendKeys(Unknown Source)
	at org.osamaikhlas.pageObjects.android.FormPage.setNameField(FormPage.java:50)
	at org.osamaikhlas.ECommerce_TestCase_01.fillForm(ECommerce_TestCase_01.java:23)
	at java.base/jdk.internal.reflect.NativeMethodAccessorImpl.invoke0(Native Method)
	at java.base/jdk.internal.reflect.NativeMethodAccessorImpl.invoke(NativeMethodAccessorImpl.java:62)
	at java.base/jdk.internal.reflect.DelegatingMethodAccessorImpl.invoke(DelegatingMethodAccessorImpl.java:43)
	at java.base/java.lang.reflect.Method.invoke(Method.java:566)
	at org.testng.internal.invokers.MethodInvocationHelper.invokeMethod(MethodInvocationHelper.java:139)
	at org.testng.internal.invokers.TestInvoker.invokeMethod(TestInvoker.java:664)
	at org.testng.internal.invokers.TestInvoker.invokeTestMethod(TestInvoker.java:227)
	at org.testng.internal.invokers.MethodRunner.runInSequence(MethodRunner.java:50)
	at org.testng.internal.invokers.TestInvoker$MethodInvocationAgent.invoke(TestInvoker.java:957)
	at org.testng.internal.invokers.TestInvoker.invokeTestMethods(TestInvoker.java:200)
	at org.testng.internal.invokers.TestMethodWorker.invokeTestMethods(TestMethodWorker.java:148)
	at org.testng.internal.invokers.TestMethodWorker.run(TestMethodWorker.java:128)
	at java.base/java.util.ArrayList.forEach(ArrayList.java:1541)
	at org.testng.TestRunner.privateRun(TestRunner.java:848)
	at org.testng.TestRunner.run(TestRunner.java:621)
	at org.testng.SuiteRunner.runTest(SuiteRunner.java:443)
	at org.testng.SuiteRunner.runSequentially(SuiteRunner.java:437)
	at org.testng.SuiteRunner.privateRun(SuiteRunner.java:397)
	at org.testng.SuiteRunner.run(SuiteRunner.java:336)
	at org.testng.SuiteRunnerWorker.runSuite(SuiteRunnerWorker.java:52)
	at org.testng.SuiteRunnerWorker.run(SuiteRunnerWorker.java:95)
	at org.testng.TestNG.runSuitesSequentially(TestNG.java:1280)
	at org.testng.TestNG.runSuitesLocally(TestNG.java:1200)
	at org.testng.TestNG.runSuites(TestNG.java:1114)
	at org.testng.TestNG.run(TestNG.java:1082)
	at org.apache.maven.surefire.testng.TestNGExecutor.run(TestNGExecutor.java:308)
	at org.apache.maven.surefire.testng.TestNGXmlTestSuite.execute(TestNGXmlTestSuite.java:71)
	at org.apache.maven.surefire.testng.TestNGProvider.invoke(TestNGProvider.java:113)
	at org.apache.maven.surefire.booter.ForkedBooter.runSuitesInProcess(ForkedBooter.java:385)
	at org.apache.maven.surefire.booter.ForkedBooter.execute(ForkedBooter.java:162)
	at org.apache.maven.surefire.booter.ForkedBooter.run(ForkedBooter.java:507)
	at org.apache.maven.surefire.booter.ForkedBooter.main(ForkedBooter.java:495)
Caused by: org.openqa.selenium.TimeoutException: Expected condition failed: waiting for io.appium.java_client.pagefactory.AppiumElementLocator$WaitingFunction@6870cfac (tried for 1 second(s) with 500 milliseconds interval)
	at org.openqa.selenium.support.ui.FluentWait.timeoutException(FluentWait.java:265)
	at org.openqa.selenium.support.ui.FluentWait.until(FluentWait.java:228)
	at io.appium.java_client.pagefactory.AppiumElementLocator.waitFor(AppiumElementLocator.java:135)
	at io.appium.java_client.pagefactory.AppiumElementLocator.findElement(AppiumElementLocator.java:160)
	... 37 more
Caused by: org.openqa.selenium.NoSuchElementException: Cannot locate an element using By.chained({AppiumBy.id: com.androidsample.generalstore:id/nameField})
For documentation on this error, please visit: https://www.selenium.dev/documentation/webdriver/troubleshooting/errors#no-such-element-exception
Build info: version: '4.26.0', revision: '8ccf0219d7'
System info: os.name: 'Mac OS X', os.arch: 'x86_64', os.version: '12.7.1', java.version: '11.0.18'
Driver info: driver.version: RemoteWebDriver
	at io.appium.java_client.pagefactory.bys.builder.ByChained.findElement(ByChained.java:74)
	at org.openqa.selenium.remote.ElementLocation$ElementFinder$1.findElement(ElementLocation.java:139)
	at org.openqa.selenium.remote.ElementLocation.findElement(ElementLocation.java:81)
	at org.openqa.selenium.remote.RemoteWebDriver.findElement(RemoteWebDriver.java:368)
	at org.openqa.selenium.remote.RemoteWebDriver.findElement(RemoteWebDriver.java:362)
	at io.appium.java_client.pagefactory.bys.ContentMappedBy.findElement(ContentMappedBy.java:54)
	at org.openqa.selenium.remote.ElementLocation$ElementFinder$1.findElement(ElementLocation.java:139)
	at org.openqa.selenium.remote.ElementLocation.findElement(ElementLocation.java:81)
	at org.openqa.selenium.remote.RemoteWebDriver.findElement(RemoteWebDriver.java:368)
	at org.openqa.selenium.remote.RemoteWebDriver.findElement(RemoteWebDriver.java:362)
	at io.appium.java_client.pagefactory.AppiumElementLocator.lambda$findElement$1(AppiumElementLocator.java:160)
	at io.appium.java_client.pagefactory.AppiumElementLocator$WaitingFunction.apply(AppiumElementLocator.java:217)
	at io.appium.java_client.pagefactory.AppiumElementLocator$WaitingFunction.apply(AppiumElementLocator.java:210)
	at org.openqa.selenium.support.ui.FluentWait.until(FluentWait.java:203)
	... 39 more
]]></failure>
    <system-out><![CDATA[Starting universal core in: /var/folders/jr/_q86ggqx4r74n7gr74psjbt80000gq/T/core-macos


eyes | 2024-11-05 15:45:47.817 | [info] | Logs saved in: /var/folders/jr/_q86ggqx4r74n7gr74psjbt80000gq/T/applitools-logs
&amp#27;[38;5;112m[Appium]&amp#27;[0m Welcome to Appium v2.12.0
&amp#27;[38;5;112m[Appium]&amp#27;[0m Non-default server args:
&amp#27;[38;5;112m[Appium]&amp#27;[0m { address: &amp#27;[32m'127.0.0.1'&amp#27;[39m }
&amp#27;[38;5;112m[Appium]&amp#27;[0m The autodetected Appium home path: /Users/oikhlas/.appium
&amp#27;[38;5;112m[Appium]&amp#27;[0m Attempting to load driver uiautomator2...
&amp#27;[38;5;112m[Appium]&amp#27;[0m Attempting to load driver xcuitest...
&amp#27;[38;5;112m[Appium]&amp#27;[0m Requiring driver at /Users/oikhlas/.appium/node_modules/appium-uiautomator2-driver/build/index.js
&amp#27;[38;5;112m[Appium]&amp#27;[0m Requiring driver at /Users/oikhlas/.appium/node_modules/appium-xcuitest-driver/build/index.js
&amp#27;[38;5;112m[Appium]&amp#27;[0m AndroidUiautomator2Driver has been successfully loaded in 5.032s
&amp#27;[38;5;112m[Appium]&amp#27;[0m XCUITestDriver has been successfully loaded in 5.033s
&amp#27;[38;5;112m[Appium]&amp#27;[0m Appium REST http interface listener started on http://127.0.0.1:4723
&amp#27;[38;5;112m[Appium]&amp#27;[0m Available drivers:
&amp#27;[38;5;112m[Appium]&amp#27;[0m   - uiautomator2@2.45.1 (automationName 'UiAutomator2')
&amp#27;[38;5;112m[Appium]&amp#27;[0m   - xcuitest@4.35.0 (automationName 'XCUITest')
&amp#27;[38;5;112m[Appium]&amp#27;[0m No plugins have been installed. Use the "appium plugin" command to install the one(s) you want to use.
&amp#27;[38;5;86m[HTTP]&amp#27;[0m &amp#27;[37m-->&amp#27;[39m &amp#27;[37mGET&amp#27;[39m &amp#27;[37m/status&amp#27;[39m {}
&amp#27;[38;5;170m[AppiumDriver@3207]&amp#27;[0m Calling AppiumDriver.getStatus() with args: []
&amp#27;[38;5;170m[AppiumDriver@3207]&amp#27;[0m Responding to client with driver.getStatus() result: {"ready":true,"message":"The server is ready to accept new connections","build":{"version":"2.12.0"}}
&amp#27;[38;5;86m[HTTP]&amp#27;[0m <-- GET /status 200 12 ms - 111 
&amp#27;[38;5;86m[HTTP]&amp#27;[0m Request idempotency key: 01e88cee-b1e6-416a-bfe3-56dba80b3630
&amp#27;[38;5;86m[HTTP]&amp#27;[0m &amp#27;[37m-->&amp#27;[39m &amp#27;[37mPOST&amp#27;[39m &amp#27;[37m/session&amp#27;[39m {"capabilities":{"firstMatch":[{"appium:chromedriverExecutable":"//Users//oikhlas//Downloads//chromedriver_mac64//chromedriver","appium:deviceName":"Osamaemulator","platformName":"ANDROID","appium:automationName":"UIAutomator2","appium:app":"/Users/oikhlas/eclipse-workspace/AppiumFrameworkDesign//src//test//java//resources//General-Store.apk"}]}}
&amp#27;[38;5;170m[AppiumDriver@3207]&amp#27;[0m Calling AppiumDriver.createSession() with args: [null,null,{"firstMatch":[{"appium:chromedriverExecutable":"//Users//oikhlas//Downloads//chromedriver_mac64//chromedriver","appium:deviceName":"Osamaemulator","platformName":"ANDROID","appium:automationName":"UIAutomator2","appium:app":"/Users/oikhlas/eclipse-workspace/AppiumFrameworkDesign//src//test//java//resources//General-Store.apk"}]}]
&amp#27;[38;5;170m[AppiumDriver@3207]&amp#27;[0m Event 'newSessionRequested' logged at 1730803556582 (15:45:56 GMT+0500 (Pakistan Standard Time))
&amp#27;[38;5;112m[Appium]&amp#27;[0m Attempting to find matching driver for automationName 'UIAutomator2' and platformName 'ANDROID'
&amp#27;[38;5;112m[Appium]&amp#27;[0m The 'uiautomator2' driver was installed and matched caps.
&amp#27;[38;5;112m[Appium]&amp#27;[0m Will require it at /Users/oikhlas/.appium/node_modules/appium-uiautomator2-driver
&amp#27;[38;5;112m[Appium]&amp#27;[0m Requiring driver at /Users/oikhlas/.appium/node_modules/appium-uiautomator2-driver/build/index.js
&amp#27;[38;5;170m[AppiumDriver@3207]&amp#27;[0m Appium v2.12.0 creating new AndroidUiautomator2Driver (v2.45.1) session
&amp#27;[38;5;170m[AppiumDriver@3207]&amp#27;[0m Checking BaseDriver versions for Appium and AndroidUiautomator2Driver
&amp#27;[38;5;170m[AppiumDriver@3207]&amp#27;[0m Appium's BaseDriver version is 9.12.0
&amp#27;[38;5;170m[AppiumDriver@3207]&amp#27;[0m AndroidUiautomator2Driver's BaseDriver version is 9.3.15
&amp#27;[38;5;-69m[AndroidUiautomator2Driver@3f8a]&amp#27;[0m Creating session with W3C capabilities: {
&amp#27;[38;5;-69m[AndroidUiautomator2Driver@3f8a]&amp#27;[0m   "alwaysMatch": {
&amp#27;[38;5;-69m[AndroidUiautomator2Driver@3f8a]&amp#27;[0m     "platformName": "ANDROID",
&amp#27;[38;5;-69m[AndroidUiautomator2Driver@3f8a]&amp#27;[0m     "appium:chromedriverExecutable": "//Users//oikhlas//Downloads//chromedriver_mac64//chromedriver",
&amp#27;[38;5;-69m[AndroidUiautomator2Driver@3f8a]&amp#27;[0m     "appium:deviceName": "Osamaemulator",
&amp#27;[38;5;-69m[AndroidUiautomator2Driver@3f8a]&amp#27;[0m     "appium:automationName": "UIAutomator2",
&amp#27;[38;5;-69m[AndroidUiautomator2Driver@3f8a]&amp#27;[0m     "appium:app": "/Users/oikhlas/eclipse-workspace/AppiumFrameworkDesign//src//test//java//resources//General-Store.apk"
&amp#27;[38;5;-69m[AndroidUiautomator2Driver@3f8a]&amp#27;[0m   },
&amp#27;[38;5;-69m[AndroidUiautomator2Driver@3f8a]&amp#27;[0m   "firstMatch": [
&amp#27;[38;5;-69m[AndroidUiautomator2Driver@3f8a]&amp#27;[0m     {}
&amp#27;[38;5;-69m[AndroidUiautomator2Driver@3f8a]&amp#27;[0m   ]
&amp#27;[38;5;-69m[AndroidUiautomator2Driver@3f8a]&amp#27;[0m }
&amp#27;[38;5;199m[AndroidUiautomator2Driver@3f8a (c345ad8e)]&amp#27;[0m Session created with session id: c345ad8e-0069-4922-8b53-b1aeb605890e
&amp#27;[38;5;229m[ADB]&amp#27;[0m Found 2 'build-tools' folders under '/users/oikhlas/Library/Android/sdk' (newest first):
&amp#27;[38;5;229m[ADB]&amp#27;[0m     /users/oikhlas/Library/Android/sdk/build-tools/34.0.0
&amp#27;[38;5;229m[ADB]&amp#27;[0m     /users/oikhlas/Library/Android/sdk/build-tools/30.0.3
&amp#27;[38;5;229m[ADB]&amp#27;[0m Using 'adb' from '/users/oikhlas/Library/Android/sdk/platform-tools/adb'
&amp#27;[38;5;229m[ADB]&amp#27;[0m Running '/users/oikhlas/Library/Android/sdk/platform-tools/adb -P 5037 start-server'
&amp#27;[38;5;199m[AndroidUiautomator2Driver@3f8a (c345ad8e)]&amp#27;[0m Retrieving device list
&amp#27;[38;5;229m[ADB]&amp#27;[0m Trying to find connected Android devices
&amp#27;[38;5;229m[ADB]&amp#27;[0m Getting connected devices
&amp#27;[38;5;229m[ADB]&amp#27;[0m Connected devices: [{"udid":"emulator-5554","state":"device"}]
&amp#27;[38;5;199m[AndroidUiautomator2Driver@3f8a (c345ad8e)]&amp#27;[0m Using device: emulator-5554
&amp#27;[38;5;229m[ADB]&amp#27;[0m Using 'adb' from '/users/oikhlas/Library/Android/sdk/platform-tools/adb'
&amp#27;[38;5;229m[ADB]&amp#27;[0m Running '/users/oikhlas/Library/Android/sdk/platform-tools/adb -P 5037 start-server'
&amp#27;[38;5;229m[ADB]&amp#27;[0m Setting device id to emulator-5554
&amp#27;[38;5;123m[BaseDriver]&amp#27;[0m Using local app '/Users/oikhlas/eclipse-workspace/AppiumFrameworkDesign//src//test//java//resources//General-Store.apk'
&amp#27;[38;5;199m[AndroidUiautomator2Driver@3f8a (c345ad8e)]&amp#27;[0m Checking whether app is actually present
&amp#27;[38;5;229m[ADB]&amp#27;[0m Running '/users/oikhlas/Library/Android/sdk/platform-tools/adb -P 5037 -s emulator-5554 shell getprop ro.build.version.sdk'
&amp#27;[38;5;229m[ADB]&amp#27;[0m Current device property 'ro.build.version.sdk': 34
&amp#27;[38;5;229m[ADB]&amp#27;[0m Getting device platform version
&amp#27;[38;5;229m[ADB]&amp#27;[0m Running '/users/oikhlas/Library/Android/sdk/platform-tools/adb -P 5037 -s emulator-5554 shell getprop ro.build.version.release'
&amp#27;[38;5;229m[ADB]&amp#27;[0m Current device property 'ro.build.version.release': 14
&amp#27;[38;5;229m[ADB]&amp#27;[0m Device API level: 34
&amp#27;[38;5;199m[AndroidUiautomator2Driver@3f8a (c345ad8e)]&amp#27;[0m Relaxing hidden api policy
&amp#27;[38;5;229m[ADB]&amp#27;[0m Running '/users/oikhlas/Library/Android/sdk/platform-tools/adb -P 5037 -s emulator-5554 shell 'settings put global hidden_api_policy_pre_p_apps 1;settings put global hidden_api_policy_p_apps 1;settings put global hidden_api_policy 1''
&amp#27;[38;5;199m[AndroidUiautomator2Driver@3f8a (c345ad8e)]&amp#27;[0m Parsing package and activity from app manifest
&amp#27;[38;5;229m[ADB]&amp#27;[0m Running '/users/oikhlas/Library/Android/sdk/platform-tools/adb -P 5037 -s emulator-5554 wait-for-device'
&amp#27;[38;5;229m[ADB]&amp#27;[0m Package name: 'com.androidsample.generalstore'
&amp#27;[38;5;229m[ADB]&amp#27;[0m Main activity name: 'com.androidsample.generalstore.SplashActivity'
&amp#27;[38;5;199m[AndroidUiautomator2Driver@3f8a (c345ad8e)]&amp#27;[0m Parsed package and activity are: com.androidsample.generalstore/com.androidsample.generalstore.SplashActivity
&amp#27;[38;5;229m[ADB]&amp#27;[0m Running '/users/oikhlas/Library/Android/sdk/platform-tools/adb -P 5037 -s emulator-5554 shell echo ping'
&amp#27;[38;5;199m[AndroidUiautomator2Driver@3f8a (c345ad8e)]&amp#27;[0m Pushing settings apk to the device...
&amp#27;[38;5;229m[ADB]&amp#27;[0m Getting package info for 'io.appium.settings'
&amp#27;[38;5;229m[ADB]&amp#27;[0m Running '/users/oikhlas/Library/Android/sdk/platform-tools/adb -P 5037 -s emulator-5554 shell dumpsys package io.appium.settings'
&amp#27;[38;5;229m[ADB]&amp#27;[0m The version name of the installed 'io.appium.settings' is greater or equal to the application version name ('5.7.5' >= '5.7.5')
&amp#27;[38;5;229m[ADB]&amp#27;[0m There is no need to install/upgrade '/Users/oikhlas/.appium/node_modules/appium-uiautomator2-driver/node_modules/io.appium.settings/apks/settings_apk-debug.apk'
&amp#27;[38;5;229m[ADB]&amp#27;[0m Running '/users/oikhlas/Library/Android/sdk/platform-tools/adb -P 5037 -s emulator-5554 shell dumpsys activity services io.appium.settings'
&amp#27;[38;5;199m[AndroidUiautomator2Driver@3f8a (c345ad8e)]&amp#27;[0m io.appium.settings is already running. There is no need to reset its permissions.
&amp#27;[38;5;160m[Logcat]&amp#27;[0m Starting logs capture with command: /users/oikhlas/Library/Android/sdk/platform-tools/adb -P 5037 -s emulator-5554 logcat -v threadtime
&amp#27;[38;5;199m[AndroidUiautomator2Driver@3f8a (c345ad8e)]&amp#27;[0m Forwarding UiAutomator2 Server port 6790 to local port 8200
&amp#27;[38;5;229m[ADB]&amp#27;[0m Forwarding system: 8200 to device: 6790
&amp#27;[38;5;229m[ADB]&amp#27;[0m Running '/users/oikhlas/Library/Android/sdk/platform-tools/adb -P 5037 -s emulator-5554 forward tcp:8200 tcp:6790'
&amp#27;[38;5;229m[ADB]&amp#27;[0m Checking app cert for /Users/oikhlas/eclipse-workspace/AppiumFrameworkDesign//src//test//java//resources//General-Store.apk
&amp#27;[38;5;229m[ADB]&amp#27;[0m Checking app cert for /Users/oikhlas/.appium/node_modules/appium-uiautomator2-driver/node_modules/appium-uiautomator2-server/apks/appium-uiautomator2-server-v6.0.9.apk
&amp#27;[38;5;229m[ADB]&amp#27;[0m Checking app cert for /Users/oikhlas/.appium/node_modules/appium-uiautomator2-driver/node_modules/appium-uiautomator2-server/apks/appium-uiautomator2-server-debug-androidTest.apk
&amp#27;[38;5;229m[ADB]&amp#27;[0m Using 'apksigner.jar' from '/users/oikhlas/Library/Android/sdk/build-tools/34.0.0/lib/apksigner.jar'
&amp#27;[38;5;229m[ADB]&amp#27;[0m Starting apksigner: /Library/Java/JavaVirtualMachines/jdk-11.jdk/Contents/Home/bin/java -Xmx1024M -Xss1m -jar /users/oikhlas/Library/Android/sdk/build-tools/34.0.0/lib/apksigner.jar verify --print-certs /Users/oikhlas/.appium/node_modules/appium-uiautomator2-driver/node_modules/appium-uiautomator2-server/apks/appium-uiautomator2-server-debug-androidTest.apk
&amp#27;[38;5;229m[ADB]&amp#27;[0m Starting apksigner: /Library/Java/JavaVirtualMachines/jdk-11.jdk/Contents/Home/bin/java -Xmx1024M -Xss1m -jar /users/oikhlas/Library/Android/sdk/build-tools/34.0.0/lib/apksigner.jar verify --print-certs /Users/oikhlas/eclipse-workspace/AppiumFrameworkDesign//src//test//java//resources//General-Store.apk
&amp#27;[38;5;229m[ADB]&amp#27;[0m Starting apksigner: /Library/Java/JavaVirtualMachines/jdk-11.jdk/Contents/Home/bin/java -Xmx1024M -Xss1m -jar /users/oikhlas/Library/Android/sdk/build-tools/34.0.0/lib/apksigner.jar verify --print-certs /Users/oikhlas/.appium/node_modules/appium-uiautomator2-driver/node_modules/appium-uiautomator2-server/apks/appium-uiautomator2-server-v6.0.9.apk
&amp#27;[38;5;229m[ADB]&amp#27;[0m apksigner stdout: Signer #1 certificate DN: EMAILADDRESS=android@android.com, CN=Android, OU=Android, O=Android, L=Mountain View, ST=California, C=US
&amp#27;[38;5;229m[ADB]&amp#27;[0m Signer #1 certificate SHA-256 digest: a40da80a59d170caa950cf15c18c454d47a39b26989d8b640ecd745ba71bf5dc
&amp#27;[38;5;229m[ADB]&amp#27;[0m Signer #1 certificate SHA-1 digest: 61ed377e85d386a8dfee6b864bd85b0bfaa5af81
&amp#27;[38;5;229m[ADB]&amp#27;[0m Signer #1 certificate MD5 digest: e89b158e4bcf988ebd09eb83f5378e87
&amp#27;[38;5;229m[ADB]&amp#27;[0m 
&amp#27;[38;5;229m[ADB]&amp#27;[0m sha256 hash did match for 'appium-uiautomator2-server-debug-androidTest.apk'
&amp#27;[38;5;229m[ADB]&amp#27;[0m '/Users/oikhlas/.appium/node_modules/appium-uiautomator2-driver/node_modules/appium-uiautomator2-server/apks/appium-uiautomator2-server-debug-androidTest.apk' is signed with the default certificate
&amp#27;[38;5;229m[ADB]&amp#27;[0m Getting install status for io.appium.uiautomator2.server.test
&amp#27;[38;5;229m[ADB]&amp#27;[0m Running '/users/oikhlas/Library/Android/sdk/platform-tools/adb -P 5037 -s emulator-5554 shell pm path io.appium.uiautomator2.server.test'
&amp#27;[38;5;229m[ADB]&amp#27;[0m apksigner stdout: Signer #1 certificate DN: EMAILADDRESS=android@android.com, CN=Android, OU=Android, O=Android, L=Mountain View, ST=California, C=US
&amp#27;[38;5;229m[ADB]&amp#27;[0m Signer #1 certificate SHA-256 digest: a40da80a59d170caa950cf15c18c454d47a39b26989d8b640ecd745ba71bf5dc
&amp#27;[38;5;229m[ADB]&amp#27;[0m Signer #1 certificate SHA-1 digest: 61ed377e85d386a8dfee6b864bd85b0bfaa5af81
&amp#27;[38;5;229m[ADB]&amp#27;[0m Signer #1 certificate MD5 digest: e89b158e4bcf988ebd09eb83f5378e87
&amp#27;[38;5;229m[ADB]&amp#27;[0m 
&amp#27;[38;5;229m[ADB]&amp#27;[0m sha256 hash did match for 'General-Store.apk'
&amp#27;[38;5;229m[ADB]&amp#27;[0m '/Users/oikhlas/eclipse-workspace/AppiumFrameworkDesign//src//test//java//resources//General-Store.apk' is signed with the default certificate
&amp#27;[38;5;229m[ADB]&amp#27;[0m Getting package info for 'com.androidsample.generalstore'
&amp#27;[38;5;229m[ADB]&amp#27;[0m Running '/users/oikhlas/Library/Android/sdk/platform-tools/adb -P 5037 -s emulator-5554 shell dumpsys package com.androidsample.generalstore'
&amp#27;[38;5;229m[ADB]&amp#27;[0m 'io.appium.uiautomator2.server.test' is installed
&amp#27;[38;5;229m[ADB]&amp#27;[0m The version name of the installed 'com.androidsample.generalstore' is greater or equal to the application version name ('1.0.0' >= '1.0.0')
&amp#27;[38;5;229m[ADB]&amp#27;[0m There is no need to install/upgrade '/Users/oikhlas/eclipse-workspace/AppiumFrameworkDesign//src//test//java//resources//General-Store.apk'
&amp#27;[38;5;199m[AndroidUiautomator2Driver@3f8a (c345ad8e)]&amp#27;[0m Performing fast reset on 'com.androidsample.generalstore'
&amp#27;[38;5;229m[ADB]&amp#27;[0m Getting install status for com.androidsample.generalstore
&amp#27;[38;5;229m[ADB]&amp#27;[0m Running '/users/oikhlas/Library/Android/sdk/platform-tools/adb -P 5037 -s emulator-5554 shell pm path com.androidsample.generalstore'
&amp#27;[38;5;229m[ADB]&amp#27;[0m 'com.androidsample.generalstore' is installed
&amp#27;[38;5;229m[ADB]&amp#27;[0m Running '/users/oikhlas/Library/Android/sdk/platform-tools/adb -P 5037 -s emulator-5554 shell am force-stop com.androidsample.generalstore'
&amp#27;[38;5;229m[ADB]&amp#27;[0m apksigner stdout: Signer #1 certificate DN: EMAILADDRESS=android@android.com, CN=Android, OU=Android, O=Android, L=Mountain View, ST=California, C=US
&amp#27;[38;5;229m[ADB]&amp#27;[0m Signer #1 certificate SHA-256 digest: a40da80a59d170caa950cf15c18c454d47a39b26989d8b640ecd745ba71bf5dc
&amp#27;[38;5;229m[ADB]&amp#27;[0m Signer #1 certificate SHA-1 digest: 61ed377e85d386a8dfee6b864bd85b0bfaa5af81
&amp#27;[38;5;229m[ADB]&amp#27;[0m Signer #1 certificate MD5 digest: e89b158e4bcf988ebd09eb83f5378e87
&amp#27;[38;5;229m[ADB]&amp#27;[0m 
&amp#27;[38;5;229m[ADB]&amp#27;[0m sha256 hash did match for 'appium-uiautomator2-server-v6.0.9.apk'
&amp#27;[38;5;229m[ADB]&amp#27;[0m '/Users/oikhlas/.appium/node_modules/appium-uiautomator2-driver/node_modules/appium-uiautomator2-server/apks/appium-uiautomator2-server-v6.0.9.apk' is signed with the default certificate
&amp#27;[38;5;229m[ADB]&amp#27;[0m Getting package info for 'io.appium.uiautomator2.server'
&amp#27;[38;5;229m[ADB]&amp#27;[0m Running '/users/oikhlas/Library/Android/sdk/platform-tools/adb -P 5037 -s emulator-5554 shell dumpsys package io.appium.uiautomator2.server'
&amp#27;[38;5;229m[ADB]&amp#27;[0m Running '/users/oikhlas/Library/Android/sdk/platform-tools/adb -P 5037 -s emulator-5554 shell pm clear com.androidsample.generalstore'
&amp#27;[38;5;229m[ADB]&amp#27;[0m The version name of the installed 'io.appium.uiautomator2.server' is greater or equal to the application version name ('6.0.9' >= '6.0.9')
&amp#27;[38;5;199m[AndroidUiautomator2Driver@3f8a (c345ad8e)]&amp#27;[0m Server packages status: [{"wasSigned":true,"installState":"sameVersionInstalled","appPath":"/Users/oikhlas/.appium/node_modules/appium-uiautomator2-driver/node_modules/appium-uiautomator2-server/apks/appium-uiautomator2-server-v6.0.9.apk","appId":"io.appium.uiautomator2.server"},{"wasSigned":true,"installState":"sameVersionInstalled","appPath":"/Users/oikhlas/.appium/node_modules/appium-uiautomator2-driver/node_modules/appium-uiautomator2-server/apks/appium-uiautomator2-server-debug-androidTest.apk","appId":"io.appium.uiautomator2.server.test"}]
&amp#27;[38;5;199m[AndroidUiautomator2Driver@3f8a (c345ad8e)]&amp#27;[0m Server packages are not going to be (re)installed
&amp#27;[38;5;199m[AndroidUiautomator2Driver@3f8a (c345ad8e)]&amp#27;[0m Waiting up to 30000ms for services to be available
&amp#27;[38;5;229m[ADB]&amp#27;[0m Running '/users/oikhlas/Library/Android/sdk/platform-tools/adb -P 5037 -s emulator-5554 shell pm list instrumentation'
&amp#27;[38;5;199m[AndroidUiautomator2Driver@3f8a (c345ad8e)]&amp#27;[0m Performed fast reset on the installed 'com.androidsample.generalstore' application (stop and clear)
&amp#27;[38;5;199m[AndroidUiautomator2Driver@3f8a (c345ad8e)]&amp#27;[0m Instrumentation target 'io.appium.uiautomator2.server.test/androidx.test.runner.AndroidJUnitRunner' is available
&amp#27;[38;5;229m[ADB]&amp#27;[0m Adding packages ["io.appium.settings","io.appium.uiautomator2.server","io.appium.uiautomator2.server.test"] to Doze whitelist
&amp#27;[38;5;229m[ADB]&amp#27;[0m Got the following command chunks to execute: [["dumpsys","deviceidle","whitelist","+io.appium.settings",";","dumpsys","deviceidle","whitelist","+io.appium.uiautomator2.server",";","dumpsys","deviceidle","whitelist","+io.appium.uiautomator2.server.test",";"]]
&amp#27;[38;5;229m[ADB]&amp#27;[0m Running '/users/oikhlas/Library/Android/sdk/platform-tools/adb -P 5037 -s emulator-5554 shell dumpsys deviceidle whitelist +io.appium.settings ; dumpsys deviceidle whitelist +io.appium.uiautomator2.server ; dumpsys deviceidle whitelist +io.appium.uiautomator2.server.test ;'
&amp#27;[38;5;199m[AndroidUiautomator2Driver@3f8a (c345ad8e)]&amp#27;[0m Performing shallow cleanup of automation leftovers
&amp#27;[38;5;199m[AndroidUiautomator2Driver@3f8a (c345ad8e)]&amp#27;[0m No obsolete sessions have been detected (socket hang up)
&amp#27;[38;5;229m[ADB]&amp#27;[0m Running '/users/oikhlas/Library/Android/sdk/platform-tools/adb -P 5037 -s emulator-5554 shell am force-stop io.appium.uiautomator2.server.test'
&amp#27;[38;5;199m[AndroidUiautomator2Driver@3f8a (c345ad8e)]&amp#27;[0m Starting UIAutomator2 server 6.0.9
&amp#27;[38;5;199m[AndroidUiautomator2Driver@3f8a (c345ad8e)]&amp#27;[0m Using UIAutomator2 server from '/Users/oikhlas/.appium/node_modules/appium-uiautomator2-driver/node_modules/appium-uiautomator2-server/apks/appium-uiautomator2-server-v6.0.9.apk' and test from '/Users/oikhlas/.appium/node_modules/appium-uiautomator2-driver/node_modules/appium-uiautomator2-server/apks/appium-uiautomator2-server-debug-androidTest.apk'
&amp#27;[38;5;199m[AndroidUiautomator2Driver@3f8a (c345ad8e)]&amp#27;[0m Waiting up to 30000ms for UiAutomator2 to be online...
&amp#27;[38;5;229m[ADB]&amp#27;[0m Creating ADB subprocess with args: ["-P","5037","-s","emulator-5554","shell","am","instrument","-w","-e","disableAnalytics","true","io.appium.uiautomator2.server.test/androidx.test.runner.AndroidJUnitRunner"]
&amp#27;[38;5;199m[AndroidUiautomator2Driver@3f8a (c345ad8e)]&amp#27;[0m Matched '/status' to command name 'getStatus'
&amp#27;[38;5;199m[AndroidUiautomator2Driver@3f8a (c345ad8e)]&amp#27;[0m Proxying [GET /status] to [GET http://127.0.0.1:8200/status] with no body
&amp#27;[38;5;199m[AndroidUiautomator2Driver@3f8a (c345ad8e)]&amp#27;[0m socket hang up
&amp#27;[38;5;199m[AndroidUiautomator2Driver@3f8a (c345ad8e)]&amp#27;[0m Matched '/status' to command name 'getStatus'
&amp#27;[38;5;199m[AndroidUiautomator2Driver@3f8a (c345ad8e)]&amp#27;[0m Proxying [GET /status] to [GET http://127.0.0.1:8200/status] with no body
&amp#27;[38;5;199m[AndroidUiautomator2Driver@3f8a (c345ad8e)]&amp#27;[0m socket hang up
&amp#27;[38;5;199m[AndroidUiautomator2Driver@3f8a (c345ad8e)]&amp#27;[0m Matched '/status' to command name 'getStatus'
&amp#27;[38;5;199m[AndroidUiautomator2Driver@3f8a (c345ad8e)]&amp#27;[0m Proxying [GET /status] to [GET http://127.0.0.1:8200/status] with no body
&amp#27;[38;5;199m[AndroidUiautomator2Driver@3f8a (c345ad8e)]&amp#27;[0m socket hang up
&amp#27;[38;5;199m[AndroidUiautomator2Driver@3f8a (c345ad8e)]&amp#27;[0m Matched '/status' to command name 'getStatus'
&amp#27;[38;5;199m[AndroidUiautomator2Driver@3f8a (c345ad8e)]&amp#27;[0m Proxying [GET /status] to [GET http://127.0.0.1:8200/status] with no body
&amp#27;[38;5;199m[AndroidUiautomator2Driver@3f8a (c345ad8e)]&amp#27;[0m socket hang up
&amp#27;[38;5;199m[AndroidUiautomator2Driver@3f8a (c345ad8e)]&amp#27;[0m Matched '/status' to command name 'getStatus'
&amp#27;[38;5;199m[AndroidUiautomator2Driver@3f8a (c345ad8e)]&amp#27;[0m Proxying [GET /status] to [GET http://127.0.0.1:8200/status] with no body
&amp#27;[38;5;199m[AndroidUiautomator2Driver@3f8a (c345ad8e)]&amp#27;[0m socket hang up
&amp#27;[38;5;74m[Instrumentation]&amp#27;[0m io.appium.uiautomator2.server.test.AppiumUiAutomator2Server:
&amp#27;[38;5;199m[AndroidUiautomator2Driver@3f8a (c345ad8e)]&amp#27;[0m Matched '/status' to command name 'getStatus'
&amp#27;[38;5;199m[AndroidUiautomator2Driver@3f8a (c345ad8e)]&amp#27;[0m Proxying [GET /status] to [GET http://127.0.0.1:8200/status] with no body
&amp#27;[38;5;199m[AndroidUiautomator2Driver@3f8a (c345ad8e)]&amp#27;[0m socket hang up
&amp#27;[38;5;199m[AndroidUiautomator2Driver@3f8a (c345ad8e)]&amp#27;[0m Matched '/status' to command name 'getStatus'
&amp#27;[38;5;199m[AndroidUiautomator2Driver@3f8a (c345ad8e)]&amp#27;[0m Proxying [GET /status] to [GET http://127.0.0.1:8200/status] with no body
&amp#27;[38;5;199m[AndroidUiautomator2Driver@3f8a (c345ad8e)]&amp#27;[0m socket hang up
&amp#27;[38;5;199m[AndroidUiautomator2Driver@3f8a (c345ad8e)]&amp#27;[0m Matched '/status' to command name 'getStatus'
&amp#27;[38;5;199m[AndroidUiautomator2Driver@3f8a (c345ad8e)]&amp#27;[0m Proxying [GET /status] to [GET http://127.0.0.1:8200/status] with no body
&amp#27;[38;5;199m[AndroidUiautomator2Driver@3f8a (c345ad8e)]&amp#27;[0m Got response with status 200: {"sessionId":"None","value":{"message":"UiAutomator2 Server is ready to accept commands","ready":true}}
&amp#27;[38;5;199m[AndroidUiautomator2Driver@3f8a (c345ad8e)]&amp#27;[0m The initialization of the instrumentation process took 7139ms
&amp#27;[38;5;199m[AndroidUiautomator2Driver@3f8a (c345ad8e)]&amp#27;[0m Matched '/session' to command name 'createSession'
&amp#27;[38;5;199m[AndroidUiautomator2Driver@3f8a (c345ad8e)]&amp#27;[0m Proxying [POST /session] to [POST http://127.0.0.1:8200/session] with body: {"capabilities":{"firstMatch":[{"platformName":"ANDROID","chromedriverExecutable":"//Users//oikhlas//Downloads//chromedriver_mac64//chromedriver","deviceName":"emulator-5554","automationName":"UIAutomator2","app":"/Users/oikhlas/eclipse-workspace/AppiumFrameworkDesign//src//test//java//resources//General-Store.apk","platform":"LINUX","webStorageEnabled":false,"takesScreenshot":true,"javascriptEnabled":true,"databaseEnabled":false,"networkConnectionEnabled":true,"locationContextEnabled":false,"warnings":{},"desired":{"platformName":"ANDROID","chromedriverExecutable":"//Users//oikhlas//Downloads//chromedriver_mac64//chromedriver","deviceName":"Osamaemulator","automationName":"UIAutomator2","app":"/Users/oikhlas/eclipse-workspace/AppiumFrameworkDesign//src//test//java//resources//General-Store.apk"},"deviceUDID":"emulator-5554","appPackage":"com.androidsample.generalstore"}],"alwaysMatch":{}}}
&amp#27;[38;5;199m[AndroidUiautomator2Driver@3f8a (c345ad8e)]&amp#27;[0m Got response with status 200: {"sessionId":"7fce3fa8-d8da-4ef0-b038-36f5c6beebce","value":{"capabilities":{"firstMatch":[{"platformName":"ANDROID","chromedriverExecutable":"//Users//oikhlas//Downloads//chromedriver_mac64//chromedriver","deviceName":"emulator-5554","automationName":"UIAutomator2","app":"/Users/oikhlas/eclipse-workspace/AppiumFrameworkDesign//src//test//java//resources//General-Store.apk","platform":"LINUX","webStorageEnabled":false,"takesScreenshot":true,"javascriptEnabled":true,"databaseEnabled":false,"networkConnectionEnabled":true,"locationContextEnabled":false,"warnings":{},"desired":{"platformName":"ANDROID","chromedriverExecutable":"//Users//oikhlas//Downloads//chromedriver_mac64//chromedriver","deviceName":"Osamaemulator","automationName":"UIAutomator2","app":"/Users/oikhlas/eclipse-workspace/AppiumFrameworkDesign//src//test//java//resources//General-Store.apk"},"deviceUDID":"emulator-5554","appPackage":"com.androidsample.generalstore"}],"alwaysMatch":{}},"sessionId":"7fce3fa8-d8da-4ef0-b038-36f5c6beebce"}}
&amp#27;[38;5;199m[AndroidUiautomator2Driver@3f8a (c345ad8e)]&amp#27;[0m Determined the downstream protocol as 'W3C'
&amp#27;[38;5;199m[AndroidUiautomator2Driver@3f8a (c345ad8e)]&amp#27;[0m Proxying [GET /appium/device/pixel_ratio] to [GET http://127.0.0.1:8200/session/7fce3fa8-d8da-4ef0-b038-36f5c6beebce/appium/device/pixel_ratio] with no body
&amp#27;[38;5;199m[AndroidUiautomator2Driver@3f8a (c345ad8e)]&amp#27;[0m Matched '/appium/device/system_bars' to command name 'getSystemBars'
&amp#27;[38;5;199m[AndroidUiautomator2Driver@3f8a (c345ad8e)]&amp#27;[0m Proxying [GET /appium/device/system_bars] to [GET http://127.0.0.1:8200/session/7fce3fa8-d8da-4ef0-b038-36f5c6beebce/appium/device/system_bars] with no body
&amp#27;[38;5;199m[AndroidUiautomator2Driver@3f8a (c345ad8e)]&amp#27;[0m Matched '/window/current/size' to command name 'getWindowSize'
&amp#27;[38;5;199m[AndroidUiautomator2Driver@3f8a (c345ad8e)]&amp#27;[0m Proxying [GET /window/current/size] to [GET http://127.0.0.1:8200/session/7fce3fa8-d8da-4ef0-b038-36f5c6beebce/window/current/size] with no body
&amp#27;[38;5;199m[AndroidUiautomator2Driver@3f8a (c345ad8e)]&amp#27;[0m Proxying [GET /appium/device/info] to [GET http://127.0.0.1:8200/session/7fce3fa8-d8da-4ef0-b038-36f5c6beebce/appium/device/info] with no body
&amp#27;[38;5;229m[ADB]&amp#27;[0m Running '/users/oikhlas/Library/Android/sdk/platform-tools/adb -P 5037 -s emulator-5554 shell dumpsys window'
&amp#27;[38;5;199m[AndroidUiautomator2Driver@3f8a (c345ad8e)]&amp#27;[0m Got response with status 200: {"sessionId":"7fce3fa8-d8da-4ef0-b038-36f5c6beebce","value":3.5}
&amp#27;[38;5;199m[AndroidUiautomator2Driver@3f8a (c345ad8e)]&amp#27;[0m Got response with status 200: {"sessionId":"7fce3fa8-d8da-4ef0-b038-36f5c6beebce","value":{"statusBar":98}}
&amp#27;[38;5;199m[AndroidUiautomator2Driver@3f8a (c345ad8e)]&amp#27;[0m Got response with status 200: {"sessionId":"7fce3fa8-d8da-4ef0-b038-36f5c6beebce","value":{"height":2880,"width":1440}}
&amp#27;[38;5;199m[AndroidUiautomator2Driver@3f8a (c345ad8e)]&amp#27;[0m Got response with status 200: {"sessionId":"7fce3fa8-d8da-4ef0-b038-36f5c6beebce","value":{"androidId":"01e280d6372dac63","apiVersion":"34","bluetooth":{"state":"ON"},"brand":"google","carrierName":"T-Mobile","displayDensity":560,"locale":"en_US","manufacturer":"Google","model":"sdk_gphone64_x86_64","networks":[{"capabilities":{"SSID":null,"linkDownBandwidthKbps":30000,"linkUpstreamBandwidthKbps":12000,"networkCapabilities":"NET_CAPABILITY_NOT_METERED,NET_CAPABILITY_INTERNET,NET_CAPABILITY_NOT_RESTRICTED,NET_CAPABILITY_TRUSTED,NET_CAPABILITY_NOT_VPN,NET_CAPABILITY_VALIDATED,NET_CAPABILITY_NOT_ROAMING,NET_CAPABILITY_FOREGROUND,NET_CAPABILITY_NOT_CONGESTED,NET_CAPABILITY_NOT_SUSPENDED","signalStrength":-50,"transportTypes":"TRANSPORT_WIFI"},"detailedState":"CONNECTED","extraInfo":"","isAvailable":true,"isConnected":true,"isFailover":false,"isRoaming":false,"state":"CONNECTED","subtype":-1,"subtypeName":"","type":1,"typeName":"WIFI"},{"capabilities":{"SSID":null,"linkDownBandwidthKbps":4300,"linkUpstreamBandwidthKbps":1800,"networkCapabil...
&amp#27;[38;5;199m[AndroidUiautomator2Driver@3f8a (c345ad8e)]&amp#27;[0m Screen already unlocked, doing nothing
&amp#27;[38;5;199m[AndroidUiautomator2Driver@3f8a (c345ad8e)]&amp#27;[0m Starting 'com.androidsample.generalstore/com.androidsample.generalstore.SplashActivity and waiting for 'com.androidsample.generalstore/com.androidsample.generalstore.SplashActivity'
&amp#27;[38;5;229m[ADB]&amp#27;[0m Running '/users/oikhlas/Library/Android/sdk/platform-tools/adb -P 5037 -s emulator-5554 shell am start -W -n com.androidsample.generalstore/com.androidsample.generalstore.SplashActivity -S -a android.intent.action.MAIN -c android.intent.category.LAUNCHER -f 0x10200000'
&amp#27;[38;5;229m[ADB]&amp#27;[0m Waiting up to 20000ms for activity matching pkg: 'com.androidsample.generalstore' and activity: 'com.androidsample.generalstore.SplashActivity' to be focused
&amp#27;[38;5;229m[ADB]&amp#27;[0m Possible activities, to be checked: 'com.androidsample.generalstore.SplashActivity', 'com.androidsample.generalstore.com.androidsample.generalstore.SplashActivity'
&amp#27;[38;5;229m[ADB]&amp#27;[0m Getting focused package and activity
&amp#27;[38;5;229m[ADB]&amp#27;[0m Running '/users/oikhlas/Library/Android/sdk/platform-tools/adb -P 5037 -s emulator-5554 shell dumpsys window displays'
&amp#27;[38;5;229m[ADB]&amp#27;[0m Found package: 'com.androidsample.generalstore' and fully qualified activity name : 'com.androidsample.generalstore.SplashActivity'
&amp#27;[38;5;170m[AppiumDriver@3207]&amp#27;[0m New AndroidUiautomator2Driver session created successfully, session c345ad8e-0069-4922-8b53-b1aeb605890e added to master session list
&amp#27;[38;5;170m[AppiumDriver@3207]&amp#27;[0m Event 'newSessionStarted' logged at 1730803570715 (15:46:10 GMT+0500 (Pakistan Standard Time))
&amp#27;[38;5;199m[AndroidUiautomator2Driver@3f8a (c345ad8e)]&amp#27;[0m Cached the protocol value 'W3C' for the new session c345ad8e-0069-4922-8b53-b1aeb605890e
&amp#27;[38;5;199m[AndroidUiautomator2Driver@3f8a (c345ad8e)]&amp#27;[0m Responding to client with driver.createSession() result: {"capabilities":{"platformName":"ANDROID","chromedriverExecutable":"//Users//oikhlas//Downloads//chromedriver_mac64//chromedriver","deviceName":"emulator-5554","automationName":"UIAutomator2","app":"/Users/oikhlas/eclipse-workspace/AppiumFrameworkDesign//src//test//java//resources//General-Store.apk","platform":"LINUX","webStorageEnabled":false,"takesScreenshot":true,"javascriptEnabled":true,"databaseEnabled":false,"networkConnectionEnabled":true,"locationContextEnabled":false,"warnings":{},"desired":{"platformName":"ANDROID","chromedriverExecutable":"//Users//oikhlas//Downloads//chromedriver_mac64//chromedriver","deviceName":"Osamaemulator","automationName":"UIAutomator2","app":"/Users/oikhlas/eclipse-workspace/AppiumFrameworkDesign//src//test//java//resources//General-Store.apk"},"deviceUDID":"emulator-5554","appPackage":"com.androidsample.generalstore","pixelRatio":"3.5","statBarHeight":98,"viewportRect":{"left":0,"top":98,"width":1440,"height":2782},"deviceApiLevel":34,"platformVersion":"14","deviceMan...
&amp#27;[38;5;86m[HTTP]&amp#27;[0m <-- POST /session 200 14136 ms - 1196 
&amp#27;[38;5;55m[c345ad8e]&amp#27;[0m&amp#27;[38;5;86m[HTTP]&amp#27;[0m &amp#27;[37m-->&amp#27;[39m &amp#27;[37mPOST&amp#27;[39m &amp#27;[37m/session/c345ad8e-0069-4922-8b53-b1aeb605890e/timeouts&amp#27;[39m {"implicit":20000}
&amp#27;[38;5;55m[c345ad8e]&amp#27;[0m&amp#27;[38;5;199m[AndroidUiautomator2Driver@3f8a (c345ad8e)]&amp#27;[0m Calling AppiumDriver.timeouts() with args: [null,null,null,null,20000,"c345ad8e-0069-4922-8b53-b1aeb605890e"]
&amp#27;[38;5;55m[c345ad8e]&amp#27;[0m&amp#27;[38;5;199m[AndroidUiautomator2Driver@3f8a (c345ad8e)]&amp#27;[0m W3C timeout argument: {"implicit":20000}}
&amp#27;[38;5;55m[c345ad8e]&amp#27;[0m&amp#27;[38;5;199m[AndroidUiautomator2Driver@3f8a (c345ad8e)]&amp#27;[0m Set implicit wait to 20000ms
&amp#27;[38;5;55m[c345ad8e]&amp#27;[0m&amp#27;[38;5;199m[AndroidUiautomator2Driver@3f8a (c345ad8e)]&amp#27;[0m Responding to client with driver.timeouts() result: null
&amp#27;[38;5;55m[c345ad8e]&amp#27;[0m&amp#27;[38;5;86m[HTTP]&amp#27;[0m <-- POST /session/c345ad8e-0069-4922-8b53-b1aeb605890e/timeouts 200 6 ms - 14 
&amp#27;[38;5;55m[c345ad8e]&amp#27;[0m&amp#27;[38;5;86m[HTTP]&amp#27;[0m &amp#27;[37m-->&amp#27;[39m &amp#27;[37mPOST&amp#27;[39m &amp#27;[37m/session/c345ad8e-0069-4922-8b53-b1aeb605890e/execute/sync&amp#27;[39m {"script":"return (function(arg){\nvar s=function(){\"use strict\";function t(t){return t&&t.__esModule&&Object.prototype.hasOwnProperty.call(t,\"default\")?t.default:t}var e=function(t){var e=(void 0===t?[]:t)[0],n=\"\",r=e.ownerDocument;if(!r)return n;for(var o=e;o!==r;){var a=Array.prototype.filter.call(o.parentNode.childNodes,(function(t){return t.tagName===o.tagName})).indexOf(o);n=\"/\"+o.tagName+\"[\"+(a+1)+\"]\"+n,o=o.parentNode}return n};return t((function(){var t,n,r;try{t=window.top.document===window.document||\"root-context\"===window.parent.document[\"applitools-marker\"]}catch(e){t=!1}try{n=!window.parent.document===window.document}catch(t){n=!0}if(!n)try{r=e([window.frameElement])}catch(t){r=null}return[document.documentElement,r,t,n]}))}();\nreturn s(arg)\n}).apply(null, arguments)","args":[null]}
&amp#27;[38;5;55m[c345ad8e]&amp#27;[0m&amp#27;[38;5;199m[AndroidUiautomator2Driver@3f8a (c345ad8e)]&amp#27;[0m Calling AppiumDriver.execute() with args: ["return (function(arg){\nvar s=function(){\"use strict\";function t(t){return t&&t.__esModule&&Object.prototype.hasOwnProperty.call(t,\"default\")?t.default:t}var e=function(t){var e=(void 0===t?[]:t)[0],n=\"\",r=e.ownerDocument;if(!r)return n;for(var o=e;o!==r;){var a=Array.prototype.filter.call(o.parentNode.childNodes,(function(t){return t.tagName===o.tagName})).indexOf(o);n=\"/\"+o.tagName+\"[\"+(a+1)+\"]\"+n,o=o.parentNode}return n};return t((function(){var t,n,r;try{t=window.top.document===window.document||\"root-context\"===window.parent.document[\"applitools-marker\"]}catch(e){t=!1}try{n=!window.parent.document===window.document}catch(t){n=!0}if(!n)try{r=e([window.frameElement])}catch(t){r=null}return[document.documentElement,r,t,n]}))}();\nreturn s(arg)\n}).apply(null, arguments)",[null],"c345ad8e-0069-4922-8b53-b1aeb605890e"]
&amp#27;[38;5;55m[c345ad8e]&amp#27;[0m&amp#27;[38;5;199m[AndroidUiautomator2Driver@3f8a (c345ad8e)]&amp#27;[0m Encountered internal error running command: UnknownCommandError: Unknown mobile command "return (function(arg){
&amp#27;[38;5;55m[c345ad8e]&amp#27;[0m&amp#27;[38;5;199m[AndroidUiautomator2Driver@3f8a (c345ad8e)]&amp#27;[0m var s=function(){"use strict";function t(t){return t&&t.__esModule&&Object.prototype.hasOwnProperty.call(t,"default")?t.default:t}var e=function(t){var e=(void 0===t?[]:t)[0],n="",r=e.ownerDocument;if(!r)return n;for(var o=e;o!==r;){var a=Array.prototype.filter.call(o.parentNode.childNodes,(function(t){return t.tagName===o.tagName})).indexOf(o);n="/"+o.tagName+"["+(a+1)+"]"+n,o=o.parentNode}return n};return t((function(){var t,n,r;try{t=window.top.document===window.document||"root-context"===window.parent.document["applitools-marker"]}catch(e){t=!1}try{n=!window.parent.document===window.document}catch(t){n=!0}if(!n)try{r=e([window.frameElement])}catch(t){r=null}return[document.documentElement,r,t,n]}))}();
&amp#27;[38;5;55m[c345ad8e]&amp#27;[0m&amp#27;[38;5;199m[AndroidUiautomator2Driver@3f8a (c345ad8e)]&amp#27;[0m return s(arg)
&amp#27;[38;5;55m[c345ad8e]&amp#27;[0m&amp#27;[38;5;199m[AndroidUiautomator2Driver@3f8a (c345ad8e)]&amp#27;[0m }).apply(null, arguments)". Only shell, execEmuConsoleCommand, dragGesture, flingGesture, doubleClickGesture, clickGesture, longClickGesture, pinchCloseGesture, pinchOpenGesture, swipeGesture, scrollGesture, scrollBackTo, scroll, viewportScreenshot, viewportRect, deepLink, startLogsBroadcast, stopLogsBroadcast, deviceidle, acceptAlert, dismissAlert, batteryInfo, deviceInfo, getDeviceTime, changePermissions, getPermissions, performEditorAction, startScreenStreaming, stopScreenStreaming, getNotifications, openNotifications, listSms, type, replaceElementValue, pushFile, pullFile, pullFolder, deleteFile, isAppInstalled, queryAppState, activateApp, removeApp, terminateApp, installApp, clearApp, backgroundApp, getCurrentActivity, getCurrentPackage, startActivity, startService, stopService, broadcast, getContexts, getAppStrings, installMultipleApks, lock, unlock, isLocked, refreshGpsCache, startMediaProjectionRecording, isMediaProjectionRecordingRunning, stopMediaProjectionRecording, getConnectivity, setConnectivity, toggleGps, isGpsEnabled, hideKeyboard, isKeyboardShown, pressKey, getDisplayDensity, getSystemBars, fingerprint, sendSms, gsmCall, gsmSignal, gsmVoice, powerAc, powerCapacity, networkSpeed, sensorSet, getPerformanceData, getPerformanceDataTypes, statusBar, screenshots, scheduleAction, getActionHistory, unscheduleAction, getUiMode, setUiMode, sendTrimMemory commands are supported.
&amp#27;[38;5;55m[c345ad8e]&amp#27;[0m&amp#27;[38;5;199m[AndroidUiautomator2Driver@3f8a (c345ad8e)]&amp#27;[0m     at AndroidUiautomator2Driver.executeMobile (/Users/oikhlas/.appium/node_modules/appium-uiautomator2-driver/lib/commands/execute.js:56:11)
&amp#27;[38;5;55m[c345ad8e]&amp#27;[0m&amp#27;[38;5;199m[AndroidUiautomator2Driver@3f8a (c345ad8e)]&amp#27;[0m     at AndroidUiautomator2Driver.execute (/Users/oikhlas/.appium/node_modules/appium-uiautomator2-driver/lib/commands/execute.js:27:23)
&amp#27;[38;5;55m[c345ad8e]&amp#27;[0m&amp#27;[38;5;199m[AndroidUiautomator2Driver@3f8a (c345ad8e)]&amp#27;[0m     at commandExecutor (/Users/oikhlas/node_modules/@appium/base-driver/lib/basedriver/driver.ts:107:18)
&amp#27;[38;5;55m[c345ad8e]&amp#27;[0m&amp#27;[38;5;199m[AndroidUiautomator2Driver@3f8a (c345ad8e)]&amp#27;[0m     at /Users/oikhlas/node_modules/async-lock/lib/index.js:171:12
&amp#27;[38;5;55m[c345ad8e]&amp#27;[0m&amp#27;[38;5;199m[AndroidUiautomator2Driver@3f8a (c345ad8e)]&amp#27;[0m     at AsyncLock._promiseTry (/Users/oikhlas/node_modules/async-lock/lib/index.js:304:31)
&amp#27;[38;5;55m[c345ad8e]&amp#27;[0m&amp#27;[38;5;199m[AndroidUiautomator2Driver@3f8a (c345ad8e)]&amp#27;[0m     at exec (/Users/oikhlas/node_modules/async-lock/lib/index.js:170:9)
&amp#27;[38;5;55m[c345ad8e]&amp#27;[0m&amp#27;[38;5;199m[AndroidUiautomator2Driver@3f8a (c345ad8e)]&amp#27;[0m     at AsyncLock.acquire (/Users/oikhlas/node_modules/async-lock/lib/index.js:187:3)
&amp#27;[38;5;55m[c345ad8e]&amp#27;[0m&amp#27;[38;5;199m[AndroidUiautomator2Driver@3f8a (c345ad8e)]&amp#27;[0m     at AndroidUiautomator2Driver.executeCommand (/Users/oikhlas/node_modules/@appium/base-driver/lib/basedriver/driver.ts:123:39)
&amp#27;[38;5;55m[c345ad8e]&amp#27;[0m&amp#27;[38;5;199m[AndroidUiautomator2Driver@3f8a (c345ad8e)]&amp#27;[0m     at processTicksAndRejections (node:internal/process/task_queues:95:5)
&amp#27;[38;5;55m[c345ad8e]&amp#27;[0m&amp#27;[38;5;199m[AndroidUiautomator2Driver@3f8a (c345ad8e)]&amp#27;[0m     at defaultBehavior (/Users/oikhlas/.nvm/versions/node/v18.16.1/lib/node_modules/appium/lib/appium.js:1135:14)
&amp#27;[38;5;55m[c345ad8e]&amp#27;[0m&amp#27;[38;5;199m[AndroidUiautomator2Driver@3f8a (c345ad8e)]&amp#27;[0m     at AppiumDriver.executeWrappedCommand (/Users/oikhlas/.nvm/versions/node/v18.16.1/lib/node_modules/appium/lib/appium.js:1241:16)
&amp#27;[38;5;55m[c345ad8e]&amp#27;[0m&amp#27;[38;5;199m[AndroidUiautomator2Driver@3f8a (c345ad8e)]&amp#27;[0m     at AppiumDriver.executeCommand (/Users/oikhlas/.nvm/versions/node/v18.16.1/lib/node_modules/appium/lib/appium.js:1147:17)
&amp#27;[38;5;55m[c345ad8e]&amp#27;[0m&amp#27;[38;5;199m[AndroidUiautomator2Driver@3f8a (c345ad8e)]&amp#27;[0m     at asyncHandler (/Users/oikhlas/.nvm/versions/node/v18.16.1/lib/node_modules/appium/node_modules/@appium/base-driver/lib/protocol/protocol.js:387:19)
&amp#27;[38;5;55m[c345ad8e]&amp#27;[0m&amp#27;[38;5;86m[HTTP]&amp#27;[0m <-- POST /session/c345ad8e-0069-4922-8b53-b1aeb605890e/execute/sync 404 59 ms - 5939 
&amp#27;[38;5;55m[c345ad8e]&amp#27;[0m&amp#27;[38;5;86m[HTTP]&amp#27;[0m &amp#27;[37m-->&amp#27;[39m &amp#27;[37mGET&amp#27;[39m &amp#27;[37m/session/c345ad8e-0069-4922-8b53-b1aeb605890e/context&amp#27;[39m {}
&amp#27;[38;5;55m[c345ad8e]&amp#27;[0m&amp#27;[38;5;199m[AndroidUiautomator2Driver@3f8a (c345ad8e)]&amp#27;[0m Calling AppiumDriver.getCurrentContext() with args: ["c345ad8e-0069-4922-8b53-b1aeb605890e"]
&amp#27;[38;5;55m[c345ad8e]&amp#27;[0m&amp#27;[38;5;199m[AndroidUiautomator2Driver@3f8a (c345ad8e)]&amp#27;[0m Responding to client with driver.getCurrentContext() result: "NATIVE_APP"
&amp#27;[38;5;55m[c345ad8e]&amp#27;[0m&amp#27;[38;5;86m[HTTP]&amp#27;[0m <-- GET /session/c345ad8e-0069-4922-8b53-b1aeb605890e/context 200 5 ms - 22 
&amp#27;[38;5;55m[c345ad8e]&amp#27;[0m&amp#27;[38;5;86m[HTTP]&amp#27;[0m &amp#27;[37m-->&amp#27;[39m &amp#27;[37mPOST&amp#27;[39m &amp#27;[37m/session/c345ad8e-0069-4922-8b53-b1aeb605890e/execute/sync&amp#27;[39m {"script":"return (function(arg){\nvar s=function(){\"use strict\";function t(t){return t&&t.__esModule&&Object.prototype.hasOwnProperty.call(t,\"default\")?t.default:t}var e=function(t){var e=(void 0===t?[]:t)[0],n=\"\",r=e.ownerDocument;if(!r)return n;for(var o=e;o!==r;){var a=Array.prototype.filter.call(o.parentNode.childNodes,(function(t){return t.tagName===o.tagName})).indexOf(o);n=\"/\"+o.tagName+\"[\"+(a+1)+\"]\"+n,o=o.parentNode}return n};return t((function(){var t,n,r;try{t=window.top.document===window.document||\"root-context\"===window.parent.document[\"applitools-marker\"]}catch(e){t=!1}try{n=!window.parent.document===window.document}catch(t){n=!0}if(!n)try{r=e([window.frameElement])}catch(t){r=null}return[document.documentElement,r,t,n]}))}();\nreturn s(arg)\n}).apply(null, arguments)","args":[null]}
&amp#27;[38;5;55m[c345ad8e]&amp#27;[0m&amp#27;[38;5;199m[AndroidUiautomator2Driver@3f8a (c345ad8e)]&amp#27;[0m Calling AppiumDriver.execute() with args: ["return (function(arg){\nvar s=function(){\"use strict\";function t(t){return t&&t.__esModule&&Object.prototype.hasOwnProperty.call(t,\"default\")?t.default:t}var e=function(t){var e=(void 0===t?[]:t)[0],n=\"\",r=e.ownerDocument;if(!r)return n;for(var o=e;o!==r;){var a=Array.prototype.filter.call(o.parentNode.childNodes,(function(t){return t.tagName===o.tagName})).indexOf(o);n=\"/\"+o.tagName+\"[\"+(a+1)+\"]\"+n,o=o.parentNode}return n};return t((function(){var t,n,r;try{t=window.top.document===window.document||\"root-context\"===window.parent.document[\"applitools-marker\"]}catch(e){t=!1}try{n=!window.parent.document===window.document}catch(t){n=!0}if(!n)try{r=e([window.frameElement])}catch(t){r=null}return[document.documentElement,r,t,n]}))}();\nreturn s(arg)\n}).apply(null, arguments)",[null],"c345ad8e-0069-4922-8b53-b1aeb605890e"]
&amp#27;[38;5;55m[c345ad8e]&amp#27;[0m&amp#27;[38;5;199m[AndroidUiautomator2Driver@3f8a (c345ad8e)]&amp#27;[0m Encountered internal error running command: UnknownCommandError: Unknown mobile command "return (function(arg){
&amp#27;[38;5;55m[c345ad8e]&amp#27;[0m&amp#27;[38;5;199m[AndroidUiautomator2Driver@3f8a (c345ad8e)]&amp#27;[0m var s=function(){"use strict";function t(t){return t&&t.__esModule&&Object.prototype.hasOwnProperty.call(t,"default")?t.default:t}var e=function(t){var e=(void 0===t?[]:t)[0],n="",r=e.ownerDocument;if(!r)return n;for(var o=e;o!==r;){var a=Array.prototype.filter.call(o.parentNode.childNodes,(function(t){return t.tagName===o.tagName})).indexOf(o);n="/"+o.tagName+"["+(a+1)+"]"+n,o=o.parentNode}return n};return t((function(){var t,n,r;try{t=window.top.document===window.document||"root-context"===window.parent.document["applitools-marker"]}catch(e){t=!1}try{n=!window.parent.document===window.document}catch(t){n=!0}if(!n)try{r=e([window.frameElement])}catch(t){r=null}return[document.documentElement,r,t,n]}))}();
&amp#27;[38;5;55m[c345ad8e]&amp#27;[0m&amp#27;[38;5;199m[AndroidUiautomator2Driver@3f8a (c345ad8e)]&amp#27;[0m return s(arg)
&amp#27;[38;5;55m[c345ad8e]&amp#27;[0m&amp#27;[38;5;199m[AndroidUiautomator2Driver@3f8a (c345ad8e)]&amp#27;[0m }).apply(null, arguments)". Only shell, execEmuConsoleCommand, dragGesture, flingGesture, doubleClickGesture, clickGesture, longClickGesture, pinchCloseGesture, pinchOpenGesture, swipeGesture, scrollGesture, scrollBackTo, scroll, viewportScreenshot, viewportRect, deepLink, startLogsBroadcast, stopLogsBroadcast, deviceidle, acceptAlert, dismissAlert, batteryInfo, deviceInfo, getDeviceTime, changePermissions, getPermissions, performEditorAction, startScreenStreaming, stopScreenStreaming, getNotifications, openNotifications, listSms, type, replaceElementValue, pushFile, pullFile, pullFolder, deleteFile, isAppInstalled, queryAppState, activateApp, removeApp, terminateApp, installApp, clearApp, backgroundApp, getCurrentActivity, getCurrentPackage, startActivity, startService, stopService, broadcast, getContexts, getAppStrings, installMultipleApks, lock, unlock, isLocked, refreshGpsCache, startMediaProjectionRecording, isMediaProjectionRecordingRunning, stopMediaProjectionRecording, getConnectivity, setConnectivity, toggleGps, isGpsEnabled, hideKeyboard, isKeyboardShown, pressKey, getDisplayDensity, getSystemBars, fingerprint, sendSms, gsmCall, gsmSignal, gsmVoice, powerAc, powerCapacity, networkSpeed, sensorSet, getPerformanceData, getPerformanceDataTypes, statusBar, screenshots, scheduleAction, getActionHistory, unscheduleAction, getUiMode, setUiMode, sendTrimMemory commands are supported.
&amp#27;[38;5;55m[c345ad8e]&amp#27;[0m&amp#27;[38;5;199m[AndroidUiautomator2Driver@3f8a (c345ad8e)]&amp#27;[0m     at AndroidUiautomator2Driver.executeMobile (/Users/oikhlas/.appium/node_modules/appium-uiautomator2-driver/lib/commands/execute.js:56:11)
&amp#27;[38;5;55m[c345ad8e]&amp#27;[0m&amp#27;[38;5;199m[AndroidUiautomator2Driver@3f8a (c345ad8e)]&amp#27;[0m     at AndroidUiautomator2Driver.execute (/Users/oikhlas/.appium/node_modules/appium-uiautomator2-driver/lib/commands/execute.js:27:23)
&amp#27;[38;5;55m[c345ad8e]&amp#27;[0m&amp#27;[38;5;199m[AndroidUiautomator2Driver@3f8a (c345ad8e)]&amp#27;[0m     at commandExecutor (/Users/oikhlas/node_modules/@appium/base-driver/lib/basedriver/driver.ts:107:18)
&amp#27;[38;5;55m[c345ad8e]&amp#27;[0m&amp#27;[38;5;199m[AndroidUiautomator2Driver@3f8a (c345ad8e)]&amp#27;[0m     at /Users/oikhlas/node_modules/async-lock/lib/index.js:171:12
&amp#27;[38;5;55m[c345ad8e]&amp#27;[0m&amp#27;[38;5;199m[AndroidUiautomator2Driver@3f8a (c345ad8e)]&amp#27;[0m     at AsyncLock._promiseTry (/Users/oikhlas/node_modules/async-lock/lib/index.js:304:31)
&amp#27;[38;5;55m[c345ad8e]&amp#27;[0m&amp#27;[38;5;199m[AndroidUiautomator2Driver@3f8a (c345ad8e)]&amp#27;[0m     at exec (/Users/oikhlas/node_modules/async-lock/lib/index.js:170:9)
&amp#27;[38;5;55m[c345ad8e]&amp#27;[0m&amp#27;[38;5;199m[AndroidUiautomator2Driver@3f8a (c345ad8e)]&amp#27;[0m     at AsyncLock.acquire (/Users/oikhlas/node_modules/async-lock/lib/index.js:187:3)
&amp#27;[38;5;55m[c345ad8e]&amp#27;[0m&amp#27;[38;5;199m[AndroidUiautomator2Driver@3f8a (c345ad8e)]&amp#27;[0m     at AndroidUiautomator2Driver.executeCommand (/Users/oikhlas/node_modules/@appium/base-driver/lib/basedriver/driver.ts:123:39)
&amp#27;[38;5;55m[c345ad8e]&amp#27;[0m&amp#27;[38;5;199m[AndroidUiautomator2Driver@3f8a (c345ad8e)]&amp#27;[0m     at processTicksAndRejections (node:internal/process/task_queues:95:5)
&amp#27;[38;5;55m[c345ad8e]&amp#27;[0m&amp#27;[38;5;199m[AndroidUiautomator2Driver@3f8a (c345ad8e)]&amp#27;[0m     at defaultBehavior (/Users/oikhlas/.nvm/versions/node/v18.16.1/lib/node_modules/appium/lib/appium.js:1135:14)
&amp#27;[38;5;55m[c345ad8e]&amp#27;[0m&amp#27;[38;5;199m[AndroidUiautomator2Driver@3f8a (c345ad8e)]&amp#27;[0m     at AppiumDriver.executeWrappedCommand (/Users/oikhlas/.nvm/versions/node/v18.16.1/lib/node_modules/appium/lib/appium.js:1241:16)
&amp#27;[38;5;55m[c345ad8e]&amp#27;[0m&amp#27;[38;5;199m[AndroidUiautomator2Driver@3f8a (c345ad8e)]&amp#27;[0m     at AppiumDriver.executeCommand (/Users/oikhlas/.nvm/versions/node/v18.16.1/lib/node_modules/appium/lib/appium.js:1147:17)
&amp#27;[38;5;55m[c345ad8e]&amp#27;[0m&amp#27;[38;5;199m[AndroidUiautomator2Driver@3f8a (c345ad8e)]&amp#27;[0m     at asyncHandler (/Users/oikhlas/.nvm/versions/node/v18.16.1/lib/node_modules/appium/node_modules/@appium/base-driver/lib/protocol/protocol.js:387:19)
&amp#27;[38;5;55m[c345ad8e]&amp#27;[0m&amp#27;[38;5;86m[HTTP]&amp#27;[0m <-- POST /session/c345ad8e-0069-4922-8b53-b1aeb605890e/execute/sync 404 8 ms - 5939 
&amp#27;[38;5;55m[c345ad8e]&amp#27;[0m&amp#27;[38;5;86m[HTTP]&amp#27;[0m &amp#27;[37m-->&amp#27;[39m &amp#27;[37mPOST&amp#27;[39m &amp#27;[37m/session/c345ad8e-0069-4922-8b53-b1aeb605890e/execute/sync&amp#27;[39m {"script":"mobile:shell","args":[{"command":"dumpsys window | grep 'mCurrentRotation' | cut -d = -f2"}]}
&amp#27;[38;5;55m[c345ad8e]&amp#27;[0m&amp#27;[38;5;199m[AndroidUiautomator2Driver@3f8a (c345ad8e)]&amp#27;[0m Calling AppiumDriver.execute() with args: ["mobile:shell",[{"command":"dumpsys window | grep 'mCurrentRotation' | cut -d = -f2"}],"c345ad8e-0069-4922-8b53-b1aeb605890e"]
&amp#27;[38;5;55m[c345ad8e]&amp#27;[0m&amp#27;[38;5;199m[AndroidUiautomator2Driver@3f8a (c345ad8e)]&amp#27;[0m Executing method 'mobile: shell'
&amp#27;[38;5;55m[c345ad8e]&amp#27;[0m&amp#27;[38;5;199m[AndroidUiautomator2Driver@3f8a (c345ad8e)]&amp#27;[0m Encountered internal error running command: Error: Potentially insecure feature 'adb_shell' has not been enabled. If you want to enable this feature and accept the security ramifications, please do so by following the documented instructions at https://github.com/appium/appium/blob/master/docs/en/writing-running-appium/security.md
&amp#27;[38;5;55m[c345ad8e]&amp#27;[0m&amp#27;[38;5;199m[AndroidUiautomator2Driver@3f8a (c345ad8e)]&amp#27;[0m     at AndroidUiautomator2Driver.assertFeatureEnabled (/Users/oikhlas/node_modules/@appium/base-driver/lib/basedriver/core.ts:292:13)
&amp#27;[38;5;55m[c345ad8e]&amp#27;[0m&amp#27;[38;5;199m[AndroidUiautomator2Driver@3f8a (c345ad8e)]&amp#27;[0m     at AndroidUiautomator2Driver.ensureFeatureEnabled (/Users/oikhlas/node_modules/@appium/base-driver/lib/basedriver/core.ts:281:10)
&amp#27;[38;5;55m[c345ad8e]&amp#27;[0m&amp#27;[38;5;199m[AndroidUiautomator2Driver@3f8a (c345ad8e)]&amp#27;[0m     at AndroidUiautomator2Driver.mobileShell (/Users/oikhlas/.appium/node_modules/appium-uiautomator2-driver/node_modules/appium-android-driver/lib/commands/shell.js:13:8)
&amp#27;[38;5;55m[c345ad8e]&amp#27;[0m&amp#27;[38;5;199m[AndroidUiautomator2Driver@3f8a (c345ad8e)]&amp#27;[0m     at AndroidUiautomator2Driver.executeMobile (/Users/oikhlas/.appium/node_modules/appium-uiautomator2-driver/lib/commands/execute.js:66:82)
&amp#27;[38;5;55m[c345ad8e]&amp#27;[0m&amp#27;[38;5;199m[AndroidUiautomator2Driver@3f8a (c345ad8e)]&amp#27;[0m     at AndroidUiautomator2Driver.execute (/Users/oikhlas/.appium/node_modules/appium-uiautomator2-driver/lib/commands/execute.js:24:25)
&amp#27;[38;5;55m[c345ad8e]&amp#27;[0m&amp#27;[38;5;199m[AndroidUiautomator2Driver@3f8a (c345ad8e)]&amp#27;[0m     at commandExecutor (/Users/oikhlas/node_modules/@appium/base-driver/lib/basedriver/driver.ts:107:18)
&amp#27;[38;5;55m[c345ad8e]&amp#27;[0m&amp#27;[38;5;199m[AndroidUiautomator2Driver@3f8a (c345ad8e)]&amp#27;[0m     at /Users/oikhlas/node_modules/async-lock/lib/index.js:171:12
&amp#27;[38;5;55m[c345ad8e]&amp#27;[0m&amp#27;[38;5;199m[AndroidUiautomator2Driver@3f8a (c345ad8e)]&amp#27;[0m     at AsyncLock._promiseTry (/Users/oikhlas/node_modules/async-lock/lib/index.js:304:31)
&amp#27;[38;5;55m[c345ad8e]&amp#27;[0m&amp#27;[38;5;199m[AndroidUiautomator2Driver@3f8a (c345ad8e)]&amp#27;[0m     at exec (/Users/oikhlas/node_modules/async-lock/lib/index.js:170:9)
&amp#27;[38;5;55m[c345ad8e]&amp#27;[0m&amp#27;[38;5;199m[AndroidUiautomator2Driver@3f8a (c345ad8e)]&amp#27;[0m     at AsyncLock.acquire (/Users/oikhlas/node_modules/async-lock/lib/index.js:187:3)
&amp#27;[38;5;55m[c345ad8e]&amp#27;[0m&amp#27;[38;5;199m[AndroidUiautomator2Driver@3f8a (c345ad8e)]&amp#27;[0m     at AndroidUiautomator2Driver.executeCommand (/Users/oikhlas/node_modules/@appium/base-driver/lib/basedriver/driver.ts:123:39)
&amp#27;[38;5;55m[c345ad8e]&amp#27;[0m&amp#27;[38;5;199m[AndroidUiautomator2Driver@3f8a (c345ad8e)]&amp#27;[0m     at processTicksAndRejections (node:internal/process/task_queues:95:5)
&amp#27;[38;5;55m[c345ad8e]&amp#27;[0m&amp#27;[38;5;199m[AndroidUiautomator2Driver@3f8a (c345ad8e)]&amp#27;[0m     at defaultBehavior (/Users/oikhlas/.nvm/versions/node/v18.16.1/lib/node_modules/appium/lib/appium.js:1135:14)
&amp#27;[38;5;55m[c345ad8e]&amp#27;[0m&amp#27;[38;5;199m[AndroidUiautomator2Driver@3f8a (c345ad8e)]&amp#27;[0m     at AppiumDriver.executeWrappedCommand (/Users/oikhlas/.nvm/versions/node/v18.16.1/lib/node_modules/appium/lib/appium.js:1241:16)
&amp#27;[38;5;55m[c345ad8e]&amp#27;[0m&amp#27;[38;5;199m[AndroidUiautomator2Driver@3f8a (c345ad8e)]&amp#27;[0m     at AppiumDriver.executeCommand (/Users/oikhlas/.nvm/versions/node/v18.16.1/lib/node_modules/appium/lib/appium.js:1147:17)
&amp#27;[38;5;55m[c345ad8e]&amp#27;[0m&amp#27;[38;5;199m[AndroidUiautomator2Driver@3f8a (c345ad8e)]&amp#27;[0m     at asyncHandler (/Users/oikhlas/.nvm/versions/node/v18.16.1/lib/node_modules/appium/node_modules/@appium/base-driver/lib/protocol/protocol.js:387:19)
&amp#27;[38;5;55m[c345ad8e]&amp#27;[0m&amp#27;[38;5;86m[HTTP]&amp#27;[0m <-- POST /session/c345ad8e-0069-4922-8b53-b1aeb605890e/execute/sync 500 13 ms - 1126 
&amp#27;[38;5;55m[c345ad8e]&amp#27;[0m&amp#27;[38;5;86m[HTTP]&amp#27;[0m &amp#27;[37m-->&amp#27;[39m &amp#27;[37mGET&amp#27;[39m &amp#27;[37m/session/c345ad8e-0069-4922-8b53-b1aeb605890e/orientation&amp#27;[39m {}
&amp#27;[38;5;55m[c345ad8e]&amp#27;[0m&amp#27;[38;5;199m[AndroidUiautomator2Driver@3f8a (c345ad8e)]&amp#27;[0m Driver proxy active, passing request on via HTTP proxy
&amp#27;[38;5;55m[c345ad8e]&amp#27;[0m&amp#27;[38;5;199m[AndroidUiautomator2Driver@3f8a (c345ad8e)]&amp#27;[0m Matched '/session/c345ad8e-0069-4922-8b53-b1aeb605890e/orientation' to command name 'getOrientation'
&amp#27;[38;5;55m[c345ad8e]&amp#27;[0m&amp#27;[38;5;199m[AndroidUiautomator2Driver@3f8a (c345ad8e)]&amp#27;[0m Proxying [GET /session/c345ad8e-0069-4922-8b53-b1aeb605890e/orientation] to [GET http://127.0.0.1:8200/session/7fce3fa8-d8da-4ef0-b038-36f5c6beebce/orientation] with no body
&amp#27;[38;5;55m[c345ad8e]&amp#27;[0m&amp#27;[38;5;199m[AndroidUiautomator2Driver@3f8a (c345ad8e)]&amp#27;[0m Got response with status 200: {"sessionId":"7fce3fa8-d8da-4ef0-b038-36f5c6beebce","value":"PORTRAIT"}
&amp#27;[38;5;55m[c345ad8e]&amp#27;[0m&amp#27;[38;5;199m[AndroidUiautomator2Driver@3f8a (c345ad8e)]&amp#27;[0m Replacing sessionId 7fce3fa8-d8da-4ef0-b038-36f5c6beebce with c345ad8e-0069-4922-8b53-b1aeb605890e
&amp#27;[38;5;55m[c345ad8e]&amp#27;[0m&amp#27;[38;5;86m[HTTP]&amp#27;[0m <-- GET /session/c345ad8e-0069-4922-8b53-b1aeb605890e/orientation 200 26 ms - 71 
&amp#27;[38;5;55m[c345ad8e]&amp#27;[0m&amp#27;[38;5;86m[HTTP]&amp#27;[0m &amp#27;[37m-->&amp#27;[39m &amp#27;[37mGET&amp#27;[39m &amp#27;[37m/session/c345ad8e-0069-4922-8b53-b1aeb605890e/window/rect&amp#27;[39m {}
&amp#27;[38;5;55m[c345ad8e]&amp#27;[0m&amp#27;[38;5;199m[AndroidUiautomator2Driver@3f8a (c345ad8e)]&amp#27;[0m Calling AppiumDriver.getWindowRect() with args: ["c345ad8e-0069-4922-8b53-b1aeb605890e"]
&amp#27;[38;5;55m[c345ad8e]&amp#27;[0m&amp#27;[38;5;199m[AndroidUiautomator2Driver@3f8a (c345ad8e)]&amp#27;[0m Matched '/window/current/size' to command name 'getWindowSize'
&amp#27;[38;5;55m[c345ad8e]&amp#27;[0m&amp#27;[38;5;199m[AndroidUiautomator2Driver@3f8a (c345ad8e)]&amp#27;[0m Proxying [GET /window/current/size] to [GET http://127.0.0.1:8200/session/7fce3fa8-d8da-4ef0-b038-36f5c6beebce/window/current/size] with no body
&amp#27;[38;5;55m[c345ad8e]&amp#27;[0m&amp#27;[38;5;199m[AndroidUiautomator2Driver@3f8a (c345ad8e)]&amp#27;[0m Got response with status 200: {"sessionId":"7fce3fa8-d8da-4ef0-b038-36f5c6beebce","value":{"height":2880,"width":1440}}
&amp#27;[38;5;55m[c345ad8e]&amp#27;[0m&amp#27;[38;5;199m[AndroidUiautomator2Driver@3f8a (c345ad8e)]&amp#27;[0m Responding to client with driver.getWindowRect() result: {"width":1440,"height":2880,"x":0,"y":0}
&amp#27;[38;5;55m[c345ad8e]&amp#27;[0m&amp#27;[38;5;86m[HTTP]&amp#27;[0m <-- GET /session/c345ad8e-0069-4922-8b53-b1aeb605890e/window/rect 200 17 ms - 50 
&amp#27;[38;5;55m[c345ad8e]&amp#27;[0m&amp#27;[38;5;86m[HTTP]&amp#27;[0m &amp#27;[37m-->&amp#27;[39m &amp#27;[37mGET&amp#27;[39m &amp#27;[37m/session/c345ad8e-0069-4922-8b53-b1aeb605890e/appium/device/system_bars&amp#27;[39m {}
&amp#27;[38;5;55m[c345ad8e]&amp#27;[0m&amp#27;[38;5;199m[AndroidUiautomator2Driver@3f8a (c345ad8e)]&amp#27;[0m Calling AppiumDriver.getSystemBars() with args: ["c345ad8e-0069-4922-8b53-b1aeb605890e"]
&amp#27;[38;5;55m[c345ad8e]&amp#27;[0m&amp#27;[38;5;229m[ADB]&amp#27;[0m Running '/users/oikhlas/Library/Android/sdk/platform-tools/adb -P 5037 -s emulator-5554 shell dumpsys window windows'
&amp#27;[38;5;55m[c345ad8e]&amp#27;[0m&amp#27;[38;5;199m[AndroidUiautomator2Driver@3f8a (c345ad8e)]&amp#27;[0m Responding to client with driver.getSystemBars() result: {"navigationBar":{"visible":true,"x":0,"y":2712,"width":1440,"height":168},"statusBar":{"visible":true,"x":0,"y":0,"width":1440,"height":84}}
&amp#27;[38;5;55m[c345ad8e]&amp#27;[0m&amp#27;[38;5;86m[HTTP]&amp#27;[0m <-- GET /session/c345ad8e-0069-4922-8b53-b1aeb605890e/appium/device/system_bars 200 152 ms - 151 
&amp#27;[38;5;55m[c345ad8e]&amp#27;[0m&amp#27;[38;5;86m[HTTP]&amp#27;[0m &amp#27;[37m-->&amp#27;[39m &amp#27;[37mGET&amp#27;[39m &amp#27;[37m/session/c345ad8e-0069-4922-8b53-b1aeb605890e/context&amp#27;[39m {}
&amp#27;[38;5;55m[c345ad8e]&amp#27;[0m&amp#27;[38;5;199m[AndroidUiautomator2Driver@3f8a (c345ad8e)]&amp#27;[0m Calling AppiumDriver.getCurrentContext() with args: ["c345ad8e-0069-4922-8b53-b1aeb605890e"]
&amp#27;[38;5;55m[c345ad8e]&amp#27;[0m&amp#27;[38;5;199m[AndroidUiautomator2Driver@3f8a (c345ad8e)]&amp#27;[0m Responding to client with driver.getCurrentContext() result: "NATIVE_APP"
&amp#27;[38;5;55m[c345ad8e]&amp#27;[0m&amp#27;[38;5;86m[HTTP]&amp#27;[0m <-- GET /session/c345ad8e-0069-4922-8b53-b1aeb605890e/context 200 2 ms - 22 
&amp#27;[38;5;55m[c345ad8e]&amp#27;[0m&amp#27;[38;5;86m[HTTP]&amp#27;[0m &amp#27;[37m-->&amp#27;[39m &amp#27;[37mPOST&amp#27;[39m &amp#27;[37m/session/c345ad8e-0069-4922-8b53-b1aeb605890e/element&amp#27;[39m {"value":"com.androidsample.generalstore:id/nameField","using":"id"}
&amp#27;[38;5;55m[c345ad8e]&amp#27;[0m&amp#27;[38;5;199m[AndroidUiautomator2Driver@3f8a (c345ad8e)]&amp#27;[0m Calling AppiumDriver.findElement() with args: ["id","com.androidsample.generalstore:id/nameField","c345ad8e-0069-4922-8b53-b1aeb605890e"]
&amp#27;[38;5;55m[c345ad8e]&amp#27;[0m&amp#27;[38;5;199m[AndroidUiautomator2Driver@3f8a (c345ad8e)]&amp#27;[0m Valid locator strategies for this request: xpath, id, class name, accessibility id, css selector, -android uiautomator
&amp#27;[38;5;55m[c345ad8e]&amp#27;[0m&amp#27;[38;5;199m[AndroidUiautomator2Driver@3f8a (c345ad8e)]&amp#27;[0m Waiting up to 20000 ms for condition
&amp#27;[38;5;55m[c345ad8e]&amp#27;[0m&amp#27;[38;5;199m[AndroidUiautomator2Driver@3f8a (c345ad8e)]&amp#27;[0m Matched '/element' to command name 'findElement'
&amp#27;[38;5;55m[c345ad8e]&amp#27;[0m&amp#27;[38;5;199m[AndroidUiautomator2Driver@3f8a (c345ad8e)]&amp#27;[0m Proxying [POST /element] to [POST http://127.0.0.1:8200/session/7fce3fa8-d8da-4ef0-b038-36f5c6beebce/element] with body: {"strategy":"id","selector":"com.androidsample.generalstore:id/nameField","context":"","multiple":false}
&amp#27;[38;5;55m[c345ad8e]&amp#27;[0m&amp#27;[38;5;199m[AndroidUiautomator2Driver@3f8a (c345ad8e)]&amp#27;[0m Got response with status 404: {"sessionId":"7fce3fa8-d8da-4ef0-b038-36f5c6beebce","value":{"error":"no such element","message":"An element could not be located on the page using the given search parameters","stacktrace":"io.appium.uiautomator2.common.exceptions.ElementNotFoundException: An element could not be located on the page using the given search parameters\n\tat io.appium.uiautomator2.handler.FindElement.safeHandle(FindElement.java:63)\n\tat io.appium.uiautomator2.handler.request.SafeRequestHandler.handle(SafeRequestHandler.java:59)\n\tat io.appium.uiautomator2.server.AppiumServlet.handleRequest(AppiumServlet.java:277)\n\tat io.appium.uiautomator2.server.AppiumServlet.handleHttpRequest(AppiumServlet.java:271)\n\tat io.appium.uiautomator2.http.ServerHandler.channelRead(ServerHandler.java:77)\n\tat io.netty.channel.AbstractChannelHandlerContext.invokeChannelRead(AbstractChannelHandlerContext.java:366)\n\tat io.netty.channel.AbstractChannelHandlerContext.invokeChannelRead(AbstractChannelHandlerContext.java:352)\n\tat io.netty.chann...
&amp#27;[38;5;55m[c345ad8e]&amp#27;[0m&amp#27;[38;5;123m[W3C]&amp#27;[0m Matched W3C error code 'no such element' to NoSuchElementError
&amp#27;[38;5;55m[c345ad8e]&amp#27;[0m&amp#27;[38;5;199m[AndroidUiautomator2Driver@3f8a (c345ad8e)]&amp#27;[0m Waited for 47 ms so far
&amp#27;[38;5;55m[c345ad8e]&amp#27;[0m&amp#27;[38;5;199m[AndroidUiautomator2Driver@3f8a (c345ad8e)]&amp#27;[0m Matched '/element' to command name 'findElement'
&amp#27;[38;5;55m[c345ad8e]&amp#27;[0m&amp#27;[38;5;199m[AndroidUiautomator2Driver@3f8a (c345ad8e)]&amp#27;[0m Proxying [POST /element] to [POST http://127.0.0.1:8200/session/7fce3fa8-d8da-4ef0-b038-36f5c6beebce/element] with body: {"strategy":"id","selector":"com.androidsample.generalstore:id/nameField","context":"","multiple":false}
&amp#27;[38;5;55m[c345ad8e]&amp#27;[0m&amp#27;[38;5;199m[AndroidUiautomator2Driver@3f8a (c345ad8e)]&amp#27;[0m Got response with status 404: {"sessionId":"7fce3fa8-d8da-4ef0-b038-36f5c6beebce","value":{"error":"no such element","message":"An element could not be located on the page using the given search parameters","stacktrace":"io.appium.uiautomator2.common.exceptions.ElementNotFoundException: An element could not be located on the page using the given search parameters\n\tat io.appium.uiautomator2.handler.FindElement.safeHandle(FindElement.java:63)\n\tat io.appium.uiautomator2.handler.request.SafeRequestHandler.handle(SafeRequestHandler.java:59)\n\tat io.appium.uiautomator2.server.AppiumServlet.handleRequest(AppiumServlet.java:277)\n\tat io.appium.uiautomator2.server.AppiumServlet.handleHttpRequest(AppiumServlet.java:271)\n\tat io.appium.uiautomator2.http.ServerHandler.channelRead(ServerHandler.java:77)\n\tat io.netty.channel.AbstractChannelHandlerContext.invokeChannelRead(AbstractChannelHandlerContext.java:366)\n\tat io.netty.channel.AbstractChannelHandlerContext.invokeChannelRead(AbstractChannelHandlerContext.java:352)\n\tat io.netty.chann...
&amp#27;[38;5;55m[c345ad8e]&amp#27;[0m&amp#27;[38;5;123m[W3C]&amp#27;[0m Matched W3C error code 'no such element' to NoSuchElementError
&amp#27;[38;5;55m[c345ad8e]&amp#27;[0m&amp#27;[38;5;199m[AndroidUiautomator2Driver@3f8a (c345ad8e)]&amp#27;[0m Waited for 586 ms so far
&amp#27;[38;5;55m[c345ad8e]&amp#27;[0m&amp#27;[38;5;199m[AndroidUiautomator2Driver@3f8a (c345ad8e)]&amp#27;[0m Matched '/element' to command name 'findElement'
&amp#27;[38;5;55m[c345ad8e]&amp#27;[0m&amp#27;[38;5;199m[AndroidUiautomator2Driver@3f8a (c345ad8e)]&amp#27;[0m Proxying [POST /element] to [POST http://127.0.0.1:8200/session/7fce3fa8-d8da-4ef0-b038-36f5c6beebce/element] with body: {"strategy":"id","selector":"com.androidsample.generalstore:id/nameField","context":"","multiple":false}
&amp#27;[38;5;55m[c345ad8e]&amp#27;[0m&amp#27;[38;5;199m[AndroidUiautomator2Driver@3f8a (c345ad8e)]&amp#27;[0m Got response with status 404: {"sessionId":"7fce3fa8-d8da-4ef0-b038-36f5c6beebce","value":{"error":"no such element","message":"An element could not be located on the page using the given search parameters","stacktrace":"io.appium.uiautomator2.common.exceptions.ElementNotFoundException: An element could not be located on the page using the given search parameters\n\tat io.appium.uiautomator2.handler.FindElement.safeHandle(FindElement.java:63)\n\tat io.appium.uiautomator2.handler.request.SafeRequestHandler.handle(SafeRequestHandler.java:59)\n\tat io.appium.uiautomator2.server.AppiumServlet.handleRequest(AppiumServlet.java:277)\n\tat io.appium.uiautomator2.server.AppiumServlet.handleHttpRequest(AppiumServlet.java:271)\n\tat io.appium.uiautomator2.http.ServerHandler.channelRead(ServerHandler.java:77)\n\tat io.netty.channel.AbstractChannelHandlerContext.invokeChannelRead(AbstractChannelHandlerContext.java:366)\n\tat io.netty.channel.AbstractChannelHandlerContext.invokeChannelRead(AbstractChannelHandlerContext.java:352)\n\tat io.netty.chann...
&amp#27;[38;5;55m[c345ad8e]&amp#27;[0m&amp#27;[38;5;123m[W3C]&amp#27;[0m Matched W3C error code 'no such element' to NoSuchElementError
&amp#27;[38;5;55m[c345ad8e]&amp#27;[0m&amp#27;[38;5;199m[AndroidUiautomator2Driver@3f8a (c345ad8e)]&amp#27;[0m Waited for 1125 ms so far
&amp#27;[38;5;55m[c345ad8e]&amp#27;[0m&amp#27;[38;5;199m[AndroidUiautomator2Driver@3f8a (c345ad8e)]&amp#27;[0m Matched '/element' to command name 'findElement'
&amp#27;[38;5;55m[c345ad8e]&amp#27;[0m&amp#27;[38;5;199m[AndroidUiautomator2Driver@3f8a (c345ad8e)]&amp#27;[0m Proxying [POST /element] to [POST http://127.0.0.1:8200/session/7fce3fa8-d8da-4ef0-b038-36f5c6beebce/element] with body: {"strategy":"id","selector":"com.androidsample.generalstore:id/nameField","context":"","multiple":false}
&amp#27;[38;5;55m[c345ad8e]&amp#27;[0m&amp#27;[38;5;199m[AndroidUiautomator2Driver@3f8a (c345ad8e)]&amp#27;[0m Got response with status 404: {"sessionId":"7fce3fa8-d8da-4ef0-b038-36f5c6beebce","value":{"error":"no such element","message":"An element could not be located on the page using the given search parameters","stacktrace":"io.appium.uiautomator2.common.exceptions.ElementNotFoundException: An element could not be located on the page using the given search parameters\n\tat io.appium.uiautomator2.handler.FindElement.safeHandle(FindElement.java:63)\n\tat io.appium.uiautomator2.handler.request.SafeRequestHandler.handle(SafeRequestHandler.java:59)\n\tat io.appium.uiautomator2.server.AppiumServlet.handleRequest(AppiumServlet.java:277)\n\tat io.appium.uiautomator2.server.AppiumServlet.handleHttpRequest(AppiumServlet.java:271)\n\tat io.appium.uiautomator2.http.ServerHandler.channelRead(ServerHandler.java:77)\n\tat io.netty.channel.AbstractChannelHandlerContext.invokeChannelRead(AbstractChannelHandlerContext.java:366)\n\tat io.netty.channel.AbstractChannelHandlerContext.invokeChannelRead(AbstractChannelHandlerContext.java:352)\n\tat io.netty.chann...
&amp#27;[38;5;55m[c345ad8e]&amp#27;[0m&amp#27;[38;5;123m[W3C]&amp#27;[0m Matched W3C error code 'no such element' to NoSuchElementError
&amp#27;[38;5;55m[c345ad8e]&amp#27;[0m&amp#27;[38;5;199m[AndroidUiautomator2Driver@3f8a (c345ad8e)]&amp#27;[0m Waited for 1666 ms so far
&amp#27;[38;5;55m[c345ad8e]&amp#27;[0m&amp#27;[38;5;199m[AndroidUiautomator2Driver@3f8a (c345ad8e)]&amp#27;[0m Matched '/element' to command name 'findElement'
&amp#27;[38;5;55m[c345ad8e]&amp#27;[0m&amp#27;[38;5;199m[AndroidUiautomator2Driver@3f8a (c345ad8e)]&amp#27;[0m Proxying [POST /element] to [POST http://127.0.0.1:8200/session/7fce3fa8-d8da-4ef0-b038-36f5c6beebce/element] with body: {"strategy":"id","selector":"com.androidsample.generalstore:id/nameField","context":"","multiple":false}
&amp#27;[38;5;55m[c345ad8e]&amp#27;[0m&amp#27;[38;5;199m[AndroidUiautomator2Driver@3f8a (c345ad8e)]&amp#27;[0m Got response with status 404: {"sessionId":"7fce3fa8-d8da-4ef0-b038-36f5c6beebce","value":{"error":"no such element","message":"An element could not be located on the page using the given search parameters","stacktrace":"io.appium.uiautomator2.common.exceptions.ElementNotFoundException: An element could not be located on the page using the given search parameters\n\tat io.appium.uiautomator2.handler.FindElement.safeHandle(FindElement.java:63)\n\tat io.appium.uiautomator2.handler.request.SafeRequestHandler.handle(SafeRequestHandler.java:59)\n\tat io.appium.uiautomator2.server.AppiumServlet.handleRequest(AppiumServlet.java:277)\n\tat io.appium.uiautomator2.server.AppiumServlet.handleHttpRequest(AppiumServlet.java:271)\n\tat io.appium.uiautomator2.http.ServerHandler.channelRead(ServerHandler.java:77)\n\tat io.netty.channel.AbstractChannelHandlerContext.invokeChannelRead(AbstractChannelHandlerContext.java:366)\n\tat io.netty.channel.AbstractChannelHandlerContext.invokeChannelRead(AbstractChannelHandlerContext.java:352)\n\tat io.netty.chann...
&amp#27;[38;5;55m[c345ad8e]&amp#27;[0m&amp#27;[38;5;123m[W3C]&amp#27;[0m Matched W3C error code 'no such element' to NoSuchElementError
&amp#27;[38;5;55m[c345ad8e]&amp#27;[0m&amp#27;[38;5;199m[AndroidUiautomator2Driver@3f8a (c345ad8e)]&amp#27;[0m Waited for 2203 ms so far
&amp#27;[38;5;55m[c345ad8e]&amp#27;[0m&amp#27;[38;5;199m[AndroidUiautomator2Driver@3f8a (c345ad8e)]&amp#27;[0m Matched '/element' to command name 'findElement'
&amp#27;[38;5;55m[c345ad8e]&amp#27;[0m&amp#27;[38;5;199m[AndroidUiautomator2Driver@3f8a (c345ad8e)]&amp#27;[0m Proxying [POST /element] to [POST http://127.0.0.1:8200/session/7fce3fa8-d8da-4ef0-b038-36f5c6beebce/element] with body: {"strategy":"id","selector":"com.androidsample.generalstore:id/nameField","context":"","multiple":false}
&amp#27;[38;5;55m[c345ad8e]&amp#27;[0m&amp#27;[38;5;199m[AndroidUiautomator2Driver@3f8a (c345ad8e)]&amp#27;[0m Got response with status 404: {"sessionId":"7fce3fa8-d8da-4ef0-b038-36f5c6beebce","value":{"error":"no such element","message":"An element could not be located on the page using the given search parameters","stacktrace":"io.appium.uiautomator2.common.exceptions.ElementNotFoundException: An element could not be located on the page using the given search parameters\n\tat io.appium.uiautomator2.handler.FindElement.safeHandle(FindElement.java:63)\n\tat io.appium.uiautomator2.handler.request.SafeRequestHandler.handle(SafeRequestHandler.java:59)\n\tat io.appium.uiautomator2.server.AppiumServlet.handleRequest(AppiumServlet.java:277)\n\tat io.appium.uiautomator2.server.AppiumServlet.handleHttpRequest(AppiumServlet.java:271)\n\tat io.appium.uiautomator2.http.ServerHandler.channelRead(ServerHandler.java:77)\n\tat io.netty.channel.AbstractChannelHandlerContext.invokeChannelRead(AbstractChannelHandlerContext.java:366)\n\tat io.netty.channel.AbstractChannelHandlerContext.invokeChannelRead(AbstractChannelHandlerContext.java:352)\n\tat io.netty.chann...
&amp#27;[38;5;55m[c345ad8e]&amp#27;[0m&amp#27;[38;5;123m[W3C]&amp#27;[0m Matched W3C error code 'no such element' to NoSuchElementError
&amp#27;[38;5;55m[c345ad8e]&amp#27;[0m&amp#27;[38;5;199m[AndroidUiautomator2Driver@3f8a (c345ad8e)]&amp#27;[0m Waited for 2739 ms so far
&amp#27;[38;5;55m[c345ad8e]&amp#27;[0m&amp#27;[38;5;199m[AndroidUiautomator2Driver@3f8a (c345ad8e)]&amp#27;[0m Matched '/element' to command name 'findElement'
&amp#27;[38;5;55m[c345ad8e]&amp#27;[0m&amp#27;[38;5;199m[AndroidUiautomator2Driver@3f8a (c345ad8e)]&amp#27;[0m Proxying [POST /element] to [POST http://127.0.0.1:8200/session/7fce3fa8-d8da-4ef0-b038-36f5c6beebce/element] with body: {"strategy":"id","selector":"com.androidsample.generalstore:id/nameField","context":"","multiple":false}
&amp#27;[38;5;55m[c345ad8e]&amp#27;[0m&amp#27;[38;5;199m[AndroidUiautomator2Driver@3f8a (c345ad8e)]&amp#27;[0m Got response with status 404: {"sessionId":"7fce3fa8-d8da-4ef0-b038-36f5c6beebce","value":{"error":"no such element","message":"An element could not be located on the page using the given search parameters","stacktrace":"io.appium.uiautomator2.common.exceptions.ElementNotFoundException: An element could not be located on the page using the given search parameters\n\tat io.appium.uiautomator2.handler.FindElement.safeHandle(FindElement.java:63)\n\tat io.appium.uiautomator2.handler.request.SafeRequestHandler.handle(SafeRequestHandler.java:59)\n\tat io.appium.uiautomator2.server.AppiumServlet.handleRequest(AppiumServlet.java:277)\n\tat io.appium.uiautomator2.server.AppiumServlet.handleHttpRequest(AppiumServlet.java:271)\n\tat io.appium.uiautomator2.http.ServerHandler.channelRead(ServerHandler.java:77)\n\tat io.netty.channel.AbstractChannelHandlerContext.invokeChannelRead(AbstractChannelHandlerContext.java:366)\n\tat io.netty.channel.AbstractChannelHandlerContext.invokeChannelRead(AbstractChannelHandlerContext.java:352)\n\tat io.netty.chann...
&amp#27;[38;5;55m[c345ad8e]&amp#27;[0m&amp#27;[38;5;123m[W3C]&amp#27;[0m Matched W3C error code 'no such element' to NoSuchElementError
&amp#27;[38;5;55m[c345ad8e]&amp#27;[0m&amp#27;[38;5;199m[AndroidUiautomator2Driver@3f8a (c345ad8e)]&amp#27;[0m Waited for 3282 ms so far
&amp#27;[38;5;55m[c345ad8e]&amp#27;[0m&amp#27;[38;5;199m[AndroidUiautomator2Driver@3f8a (c345ad8e)]&amp#27;[0m Matched '/element' to command name 'findElement'
&amp#27;[38;5;55m[c345ad8e]&amp#27;[0m&amp#27;[38;5;199m[AndroidUiautomator2Driver@3f8a (c345ad8e)]&amp#27;[0m Proxying [POST /element] to [POST http://127.0.0.1:8200/session/7fce3fa8-d8da-4ef0-b038-36f5c6beebce/element] with body: {"strategy":"id","selector":"com.androidsample.generalstore:id/nameField","context":"","multiple":false}
&amp#27;[38;5;55m[c345ad8e]&amp#27;[0m&amp#27;[38;5;199m[AndroidUiautomator2Driver@3f8a (c345ad8e)]&amp#27;[0m Got response with status 404: {"sessionId":"7fce3fa8-d8da-4ef0-b038-36f5c6beebce","value":{"error":"no such element","message":"An element could not be located on the page using the given search parameters","stacktrace":"io.appium.uiautomator2.common.exceptions.ElementNotFoundException: An element could not be located on the page using the given search parameters\n\tat io.appium.uiautomator2.handler.FindElement.safeHandle(FindElement.java:63)\n\tat io.appium.uiautomator2.handler.request.SafeRequestHandler.handle(SafeRequestHandler.java:59)\n\tat io.appium.uiautomator2.server.AppiumServlet.handleRequest(AppiumServlet.java:277)\n\tat io.appium.uiautomator2.server.AppiumServlet.handleHttpRequest(AppiumServlet.java:271)\n\tat io.appium.uiautomator2.http.ServerHandler.channelRead(ServerHandler.java:77)\n\tat io.netty.channel.AbstractChannelHandlerContext.invokeChannelRead(AbstractChannelHandlerContext.java:366)\n\tat io.netty.channel.AbstractChannelHandlerContext.invokeChannelRead(AbstractChannelHandlerContext.java:352)\n\tat io.netty.chann...
&amp#27;[38;5;55m[c345ad8e]&amp#27;[0m&amp#27;[38;5;123m[W3C]&amp#27;[0m Matched W3C error code 'no such element' to NoSuchElementError
&amp#27;[38;5;55m[c345ad8e]&amp#27;[0m&amp#27;[38;5;199m[AndroidUiautomator2Driver@3f8a (c345ad8e)]&amp#27;[0m Waited for 3819 ms so far
&amp#27;[38;5;55m[c345ad8e]&amp#27;[0m&amp#27;[38;5;199m[AndroidUiautomator2Driver@3f8a (c345ad8e)]&amp#27;[0m Matched '/element' to command name 'findElement'
&amp#27;[38;5;55m[c345ad8e]&amp#27;[0m&amp#27;[38;5;199m[AndroidUiautomator2Driver@3f8a (c345ad8e)]&amp#27;[0m Proxying [POST /element] to [POST http://127.0.0.1:8200/session/7fce3fa8-d8da-4ef0-b038-36f5c6beebce/element] with body: {"strategy":"id","selector":"com.androidsample.generalstore:id/nameField","context":"","multiple":false}
&amp#27;[38;5;55m[c345ad8e]&amp#27;[0m&amp#27;[38;5;199m[AndroidUiautomator2Driver@3f8a (c345ad8e)]&amp#27;[0m Got response with status 404: {"sessionId":"7fce3fa8-d8da-4ef0-b038-36f5c6beebce","value":{"error":"no such element","message":"An element could not be located on the page using the given search parameters","stacktrace":"io.appium.uiautomator2.common.exceptions.ElementNotFoundException: An element could not be located on the page using the given search parameters\n\tat io.appium.uiautomator2.handler.FindElement.safeHandle(FindElement.java:63)\n\tat io.appium.uiautomator2.handler.request.SafeRequestHandler.handle(SafeRequestHandler.java:59)\n\tat io.appium.uiautomator2.server.AppiumServlet.handleRequest(AppiumServlet.java:277)\n\tat io.appium.uiautomator2.server.AppiumServlet.handleHttpRequest(AppiumServlet.java:271)\n\tat io.appium.uiautomator2.http.ServerHandler.channelRead(ServerHandler.java:77)\n\tat io.netty.channel.AbstractChannelHandlerContext.invokeChannelRead(AbstractChannelHandlerContext.java:366)\n\tat io.netty.channel.AbstractChannelHandlerContext.invokeChannelRead(AbstractChannelHandlerContext.java:352)\n\tat io.netty.chann...
&amp#27;[38;5;55m[c345ad8e]&amp#27;[0m&amp#27;[38;5;123m[W3C]&amp#27;[0m Matched W3C error code 'no such element' to NoSuchElementError
&amp#27;[38;5;55m[c345ad8e]&amp#27;[0m&amp#27;[38;5;199m[AndroidUiautomator2Driver@3f8a (c345ad8e)]&amp#27;[0m Waited for 4358 ms so far
&amp#27;[38;5;55m[c345ad8e]&amp#27;[0m&amp#27;[38;5;199m[AndroidUiautomator2Driver@3f8a (c345ad8e)]&amp#27;[0m Matched '/element' to command name 'findElement'
&amp#27;[38;5;55m[c345ad8e]&amp#27;[0m&amp#27;[38;5;199m[AndroidUiautomator2Driver@3f8a (c345ad8e)]&amp#27;[0m Proxying [POST /element] to [POST http://127.0.0.1:8200/session/7fce3fa8-d8da-4ef0-b038-36f5c6beebce/element] with body: {"strategy":"id","selector":"com.androidsample.generalstore:id/nameField","context":"","multiple":false}
&amp#27;[38;5;55m[c345ad8e]&amp#27;[0m&amp#27;[38;5;199m[AndroidUiautomator2Driver@3f8a (c345ad8e)]&amp#27;[0m Got response with status 404: {"sessionId":"7fce3fa8-d8da-4ef0-b038-36f5c6beebce","value":{"error":"no such element","message":"An element could not be located on the page using the given search parameters","stacktrace":"io.appium.uiautomator2.common.exceptions.ElementNotFoundException: An element could not be located on the page using the given search parameters\n\tat io.appium.uiautomator2.handler.FindElement.safeHandle(FindElement.java:63)\n\tat io.appium.uiautomator2.handler.request.SafeRequestHandler.handle(SafeRequestHandler.java:59)\n\tat io.appium.uiautomator2.server.AppiumServlet.handleRequest(AppiumServlet.java:277)\n\tat io.appium.uiautomator2.server.AppiumServlet.handleHttpRequest(AppiumServlet.java:271)\n\tat io.appium.uiautomator2.http.ServerHandler.channelRead(ServerHandler.java:77)\n\tat io.netty.channel.AbstractChannelHandlerContext.invokeChannelRead(AbstractChannelHandlerContext.java:366)\n\tat io.netty.channel.AbstractChannelHandlerContext.invokeChannelRead(AbstractChannelHandlerContext.java:352)\n\tat io.netty.chann...
&amp#27;[38;5;55m[c345ad8e]&amp#27;[0m&amp#27;[38;5;123m[W3C]&amp#27;[0m Matched W3C error code 'no such element' to NoSuchElementError
&amp#27;[38;5;55m[c345ad8e]&amp#27;[0m&amp#27;[38;5;199m[AndroidUiautomator2Driver@3f8a (c345ad8e)]&amp#27;[0m Waited for 4895 ms so far
&amp#27;[38;5;55m[c345ad8e]&amp#27;[0m&amp#27;[38;5;199m[AndroidUiautomator2Driver@3f8a (c345ad8e)]&amp#27;[0m Matched '/element' to command name 'findElement'
&amp#27;[38;5;55m[c345ad8e]&amp#27;[0m&amp#27;[38;5;199m[AndroidUiautomator2Driver@3f8a (c345ad8e)]&amp#27;[0m Proxying [POST /element] to [POST http://127.0.0.1:8200/session/7fce3fa8-d8da-4ef0-b038-36f5c6beebce/element] with body: {"strategy":"id","selector":"com.androidsample.generalstore:id/nameField","context":"","multiple":false}
&amp#27;[38;5;55m[c345ad8e]&amp#27;[0m&amp#27;[38;5;199m[AndroidUiautomator2Driver@3f8a (c345ad8e)]&amp#27;[0m Got response with status 404: {"sessionId":"7fce3fa8-d8da-4ef0-b038-36f5c6beebce","value":{"error":"no such element","message":"An element could not be located on the page using the given search parameters","stacktrace":"io.appium.uiautomator2.common.exceptions.ElementNotFoundException: An element could not be located on the page using the given search parameters\n\tat io.appium.uiautomator2.handler.FindElement.safeHandle(FindElement.java:63)\n\tat io.appium.uiautomator2.handler.request.SafeRequestHandler.handle(SafeRequestHandler.java:59)\n\tat io.appium.uiautomator2.server.AppiumServlet.handleRequest(AppiumServlet.java:277)\n\tat io.appium.uiautomator2.server.AppiumServlet.handleHttpRequest(AppiumServlet.java:271)\n\tat io.appium.uiautomator2.http.ServerHandler.channelRead(ServerHandler.java:77)\n\tat io.netty.channel.AbstractChannelHandlerContext.invokeChannelRead(AbstractChannelHandlerContext.java:366)\n\tat io.netty.channel.AbstractChannelHandlerContext.invokeChannelRead(AbstractChannelHandlerContext.java:352)\n\tat io.netty.chann...
&amp#27;[38;5;55m[c345ad8e]&amp#27;[0m&amp#27;[38;5;123m[W3C]&amp#27;[0m Matched W3C error code 'no such element' to NoSuchElementError
&amp#27;[38;5;55m[c345ad8e]&amp#27;[0m&amp#27;[38;5;199m[AndroidUiautomator2Driver@3f8a (c345ad8e)]&amp#27;[0m Waited for 5433 ms so far
&amp#27;[38;5;55m[c345ad8e]&amp#27;[0m&amp#27;[38;5;199m[AndroidUiautomator2Driver@3f8a (c345ad8e)]&amp#27;[0m Matched '/element' to command name 'findElement'
&amp#27;[38;5;55m[c345ad8e]&amp#27;[0m&amp#27;[38;5;199m[AndroidUiautomator2Driver@3f8a (c345ad8e)]&amp#27;[0m Proxying [POST /element] to [POST http://127.0.0.1:8200/session/7fce3fa8-d8da-4ef0-b038-36f5c6beebce/element] with body: {"strategy":"id","selector":"com.androidsample.generalstore:id/nameField","context":"","multiple":false}
&amp#27;[38;5;55m[c345ad8e]&amp#27;[0m&amp#27;[38;5;199m[AndroidUiautomator2Driver@3f8a (c345ad8e)]&amp#27;[0m Got response with status 404: {"sessionId":"7fce3fa8-d8da-4ef0-b038-36f5c6beebce","value":{"error":"no such element","message":"An element could not be located on the page using the given search parameters","stacktrace":"io.appium.uiautomator2.common.exceptions.ElementNotFoundException: An element could not be located on the page using the given search parameters\n\tat io.appium.uiautomator2.handler.FindElement.safeHandle(FindElement.java:63)\n\tat io.appium.uiautomator2.handler.request.SafeRequestHandler.handle(SafeRequestHandler.java:59)\n\tat io.appium.uiautomator2.server.AppiumServlet.handleRequest(AppiumServlet.java:277)\n\tat io.appium.uiautomator2.server.AppiumServlet.handleHttpRequest(AppiumServlet.java:271)\n\tat io.appium.uiautomator2.http.ServerHandler.channelRead(ServerHandler.java:77)\n\tat io.netty.channel.AbstractChannelHandlerContext.invokeChannelRead(AbstractChannelHandlerContext.java:366)\n\tat io.netty.channel.AbstractChannelHandlerContext.invokeChannelRead(AbstractChannelHandlerContext.java:352)\n\tat io.netty.chann...
&amp#27;[38;5;55m[c345ad8e]&amp#27;[0m&amp#27;[38;5;123m[W3C]&amp#27;[0m Matched W3C error code 'no such element' to NoSuchElementError
&amp#27;[38;5;55m[c345ad8e]&amp#27;[0m&amp#27;[38;5;199m[AndroidUiautomator2Driver@3f8a (c345ad8e)]&amp#27;[0m Waited for 5971 ms so far
&amp#27;[38;5;55m[c345ad8e]&amp#27;[0m&amp#27;[38;5;199m[AndroidUiautomator2Driver@3f8a (c345ad8e)]&amp#27;[0m Matched '/element' to command name 'findElement'
&amp#27;[38;5;55m[c345ad8e]&amp#27;[0m&amp#27;[38;5;199m[AndroidUiautomator2Driver@3f8a (c345ad8e)]&amp#27;[0m Proxying [POST /element] to [POST http://127.0.0.1:8200/session/7fce3fa8-d8da-4ef0-b038-36f5c6beebce/element] with body: {"strategy":"id","selector":"com.androidsample.generalstore:id/nameField","context":"","multiple":false}
&amp#27;[38;5;55m[c345ad8e]&amp#27;[0m&amp#27;[38;5;199m[AndroidUiautomator2Driver@3f8a (c345ad8e)]&amp#27;[0m Got response with status 404: {"sessionId":"7fce3fa8-d8da-4ef0-b038-36f5c6beebce","value":{"error":"no such element","message":"An element could not be located on the page using the given search parameters","stacktrace":"io.appium.uiautomator2.common.exceptions.ElementNotFoundException: An element could not be located on the page using the given search parameters\n\tat io.appium.uiautomator2.handler.FindElement.safeHandle(FindElement.java:63)\n\tat io.appium.uiautomator2.handler.request.SafeRequestHandler.handle(SafeRequestHandler.java:59)\n\tat io.appium.uiautomator2.server.AppiumServlet.handleRequest(AppiumServlet.java:277)\n\tat io.appium.uiautomator2.server.AppiumServlet.handleHttpRequest(AppiumServlet.java:271)\n\tat io.appium.uiautomator2.http.ServerHandler.channelRead(ServerHandler.java:77)\n\tat io.netty.channel.AbstractChannelHandlerContext.invokeChannelRead(AbstractChannelHandlerContext.java:366)\n\tat io.netty.channel.AbstractChannelHandlerContext.invokeChannelRead(AbstractChannelHandlerContext.java:352)\n\tat io.netty.chann...
&amp#27;[38;5;55m[c345ad8e]&amp#27;[0m&amp#27;[38;5;123m[W3C]&amp#27;[0m Matched W3C error code 'no such element' to NoSuchElementError
&amp#27;[38;5;55m[c345ad8e]&amp#27;[0m&amp#27;[38;5;199m[AndroidUiautomator2Driver@3f8a (c345ad8e)]&amp#27;[0m Waited for 6504 ms so far
&amp#27;[38;5;55m[c345ad8e]&amp#27;[0m&amp#27;[38;5;199m[AndroidUiautomator2Driver@3f8a (c345ad8e)]&amp#27;[0m Matched '/element' to command name 'findElement'
&amp#27;[38;5;55m[c345ad8e]&amp#27;[0m&amp#27;[38;5;199m[AndroidUiautomator2Driver@3f8a (c345ad8e)]&amp#27;[0m Proxying [POST /element] to [POST http://127.0.0.1:8200/session/7fce3fa8-d8da-4ef0-b038-36f5c6beebce/element] with body: {"strategy":"id","selector":"com.androidsample.generalstore:id/nameField","context":"","multiple":false}
&amp#27;[38;5;55m[c345ad8e]&amp#27;[0m&amp#27;[38;5;199m[AndroidUiautomator2Driver@3f8a (c345ad8e)]&amp#27;[0m Got response with status 404: {"sessionId":"7fce3fa8-d8da-4ef0-b038-36f5c6beebce","value":{"error":"no such element","message":"An element could not be located on the page using the given search parameters","stacktrace":"io.appium.uiautomator2.common.exceptions.ElementNotFoundException: An element could not be located on the page using the given search parameters\n\tat io.appium.uiautomator2.handler.FindElement.safeHandle(FindElement.java:63)\n\tat io.appium.uiautomator2.handler.request.SafeRequestHandler.handle(SafeRequestHandler.java:59)\n\tat io.appium.uiautomator2.server.AppiumServlet.handleRequest(AppiumServlet.java:277)\n\tat io.appium.uiautomator2.server.AppiumServlet.handleHttpRequest(AppiumServlet.java:271)\n\tat io.appium.uiautomator2.http.ServerHandler.channelRead(ServerHandler.java:77)\n\tat io.netty.channel.AbstractChannelHandlerContext.invokeChannelRead(AbstractChannelHandlerContext.java:366)\n\tat io.netty.channel.AbstractChannelHandlerContext.invokeChannelRead(AbstractChannelHandlerContext.java:352)\n\tat io.netty.chann...
&amp#27;[38;5;55m[c345ad8e]&amp#27;[0m&amp#27;[38;5;123m[W3C]&amp#27;[0m Matched W3C error code 'no such element' to NoSuchElementError
&amp#27;[38;5;55m[c345ad8e]&amp#27;[0m&amp#27;[38;5;199m[AndroidUiautomator2Driver@3f8a (c345ad8e)]&amp#27;[0m Waited for 7122 ms so far
&amp#27;[38;5;55m[c345ad8e]&amp#27;[0m&amp#27;[38;5;199m[AndroidUiautomator2Driver@3f8a (c345ad8e)]&amp#27;[0m Matched '/element' to command name 'findElement'
&amp#27;[38;5;55m[c345ad8e]&amp#27;[0m&amp#27;[38;5;199m[AndroidUiautomator2Driver@3f8a (c345ad8e)]&amp#27;[0m Proxying [POST /element] to [POST http://127.0.0.1:8200/session/7fce3fa8-d8da-4ef0-b038-36f5c6beebce/element] with body: {"strategy":"id","selector":"com.androidsample.generalstore:id/nameField","context":"","multiple":false}
&amp#27;[38;5;55m[c345ad8e]&amp#27;[0m&amp#27;[38;5;199m[AndroidUiautomator2Driver@3f8a (c345ad8e)]&amp#27;[0m Got response with status 404: {"sessionId":"7fce3fa8-d8da-4ef0-b038-36f5c6beebce","value":{"error":"no such element","message":"An element could not be located on the page using the given search parameters","stacktrace":"io.appium.uiautomator2.common.exceptions.ElementNotFoundException: An element could not be located on the page using the given search parameters\n\tat io.appium.uiautomator2.handler.FindElement.safeHandle(FindElement.java:63)\n\tat io.appium.uiautomator2.handler.request.SafeRequestHandler.handle(SafeRequestHandler.java:59)\n\tat io.appium.uiautomator2.server.AppiumServlet.handleRequest(AppiumServlet.java:277)\n\tat io.appium.uiautomator2.server.AppiumServlet.handleHttpRequest(AppiumServlet.java:271)\n\tat io.appium.uiautomator2.http.ServerHandler.channelRead(ServerHandler.java:77)\n\tat io.netty.channel.AbstractChannelHandlerContext.invokeChannelRead(AbstractChannelHandlerContext.java:366)\n\tat io.netty.channel.AbstractChannelHandlerContext.invokeChannelRead(AbstractChannelHandlerContext.java:352)\n\tat io.netty.chann...
&amp#27;[38;5;55m[c345ad8e]&amp#27;[0m&amp#27;[38;5;123m[W3C]&amp#27;[0m Matched W3C error code 'no such element' to NoSuchElementError
&amp#27;[38;5;55m[c345ad8e]&amp#27;[0m&amp#27;[38;5;199m[AndroidUiautomator2Driver@3f8a (c345ad8e)]&amp#27;[0m Waited for 7661 ms so far
&amp#27;[38;5;55m[c345ad8e]&amp#27;[0m&amp#27;[38;5;199m[AndroidUiautomator2Driver@3f8a (c345ad8e)]&amp#27;[0m Matched '/element' to command name 'findElement'
&amp#27;[38;5;55m[c345ad8e]&amp#27;[0m&amp#27;[38;5;199m[AndroidUiautomator2Driver@3f8a (c345ad8e)]&amp#27;[0m Proxying [POST /element] to [POST http://127.0.0.1:8200/session/7fce3fa8-d8da-4ef0-b038-36f5c6beebce/element] with body: {"strategy":"id","selector":"com.androidsample.generalstore:id/nameField","context":"","multiple":false}
&amp#27;[38;5;55m[c345ad8e]&amp#27;[0m&amp#27;[38;5;199m[AndroidUiautomator2Driver@3f8a (c345ad8e)]&amp#27;[0m Got response with status 404: {"sessionId":"7fce3fa8-d8da-4ef0-b038-36f5c6beebce","value":{"error":"no such element","message":"An element could not be located on the page using the given search parameters","stacktrace":"io.appium.uiautomator2.common.exceptions.ElementNotFoundException: An element could not be located on the page using the given search parameters\n\tat io.appium.uiautomator2.handler.FindElement.safeHandle(FindElement.java:63)\n\tat io.appium.uiautomator2.handler.request.SafeRequestHandler.handle(SafeRequestHandler.java:59)\n\tat io.appium.uiautomator2.server.AppiumServlet.handleRequest(AppiumServlet.java:277)\n\tat io.appium.uiautomator2.server.AppiumServlet.handleHttpRequest(AppiumServlet.java:271)\n\tat io.appium.uiautomator2.http.ServerHandler.channelRead(ServerHandler.java:77)\n\tat io.netty.channel.AbstractChannelHandlerContext.invokeChannelRead(AbstractChannelHandlerContext.java:366)\n\tat io.netty.channel.AbstractChannelHandlerContext.invokeChannelRead(AbstractChannelHandlerContext.java:352)\n\tat io.netty.chann...
&amp#27;[38;5;55m[c345ad8e]&amp#27;[0m&amp#27;[38;5;123m[W3C]&amp#27;[0m Matched W3C error code 'no such element' to NoSuchElementError
&amp#27;[38;5;55m[c345ad8e]&amp#27;[0m&amp#27;[38;5;199m[AndroidUiautomator2Driver@3f8a (c345ad8e)]&amp#27;[0m Waited for 8197 ms so far
&amp#27;[38;5;55m[c345ad8e]&amp#27;[0m&amp#27;[38;5;199m[AndroidUiautomator2Driver@3f8a (c345ad8e)]&amp#27;[0m Matched '/element' to command name 'findElement'
&amp#27;[38;5;55m[c345ad8e]&amp#27;[0m&amp#27;[38;5;199m[AndroidUiautomator2Driver@3f8a (c345ad8e)]&amp#27;[0m Proxying [POST /element] to [POST http://127.0.0.1:8200/session/7fce3fa8-d8da-4ef0-b038-36f5c6beebce/element] with body: {"strategy":"id","selector":"com.androidsample.generalstore:id/nameField","context":"","multiple":false}
&amp#27;[38;5;55m[c345ad8e]&amp#27;[0m&amp#27;[38;5;199m[AndroidUiautomator2Driver@3f8a (c345ad8e)]&amp#27;[0m Got response with status 404: {"sessionId":"7fce3fa8-d8da-4ef0-b038-36f5c6beebce","value":{"error":"no such element","message":"An element could not be located on the page using the given search parameters","stacktrace":"io.appium.uiautomator2.common.exceptions.ElementNotFoundException: An element could not be located on the page using the given search parameters\n\tat io.appium.uiautomator2.handler.FindElement.safeHandle(FindElement.java:63)\n\tat io.appium.uiautomator2.handler.request.SafeRequestHandler.handle(SafeRequestHandler.java:59)\n\tat io.appium.uiautomator2.server.AppiumServlet.handleRequest(AppiumServlet.java:277)\n\tat io.appium.uiautomator2.server.AppiumServlet.handleHttpRequest(AppiumServlet.java:271)\n\tat io.appium.uiautomator2.http.ServerHandler.channelRead(ServerHandler.java:77)\n\tat io.netty.channel.AbstractChannelHandlerContext.invokeChannelRead(AbstractChannelHandlerContext.java:366)\n\tat io.netty.channel.AbstractChannelHandlerContext.invokeChannelRead(AbstractChannelHandlerContext.java:352)\n\tat io.netty.chann...
&amp#27;[38;5;55m[c345ad8e]&amp#27;[0m&amp#27;[38;5;123m[W3C]&amp#27;[0m Matched W3C error code 'no such element' to NoSuchElementError
&amp#27;[38;5;55m[c345ad8e]&amp#27;[0m&amp#27;[38;5;199m[AndroidUiautomator2Driver@3f8a (c345ad8e)]&amp#27;[0m Waited for 9146 ms so far
&amp#27;[38;5;55m[c345ad8e]&amp#27;[0m&amp#27;[38;5;199m[AndroidUiautomator2Driver@3f8a (c345ad8e)]&amp#27;[0m Matched '/element' to command name 'findElement'
&amp#27;[38;5;55m[c345ad8e]&amp#27;[0m&amp#27;[38;5;199m[AndroidUiautomator2Driver@3f8a (c345ad8e)]&amp#27;[0m Proxying [POST /element] to [POST http://127.0.0.1:8200/session/7fce3fa8-d8da-4ef0-b038-36f5c6beebce/element] with body: {"strategy":"id","selector":"com.androidsample.generalstore:id/nameField","context":"","multiple":false}
&amp#27;[38;5;55m[c345ad8e]&amp#27;[0m&amp#27;[38;5;199m[AndroidUiautomator2Driver@3f8a (c345ad8e)]&amp#27;[0m Got response with status 404: {"sessionId":"7fce3fa8-d8da-4ef0-b038-36f5c6beebce","value":{"error":"no such element","message":"An element could not be located on the page using the given search parameters","stacktrace":"io.appium.uiautomator2.common.exceptions.ElementNotFoundException: An element could not be located on the page using the given search parameters\n\tat io.appium.uiautomator2.handler.FindElement.safeHandle(FindElement.java:63)\n\tat io.appium.uiautomator2.handler.request.SafeRequestHandler.handle(SafeRequestHandler.java:59)\n\tat io.appium.uiautomator2.server.AppiumServlet.handleRequest(AppiumServlet.java:277)\n\tat io.appium.uiautomator2.server.AppiumServlet.handleHttpRequest(AppiumServlet.java:271)\n\tat io.appium.uiautomator2.http.ServerHandler.channelRead(ServerHandler.java:77)\n\tat io.netty.channel.AbstractChannelHandlerContext.invokeChannelRead(AbstractChannelHandlerContext.java:366)\n\tat io.netty.channel.AbstractChannelHandlerContext.invokeChannelRead(AbstractChannelHandlerContext.java:352)\n\tat io.netty.chann...
&amp#27;[38;5;55m[c345ad8e]&amp#27;[0m&amp#27;[38;5;123m[W3C]&amp#27;[0m Matched W3C error code 'no such element' to NoSuchElementError
&amp#27;[38;5;55m[c345ad8e]&amp#27;[0m&amp#27;[38;5;199m[AndroidUiautomator2Driver@3f8a (c345ad8e)]&amp#27;[0m Waited for 9679 ms so far
&amp#27;[38;5;55m[c345ad8e]&amp#27;[0m&amp#27;[38;5;199m[AndroidUiautomator2Driver@3f8a (c345ad8e)]&amp#27;[0m Matched '/element' to command name 'findElement'
&amp#27;[38;5;55m[c345ad8e]&amp#27;[0m&amp#27;[38;5;199m[AndroidUiautomator2Driver@3f8a (c345ad8e)]&amp#27;[0m Proxying [POST /element] to [POST http://127.0.0.1:8200/session/7fce3fa8-d8da-4ef0-b038-36f5c6beebce/element] with body: {"strategy":"id","selector":"com.androidsample.generalstore:id/nameField","context":"","multiple":false}
&amp#27;[38;5;55m[c345ad8e]&amp#27;[0m&amp#27;[38;5;199m[AndroidUiautomator2Driver@3f8a (c345ad8e)]&amp#27;[0m Got response with status 404: {"sessionId":"7fce3fa8-d8da-4ef0-b038-36f5c6beebce","value":{"error":"no such element","message":"An element could not be located on the page using the given search parameters","stacktrace":"io.appium.uiautomator2.common.exceptions.ElementNotFoundException: An element could not be located on the page using the given search parameters\n\tat io.appium.uiautomator2.handler.FindElement.safeHandle(FindElement.java:63)\n\tat io.appium.uiautomator2.handler.request.SafeRequestHandler.handle(SafeRequestHandler.java:59)\n\tat io.appium.uiautomator2.server.AppiumServlet.handleRequest(AppiumServlet.java:277)\n\tat io.appium.uiautomator2.server.AppiumServlet.handleHttpRequest(AppiumServlet.java:271)\n\tat io.appium.uiautomator2.http.ServerHandler.channelRead(ServerHandler.java:77)\n\tat io.netty.channel.AbstractChannelHandlerContext.invokeChannelRead(AbstractChannelHandlerContext.java:366)\n\tat io.netty.channel.AbstractChannelHandlerContext.invokeChannelRead(AbstractChannelHandlerContext.java:352)\n\tat io.netty.chann...
&amp#27;[38;5;55m[c345ad8e]&amp#27;[0m&amp#27;[38;5;123m[W3C]&amp#27;[0m Matched W3C error code 'no such element' to NoSuchElementError
&amp#27;[38;5;55m[c345ad8e]&amp#27;[0m&amp#27;[38;5;199m[AndroidUiautomator2Driver@3f8a (c345ad8e)]&amp#27;[0m Waited for 10211 ms so far
&amp#27;[38;5;55m[c345ad8e]&amp#27;[0m&amp#27;[38;5;199m[AndroidUiautomator2Driver@3f8a (c345ad8e)]&amp#27;[0m Matched '/element' to command name 'findElement'
&amp#27;[38;5;55m[c345ad8e]&amp#27;[0m&amp#27;[38;5;199m[AndroidUiautomator2Driver@3f8a (c345ad8e)]&amp#27;[0m Proxying [POST /element] to [POST http://127.0.0.1:8200/session/7fce3fa8-d8da-4ef0-b038-36f5c6beebce/element] with body: {"strategy":"id","selector":"com.androidsample.generalstore:id/nameField","context":"","multiple":false}
&amp#27;[38;5;55m[c345ad8e]&amp#27;[0m&amp#27;[38;5;199m[AndroidUiautomator2Driver@3f8a (c345ad8e)]&amp#27;[0m Got response with status 404: {"sessionId":"7fce3fa8-d8da-4ef0-b038-36f5c6beebce","value":{"error":"no such element","message":"An element could not be located on the page using the given search parameters","stacktrace":"io.appium.uiautomator2.common.exceptions.ElementNotFoundException: An element could not be located on the page using the given search parameters\n\tat io.appium.uiautomator2.handler.FindElement.safeHandle(FindElement.java:63)\n\tat io.appium.uiautomator2.handler.request.SafeRequestHandler.handle(SafeRequestHandler.java:59)\n\tat io.appium.uiautomator2.server.AppiumServlet.handleRequest(AppiumServlet.java:277)\n\tat io.appium.uiautomator2.server.AppiumServlet.handleHttpRequest(AppiumServlet.java:271)\n\tat io.appium.uiautomator2.http.ServerHandler.channelRead(ServerHandler.java:77)\n\tat io.netty.channel.AbstractChannelHandlerContext.invokeChannelRead(AbstractChannelHandlerContext.java:366)\n\tat io.netty.channel.AbstractChannelHandlerContext.invokeChannelRead(AbstractChannelHandlerContext.java:352)\n\tat io.netty.chann...
&amp#27;[38;5;55m[c345ad8e]&amp#27;[0m&amp#27;[38;5;123m[W3C]&amp#27;[0m Matched W3C error code 'no such element' to NoSuchElementError
&amp#27;[38;5;55m[c345ad8e]&amp#27;[0m&amp#27;[38;5;199m[AndroidUiautomator2Driver@3f8a (c345ad8e)]&amp#27;[0m Waited for 10751 ms so far
&amp#27;[38;5;55m[c345ad8e]&amp#27;[0m&amp#27;[38;5;199m[AndroidUiautomator2Driver@3f8a (c345ad8e)]&amp#27;[0m Matched '/element' to command name 'findElement'
&amp#27;[38;5;55m[c345ad8e]&amp#27;[0m&amp#27;[38;5;199m[AndroidUiautomator2Driver@3f8a (c345ad8e)]&amp#27;[0m Proxying [POST /element] to [POST http://127.0.0.1:8200/session/7fce3fa8-d8da-4ef0-b038-36f5c6beebce/element] with body: {"strategy":"id","selector":"com.androidsample.generalstore:id/nameField","context":"","multiple":false}
&amp#27;[38;5;55m[c345ad8e]&amp#27;[0m&amp#27;[38;5;199m[AndroidUiautomator2Driver@3f8a (c345ad8e)]&amp#27;[0m Got response with status 404: {"sessionId":"7fce3fa8-d8da-4ef0-b038-36f5c6beebce","value":{"error":"no such element","message":"An element could not be located on the page using the given search parameters","stacktrace":"io.appium.uiautomator2.common.exceptions.ElementNotFoundException: An element could not be located on the page using the given search parameters\n\tat io.appium.uiautomator2.handler.FindElement.safeHandle(FindElement.java:63)\n\tat io.appium.uiautomator2.handler.request.SafeRequestHandler.handle(SafeRequestHandler.java:59)\n\tat io.appium.uiautomator2.server.AppiumServlet.handleRequest(AppiumServlet.java:277)\n\tat io.appium.uiautomator2.server.AppiumServlet.handleHttpRequest(AppiumServlet.java:271)\n\tat io.appium.uiautomator2.http.ServerHandler.channelRead(ServerHandler.java:77)\n\tat io.netty.channel.AbstractChannelHandlerContext.invokeChannelRead(AbstractChannelHandlerContext.java:366)\n\tat io.netty.channel.AbstractChannelHandlerContext.invokeChannelRead(AbstractChannelHandlerContext.java:352)\n\tat io.netty.chann...
&amp#27;[38;5;55m[c345ad8e]&amp#27;[0m&amp#27;[38;5;123m[W3C]&amp#27;[0m Matched W3C error code 'no such element' to NoSuchElementError
&amp#27;[38;5;55m[c345ad8e]&amp#27;[0m&amp#27;[38;5;199m[AndroidUiautomator2Driver@3f8a (c345ad8e)]&amp#27;[0m Waited for 11292 ms so far
&amp#27;[38;5;55m[c345ad8e]&amp#27;[0m&amp#27;[38;5;199m[AndroidUiautomator2Driver@3f8a (c345ad8e)]&amp#27;[0m Matched '/element' to command name 'findElement'
&amp#27;[38;5;55m[c345ad8e]&amp#27;[0m&amp#27;[38;5;199m[AndroidUiautomator2Driver@3f8a (c345ad8e)]&amp#27;[0m Proxying [POST /element] to [POST http://127.0.0.1:8200/session/7fce3fa8-d8da-4ef0-b038-36f5c6beebce/element] with body: {"strategy":"id","selector":"com.androidsample.generalstore:id/nameField","context":"","multiple":false}
&amp#27;[38;5;55m[c345ad8e]&amp#27;[0m&amp#27;[38;5;199m[AndroidUiautomator2Driver@3f8a (c345ad8e)]&amp#27;[0m Got response with status 404: {"sessionId":"7fce3fa8-d8da-4ef0-b038-36f5c6beebce","value":{"error":"no such element","message":"An element could not be located on the page using the given search parameters","stacktrace":"io.appium.uiautomator2.common.exceptions.ElementNotFoundException: An element could not be located on the page using the given search parameters\n\tat io.appium.uiautomator2.handler.FindElement.safeHandle(FindElement.java:63)\n\tat io.appium.uiautomator2.handler.request.SafeRequestHandler.handle(SafeRequestHandler.java:59)\n\tat io.appium.uiautomator2.server.AppiumServlet.handleRequest(AppiumServlet.java:277)\n\tat io.appium.uiautomator2.server.AppiumServlet.handleHttpRequest(AppiumServlet.java:271)\n\tat io.appium.uiautomator2.http.ServerHandler.channelRead(ServerHandler.java:77)\n\tat io.netty.channel.AbstractChannelHandlerContext.invokeChannelRead(AbstractChannelHandlerContext.java:366)\n\tat io.netty.channel.AbstractChannelHandlerContext.invokeChannelRead(AbstractChannelHandlerContext.java:352)\n\tat io.netty.chann...
&amp#27;[38;5;55m[c345ad8e]&amp#27;[0m&amp#27;[38;5;123m[W3C]&amp#27;[0m Matched W3C error code 'no such element' to NoSuchElementError
&amp#27;[38;5;55m[c345ad8e]&amp#27;[0m&amp#27;[38;5;199m[AndroidUiautomator2Driver@3f8a (c345ad8e)]&amp#27;[0m Waited for 11831 ms so far
&amp#27;[38;5;55m[c345ad8e]&amp#27;[0m&amp#27;[38;5;199m[AndroidUiautomator2Driver@3f8a (c345ad8e)]&amp#27;[0m Matched '/element' to command name 'findElement'
&amp#27;[38;5;55m[c345ad8e]&amp#27;[0m&amp#27;[38;5;199m[AndroidUiautomator2Driver@3f8a (c345ad8e)]&amp#27;[0m Proxying [POST /element] to [POST http://127.0.0.1:8200/session/7fce3fa8-d8da-4ef0-b038-36f5c6beebce/element] with body: {"strategy":"id","selector":"com.androidsample.generalstore:id/nameField","context":"","multiple":false}
&amp#27;[38;5;55m[c345ad8e]&amp#27;[0m&amp#27;[38;5;199m[AndroidUiautomator2Driver@3f8a (c345ad8e)]&amp#27;[0m Got response with status 404: {"sessionId":"7fce3fa8-d8da-4ef0-b038-36f5c6beebce","value":{"error":"no such element","message":"An element could not be located on the page using the given search parameters","stacktrace":"io.appium.uiautomator2.common.exceptions.ElementNotFoundException: An element could not be located on the page using the given search parameters\n\tat io.appium.uiautomator2.handler.FindElement.safeHandle(FindElement.java:63)\n\tat io.appium.uiautomator2.handler.request.SafeRequestHandler.handle(SafeRequestHandler.java:59)\n\tat io.appium.uiautomator2.server.AppiumServlet.handleRequest(AppiumServlet.java:277)\n\tat io.appium.uiautomator2.server.AppiumServlet.handleHttpRequest(AppiumServlet.java:271)\n\tat io.appium.uiautomator2.http.ServerHandler.channelRead(ServerHandler.java:77)\n\tat io.netty.channel.AbstractChannelHandlerContext.invokeChannelRead(AbstractChannelHandlerContext.java:366)\n\tat io.netty.channel.AbstractChannelHandlerContext.invokeChannelRead(AbstractChannelHandlerContext.java:352)\n\tat io.netty.chann...
&amp#27;[38;5;55m[c345ad8e]&amp#27;[0m&amp#27;[38;5;123m[W3C]&amp#27;[0m Matched W3C error code 'no such element' to NoSuchElementError
&amp#27;[38;5;55m[c345ad8e]&amp#27;[0m&amp#27;[38;5;199m[AndroidUiautomator2Driver@3f8a (c345ad8e)]&amp#27;[0m Waited for 12400 ms so far
&amp#27;[38;5;55m[c345ad8e]&amp#27;[0m&amp#27;[38;5;199m[AndroidUiautomator2Driver@3f8a (c345ad8e)]&amp#27;[0m Matched '/element' to command name 'findElement'
&amp#27;[38;5;55m[c345ad8e]&amp#27;[0m&amp#27;[38;5;199m[AndroidUiautomator2Driver@3f8a (c345ad8e)]&amp#27;[0m Proxying [POST /element] to [POST http://127.0.0.1:8200/session/7fce3fa8-d8da-4ef0-b038-36f5c6beebce/element] with body: {"strategy":"id","selector":"com.androidsample.generalstore:id/nameField","context":"","multiple":false}
&amp#27;[38;5;55m[c345ad8e]&amp#27;[0m&amp#27;[38;5;199m[AndroidUiautomator2Driver@3f8a (c345ad8e)]&amp#27;[0m Got response with status 404: {"sessionId":"7fce3fa8-d8da-4ef0-b038-36f5c6beebce","value":{"error":"no such element","message":"An element could not be located on the page using the given search parameters","stacktrace":"io.appium.uiautomator2.common.exceptions.ElementNotFoundException: An element could not be located on the page using the given search parameters\n\tat io.appium.uiautomator2.handler.FindElement.safeHandle(FindElement.java:63)\n\tat io.appium.uiautomator2.handler.request.SafeRequestHandler.handle(SafeRequestHandler.java:59)\n\tat io.appium.uiautomator2.server.AppiumServlet.handleRequest(AppiumServlet.java:277)\n\tat io.appium.uiautomator2.server.AppiumServlet.handleHttpRequest(AppiumServlet.java:271)\n\tat io.appium.uiautomator2.http.ServerHandler.channelRead(ServerHandler.java:77)\n\tat io.netty.channel.AbstractChannelHandlerContext.invokeChannelRead(AbstractChannelHandlerContext.java:366)\n\tat io.netty.channel.AbstractChannelHandlerContext.invokeChannelRead(AbstractChannelHandlerContext.java:352)\n\tat io.netty.chann...
&amp#27;[38;5;55m[c345ad8e]&amp#27;[0m&amp#27;[38;5;123m[W3C]&amp#27;[0m Matched W3C error code 'no such element' to NoSuchElementError
&amp#27;[38;5;55m[c345ad8e]&amp#27;[0m&amp#27;[38;5;199m[AndroidUiautomator2Driver@3f8a (c345ad8e)]&amp#27;[0m Waited for 12961 ms so far
&amp#27;[38;5;55m[c345ad8e]&amp#27;[0m&amp#27;[38;5;199m[AndroidUiautomator2Driver@3f8a (c345ad8e)]&amp#27;[0m Matched '/element' to command name 'findElement'
&amp#27;[38;5;55m[c345ad8e]&amp#27;[0m&amp#27;[38;5;199m[AndroidUiautomator2Driver@3f8a (c345ad8e)]&amp#27;[0m Proxying [POST /element] to [POST http://127.0.0.1:8200/session/7fce3fa8-d8da-4ef0-b038-36f5c6beebce/element] with body: {"strategy":"id","selector":"com.androidsample.generalstore:id/nameField","context":"","multiple":false}
&amp#27;[38;5;55m[c345ad8e]&amp#27;[0m&amp#27;[38;5;199m[AndroidUiautomator2Driver@3f8a (c345ad8e)]&amp#27;[0m Got response with status 404: {"sessionId":"7fce3fa8-d8da-4ef0-b038-36f5c6beebce","value":{"error":"no such element","message":"An element could not be located on the page using the given search parameters","stacktrace":"io.appium.uiautomator2.common.exceptions.ElementNotFoundException: An element could not be located on the page using the given search parameters\n\tat io.appium.uiautomator2.handler.FindElement.safeHandle(FindElement.java:63)\n\tat io.appium.uiautomator2.handler.request.SafeRequestHandler.handle(SafeRequestHandler.java:59)\n\tat io.appium.uiautomator2.server.AppiumServlet.handleRequest(AppiumServlet.java:277)\n\tat io.appium.uiautomator2.server.AppiumServlet.handleHttpRequest(AppiumServlet.java:271)\n\tat io.appium.uiautomator2.http.ServerHandler.channelRead(ServerHandler.java:77)\n\tat io.netty.channel.AbstractChannelHandlerContext.invokeChannelRead(AbstractChannelHandlerContext.java:366)\n\tat io.netty.channel.AbstractChannelHandlerContext.invokeChannelRead(AbstractChannelHandlerContext.java:352)\n\tat io.netty.chann...
&amp#27;[38;5;55m[c345ad8e]&amp#27;[0m&amp#27;[38;5;123m[W3C]&amp#27;[0m Matched W3C error code 'no such element' to NoSuchElementError
&amp#27;[38;5;55m[c345ad8e]&amp#27;[0m&amp#27;[38;5;199m[AndroidUiautomator2Driver@3f8a (c345ad8e)]&amp#27;[0m Waited for 13517 ms so far
&amp#27;[38;5;55m[c345ad8e]&amp#27;[0m&amp#27;[38;5;199m[AndroidUiautomator2Driver@3f8a (c345ad8e)]&amp#27;[0m Matched '/element' to command name 'findElement'
&amp#27;[38;5;55m[c345ad8e]&amp#27;[0m&amp#27;[38;5;199m[AndroidUiautomator2Driver@3f8a (c345ad8e)]&amp#27;[0m Proxying [POST /element] to [POST http://127.0.0.1:8200/session/7fce3fa8-d8da-4ef0-b038-36f5c6beebce/element] with body: {"strategy":"id","selector":"com.androidsample.generalstore:id/nameField","context":"","multiple":false}
&amp#27;[38;5;55m[c345ad8e]&amp#27;[0m&amp#27;[38;5;199m[AndroidUiautomator2Driver@3f8a (c345ad8e)]&amp#27;[0m Got response with status 404: {"sessionId":"7fce3fa8-d8da-4ef0-b038-36f5c6beebce","value":{"error":"no such element","message":"An element could not be located on the page using the given search parameters","stacktrace":"io.appium.uiautomator2.common.exceptions.ElementNotFoundException: An element could not be located on the page using the given search parameters\n\tat io.appium.uiautomator2.handler.FindElement.safeHandle(FindElement.java:63)\n\tat io.appium.uiautomator2.handler.request.SafeRequestHandler.handle(SafeRequestHandler.java:59)\n\tat io.appium.uiautomator2.server.AppiumServlet.handleRequest(AppiumServlet.java:277)\n\tat io.appium.uiautomator2.server.AppiumServlet.handleHttpRequest(AppiumServlet.java:271)\n\tat io.appium.uiautomator2.http.ServerHandler.channelRead(ServerHandler.java:77)\n\tat io.netty.channel.AbstractChannelHandlerContext.invokeChannelRead(AbstractChannelHandlerContext.java:366)\n\tat io.netty.channel.AbstractChannelHandlerContext.invokeChannelRead(AbstractChannelHandlerContext.java:352)\n\tat io.netty.chann...
&amp#27;[38;5;55m[c345ad8e]&amp#27;[0m&amp#27;[38;5;123m[W3C]&amp#27;[0m Matched W3C error code 'no such element' to NoSuchElementError
&amp#27;[38;5;55m[c345ad8e]&amp#27;[0m&amp#27;[38;5;199m[AndroidUiautomator2Driver@3f8a (c345ad8e)]&amp#27;[0m Waited for 14081 ms so far
&amp#27;[38;5;55m[c345ad8e]&amp#27;[0m&amp#27;[38;5;199m[AndroidUiautomator2Driver@3f8a (c345ad8e)]&amp#27;[0m Matched '/element' to command name 'findElement'
&amp#27;[38;5;55m[c345ad8e]&amp#27;[0m&amp#27;[38;5;199m[AndroidUiautomator2Driver@3f8a (c345ad8e)]&amp#27;[0m Proxying [POST /element] to [POST http://127.0.0.1:8200/session/7fce3fa8-d8da-4ef0-b038-36f5c6beebce/element] with body: {"strategy":"id","selector":"com.androidsample.generalstore:id/nameField","context":"","multiple":false}
&amp#27;[38;5;55m[c345ad8e]&amp#27;[0m&amp#27;[38;5;199m[AndroidUiautomator2Driver@3f8a (c345ad8e)]&amp#27;[0m Got response with status 404: {"sessionId":"7fce3fa8-d8da-4ef0-b038-36f5c6beebce","value":{"error":"no such element","message":"An element could not be located on the page using the given search parameters","stacktrace":"io.appium.uiautomator2.common.exceptions.ElementNotFoundException: An element could not be located on the page using the given search parameters\n\tat io.appium.uiautomator2.handler.FindElement.safeHandle(FindElement.java:63)\n\tat io.appium.uiautomator2.handler.request.SafeRequestHandler.handle(SafeRequestHandler.java:59)\n\tat io.appium.uiautomator2.server.AppiumServlet.handleRequest(AppiumServlet.java:277)\n\tat io.appium.uiautomator2.server.AppiumServlet.handleHttpRequest(AppiumServlet.java:271)\n\tat io.appium.uiautomator2.http.ServerHandler.channelRead(ServerHandler.java:77)\n\tat io.netty.channel.AbstractChannelHandlerContext.invokeChannelRead(AbstractChannelHandlerContext.java:366)\n\tat io.netty.channel.AbstractChannelHandlerContext.invokeChannelRead(AbstractChannelHandlerContext.java:352)\n\tat io.netty.chann...
&amp#27;[38;5;55m[c345ad8e]&amp#27;[0m&amp#27;[38;5;123m[W3C]&amp#27;[0m Matched W3C error code 'no such element' to NoSuchElementError
&amp#27;[38;5;55m[c345ad8e]&amp#27;[0m&amp#27;[38;5;199m[AndroidUiautomator2Driver@3f8a (c345ad8e)]&amp#27;[0m Waited for 14632 ms so far
&amp#27;[38;5;55m[c345ad8e]&amp#27;[0m&amp#27;[38;5;199m[AndroidUiautomator2Driver@3f8a (c345ad8e)]&amp#27;[0m Matched '/element' to command name 'findElement'
&amp#27;[38;5;55m[c345ad8e]&amp#27;[0m&amp#27;[38;5;199m[AndroidUiautomator2Driver@3f8a (c345ad8e)]&amp#27;[0m Proxying [POST /element] to [POST http://127.0.0.1:8200/session/7fce3fa8-d8da-4ef0-b038-36f5c6beebce/element] with body: {"strategy":"id","selector":"com.androidsample.generalstore:id/nameField","context":"","multiple":false}
&amp#27;[38;5;55m[c345ad8e]&amp#27;[0m&amp#27;[38;5;199m[AndroidUiautomator2Driver@3f8a (c345ad8e)]&amp#27;[0m Got response with status 404: {"sessionId":"7fce3fa8-d8da-4ef0-b038-36f5c6beebce","value":{"error":"no such element","message":"An element could not be located on the page using the given search parameters","stacktrace":"io.appium.uiautomator2.common.exceptions.ElementNotFoundException: An element could not be located on the page using the given search parameters\n\tat io.appium.uiautomator2.handler.FindElement.safeHandle(FindElement.java:63)\n\tat io.appium.uiautomator2.handler.request.SafeRequestHandler.handle(SafeRequestHandler.java:59)\n\tat io.appium.uiautomator2.server.AppiumServlet.handleRequest(AppiumServlet.java:277)\n\tat io.appium.uiautomator2.server.AppiumServlet.handleHttpRequest(AppiumServlet.java:271)\n\tat io.appium.uiautomator2.http.ServerHandler.channelRead(ServerHandler.java:77)\n\tat io.netty.channel.AbstractChannelHandlerContext.invokeChannelRead(AbstractChannelHandlerContext.java:366)\n\tat io.netty.channel.AbstractChannelHandlerContext.invokeChannelRead(AbstractChannelHandlerContext.java:352)\n\tat io.netty.chann...
&amp#27;[38;5;55m[c345ad8e]&amp#27;[0m&amp#27;[38;5;123m[W3C]&amp#27;[0m Matched W3C error code 'no such element' to NoSuchElementError
&amp#27;[38;5;55m[c345ad8e]&amp#27;[0m&amp#27;[38;5;199m[AndroidUiautomator2Driver@3f8a (c345ad8e)]&amp#27;[0m Waited for 15187 ms so far
&amp#27;[38;5;55m[c345ad8e]&amp#27;[0m&amp#27;[38;5;199m[AndroidUiautomator2Driver@3f8a (c345ad8e)]&amp#27;[0m Matched '/element' to command name 'findElement'
&amp#27;[38;5;55m[c345ad8e]&amp#27;[0m&amp#27;[38;5;199m[AndroidUiautomator2Driver@3f8a (c345ad8e)]&amp#27;[0m Proxying [POST /element] to [POST http://127.0.0.1:8200/session/7fce3fa8-d8da-4ef0-b038-36f5c6beebce/element] with body: {"strategy":"id","selector":"com.androidsample.generalstore:id/nameField","context":"","multiple":false}
&amp#27;[38;5;55m[c345ad8e]&amp#27;[0m&amp#27;[38;5;199m[AndroidUiautomator2Driver@3f8a (c345ad8e)]&amp#27;[0m Got response with status 404: {"sessionId":"7fce3fa8-d8da-4ef0-b038-36f5c6beebce","value":{"error":"no such element","message":"An element could not be located on the page using the given search parameters","stacktrace":"io.appium.uiautomator2.common.exceptions.ElementNotFoundException: An element could not be located on the page using the given search parameters\n\tat io.appium.uiautomator2.handler.FindElement.safeHandle(FindElement.java:63)\n\tat io.appium.uiautomator2.handler.request.SafeRequestHandler.handle(SafeRequestHandler.java:59)\n\tat io.appium.uiautomator2.server.AppiumServlet.handleRequest(AppiumServlet.java:277)\n\tat io.appium.uiautomator2.server.AppiumServlet.handleHttpRequest(AppiumServlet.java:271)\n\tat io.appium.uiautomator2.http.ServerHandler.channelRead(ServerHandler.java:77)\n\tat io.netty.channel.AbstractChannelHandlerContext.invokeChannelRead(AbstractChannelHandlerContext.java:366)\n\tat io.netty.channel.AbstractChannelHandlerContext.invokeChannelRead(AbstractChannelHandlerContext.java:352)\n\tat io.netty.chann...
&amp#27;[38;5;55m[c345ad8e]&amp#27;[0m&amp#27;[38;5;123m[W3C]&amp#27;[0m Matched W3C error code 'no such element' to NoSuchElementError
&amp#27;[38;5;55m[c345ad8e]&amp#27;[0m&amp#27;[38;5;199m[AndroidUiautomator2Driver@3f8a (c345ad8e)]&amp#27;[0m Waited for 15729 ms so far
&amp#27;[38;5;55m[c345ad8e]&amp#27;[0m&amp#27;[38;5;199m[AndroidUiautomator2Driver@3f8a (c345ad8e)]&amp#27;[0m Matched '/element' to command name 'findElement'
&amp#27;[38;5;55m[c345ad8e]&amp#27;[0m&amp#27;[38;5;199m[AndroidUiautomator2Driver@3f8a (c345ad8e)]&amp#27;[0m Proxying [POST /element] to [POST http://127.0.0.1:8200/session/7fce3fa8-d8da-4ef0-b038-36f5c6beebce/element] with body: {"strategy":"id","selector":"com.androidsample.generalstore:id/nameField","context":"","multiple":false}
&amp#27;[38;5;55m[c345ad8e]&amp#27;[0m&amp#27;[38;5;199m[AndroidUiautomator2Driver@3f8a (c345ad8e)]&amp#27;[0m Got response with status 404: {"sessionId":"7fce3fa8-d8da-4ef0-b038-36f5c6beebce","value":{"error":"no such element","message":"An element could not be located on the page using the given search parameters","stacktrace":"io.appium.uiautomator2.common.exceptions.ElementNotFoundException: An element could not be located on the page using the given search parameters\n\tat io.appium.uiautomator2.handler.FindElement.safeHandle(FindElement.java:63)\n\tat io.appium.uiautomator2.handler.request.SafeRequestHandler.handle(SafeRequestHandler.java:59)\n\tat io.appium.uiautomator2.server.AppiumServlet.handleRequest(AppiumServlet.java:277)\n\tat io.appium.uiautomator2.server.AppiumServlet.handleHttpRequest(AppiumServlet.java:271)\n\tat io.appium.uiautomator2.http.ServerHandler.channelRead(ServerHandler.java:77)\n\tat io.netty.channel.AbstractChannelHandlerContext.invokeChannelRead(AbstractChannelHandlerContext.java:366)\n\tat io.netty.channel.AbstractChannelHandlerContext.invokeChannelRead(AbstractChannelHandlerContext.java:352)\n\tat io.netty.chann...
&amp#27;[38;5;55m[c345ad8e]&amp#27;[0m&amp#27;[38;5;123m[W3C]&amp#27;[0m Matched W3C error code 'no such element' to NoSuchElementError
&amp#27;[38;5;55m[c345ad8e]&amp#27;[0m&amp#27;[38;5;199m[AndroidUiautomator2Driver@3f8a (c345ad8e)]&amp#27;[0m Waited for 16266 ms so far
&amp#27;[38;5;55m[c345ad8e]&amp#27;[0m&amp#27;[38;5;199m[AndroidUiautomator2Driver@3f8a (c345ad8e)]&amp#27;[0m Matched '/element' to command name 'findElement'
&amp#27;[38;5;55m[c345ad8e]&amp#27;[0m&amp#27;[38;5;199m[AndroidUiautomator2Driver@3f8a (c345ad8e)]&amp#27;[0m Proxying [POST /element] to [POST http://127.0.0.1:8200/session/7fce3fa8-d8da-4ef0-b038-36f5c6beebce/element] with body: {"strategy":"id","selector":"com.androidsample.generalstore:id/nameField","context":"","multiple":false}
&amp#27;[38;5;55m[c345ad8e]&amp#27;[0m&amp#27;[38;5;199m[AndroidUiautomator2Driver@3f8a (c345ad8e)]&amp#27;[0m Got response with status 404: {"sessionId":"7fce3fa8-d8da-4ef0-b038-36f5c6beebce","value":{"error":"no such element","message":"An element could not be located on the page using the given search parameters","stacktrace":"io.appium.uiautomator2.common.exceptions.ElementNotFoundException: An element could not be located on the page using the given search parameters\n\tat io.appium.uiautomator2.handler.FindElement.safeHandle(FindElement.java:63)\n\tat io.appium.uiautomator2.handler.request.SafeRequestHandler.handle(SafeRequestHandler.java:59)\n\tat io.appium.uiautomator2.server.AppiumServlet.handleRequest(AppiumServlet.java:277)\n\tat io.appium.uiautomator2.server.AppiumServlet.handleHttpRequest(AppiumServlet.java:271)\n\tat io.appium.uiautomator2.http.ServerHandler.channelRead(ServerHandler.java:77)\n\tat io.netty.channel.AbstractChannelHandlerContext.invokeChannelRead(AbstractChannelHandlerContext.java:366)\n\tat io.netty.channel.AbstractChannelHandlerContext.invokeChannelRead(AbstractChannelHandlerContext.java:352)\n\tat io.netty.chann...
&amp#27;[38;5;55m[c345ad8e]&amp#27;[0m&amp#27;[38;5;123m[W3C]&amp#27;[0m Matched W3C error code 'no such element' to NoSuchElementError
&amp#27;[38;5;55m[c345ad8e]&amp#27;[0m&amp#27;[38;5;199m[AndroidUiautomator2Driver@3f8a (c345ad8e)]&amp#27;[0m Waited for 16799 ms so far
&amp#27;[38;5;55m[c345ad8e]&amp#27;[0m&amp#27;[38;5;199m[AndroidUiautomator2Driver@3f8a (c345ad8e)]&amp#27;[0m Matched '/element' to command name 'findElement'
&amp#27;[38;5;55m[c345ad8e]&amp#27;[0m&amp#27;[38;5;199m[AndroidUiautomator2Driver@3f8a (c345ad8e)]&amp#27;[0m Proxying [POST /element] to [POST http://127.0.0.1:8200/session/7fce3fa8-d8da-4ef0-b038-36f5c6beebce/element] with body: {"strategy":"id","selector":"com.androidsample.generalstore:id/nameField","context":"","multiple":false}
&amp#27;[38;5;55m[c345ad8e]&amp#27;[0m&amp#27;[38;5;199m[AndroidUiautomator2Driver@3f8a (c345ad8e)]&amp#27;[0m Got response with status 404: {"sessionId":"7fce3fa8-d8da-4ef0-b038-36f5c6beebce","value":{"error":"no such element","message":"An element could not be located on the page using the given search parameters","stacktrace":"io.appium.uiautomator2.common.exceptions.ElementNotFoundException: An element could not be located on the page using the given search parameters\n\tat io.appium.uiautomator2.handler.FindElement.safeHandle(FindElement.java:63)\n\tat io.appium.uiautomator2.handler.request.SafeRequestHandler.handle(SafeRequestHandler.java:59)\n\tat io.appium.uiautomator2.server.AppiumServlet.handleRequest(AppiumServlet.java:277)\n\tat io.appium.uiautomator2.server.AppiumServlet.handleHttpRequest(AppiumServlet.java:271)\n\tat io.appium.uiautomator2.http.ServerHandler.channelRead(ServerHandler.java:77)\n\tat io.netty.channel.AbstractChannelHandlerContext.invokeChannelRead(AbstractChannelHandlerContext.java:366)\n\tat io.netty.channel.AbstractChannelHandlerContext.invokeChannelRead(AbstractChannelHandlerContext.java:352)\n\tat io.netty.chann...
&amp#27;[38;5;55m[c345ad8e]&amp#27;[0m&amp#27;[38;5;123m[W3C]&amp#27;[0m Matched W3C error code 'no such element' to NoSuchElementError
&amp#27;[38;5;55m[c345ad8e]&amp#27;[0m&amp#27;[38;5;199m[AndroidUiautomator2Driver@3f8a (c345ad8e)]&amp#27;[0m Waited for 17338 ms so far
&amp#27;[38;5;55m[c345ad8e]&amp#27;[0m&amp#27;[38;5;199m[AndroidUiautomator2Driver@3f8a (c345ad8e)]&amp#27;[0m Matched '/element' to command name 'findElement'
&amp#27;[38;5;55m[c345ad8e]&amp#27;[0m&amp#27;[38;5;199m[AndroidUiautomator2Driver@3f8a (c345ad8e)]&amp#27;[0m Proxying [POST /element] to [POST http://127.0.0.1:8200/session/7fce3fa8-d8da-4ef0-b038-36f5c6beebce/element] with body: {"strategy":"id","selector":"com.androidsample.generalstore:id/nameField","context":"","multiple":false}
&amp#27;[38;5;55m[c345ad8e]&amp#27;[0m&amp#27;[38;5;199m[AndroidUiautomator2Driver@3f8a (c345ad8e)]&amp#27;[0m Got response with status 404: {"sessionId":"7fce3fa8-d8da-4ef0-b038-36f5c6beebce","value":{"error":"no such element","message":"An element could not be located on the page using the given search parameters","stacktrace":"io.appium.uiautomator2.common.exceptions.ElementNotFoundException: An element could not be located on the page using the given search parameters\n\tat io.appium.uiautomator2.handler.FindElement.safeHandle(FindElement.java:63)\n\tat io.appium.uiautomator2.handler.request.SafeRequestHandler.handle(SafeRequestHandler.java:59)\n\tat io.appium.uiautomator2.server.AppiumServlet.handleRequest(AppiumServlet.java:277)\n\tat io.appium.uiautomator2.server.AppiumServlet.handleHttpRequest(AppiumServlet.java:271)\n\tat io.appium.uiautomator2.http.ServerHandler.channelRead(ServerHandler.java:77)\n\tat io.netty.channel.AbstractChannelHandlerContext.invokeChannelRead(AbstractChannelHandlerContext.java:366)\n\tat io.netty.channel.AbstractChannelHandlerContext.invokeChannelRead(AbstractChannelHandlerContext.java:352)\n\tat io.netty.chann...
&amp#27;[38;5;55m[c345ad8e]&amp#27;[0m&amp#27;[38;5;123m[W3C]&amp#27;[0m Matched W3C error code 'no such element' to NoSuchElementError
&amp#27;[38;5;55m[c345ad8e]&amp#27;[0m&amp#27;[38;5;199m[AndroidUiautomator2Driver@3f8a (c345ad8e)]&amp#27;[0m Waited for 17872 ms so far
&amp#27;[38;5;55m[c345ad8e]&amp#27;[0m&amp#27;[38;5;199m[AndroidUiautomator2Driver@3f8a (c345ad8e)]&amp#27;[0m Matched '/element' to command name 'findElement'
&amp#27;[38;5;55m[c345ad8e]&amp#27;[0m&amp#27;[38;5;199m[AndroidUiautomator2Driver@3f8a (c345ad8e)]&amp#27;[0m Proxying [POST /element] to [POST http://127.0.0.1:8200/session/7fce3fa8-d8da-4ef0-b038-36f5c6beebce/element] with body: {"strategy":"id","selector":"com.androidsample.generalstore:id/nameField","context":"","multiple":false}
&amp#27;[38;5;55m[c345ad8e]&amp#27;[0m&amp#27;[38;5;199m[AndroidUiautomator2Driver@3f8a (c345ad8e)]&amp#27;[0m Got response with status 404: {"sessionId":"7fce3fa8-d8da-4ef0-b038-36f5c6beebce","value":{"error":"no such element","message":"An element could not be located on the page using the given search parameters","stacktrace":"io.appium.uiautomator2.common.exceptions.ElementNotFoundException: An element could not be located on the page using the given search parameters\n\tat io.appium.uiautomator2.handler.FindElement.safeHandle(FindElement.java:63)\n\tat io.appium.uiautomator2.handler.request.SafeRequestHandler.handle(SafeRequestHandler.java:59)\n\tat io.appium.uiautomator2.server.AppiumServlet.handleRequest(AppiumServlet.java:277)\n\tat io.appium.uiautomator2.server.AppiumServlet.handleHttpRequest(AppiumServlet.java:271)\n\tat io.appium.uiautomator2.http.ServerHandler.channelRead(ServerHandler.java:77)\n\tat io.netty.channel.AbstractChannelHandlerContext.invokeChannelRead(AbstractChannelHandlerContext.java:366)\n\tat io.netty.channel.AbstractChannelHandlerContext.invokeChannelRead(AbstractChannelHandlerContext.java:352)\n\tat io.netty.chann...
&amp#27;[38;5;55m[c345ad8e]&amp#27;[0m&amp#27;[38;5;123m[W3C]&amp#27;[0m Matched W3C error code 'no such element' to NoSuchElementError
&amp#27;[38;5;55m[c345ad8e]&amp#27;[0m&amp#27;[38;5;199m[AndroidUiautomator2Driver@3f8a (c345ad8e)]&amp#27;[0m Waited for 18412 ms so far
&amp#27;[38;5;55m[c345ad8e]&amp#27;[0m&amp#27;[38;5;199m[AndroidUiautomator2Driver@3f8a (c345ad8e)]&amp#27;[0m Matched '/element' to command name 'findElement'
&amp#27;[38;5;55m[c345ad8e]&amp#27;[0m&amp#27;[38;5;199m[AndroidUiautomator2Driver@3f8a (c345ad8e)]&amp#27;[0m Proxying [POST /element] to [POST http://127.0.0.1:8200/session/7fce3fa8-d8da-4ef0-b038-36f5c6beebce/element] with body: {"strategy":"id","selector":"com.androidsample.generalstore:id/nameField","context":"","multiple":false}
&amp#27;[38;5;55m[c345ad8e]&amp#27;[0m&amp#27;[38;5;199m[AndroidUiautomator2Driver@3f8a (c345ad8e)]&amp#27;[0m Got response with status 404: {"sessionId":"7fce3fa8-d8da-4ef0-b038-36f5c6beebce","value":{"error":"no such element","message":"An element could not be located on the page using the given search parameters","stacktrace":"io.appium.uiautomator2.common.exceptions.ElementNotFoundException: An element could not be located on the page using the given search parameters\n\tat io.appium.uiautomator2.handler.FindElement.safeHandle(FindElement.java:63)\n\tat io.appium.uiautomator2.handler.request.SafeRequestHandler.handle(SafeRequestHandler.java:59)\n\tat io.appium.uiautomator2.server.AppiumServlet.handleRequest(AppiumServlet.java:277)\n\tat io.appium.uiautomator2.server.AppiumServlet.handleHttpRequest(AppiumServlet.java:271)\n\tat io.appium.uiautomator2.http.ServerHandler.channelRead(ServerHandler.java:77)\n\tat io.netty.channel.AbstractChannelHandlerContext.invokeChannelRead(AbstractChannelHandlerContext.java:366)\n\tat io.netty.channel.AbstractChannelHandlerContext.invokeChannelRead(AbstractChannelHandlerContext.java:352)\n\tat io.netty.chann...
&amp#27;[38;5;55m[c345ad8e]&amp#27;[0m&amp#27;[38;5;123m[W3C]&amp#27;[0m Matched W3C error code 'no such element' to NoSuchElementError
&amp#27;[38;5;55m[c345ad8e]&amp#27;[0m&amp#27;[38;5;199m[AndroidUiautomator2Driver@3f8a (c345ad8e)]&amp#27;[0m Waited for 18948 ms so far
&amp#27;[38;5;55m[c345ad8e]&amp#27;[0m&amp#27;[38;5;199m[AndroidUiautomator2Driver@3f8a (c345ad8e)]&amp#27;[0m Matched '/element' to command name 'findElement'
&amp#27;[38;5;55m[c345ad8e]&amp#27;[0m&amp#27;[38;5;199m[AndroidUiautomator2Driver@3f8a (c345ad8e)]&amp#27;[0m Proxying [POST /element] to [POST http://127.0.0.1:8200/session/7fce3fa8-d8da-4ef0-b038-36f5c6beebce/element] with body: {"strategy":"id","selector":"com.androidsample.generalstore:id/nameField","context":"","multiple":false}
&amp#27;[38;5;55m[c345ad8e]&amp#27;[0m&amp#27;[38;5;199m[AndroidUiautomator2Driver@3f8a (c345ad8e)]&amp#27;[0m Got response with status 404: {"sessionId":"7fce3fa8-d8da-4ef0-b038-36f5c6beebce","value":{"error":"no such element","message":"An element could not be located on the page using the given search parameters","stacktrace":"io.appium.uiautomator2.common.exceptions.ElementNotFoundException: An element could not be located on the page using the given search parameters\n\tat io.appium.uiautomator2.handler.FindElement.safeHandle(FindElement.java:63)\n\tat io.appium.uiautomator2.handler.request.SafeRequestHandler.handle(SafeRequestHandler.java:59)\n\tat io.appium.uiautomator2.server.AppiumServlet.handleRequest(AppiumServlet.java:277)\n\tat io.appium.uiautomator2.server.AppiumServlet.handleHttpRequest(AppiumServlet.java:271)\n\tat io.appium.uiautomator2.http.ServerHandler.channelRead(ServerHandler.java:77)\n\tat io.netty.channel.AbstractChannelHandlerContext.invokeChannelRead(AbstractChannelHandlerContext.java:366)\n\tat io.netty.channel.AbstractChannelHandlerContext.invokeChannelRead(AbstractChannelHandlerContext.java:352)\n\tat io.netty.chann...
&amp#27;[38;5;55m[c345ad8e]&amp#27;[0m&amp#27;[38;5;123m[W3C]&amp#27;[0m Matched W3C error code 'no such element' to NoSuchElementError
&amp#27;[38;5;55m[c345ad8e]&amp#27;[0m&amp#27;[38;5;199m[AndroidUiautomator2Driver@3f8a (c345ad8e)]&amp#27;[0m Waited for 19485 ms so far
&amp#27;[38;5;55m[c345ad8e]&amp#27;[0m&amp#27;[38;5;199m[AndroidUiautomator2Driver@3f8a (c345ad8e)]&amp#27;[0m Matched '/element' to command name 'findElement'
&amp#27;[38;5;55m[c345ad8e]&amp#27;[0m&amp#27;[38;5;199m[AndroidUiautomator2Driver@3f8a (c345ad8e)]&amp#27;[0m Proxying [POST /element] to [POST http://127.0.0.1:8200/session/7fce3fa8-d8da-4ef0-b038-36f5c6beebce/element] with body: {"strategy":"id","selector":"com.androidsample.generalstore:id/nameField","context":"","multiple":false}
&amp#27;[38;5;55m[c345ad8e]&amp#27;[0m&amp#27;[38;5;199m[AndroidUiautomator2Driver@3f8a (c345ad8e)]&amp#27;[0m Got response with status 404: {"sessionId":"7fce3fa8-d8da-4ef0-b038-36f5c6beebce","value":{"error":"no such element","message":"An element could not be located on the page using the given search parameters","stacktrace":"io.appium.uiautomator2.common.exceptions.ElementNotFoundException: An element could not be located on the page using the given search parameters\n\tat io.appium.uiautomator2.handler.FindElement.safeHandle(FindElement.java:63)\n\tat io.appium.uiautomator2.handler.request.SafeRequestHandler.handle(SafeRequestHandler.java:59)\n\tat io.appium.uiautomator2.server.AppiumServlet.handleRequest(AppiumServlet.java:277)\n\tat io.appium.uiautomator2.server.AppiumServlet.handleHttpRequest(AppiumServlet.java:271)\n\tat io.appium.uiautomator2.http.ServerHandler.channelRead(ServerHandler.java:77)\n\tat io.netty.channel.AbstractChannelHandlerContext.invokeChannelRead(AbstractChannelHandlerContext.java:366)\n\tat io.netty.channel.AbstractChannelHandlerContext.invokeChannelRead(AbstractChannelHandlerContext.java:352)\n\tat io.netty.chann...
&amp#27;[38;5;55m[c345ad8e]&amp#27;[0m&amp#27;[38;5;123m[W3C]&amp#27;[0m Matched W3C error code 'no such element' to NoSuchElementError
&amp#27;[38;5;55m[c345ad8e]&amp#27;[0m&amp#27;[38;5;199m[AndroidUiautomator2Driver@3f8a (c345ad8e)]&amp#27;[0m Encountered internal error running command: NoSuchElementError: An element could not be located on the page using the given search parameters.
&amp#27;[38;5;55m[c345ad8e]&amp#27;[0m&amp#27;[38;5;199m[AndroidUiautomator2Driver@3f8a (c345ad8e)]&amp#27;[0m     at AndroidUiautomator2Driver.findElOrEls (/Users/oikhlas/.appium/node_modules/appium-uiautomator2-driver/node_modules/appium-android-driver/lib/commands/find.ts:86:11)
&amp#27;[38;5;55m[c345ad8e]&amp#27;[0m&amp#27;[38;5;199m[AndroidUiautomator2Driver@3f8a (c345ad8e)]&amp#27;[0m     at processTicksAndRejections (node:internal/process/task_queues:95:5)
&amp#27;[38;5;55m[c345ad8e]&amp#27;[0m&amp#27;[38;5;199m[AndroidUiautomator2Driver@3f8a (c345ad8e)]&amp#27;[0m     at AndroidUiautomator2Driver.findElOrElsWithProcessing (/Users/oikhlas/node_modules/@appium/base-driver/lib/basedriver/commands/find.ts:60:12)
&amp#27;[38;5;55m[c345ad8e]&amp#27;[0m&amp#27;[38;5;199m[AndroidUiautomator2Driver@3f8a (c345ad8e)]&amp#27;[0m     at AndroidUiautomator2Driver.findElement (/Users/oikhlas/node_modules/@appium/base-driver/lib/basedriver/commands/find.ts:75:12)
&amp#27;[38;5;55m[c345ad8e]&amp#27;[0m&amp#27;[38;5;86m[HTTP]&amp#27;[0m <-- POST /session/c345ad8e-0069-4922-8b53-b1aeb605890e/element 404 20038 ms - 772 
&amp#27;[38;5;55m[c345ad8e]&amp#27;[0m&amp#27;[38;5;86m[HTTP]&amp#27;[0m &amp#27;[37m-->&amp#27;[39m &amp#27;[37mGET&amp#27;[39m &amp#27;[37m/session/c345ad8e-0069-4922-8b53-b1aeb605890e/screenshot&amp#27;[39m {}
&amp#27;[38;5;55m[c345ad8e]&amp#27;[0m&amp#27;[38;5;199m[AndroidUiautomator2Driver@3f8a (c345ad8e)]&amp#27;[0m Calling AppiumDriver.getScreenshot() with args: ["c345ad8e-0069-4922-8b53-b1aeb605890e"]
&amp#27;[38;5;55m[c345ad8e]&amp#27;[0m&amp#27;[38;5;199m[AndroidUiautomator2Driver@3f8a (c345ad8e)]&amp#27;[0m Matched '/screenshot' to command name 'getScreenshot'
&amp#27;[38;5;55m[c345ad8e]&amp#27;[0m&amp#27;[38;5;199m[AndroidUiautomator2Driver@3f8a (c345ad8e)]&amp#27;[0m Proxying [GET /screenshot] to [GET http://127.0.0.1:8200/session/7fce3fa8-d8da-4ef0-b038-36f5c6beebce/screenshot] with no body
&amp#27;[38;5;55m[c345ad8e]&amp#27;[0m&amp#27;[38;5;199m[AndroidUiautomator2Driver@3f8a (c345ad8e)]&amp#27;[0m Got response with status 200: {"sessionId":"7fce3fa8-d8da-4ef0-b038-36f5c6beebce","value":"iVBORw0KGgoAAAANSUhEUgAABaAAAAtACAYAAADu24QXAAAAAXNSR0IArs4c6QAAAARzQklUCAgICHwIZIgAACAASURBVHic7N13dFRl/sfxz70zmfTeIJRQQy8qVVEQu2DBLqiLYl9W7LprV/RnWcW+rl13VexrWTsrAgqCIiAdhFBDSYH0Nvf+/sBEhrSZZCaTkPfrHM9x7tz7PN8ZM+M5n/vM9zFCz8mwBQAAAAAAAACAn5nBLgAAAAAAAAAAcHAigAYAAAAAAAAABAQBNAAAAAAAAAAgIAigAQAAAAAAAAABQQANAAAAAAAAAAgIAmgAAAAAAAAAQEAQQAMAAAAAAAAAAoIAGgAAAAAAAAAQEATQAAAAAAAAAICAIIAGAAAAAAAAAAQEATQAAAAAAAAAICAIoAEAAAAAAAAAAUEADQAAAAAAAAAICAJoAAAAAAAAAEBAEEADAAAAAAAAAALCGewCgJbOMAy1i0vWuMPGasLw4zW4az8lRMXKli1DhiTJll19/racHfpx3VK98/2nmrtyofYUF8i27bqGBwAAAAAAAA5aRug5GSRjwAEMw1BCVJyeuvRuHTfoSEWFRVQf94VlW8rJz9Mr376ne95+Qm7LHYBqAQAAAAAAgJaJABrYj2EYSk/uoIUPf6SosAiZhv+61Fi2pTXbNujI285WYWmx38YFAAAAAAAAWioCaOB3idHx+umRj9UuLtnnlc6+qHS7FTOpvyzbCtgcLYlhGAp3hcmQ5HKGyDD/CPUty1J5ZYUsy1JpRVnwigQAAAAAtHrt41PUJaWjkqLjFRcVq7iIaEWFRaiwtFh5RfnaW5Sv7II8Ze7aqqy8XcEut8VJT+6gTbu3BbsM3X72X7w+d/q7TwWwEvgLPaDR5pmGqbvPu1Y3nnaZX1c818Vhmjqy71B9t+LHgM8VDIZhKMThVERouKLCIpUQFat+nTMU...
&amp#27;[38;5;55m[c345ad8e]&amp#27;[0m&amp#27;[38;5;199m[AndroidUiautomator2Driver@3f8a (c345ad8e)]&amp#27;[0m Responding to client with driver.getScreenshot() result: "iVBORw0KGgoAAAANSUhEUgAABaAAAAtACAYAAADu24QXAAAAAXNSR0IArs4c6QAAAARzQklUCAgICHwIZIgAACAASURBVHic7N13dFRl/sfxz70zmfTeIJRQQy8qVVEQu2DBLqiLYl9W7LprV/RnWcW+rl13VexrWTsrAgqCIiAdhFBDSYH0Nvf+/sBEhrSZZCaTkPfrHM9x7tz7PN8ZM+M5n/vM9zFCz8mwBQAAAAAAAACAn5nBLgAAAAAAAAAAcHAigAYAAAAAAAAABAQBNAAAAAAAAAAgIAigAQAAAAAAAAABQQANAAAAAAAAAAgIAmgAAAAAAAAAQEAQQAMAAAAAAAAAAoIAGgAAAAAAAAAQEATQAAAAAAAAAICAIIAGAAAAAAAAAAQEATQAAAAAAAAAICAIoAEAAAAAAAAAAUEADQAAAAAAAAAICAJoAAAAAAAAAEBAEEADAAAAAAAAAALCGewCgJbOMAy1i0vWuMPGasLw4zW4az8lRMXKli1DhiTJll19/racHfpx3VK98/2nmrtyofYUF8i27bqGBwAAAAAAAA5aRug5GSRjwAEMw1BCVJyeuvRuHTfoSEWFRVQf94VlW8rJz9Mr376ne95+Qm7LHYBqAQAAAAAAgJaJABrYj2EYSk/uoIUPf6SosAiZhv+61Fi2pTXbNujI285WYWmx38YFAAAAAAAAWioCaOB3idHx+umRj9UuLtnnlc6+qHS7FTOpvyzbCtgcLYlhGAp3hcmQ5HKGyDD/CPUty1J5ZYUsy1JpRVnwigQAAAAAtHrt41PUJaWjkqLjFRcVq7iIaEWFRaiwtFh5RfnaW5Sv7II8Ze7aqqy8XcEut8VJT+6gTbu3BbsM3X72X7w+d/q7TwWwEvgLPaDR5pmGqbvPu1Y3nnaZX1c818Vhmjqy71B9t+LHgM8VDIZhKMThVERouKLCIpUQFat+nTMUGuJS99R0RYaFS9oXPucV5WvDzs0qqyjTsk2rVVharKLSYpWUl6rSTbsSAAAA...
&amp#27;[38;5;55m[c345ad8e]&amp#27;[0m&amp#27;[38;5;86m[HTTP]&amp#27;[0m <-- GET /session/c345ad8e-0069-4922-8b53-b1aeb605890e/screenshot 200 1276 ms - 687468 
]]></system-out>
    <system-err><![CDATA[SLF4J(W): No SLF4J providers were found.
SLF4J(W): Defaulting to no-operation (NOP) logger implementation
SLF4J(W): See https://www.slf4j.org/codes.html#noProviders for further details.
]]></system-err>
  </testcase>
  <testcase name="tearDown" classname="org.osamaikhlas.ECommerce_TestCase_01" time="35.015">
    <failure message="Test &apos;Android Test 1&apos; of &apos;Android App&apos; detected differences! See details at: https://eyes.applitools.com/app/batches/00000251671497198821/00000251671497198694?accountId=_b2OGP_m0EuvMWh5fP2z6A__" type="com.applitools.eyes.EyesException"><![CDATA[com.applitools.eyes.EyesException: Test 'Android Test 1' of 'Android App' detected differences! See details at: https://eyes.applitools.com/app/batches/00000251671497198821/00000251671497198694?accountId=_b2OGP_m0EuvMWh5fP2z6A__
	at com.applitools.eyes.universal.CommandExecutor.eyesGetResults(CommandExecutor.java:232)
	at com.applitools.eyes.selenium.Eyes.getResults(Eyes.java:288)
	at com.applitools.eyes.selenium.Eyes.close(Eyes.java:604)
	at com.applitools.eyes.selenium.Eyes.close(Eyes.java:253)
	at org.osamaikhlas.utils.AppiumUtils.closeEyes(AppiumUtils.java:94)
	at org.osamaikhlas.testUtils.AndroidBaseTest.tearDown(AndroidBaseTest.java:56)
	at java.base/jdk.internal.reflect.NativeMethodAccessorImpl.invoke0(Native Method)
	at java.base/jdk.internal.reflect.NativeMethodAccessorImpl.invoke(NativeMethodAccessorImpl.java:62)
	at java.base/jdk.internal.reflect.DelegatingMethodAccessorImpl.invoke(DelegatingMethodAccessorImpl.java:43)
	at java.base/java.lang.reflect.Method.invoke(Method.java:566)
	at org.testng.internal.invokers.MethodInvocationHelper.invokeMethod(MethodInvocationHelper.java:139)
	at org.testng.internal.invokers.MethodInvocationHelper.invokeMethodConsideringTimeout(MethodInvocationHelper.java:69)
	at org.testng.internal.invokers.ConfigInvoker.invokeConfigurationMethod(ConfigInvoker.java:390)
	at org.testng.internal.invokers.ConfigInvoker.invokeConfigurations(ConfigInvoker.java:325)
	at org.testng.internal.invokers.TestMethodWorker.invokeAfterClassConfigurations(TestMethodWorker.java:229)
	at org.testng.internal.invokers.TestMethodWorker.invokeAfterClassMethods(TestMethodWorker.java:215)
	at org.testng.internal.invokers.TestMethodWorker.run(TestMethodWorker.java:131)
	at java.base/java.util.ArrayList.forEach(ArrayList.java:1541)
	at org.testng.TestRunner.privateRun(TestRunner.java:848)
	at org.testng.TestRunner.run(TestRunner.java:621)
	at org.testng.SuiteRunner.runTest(SuiteRunner.java:443)
	at org.testng.SuiteRunner.runSequentially(SuiteRunner.java:437)
	at org.testng.SuiteRunner.privateRun(SuiteRunner.java:397)
	at org.testng.SuiteRunner.run(SuiteRunner.java:336)
	at org.testng.SuiteRunnerWorker.runSuite(SuiteRunnerWorker.java:52)
	at org.testng.SuiteRunnerWorker.run(SuiteRunnerWorker.java:95)
	at org.testng.TestNG.runSuitesSequentially(TestNG.java:1280)
	at org.testng.TestNG.runSuitesLocally(TestNG.java:1200)
	at org.testng.TestNG.runSuites(TestNG.java:1114)
	at org.testng.TestNG.run(TestNG.java:1082)
	at org.apache.maven.surefire.testng.TestNGExecutor.run(TestNGExecutor.java:308)
	at org.apache.maven.surefire.testng.TestNGXmlTestSuite.execute(TestNGXmlTestSuite.java:71)
	at org.apache.maven.surefire.testng.TestNGProvider.invoke(TestNGProvider.java:113)
	at org.apache.maven.surefire.booter.ForkedBooter.runSuitesInProcess(ForkedBooter.java:385)
	at org.apache.maven.surefire.booter.ForkedBooter.execute(ForkedBooter.java:162)
	at org.apache.maven.surefire.booter.ForkedBooter.run(ForkedBooter.java:507)
	at org.apache.maven.surefire.booter.ForkedBooter.main(ForkedBooter.java:495)
]]></failure>
    <system-out><![CDATA[&amp#27;[38;5;55m[c345ad8e]&amp#27;[0m&amp#27;[38;5;86m[HTTP]&amp#27;[0m &amp#27;[37m-->&amp#27;[39m &amp#27;[37mDELETE&amp#27;[39m &amp#27;[37m/session/c345ad8e-0069-4922-8b53-b1aeb605890e&amp#27;[39m {}
&amp#27;[38;5;55m[c345ad8e]&amp#27;[0m&amp#27;[38;5;199m[AndroidUiautomator2Driver@3f8a (c345ad8e)]&amp#27;[0m Calling AppiumDriver.deleteSession() with args: ["c345ad8e-0069-4922-8b53-b1aeb605890e"]
&amp#27;[38;5;55m[c345ad8e]&amp#27;[0m&amp#27;[38;5;170m[AppiumDriver@3207]&amp#27;[0m Event 'quitSessionRequested' logged at 1730803597193 (15:46:37 GMT+0500 (Pakistan Standard Time))
&amp#27;[38;5;55m[c345ad8e]&amp#27;[0m&amp#27;[38;5;170m[AppiumDriver@3207]&amp#27;[0m Removing session c345ad8e-0069-4922-8b53-b1aeb605890e from our master session list
&amp#27;[38;5;55m[c345ad8e]&amp#27;[0m&amp#27;[38;5;199m[AndroidUiautomator2Driver@3f8a (c345ad8e)]&amp#27;[0m Deleting UiAutomator2 session
&amp#27;[38;5;55m[c345ad8e]&amp#27;[0m&amp#27;[38;5;199m[AndroidUiautomator2Driver@3f8a (c345ad8e)]&amp#27;[0m Deleting UiAutomator2 server session
&amp#27;[38;5;55m[c345ad8e]&amp#27;[0m&amp#27;[38;5;199m[AndroidUiautomator2Driver@3f8a (c345ad8e)]&amp#27;[0m Matched '/' to command name 'deleteSession'
&amp#27;[38;5;55m[c345ad8e]&amp#27;[0m&amp#27;[38;5;199m[AndroidUiautomator2Driver@3f8a (c345ad8e)]&amp#27;[0m Proxying [DELETE /] to [DELETE http://127.0.0.1:8200/session/7fce3fa8-d8da-4ef0-b038-36f5c6beebce] with no body
&amp#27;[38;5;55m[c345ad8e]&amp#27;[0m&amp#27;[38;5;199m[AndroidUiautomator2Driver@3f8a (c345ad8e)]&amp#27;[0m Got response with status 200: {"sessionId":"7fce3fa8-d8da-4ef0-b038-36f5c6beebce","value":null}
&amp#27;[38;5;55m[c345ad8e]&amp#27;[0m&amp#27;[38;5;229m[ADB]&amp#27;[0m Running '/users/oikhlas/Library/Android/sdk/platform-tools/adb -P 5037 -s emulator-5554 shell dumpsys activity services io.appium.settings/.recorder.RecorderService'
&amp#27;[38;5;55m[c345ad8e]&amp#27;[0m&amp#27;[38;5;229m[ADB]&amp#27;[0m Running '/users/oikhlas/Library/Android/sdk/platform-tools/adb -P 5037 -s emulator-5554 shell am force-stop com.androidsample.generalstore'
&amp#27;[38;5;55m[c345ad8e]&amp#27;[0m&amp#27;[38;5;160m[Logcat]&amp#27;[0m Stopping logcat capture
&amp#27;[38;5;55m[c345ad8e]&amp#27;[0m&amp#27;[38;5;229m[ADB]&amp#27;[0m Removing forwarded port socket connection: 8200 
&amp#27;[38;5;55m[c345ad8e]&amp#27;[0m&amp#27;[38;5;229m[ADB]&amp#27;[0m Running '/users/oikhlas/Library/Android/sdk/platform-tools/adb -P 5037 -s emulator-5554 forward --remove tcp:8200'
&amp#27;[38;5;55m[c345ad8e]&amp#27;[0m&amp#27;[38;5;199m[AndroidUiautomator2Driver@3f8a (c345ad8e)]&amp#27;[0m Restoring hidden api policy to the device default configuration
&amp#27;[38;5;55m[c345ad8e]&amp#27;[0m&amp#27;[38;5;229m[ADB]&amp#27;[0m Running '/users/oikhlas/Library/Android/sdk/platform-tools/adb -P 5037 -s emulator-5554 shell 'settings delete global hidden_api_policy_pre_p_apps;settings delete global hidden_api_policy_p_apps;settings delete global hidden_api_policy''
&amp#27;[38;5;55m[c345ad8e]&amp#27;[0m&amp#27;[38;5;170m[AppiumDriver@3207]&amp#27;[0m Event 'quitSessionFinished' logged at 1730803597919 (15:46:37 GMT+0500 (Pakistan Standard Time))
&amp#27;[38;5;55m[c345ad8e]&amp#27;[0m&amp#27;[38;5;170m[AppiumDriver@3207]&amp#27;[0m Received response: null
&amp#27;[38;5;55m[c345ad8e]&amp#27;[0m&amp#27;[38;5;170m[AppiumDriver@3207]&amp#27;[0m But deleting session, so not returning
&amp#27;[38;5;55m[c345ad8e]&amp#27;[0m&amp#27;[38;5;170m[AppiumDriver@3207]&amp#27;[0m Responding to client with driver.deleteSession() result: null
&amp#27;[38;5;55m[c345ad8e]&amp#27;[0m&amp#27;[38;5;86m[HTTP]&amp#27;[0m <-- DELETE /session/c345ad8e-0069-4922-8b53-b1aeb605890e 200 728 ms - 14 
&amp#27;[38;5;74m[Instrumentation]&amp#27;[0m .
&amp#27;[38;5;74m[Instrumentation]&amp#27;[0m Time: 31.117
&amp#27;[38;5;74m[Instrumentation]&amp#27;[0m 
&amp#27;[38;5;74m[Instrumentation]&amp#27;[0m OK (1 test)
&amp#27;[38;5;74m[Instrumentation]&amp#27;[0m The process has exited with code 0
]]></system-out>
  </testcase>
  <testcase name="fillFormNegativeFlow" classname="org.osamaikhlas.ECommerce_TestCase_02" time="23.055">
    <failure message="Can&apos;t locate an element by this strategy: By.chained({AppiumBy.id: com.androidsample.generalstore:id/radioFemale})" type="org.openqa.selenium.NoSuchElementException"><![CDATA[org.openqa.selenium.NoSuchElementException: Can't locate an element by this strategy: By.chained({AppiumBy.id: com.androidsample.generalstore:id/radioFemale})
	at io.appium.java_client.pagefactory.AppiumElementLocator.findElement(AppiumElementLocator.java:166)
	at io.appium.java_client.pagefactory.interceptors.InterceptorOfASingleElement.call(InterceptorOfASingleElement.java:75)
	at io.appium.java_client.proxy.Interceptor.intercept(Interceptor.java:78)
	at org.openqa.selenium.remote.RemoteWebElement$ByteBuddy$NC32sPPb.click(Unknown Source)
	at org.osamaikhlas.pageObjects.android.FormPage.setGender(FormPage.java:56)
	at org.osamaikhlas.ECommerce_TestCase_02.fillFormNegativeFlow(ECommerce_TestCase_02.java:12)
	at java.base/jdk.internal.reflect.NativeMethodAccessorImpl.invoke0(Native Method)
	at java.base/jdk.internal.reflect.NativeMethodAccessorImpl.invoke(NativeMethodAccessorImpl.java:62)
	at java.base/jdk.internal.reflect.DelegatingMethodAccessorImpl.invoke(DelegatingMethodAccessorImpl.java:43)
	at java.base/java.lang.reflect.Method.invoke(Method.java:566)
	at org.testng.internal.invokers.MethodInvocationHelper.invokeMethod(MethodInvocationHelper.java:139)
	at org.testng.internal.invokers.TestInvoker.invokeMethod(TestInvoker.java:664)
	at org.testng.internal.invokers.TestInvoker.invokeTestMethod(TestInvoker.java:227)
	at org.testng.internal.invokers.MethodRunner.runInSequence(MethodRunner.java:50)
	at org.testng.internal.invokers.TestInvoker$MethodInvocationAgent.invoke(TestInvoker.java:957)
	at org.testng.internal.invokers.TestInvoker.invokeTestMethods(TestInvoker.java:200)
	at org.testng.internal.invokers.TestMethodWorker.invokeTestMethods(TestMethodWorker.java:148)
	at org.testng.internal.invokers.TestMethodWorker.run(TestMethodWorker.java:128)
	at java.base/java.util.ArrayList.forEach(ArrayList.java:1541)
	at org.testng.TestRunner.privateRun(TestRunner.java:848)
	at org.testng.TestRunner.run(TestRunner.java:621)
	at org.testng.SuiteRunner.runTest(SuiteRunner.java:443)
	at org.testng.SuiteRunner.runSequentially(SuiteRunner.java:437)
	at org.testng.SuiteRunner.privateRun(SuiteRunner.java:397)
	at org.testng.SuiteRunner.run(SuiteRunner.java:336)
	at org.testng.SuiteRunnerWorker.runSuite(SuiteRunnerWorker.java:52)
	at org.testng.SuiteRunnerWorker.run(SuiteRunnerWorker.java:95)
	at org.testng.TestNG.runSuitesSequentially(TestNG.java:1280)
	at org.testng.TestNG.runSuitesLocally(TestNG.java:1200)
	at org.testng.TestNG.runSuites(TestNG.java:1114)
	at org.testng.TestNG.run(TestNG.java:1082)
	at org.apache.maven.surefire.testng.TestNGExecutor.run(TestNGExecutor.java:308)
	at org.apache.maven.surefire.testng.TestNGXmlTestSuite.execute(TestNGXmlTestSuite.java:71)
	at org.apache.maven.surefire.testng.TestNGProvider.invoke(TestNGProvider.java:113)
	at org.apache.maven.surefire.booter.ForkedBooter.runSuitesInProcess(ForkedBooter.java:385)
	at org.apache.maven.surefire.booter.ForkedBooter.execute(ForkedBooter.java:162)
	at org.apache.maven.surefire.booter.ForkedBooter.run(ForkedBooter.java:507)
	at org.apache.maven.surefire.booter.ForkedBooter.main(ForkedBooter.java:495)
Caused by: org.openqa.selenium.TimeoutException: Expected condition failed: waiting for io.appium.java_client.pagefactory.AppiumElementLocator$WaitingFunction@56b05bd7 (tried for 1 second(s) with 500 milliseconds interval)
	at org.openqa.selenium.support.ui.FluentWait.timeoutException(FluentWait.java:265)
	at org.openqa.selenium.support.ui.FluentWait.until(FluentWait.java:228)
	at io.appium.java_client.pagefactory.AppiumElementLocator.waitFor(AppiumElementLocator.java:135)
	at io.appium.java_client.pagefactory.AppiumElementLocator.findElement(AppiumElementLocator.java:160)
	... 37 more
Caused by: org.openqa.selenium.NoSuchElementException: Cannot locate an element using By.chained({AppiumBy.id: com.androidsample.generalstore:id/radioFemale})
For documentation on this error, please visit: https://www.selenium.dev/documentation/webdriver/troubleshooting/errors#no-such-element-exception
Build info: version: '4.26.0', revision: '8ccf0219d7'
System info: os.name: 'Mac OS X', os.arch: 'x86_64', os.version: '12.7.1', java.version: '11.0.18'
Driver info: driver.version: RemoteWebDriver
	at io.appium.java_client.pagefactory.bys.builder.ByChained.findElement(ByChained.java:74)
	at org.openqa.selenium.remote.ElementLocation$ElementFinder$1.findElement(ElementLocation.java:139)
	at org.openqa.selenium.remote.ElementLocation.findElement(ElementLocation.java:81)
	at org.openqa.selenium.remote.RemoteWebDriver.findElement(RemoteWebDriver.java:368)
	at org.openqa.selenium.remote.RemoteWebDriver.findElement(RemoteWebDriver.java:362)
	at io.appium.java_client.pagefactory.bys.ContentMappedBy.findElement(ContentMappedBy.java:54)
	at org.openqa.selenium.remote.ElementLocation$ElementFinder$1.findElement(ElementLocation.java:139)
	at org.openqa.selenium.remote.ElementLocation.findElement(ElementLocation.java:81)
	at org.openqa.selenium.remote.RemoteWebDriver.findElement(RemoteWebDriver.java:368)
	at org.openqa.selenium.remote.RemoteWebDriver.findElement(RemoteWebDriver.java:362)
	at io.appium.java_client.pagefactory.AppiumElementLocator.lambda$findElement$1(AppiumElementLocator.java:160)
	at io.appium.java_client.pagefactory.AppiumElementLocator$WaitingFunction.apply(AppiumElementLocator.java:217)
	at io.appium.java_client.pagefactory.AppiumElementLocator$WaitingFunction.apply(AppiumElementLocator.java:210)
	at org.openqa.selenium.support.ui.FluentWait.until(FluentWait.java:203)
	... 39 more
]]></failure>
    <system-out><![CDATA[&amp#27;[38;5;86m[HTTP]&amp#27;[0m &amp#27;[37m-->&amp#27;[39m &amp#27;[37mGET&amp#27;[39m &amp#27;[37m/status&amp#27;[39m {}
&amp#27;[38;5;170m[AppiumDriver@3207]&amp#27;[0m Calling AppiumDriver.getStatus() with args: []
&amp#27;[38;5;170m[AppiumDriver@3207]&amp#27;[0m Responding to client with driver.getStatus() result: {"ready":true,"message":"The server is ready to accept new connections","build":{"version":"2.12.0"}}
&amp#27;[38;5;86m[HTTP]&amp#27;[0m <-- GET /status 200 2 ms - 111 
&amp#27;[38;5;86m[HTTP]&amp#27;[0m Request idempotency key: 2cec62a0-9898-4bd9-baa3-c19f29743024
&amp#27;[38;5;86m[HTTP]&amp#27;[0m &amp#27;[37m-->&amp#27;[39m &amp#27;[37mPOST&amp#27;[39m &amp#27;[37m/session&amp#27;[39m {"capabilities":{"firstMatch":[{"appium:chromedriverExecutable":"//Users//oikhlas//Downloads//chromedriver_mac64//chromedriver","appium:deviceName":"Osamaemulator","platformName":"ANDROID","appium:automationName":"UIAutomator2","appium:app":"/Users/oikhlas/eclipse-workspace/AppiumFrameworkDesign//src//test//java//resources//General-Store.apk"}]}}
&amp#27;[38;5;170m[AppiumDriver@3207]&amp#27;[0m Calling AppiumDriver.createSession() with args: [null,null,{"firstMatch":[{"appium:chromedriverExecutable":"//Users//oikhlas//Downloads//chromedriver_mac64//chromedriver","appium:deviceName":"Osamaemulator","platformName":"ANDROID","appium:automationName":"UIAutomator2","appium:app":"/Users/oikhlas/eclipse-workspace/AppiumFrameworkDesign//src//test//java//resources//General-Store.apk"}]}]
&amp#27;[38;5;170m[AppiumDriver@3207]&amp#27;[0m Event 'newSessionRequested' logged at 1730803607089 (15:46:47 GMT+0500 (Pakistan Standard Time))
&amp#27;[38;5;112m[Appium]&amp#27;[0m Attempting to find matching driver for automationName 'UIAutomator2' and platformName 'ANDROID'
&amp#27;[38;5;112m[Appium]&amp#27;[0m The 'uiautomator2' driver was installed and matched caps.
&amp#27;[38;5;112m[Appium]&amp#27;[0m Will require it at /Users/oikhlas/.appium/node_modules/appium-uiautomator2-driver
&amp#27;[38;5;112m[Appium]&amp#27;[0m Requiring driver at /Users/oikhlas/.appium/node_modules/appium-uiautomator2-driver/build/index.js
&amp#27;[38;5;170m[AppiumDriver@3207]&amp#27;[0m Appium v2.12.0 creating new AndroidUiautomator2Driver (v2.45.1) session
&amp#27;[38;5;170m[AppiumDriver@3207]&amp#27;[0m Checking BaseDriver versions for Appium and AndroidUiautomator2Driver
&amp#27;[38;5;170m[AppiumDriver@3207]&amp#27;[0m Appium's BaseDriver version is 9.12.0
&amp#27;[38;5;170m[AppiumDriver@3207]&amp#27;[0m AndroidUiautomator2Driver's BaseDriver version is 9.3.15
&amp#27;[38;5;9m[AndroidUiautomator2Driver@8ede]&amp#27;[0m Creating session with W3C capabilities: {
&amp#27;[38;5;9m[AndroidUiautomator2Driver@8ede]&amp#27;[0m   "alwaysMatch": {
&amp#27;[38;5;9m[AndroidUiautomator2Driver@8ede]&amp#27;[0m     "platformName": "ANDROID",
&amp#27;[38;5;9m[AndroidUiautomator2Driver@8ede]&amp#27;[0m     "appium:chromedriverExecutable": "//Users//oikhlas//Downloads//chromedriver_mac64//chromedriver",
&amp#27;[38;5;9m[AndroidUiautomator2Driver@8ede]&amp#27;[0m     "appium:deviceName": "Osamaemulator",
&amp#27;[38;5;9m[AndroidUiautomator2Driver@8ede]&amp#27;[0m     "appium:automationName": "UIAutomator2",
&amp#27;[38;5;9m[AndroidUiautomator2Driver@8ede]&amp#27;[0m     "appium:app": "/Users/oikhlas/eclipse-workspace/AppiumFrameworkDesign//src//test//java//resources//General-Store.apk"
&amp#27;[38;5;9m[AndroidUiautomator2Driver@8ede]&amp#27;[0m   },
&amp#27;[38;5;9m[AndroidUiautomator2Driver@8ede]&amp#27;[0m   "firstMatch": [
&amp#27;[38;5;9m[AndroidUiautomator2Driver@8ede]&amp#27;[0m     {}
&amp#27;[38;5;9m[AndroidUiautomator2Driver@8ede]&amp#27;[0m   ]
&amp#27;[38;5;9m[AndroidUiautomator2Driver@8ede]&amp#27;[0m }
&amp#27;[38;5;204m[AndroidUiautomator2Driver@8ede (f6b00ff8)]&amp#27;[0m Session created with session id: f6b00ff8-12fc-46ae-8b75-b3b6ee2ec931
&amp#27;[38;5;229m[ADB]&amp#27;[0m Using 'adb' from '/users/oikhlas/Library/Android/sdk/platform-tools/adb'
&amp#27;[38;5;229m[ADB]&amp#27;[0m Running '/users/oikhlas/Library/Android/sdk/platform-tools/adb -P 5037 start-server'
&amp#27;[38;5;204m[AndroidUiautomator2Driver@8ede (f6b00ff8)]&amp#27;[0m Retrieving device list
&amp#27;[38;5;229m[ADB]&amp#27;[0m Trying to find connected Android devices
&amp#27;[38;5;229m[ADB]&amp#27;[0m Getting connected devices
&amp#27;[38;5;229m[ADB]&amp#27;[0m Connected devices: [{"udid":"emulator-5554","state":"device"}]
&amp#27;[38;5;204m[AndroidUiautomator2Driver@8ede (f6b00ff8)]&amp#27;[0m Using device: emulator-5554
&amp#27;[38;5;229m[ADB]&amp#27;[0m Using 'adb' from '/users/oikhlas/Library/Android/sdk/platform-tools/adb'
&amp#27;[38;5;229m[ADB]&amp#27;[0m Running '/users/oikhlas/Library/Android/sdk/platform-tools/adb -P 5037 start-server'
&amp#27;[38;5;229m[ADB]&amp#27;[0m Setting device id to emulator-5554
&amp#27;[38;5;123m[BaseDriver]&amp#27;[0m Using local app '/Users/oikhlas/eclipse-workspace/AppiumFrameworkDesign//src//test//java//resources//General-Store.apk'
&amp#27;[38;5;204m[AndroidUiautomator2Driver@8ede (f6b00ff8)]&amp#27;[0m Checking whether app is actually present
&amp#27;[38;5;229m[ADB]&amp#27;[0m Running '/users/oikhlas/Library/Android/sdk/platform-tools/adb -P 5037 -s emulator-5554 shell getprop ro.build.version.sdk'
&amp#27;[38;5;229m[ADB]&amp#27;[0m Current device property 'ro.build.version.sdk': 34
&amp#27;[38;5;229m[ADB]&amp#27;[0m Getting device platform version
&amp#27;[38;5;229m[ADB]&amp#27;[0m Running '/users/oikhlas/Library/Android/sdk/platform-tools/adb -P 5037 -s emulator-5554 shell getprop ro.build.version.release'
&amp#27;[38;5;229m[ADB]&amp#27;[0m Current device property 'ro.build.version.release': 14
&amp#27;[38;5;229m[ADB]&amp#27;[0m Device API level: 34
&amp#27;[38;5;204m[AndroidUiautomator2Driver@8ede (f6b00ff8)]&amp#27;[0m Relaxing hidden api policy
&amp#27;[38;5;229m[ADB]&amp#27;[0m Running '/users/oikhlas/Library/Android/sdk/platform-tools/adb -P 5037 -s emulator-5554 shell 'settings put global hidden_api_policy_pre_p_apps 1;settings put global hidden_api_policy_p_apps 1;settings put global hidden_api_policy 1''
&amp#27;[38;5;204m[AndroidUiautomator2Driver@8ede (f6b00ff8)]&amp#27;[0m Parsing package and activity from app manifest
&amp#27;[38;5;229m[ADB]&amp#27;[0m Running '/users/oikhlas/Library/Android/sdk/platform-tools/adb -P 5037 -s emulator-5554 wait-for-device'
&amp#27;[38;5;229m[ADB]&amp#27;[0m Package name: 'com.androidsample.generalstore'
&amp#27;[38;5;229m[ADB]&amp#27;[0m Main activity name: 'com.androidsample.generalstore.SplashActivity'
&amp#27;[38;5;204m[AndroidUiautomator2Driver@8ede (f6b00ff8)]&amp#27;[0m Parsed package and activity are: com.androidsample.generalstore/com.androidsample.generalstore.SplashActivity
&amp#27;[38;5;229m[ADB]&amp#27;[0m Running '/users/oikhlas/Library/Android/sdk/platform-tools/adb -P 5037 -s emulator-5554 shell echo ping'
&amp#27;[38;5;204m[AndroidUiautomator2Driver@8ede (f6b00ff8)]&amp#27;[0m Pushing settings apk to the device...
&amp#27;[38;5;229m[ADB]&amp#27;[0m Getting package info for 'io.appium.settings'
&amp#27;[38;5;229m[ADB]&amp#27;[0m Running '/users/oikhlas/Library/Android/sdk/platform-tools/adb -P 5037 -s emulator-5554 shell dumpsys package io.appium.settings'
&amp#27;[38;5;229m[ADB]&amp#27;[0m The version name of the installed 'io.appium.settings' is greater or equal to the application version name ('5.7.5' >= '5.7.5')
&amp#27;[38;5;229m[ADB]&amp#27;[0m There is no need to install/upgrade '/Users/oikhlas/.appium/node_modules/appium-uiautomator2-driver/node_modules/io.appium.settings/apks/settings_apk-debug.apk'
&amp#27;[38;5;229m[ADB]&amp#27;[0m Running '/users/oikhlas/Library/Android/sdk/platform-tools/adb -P 5037 -s emulator-5554 shell dumpsys activity services io.appium.settings'
&amp#27;[38;5;204m[AndroidUiautomator2Driver@8ede (f6b00ff8)]&amp#27;[0m io.appium.settings is already running. There is no need to reset its permissions.
&amp#27;[38;5;160m[Logcat]&amp#27;[0m Starting logs capture with command: /users/oikhlas/Library/Android/sdk/platform-tools/adb -P 5037 -s emulator-5554 logcat -v threadtime
&amp#27;[38;5;204m[AndroidUiautomator2Driver@8ede (f6b00ff8)]&amp#27;[0m Forwarding UiAutomator2 Server port 6790 to local port 8200
&amp#27;[38;5;229m[ADB]&amp#27;[0m Forwarding system: 8200 to device: 6790
&amp#27;[38;5;229m[ADB]&amp#27;[0m Running '/users/oikhlas/Library/Android/sdk/platform-tools/adb -P 5037 -s emulator-5554 forward tcp:8200 tcp:6790'
&amp#27;[38;5;229m[ADB]&amp#27;[0m Checking app cert for /Users/oikhlas/eclipse-workspace/AppiumFrameworkDesign//src//test//java//resources//General-Store.apk
&amp#27;[38;5;229m[ADB]&amp#27;[0m Checking app cert for /Users/oikhlas/.appium/node_modules/appium-uiautomator2-driver/node_modules/appium-uiautomator2-server/apks/appium-uiautomator2-server-v6.0.9.apk
&amp#27;[38;5;229m[ADB]&amp#27;[0m Checking app cert for /Users/oikhlas/.appium/node_modules/appium-uiautomator2-driver/node_modules/appium-uiautomator2-server/apks/appium-uiautomator2-server-debug-androidTest.apk
&amp#27;[38;5;229m[ADB]&amp#27;[0m Using the previously cached signature entry for 'appium-uiautomator2-server-debug-androidTest.apk'
&amp#27;[38;5;229m[ADB]&amp#27;[0m sha256 hash did match for 'appium-uiautomator2-server-debug-androidTest.apk'
&amp#27;[38;5;229m[ADB]&amp#27;[0m Getting install status for io.appium.uiautomator2.server.test
&amp#27;[38;5;229m[ADB]&amp#27;[0m Running '/users/oikhlas/Library/Android/sdk/platform-tools/adb -P 5037 -s emulator-5554 shell pm path io.appium.uiautomator2.server.test'
&amp#27;[38;5;229m[ADB]&amp#27;[0m Using the previously cached signature entry for 'General-Store.apk'
&amp#27;[38;5;229m[ADB]&amp#27;[0m Getting package info for 'com.androidsample.generalstore'
&amp#27;[38;5;229m[ADB]&amp#27;[0m Running '/users/oikhlas/Library/Android/sdk/platform-tools/adb -P 5037 -s emulator-5554 shell dumpsys package com.androidsample.generalstore'
&amp#27;[38;5;229m[ADB]&amp#27;[0m Using the previously cached signature entry for 'appium-uiautomator2-server-v6.0.9.apk'
&amp#27;[38;5;229m[ADB]&amp#27;[0m sha256 hash did match for 'appium-uiautomator2-server-v6.0.9.apk'
&amp#27;[38;5;229m[ADB]&amp#27;[0m Getting package info for 'io.appium.uiautomator2.server'
&amp#27;[38;5;229m[ADB]&amp#27;[0m Running '/users/oikhlas/Library/Android/sdk/platform-tools/adb -P 5037 -s emulator-5554 shell dumpsys package io.appium.uiautomator2.server'
&amp#27;[38;5;229m[ADB]&amp#27;[0m The version name of the installed 'com.androidsample.generalstore' is greater or equal to the application version name ('1.0.0' >= '1.0.0')
&amp#27;[38;5;229m[ADB]&amp#27;[0m There is no need to install/upgrade '/Users/oikhlas/eclipse-workspace/AppiumFrameworkDesign//src//test//java//resources//General-Store.apk'
&amp#27;[38;5;204m[AndroidUiautomator2Driver@8ede (f6b00ff8)]&amp#27;[0m Performing fast reset on 'com.androidsample.generalstore'
&amp#27;[38;5;229m[ADB]&amp#27;[0m Getting install status for com.androidsample.generalstore
&amp#27;[38;5;229m[ADB]&amp#27;[0m Running '/users/oikhlas/Library/Android/sdk/platform-tools/adb -P 5037 -s emulator-5554 shell pm path com.androidsample.generalstore'
&amp#27;[38;5;112m[Appium]&amp#27;[0m Welcome to Appium v2.12.0
&amp#27;[38;5;112m[Appium]&amp#27;[0m Non-default server args:
&amp#27;[38;5;112m[Appium]&amp#27;[0m { address: &amp#27;[32m'127.0.0.1'&amp#27;[39m }
&amp#27;[38;5;112m[Appium]&amp#27;[0m The autodetected Appium home path: /Users/oikhlas/.appium
&amp#27;[38;5;112m[Appium]&amp#27;[0m Attempting to load driver uiautomator2...
&amp#27;[38;5;112m[Appium]&amp#27;[0m Attempting to load driver xcuitest...
&amp#27;[38;5;112m[Appium]&amp#27;[0m Requiring driver at /Users/oikhlas/.appium/node_modules/appium-uiautomator2-driver/build/index.js
&amp#27;[38;5;112m[Appium]&amp#27;[0m Requiring driver at /Users/oikhlas/.appium/node_modules/appium-xcuitest-driver/build/index.js
&amp#27;[38;5;229m[ADB]&amp#27;[0m 'io.appium.uiautomator2.server.test' is installed
&amp#27;[38;5;229m[ADB]&amp#27;[0m The version name of the installed 'io.appium.uiautomator2.server' is greater or equal to the application version name ('6.0.9' >= '6.0.9')
&amp#27;[38;5;204m[AndroidUiautomator2Driver@8ede (f6b00ff8)]&amp#27;[0m Server packages status: [{"wasSigned":true,"installState":"sameVersionInstalled","appPath":"/Users/oikhlas/.appium/node_modules/appium-uiautomator2-driver/node_modules/appium-uiautomator2-server/apks/appium-uiautomator2-server-v6.0.9.apk","appId":"io.appium.uiautomator2.server"},{"wasSigned":true,"installState":"sameVersionInstalled","appPath":"/Users/oikhlas/.appium/node_modules/appium-uiautomator2-driver/node_modules/appium-uiautomator2-server/apks/appium-uiautomator2-server-debug-androidTest.apk","appId":"io.appium.uiautomator2.server.test"}]
&amp#27;[38;5;204m[AndroidUiautomator2Driver@8ede (f6b00ff8)]&amp#27;[0m Server packages are not going to be (re)installed
&amp#27;[38;5;204m[AndroidUiautomator2Driver@8ede (f6b00ff8)]&amp#27;[0m Waiting up to 30000ms for services to be available
&amp#27;[38;5;229m[ADB]&amp#27;[0m Running '/users/oikhlas/Library/Android/sdk/platform-tools/adb -P 5037 -s emulator-5554 shell pm list instrumentation'
&amp#27;[38;5;229m[ADB]&amp#27;[0m 'com.androidsample.generalstore' is installed
&amp#27;[38;5;229m[ADB]&amp#27;[0m Running '/users/oikhlas/Library/Android/sdk/platform-tools/adb -P 5037 -s emulator-5554 shell am force-stop com.androidsample.generalstore'
&amp#27;[38;5;204m[AndroidUiautomator2Driver@8ede (f6b00ff8)]&amp#27;[0m Instrumentation target 'io.appium.uiautomator2.server.test/androidx.test.runner.AndroidJUnitRunner' is available
&amp#27;[38;5;229m[ADB]&amp#27;[0m Adding packages ["io.appium.settings","io.appium.uiautomator2.server","io.appium.uiautomator2.server.test"] to Doze whitelist
&amp#27;[38;5;229m[ADB]&amp#27;[0m Got the following command chunks to execute: [["dumpsys","deviceidle","whitelist","+io.appium.settings",";","dumpsys","deviceidle","whitelist","+io.appium.uiautomator2.server",";","dumpsys","deviceidle","whitelist","+io.appium.uiautomator2.server.test",";"]]
&amp#27;[38;5;229m[ADB]&amp#27;[0m Running '/users/oikhlas/Library/Android/sdk/platform-tools/adb -P 5037 -s emulator-5554 shell dumpsys deviceidle whitelist +io.appium.settings ; dumpsys deviceidle whitelist +io.appium.uiautomator2.server ; dumpsys deviceidle whitelist +io.appium.uiautomator2.server.test ;'
&amp#27;[38;5;229m[ADB]&amp#27;[0m Running '/users/oikhlas/Library/Android/sdk/platform-tools/adb -P 5037 -s emulator-5554 shell pm clear com.androidsample.generalstore'
&amp#27;[38;5;204m[AndroidUiautomator2Driver@8ede (f6b00ff8)]&amp#27;[0m Performed fast reset on the installed 'com.androidsample.generalstore' application (stop and clear)
&amp#27;[38;5;204m[AndroidUiautomator2Driver@8ede (f6b00ff8)]&amp#27;[0m Performing shallow cleanup of automation leftovers
&amp#27;[38;5;204m[AndroidUiautomator2Driver@8ede (f6b00ff8)]&amp#27;[0m No obsolete sessions have been detected (socket hang up)
&amp#27;[38;5;229m[ADB]&amp#27;[0m Running '/users/oikhlas/Library/Android/sdk/platform-tools/adb -P 5037 -s emulator-5554 shell am force-stop io.appium.uiautomator2.server.test'
&amp#27;[38;5;204m[AndroidUiautomator2Driver@8ede (f6b00ff8)]&amp#27;[0m Starting UIAutomator2 server 6.0.9
&amp#27;[38;5;204m[AndroidUiautomator2Driver@8ede (f6b00ff8)]&amp#27;[0m Using UIAutomator2 server from '/Users/oikhlas/.appium/node_modules/appium-uiautomator2-driver/node_modules/appium-uiautomator2-server/apks/appium-uiautomator2-server-v6.0.9.apk' and test from '/Users/oikhlas/.appium/node_modules/appium-uiautomator2-driver/node_modules/appium-uiautomator2-server/apks/appium-uiautomator2-server-debug-androidTest.apk'
&amp#27;[38;5;204m[AndroidUiautomator2Driver@8ede (f6b00ff8)]&amp#27;[0m Waiting up to 30000ms for UiAutomator2 to be online...
&amp#27;[38;5;229m[ADB]&amp#27;[0m Creating ADB subprocess with args: ["-P","5037","-s","emulator-5554","shell","am","instrument","-w","-e","disableAnalytics","true","io.appium.uiautomator2.server.test/androidx.test.runner.AndroidJUnitRunner"]
&amp#27;[38;5;204m[AndroidUiautomator2Driver@8ede (f6b00ff8)]&amp#27;[0m Matched '/status' to command name 'getStatus'
&amp#27;[38;5;204m[AndroidUiautomator2Driver@8ede (f6b00ff8)]&amp#27;[0m Proxying [GET /status] to [GET http://127.0.0.1:8200/status] with no body
&amp#27;[38;5;204m[AndroidUiautomator2Driver@8ede (f6b00ff8)]&amp#27;[0m socket hang up
&amp#27;[38;5;204m[AndroidUiautomator2Driver@8ede (f6b00ff8)]&amp#27;[0m Matched '/status' to command name 'getStatus'
&amp#27;[38;5;204m[AndroidUiautomator2Driver@8ede (f6b00ff8)]&amp#27;[0m Proxying [GET /status] to [GET http://127.0.0.1:8200/status] with no body
&amp#27;[38;5;204m[AndroidUiautomator2Driver@8ede (f6b00ff8)]&amp#27;[0m socket hang up
&amp#27;[38;5;112m[Appium]&amp#27;[0m AndroidUiautomator2Driver has been successfully loaded in 3.004s
&amp#27;[38;5;112m[Appium]&amp#27;[0m XCUITestDriver has been successfully loaded in 3.004s
&amp#27;[38;5;86m[HTTP]&amp#27;[0m Could not start REST http interface listener. The requested port may already be in use. Please make sure there is no other instance of this server running already.
&amp#27;[38;5;112m[Appium]&amp#27;[0m Could not configure Appium server. It's possible that a driver or plugin tried to update the server and failed. Original error: listen EADDRINUSE: address already in use 127.0.0.1:4723
&amp#27;[38;5;112m[Appium]&amp#27;[0m Error: listen EADDRINUSE: address already in use 127.0.0.1:4723
    at Server.setupListenHandle [as _listen2] (node:net:1740:16)
    at listenInCluster (node:net:1788:12)
    at doListen (node:net:1937:7)
    at processTicksAndRejections (node:internal/process/task_queues:83:21)
&amp#27;[38;5;204m[AndroidUiautomator2Driver@8ede (f6b00ff8)]&amp#27;[0m Matched '/status' to command name 'getStatus'
&amp#27;[38;5;204m[AndroidUiautomator2Driver@8ede (f6b00ff8)]&amp#27;[0m Proxying [GET /status] to [GET http://127.0.0.1:8200/status] with no body
&amp#27;[38;5;204m[AndroidUiautomator2Driver@8ede (f6b00ff8)]&amp#27;[0m socket hang up
&amp#27;[38;5;204m[AndroidUiautomator2Driver@8ede (f6b00ff8)]&amp#27;[0m Matched '/status' to command name 'getStatus'
&amp#27;[38;5;204m[AndroidUiautomator2Driver@8ede (f6b00ff8)]&amp#27;[0m Proxying [GET /status] to [GET http://127.0.0.1:8200/status] with no body
&amp#27;[38;5;204m[AndroidUiautomator2Driver@8ede (f6b00ff8)]&amp#27;[0m socket hang up
&amp#27;[38;5;74m[Instrumentation]&amp#27;[0m io.appium.uiautomator2.server.test.AppiumUiAutomator2Server:
&amp#27;[38;5;204m[AndroidUiautomator2Driver@8ede (f6b00ff8)]&amp#27;[0m Matched '/status' to command name 'getStatus'
&amp#27;[38;5;204m[AndroidUiautomator2Driver@8ede (f6b00ff8)]&amp#27;[0m Proxying [GET /status] to [GET http://127.0.0.1:8200/status] with no body
&amp#27;[38;5;204m[AndroidUiautomator2Driver@8ede (f6b00ff8)]&amp#27;[0m socket hang up
&amp#27;[38;5;204m[AndroidUiautomator2Driver@8ede (f6b00ff8)]&amp#27;[0m Matched '/status' to command name 'getStatus'
&amp#27;[38;5;204m[AndroidUiautomator2Driver@8ede (f6b00ff8)]&amp#27;[0m Proxying [GET /status] to [GET http://127.0.0.1:8200/status] with no body
&amp#27;[38;5;204m[AndroidUiautomator2Driver@8ede (f6b00ff8)]&amp#27;[0m socket hang up
&amp#27;[38;5;204m[AndroidUiautomator2Driver@8ede (f6b00ff8)]&amp#27;[0m Matched '/status' to command name 'getStatus'
&amp#27;[38;5;204m[AndroidUiautomator2Driver@8ede (f6b00ff8)]&amp#27;[0m Proxying [GET /status] to [GET http://127.0.0.1:8200/status] with no body
&amp#27;[38;5;204m[AndroidUiautomator2Driver@8ede (f6b00ff8)]&amp#27;[0m Got response with status 200: {"sessionId":"None","value":{"message":"UiAutomator2 Server is ready to accept commands","ready":true}}
&amp#27;[38;5;204m[AndroidUiautomator2Driver@8ede (f6b00ff8)]&amp#27;[0m The initialization of the instrumentation process took 6123ms
&amp#27;[38;5;204m[AndroidUiautomator2Driver@8ede (f6b00ff8)]&amp#27;[0m Matched '/session' to command name 'createSession'
&amp#27;[38;5;204m[AndroidUiautomator2Driver@8ede (f6b00ff8)]&amp#27;[0m Proxying [POST /session] to [POST http://127.0.0.1:8200/session] with body: {"capabilities":{"firstMatch":[{"platformName":"ANDROID","chromedriverExecutable":"//Users//oikhlas//Downloads//chromedriver_mac64//chromedriver","deviceName":"emulator-5554","automationName":"UIAutomator2","app":"/Users/oikhlas/eclipse-workspace/AppiumFrameworkDesign//src//test//java//resources//General-Store.apk","platform":"LINUX","webStorageEnabled":false,"takesScreenshot":true,"javascriptEnabled":true,"databaseEnabled":false,"networkConnectionEnabled":true,"locationContextEnabled":false,"warnings":{},"desired":{"platformName":"ANDROID","chromedriverExecutable":"//Users//oikhlas//Downloads//chromedriver_mac64//chromedriver","deviceName":"Osamaemulator","automationName":"UIAutomator2","app":"/Users/oikhlas/eclipse-workspace/AppiumFrameworkDesign//src//test//java//resources//General-Store.apk"},"deviceUDID":"emulator-5554","appPackage":"com.androidsample.generalstore"}],"alwaysMatch":{}}}
&amp#27;[38;5;204m[AndroidUiautomator2Driver@8ede (f6b00ff8)]&amp#27;[0m Got response with status 200: {"sessionId":"2dd13505-acb5-41d0-890f-14c65ee5d543","value":{"capabilities":{"firstMatch":[{"platformName":"ANDROID","chromedriverExecutable":"//Users//oikhlas//Downloads//chromedriver_mac64//chromedriver","deviceName":"emulator-5554","automationName":"UIAutomator2","app":"/Users/oikhlas/eclipse-workspace/AppiumFrameworkDesign//src//test//java//resources//General-Store.apk","platform":"LINUX","webStorageEnabled":false,"takesScreenshot":true,"javascriptEnabled":true,"databaseEnabled":false,"networkConnectionEnabled":true,"locationContextEnabled":false,"warnings":{},"desired":{"platformName":"ANDROID","chromedriverExecutable":"//Users//oikhlas//Downloads//chromedriver_mac64//chromedriver","deviceName":"Osamaemulator","automationName":"UIAutomator2","app":"/Users/oikhlas/eclipse-workspace/AppiumFrameworkDesign//src//test//java//resources//General-Store.apk"},"deviceUDID":"emulator-5554","appPackage":"com.androidsample.generalstore"}],"alwaysMatch":{}},"sessionId":"2dd13505-acb5-41d0-890f-14c65ee5d543"}}
&amp#27;[38;5;204m[AndroidUiautomator2Driver@8ede (f6b00ff8)]&amp#27;[0m Determined the downstream protocol as 'W3C'
&amp#27;[38;5;204m[AndroidUiautomator2Driver@8ede (f6b00ff8)]&amp#27;[0m Proxying [GET /appium/device/pixel_ratio] to [GET http://127.0.0.1:8200/session/2dd13505-acb5-41d0-890f-14c65ee5d543/appium/device/pixel_ratio] with no body
&amp#27;[38;5;204m[AndroidUiautomator2Driver@8ede (f6b00ff8)]&amp#27;[0m Matched '/appium/device/system_bars' to command name 'getSystemBars'
&amp#27;[38;5;204m[AndroidUiautomator2Driver@8ede (f6b00ff8)]&amp#27;[0m Proxying [GET /appium/device/system_bars] to [GET http://127.0.0.1:8200/session/2dd13505-acb5-41d0-890f-14c65ee5d543/appium/device/system_bars] with no body
&amp#27;[38;5;204m[AndroidUiautomator2Driver@8ede (f6b00ff8)]&amp#27;[0m Matched '/window/current/size' to command name 'getWindowSize'
&amp#27;[38;5;204m[AndroidUiautomator2Driver@8ede (f6b00ff8)]&amp#27;[0m Proxying [GET /window/current/size] to [GET http://127.0.0.1:8200/session/2dd13505-acb5-41d0-890f-14c65ee5d543/window/current/size] with no body
&amp#27;[38;5;204m[AndroidUiautomator2Driver@8ede (f6b00ff8)]&amp#27;[0m Proxying [GET /appium/device/info] to [GET http://127.0.0.1:8200/session/2dd13505-acb5-41d0-890f-14c65ee5d543/appium/device/info] with no body
&amp#27;[38;5;229m[ADB]&amp#27;[0m Running '/users/oikhlas/Library/Android/sdk/platform-tools/adb -P 5037 -s emulator-5554 shell dumpsys window'
&amp#27;[38;5;204m[AndroidUiautomator2Driver@8ede (f6b00ff8)]&amp#27;[0m Got response with status 200: {"sessionId":"2dd13505-acb5-41d0-890f-14c65ee5d543","value":3.5}
&amp#27;[38;5;204m[AndroidUiautomator2Driver@8ede (f6b00ff8)]&amp#27;[0m Got response with status 200: {"sessionId":"2dd13505-acb5-41d0-890f-14c65ee5d543","value":{"statusBar":98}}
&amp#27;[38;5;204m[AndroidUiautomator2Driver@8ede (f6b00ff8)]&amp#27;[0m Got response with status 200: {"sessionId":"2dd13505-acb5-41d0-890f-14c65ee5d543","value":{"height":2880,"width":1440}}
&amp#27;[38;5;204m[AndroidUiautomator2Driver@8ede (f6b00ff8)]&amp#27;[0m Got response with status 200: {"sessionId":"2dd13505-acb5-41d0-890f-14c65ee5d543","value":{"androidId":"01e280d6372dac63","apiVersion":"34","bluetooth":{"state":"ON"},"brand":"google","carrierName":"T-Mobile","displayDensity":560,"locale":"en_US","manufacturer":"Google","model":"sdk_gphone64_x86_64","networks":[{"capabilities":{"SSID":null,"linkDownBandwidthKbps":30000,"linkUpstreamBandwidthKbps":12000,"networkCapabilities":"NET_CAPABILITY_NOT_METERED,NET_CAPABILITY_INTERNET,NET_CAPABILITY_NOT_RESTRICTED,NET_CAPABILITY_TRUSTED,NET_CAPABILITY_NOT_VPN,NET_CAPABILITY_VALIDATED,NET_CAPABILITY_NOT_ROAMING,NET_CAPABILITY_FOREGROUND,NET_CAPABILITY_NOT_CONGESTED,NET_CAPABILITY_NOT_SUSPENDED","signalStrength":-50,"transportTypes":"TRANSPORT_WIFI"},"detailedState":"CONNECTED","extraInfo":"","isAvailable":true,"isConnected":true,"isFailover":false,"isRoaming":false,"state":"CONNECTED","subtype":-1,"subtypeName":"","type":1,"typeName":"WIFI"},{"capabilities":{"SSID":null,"linkDownBandwidthKbps":4300,"linkUpstreamBandwidthKbps":1800,"networkCapabil...
&amp#27;[38;5;204m[AndroidUiautomator2Driver@8ede (f6b00ff8)]&amp#27;[0m Screen already unlocked, doing nothing
&amp#27;[38;5;204m[AndroidUiautomator2Driver@8ede (f6b00ff8)]&amp#27;[0m Starting 'com.androidsample.generalstore/com.androidsample.generalstore.SplashActivity and waiting for 'com.androidsample.generalstore/com.androidsample.generalstore.SplashActivity'
&amp#27;[38;5;229m[ADB]&amp#27;[0m Running '/users/oikhlas/Library/Android/sdk/platform-tools/adb -P 5037 -s emulator-5554 shell am start -W -n com.androidsample.generalstore/com.androidsample.generalstore.SplashActivity -S -a android.intent.action.MAIN -c android.intent.category.LAUNCHER -f 0x10200000'
&amp#27;[38;5;229m[ADB]&amp#27;[0m Waiting up to 20000ms for activity matching pkg: 'com.androidsample.generalstore' and activity: 'com.androidsample.generalstore.SplashActivity' to be focused
&amp#27;[38;5;229m[ADB]&amp#27;[0m Possible activities, to be checked: 'com.androidsample.generalstore.SplashActivity', 'com.androidsample.generalstore.com.androidsample.generalstore.SplashActivity'
&amp#27;[38;5;229m[ADB]&amp#27;[0m Getting focused package and activity
&amp#27;[38;5;229m[ADB]&amp#27;[0m Running '/users/oikhlas/Library/Android/sdk/platform-tools/adb -P 5037 -s emulator-5554 shell dumpsys window displays'
&amp#27;[38;5;229m[ADB]&amp#27;[0m Found package: 'com.androidsample.generalstore' and fully qualified activity name : 'com.androidsample.generalstore.SplashActivity'
&amp#27;[38;5;170m[AppiumDriver@3207]&amp#27;[0m New AndroidUiautomator2Driver session created successfully, session f6b00ff8-12fc-46ae-8b75-b3b6ee2ec931 added to master session list
&amp#27;[38;5;170m[AppiumDriver@3207]&amp#27;[0m Event 'newSessionStarted' logged at 1730803618273 (15:46:58 GMT+0500 (Pakistan Standard Time))
&amp#27;[38;5;204m[AndroidUiautomator2Driver@8ede (f6b00ff8)]&amp#27;[0m Cached the protocol value 'W3C' for the new session f6b00ff8-12fc-46ae-8b75-b3b6ee2ec931
&amp#27;[38;5;204m[AndroidUiautomator2Driver@8ede (f6b00ff8)]&amp#27;[0m Responding to client with driver.createSession() result: {"capabilities":{"platformName":"ANDROID","chromedriverExecutable":"//Users//oikhlas//Downloads//chromedriver_mac64//chromedriver","deviceName":"emulator-5554","automationName":"UIAutomator2","app":"/Users/oikhlas/eclipse-workspace/AppiumFrameworkDesign//src//test//java//resources//General-Store.apk","platform":"LINUX","webStorageEnabled":false,"takesScreenshot":true,"javascriptEnabled":true,"databaseEnabled":false,"networkConnectionEnabled":true,"locationContextEnabled":false,"warnings":{},"desired":{"platformName":"ANDROID","chromedriverExecutable":"//Users//oikhlas//Downloads//chromedriver_mac64//chromedriver","deviceName":"Osamaemulator","automationName":"UIAutomator2","app":"/Users/oikhlas/eclipse-workspace/AppiumFrameworkDesign//src//test//java//resources//General-Store.apk"},"deviceUDID":"emulator-5554","appPackage":"com.androidsample.generalstore","pixelRatio":"3.5","statBarHeight":98,"viewportRect":{"left":0,"top":98,"width":1440,"height":2782},"deviceApiLevel":34,"platformVersion":"14","deviceMan...
&amp#27;[38;5;86m[HTTP]&amp#27;[0m <-- POST /session 200 11186 ms - 1196 
&amp#27;[38;5;146m[f6b00ff8]&amp#27;[0m&amp#27;[38;5;86m[HTTP]&amp#27;[0m &amp#27;[37m-->&amp#27;[39m &amp#27;[37mPOST&amp#27;[39m &amp#27;[37m/session/f6b00ff8-12fc-46ae-8b75-b3b6ee2ec931/timeouts&amp#27;[39m {"implicit":20000}
&amp#27;[38;5;146m[f6b00ff8]&amp#27;[0m&amp#27;[38;5;204m[AndroidUiautomator2Driver@8ede (f6b00ff8)]&amp#27;[0m Calling AppiumDriver.timeouts() with args: [null,null,null,null,20000,"f6b00ff8-12fc-46ae-8b75-b3b6ee2ec931"]
&amp#27;[38;5;146m[f6b00ff8]&amp#27;[0m&amp#27;[38;5;204m[AndroidUiautomator2Driver@8ede (f6b00ff8)]&amp#27;[0m W3C timeout argument: {"implicit":20000}}
&amp#27;[38;5;146m[f6b00ff8]&amp#27;[0m&amp#27;[38;5;204m[AndroidUiautomator2Driver@8ede (f6b00ff8)]&amp#27;[0m Set implicit wait to 20000ms
&amp#27;[38;5;146m[f6b00ff8]&amp#27;[0m&amp#27;[38;5;204m[AndroidUiautomator2Driver@8ede (f6b00ff8)]&amp#27;[0m Responding to client with driver.timeouts() result: null
&amp#27;[38;5;146m[f6b00ff8]&amp#27;[0m&amp#27;[38;5;86m[HTTP]&amp#27;[0m <-- POST /session/f6b00ff8-12fc-46ae-8b75-b3b6ee2ec931/timeouts 200 2 ms - 14 
&amp#27;[38;5;146m[f6b00ff8]&amp#27;[0m&amp#27;[38;5;86m[HTTP]&amp#27;[0m &amp#27;[37m-->&amp#27;[39m &amp#27;[37mPOST&amp#27;[39m &amp#27;[37m/session/f6b00ff8-12fc-46ae-8b75-b3b6ee2ec931/execute/sync&amp#27;[39m {"script":"return (function(arg){\nvar s=function(){\"use strict\";function t(t){return t&&t.__esModule&&Object.prototype.hasOwnProperty.call(t,\"default\")?t.default:t}var e=function(t){var e=(void 0===t?[]:t)[0],n=\"\",r=e.ownerDocument;if(!r)return n;for(var o=e;o!==r;){var a=Array.prototype.filter.call(o.parentNode.childNodes,(function(t){return t.tagName===o.tagName})).indexOf(o);n=\"/\"+o.tagName+\"[\"+(a+1)+\"]\"+n,o=o.parentNode}return n};return t((function(){var t,n,r;try{t=window.top.document===window.document||\"root-context\"===window.parent.document[\"applitools-marker\"]}catch(e){t=!1}try{n=!window.parent.document===window.document}catch(t){n=!0}if(!n)try{r=e([window.frameElement])}catch(t){r=null}return[document.documentElement,r,t,n]}))}();\nreturn s(arg)\n}).apply(null, arguments)","args":[null]}
&amp#27;[38;5;146m[f6b00ff8]&amp#27;[0m&amp#27;[38;5;204m[AndroidUiautomator2Driver@8ede (f6b00ff8)]&amp#27;[0m Calling AppiumDriver.execute() with args: ["return (function(arg){\nvar s=function(){\"use strict\";function t(t){return t&&t.__esModule&&Object.prototype.hasOwnProperty.call(t,\"default\")?t.default:t}var e=function(t){var e=(void 0===t?[]:t)[0],n=\"\",r=e.ownerDocument;if(!r)return n;for(var o=e;o!==r;){var a=Array.prototype.filter.call(o.parentNode.childNodes,(function(t){return t.tagName===o.tagName})).indexOf(o);n=\"/\"+o.tagName+\"[\"+(a+1)+\"]\"+n,o=o.parentNode}return n};return t((function(){var t,n,r;try{t=window.top.document===window.document||\"root-context\"===window.parent.document[\"applitools-marker\"]}catch(e){t=!1}try{n=!window.parent.document===window.document}catch(t){n=!0}if(!n)try{r=e([window.frameElement])}catch(t){r=null}return[document.documentElement,r,t,n]}))}();\nreturn s(arg)\n}).apply(null, arguments)",[null],"f6b00ff8-12fc-46ae-8b75-b3b6ee2ec931"]
&amp#27;[38;5;146m[f6b00ff8]&amp#27;[0m&amp#27;[38;5;204m[AndroidUiautomator2Driver@8ede (f6b00ff8)]&amp#27;[0m Encountered internal error running command: UnknownCommandError: Unknown mobile command "return (function(arg){
&amp#27;[38;5;146m[f6b00ff8]&amp#27;[0m&amp#27;[38;5;204m[AndroidUiautomator2Driver@8ede (f6b00ff8)]&amp#27;[0m var s=function(){"use strict";function t(t){return t&&t.__esModule&&Object.prototype.hasOwnProperty.call(t,"default")?t.default:t}var e=function(t){var e=(void 0===t?[]:t)[0],n="",r=e.ownerDocument;if(!r)return n;for(var o=e;o!==r;){var a=Array.prototype.filter.call(o.parentNode.childNodes,(function(t){return t.tagName===o.tagName})).indexOf(o);n="/"+o.tagName+"["+(a+1)+"]"+n,o=o.parentNode}return n};return t((function(){var t,n,r;try{t=window.top.document===window.document||"root-context"===window.parent.document["applitools-marker"]}catch(e){t=!1}try{n=!window.parent.document===window.document}catch(t){n=!0}if(!n)try{r=e([window.frameElement])}catch(t){r=null}return[document.documentElement,r,t,n]}))}();
&amp#27;[38;5;146m[f6b00ff8]&amp#27;[0m&amp#27;[38;5;204m[AndroidUiautomator2Driver@8ede (f6b00ff8)]&amp#27;[0m return s(arg)
&amp#27;[38;5;146m[f6b00ff8]&amp#27;[0m&amp#27;[38;5;204m[AndroidUiautomator2Driver@8ede (f6b00ff8)]&amp#27;[0m }).apply(null, arguments)". Only shell, execEmuConsoleCommand, dragGesture, flingGesture, doubleClickGesture, clickGesture, longClickGesture, pinchCloseGesture, pinchOpenGesture, swipeGesture, scrollGesture, scrollBackTo, scroll, viewportScreenshot, viewportRect, deepLink, startLogsBroadcast, stopLogsBroadcast, deviceidle, acceptAlert, dismissAlert, batteryInfo, deviceInfo, getDeviceTime, changePermissions, getPermissions, performEditorAction, startScreenStreaming, stopScreenStreaming, getNotifications, openNotifications, listSms, type, replaceElementValue, pushFile, pullFile, pullFolder, deleteFile, isAppInstalled, queryAppState, activateApp, removeApp, terminateApp, installApp, clearApp, backgroundApp, getCurrentActivity, getCurrentPackage, startActivity, startService, stopService, broadcast, getContexts, getAppStrings, installMultipleApks, lock, unlock, isLocked, refreshGpsCache, startMediaProjectionRecording, isMediaProjectionRecordingRunning, stopMediaProjectionRecording, getConnectivity, setConnectivity, toggleGps, isGpsEnabled, hideKeyboard, isKeyboardShown, pressKey, getDisplayDensity, getSystemBars, fingerprint, sendSms, gsmCall, gsmSignal, gsmVoice, powerAc, powerCapacity, networkSpeed, sensorSet, getPerformanceData, getPerformanceDataTypes, statusBar, screenshots, scheduleAction, getActionHistory, unscheduleAction, getUiMode, setUiMode, sendTrimMemory commands are supported.
&amp#27;[38;5;146m[f6b00ff8]&amp#27;[0m&amp#27;[38;5;204m[AndroidUiautomator2Driver@8ede (f6b00ff8)]&amp#27;[0m     at AndroidUiautomator2Driver.executeMobile (/Users/oikhlas/.appium/node_modules/appium-uiautomator2-driver/lib/commands/execute.js:56:11)
&amp#27;[38;5;146m[f6b00ff8]&amp#27;[0m&amp#27;[38;5;204m[AndroidUiautomator2Driver@8ede (f6b00ff8)]&amp#27;[0m     at AndroidUiautomator2Driver.execute (/Users/oikhlas/.appium/node_modules/appium-uiautomator2-driver/lib/commands/execute.js:27:23)
&amp#27;[38;5;146m[f6b00ff8]&amp#27;[0m&amp#27;[38;5;204m[AndroidUiautomator2Driver@8ede (f6b00ff8)]&amp#27;[0m     at commandExecutor (/Users/oikhlas/node_modules/@appium/base-driver/lib/basedriver/driver.ts:107:18)
&amp#27;[38;5;146m[f6b00ff8]&amp#27;[0m&amp#27;[38;5;204m[AndroidUiautomator2Driver@8ede (f6b00ff8)]&amp#27;[0m     at /Users/oikhlas/node_modules/async-lock/lib/index.js:171:12
&amp#27;[38;5;146m[f6b00ff8]&amp#27;[0m&amp#27;[38;5;204m[AndroidUiautomator2Driver@8ede (f6b00ff8)]&amp#27;[0m     at AsyncLock._promiseTry (/Users/oikhlas/node_modules/async-lock/lib/index.js:304:31)
&amp#27;[38;5;146m[f6b00ff8]&amp#27;[0m&amp#27;[38;5;204m[AndroidUiautomator2Driver@8ede (f6b00ff8)]&amp#27;[0m     at exec (/Users/oikhlas/node_modules/async-lock/lib/index.js:170:9)
&amp#27;[38;5;146m[f6b00ff8]&amp#27;[0m&amp#27;[38;5;204m[AndroidUiautomator2Driver@8ede (f6b00ff8)]&amp#27;[0m     at AsyncLock.acquire (/Users/oikhlas/node_modules/async-lock/lib/index.js:187:3)
&amp#27;[38;5;146m[f6b00ff8]&amp#27;[0m&amp#27;[38;5;204m[AndroidUiautomator2Driver@8ede (f6b00ff8)]&amp#27;[0m     at AndroidUiautomator2Driver.executeCommand (/Users/oikhlas/node_modules/@appium/base-driver/lib/basedriver/driver.ts:123:39)
&amp#27;[38;5;146m[f6b00ff8]&amp#27;[0m&amp#27;[38;5;204m[AndroidUiautomator2Driver@8ede (f6b00ff8)]&amp#27;[0m     at processTicksAndRejections (node:internal/process/task_queues:95:5)
&amp#27;[38;5;146m[f6b00ff8]&amp#27;[0m&amp#27;[38;5;204m[AndroidUiautomator2Driver@8ede (f6b00ff8)]&amp#27;[0m     at defaultBehavior (/Users/oikhlas/.nvm/versions/node/v18.16.1/lib/node_modules/appium/lib/appium.js:1135:14)
&amp#27;[38;5;146m[f6b00ff8]&amp#27;[0m&amp#27;[38;5;204m[AndroidUiautomator2Driver@8ede (f6b00ff8)]&amp#27;[0m     at AppiumDriver.executeWrappedCommand (/Users/oikhlas/.nvm/versions/node/v18.16.1/lib/node_modules/appium/lib/appium.js:1241:16)
&amp#27;[38;5;146m[f6b00ff8]&amp#27;[0m&amp#27;[38;5;204m[AndroidUiautomator2Driver@8ede (f6b00ff8)]&amp#27;[0m     at AppiumDriver.executeCommand (/Users/oikhlas/.nvm/versions/node/v18.16.1/lib/node_modules/appium/lib/appium.js:1147:17)
&amp#27;[38;5;146m[f6b00ff8]&amp#27;[0m&amp#27;[38;5;204m[AndroidUiautomator2Driver@8ede (f6b00ff8)]&amp#27;[0m     at asyncHandler (/Users/oikhlas/.nvm/versions/node/v18.16.1/lib/node_modules/appium/node_modules/@appium/base-driver/lib/protocol/protocol.js:387:19)
&amp#27;[38;5;146m[f6b00ff8]&amp#27;[0m&amp#27;[38;5;86m[HTTP]&amp#27;[0m <-- POST /session/f6b00ff8-12fc-46ae-8b75-b3b6ee2ec931/execute/sync 404 3 ms - 5939 
&amp#27;[38;5;146m[f6b00ff8]&amp#27;[0m&amp#27;[38;5;86m[HTTP]&amp#27;[0m &amp#27;[37m-->&amp#27;[39m &amp#27;[37mGET&amp#27;[39m &amp#27;[37m/session/f6b00ff8-12fc-46ae-8b75-b3b6ee2ec931/context&amp#27;[39m {}
&amp#27;[38;5;146m[f6b00ff8]&amp#27;[0m&amp#27;[38;5;204m[AndroidUiautomator2Driver@8ede (f6b00ff8)]&amp#27;[0m Calling AppiumDriver.getCurrentContext() with args: ["f6b00ff8-12fc-46ae-8b75-b3b6ee2ec931"]
&amp#27;[38;5;146m[f6b00ff8]&amp#27;[0m&amp#27;[38;5;204m[AndroidUiautomator2Driver@8ede (f6b00ff8)]&amp#27;[0m Responding to client with driver.getCurrentContext() result: "NATIVE_APP"
&amp#27;[38;5;146m[f6b00ff8]&amp#27;[0m&amp#27;[38;5;86m[HTTP]&amp#27;[0m <-- GET /session/f6b00ff8-12fc-46ae-8b75-b3b6ee2ec931/context 200 1 ms - 22 
&amp#27;[38;5;146m[f6b00ff8]&amp#27;[0m&amp#27;[38;5;86m[HTTP]&amp#27;[0m &amp#27;[37m-->&amp#27;[39m &amp#27;[37mPOST&amp#27;[39m &amp#27;[37m/session/f6b00ff8-12fc-46ae-8b75-b3b6ee2ec931/execute/sync&amp#27;[39m {"script":"return (function(arg){\nvar s=function(){\"use strict\";function t(t){return t&&t.__esModule&&Object.prototype.hasOwnProperty.call(t,\"default\")?t.default:t}var e=function(t){var e=(void 0===t?[]:t)[0],n=\"\",r=e.ownerDocument;if(!r)return n;for(var o=e;o!==r;){var a=Array.prototype.filter.call(o.parentNode.childNodes,(function(t){return t.tagName===o.tagName})).indexOf(o);n=\"/\"+o.tagName+\"[\"+(a+1)+\"]\"+n,o=o.parentNode}return n};return t((function(){var t,n,r;try{t=window.top.document===window.document||\"root-context\"===window.parent.document[\"applitools-marker\"]}catch(e){t=!1}try{n=!window.parent.document===window.document}catch(t){n=!0}if(!n)try{r=e([window.frameElement])}catch(t){r=null}return[document.documentElement,r,t,n]}))}();\nreturn s(arg)\n}).apply(null, arguments)","args":[null]}
&amp#27;[38;5;146m[f6b00ff8]&amp#27;[0m&amp#27;[38;5;204m[AndroidUiautomator2Driver@8ede (f6b00ff8)]&amp#27;[0m Calling AppiumDriver.execute() with args: ["return (function(arg){\nvar s=function(){\"use strict\";function t(t){return t&&t.__esModule&&Object.prototype.hasOwnProperty.call(t,\"default\")?t.default:t}var e=function(t){var e=(void 0===t?[]:t)[0],n=\"\",r=e.ownerDocument;if(!r)return n;for(var o=e;o!==r;){var a=Array.prototype.filter.call(o.parentNode.childNodes,(function(t){return t.tagName===o.tagName})).indexOf(o);n=\"/\"+o.tagName+\"[\"+(a+1)+\"]\"+n,o=o.parentNode}return n};return t((function(){var t,n,r;try{t=window.top.document===window.document||\"root-context\"===window.parent.document[\"applitools-marker\"]}catch(e){t=!1}try{n=!window.parent.document===window.document}catch(t){n=!0}if(!n)try{r=e([window.frameElement])}catch(t){r=null}return[document.documentElement,r,t,n]}))}();\nreturn s(arg)\n}).apply(null, arguments)",[null],"f6b00ff8-12fc-46ae-8b75-b3b6ee2ec931"]
&amp#27;[38;5;146m[f6b00ff8]&amp#27;[0m&amp#27;[38;5;204m[AndroidUiautomator2Driver@8ede (f6b00ff8)]&amp#27;[0m Encountered internal error running command: UnknownCommandError: Unknown mobile command "return (function(arg){
&amp#27;[38;5;146m[f6b00ff8]&amp#27;[0m&amp#27;[38;5;204m[AndroidUiautomator2Driver@8ede (f6b00ff8)]&amp#27;[0m var s=function(){"use strict";function t(t){return t&&t.__esModule&&Object.prototype.hasOwnProperty.call(t,"default")?t.default:t}var e=function(t){var e=(void 0===t?[]:t)[0],n="",r=e.ownerDocument;if(!r)return n;for(var o=e;o!==r;){var a=Array.prototype.filter.call(o.parentNode.childNodes,(function(t){return t.tagName===o.tagName})).indexOf(o);n="/"+o.tagName+"["+(a+1)+"]"+n,o=o.parentNode}return n};return t((function(){var t,n,r;try{t=window.top.document===window.document||"root-context"===window.parent.document["applitools-marker"]}catch(e){t=!1}try{n=!window.parent.document===window.document}catch(t){n=!0}if(!n)try{r=e([window.frameElement])}catch(t){r=null}return[document.documentElement,r,t,n]}))}();
&amp#27;[38;5;146m[f6b00ff8]&amp#27;[0m&amp#27;[38;5;204m[AndroidUiautomator2Driver@8ede (f6b00ff8)]&amp#27;[0m return s(arg)
&amp#27;[38;5;146m[f6b00ff8]&amp#27;[0m&amp#27;[38;5;204m[AndroidUiautomator2Driver@8ede (f6b00ff8)]&amp#27;[0m }).apply(null, arguments)". Only shell, execEmuConsoleCommand, dragGesture, flingGesture, doubleClickGesture, clickGesture, longClickGesture, pinchCloseGesture, pinchOpenGesture, swipeGesture, scrollGesture, scrollBackTo, scroll, viewportScreenshot, viewportRect, deepLink, startLogsBroadcast, stopLogsBroadcast, deviceidle, acceptAlert, dismissAlert, batteryInfo, deviceInfo, getDeviceTime, changePermissions, getPermissions, performEditorAction, startScreenStreaming, stopScreenStreaming, getNotifications, openNotifications, listSms, type, replaceElementValue, pushFile, pullFile, pullFolder, deleteFile, isAppInstalled, queryAppState, activateApp, removeApp, terminateApp, installApp, clearApp, backgroundApp, getCurrentActivity, getCurrentPackage, startActivity, startService, stopService, broadcast, getContexts, getAppStrings, installMultipleApks, lock, unlock, isLocked, refreshGpsCache, startMediaProjectionRecording, isMediaProjectionRecordingRunning, stopMediaProjectionRecording, getConnectivity, setConnectivity, toggleGps, isGpsEnabled, hideKeyboard, isKeyboardShown, pressKey, getDisplayDensity, getSystemBars, fingerprint, sendSms, gsmCall, gsmSignal, gsmVoice, powerAc, powerCapacity, networkSpeed, sensorSet, getPerformanceData, getPerformanceDataTypes, statusBar, screenshots, scheduleAction, getActionHistory, unscheduleAction, getUiMode, setUiMode, sendTrimMemory commands are supported.
&amp#27;[38;5;146m[f6b00ff8]&amp#27;[0m&amp#27;[38;5;204m[AndroidUiautomator2Driver@8ede (f6b00ff8)]&amp#27;[0m     at AndroidUiautomator2Driver.executeMobile (/Users/oikhlas/.appium/node_modules/appium-uiautomator2-driver/lib/commands/execute.js:56:11)
&amp#27;[38;5;146m[f6b00ff8]&amp#27;[0m&amp#27;[38;5;204m[AndroidUiautomator2Driver@8ede (f6b00ff8)]&amp#27;[0m     at AndroidUiautomator2Driver.execute (/Users/oikhlas/.appium/node_modules/appium-uiautomator2-driver/lib/commands/execute.js:27:23)
&amp#27;[38;5;146m[f6b00ff8]&amp#27;[0m&amp#27;[38;5;204m[AndroidUiautomator2Driver@8ede (f6b00ff8)]&amp#27;[0m     at commandExecutor (/Users/oikhlas/node_modules/@appium/base-driver/lib/basedriver/driver.ts:107:18)
&amp#27;[38;5;146m[f6b00ff8]&amp#27;[0m&amp#27;[38;5;204m[AndroidUiautomator2Driver@8ede (f6b00ff8)]&amp#27;[0m     at /Users/oikhlas/node_modules/async-lock/lib/index.js:171:12
&amp#27;[38;5;146m[f6b00ff8]&amp#27;[0m&amp#27;[38;5;204m[AndroidUiautomator2Driver@8ede (f6b00ff8)]&amp#27;[0m     at AsyncLock._promiseTry (/Users/oikhlas/node_modules/async-lock/lib/index.js:304:31)
&amp#27;[38;5;146m[f6b00ff8]&amp#27;[0m&amp#27;[38;5;204m[AndroidUiautomator2Driver@8ede (f6b00ff8)]&amp#27;[0m     at exec (/Users/oikhlas/node_modules/async-lock/lib/index.js:170:9)
&amp#27;[38;5;146m[f6b00ff8]&amp#27;[0m&amp#27;[38;5;204m[AndroidUiautomator2Driver@8ede (f6b00ff8)]&amp#27;[0m     at AsyncLock.acquire (/Users/oikhlas/node_modules/async-lock/lib/index.js:187:3)
&amp#27;[38;5;146m[f6b00ff8]&amp#27;[0m&amp#27;[38;5;204m[AndroidUiautomator2Driver@8ede (f6b00ff8)]&amp#27;[0m     at AndroidUiautomator2Driver.executeCommand (/Users/oikhlas/node_modules/@appium/base-driver/lib/basedriver/driver.ts:123:39)
&amp#27;[38;5;146m[f6b00ff8]&amp#27;[0m&amp#27;[38;5;204m[AndroidUiautomator2Driver@8ede (f6b00ff8)]&amp#27;[0m     at processTicksAndRejections (node:internal/process/task_queues:95:5)
&amp#27;[38;5;146m[f6b00ff8]&amp#27;[0m&amp#27;[38;5;204m[AndroidUiautomator2Driver@8ede (f6b00ff8)]&amp#27;[0m     at defaultBehavior (/Users/oikhlas/.nvm/versions/node/v18.16.1/lib/node_modules/appium/lib/appium.js:1135:14)
&amp#27;[38;5;146m[f6b00ff8]&amp#27;[0m&amp#27;[38;5;204m[AndroidUiautomator2Driver@8ede (f6b00ff8)]&amp#27;[0m     at AppiumDriver.executeWrappedCommand (/Users/oikhlas/.nvm/versions/node/v18.16.1/lib/node_modules/appium/lib/appium.js:1241:16)
&amp#27;[38;5;146m[f6b00ff8]&amp#27;[0m&amp#27;[38;5;204m[AndroidUiautomator2Driver@8ede (f6b00ff8)]&amp#27;[0m     at AppiumDriver.executeCommand (/Users/oikhlas/.nvm/versions/node/v18.16.1/lib/node_modules/appium/lib/appium.js:1147:17)
&amp#27;[38;5;146m[f6b00ff8]&amp#27;[0m&amp#27;[38;5;204m[AndroidUiautomator2Driver@8ede (f6b00ff8)]&amp#27;[0m     at asyncHandler (/Users/oikhlas/.nvm/versions/node/v18.16.1/lib/node_modules/appium/node_modules/@appium/base-driver/lib/protocol/protocol.js:387:19)
&amp#27;[38;5;146m[f6b00ff8]&amp#27;[0m&amp#27;[38;5;86m[HTTP]&amp#27;[0m <-- POST /session/f6b00ff8-12fc-46ae-8b75-b3b6ee2ec931/execute/sync 404 3 ms - 5939 
&amp#27;[38;5;146m[f6b00ff8]&amp#27;[0m&amp#27;[38;5;86m[HTTP]&amp#27;[0m &amp#27;[37m-->&amp#27;[39m &amp#27;[37mPOST&amp#27;[39m &amp#27;[37m/session/f6b00ff8-12fc-46ae-8b75-b3b6ee2ec931/execute/sync&amp#27;[39m {"script":"mobile:shell","args":[{"command":"dumpsys window | grep 'mCurrentRotation' | cut -d = -f2"}]}
&amp#27;[38;5;146m[f6b00ff8]&amp#27;[0m&amp#27;[38;5;204m[AndroidUiautomator2Driver@8ede (f6b00ff8)]&amp#27;[0m Calling AppiumDriver.execute() with args: ["mobile:shell",[{"command":"dumpsys window | grep 'mCurrentRotation' | cut -d = -f2"}],"f6b00ff8-12fc-46ae-8b75-b3b6ee2ec931"]
&amp#27;[38;5;146m[f6b00ff8]&amp#27;[0m&amp#27;[38;5;204m[AndroidUiautomator2Driver@8ede (f6b00ff8)]&amp#27;[0m Executing method 'mobile: shell'
&amp#27;[38;5;146m[f6b00ff8]&amp#27;[0m&amp#27;[38;5;204m[AndroidUiautomator2Driver@8ede (f6b00ff8)]&amp#27;[0m Encountered internal error running command: Error: Potentially insecure feature 'adb_shell' has not been enabled. If you want to enable this feature and accept the security ramifications, please do so by following the documented instructions at https://github.com/appium/appium/blob/master/docs/en/writing-running-appium/security.md
&amp#27;[38;5;146m[f6b00ff8]&amp#27;[0m&amp#27;[38;5;204m[AndroidUiautomator2Driver@8ede (f6b00ff8)]&amp#27;[0m     at AndroidUiautomator2Driver.assertFeatureEnabled (/Users/oikhlas/node_modules/@appium/base-driver/lib/basedriver/core.ts:292:13)
&amp#27;[38;5;146m[f6b00ff8]&amp#27;[0m&amp#27;[38;5;204m[AndroidUiautomator2Driver@8ede (f6b00ff8)]&amp#27;[0m     at AndroidUiautomator2Driver.ensureFeatureEnabled (/Users/oikhlas/node_modules/@appium/base-driver/lib/basedriver/core.ts:281:10)
&amp#27;[38;5;146m[f6b00ff8]&amp#27;[0m&amp#27;[38;5;204m[AndroidUiautomator2Driver@8ede (f6b00ff8)]&amp#27;[0m     at AndroidUiautomator2Driver.mobileShell (/Users/oikhlas/.appium/node_modules/appium-uiautomator2-driver/node_modules/appium-android-driver/lib/commands/shell.js:13:8)
&amp#27;[38;5;146m[f6b00ff8]&amp#27;[0m&amp#27;[38;5;204m[AndroidUiautomator2Driver@8ede (f6b00ff8)]&amp#27;[0m     at AndroidUiautomator2Driver.executeMobile (/Users/oikhlas/.appium/node_modules/appium-uiautomator2-driver/lib/commands/execute.js:66:82)
&amp#27;[38;5;146m[f6b00ff8]&amp#27;[0m&amp#27;[38;5;204m[AndroidUiautomator2Driver@8ede (f6b00ff8)]&amp#27;[0m     at AndroidUiautomator2Driver.execute (/Users/oikhlas/.appium/node_modules/appium-uiautomator2-driver/lib/commands/execute.js:24:25)
&amp#27;[38;5;146m[f6b00ff8]&amp#27;[0m&amp#27;[38;5;204m[AndroidUiautomator2Driver@8ede (f6b00ff8)]&amp#27;[0m     at commandExecutor (/Users/oikhlas/node_modules/@appium/base-driver/lib/basedriver/driver.ts:107:18)
&amp#27;[38;5;146m[f6b00ff8]&amp#27;[0m&amp#27;[38;5;204m[AndroidUiautomator2Driver@8ede (f6b00ff8)]&amp#27;[0m     at /Users/oikhlas/node_modules/async-lock/lib/index.js:171:12
&amp#27;[38;5;146m[f6b00ff8]&amp#27;[0m&amp#27;[38;5;204m[AndroidUiautomator2Driver@8ede (f6b00ff8)]&amp#27;[0m     at AsyncLock._promiseTry (/Users/oikhlas/node_modules/async-lock/lib/index.js:304:31)
&amp#27;[38;5;146m[f6b00ff8]&amp#27;[0m&amp#27;[38;5;204m[AndroidUiautomator2Driver@8ede (f6b00ff8)]&amp#27;[0m     at exec (/Users/oikhlas/node_modules/async-lock/lib/index.js:170:9)
&amp#27;[38;5;146m[f6b00ff8]&amp#27;[0m&amp#27;[38;5;204m[AndroidUiautomator2Driver@8ede (f6b00ff8)]&amp#27;[0m     at AsyncLock.acquire (/Users/oikhlas/node_modules/async-lock/lib/index.js:187:3)
&amp#27;[38;5;146m[f6b00ff8]&amp#27;[0m&amp#27;[38;5;204m[AndroidUiautomator2Driver@8ede (f6b00ff8)]&amp#27;[0m     at AndroidUiautomator2Driver.executeCommand (/Users/oikhlas/node_modules/@appium/base-driver/lib/basedriver/driver.ts:123:39)
&amp#27;[38;5;146m[f6b00ff8]&amp#27;[0m&amp#27;[38;5;204m[AndroidUiautomator2Driver@8ede (f6b00ff8)]&amp#27;[0m     at processTicksAndRejections (node:internal/process/task_queues:95:5)
&amp#27;[38;5;146m[f6b00ff8]&amp#27;[0m&amp#27;[38;5;204m[AndroidUiautomator2Driver@8ede (f6b00ff8)]&amp#27;[0m     at defaultBehavior (/Users/oikhlas/.nvm/versions/node/v18.16.1/lib/node_modules/appium/lib/appium.js:1135:14)
&amp#27;[38;5;146m[f6b00ff8]&amp#27;[0m&amp#27;[38;5;204m[AndroidUiautomator2Driver@8ede (f6b00ff8)]&amp#27;[0m     at AppiumDriver.executeWrappedCommand (/Users/oikhlas/.nvm/versions/node/v18.16.1/lib/node_modules/appium/lib/appium.js:1241:16)
&amp#27;[38;5;146m[f6b00ff8]&amp#27;[0m&amp#27;[38;5;204m[AndroidUiautomator2Driver@8ede (f6b00ff8)]&amp#27;[0m     at AppiumDriver.executeCommand (/Users/oikhlas/.nvm/versions/node/v18.16.1/lib/node_modules/appium/lib/appium.js:1147:17)
&amp#27;[38;5;146m[f6b00ff8]&amp#27;[0m&amp#27;[38;5;204m[AndroidUiautomator2Driver@8ede (f6b00ff8)]&amp#27;[0m     at asyncHandler (/Users/oikhlas/.nvm/versions/node/v18.16.1/lib/node_modules/appium/node_modules/@appium/base-driver/lib/protocol/protocol.js:387:19)
&amp#27;[38;5;146m[f6b00ff8]&amp#27;[0m&amp#27;[38;5;86m[HTTP]&amp#27;[0m <-- POST /session/f6b00ff8-12fc-46ae-8b75-b3b6ee2ec931/execute/sync 500 3 ms - 1126 
&amp#27;[38;5;146m[f6b00ff8]&amp#27;[0m&amp#27;[38;5;86m[HTTP]&amp#27;[0m &amp#27;[37m-->&amp#27;[39m &amp#27;[37mGET&amp#27;[39m &amp#27;[37m/session/f6b00ff8-12fc-46ae-8b75-b3b6ee2ec931/orientation&amp#27;[39m {}
&amp#27;[38;5;146m[f6b00ff8]&amp#27;[0m&amp#27;[38;5;204m[AndroidUiautomator2Driver@8ede (f6b00ff8)]&amp#27;[0m Driver proxy active, passing request on via HTTP proxy
&amp#27;[38;5;146m[f6b00ff8]&amp#27;[0m&amp#27;[38;5;204m[AndroidUiautomator2Driver@8ede (f6b00ff8)]&amp#27;[0m Matched '/session/f6b00ff8-12fc-46ae-8b75-b3b6ee2ec931/orientation' to command name 'getOrientation'
&amp#27;[38;5;146m[f6b00ff8]&amp#27;[0m&amp#27;[38;5;204m[AndroidUiautomator2Driver@8ede (f6b00ff8)]&amp#27;[0m Proxying [GET /session/f6b00ff8-12fc-46ae-8b75-b3b6ee2ec931/orientation] to [GET http://127.0.0.1:8200/session/2dd13505-acb5-41d0-890f-14c65ee5d543/orientation] with no body
&amp#27;[38;5;146m[f6b00ff8]&amp#27;[0m&amp#27;[38;5;204m[AndroidUiautomator2Driver@8ede (f6b00ff8)]&amp#27;[0m Got response with status 200: {"sessionId":"2dd13505-acb5-41d0-890f-14c65ee5d543","value":"PORTRAIT"}
&amp#27;[38;5;146m[f6b00ff8]&amp#27;[0m&amp#27;[38;5;204m[AndroidUiautomator2Driver@8ede (f6b00ff8)]&amp#27;[0m Replacing sessionId 2dd13505-acb5-41d0-890f-14c65ee5d543 with f6b00ff8-12fc-46ae-8b75-b3b6ee2ec931
&amp#27;[38;5;146m[f6b00ff8]&amp#27;[0m&amp#27;[38;5;86m[HTTP]&amp#27;[0m <-- GET /session/f6b00ff8-12fc-46ae-8b75-b3b6ee2ec931/orientation 200 26 ms - 71 
&amp#27;[38;5;146m[f6b00ff8]&amp#27;[0m&amp#27;[38;5;86m[HTTP]&amp#27;[0m &amp#27;[37m-->&amp#27;[39m &amp#27;[37mGET&amp#27;[39m &amp#27;[37m/session/f6b00ff8-12fc-46ae-8b75-b3b6ee2ec931/window/rect&amp#27;[39m {}
&amp#27;[38;5;146m[f6b00ff8]&amp#27;[0m&amp#27;[38;5;204m[AndroidUiautomator2Driver@8ede (f6b00ff8)]&amp#27;[0m Calling AppiumDriver.getWindowRect() with args: ["f6b00ff8-12fc-46ae-8b75-b3b6ee2ec931"]
&amp#27;[38;5;146m[f6b00ff8]&amp#27;[0m&amp#27;[38;5;204m[AndroidUiautomator2Driver@8ede (f6b00ff8)]&amp#27;[0m Matched '/window/current/size' to command name 'getWindowSize'
&amp#27;[38;5;146m[f6b00ff8]&amp#27;[0m&amp#27;[38;5;204m[AndroidUiautomator2Driver@8ede (f6b00ff8)]&amp#27;[0m Proxying [GET /window/current/size] to [GET http://127.0.0.1:8200/session/2dd13505-acb5-41d0-890f-14c65ee5d543/window/current/size] with no body
&amp#27;[38;5;146m[f6b00ff8]&amp#27;[0m&amp#27;[38;5;204m[AndroidUiautomator2Driver@8ede (f6b00ff8)]&amp#27;[0m Got response with status 200: {"sessionId":"2dd13505-acb5-41d0-890f-14c65ee5d543","value":{"height":2880,"width":1440}}
&amp#27;[38;5;146m[f6b00ff8]&amp#27;[0m&amp#27;[38;5;204m[AndroidUiautomator2Driver@8ede (f6b00ff8)]&amp#27;[0m Responding to client with driver.getWindowRect() result: {"width":1440,"height":2880,"x":0,"y":0}
&amp#27;[38;5;146m[f6b00ff8]&amp#27;[0m&amp#27;[38;5;86m[HTTP]&amp#27;[0m <-- GET /session/f6b00ff8-12fc-46ae-8b75-b3b6ee2ec931/window/rect 200 17 ms - 50 
&amp#27;[38;5;146m[f6b00ff8]&amp#27;[0m&amp#27;[38;5;86m[HTTP]&amp#27;[0m &amp#27;[37m-->&amp#27;[39m &amp#27;[37mGET&amp#27;[39m &amp#27;[37m/session/f6b00ff8-12fc-46ae-8b75-b3b6ee2ec931/appium/device/system_bars&amp#27;[39m {}
&amp#27;[38;5;146m[f6b00ff8]&amp#27;[0m&amp#27;[38;5;204m[AndroidUiautomator2Driver@8ede (f6b00ff8)]&amp#27;[0m Calling AppiumDriver.getSystemBars() with args: ["f6b00ff8-12fc-46ae-8b75-b3b6ee2ec931"]
&amp#27;[38;5;146m[f6b00ff8]&amp#27;[0m&amp#27;[38;5;229m[ADB]&amp#27;[0m Running '/users/oikhlas/Library/Android/sdk/platform-tools/adb -P 5037 -s emulator-5554 shell dumpsys window windows'
&amp#27;[38;5;146m[f6b00ff8]&amp#27;[0m&amp#27;[38;5;204m[AndroidUiautomator2Driver@8ede (f6b00ff8)]&amp#27;[0m Responding to client with driver.getSystemBars() result: {"navigationBar":{"visible":true,"x":0,"y":2712,"width":1440,"height":168},"statusBar":{"visible":true,"x":0,"y":0,"width":1440,"height":84}}
&amp#27;[38;5;146m[f6b00ff8]&amp#27;[0m&amp#27;[38;5;86m[HTTP]&amp#27;[0m <-- GET /session/f6b00ff8-12fc-46ae-8b75-b3b6ee2ec931/appium/device/system_bars 200 236 ms - 151 
&amp#27;[38;5;146m[f6b00ff8]&amp#27;[0m&amp#27;[38;5;86m[HTTP]&amp#27;[0m &amp#27;[37m-->&amp#27;[39m &amp#27;[37mGET&amp#27;[39m &amp#27;[37m/session/f6b00ff8-12fc-46ae-8b75-b3b6ee2ec931/context&amp#27;[39m {}
&amp#27;[38;5;146m[f6b00ff8]&amp#27;[0m&amp#27;[38;5;204m[AndroidUiautomator2Driver@8ede (f6b00ff8)]&amp#27;[0m Calling AppiumDriver.getCurrentContext() with args: ["f6b00ff8-12fc-46ae-8b75-b3b6ee2ec931"]
&amp#27;[38;5;146m[f6b00ff8]&amp#27;[0m&amp#27;[38;5;204m[AndroidUiautomator2Driver@8ede (f6b00ff8)]&amp#27;[0m Responding to client with driver.getCurrentContext() result: "NATIVE_APP"
&amp#27;[38;5;146m[f6b00ff8]&amp#27;[0m&amp#27;[38;5;86m[HTTP]&amp#27;[0m <-- GET /session/f6b00ff8-12fc-46ae-8b75-b3b6ee2ec931/context 200 1 ms - 22 
&amp#27;[38;5;146m[f6b00ff8]&amp#27;[0m&amp#27;[38;5;86m[HTTP]&amp#27;[0m &amp#27;[37m-->&amp#27;[39m &amp#27;[37mPOST&amp#27;[39m &amp#27;[37m/session/f6b00ff8-12fc-46ae-8b75-b3b6ee2ec931/element&amp#27;[39m {"value":"com.androidsample.generalstore:id/radioFemale","using":"id"}
&amp#27;[38;5;146m[f6b00ff8]&amp#27;[0m&amp#27;[38;5;204m[AndroidUiautomator2Driver@8ede (f6b00ff8)]&amp#27;[0m Calling AppiumDriver.findElement() with args: ["id","com.androidsample.generalstore:id/radioFemale","f6b00ff8-12fc-46ae-8b75-b3b6ee2ec931"]
&amp#27;[38;5;146m[f6b00ff8]&amp#27;[0m&amp#27;[38;5;204m[AndroidUiautomator2Driver@8ede (f6b00ff8)]&amp#27;[0m Valid locator strategies for this request: xpath, id, class name, accessibility id, css selector, -android uiautomator
&amp#27;[38;5;146m[f6b00ff8]&amp#27;[0m&amp#27;[38;5;204m[AndroidUiautomator2Driver@8ede (f6b00ff8)]&amp#27;[0m Waiting up to 20000 ms for condition
&amp#27;[38;5;146m[f6b00ff8]&amp#27;[0m&amp#27;[38;5;204m[AndroidUiautomator2Driver@8ede (f6b00ff8)]&amp#27;[0m Matched '/element' to command name 'findElement'
&amp#27;[38;5;146m[f6b00ff8]&amp#27;[0m&amp#27;[38;5;204m[AndroidUiautomator2Driver@8ede (f6b00ff8)]&amp#27;[0m Proxying [POST /element] to [POST http://127.0.0.1:8200/session/2dd13505-acb5-41d0-890f-14c65ee5d543/element] with body: {"strategy":"id","selector":"com.androidsample.generalstore:id/radioFemale","context":"","multiple":false}
&amp#27;[38;5;146m[f6b00ff8]&amp#27;[0m&amp#27;[38;5;204m[AndroidUiautomator2Driver@8ede (f6b00ff8)]&amp#27;[0m Got response with status 404: {"sessionId":"2dd13505-acb5-41d0-890f-14c65ee5d543","value":{"error":"no such element","message":"An element could not be located on the page using the given search parameters","stacktrace":"io.appium.uiautomator2.common.exceptions.ElementNotFoundException: An element could not be located on the page using the given search parameters\n\tat io.appium.uiautomator2.handler.FindElement.safeHandle(FindElement.java:63)\n\tat io.appium.uiautomator2.handler.request.SafeRequestHandler.handle(SafeRequestHandler.java:59)\n\tat io.appium.uiautomator2.server.AppiumServlet.handleRequest(AppiumServlet.java:277)\n\tat io.appium.uiautomator2.server.AppiumServlet.handleHttpRequest(AppiumServlet.java:271)\n\tat io.appium.uiautomator2.http.ServerHandler.channelRead(ServerHandler.java:77)\n\tat io.netty.channel.AbstractChannelHandlerContext.invokeChannelRead(AbstractChannelHandlerContext.java:366)\n\tat io.netty.channel.AbstractChannelHandlerContext.invokeChannelRead(AbstractChannelHandlerContext.java:352)\n\tat io.netty.chann...
&amp#27;[38;5;146m[f6b00ff8]&amp#27;[0m&amp#27;[38;5;123m[W3C]&amp#27;[0m Matched W3C error code 'no such element' to NoSuchElementError
&amp#27;[38;5;146m[f6b00ff8]&amp#27;[0m&amp#27;[38;5;204m[AndroidUiautomator2Driver@8ede (f6b00ff8)]&amp#27;[0m Waited for 63 ms so far
&amp#27;[38;5;146m[f6b00ff8]&amp#27;[0m&amp#27;[38;5;204m[AndroidUiautomator2Driver@8ede (f6b00ff8)]&amp#27;[0m Matched '/element' to command name 'findElement'
&amp#27;[38;5;146m[f6b00ff8]&amp#27;[0m&amp#27;[38;5;204m[AndroidUiautomator2Driver@8ede (f6b00ff8)]&amp#27;[0m Proxying [POST /element] to [POST http://127.0.0.1:8200/session/2dd13505-acb5-41d0-890f-14c65ee5d543/element] with body: {"strategy":"id","selector":"com.androidsample.generalstore:id/radioFemale","context":"","multiple":false}
&amp#27;[38;5;146m[f6b00ff8]&amp#27;[0m&amp#27;[38;5;204m[AndroidUiautomator2Driver@8ede (f6b00ff8)]&amp#27;[0m Got response with status 404: {"sessionId":"2dd13505-acb5-41d0-890f-14c65ee5d543","value":{"error":"no such element","message":"An element could not be located on the page using the given search parameters","stacktrace":"io.appium.uiautomator2.common.exceptions.ElementNotFoundException: An element could not be located on the page using the given search parameters\n\tat io.appium.uiautomator2.handler.FindElement.safeHandle(FindElement.java:63)\n\tat io.appium.uiautomator2.handler.request.SafeRequestHandler.handle(SafeRequestHandler.java:59)\n\tat io.appium.uiautomator2.server.AppiumServlet.handleRequest(AppiumServlet.java:277)\n\tat io.appium.uiautomator2.server.AppiumServlet.handleHttpRequest(AppiumServlet.java:271)\n\tat io.appium.uiautomator2.http.ServerHandler.channelRead(ServerHandler.java:77)\n\tat io.netty.channel.AbstractChannelHandlerContext.invokeChannelRead(AbstractChannelHandlerContext.java:366)\n\tat io.netty.channel.AbstractChannelHandlerContext.invokeChannelRead(AbstractChannelHandlerContext.java:352)\n\tat io.netty.chann...
&amp#27;[38;5;146m[f6b00ff8]&amp#27;[0m&amp#27;[38;5;123m[W3C]&amp#27;[0m Matched W3C error code 'no such element' to NoSuchElementError
&amp#27;[38;5;146m[f6b00ff8]&amp#27;[0m&amp#27;[38;5;204m[AndroidUiautomator2Driver@8ede (f6b00ff8)]&amp#27;[0m Waited for 602 ms so far
&amp#27;[38;5;146m[f6b00ff8]&amp#27;[0m&amp#27;[38;5;204m[AndroidUiautomator2Driver@8ede (f6b00ff8)]&amp#27;[0m Matched '/element' to command name 'findElement'
&amp#27;[38;5;146m[f6b00ff8]&amp#27;[0m&amp#27;[38;5;204m[AndroidUiautomator2Driver@8ede (f6b00ff8)]&amp#27;[0m Proxying [POST /element] to [POST http://127.0.0.1:8200/session/2dd13505-acb5-41d0-890f-14c65ee5d543/element] with body: {"strategy":"id","selector":"com.androidsample.generalstore:id/radioFemale","context":"","multiple":false}
&amp#27;[38;5;146m[f6b00ff8]&amp#27;[0m&amp#27;[38;5;204m[AndroidUiautomator2Driver@8ede (f6b00ff8)]&amp#27;[0m Got response with status 404: {"sessionId":"2dd13505-acb5-41d0-890f-14c65ee5d543","value":{"error":"no such element","message":"An element could not be located on the page using the given search parameters","stacktrace":"io.appium.uiautomator2.common.exceptions.ElementNotFoundException: An element could not be located on the page using the given search parameters\n\tat io.appium.uiautomator2.handler.FindElement.safeHandle(FindElement.java:63)\n\tat io.appium.uiautomator2.handler.request.SafeRequestHandler.handle(SafeRequestHandler.java:59)\n\tat io.appium.uiautomator2.server.AppiumServlet.handleRequest(AppiumServlet.java:277)\n\tat io.appium.uiautomator2.server.AppiumServlet.handleHttpRequest(AppiumServlet.java:271)\n\tat io.appium.uiautomator2.http.ServerHandler.channelRead(ServerHandler.java:77)\n\tat io.netty.channel.AbstractChannelHandlerContext.invokeChannelRead(AbstractChannelHandlerContext.java:366)\n\tat io.netty.channel.AbstractChannelHandlerContext.invokeChannelRead(AbstractChannelHandlerContext.java:352)\n\tat io.netty.chann...
&amp#27;[38;5;146m[f6b00ff8]&amp#27;[0m&amp#27;[38;5;123m[W3C]&amp#27;[0m Matched W3C error code 'no such element' to NoSuchElementError
&amp#27;[38;5;146m[f6b00ff8]&amp#27;[0m&amp#27;[38;5;204m[AndroidUiautomator2Driver@8ede (f6b00ff8)]&amp#27;[0m Waited for 1249 ms so far
&amp#27;[38;5;146m[f6b00ff8]&amp#27;[0m&amp#27;[38;5;204m[AndroidUiautomator2Driver@8ede (f6b00ff8)]&amp#27;[0m Matched '/element' to command name 'findElement'
&amp#27;[38;5;146m[f6b00ff8]&amp#27;[0m&amp#27;[38;5;204m[AndroidUiautomator2Driver@8ede (f6b00ff8)]&amp#27;[0m Proxying [POST /element] to [POST http://127.0.0.1:8200/session/2dd13505-acb5-41d0-890f-14c65ee5d543/element] with body: {"strategy":"id","selector":"com.androidsample.generalstore:id/radioFemale","context":"","multiple":false}
&amp#27;[38;5;146m[f6b00ff8]&amp#27;[0m&amp#27;[38;5;204m[AndroidUiautomator2Driver@8ede (f6b00ff8)]&amp#27;[0m Got response with status 404: {"sessionId":"2dd13505-acb5-41d0-890f-14c65ee5d543","value":{"error":"no such element","message":"An element could not be located on the page using the given search parameters","stacktrace":"io.appium.uiautomator2.common.exceptions.ElementNotFoundException: An element could not be located on the page using the given search parameters\n\tat io.appium.uiautomator2.handler.FindElement.safeHandle(FindElement.java:63)\n\tat io.appium.uiautomator2.handler.request.SafeRequestHandler.handle(SafeRequestHandler.java:59)\n\tat io.appium.uiautomator2.server.AppiumServlet.handleRequest(AppiumServlet.java:277)\n\tat io.appium.uiautomator2.server.AppiumServlet.handleHttpRequest(AppiumServlet.java:271)\n\tat io.appium.uiautomator2.http.ServerHandler.channelRead(ServerHandler.java:77)\n\tat io.netty.channel.AbstractChannelHandlerContext.invokeChannelRead(AbstractChannelHandlerContext.java:366)\n\tat io.netty.channel.AbstractChannelHandlerContext.invokeChannelRead(AbstractChannelHandlerContext.java:352)\n\tat io.netty.chann...
&amp#27;[38;5;146m[f6b00ff8]&amp#27;[0m&amp#27;[38;5;123m[W3C]&amp#27;[0m Matched W3C error code 'no such element' to NoSuchElementError
&amp#27;[38;5;146m[f6b00ff8]&amp#27;[0m&amp#27;[38;5;204m[AndroidUiautomator2Driver@8ede (f6b00ff8)]&amp#27;[0m Waited for 1788 ms so far
&amp#27;[38;5;146m[f6b00ff8]&amp#27;[0m&amp#27;[38;5;204m[AndroidUiautomator2Driver@8ede (f6b00ff8)]&amp#27;[0m Matched '/element' to command name 'findElement'
&amp#27;[38;5;146m[f6b00ff8]&amp#27;[0m&amp#27;[38;5;204m[AndroidUiautomator2Driver@8ede (f6b00ff8)]&amp#27;[0m Proxying [POST /element] to [POST http://127.0.0.1:8200/session/2dd13505-acb5-41d0-890f-14c65ee5d543/element] with body: {"strategy":"id","selector":"com.androidsample.generalstore:id/radioFemale","context":"","multiple":false}
&amp#27;[38;5;146m[f6b00ff8]&amp#27;[0m&amp#27;[38;5;204m[AndroidUiautomator2Driver@8ede (f6b00ff8)]&amp#27;[0m Got response with status 404: {"sessionId":"2dd13505-acb5-41d0-890f-14c65ee5d543","value":{"error":"no such element","message":"An element could not be located on the page using the given search parameters","stacktrace":"io.appium.uiautomator2.common.exceptions.ElementNotFoundException: An element could not be located on the page using the given search parameters\n\tat io.appium.uiautomator2.handler.FindElement.safeHandle(FindElement.java:63)\n\tat io.appium.uiautomator2.handler.request.SafeRequestHandler.handle(SafeRequestHandler.java:59)\n\tat io.appium.uiautomator2.server.AppiumServlet.handleRequest(AppiumServlet.java:277)\n\tat io.appium.uiautomator2.server.AppiumServlet.handleHttpRequest(AppiumServlet.java:271)\n\tat io.appium.uiautomator2.http.ServerHandler.channelRead(ServerHandler.java:77)\n\tat io.netty.channel.AbstractChannelHandlerContext.invokeChannelRead(AbstractChannelHandlerContext.java:366)\n\tat io.netty.channel.AbstractChannelHandlerContext.invokeChannelRead(AbstractChannelHandlerContext.java:352)\n\tat io.netty.chann...
&amp#27;[38;5;146m[f6b00ff8]&amp#27;[0m&amp#27;[38;5;123m[W3C]&amp#27;[0m Matched W3C error code 'no such element' to NoSuchElementError
&amp#27;[38;5;146m[f6b00ff8]&amp#27;[0m&amp#27;[38;5;204m[AndroidUiautomator2Driver@8ede (f6b00ff8)]&amp#27;[0m Waited for 2327 ms so far
&amp#27;[38;5;146m[f6b00ff8]&amp#27;[0m&amp#27;[38;5;204m[AndroidUiautomator2Driver@8ede (f6b00ff8)]&amp#27;[0m Matched '/element' to command name 'findElement'
&amp#27;[38;5;146m[f6b00ff8]&amp#27;[0m&amp#27;[38;5;204m[AndroidUiautomator2Driver@8ede (f6b00ff8)]&amp#27;[0m Proxying [POST /element] to [POST http://127.0.0.1:8200/session/2dd13505-acb5-41d0-890f-14c65ee5d543/element] with body: {"strategy":"id","selector":"com.androidsample.generalstore:id/radioFemale","context":"","multiple":false}
&amp#27;[38;5;146m[f6b00ff8]&amp#27;[0m&amp#27;[38;5;204m[AndroidUiautomator2Driver@8ede (f6b00ff8)]&amp#27;[0m Got response with status 404: {"sessionId":"2dd13505-acb5-41d0-890f-14c65ee5d543","value":{"error":"no such element","message":"An element could not be located on the page using the given search parameters","stacktrace":"io.appium.uiautomator2.common.exceptions.ElementNotFoundException: An element could not be located on the page using the given search parameters\n\tat io.appium.uiautomator2.handler.FindElement.safeHandle(FindElement.java:63)\n\tat io.appium.uiautomator2.handler.request.SafeRequestHandler.handle(SafeRequestHandler.java:59)\n\tat io.appium.uiautomator2.server.AppiumServlet.handleRequest(AppiumServlet.java:277)\n\tat io.appium.uiautomator2.server.AppiumServlet.handleHttpRequest(AppiumServlet.java:271)\n\tat io.appium.uiautomator2.http.ServerHandler.channelRead(ServerHandler.java:77)\n\tat io.netty.channel.AbstractChannelHandlerContext.invokeChannelRead(AbstractChannelHandlerContext.java:366)\n\tat io.netty.channel.AbstractChannelHandlerContext.invokeChannelRead(AbstractChannelHandlerContext.java:352)\n\tat io.netty.chann...
&amp#27;[38;5;146m[f6b00ff8]&amp#27;[0m&amp#27;[38;5;123m[W3C]&amp#27;[0m Matched W3C error code 'no such element' to NoSuchElementError
&amp#27;[38;5;146m[f6b00ff8]&amp#27;[0m&amp#27;[38;5;204m[AndroidUiautomator2Driver@8ede (f6b00ff8)]&amp#27;[0m Waited for 2868 ms so far
&amp#27;[38;5;146m[f6b00ff8]&amp#27;[0m&amp#27;[38;5;204m[AndroidUiautomator2Driver@8ede (f6b00ff8)]&amp#27;[0m Matched '/element' to command name 'findElement'
&amp#27;[38;5;146m[f6b00ff8]&amp#27;[0m&amp#27;[38;5;204m[AndroidUiautomator2Driver@8ede (f6b00ff8)]&amp#27;[0m Proxying [POST /element] to [POST http://127.0.0.1:8200/session/2dd13505-acb5-41d0-890f-14c65ee5d543/element] with body: {"strategy":"id","selector":"com.androidsample.generalstore:id/radioFemale","context":"","multiple":false}
&amp#27;[38;5;146m[f6b00ff8]&amp#27;[0m&amp#27;[38;5;204m[AndroidUiautomator2Driver@8ede (f6b00ff8)]&amp#27;[0m Got response with status 404: {"sessionId":"2dd13505-acb5-41d0-890f-14c65ee5d543","value":{"error":"no such element","message":"An element could not be located on the page using the given search parameters","stacktrace":"io.appium.uiautomator2.common.exceptions.ElementNotFoundException: An element could not be located on the page using the given search parameters\n\tat io.appium.uiautomator2.handler.FindElement.safeHandle(FindElement.java:63)\n\tat io.appium.uiautomator2.handler.request.SafeRequestHandler.handle(SafeRequestHandler.java:59)\n\tat io.appium.uiautomator2.server.AppiumServlet.handleRequest(AppiumServlet.java:277)\n\tat io.appium.uiautomator2.server.AppiumServlet.handleHttpRequest(AppiumServlet.java:271)\n\tat io.appium.uiautomator2.http.ServerHandler.channelRead(ServerHandler.java:77)\n\tat io.netty.channel.AbstractChannelHandlerContext.invokeChannelRead(AbstractChannelHandlerContext.java:366)\n\tat io.netty.channel.AbstractChannelHandlerContext.invokeChannelRead(AbstractChannelHandlerContext.java:352)\n\tat io.netty.chann...
&amp#27;[38;5;146m[f6b00ff8]&amp#27;[0m&amp#27;[38;5;123m[W3C]&amp#27;[0m Matched W3C error code 'no such element' to NoSuchElementError
&amp#27;[38;5;146m[f6b00ff8]&amp#27;[0m&amp#27;[38;5;204m[AndroidUiautomator2Driver@8ede (f6b00ff8)]&amp#27;[0m Waited for 3420 ms so far
&amp#27;[38;5;146m[f6b00ff8]&amp#27;[0m&amp#27;[38;5;204m[AndroidUiautomator2Driver@8ede (f6b00ff8)]&amp#27;[0m Matched '/element' to command name 'findElement'
&amp#27;[38;5;146m[f6b00ff8]&amp#27;[0m&amp#27;[38;5;204m[AndroidUiautomator2Driver@8ede (f6b00ff8)]&amp#27;[0m Proxying [POST /element] to [POST http://127.0.0.1:8200/session/2dd13505-acb5-41d0-890f-14c65ee5d543/element] with body: {"strategy":"id","selector":"com.androidsample.generalstore:id/radioFemale","context":"","multiple":false}
&amp#27;[38;5;146m[f6b00ff8]&amp#27;[0m&amp#27;[38;5;204m[AndroidUiautomator2Driver@8ede (f6b00ff8)]&amp#27;[0m Got response with status 404: {"sessionId":"2dd13505-acb5-41d0-890f-14c65ee5d543","value":{"error":"no such element","message":"An element could not be located on the page using the given search parameters","stacktrace":"io.appium.uiautomator2.common.exceptions.ElementNotFoundException: An element could not be located on the page using the given search parameters\n\tat io.appium.uiautomator2.handler.FindElement.safeHandle(FindElement.java:63)\n\tat io.appium.uiautomator2.handler.request.SafeRequestHandler.handle(SafeRequestHandler.java:59)\n\tat io.appium.uiautomator2.server.AppiumServlet.handleRequest(AppiumServlet.java:277)\n\tat io.appium.uiautomator2.server.AppiumServlet.handleHttpRequest(AppiumServlet.java:271)\n\tat io.appium.uiautomator2.http.ServerHandler.channelRead(ServerHandler.java:77)\n\tat io.netty.channel.AbstractChannelHandlerContext.invokeChannelRead(AbstractChannelHandlerContext.java:366)\n\tat io.netty.channel.AbstractChannelHandlerContext.invokeChannelRead(AbstractChannelHandlerContext.java:352)\n\tat io.netty.chann...
&amp#27;[38;5;146m[f6b00ff8]&amp#27;[0m&amp#27;[38;5;123m[W3C]&amp#27;[0m Matched W3C error code 'no such element' to NoSuchElementError
&amp#27;[38;5;146m[f6b00ff8]&amp#27;[0m&amp#27;[38;5;204m[AndroidUiautomator2Driver@8ede (f6b00ff8)]&amp#27;[0m Waited for 3958 ms so far
&amp#27;[38;5;146m[f6b00ff8]&amp#27;[0m&amp#27;[38;5;204m[AndroidUiautomator2Driver@8ede (f6b00ff8)]&amp#27;[0m Matched '/element' to command name 'findElement'
&amp#27;[38;5;146m[f6b00ff8]&amp#27;[0m&amp#27;[38;5;204m[AndroidUiautomator2Driver@8ede (f6b00ff8)]&amp#27;[0m Proxying [POST /element] to [POST http://127.0.0.1:8200/session/2dd13505-acb5-41d0-890f-14c65ee5d543/element] with body: {"strategy":"id","selector":"com.androidsample.generalstore:id/radioFemale","context":"","multiple":false}
&amp#27;[38;5;146m[f6b00ff8]&amp#27;[0m&amp#27;[38;5;204m[AndroidUiautomator2Driver@8ede (f6b00ff8)]&amp#27;[0m Got response with status 404: {"sessionId":"2dd13505-acb5-41d0-890f-14c65ee5d543","value":{"error":"no such element","message":"An element could not be located on the page using the given search parameters","stacktrace":"io.appium.uiautomator2.common.exceptions.ElementNotFoundException: An element could not be located on the page using the given search parameters\n\tat io.appium.uiautomator2.handler.FindElement.safeHandle(FindElement.java:63)\n\tat io.appium.uiautomator2.handler.request.SafeRequestHandler.handle(SafeRequestHandler.java:59)\n\tat io.appium.uiautomator2.server.AppiumServlet.handleRequest(AppiumServlet.java:277)\n\tat io.appium.uiautomator2.server.AppiumServlet.handleHttpRequest(AppiumServlet.java:271)\n\tat io.appium.uiautomator2.http.ServerHandler.channelRead(ServerHandler.java:77)\n\tat io.netty.channel.AbstractChannelHandlerContext.invokeChannelRead(AbstractChannelHandlerContext.java:366)\n\tat io.netty.channel.AbstractChannelHandlerContext.invokeChannelRead(AbstractChannelHandlerContext.java:352)\n\tat io.netty.chann...
&amp#27;[38;5;146m[f6b00ff8]&amp#27;[0m&amp#27;[38;5;123m[W3C]&amp#27;[0m Matched W3C error code 'no such element' to NoSuchElementError
&amp#27;[38;5;146m[f6b00ff8]&amp#27;[0m&amp#27;[38;5;204m[AndroidUiautomator2Driver@8ede (f6b00ff8)]&amp#27;[0m Waited for 4497 ms so far
&amp#27;[38;5;146m[f6b00ff8]&amp#27;[0m&amp#27;[38;5;204m[AndroidUiautomator2Driver@8ede (f6b00ff8)]&amp#27;[0m Matched '/element' to command name 'findElement'
&amp#27;[38;5;146m[f6b00ff8]&amp#27;[0m&amp#27;[38;5;204m[AndroidUiautomator2Driver@8ede (f6b00ff8)]&amp#27;[0m Proxying [POST /element] to [POST http://127.0.0.1:8200/session/2dd13505-acb5-41d0-890f-14c65ee5d543/element] with body: {"strategy":"id","selector":"com.androidsample.generalstore:id/radioFemale","context":"","multiple":false}
&amp#27;[38;5;146m[f6b00ff8]&amp#27;[0m&amp#27;[38;5;204m[AndroidUiautomator2Driver@8ede (f6b00ff8)]&amp#27;[0m Got response with status 404: {"sessionId":"2dd13505-acb5-41d0-890f-14c65ee5d543","value":{"error":"no such element","message":"An element could not be located on the page using the given search parameters","stacktrace":"io.appium.uiautomator2.common.exceptions.ElementNotFoundException: An element could not be located on the page using the given search parameters\n\tat io.appium.uiautomator2.handler.FindElement.safeHandle(FindElement.java:63)\n\tat io.appium.uiautomator2.handler.request.SafeRequestHandler.handle(SafeRequestHandler.java:59)\n\tat io.appium.uiautomator2.server.AppiumServlet.handleRequest(AppiumServlet.java:277)\n\tat io.appium.uiautomator2.server.AppiumServlet.handleHttpRequest(AppiumServlet.java:271)\n\tat io.appium.uiautomator2.http.ServerHandler.channelRead(ServerHandler.java:77)\n\tat io.netty.channel.AbstractChannelHandlerContext.invokeChannelRead(AbstractChannelHandlerContext.java:366)\n\tat io.netty.channel.AbstractChannelHandlerContext.invokeChannelRead(AbstractChannelHandlerContext.java:352)\n\tat io.netty.chann...
&amp#27;[38;5;146m[f6b00ff8]&amp#27;[0m&amp#27;[38;5;123m[W3C]&amp#27;[0m Matched W3C error code 'no such element' to NoSuchElementError
&amp#27;[38;5;146m[f6b00ff8]&amp#27;[0m&amp#27;[38;5;204m[AndroidUiautomator2Driver@8ede (f6b00ff8)]&amp#27;[0m Waited for 5035 ms so far
&amp#27;[38;5;146m[f6b00ff8]&amp#27;[0m&amp#27;[38;5;204m[AndroidUiautomator2Driver@8ede (f6b00ff8)]&amp#27;[0m Matched '/element' to command name 'findElement'
&amp#27;[38;5;146m[f6b00ff8]&amp#27;[0m&amp#27;[38;5;204m[AndroidUiautomator2Driver@8ede (f6b00ff8)]&amp#27;[0m Proxying [POST /element] to [POST http://127.0.0.1:8200/session/2dd13505-acb5-41d0-890f-14c65ee5d543/element] with body: {"strategy":"id","selector":"com.androidsample.generalstore:id/radioFemale","context":"","multiple":false}
&amp#27;[38;5;146m[f6b00ff8]&amp#27;[0m&amp#27;[38;5;204m[AndroidUiautomator2Driver@8ede (f6b00ff8)]&amp#27;[0m Got response with status 404: {"sessionId":"2dd13505-acb5-41d0-890f-14c65ee5d543","value":{"error":"no such element","message":"An element could not be located on the page using the given search parameters","stacktrace":"io.appium.uiautomator2.common.exceptions.ElementNotFoundException: An element could not be located on the page using the given search parameters\n\tat io.appium.uiautomator2.handler.FindElement.safeHandle(FindElement.java:63)\n\tat io.appium.uiautomator2.handler.request.SafeRequestHandler.handle(SafeRequestHandler.java:59)\n\tat io.appium.uiautomator2.server.AppiumServlet.handleRequest(AppiumServlet.java:277)\n\tat io.appium.uiautomator2.server.AppiumServlet.handleHttpRequest(AppiumServlet.java:271)\n\tat io.appium.uiautomator2.http.ServerHandler.channelRead(ServerHandler.java:77)\n\tat io.netty.channel.AbstractChannelHandlerContext.invokeChannelRead(AbstractChannelHandlerContext.java:366)\n\tat io.netty.channel.AbstractChannelHandlerContext.invokeChannelRead(AbstractChannelHandlerContext.java:352)\n\tat io.netty.chann...
&amp#27;[38;5;146m[f6b00ff8]&amp#27;[0m&amp#27;[38;5;123m[W3C]&amp#27;[0m Matched W3C error code 'no such element' to NoSuchElementError
&amp#27;[38;5;146m[f6b00ff8]&amp#27;[0m&amp#27;[38;5;204m[AndroidUiautomator2Driver@8ede (f6b00ff8)]&amp#27;[0m Waited for 5571 ms so far
&amp#27;[38;5;146m[f6b00ff8]&amp#27;[0m&amp#27;[38;5;204m[AndroidUiautomator2Driver@8ede (f6b00ff8)]&amp#27;[0m Matched '/element' to command name 'findElement'
&amp#27;[38;5;146m[f6b00ff8]&amp#27;[0m&amp#27;[38;5;204m[AndroidUiautomator2Driver@8ede (f6b00ff8)]&amp#27;[0m Proxying [POST /element] to [POST http://127.0.0.1:8200/session/2dd13505-acb5-41d0-890f-14c65ee5d543/element] with body: {"strategy":"id","selector":"com.androidsample.generalstore:id/radioFemale","context":"","multiple":false}
&amp#27;[38;5;146m[f6b00ff8]&amp#27;[0m&amp#27;[38;5;204m[AndroidUiautomator2Driver@8ede (f6b00ff8)]&amp#27;[0m Got response with status 404: {"sessionId":"2dd13505-acb5-41d0-890f-14c65ee5d543","value":{"error":"no such element","message":"An element could not be located on the page using the given search parameters","stacktrace":"io.appium.uiautomator2.common.exceptions.ElementNotFoundException: An element could not be located on the page using the given search parameters\n\tat io.appium.uiautomator2.handler.FindElement.safeHandle(FindElement.java:63)\n\tat io.appium.uiautomator2.handler.request.SafeRequestHandler.handle(SafeRequestHandler.java:59)\n\tat io.appium.uiautomator2.server.AppiumServlet.handleRequest(AppiumServlet.java:277)\n\tat io.appium.uiautomator2.server.AppiumServlet.handleHttpRequest(AppiumServlet.java:271)\n\tat io.appium.uiautomator2.http.ServerHandler.channelRead(ServerHandler.java:77)\n\tat io.netty.channel.AbstractChannelHandlerContext.invokeChannelRead(AbstractChannelHandlerContext.java:366)\n\tat io.netty.channel.AbstractChannelHandlerContext.invokeChannelRead(AbstractChannelHandlerContext.java:352)\n\tat io.netty.chann...
&amp#27;[38;5;146m[f6b00ff8]&amp#27;[0m&amp#27;[38;5;123m[W3C]&amp#27;[0m Matched W3C error code 'no such element' to NoSuchElementError
&amp#27;[38;5;146m[f6b00ff8]&amp#27;[0m&amp#27;[38;5;204m[AndroidUiautomator2Driver@8ede (f6b00ff8)]&amp#27;[0m Waited for 6107 ms so far
&amp#27;[38;5;146m[f6b00ff8]&amp#27;[0m&amp#27;[38;5;204m[AndroidUiautomator2Driver@8ede (f6b00ff8)]&amp#27;[0m Matched '/element' to command name 'findElement'
&amp#27;[38;5;146m[f6b00ff8]&amp#27;[0m&amp#27;[38;5;204m[AndroidUiautomator2Driver@8ede (f6b00ff8)]&amp#27;[0m Proxying [POST /element] to [POST http://127.0.0.1:8200/session/2dd13505-acb5-41d0-890f-14c65ee5d543/element] with body: {"strategy":"id","selector":"com.androidsample.generalstore:id/radioFemale","context":"","multiple":false}
&amp#27;[38;5;146m[f6b00ff8]&amp#27;[0m&amp#27;[38;5;204m[AndroidUiautomator2Driver@8ede (f6b00ff8)]&amp#27;[0m Got response with status 404: {"sessionId":"2dd13505-acb5-41d0-890f-14c65ee5d543","value":{"error":"no such element","message":"An element could not be located on the page using the given search parameters","stacktrace":"io.appium.uiautomator2.common.exceptions.ElementNotFoundException: An element could not be located on the page using the given search parameters\n\tat io.appium.uiautomator2.handler.FindElement.safeHandle(FindElement.java:63)\n\tat io.appium.uiautomator2.handler.request.SafeRequestHandler.handle(SafeRequestHandler.java:59)\n\tat io.appium.uiautomator2.server.AppiumServlet.handleRequest(AppiumServlet.java:277)\n\tat io.appium.uiautomator2.server.AppiumServlet.handleHttpRequest(AppiumServlet.java:271)\n\tat io.appium.uiautomator2.http.ServerHandler.channelRead(ServerHandler.java:77)\n\tat io.netty.channel.AbstractChannelHandlerContext.invokeChannelRead(AbstractChannelHandlerContext.java:366)\n\tat io.netty.channel.AbstractChannelHandlerContext.invokeChannelRead(AbstractChannelHandlerContext.java:352)\n\tat io.netty.chann...
&amp#27;[38;5;146m[f6b00ff8]&amp#27;[0m&amp#27;[38;5;123m[W3C]&amp#27;[0m Matched W3C error code 'no such element' to NoSuchElementError
&amp#27;[38;5;146m[f6b00ff8]&amp#27;[0m&amp#27;[38;5;204m[AndroidUiautomator2Driver@8ede (f6b00ff8)]&amp#27;[0m Waited for 6643 ms so far
&amp#27;[38;5;146m[f6b00ff8]&amp#27;[0m&amp#27;[38;5;204m[AndroidUiautomator2Driver@8ede (f6b00ff8)]&amp#27;[0m Matched '/element' to command name 'findElement'
&amp#27;[38;5;146m[f6b00ff8]&amp#27;[0m&amp#27;[38;5;204m[AndroidUiautomator2Driver@8ede (f6b00ff8)]&amp#27;[0m Proxying [POST /element] to [POST http://127.0.0.1:8200/session/2dd13505-acb5-41d0-890f-14c65ee5d543/element] with body: {"strategy":"id","selector":"com.androidsample.generalstore:id/radioFemale","context":"","multiple":false}
&amp#27;[38;5;146m[f6b00ff8]&amp#27;[0m&amp#27;[38;5;204m[AndroidUiautomator2Driver@8ede (f6b00ff8)]&amp#27;[0m Got response with status 404: {"sessionId":"2dd13505-acb5-41d0-890f-14c65ee5d543","value":{"error":"no such element","message":"An element could not be located on the page using the given search parameters","stacktrace":"io.appium.uiautomator2.common.exceptions.ElementNotFoundException: An element could not be located on the page using the given search parameters\n\tat io.appium.uiautomator2.handler.FindElement.safeHandle(FindElement.java:63)\n\tat io.appium.uiautomator2.handler.request.SafeRequestHandler.handle(SafeRequestHandler.java:59)\n\tat io.appium.uiautomator2.server.AppiumServlet.handleRequest(AppiumServlet.java:277)\n\tat io.appium.uiautomator2.server.AppiumServlet.handleHttpRequest(AppiumServlet.java:271)\n\tat io.appium.uiautomator2.http.ServerHandler.channelRead(ServerHandler.java:77)\n\tat io.netty.channel.AbstractChannelHandlerContext.invokeChannelRead(AbstractChannelHandlerContext.java:366)\n\tat io.netty.channel.AbstractChannelHandlerContext.invokeChannelRead(AbstractChannelHandlerContext.java:352)\n\tat io.netty.chann...
&amp#27;[38;5;146m[f6b00ff8]&amp#27;[0m&amp#27;[38;5;123m[W3C]&amp#27;[0m Matched W3C error code 'no such element' to NoSuchElementError
&amp#27;[38;5;146m[f6b00ff8]&amp#27;[0m&amp#27;[38;5;204m[AndroidUiautomator2Driver@8ede (f6b00ff8)]&amp#27;[0m Waited for 7174 ms so far
&amp#27;[38;5;146m[f6b00ff8]&amp#27;[0m&amp#27;[38;5;204m[AndroidUiautomator2Driver@8ede (f6b00ff8)]&amp#27;[0m Matched '/element' to command name 'findElement'
&amp#27;[38;5;146m[f6b00ff8]&amp#27;[0m&amp#27;[38;5;204m[AndroidUiautomator2Driver@8ede (f6b00ff8)]&amp#27;[0m Proxying [POST /element] to [POST http://127.0.0.1:8200/session/2dd13505-acb5-41d0-890f-14c65ee5d543/element] with body: {"strategy":"id","selector":"com.androidsample.generalstore:id/radioFemale","context":"","multiple":false}
&amp#27;[38;5;146m[f6b00ff8]&amp#27;[0m&amp#27;[38;5;204m[AndroidUiautomator2Driver@8ede (f6b00ff8)]&amp#27;[0m Got response with status 404: {"sessionId":"2dd13505-acb5-41d0-890f-14c65ee5d543","value":{"error":"no such element","message":"An element could not be located on the page using the given search parameters","stacktrace":"io.appium.uiautomator2.common.exceptions.ElementNotFoundException: An element could not be located on the page using the given search parameters\n\tat io.appium.uiautomator2.handler.FindElement.safeHandle(FindElement.java:63)\n\tat io.appium.uiautomator2.handler.request.SafeRequestHandler.handle(SafeRequestHandler.java:59)\n\tat io.appium.uiautomator2.server.AppiumServlet.handleRequest(AppiumServlet.java:277)\n\tat io.appium.uiautomator2.server.AppiumServlet.handleHttpRequest(AppiumServlet.java:271)\n\tat io.appium.uiautomator2.http.ServerHandler.channelRead(ServerHandler.java:77)\n\tat io.netty.channel.AbstractChannelHandlerContext.invokeChannelRead(AbstractChannelHandlerContext.java:366)\n\tat io.netty.channel.AbstractChannelHandlerContext.invokeChannelRead(AbstractChannelHandlerContext.java:352)\n\tat io.netty.chann...
&amp#27;[38;5;146m[f6b00ff8]&amp#27;[0m&amp#27;[38;5;123m[W3C]&amp#27;[0m Matched W3C error code 'no such element' to NoSuchElementError
&amp#27;[38;5;146m[f6b00ff8]&amp#27;[0m&amp#27;[38;5;204m[AndroidUiautomator2Driver@8ede (f6b00ff8)]&amp#27;[0m Waited for 7716 ms so far
&amp#27;[38;5;146m[f6b00ff8]&amp#27;[0m&amp#27;[38;5;204m[AndroidUiautomator2Driver@8ede (f6b00ff8)]&amp#27;[0m Matched '/element' to command name 'findElement'
&amp#27;[38;5;146m[f6b00ff8]&amp#27;[0m&amp#27;[38;5;204m[AndroidUiautomator2Driver@8ede (f6b00ff8)]&amp#27;[0m Proxying [POST /element] to [POST http://127.0.0.1:8200/session/2dd13505-acb5-41d0-890f-14c65ee5d543/element] with body: {"strategy":"id","selector":"com.androidsample.generalstore:id/radioFemale","context":"","multiple":false}
&amp#27;[38;5;146m[f6b00ff8]&amp#27;[0m&amp#27;[38;5;204m[AndroidUiautomator2Driver@8ede (f6b00ff8)]&amp#27;[0m Got response with status 404: {"sessionId":"2dd13505-acb5-41d0-890f-14c65ee5d543","value":{"error":"no such element","message":"An element could not be located on the page using the given search parameters","stacktrace":"io.appium.uiautomator2.common.exceptions.ElementNotFoundException: An element could not be located on the page using the given search parameters\n\tat io.appium.uiautomator2.handler.FindElement.safeHandle(FindElement.java:63)\n\tat io.appium.uiautomator2.handler.request.SafeRequestHandler.handle(SafeRequestHandler.java:59)\n\tat io.appium.uiautomator2.server.AppiumServlet.handleRequest(AppiumServlet.java:277)\n\tat io.appium.uiautomator2.server.AppiumServlet.handleHttpRequest(AppiumServlet.java:271)\n\tat io.appium.uiautomator2.http.ServerHandler.channelRead(ServerHandler.java:77)\n\tat io.netty.channel.AbstractChannelHandlerContext.invokeChannelRead(AbstractChannelHandlerContext.java:366)\n\tat io.netty.channel.AbstractChannelHandlerContext.invokeChannelRead(AbstractChannelHandlerContext.java:352)\n\tat io.netty.chann...
&amp#27;[38;5;146m[f6b00ff8]&amp#27;[0m&amp#27;[38;5;123m[W3C]&amp#27;[0m Matched W3C error code 'no such element' to NoSuchElementError
&amp#27;[38;5;146m[f6b00ff8]&amp#27;[0m&amp#27;[38;5;204m[AndroidUiautomator2Driver@8ede (f6b00ff8)]&amp#27;[0m Waited for 8252 ms so far
&amp#27;[38;5;146m[f6b00ff8]&amp#27;[0m&amp#27;[38;5;204m[AndroidUiautomator2Driver@8ede (f6b00ff8)]&amp#27;[0m Matched '/element' to command name 'findElement'
&amp#27;[38;5;146m[f6b00ff8]&amp#27;[0m&amp#27;[38;5;204m[AndroidUiautomator2Driver@8ede (f6b00ff8)]&amp#27;[0m Proxying [POST /element] to [POST http://127.0.0.1:8200/session/2dd13505-acb5-41d0-890f-14c65ee5d543/element] with body: {"strategy":"id","selector":"com.androidsample.generalstore:id/radioFemale","context":"","multiple":false}
&amp#27;[38;5;146m[f6b00ff8]&amp#27;[0m&amp#27;[38;5;204m[AndroidUiautomator2Driver@8ede (f6b00ff8)]&amp#27;[0m Got response with status 404: {"sessionId":"2dd13505-acb5-41d0-890f-14c65ee5d543","value":{"error":"no such element","message":"An element could not be located on the page using the given search parameters","stacktrace":"io.appium.uiautomator2.common.exceptions.ElementNotFoundException: An element could not be located on the page using the given search parameters\n\tat io.appium.uiautomator2.handler.FindElement.safeHandle(FindElement.java:63)\n\tat io.appium.uiautomator2.handler.request.SafeRequestHandler.handle(SafeRequestHandler.java:59)\n\tat io.appium.uiautomator2.server.AppiumServlet.handleRequest(AppiumServlet.java:277)\n\tat io.appium.uiautomator2.server.AppiumServlet.handleHttpRequest(AppiumServlet.java:271)\n\tat io.appium.uiautomator2.http.ServerHandler.channelRead(ServerHandler.java:77)\n\tat io.netty.channel.AbstractChannelHandlerContext.invokeChannelRead(AbstractChannelHandlerContext.java:366)\n\tat io.netty.channel.AbstractChannelHandlerContext.invokeChannelRead(AbstractChannelHandlerContext.java:352)\n\tat io.netty.chann...
&amp#27;[38;5;146m[f6b00ff8]&amp#27;[0m&amp#27;[38;5;123m[W3C]&amp#27;[0m Matched W3C error code 'no such element' to NoSuchElementError
&amp#27;[38;5;146m[f6b00ff8]&amp#27;[0m&amp#27;[38;5;204m[AndroidUiautomator2Driver@8ede (f6b00ff8)]&amp#27;[0m Waited for 8803 ms so far
&amp#27;[38;5;146m[f6b00ff8]&amp#27;[0m&amp#27;[38;5;204m[AndroidUiautomator2Driver@8ede (f6b00ff8)]&amp#27;[0m Matched '/element' to command name 'findElement'
&amp#27;[38;5;146m[f6b00ff8]&amp#27;[0m&amp#27;[38;5;204m[AndroidUiautomator2Driver@8ede (f6b00ff8)]&amp#27;[0m Proxying [POST /element] to [POST http://127.0.0.1:8200/session/2dd13505-acb5-41d0-890f-14c65ee5d543/element] with body: {"strategy":"id","selector":"com.androidsample.generalstore:id/radioFemale","context":"","multiple":false}
&amp#27;[38;5;146m[f6b00ff8]&amp#27;[0m&amp#27;[38;5;204m[AndroidUiautomator2Driver@8ede (f6b00ff8)]&amp#27;[0m Got response with status 404: {"sessionId":"2dd13505-acb5-41d0-890f-14c65ee5d543","value":{"error":"no such element","message":"An element could not be located on the page using the given search parameters","stacktrace":"io.appium.uiautomator2.common.exceptions.ElementNotFoundException: An element could not be located on the page using the given search parameters\n\tat io.appium.uiautomator2.handler.FindElement.safeHandle(FindElement.java:63)\n\tat io.appium.uiautomator2.handler.request.SafeRequestHandler.handle(SafeRequestHandler.java:59)\n\tat io.appium.uiautomator2.server.AppiumServlet.handleRequest(AppiumServlet.java:277)\n\tat io.appium.uiautomator2.server.AppiumServlet.handleHttpRequest(AppiumServlet.java:271)\n\tat io.appium.uiautomator2.http.ServerHandler.channelRead(ServerHandler.java:77)\n\tat io.netty.channel.AbstractChannelHandlerContext.invokeChannelRead(AbstractChannelHandlerContext.java:366)\n\tat io.netty.channel.AbstractChannelHandlerContext.invokeChannelRead(AbstractChannelHandlerContext.java:352)\n\tat io.netty.chann...
&amp#27;[38;5;146m[f6b00ff8]&amp#27;[0m&amp#27;[38;5;123m[W3C]&amp#27;[0m Matched W3C error code 'no such element' to NoSuchElementError
&amp#27;[38;5;146m[f6b00ff8]&amp#27;[0m&amp#27;[38;5;204m[AndroidUiautomator2Driver@8ede (f6b00ff8)]&amp#27;[0m Waited for 9341 ms so far
&amp#27;[38;5;146m[f6b00ff8]&amp#27;[0m&amp#27;[38;5;204m[AndroidUiautomator2Driver@8ede (f6b00ff8)]&amp#27;[0m Matched '/element' to command name 'findElement'
&amp#27;[38;5;146m[f6b00ff8]&amp#27;[0m&amp#27;[38;5;204m[AndroidUiautomator2Driver@8ede (f6b00ff8)]&amp#27;[0m Proxying [POST /element] to [POST http://127.0.0.1:8200/session/2dd13505-acb5-41d0-890f-14c65ee5d543/element] with body: {"strategy":"id","selector":"com.androidsample.generalstore:id/radioFemale","context":"","multiple":false}
&amp#27;[38;5;146m[f6b00ff8]&amp#27;[0m&amp#27;[38;5;204m[AndroidUiautomator2Driver@8ede (f6b00ff8)]&amp#27;[0m Got response with status 404: {"sessionId":"2dd13505-acb5-41d0-890f-14c65ee5d543","value":{"error":"no such element","message":"An element could not be located on the page using the given search parameters","stacktrace":"io.appium.uiautomator2.common.exceptions.ElementNotFoundException: An element could not be located on the page using the given search parameters\n\tat io.appium.uiautomator2.handler.FindElement.safeHandle(FindElement.java:63)\n\tat io.appium.uiautomator2.handler.request.SafeRequestHandler.handle(SafeRequestHandler.java:59)\n\tat io.appium.uiautomator2.server.AppiumServlet.handleRequest(AppiumServlet.java:277)\n\tat io.appium.uiautomator2.server.AppiumServlet.handleHttpRequest(AppiumServlet.java:271)\n\tat io.appium.uiautomator2.http.ServerHandler.channelRead(ServerHandler.java:77)\n\tat io.netty.channel.AbstractChannelHandlerContext.invokeChannelRead(AbstractChannelHandlerContext.java:366)\n\tat io.netty.channel.AbstractChannelHandlerContext.invokeChannelRead(AbstractChannelHandlerContext.java:352)\n\tat io.netty.chann...
&amp#27;[38;5;146m[f6b00ff8]&amp#27;[0m&amp#27;[38;5;123m[W3C]&amp#27;[0m Matched W3C error code 'no such element' to NoSuchElementError
&amp#27;[38;5;146m[f6b00ff8]&amp#27;[0m&amp#27;[38;5;204m[AndroidUiautomator2Driver@8ede (f6b00ff8)]&amp#27;[0m Waited for 9874 ms so far
&amp#27;[38;5;146m[f6b00ff8]&amp#27;[0m&amp#27;[38;5;204m[AndroidUiautomator2Driver@8ede (f6b00ff8)]&amp#27;[0m Matched '/element' to command name 'findElement'
&amp#27;[38;5;146m[f6b00ff8]&amp#27;[0m&amp#27;[38;5;204m[AndroidUiautomator2Driver@8ede (f6b00ff8)]&amp#27;[0m Proxying [POST /element] to [POST http://127.0.0.1:8200/session/2dd13505-acb5-41d0-890f-14c65ee5d543/element] with body: {"strategy":"id","selector":"com.androidsample.generalstore:id/radioFemale","context":"","multiple":false}
&amp#27;[38;5;146m[f6b00ff8]&amp#27;[0m&amp#27;[38;5;204m[AndroidUiautomator2Driver@8ede (f6b00ff8)]&amp#27;[0m Got response with status 404: {"sessionId":"2dd13505-acb5-41d0-890f-14c65ee5d543","value":{"error":"no such element","message":"An element could not be located on the page using the given search parameters","stacktrace":"io.appium.uiautomator2.common.exceptions.ElementNotFoundException: An element could not be located on the page using the given search parameters\n\tat io.appium.uiautomator2.handler.FindElement.safeHandle(FindElement.java:63)\n\tat io.appium.uiautomator2.handler.request.SafeRequestHandler.handle(SafeRequestHandler.java:59)\n\tat io.appium.uiautomator2.server.AppiumServlet.handleRequest(AppiumServlet.java:277)\n\tat io.appium.uiautomator2.server.AppiumServlet.handleHttpRequest(AppiumServlet.java:271)\n\tat io.appium.uiautomator2.http.ServerHandler.channelRead(ServerHandler.java:77)\n\tat io.netty.channel.AbstractChannelHandlerContext.invokeChannelRead(AbstractChannelHandlerContext.java:366)\n\tat io.netty.channel.AbstractChannelHandlerContext.invokeChannelRead(AbstractChannelHandlerContext.java:352)\n\tat io.netty.chann...
&amp#27;[38;5;146m[f6b00ff8]&amp#27;[0m&amp#27;[38;5;123m[W3C]&amp#27;[0m Matched W3C error code 'no such element' to NoSuchElementError
&amp#27;[38;5;146m[f6b00ff8]&amp#27;[0m&amp#27;[38;5;204m[AndroidUiautomator2Driver@8ede (f6b00ff8)]&amp#27;[0m Waited for 10410 ms so far
&amp#27;[38;5;146m[f6b00ff8]&amp#27;[0m&amp#27;[38;5;204m[AndroidUiautomator2Driver@8ede (f6b00ff8)]&amp#27;[0m Matched '/element' to command name 'findElement'
&amp#27;[38;5;146m[f6b00ff8]&amp#27;[0m&amp#27;[38;5;204m[AndroidUiautomator2Driver@8ede (f6b00ff8)]&amp#27;[0m Proxying [POST /element] to [POST http://127.0.0.1:8200/session/2dd13505-acb5-41d0-890f-14c65ee5d543/element] with body: {"strategy":"id","selector":"com.androidsample.generalstore:id/radioFemale","context":"","multiple":false}
&amp#27;[38;5;146m[f6b00ff8]&amp#27;[0m&amp#27;[38;5;204m[AndroidUiautomator2Driver@8ede (f6b00ff8)]&amp#27;[0m Got response with status 404: {"sessionId":"2dd13505-acb5-41d0-890f-14c65ee5d543","value":{"error":"no such element","message":"An element could not be located on the page using the given search parameters","stacktrace":"io.appium.uiautomator2.common.exceptions.ElementNotFoundException: An element could not be located on the page using the given search parameters\n\tat io.appium.uiautomator2.handler.FindElement.safeHandle(FindElement.java:63)\n\tat io.appium.uiautomator2.handler.request.SafeRequestHandler.handle(SafeRequestHandler.java:59)\n\tat io.appium.uiautomator2.server.AppiumServlet.handleRequest(AppiumServlet.java:277)\n\tat io.appium.uiautomator2.server.AppiumServlet.handleHttpRequest(AppiumServlet.java:271)\n\tat io.appium.uiautomator2.http.ServerHandler.channelRead(ServerHandler.java:77)\n\tat io.netty.channel.AbstractChannelHandlerContext.invokeChannelRead(AbstractChannelHandlerContext.java:366)\n\tat io.netty.channel.AbstractChannelHandlerContext.invokeChannelRead(AbstractChannelHandlerContext.java:352)\n\tat io.netty.chann...
&amp#27;[38;5;146m[f6b00ff8]&amp#27;[0m&amp#27;[38;5;123m[W3C]&amp#27;[0m Matched W3C error code 'no such element' to NoSuchElementError
&amp#27;[38;5;146m[f6b00ff8]&amp#27;[0m&amp#27;[38;5;204m[AndroidUiautomator2Driver@8ede (f6b00ff8)]&amp#27;[0m Waited for 10943 ms so far
&amp#27;[38;5;146m[f6b00ff8]&amp#27;[0m&amp#27;[38;5;204m[AndroidUiautomator2Driver@8ede (f6b00ff8)]&amp#27;[0m Matched '/element' to command name 'findElement'
&amp#27;[38;5;146m[f6b00ff8]&amp#27;[0m&amp#27;[38;5;204m[AndroidUiautomator2Driver@8ede (f6b00ff8)]&amp#27;[0m Proxying [POST /element] to [POST http://127.0.0.1:8200/session/2dd13505-acb5-41d0-890f-14c65ee5d543/element] with body: {"strategy":"id","selector":"com.androidsample.generalstore:id/radioFemale","context":"","multiple":false}
&amp#27;[38;5;146m[f6b00ff8]&amp#27;[0m&amp#27;[38;5;204m[AndroidUiautomator2Driver@8ede (f6b00ff8)]&amp#27;[0m Got response with status 404: {"sessionId":"2dd13505-acb5-41d0-890f-14c65ee5d543","value":{"error":"no such element","message":"An element could not be located on the page using the given search parameters","stacktrace":"io.appium.uiautomator2.common.exceptions.ElementNotFoundException: An element could not be located on the page using the given search parameters\n\tat io.appium.uiautomator2.handler.FindElement.safeHandle(FindElement.java:63)\n\tat io.appium.uiautomator2.handler.request.SafeRequestHandler.handle(SafeRequestHandler.java:59)\n\tat io.appium.uiautomator2.server.AppiumServlet.handleRequest(AppiumServlet.java:277)\n\tat io.appium.uiautomator2.server.AppiumServlet.handleHttpRequest(AppiumServlet.java:271)\n\tat io.appium.uiautomator2.http.ServerHandler.channelRead(ServerHandler.java:77)\n\tat io.netty.channel.AbstractChannelHandlerContext.invokeChannelRead(AbstractChannelHandlerContext.java:366)\n\tat io.netty.channel.AbstractChannelHandlerContext.invokeChannelRead(AbstractChannelHandlerContext.java:352)\n\tat io.netty.chann...
&amp#27;[38;5;146m[f6b00ff8]&amp#27;[0m&amp#27;[38;5;123m[W3C]&amp#27;[0m Matched W3C error code 'no such element' to NoSuchElementError
&amp#27;[38;5;146m[f6b00ff8]&amp#27;[0m&amp#27;[38;5;204m[AndroidUiautomator2Driver@8ede (f6b00ff8)]&amp#27;[0m Waited for 11477 ms so far
&amp#27;[38;5;146m[f6b00ff8]&amp#27;[0m&amp#27;[38;5;204m[AndroidUiautomator2Driver@8ede (f6b00ff8)]&amp#27;[0m Matched '/element' to command name 'findElement'
&amp#27;[38;5;146m[f6b00ff8]&amp#27;[0m&amp#27;[38;5;204m[AndroidUiautomator2Driver@8ede (f6b00ff8)]&amp#27;[0m Proxying [POST /element] to [POST http://127.0.0.1:8200/session/2dd13505-acb5-41d0-890f-14c65ee5d543/element] with body: {"strategy":"id","selector":"com.androidsample.generalstore:id/radioFemale","context":"","multiple":false}
&amp#27;[38;5;146m[f6b00ff8]&amp#27;[0m&amp#27;[38;5;204m[AndroidUiautomator2Driver@8ede (f6b00ff8)]&amp#27;[0m Got response with status 404: {"sessionId":"2dd13505-acb5-41d0-890f-14c65ee5d543","value":{"error":"no such element","message":"An element could not be located on the page using the given search parameters","stacktrace":"io.appium.uiautomator2.common.exceptions.ElementNotFoundException: An element could not be located on the page using the given search parameters\n\tat io.appium.uiautomator2.handler.FindElement.safeHandle(FindElement.java:63)\n\tat io.appium.uiautomator2.handler.request.SafeRequestHandler.handle(SafeRequestHandler.java:59)\n\tat io.appium.uiautomator2.server.AppiumServlet.handleRequest(AppiumServlet.java:277)\n\tat io.appium.uiautomator2.server.AppiumServlet.handleHttpRequest(AppiumServlet.java:271)\n\tat io.appium.uiautomator2.http.ServerHandler.channelRead(ServerHandler.java:77)\n\tat io.netty.channel.AbstractChannelHandlerContext.invokeChannelRead(AbstractChannelHandlerContext.java:366)\n\tat io.netty.channel.AbstractChannelHandlerContext.invokeChannelRead(AbstractChannelHandlerContext.java:352)\n\tat io.netty.chann...
&amp#27;[38;5;146m[f6b00ff8]&amp#27;[0m&amp#27;[38;5;123m[W3C]&amp#27;[0m Matched W3C error code 'no such element' to NoSuchElementError
&amp#27;[38;5;146m[f6b00ff8]&amp#27;[0m&amp#27;[38;5;204m[AndroidUiautomator2Driver@8ede (f6b00ff8)]&amp#27;[0m Waited for 12013 ms so far
&amp#27;[38;5;146m[f6b00ff8]&amp#27;[0m&amp#27;[38;5;204m[AndroidUiautomator2Driver@8ede (f6b00ff8)]&amp#27;[0m Matched '/element' to command name 'findElement'
&amp#27;[38;5;146m[f6b00ff8]&amp#27;[0m&amp#27;[38;5;204m[AndroidUiautomator2Driver@8ede (f6b00ff8)]&amp#27;[0m Proxying [POST /element] to [POST http://127.0.0.1:8200/session/2dd13505-acb5-41d0-890f-14c65ee5d543/element] with body: {"strategy":"id","selector":"com.androidsample.generalstore:id/radioFemale","context":"","multiple":false}
&amp#27;[38;5;146m[f6b00ff8]&amp#27;[0m&amp#27;[38;5;204m[AndroidUiautomator2Driver@8ede (f6b00ff8)]&amp#27;[0m Got response with status 404: {"sessionId":"2dd13505-acb5-41d0-890f-14c65ee5d543","value":{"error":"no such element","message":"An element could not be located on the page using the given search parameters","stacktrace":"io.appium.uiautomator2.common.exceptions.ElementNotFoundException: An element could not be located on the page using the given search parameters\n\tat io.appium.uiautomator2.handler.FindElement.safeHandle(FindElement.java:63)\n\tat io.appium.uiautomator2.handler.request.SafeRequestHandler.handle(SafeRequestHandler.java:59)\n\tat io.appium.uiautomator2.server.AppiumServlet.handleRequest(AppiumServlet.java:277)\n\tat io.appium.uiautomator2.server.AppiumServlet.handleHttpRequest(AppiumServlet.java:271)\n\tat io.appium.uiautomator2.http.ServerHandler.channelRead(ServerHandler.java:77)\n\tat io.netty.channel.AbstractChannelHandlerContext.invokeChannelRead(AbstractChannelHandlerContext.java:366)\n\tat io.netty.channel.AbstractChannelHandlerContext.invokeChannelRead(AbstractChannelHandlerContext.java:352)\n\tat io.netty.chann...
&amp#27;[38;5;146m[f6b00ff8]&amp#27;[0m&amp#27;[38;5;123m[W3C]&amp#27;[0m Matched W3C error code 'no such element' to NoSuchElementError
&amp#27;[38;5;146m[f6b00ff8]&amp#27;[0m&amp#27;[38;5;204m[AndroidUiautomator2Driver@8ede (f6b00ff8)]&amp#27;[0m Waited for 12553 ms so far
&amp#27;[38;5;146m[f6b00ff8]&amp#27;[0m&amp#27;[38;5;204m[AndroidUiautomator2Driver@8ede (f6b00ff8)]&amp#27;[0m Matched '/element' to command name 'findElement'
&amp#27;[38;5;146m[f6b00ff8]&amp#27;[0m&amp#27;[38;5;204m[AndroidUiautomator2Driver@8ede (f6b00ff8)]&amp#27;[0m Proxying [POST /element] to [POST http://127.0.0.1:8200/session/2dd13505-acb5-41d0-890f-14c65ee5d543/element] with body: {"strategy":"id","selector":"com.androidsample.generalstore:id/radioFemale","context":"","multiple":false}
&amp#27;[38;5;146m[f6b00ff8]&amp#27;[0m&amp#27;[38;5;204m[AndroidUiautomator2Driver@8ede (f6b00ff8)]&amp#27;[0m Got response with status 404: {"sessionId":"2dd13505-acb5-41d0-890f-14c65ee5d543","value":{"error":"no such element","message":"An element could not be located on the page using the given search parameters","stacktrace":"io.appium.uiautomator2.common.exceptions.ElementNotFoundException: An element could not be located on the page using the given search parameters\n\tat io.appium.uiautomator2.handler.FindElement.safeHandle(FindElement.java:63)\n\tat io.appium.uiautomator2.handler.request.SafeRequestHandler.handle(SafeRequestHandler.java:59)\n\tat io.appium.uiautomator2.server.AppiumServlet.handleRequest(AppiumServlet.java:277)\n\tat io.appium.uiautomator2.server.AppiumServlet.handleHttpRequest(AppiumServlet.java:271)\n\tat io.appium.uiautomator2.http.ServerHandler.channelRead(ServerHandler.java:77)\n\tat io.netty.channel.AbstractChannelHandlerContext.invokeChannelRead(AbstractChannelHandlerContext.java:366)\n\tat io.netty.channel.AbstractChannelHandlerContext.invokeChannelRead(AbstractChannelHandlerContext.java:352)\n\tat io.netty.chann...
&amp#27;[38;5;146m[f6b00ff8]&amp#27;[0m&amp#27;[38;5;123m[W3C]&amp#27;[0m Matched W3C error code 'no such element' to NoSuchElementError
&amp#27;[38;5;146m[f6b00ff8]&amp#27;[0m&amp#27;[38;5;204m[AndroidUiautomator2Driver@8ede (f6b00ff8)]&amp#27;[0m Waited for 13091 ms so far
&amp#27;[38;5;146m[f6b00ff8]&amp#27;[0m&amp#27;[38;5;204m[AndroidUiautomator2Driver@8ede (f6b00ff8)]&amp#27;[0m Matched '/element' to command name 'findElement'
&amp#27;[38;5;146m[f6b00ff8]&amp#27;[0m&amp#27;[38;5;204m[AndroidUiautomator2Driver@8ede (f6b00ff8)]&amp#27;[0m Proxying [POST /element] to [POST http://127.0.0.1:8200/session/2dd13505-acb5-41d0-890f-14c65ee5d543/element] with body: {"strategy":"id","selector":"com.androidsample.generalstore:id/radioFemale","context":"","multiple":false}
&amp#27;[38;5;146m[f6b00ff8]&amp#27;[0m&amp#27;[38;5;204m[AndroidUiautomator2Driver@8ede (f6b00ff8)]&amp#27;[0m Got response with status 404: {"sessionId":"2dd13505-acb5-41d0-890f-14c65ee5d543","value":{"error":"no such element","message":"An element could not be located on the page using the given search parameters","stacktrace":"io.appium.uiautomator2.common.exceptions.ElementNotFoundException: An element could not be located on the page using the given search parameters\n\tat io.appium.uiautomator2.handler.FindElement.safeHandle(FindElement.java:63)\n\tat io.appium.uiautomator2.handler.request.SafeRequestHandler.handle(SafeRequestHandler.java:59)\n\tat io.appium.uiautomator2.server.AppiumServlet.handleRequest(AppiumServlet.java:277)\n\tat io.appium.uiautomator2.server.AppiumServlet.handleHttpRequest(AppiumServlet.java:271)\n\tat io.appium.uiautomator2.http.ServerHandler.channelRead(ServerHandler.java:77)\n\tat io.netty.channel.AbstractChannelHandlerContext.invokeChannelRead(AbstractChannelHandlerContext.java:366)\n\tat io.netty.channel.AbstractChannelHandlerContext.invokeChannelRead(AbstractChannelHandlerContext.java:352)\n\tat io.netty.chann...
&amp#27;[38;5;146m[f6b00ff8]&amp#27;[0m&amp#27;[38;5;123m[W3C]&amp#27;[0m Matched W3C error code 'no such element' to NoSuchElementError
&amp#27;[38;5;146m[f6b00ff8]&amp#27;[0m&amp#27;[38;5;204m[AndroidUiautomator2Driver@8ede (f6b00ff8)]&amp#27;[0m Waited for 13633 ms so far
&amp#27;[38;5;146m[f6b00ff8]&amp#27;[0m&amp#27;[38;5;204m[AndroidUiautomator2Driver@8ede (f6b00ff8)]&amp#27;[0m Matched '/element' to command name 'findElement'
&amp#27;[38;5;146m[f6b00ff8]&amp#27;[0m&amp#27;[38;5;204m[AndroidUiautomator2Driver@8ede (f6b00ff8)]&amp#27;[0m Proxying [POST /element] to [POST http://127.0.0.1:8200/session/2dd13505-acb5-41d0-890f-14c65ee5d543/element] with body: {"strategy":"id","selector":"com.androidsample.generalstore:id/radioFemale","context":"","multiple":false}
&amp#27;[38;5;146m[f6b00ff8]&amp#27;[0m&amp#27;[38;5;204m[AndroidUiautomator2Driver@8ede (f6b00ff8)]&amp#27;[0m Got response with status 404: {"sessionId":"2dd13505-acb5-41d0-890f-14c65ee5d543","value":{"error":"no such element","message":"An element could not be located on the page using the given search parameters","stacktrace":"io.appium.uiautomator2.common.exceptions.ElementNotFoundException: An element could not be located on the page using the given search parameters\n\tat io.appium.uiautomator2.handler.FindElement.safeHandle(FindElement.java:63)\n\tat io.appium.uiautomator2.handler.request.SafeRequestHandler.handle(SafeRequestHandler.java:59)\n\tat io.appium.uiautomator2.server.AppiumServlet.handleRequest(AppiumServlet.java:277)\n\tat io.appium.uiautomator2.server.AppiumServlet.handleHttpRequest(AppiumServlet.java:271)\n\tat io.appium.uiautomator2.http.ServerHandler.channelRead(ServerHandler.java:77)\n\tat io.netty.channel.AbstractChannelHandlerContext.invokeChannelRead(AbstractChannelHandlerContext.java:366)\n\tat io.netty.channel.AbstractChannelHandlerContext.invokeChannelRead(AbstractChannelHandlerContext.java:352)\n\tat io.netty.chann...
&amp#27;[38;5;146m[f6b00ff8]&amp#27;[0m&amp#27;[38;5;123m[W3C]&amp#27;[0m Matched W3C error code 'no such element' to NoSuchElementError
&amp#27;[38;5;146m[f6b00ff8]&amp#27;[0m&amp#27;[38;5;204m[AndroidUiautomator2Driver@8ede (f6b00ff8)]&amp#27;[0m Waited for 14170 ms so far
&amp#27;[38;5;146m[f6b00ff8]&amp#27;[0m&amp#27;[38;5;204m[AndroidUiautomator2Driver@8ede (f6b00ff8)]&amp#27;[0m Matched '/element' to command name 'findElement'
&amp#27;[38;5;146m[f6b00ff8]&amp#27;[0m&amp#27;[38;5;204m[AndroidUiautomator2Driver@8ede (f6b00ff8)]&amp#27;[0m Proxying [POST /element] to [POST http://127.0.0.1:8200/session/2dd13505-acb5-41d0-890f-14c65ee5d543/element] with body: {"strategy":"id","selector":"com.androidsample.generalstore:id/radioFemale","context":"","multiple":false}
&amp#27;[38;5;146m[f6b00ff8]&amp#27;[0m&amp#27;[38;5;204m[AndroidUiautomator2Driver@8ede (f6b00ff8)]&amp#27;[0m Got response with status 404: {"sessionId":"2dd13505-acb5-41d0-890f-14c65ee5d543","value":{"error":"no such element","message":"An element could not be located on the page using the given search parameters","stacktrace":"io.appium.uiautomator2.common.exceptions.ElementNotFoundException: An element could not be located on the page using the given search parameters\n\tat io.appium.uiautomator2.handler.FindElement.safeHandle(FindElement.java:63)\n\tat io.appium.uiautomator2.handler.request.SafeRequestHandler.handle(SafeRequestHandler.java:59)\n\tat io.appium.uiautomator2.server.AppiumServlet.handleRequest(AppiumServlet.java:277)\n\tat io.appium.uiautomator2.server.AppiumServlet.handleHttpRequest(AppiumServlet.java:271)\n\tat io.appium.uiautomator2.http.ServerHandler.channelRead(ServerHandler.java:77)\n\tat io.netty.channel.AbstractChannelHandlerContext.invokeChannelRead(AbstractChannelHandlerContext.java:366)\n\tat io.netty.channel.AbstractChannelHandlerContext.invokeChannelRead(AbstractChannelHandlerContext.java:352)\n\tat io.netty.chann...
&amp#27;[38;5;146m[f6b00ff8]&amp#27;[0m&amp#27;[38;5;123m[W3C]&amp#27;[0m Matched W3C error code 'no such element' to NoSuchElementError
&amp#27;[38;5;146m[f6b00ff8]&amp#27;[0m&amp#27;[38;5;204m[AndroidUiautomator2Driver@8ede (f6b00ff8)]&amp#27;[0m Waited for 14713 ms so far
&amp#27;[38;5;146m[f6b00ff8]&amp#27;[0m&amp#27;[38;5;204m[AndroidUiautomator2Driver@8ede (f6b00ff8)]&amp#27;[0m Matched '/element' to command name 'findElement'
&amp#27;[38;5;146m[f6b00ff8]&amp#27;[0m&amp#27;[38;5;204m[AndroidUiautomator2Driver@8ede (f6b00ff8)]&amp#27;[0m Proxying [POST /element] to [POST http://127.0.0.1:8200/session/2dd13505-acb5-41d0-890f-14c65ee5d543/element] with body: {"strategy":"id","selector":"com.androidsample.generalstore:id/radioFemale","context":"","multiple":false}
&amp#27;[38;5;146m[f6b00ff8]&amp#27;[0m&amp#27;[38;5;204m[AndroidUiautomator2Driver@8ede (f6b00ff8)]&amp#27;[0m Got response with status 404: {"sessionId":"2dd13505-acb5-41d0-890f-14c65ee5d543","value":{"error":"no such element","message":"An element could not be located on the page using the given search parameters","stacktrace":"io.appium.uiautomator2.common.exceptions.ElementNotFoundException: An element could not be located on the page using the given search parameters\n\tat io.appium.uiautomator2.handler.FindElement.safeHandle(FindElement.java:63)\n\tat io.appium.uiautomator2.handler.request.SafeRequestHandler.handle(SafeRequestHandler.java:59)\n\tat io.appium.uiautomator2.server.AppiumServlet.handleRequest(AppiumServlet.java:277)\n\tat io.appium.uiautomator2.server.AppiumServlet.handleHttpRequest(AppiumServlet.java:271)\n\tat io.appium.uiautomator2.http.ServerHandler.channelRead(ServerHandler.java:77)\n\tat io.netty.channel.AbstractChannelHandlerContext.invokeChannelRead(AbstractChannelHandlerContext.java:366)\n\tat io.netty.channel.AbstractChannelHandlerContext.invokeChannelRead(AbstractChannelHandlerContext.java:352)\n\tat io.netty.chann...
&amp#27;[38;5;146m[f6b00ff8]&amp#27;[0m&amp#27;[38;5;123m[W3C]&amp#27;[0m Matched W3C error code 'no such element' to NoSuchElementError
&amp#27;[38;5;146m[f6b00ff8]&amp#27;[0m&amp#27;[38;5;204m[AndroidUiautomator2Driver@8ede (f6b00ff8)]&amp#27;[0m Waited for 15245 ms so far
&amp#27;[38;5;146m[f6b00ff8]&amp#27;[0m&amp#27;[38;5;204m[AndroidUiautomator2Driver@8ede (f6b00ff8)]&amp#27;[0m Matched '/element' to command name 'findElement'
&amp#27;[38;5;146m[f6b00ff8]&amp#27;[0m&amp#27;[38;5;204m[AndroidUiautomator2Driver@8ede (f6b00ff8)]&amp#27;[0m Proxying [POST /element] to [POST http://127.0.0.1:8200/session/2dd13505-acb5-41d0-890f-14c65ee5d543/element] with body: {"strategy":"id","selector":"com.androidsample.generalstore:id/radioFemale","context":"","multiple":false}
&amp#27;[38;5;146m[f6b00ff8]&amp#27;[0m&amp#27;[38;5;204m[AndroidUiautomator2Driver@8ede (f6b00ff8)]&amp#27;[0m Got response with status 404: {"sessionId":"2dd13505-acb5-41d0-890f-14c65ee5d543","value":{"error":"no such element","message":"An element could not be located on the page using the given search parameters","stacktrace":"io.appium.uiautomator2.common.exceptions.ElementNotFoundException: An element could not be located on the page using the given search parameters\n\tat io.appium.uiautomator2.handler.FindElement.safeHandle(FindElement.java:63)\n\tat io.appium.uiautomator2.handler.request.SafeRequestHandler.handle(SafeRequestHandler.java:59)\n\tat io.appium.uiautomator2.server.AppiumServlet.handleRequest(AppiumServlet.java:277)\n\tat io.appium.uiautomator2.server.AppiumServlet.handleHttpRequest(AppiumServlet.java:271)\n\tat io.appium.uiautomator2.http.ServerHandler.channelRead(ServerHandler.java:77)\n\tat io.netty.channel.AbstractChannelHandlerContext.invokeChannelRead(AbstractChannelHandlerContext.java:366)\n\tat io.netty.channel.AbstractChannelHandlerContext.invokeChannelRead(AbstractChannelHandlerContext.java:352)\n\tat io.netty.chann...
&amp#27;[38;5;146m[f6b00ff8]&amp#27;[0m&amp#27;[38;5;123m[W3C]&amp#27;[0m Matched W3C error code 'no such element' to NoSuchElementError
&amp#27;[38;5;146m[f6b00ff8]&amp#27;[0m&amp#27;[38;5;204m[AndroidUiautomator2Driver@8ede (f6b00ff8)]&amp#27;[0m Waited for 15777 ms so far
&amp#27;[38;5;146m[f6b00ff8]&amp#27;[0m&amp#27;[38;5;204m[AndroidUiautomator2Driver@8ede (f6b00ff8)]&amp#27;[0m Matched '/element' to command name 'findElement'
&amp#27;[38;5;146m[f6b00ff8]&amp#27;[0m&amp#27;[38;5;204m[AndroidUiautomator2Driver@8ede (f6b00ff8)]&amp#27;[0m Proxying [POST /element] to [POST http://127.0.0.1:8200/session/2dd13505-acb5-41d0-890f-14c65ee5d543/element] with body: {"strategy":"id","selector":"com.androidsample.generalstore:id/radioFemale","context":"","multiple":false}
&amp#27;[38;5;146m[f6b00ff8]&amp#27;[0m&amp#27;[38;5;204m[AndroidUiautomator2Driver@8ede (f6b00ff8)]&amp#27;[0m Got response with status 404: {"sessionId":"2dd13505-acb5-41d0-890f-14c65ee5d543","value":{"error":"no such element","message":"An element could not be located on the page using the given search parameters","stacktrace":"io.appium.uiautomator2.common.exceptions.ElementNotFoundException: An element could not be located on the page using the given search parameters\n\tat io.appium.uiautomator2.handler.FindElement.safeHandle(FindElement.java:63)\n\tat io.appium.uiautomator2.handler.request.SafeRequestHandler.handle(SafeRequestHandler.java:59)\n\tat io.appium.uiautomator2.server.AppiumServlet.handleRequest(AppiumServlet.java:277)\n\tat io.appium.uiautomator2.server.AppiumServlet.handleHttpRequest(AppiumServlet.java:271)\n\tat io.appium.uiautomator2.http.ServerHandler.channelRead(ServerHandler.java:77)\n\tat io.netty.channel.AbstractChannelHandlerContext.invokeChannelRead(AbstractChannelHandlerContext.java:366)\n\tat io.netty.channel.AbstractChannelHandlerContext.invokeChannelRead(AbstractChannelHandlerContext.java:352)\n\tat io.netty.chann...
&amp#27;[38;5;146m[f6b00ff8]&amp#27;[0m&amp#27;[38;5;123m[W3C]&amp#27;[0m Matched W3C error code 'no such element' to NoSuchElementError
&amp#27;[38;5;146m[f6b00ff8]&amp#27;[0m&amp#27;[38;5;204m[AndroidUiautomator2Driver@8ede (f6b00ff8)]&amp#27;[0m Waited for 16307 ms so far
&amp#27;[38;5;146m[f6b00ff8]&amp#27;[0m&amp#27;[38;5;204m[AndroidUiautomator2Driver@8ede (f6b00ff8)]&amp#27;[0m Matched '/element' to command name 'findElement'
&amp#27;[38;5;146m[f6b00ff8]&amp#27;[0m&amp#27;[38;5;204m[AndroidUiautomator2Driver@8ede (f6b00ff8)]&amp#27;[0m Proxying [POST /element] to [POST http://127.0.0.1:8200/session/2dd13505-acb5-41d0-890f-14c65ee5d543/element] with body: {"strategy":"id","selector":"com.androidsample.generalstore:id/radioFemale","context":"","multiple":false}
&amp#27;[38;5;146m[f6b00ff8]&amp#27;[0m&amp#27;[38;5;204m[AndroidUiautomator2Driver@8ede (f6b00ff8)]&amp#27;[0m Got response with status 404: {"sessionId":"2dd13505-acb5-41d0-890f-14c65ee5d543","value":{"error":"no such element","message":"An element could not be located on the page using the given search parameters","stacktrace":"io.appium.uiautomator2.common.exceptions.ElementNotFoundException: An element could not be located on the page using the given search parameters\n\tat io.appium.uiautomator2.handler.FindElement.safeHandle(FindElement.java:63)\n\tat io.appium.uiautomator2.handler.request.SafeRequestHandler.handle(SafeRequestHandler.java:59)\n\tat io.appium.uiautomator2.server.AppiumServlet.handleRequest(AppiumServlet.java:277)\n\tat io.appium.uiautomator2.server.AppiumServlet.handleHttpRequest(AppiumServlet.java:271)\n\tat io.appium.uiautomator2.http.ServerHandler.channelRead(ServerHandler.java:77)\n\tat io.netty.channel.AbstractChannelHandlerContext.invokeChannelRead(AbstractChannelHandlerContext.java:366)\n\tat io.netty.channel.AbstractChannelHandlerContext.invokeChannelRead(AbstractChannelHandlerContext.java:352)\n\tat io.netty.chann...
&amp#27;[38;5;146m[f6b00ff8]&amp#27;[0m&amp#27;[38;5;123m[W3C]&amp#27;[0m Matched W3C error code 'no such element' to NoSuchElementError
&amp#27;[38;5;146m[f6b00ff8]&amp#27;[0m&amp#27;[38;5;204m[AndroidUiautomator2Driver@8ede (f6b00ff8)]&amp#27;[0m Waited for 16853 ms so far
&amp#27;[38;5;146m[f6b00ff8]&amp#27;[0m&amp#27;[38;5;204m[AndroidUiautomator2Driver@8ede (f6b00ff8)]&amp#27;[0m Matched '/element' to command name 'findElement'
&amp#27;[38;5;146m[f6b00ff8]&amp#27;[0m&amp#27;[38;5;204m[AndroidUiautomator2Driver@8ede (f6b00ff8)]&amp#27;[0m Proxying [POST /element] to [POST http://127.0.0.1:8200/session/2dd13505-acb5-41d0-890f-14c65ee5d543/element] with body: {"strategy":"id","selector":"com.androidsample.generalstore:id/radioFemale","context":"","multiple":false}
&amp#27;[38;5;146m[f6b00ff8]&amp#27;[0m&amp#27;[38;5;204m[AndroidUiautomator2Driver@8ede (f6b00ff8)]&amp#27;[0m Got response with status 404: {"sessionId":"2dd13505-acb5-41d0-890f-14c65ee5d543","value":{"error":"no such element","message":"An element could not be located on the page using the given search parameters","stacktrace":"io.appium.uiautomator2.common.exceptions.ElementNotFoundException: An element could not be located on the page using the given search parameters\n\tat io.appium.uiautomator2.handler.FindElement.safeHandle(FindElement.java:63)\n\tat io.appium.uiautomator2.handler.request.SafeRequestHandler.handle(SafeRequestHandler.java:59)\n\tat io.appium.uiautomator2.server.AppiumServlet.handleRequest(AppiumServlet.java:277)\n\tat io.appium.uiautomator2.server.AppiumServlet.handleHttpRequest(AppiumServlet.java:271)\n\tat io.appium.uiautomator2.http.ServerHandler.channelRead(ServerHandler.java:77)\n\tat io.netty.channel.AbstractChannelHandlerContext.invokeChannelRead(AbstractChannelHandlerContext.java:366)\n\tat io.netty.channel.AbstractChannelHandlerContext.invokeChannelRead(AbstractChannelHandlerContext.java:352)\n\tat io.netty.chann...
&amp#27;[38;5;146m[f6b00ff8]&amp#27;[0m&amp#27;[38;5;123m[W3C]&amp#27;[0m Matched W3C error code 'no such element' to NoSuchElementError
&amp#27;[38;5;146m[f6b00ff8]&amp#27;[0m&amp#27;[38;5;204m[AndroidUiautomator2Driver@8ede (f6b00ff8)]&amp#27;[0m Waited for 17389 ms so far
&amp#27;[38;5;146m[f6b00ff8]&amp#27;[0m&amp#27;[38;5;204m[AndroidUiautomator2Driver@8ede (f6b00ff8)]&amp#27;[0m Matched '/element' to command name 'findElement'
&amp#27;[38;5;146m[f6b00ff8]&amp#27;[0m&amp#27;[38;5;204m[AndroidUiautomator2Driver@8ede (f6b00ff8)]&amp#27;[0m Proxying [POST /element] to [POST http://127.0.0.1:8200/session/2dd13505-acb5-41d0-890f-14c65ee5d543/element] with body: {"strategy":"id","selector":"com.androidsample.generalstore:id/radioFemale","context":"","multiple":false}
&amp#27;[38;5;146m[f6b00ff8]&amp#27;[0m&amp#27;[38;5;204m[AndroidUiautomator2Driver@8ede (f6b00ff8)]&amp#27;[0m Got response with status 404: {"sessionId":"2dd13505-acb5-41d0-890f-14c65ee5d543","value":{"error":"no such element","message":"An element could not be located on the page using the given search parameters","stacktrace":"io.appium.uiautomator2.common.exceptions.ElementNotFoundException: An element could not be located on the page using the given search parameters\n\tat io.appium.uiautomator2.handler.FindElement.safeHandle(FindElement.java:63)\n\tat io.appium.uiautomator2.handler.request.SafeRequestHandler.handle(SafeRequestHandler.java:59)\n\tat io.appium.uiautomator2.server.AppiumServlet.handleRequest(AppiumServlet.java:277)\n\tat io.appium.uiautomator2.server.AppiumServlet.handleHttpRequest(AppiumServlet.java:271)\n\tat io.appium.uiautomator2.http.ServerHandler.channelRead(ServerHandler.java:77)\n\tat io.netty.channel.AbstractChannelHandlerContext.invokeChannelRead(AbstractChannelHandlerContext.java:366)\n\tat io.netty.channel.AbstractChannelHandlerContext.invokeChannelRead(AbstractChannelHandlerContext.java:352)\n\tat io.netty.chann...
&amp#27;[38;5;146m[f6b00ff8]&amp#27;[0m&amp#27;[38;5;123m[W3C]&amp#27;[0m Matched W3C error code 'no such element' to NoSuchElementError
&amp#27;[38;5;146m[f6b00ff8]&amp#27;[0m&amp#27;[38;5;204m[AndroidUiautomator2Driver@8ede (f6b00ff8)]&amp#27;[0m Waited for 17934 ms so far
&amp#27;[38;5;146m[f6b00ff8]&amp#27;[0m&amp#27;[38;5;204m[AndroidUiautomator2Driver@8ede (f6b00ff8)]&amp#27;[0m Matched '/element' to command name 'findElement'
&amp#27;[38;5;146m[f6b00ff8]&amp#27;[0m&amp#27;[38;5;204m[AndroidUiautomator2Driver@8ede (f6b00ff8)]&amp#27;[0m Proxying [POST /element] to [POST http://127.0.0.1:8200/session/2dd13505-acb5-41d0-890f-14c65ee5d543/element] with body: {"strategy":"id","selector":"com.androidsample.generalstore:id/radioFemale","context":"","multiple":false}
&amp#27;[38;5;146m[f6b00ff8]&amp#27;[0m&amp#27;[38;5;204m[AndroidUiautomator2Driver@8ede (f6b00ff8)]&amp#27;[0m Got response with status 404: {"sessionId":"2dd13505-acb5-41d0-890f-14c65ee5d543","value":{"error":"no such element","message":"An element could not be located on the page using the given search parameters","stacktrace":"io.appium.uiautomator2.common.exceptions.ElementNotFoundException: An element could not be located on the page using the given search parameters\n\tat io.appium.uiautomator2.handler.FindElement.safeHandle(FindElement.java:63)\n\tat io.appium.uiautomator2.handler.request.SafeRequestHandler.handle(SafeRequestHandler.java:59)\n\tat io.appium.uiautomator2.server.AppiumServlet.handleRequest(AppiumServlet.java:277)\n\tat io.appium.uiautomator2.server.AppiumServlet.handleHttpRequest(AppiumServlet.java:271)\n\tat io.appium.uiautomator2.http.ServerHandler.channelRead(ServerHandler.java:77)\n\tat io.netty.channel.AbstractChannelHandlerContext.invokeChannelRead(AbstractChannelHandlerContext.java:366)\n\tat io.netty.channel.AbstractChannelHandlerContext.invokeChannelRead(AbstractChannelHandlerContext.java:352)\n\tat io.netty.chann...
&amp#27;[38;5;146m[f6b00ff8]&amp#27;[0m&amp#27;[38;5;123m[W3C]&amp#27;[0m Matched W3C error code 'no such element' to NoSuchElementError
&amp#27;[38;5;146m[f6b00ff8]&amp#27;[0m&amp#27;[38;5;204m[AndroidUiautomator2Driver@8ede (f6b00ff8)]&amp#27;[0m Waited for 18470 ms so far
&amp#27;[38;5;146m[f6b00ff8]&amp#27;[0m&amp#27;[38;5;204m[AndroidUiautomator2Driver@8ede (f6b00ff8)]&amp#27;[0m Matched '/element' to command name 'findElement'
&amp#27;[38;5;146m[f6b00ff8]&amp#27;[0m&amp#27;[38;5;204m[AndroidUiautomator2Driver@8ede (f6b00ff8)]&amp#27;[0m Proxying [POST /element] to [POST http://127.0.0.1:8200/session/2dd13505-acb5-41d0-890f-14c65ee5d543/element] with body: {"strategy":"id","selector":"com.androidsample.generalstore:id/radioFemale","context":"","multiple":false}
&amp#27;[38;5;146m[f6b00ff8]&amp#27;[0m&amp#27;[38;5;204m[AndroidUiautomator2Driver@8ede (f6b00ff8)]&amp#27;[0m Got response with status 404: {"sessionId":"2dd13505-acb5-41d0-890f-14c65ee5d543","value":{"error":"no such element","message":"An element could not be located on the page using the given search parameters","stacktrace":"io.appium.uiautomator2.common.exceptions.ElementNotFoundException: An element could not be located on the page using the given search parameters\n\tat io.appium.uiautomator2.handler.FindElement.safeHandle(FindElement.java:63)\n\tat io.appium.uiautomator2.handler.request.SafeRequestHandler.handle(SafeRequestHandler.java:59)\n\tat io.appium.uiautomator2.server.AppiumServlet.handleRequest(AppiumServlet.java:277)\n\tat io.appium.uiautomator2.server.AppiumServlet.handleHttpRequest(AppiumServlet.java:271)\n\tat io.appium.uiautomator2.http.ServerHandler.channelRead(ServerHandler.java:77)\n\tat io.netty.channel.AbstractChannelHandlerContext.invokeChannelRead(AbstractChannelHandlerContext.java:366)\n\tat io.netty.channel.AbstractChannelHandlerContext.invokeChannelRead(AbstractChannelHandlerContext.java:352)\n\tat io.netty.chann...
&amp#27;[38;5;146m[f6b00ff8]&amp#27;[0m&amp#27;[38;5;123m[W3C]&amp#27;[0m Matched W3C error code 'no such element' to NoSuchElementError
&amp#27;[38;5;146m[f6b00ff8]&amp#27;[0m&amp#27;[38;5;204m[AndroidUiautomator2Driver@8ede (f6b00ff8)]&amp#27;[0m Waited for 19005 ms so far
&amp#27;[38;5;146m[f6b00ff8]&amp#27;[0m&amp#27;[38;5;204m[AndroidUiautomator2Driver@8ede (f6b00ff8)]&amp#27;[0m Matched '/element' to command name 'findElement'
&amp#27;[38;5;146m[f6b00ff8]&amp#27;[0m&amp#27;[38;5;204m[AndroidUiautomator2Driver@8ede (f6b00ff8)]&amp#27;[0m Proxying [POST /element] to [POST http://127.0.0.1:8200/session/2dd13505-acb5-41d0-890f-14c65ee5d543/element] with body: {"strategy":"id","selector":"com.androidsample.generalstore:id/radioFemale","context":"","multiple":false}
&amp#27;[38;5;146m[f6b00ff8]&amp#27;[0m&amp#27;[38;5;204m[AndroidUiautomator2Driver@8ede (f6b00ff8)]&amp#27;[0m Got response with status 404: {"sessionId":"2dd13505-acb5-41d0-890f-14c65ee5d543","value":{"error":"no such element","message":"An element could not be located on the page using the given search parameters","stacktrace":"io.appium.uiautomator2.common.exceptions.ElementNotFoundException: An element could not be located on the page using the given search parameters\n\tat io.appium.uiautomator2.handler.FindElement.safeHandle(FindElement.java:63)\n\tat io.appium.uiautomator2.handler.request.SafeRequestHandler.handle(SafeRequestHandler.java:59)\n\tat io.appium.uiautomator2.server.AppiumServlet.handleRequest(AppiumServlet.java:277)\n\tat io.appium.uiautomator2.server.AppiumServlet.handleHttpRequest(AppiumServlet.java:271)\n\tat io.appium.uiautomator2.http.ServerHandler.channelRead(ServerHandler.java:77)\n\tat io.netty.channel.AbstractChannelHandlerContext.invokeChannelRead(AbstractChannelHandlerContext.java:366)\n\tat io.netty.channel.AbstractChannelHandlerContext.invokeChannelRead(AbstractChannelHandlerContext.java:352)\n\tat io.netty.chann...
&amp#27;[38;5;146m[f6b00ff8]&amp#27;[0m&amp#27;[38;5;123m[W3C]&amp#27;[0m Matched W3C error code 'no such element' to NoSuchElementError
&amp#27;[38;5;146m[f6b00ff8]&amp#27;[0m&amp#27;[38;5;204m[AndroidUiautomator2Driver@8ede (f6b00ff8)]&amp#27;[0m Waited for 19539 ms so far
&amp#27;[38;5;146m[f6b00ff8]&amp#27;[0m&amp#27;[38;5;204m[AndroidUiautomator2Driver@8ede (f6b00ff8)]&amp#27;[0m Matched '/element' to command name 'findElement'
&amp#27;[38;5;146m[f6b00ff8]&amp#27;[0m&amp#27;[38;5;204m[AndroidUiautomator2Driver@8ede (f6b00ff8)]&amp#27;[0m Proxying [POST /element] to [POST http://127.0.0.1:8200/session/2dd13505-acb5-41d0-890f-14c65ee5d543/element] with body: {"strategy":"id","selector":"com.androidsample.generalstore:id/radioFemale","context":"","multiple":false}
&amp#27;[38;5;146m[f6b00ff8]&amp#27;[0m&amp#27;[38;5;204m[AndroidUiautomator2Driver@8ede (f6b00ff8)]&amp#27;[0m Got response with status 404: {"sessionId":"2dd13505-acb5-41d0-890f-14c65ee5d543","value":{"error":"no such element","message":"An element could not be located on the page using the given search parameters","stacktrace":"io.appium.uiautomator2.common.exceptions.ElementNotFoundException: An element could not be located on the page using the given search parameters\n\tat io.appium.uiautomator2.handler.FindElement.safeHandle(FindElement.java:63)\n\tat io.appium.uiautomator2.handler.request.SafeRequestHandler.handle(SafeRequestHandler.java:59)\n\tat io.appium.uiautomator2.server.AppiumServlet.handleRequest(AppiumServlet.java:277)\n\tat io.appium.uiautomator2.server.AppiumServlet.handleHttpRequest(AppiumServlet.java:271)\n\tat io.appium.uiautomator2.http.ServerHandler.channelRead(ServerHandler.java:77)\n\tat io.netty.channel.AbstractChannelHandlerContext.invokeChannelRead(AbstractChannelHandlerContext.java:366)\n\tat io.netty.channel.AbstractChannelHandlerContext.invokeChannelRead(AbstractChannelHandlerContext.java:352)\n\tat io.netty.chann...
&amp#27;[38;5;146m[f6b00ff8]&amp#27;[0m&amp#27;[38;5;123m[W3C]&amp#27;[0m Matched W3C error code 'no such element' to NoSuchElementError
&amp#27;[38;5;146m[f6b00ff8]&amp#27;[0m&amp#27;[38;5;204m[AndroidUiautomator2Driver@8ede (f6b00ff8)]&amp#27;[0m Encountered internal error running command: NoSuchElementError: An element could not be located on the page using the given search parameters.
&amp#27;[38;5;146m[f6b00ff8]&amp#27;[0m&amp#27;[38;5;204m[AndroidUiautomator2Driver@8ede (f6b00ff8)]&amp#27;[0m     at AndroidUiautomator2Driver.findElOrEls (/Users/oikhlas/.appium/node_modules/appium-uiautomator2-driver/node_modules/appium-android-driver/lib/commands/find.ts:86:11)
&amp#27;[38;5;146m[f6b00ff8]&amp#27;[0m&amp#27;[38;5;204m[AndroidUiautomator2Driver@8ede (f6b00ff8)]&amp#27;[0m     at processTicksAndRejections (node:internal/process/task_queues:95:5)
&amp#27;[38;5;146m[f6b00ff8]&amp#27;[0m&amp#27;[38;5;204m[AndroidUiautomator2Driver@8ede (f6b00ff8)]&amp#27;[0m     at AndroidUiautomator2Driver.findElOrElsWithProcessing (/Users/oikhlas/node_modules/@appium/base-driver/lib/basedriver/commands/find.ts:60:12)
&amp#27;[38;5;146m[f6b00ff8]&amp#27;[0m&amp#27;[38;5;204m[AndroidUiautomator2Driver@8ede (f6b00ff8)]&amp#27;[0m     at AndroidUiautomator2Driver.findElement (/Users/oikhlas/node_modules/@appium/base-driver/lib/basedriver/commands/find.ts:75:12)
&amp#27;[38;5;146m[f6b00ff8]&amp#27;[0m&amp#27;[38;5;86m[HTTP]&amp#27;[0m <-- POST /session/f6b00ff8-12fc-46ae-8b75-b3b6ee2ec931/element 404 20037 ms - 772 
&amp#27;[38;5;146m[f6b00ff8]&amp#27;[0m&amp#27;[38;5;86m[HTTP]&amp#27;[0m &amp#27;[37m-->&amp#27;[39m &amp#27;[37mGET&amp#27;[39m &amp#27;[37m/session/f6b00ff8-12fc-46ae-8b75-b3b6ee2ec931/screenshot&amp#27;[39m {}
&amp#27;[38;5;146m[f6b00ff8]&amp#27;[0m&amp#27;[38;5;204m[AndroidUiautomator2Driver@8ede (f6b00ff8)]&amp#27;[0m Calling AppiumDriver.getScreenshot() with args: ["f6b00ff8-12fc-46ae-8b75-b3b6ee2ec931"]
&amp#27;[38;5;146m[f6b00ff8]&amp#27;[0m&amp#27;[38;5;204m[AndroidUiautomator2Driver@8ede (f6b00ff8)]&amp#27;[0m Matched '/screenshot' to command name 'getScreenshot'
&amp#27;[38;5;146m[f6b00ff8]&amp#27;[0m&amp#27;[38;5;204m[AndroidUiautomator2Driver@8ede (f6b00ff8)]&amp#27;[0m Proxying [GET /screenshot] to [GET http://127.0.0.1:8200/session/2dd13505-acb5-41d0-890f-14c65ee5d543/screenshot] with no body
&amp#27;[38;5;146m[f6b00ff8]&amp#27;[0m&amp#27;[38;5;204m[AndroidUiautomator2Driver@8ede (f6b00ff8)]&amp#27;[0m Got response with status 200: {"sessionId":"2dd13505-acb5-41d0-890f-14c65ee5d543","value":"iVBORw0KGgoAAAANSUhEUgAABaAAAAtACAYAAADu24QXAAAAAXNSR0IArs4c6QAAAARzQklUCAgICHwIZIgAACAASURBVHic7N13dFRl/sfxz70zmfTeIJRQQy8qVVEQu2DBLqiLYl9W7LprV/RnWcW+rl13VexrWTsrAgqCIiAdhFBDSYH0Nvf+/sBEhrSZZCaTkPfrHM9x7tz7PN8ZM+M5n/vM9zFCz8mwBQAAAAAAAACAn5nBLgAAAAAAAAAAcHAigAYAAAAAAAAABAQBNAAAAAAAAAAgIAigAQAAAAAAAAABQQANAAAAAAAAAAgIAmgAAAAAAAAAQEAQQAMAAAAAAAAAAoIAGgAAAAAAAAAQEATQAAAAAAAAAICAIIAGAAAAAAAAAAQEATQAAAAAAAAAICAIoAEAAAAAAAAAAUEADQAAAAAAAAAICAJoAAAAAAAAAEBAEEADAAAAAAAAAALCGewCgJbOMAy1i0vWuMPGasLw4zW4az8lRMXKli1DhiTJll19/racHfpx3VK98/2nmrtyofYUF8i27bqGBwAAAAAAAA5aRug5GSRjwAEMw1BCVJyeuvRuHTfoSEWFRVQf94VlW8rJz9Mr376ne95+Qm7LHYBqAQAAAAAAgJaJABrYj2EYSk/uoIUPf6SosAiZhv+61Fi2pTXbNujI285WYWmx38YFAAAAAAAAWioCaOB3idHx+umRj9UuLtnnlc6+qHS7FTOpvyzbCtgcLYlhGAp3hcmQ5HKGyDD/CPUty1J5ZYUsy1JpRVnwigQAAAAAtHrt41PUJaWjkqLjFRcVq7iIaEWFRaiwtFh5RfnaW5Sv7II8Ze7aqqy8XcEut8VJT+6gTbu3BbsM3X72X7w+d/q7TwWwEvgLPaDR5pmGqbvPu1Y3nnaZX1c818Vhmjqy71B9t+LHgM8VDIZhKMThVERouKLCIpUQFat+nTMU...
&amp#27;[38;5;146m[f6b00ff8]&amp#27;[0m&amp#27;[38;5;204m[AndroidUiautomator2Driver@8ede (f6b00ff8)]&amp#27;[0m Responding to client with driver.getScreenshot() result: "iVBORw0KGgoAAAANSUhEUgAABaAAAAtACAYAAADu24QXAAAAAXNSR0IArs4c6QAAAARzQklUCAgICHwIZIgAACAASURBVHic7N13dFRl/sfxz70zmfTeIJRQQy8qVVEQu2DBLqiLYl9W7LprV/RnWcW+rl13VexrWTsrAgqCIiAdhFBDSYH0Nvf+/sBEhrSZZCaTkPfrHM9x7tz7PN8ZM+M5n/vM9zFCz8mwBQAAAAAAAACAn5nBLgAAAAAAAAAAcHAigAYAAAAAAAAABAQBNAAAAAAAAAAgIAigAQAAAAAAAAABQQANAAAAAAAAAAgIAmgAAAAAAAAAQEAQQAMAAAAAAAAAAoIAGgAAAAAAAAAQEATQAAAAAAAAAICAIIAGAAAAAAAAAAQEATQAAAAAAAAAICAIoAEAAAAAAAAAAUEADQAAAAAAAAAICAJoAAAAAAAAAEBAEEADAAAAAAAAAALCGewCgJbOMAy1i0vWuMPGasLw4zW4az8lRMXKli1DhiTJll19/racHfpx3VK98/2nmrtyofYUF8i27bqGBwAAAAAAAA5aRug5GSRjwAEMw1BCVJyeuvRuHTfoSEWFRVQf94VlW8rJz9Mr376ne95+Qm7LHYBqAQAAAAAAgJaJABrYj2EYSk/uoIUPf6SosAiZhv+61Fi2pTXbNujI285WYWmx38YFAAAAAAAAWioCaOB3idHx+umRj9UuLtnnlc6+qHS7FTOpvyzbCtgcLYlhGAp3hcmQ5HKGyDD/CPUty1J5ZYUsy1JpRVnwigQAAAAAtHrt41PUJaWjkqLjFRcVq7iIaEWFRaiwtFh5RfnaW5Sv7II8Ze7aqqy8XcEut8VJT+6gTbu3BbsM3X72X7w+d/q7TwWwEvgLPaDR5pmGqbvPu1Y3nnaZX1c818Vhmjqy71B9t+LHgM8VDIZhKMThVERouKLCIpUQFat+nTMUGuJS99R0RYaFS9oXPucV5WvDzs0qqyjTsk2rVVharKLSYpWUl6rSTbsSAAAA...
&amp#27;[38;5;146m[f6b00ff8]&amp#27;[0m&amp#27;[38;5;86m[HTTP]&amp#27;[0m <-- GET /session/f6b00ff8-12fc-46ae-8b75-b3b6ee2ec931/screenshot 200 1334 ms - 687468 
]]></system-out>
  </testcase>
  <testcase name="fillFormPostiveFlow" classname="org.osamaikhlas.ECommerce_TestCase_02" time="21.344">
    <failure message="Can&apos;t locate an element by this strategy: By.chained({AppiumBy.id: com.androidsample.generalstore:id/nameField})" type="org.openqa.selenium.NoSuchElementException"><![CDATA[org.openqa.selenium.NoSuchElementException: Can't locate an element by this strategy: By.chained({AppiumBy.id: com.androidsample.generalstore:id/nameField})
	at io.appium.java_client.pagefactory.AppiumElementLocator.findElement(AppiumElementLocator.java:166)
	at io.appium.java_client.pagefactory.interceptors.InterceptorOfASingleElement.call(InterceptorOfASingleElement.java:75)
	at io.appium.java_client.proxy.Interceptor.intercept(Interceptor.java:78)
	at org.openqa.selenium.remote.RemoteWebElement$ByteBuddy$f4GBJTHO.sendKeys(Unknown Source)
	at org.osamaikhlas.pageObjects.android.FormPage.setNameField(FormPage.java:50)
	at org.osamaikhlas.ECommerce_TestCase_02.fillFormPostiveFlow(ECommerce_TestCase_02.java:23)
	at java.base/jdk.internal.reflect.NativeMethodAccessorImpl.invoke0(Native Method)
	at java.base/jdk.internal.reflect.NativeMethodAccessorImpl.invoke(NativeMethodAccessorImpl.java:62)
	at java.base/jdk.internal.reflect.DelegatingMethodAccessorImpl.invoke(DelegatingMethodAccessorImpl.java:43)
	at java.base/java.lang.reflect.Method.invoke(Method.java:566)
	at org.testng.internal.invokers.MethodInvocationHelper.invokeMethod(MethodInvocationHelper.java:139)
	at org.testng.internal.invokers.TestInvoker.invokeMethod(TestInvoker.java:664)
	at org.testng.internal.invokers.TestInvoker.invokeTestMethod(TestInvoker.java:227)
	at org.testng.internal.invokers.MethodRunner.runInSequence(MethodRunner.java:50)
	at org.testng.internal.invokers.TestInvoker$MethodInvocationAgent.invoke(TestInvoker.java:957)
	at org.testng.internal.invokers.TestInvoker.invokeTestMethods(TestInvoker.java:200)
	at org.testng.internal.invokers.TestMethodWorker.invokeTestMethods(TestMethodWorker.java:148)
	at org.testng.internal.invokers.TestMethodWorker.run(TestMethodWorker.java:128)
	at java.base/java.util.ArrayList.forEach(ArrayList.java:1541)
	at org.testng.TestRunner.privateRun(TestRunner.java:848)
	at org.testng.TestRunner.run(TestRunner.java:621)
	at org.testng.SuiteRunner.runTest(SuiteRunner.java:443)
	at org.testng.SuiteRunner.runSequentially(SuiteRunner.java:437)
	at org.testng.SuiteRunner.privateRun(SuiteRunner.java:397)
	at org.testng.SuiteRunner.run(SuiteRunner.java:336)
	at org.testng.SuiteRunnerWorker.runSuite(SuiteRunnerWorker.java:52)
	at org.testng.SuiteRunnerWorker.run(SuiteRunnerWorker.java:95)
	at org.testng.TestNG.runSuitesSequentially(TestNG.java:1280)
	at org.testng.TestNG.runSuitesLocally(TestNG.java:1200)
	at org.testng.TestNG.runSuites(TestNG.java:1114)
	at org.testng.TestNG.run(TestNG.java:1082)
	at org.apache.maven.surefire.testng.TestNGExecutor.run(TestNGExecutor.java:308)
	at org.apache.maven.surefire.testng.TestNGXmlTestSuite.execute(TestNGXmlTestSuite.java:71)
	at org.apache.maven.surefire.testng.TestNGProvider.invoke(TestNGProvider.java:113)
	at org.apache.maven.surefire.booter.ForkedBooter.runSuitesInProcess(ForkedBooter.java:385)
	at org.apache.maven.surefire.booter.ForkedBooter.execute(ForkedBooter.java:162)
	at org.apache.maven.surefire.booter.ForkedBooter.run(ForkedBooter.java:507)
	at org.apache.maven.surefire.booter.ForkedBooter.main(ForkedBooter.java:495)
Caused by: org.openqa.selenium.TimeoutException: Expected condition failed: waiting for io.appium.java_client.pagefactory.AppiumElementLocator$WaitingFunction@7e1d8d41 (tried for 1 second(s) with 500 milliseconds interval)
	at org.openqa.selenium.support.ui.FluentWait.timeoutException(FluentWait.java:265)
	at org.openqa.selenium.support.ui.FluentWait.until(FluentWait.java:228)
	at io.appium.java_client.pagefactory.AppiumElementLocator.waitFor(AppiumElementLocator.java:135)
	at io.appium.java_client.pagefactory.AppiumElementLocator.findElement(AppiumElementLocator.java:160)
	... 37 more
Caused by: org.openqa.selenium.NoSuchElementException: Cannot locate an element using By.chained({AppiumBy.id: com.androidsample.generalstore:id/nameField})
For documentation on this error, please visit: https://www.selenium.dev/documentation/webdriver/troubleshooting/errors#no-such-element-exception
Build info: version: '4.26.0', revision: '8ccf0219d7'
System info: os.name: 'Mac OS X', os.arch: 'x86_64', os.version: '12.7.1', java.version: '11.0.18'
Driver info: driver.version: RemoteWebDriver
	at io.appium.java_client.pagefactory.bys.builder.ByChained.findElement(ByChained.java:74)
	at org.openqa.selenium.remote.ElementLocation$ElementFinder$1.findElement(ElementLocation.java:139)
	at org.openqa.selenium.remote.ElementLocation.findElement(ElementLocation.java:59)
	at org.openqa.selenium.remote.RemoteWebDriver.findElement(RemoteWebDriver.java:368)
	at org.openqa.selenium.remote.RemoteWebDriver.findElement(RemoteWebDriver.java:362)
	at io.appium.java_client.pagefactory.bys.ContentMappedBy.findElement(ContentMappedBy.java:54)
	at org.openqa.selenium.remote.ElementLocation$ElementFinder$1.findElement(ElementLocation.java:139)
	at org.openqa.selenium.remote.ElementLocation.findElement(ElementLocation.java:59)
	at org.openqa.selenium.remote.RemoteWebDriver.findElement(RemoteWebDriver.java:368)
	at org.openqa.selenium.remote.RemoteWebDriver.findElement(RemoteWebDriver.java:362)
	at io.appium.java_client.pagefactory.AppiumElementLocator.lambda$findElement$1(AppiumElementLocator.java:160)
	at io.appium.java_client.pagefactory.AppiumElementLocator$WaitingFunction.apply(AppiumElementLocator.java:217)
	at io.appium.java_client.pagefactory.AppiumElementLocator$WaitingFunction.apply(AppiumElementLocator.java:210)
	at org.openqa.selenium.support.ui.FluentWait.until(FluentWait.java:203)
	... 39 more
]]></failure>
    <system-out><![CDATA[&amp#27;[38;5;146m[f6b00ff8]&amp#27;[0m&amp#27;[38;5;86m[HTTP]&amp#27;[0m &amp#27;[37m-->&amp#27;[39m &amp#27;[37mPOST&amp#27;[39m &amp#27;[37m/session/f6b00ff8-12fc-46ae-8b75-b3b6ee2ec931/execute/sync&amp#27;[39m {"script":"return (function(arg){\nvar s=function(){\"use strict\";function t(t){return t&&t.__esModule&&Object.prototype.hasOwnProperty.call(t,\"default\")?t.default:t}var e=function(t){var e=(void 0===t?[]:t)[0],n=\"\",r=e.ownerDocument;if(!r)return n;for(var o=e;o!==r;){var a=Array.prototype.filter.call(o.parentNode.childNodes,(function(t){return t.tagName===o.tagName})).indexOf(o);n=\"/\"+o.tagName+\"[\"+(a+1)+\"]\"+n,o=o.parentNode}return n};return t((function(){var t,n,r;try{t=window.top.document===window.document||\"root-context\"===window.parent.document[\"applitools-marker\"]}catch(e){t=!1}try{n=!window.parent.document===window.document}catch(t){n=!0}if(!n)try{r=e([window.frameElement])}catch(t){r=null}return[document.documentElement,r,t,n]}))}();\nreturn s(arg)\n}).apply(null, arguments)","args":[null]}
&amp#27;[38;5;146m[f6b00ff8]&amp#27;[0m&amp#27;[38;5;204m[AndroidUiautomator2Driver@8ede (f6b00ff8)]&amp#27;[0m Calling AppiumDriver.execute() with args: ["return (function(arg){\nvar s=function(){\"use strict\";function t(t){return t&&t.__esModule&&Object.prototype.hasOwnProperty.call(t,\"default\")?t.default:t}var e=function(t){var e=(void 0===t?[]:t)[0],n=\"\",r=e.ownerDocument;if(!r)return n;for(var o=e;o!==r;){var a=Array.prototype.filter.call(o.parentNode.childNodes,(function(t){return t.tagName===o.tagName})).indexOf(o);n=\"/\"+o.tagName+\"[\"+(a+1)+\"]\"+n,o=o.parentNode}return n};return t((function(){var t,n,r;try{t=window.top.document===window.document||\"root-context\"===window.parent.document[\"applitools-marker\"]}catch(e){t=!1}try{n=!window.parent.document===window.document}catch(t){n=!0}if(!n)try{r=e([window.frameElement])}catch(t){r=null}return[document.documentElement,r,t,n]}))}();\nreturn s(arg)\n}).apply(null, arguments)",[null],"f6b00ff8-12fc-46ae-8b75-b3b6ee2ec931"]
&amp#27;[38;5;146m[f6b00ff8]&amp#27;[0m&amp#27;[38;5;204m[AndroidUiautomator2Driver@8ede (f6b00ff8)]&amp#27;[0m Encountered internal error running command: UnknownCommandError: Unknown mobile command "return (function(arg){
&amp#27;[38;5;146m[f6b00ff8]&amp#27;[0m&amp#27;[38;5;204m[AndroidUiautomator2Driver@8ede (f6b00ff8)]&amp#27;[0m var s=function(){"use strict";function t(t){return t&&t.__esModule&&Object.prototype.hasOwnProperty.call(t,"default")?t.default:t}var e=function(t){var e=(void 0===t?[]:t)[0],n="",r=e.ownerDocument;if(!r)return n;for(var o=e;o!==r;){var a=Array.prototype.filter.call(o.parentNode.childNodes,(function(t){return t.tagName===o.tagName})).indexOf(o);n="/"+o.tagName+"["+(a+1)+"]"+n,o=o.parentNode}return n};return t((function(){var t,n,r;try{t=window.top.document===window.document||"root-context"===window.parent.document["applitools-marker"]}catch(e){t=!1}try{n=!window.parent.document===window.document}catch(t){n=!0}if(!n)try{r=e([window.frameElement])}catch(t){r=null}return[document.documentElement,r,t,n]}))}();
&amp#27;[38;5;146m[f6b00ff8]&amp#27;[0m&amp#27;[38;5;204m[AndroidUiautomator2Driver@8ede (f6b00ff8)]&amp#27;[0m return s(arg)
&amp#27;[38;5;146m[f6b00ff8]&amp#27;[0m&amp#27;[38;5;204m[AndroidUiautomator2Driver@8ede (f6b00ff8)]&amp#27;[0m }).apply(null, arguments)". Only shell, execEmuConsoleCommand, dragGesture, flingGesture, doubleClickGesture, clickGesture, longClickGesture, pinchCloseGesture, pinchOpenGesture, swipeGesture, scrollGesture, scrollBackTo, scroll, viewportScreenshot, viewportRect, deepLink, startLogsBroadcast, stopLogsBroadcast, deviceidle, acceptAlert, dismissAlert, batteryInfo, deviceInfo, getDeviceTime, changePermissions, getPermissions, performEditorAction, startScreenStreaming, stopScreenStreaming, getNotifications, openNotifications, listSms, type, replaceElementValue, pushFile, pullFile, pullFolder, deleteFile, isAppInstalled, queryAppState, activateApp, removeApp, terminateApp, installApp, clearApp, backgroundApp, getCurrentActivity, getCurrentPackage, startActivity, startService, stopService, broadcast, getContexts, getAppStrings, installMultipleApks, lock, unlock, isLocked, refreshGpsCache, startMediaProjectionRecording, isMediaProjectionRecordingRunning, stopMediaProjectionRecording, getConnectivity, setConnectivity, toggleGps, isGpsEnabled, hideKeyboard, isKeyboardShown, pressKey, getDisplayDensity, getSystemBars, fingerprint, sendSms, gsmCall, gsmSignal, gsmVoice, powerAc, powerCapacity, networkSpeed, sensorSet, getPerformanceData, getPerformanceDataTypes, statusBar, screenshots, scheduleAction, getActionHistory, unscheduleAction, getUiMode, setUiMode, sendTrimMemory commands are supported.
&amp#27;[38;5;146m[f6b00ff8]&amp#27;[0m&amp#27;[38;5;204m[AndroidUiautomator2Driver@8ede (f6b00ff8)]&amp#27;[0m     at AndroidUiautomator2Driver.executeMobile (/Users/oikhlas/.appium/node_modules/appium-uiautomator2-driver/lib/commands/execute.js:56:11)
&amp#27;[38;5;146m[f6b00ff8]&amp#27;[0m&amp#27;[38;5;204m[AndroidUiautomator2Driver@8ede (f6b00ff8)]&amp#27;[0m     at AndroidUiautomator2Driver.execute (/Users/oikhlas/.appium/node_modules/appium-uiautomator2-driver/lib/commands/execute.js:27:23)
&amp#27;[38;5;146m[f6b00ff8]&amp#27;[0m&amp#27;[38;5;204m[AndroidUiautomator2Driver@8ede (f6b00ff8)]&amp#27;[0m     at commandExecutor (/Users/oikhlas/node_modules/@appium/base-driver/lib/basedriver/driver.ts:107:18)
&amp#27;[38;5;146m[f6b00ff8]&amp#27;[0m&amp#27;[38;5;204m[AndroidUiautomator2Driver@8ede (f6b00ff8)]&amp#27;[0m     at /Users/oikhlas/node_modules/async-lock/lib/index.js:171:12
&amp#27;[38;5;146m[f6b00ff8]&amp#27;[0m&amp#27;[38;5;204m[AndroidUiautomator2Driver@8ede (f6b00ff8)]&amp#27;[0m     at AsyncLock._promiseTry (/Users/oikhlas/node_modules/async-lock/lib/index.js:304:31)
&amp#27;[38;5;146m[f6b00ff8]&amp#27;[0m&amp#27;[38;5;204m[AndroidUiautomator2Driver@8ede (f6b00ff8)]&amp#27;[0m     at exec (/Users/oikhlas/node_modules/async-lock/lib/index.js:170:9)
&amp#27;[38;5;146m[f6b00ff8]&amp#27;[0m&amp#27;[38;5;204m[AndroidUiautomator2Driver@8ede (f6b00ff8)]&amp#27;[0m     at AsyncLock.acquire (/Users/oikhlas/node_modules/async-lock/lib/index.js:187:3)
&amp#27;[38;5;146m[f6b00ff8]&amp#27;[0m&amp#27;[38;5;204m[AndroidUiautomator2Driver@8ede (f6b00ff8)]&amp#27;[0m     at AndroidUiautomator2Driver.executeCommand (/Users/oikhlas/node_modules/@appium/base-driver/lib/basedriver/driver.ts:123:39)
&amp#27;[38;5;146m[f6b00ff8]&amp#27;[0m&amp#27;[38;5;204m[AndroidUiautomator2Driver@8ede (f6b00ff8)]&amp#27;[0m     at processTicksAndRejections (node:internal/process/task_queues:95:5)
&amp#27;[38;5;146m[f6b00ff8]&amp#27;[0m&amp#27;[38;5;204m[AndroidUiautomator2Driver@8ede (f6b00ff8)]&amp#27;[0m     at defaultBehavior (/Users/oikhlas/.nvm/versions/node/v18.16.1/lib/node_modules/appium/lib/appium.js:1135:14)
&amp#27;[38;5;146m[f6b00ff8]&amp#27;[0m&amp#27;[38;5;204m[AndroidUiautomator2Driver@8ede (f6b00ff8)]&amp#27;[0m     at AppiumDriver.executeWrappedCommand (/Users/oikhlas/.nvm/versions/node/v18.16.1/lib/node_modules/appium/lib/appium.js:1241:16)
&amp#27;[38;5;146m[f6b00ff8]&amp#27;[0m&amp#27;[38;5;204m[AndroidUiautomator2Driver@8ede (f6b00ff8)]&amp#27;[0m     at AppiumDriver.executeCommand (/Users/oikhlas/.nvm/versions/node/v18.16.1/lib/node_modules/appium/lib/appium.js:1147:17)
&amp#27;[38;5;146m[f6b00ff8]&amp#27;[0m&amp#27;[38;5;204m[AndroidUiautomator2Driver@8ede (f6b00ff8)]&amp#27;[0m     at asyncHandler (/Users/oikhlas/.nvm/versions/node/v18.16.1/lib/node_modules/appium/node_modules/@appium/base-driver/lib/protocol/protocol.js:387:19)
&amp#27;[38;5;146m[f6b00ff8]&amp#27;[0m&amp#27;[38;5;86m[HTTP]&amp#27;[0m <-- POST /session/f6b00ff8-12fc-46ae-8b75-b3b6ee2ec931/execute/sync 404 2 ms - 5939 
&amp#27;[38;5;146m[f6b00ff8]&amp#27;[0m&amp#27;[38;5;86m[HTTP]&amp#27;[0m &amp#27;[37m-->&amp#27;[39m &amp#27;[37mGET&amp#27;[39m &amp#27;[37m/session/f6b00ff8-12fc-46ae-8b75-b3b6ee2ec931/context&amp#27;[39m {}
&amp#27;[38;5;146m[f6b00ff8]&amp#27;[0m&amp#27;[38;5;204m[AndroidUiautomator2Driver@8ede (f6b00ff8)]&amp#27;[0m Calling AppiumDriver.getCurrentContext() with args: ["f6b00ff8-12fc-46ae-8b75-b3b6ee2ec931"]
&amp#27;[38;5;146m[f6b00ff8]&amp#27;[0m&amp#27;[38;5;204m[AndroidUiautomator2Driver@8ede (f6b00ff8)]&amp#27;[0m Responding to client with driver.getCurrentContext() result: "NATIVE_APP"
&amp#27;[38;5;146m[f6b00ff8]&amp#27;[0m&amp#27;[38;5;86m[HTTP]&amp#27;[0m <-- GET /session/f6b00ff8-12fc-46ae-8b75-b3b6ee2ec931/context 200 1 ms - 22 
&amp#27;[38;5;146m[f6b00ff8]&amp#27;[0m&amp#27;[38;5;86m[HTTP]&amp#27;[0m &amp#27;[37m-->&amp#27;[39m &amp#27;[37mPOST&amp#27;[39m &amp#27;[37m/session/f6b00ff8-12fc-46ae-8b75-b3b6ee2ec931/execute/sync&amp#27;[39m {"script":"return (function(arg){\nvar s=function(){\"use strict\";function t(t){return t&&t.__esModule&&Object.prototype.hasOwnProperty.call(t,\"default\")?t.default:t}var e=function(t){var e=(void 0===t?[]:t)[0],n=\"\",r=e.ownerDocument;if(!r)return n;for(var o=e;o!==r;){var a=Array.prototype.filter.call(o.parentNode.childNodes,(function(t){return t.tagName===o.tagName})).indexOf(o);n=\"/\"+o.tagName+\"[\"+(a+1)+\"]\"+n,o=o.parentNode}return n};return t((function(){var t,n,r;try{t=window.top.document===window.document||\"root-context\"===window.parent.document[\"applitools-marker\"]}catch(e){t=!1}try{n=!window.parent.document===window.document}catch(t){n=!0}if(!n)try{r=e([window.frameElement])}catch(t){r=null}return[document.documentElement,r,t,n]}))}();\nreturn s(arg)\n}).apply(null, arguments)","args":[null]}
&amp#27;[38;5;146m[f6b00ff8]&amp#27;[0m&amp#27;[38;5;204m[AndroidUiautomator2Driver@8ede (f6b00ff8)]&amp#27;[0m Calling AppiumDriver.execute() with args: ["return (function(arg){\nvar s=function(){\"use strict\";function t(t){return t&&t.__esModule&&Object.prototype.hasOwnProperty.call(t,\"default\")?t.default:t}var e=function(t){var e=(void 0===t?[]:t)[0],n=\"\",r=e.ownerDocument;if(!r)return n;for(var o=e;o!==r;){var a=Array.prototype.filter.call(o.parentNode.childNodes,(function(t){return t.tagName===o.tagName})).indexOf(o);n=\"/\"+o.tagName+\"[\"+(a+1)+\"]\"+n,o=o.parentNode}return n};return t((function(){var t,n,r;try{t=window.top.document===window.document||\"root-context\"===window.parent.document[\"applitools-marker\"]}catch(e){t=!1}try{n=!window.parent.document===window.document}catch(t){n=!0}if(!n)try{r=e([window.frameElement])}catch(t){r=null}return[document.documentElement,r,t,n]}))}();\nreturn s(arg)\n}).apply(null, arguments)",[null],"f6b00ff8-12fc-46ae-8b75-b3b6ee2ec931"]
&amp#27;[38;5;146m[f6b00ff8]&amp#27;[0m&amp#27;[38;5;204m[AndroidUiautomator2Driver@8ede (f6b00ff8)]&amp#27;[0m Encountered internal error running command: UnknownCommandError: Unknown mobile command "return (function(arg){
&amp#27;[38;5;146m[f6b00ff8]&amp#27;[0m&amp#27;[38;5;204m[AndroidUiautomator2Driver@8ede (f6b00ff8)]&amp#27;[0m var s=function(){"use strict";function t(t){return t&&t.__esModule&&Object.prototype.hasOwnProperty.call(t,"default")?t.default:t}var e=function(t){var e=(void 0===t?[]:t)[0],n="",r=e.ownerDocument;if(!r)return n;for(var o=e;o!==r;){var a=Array.prototype.filter.call(o.parentNode.childNodes,(function(t){return t.tagName===o.tagName})).indexOf(o);n="/"+o.tagName+"["+(a+1)+"]"+n,o=o.parentNode}return n};return t((function(){var t,n,r;try{t=window.top.document===window.document||"root-context"===window.parent.document["applitools-marker"]}catch(e){t=!1}try{n=!window.parent.document===window.document}catch(t){n=!0}if(!n)try{r=e([window.frameElement])}catch(t){r=null}return[document.documentElement,r,t,n]}))}();
&amp#27;[38;5;146m[f6b00ff8]&amp#27;[0m&amp#27;[38;5;204m[AndroidUiautomator2Driver@8ede (f6b00ff8)]&amp#27;[0m return s(arg)
&amp#27;[38;5;146m[f6b00ff8]&amp#27;[0m&amp#27;[38;5;204m[AndroidUiautomator2Driver@8ede (f6b00ff8)]&amp#27;[0m }).apply(null, arguments)". Only shell, execEmuConsoleCommand, dragGesture, flingGesture, doubleClickGesture, clickGesture, longClickGesture, pinchCloseGesture, pinchOpenGesture, swipeGesture, scrollGesture, scrollBackTo, scroll, viewportScreenshot, viewportRect, deepLink, startLogsBroadcast, stopLogsBroadcast, deviceidle, acceptAlert, dismissAlert, batteryInfo, deviceInfo, getDeviceTime, changePermissions, getPermissions, performEditorAction, startScreenStreaming, stopScreenStreaming, getNotifications, openNotifications, listSms, type, replaceElementValue, pushFile, pullFile, pullFolder, deleteFile, isAppInstalled, queryAppState, activateApp, removeApp, terminateApp, installApp, clearApp, backgroundApp, getCurrentActivity, getCurrentPackage, startActivity, startService, stopService, broadcast, getContexts, getAppStrings, installMultipleApks, lock, unlock, isLocked, refreshGpsCache, startMediaProjectionRecording, isMediaProjectionRecordingRunning, stopMediaProjectionRecording, getConnectivity, setConnectivity, toggleGps, isGpsEnabled, hideKeyboard, isKeyboardShown, pressKey, getDisplayDensity, getSystemBars, fingerprint, sendSms, gsmCall, gsmSignal, gsmVoice, powerAc, powerCapacity, networkSpeed, sensorSet, getPerformanceData, getPerformanceDataTypes, statusBar, screenshots, scheduleAction, getActionHistory, unscheduleAction, getUiMode, setUiMode, sendTrimMemory commands are supported.
&amp#27;[38;5;146m[f6b00ff8]&amp#27;[0m&amp#27;[38;5;204m[AndroidUiautomator2Driver@8ede (f6b00ff8)]&amp#27;[0m     at AndroidUiautomator2Driver.executeMobile (/Users/oikhlas/.appium/node_modules/appium-uiautomator2-driver/lib/commands/execute.js:56:11)
&amp#27;[38;5;146m[f6b00ff8]&amp#27;[0m&amp#27;[38;5;204m[AndroidUiautomator2Driver@8ede (f6b00ff8)]&amp#27;[0m     at AndroidUiautomator2Driver.execute (/Users/oikhlas/.appium/node_modules/appium-uiautomator2-driver/lib/commands/execute.js:27:23)
&amp#27;[38;5;146m[f6b00ff8]&amp#27;[0m&amp#27;[38;5;204m[AndroidUiautomator2Driver@8ede (f6b00ff8)]&amp#27;[0m     at commandExecutor (/Users/oikhlas/node_modules/@appium/base-driver/lib/basedriver/driver.ts:107:18)
&amp#27;[38;5;146m[f6b00ff8]&amp#27;[0m&amp#27;[38;5;204m[AndroidUiautomator2Driver@8ede (f6b00ff8)]&amp#27;[0m     at /Users/oikhlas/node_modules/async-lock/lib/index.js:171:12
&amp#27;[38;5;146m[f6b00ff8]&amp#27;[0m&amp#27;[38;5;204m[AndroidUiautomator2Driver@8ede (f6b00ff8)]&amp#27;[0m     at AsyncLock._promiseTry (/Users/oikhlas/node_modules/async-lock/lib/index.js:304:31)
&amp#27;[38;5;146m[f6b00ff8]&amp#27;[0m&amp#27;[38;5;204m[AndroidUiautomator2Driver@8ede (f6b00ff8)]&amp#27;[0m     at exec (/Users/oikhlas/node_modules/async-lock/lib/index.js:170:9)
&amp#27;[38;5;146m[f6b00ff8]&amp#27;[0m&amp#27;[38;5;204m[AndroidUiautomator2Driver@8ede (f6b00ff8)]&amp#27;[0m     at AsyncLock.acquire (/Users/oikhlas/node_modules/async-lock/lib/index.js:187:3)
&amp#27;[38;5;146m[f6b00ff8]&amp#27;[0m&amp#27;[38;5;204m[AndroidUiautomator2Driver@8ede (f6b00ff8)]&amp#27;[0m     at AndroidUiautomator2Driver.executeCommand (/Users/oikhlas/node_modules/@appium/base-driver/lib/basedriver/driver.ts:123:39)
&amp#27;[38;5;146m[f6b00ff8]&amp#27;[0m&amp#27;[38;5;204m[AndroidUiautomator2Driver@8ede (f6b00ff8)]&amp#27;[0m     at processTicksAndRejections (node:internal/process/task_queues:95:5)
&amp#27;[38;5;146m[f6b00ff8]&amp#27;[0m&amp#27;[38;5;204m[AndroidUiautomator2Driver@8ede (f6b00ff8)]&amp#27;[0m     at defaultBehavior (/Users/oikhlas/.nvm/versions/node/v18.16.1/lib/node_modules/appium/lib/appium.js:1135:14)
&amp#27;[38;5;146m[f6b00ff8]&amp#27;[0m&amp#27;[38;5;204m[AndroidUiautomator2Driver@8ede (f6b00ff8)]&amp#27;[0m     at AppiumDriver.executeWrappedCommand (/Users/oikhlas/.nvm/versions/node/v18.16.1/lib/node_modules/appium/lib/appium.js:1241:16)
&amp#27;[38;5;146m[f6b00ff8]&amp#27;[0m&amp#27;[38;5;204m[AndroidUiautomator2Driver@8ede (f6b00ff8)]&amp#27;[0m     at AppiumDriver.executeCommand (/Users/oikhlas/.nvm/versions/node/v18.16.1/lib/node_modules/appium/lib/appium.js:1147:17)
&amp#27;[38;5;146m[f6b00ff8]&amp#27;[0m&amp#27;[38;5;204m[AndroidUiautomator2Driver@8ede (f6b00ff8)]&amp#27;[0m     at asyncHandler (/Users/oikhlas/.nvm/versions/node/v18.16.1/lib/node_modules/appium/node_modules/@appium/base-driver/lib/protocol/protocol.js:387:19)
&amp#27;[38;5;146m[f6b00ff8]&amp#27;[0m&amp#27;[38;5;86m[HTTP]&amp#27;[0m <-- POST /session/f6b00ff8-12fc-46ae-8b75-b3b6ee2ec931/execute/sync 404 2 ms - 5939 
&amp#27;[38;5;146m[f6b00ff8]&amp#27;[0m&amp#27;[38;5;86m[HTTP]&amp#27;[0m &amp#27;[37m-->&amp#27;[39m &amp#27;[37mPOST&amp#27;[39m &amp#27;[37m/session/f6b00ff8-12fc-46ae-8b75-b3b6ee2ec931/execute/sync&amp#27;[39m {"script":"mobile:shell","args":[{"command":"dumpsys window | grep 'mCurrentRotation' | cut -d = -f2"}]}
&amp#27;[38;5;146m[f6b00ff8]&amp#27;[0m&amp#27;[38;5;204m[AndroidUiautomator2Driver@8ede (f6b00ff8)]&amp#27;[0m Calling AppiumDriver.execute() with args: ["mobile:shell",[{"command":"dumpsys window | grep 'mCurrentRotation' | cut -d = -f2"}],"f6b00ff8-12fc-46ae-8b75-b3b6ee2ec931"]
&amp#27;[38;5;146m[f6b00ff8]&amp#27;[0m&amp#27;[38;5;204m[AndroidUiautomator2Driver@8ede (f6b00ff8)]&amp#27;[0m Executing method 'mobile: shell'
&amp#27;[38;5;146m[f6b00ff8]&amp#27;[0m&amp#27;[38;5;204m[AndroidUiautomator2Driver@8ede (f6b00ff8)]&amp#27;[0m Encountered internal error running command: Error: Potentially insecure feature 'adb_shell' has not been enabled. If you want to enable this feature and accept the security ramifications, please do so by following the documented instructions at https://github.com/appium/appium/blob/master/docs/en/writing-running-appium/security.md
&amp#27;[38;5;146m[f6b00ff8]&amp#27;[0m&amp#27;[38;5;204m[AndroidUiautomator2Driver@8ede (f6b00ff8)]&amp#27;[0m     at AndroidUiautomator2Driver.assertFeatureEnabled (/Users/oikhlas/node_modules/@appium/base-driver/lib/basedriver/core.ts:292:13)
&amp#27;[38;5;146m[f6b00ff8]&amp#27;[0m&amp#27;[38;5;204m[AndroidUiautomator2Driver@8ede (f6b00ff8)]&amp#27;[0m     at AndroidUiautomator2Driver.ensureFeatureEnabled (/Users/oikhlas/node_modules/@appium/base-driver/lib/basedriver/core.ts:281:10)
&amp#27;[38;5;146m[f6b00ff8]&amp#27;[0m&amp#27;[38;5;204m[AndroidUiautomator2Driver@8ede (f6b00ff8)]&amp#27;[0m     at AndroidUiautomator2Driver.mobileShell (/Users/oikhlas/.appium/node_modules/appium-uiautomator2-driver/node_modules/appium-android-driver/lib/commands/shell.js:13:8)
&amp#27;[38;5;146m[f6b00ff8]&amp#27;[0m&amp#27;[38;5;204m[AndroidUiautomator2Driver@8ede (f6b00ff8)]&amp#27;[0m     at AndroidUiautomator2Driver.executeMobile (/Users/oikhlas/.appium/node_modules/appium-uiautomator2-driver/lib/commands/execute.js:66:82)
&amp#27;[38;5;146m[f6b00ff8]&amp#27;[0m&amp#27;[38;5;204m[AndroidUiautomator2Driver@8ede (f6b00ff8)]&amp#27;[0m     at AndroidUiautomator2Driver.execute (/Users/oikhlas/.appium/node_modules/appium-uiautomator2-driver/lib/commands/execute.js:24:25)
&amp#27;[38;5;146m[f6b00ff8]&amp#27;[0m&amp#27;[38;5;204m[AndroidUiautomator2Driver@8ede (f6b00ff8)]&amp#27;[0m     at commandExecutor (/Users/oikhlas/node_modules/@appium/base-driver/lib/basedriver/driver.ts:107:18)
&amp#27;[38;5;146m[f6b00ff8]&amp#27;[0m&amp#27;[38;5;204m[AndroidUiautomator2Driver@8ede (f6b00ff8)]&amp#27;[0m     at /Users/oikhlas/node_modules/async-lock/lib/index.js:171:12
&amp#27;[38;5;146m[f6b00ff8]&amp#27;[0m&amp#27;[38;5;204m[AndroidUiautomator2Driver@8ede (f6b00ff8)]&amp#27;[0m     at AsyncLock._promiseTry (/Users/oikhlas/node_modules/async-lock/lib/index.js:304:31)
&amp#27;[38;5;146m[f6b00ff8]&amp#27;[0m&amp#27;[38;5;204m[AndroidUiautomator2Driver@8ede (f6b00ff8)]&amp#27;[0m     at exec (/Users/oikhlas/node_modules/async-lock/lib/index.js:170:9)
&amp#27;[38;5;146m[f6b00ff8]&amp#27;[0m&amp#27;[38;5;204m[AndroidUiautomator2Driver@8ede (f6b00ff8)]&amp#27;[0m     at AsyncLock.acquire (/Users/oikhlas/node_modules/async-lock/lib/index.js:187:3)
&amp#27;[38;5;146m[f6b00ff8]&amp#27;[0m&amp#27;[38;5;204m[AndroidUiautomator2Driver@8ede (f6b00ff8)]&amp#27;[0m     at AndroidUiautomator2Driver.executeCommand (/Users/oikhlas/node_modules/@appium/base-driver/lib/basedriver/driver.ts:123:39)
&amp#27;[38;5;146m[f6b00ff8]&amp#27;[0m&amp#27;[38;5;204m[AndroidUiautomator2Driver@8ede (f6b00ff8)]&amp#27;[0m     at processTicksAndRejections (node:internal/process/task_queues:95:5)
&amp#27;[38;5;146m[f6b00ff8]&amp#27;[0m&amp#27;[38;5;204m[AndroidUiautomator2Driver@8ede (f6b00ff8)]&amp#27;[0m     at defaultBehavior (/Users/oikhlas/.nvm/versions/node/v18.16.1/lib/node_modules/appium/lib/appium.js:1135:14)
&amp#27;[38;5;146m[f6b00ff8]&amp#27;[0m&amp#27;[38;5;204m[AndroidUiautomator2Driver@8ede (f6b00ff8)]&amp#27;[0m     at AppiumDriver.executeWrappedCommand (/Users/oikhlas/.nvm/versions/node/v18.16.1/lib/node_modules/appium/lib/appium.js:1241:16)
&amp#27;[38;5;146m[f6b00ff8]&amp#27;[0m&amp#27;[38;5;204m[AndroidUiautomator2Driver@8ede (f6b00ff8)]&amp#27;[0m     at AppiumDriver.executeCommand (/Users/oikhlas/.nvm/versions/node/v18.16.1/lib/node_modules/appium/lib/appium.js:1147:17)
&amp#27;[38;5;146m[f6b00ff8]&amp#27;[0m&amp#27;[38;5;204m[AndroidUiautomator2Driver@8ede (f6b00ff8)]&amp#27;[0m     at asyncHandler (/Users/oikhlas/.nvm/versions/node/v18.16.1/lib/node_modules/appium/node_modules/@appium/base-driver/lib/protocol/protocol.js:387:19)
&amp#27;[38;5;146m[f6b00ff8]&amp#27;[0m&amp#27;[38;5;86m[HTTP]&amp#27;[0m <-- POST /session/f6b00ff8-12fc-46ae-8b75-b3b6ee2ec931/execute/sync 500 3 ms - 1126 
&amp#27;[38;5;146m[f6b00ff8]&amp#27;[0m&amp#27;[38;5;86m[HTTP]&amp#27;[0m &amp#27;[37m-->&amp#27;[39m &amp#27;[37mGET&amp#27;[39m &amp#27;[37m/session/f6b00ff8-12fc-46ae-8b75-b3b6ee2ec931/orientation&amp#27;[39m {}
&amp#27;[38;5;146m[f6b00ff8]&amp#27;[0m&amp#27;[38;5;204m[AndroidUiautomator2Driver@8ede (f6b00ff8)]&amp#27;[0m Driver proxy active, passing request on via HTTP proxy
&amp#27;[38;5;146m[f6b00ff8]&amp#27;[0m&amp#27;[38;5;204m[AndroidUiautomator2Driver@8ede (f6b00ff8)]&amp#27;[0m Matched '/session/f6b00ff8-12fc-46ae-8b75-b3b6ee2ec931/orientation' to command name 'getOrientation'
&amp#27;[38;5;146m[f6b00ff8]&amp#27;[0m&amp#27;[38;5;204m[AndroidUiautomator2Driver@8ede (f6b00ff8)]&amp#27;[0m Proxying [GET /session/f6b00ff8-12fc-46ae-8b75-b3b6ee2ec931/orientation] to [GET http://127.0.0.1:8200/session/2dd13505-acb5-41d0-890f-14c65ee5d543/orientation] with no body
&amp#27;[38;5;146m[f6b00ff8]&amp#27;[0m&amp#27;[38;5;204m[AndroidUiautomator2Driver@8ede (f6b00ff8)]&amp#27;[0m Got response with status 200: {"sessionId":"2dd13505-acb5-41d0-890f-14c65ee5d543","value":"PORTRAIT"}
&amp#27;[38;5;146m[f6b00ff8]&amp#27;[0m&amp#27;[38;5;204m[AndroidUiautomator2Driver@8ede (f6b00ff8)]&amp#27;[0m Replacing sessionId 2dd13505-acb5-41d0-890f-14c65ee5d543 with f6b00ff8-12fc-46ae-8b75-b3b6ee2ec931
&amp#27;[38;5;146m[f6b00ff8]&amp#27;[0m&amp#27;[38;5;86m[HTTP]&amp#27;[0m <-- GET /session/f6b00ff8-12fc-46ae-8b75-b3b6ee2ec931/orientation 200 12 ms - 71 
&amp#27;[38;5;146m[f6b00ff8]&amp#27;[0m&amp#27;[38;5;86m[HTTP]&amp#27;[0m &amp#27;[37m-->&amp#27;[39m &amp#27;[37mGET&amp#27;[39m &amp#27;[37m/session/f6b00ff8-12fc-46ae-8b75-b3b6ee2ec931/window/rect&amp#27;[39m {}
&amp#27;[38;5;146m[f6b00ff8]&amp#27;[0m&amp#27;[38;5;204m[AndroidUiautomator2Driver@8ede (f6b00ff8)]&amp#27;[0m Calling AppiumDriver.getWindowRect() with args: ["f6b00ff8-12fc-46ae-8b75-b3b6ee2ec931"]
&amp#27;[38;5;146m[f6b00ff8]&amp#27;[0m&amp#27;[38;5;204m[AndroidUiautomator2Driver@8ede (f6b00ff8)]&amp#27;[0m Matched '/window/current/size' to command name 'getWindowSize'
&amp#27;[38;5;146m[f6b00ff8]&amp#27;[0m&amp#27;[38;5;204m[AndroidUiautomator2Driver@8ede (f6b00ff8)]&amp#27;[0m Proxying [GET /window/current/size] to [GET http://127.0.0.1:8200/session/2dd13505-acb5-41d0-890f-14c65ee5d543/window/current/size] with no body
&amp#27;[38;5;146m[f6b00ff8]&amp#27;[0m&amp#27;[38;5;204m[AndroidUiautomator2Driver@8ede (f6b00ff8)]&amp#27;[0m Got response with status 200: {"sessionId":"2dd13505-acb5-41d0-890f-14c65ee5d543","value":{"height":2880,"width":1440}}
&amp#27;[38;5;146m[f6b00ff8]&amp#27;[0m&amp#27;[38;5;204m[AndroidUiautomator2Driver@8ede (f6b00ff8)]&amp#27;[0m Responding to client with driver.getWindowRect() result: {"width":1440,"height":2880,"x":0,"y":0}
&amp#27;[38;5;146m[f6b00ff8]&amp#27;[0m&amp#27;[38;5;86m[HTTP]&amp#27;[0m <-- GET /session/f6b00ff8-12fc-46ae-8b75-b3b6ee2ec931/window/rect 200 15 ms - 50 
&amp#27;[38;5;146m[f6b00ff8]&amp#27;[0m&amp#27;[38;5;86m[HTTP]&amp#27;[0m &amp#27;[37m-->&amp#27;[39m &amp#27;[37mGET&amp#27;[39m &amp#27;[37m/session/f6b00ff8-12fc-46ae-8b75-b3b6ee2ec931/appium/device/system_bars&amp#27;[39m {}
&amp#27;[38;5;146m[f6b00ff8]&amp#27;[0m&amp#27;[38;5;204m[AndroidUiautomator2Driver@8ede (f6b00ff8)]&amp#27;[0m Calling AppiumDriver.getSystemBars() with args: ["f6b00ff8-12fc-46ae-8b75-b3b6ee2ec931"]
&amp#27;[38;5;146m[f6b00ff8]&amp#27;[0m&amp#27;[38;5;229m[ADB]&amp#27;[0m Running '/users/oikhlas/Library/Android/sdk/platform-tools/adb -P 5037 -s emulator-5554 shell dumpsys window windows'
&amp#27;[38;5;146m[f6b00ff8]&amp#27;[0m&amp#27;[38;5;204m[AndroidUiautomator2Driver@8ede (f6b00ff8)]&amp#27;[0m Responding to client with driver.getSystemBars() result: {"navigationBar":{"visible":true,"x":0,"y":2712,"width":1440,"height":168},"statusBar":{"visible":true,"x":0,"y":0,"width":1440,"height":84}}
&amp#27;[38;5;146m[f6b00ff8]&amp#27;[0m&amp#27;[38;5;86m[HTTP]&amp#27;[0m <-- GET /session/f6b00ff8-12fc-46ae-8b75-b3b6ee2ec931/appium/device/system_bars 200 121 ms - 151 
&amp#27;[38;5;146m[f6b00ff8]&amp#27;[0m&amp#27;[38;5;86m[HTTP]&amp#27;[0m &amp#27;[37m-->&amp#27;[39m &amp#27;[37mGET&amp#27;[39m &amp#27;[37m/session/f6b00ff8-12fc-46ae-8b75-b3b6ee2ec931/context&amp#27;[39m {}
&amp#27;[38;5;146m[f6b00ff8]&amp#27;[0m&amp#27;[38;5;204m[AndroidUiautomator2Driver@8ede (f6b00ff8)]&amp#27;[0m Calling AppiumDriver.getCurrentContext() with args: ["f6b00ff8-12fc-46ae-8b75-b3b6ee2ec931"]
&amp#27;[38;5;146m[f6b00ff8]&amp#27;[0m&amp#27;[38;5;204m[AndroidUiautomator2Driver@8ede (f6b00ff8)]&amp#27;[0m Responding to client with driver.getCurrentContext() result: "NATIVE_APP"
&amp#27;[38;5;146m[f6b00ff8]&amp#27;[0m&amp#27;[38;5;86m[HTTP]&amp#27;[0m <-- GET /session/f6b00ff8-12fc-46ae-8b75-b3b6ee2ec931/context 200 1 ms - 22 
&amp#27;[38;5;146m[f6b00ff8]&amp#27;[0m&amp#27;[38;5;86m[HTTP]&amp#27;[0m &amp#27;[37m-->&amp#27;[39m &amp#27;[37mPOST&amp#27;[39m &amp#27;[37m/session/f6b00ff8-12fc-46ae-8b75-b3b6ee2ec931/element&amp#27;[39m {"value":"com.androidsample.generalstore:id/nameField","using":"id"}
&amp#27;[38;5;146m[f6b00ff8]&amp#27;[0m&amp#27;[38;5;204m[AndroidUiautomator2Driver@8ede (f6b00ff8)]&amp#27;[0m Calling AppiumDriver.findElement() with args: ["id","com.androidsample.generalstore:id/nameField","f6b00ff8-12fc-46ae-8b75-b3b6ee2ec931"]
&amp#27;[38;5;146m[f6b00ff8]&amp#27;[0m&amp#27;[38;5;204m[AndroidUiautomator2Driver@8ede (f6b00ff8)]&amp#27;[0m Valid locator strategies for this request: xpath, id, class name, accessibility id, css selector, -android uiautomator
&amp#27;[38;5;146m[f6b00ff8]&amp#27;[0m&amp#27;[38;5;204m[AndroidUiautomator2Driver@8ede (f6b00ff8)]&amp#27;[0m Waiting up to 20000 ms for condition
&amp#27;[38;5;146m[f6b00ff8]&amp#27;[0m&amp#27;[38;5;204m[AndroidUiautomator2Driver@8ede (f6b00ff8)]&amp#27;[0m Matched '/element' to command name 'findElement'
&amp#27;[38;5;146m[f6b00ff8]&amp#27;[0m&amp#27;[38;5;204m[AndroidUiautomator2Driver@8ede (f6b00ff8)]&amp#27;[0m Proxying [POST /element] to [POST http://127.0.0.1:8200/session/2dd13505-acb5-41d0-890f-14c65ee5d543/element] with body: {"strategy":"id","selector":"com.androidsample.generalstore:id/nameField","context":"","multiple":false}
&amp#27;[38;5;146m[f6b00ff8]&amp#27;[0m&amp#27;[38;5;204m[AndroidUiautomator2Driver@8ede (f6b00ff8)]&amp#27;[0m Got response with status 404: {"sessionId":"2dd13505-acb5-41d0-890f-14c65ee5d543","value":{"error":"no such element","message":"An element could not be located on the page using the given search parameters","stacktrace":"io.appium.uiautomator2.common.exceptions.ElementNotFoundException: An element could not be located on the page using the given search parameters\n\tat io.appium.uiautomator2.handler.FindElement.safeHandle(FindElement.java:63)\n\tat io.appium.uiautomator2.handler.request.SafeRequestHandler.handle(SafeRequestHandler.java:59)\n\tat io.appium.uiautomator2.server.AppiumServlet.handleRequest(AppiumServlet.java:277)\n\tat io.appium.uiautomator2.server.AppiumServlet.handleHttpRequest(AppiumServlet.java:271)\n\tat io.appium.uiautomator2.http.ServerHandler.channelRead(ServerHandler.java:77)\n\tat io.netty.channel.AbstractChannelHandlerContext.invokeChannelRead(AbstractChannelHandlerContext.java:366)\n\tat io.netty.channel.AbstractChannelHandlerContext.invokeChannelRead(AbstractChannelHandlerContext.java:352)\n\tat io.netty.chann...
&amp#27;[38;5;146m[f6b00ff8]&amp#27;[0m&amp#27;[38;5;123m[W3C]&amp#27;[0m Matched W3C error code 'no such element' to NoSuchElementError
&amp#27;[38;5;146m[f6b00ff8]&amp#27;[0m&amp#27;[38;5;204m[AndroidUiautomator2Driver@8ede (f6b00ff8)]&amp#27;[0m Waited for 25 ms so far
&amp#27;[38;5;146m[f6b00ff8]&amp#27;[0m&amp#27;[38;5;204m[AndroidUiautomator2Driver@8ede (f6b00ff8)]&amp#27;[0m Matched '/element' to command name 'findElement'
&amp#27;[38;5;146m[f6b00ff8]&amp#27;[0m&amp#27;[38;5;204m[AndroidUiautomator2Driver@8ede (f6b00ff8)]&amp#27;[0m Proxying [POST /element] to [POST http://127.0.0.1:8200/session/2dd13505-acb5-41d0-890f-14c65ee5d543/element] with body: {"strategy":"id","selector":"com.androidsample.generalstore:id/nameField","context":"","multiple":false}
&amp#27;[38;5;146m[f6b00ff8]&amp#27;[0m&amp#27;[38;5;204m[AndroidUiautomator2Driver@8ede (f6b00ff8)]&amp#27;[0m Got response with status 404: {"sessionId":"2dd13505-acb5-41d0-890f-14c65ee5d543","value":{"error":"no such element","message":"An element could not be located on the page using the given search parameters","stacktrace":"io.appium.uiautomator2.common.exceptions.ElementNotFoundException: An element could not be located on the page using the given search parameters\n\tat io.appium.uiautomator2.handler.FindElement.safeHandle(FindElement.java:63)\n\tat io.appium.uiautomator2.handler.request.SafeRequestHandler.handle(SafeRequestHandler.java:59)\n\tat io.appium.uiautomator2.server.AppiumServlet.handleRequest(AppiumServlet.java:277)\n\tat io.appium.uiautomator2.server.AppiumServlet.handleHttpRequest(AppiumServlet.java:271)\n\tat io.appium.uiautomator2.http.ServerHandler.channelRead(ServerHandler.java:77)\n\tat io.netty.channel.AbstractChannelHandlerContext.invokeChannelRead(AbstractChannelHandlerContext.java:366)\n\tat io.netty.channel.AbstractChannelHandlerContext.invokeChannelRead(AbstractChannelHandlerContext.java:352)\n\tat io.netty.chann...
&amp#27;[38;5;146m[f6b00ff8]&amp#27;[0m&amp#27;[38;5;123m[W3C]&amp#27;[0m Matched W3C error code 'no such element' to NoSuchElementError
&amp#27;[38;5;146m[f6b00ff8]&amp#27;[0m&amp#27;[38;5;204m[AndroidUiautomator2Driver@8ede (f6b00ff8)]&amp#27;[0m Waited for 560 ms so far
&amp#27;[38;5;146m[f6b00ff8]&amp#27;[0m&amp#27;[38;5;204m[AndroidUiautomator2Driver@8ede (f6b00ff8)]&amp#27;[0m Matched '/element' to command name 'findElement'
&amp#27;[38;5;146m[f6b00ff8]&amp#27;[0m&amp#27;[38;5;204m[AndroidUiautomator2Driver@8ede (f6b00ff8)]&amp#27;[0m Proxying [POST /element] to [POST http://127.0.0.1:8200/session/2dd13505-acb5-41d0-890f-14c65ee5d543/element] with body: {"strategy":"id","selector":"com.androidsample.generalstore:id/nameField","context":"","multiple":false}
&amp#27;[38;5;146m[f6b00ff8]&amp#27;[0m&amp#27;[38;5;204m[AndroidUiautomator2Driver@8ede (f6b00ff8)]&amp#27;[0m Got response with status 404: {"sessionId":"2dd13505-acb5-41d0-890f-14c65ee5d543","value":{"error":"no such element","message":"An element could not be located on the page using the given search parameters","stacktrace":"io.appium.uiautomator2.common.exceptions.ElementNotFoundException: An element could not be located on the page using the given search parameters\n\tat io.appium.uiautomator2.handler.FindElement.safeHandle(FindElement.java:63)\n\tat io.appium.uiautomator2.handler.request.SafeRequestHandler.handle(SafeRequestHandler.java:59)\n\tat io.appium.uiautomator2.server.AppiumServlet.handleRequest(AppiumServlet.java:277)\n\tat io.appium.uiautomator2.server.AppiumServlet.handleHttpRequest(AppiumServlet.java:271)\n\tat io.appium.uiautomator2.http.ServerHandler.channelRead(ServerHandler.java:77)\n\tat io.netty.channel.AbstractChannelHandlerContext.invokeChannelRead(AbstractChannelHandlerContext.java:366)\n\tat io.netty.channel.AbstractChannelHandlerContext.invokeChannelRead(AbstractChannelHandlerContext.java:352)\n\tat io.netty.chann...
&amp#27;[38;5;146m[f6b00ff8]&amp#27;[0m&amp#27;[38;5;123m[W3C]&amp#27;[0m Matched W3C error code 'no such element' to NoSuchElementError
&amp#27;[38;5;146m[f6b00ff8]&amp#27;[0m&amp#27;[38;5;204m[AndroidUiautomator2Driver@8ede (f6b00ff8)]&amp#27;[0m Waited for 1096 ms so far
&amp#27;[38;5;146m[f6b00ff8]&amp#27;[0m&amp#27;[38;5;204m[AndroidUiautomator2Driver@8ede (f6b00ff8)]&amp#27;[0m Matched '/element' to command name 'findElement'
&amp#27;[38;5;146m[f6b00ff8]&amp#27;[0m&amp#27;[38;5;204m[AndroidUiautomator2Driver@8ede (f6b00ff8)]&amp#27;[0m Proxying [POST /element] to [POST http://127.0.0.1:8200/session/2dd13505-acb5-41d0-890f-14c65ee5d543/element] with body: {"strategy":"id","selector":"com.androidsample.generalstore:id/nameField","context":"","multiple":false}
&amp#27;[38;5;146m[f6b00ff8]&amp#27;[0m&amp#27;[38;5;204m[AndroidUiautomator2Driver@8ede (f6b00ff8)]&amp#27;[0m Got response with status 404: {"sessionId":"2dd13505-acb5-41d0-890f-14c65ee5d543","value":{"error":"no such element","message":"An element could not be located on the page using the given search parameters","stacktrace":"io.appium.uiautomator2.common.exceptions.ElementNotFoundException: An element could not be located on the page using the given search parameters\n\tat io.appium.uiautomator2.handler.FindElement.safeHandle(FindElement.java:63)\n\tat io.appium.uiautomator2.handler.request.SafeRequestHandler.handle(SafeRequestHandler.java:59)\n\tat io.appium.uiautomator2.server.AppiumServlet.handleRequest(AppiumServlet.java:277)\n\tat io.appium.uiautomator2.server.AppiumServlet.handleHttpRequest(AppiumServlet.java:271)\n\tat io.appium.uiautomator2.http.ServerHandler.channelRead(ServerHandler.java:77)\n\tat io.netty.channel.AbstractChannelHandlerContext.invokeChannelRead(AbstractChannelHandlerContext.java:366)\n\tat io.netty.channel.AbstractChannelHandlerContext.invokeChannelRead(AbstractChannelHandlerContext.java:352)\n\tat io.netty.chann...
&amp#27;[38;5;146m[f6b00ff8]&amp#27;[0m&amp#27;[38;5;123m[W3C]&amp#27;[0m Matched W3C error code 'no such element' to NoSuchElementError
&amp#27;[38;5;146m[f6b00ff8]&amp#27;[0m&amp#27;[38;5;204m[AndroidUiautomator2Driver@8ede (f6b00ff8)]&amp#27;[0m Waited for 1629 ms so far
&amp#27;[38;5;146m[f6b00ff8]&amp#27;[0m&amp#27;[38;5;204m[AndroidUiautomator2Driver@8ede (f6b00ff8)]&amp#27;[0m Matched '/element' to command name 'findElement'
&amp#27;[38;5;146m[f6b00ff8]&amp#27;[0m&amp#27;[38;5;204m[AndroidUiautomator2Driver@8ede (f6b00ff8)]&amp#27;[0m Proxying [POST /element] to [POST http://127.0.0.1:8200/session/2dd13505-acb5-41d0-890f-14c65ee5d543/element] with body: {"strategy":"id","selector":"com.androidsample.generalstore:id/nameField","context":"","multiple":false}
&amp#27;[38;5;146m[f6b00ff8]&amp#27;[0m&amp#27;[38;5;204m[AndroidUiautomator2Driver@8ede (f6b00ff8)]&amp#27;[0m Got response with status 404: {"sessionId":"2dd13505-acb5-41d0-890f-14c65ee5d543","value":{"error":"no such element","message":"An element could not be located on the page using the given search parameters","stacktrace":"io.appium.uiautomator2.common.exceptions.ElementNotFoundException: An element could not be located on the page using the given search parameters\n\tat io.appium.uiautomator2.handler.FindElement.safeHandle(FindElement.java:63)\n\tat io.appium.uiautomator2.handler.request.SafeRequestHandler.handle(SafeRequestHandler.java:59)\n\tat io.appium.uiautomator2.server.AppiumServlet.handleRequest(AppiumServlet.java:277)\n\tat io.appium.uiautomator2.server.AppiumServlet.handleHttpRequest(AppiumServlet.java:271)\n\tat io.appium.uiautomator2.http.ServerHandler.channelRead(ServerHandler.java:77)\n\tat io.netty.channel.AbstractChannelHandlerContext.invokeChannelRead(AbstractChannelHandlerContext.java:366)\n\tat io.netty.channel.AbstractChannelHandlerContext.invokeChannelRead(AbstractChannelHandlerContext.java:352)\n\tat io.netty.chann...
&amp#27;[38;5;146m[f6b00ff8]&amp#27;[0m&amp#27;[38;5;123m[W3C]&amp#27;[0m Matched W3C error code 'no such element' to NoSuchElementError
&amp#27;[38;5;146m[f6b00ff8]&amp#27;[0m&amp#27;[38;5;204m[AndroidUiautomator2Driver@8ede (f6b00ff8)]&amp#27;[0m Waited for 2165 ms so far
&amp#27;[38;5;146m[f6b00ff8]&amp#27;[0m&amp#27;[38;5;204m[AndroidUiautomator2Driver@8ede (f6b00ff8)]&amp#27;[0m Matched '/element' to command name 'findElement'
&amp#27;[38;5;146m[f6b00ff8]&amp#27;[0m&amp#27;[38;5;204m[AndroidUiautomator2Driver@8ede (f6b00ff8)]&amp#27;[0m Proxying [POST /element] to [POST http://127.0.0.1:8200/session/2dd13505-acb5-41d0-890f-14c65ee5d543/element] with body: {"strategy":"id","selector":"com.androidsample.generalstore:id/nameField","context":"","multiple":false}
&amp#27;[38;5;146m[f6b00ff8]&amp#27;[0m&amp#27;[38;5;204m[AndroidUiautomator2Driver@8ede (f6b00ff8)]&amp#27;[0m Got response with status 404: {"sessionId":"2dd13505-acb5-41d0-890f-14c65ee5d543","value":{"error":"no such element","message":"An element could not be located on the page using the given search parameters","stacktrace":"io.appium.uiautomator2.common.exceptions.ElementNotFoundException: An element could not be located on the page using the given search parameters\n\tat io.appium.uiautomator2.handler.FindElement.safeHandle(FindElement.java:63)\n\tat io.appium.uiautomator2.handler.request.SafeRequestHandler.handle(SafeRequestHandler.java:59)\n\tat io.appium.uiautomator2.server.AppiumServlet.handleRequest(AppiumServlet.java:277)\n\tat io.appium.uiautomator2.server.AppiumServlet.handleHttpRequest(AppiumServlet.java:271)\n\tat io.appium.uiautomator2.http.ServerHandler.channelRead(ServerHandler.java:77)\n\tat io.netty.channel.AbstractChannelHandlerContext.invokeChannelRead(AbstractChannelHandlerContext.java:366)\n\tat io.netty.channel.AbstractChannelHandlerContext.invokeChannelRead(AbstractChannelHandlerContext.java:352)\n\tat io.netty.chann...
&amp#27;[38;5;146m[f6b00ff8]&amp#27;[0m&amp#27;[38;5;123m[W3C]&amp#27;[0m Matched W3C error code 'no such element' to NoSuchElementError
&amp#27;[38;5;146m[f6b00ff8]&amp#27;[0m&amp#27;[38;5;204m[AndroidUiautomator2Driver@8ede (f6b00ff8)]&amp#27;[0m Waited for 2962 ms so far
&amp#27;[38;5;146m[f6b00ff8]&amp#27;[0m&amp#27;[38;5;204m[AndroidUiautomator2Driver@8ede (f6b00ff8)]&amp#27;[0m Matched '/element' to command name 'findElement'
&amp#27;[38;5;146m[f6b00ff8]&amp#27;[0m&amp#27;[38;5;204m[AndroidUiautomator2Driver@8ede (f6b00ff8)]&amp#27;[0m Proxying [POST /element] to [POST http://127.0.0.1:8200/session/2dd13505-acb5-41d0-890f-14c65ee5d543/element] with body: {"strategy":"id","selector":"com.androidsample.generalstore:id/nameField","context":"","multiple":false}
&amp#27;[38;5;146m[f6b00ff8]&amp#27;[0m&amp#27;[38;5;204m[AndroidUiautomator2Driver@8ede (f6b00ff8)]&amp#27;[0m Got response with status 404: {"sessionId":"2dd13505-acb5-41d0-890f-14c65ee5d543","value":{"error":"no such element","message":"An element could not be located on the page using the given search parameters","stacktrace":"io.appium.uiautomator2.common.exceptions.ElementNotFoundException: An element could not be located on the page using the given search parameters\n\tat io.appium.uiautomator2.handler.FindElement.safeHandle(FindElement.java:63)\n\tat io.appium.uiautomator2.handler.request.SafeRequestHandler.handle(SafeRequestHandler.java:59)\n\tat io.appium.uiautomator2.server.AppiumServlet.handleRequest(AppiumServlet.java:277)\n\tat io.appium.uiautomator2.server.AppiumServlet.handleHttpRequest(AppiumServlet.java:271)\n\tat io.appium.uiautomator2.http.ServerHandler.channelRead(ServerHandler.java:77)\n\tat io.netty.channel.AbstractChannelHandlerContext.invokeChannelRead(AbstractChannelHandlerContext.java:366)\n\tat io.netty.channel.AbstractChannelHandlerContext.invokeChannelRead(AbstractChannelHandlerContext.java:352)\n\tat io.netty.chann...
&amp#27;[38;5;146m[f6b00ff8]&amp#27;[0m&amp#27;[38;5;123m[W3C]&amp#27;[0m Matched W3C error code 'no such element' to NoSuchElementError
&amp#27;[38;5;146m[f6b00ff8]&amp#27;[0m&amp#27;[38;5;204m[AndroidUiautomator2Driver@8ede (f6b00ff8)]&amp#27;[0m Waited for 3494 ms so far
&amp#27;[38;5;146m[f6b00ff8]&amp#27;[0m&amp#27;[38;5;204m[AndroidUiautomator2Driver@8ede (f6b00ff8)]&amp#27;[0m Matched '/element' to command name 'findElement'
&amp#27;[38;5;146m[f6b00ff8]&amp#27;[0m&amp#27;[38;5;204m[AndroidUiautomator2Driver@8ede (f6b00ff8)]&amp#27;[0m Proxying [POST /element] to [POST http://127.0.0.1:8200/session/2dd13505-acb5-41d0-890f-14c65ee5d543/element] with body: {"strategy":"id","selector":"com.androidsample.generalstore:id/nameField","context":"","multiple":false}
&amp#27;[38;5;146m[f6b00ff8]&amp#27;[0m&amp#27;[38;5;204m[AndroidUiautomator2Driver@8ede (f6b00ff8)]&amp#27;[0m Got response with status 404: {"sessionId":"2dd13505-acb5-41d0-890f-14c65ee5d543","value":{"error":"no such element","message":"An element could not be located on the page using the given search parameters","stacktrace":"io.appium.uiautomator2.common.exceptions.ElementNotFoundException: An element could not be located on the page using the given search parameters\n\tat io.appium.uiautomator2.handler.FindElement.safeHandle(FindElement.java:63)\n\tat io.appium.uiautomator2.handler.request.SafeRequestHandler.handle(SafeRequestHandler.java:59)\n\tat io.appium.uiautomator2.server.AppiumServlet.handleRequest(AppiumServlet.java:277)\n\tat io.appium.uiautomator2.server.AppiumServlet.handleHttpRequest(AppiumServlet.java:271)\n\tat io.appium.uiautomator2.http.ServerHandler.channelRead(ServerHandler.java:77)\n\tat io.netty.channel.AbstractChannelHandlerContext.invokeChannelRead(AbstractChannelHandlerContext.java:366)\n\tat io.netty.channel.AbstractChannelHandlerContext.invokeChannelRead(AbstractChannelHandlerContext.java:352)\n\tat io.netty.chann...
&amp#27;[38;5;146m[f6b00ff8]&amp#27;[0m&amp#27;[38;5;123m[W3C]&amp#27;[0m Matched W3C error code 'no such element' to NoSuchElementError
&amp#27;[38;5;146m[f6b00ff8]&amp#27;[0m&amp#27;[38;5;204m[AndroidUiautomator2Driver@8ede (f6b00ff8)]&amp#27;[0m Waited for 4030 ms so far
&amp#27;[38;5;146m[f6b00ff8]&amp#27;[0m&amp#27;[38;5;204m[AndroidUiautomator2Driver@8ede (f6b00ff8)]&amp#27;[0m Matched '/element' to command name 'findElement'
&amp#27;[38;5;146m[f6b00ff8]&amp#27;[0m&amp#27;[38;5;204m[AndroidUiautomator2Driver@8ede (f6b00ff8)]&amp#27;[0m Proxying [POST /element] to [POST http://127.0.0.1:8200/session/2dd13505-acb5-41d0-890f-14c65ee5d543/element] with body: {"strategy":"id","selector":"com.androidsample.generalstore:id/nameField","context":"","multiple":false}
&amp#27;[38;5;146m[f6b00ff8]&amp#27;[0m&amp#27;[38;5;204m[AndroidUiautomator2Driver@8ede (f6b00ff8)]&amp#27;[0m Got response with status 404: {"sessionId":"2dd13505-acb5-41d0-890f-14c65ee5d543","value":{"error":"no such element","message":"An element could not be located on the page using the given search parameters","stacktrace":"io.appium.uiautomator2.common.exceptions.ElementNotFoundException: An element could not be located on the page using the given search parameters\n\tat io.appium.uiautomator2.handler.FindElement.safeHandle(FindElement.java:63)\n\tat io.appium.uiautomator2.handler.request.SafeRequestHandler.handle(SafeRequestHandler.java:59)\n\tat io.appium.uiautomator2.server.AppiumServlet.handleRequest(AppiumServlet.java:277)\n\tat io.appium.uiautomator2.server.AppiumServlet.handleHttpRequest(AppiumServlet.java:271)\n\tat io.appium.uiautomator2.http.ServerHandler.channelRead(ServerHandler.java:77)\n\tat io.netty.channel.AbstractChannelHandlerContext.invokeChannelRead(AbstractChannelHandlerContext.java:366)\n\tat io.netty.channel.AbstractChannelHandlerContext.invokeChannelRead(AbstractChannelHandlerContext.java:352)\n\tat io.netty.chann...
&amp#27;[38;5;146m[f6b00ff8]&amp#27;[0m&amp#27;[38;5;123m[W3C]&amp#27;[0m Matched W3C error code 'no such element' to NoSuchElementError
&amp#27;[38;5;146m[f6b00ff8]&amp#27;[0m&amp#27;[38;5;204m[AndroidUiautomator2Driver@8ede (f6b00ff8)]&amp#27;[0m Waited for 4567 ms so far
&amp#27;[38;5;146m[f6b00ff8]&amp#27;[0m&amp#27;[38;5;204m[AndroidUiautomator2Driver@8ede (f6b00ff8)]&amp#27;[0m Matched '/element' to command name 'findElement'
&amp#27;[38;5;146m[f6b00ff8]&amp#27;[0m&amp#27;[38;5;204m[AndroidUiautomator2Driver@8ede (f6b00ff8)]&amp#27;[0m Proxying [POST /element] to [POST http://127.0.0.1:8200/session/2dd13505-acb5-41d0-890f-14c65ee5d543/element] with body: {"strategy":"id","selector":"com.androidsample.generalstore:id/nameField","context":"","multiple":false}
&amp#27;[38;5;146m[f6b00ff8]&amp#27;[0m&amp#27;[38;5;204m[AndroidUiautomator2Driver@8ede (f6b00ff8)]&amp#27;[0m Got response with status 404: {"sessionId":"2dd13505-acb5-41d0-890f-14c65ee5d543","value":{"error":"no such element","message":"An element could not be located on the page using the given search parameters","stacktrace":"io.appium.uiautomator2.common.exceptions.ElementNotFoundException: An element could not be located on the page using the given search parameters\n\tat io.appium.uiautomator2.handler.FindElement.safeHandle(FindElement.java:63)\n\tat io.appium.uiautomator2.handler.request.SafeRequestHandler.handle(SafeRequestHandler.java:59)\n\tat io.appium.uiautomator2.server.AppiumServlet.handleRequest(AppiumServlet.java:277)\n\tat io.appium.uiautomator2.server.AppiumServlet.handleHttpRequest(AppiumServlet.java:271)\n\tat io.appium.uiautomator2.http.ServerHandler.channelRead(ServerHandler.java:77)\n\tat io.netty.channel.AbstractChannelHandlerContext.invokeChannelRead(AbstractChannelHandlerContext.java:366)\n\tat io.netty.channel.AbstractChannelHandlerContext.invokeChannelRead(AbstractChannelHandlerContext.java:352)\n\tat io.netty.chann...
&amp#27;[38;5;146m[f6b00ff8]&amp#27;[0m&amp#27;[38;5;123m[W3C]&amp#27;[0m Matched W3C error code 'no such element' to NoSuchElementError
&amp#27;[38;5;146m[f6b00ff8]&amp#27;[0m&amp#27;[38;5;204m[AndroidUiautomator2Driver@8ede (f6b00ff8)]&amp#27;[0m Waited for 5102 ms so far
&amp#27;[38;5;146m[f6b00ff8]&amp#27;[0m&amp#27;[38;5;204m[AndroidUiautomator2Driver@8ede (f6b00ff8)]&amp#27;[0m Matched '/element' to command name 'findElement'
&amp#27;[38;5;146m[f6b00ff8]&amp#27;[0m&amp#27;[38;5;204m[AndroidUiautomator2Driver@8ede (f6b00ff8)]&amp#27;[0m Proxying [POST /element] to [POST http://127.0.0.1:8200/session/2dd13505-acb5-41d0-890f-14c65ee5d543/element] with body: {"strategy":"id","selector":"com.androidsample.generalstore:id/nameField","context":"","multiple":false}
&amp#27;[38;5;146m[f6b00ff8]&amp#27;[0m&amp#27;[38;5;204m[AndroidUiautomator2Driver@8ede (f6b00ff8)]&amp#27;[0m Got response with status 404: {"sessionId":"2dd13505-acb5-41d0-890f-14c65ee5d543","value":{"error":"no such element","message":"An element could not be located on the page using the given search parameters","stacktrace":"io.appium.uiautomator2.common.exceptions.ElementNotFoundException: An element could not be located on the page using the given search parameters\n\tat io.appium.uiautomator2.handler.FindElement.safeHandle(FindElement.java:63)\n\tat io.appium.uiautomator2.handler.request.SafeRequestHandler.handle(SafeRequestHandler.java:59)\n\tat io.appium.uiautomator2.server.AppiumServlet.handleRequest(AppiumServlet.java:277)\n\tat io.appium.uiautomator2.server.AppiumServlet.handleHttpRequest(AppiumServlet.java:271)\n\tat io.appium.uiautomator2.http.ServerHandler.channelRead(ServerHandler.java:77)\n\tat io.netty.channel.AbstractChannelHandlerContext.invokeChannelRead(AbstractChannelHandlerContext.java:366)\n\tat io.netty.channel.AbstractChannelHandlerContext.invokeChannelRead(AbstractChannelHandlerContext.java:352)\n\tat io.netty.chann...
&amp#27;[38;5;146m[f6b00ff8]&amp#27;[0m&amp#27;[38;5;123m[W3C]&amp#27;[0m Matched W3C error code 'no such element' to NoSuchElementError
&amp#27;[38;5;146m[f6b00ff8]&amp#27;[0m&amp#27;[38;5;204m[AndroidUiautomator2Driver@8ede (f6b00ff8)]&amp#27;[0m Waited for 5638 ms so far
&amp#27;[38;5;146m[f6b00ff8]&amp#27;[0m&amp#27;[38;5;204m[AndroidUiautomator2Driver@8ede (f6b00ff8)]&amp#27;[0m Matched '/element' to command name 'findElement'
&amp#27;[38;5;146m[f6b00ff8]&amp#27;[0m&amp#27;[38;5;204m[AndroidUiautomator2Driver@8ede (f6b00ff8)]&amp#27;[0m Proxying [POST /element] to [POST http://127.0.0.1:8200/session/2dd13505-acb5-41d0-890f-14c65ee5d543/element] with body: {"strategy":"id","selector":"com.androidsample.generalstore:id/nameField","context":"","multiple":false}
&amp#27;[38;5;146m[f6b00ff8]&amp#27;[0m&amp#27;[38;5;204m[AndroidUiautomator2Driver@8ede (f6b00ff8)]&amp#27;[0m Got response with status 404: {"sessionId":"2dd13505-acb5-41d0-890f-14c65ee5d543","value":{"error":"no such element","message":"An element could not be located on the page using the given search parameters","stacktrace":"io.appium.uiautomator2.common.exceptions.ElementNotFoundException: An element could not be located on the page using the given search parameters\n\tat io.appium.uiautomator2.handler.FindElement.safeHandle(FindElement.java:63)\n\tat io.appium.uiautomator2.handler.request.SafeRequestHandler.handle(SafeRequestHandler.java:59)\n\tat io.appium.uiautomator2.server.AppiumServlet.handleRequest(AppiumServlet.java:277)\n\tat io.appium.uiautomator2.server.AppiumServlet.handleHttpRequest(AppiumServlet.java:271)\n\tat io.appium.uiautomator2.http.ServerHandler.channelRead(ServerHandler.java:77)\n\tat io.netty.channel.AbstractChannelHandlerContext.invokeChannelRead(AbstractChannelHandlerContext.java:366)\n\tat io.netty.channel.AbstractChannelHandlerContext.invokeChannelRead(AbstractChannelHandlerContext.java:352)\n\tat io.netty.chann...
&amp#27;[38;5;146m[f6b00ff8]&amp#27;[0m&amp#27;[38;5;123m[W3C]&amp#27;[0m Matched W3C error code 'no such element' to NoSuchElementError
&amp#27;[38;5;146m[f6b00ff8]&amp#27;[0m&amp#27;[38;5;204m[AndroidUiautomator2Driver@8ede (f6b00ff8)]&amp#27;[0m Waited for 6230 ms so far
&amp#27;[38;5;146m[f6b00ff8]&amp#27;[0m&amp#27;[38;5;204m[AndroidUiautomator2Driver@8ede (f6b00ff8)]&amp#27;[0m Matched '/element' to command name 'findElement'
&amp#27;[38;5;146m[f6b00ff8]&amp#27;[0m&amp#27;[38;5;204m[AndroidUiautomator2Driver@8ede (f6b00ff8)]&amp#27;[0m Proxying [POST /element] to [POST http://127.0.0.1:8200/session/2dd13505-acb5-41d0-890f-14c65ee5d543/element] with body: {"strategy":"id","selector":"com.androidsample.generalstore:id/nameField","context":"","multiple":false}
&amp#27;[38;5;146m[f6b00ff8]&amp#27;[0m&amp#27;[38;5;204m[AndroidUiautomator2Driver@8ede (f6b00ff8)]&amp#27;[0m Got response with status 404: {"sessionId":"2dd13505-acb5-41d0-890f-14c65ee5d543","value":{"error":"no such element","message":"An element could not be located on the page using the given search parameters","stacktrace":"io.appium.uiautomator2.common.exceptions.ElementNotFoundException: An element could not be located on the page using the given search parameters\n\tat io.appium.uiautomator2.handler.FindElement.safeHandle(FindElement.java:63)\n\tat io.appium.uiautomator2.handler.request.SafeRequestHandler.handle(SafeRequestHandler.java:59)\n\tat io.appium.uiautomator2.server.AppiumServlet.handleRequest(AppiumServlet.java:277)\n\tat io.appium.uiautomator2.server.AppiumServlet.handleHttpRequest(AppiumServlet.java:271)\n\tat io.appium.uiautomator2.http.ServerHandler.channelRead(ServerHandler.java:77)\n\tat io.netty.channel.AbstractChannelHandlerContext.invokeChannelRead(AbstractChannelHandlerContext.java:366)\n\tat io.netty.channel.AbstractChannelHandlerContext.invokeChannelRead(AbstractChannelHandlerContext.java:352)\n\tat io.netty.chann...
&amp#27;[38;5;146m[f6b00ff8]&amp#27;[0m&amp#27;[38;5;123m[W3C]&amp#27;[0m Matched W3C error code 'no such element' to NoSuchElementError
&amp#27;[38;5;146m[f6b00ff8]&amp#27;[0m&amp#27;[38;5;204m[AndroidUiautomator2Driver@8ede (f6b00ff8)]&amp#27;[0m Waited for 6774 ms so far
&amp#27;[38;5;146m[f6b00ff8]&amp#27;[0m&amp#27;[38;5;204m[AndroidUiautomator2Driver@8ede (f6b00ff8)]&amp#27;[0m Matched '/element' to command name 'findElement'
&amp#27;[38;5;146m[f6b00ff8]&amp#27;[0m&amp#27;[38;5;204m[AndroidUiautomator2Driver@8ede (f6b00ff8)]&amp#27;[0m Proxying [POST /element] to [POST http://127.0.0.1:8200/session/2dd13505-acb5-41d0-890f-14c65ee5d543/element] with body: {"strategy":"id","selector":"com.androidsample.generalstore:id/nameField","context":"","multiple":false}
&amp#27;[38;5;146m[f6b00ff8]&amp#27;[0m&amp#27;[38;5;204m[AndroidUiautomator2Driver@8ede (f6b00ff8)]&amp#27;[0m Got response with status 404: {"sessionId":"2dd13505-acb5-41d0-890f-14c65ee5d543","value":{"error":"no such element","message":"An element could not be located on the page using the given search parameters","stacktrace":"io.appium.uiautomator2.common.exceptions.ElementNotFoundException: An element could not be located on the page using the given search parameters\n\tat io.appium.uiautomator2.handler.FindElement.safeHandle(FindElement.java:63)\n\tat io.appium.uiautomator2.handler.request.SafeRequestHandler.handle(SafeRequestHandler.java:59)\n\tat io.appium.uiautomator2.server.AppiumServlet.handleRequest(AppiumServlet.java:277)\n\tat io.appium.uiautomator2.server.AppiumServlet.handleHttpRequest(AppiumServlet.java:271)\n\tat io.appium.uiautomator2.http.ServerHandler.channelRead(ServerHandler.java:77)\n\tat io.netty.channel.AbstractChannelHandlerContext.invokeChannelRead(AbstractChannelHandlerContext.java:366)\n\tat io.netty.channel.AbstractChannelHandlerContext.invokeChannelRead(AbstractChannelHandlerContext.java:352)\n\tat io.netty.chann...
&amp#27;[38;5;146m[f6b00ff8]&amp#27;[0m&amp#27;[38;5;123m[W3C]&amp#27;[0m Matched W3C error code 'no such element' to NoSuchElementError
&amp#27;[38;5;146m[f6b00ff8]&amp#27;[0m&amp#27;[38;5;204m[AndroidUiautomator2Driver@8ede (f6b00ff8)]&amp#27;[0m Waited for 7317 ms so far
&amp#27;[38;5;146m[f6b00ff8]&amp#27;[0m&amp#27;[38;5;204m[AndroidUiautomator2Driver@8ede (f6b00ff8)]&amp#27;[0m Matched '/element' to command name 'findElement'
&amp#27;[38;5;146m[f6b00ff8]&amp#27;[0m&amp#27;[38;5;204m[AndroidUiautomator2Driver@8ede (f6b00ff8)]&amp#27;[0m Proxying [POST /element] to [POST http://127.0.0.1:8200/session/2dd13505-acb5-41d0-890f-14c65ee5d543/element] with body: {"strategy":"id","selector":"com.androidsample.generalstore:id/nameField","context":"","multiple":false}
&amp#27;[38;5;146m[f6b00ff8]&amp#27;[0m&amp#27;[38;5;204m[AndroidUiautomator2Driver@8ede (f6b00ff8)]&amp#27;[0m Got response with status 404: {"sessionId":"2dd13505-acb5-41d0-890f-14c65ee5d543","value":{"error":"no such element","message":"An element could not be located on the page using the given search parameters","stacktrace":"io.appium.uiautomator2.common.exceptions.ElementNotFoundException: An element could not be located on the page using the given search parameters\n\tat io.appium.uiautomator2.handler.FindElement.safeHandle(FindElement.java:63)\n\tat io.appium.uiautomator2.handler.request.SafeRequestHandler.handle(SafeRequestHandler.java:59)\n\tat io.appium.uiautomator2.server.AppiumServlet.handleRequest(AppiumServlet.java:277)\n\tat io.appium.uiautomator2.server.AppiumServlet.handleHttpRequest(AppiumServlet.java:271)\n\tat io.appium.uiautomator2.http.ServerHandler.channelRead(ServerHandler.java:77)\n\tat io.netty.channel.AbstractChannelHandlerContext.invokeChannelRead(AbstractChannelHandlerContext.java:366)\n\tat io.netty.channel.AbstractChannelHandlerContext.invokeChannelRead(AbstractChannelHandlerContext.java:352)\n\tat io.netty.chann...
&amp#27;[38;5;146m[f6b00ff8]&amp#27;[0m&amp#27;[38;5;123m[W3C]&amp#27;[0m Matched W3C error code 'no such element' to NoSuchElementError
&amp#27;[38;5;146m[f6b00ff8]&amp#27;[0m&amp#27;[38;5;204m[AndroidUiautomator2Driver@8ede (f6b00ff8)]&amp#27;[0m Waited for 7853 ms so far
&amp#27;[38;5;146m[f6b00ff8]&amp#27;[0m&amp#27;[38;5;204m[AndroidUiautomator2Driver@8ede (f6b00ff8)]&amp#27;[0m Matched '/element' to command name 'findElement'
&amp#27;[38;5;146m[f6b00ff8]&amp#27;[0m&amp#27;[38;5;204m[AndroidUiautomator2Driver@8ede (f6b00ff8)]&amp#27;[0m Proxying [POST /element] to [POST http://127.0.0.1:8200/session/2dd13505-acb5-41d0-890f-14c65ee5d543/element] with body: {"strategy":"id","selector":"com.androidsample.generalstore:id/nameField","context":"","multiple":false}
&amp#27;[38;5;146m[f6b00ff8]&amp#27;[0m&amp#27;[38;5;204m[AndroidUiautomator2Driver@8ede (f6b00ff8)]&amp#27;[0m Got response with status 404: {"sessionId":"2dd13505-acb5-41d0-890f-14c65ee5d543","value":{"error":"no such element","message":"An element could not be located on the page using the given search parameters","stacktrace":"io.appium.uiautomator2.common.exceptions.ElementNotFoundException: An element could not be located on the page using the given search parameters\n\tat io.appium.uiautomator2.handler.FindElement.safeHandle(FindElement.java:63)\n\tat io.appium.uiautomator2.handler.request.SafeRequestHandler.handle(SafeRequestHandler.java:59)\n\tat io.appium.uiautomator2.server.AppiumServlet.handleRequest(AppiumServlet.java:277)\n\tat io.appium.uiautomator2.server.AppiumServlet.handleHttpRequest(AppiumServlet.java:271)\n\tat io.appium.uiautomator2.http.ServerHandler.channelRead(ServerHandler.java:77)\n\tat io.netty.channel.AbstractChannelHandlerContext.invokeChannelRead(AbstractChannelHandlerContext.java:366)\n\tat io.netty.channel.AbstractChannelHandlerContext.invokeChannelRead(AbstractChannelHandlerContext.java:352)\n\tat io.netty.chann...
&amp#27;[38;5;146m[f6b00ff8]&amp#27;[0m&amp#27;[38;5;123m[W3C]&amp#27;[0m Matched W3C error code 'no such element' to NoSuchElementError
&amp#27;[38;5;146m[f6b00ff8]&amp#27;[0m&amp#27;[38;5;204m[AndroidUiautomator2Driver@8ede (f6b00ff8)]&amp#27;[0m Waited for 8387 ms so far
&amp#27;[38;5;146m[f6b00ff8]&amp#27;[0m&amp#27;[38;5;204m[AndroidUiautomator2Driver@8ede (f6b00ff8)]&amp#27;[0m Matched '/element' to command name 'findElement'
&amp#27;[38;5;146m[f6b00ff8]&amp#27;[0m&amp#27;[38;5;204m[AndroidUiautomator2Driver@8ede (f6b00ff8)]&amp#27;[0m Proxying [POST /element] to [POST http://127.0.0.1:8200/session/2dd13505-acb5-41d0-890f-14c65ee5d543/element] with body: {"strategy":"id","selector":"com.androidsample.generalstore:id/nameField","context":"","multiple":false}
&amp#27;[38;5;146m[f6b00ff8]&amp#27;[0m&amp#27;[38;5;204m[AndroidUiautomator2Driver@8ede (f6b00ff8)]&amp#27;[0m Got response with status 404: {"sessionId":"2dd13505-acb5-41d0-890f-14c65ee5d543","value":{"error":"no such element","message":"An element could not be located on the page using the given search parameters","stacktrace":"io.appium.uiautomator2.common.exceptions.ElementNotFoundException: An element could not be located on the page using the given search parameters\n\tat io.appium.uiautomator2.handler.FindElement.safeHandle(FindElement.java:63)\n\tat io.appium.uiautomator2.handler.request.SafeRequestHandler.handle(SafeRequestHandler.java:59)\n\tat io.appium.uiautomator2.server.AppiumServlet.handleRequest(AppiumServlet.java:277)\n\tat io.appium.uiautomator2.server.AppiumServlet.handleHttpRequest(AppiumServlet.java:271)\n\tat io.appium.uiautomator2.http.ServerHandler.channelRead(ServerHandler.java:77)\n\tat io.netty.channel.AbstractChannelHandlerContext.invokeChannelRead(AbstractChannelHandlerContext.java:366)\n\tat io.netty.channel.AbstractChannelHandlerContext.invokeChannelRead(AbstractChannelHandlerContext.java:352)\n\tat io.netty.chann...
&amp#27;[38;5;146m[f6b00ff8]&amp#27;[0m&amp#27;[38;5;123m[W3C]&amp#27;[0m Matched W3C error code 'no such element' to NoSuchElementError
&amp#27;[38;5;146m[f6b00ff8]&amp#27;[0m&amp#27;[38;5;204m[AndroidUiautomator2Driver@8ede (f6b00ff8)]&amp#27;[0m Waited for 8921 ms so far
&amp#27;[38;5;146m[f6b00ff8]&amp#27;[0m&amp#27;[38;5;204m[AndroidUiautomator2Driver@8ede (f6b00ff8)]&amp#27;[0m Matched '/element' to command name 'findElement'
&amp#27;[38;5;146m[f6b00ff8]&amp#27;[0m&amp#27;[38;5;204m[AndroidUiautomator2Driver@8ede (f6b00ff8)]&amp#27;[0m Proxying [POST /element] to [POST http://127.0.0.1:8200/session/2dd13505-acb5-41d0-890f-14c65ee5d543/element] with body: {"strategy":"id","selector":"com.androidsample.generalstore:id/nameField","context":"","multiple":false}
&amp#27;[38;5;146m[f6b00ff8]&amp#27;[0m&amp#27;[38;5;204m[AndroidUiautomator2Driver@8ede (f6b00ff8)]&amp#27;[0m Got response with status 404: {"sessionId":"2dd13505-acb5-41d0-890f-14c65ee5d543","value":{"error":"no such element","message":"An element could not be located on the page using the given search parameters","stacktrace":"io.appium.uiautomator2.common.exceptions.ElementNotFoundException: An element could not be located on the page using the given search parameters\n\tat io.appium.uiautomator2.handler.FindElement.safeHandle(FindElement.java:63)\n\tat io.appium.uiautomator2.handler.request.SafeRequestHandler.handle(SafeRequestHandler.java:59)\n\tat io.appium.uiautomator2.server.AppiumServlet.handleRequest(AppiumServlet.java:277)\n\tat io.appium.uiautomator2.server.AppiumServlet.handleHttpRequest(AppiumServlet.java:271)\n\tat io.appium.uiautomator2.http.ServerHandler.channelRead(ServerHandler.java:77)\n\tat io.netty.channel.AbstractChannelHandlerContext.invokeChannelRead(AbstractChannelHandlerContext.java:366)\n\tat io.netty.channel.AbstractChannelHandlerContext.invokeChannelRead(AbstractChannelHandlerContext.java:352)\n\tat io.netty.chann...
&amp#27;[38;5;146m[f6b00ff8]&amp#27;[0m&amp#27;[38;5;123m[W3C]&amp#27;[0m Matched W3C error code 'no such element' to NoSuchElementError
&amp#27;[38;5;146m[f6b00ff8]&amp#27;[0m&amp#27;[38;5;204m[AndroidUiautomator2Driver@8ede (f6b00ff8)]&amp#27;[0m Waited for 9458 ms so far
&amp#27;[38;5;146m[f6b00ff8]&amp#27;[0m&amp#27;[38;5;204m[AndroidUiautomator2Driver@8ede (f6b00ff8)]&amp#27;[0m Matched '/element' to command name 'findElement'
&amp#27;[38;5;146m[f6b00ff8]&amp#27;[0m&amp#27;[38;5;204m[AndroidUiautomator2Driver@8ede (f6b00ff8)]&amp#27;[0m Proxying [POST /element] to [POST http://127.0.0.1:8200/session/2dd13505-acb5-41d0-890f-14c65ee5d543/element] with body: {"strategy":"id","selector":"com.androidsample.generalstore:id/nameField","context":"","multiple":false}
&amp#27;[38;5;146m[f6b00ff8]&amp#27;[0m&amp#27;[38;5;204m[AndroidUiautomator2Driver@8ede (f6b00ff8)]&amp#27;[0m Got response with status 404: {"sessionId":"2dd13505-acb5-41d0-890f-14c65ee5d543","value":{"error":"no such element","message":"An element could not be located on the page using the given search parameters","stacktrace":"io.appium.uiautomator2.common.exceptions.ElementNotFoundException: An element could not be located on the page using the given search parameters\n\tat io.appium.uiautomator2.handler.FindElement.safeHandle(FindElement.java:63)\n\tat io.appium.uiautomator2.handler.request.SafeRequestHandler.handle(SafeRequestHandler.java:59)\n\tat io.appium.uiautomator2.server.AppiumServlet.handleRequest(AppiumServlet.java:277)\n\tat io.appium.uiautomator2.server.AppiumServlet.handleHttpRequest(AppiumServlet.java:271)\n\tat io.appium.uiautomator2.http.ServerHandler.channelRead(ServerHandler.java:77)\n\tat io.netty.channel.AbstractChannelHandlerContext.invokeChannelRead(AbstractChannelHandlerContext.java:366)\n\tat io.netty.channel.AbstractChannelHandlerContext.invokeChannelRead(AbstractChannelHandlerContext.java:352)\n\tat io.netty.chann...
&amp#27;[38;5;146m[f6b00ff8]&amp#27;[0m&amp#27;[38;5;123m[W3C]&amp#27;[0m Matched W3C error code 'no such element' to NoSuchElementError
&amp#27;[38;5;146m[f6b00ff8]&amp#27;[0m&amp#27;[38;5;204m[AndroidUiautomator2Driver@8ede (f6b00ff8)]&amp#27;[0m Waited for 9993 ms so far
&amp#27;[38;5;146m[f6b00ff8]&amp#27;[0m&amp#27;[38;5;204m[AndroidUiautomator2Driver@8ede (f6b00ff8)]&amp#27;[0m Matched '/element' to command name 'findElement'
&amp#27;[38;5;146m[f6b00ff8]&amp#27;[0m&amp#27;[38;5;204m[AndroidUiautomator2Driver@8ede (f6b00ff8)]&amp#27;[0m Proxying [POST /element] to [POST http://127.0.0.1:8200/session/2dd13505-acb5-41d0-890f-14c65ee5d543/element] with body: {"strategy":"id","selector":"com.androidsample.generalstore:id/nameField","context":"","multiple":false}
&amp#27;[38;5;146m[f6b00ff8]&amp#27;[0m&amp#27;[38;5;204m[AndroidUiautomator2Driver@8ede (f6b00ff8)]&amp#27;[0m Got response with status 404: {"sessionId":"2dd13505-acb5-41d0-890f-14c65ee5d543","value":{"error":"no such element","message":"An element could not be located on the page using the given search parameters","stacktrace":"io.appium.uiautomator2.common.exceptions.ElementNotFoundException: An element could not be located on the page using the given search parameters\n\tat io.appium.uiautomator2.handler.FindElement.safeHandle(FindElement.java:63)\n\tat io.appium.uiautomator2.handler.request.SafeRequestHandler.handle(SafeRequestHandler.java:59)\n\tat io.appium.uiautomator2.server.AppiumServlet.handleRequest(AppiumServlet.java:277)\n\tat io.appium.uiautomator2.server.AppiumServlet.handleHttpRequest(AppiumServlet.java:271)\n\tat io.appium.uiautomator2.http.ServerHandler.channelRead(ServerHandler.java:77)\n\tat io.netty.channel.AbstractChannelHandlerContext.invokeChannelRead(AbstractChannelHandlerContext.java:366)\n\tat io.netty.channel.AbstractChannelHandlerContext.invokeChannelRead(AbstractChannelHandlerContext.java:352)\n\tat io.netty.chann...
&amp#27;[38;5;146m[f6b00ff8]&amp#27;[0m&amp#27;[38;5;123m[W3C]&amp#27;[0m Matched W3C error code 'no such element' to NoSuchElementError
&amp#27;[38;5;146m[f6b00ff8]&amp#27;[0m&amp#27;[38;5;204m[AndroidUiautomator2Driver@8ede (f6b00ff8)]&amp#27;[0m Waited for 10530 ms so far
&amp#27;[38;5;146m[f6b00ff8]&amp#27;[0m&amp#27;[38;5;204m[AndroidUiautomator2Driver@8ede (f6b00ff8)]&amp#27;[0m Matched '/element' to command name 'findElement'
&amp#27;[38;5;146m[f6b00ff8]&amp#27;[0m&amp#27;[38;5;204m[AndroidUiautomator2Driver@8ede (f6b00ff8)]&amp#27;[0m Proxying [POST /element] to [POST http://127.0.0.1:8200/session/2dd13505-acb5-41d0-890f-14c65ee5d543/element] with body: {"strategy":"id","selector":"com.androidsample.generalstore:id/nameField","context":"","multiple":false}
&amp#27;[38;5;146m[f6b00ff8]&amp#27;[0m&amp#27;[38;5;204m[AndroidUiautomator2Driver@8ede (f6b00ff8)]&amp#27;[0m Got response with status 404: {"sessionId":"2dd13505-acb5-41d0-890f-14c65ee5d543","value":{"error":"no such element","message":"An element could not be located on the page using the given search parameters","stacktrace":"io.appium.uiautomator2.common.exceptions.ElementNotFoundException: An element could not be located on the page using the given search parameters\n\tat io.appium.uiautomator2.handler.FindElement.safeHandle(FindElement.java:63)\n\tat io.appium.uiautomator2.handler.request.SafeRequestHandler.handle(SafeRequestHandler.java:59)\n\tat io.appium.uiautomator2.server.AppiumServlet.handleRequest(AppiumServlet.java:277)\n\tat io.appium.uiautomator2.server.AppiumServlet.handleHttpRequest(AppiumServlet.java:271)\n\tat io.appium.uiautomator2.http.ServerHandler.channelRead(ServerHandler.java:77)\n\tat io.netty.channel.AbstractChannelHandlerContext.invokeChannelRead(AbstractChannelHandlerContext.java:366)\n\tat io.netty.channel.AbstractChannelHandlerContext.invokeChannelRead(AbstractChannelHandlerContext.java:352)\n\tat io.netty.chann...
&amp#27;[38;5;146m[f6b00ff8]&amp#27;[0m&amp#27;[38;5;123m[W3C]&amp#27;[0m Matched W3C error code 'no such element' to NoSuchElementError
&amp#27;[38;5;146m[f6b00ff8]&amp#27;[0m&amp#27;[38;5;204m[AndroidUiautomator2Driver@8ede (f6b00ff8)]&amp#27;[0m Waited for 11061 ms so far
&amp#27;[38;5;146m[f6b00ff8]&amp#27;[0m&amp#27;[38;5;204m[AndroidUiautomator2Driver@8ede (f6b00ff8)]&amp#27;[0m Matched '/element' to command name 'findElement'
&amp#27;[38;5;146m[f6b00ff8]&amp#27;[0m&amp#27;[38;5;204m[AndroidUiautomator2Driver@8ede (f6b00ff8)]&amp#27;[0m Proxying [POST /element] to [POST http://127.0.0.1:8200/session/2dd13505-acb5-41d0-890f-14c65ee5d543/element] with body: {"strategy":"id","selector":"com.androidsample.generalstore:id/nameField","context":"","multiple":false}
&amp#27;[38;5;146m[f6b00ff8]&amp#27;[0m&amp#27;[38;5;204m[AndroidUiautomator2Driver@8ede (f6b00ff8)]&amp#27;[0m Got response with status 404: {"sessionId":"2dd13505-acb5-41d0-890f-14c65ee5d543","value":{"error":"no such element","message":"An element could not be located on the page using the given search parameters","stacktrace":"io.appium.uiautomator2.common.exceptions.ElementNotFoundException: An element could not be located on the page using the given search parameters\n\tat io.appium.uiautomator2.handler.FindElement.safeHandle(FindElement.java:63)\n\tat io.appium.uiautomator2.handler.request.SafeRequestHandler.handle(SafeRequestHandler.java:59)\n\tat io.appium.uiautomator2.server.AppiumServlet.handleRequest(AppiumServlet.java:277)\n\tat io.appium.uiautomator2.server.AppiumServlet.handleHttpRequest(AppiumServlet.java:271)\n\tat io.appium.uiautomator2.http.ServerHandler.channelRead(ServerHandler.java:77)\n\tat io.netty.channel.AbstractChannelHandlerContext.invokeChannelRead(AbstractChannelHandlerContext.java:366)\n\tat io.netty.channel.AbstractChannelHandlerContext.invokeChannelRead(AbstractChannelHandlerContext.java:352)\n\tat io.netty.chann...
&amp#27;[38;5;146m[f6b00ff8]&amp#27;[0m&amp#27;[38;5;123m[W3C]&amp#27;[0m Matched W3C error code 'no such element' to NoSuchElementError
&amp#27;[38;5;146m[f6b00ff8]&amp#27;[0m&amp#27;[38;5;204m[AndroidUiautomator2Driver@8ede (f6b00ff8)]&amp#27;[0m Waited for 11598 ms so far
&amp#27;[38;5;146m[f6b00ff8]&amp#27;[0m&amp#27;[38;5;204m[AndroidUiautomator2Driver@8ede (f6b00ff8)]&amp#27;[0m Matched '/element' to command name 'findElement'
&amp#27;[38;5;146m[f6b00ff8]&amp#27;[0m&amp#27;[38;5;204m[AndroidUiautomator2Driver@8ede (f6b00ff8)]&amp#27;[0m Proxying [POST /element] to [POST http://127.0.0.1:8200/session/2dd13505-acb5-41d0-890f-14c65ee5d543/element] with body: {"strategy":"id","selector":"com.androidsample.generalstore:id/nameField","context":"","multiple":false}
&amp#27;[38;5;146m[f6b00ff8]&amp#27;[0m&amp#27;[38;5;204m[AndroidUiautomator2Driver@8ede (f6b00ff8)]&amp#27;[0m Got response with status 404: {"sessionId":"2dd13505-acb5-41d0-890f-14c65ee5d543","value":{"error":"no such element","message":"An element could not be located on the page using the given search parameters","stacktrace":"io.appium.uiautomator2.common.exceptions.ElementNotFoundException: An element could not be located on the page using the given search parameters\n\tat io.appium.uiautomator2.handler.FindElement.safeHandle(FindElement.java:63)\n\tat io.appium.uiautomator2.handler.request.SafeRequestHandler.handle(SafeRequestHandler.java:59)\n\tat io.appium.uiautomator2.server.AppiumServlet.handleRequest(AppiumServlet.java:277)\n\tat io.appium.uiautomator2.server.AppiumServlet.handleHttpRequest(AppiumServlet.java:271)\n\tat io.appium.uiautomator2.http.ServerHandler.channelRead(ServerHandler.java:77)\n\tat io.netty.channel.AbstractChannelHandlerContext.invokeChannelRead(AbstractChannelHandlerContext.java:366)\n\tat io.netty.channel.AbstractChannelHandlerContext.invokeChannelRead(AbstractChannelHandlerContext.java:352)\n\tat io.netty.chann...
&amp#27;[38;5;146m[f6b00ff8]&amp#27;[0m&amp#27;[38;5;123m[W3C]&amp#27;[0m Matched W3C error code 'no such element' to NoSuchElementError
&amp#27;[38;5;146m[f6b00ff8]&amp#27;[0m&amp#27;[38;5;204m[AndroidUiautomator2Driver@8ede (f6b00ff8)]&amp#27;[0m Waited for 12223 ms so far
&amp#27;[38;5;146m[f6b00ff8]&amp#27;[0m&amp#27;[38;5;204m[AndroidUiautomator2Driver@8ede (f6b00ff8)]&amp#27;[0m Matched '/element' to command name 'findElement'
&amp#27;[38;5;146m[f6b00ff8]&amp#27;[0m&amp#27;[38;5;204m[AndroidUiautomator2Driver@8ede (f6b00ff8)]&amp#27;[0m Proxying [POST /element] to [POST http://127.0.0.1:8200/session/2dd13505-acb5-41d0-890f-14c65ee5d543/element] with body: {"strategy":"id","selector":"com.androidsample.generalstore:id/nameField","context":"","multiple":false}
&amp#27;[38;5;146m[f6b00ff8]&amp#27;[0m&amp#27;[38;5;204m[AndroidUiautomator2Driver@8ede (f6b00ff8)]&amp#27;[0m Got response with status 404: {"sessionId":"2dd13505-acb5-41d0-890f-14c65ee5d543","value":{"error":"no such element","message":"An element could not be located on the page using the given search parameters","stacktrace":"io.appium.uiautomator2.common.exceptions.ElementNotFoundException: An element could not be located on the page using the given search parameters\n\tat io.appium.uiautomator2.handler.FindElement.safeHandle(FindElement.java:63)\n\tat io.appium.uiautomator2.handler.request.SafeRequestHandler.handle(SafeRequestHandler.java:59)\n\tat io.appium.uiautomator2.server.AppiumServlet.handleRequest(AppiumServlet.java:277)\n\tat io.appium.uiautomator2.server.AppiumServlet.handleHttpRequest(AppiumServlet.java:271)\n\tat io.appium.uiautomator2.http.ServerHandler.channelRead(ServerHandler.java:77)\n\tat io.netty.channel.AbstractChannelHandlerContext.invokeChannelRead(AbstractChannelHandlerContext.java:366)\n\tat io.netty.channel.AbstractChannelHandlerContext.invokeChannelRead(AbstractChannelHandlerContext.java:352)\n\tat io.netty.chann...
&amp#27;[38;5;146m[f6b00ff8]&amp#27;[0m&amp#27;[38;5;123m[W3C]&amp#27;[0m Matched W3C error code 'no such element' to NoSuchElementError
&amp#27;[38;5;146m[f6b00ff8]&amp#27;[0m&amp#27;[38;5;204m[AndroidUiautomator2Driver@8ede (f6b00ff8)]&amp#27;[0m Waited for 12759 ms so far
&amp#27;[38;5;146m[f6b00ff8]&amp#27;[0m&amp#27;[38;5;204m[AndroidUiautomator2Driver@8ede (f6b00ff8)]&amp#27;[0m Matched '/element' to command name 'findElement'
&amp#27;[38;5;146m[f6b00ff8]&amp#27;[0m&amp#27;[38;5;204m[AndroidUiautomator2Driver@8ede (f6b00ff8)]&amp#27;[0m Proxying [POST /element] to [POST http://127.0.0.1:8200/session/2dd13505-acb5-41d0-890f-14c65ee5d543/element] with body: {"strategy":"id","selector":"com.androidsample.generalstore:id/nameField","context":"","multiple":false}
&amp#27;[38;5;146m[f6b00ff8]&amp#27;[0m&amp#27;[38;5;204m[AndroidUiautomator2Driver@8ede (f6b00ff8)]&amp#27;[0m Got response with status 404: {"sessionId":"2dd13505-acb5-41d0-890f-14c65ee5d543","value":{"error":"no such element","message":"An element could not be located on the page using the given search parameters","stacktrace":"io.appium.uiautomator2.common.exceptions.ElementNotFoundException: An element could not be located on the page using the given search parameters\n\tat io.appium.uiautomator2.handler.FindElement.safeHandle(FindElement.java:63)\n\tat io.appium.uiautomator2.handler.request.SafeRequestHandler.handle(SafeRequestHandler.java:59)\n\tat io.appium.uiautomator2.server.AppiumServlet.handleRequest(AppiumServlet.java:277)\n\tat io.appium.uiautomator2.server.AppiumServlet.handleHttpRequest(AppiumServlet.java:271)\n\tat io.appium.uiautomator2.http.ServerHandler.channelRead(ServerHandler.java:77)\n\tat io.netty.channel.AbstractChannelHandlerContext.invokeChannelRead(AbstractChannelHandlerContext.java:366)\n\tat io.netty.channel.AbstractChannelHandlerContext.invokeChannelRead(AbstractChannelHandlerContext.java:352)\n\tat io.netty.chann...
&amp#27;[38;5;146m[f6b00ff8]&amp#27;[0m&amp#27;[38;5;123m[W3C]&amp#27;[0m Matched W3C error code 'no such element' to NoSuchElementError
&amp#27;[38;5;146m[f6b00ff8]&amp#27;[0m&amp#27;[38;5;204m[AndroidUiautomator2Driver@8ede (f6b00ff8)]&amp#27;[0m Waited for 13297 ms so far
&amp#27;[38;5;146m[f6b00ff8]&amp#27;[0m&amp#27;[38;5;204m[AndroidUiautomator2Driver@8ede (f6b00ff8)]&amp#27;[0m Matched '/element' to command name 'findElement'
&amp#27;[38;5;146m[f6b00ff8]&amp#27;[0m&amp#27;[38;5;204m[AndroidUiautomator2Driver@8ede (f6b00ff8)]&amp#27;[0m Proxying [POST /element] to [POST http://127.0.0.1:8200/session/2dd13505-acb5-41d0-890f-14c65ee5d543/element] with body: {"strategy":"id","selector":"com.androidsample.generalstore:id/nameField","context":"","multiple":false}
&amp#27;[38;5;146m[f6b00ff8]&amp#27;[0m&amp#27;[38;5;204m[AndroidUiautomator2Driver@8ede (f6b00ff8)]&amp#27;[0m Got response with status 404: {"sessionId":"2dd13505-acb5-41d0-890f-14c65ee5d543","value":{"error":"no such element","message":"An element could not be located on the page using the given search parameters","stacktrace":"io.appium.uiautomator2.common.exceptions.ElementNotFoundException: An element could not be located on the page using the given search parameters\n\tat io.appium.uiautomator2.handler.FindElement.safeHandle(FindElement.java:63)\n\tat io.appium.uiautomator2.handler.request.SafeRequestHandler.handle(SafeRequestHandler.java:59)\n\tat io.appium.uiautomator2.server.AppiumServlet.handleRequest(AppiumServlet.java:277)\n\tat io.appium.uiautomator2.server.AppiumServlet.handleHttpRequest(AppiumServlet.java:271)\n\tat io.appium.uiautomator2.http.ServerHandler.channelRead(ServerHandler.java:77)\n\tat io.netty.channel.AbstractChannelHandlerContext.invokeChannelRead(AbstractChannelHandlerContext.java:366)\n\tat io.netty.channel.AbstractChannelHandlerContext.invokeChannelRead(AbstractChannelHandlerContext.java:352)\n\tat io.netty.chann...
&amp#27;[38;5;146m[f6b00ff8]&amp#27;[0m&amp#27;[38;5;123m[W3C]&amp#27;[0m Matched W3C error code 'no such element' to NoSuchElementError
&amp#27;[38;5;146m[f6b00ff8]&amp#27;[0m&amp#27;[38;5;204m[AndroidUiautomator2Driver@8ede (f6b00ff8)]&amp#27;[0m Waited for 13834 ms so far
&amp#27;[38;5;146m[f6b00ff8]&amp#27;[0m&amp#27;[38;5;204m[AndroidUiautomator2Driver@8ede (f6b00ff8)]&amp#27;[0m Matched '/element' to command name 'findElement'
&amp#27;[38;5;146m[f6b00ff8]&amp#27;[0m&amp#27;[38;5;204m[AndroidUiautomator2Driver@8ede (f6b00ff8)]&amp#27;[0m Proxying [POST /element] to [POST http://127.0.0.1:8200/session/2dd13505-acb5-41d0-890f-14c65ee5d543/element] with body: {"strategy":"id","selector":"com.androidsample.generalstore:id/nameField","context":"","multiple":false}
&amp#27;[38;5;146m[f6b00ff8]&amp#27;[0m&amp#27;[38;5;204m[AndroidUiautomator2Driver@8ede (f6b00ff8)]&amp#27;[0m Got response with status 404: {"sessionId":"2dd13505-acb5-41d0-890f-14c65ee5d543","value":{"error":"no such element","message":"An element could not be located on the page using the given search parameters","stacktrace":"io.appium.uiautomator2.common.exceptions.ElementNotFoundException: An element could not be located on the page using the given search parameters\n\tat io.appium.uiautomator2.handler.FindElement.safeHandle(FindElement.java:63)\n\tat io.appium.uiautomator2.handler.request.SafeRequestHandler.handle(SafeRequestHandler.java:59)\n\tat io.appium.uiautomator2.server.AppiumServlet.handleRequest(AppiumServlet.java:277)\n\tat io.appium.uiautomator2.server.AppiumServlet.handleHttpRequest(AppiumServlet.java:271)\n\tat io.appium.uiautomator2.http.ServerHandler.channelRead(ServerHandler.java:77)\n\tat io.netty.channel.AbstractChannelHandlerContext.invokeChannelRead(AbstractChannelHandlerContext.java:366)\n\tat io.netty.channel.AbstractChannelHandlerContext.invokeChannelRead(AbstractChannelHandlerContext.java:352)\n\tat io.netty.chann...
&amp#27;[38;5;146m[f6b00ff8]&amp#27;[0m&amp#27;[38;5;123m[W3C]&amp#27;[0m Matched W3C error code 'no such element' to NoSuchElementError
&amp#27;[38;5;146m[f6b00ff8]&amp#27;[0m&amp#27;[38;5;204m[AndroidUiautomator2Driver@8ede (f6b00ff8)]&amp#27;[0m Waited for 14369 ms so far
&amp#27;[38;5;146m[f6b00ff8]&amp#27;[0m&amp#27;[38;5;204m[AndroidUiautomator2Driver@8ede (f6b00ff8)]&amp#27;[0m Matched '/element' to command name 'findElement'
&amp#27;[38;5;146m[f6b00ff8]&amp#27;[0m&amp#27;[38;5;204m[AndroidUiautomator2Driver@8ede (f6b00ff8)]&amp#27;[0m Proxying [POST /element] to [POST http://127.0.0.1:8200/session/2dd13505-acb5-41d0-890f-14c65ee5d543/element] with body: {"strategy":"id","selector":"com.androidsample.generalstore:id/nameField","context":"","multiple":false}
&amp#27;[38;5;146m[f6b00ff8]&amp#27;[0m&amp#27;[38;5;204m[AndroidUiautomator2Driver@8ede (f6b00ff8)]&amp#27;[0m Got response with status 404: {"sessionId":"2dd13505-acb5-41d0-890f-14c65ee5d543","value":{"error":"no such element","message":"An element could not be located on the page using the given search parameters","stacktrace":"io.appium.uiautomator2.common.exceptions.ElementNotFoundException: An element could not be located on the page using the given search parameters\n\tat io.appium.uiautomator2.handler.FindElement.safeHandle(FindElement.java:63)\n\tat io.appium.uiautomator2.handler.request.SafeRequestHandler.handle(SafeRequestHandler.java:59)\n\tat io.appium.uiautomator2.server.AppiumServlet.handleRequest(AppiumServlet.java:277)\n\tat io.appium.uiautomator2.server.AppiumServlet.handleHttpRequest(AppiumServlet.java:271)\n\tat io.appium.uiautomator2.http.ServerHandler.channelRead(ServerHandler.java:77)\n\tat io.netty.channel.AbstractChannelHandlerContext.invokeChannelRead(AbstractChannelHandlerContext.java:366)\n\tat io.netty.channel.AbstractChannelHandlerContext.invokeChannelRead(AbstractChannelHandlerContext.java:352)\n\tat io.netty.chann...
&amp#27;[38;5;146m[f6b00ff8]&amp#27;[0m&amp#27;[38;5;123m[W3C]&amp#27;[0m Matched W3C error code 'no such element' to NoSuchElementError
&amp#27;[38;5;146m[f6b00ff8]&amp#27;[0m&amp#27;[38;5;204m[AndroidUiautomator2Driver@8ede (f6b00ff8)]&amp#27;[0m Waited for 14902 ms so far
&amp#27;[38;5;146m[f6b00ff8]&amp#27;[0m&amp#27;[38;5;204m[AndroidUiautomator2Driver@8ede (f6b00ff8)]&amp#27;[0m Matched '/element' to command name 'findElement'
&amp#27;[38;5;146m[f6b00ff8]&amp#27;[0m&amp#27;[38;5;204m[AndroidUiautomator2Driver@8ede (f6b00ff8)]&amp#27;[0m Proxying [POST /element] to [POST http://127.0.0.1:8200/session/2dd13505-acb5-41d0-890f-14c65ee5d543/element] with body: {"strategy":"id","selector":"com.androidsample.generalstore:id/nameField","context":"","multiple":false}
&amp#27;[38;5;146m[f6b00ff8]&amp#27;[0m&amp#27;[38;5;204m[AndroidUiautomator2Driver@8ede (f6b00ff8)]&amp#27;[0m Got response with status 404: {"sessionId":"2dd13505-acb5-41d0-890f-14c65ee5d543","value":{"error":"no such element","message":"An element could not be located on the page using the given search parameters","stacktrace":"io.appium.uiautomator2.common.exceptions.ElementNotFoundException: An element could not be located on the page using the given search parameters\n\tat io.appium.uiautomator2.handler.FindElement.safeHandle(FindElement.java:63)\n\tat io.appium.uiautomator2.handler.request.SafeRequestHandler.handle(SafeRequestHandler.java:59)\n\tat io.appium.uiautomator2.server.AppiumServlet.handleRequest(AppiumServlet.java:277)\n\tat io.appium.uiautomator2.server.AppiumServlet.handleHttpRequest(AppiumServlet.java:271)\n\tat io.appium.uiautomator2.http.ServerHandler.channelRead(ServerHandler.java:77)\n\tat io.netty.channel.AbstractChannelHandlerContext.invokeChannelRead(AbstractChannelHandlerContext.java:366)\n\tat io.netty.channel.AbstractChannelHandlerContext.invokeChannelRead(AbstractChannelHandlerContext.java:352)\n\tat io.netty.chann...
&amp#27;[38;5;146m[f6b00ff8]&amp#27;[0m&amp#27;[38;5;123m[W3C]&amp#27;[0m Matched W3C error code 'no such element' to NoSuchElementError
&amp#27;[38;5;146m[f6b00ff8]&amp#27;[0m&amp#27;[38;5;204m[AndroidUiautomator2Driver@8ede (f6b00ff8)]&amp#27;[0m Waited for 15435 ms so far
&amp#27;[38;5;146m[f6b00ff8]&amp#27;[0m&amp#27;[38;5;204m[AndroidUiautomator2Driver@8ede (f6b00ff8)]&amp#27;[0m Matched '/element' to command name 'findElement'
&amp#27;[38;5;146m[f6b00ff8]&amp#27;[0m&amp#27;[38;5;204m[AndroidUiautomator2Driver@8ede (f6b00ff8)]&amp#27;[0m Proxying [POST /element] to [POST http://127.0.0.1:8200/session/2dd13505-acb5-41d0-890f-14c65ee5d543/element] with body: {"strategy":"id","selector":"com.androidsample.generalstore:id/nameField","context":"","multiple":false}
&amp#27;[38;5;146m[f6b00ff8]&amp#27;[0m&amp#27;[38;5;204m[AndroidUiautomator2Driver@8ede (f6b00ff8)]&amp#27;[0m Got response with status 404: {"sessionId":"2dd13505-acb5-41d0-890f-14c65ee5d543","value":{"error":"no such element","message":"An element could not be located on the page using the given search parameters","stacktrace":"io.appium.uiautomator2.common.exceptions.ElementNotFoundException: An element could not be located on the page using the given search parameters\n\tat io.appium.uiautomator2.handler.FindElement.safeHandle(FindElement.java:63)\n\tat io.appium.uiautomator2.handler.request.SafeRequestHandler.handle(SafeRequestHandler.java:59)\n\tat io.appium.uiautomator2.server.AppiumServlet.handleRequest(AppiumServlet.java:277)\n\tat io.appium.uiautomator2.server.AppiumServlet.handleHttpRequest(AppiumServlet.java:271)\n\tat io.appium.uiautomator2.http.ServerHandler.channelRead(ServerHandler.java:77)\n\tat io.netty.channel.AbstractChannelHandlerContext.invokeChannelRead(AbstractChannelHandlerContext.java:366)\n\tat io.netty.channel.AbstractChannelHandlerContext.invokeChannelRead(AbstractChannelHandlerContext.java:352)\n\tat io.netty.chann...
&amp#27;[38;5;146m[f6b00ff8]&amp#27;[0m&amp#27;[38;5;123m[W3C]&amp#27;[0m Matched W3C error code 'no such element' to NoSuchElementError
&amp#27;[38;5;146m[f6b00ff8]&amp#27;[0m&amp#27;[38;5;204m[AndroidUiautomator2Driver@8ede (f6b00ff8)]&amp#27;[0m Waited for 15967 ms so far
&amp#27;[38;5;146m[f6b00ff8]&amp#27;[0m&amp#27;[38;5;204m[AndroidUiautomator2Driver@8ede (f6b00ff8)]&amp#27;[0m Matched '/element' to command name 'findElement'
&amp#27;[38;5;146m[f6b00ff8]&amp#27;[0m&amp#27;[38;5;204m[AndroidUiautomator2Driver@8ede (f6b00ff8)]&amp#27;[0m Proxying [POST /element] to [POST http://127.0.0.1:8200/session/2dd13505-acb5-41d0-890f-14c65ee5d543/element] with body: {"strategy":"id","selector":"com.androidsample.generalstore:id/nameField","context":"","multiple":false}
&amp#27;[38;5;146m[f6b00ff8]&amp#27;[0m&amp#27;[38;5;204m[AndroidUiautomator2Driver@8ede (f6b00ff8)]&amp#27;[0m Got response with status 404: {"sessionId":"2dd13505-acb5-41d0-890f-14c65ee5d543","value":{"error":"no such element","message":"An element could not be located on the page using the given search parameters","stacktrace":"io.appium.uiautomator2.common.exceptions.ElementNotFoundException: An element could not be located on the page using the given search parameters\n\tat io.appium.uiautomator2.handler.FindElement.safeHandle(FindElement.java:63)\n\tat io.appium.uiautomator2.handler.request.SafeRequestHandler.handle(SafeRequestHandler.java:59)\n\tat io.appium.uiautomator2.server.AppiumServlet.handleRequest(AppiumServlet.java:277)\n\tat io.appium.uiautomator2.server.AppiumServlet.handleHttpRequest(AppiumServlet.java:271)\n\tat io.appium.uiautomator2.http.ServerHandler.channelRead(ServerHandler.java:77)\n\tat io.netty.channel.AbstractChannelHandlerContext.invokeChannelRead(AbstractChannelHandlerContext.java:366)\n\tat io.netty.channel.AbstractChannelHandlerContext.invokeChannelRead(AbstractChannelHandlerContext.java:352)\n\tat io.netty.chann...
&amp#27;[38;5;146m[f6b00ff8]&amp#27;[0m&amp#27;[38;5;123m[W3C]&amp#27;[0m Matched W3C error code 'no such element' to NoSuchElementError
&amp#27;[38;5;146m[f6b00ff8]&amp#27;[0m&amp#27;[38;5;204m[AndroidUiautomator2Driver@8ede (f6b00ff8)]&amp#27;[0m Waited for 16502 ms so far
&amp#27;[38;5;146m[f6b00ff8]&amp#27;[0m&amp#27;[38;5;204m[AndroidUiautomator2Driver@8ede (f6b00ff8)]&amp#27;[0m Matched '/element' to command name 'findElement'
&amp#27;[38;5;146m[f6b00ff8]&amp#27;[0m&amp#27;[38;5;204m[AndroidUiautomator2Driver@8ede (f6b00ff8)]&amp#27;[0m Proxying [POST /element] to [POST http://127.0.0.1:8200/session/2dd13505-acb5-41d0-890f-14c65ee5d543/element] with body: {"strategy":"id","selector":"com.androidsample.generalstore:id/nameField","context":"","multiple":false}
&amp#27;[38;5;146m[f6b00ff8]&amp#27;[0m&amp#27;[38;5;204m[AndroidUiautomator2Driver@8ede (f6b00ff8)]&amp#27;[0m Got response with status 404: {"sessionId":"2dd13505-acb5-41d0-890f-14c65ee5d543","value":{"error":"no such element","message":"An element could not be located on the page using the given search parameters","stacktrace":"io.appium.uiautomator2.common.exceptions.ElementNotFoundException: An element could not be located on the page using the given search parameters\n\tat io.appium.uiautomator2.handler.FindElement.safeHandle(FindElement.java:63)\n\tat io.appium.uiautomator2.handler.request.SafeRequestHandler.handle(SafeRequestHandler.java:59)\n\tat io.appium.uiautomator2.server.AppiumServlet.handleRequest(AppiumServlet.java:277)\n\tat io.appium.uiautomator2.server.AppiumServlet.handleHttpRequest(AppiumServlet.java:271)\n\tat io.appium.uiautomator2.http.ServerHandler.channelRead(ServerHandler.java:77)\n\tat io.netty.channel.AbstractChannelHandlerContext.invokeChannelRead(AbstractChannelHandlerContext.java:366)\n\tat io.netty.channel.AbstractChannelHandlerContext.invokeChannelRead(AbstractChannelHandlerContext.java:352)\n\tat io.netty.chann...
&amp#27;[38;5;146m[f6b00ff8]&amp#27;[0m&amp#27;[38;5;123m[W3C]&amp#27;[0m Matched W3C error code 'no such element' to NoSuchElementError
&amp#27;[38;5;146m[f6b00ff8]&amp#27;[0m&amp#27;[38;5;204m[AndroidUiautomator2Driver@8ede (f6b00ff8)]&amp#27;[0m Waited for 17035 ms so far
&amp#27;[38;5;146m[f6b00ff8]&amp#27;[0m&amp#27;[38;5;204m[AndroidUiautomator2Driver@8ede (f6b00ff8)]&amp#27;[0m Matched '/element' to command name 'findElement'
&amp#27;[38;5;146m[f6b00ff8]&amp#27;[0m&amp#27;[38;5;204m[AndroidUiautomator2Driver@8ede (f6b00ff8)]&amp#27;[0m Proxying [POST /element] to [POST http://127.0.0.1:8200/session/2dd13505-acb5-41d0-890f-14c65ee5d543/element] with body: {"strategy":"id","selector":"com.androidsample.generalstore:id/nameField","context":"","multiple":false}
&amp#27;[38;5;146m[f6b00ff8]&amp#27;[0m&amp#27;[38;5;204m[AndroidUiautomator2Driver@8ede (f6b00ff8)]&amp#27;[0m Got response with status 404: {"sessionId":"2dd13505-acb5-41d0-890f-14c65ee5d543","value":{"error":"no such element","message":"An element could not be located on the page using the given search parameters","stacktrace":"io.appium.uiautomator2.common.exceptions.ElementNotFoundException: An element could not be located on the page using the given search parameters\n\tat io.appium.uiautomator2.handler.FindElement.safeHandle(FindElement.java:63)\n\tat io.appium.uiautomator2.handler.request.SafeRequestHandler.handle(SafeRequestHandler.java:59)\n\tat io.appium.uiautomator2.server.AppiumServlet.handleRequest(AppiumServlet.java:277)\n\tat io.appium.uiautomator2.server.AppiumServlet.handleHttpRequest(AppiumServlet.java:271)\n\tat io.appium.uiautomator2.http.ServerHandler.channelRead(ServerHandler.java:77)\n\tat io.netty.channel.AbstractChannelHandlerContext.invokeChannelRead(AbstractChannelHandlerContext.java:366)\n\tat io.netty.channel.AbstractChannelHandlerContext.invokeChannelRead(AbstractChannelHandlerContext.java:352)\n\tat io.netty.chann...
&amp#27;[38;5;146m[f6b00ff8]&amp#27;[0m&amp#27;[38;5;123m[W3C]&amp#27;[0m Matched W3C error code 'no such element' to NoSuchElementError
&amp#27;[38;5;146m[f6b00ff8]&amp#27;[0m&amp#27;[38;5;204m[AndroidUiautomator2Driver@8ede (f6b00ff8)]&amp#27;[0m Waited for 17570 ms so far
&amp#27;[38;5;146m[f6b00ff8]&amp#27;[0m&amp#27;[38;5;204m[AndroidUiautomator2Driver@8ede (f6b00ff8)]&amp#27;[0m Matched '/element' to command name 'findElement'
&amp#27;[38;5;146m[f6b00ff8]&amp#27;[0m&amp#27;[38;5;204m[AndroidUiautomator2Driver@8ede (f6b00ff8)]&amp#27;[0m Proxying [POST /element] to [POST http://127.0.0.1:8200/session/2dd13505-acb5-41d0-890f-14c65ee5d543/element] with body: {"strategy":"id","selector":"com.androidsample.generalstore:id/nameField","context":"","multiple":false}
&amp#27;[38;5;146m[f6b00ff8]&amp#27;[0m&amp#27;[38;5;204m[AndroidUiautomator2Driver@8ede (f6b00ff8)]&amp#27;[0m Got response with status 404: {"sessionId":"2dd13505-acb5-41d0-890f-14c65ee5d543","value":{"error":"no such element","message":"An element could not be located on the page using the given search parameters","stacktrace":"io.appium.uiautomator2.common.exceptions.ElementNotFoundException: An element could not be located on the page using the given search parameters\n\tat io.appium.uiautomator2.handler.FindElement.safeHandle(FindElement.java:63)\n\tat io.appium.uiautomator2.handler.request.SafeRequestHandler.handle(SafeRequestHandler.java:59)\n\tat io.appium.uiautomator2.server.AppiumServlet.handleRequest(AppiumServlet.java:277)\n\tat io.appium.uiautomator2.server.AppiumServlet.handleHttpRequest(AppiumServlet.java:271)\n\tat io.appium.uiautomator2.http.ServerHandler.channelRead(ServerHandler.java:77)\n\tat io.netty.channel.AbstractChannelHandlerContext.invokeChannelRead(AbstractChannelHandlerContext.java:366)\n\tat io.netty.channel.AbstractChannelHandlerContext.invokeChannelRead(AbstractChannelHandlerContext.java:352)\n\tat io.netty.chann...
&amp#27;[38;5;146m[f6b00ff8]&amp#27;[0m&amp#27;[38;5;123m[W3C]&amp#27;[0m Matched W3C error code 'no such element' to NoSuchElementError
&amp#27;[38;5;146m[f6b00ff8]&amp#27;[0m&amp#27;[38;5;204m[AndroidUiautomator2Driver@8ede (f6b00ff8)]&amp#27;[0m Waited for 18100 ms so far
&amp#27;[38;5;146m[f6b00ff8]&amp#27;[0m&amp#27;[38;5;204m[AndroidUiautomator2Driver@8ede (f6b00ff8)]&amp#27;[0m Matched '/element' to command name 'findElement'
&amp#27;[38;5;146m[f6b00ff8]&amp#27;[0m&amp#27;[38;5;204m[AndroidUiautomator2Driver@8ede (f6b00ff8)]&amp#27;[0m Proxying [POST /element] to [POST http://127.0.0.1:8200/session/2dd13505-acb5-41d0-890f-14c65ee5d543/element] with body: {"strategy":"id","selector":"com.androidsample.generalstore:id/nameField","context":"","multiple":false}
&amp#27;[38;5;146m[f6b00ff8]&amp#27;[0m&amp#27;[38;5;204m[AndroidUiautomator2Driver@8ede (f6b00ff8)]&amp#27;[0m Got response with status 404: {"sessionId":"2dd13505-acb5-41d0-890f-14c65ee5d543","value":{"error":"no such element","message":"An element could not be located on the page using the given search parameters","stacktrace":"io.appium.uiautomator2.common.exceptions.ElementNotFoundException: An element could not be located on the page using the given search parameters\n\tat io.appium.uiautomator2.handler.FindElement.safeHandle(FindElement.java:63)\n\tat io.appium.uiautomator2.handler.request.SafeRequestHandler.handle(SafeRequestHandler.java:59)\n\tat io.appium.uiautomator2.server.AppiumServlet.handleRequest(AppiumServlet.java:277)\n\tat io.appium.uiautomator2.server.AppiumServlet.handleHttpRequest(AppiumServlet.java:271)\n\tat io.appium.uiautomator2.http.ServerHandler.channelRead(ServerHandler.java:77)\n\tat io.netty.channel.AbstractChannelHandlerContext.invokeChannelRead(AbstractChannelHandlerContext.java:366)\n\tat io.netty.channel.AbstractChannelHandlerContext.invokeChannelRead(AbstractChannelHandlerContext.java:352)\n\tat io.netty.chann...
&amp#27;[38;5;146m[f6b00ff8]&amp#27;[0m&amp#27;[38;5;123m[W3C]&amp#27;[0m Matched W3C error code 'no such element' to NoSuchElementError
&amp#27;[38;5;146m[f6b00ff8]&amp#27;[0m&amp#27;[38;5;204m[AndroidUiautomator2Driver@8ede (f6b00ff8)]&amp#27;[0m Waited for 18654 ms so far
&amp#27;[38;5;146m[f6b00ff8]&amp#27;[0m&amp#27;[38;5;204m[AndroidUiautomator2Driver@8ede (f6b00ff8)]&amp#27;[0m Matched '/element' to command name 'findElement'
&amp#27;[38;5;146m[f6b00ff8]&amp#27;[0m&amp#27;[38;5;204m[AndroidUiautomator2Driver@8ede (f6b00ff8)]&amp#27;[0m Proxying [POST /element] to [POST http://127.0.0.1:8200/session/2dd13505-acb5-41d0-890f-14c65ee5d543/element] with body: {"strategy":"id","selector":"com.androidsample.generalstore:id/nameField","context":"","multiple":false}
&amp#27;[38;5;146m[f6b00ff8]&amp#27;[0m&amp#27;[38;5;204m[AndroidUiautomator2Driver@8ede (f6b00ff8)]&amp#27;[0m Got response with status 404: {"sessionId":"2dd13505-acb5-41d0-890f-14c65ee5d543","value":{"error":"no such element","message":"An element could not be located on the page using the given search parameters","stacktrace":"io.appium.uiautomator2.common.exceptions.ElementNotFoundException: An element could not be located on the page using the given search parameters\n\tat io.appium.uiautomator2.handler.FindElement.safeHandle(FindElement.java:63)\n\tat io.appium.uiautomator2.handler.request.SafeRequestHandler.handle(SafeRequestHandler.java:59)\n\tat io.appium.uiautomator2.server.AppiumServlet.handleRequest(AppiumServlet.java:277)\n\tat io.appium.uiautomator2.server.AppiumServlet.handleHttpRequest(AppiumServlet.java:271)\n\tat io.appium.uiautomator2.http.ServerHandler.channelRead(ServerHandler.java:77)\n\tat io.netty.channel.AbstractChannelHandlerContext.invokeChannelRead(AbstractChannelHandlerContext.java:366)\n\tat io.netty.channel.AbstractChannelHandlerContext.invokeChannelRead(AbstractChannelHandlerContext.java:352)\n\tat io.netty.chann...
&amp#27;[38;5;146m[f6b00ff8]&amp#27;[0m&amp#27;[38;5;123m[W3C]&amp#27;[0m Matched W3C error code 'no such element' to NoSuchElementError
&amp#27;[38;5;146m[f6b00ff8]&amp#27;[0m&amp#27;[38;5;204m[AndroidUiautomator2Driver@8ede (f6b00ff8)]&amp#27;[0m Waited for 19184 ms so far
&amp#27;[38;5;146m[f6b00ff8]&amp#27;[0m&amp#27;[38;5;204m[AndroidUiautomator2Driver@8ede (f6b00ff8)]&amp#27;[0m Matched '/element' to command name 'findElement'
&amp#27;[38;5;146m[f6b00ff8]&amp#27;[0m&amp#27;[38;5;204m[AndroidUiautomator2Driver@8ede (f6b00ff8)]&amp#27;[0m Proxying [POST /element] to [POST http://127.0.0.1:8200/session/2dd13505-acb5-41d0-890f-14c65ee5d543/element] with body: {"strategy":"id","selector":"com.androidsample.generalstore:id/nameField","context":"","multiple":false}
&amp#27;[38;5;146m[f6b00ff8]&amp#27;[0m&amp#27;[38;5;204m[AndroidUiautomator2Driver@8ede (f6b00ff8)]&amp#27;[0m Got response with status 404: {"sessionId":"2dd13505-acb5-41d0-890f-14c65ee5d543","value":{"error":"no such element","message":"An element could not be located on the page using the given search parameters","stacktrace":"io.appium.uiautomator2.common.exceptions.ElementNotFoundException: An element could not be located on the page using the given search parameters\n\tat io.appium.uiautomator2.handler.FindElement.safeHandle(FindElement.java:63)\n\tat io.appium.uiautomator2.handler.request.SafeRequestHandler.handle(SafeRequestHandler.java:59)\n\tat io.appium.uiautomator2.server.AppiumServlet.handleRequest(AppiumServlet.java:277)\n\tat io.appium.uiautomator2.server.AppiumServlet.handleHttpRequest(AppiumServlet.java:271)\n\tat io.appium.uiautomator2.http.ServerHandler.channelRead(ServerHandler.java:77)\n\tat io.netty.channel.AbstractChannelHandlerContext.invokeChannelRead(AbstractChannelHandlerContext.java:366)\n\tat io.netty.channel.AbstractChannelHandlerContext.invokeChannelRead(AbstractChannelHandlerContext.java:352)\n\tat io.netty.chann...
&amp#27;[38;5;146m[f6b00ff8]&amp#27;[0m&amp#27;[38;5;123m[W3C]&amp#27;[0m Matched W3C error code 'no such element' to NoSuchElementError
&amp#27;[38;5;146m[f6b00ff8]&amp#27;[0m&amp#27;[38;5;204m[AndroidUiautomator2Driver@8ede (f6b00ff8)]&amp#27;[0m Waited for 19715 ms so far
&amp#27;[38;5;146m[f6b00ff8]&amp#27;[0m&amp#27;[38;5;204m[AndroidUiautomator2Driver@8ede (f6b00ff8)]&amp#27;[0m Matched '/element' to command name 'findElement'
&amp#27;[38;5;146m[f6b00ff8]&amp#27;[0m&amp#27;[38;5;204m[AndroidUiautomator2Driver@8ede (f6b00ff8)]&amp#27;[0m Proxying [POST /element] to [POST http://127.0.0.1:8200/session/2dd13505-acb5-41d0-890f-14c65ee5d543/element] with body: {"strategy":"id","selector":"com.androidsample.generalstore:id/nameField","context":"","multiple":false}
&amp#27;[38;5;146m[f6b00ff8]&amp#27;[0m&amp#27;[38;5;204m[AndroidUiautomator2Driver@8ede (f6b00ff8)]&amp#27;[0m Got response with status 404: {"sessionId":"2dd13505-acb5-41d0-890f-14c65ee5d543","value":{"error":"no such element","message":"An element could not be located on the page using the given search parameters","stacktrace":"io.appium.uiautomator2.common.exceptions.ElementNotFoundException: An element could not be located on the page using the given search parameters\n\tat io.appium.uiautomator2.handler.FindElement.safeHandle(FindElement.java:63)\n\tat io.appium.uiautomator2.handler.request.SafeRequestHandler.handle(SafeRequestHandler.java:59)\n\tat io.appium.uiautomator2.server.AppiumServlet.handleRequest(AppiumServlet.java:277)\n\tat io.appium.uiautomator2.server.AppiumServlet.handleHttpRequest(AppiumServlet.java:271)\n\tat io.appium.uiautomator2.http.ServerHandler.channelRead(ServerHandler.java:77)\n\tat io.netty.channel.AbstractChannelHandlerContext.invokeChannelRead(AbstractChannelHandlerContext.java:366)\n\tat io.netty.channel.AbstractChannelHandlerContext.invokeChannelRead(AbstractChannelHandlerContext.java:352)\n\tat io.netty.chann...
&amp#27;[38;5;146m[f6b00ff8]&amp#27;[0m&amp#27;[38;5;123m[W3C]&amp#27;[0m Matched W3C error code 'no such element' to NoSuchElementError
&amp#27;[38;5;146m[f6b00ff8]&amp#27;[0m&amp#27;[38;5;204m[AndroidUiautomator2Driver@8ede (f6b00ff8)]&amp#27;[0m Encountered internal error running command: NoSuchElementError: An element could not be located on the page using the given search parameters.
&amp#27;[38;5;146m[f6b00ff8]&amp#27;[0m&amp#27;[38;5;204m[AndroidUiautomator2Driver@8ede (f6b00ff8)]&amp#27;[0m     at AndroidUiautomator2Driver.findElOrEls (/Users/oikhlas/.appium/node_modules/appium-uiautomator2-driver/node_modules/appium-android-driver/lib/commands/find.ts:86:11)
&amp#27;[38;5;146m[f6b00ff8]&amp#27;[0m&amp#27;[38;5;204m[AndroidUiautomator2Driver@8ede (f6b00ff8)]&amp#27;[0m     at processTicksAndRejections (node:internal/process/task_queues:95:5)
&amp#27;[38;5;146m[f6b00ff8]&amp#27;[0m&amp#27;[38;5;204m[AndroidUiautomator2Driver@8ede (f6b00ff8)]&amp#27;[0m     at AndroidUiautomator2Driver.findElOrElsWithProcessing (/Users/oikhlas/node_modules/@appium/base-driver/lib/basedriver/commands/find.ts:60:12)
&amp#27;[38;5;146m[f6b00ff8]&amp#27;[0m&amp#27;[38;5;204m[AndroidUiautomator2Driver@8ede (f6b00ff8)]&amp#27;[0m     at AndroidUiautomator2Driver.findElement (/Users/oikhlas/node_modules/@appium/base-driver/lib/basedriver/commands/find.ts:75:12)
&amp#27;[38;5;146m[f6b00ff8]&amp#27;[0m&amp#27;[38;5;86m[HTTP]&amp#27;[0m <-- POST /session/f6b00ff8-12fc-46ae-8b75-b3b6ee2ec931/element 404 20035 ms - 772 
&amp#27;[38;5;146m[f6b00ff8]&amp#27;[0m&amp#27;[38;5;86m[HTTP]&amp#27;[0m &amp#27;[37m-->&amp#27;[39m &amp#27;[37mGET&amp#27;[39m &amp#27;[37m/session/f6b00ff8-12fc-46ae-8b75-b3b6ee2ec931/screenshot&amp#27;[39m {}
&amp#27;[38;5;146m[f6b00ff8]&amp#27;[0m&amp#27;[38;5;204m[AndroidUiautomator2Driver@8ede (f6b00ff8)]&amp#27;[0m Calling AppiumDriver.getScreenshot() with args: ["f6b00ff8-12fc-46ae-8b75-b3b6ee2ec931"]
&amp#27;[38;5;146m[f6b00ff8]&amp#27;[0m&amp#27;[38;5;204m[AndroidUiautomator2Driver@8ede (f6b00ff8)]&amp#27;[0m Matched '/screenshot' to command name 'getScreenshot'
&amp#27;[38;5;146m[f6b00ff8]&amp#27;[0m&amp#27;[38;5;204m[AndroidUiautomator2Driver@8ede (f6b00ff8)]&amp#27;[0m Proxying [GET /screenshot] to [GET http://127.0.0.1:8200/session/2dd13505-acb5-41d0-890f-14c65ee5d543/screenshot] with no body
&amp#27;[38;5;146m[f6b00ff8]&amp#27;[0m&amp#27;[38;5;204m[AndroidUiautomator2Driver@8ede (f6b00ff8)]&amp#27;[0m Got response with status 200: {"sessionId":"2dd13505-acb5-41d0-890f-14c65ee5d543","value":"iVBORw0KGgoAAAANSUhEUgAABaAAAAtACAYAAADu24QXAAAAAXNSR0IArs4c6QAAAARzQklUCAgICHwIZIgAACAASURBVHic7N13dJRV/sfxz30mmfSeEAgldKRbqAqKvYBt7dhQXPuKupZde19713Xtuqti/1lWLLCigiAiSpEuBCmhhATS2zzP7w/MyJg2k8xkEvJ+neM5zs3z3PudMRnP+cyd7zVRp/Z1BAAAAAAAAABAkFnhLgAAAAAAAAAAsGcigAYAAAAAAAAAhAQBNAAAAAAAAAAgJAigAQAAAAAAAAAhQQANAAAAAAAAAAgJAmgAAAAAAAAAQEgQQAMAAAAAAAAAQoIAGgAAAAAAAAAQEgTQAAAAAAAAAICQIIAGAAAAAAAAAIQEATQAAAAAAAAAICQIoAEAAAAAAAAAIUEADQAAAAAAAAAICQJoAAAAAAAAAEBIEEADAAAAAAAAAEIiItwFAK2dMUYdkzM0fr9DdOLII7R3j4FKjU+SI0dGRpLkyPFev3H7Zn23aqHemv2xvlk6TztKi+Q4Tn3TAwAAAAAAAHssE3VqX5Ix4A+MMUqNT9YTF9ymw4eOVXx0rHc8ELZja3thgV768h3d/uZj8tieEFQLAAAAAAAAtE4E0MBujDHKzuisefd/oPjoWFkmeF1qbMfWio1rNPbGU1RcXhq0eQEAAAAAAIDWigAa+E1aQormP/ChOiZnBLzTORDVHo8Szxwk27FDtkZrYoxRjDtaRpI7IlLG+j3Ut21bldVVsm1b5VUV4SsSAAAAANDmdUrpoO4duig9IUXJ8UlKjk1QfHSsistLVVBSqJ0lhcorKlDO1g3KLdga7nJbneyMzlq3bWO4y9BNp/zF72vvevuJEFaCYKEHNNo9y1i67fQrdc3xfw7qjuf6uCxLYwcM11c/fxfytcLBGKNIV4Rio2IUHx2n1PgkDezWV1GR...
&amp#27;[38;5;146m[f6b00ff8]&amp#27;[0m&amp#27;[38;5;204m[AndroidUiautomator2Driver@8ede (f6b00ff8)]&amp#27;[0m Responding to client with driver.getScreenshot() result: "iVBORw0KGgoAAAANSUhEUgAABaAAAAtACAYAAADu24QXAAAAAXNSR0IArs4c6QAAAARzQklUCAgICHwIZIgAACAASURBVHic7N13dJRV/sfxz30mmfSeEAgldKRbqAqKvYBt7dhQXPuKupZde19713Xtuqti/1lWLLCigiAiSpEuBCmhhATS2zzP7w/MyJg2k8xkEvJ+neM5zs3z3PudMRnP+cyd7zVRp/Z1BAAAAAAAAABAkFnhLgAAAAAAAAAAsGcigAYAAAAAAAAAhAQBNAAAAAAAAAAgJAigAQAAAAAAAAAhQQANAAAAAAAAAAgJAmgAAAAAAAAAQEgQQAMAAAAAAAAAQoIAGgAAAAAAAAAQEgTQAAAAAAAAAICQIIAGAAAAAAAAAIQEATQAAAAAAAAAICQIoAEAAAAAAAAAIUEADQAAAAAAAAAICQJoAAAAAAAAAEBIEEADAAAAAAAAAEIiItwFAK2dMUYdkzM0fr9DdOLII7R3j4FKjU+SI0dGRpLkyPFev3H7Zn23aqHemv2xvlk6TztKi+Q4Tn3TAwAAAAAAAHssE3VqX5Ix4A+MMUqNT9YTF9ymw4eOVXx0rHc8ELZja3thgV768h3d/uZj8tieEFQLAAAAAAAAtE4E0MBujDHKzuisefd/oPjoWFkmeF1qbMfWio1rNPbGU1RcXhq0eQEAAAAAAIDWigAa+E1aQormP/ChOiZnBLzTORDVHo8Szxwk27FDtkZrYoxRjDtaRpI7IlLG+j3Ut21bldVVsm1b5VUV4SsSAAAAANDmdUrpoO4duig9IUXJ8UlKjk1QfHSsistLVVBSqJ0lhcorKlDO1g3KLdga7nJbneyMzlq3bWO4y9BNp/zF72vvevuJEFaCYKEHNNo9y1i67fQrdc3xfw7qjuf6uCxLYwcM11c/fxfytcLBGKNIV4Rio2IUHx2n1PgkDezWV1GRbvXKzFZcdIykXeFzQUmh1mz5VRVVFVq0brmKy0tVUl6qsspyVXtoVwIAAAAA...
&amp#27;[38;5;146m[f6b00ff8]&amp#27;[0m&amp#27;[38;5;86m[HTTP]&amp#27;[0m <-- GET /session/f6b00ff8-12fc-46ae-8b75-b3b6ee2ec931/screenshot 200 1075 ms - 687048 
]]></system-out>
  </testcase>
  <testcase name="tearDown" classname="org.osamaikhlas.ECommerce_TestCase_02" time="31.62">
    <failure message="Test &apos;Android Test 3&apos; of &apos;Anndroid App&apos; detected differences! See details at: https://eyes.applitools.com/app/batches/00000251671497133684/00000251671497133535?accountId=_b2OGP_m0EuvMWh5fP2z6A__" type="com.applitools.eyes.EyesException"><![CDATA[com.applitools.eyes.EyesException: Test 'Android Test 3' of 'Anndroid App' detected differences! See details at: https://eyes.applitools.com/app/batches/00000251671497133684/00000251671497133535?accountId=_b2OGP_m0EuvMWh5fP2z6A__
	at com.applitools.eyes.universal.CommandExecutor.eyesGetResults(CommandExecutor.java:232)
	at com.applitools.eyes.selenium.Eyes.getResults(Eyes.java:288)
	at com.applitools.eyes.selenium.Eyes.close(Eyes.java:604)
	at com.applitools.eyes.selenium.Eyes.close(Eyes.java:253)
	at org.osamaikhlas.utils.AppiumUtils.closeEyes(AppiumUtils.java:94)
	at org.osamaikhlas.testUtils.AndroidBaseTest.tearDown(AndroidBaseTest.java:56)
	at java.base/jdk.internal.reflect.NativeMethodAccessorImpl.invoke0(Native Method)
	at java.base/jdk.internal.reflect.NativeMethodAccessorImpl.invoke(NativeMethodAccessorImpl.java:62)
	at java.base/jdk.internal.reflect.DelegatingMethodAccessorImpl.invoke(DelegatingMethodAccessorImpl.java:43)
	at java.base/java.lang.reflect.Method.invoke(Method.java:566)
	at org.testng.internal.invokers.MethodInvocationHelper.invokeMethod(MethodInvocationHelper.java:139)
	at org.testng.internal.invokers.MethodInvocationHelper.invokeMethodConsideringTimeout(MethodInvocationHelper.java:69)
	at org.testng.internal.invokers.ConfigInvoker.invokeConfigurationMethod(ConfigInvoker.java:390)
	at org.testng.internal.invokers.ConfigInvoker.invokeConfigurations(ConfigInvoker.java:325)
	at org.testng.internal.invokers.TestMethodWorker.invokeAfterClassConfigurations(TestMethodWorker.java:229)
	at org.testng.internal.invokers.TestMethodWorker.invokeAfterClassMethods(TestMethodWorker.java:215)
	at org.testng.internal.invokers.TestMethodWorker.run(TestMethodWorker.java:131)
	at java.base/java.util.ArrayList.forEach(ArrayList.java:1541)
	at org.testng.TestRunner.privateRun(TestRunner.java:848)
	at org.testng.TestRunner.run(TestRunner.java:621)
	at org.testng.SuiteRunner.runTest(SuiteRunner.java:443)
	at org.testng.SuiteRunner.runSequentially(SuiteRunner.java:437)
	at org.testng.SuiteRunner.privateRun(SuiteRunner.java:397)
	at org.testng.SuiteRunner.run(SuiteRunner.java:336)
	at org.testng.SuiteRunnerWorker.runSuite(SuiteRunnerWorker.java:52)
	at org.testng.SuiteRunnerWorker.run(SuiteRunnerWorker.java:95)
	at org.testng.TestNG.runSuitesSequentially(TestNG.java:1280)
	at org.testng.TestNG.runSuitesLocally(TestNG.java:1200)
	at org.testng.TestNG.runSuites(TestNG.java:1114)
	at org.testng.TestNG.run(TestNG.java:1082)
	at org.apache.maven.surefire.testng.TestNGExecutor.run(TestNGExecutor.java:308)
	at org.apache.maven.surefire.testng.TestNGXmlTestSuite.execute(TestNGXmlTestSuite.java:71)
	at org.apache.maven.surefire.testng.TestNGProvider.invoke(TestNGProvider.java:113)
	at org.apache.maven.surefire.booter.ForkedBooter.runSuitesInProcess(ForkedBooter.java:385)
	at org.apache.maven.surefire.booter.ForkedBooter.execute(ForkedBooter.java:162)
	at org.apache.maven.surefire.booter.ForkedBooter.run(ForkedBooter.java:507)
	at org.apache.maven.surefire.booter.ForkedBooter.main(ForkedBooter.java:495)
]]></failure>
    <system-out><![CDATA[&amp#27;[38;5;146m[f6b00ff8]&amp#27;[0m&amp#27;[38;5;86m[HTTP]&amp#27;[0m &amp#27;[37m-->&amp#27;[39m &amp#27;[37mDELETE&amp#27;[39m &amp#27;[37m/session/f6b00ff8-12fc-46ae-8b75-b3b6ee2ec931&amp#27;[39m {}
&amp#27;[38;5;146m[f6b00ff8]&amp#27;[0m&amp#27;[38;5;204m[AndroidUiautomator2Driver@8ede (f6b00ff8)]&amp#27;[0m Calling AppiumDriver.deleteSession() with args: ["f6b00ff8-12fc-46ae-8b75-b3b6ee2ec931"]
&amp#27;[38;5;146m[f6b00ff8]&amp#27;[0m&amp#27;[38;5;170m[AppiumDriver@3207]&amp#27;[0m Event 'quitSessionRequested' logged at 1730803663109 (15:47:43 GMT+0500 (Pakistan Standard Time))
&amp#27;[38;5;146m[f6b00ff8]&amp#27;[0m&amp#27;[38;5;170m[AppiumDriver@3207]&amp#27;[0m Removing session f6b00ff8-12fc-46ae-8b75-b3b6ee2ec931 from our master session list
&amp#27;[38;5;146m[f6b00ff8]&amp#27;[0m&amp#27;[38;5;204m[AndroidUiautomator2Driver@8ede (f6b00ff8)]&amp#27;[0m Deleting UiAutomator2 session
&amp#27;[38;5;146m[f6b00ff8]&amp#27;[0m&amp#27;[38;5;204m[AndroidUiautomator2Driver@8ede (f6b00ff8)]&amp#27;[0m Deleting UiAutomator2 server session
&amp#27;[38;5;146m[f6b00ff8]&amp#27;[0m&amp#27;[38;5;204m[AndroidUiautomator2Driver@8ede (f6b00ff8)]&amp#27;[0m Matched '/' to command name 'deleteSession'
&amp#27;[38;5;146m[f6b00ff8]&amp#27;[0m&amp#27;[38;5;204m[AndroidUiautomator2Driver@8ede (f6b00ff8)]&amp#27;[0m Proxying [DELETE /] to [DELETE http://127.0.0.1:8200/session/2dd13505-acb5-41d0-890f-14c65ee5d543] with no body
&amp#27;[38;5;146m[f6b00ff8]&amp#27;[0m&amp#27;[38;5;204m[AndroidUiautomator2Driver@8ede (f6b00ff8)]&amp#27;[0m Got response with status 200: {"sessionId":"2dd13505-acb5-41d0-890f-14c65ee5d543","value":null}
&amp#27;[38;5;146m[f6b00ff8]&amp#27;[0m&amp#27;[38;5;229m[ADB]&amp#27;[0m Running '/users/oikhlas/Library/Android/sdk/platform-tools/adb -P 5037 -s emulator-5554 shell dumpsys activity services io.appium.settings/.recorder.RecorderService'
&amp#27;[38;5;146m[f6b00ff8]&amp#27;[0m&amp#27;[38;5;229m[ADB]&amp#27;[0m Running '/users/oikhlas/Library/Android/sdk/platform-tools/adb -P 5037 -s emulator-5554 shell am force-stop com.androidsample.generalstore'
&amp#27;[38;5;74m[Instrumentation]&amp#27;[0m .
&amp#27;[38;5;74m[Instrumentation]&amp#27;[0m Time: 49.147
&amp#27;[38;5;74m[Instrumentation]&amp#27;[0m 
&amp#27;[38;5;74m[Instrumentation]&amp#27;[0m OK (1 test)
&amp#27;[38;5;74m[Instrumentation]&amp#27;[0m The process has exited with code 0
&amp#27;[38;5;146m[f6b00ff8]&amp#27;[0m&amp#27;[38;5;160m[Logcat]&amp#27;[0m Stopping logcat capture
&amp#27;[38;5;146m[f6b00ff8]&amp#27;[0m&amp#27;[38;5;229m[ADB]&amp#27;[0m Removing forwarded port socket connection: 8200 
&amp#27;[38;5;146m[f6b00ff8]&amp#27;[0m&amp#27;[38;5;229m[ADB]&amp#27;[0m Running '/users/oikhlas/Library/Android/sdk/platform-tools/adb -P 5037 -s emulator-5554 forward --remove tcp:8200'
&amp#27;[38;5;146m[f6b00ff8]&amp#27;[0m&amp#27;[38;5;204m[AndroidUiautomator2Driver@8ede (f6b00ff8)]&amp#27;[0m Restoring hidden api policy to the device default configuration
&amp#27;[38;5;146m[f6b00ff8]&amp#27;[0m&amp#27;[38;5;229m[ADB]&amp#27;[0m Running '/users/oikhlas/Library/Android/sdk/platform-tools/adb -P 5037 -s emulator-5554 shell 'settings delete global hidden_api_policy_pre_p_apps;settings delete global hidden_api_policy_p_apps;settings delete global hidden_api_policy''
&amp#27;[38;5;146m[f6b00ff8]&amp#27;[0m&amp#27;[38;5;170m[AppiumDriver@3207]&amp#27;[0m Event 'quitSessionFinished' logged at 1730803663808 (15:47:43 GMT+0500 (Pakistan Standard Time))
&amp#27;[38;5;146m[f6b00ff8]&amp#27;[0m&amp#27;[38;5;170m[AppiumDriver@3207]&amp#27;[0m Received response: null
&amp#27;[38;5;146m[f6b00ff8]&amp#27;[0m&amp#27;[38;5;170m[AppiumDriver@3207]&amp#27;[0m But deleting session, so not returning
&amp#27;[38;5;146m[f6b00ff8]&amp#27;[0m&amp#27;[38;5;170m[AppiumDriver@3207]&amp#27;[0m Responding to client with driver.deleteSession() result: null
&amp#27;[38;5;146m[f6b00ff8]&amp#27;[0m&amp#27;[38;5;86m[HTTP]&amp#27;[0m <-- DELETE /session/f6b00ff8-12fc-46ae-8b75-b3b6ee2ec931 200 699 ms - 14 
]]></system-out>
  </testcase>
  <testcase name="IOSBasicTests" classname="org.osamaikhlas.IOSBasics" time="96.058">
    <system-out><![CDATA[&amp#27;[38;5;86m[HTTP]&amp#27;[0m &amp#27;[37m-->&amp#27;[39m &amp#27;[37mGET&amp#27;[39m &amp#27;[37m/status&amp#27;[39m {}
&amp#27;[38;5;170m[AppiumDriver@3207]&amp#27;[0m Calling AppiumDriver.getStatus() with args: []
&amp#27;[38;5;170m[AppiumDriver@3207]&amp#27;[0m Responding to client with driver.getStatus() result: {"ready":true,"message":"The server is ready to accept new connections","build":{"version":"2.12.0"}}
&amp#27;[38;5;86m[HTTP]&amp#27;[0m <-- GET /status 200 1 ms - 111 
&amp#27;[38;5;86m[HTTP]&amp#27;[0m Request idempotency key: 04f934d5-7599-41f7-98bb-68bc182485c1
&amp#27;[38;5;86m[HTTP]&amp#27;[0m &amp#27;[37m-->&amp#27;[39m &amp#27;[37mPOST&amp#27;[39m &amp#27;[37m/session&amp#27;[39m {"capabilities":{"firstMatch":[{"appium:wdaLaunchTimeout":20000,"appium:deviceName":"iPhone 12 Pro","platformName":"IOS","appium:automationName":"XCuiTest","appium:app":"/Users/oikhlas/Desktop/UIKitCatalog.app","appium:platformVersion":"16.0"}]}}
&amp#27;[38;5;170m[AppiumDriver@3207]&amp#27;[0m Calling AppiumDriver.createSession() with args: [null,null,{"firstMatch":[{"appium:wdaLaunchTimeout":20000,"appium:deviceName":"iPhone 12 Pro","platformName":"IOS","appium:automationName":"XCuiTest","appium:app":"/Users/oikhlas/Desktop/UIKitCatalog.app","appium:platformVersion":"16.0"}]}]
&amp#27;[38;5;170m[AppiumDriver@3207]&amp#27;[0m Event 'newSessionRequested' logged at 1730803673480 (15:47:53 GMT+0500 (Pakistan Standard Time))
&amp#27;[38;5;112m[Appium]&amp#27;[0m Attempting to find matching driver for automationName 'XCuiTest' and platformName 'IOS'
&amp#27;[38;5;112m[Appium]&amp#27;[0m The 'xcuitest' driver was installed and matched caps.
&amp#27;[38;5;112m[Appium]&amp#27;[0m Will require it at /Users/oikhlas/.appium/node_modules/appium-xcuitest-driver
&amp#27;[38;5;112m[Appium]&amp#27;[0m Requiring driver at /Users/oikhlas/.appium/node_modules/appium-xcuitest-driver/build/index.js
&amp#27;[38;5;170m[AppiumDriver@3207]&amp#27;[0m Appium v2.12.0 creating new XCUITestDriver (v4.35.0) session
&amp#27;[38;5;170m[AppiumDriver@3207]&amp#27;[0m Checking BaseDriver versions for Appium and XCUITestDriver
&amp#27;[38;5;170m[AppiumDriver@3207]&amp#27;[0m Appium's BaseDriver version is 9.12.0
&amp#27;[38;5;170m[AppiumDriver@3207]&amp#27;[0m XCUITestDriver's BaseDriver version is 9.3.15
&amp#27;[38;5;31m[XCUITestDriver@9d32]&amp#27;[0m Creating session with W3C capabilities: {
&amp#27;[38;5;31m[XCUITestDriver@9d32]&amp#27;[0m   "alwaysMatch": {
&amp#27;[38;5;31m[XCUITestDriver@9d32]&amp#27;[0m     "platformName": "IOS",
&amp#27;[38;5;31m[XCUITestDriver@9d32]&amp#27;[0m     "appium:wdaLaunchTimeout": 20000,
&amp#27;[38;5;31m[XCUITestDriver@9d32]&amp#27;[0m     "appium:deviceName": "iPhone 12 Pro",
&amp#27;[38;5;31m[XCUITestDriver@9d32]&amp#27;[0m     "appium:automationName": "XCuiTest",
&amp#27;[38;5;31m[XCUITestDriver@9d32]&amp#27;[0m     "appium:app": "/Users/oikhlas/Desktop/UIKitCatalog.app",
&amp#27;[38;5;31m[XCUITestDriver@9d32]&amp#27;[0m     "appium:platformVersion": "16.0"
&amp#27;[38;5;31m[XCUITestDriver@9d32]&amp#27;[0m   },
&amp#27;[38;5;31m[XCUITestDriver@9d32]&amp#27;[0m   "firstMatch": [
&amp#27;[38;5;31m[XCUITestDriver@9d32]&amp#27;[0m     {}
&amp#27;[38;5;31m[XCUITestDriver@9d32]&amp#27;[0m   ]
&amp#27;[38;5;31m[XCUITestDriver@9d32]&amp#27;[0m }
&amp#27;[38;5;-42m[XCUITestDriver@9d32 (dbe4db21)]&amp#27;[0m Session created with session id: dbe4db21-e6a9-4d05-bdbb-cc788eb5635e
&amp#27;[38;5;135m[XCUITest]&amp#27;[0m Current user: 'oikhlas'
&amp#27;[38;5;-42m[XCUITestDriver@9d32 (dbe4db21)]&amp#27;[0m iOS SDK Version set to '16.0'
&amp#27;[38;5;135m[XCUITest]&amp#27;[0m Looking for an existing Simulator with platformName: iOS, platformVersion: 16.0, deviceName: iPhone 12 Pro
&amp#27;[38;5;176m[iOSSim]&amp#27;[0m Constructing iOS simulator for Xcode version 14.0.1 with udid 'C2352445-7375-47D9-8C26-2C24AE0244BF'
&amp#27;[38;5;-42m[XCUITestDriver@9d32 (dbe4db21)]&amp#27;[0m Determining device to run tests on: udid: 'C2352445-7375-47D9-8C26-2C24AE0244BF', real device: false
&amp#27;[38;5;-42m[XCUITestDriver@9d32 (dbe4db21)]&amp#27;[0m Event 'xcodeDetailsRetrieved' logged at 1730803673858 (15:47:53 GMT+0500 (Pakistan Standard Time))
&amp#27;[38;5;123m[BaseDriver]&amp#27;[0m Using local app '/Users/oikhlas/Desktop/UIKitCatalog.app'
&amp#27;[38;5;-42m[XCUITestDriver@9d32 (dbe4db21)]&amp#27;[0m Event 'appConfigured' logged at 1730803673860 (15:47:53 GMT+0500 (Pakistan Standard Time))
&amp#27;[38;5;135m[XCUITest]&amp#27;[0m Checking whether app '/Users/oikhlas/Desktop/UIKitCatalog.app' is actually present on file system
&amp#27;[38;5;135m[XCUITest]&amp#27;[0m App is present
&amp#27;[38;5;135m[XCUITest]&amp#27;[0m Getting bundle ID from app '/Users/oikhlas/Desktop/UIKitCatalog.app': 'com.example.apple-samplecode.UICatalog'
&amp#27;[38;5;-42m[XCUITestDriver@9d32 (dbe4db21)]&amp#27;[0m Event 'resetStarted' logged at 1730803673863 (15:47:53 GMT+0500 (Pakistan Standard Time))
&amp#27;[38;5;176m[simctl]&amp#27;[0m Error running 'terminate': An error was encountered processing the command (domain=NSPOSIXErrorDomain, code=3):
The operation couldn’t be completed. found nothing to terminate
found nothing to terminate
&amp#27;[38;5;135m[XCUITest]&amp#27;[0m Reset: failed to terminate Simulator application with id "com.example.apple-samplecode.UICatalog"
&amp#27;[38;5;135m[XCUITest]&amp#27;[0m Not scrubbing third party app in anticipation of uninstall
&amp#27;[38;5;-42m[XCUITestDriver@9d32 (dbe4db21)]&amp#27;[0m Event 'resetComplete' logged at 1730803674006 (15:47:54 GMT+0500 (Pakistan Standard Time))
&amp#27;[38;5;-42m[XCUITestDriver@9d32 (dbe4db21)]&amp#27;[0m Using WDA path: '/Users/oikhlas/.appium/node_modules/appium-xcuitest-driver/node_modules/appium-webdriveragent'
&amp#27;[38;5;-42m[XCUITestDriver@9d32 (dbe4db21)]&amp#27;[0m Using WDA agent: '/Users/oikhlas/.appium/node_modules/appium-xcuitest-driver/node_modules/appium-webdriveragent/WebDriverAgent.xcodeproj'
&amp#27;[38;5;185m[IOSSimulatorLog]&amp#27;[0m Starting log capture for iOS Simulator with udid 'C2352445-7375-47D9-8C26-2C24AE0244BF' using simctl
&amp#27;[38;5;112m[Appium]&amp#27;[0m Welcome to Appium v2.12.0
&amp#27;[38;5;112m[Appium]&amp#27;[0m Non-default server args:
&amp#27;[38;5;112m[Appium]&amp#27;[0m { address: &amp#27;[32m'127.0.0.1'&amp#27;[39m }
&amp#27;[38;5;112m[Appium]&amp#27;[0m The autodetected Appium home path: /Users/oikhlas/.appium
&amp#27;[38;5;112m[Appium]&amp#27;[0m Attempting to load driver uiautomator2...
&amp#27;[38;5;112m[Appium]&amp#27;[0m Attempting to load driver xcuitest...
&amp#27;[38;5;112m[Appium]&amp#27;[0m Requiring driver at /Users/oikhlas/.appium/node_modules/appium-uiautomator2-driver/build/index.js
&amp#27;[38;5;112m[Appium]&amp#27;[0m Requiring driver at /Users/oikhlas/.appium/node_modules/appium-xcuitest-driver/build/index.js
&amp#27;[38;5;-42m[XCUITestDriver@9d32 (dbe4db21)]&amp#27;[0m Event 'logCaptureStarted' logged at 1730803674432 (15:47:54 GMT+0500 (Pakistan Standard Time))
&amp#27;[38;5;-42m[XCUITestDriver@9d32 (dbe4db21)]&amp#27;[0m Setting up simulator
&amp#27;[38;5;176m[iOSSim]&amp#27;[0m Setting preferences of C2352445-7375-47D9-8C26-2C24AE0244BF Simulator to {"ConnectHardwareKeyboard":false}
&amp#27;[38;5;176m[iOSSim]&amp#27;[0m Setting common Simulator preferences to {"RotateWindowWhenSignaledByGuest":true,"StartLastDeviceOnLaunch":false,"DetachOnWindowClose":false,"AttachBootedOnStart":true,"ConnectHardwareKeyboard":false,"PasteboardAutomaticSync":false}
&amp#27;[38;5;176m[iOSSim]&amp#27;[0m Updated C2352445-7375-47D9-8C26-2C24AE0244BF Simulator preferences at '/Users/oikhlas/Library/Preferences/com.apple.iphonesimulator.plist' with {"RotateWindowWhenSignaledByGuest":true,"StartLastDeviceOnLaunch":false,"DetachOnWindowClose":false,"AttachBootedOnStart":true,"ConnectHardwareKeyboard":false,"PasteboardAutomaticSync":false,"DevicePreferences":{"C2352445-7375-47D9-8C26-2C24AE0244BF":{"ConnectHardwareKeyboard":false,"SimulatorExternalDisplay":2114,"SimulatorWindowRotationAngle":0,"SimulatorWindowOrientation":"Portrait","SimulatorWindowGeometry":{"0818B644-D089-475A-842F-5BFEBE997DA5":{"WindowCenter":"{187.5, 459}","WindowScale":0.8277027027027027},"BC296BCC-54D1-450D-AD97-689FD47BD10F":{"WindowCenter":"{839.5, 548.5}","WindowScale":0.9842342342342343}},"ChromeTint":""}}}
&amp#27;[38;5;176m[iOSSim]&amp#27;[0m Got Simulator UI client PID: 441
&amp#27;[38;5;176m[iOSSim]&amp#27;[0m Both Simulator with UDID 'C2352445-7375-47D9-8C26-2C24AE0244BF' and the UI client are currently running
&amp#27;[38;5;-42m[XCUITestDriver@9d32 (dbe4db21)]&amp#27;[0m Event 'simStarted' logged at 1730803674976 (15:47:54 GMT+0500 (Pakistan Standard Time))
&amp#27;[38;5;135m[XCUITest]&amp#27;[0m Verifying application platform
&amp#27;[38;5;135m[XCUITest]&amp#27;[0m CFBundleSupportedPlatforms: ["iPhoneSimulator"]
&amp#27;[38;5;-42m[XCUITestDriver@9d32 (dbe4db21)]&amp#27;[0m App 'com.example.apple-samplecode.UICatalog' is already installed
&amp#27;[38;5;135m[XCUITest]&amp#27;[0m Reset requested. Removing app with id 'com.example.apple-samplecode.UICatalog' from the device
&amp#27;[38;5;135m[XCUITest]&amp#27;[0m Installing '/Users/oikhlas/Desktop/UIKitCatalog.app' on Simulator with UUID 'C2352445-7375-47D9-8C26-2C24AE0244BF'...
&amp#27;[38;5;135m[XCUITest]&amp#27;[0m The app has been installed successfully.
&amp#27;[38;5;-42m[XCUITestDriver@9d32 (dbe4db21)]&amp#27;[0m Event 'appInstalled' logged at 1730803676535 (15:47:56 GMT+0500 (Pakistan Standard Time))
&amp#27;[38;5;-42m[XCUITestDriver@9d32 (dbe4db21)]&amp#27;[0m No obsolete cached processes from previous WDA sessions listening on port 8100 have been found
&amp#27;[38;5;23m[DevCon Factory]&amp#27;[0m Requesting connection for device C2352445-7375-47D9-8C26-2C24AE0244BF on local port 8100
&amp#27;[38;5;23m[DevCon Factory]&amp#27;[0m Cached connections count: 0
&amp#27;[38;5;23m[DevCon Factory]&amp#27;[0m Successfully requested the connection for C2352445-7375-47D9-8C26-2C24AE0244BF:8100
&amp#27;[38;5;-42m[XCUITestDriver@9d32 (dbe4db21)]&amp#27;[0m Starting WebDriverAgent initialization with the synchronization key 'XCUITestDriver'
&amp#27;[38;5;151m[WD Proxy]&amp#27;[0m Matched '/status' to command name 'getStatus'
&amp#27;[38;5;151m[WD Proxy]&amp#27;[0m Proxying [GET /status] to [GET http://127.0.0.1:8100/status] with no body
&amp#27;[38;5;151m[WD Proxy]&amp#27;[0m connect ECONNREFUSED 127.0.0.1:8100
&amp#27;[38;5;-42m[XCUITestDriver@9d32 (dbe4db21)]&amp#27;[0m WDA is not listening at 'http://127.0.0.1:8100/'
&amp#27;[38;5;-42m[XCUITestDriver@9d32 (dbe4db21)]&amp#27;[0m WDA is currently not running. There is nothing to cache
&amp#27;[38;5;-42m[XCUITestDriver@9d32 (dbe4db21)]&amp#27;[0m Trying to start WebDriverAgent 2 times with 10000ms interval
&amp#27;[38;5;-42m[XCUITestDriver@9d32 (dbe4db21)]&amp#27;[0m These values can be customized by changing wdaStartupRetries/wdaStartupRetryInterval capabilities
&amp#27;[38;5;-42m[XCUITestDriver@9d32 (dbe4db21)]&amp#27;[0m Event 'wdaStartAttempted' logged at 1730803676780 (15:47:56 GMT+0500 (Pakistan Standard Time))
&amp#27;[38;5;-42m[XCUITestDriver@9d32 (dbe4db21)]&amp#27;[0m Launching WebDriverAgent on the device
&amp#27;[38;5;-42m[XCUITestDriver@9d32 (dbe4db21)]&amp#27;[0m There is no need to perform the project cleanup. A fresh install has been detected
&amp#27;[38;5;21m[WebDriverAgent]&amp#27;[0m Killing running processes 'xcodebuild.*C2352445-7375-47D9-8C26-2C24AE0244BF, C2352445-7375-47D9-8C26-2C24AE0244BF.*XCTRunner, xctest.*C2352445-7375-47D9-8C26-2C24AE0244BF' for the device C2352445-7375-47D9-8C26-2C24AE0244BF...
&amp#27;[38;5;21m[WebDriverAgent]&amp#27;[0m 'pgrep -if xcodebuild.*C2352445-7375-47D9-8C26-2C24AE0244BF' didn't detect any matching processes. Return code: 1
&amp#27;[38;5;21m[WebDriverAgent]&amp#27;[0m 'pgrep -if C2352445-7375-47D9-8C26-2C24AE0244BF.*XCTRunner' didn't detect any matching processes. Return code: 1
&amp#27;[38;5;21m[WebDriverAgent]&amp#27;[0m 'pgrep -if xctest.*C2352445-7375-47D9-8C26-2C24AE0244BF' didn't detect any matching processes. Return code: 1
&amp#27;[38;5;-42m[XCUITestDriver@9d32 (dbe4db21)]&amp#27;[0m Beginning test with command 'xcodebuild build-for-testing test-without-building -project /Users/oikhlas/.appium/node_modules/appium-xcuitest-driver/node_modules/appium-webdriveragent/WebDriverAgent.xcodeproj -scheme WebDriverAgentRunner -destination id=C2352445-7375-47D9-8C26-2C24AE0244BF IPHONEOS_DEPLOYMENT_TARGET=16.0 GCC_TREAT_WARNINGS_AS_ERRORS=0 COMPILER_INDEX_STORE_ENABLE=NO' in directory '/Users/oikhlas/.appium/node_modules/appium-xcuitest-driver/node_modules/appium-webdriveragent'
&amp#27;[38;5;-42m[XCUITestDriver@9d32 (dbe4db21)]&amp#27;[0m Output from xcodebuild will only be logged if any errors are present there. To change this, use 'showXcodeLog' desired capability
&amp#27;[38;5;112m[Appium]&amp#27;[0m AndroidUiautomator2Driver has been successfully loaded in 3.923s
&amp#27;[38;5;112m[Appium]&amp#27;[0m XCUITestDriver has been successfully loaded in 3.924s
&amp#27;[38;5;86m[HTTP]&amp#27;[0m Could not start REST http interface listener. The requested port may already be in use. Please make sure there is no other instance of this server running already.
&amp#27;[38;5;112m[Appium]&amp#27;[0m Could not configure Appium server. It's possible that a driver or plugin tried to update the server and failed. Original error: listen EADDRINUSE: address already in use 127.0.0.1:4723
&amp#27;[38;5;112m[Appium]&amp#27;[0m Error: listen EADDRINUSE: address already in use 127.0.0.1:4723
    at Server.setupListenHandle [as _listen2] (node:net:1740:16)
    at listenInCluster (node:net:1788:12)
    at doListen (node:net:1937:7)
    at processTicksAndRejections (node:internal/process/task_queues:83:21)
&amp#27;[38;5;-42m[XCUITestDriver@9d32 (dbe4db21)]&amp#27;[0m Waiting up to 20000ms for WebDriverAgent to start
&amp#27;[38;5;-42m[XCUITestDriver@9d32 (dbe4db21)]&amp#27;[0m Matched '/status' to command name 'getStatus'
&amp#27;[38;5;-42m[XCUITestDriver@9d32 (dbe4db21)]&amp#27;[0m Proxying [GET /status] to [GET http://127.0.0.1:8100/status] with no body
&amp#27;[38;5;-42m[XCUITestDriver@9d32 (dbe4db21)]&amp#27;[0m connect ECONNREFUSED 127.0.0.1:8100
&amp#27;[38;5;-42m[XCUITestDriver@9d32 (dbe4db21)]&amp#27;[0m Parsed BUILD_DIR configuration value: '/Users/oikhlas/Library/Developer/Xcode/DerivedData/WebDriverAgent-bcmeffsllcldukgyoimwiehwhvyz/Build/Products'
&amp#27;[38;5;-42m[XCUITestDriver@9d32 (dbe4db21)]&amp#27;[0m Got derived data root: '/Users/oikhlas/Library/Developer/Xcode/DerivedData/WebDriverAgent-bcmeffsllcldukgyoimwiehwhvyz'
&amp#27;[38;5;-42m[XCUITestDriver@9d32 (dbe4db21)]&amp#27;[0m Matched '/status' to command name 'getStatus'
&amp#27;[38;5;-42m[XCUITestDriver@9d32 (dbe4db21)]&amp#27;[0m Proxying [GET /status] to [GET http://127.0.0.1:8100/status] with no body
&amp#27;[38;5;-42m[XCUITestDriver@9d32 (dbe4db21)]&amp#27;[0m connect ECONNREFUSED 127.0.0.1:8100
&amp#27;[38;5;-42m[XCUITestDriver@9d32 (dbe4db21)]&amp#27;[0m Matched '/status' to command name 'getStatus'
&amp#27;[38;5;-42m[XCUITestDriver@9d32 (dbe4db21)]&amp#27;[0m Proxying [GET /status] to [GET http://127.0.0.1:8100/status] with no body
&amp#27;[38;5;-42m[XCUITestDriver@9d32 (dbe4db21)]&amp#27;[0m connect ECONNREFUSED 127.0.0.1:8100
&amp#27;[38;5;-42m[XCUITestDriver@9d32 (dbe4db21)]&amp#27;[0m Matched '/status' to command name 'getStatus'
&amp#27;[38;5;-42m[XCUITestDriver@9d32 (dbe4db21)]&amp#27;[0m Proxying [GET /status] to [GET http://127.0.0.1:8100/status] with no body
&amp#27;[38;5;-42m[XCUITestDriver@9d32 (dbe4db21)]&amp#27;[0m connect ECONNREFUSED 127.0.0.1:8100
&amp#27;[38;5;-42m[XCUITestDriver@9d32 (dbe4db21)]&amp#27;[0m Matched '/status' to command name 'getStatus'
&amp#27;[38;5;-42m[XCUITestDriver@9d32 (dbe4db21)]&amp#27;[0m Proxying [GET /status] to [GET http://127.0.0.1:8100/status] with no body
&amp#27;[38;5;-42m[XCUITestDriver@9d32 (dbe4db21)]&amp#27;[0m connect ECONNREFUSED 127.0.0.1:8100
&amp#27;[38;5;173m[Xcode]&amp#27;[0m 2024-11-05 15:48:03.033 xcodebuild[20643:209611]  DVTDownloadable: Unexpected error attempting to parse downloadable from index: Error Domain=DVTDownloadableErrors Code=16 "Unable to read in downloadable data. See underlying errors for details." UserInfo={DownloadablePlist={
&amp#27;[38;5;173m[Xcode]&amp#27;[0m     authentication = virtual;
&amp#27;[38;5;173m[Xcode]&amp#27;[0m     category = simulator;
&amp#27;[38;5;173m[Xcode]&amp#27;[0m     contentType = diskImage;
&amp#27;[38;5;173m[Xcode]&amp#27;[0m     dictionaryVersion = 2;
&amp#27;[38;5;173m[Xcode]&amp#27;[0m     fileSize = 7354535384;
&amp#27;[38;5;173m[Xcode]&amp#27;[0m     hostRequirements =     {
&amp#27;[38;5;173m[Xcode]&amp#27;[0m         minHostVersion = "13.4";
&amp#27;[38;5;173m[Xcode]&amp#27;[0m         minXcodeVersion = "15.0";
&amp#27;[38;5;173m[Xcode]&amp#27;[0m     };
&amp#27;[38;5;173m[Xcode]&amp#27;[0m     identifier = "com.apple.dmg.xrSimulatorSDK1_0_b1";
&amp#27;[38;5;173m[Xcode]&amp#27;[0m     name = "xrOS 1 beta Simulator Runtime";
&amp#27;[38;5;173m[Xcode]&amp#27;[0m     platform = "com.apple.platform.xros";
&amp#27;[38;5;173m[Xcode]&amp#27;[0m     simulatorVersion =     {
&amp#27;[38;5;173m[Xcode]&amp#27;[0m         buildUpdate = 21N5165g;
&amp#27;[38;5;173m[Xcode]&amp#27;[0m         version = "1.0";
&amp#27;[38;5;173m[Xcode]&amp#27;[0m     };
&amp#27;[38;5;173m[Xcode]&amp#27;[0m     source = "https://download.developer.apple.com/Developer_Tools/visionOS_1_beta/visionOS_1_beta_Simulator_Runtime.dmg";
&amp#27;[38;5;173m[Xcode]&amp#27;[0m     version = "1.0.0.1";
&amp#27;[38;5;173m[Xcode]&amp#27;[0m }, NSLocalizedDescription=Unable to read in downloadable data. See underlying errors for details., DVTUnderlyingErrorsKey=(
&amp#27;[38;5;173m[Xcode]&amp#27;[0m     "Error Domain=DVTDownloadableErrors Code=23 \"'com.apple.platform.xros' is an unknown platform identifier.\" UserInfo={NSLocalizedDescription='com.apple.platform.xros' is an unknown platform identifier.}"
&amp#27;[38;5;173m[Xcode]&amp#27;[0m )}
&amp#27;[38;5;173m[Xcode]&amp#27;[0m 
&amp#27;[38;5;173m[Xcode]&amp#27;[0m 
&amp#27;[38;5;173m[Xcode]&amp#27;[0m 
&amp#27;[38;5;173m[Xcode]&amp#27;[0m CompileC /Users/oikhlas/Library/Developer/Xcode/DerivedData/WebDriverAgent-bcmeffsllcldukgyoimwiehwhvyz/Build/Intermediates.noindex/WebDriverAgent.build/Debug-iphonesimulator/WebDriverAgentLib.build/Objects-normal/x86_64/GCDAsyncSocket.o /Users/oikhlas/.appium/node_modules/appium-xcuitest-driver/node_modules/appium-webdriveragent/WebDriverAgentLib/Vendor/CocoaAsyncSocket/GCDAsyncSocket.m normal x86_64 objective-c com.apple.compilers.llvm.clang.1_0.compiler (in target 'WebDriverAgentLib' from project 'WebDriverAgent')
&amp#27;[38;5;173m[Xcode]&amp#27;[0m     cd /Users/oikhlas/.appium/node_modules/appium-xcuitest-driver/node_modules/appium-webdriveragent
&amp#27;[38;5;173m[Xcode]&amp#27;[0m     /Applications/Xcode.app/Contents/Developer/Toolchains/XcodeDefault.xctoolchain/usr/bin/clang -x objective-c -target x86_64-apple-ios16.0-simulator -fmessage-length\=0 -fdiagnostics-show-note-include-stack -fmacro-backtrace-limit\=0 -std\=gnu99 -fobjc-arc -fmodules -gmodules -fmodules-cache-path\=/Users/oikhlas/Library/Developer/Xcode/DerivedData/ModuleCache.noindex -fmodules-prune-interval\=86400 -fmodules-prune-after\=345600 -fbuild-session-file\=/Users/oikhlas/Library/Developer/Xcode/DerivedData/ModuleCache.noindex/Session.modulevalidation -fmodules-validate-once-per-build-session -Wno-trigraphs -fpascal-strings -O0 -fno-common -Wmissing-field-initializers -Wno-missing-prototypes -Werror\=return-type -Wunreachable-code -Wquoted-include-in-framework-header -Wno-implicit-atomic-properties -Werror\=deprecated-objc-isa-usage -Wno-objc-interface-ivars -Werror\=objc-root-class -Warc-repeated-use-of-weak -Wno-arc-maybe-repeated-use-of-weak -Wimplicit-retain-self -Wduplicate-method-match -Wno-missing-braces -Wparentheses -Wswitch -Wunused-function -Wno-unused-label -Wunused-parameter -Wunused-variable -Wunused-value -Wempty-body -Wuninitialized -Wconditional-uninitialized -Wno-unknown-pragmas -pedantic -Wshadow -Wno-four-char-constants -Wconversion -Wconstant-conversion -Wint-conversion -Wbool-conversion -Wenum-conversion -Wfloat-conversion -Wnon-literal-null-conversion -Wobjc-literal-conversion -Wassign-enum -Wsign-compare -Wshorten-64-to-32 -Wpointer-sign -Wno-newline-eof -Wno-selector -Wno-strict-selector-match -Wundeclared-selector -Wdeprecated-implementations -Wno-implicit-fallthrough -DDEBUG\=1 -DOBJC_OLD_DISPATCH_PROTOTYPES\=0 -isysroot /Applications/Xcode.app/Contents/Developer/Platforms/iPhoneSimulator.platform/Developer/SDKs/iPhoneSimulator16.0.sdk -fasm-blocks -fstrict-aliasing -Wprotocol -Wdeprecated-declarations -g -Wno-sign-conversion -Winfinite-recursion -Wcomma -Wblock-capture-autoreleasing -Wstrict-prototypes -Wno-semicolon-before-method-body -fobjc-abi-version\=2 -fobjc-legacy-dispatch -iquote /Users/oikhlas/Library/Developer/Xcode/DerivedData/WebDriverAgent-bcmeffsllcldukgyoimwiehwhvyz/Build/Intermediates.noindex/WebDriverAgent.build/Debug-iphonesimulator/WebDriverAgentLib.build/WebDriverAgentLib-generated-files.hmap -I/Users/oikhlas/Library/Developer/Xcode/DerivedData/WebDriverAgent-bcmeffsllcldukgyoimwiehwhvyz/Build/Intermediates.noindex/WebDriverAgent.build/Debug-iphonesimulator/WebDriverAgentLib.build/WebDriverAgentLib-own-target-headers.hmap -I/Users/oikhlas/Library/Developer/Xcode/DerivedData/WebDriverAgent-bcmeffsllcldukgyoimwiehwhvyz/Build/Intermediates.noindex/WebDriverAgent.build/Debug-iphonesimulator/WebDriverAgentLib.build/WebDriverAgentLib-all-target-headers.hmap -iquote /Users/oikhlas/Library/Developer/Xcode/DerivedData/WebDriverAgent-bcmeffsllcldukgyoimwiehwhvyz/Build/Intermediates.noindex/WebDriverAgent.build/Debug-iphonesimulator/WebDriverAgentLib.build/WebDriverAgentLib-project-headers.hmap -I/Users/oikhlas/Library/Developer/Xcode/DerivedData/WebDriverAgent-bcmeffsllcldukgyoimwiehwhvyz/Build/Products/Debug-iphonesimulator/include -I/Applications/Xcode.app/Contents/Developer/Platforms/iPhoneSimulator.platform/Developer/SDKs/iPhoneSimulator16.0.sdk/usr/include/libxml2 -I/Users/oikhlas/.appium/node_modules/appium-xcuitest-driver/node_modules/appium-webdriveragent/Modules -I/Users/oikhlas/Library/Developer/Xcode/DerivedData/WebDriverAgent-bcmeffsllcldukgyoimwiehwhvyz/Build/Intermediates.noindex/WebDriverAgent.build/Debug-iphonesimulator/WebDriverAgentLib.build/DerivedSources-normal/x86_64 -I/Users/oikhlas/Library/Developer/Xcode/DerivedData/WebDriverAgent-bcmeffsllcldukgyoimwiehwhvyz/Build/Intermediates.noindex/WebDriverAgent.build/Debug-iphonesimulator/WebDriverAgentLib.build/DerivedSources/x86_64 -I/Users/oikhlas/Library/Developer/Xcode/DerivedData/WebDriverAgent-bcmeffsllcldukgyoimwiehwhvyz/Build/Intermediates.noindex/WebDriverAgent.build/Debug-iphonesimulator/WebDriverAgentLib.build/DerivedSources -Weverything -Wno-objc-missing-property-synthesis -Wno-unused-macros -Wno-disabled-macro-expansion -Wno-gnu-statement-expression -Wno-language-extension-token -Wno-overriding-method-mismatch -Wno-missing-variable-declarations -Rno-module-build -Wno-auto-import -Wno-objc-interface-ivars -Wno-documentation-unknown-command -Wno-reserved-id-macro -Wno-unused-parameter -Wno-gnu-conditional-omitted-operand -Wno-explicit-ownership-type -Wno-date-time -Wno-cast-align -Wno-cstring-format-directive -Wno-double-promotion -Wno-partial-availability -Weverything -Wno-objc-missing-property-synthesis -Wno-unused-macros -Wno-disabled-macro-expansion -Wno-gnu-statement-expression -Wno-language-extension-token -Wno-overriding-method-mismatch -Wno-missing-variable-declarations -Rno-module-build -Wno-auto-import -Wno-objc-interface-ivars -Wno-documentation-unknown-command -Wno-reserved-id-macro -Wno-unused-parameter -Wno-gnu-conditional-omitted-operand -Wno-explicit-ownership-type -Wno-date-time -Wno-cast-align -Wno-cstring-format-directive -Wno-double-promotion -Wno-partial-availability -Wno-objc-messaging-id -Wno-direct-ivar-access -Wno-cast-qual -Wno-declaration-after-statement -F/Users/oikhlas/Library/Developer/Xcode/DerivedData/WebDriverAgent-bcmeffsllcldukgyoimwiehwhvyz/Build/Products/Debug-iphonesimulator -F/Applications/Xcode.app/Contents/Developer/Platforms/iPhoneSimulator.platform/Developer/Library/Frameworks -F/Applications/Xcode.app/Contents/Developer/Platforms/iPhoneSimulator.platform/Developer/Library/PrivateFrameworks -iframework /Applications/Xcode.app/Contents/Developer/Platforms/iPhoneSimulator.platform/Developer/SDKs/iPhoneSimulator16.0.sdk/Developer/Library/Frameworks -MMD -MT dependencies -MF /Users/oikhlas/Library/Developer/Xcode/DerivedData/WebDriverAgent-bcmeffsllcldukgyoimwiehwhvyz/Build/Intermediates.noindex/WebDriverAgent.build/Debug-iphonesimulator/WebDriverAgentLib.build/Objects-normal/x86_64/GCDAsyncSocket.d --serialize-diagnostics /Users/oikhlas/Library/Developer/Xcode/DerivedData/WebDriverAgent-bcmeffsllcldukgyoimwiehwhvyz/Build/Intermediates.noindex/WebDriverAgent.build/Debug-iphonesimulator/WebDriverAgentLib.build/Objects-normal/x86_64/GCDAsyncSocket.dia -c /Users/oikhlas/.appium/node_modules/appium-xcuitest-driver/node_modules/appium-webdriveragent/WebDriverAgentLib/Vendor/CocoaAsyncSocket/GCDAsyncSocket.m -o /Users/oikhlas/Library/Developer/Xcode/DerivedData/WebDriverAgent-bcmeffsllcldukgyoimwiehwhvyz/Build/Intermediates.noindex/WebDriverAgent.build/Debug-iphonesimulator/WebDriverAgentLib.build/Objects-normal/x86_64/GCDAsyncSocket.o
&amp#27;[38;5;173m[Xcode]&amp#27;[0m 
&amp#27;[38;5;173m[Xcode]&amp#27;[0m /Users/oikhlas/.appium/node_modules/appium-xcuitest-driver/node_modules/appium-webdriveragent/WebDriverAgentLib/Vendor/CocoaAsyncSocket/GCDAsyncSocket.m:3244:3: warning: 'SSLClose' is deprecated: first deprecated in iOS 13.0 - No longer supported. Use Network.framework. [-Wdeprecated-declarations]
&amp#27;[38;5;173m[Xcode]&amp#27;[0m                 SSLClose(sslContext);
&amp#27;[38;5;173m[Xcode]&amp#27;[0m                 ^
&amp#27;[38;5;173m[Xcode]&amp#27;[0m In module 'Security' imported from /Users/oikhlas/.appium/node_modules/appium-xcuitest-driver/node_modules/appium-webdriveragent/WebDriverAgentLib/Vendor/CocoaAsyncSocket/GCDAsyncSocket.h:12:
&amp#27;[38;5;173m[Xcode]&amp#27;[0m /Applications/Xcode.app/Contents/Developer/Platforms/iPhoneSimulator.platform/Developer/SDKs/iPhoneSimulator16.0.sdk/System/Library/Frameworks/Security.framework/Headers/SecureTransport.h:1731:1: note: 'SSLClose' has been explicitly marked deprecated here
&amp#27;[38;5;173m[Xcode]&amp#27;[0m SSLClose                                        (SSLContextRef          context)
&amp#27;[38;5;173m[Xcode]&amp#27;[0m ^
&amp#27;[38;5;173m[Xcode]&amp#27;[0m /Users/oikhlas/.appium/node_modules/appium-xcuitest-driver/node_modules/appium-webdriveragent/WebDriverAgentLib/Vendor/CocoaAsyncSocket/GCDAsyncSocket.m:4779:9: warning: 'SSLGetBufferedReadSize' is deprecated: first deprecated in iOS 13.0 - No longer supported. Use Network.framework. [-Wdeprecated-declarations]
&amp#27;[38;5;173m[Xcode]&amp#27;[0m         SSLGetBufferedReadSize(self->sslContext, &sslInternalBufSize);
&amp#27;[38;5;173m[Xcode]&amp#27;[0m         ^
&amp#27;[38;5;173m[Xcode]&amp#27;[0m In module 'Security' imported from /Users/oikhlas/.appium/node_modules/appium-xcuitest-driver/node_modules/appium-webdriveragent/WebDriverAgentLib/Vendor/CocoaAsyncSocket/GCDAsyncSocket.h:12:
&amp#27;[38;5;173m[Xcode]&amp#27;[0m /Applications/Xcode.app/Contents/Developer/Platforms/iPhoneSimulator.platform/Developer/SDKs/iPhoneSimulator16.0.sdk/System/Library/Frameworks/Security.framework/Headers/SecureTransport.h:1705:1: note: 'SSLGetBufferedReadSize' has been explicitly marked deprecated here
&amp#27;[38;5;173m[Xcode]&amp#27;[0m SSLGetBufferedReadSize          (SSLContextRef context,
&amp#27;[38;5;173m[Xcode]&amp#27;[0m ^
&amp#27;[38;5;173m[Xcode]&amp#27;[0m /Users/oikhlas/.appium/node_modules/appium-xcuitest-driver/node_modules/appium-webdriveragent/WebDriverAgentLib/Vendor/CocoaAsyncSocket/GCDAsyncSocket.m:4804:22: warning: 'SSLRead' is deprecated: first deprecated in iOS 13.0 - No longer supported. Use Network.framework. [-Wdeprecated-declarations]
&amp#27;[38;5;173m[Xcode]&amp#27;[0m                         OSStatus result = SSLRead(sslContext, buffer, (size_t)estimatedBytesAvailable, &bytesRead);
&amp#27;[38;5;173m[Xcode]&amp#27;[0m                                           ^
&amp#27;[38;5;173m[Xcode]&amp#27;[0m In module 'Security' imported from /Users/oikhlas/.appium/node_modules/appium-xcuitest-driver/node_modules/appium-webdriveragent/WebDriverAgentLib/Vendor/CocoaAsyncSocket/GCDAsyncSocket.h:12:
&amp#27;[38;5;173m[Xcode]&amp#27;[0m /Applications/Xcode.app/Contents/Developer/Platforms/iPhoneSimulator.platform/Developer/SDKs/iPhoneSimulator16.0.sdk/System/Library/Frameworks/Security.framework/Headers/SecureTransport.h:1689:1: note: 'SSLRead' has been explicitly marked deprecated here
&amp#27;[38;5;173m[Xcode]&amp#27;[0m SSLRead                                         (SSLContextRef          context,
&amp#27;[38;5;173m[Xcode]&amp#27;[0m ^
&amp#27;[38;5;173m[Xcode]&amp#27;[0m /Users/oikhlas/.appium/node_modules/appium-xcuitest-driver/node_modules/appium-webdriveragent/WebDriverAgentLib/Vendor/CocoaAsyncSocket/GCDAsyncSocket.m:4932:4: warning: 'SSLGetBufferedReadSize' is deprecated: first deprecated in iOS 13.0 - No longer supported. Use Network.framework. [-Wdeprecated-declarations]
&amp#27;[38;5;173m[Xcode]&amp#27;[0m                         SSLGetBufferedReadSize(sslContext, &sslInternalBufSize);
&amp#27;[38;5;173m[Xcode]&amp#27;[0m                         ^
&amp#27;[38;5;173m[Xcode]&amp#27;[0m In module 'Security' imported from /Users/oikhlas/.appium/node_modules/appium-xcuitest-driver/node_modules/appium-webdriveragent/WebDriverAgentLib/Vendor/CocoaAsyncSocket/GCDAsyncSocket.h:12:
&amp#27;[38;5;173m[Xcode]&amp#27;[0m /Applications/Xcode.app/Contents/Developer/Platforms/iPhoneSimulator.platform/Developer/SDKs/iPhoneSimulator16.0.sdk/System/Library/Frameworks/Security.framework/Headers/SecureTransport.h:1705:1: note: 'SSLGetBufferedReadSize' has been explicitly marked deprecated here
&amp#27;[38;5;173m[Xcode]&amp#27;[0m SSLGetBufferedReadSize          (SSLContextRef context,
&amp#27;[38;5;173m[Xcode]&amp#27;[0m ^
&amp#27;[38;5;173m[Xcode]&amp#27;[0m /Users/oikhlas/.appium/node_modules/appium-xcuitest-driver/node_modules/appium-webdriveragent/WebDriverAgentLib/Vendor/CocoaAsyncSocket/GCDAsyncSocket.m:5215:15: warning: 'SSLRead' is deprecated: first deprecated in iOS 13.0 - No longer supported. Use Network.framework. [-Wdeprecated-declarations]
&amp#27;[38;5;173m[Xcode]&amp#27;[0m                                         result = SSLRead(sslContext, loop_buffer, loop_bytesToRead, &loop_bytesRead);
&amp#27;[38;5;173m[Xcode]&amp#27;[0m                                                  ^
&amp#27;[38;5;173m[Xcode]&amp#27;[0m In module 'Security' imported from /Users/oikhlas/.appium/node_modules/appium-xcuitest-driver/node_modules/appium-webdriveragent/WebDriverAgentLib/Vendor/CocoaAsyncSocket/GCDAsyncSocket.h:12:
&amp#27;[38;5;173m[Xcode]&amp#27;[0m /Applications/Xcode.app/Contents/Developer/Platforms/iPhoneSimulator.platform/Developer/SDKs/iPhoneSimulator16.0.sdk/System/Library/Frameworks/Security.framework/Headers/SecureTransport.h:1689:1: note: 'SSLRead' has been explicitly marked deprecated here
&amp#27;[38;5;173m[Xcode]&amp#27;[0m SSLRead                                         (SSLContextRef          context,
&amp#27;[38;5;173m[Xcode]&amp#27;[0m ^
&amp#27;[38;5;173m[Xcode]&amp#27;[0m /Users/oikhlas/.appium/node_modules/appium-xcuitest-driver/node_modules/appium-webdriveragent/WebDriverAgentLib/Vendor/CocoaAsyncSocket/GCDAsyncSocket.m:6179:14: warning: 'SSLWrite' is deprecated: first deprecated in iOS 13.0 - No longer supported. Use Network.framework. [-Wdeprecated-declarations]
&amp#27;[38;5;173m[Xcode]&amp#27;[0m                                 result = SSLWrite(sslContext, NULL, 0, &processed);
&amp#27;[38;5;173m[Xcode]&amp#27;[0m                                          ^
&amp#27;[38;5;173m[Xcode]&amp#27;[0m In module 'Security' imported from /Users/oikhlas/.appium/node_modules/appium-xcuitest-driver/node_modules/appium-webdriveragent/WebDriverAgentLib/Vendor/CocoaAsyncSocket/GCDAsyncSocket.h:12:
&amp#27;[38;5;173m[Xcode]&amp#27;[0m /Applications/Xcode.app/Contents/Developer/Platforms/iPhoneSimulator.platform/Developer/SDKs/iPhoneSimulator16.0.sdk/System/Library/Frameworks/Security.framework/Headers/SecureTransport.h:1670:1: note: 'SSLWrite' has been explicitly marked deprecated here
&amp#27;[38;5;173m[Xcode]&amp#27;[0m SSLWrite                                        (SSLContextRef          context,
&amp#27;[38;5;173m[Xcode]&amp#27;[0m ^
&amp#27;[38;5;173m[Xcode]&amp#27;[0m /Users/oikhlas/.appium/node_modules/appium-xcuitest-driver/node_modules/appium-webdriveragent/WebDriverAgentLib/Vendor/CocoaAsyncSocket/GCDAsyncSocket.m:6230:15: warning: 'SSLWrite' is deprecated: first deprecated in iOS 13.0 - No longer supported. Use Network.framework. [-Wdeprecated-declarations]
&amp#27;[38;5;173m[Xcode]&amp#27;[0m                                         result = SSLWrite(sslContext, buffer, sslBytesToWrite, &sslBytesWritten);
&amp#27;[38;5;173m[Xcode]&amp#27;[0m                                                  ^
&amp#27;[38;5;173m[Xcode]&amp#27;[0m In module 'Security' imported from /Users/oikhlas/.appium/node_modules/appium-xcuitest-driver/node_modules/appium-webdriveragent/WebDriverAgentLib/Vendor/CocoaAsyncSocket/GCDAsyncSocket.h:12:
&amp#27;[38;5;173m[Xcode]&amp#27;[0m /Applications/Xcode.app/Contents/Developer/Platforms/iPhoneSimulator.platform/Developer/SDKs/iPhoneSimulator16.0.sdk/System/Library/Frameworks/Security.framework/Headers/SecureTransport.h:1670:1: note: 'SSLWrite' has been explicitly marked deprecated here
&amp#27;[38;5;173m[Xcode]&amp#27;[0m SSLWrite                                        (SSLContextRef          context,
&amp#27;[38;5;173m[Xcode]&amp#27;[0m ^
&amp#27;[38;5;173m[Xcode]&amp#27;[0m /Users/oikhlas/.appium/node_modules/appium-xcuitest-driver/node_modules/appium-webdriveragent/WebDriverAgentLib/Vendor/CocoaAsyncSocket/GCDAsyncSocket.m:6865:17: warning: 'SSLCreateContext' is deprecated: first deprecated in iOS 13.0 - No longer supported. Use Network.framework. [-Wdeprecated-declarations]
&amp#27;[38;5;173m[Xcode]&amp#27;[0m                         sslContext = SSLCreateContext(kCFAllocatorDefault, kSSLServerSide, kSSLStreamType);
&amp#27;[38;5;173m[Xcode]&amp#27;[0m                                      ^
&amp#27;[38;5;173m[Xcode]&amp#27;[0m In module 'Security' imported from /Users/oikhlas/.appium/node_modules/appium-xcuitest-driver/node_modules/appium-webdriveragent/WebDriverAgentLib/Vendor/CocoaAsyncSocket/GCDAsyncSocket.h:12:
&amp#27;[38;5;173m[Xcode]&amp#27;[0m /Applications/Xcode.app/Contents/Developer/Platforms/iPhoneSimulator.platform/Developer/SDKs/iPhoneSimulator16.0.sdk/System/Library/Frameworks/Security.framework/Headers/SecureTransport.h:316:1: note: 'SSLCreateContext' has been explicitly marked deprecated here
&amp#27;[38;5;173m[Xcode]&amp#27;[0m SSLCreateContext(CFAllocatorRef __nullable alloc, SSLProtocolSide protocolSide, SSLConnectionType connectionType)
&amp#27;[38;5;173m[Xcode]&amp#27;[0m ^
&amp#27;[38;5;173m[Xcode]&amp#27;[0m /Users/oikhlas/.appium/node_modules/appium-xcuitest-driver/node_modules/appium-webdriveragent/WebDriverAgentLib/Vendor/CocoaAsyncSocket/GCDAsyncSocket.m:6865:55: warning: 'kSSLServerSide' is deprecated: first deprecated in iOS 13.0 [-Wdeprecated-declarations]
&amp#27;[38;5;173m[Xcode]&amp#27;[0m                         sslContext = SSLCreateContext(kCFAllocatorDefault, kSSLServerSide, kSSLStreamType);
&amp#27;[38;5;173m[Xcode]&amp#27;[0m                                                                            ^
&amp#27;[38;5;173m[Xcode]&amp#27;[0m In module 'Security' imported from /User
&amp#27;[38;5;173m[Xcode]&amp#27;[0m s/oikhlas/.appium/node_modules/appium-xcuitest-driver/node_modules/appium-webdriveragent/WebDriverAgentLib/Vendor/CocoaAsyncSocket/GCDAsyncSocket.h:12:
&amp#27;[38;5;173m[Xcode]&amp#27;[0m /Applications/Xcode.app/Contents/Developer/Platforms/iPhoneSimulator.platform/Developer/SDKs/iPhoneSimulator16.0.sdk/System/Library/Frameworks/Security.framework/Headers/SecureTransport.h:217:5: note: 'kSSLServerSide' has been explicitly marked deprecated here
&amp#27;[38;5;173m[Xcode]&amp#27;[0m     kSSLServerSide CF_ENUM_DEPRECATED(10_2, 10_15, 2_0, 13_0),
&amp#27;[38;5;173m[Xcode]&amp#27;[0m     ^
&amp#27;[38;5;173m[Xcode]&amp#27;[0m /Users/oikhlas/.appium/node_modules/appium-xcuitest-driver/node_modules/appium-webdriveragent/WebDriverAgentLib/Vendor/CocoaAsyncSocket/GCDAsyncSocket.m:6865:71: warning: 'kSSLStreamType' is deprecated: first deprecated in iOS 13.0 [-Wdeprecated-declarations]
&amp#27;[38;5;173m[Xcode]&amp#27;[0m                         sslContext = SSLCreateContext(kCFAllocatorDefault, kSSLServerSide, kSSLStreamType);
&amp#27;[38;5;173m[Xcode]&amp#27;[0m                                                                                            ^
&amp#27;[38;5;173m[Xcode]&amp#27;[0m In module 'Security' imported from /Users/oikhlas/.appium/node_modules/appium-xcuitest-driver/node_modules/appium-webdriveragent/WebDriverAgentLib/Vendor/CocoaAsyncSocket/GCDAsyncSocket.h:12:
&amp#27;[38;5;173m[Xcode]&amp#27;[0m /Applications/Xcode.app/Contents/Developer/Platforms/iPhoneSimulator.platform/Developer/SDKs/iPhoneSimulator16.0.sdk/System/Library/Frameworks/Security.framework/Headers/SecureTransport.h:223:5: note: 'kSSLStreamType' has been explicitly marked deprecated here
&amp#27;[38;5;173m[Xcode]&amp#27;[0m     kSSLStreamType CF_ENUM_DEPRECATED(10_2, 10_15, 2_0, 13_0),
&amp#27;[38;5;173m[Xcode]&amp#27;[0m     ^
&amp#27;[38;5;173m[Xcode]&amp#27;[0m /Users/oikhlas/.appium/node_modules/appium-xcuitest-driver/node_modules/appium-webdriveragent/WebDriverAgentLib/Vendor/CocoaAsyncSocket/GCDAsyncSocket.m:6867:17: warning: 'SSLCreateContext' is deprecated: first deprecated in iOS 13.0 - No longer supported. Use Network.framework. [-Wdeprecated-declarations]
&amp#27;[38;5;173m[Xcode]&amp#27;[0m                         sslContext = SSLCreateContext(kCFAllocatorDefault, kSSLClientSide, kSSLStreamType);
&amp#27;[38;5;173m[Xcode]&amp#27;[0m                                      ^
&amp#27;[38;5;173m[Xcode]&amp#27;[0m In module 'Security' imported from /Users/oikhlas/.appium/node_modules/appium-xcuitest-driver/node_modules/appium-webdriveragent/WebDriverAgentLib/Vendor/CocoaAsyncSocket/GCDAsyncSocket.h:12:
&amp#27;[38;5;173m[Xcode]&amp#27;[0m /Applications/Xcode.app/Contents/Developer/Platforms/iPhoneSimulator.platform/Developer/SDKs/iPhoneSimulator16.0.sdk/System/Library/Frameworks/Security.framework/Headers/SecureTransport.h:316:1: note: 'SSLCreateContext' has been explicitly marked deprecated here
&amp#27;[38;5;173m[Xcode]&amp#27;[0m SSLCreateContext(CFAllocatorRef __nullable alloc, SSLProtocolSide protocolSide, SSLConnectionType connectionType)
&amp#27;[38;5;173m[Xcode]&amp#27;[0m ^
&amp#27;[38;5;173m[Xcode]&amp#27;[0m /Users/oikhlas/.appium/node_modules/appium-xcuitest-driver/node_modules/appium-webdriveragent/WebDriverAgentLib/Vendor/CocoaAsyncSocket/GCDAsyncSocket.m:6867:55: warning: 'kSSLClientSide' is deprecated: first deprecated in iOS 13.0 [-Wdeprecated-declarations]
&amp#27;[38;5;173m[Xcode]&amp#27;[0m                         sslContext = SSLCreateContext(kCFAllocatorDefault, kSSLClientSide, kSSLStreamType);
&amp#27;[38;5;173m[Xcode]&amp#27;[0m                                                                            ^
&amp#27;[38;5;173m[Xcode]&amp#27;[0m In module 'Security' imported from /Users/oikhlas/.appium/node_modules/appium-xcuitest-driver/node_modules/appium-webdriveragent/WebDriverAgentLib/Vendor/CocoaAsyncSocket/GCDAsyncSocket.h:12:
&amp#27;[38;5;173m[Xcode]&amp#27;[0m /Applications/Xcode.app/Contents/Developer/Platforms/iPhoneSimulator.platform/Developer/SDKs/iPhoneSimulator16.0.sdk/System/Library/Frameworks/Security.framework/Headers/SecureTransport.h:218:5: note: 'kSSLClientSide' has been explicitly marked deprecated here
&amp#27;[38;5;173m[Xcode]&amp#27;[0m     kSSLClientSide CF_ENUM_DEPRECATED(10_2, 10_15, 2_0, 13_0)
&amp#27;[38;5;173m[Xcode]&amp#27;[0m     ^
&amp#27;[38;5;173m[Xcode]&amp#27;[0m /Users/oikhlas/.appium/node_modules/appium-xcuitest-driver/node_modules/appium-webdriveragent/WebDriverAgentLib/Vendor/CocoaAsyncSocket/GCDAsyncSocket.m:6867:71: warning: 'kSSLStreamType' is deprecated: first deprecated in iOS 13.0 [-Wdeprecated-declarations]
&amp#27;[38;5;173m[Xcode]&amp#27;[0m                         sslContext = SSLCreateContext(kCFAllocatorDefault, kSSLClientSide, kSSLStreamType);
&amp#27;[38;5;173m[Xcode]&amp#27;[0m                                                                                            ^
&amp#27;[38;5;173m[Xcode]&amp#27;[0m In module 'Security' imported from /Users/oikhlas/.appium/node_modules/appium-xcuitest-driver/node_modules/appium-webdriveragent/WebDriverAgentLib/Vendor/CocoaAsyncSocket/GCDAsyncSocket.h:12:
&amp#27;[38;5;173m[Xcode]&amp#27;[0m /Applications/Xcode.app/Contents/Developer/Platforms/iPhoneSimulator.platform/Developer/SDKs/iPhoneSimulator16.0.sdk/System/Library/Frameworks/Security.framework/Headers/SecureTransport.h:223:5: note: 'kSSLStreamType' has been explicitly marked deprecated here
&amp#27;[38;5;173m[Xcode]&amp#27;[0m     kSSLStreamType CF_ENUM_DEPRECATED(10_2, 10_15, 2_0, 13_0),
&amp#27;[38;5;173m[Xcode]&amp#27;[0m     ^
&amp#27;[38;5;173m[Xcode]&amp#27;[0m /Users/oikhlas/.appium/node_modules/appium-xcuitest-driver/node_modules/appium-webdriveragent/WebDriverAgentLib/Vendor/CocoaAsyncSocket/GCDAsyncSocket.m:6886:11: warning: 'SSLSetIOFuncs' is deprecated: first deprecated in iOS 13.0 - No longer supported. Use Network.framework. [-Wdeprecated-declarations]
&amp#27;[38;5;173m[Xcode]&amp#27;[0m         status = SSLSetIOFuncs(sslContext, &SSLReadFunction, &SSLWriteFunction);
&amp#27;[38;5;173m[Xcode]&amp#27;[0m                  ^
&amp#27;[38;5;173m[Xcode]&amp#27;[0m In module 'Security' imported from /Users/oikhlas/.appium/node_modules/appium-xcuitest-driver/node_modules/appium-webdriveragent/WebDriverAgentLib/Vendor/CocoaAsyncSocket/GCDAsyncSocket.h:12:
&amp#27;[38;5;173m[Xcode]&amp#27;[0m /Applications/Xcode.app/Contents/Developer/Platforms/iPhoneSimulator.platform/Developer/SDKs/iPhoneSimulator16.0.sdk/System/Library/Frameworks/Security.framework/Headers/SecureTransport.h:418:1: note: 'SSLSetIOFuncs' has been explicitly marked deprecated here
&amp#27;[38;5;173m[Xcode]&amp#27;[0m SSLSetIOFuncs                           (SSLContextRef          context,
&amp#27;[38;5;173m[Xcode]&amp#27;[0m ^
&amp#27;[38;5;173m[Xcode]&amp#27;[0m /Users/oikhlas/.appium/node_modules/appium-xcuitest-driver/node_modules/appium-webdriveragent/WebDriverAgentLib/Vendor/CocoaAsyncSocket/GCDAsyncSocket.m:6893:11: warning: 'SSLSetConnection' is deprecated: first deprecated in iOS 13.0 - No longer supported. Use Network.framework. [-Wdeprecated-declarations]
&amp#27;[38;5;173m[Xcode]&amp#27;[0m         status = SSLSetConnection(sslContext, (__bridge SSLConnectionRef)self);
&amp#27;[38;5;173m[Xcode]&amp#27;[0m                  ^
&amp#27;[38;5;173m[Xcode]&amp#27;[0m In module 'Security' imported from /Users/oikhlas/.appium/node_modules/appium-xcuitest-driver/node_modules/appium-webdriveragent/WebDriverAgentLib/Vendor/CocoaAsyncSocket/GCDAsyncSocket.h:12:
&amp#27;[38;5;173m[Xcode]&amp#27;[0m /Applications/Xcode.app/Contents/Developer/Platforms/iPhoneSimulator.platform/Developer/SDKs/iPhoneSimulator16.0.sdk/System/Library/Frameworks/Security.framework/Headers/SecureTransport.h:657:1: note: 'SSLSetConnection' has been explicitly marked deprecated here
&amp#27;[38;5;173m[Xcode]&amp#27;[0m SSLSetConnection                        (SSLContextRef                  context,
&amp#27;[38;5;173m[Xcode]&amp#27;[0m ^
&amp#27;[38;5;173m[Xcode]&amp#27;[0m /Users/oikhlas/.appium/node_modules/appium-xcuitest-driver/node_modules/appium-webdriveragent/WebDriverAgentLib/Vendor/CocoaAsyncSocket/GCDAsyncSocket.m:6910:12: warning: 'SSLSetSessionOption' is deprecated: first deprecated in iOS 13.0 - No longer supported. Use Network.framework. [-Wdeprecated-declarations]
&amp#27;[38;5;173m[Xcode]&amp#27;[0m                 status = SSLSetSessionOption(sslContext, kSSLSessionOptionBreakOnServerAuth, true);
&amp#27;[38;5;173m[Xcode]&amp#27;[0m                          ^
&amp#27;[38;5;173m[Xcode]&amp#27;[0m In module 'Security' imported from /Users/oikhlas/.appium/node_modules/appium-xcuitest-driver/node_modules/appium-webdriveragent/WebDriverAgentLib/Vendor/CocoaAsyncSocket/GCDAsyncSocket.h:12:
&amp#27;[38;5;173m[Xcode]&amp#27;[0m /Applications/Xcode.app/Contents/Developer/Platforms/iPhoneSimulator.platform/Developer/SDKs/iPhoneSimulator16.0.sdk/System/Library/Frameworks/Security.framework/Headers/SecureTransport.h:384:1: note: 'SSLSetSessionOption' has been explicitly marked deprecated here
&amp#27;[38;5;173m[Xcode]&amp#27;[0m SSLSetSessionOption                     (SSLContextRef          context,
&amp#27;[38;5;173m[Xcode]&amp#27;[0m ^
&amp#27;[38;5;173m[Xcode]&amp#27;[0m /Users/oikhlas/.appium/node_modules/appium-xcuitest-driver/node_modules/appium-webdriveragent/WebDriverAgentLib/Vendor/CocoaAsyncSocket/GCDAsyncSocket.m:6910:44: warning: 'kSSLSessionOptionBreakOnServerAuth' is deprecated: first deprecated in iOS 13.0 [-Wdeprecated-declarations]
&amp#27;[38;5;173m[Xcode]&amp#27;[0m                 status = SSLSetSessionOption(sslContext, kSSLSessionOptionBreakOnServerAuth, true);
&amp#27;[38;5;173m[Xcode]&amp#27;[0m                                                          ^
&amp#27;[38;5;173m[Xcode]&amp#27;[0m In module 'Security' imported from /Users/oikhlas/.appium/node_modules/appium-xcuitest-driver/node_modules/appium-webdriveragent/WebDriverAgentLib/Vendor/CocoaAsyncSocket/GCDAsyncSocket.h:12:
&amp#27;[38;5;173m[Xcode]&amp#27;[0m /Applications/Xcode.app/Contents/Developer/Platforms/iPhoneSimulator.platform/Developer/SDKs/iPhoneSimulator16.0.sdk/System/Library/Frameworks/Security.framework/Headers/SecureTransport.h:99:2: note: 'kSSLSessionOptionBreakOnServerAuth' has been explicitly marked deprecate
&amp#27;[38;5;173m[Xcode]&amp#27;[0m d here
&amp#27;[38;5;173m[Xcode]&amp#27;[0m         kSSLSessionOptionBreakOnServerAuth CF_ENUM_DEPRECATED(10_2, 10_15, 2_0, 13_0) = 0,
&amp#27;[38;5;173m[Xcode]&amp#27;[0m         ^
&amp#27;[38;5;173m[Xcode]&amp#27;[0m /Users/oikhlas/.appium/node_modules/appium-xcuitest-driver/node_modules/appium-webdriveragent/WebDriverAgentLib/Vendor/CocoaAsyncSocket/GCDAsyncSocket.m:6969:12: warning: 'SSLSetPeerDomainName' is deprecated: first deprecated in iOS 13.0 - No longer supported. Use Network.framework. [-Wdeprecated-declarations]
&amp#27;[38;5;173m[Xcode]&amp#27;[0m                 status = SSLSetPeerDomainName(sslContext, peer, peerLen);
&amp#27;[38;5;173m[Xcode]&amp#27;[0m                          ^
&amp#27;[38;5;173m[Xcode]&amp#27;[0m In module 'Security' imported from /Users/oikhlas/.appium/node_modules/appium-xcuitest-driver/node_modules/appium-webdriveragent/WebDriverAgentLib/Vendor/CocoaAsyncSocket/GCDAsyncSocket.h:12:
&amp#27;[38;5;173m[Xcode]&amp#27;[0m /Applications/Xcode.app/Contents/Developer/Platforms/iPhoneSimulator.platform/Developer/SDKs/iPhoneSimulator16.0.sdk/System/Library/Frameworks/Security.framework/Headers/SecureTransport.h:686:1: note: 'SSLSetPeerDomainName' has been explicitly marked deprecated here
&amp#27;[38;5;173m[Xcode]&amp#27;[0m SSLSetPeerDomainName            (SSLContextRef          context,
&amp#27;[38;5;173m[Xcode]&amp#27;[0m ^
&amp#27;[38;5;173m[Xcode]&amp#27;[0m /Users/oikhlas/.appium/node_modules/appium-xcuitest-driver/node_modules/appium-webdriveragent/WebDriverAgentLib/Vendor/CocoaAsyncSocket/GCDAsyncSocket.m:6991:12: warning: 'SSLSetCertificate' is deprecated: first deprecated in iOS 13.0 - No longer supported. Use Network.framework. [-Wdeprecated-declarations]
&amp#27;[38;5;173m[Xcode]&amp#27;[0m                 status = SSLSetCertificate(sslContext, (__bridge CFArrayRef)certs);
&amp#27;[38;5;173m[Xcode]&amp#27;[0m                          ^
&amp#27;[38;5;173m[Xcode]&amp#27;[0m In module 'Security' imported from /Users/oikhlas/.appium/node_modules/appium-xcuitest-driver/node_modules/appium-webdriveragent/WebDriverAgentLib/Vendor/CocoaAsyncSocket/GCDAsyncSocket.h:12:
&amp#27;[38;5;173m[Xcode]&amp#27;[0m /Applications/Xcode.app/Contents/Developer/Platforms/iPhoneSimulator.platform/Developer/SDKs/iPhoneSimulator16.0.sdk/System/Library/Frameworks/Security.framework/Headers/SecureTransport.h:637:1: note: 'SSLSetCertificate' has been explicitly marked deprecated here
&amp#27;[38;5;173m[Xcode]&amp#27;[0m SSLSetCertificate                       (SSLContextRef          context,
&amp#27;[38;5;173m[Xcode]&amp#27;[0m ^
&amp#27;[38;5;173m[Xcode]&amp#27;[0m /Users/oikhlas/.appium/node_modules/appium-xcuitest-driver/node_modules/appium-webdriveragent/WebDriverAgentLib/Vendor/CocoaAsyncSocket/GCDAsyncSocket.m:7013:12: warning: 'SSLSetPeerID' is deprecated: first deprecated in iOS 13.0 - No longer supported. Use Network.framework. [-Wdeprecated-declarations]
&amp#27;[38;5;173m[Xcode]&amp#27;[0m                 status = SSLSetPeerID(sslContext, [peerIdData bytes], [peerIdData length]);
&amp#27;[38;5;173m[Xcode]&amp#27;[0m                          ^
&amp#27;[38;5;173m[Xcode]&amp#27;[0m In module 'Security' imported from /Users/oikhlas/.appium/node_modules/appium-xcuitest-driver/node_modules/appium-webdriveragent/WebDriverAgentLib/Vendor/CocoaAsyncSocket/GCDAsyncSocket.h:12:
&amp#27;[38;5;173m[Xcode]&amp#27;[0m /Applications/Xcode.app/Contents/Developer/Platforms/iPhoneSimulator.platform/Developer/SDKs/iPhoneSimulator16.0.sdk/System/Library/Frameworks/Security.framework/Headers/SecureTransport.h:1285:1: note: 'SSLSetPeerID' has been explicitly marked deprecated here
&amp#27;[38;5;173m[Xcode]&amp#27;[0m SSLSetPeerID                            (SSLContextRef          context,
&amp#27;[38;5;173m[Xcode]&amp#27;[0m ^
&amp#27;[38;5;173m[Xcode]&amp#27;[0m /Users/oikhlas/.appium/node_modules/appium-xcuitest-driver/node_modules/appium-webdriveragent/WebDriverAgentLib/Vendor/CocoaAsyncSocket/GCDAsyncSocket.m:7036:22: warning: 'kSSLProtocolUnknown' is deprecated: first deprecated in iOS 13.0 [-Wdeprecated-declarations]
&amp#27;[38;5;173m[Xcode]&amp#27;[0m                 if (minProtocol != kSSLProtocolUnknown)
&amp#27;[38;5;173m[Xcode]&amp#27;[0m                                    ^
&amp#27;[38;5;173m[Xcode]&amp#27;[0m In module 'Security' imported from /Users/oikhlas/.appium/node_modules/appium-xcuitest-driver/node_modules/appium-webdriveragent/WebDriverAgentLib/Vendor/CocoaAsyncSocket/GCDAsyncSocket.h:12:
&amp#27;[38;5;173m[Xcode]&amp#27;[0m /Applications/Xcode.app/Contents/Developer/Platforms/iPhoneSimulator.platform/Developer/SDKs/iPhoneSimulator16.0.sdk/System/Library/Frameworks/Security.framework/Headers/SecProtocolTypes.h:156:5: note: 'kSSLProtocolUnknown' has been explicitly marked deprecated here
&amp#27;[38;5;173m[Xcode]&amp#27;[0m     kSSLProtocolUnknown CF_ENUM_DEPRECATED(10_2, 10_15, 5_0, 13_0) = 0,
&amp#27;[38;5;173m[Xcode]&amp#27;[0m     ^
&amp#27;[38;5;173m[Xcode]&amp#27;[0m /Users/oikhlas/.appium/node_modules/appium-xcuitest-driver/node_modules/appium-webdriveragent/WebDriverAgentLib/Vendor/CocoaAsyncSocket/GCDAsyncSocket.m:7038:13: warning: 'SSLSetProtocolVersionMin' is deprecated: first deprecated in iOS 13.0 - No longer supported. Use Network.framework. [-Wdeprecated-declarations]
&amp#27;[38;5;173m[Xcode]&amp#27;[0m                         status = SSLSetProtocolVersionMin(sslContext, minProtocol);
&amp#27;[38;5;173m[Xcode]&amp#27;[0m                                  ^
&amp#27;[38;5;173m[Xcode]&amp#27;[0m In module 'Security' imported from /Users/oikhlas/.appium/node_modules/appium-xcuitest-driver/node_modules/appium-webdriveragent/WebDriverAgentLib/Vendor/CocoaAsyncSocket/GCDAsyncSocket.h:12:
&amp#27;[38;5;173m[Xcode]&amp#27;[0m /Applications/Xcode.app/Contents/Developer/Platforms/iPhoneSimulator.platform/Developer/SDKs/iPhoneSimulator16.0.sdk/System/Library/Frameworks/Security.framework/Headers/SecureTransport.h:458:1: note: 'SSLSetProtocolVersionMin' has been explicitly marked deprecated here
&amp#27;[38;5;173m[Xcode]&amp#27;[0m SSLSetProtocolVersionMin  (SSLContextRef      context,
&amp#27;[38;5;173m[Xcode]&amp#27;[0m ^
&amp#27;[38;5;173m[Xcode]&amp#27;[0m /Users/oikhlas/.appium/node_modules/appium-xcuitest-driver/node_modules/appium-webdriveragent/WebDriverAgentLib/Vendor/CocoaAsyncSocket/GCDAsyncSocket.m:7060:22: warning: 'kSSLProtocolUnknown' is deprecated: first deprecated in iOS 13.0 [-Wdeprecated-declarations]
&amp#27;[38;5;173m[Xcode]&amp#27;[0m                 if (maxProtocol != kSSLProtocolUnknown)
&amp#27;[38;5;173m[Xcode]&amp#27;[0m                                    ^
&amp#27;[38;5;173m[Xcode]&amp#27;[0m In module 'Security' imported from /Users/oikhlas/.appium/node_modules/appium-xcuitest-driver/node_modules/appium-webdriveragent/WebDriverAgentLib/Vendor/CocoaAsyncSocket/GCDAsyncSocket.h:12:
&amp#27;[38;5;173m[Xcode]&amp#27;[0m /Applications/Xcode.app/Contents/Developer/Platforms/iPhoneSimulator.platform/Developer/SDKs/iPhoneSimulator16.0.sdk/System/Library/Frameworks/Security.framework/Headers/SecProtocolTypes.h:156:5: note: 'kSSLProtocolUnknown' has been explicitly marked deprecated here
&amp#27;[38;5;173m[Xcode]&amp#27;[0m     kSSLProtocolUnknown CF_ENUM_DEPRECATED(10_2, 10_15, 5_0, 13_0) = 0,
&amp#27;[38;5;173m[Xcode]&amp#27;[0m     ^
&amp#27;[38;5;173m[Xcode]&amp#27;[0m /Users/oikhlas/.appium/node_modules/appium-xcuitest-driver/node_modules/appium-webdriveragent/WebDriverAgentLib/Vendor/CocoaAsyncSocket/GCDAsyncSocket.m:7062:13: warning: 'SSLSetProtocolVersionMax' is deprecated: first deprecated in iOS 13.0 - No longer supported. Use Network.framework. [-Wdeprecated-declarations]
&amp#27;[38;5;173m[Xcode]&amp#27;[0m                         status = SSLSetProtocolVersionMax(sslContext, maxProtocol);
&amp#27;[38;5;173m[Xcode]&amp#27;[0m                                  ^
&amp#27;[38;5;173m[Xcode]&amp#27;[0m In module 'Security' imported from /Users/oikhlas/.appium/node_modules/appium-xcuitest-driver/node_modules/appium-webdriveragent/WebDriverAgentLib/Vendor/CocoaAsyncSocket/GCDAsyncSocket.h:12:
&amp#27;[38;5;173m[Xcode]&amp#27;[0m /Applications/Xcode.app/Contents/Developer/Platforms/iPhoneSimulator.platform/Developer/SDKs/iPhoneSimulator16.0.sdk/System/Library/Frameworks/Security.framework/Headers/SecureTransport.h:494:1: note: 'SSLSetProtocolVersionMax' has been explicitly marked deprecated here
&amp#27;[38;5;173m[Xcode]&amp#27;[0m SSLSetProtocolVersionMax  (SSLContextRef      context,
&amp#27;[38;5;173m[Xcode]&amp#27;[0m ^
&amp#27;[38;5;173m[Xcode]&amp#27;[0m /Users/oikhlas/.appium/node_modules/appium-xcuitest-driver/node_modules/appium-webdriveragent/WebDriverAgentLib/Vendor/CocoaAsyncSocket/GCDAsyncSocket.m:7084:12: warning: 'SSLSetSessionOption' is deprecated: first deprecated in iOS 13.0 - No longer supported. Use Network.framework. [-Wdeprecated-declarations]
&amp#27;[38;5;173m[Xcode]&amp#27;[0m                 status = SSLSetSessionOption(sslContext, kSSLSessionOptionFalseStart, [falseStart boolValue]);
&amp#27;[38;5;173m[Xcode]&amp#27;[0m                          ^
&amp#27;[38;5;173m[Xcode]&amp#27;[0m In module 'Security' imported from /Users/oikhlas/.appium/node_modules/appium-xcuitest-driver/node_modules/appium-webdriveragent/WebDriverAgentLib/Vendor/CocoaAsyncSocket/GCDAsyncSocket.h:12:
&amp#27;[38;5;173m[Xcode]&amp#27;[0m /Applications/Xcode.app/Contents/Developer/Platforms/iPhoneSimulator.platform/Developer/SDKs/iPhoneSimulator16.0.sdk/System/Library/Frameworks/Security.framework/Headers/SecureTransport.h:384:1: note: 'SSLSetSessionOption' has been explicitly marked deprecated here
&amp#27;[38;5;173m[Xcode]&amp#27;[0m SSLSetSessionOption                     (SSLContextRef          context,
&amp#27;[38;5;173m[Xcode]&amp#27;[0m ^
&amp#27;[38;5;173m[Xcode]&amp#27;[0m /Users/oikhlas/.appium/node_modules/appium-xcuitest-driver/node_modules/appium-webdriveragent/WebDriverAgentLib/Vendor/CocoaAsyncSocket/GCDAsyncSocket.m:7084:44: warning: 'kSSLSessionOptionFalseStart' is deprecated: first deprecated in iOS 13.0 [-Wdeprecated-declarations]
&amp#27;[38;5;173m[Xcode]&amp#27;[0m                 status = SSLSetSessionOption(sslContext, kSSLSessionOptionFalseStart, [falseStart boolValue]);
&amp#27;[38;5;173m[Xcode]&amp#27;[0m                                                          ^
&amp#27;[38;5;173m[Xcode]&amp#27;[0m In module 'Security' imported from /Users/oikhlas/.appium/node_modules/appium-xcuitest-driver/node_modules/appium-webdr
&amp#27;[38;5;173m[Xcode]&amp#27;[0m iveragent/WebDriverAgentLib/Vendor/CocoaAsyncSocket/GCDAsyncSocket.h:12:
&amp#27;[38;5;173m[Xcode]&amp#27;[0m /Applications/Xcode.app/Contents/Developer/Platforms/iPhoneSimulator.platform/Developer/SDKs/iPhoneSimulator16.0.sdk/System/Library/Frameworks/Security.framework/Headers/SecureTransport.h:117:5: note: 'kSSLSessionOptionFalseStart' has been explicitly marked deprecated here
&amp#27;[38;5;173m[Xcode]&amp#27;[0m     kSSLSessionOptionFalseStart CF_ENUM_DEPRECATED(10_2, 10_15, 2_0, 13_0) = 3,
&amp#27;[38;5;173m[Xcode]&amp#27;[0m     ^
&amp#27;[38;5;173m[Xcode]&amp#27;[0m /Users/oikhlas/.appium/node_modules/appium-xcuitest-driver/node_modules/appium-webdriveragent/WebDriverAgentLib/Vendor/CocoaAsyncSocket/GCDAsyncSocket.m:7105:12: warning: 'SSLSetSessionOption' is deprecated: first deprecated in iOS 13.0 - No longer supported. Use Network.framework. [-Wdeprecated-declarations]
&amp#27;[38;5;173m[Xcode]&amp#27;[0m                 status = SSLSetSessionOption(sslContext, kSSLSessionOptionSendOneByteRecord, [oneByteRecord boolValue]);
&amp#27;[38;5;173m[Xcode]&amp#27;[0m                          ^
&amp#27;[38;5;173m[Xcode]&amp#27;[0m In module 'Security' imported from /Users/oikhlas/.appium/node_modules/appium-xcuitest-driver/node_modules/appium-webdriveragent/WebDriverAgentLib/Vendor/CocoaAsyncSocket/GCDAsyncSocket.h:12:
&amp#27;[38;5;173m[Xcode]&amp#27;[0m /Applications/Xcode.app/Contents/Developer/Platforms/iPhoneSimulator.platform/Developer/SDKs/iPhoneSimulator16.0.sdk/System/Library/Frameworks/Security.framework/Headers/SecureTransport.h:384:1: note: 'SSLSetSessionOption' has been explicitly marked deprecated here
&amp#27;[38;5;173m[Xcode]&amp#27;[0m SSLSetSessionOption                     (SSLContextRef          context,
&amp#27;[38;5;173m[Xcode]&amp#27;[0m ^
&amp#27;[38;5;173m[Xcode]&amp#27;[0m /Users/oikhlas/.appium/node_modules/appium-xcuitest-driver/node_modules/appium-webdriveragent/WebDriverAgentLib/Vendor/CocoaAsyncSocket/GCDAsyncSocket.m:7105:44: warning: 'kSSLSessionOptionSendOneByteRecord' is deprecated: first deprecated in iOS 13.0 [-Wdeprecated-declarations]
&amp#27;[38;5;173m[Xcode]&amp#27;[0m                 status = SSLSetSessionOption(sslContext, kSSLSessionOptionSendOneByteRecord, [oneByteRecord boolValue]);
&amp#27;[38;5;173m[Xcode]&amp#27;[0m                                                          ^
&amp#27;[38;5;173m[Xcode]&amp#27;[0m In module 'Security' imported from /Users/oikhlas/.appium/node_modules/appium-xcuitest-driver/node_modules/appium-webdriveragent/WebDriverAgentLib/Vendor/CocoaAsyncSocket/GCDAsyncSocket.h:12:
&amp#27;[38;5;173m[Xcode]&amp#27;[0m /Applications/Xcode.app/Contents/Developer/Platforms/iPhoneSimulator.platform/Developer/SDKs/iPhoneSimulator16.0.sdk/System/Library/Frameworks/Security.framework/Headers/SecureTransport.h:123:5: note: 'kSSLSessionOptionSendOneByteRecord' has been explicitly marked deprecated here
&amp#27;[38;5;173m[Xcode]&amp#27;[0m     kSSLSessionOptionSendOneByteRecord CF_ENUM_DEPRECATED(10_2, 10_15, 2_0, 13_0) = 4,
&amp#27;[38;5;173m[Xcode]&amp#27;[0m     ^
&amp#27;[38;5;173m[Xcode]&amp#27;[0m /Users/oikhlas/.appium/node_modules/appium-xcuitest-driver/node_modules/appium-webdriveragent/WebDriverAgentLib/Vendor/CocoaAsyncSocket/GCDAsyncSocket.m:7141:12: warning: 'SSLSetEnabledCiphers' is deprecated: first deprecated in iOS 13.0 - No longer supported. Use Network.framework. [-Wdeprecated-declarations]
&amp#27;[38;5;173m[Xcode]&amp#27;[0m                 status = SSLSetEnabledCiphers(sslContext, ciphers, numberCiphers);
&amp#27;[38;5;173m[Xcode]&amp#27;[0m                          ^
&amp#27;[38;5;173m[Xcode]&amp#27;[0m In module 'Security' imported from /Users/oikhlas/.appium/node_modules/appium-xcuitest-driver/node_modules/appium-webdriveragent/WebDriverAgentLib/Vendor/CocoaAsyncSocket/GCDAsyncSocket.h:12:
&amp#27;[38;5;173m[Xcode]&amp#27;[0m /Applications/Xcode.app/Contents/Developer/Platforms/iPhoneSimulator.platform/Developer/SDKs/iPhoneSimulator16.0.sdk/System/Library/Frameworks/Security.framework/Headers/SecureTransport.h:865:1: note: 'SSLSetEnabledCiphers' has been explicitly marked deprecated here
&amp#27;[38;5;173m[Xcode]&amp#27;[0m SSLSetEnabledCiphers            (SSLContextRef                  context,
&amp#27;[38;5;173m[Xcode]&amp#27;[0m ^
&amp#27;[38;5;173m[Xcode]&amp#27;[0m /Users/oikhlas/.appium/node_modules/appium-xcuitest-driver/node_modules/appium-webdriveragent/WebDriverAgentLib/Vendor/CocoaAsyncSocket/GCDAsyncSocket.m:7187:22: warning: 'SSLSetALPNProtocols' is deprecated: first deprecated in iOS 13.0 - No longer supported. Use Network.framework. [-Wdeprecated-declarations]
&amp#27;[38;5;173m[Xcode]&amp#27;[0m             status = SSLSetALPNProtocols(sslContext, protocols);
&amp#27;[38;5;173m[Xcode]&amp#27;[0m                      ^
&amp#27;[38;5;173m[Xcode]&amp#27;[0m In module 'Security' imported from /Users/oikhlas/.appium/node_modules/appium-xcuitest-driver/node_modules/appium-webdriveragent/WebDriverAgentLib/Vendor/CocoaAsyncSocket/GCDAsyncSocket.h:12:
&amp#27;[38;5;173m[Xcode]&amp#27;[0m /Applications/Xcode.app/Contents/Developer/Platforms/iPhoneSimulator.platform/Developer/SDKs/iPhoneSimulator16.0.sdk/System/Library/Frameworks/Security.framework/Headers/SecureTransport.h:1332:1: note: 'SSLSetALPNProtocols' has been explicitly marked deprecated here
&amp#27;[38;5;173m[Xcode]&amp#27;[0m SSLSetALPNProtocols         (SSLContextRef      context,
&amp#27;[38;5;173m[Xcode]&amp#27;[0m ^
&amp#27;[38;5;173m[Xcode]&amp#27;[0m /Users/oikhlas/.appium/node_modules/appium-xcuitest-driver/node_modules/appium-webdriveragent/WebDriverAgentLib/Vendor/CocoaAsyncSocket/GCDAsyncSocket.m:7322:20: warning: 'SSLHandshake' is deprecated: first deprecated in iOS 13.0 - No longer supported. Use Network.framework. [-Wdeprecated-declarations]
&amp#27;[38;5;173m[Xcode]&amp#27;[0m         OSStatus status = SSLHandshake(sslContext);
&amp#27;[38;5;173m[Xcode]&amp#27;[0m                           ^
&amp#27;[38;5;173m[Xcode]&amp#27;[0m In module 'Security' imported from /Users/oikhlas/.appium/node_modules/appium-xcuitest-driver/node_modules/appium-webdriveragent/WebDriverAgentLib/Vendor/CocoaAsyncSocket/GCDAsyncSocket.h:12:
&amp#27;[38;5;173m[Xcode]&amp#27;[0m /Applications/Xcode.app/Contents/Developer/Platforms/iPhoneSimulator.platform/Developer/SDKs/iPhoneSimulator16.0.sdk/System/Library/Frameworks/Security.framework/Headers/SecureTransport.h:1641:1: note: 'SSLHandshake' has been explicitly marked deprecated here
&amp#27;[38;5;173m[Xcode]&amp#27;[0m SSLHandshake                            (SSLContextRef          context)
&amp#27;[38;5;173m[Xcode]&amp#27;[0m ^
&amp#27;[38;5;173m[Xcode]&amp#27;[0m /Users/oikhlas/.appium/node_modules/appium-xcuitest-driver/node_modules/appium-webdriveragent/WebDriverAgentLib/Vendor/CocoaAsyncSocket/GCDAsyncSocket.m:7355:12: warning: 'SSLCopyPeerTrust' is deprecated: first deprecated in iOS 13.0 - No longer supported. Use Network.framework. [-Wdeprecated-declarations]
&amp#27;[38;5;173m[Xcode]&amp#27;[0m                 status = SSLCopyPeerTrust(sslContext, &trust);
&amp#27;[38;5;173m[Xcode]&amp#27;[0m                          ^
&amp#27;[38;5;173m[Xcode]&amp#27;[0m In module 'Security' imported from /Users/oikhlas/.appium/node_modules/appium-xcuitest-driver/node_modules/appium-webdriveragent/WebDriverAgentLib/Vendor/CocoaAsyncSocket/GCDAsyncSocket.h:12:
&amp#27;[38;5;173m[Xcode]&amp#27;[0m /Applications/Xcode.app/Contents/Developer/Platforms/iPhoneSimulator.platform/Developer/SDKs/iPhoneSimulator16.0.sdk/System/Library/Frameworks/Security.framework/Headers/SecureTransport.h:1261:1: note: 'SSLCopyPeerTrust' has been explicitly marked deprecated here
&amp#27;[38;5;173m[Xcode]&amp#27;[0m SSLCopyPeerTrust                        (SSLContextRef          context,
&amp#27;[38;5;173m[Xcode]&amp#27;[0m ^
&amp#27;[38;5;173m[Xcode]&amp#27;[0m 
&amp#27;[38;5;173m[Xcode]&amp#27;[0m 32 warnings generated.
&amp#27;[38;5;173m[Xcode]&amp#27;[0m 
&amp#27;[38;5;173m[Xcode]&amp#27;[0m 
&amp#27;[38;5;173m[Xcode]&amp#27;[0m CompileC /Users/oikhlas/Library/Developer/Xcode/DerivedData/WebDriverAgent-bcmeffsllcldukgyoimwiehwhvyz/Build/Intermediates.noindex/WebDriverAgent.build/Debug-iphonesimulator/WebDriverAgentLib.build/Objects-normal/x86_64/FBXMLGenerationOptions.o /Users/oikhlas/.appium/node_modules/appium-xcuitest-driver/node_modules/appium-webdriveragent/WebDriverAgentLib/Utilities/FBXMLGenerationOptions.m normal x86_64 objective-c com.apple.compilers.llvm.clang.1_0.compiler (in target 'WebDriverAgentLib' from project 'WebDriverAgent')
&amp#27;[38;5;173m[Xcode]&amp#27;[0m     cd /Users/oikhlas/.appium/node_modules/appium-xcuitest-driver/node_modules/appium-webdriveragent
&amp#27;[38;5;173m[Xcode]&amp#27;[0m     /Applications/Xcode.app/Contents/Developer/Toolchains/XcodeDefault.xctoolchain/usr/bin/clang -x objective-c -target x86_64-apple-ios16.0-simulator -fmessage-length\=0 -fdiagnostics-show-note-include-stack -fmacro-backtrace-limit\=0 -std\=gnu99 -fobjc-arc -fmodules -gmodules -fmodules-cache-path\=/Users/oikhlas/Library/Developer/Xcode/DerivedData/ModuleCache.noindex -fmodules-prune-interval\=86400 -fmodules-prune-after\=345600 -fbuild-session-file\=/Users/oikhlas/Library/Developer/Xcode/DerivedData/ModuleCache.noindex/Session.modulevalidation -fmodules-validate-once-per-build-session -Wno-trigraphs -fpascal-strings -O0 -fno-common -Wmissing-field-initializers -Wno-missing-prototypes -Werror\=return-type -Wunreachable-code -Wquoted-include-in-framework-header -Wno-implicit-atomic-properties -Werror\=deprecated-objc-isa-usage -Wno-objc-interface-ivars -Werror\=objc-root-class -Warc-repeated-use-of-weak -Wno-arc-maybe-repeated-use-of-weak -Wimplicit-retain-self -Wduplicate-method-match -Wno-missing-braces -Wparentheses -Wswitch -Wunused-function -Wno-unused-label -Wunused-parameter -Wunused-variable -Wunused-value -Wempty-body -Wuninitialized -Wconditional-uninitialized -Wno-unknown-pragmas -pedantic -Wshadow -Wno-four-char-constants -Wconversion -Wconstant-conversion -Wint-conversion -Wbool-conversion -Wenum-conversion -Wfloat-conversion -Wnon-literal-null-conversion -Wobjc-literal-conversion -Wassign-enum -Wsign-compare -Wshorten-64-to-32 -Wpointer-sign -Wno-newline-eof -Wno-selector -Wno-strict-selector-match -Wundeclared-selector -Wdeprecated-implementations -Wno-implicit-fallthrough -DDEBUG\=1 -DOBJC_OLD_DISPATCH_PROTOTYPES\=0 -isysroot /Applications/Xcode.app/Contents/Developer/Platforms/iPhoneSimulator.platform/Developer/SDKs/iPhoneSimulator16.0.sdk -fasm-blocks -fstrict-aliasing -Wprotocol -Wdeprecated-declarations -g -Wno-sign-conversion -Winfinite-recursion -Wcomma -Wblock-capture-autoreleasing -Wstrict-prototypes -Wno-semicolon-before-method-body -fobjc-abi-version\=2 -fobjc-legacy-dispatch -iquote /Users/oikhlas/Library/Developer/Xcode/DerivedData/WebDriverAgent-bcmeffsllcldukgyoimwiehwhvyz/Build/Intermediates.noindex/WebDriverAgent.build/Debug-iphonesimulator/WebDriverAgentLib.build/WebDriverAgentLib-generated-files.hmap -I/Users/oikhlas/Library/Developer/Xcode/DerivedData/WebDriverAgent-bcmeffsllcldukgyoimwiehwhvyz/Build/Intermediates.noindex/WebDriverAgent.build/Debug-iphonesimulator/WebDriverAgentLib.build/WebDriverAgentLib-own-target-headers.hmap -I/Users/oikhlas/Library/Developer/Xcode/DerivedData/WebDriverAgent-bcmeffsllcldukgyoimwiehwhvyz/Build/Intermediates.noindex/WebDriverAgent.build/Debug-iphonesimulator/WebDriverAgentLib.build/WebDriverAgentLib-all-target-headers.hmap -iquote /Users/oikhlas/Library/Developer/Xcode/DerivedData/WebDriverAgent-bcmeffsllcldukgyoimwiehwhvyz/Build/Intermediates.noindex/WebDriverAgent.build/Debug-iphonesimulator/WebDriverAgentLib.build/WebDriverAgentLib-project-headers.hmap -I/Users/oikhlas/Library/Developer/Xcode/DerivedData/WebDriverAgent-bcmeffsllcldukgyoimwiehwhvyz/Build/Products/Debug-iphonesimulator/include -I/Applications/Xcode.app/Contents/Developer/Platforms/iPhoneSimulator.platform/Developer/SDKs/iPhoneSimulator16.0.sdk/usr/include/libxml2 -I/Users/oikhlas/.appium/node_modules/appium-xcuitest-driver/node_modules/appium-webdriveragent/Modules -I/Users/oikhlas/Library/Developer/Xcode/DerivedData/WebDriverAgent-bcmeffsllcldukgyoimwiehwhvyz/Build/Intermediates.noindex/WebDriverAgent.build/Debug-iphonesimulator/WebDriverAgentLib.build/DerivedSources-normal/x86_64 -I/Users/oikhlas/Library/Developer/Xcode/DerivedData/WebDriverAgent-bcmeffsllcldukgyoimwiehwhvyz/Build/Intermediates.noindex/WebDriverAgent.build/Debug-iphonesimulator/WebDriverAgentLib.build/DerivedSources/x86_64 -I/Users/oikhlas/Library/Developer/Xcode/DerivedData/WebDriverAgent-bcmeffsllcldukgyoimwiehwhvyz/Build/Intermediates.noindex/WebDriverAgent.build/Debug-iphonesimulator/WebDriverAgentLib.build/DerivedSources -Weverything -Wno-objc-missing-property-synthesis -Wno-unused-macros -Wno-disabled-macro-expansion -Wno-gnu-statement-expression -Wno-language-extension-token -Wno-overriding-method-mismatch -Wno-missing-variable-declarations -Rno-module-build -Wno-auto-import -Wno-objc-interface-ivars -Wno-documentation-unknown-command -Wno-reserved-id-macro -Wno-unused-parameter -Wno-gnu-conditional-omitted-operand -Wno-explicit-ownership-type -Wno-date-time -Wno-cast-align -Wno-cstring-format-directive -Wno-double-promotion -Wno-partial-availability -Weverything -Wno-objc-missing-property-synthesis -Wno-unused-macros -Wno-disabled-macro-expansion -Wno-gnu-statement-expression -Wno-language-extension-token -Wno-overriding-method-mismatch -Wno-missing-variable-declarations -Rno-module-build -Wno-auto-import -Wno-objc-interface-ivars -Wno-documentation-unknown-command -Wno-reserved-id-macro -Wno-unused-parameter -Wno-gnu-conditional-omitted-operand -Wno-explicit-ownership-type -Wno-date-time -Wno-cast-align -Wno-cstring-format-directive -Wno-double-promotion -Wno-partial-availability -Wno-objc-messaging-id -Wno-direct-ivar-access -Wno-cast-qual -Wno-declaration-after-statement -F/Users/oikhlas/Library/Developer/Xcode/DerivedData/WebDriverAgent-bcmeffsllcldukgyoimwiehwhvyz/Build/Products/Debug-iphonesimulator -F/Applications/Xcode.app/Contents/Developer/Platforms/iPhoneSimulator.platform/Developer/Library/Frameworks -F/Applications/Xcode.app/Contents/Developer/Platforms/iPhoneSimulator.platform/Developer/Library/PrivateFrameworks -iframework /Applications/Xcode.app/Contents/Developer/Platforms/iPhoneSimulator.platform/Developer/SDKs/iPhoneSimulator16.0.sdk/Developer/Library/Frameworks -MMD -MT dependencies -MF /Users/oikhlas/Library/Developer/Xcode/DerivedData/WebDriverAgent-bcmeffsllcldukgyoimwiehwhvyz/Build/Intermediates.noindex/WebDriverAgent.build/Debug-iphonesimulator/WebDriverAgentLib.build/Objects-normal/x86_64/FBXMLGenerationOptions.d --serialize-diagnostics /Users/oikhlas/Library/Developer/Xcode/DerivedData/WebDriverAgent-bcmeffsllcldukgyoimwiehwhvyz/Build/Intermediates.noindex/WebDriverAgent.build/Debug-iphonesimulator/WebDriverAgentLib.build/Objects-normal/x86_64/FBXMLGenerationOptions.dia -c /Users/oikhlas/.appium/node_modules/appium-xcuitest-driver/node_modules/appium-webdriveragent/WebDriverAgentLib/Utilities/FBXMLGenerationOptions.m -o /Users/oikhlas/Library/Developer/Xcode/DerivedData/WebDriverAgent-bcmeffsllcldukgyoimwiehwhvyz/Build/Intermediates.noindex/WebDriverAgent.build/Debug-iphonesimulator/WebDriverAgentLib.build/Objects-normal/x86_64/FBXMLGenerationOptions.o
&amp#27;[38;5;173m[Xcode]&amp#27;[0m 
&amp#27;[38;5;173m[Xcode]&amp#27;[0m 
&amp#27;[38;5;173m[Xcode]&amp#27;[0m CompileC /Users/oikhlas/Library/Developer/Xcode/DerivedData/WebDriverAgent-bcmeffsllcldukgyoimwiehwhvyz/Build/Intermediates.noindex/WebDriverAgent.build/Debug-iphonesimulator/WebDriverAgentLib.build/Objects-normal/x86_64/FBXCodeCompatibility.o /Users/oikhlas/.appium/node_modules/appium-xcuitest-driver/node_modules/appium-webdriveragent/WebDriverAgentLib/Utilities/FBXCodeCompatibility.m normal x86_64 objective-c com.apple.compilers.llvm.clang.1_0.compiler (in target 'WebDriverAgentLib' from project 'WebDriverAgent')
&amp#27;[38;5;173m[Xcode]&amp#27;[0m     cd /Users/oikhlas/.appium/node_modules/appium-xcuitest-driver/node_modules/appium-webdriveragent
&amp#27;[38;5;173m[Xcode]&amp#27;[0m     /Applications/Xcode.app/Contents/Developer/Toolchains/XcodeDefault.xctoolchain/usr/bin/clang -x objective-c -target x86_64-apple-ios16.0-simulator -fmessage-length\=0 -fdiagnostics-show-note-include-stack -fmacro-backtrace-limit\=0 -std\=gnu99 -fobjc-arc -fmodules -gmodules -fmodules-cache-path\=/Users/oikhlas/Library/Developer/Xcode/DerivedData/ModuleCache.noindex -fmodules-prune-interval\=86400 -fmodules-prune-after\=345600 -fbuild-session-file\=/Users/oikhlas/Library/Developer/Xcode/DerivedData/ModuleCache.noindex/Session.modulevalidation -fmodules-validate-once-per-build-session -Wno-trigraphs -fpascal-strings -O0 -fno-common -Wmissing-field-initializers -Wno-missing-prototypes -Werror\=return-type -Wunreachable-code -Wquoted-include-in-framework-header -Wno-implicit-atomic-properties -Werror\=deprecated-objc-isa-usage -Wno-objc-interface-ivars -Werror\=objc-root-class -Warc-repeated-use-of-weak -Wno-arc-maybe-repeated-use-of-weak -Wimplicit-retain-self -Wduplicate-method-match -Wno-missing-braces -Wparentheses -Wswitch -Wunused-function -Wno-unused-label -Wunused-parameter -Wunused-variable -Wunused-value -Wempty-body -Wuninitialized -Wconditional-uninitialized -Wno-unknown-pragmas -pedantic -Wshadow -Wno-four-char-constants -Wconversion -Wconstant-conversion -Wint-conversion -Wbool-conversion -Wenum-conversion -Wfloat-conversion -Wnon-literal-null-conversion -Wobjc-literal-conversion -Wassign-enum -Wsign-compare -Wshorten-64-to-32 -Wpointer-sign -Wno-newline-eof -Wno-selector -Wno-strict-selector-match -Wundeclared-selector -Wdeprecated-implementations -Wno-implicit-fallthrough -DDEBUG\=1 -DOBJC_OLD_DISPATCH_PROTOTYPES\=0 -isysroot /Applications/Xcode.app/Contents/Developer/Platforms/iPhoneSimulator.platform/Developer/SDKs/iPhoneSimulator16.0.sdk -fasm-blocks -fstrict-aliasing -Wprotocol -Wdeprecated-declarations -g -Wno-sign-conversion -Winfinite-recursion -Wcomma -Wblock-capture-autoreleasing -Wstrict-prototypes -Wno-semicolon-before-method-body -fobjc-abi-version\=2 -fobjc-legacy-dispatch -iquote /Users/oikhlas/Library/Developer/Xcode/DerivedData/WebDriverAgent-bcmeffsllcldukgyoimwiehwhvyz/Build/Intermediates.noindex/WebDriverAgent.build/Debug-iphonesimulator/WebDriverAgentLib.build/WebDriverAgentLib-generated-files.hmap -I/Users/oikhlas/Library/Developer/Xcode/DerivedData/WebDriverAgent-bcmeffsllcldukgyoimwiehwhvyz/Build/Intermediates.noindex/WebDriverAgent.build/Debug-iphonesimulator/WebDriverAgentLib.build/WebDriverAgentLib-own-target-headers.hmap -I/Users/oikhlas/Library/Developer/Xcode/DerivedData/WebDriverAgent-bcmeffsllcldukgyoimwiehwhvyz/Build/Intermediates.noindex/WebDriverAgent.build/Debug-iphonesimulator/WebDriverAgentLib.build/WebDriverAgentLib-all-target-headers.hmap -iquote /Users/oikhlas/Library/Developer/Xcode/DerivedData/WebDriverAgent-bcmeffsllcldukgyoimwiehwhvyz/Build/Intermediates.noindex/WebDriverAgent.build/Debug-iphonesimulator/WebDriverAgentLib.build/WebDriverAgentLib-project-headers.hmap -I/Users/oikhlas/Library/Developer/Xcode/DerivedData/WebDriverAgent-bcmeffsllcldukgyoimwiehwhvyz/Build/Products/Debug-iphonesimulator/include -I/Applications/Xcode.app/Contents/Developer/Platforms/iPhoneSimulator.platform/Developer/SDKs/iPhoneSimulator16.0.sdk/usr/include/libxml2 -I/Users/oikhlas/.appium/node_modules/appium-xcuitest-driver/node_modules/appium-webdriveragent/Modules -I/Users/oikhlas/Library/Developer/Xcode/DerivedData/WebDriverAgent-bcmeffsllcldukgyoimwiehwhvyz/Build/Intermediates.noindex/WebDriverAgent.build/Debug-iphonesimulator/WebDriverAgentLib.build/DerivedSources-normal/x86_64 -I/Users/oikhlas/Library/Developer/Xcode/DerivedData/WebDriverAgent-bcmeffsllcldukgyoimwiehwhvyz/Build/Intermediates.noindex/WebDriverAgent.build/Debug-iphonesimulator/WebDriverAgentLib.build/DerivedSources/x86_64 -I/Users/oikhlas/Library/Developer/Xcode/DerivedData/WebDriverAgent-bcmeffsllcldukgyoimwiehwhvyz/Build/Intermediates.noindex/WebDriverAgent.build/Debug-iphonesimulator/WebDriverAgentLib.build/DerivedSources -Weverything -Wno-objc-missing-property-synthesis -Wno-unused-macros -Wno-disabled-macro-expansion -Wno-gnu-statement-expression -Wno-language-extension-token -Wno-overriding-method-mismatch -Wno-missing-variable-declarations -Rno-module-build -Wno-auto-import -Wno-objc-interface-ivars -Wno-documentation-unknown-command -Wno-reserved-id-macro -Wno-unused-parameter -Wno-gnu-conditional-omitted-operand -Wno-explicit-ownership-type -Wno-date-time -Wno-cast-align -Wno-cstring-format-directive -Wno-double-promotion -Wno-partial-availability -Weverything -Wno-objc-missing-property-synthesis -Wno-unused-macros -Wno-disabled-macro-expansion -Wno-gnu-statement-expression -Wno-language-extension-token -Wno-overriding-method-mismatch -Wno-missing-variable-declarations -Rno-module-build -Wno-auto-import -Wno-objc-interface-ivars -Wno-documentation-unknown-command -Wno-reserved-id-macro -Wno-unused-parameter -Wno-gnu-conditional-omitted-operand -Wno-explicit-ownership-type -Wno-date-time -Wno-cast-align -Wno-cstring-format-directive -Wno-double-promotion -Wno-partial-availability -Wno-objc-messaging-id -Wno-direct-ivar-access -Wno-cast-qual -Wno-declaration-after-statement -F/Users/oikhlas/Library/Developer/Xcode/DerivedData/WebDriverAgent-bcmeffsllcldukgyoimwiehwhvyz/Build/Products/Debug-iphonesimulator -F/Applications/Xcode.app/Contents/Developer/Platforms/iPhoneSimulator.platform/Developer/Library/Frameworks -F/Applications/Xcode.app/Contents/Developer/Platforms/iPhoneSimulator.platform/Developer/Library/PrivateFrameworks -iframework /Applications/Xcode.app/Contents/Developer/Platforms/iPhoneSimulator.platform/Developer/SDKs/iPhoneSimulator16.0.sdk/Developer/Library/Frameworks -MMD -MT dependencies -MF /Users/oikhlas/Library/Developer/Xcode/DerivedData/WebDriverAgent-bcmeffsllcldukgyoimwiehwhvyz/Build/Intermediates.noindex/WebDriverAgent.build/Debug-iphonesimulator/WebDriverAgentLib.build/Objects-normal/x86_64/FBXCodeCompatibility.d --serialize-diagnostics /Users/oikhlas/Library/Developer/Xcode/DerivedData/WebDriverAgent-bcmeffsllcldukgyoimwiehwhvyz/Build/Intermediates.noindex/WebDriverAgent.build/Debug-iphonesimulator/WebDriverAgentLib.build/Objects-normal/x86_64/FBXCodeCompatibility.dia -c /Users/oikhlas/.appium/node_modules/appium-xcuitest-driver/node_modules/appium-webdriveragent/WebDriverAgentLib/Utilities/FBXCodeCompatibility.m -o /Users/oikhlas/Library/Developer/Xcode/DerivedData/WebDriverAgent-bcmeffsllcldukgyoimwiehwhvyz/Build/Intermediates.noindex/WebDriverAgent.build/Debug-iphonesimulator/WebDriverAgentLib.build/Objects-normal/x86_64/FBXCodeCompatibility.o
&amp#27;[38;5;173m[Xcode]&amp#27;[0m 
&amp#27;[38;5;173m[Xcode]&amp#27;[0m 
&amp#27;[38;5;173m[Xcode]&amp#27;[0m CompileC /Users/oikhlas/Library/Developer/Xcode/DerivedData/WebDriverAgent-bcmeffsllcldukgyoimwiehwhvyz/Build/Intermediates.noindex/WebDriverAgent.build/Debug-iphonesimulator/WebDriverAgentLib.build/Objects-normal/x86_64/FBXCTestDaemonsProxy.o /Users/oikhlas/.appium/node_modules/appium-xcuitest-driver/node_modules/appium-webdriveragent/WebDriverAgentLib/Utilities/FBXCTestDaemonsProxy.m normal x86_64 objective-c com.apple.compilers.llvm.clang.1_0.compiler (in target 'WebDriverAgentLib' from project 'WebDriverAgent')
&amp#27;[38;5;173m[Xcode]&amp#27;[0m     cd /Users/oikhlas/.appium/node_modules/appium-xcuitest-driver/node_modules/appium-webdriveragent
&amp#27;[38;5;173m[Xcode]&amp#27;[0m     /Applications/Xcode.app/Contents/Developer/Toolchains/XcodeDefault.xctoolchain/usr/bin/clang -x objective-c -target x86_64-apple-ios16.0-simulator -fmessage-length\=0 -fdiagnostics-show-note-include-stack -fmacro-backtrace-limit\=0 -std\=gnu99 -fobjc-arc -fmodules -gmodules -fmodules-cache-path\=/Users/oikhlas/Library/Developer/Xcode/DerivedData/ModuleCache.noindex -fmodules-prune-interval\=86400 -fmodules-prune-after\=345600 -fbuild-session-file\=/Users/oikhlas/Library/Developer/Xcode/DerivedData/ModuleCache.noindex/Session.modulevalidation -fmodules-validate-once-per-build-session -Wno-trigraphs -fpascal-strings -O0 -fno-common -Wmissing-field-initializers -Wno-missing-prototypes -Werror\=return-type -Wunreachable-code -Wquoted-include-in-framework-header -Wno-implicit-atomic-properties -Werror\=deprecated-objc-isa-usage -Wno-objc-interface-ivars -Werror\=objc-root-class -Warc-repeated-use-of-weak -Wno-arc-maybe-repeated-use-of-weak -Wimplicit-retain-self -Wduplicate-method-match -Wno-missing-braces -Wparentheses -Wswitch -Wunused-function -Wno-unused-label -Wunused-parameter -Wunused-variable -Wunused-value -Wempty-body -Wuninitialized -Wconditional-uninitialized -Wno-unknown-pragmas -pedantic -Wshadow -Wno-four-char-constants -Wconversion -Wconstant-conversion -Wint-conversion -Wbool-conversion -Wenum-conversion -Wfloat-conversion -Wnon-literal-null-conversion -Wobjc-literal-conversion -Wassign-enum -Wsign-compare -Wshorten-64-to-32 -Wpointer-sign -Wno-newline-eof -Wno-selector -Wno-strict-selector-match -Wundeclared-selector -Wdeprecated-implementations -Wno-implicit-fallthrough -DDEBUG\=1 -DOBJC_OLD_DISPATCH_PROTOTYPES\=0 -isysroot /Applications/Xcode.app/Contents/Developer/Platforms/iPhoneSimulator.platform/Developer/SDKs/iPhoneSimulator16.0.sdk -fasm-blocks -fstrict-aliasing -Wprotocol -Wdeprecated-declarations -g -Wno-sign-conversion -Winfinite-recursion -Wcomma -Wblock-capture-autoreleasing -Wstrict-prototypes -Wno-semicolon-before-method-body -fobjc-abi-version\=2 -fobjc-legacy-dispatch -iquote /Users/oikhlas/Library/Developer/Xcode/DerivedData/WebDriverAgent-bcmeffsllcldukgyoimwiehwhvyz/Build/Intermediates.noindex/WebDriverAgent.build/Debug-iphonesimulator/WebDriverAgentLib.build/WebDriverAgentLib-generated-files.hmap -I/Users/oikhlas/Library/Developer/Xcode/DerivedData/WebDriverAgent-bcmeffsllcldukgyoimwiehwhvyz/Build/Intermediates.noindex/WebDriverAgent.build/Debug-iphonesimulator/WebDriverAgentLib.build/WebDriverAgentLib-own-target-headers.hmap -I/Users/oikhlas/Library/Developer/Xcode/DerivedData/WebDriverAgent-bcmeffsllcldukgyoimwiehwhvyz/Build/Intermediates.noindex/WebDriverAgent.build/Debug-iphonesimulator/WebDriverAgentLib.build/WebDriverAgentLib-all-target-headers.hmap -iquote /Users/oikhlas/Library/Developer/Xcode/DerivedData/WebDriverAgent-bcmeffsllcldukgyoimwiehwhvyz/Build/Intermediates.noindex/WebDriverAgent.build/Debug-iphonesimulator/WebDriverAgentLib.build/WebDriverAgentLib-project-headers.hmap -I/Users/oikhlas/Library/Developer/Xcode/DerivedData/WebDriverAgent-bcmeffsllcldukgyoimwiehwhvyz/Build/Products/Debug-iphonesimulator/include -I/Applications/Xcode.app/Contents/Developer/Platforms/iPhoneSimulator.platform/Developer/SDKs/iPhoneSimulator16.0.sdk/usr/include/libxml2 -I/Users/oikhlas/.appium/node_modules/appium-xcuitest-driver/node_modules/appium-webdriveragent/Modules -I/Users/oikhlas/Library/Developer/Xcode/DerivedData/WebDriverAgent-bcmeffsllcldukgyoimwiehwhvyz/Build/Intermediates.noindex/WebDriverAgent.build/Debug-iphonesimulator/WebDriverAgentLib.build/DerivedSources-normal/x86_64 -I/Users/oikhlas/Library/Developer/Xcode/DerivedData/WebDriverAgent-bcmeffsllcldukgyoimwiehwhvyz/Build/Intermediates.noindex/WebDriverAgent.build/Debug-iphonesimulator/WebDriverAgentLib.build/DerivedSources/x86_64 -I/Users/oikhlas/Library/Developer/Xcode/DerivedData/WebDriverAgent-bcmeffsllcldukgyoimwiehwhvyz/Build/Intermediates.noindex/WebDriverAgent.build/Debug-iphonesimulator/WebDriverAgentLib.build/DerivedSources -Weverything -Wno-objc-missing-property-synthesis -Wno-unused-macros -Wno-disabled-macro-expansion -Wno-gnu-statement-expression -Wno-language-extension-token -Wno-overriding-method-mismatch -Wno-missing-variable-declarations -Rno-module-build -Wno-auto-import -Wno-objc-interface-ivars -Wno-documentation-unknown-command -Wno-reserved-id-macro -Wno-unused-parameter -Wno-gnu-conditional-omitted-operand -Wno-explicit-ownership-type -Wno-date-time -Wno-cast-align -Wno-cstring-format-directive -Wno-double-promotion -Wno-partial-availability -Weverything -Wno-objc-missing-property-synthesis -Wno-unused-macros -Wno-disabled-macro-expansion -Wno-gnu-statement-expression -Wno-language-extension-token -Wno-overriding-method-mismatch -Wno-missing-variable-declarations -Rno-module-build -Wno-auto-import -Wno-objc-interface-ivars -Wno-documentation-unknown-command -Wno-reserved-id-macro -Wno-unused-parameter -Wno-gnu-conditional-omitted-operand -Wno-explicit-ownership-type -Wno-date-time -Wno-cast-align -Wno-cstring-format-directive -Wno-double-promotion -Wno-partial-availability -Wno-objc-messaging-id -Wno-direct-ivar-access -Wno-cast-qual -Wno-declaration-after-statement -F/Users/oikhlas/Library/Developer/Xcode/DerivedData/WebDriverAgent-bcmeffsllcldukgyoimwiehwhvyz/Build/Products/Debug-iphonesimulator -F/Applications/Xcode.app/Contents/Developer/Platforms/iPhoneSimulator.platform/Developer/Library/Frameworks -F/Applications/Xcode.app/Contents/Developer/Platforms/iPhoneSimulator.platform/Developer/Library/PrivateFrameworks -iframework /Applications/Xcode.app/Contents/Developer/Platforms/iPhoneSimulator.platform/Developer/SDKs/iPhoneSimulator16.0.sdk/Developer/Library/Frameworks -MMD -MT dependencies -MF /Users/oikhlas/Library/Developer/Xcode/DerivedData/WebDriverAgent-bcmeffsllcldukgyoimwiehwhvyz/Build/Intermediates.noindex/WebDriverAgent.build/Debug-iphonesimulator/WebDriverAgentLib.build/Objects-normal/x86_64/FBXCTestDaemonsProxy.d --serialize-diagnostics /Users/oikhlas/Library/Developer/Xcode/DerivedData/WebDriverAgent-bcmeffsllcldukgyoimwiehwhvyz/Build/Intermediates.noindex/WebDriverAgent.build/Debug-iphonesimulator/WebDriverAgentLib.build/Objects-normal/x86_64/FBXCTestDaemonsProxy.dia -c /Users/oikhlas/.appium/node_modules/appium-xcuitest-driver/node_modules/appium-webdriveragent/WebDriverAgentLib/Utilities/FBXCTestDaemonsProxy.m -o /Users/oikhlas/Library/Developer/Xcode/DerivedData/WebDriverAgent-bcmeffsllcldukgyoimwiehwhvyz/Build/Intermediates.noindex/WebDriverAgent.build/Debug-iphonesimulator/WebDriverAgentLib.build/Objects-normal/x86_64/FBXCTestDaemonsProxy.o
&amp#27;[38;5;173m[Xcode]&amp#27;[0m 
&amp#27;[38;5;173m[Xcode]&amp#27;[0m 
&amp#27;[38;5;173m[Xcode]&amp#27;[0m CompileC /Users/oikhlas/Library/Developer/Xcode/DerivedData/WebDriverAgent-bcmeffsllcldukgyoimwiehwhvyz/Build/Intermediates.noindex/WebDriverAgent.build/Debug-iphonesimulator/WebDriverAgentLib.build/Objects-normal/x86_64/FBXCElementSnapshotWrapper.o /Users/oikhlas/.appium/node_modules/appium-xcuitest-driver/node_modules/appium-webdriveragent/WebDriverAgentLib/Routing/FBXCElementSnapshotWrapper.m normal x86_64 objective-c com.apple.compilers.llvm.clang.1_0.compiler (in target 'WebDriverAgentLib' from project 'WebDriverAgent')
&amp#27;[38;5;173m[Xcode]&amp#27;[0m     cd /Users/oikhlas/.appium/node_modules/appium-xcuitest-driver/node_modules/appium-webdriveragent
&amp#27;[38;5;173m[Xcode]&amp#27;[0m     /Applications/Xcode.app/Contents/Developer/Toolchains/XcodeDefault.xctoolchain/usr/bin/clang -x objective-c -target x86_64-apple-ios16.0-simulator -fmessage-length\=0 -fdiagnostics-show-note-include-stack -fmacro-backtrace-limit\=0 -std\=gnu99 -fobjc-arc -fmodules -gmodules -fmodules-cache-path\=/Users/oikhlas/Library/Developer/Xcode/DerivedData/ModuleCache.noindex -fmodules-prune-interval\=86400 -fmodules-prune-after\=345600 -fbuild-session-file\=/Users/oikhlas/Library/Developer/Xcode/DerivedData/ModuleCache.noindex/Session.modulevalidation -fmodules-validate-once-per-build-session -Wno-trigraphs -fpascal-strings -O0 -fno-common -Wmissing-field-initializers -Wno-missing-prototypes -Werror\=return-type -Wunreachable-code -Wquoted-include-in-framework-header -Wno-implicit-atomic-properties -Werror\=deprecated-objc-isa-usage -Wno-objc-interface-ivars -Werror\=objc-root-class -Warc-repeated-use-of-weak -Wno-arc-maybe-repeated-use-of-weak -Wimplicit-retain-self -Wduplicate-method-match -Wno-missing-braces -Wparentheses -Wswitch -Wunused-function -Wno-unused-label -Wunused-parameter -Wunused-variable -Wunused-value -Wempty-body -Wuninitialized -Wconditional-uninitialized -Wno-unknown-pragmas -pedantic -Wshadow -Wno-four-char-constants -Wconversion -Wconstant-conversion -Wint-conversion -Wbool-conversion -Wenum-conversion -Wfloat-conversion -Wnon-literal-null-conversion -Wobjc-literal-conversion -Wassign-enum -Wsign-compare -Wshorten-64-to-32 -Wpointer-sign -Wno-newline-eof -Wno-selector -Wno-strict-selector-match -Wundeclared-selector -Wdeprecated-implementations -Wno-implicit-fallthrough -DDEBUG\=1 -DOBJC_OLD_DISPATCH_PROTOTYPES\=0 -isysroot /Applications/Xcode.app/Contents/Developer/Platforms/iPhoneSimulator.platform/Developer/SDKs/iPhoneSimulator16.0.sdk -fasm-blocks -fstrict-aliasing -Wprotocol -Wdeprecated-declarations -g -Wno-sign-conversion -Winfinite-recursion -Wcomma -Wblock-capture-autoreleasing -Wstrict-prototypes -Wno-semicolon-before-method-body -fobjc-abi-version\=2 -fobjc-legacy-dispatch -iquote /Users/oikhlas/Library/Developer/Xcode/DerivedData/WebDriverAgent-bcmeffsllcldukgyoimwiehwhvyz/Build/Intermediates.noindex/WebDriverAgent.build/Debug-iphonesimulator/WebDriverAgentLib.build/WebDriverAgentLib-generated-files.hmap -I/Users/oikhlas/Library/Developer/Xcode/DerivedData/WebDriverAgent-bcmeffsllcldukgyoimwiehwhvyz/Build/Intermediates.noindex/WebDriverAgent.build/Debug-iphonesimulator/WebDriverAgentLib.build/WebDriverAgentLib-own-target-headers.hmap -I/Users/oikhlas/Library/Developer/Xcode/DerivedData/WebDriverAgent-bcmeffsllcldukgyoimwiehwhvyz/Build/Intermediates.noindex/WebDriverAgent.build/Debug-iphonesimulator/WebDriverAgentLib.build/WebDriverAgentLib-all-target-headers.hmap -iquote /Users/oikhlas/Library/Developer/Xcode/DerivedData/WebDriverAgent-bcmeffsllcldukgyoimwiehwhvyz/Build/Intermediates.noindex/WebDriverAgent.build/Debug-iphonesimulator/WebDriverAgentLib.build/WebDriverAgentLib-project-headers.hmap -I/Users/oikhlas/Library/Developer/Xcode/DerivedData/WebDriverAgent-bcmeffsllcldukgyoimwiehwhvyz/Build/Products/Debug-iphonesimulator/include -I/Applications/Xcode.app/Contents/Developer/Platforms/iPhoneSimulator.platform/Developer/SDKs/iPhoneSimulator16.0.sdk/usr/include/libxml2 -I/Users/oikhlas/.appium/node_modules/appium-xcuitest-driver/node_modules/appium-webdriveragent/Modules -I/Users/oikhlas/Library/Developer/Xcode/DerivedData/WebDriverAgent-bcmeffsllcldukgyoimwiehwhvyz/Build/Intermediates.noindex/WebDriverAgent.build/Debug-iphonesimulator/WebDriverAgentLib.build/DerivedSources-normal/x86_64 -I/Users/oikhlas/Library/Developer/Xcode/DerivedData/WebDriverAgent-bcmeffsllcldukgyoimwiehwhvyz/Build/Intermediates.noindex/WebDriverAgent.build/Debug-iphonesimulator/WebDriverAgentLib.build/DerivedSources/x86_64 -I/Users/oikhlas/Library/Developer/Xcode/DerivedData/WebDriverAgent-bcmeffsllcldukgyoimwiehwhvyz/Build/Intermediates.noindex/WebDriverAgent.build/Debug-iphonesimulator/WebDriverAgentLib.build/DerivedSources -Weverything -Wno-objc-missing-property-synthesis -Wno-unused-macros -Wno-disabled-macro-expansion -Wno-gnu-statement-expression -Wno-language-extension-token -Wno-overriding-method-mismatch -Wno-missing-variable-declarations -Rno-module-build -Wno-auto-import -Wno-objc-interface-ivars -Wno-documentation-unknown-command -Wno-reserved-id-macro -Wno-unused-parameter -Wno-gnu-conditional-omitted-operand -Wno-explicit-ownership-type -Wno-date-time -Wno-cast-align -Wno-cstring-format-directive -Wno-double-promotion -Wno-partial-availability -Weverything -Wno-objc-missing-property-synthesis -Wno-unused-macros -Wno-disabled-macro-expansion -Wno-gnu-statement-expression -Wno-language-extension-token -Wno-overriding-method-mismatch -Wno-missing-variable-declarations -Rno-module-build -Wno-auto-import -Wno-objc-interface-ivars -Wno-documentation-unknown-command -Wno-reserved-id-macro -Wno-unused-parameter -Wno-gnu-conditional-omitted-operand -Wno-explicit-ownership-type -Wno-date-time -Wno-cast-align -Wno-cstring-format-directive -Wno-double-promotion -Wno-partial-availability -Wno-objc-messaging-id -Wno-direct-ivar-access -Wno-cast-qual -Wno-declaration-after-statement -F/Users/oikhlas/Library/Developer/Xcode/DerivedData/WebDriverAgent-bcmeffsllcldukgyoimwiehwhvyz/Build/Products/Debug-iphonesimulator -F/Applications/Xcode.app/Contents/Developer/Platforms/iPhoneSimulator.platform/Developer/Library/Frameworks -F/Applications/Xcode.app/Contents/Developer/Platforms/iPhoneSimulator.platform/Developer/Library/PrivateFrameworks -iframework /Applications/Xcode.app/Contents/Developer/Platforms/iPhoneSimulator.platform/Developer/SDKs/iPhoneSimulator16.0.sdk/Developer/Library/Frameworks -MMD -MT dependencies -MF /Users/oikhlas/Library/Developer/Xcode/DerivedData/WebDriverAgent-bcmeffsllcldukgyoimwiehwhvyz/Build/Intermediates.noindex/WebDriverAgent.build/Debug-iphonesimulator/WebDriverAgentLib.build/Objects-normal/x86_64/FBXCElementSnapshotWrapper.d --serialize-diagnostics /Users/oikhlas/Library/Developer/Xcode/DerivedData/WebDriverAgent-bcmeffsllcldukgyoimwiehwhvyz/Build/Intermediates.noindex/WebDriverAgent.build/Debug-iphonesimulator/WebDriverAgentLib.build/Objects-normal/x86_64/FBXCElementSnapshotWrapper.dia -c /Users/oikhlas/.appium/node_modules/appium-xcuitest-driver/node_modules/appium-webdriveragent/WebDriverAgentLib/Routing/FBXCElementSnapshotWrapper.m -o /Users/oikhlas/Library/Developer/Xcode/DerivedData/WebDriverAgent-bcmeffsllcldukgyoimwiehwhvyz/Build/Intermediates.noindex/WebDriverAgent.build/Debug-iphonesimulator/WebDriverAgentLib.build/Objects-normal/x86_64/FBXCElementSnapshotWrapper.o
&amp#27;[38;5;173m[Xcode]&amp#27;[0m 
&amp#27;[38;5;173m[Xcode]&amp#27;[0m 
&amp#27;[38;5;173m[Xcode]&amp#27;[0m CompileC /Users/oikhlas/Library/Developer/Xcode/DerivedData/WebDriverAgent-bcmeffsllcldukgyoimwiehwhvyz/Build/Intermediates.noindex/WebDriverAgent.build/Debug-iphonesimulator/WebDriverAgentLib.build/Objects-normal/x86_64/FBXCElementSnapshotWrapper+Helpers.o /Users/oikhlas/.appium/node_modules/appium-xcuitest-driver/node_modules/appium-webdriveragent/WebDriverAgentLib/Categories/FBXCElementSnapshotWrapper+Helpers.m normal x86_64 objective-c com.apple.compilers.llvm.clang.1_0.compiler (in target 'WebDriverAgentLib' from project 'WebDriverAgent')
&amp#27;[38;5;173m[Xcode]&amp#27;[0m     cd /Users/oikhlas/.appium/node_modules/appium-xcuitest-driver/node_modules/appium-webdriveragent
&amp#27;[38;5;173m[Xcode]&amp#27;[0m     /Applications/Xcode.app/Contents/Developer/Toolchains/XcodeDefault.xctoolchain/usr/bin/clang -x objective-c -target x86_64-apple-ios16.0-simulator -fmessage-length\=0 -fdiagnostics-show-note-include-stack -fmacro-backtrace-limit\=0 -std\=gnu99 -fobjc-arc -fmodules -gmodules -fmodules-cache-path\=/Users/oikhlas/Library/Developer/Xcode/DerivedData/ModuleCache.noindex -fmodules-prune-interval\=86400 -fmodules-prune-after\=345600 -fbuild-session-file\=/Users/oikhlas/Library/Developer/Xcode/DerivedData/ModuleCache.noindex/Session.modulevalidation -fmodules-validate-once-per-build-session -Wno-trigraphs -fpascal-strings -O0 -fno-common -Wmissing-field-initializers -Wno-missing-prototypes -Werror\=return-type -Wunreachable-code -Wquoted-include-in-framework-header -Wno-implicit-atomic-properties -Werror\=deprecated-objc-isa-usage -Wno-objc-interface-ivars -Werror\=objc-root-class -Warc-repeated-use-of-weak -Wno-arc-maybe-repeated-use-of-weak -Wimplicit-retain-self -Wduplicate-method-match -Wno-missing-braces -Wparentheses -Wswitch -Wunused-function -Wno-unused-label -Wunused-parameter -Wunused-variable -Wunused-value -Wempty-body -Wuninitialized -Wconditional-uninitialized -Wno-unknown-pragmas -pedantic -Wshadow -Wno-four-char-constants -Wconversion -Wconstant-conversion -Wint-conversion -Wbool-conversion -Wenum-conversion -Wfloat-conversion -Wnon-literal-null-conversion -Wobjc-literal-conversion -Wassign-enum -Wsign-compare -Wshorten-64-to-32 -Wpointer-sign -Wno-newline-eof -Wno-selector -Wno-strict-selector-match -Wundeclared-selector -Wdeprecated-implementations -Wno-implicit-fallthrough -DDEBUG\=1 -DOBJC_OLD_DISPATCH_PROTOTYPES\=0 -isysroot /Applications/Xcode.app/Contents/Developer/Platforms/iPhoneSimulator.platform/Developer/SDKs/iPhoneSimulator16.0.sdk -fasm-blocks -fstrict-aliasing -Wprotocol -Wdeprecated-declarations -g -Wno-sign-conversion -Winfinite-recursion -Wcomma -Wblock-capture-autoreleasing -Wstrict-prototypes -Wno-semicolon-before-method-body -fobjc-abi-version\=2 -fobjc-legacy-dispatch -iquote /Users/oikhlas/Library/Developer/Xcode/DerivedData/WebDriverAgent-bcmeffsllcldukgyoimwiehwhvyz/Build/Intermediates.noindex/WebDriverAgent.build/Debug-iphonesimulator/WebDriverAgentLib.build/WebDriverAgentLib-generated-files.hmap -I/Users/oikhlas/Library/Developer/Xcode/DerivedData/WebDriverAgent-bcmeffsllcldukgyoimwiehwhvyz/Build/Intermediates.noindex/WebDriverAgent.build/Debug-iphonesimulator/WebDriverAgentLib.build/WebDriverAgentLib-own-target-headers.hmap -I/Users/oikhlas/Library/Developer/Xcode/DerivedData/WebDriverAgent-bcmeffsllcldukgyoimwiehwhvyz/Build/Intermediates.noindex/WebDriverAgent.build/Debug-iphonesimulator/WebDriverAgentLib.build/WebDriverAgentLib-all-target-headers.hmap -iquote /Users/oikhlas/Library/Developer/Xcode/DerivedData/WebDriverAgent-bcmeffsllcldukgyoimwiehwhvyz/Build/Intermediates.noindex/WebDriverAgent.build/Debug-iphonesimulator/WebDriverAgentLib.build/WebDriverAgentLib-project-headers.hmap -I/Users/oikhlas/Library/Developer/Xcode/DerivedData/WebDriverAgent-bcmeffsllcldukgyoimwiehwhvyz/Build/Products/Debug-iphonesimulator/include -I/Applications/Xcode.app/Contents/Developer/Platforms/iPhoneSimulator.platform/Developer/SDKs/iPhoneSimulator16.0.sdk/usr/include/libxml2 -I/Users/oikhlas/.appium/node_modules/appium-xcuitest-driver/node_modules/appium-webdriveragent/Modules -I/Users/oikhlas/Library/Developer/Xcode/DerivedData/WebDriverAgent-bcmeffsllcldukgyoimwiehwhvyz/Build/Intermediates.noindex/WebDriverAgent.build/Debug-iphonesimulator/WebDriverAgentLib.build/DerivedSources-normal/x86_64 -I/Users/oikhlas/Library/Developer/Xcode/DerivedData/WebDriverAgent-bcmeffsllcldukgyoimwiehwhvyz/Build/Intermediates.noindex/WebDriverAgent.build/Debug-iphonesimulator/WebDriverAgentLib.build/DerivedSources/x86_64 -I/Users/oikhlas/Library/Developer/Xcode/DerivedData/WebDriverAgent-bcmeffsllcldukgyoimwiehwhvyz/Build/Intermediates.noindex/WebDriverAgent.build/Debug-iphonesimulator/WebDriverAgentLib.build/DerivedSources -Weverything -Wno-objc-missing-property-synthesis -Wno-unused-macros -Wno-disabled-macro-expansion -Wno-gnu-statement-expression -Wno-language-extension-token -Wno-overriding-method-mismatch -Wno-missing-variable-declarations -Rno-module-build -Wno-auto-import -Wno-objc-interface-ivars -Wno-documentation-unknown-command -Wno-reserved-id-macro -Wno-unused-parameter -Wno-gnu-conditional-omitted-operand -Wno-explicit-ownership-type -Wno-date-time -Wno-cast-align -Wno-cstring-format-directive -Wno-double-promotion -Wno-partial-availability -Weverything -Wno-objc-missing-property-synthesis -Wno-unused-macros -Wno-disabled-macro-expansion -Wno-gnu-statement-expression -Wno-language-extension-token -Wno-overriding-method-mismatch -Wno-missing-variable-declarations -Rno-module-build -Wno-auto-import -Wno-objc-interface-ivars -Wno-documentation-unknown-command -Wno-reserved-id-macro -Wno-unused-parameter -Wno-gnu-conditional-omitted-operand -Wno-explicit-ownership-type -Wno-date-time -Wno-cast-align -Wno-cstring-format-directive -Wno-double-promotion -Wno-partial-availability -Wno-objc-messaging-id -Wno-direct-ivar-access -Wno-cast-qual -Wno-declaration-after-statement -F/Users/oikhlas/Library/Developer/Xcode/DerivedData/WebDriverAgent-bcmeffsllcldukgyoimwiehwhvyz/Build/Products/Debug-iphonesimulator -F/Applications/Xcode.app/Contents/Developer/Platforms/iPhoneSimulator.platform/Developer/Library/Frameworks -F/Applications/Xcode.app/Contents/Developer/Platforms/iPhoneSimulator.platform/Developer/Library/PrivateFrameworks -iframework /Applications/Xcode.app/Contents/Developer/Platforms/iPhoneSimulator.platform/Developer/SDKs/iPhoneSimulator16.0.sdk/Developer/Library/Frameworks -MMD -MT dependencies -MF /Users/oikhlas/Library/Developer/Xcode/DerivedData/WebDriverAgent-bcmeffsllcldukgyoimwiehwhvyz/Build/Intermediates.noindex/WebDriverAgent.build/Debug-iphonesimulator/WebDriverAgentLib.build/Objects-normal/x86_64/FBXCElementSnapshotWrapper+Helpers.d --serialize-diagnostics /Users/oikhlas/Library/Developer/Xcode/DerivedData/WebDriverAgent-bcmeffsllcldukgyoimwiehwhvyz/Build/Intermediates.noindex/WebDriverAgent.build/Debug-iphonesimulator/WebDriverAgentLib.build/Objects-normal/x86_64/FBXCElementSnapshotWrapper+Helpers.dia -c /Users/oikhlas/.appium/node_modules/appium-xcuitest-driver/node_modules/appium-webdriveragent/WebDriverAgentLib/Categories/FBXCElementSnapshotWrapper+Helpers.m -o /Users/oikhlas/Library/Developer/Xcode/DerivedData/WebDriverAgent-bcmeffsllcldukgyoimwiehwhvyz/Build/Intermediates.noindex/WebDriverAgent.build/Debug-iphonesimulator/WebDriverAgentLib.build/Objects-normal/x86_64/FBXCElementSnapshotWrapper+Helpers.o
&amp#27;[38;5;173m[Xcode]&amp#27;[0m 
&amp#27;[38;5;173m[Xcode]&amp#27;[0m 
&amp#27;[38;5;173m[Xcode]&amp#27;[0m CompileC /Users/oikhlas/Library/Developer/Xcode/DerivedData/WebDriverAgent-bcmeffsllcldukgyoimwiehwhvyz/Build/Intermediates.noindex/WebDriverAgent.build/Debug-iphonesimulator/WebDriverAgentLib.build/Objects-normal/x86_64/FBXCElementSnapshot.o /Users/oikhlas/.appium/node_modules/appium-xcuitest-driver/node_modules/appium-webdriveragent/WebDriverAgentLib/Routing/FBXCElementSnapshot.m normal x86_64 objective-c com.apple.compilers.llvm.clang.1_0.compiler (in target 'WebDriverAgentLib' from project 'WebDriverAgent')
&amp#27;[38;5;173m[Xcode]&amp#27;[0m     cd /Users/oikhlas/.appium/node_modules/appium-xcuitest-driver/node_modules/appium-webdriveragent
&amp#27;[38;5;173m[Xcode]&amp#27;[0m     /Applications/Xcode.app/Contents/Developer/Toolchains/XcodeDefault.xctoolchain/usr/bin/clang -x objective-c -target x86_64-apple-ios16.0-simulator -fmessage-length\=0 -fdiagnostics-show-note-include-stack -fmacro-backtrace-limit\=0 -std\=gnu99 -fobjc-arc -fmodules -gmodules -fmodules-cache-path\=/Users/oikhlas/Library/Developer/Xcode/DerivedData/ModuleCache.noindex -fmodules-prune-interval\=86400 -fmodules-prune-after\=345600 -fbuild-session-file\=/Users/oikhlas/Library/Developer/Xcode/DerivedData/ModuleCache.noindex/Session.modulevalidation -fmodules-validate-once-per-build-session -Wno-trigraphs -fpascal-strings -O0 -fno-common -Wmissing-field-initializers -Wno-missing-prototypes -Werror\=return-type -Wunreachable-code -Wquoted-include-in-framework-header -Wno-implicit-atomic-properties -Werror\=deprecated-objc-isa-usage -Wno-objc-interface-ivars -Werror\=objc-root-class -Warc-repeated-use-of-weak -Wno-arc-maybe-repeated-use-of-weak -Wimplicit-retain-self -Wduplicate-method-match -Wno-missing-braces -Wparentheses -Wswitch -Wunused-function -Wno-unused-label -Wunused-parameter -Wunused-variable -Wunused-value -Wempty-body -Wuninitialized -Wconditional-uninitialized -Wno-unknown-pragmas -pedantic -Wshadow -Wno-four-char-constants -Wconversion -Wconstant-conversion -Wint-conversion -Wbool-conversion -Wenum-conversion -Wfloat-conversion -Wnon-literal-null-conversion -Wobjc-literal-conversion -Wassign-enum -Wsign-compare -Wshorten-64-to-32 -Wpointer-sign -Wno-newline-eof -Wno-selector -Wno-strict-selector-match -Wundeclared-selector -Wdeprecated-implementations -Wno-implicit-fallthrough -DDEBUG\=1 -DOBJC_OLD_DISPATCH_PROTOTYPES\=0 -isysroot /Applications/Xcode.app/Contents/Developer/Platforms/iPhoneSimulator.platform/Developer/SDKs/iPhoneSimulator16.0.sdk -fasm-blocks -fstrict-aliasing -Wprotocol -Wdeprecated-declarations -g -Wno-sign-conversion -Winfinite-recursion -Wcomma -Wblock-capture-autoreleasing -Wstrict-prototypes -Wno-semicolon-before-method-body -fobjc-abi-version\=2 -fobjc-legacy-dispatch -iquote /Users/oikhlas/Library/Developer/Xcode/DerivedData/WebDriverAgent-bcmeffsllcldukgyoimwiehwhvyz/Build/Intermediates.noindex/WebDriverAgent.build/Debug-iphonesimulator/WebDriverAgentLib.build/WebDriverAgentLib-generated-files.hmap -I/Users/oikhlas/Library/Developer/Xcode/DerivedData/WebDriverAgent-bcmeffsllcldukgyoimwiehwhvyz/Build/Intermediates.noindex/WebDriverAgent.build/Debug-iphonesimulator/WebDriverAgentLib.build/WebDriverAgentLib-own-target-headers.hmap -I/Users/oikhlas/Library/Developer/Xcode/DerivedData/WebDriverAgent-bcmeffsllcldukgyoimwiehwhvyz/Build/Intermediates.noindex/WebDriverAgent.build/Debug-iphonesimulator/WebDriverAgentLib.build/WebDriverAgentLib-all-target-headers.hmap -iquote /Users/oikhlas/Library/Developer/Xcode/DerivedData/WebDriverAgent-bcmeffsllcldukgyoimwiehwhvyz/Build/Intermediates.noindex/WebDriverAgent.build/Debug-iphonesimulator/WebDriverAgentLib.build/WebDriverAgentLib-project-headers.hmap -I/Users/oikhlas/Library/Developer/Xcode/DerivedData/WebDriverAgent-bcmeffsllcldukgyoimwiehwhvyz/Build/Products/Debug-iphonesimulator/include -I/Applications/Xcode.app/Contents/Developer/Platforms/iPhoneSimulator.platform/Developer/SDKs/iPhoneSimulator16.0.sdk/usr/include/libxml2 -I/Users/oikhlas/.appium/node_modules/appium-xcuitest-driver/node_modules/appium-webdriveragent/Modules -I/Users/oikhlas/Library/Developer/Xcode/DerivedData/WebDriverAgent-bcmeffsllcldukgyoimwiehwhvyz/Build/Intermediates.noindex/WebDriverAgent.build/Debug-iphonesimulator/WebDriverAgentLib.build/DerivedSources-normal/x86_64 -I/Users/oikhlas/Library/Developer/Xcode/DerivedData/WebDriverAgent-bcmeffsllcldukgyoimwiehwhvyz/Build/Intermediates.noindex/WebDriverAgent.build/Debug-iphonesimulator/WebDriverAgentLib.build/DerivedSources/x86_64 -I/Users/oikhlas/Library/Developer/Xcode/DerivedData/WebDriverAgent-bcmeffsllcldukgyoimwiehwhvyz/Build/Intermediates.noindex/WebDriverAgent.build/Debug-iphonesimulator/WebDriverAgentLib.build/DerivedSources -Weverything -Wno-objc-missing-property-synthesis -Wno-unused-macros -Wno-disabled-macro-expansion -Wno-gnu-statement-expression -Wno-language-extension-token -Wno-overriding-method-mismatch -Wno-missing-variable-declarations -Rno-module-build -Wno-auto-import -Wno-objc-interface-ivars -Wno-documentation-unknown-command -Wno-reserved-id-macro -Wno-unused-parameter -Wno-gnu-conditional-omitted-operand -Wno-explicit-ownership-type -Wno-date-time -Wno-cast-align -Wno-cstring-format-directive -Wno-double-promotion -Wno-partial-availability -Weverything -Wno-objc-missing-property-synthesis -Wno-unused-macros -Wno-disabled-macro-expansion -Wno-gnu-statement-expression -Wno-language-extension-token -Wno-overriding-method-mismatch -Wno-missing-variable-declarations -Rno-module-build -Wno-auto-import -Wno-objc-interface-ivars -Wno-documentation-unknown-command -Wno-reserved-id-macro -Wno-unused-parameter -Wno-gnu-conditional-omitted-operand -Wno-explicit-ownership-type -Wno-date-time -Wno-cast-align -Wno-cstring-format-directive -Wno-double-promotion -Wno-partial-availability -Wno-objc-messaging-id -Wno-direct-ivar-access -Wno-cast-qual -Wno-declaration-after-statement -F/Users/oikhlas/Library/Developer/Xcode/DerivedData/WebDriverAgent-bcmeffsllcldukgyoimwiehwhvyz/Build/Products/Debug-iphonesimulator -F/Applications/Xcode.app/Contents/Developer/Platforms/iPhoneSimulator.platform/Developer/Library/Frameworks -F/Applications/Xcode.app/Contents/Developer/Platforms/iPhoneSimulator.platform/Developer/Library/PrivateFrameworks -iframework /Applications/Xcode.app/Contents/Developer/Platforms/iPhoneSimulator.platform/Developer/SDKs/iPhoneSimulator16.0.sdk/Developer/Library/Frameworks -MMD -MT dependencies -MF /Users/oikhlas/Library/Developer/Xcode/DerivedData/WebDriverAgent-bcmeffsllcldukgyoimwiehwhvyz/Build/Intermediates.noindex/WebDriverAgent.build/Debug-iphonesimulator/WebDriverAgentLib.build/Objects-normal/x86_64/FBXCElementSnapshot.d --serialize-diagnostics /Users/oikhlas/Library/Developer/Xcode/DerivedData/WebDriverAgent-bcmeffsllcldukgyoimwiehwhvyz/Build/Intermediates.noindex/WebDriverAgent.build/Debug-iphonesimulator/WebDriverAgentLib.build/Objects-normal/x86_64/FBXCElementSnapshot.dia -c /Users/oikhlas/.appium/node_modules/appium-xcuitest-driver/node_modules/appium-webdriveragent/WebDriverAgentLib/Routing/FBXCElementSnapshot.m -o /Users/oikhlas/Library/Developer/Xcode/DerivedData/WebDriverAgent-bcmeffsllcldukgyoimwiehwhvyz/Build/Intermediates.noindex/WebDriverAgent.build/Debug-iphonesimulator/WebDriverAgentLib.build/Objects-normal/x86_64/FBXCElementSnapshot.o
&amp#27;[38;5;173m[Xcode]&amp#27;[0m 
&amp#27;[38;5;173m[Xcode]&amp#27;[0m 
&amp#27;[38;5;173m[Xcode]&amp#27;[0m CompileC /Users/oikhlas/Library/Developer/Xcode/DerivedData/WebDriverAgent-bcmeffsllcldukgyoimwiehwhvyz/Build/Intermediates.noindex/WebDriverAgent.build/Debug-iphonesimulator/WebDriverAgentLib.build/Objects-normal/x86_64/FBXCDeviceEvent.o /Users/oikhlas/.appium/node_modules/appium-xcuitest-driver/node_modules/appium-webdriveragent/WebDriverAgentLib/Routing/FBXCDeviceEvent.m normal x86_64 objective-c com.apple.compilers.llvm.clang.1_0.compiler (in target 'WebDriverAgentLib' from project 'WebDriverAgent')
&amp#27;[38;5;173m[Xcode]&amp#27;[0m     cd /Users/oikhlas/.appium/node_modules/appium-xcuitest-driver/node_modules/appium-webdriveragent
&amp#27;[38;5;173m[Xcode]&amp#27;[0m     /Applications/Xcode.app/Contents/Developer/Toolchains/XcodeDefault.xctoolchain/usr/bin/clang -x objective-c -target x86_64-apple-ios16.0-simulator -fmessage-length\=0 -fdiagnostics-show-note-include-stack -fmacro-backtrace-limit\=0 -std\=gnu99 -fobjc-arc -fmodules -gmodules -fmodules-cache-path\=/Users/oikhlas/Library/Developer/Xcode/DerivedData/ModuleCache.noindex -fmodules-prune-interval\=86400 -fmodules-prune-after\=345600 -fbuild-session-file\=/Users/oikhlas/Library/Developer/Xcode/DerivedData/ModuleCache.noindex/Session.modulevalidation -fmodules-validate-once-per-build-session -Wno-trigraphs -fpascal-strings -O0 -fno-common -Wmissing-field-initializers -Wno-missing-prototypes -Werror\=return-type -Wunreachable-code -Wquoted-include-in-framework-header -Wno-implicit-atomic-properties -Werror\=deprecated-objc-isa-usage -Wno-objc-interface-ivars -Werror\=objc-root-class -Warc-repeated-use-of-weak -Wno-arc-maybe-repeated-use-of-weak -Wimplicit-retain-self -Wduplicate-method-match -Wno-missing-braces -Wparentheses -Wswitch -Wunused-function -Wno-unused-label -Wunused-parameter -Wunused-variable -Wunused-value -Wempty-body -Wuninitialized -Wconditional-uninitialized -Wno-unknown-pragmas -pedantic -Wshadow -Wno-four-char-constants -Wconversion -Wconstant-conversion -Wint-conversion -Wbool-conversion -Wenum-conversion -Wfloat-conversion -Wnon-literal-null-conversion -Wobjc-literal-conversion -Wassign-enum -Wsign-compare -Wshorten-64-to-32 -Wpointer-sign -Wno-newline-eof -Wno-selector -Wno-strict-selector-match -Wundeclared-selector -Wdeprecated-implementations -Wno-implicit-fallthrough -DDEBUG\=1 -DOBJC_OLD_DISPATCH_PROTOTYPES\=0 -isysroot /Applications/Xcode.app/Contents/Developer/Platforms/iPhoneSimulator.platform/Developer/SDKs/iPhoneSimulator16.0.sdk -fasm-blocks -fstrict-aliasing -Wprotocol -Wdeprecated-declarations -g -Wno-sign-conversion -Winfinite-recursion -Wcomma -Wblock-capture-autoreleasing -Wstrict-prototypes -Wno-semicolon-before-method-body -fobjc-abi-version\=2 -fobjc-legacy-dispatch -iquote /Users/oikhlas/Library/Developer/Xcode/DerivedData/WebDriverAgent-bcmeffsllcldukgyoimwiehwhvyz/Build/Intermediates.noindex/WebDriverAgent.build/Debug-iphonesimulator/WebDriverAgentLib.build/WebDriverAgentLib-generated-files.hmap -I/Users/oikhlas/Library/Developer/Xcode/DerivedData/WebDriverAgent-bcmeffsllcldukgyoimwiehwhvyz/Build/Intermediates.noindex/WebDriverAgent.build/Debug-iphonesimulator/WebDriverAgentLib.build/WebDriverAgentLib-own-target-headers.hmap -I/Users/oikhlas/Library/Developer/Xcode/DerivedData/WebDriverAgent-bcmeffsllcldukgyoimwiehwhvyz/Build/Intermediates.noindex/WebDriverAgent.build/Debug-iphonesimulator/WebDriverAgentLib.build/WebDriverAgentLib-all-target-headers.hmap -iquote /Users/oikhlas/Library/Developer/Xcode/DerivedData/WebDriverAgent-bcmeffsllcldukgyoimwiehwhvyz/Build/Intermediates.noindex/WebDriverAgent.build/Debug-iphonesimulator/WebDriverAgentLib.build/WebDriverAgentLib-project-headers.hmap -I/Users/oikhlas/Library/Developer/Xcode/DerivedData/WebDriverAgent-bcmeffsllcldukgyoimwiehwhvyz/Build/Products/Debug-iphonesimulator/include -I/Applications/Xcode.app/Contents/Developer/Platforms/iPhoneSimulator.platform/Developer/SDKs/iPhoneSimulator16.0.sdk/usr/include/libxml2 -I/Users/oikhlas/.appium/node_modules/appium-xcuitest-driver/node_modules/appium-webdriveragent/Modules -I/Users/oikhlas/Library/Developer/Xcode/DerivedData/WebDriverAgent-bcmeffsllcldukgyoimwiehwhvyz/Build/Intermediates.noindex/WebDriverAgent.build/Debug-iphonesimulator/WebDriverAgentLib.build/DerivedSources-normal/x86_64 -I/Users/oikhlas/Library/Developer/Xcode/DerivedData/WebDriverAgent-bcmeffsllcldukgyoimwiehwhvyz/Build/Intermediates.noindex/WebDriverAgent.build/Debug-iphonesimulator/WebDriverAgentLib.build/DerivedSources/x86_64 -I/Users/oikhlas/Library/Developer/Xcode/DerivedData/WebDriverAgent-bcmeffsllcldukgyoimwiehwhvyz/Build/Intermediates.noindex/WebDriverAgent.build/Debug-iphonesimulator/WebDriverAgentLib.build/DerivedSources -Weverything -Wno-objc-missing-property-synthesis -Wno-unused-macros -Wno-disabled-macro-expansion -Wno-gnu-statement-expression -Wno-language-extension-token -Wno-overriding-method-mismatch -Wno-missing-variable-declarations -Rno-module-build -Wno-auto-import -Wno-objc-interface-ivars -Wno-documentation-unknown-command -Wno-reserved-id-macro -Wno-unused-parameter -Wno-gnu-conditional-omitted-operand -Wno-explicit-ownership-type -Wno-date-time -Wno-cast-align -Wno-cstring-format-directive -Wno-double-promotion -Wno-partial-availability -Weverything -Wno-objc-missing-property-synthesis -Wno-unused-macros -Wno-disabled-macro-expansion -Wno-gnu-statement-expression -Wno-language-extension-token -Wno-overriding-method-mismatch -Wno-missing-variable-declarations -Rno-module-build -Wno-auto-import -Wno-objc-interface-ivars -Wno-documentation-unknown-command -Wno-reserved-id-macro -Wno-unused-parameter -Wno-gnu-conditional-omitted-operand -Wno-explicit-ownership-type -Wno-date-time -Wno-cast-align -Wno-cstring-format-directive -Wno-double-promotion -Wno-partial-availability -Wno-objc-messaging-id -Wno-direct-ivar-access -Wno-cast-qual -Wno-declaration-after-statement -F/Users/oikhlas/Library/Developer/Xcode/DerivedData/WebDriverAgent-bcmeffsllcldukgyoimwiehwhvyz/Build/Products/Debug-iphonesimulator -F/Applications/Xcode.app/Contents/Developer/Platforms/iPhoneSimulator.platform/Developer/Library/Frameworks -F/Applications/Xcode.app/Contents/Developer/Platforms/iPhoneSimulator.platform/Developer/Library/PrivateFrameworks -iframework /Applications/Xcode.app/Contents/Developer/Platforms/iPhoneSimulator.platform/Developer/SDKs/iPhoneSimulator16.0.sdk/Developer/Library/Frameworks -MMD -MT dependencies -MF /Users/oikhlas/Library/Developer/Xcode/DerivedData/WebDriverAgent-bcmeffsllcldukgyoimwiehwhvyz/Build/Intermediates.noindex/WebDriverAgent.build/Debug-iphonesimulator/WebDriverAgentLib.build/Objects-normal/x86_64/FBXCDeviceEvent.d --serialize-diagnostics /Users/oikhlas/Library/Developer/Xcode/DerivedData/WebDriverAgent-bcmeffsllcldukgyoimwiehwhvyz/Build/Intermediates.noindex/WebDriverAgent.build/Debug-iphonesimulator/WebDriverAgentLib.build/Objects-normal/x86_64/FBXCDeviceEvent.dia -c /Users/oikhlas/.appium/node_modules/appium-xcuitest-driver/node_modules/appium-webdriveragent/WebDriverAgentLib/Routing/FBXCDeviceEvent.m -o /Users/oikhlas/Library/Developer/Xcode/DerivedData/WebDriverAgent-bcmeffsllcldukgyoimwiehwhvyz/Build/Intermediates.noindex/WebDriverAgent.build/Debug-iphonesimulator/WebDriverAgentLib.build/Objects-normal/x86_64/FBXCDeviceEvent.o
&amp#27;[38;5;173m[Xcode]&amp#27;[0m 
&amp#27;[38;5;173m[Xcode]&amp#27;[0m 
&amp#27;[38;5;173m[Xcode]&amp#27;[0m CompileC /Users/oikhlas/Library/Developer/Xcode/DerivedData/WebDriverAgent-bcmeffsllcldukgyoimwiehwhvyz/Build/Intermediates.noindex/WebDriverAgent.build/Debug-iphonesimulator/WebDriverAgentLib.build/Objects-normal/x86_64/FBXCAccessibilityElement.o /Users/oikhlas/.appium/node_modules/appium-xcuitest-driver/node_modules/appium-webdriveragent/WebDriverAgentLib/Routing/FBXCAccessibilityElement.m normal x86_64 objective-c com.apple.compilers.llvm.clang.1_0.compiler (in target 'WebDriverAgentLib' from project 'WebDriverAgent')
&amp#27;[38;5;173m[Xcode]&amp#27;[0m     cd /Users/oikhlas/.appium/node_modules/appium-xcuitest-driver/node_modules/appium-webdriveragent
&amp#27;[38;5;173m[Xcode]&amp#27;[0m     /Applications/Xcode.app/Contents/Developer/Toolchains/XcodeDefault.xctoolchain/usr/bin/clang -x objective-c -target x86_64-apple-ios16.0-simulator -fmessage-length\=0 -fdiagnostics-show-note-include-stack -fmacro-backtrace-limit\=0 -std\=gnu99 -fobjc-arc -fmodules -gmodules -fmodules-cache-path\=/Users/oikhlas/Library/Developer/Xcode/DerivedData/ModuleCache.noindex -fmodules-prune-interval\=86400 -fmodules-prune-after\=345600 -fbuild-session-file\=/Users/oikhlas/Library/Developer/Xcode/DerivedData/ModuleCache.noindex/Session.modulevalidation -fmodules-validate-once-per-build-session -Wno-trigraphs -fpascal-strings -O0 -fno-common -Wmissing-field-initializers -Wno-missing-prototypes -Werror\=return-type -Wunreachable-code -Wquoted-include-in-framework-header -Wno-implicit-atomic-properties -Werror\=deprecated-objc-isa-usage -Wno-objc-interface-ivars -Werror\=objc-root-class -Warc-repeated-use-of-weak -Wno-arc-maybe-repeated-use-of-weak -Wimplicit-retain-self -Wduplicate-method-match -Wno-missing-braces -Wparentheses -Wswitch -Wunused-function -Wno-unused-label -Wunused-parameter -Wunused-variable -Wunused-value -Wempty-body -Wuninitialized -Wconditional-uninitialized -Wno-unknown-pragmas -pedantic -Wshadow -Wno-four-char-constants -Wconversion -Wconstant-conversion -Wint-conversion -Wbool-conversion -Wenum-conversion -Wfloat-conversion -Wnon-literal-null-conversion -Wobjc-literal-conversion -Wassign-enum -Wsign-compare -Wshorten-64-to-32 -Wpointer-sign -Wno-newline-eof -Wno-selector -Wno-strict-selector-match -Wundeclared-selector -Wdeprecated-implementations -Wno-implicit-fallthrough -DDEBUG\=1 -DOBJC_OLD_DISPATCH_PROTOTYPES\=0 -isysroot /Applications/Xcode.app/Contents/Developer/Platforms/iPhoneSimulator.platform/Developer/SDKs/iPhoneSimulator16.0.sdk -fasm-blocks -fstrict-aliasing -Wprotocol -Wdeprecated-declarations -g -Wno-sign-conversion -Winfinite-recursion -Wcomma -Wblock-capture-autoreleasing -Wstrict-prototypes -Wno-semicolon-before-method-body -fobjc-abi-version\=2 -fobjc-legacy-dispatch -iquote /Users/oikhlas/Library/Developer/Xcode/DerivedData/WebDriverAgent-bcmeffsllcldukgyoimwiehwhvyz/Build/Intermediates.noindex/WebDriverAgent.build/Debug-iphonesimulator/WebDriverAgentLib.build/WebDriverAgentLib-generated-files.hmap -I/Users/oikhlas/Library/Developer/Xcode/DerivedData/WebDriverAgent-bcmeffsllcldukgyoimwiehwhvyz/Build/Intermediates.noindex/WebDriverAgent.build/Debug-iphonesimulator/WebDriverAgentLib.build/WebDriverAgentLib-own-target-headers.hmap -I/Users/oikhlas/Library/Developer/Xcode/DerivedData/WebDriverAgent-bcmeffsllcldukgyoimwiehwhvyz/Build/Intermediates.noindex/WebDriverAgent.build/Debug-iphonesimulator/WebDriverAgentLib.build/WebDriverAgentLib-all-target-headers.hmap -iquote /Users/oikhlas/Library/Developer/Xcode/DerivedData/WebDriverAgent-bcmeffsllcldukgyoimwiehwhvyz/Build/Intermediates.noindex/WebDriverAgent.build/Debug-iphonesimulator/WebDriverAgentLib.build/WebDriverAgentLib-project-headers.hmap -I/Users/oikhlas/Library/Developer/Xcode/DerivedData/WebDriverAgent-bcmeffsllcldukgyoimwiehwhvyz/Build/Products/Debug-iphonesimulator/include -I/Applications/Xcode.app/Contents/Developer/Platforms/iPhoneSimulator.platform/Developer/SDKs/iPhoneSimulator16.0.sdk/usr/include/libxml2 -I/Users/oikhlas/.appium/node_modules/appium-xcuitest-driver/node_modules/appium-webdriveragent/Modules -I/Users/oikhlas/Library/Developer/Xcode/DerivedData/WebDriverAgent-bcmeffsllcldukgyoimwiehwhvyz/Build/Intermediates.noindex/WebDriverAgent.build/Debug-iphonesimulator/WebDriverAgentLib.build/DerivedSources-normal/x86_64 -I/Users/oikhlas/Library/Developer/Xcode/DerivedData/WebDriverAgent-bcmeffsllcldukgyoimwiehwhvyz/Build/Intermediates.noindex/WebDriverAgent.build/Debug-iphonesimulator/WebDriverAgentLib.build/DerivedSources/x86_64 -I/Users/oikhlas/Library/Developer/Xcode/DerivedData/WebDriverAgent-bcmeffsllcldukgyoimwiehwhvyz/Build/Intermediates.noindex/WebDriverAgent.build/Debug-iphonesimulator/WebDriverAgentLib.build/DerivedSources -Weverything -Wno-objc-missing-property-synthesis -Wno-unused-macros -Wno-disabled-macro-expansion -Wno-gnu-statement-expression -Wno-language-extension-token -Wno-overriding-method-mismatch -Wno-missing-variable-declarations -Rno-module-build -Wno-auto-import -Wno-objc-interface-ivars -Wno-documentation-unknown-command -Wno-reserved-id-macro -Wno-unused-parameter -Wno-gnu-conditional-omitted-operand -Wno-explicit-ownership-type -Wno-date-time -Wno-cast-align -Wno-cstring-format-directive -Wno-double-promotion -Wno-partial-availability -Weverything -Wno-objc-missing-property-synthesis -Wno-unused-macros -Wno-disabled-macro-expansion -Wno-gnu-statement-expression -Wno-language-extension-token -Wno-overriding-method-mismatch -Wno-missing-variable-declarations -Rno-module-build -Wno-auto-import -Wno-objc-interface-ivars -Wno-documentation-unknown-command -Wno-reserved-id-macro -Wno-unused-parameter -Wno-gnu-conditional-omitted-operand -Wno-explicit-ownership-type -Wno-date-time -Wno-cast-align -Wno-cstring-format-directive -Wno-double-promotion -Wno-partial-availability -Wno-objc-messaging-id -Wno-direct-ivar-access -Wno-cast-qual -Wno-declaration-after-statement -F/Users/oikhlas/Library/Developer/Xcode/DerivedData/WebDriverAgent-bcmeffsllcldukgyoimwiehwhvyz/Build/Products/Debug-iphonesimulator -F/Applications/Xcode.app/Contents/Developer/Platforms/iPhoneSimulator.platform/Developer/Library/Frameworks -F/Applications/Xcode.app/Contents/Developer/Platforms/iPhoneSimulator.platform/Developer/Library/PrivateFrameworks -iframework /Applications/Xcode.app/Contents/Developer/Platforms/iPhoneSimulator.platform/Developer/SDKs/iPhoneSimulator16.0.sdk/Developer/Library/Frameworks -MMD -MT dependencies -MF /Users/oikhlas/Library/Developer/Xcode/DerivedData/WebDriverAgent-bcmeffsllcldukgyoimwiehwhvyz/Build/Intermediates.noindex/WebDriverAgent.build/Debug-iphonesimulator/WebDriverAgentLib.build/Objects-normal/x86_64/FBXCAccessibilityElement.d --serialize-diagnostics /Users/oikhlas/Library/Developer/Xcode/DerivedData/WebDriverAgent-bcmeffsllcldukgyoimwiehwhvyz/Build/Intermediates.noindex/WebDriverAgent.build/Debug-iphonesimulator/WebDriverAgentLib.build/Objects-normal/x86_64/FBXCAccessibilityElement.dia -c /Users/oikhlas/.appium/node_modules/appium-xcuitest-driver/node_modules/appium-webdriveragent/WebDriverAgentLib/Routing/FBXCAccessibilityElement.m -o /Users/oikhlas/Library/Developer/Xcode/DerivedData/WebDriverAgent-bcmeffsllcldukgyoimwiehwhvyz/Build/Intermediates.noindex/WebDriverAgent.build/Debug-iphonesimulator/WebDriverAgentLib.build/Objects-normal/x86_64/FBXCAccessibilityElement.o
&amp#27;[38;5;173m[Xcode]&amp#27;[0m 
&amp#27;[38;5;173m[Xcode]&amp#27;[0m 
&amp#27;[38;5;173m[Xcode]&amp#27;[0m CompileC /Users/oikhlas/Library/Developer/Xcode/DerivedData/WebDriverAgent-bcmeffsllcldukgyoimwiehwhvyz/Build/Intermediates.noindex/WebDriverAgent.build/Debug-iphonesimulator/WebDriverAgentLib.build/Objects-normal/x86_64/FBXCAXClientProxy.o /Users/oikhlas/.appium/node_modules/appium-xcuitest-driver/node_modules/appium-webdriveragent/WebDriverAgentLib/Utilities/FBXCAXClientProxy.m normal x86_64 objective-c com.apple.compilers.llvm.clang.1_0.compiler (in target 'WebDriverAgentLib' from project 'WebDriverAgent')
&amp#27;[38;5;173m[Xcode]&amp#27;[0m     cd /Users/oikhlas/.appium/node_modules/appium-xcuitest-driver/node_modules/appium-webdriveragent
&amp#27;[38;5;173m[Xcode]&amp#27;[0m     /Applications/Xcode.app/Contents/Developer/Toolchains/XcodeDefault.xctoolchain/usr/bin/clang -x objective-c -target x86_64-apple-ios16.0-simulator -fmessage-length\=0 -fdiagnostics-show-note-include-stack -fmacro-backtrace-limit\=0 -std\=gnu99 -fobjc-arc -fmodules -gmodules -fmodules-cache-path\=/Users/oikhlas/Library/Developer/Xcode/DerivedData/ModuleCache.noindex -fmodules-prune-interval\=86400 -fmodules-prune-after\=345600 -fbuild-session-file\=/Users/oikhlas/Library/Developer/Xcode/DerivedData/ModuleCache.noindex/Session.modulevalidation -fmodules-validate-once-per-build-session -Wno-trigraphs -fpascal-strings -O0 -fno-common -Wmissing-field-initializers -Wno-missing-prototypes -Werror\=return-type -Wunreachable-code -Wquoted-include-in-framework-header -Wno-implicit-atomic-properties -Werror\=deprecated-objc-isa-usage -Wno-objc-interface-ivars -Werror\=objc-root-class -Warc-repeated-use-of-weak -Wno-arc-maybe-repeated-use-of-weak -Wimplicit-retain-self -Wduplicate-method-match -Wno-missing-braces -Wparentheses -Wswitch -Wunused-function -Wno-unused-label -Wunused-parameter -Wunused-variable -Wunused-value -Wempty-body -Wuninitialized -Wconditional-uninitialized -Wno-unknown-pragmas -pedantic -Wshadow -Wno-four-char-constants -Wconversion -Wconstant-conversion -Wint-conversion -Wbool-conversion -Wenum-conversion -Wfloat-conversion -Wnon-literal-null-conversion -Wobjc-literal-conversion -Wassign-enum -Wsign-compare -Wshorten-64-to-32 -Wpointer-sign -Wno-newline-eof -Wno-selector -Wno-strict-selector-match -Wundeclared-selector -Wdeprecated-implementations -Wno-implicit-fallthrough -DDEBUG\=1 -DOBJC_OLD_DISPATCH_PROTOTYPES\=0 -isysroot /Applications/Xcode.app/Contents/Developer/Platforms/iPhoneSimulator.platform/Developer/SDKs/iPhoneSimulator16.0.sdk -fasm-blocks -fstrict-aliasing -Wprotocol -Wdeprecated-declarations -g -Wno-sign-conversion -Winfinite-recursion -Wcomma -Wblock-capture-autoreleasing -Wstrict-prototypes -Wno-semicolon-before-method-body -fobjc-abi-version\=2 -fobjc-legacy-dispatch -iquote /Users/oikhlas/Library/Developer/Xcode/DerivedData/WebDriverAgent-bcmeffsllcldukgyoimwiehwhvyz/Build/Intermediates.noindex/WebDriverAgent.build/Debug-iphonesimulator/WebDriverAgentLib.build/WebDriverAgentLib-generated-files.hmap -I/Users/oikhlas/Library/Developer/Xcode/DerivedData/WebDriverAgent-bcmeffsllcldukgyoimwiehwhvyz/Build/Intermediates.noindex/WebDriverAgent.build/Debug-iphonesimulator/WebDriverAgentLib.build/WebDriverAgentLib-own-target-headers.hmap -I/Users/oikhlas/Library/Developer/Xcode/DerivedData/WebDriverAgent-bcmeffsllcldukgyoimwiehwhvyz/Build/Intermediates.noindex/WebDriverAgent.build/Debug-iphonesimulator/WebDriverAgentLib.build/WebDriverAgentLib-all-target-headers.hmap -iquote /Users/oikhlas/Library/Developer/Xcode/DerivedData/WebDriverAgent-bcmeffsllcldukgyoimwiehwhvyz/Build/Intermediates.noindex/WebDriverAgent.build/Debug-iphonesimulator/WebDriverAgentLib.build/WebDriverAgentLib-project-headers.hmap -I/Users/oikhlas/Library/Developer/Xcode/DerivedData/WebDriverAgent-bcmeffsllcldukgyoimwiehwhvyz/Build/Products/Debug-iphonesimulator/include -I/Applications/Xcode.app/Contents/Developer/Platforms/iPhoneSimulator.platform/Developer/SDKs/iPhoneSimulator16.0.sdk/usr/include/libxml2 -I/Users/oikhlas/.appium/node_modules/appium-xcuitest-driver/node_modules/appium-webdriveragent/Modules -I/Users/oikhlas/Library/Developer/Xcode/DerivedData/WebDriverAgent-bcmeffsllcldukgyoimwiehwhvyz/Build/Intermediates.noindex/WebDriverAgent.build/Debug-iphonesimulator/WebDriverAgentLib.build/DerivedSources-normal/x86_64 -I/Users/oikhlas/Library/Developer/Xcode/DerivedData/WebDriverAgent-bcmeffsllcldukgyoimwiehwhvyz/Build/Intermediates.noindex/WebDriverAgent.build/Debug-iphonesimulator/WebDriverAgentLib.build/DerivedSources/x86_64 -I/Users/oikhlas/Library/Developer/Xcode/DerivedData/WebDriverAgent-bcmeffsllcldukgyoimwiehwhvyz/Build/Intermediates.noindex/WebDriverAgent.build/Debug-iphonesimulator/WebDriverAgentLib.build/DerivedSources -Weverything -Wno-objc-missing-property-synthesis -Wno-unused-macros -Wno-disabled-macro-expansion -Wno-gnu-statement-expression -Wno-language-extension-token -Wno-overriding-method-mismatch -Wno-missing-variable-declarations -Rno-module-build -Wno-auto-import -Wno-objc-interface-ivars -Wno-documentation-unknown-command -Wno-reserved-id-macro -Wno-unused-parameter -Wno-gnu-conditional-omitted-operand -Wno-explicit-ownership-type -Wno-date-time -Wno-cast-align -Wno-cstring-format-directive -Wno-double-promotion -Wno-partial-availability -Weverything -Wno-objc-missing-property-synthesis -Wno-unused-macros -Wno-disabled-macro-expansion -Wno-gnu-statement-expression -Wno-language-extension-token -Wno-overriding-method-mismatch -Wno-missing-variable-declarations -Rno-module-build -Wno-auto-import -Wno-objc-interface-ivars -Wno-documentation-unknown-command -Wno-reserved-id-macro -Wno-unused-parameter -Wno-gnu-conditional-omitted-operand -Wno-explicit-ownership-type -Wno-date-time -Wno-cast-align -Wno-cstring-format-directive -Wno-double-promotion -Wno-partial-availability -Wno-objc-messaging-id -Wno-direct-ivar-access -Wno-cast-qual -Wno-declaration-after-statement -F/Users/oikhlas/Library/Developer/Xcode/DerivedData/WebDriverAgent-bcmeffsllcldukgyoimwiehwhvyz/Build/Products/Debug-iphonesimulator -F/Applications/Xcode.app/Contents/Developer/Platforms/iPhoneSimulator.platform/Developer/Library/Frameworks -F/Applications/Xcode.app/Contents/Developer/Platforms/iPhoneSimulator.platform/Developer/Library/PrivateFrameworks -iframework /Applications/Xcode.app/Contents/Developer/Platforms/iPhoneSimulator.platform/Developer/SDKs/iPhoneSimulator16.0.sdk/Developer/Library/Frameworks -MMD -MT dependencies -MF /Users/oikhlas/Library/Developer/Xcode/DerivedData/WebDriverAgent-bcmeffsllcldukgyoimwiehwhvyz/Build/Intermediates.noindex/WebDriverAgent.build/Debug-iphonesimulator/WebDriverAgentLib.build/Objects-normal/x86_64/FBXCAXClientProxy.d --serialize-diagnostics /Users/oikhlas/Library/Developer/Xcode/DerivedData/WebDriverAgent-bcmeffsllcldukgyoimwiehwhvyz/Build/Intermediates.noindex/WebDriverAgent.build/Debug-iphonesimulator/WebDriverAgentLib.build/Objects-normal/x86_64/FBXCAXClientProxy.dia -c /Users/oikhlas/.appium/node_modules/appium-xcuitest-driver/node_modules/appium-webdriveragent/WebDriverAgentLib/Utilities/FBXCAXClientProxy.m -o /Users/oikhlas/Library/Developer/Xcode/DerivedData/WebDriverAgent-bcmeffsllcldukgyoimwiehwhvyz/Build/Intermediates.noindex/WebDriverAgent.build/Debug-iphonesimulator/WebDriverAgentLib.build/Objects-normal/x86_64/FBXCAXClientProxy.o
&amp#27;[38;5;173m[Xcode]&amp#27;[0m 
&amp#27;[38;5;173m[Xcode]&amp#27;[0m 
&amp#27;[38;5;173m[Xcode]&amp#27;[0m CompileC /Users/oikhlas/Library/Developer/Xcode/DerivedData/WebDriverAgent-bcmeffsllcldukgyoimwiehwhvyz/Build/Intermediates.noindex/WebDriverAgent.build/Debug-iphonesimulator/WebDriverAgentLib.build/Objects-normal/x86_64/FBWebServer.o /Users/oikhlas/.appium/node_modules/appium-xcuitest-driver/node_modules/appium-webdriveragent/WebDriverAgentLib/Routing/FBWebServer.m normal x86_64 objective-c com.apple.compilers.llvm.clang.1_0.compiler (in target 'WebDriverAgentLib' from project 'WebDriverAgent')
&amp#27;[38;5;173m[Xcode]&amp#27;[0m     cd /Users/oikhlas/.appium/node_modules/appium-xcuitest-driver/node_modules/appium-webdriveragent
&amp#27;[38;5;173m[Xcode]&amp#27;[0m     /Applications/Xcode.app/Contents/Developer/Toolchains/XcodeDefault.xctoolchain/usr/bin/clang -x objective-c -target x86_64-apple-ios16.0-simulator -fmessage-length\=0 -fdiagnostics-show-note-include-stack -fmacro-backtrace-limit\=0 -std\=gnu99 -fobjc-arc -fmodules -gmodules -fmodules-cache-path\=/Users/oikhlas/Library/Developer/Xcode/DerivedData/ModuleCache.noindex -fmodules-prune-interval\=86400 -fmodules-prune-after\=345600 -fbuild-session-file\=/Users/oikhlas/Library/Developer/Xcode/DerivedData/ModuleCache.noindex/Session.modulevalidation -fmodules-validate-once-per-build-session -Wno-trigraphs -fpascal-strings -O0 -fno-common -Wmissing-field-initializers -Wno-missing-prototypes -Werror\=return-type -Wunreachable-code -Wquoted-include-in-framework-header -Wno-implicit-atomic-properties -Werror\=deprecated-objc-isa-usage -Wno-objc-interface-ivars -Werror\=objc-root-class -Warc-repeated-use-of-weak -Wno-arc-maybe-repeated-use-of-weak -Wimplicit-retain-self -Wduplicate-method-match -Wno-missing-braces -Wparentheses -Wswitch -Wunused-function -Wno-unused-label -Wunused-parameter -Wunused-variable -Wunused-value -Wempty-body -Wuninitialized -Wconditional-uninitialized -Wno-unknown-pragmas -pedantic -Wshadow -Wno-four-char-constants -Wconversion -Wconstant-conversion -Wint-conversion -Wbool-conversion -Wenum-conversion -Wfloat-conversion -Wnon-literal-null-conversion -Wobjc-literal-conversion -Wassign-enum -Wsign-compare -Wshorten-64-to-32 -Wpointer-sign -Wno-newline-eof -Wno-selector -Wno-strict-selector-match -Wundeclared-selector -Wdeprecated-implementations -Wno-implicit-fallthrough -DDEBUG\=1 -DOBJC_OLD_DISPATCH_PROTOTYPES\=0 -isysroot /Applications/Xcode.app/Contents/Developer/Platforms/iPhoneSimulator.platform/Developer/SDKs/iPhoneSimulator16.0.sdk -fasm-blocks -fstrict-aliasing -Wprotocol -Wdeprecated-declarations -g -Wno-sign-conversion -Winfinite-recursion -Wcomma -Wblock-capture-autoreleasing -Wstrict-prototypes -Wno-semicolon-before-method-body -fobjc-abi-version\=2 -fobjc-legacy-dispatch -iquote /Users/oikhlas/Library/Developer/Xcode/DerivedData/WebDriverAgent-bcmeffsllcldukgyoimwiehwhvyz/Build/Intermediates.noindex/WebDriverAgent.build/Debug-iphonesimulator/WebDriverAgentLib.build/WebDriverAgentLib-generated-files.hmap -I/Users/oikhlas/Library/Developer/Xcode/DerivedData/WebDriverAgent-bcmeffsllcldukgyoimwiehwhvyz/Build/Intermediates.noindex/WebDriverAgent.build/Debug-iphonesimulator/WebDriverAgentLib.build/WebDriverAgentLib-own-target-headers.hmap -I/Users/oikhlas/Library/Developer/Xcode/DerivedData/WebDriverAgent-bcmeffsllcldukgyoimwiehwhvyz/Build/Intermediates.noindex/WebDriverAgent.build/Debug-iphonesimulator/WebDriverAgentLib.build/WebDriverAgentLib-all-target-headers.hmap -iquote /Users/oikhlas/Library/Developer/Xcode/DerivedData/WebDriverAgent-bcmeffsllcldukgyoimwiehwhvyz/Build/Intermediates.noindex/WebDriverAgent.build/Debug-iphonesimulator/WebDriverAgentLib.build/WebDriverAgentLib-project-headers.hmap -I/Users/oikhlas/Library/Developer/Xcode/DerivedData/WebDriverAgent-bcmeffsllcldukgyoimwiehwhvyz/Build/Products/Debug-iphonesimulator/include -I/Applications/Xcode.app/Contents/Developer/Platforms/iPhoneSimulator.platform/Developer/SDKs/iPhoneSimulator16.0.sdk/usr/include/libxml2 -I/Users/oikhlas/.appium/node_modules/appium-xcuitest-driver/node_modules/appium-webdriveragent/Modules -I/Users/oikhlas/Library/Developer/Xcode/DerivedData/WebDriverAgent-bcmeffsllcldukgyoimwiehwhvyz/Build/Intermediates.noindex/WebDriverAgent.build/Debug-iphonesimulator/WebDriverAgentLib.build/DerivedSources-normal/x86_64 -I/Users/oikhlas/Library/Developer/Xcode/DerivedData/WebDriverAgent-bcmeffsllcldukgyoimwiehwhvyz/Build/Intermediates.noindex/WebDriverAgent.build/Debug-iphonesimulator/WebDriverAgentLib.build/DerivedSources/x86_64 -I/Users/oikhlas/Library/Developer/Xcode/DerivedData/WebDriverAgent-bcmeffsllcldukgyoimwiehwhvyz/Build/Intermediates.noindex/WebDriverAgent.build/Debug-iphonesimulator/WebDriverAgentLib.build/DerivedSources -Weverything -Wno-objc-missing-property-synthesis -Wno-unused-macros -Wno-disabled-macro-expansion -Wno-gnu-statement-expression -Wno-language-extension-token -Wno-overriding-method-mismatch -Wno-missing-variable-declarations -Rno-module-build -Wno-auto-import -Wno-objc-interface-ivars -Wno-documentation-unknown-command -Wno-reserved-id-macro -Wno-unused-parameter -Wno-gnu-conditional-omitted-operand -Wno-explicit-ownership-type -Wno-date-time -Wno-cast-align -Wno-cstring-format-directive -Wno-double-promotion -Wno-partial-availability -Weverything -Wno-objc-missing-property-synthesis -Wno-unused-macros -Wno-disabled-macro-expansion -Wno-gnu-statement-expression -Wno-language-extension-token -Wno-overriding-method-mismatch -Wno-missing-variable-declarations -Rno-module-build -Wno-auto-import -Wno-objc-interface-ivars -Wno-documentation-unknown-command -Wno-reserved-id-macro -Wno-unused-parameter -Wno-gnu-conditional-omitted-operand -Wno-explicit-ownership-type -Wno-date-time -Wno-cast-align -Wno-cstring-format-directive -Wno-double-promotion -Wno-partial-availability -Wno-objc-messaging-id -Wno-direct-ivar-access -Wno-cast-qual -Wno-declaration-after-statement -F/Users/oikhlas/Library/Developer/Xcode/DerivedData/WebDriverAgent-bcmeffsllcldukgyoimwiehwhvyz/Build/Products/Debug-iphonesimulator -F/Applications/Xcode.app/Contents/Developer/Platforms/iPhoneSimulator.platform/Developer/Library/Frameworks -F/Applications/Xcode.app/Contents/Developer/Platforms/iPhoneSimulator.platform/Developer/Library/PrivateFrameworks -iframework /Applications/Xcode.app/Contents/Developer/Platforms/iPhoneSimulator.platform/Developer/SDKs/iPhoneSimulator16.0.sdk/Developer/Library/Frameworks -MMD -MT dependencies -MF /Users/oikhlas/Library/Developer/Xcode/DerivedData/WebDriverAgent-bcmeffsllcldukgyoimwiehwhvyz/Build/Intermediates.noindex/WebDriverAgent.build/Debug-iphonesimulator/WebDriverAgentLib.build/Objects-normal/x86_64/FBWebServer.d --serialize-diagnostics /Users/oikhlas/Library/Developer/Xcode/DerivedData/WebDriverAgent-bcmeffsllcldukgyoimwiehwhvyz/Build/Intermediates.noindex/WebDriverAgent.build/Debug-iphonesimulator/WebDriverAgentLib.build/Objects-normal/x86_64/FBWebServer.dia -c /Users/oikhlas/.appium/node_modules/appium-xcuitest-driver/node_modules/appium-webdriveragent/WebDriverAgentLib/Routing/FBWebServer.m -o /Users/oikhlas/Library/Developer/Xcode/DerivedData/WebDriverAgent-bcmeffsllcldukgyoimwiehwhvyz/Build/Intermediates.noindex/WebDriverAgent.build/Debug-iphonesimulator/WebDriverAgentLib.build/Objects-normal/x86_64/FBWebServer.o
&amp#27;[38;5;173m[Xcode]&amp#27;[0m 
&amp#27;[38;5;173m[Xcode]&amp#27;[0m 
&amp#27;[38;5;173m[Xcode]&amp#27;[0m CompileC /Users/oikhlas/Library/Developer/Xcode/DerivedData/WebDriverAgent-bcmeffsllcldukgyoimwiehwhvyz/Build/Intermediates.noindex/WebDriverAgent.build/Debug-iphonesimulator/WebDriverAgentLib.build/Objects-normal/x86_64/FBW3CActionsSynthesizer.o /Users/oikhlas/.appium/node_modules/appium-xcuitest-driver/node_modules/appium-webdriveragent/WebDriverAgentLib/Utilities/FBW3CActionsSynthesizer.m normal x86_64 objective-c com.apple.compilers.llvm.clang.1_0.compiler (in target 'WebDriverAgentLib' from project 'WebDriverAgent')
&amp#27;[38;5;173m[Xcode]&amp#27;[0m     cd /Users/oikhlas/.appium/node_modules/appium-xcuitest-driver/node_modules/appium-webdriveragent
&amp#27;[38;5;173m[Xcode]&amp#27;[0m     /Applications/Xcode.app/Contents/Developer/Toolchains/XcodeDefault.xctoolchain/usr/bin/clang -x objective-c -target x86_64-apple-ios16.0-simulator -fmessage-length\=0 -fdiagnostics-show-note-include-stack -fmacro-backtrace-limit\=0 -std\=gnu99 -fobjc-arc -fmodules -gmodules -fmodules-cache-path\=/Users/oikhlas/Library/Developer/Xcode/DerivedData/ModuleCache.noindex -fmodules-prune-interval\=86400 -fmodules-prune-after\=345600 -fbuild-session-file\=/Users/oikhlas/Library/Developer/Xcode/DerivedData/ModuleCache.noindex/Session.modulevalidation -fmodules-validate-once-per-build-session -Wno-trigraphs -fpascal-strings -O0 -fno-common -Wmissing-field-initializers -Wno-missing-prototypes -Werror\=return-type -Wunreachable-code -Wquoted-include-in-framework-header -Wno-implicit-atomic-properties -Werror\=deprecated-objc-isa-usage -Wno-objc-interface-ivars -Werror\=objc-root-class -Warc-repeated-use-of-weak -Wno-arc-maybe-repeated-use-of-weak -Wimplicit-retain-self -Wduplicate-method-match -Wno-missing-braces -Wparentheses -Wswitch -Wunused-function -Wno-unused-label -Wunused-parameter -Wunused-variable -Wunused-value -Wempty-body -Wuninitialized -Wconditional-uninitialized -Wno-unknown-pragmas -pedantic -Wshadow -Wno-four-char-constants -Wconversion -Wconstant-conversion -Wint-conversion -Wbool-conversion -Wenum-conversion -Wfloat-conversion -Wnon-literal-null-conversion -Wobjc-literal-conversion -Wassign-enum -Wsign-compare -Wshorten-64-to-32 -Wpointer-sign -Wno-newline-eof -Wno-selector -Wno-strict-selector-match -Wundeclared-selector -Wdeprecated-implementations -Wno-implicit-fallthrough -DDEBUG\=1 -DOBJC_OLD_DISPATCH_PROTOTYPES\=0 -isysroot /Applications/Xcode.app/Contents/Developer/Platforms/iPhoneSimulator.platform/Developer/SDKs/iPhoneSimulator16.0.sdk -fasm-blocks -fstrict-aliasing -Wprotocol -Wdeprecated-declarations -g -Wno-sign-conversion -Winfinite-recursion -Wcomma -Wblock-capture-autoreleasing -Wstrict-prototypes -Wno-semicolon-before-method-body -fobjc-abi-version\=2 -fobjc-legacy-dispatch -iquote /Users/oikhlas/Library/Developer/Xcode/DerivedData/WebDriverAgent-bcmeffsllcldukgyoimwiehwhvyz/Build/Intermediates.noindex/WebDriverAgent.build/Debug-iphonesimulator/WebDriverAgentLib.build/WebDriverAgentLib-generated-files.hmap -I/Users/oikhlas/Library/Developer/Xcode/DerivedData/WebDriverAgent-bcmeffsllcldukgyoimwiehwhvyz/Build/Intermediates.noindex/WebDriverAgent.build/Debug-iphonesimulator/WebDriverAgentLib.build/WebDriverAgentLib-own-target-headers.hmap -I/Users/oikhlas/Library/Developer/Xcode/DerivedData/WebDriverAgent-bcmeffsllcldukgyoimwiehwhvyz/Build/Intermediates.noindex/WebDriverAgent.build/Debug-iphonesimulator/WebDriverAgentLib.build/WebDriverAgentLib-all-target-headers.hmap -iquote /Users/oikhlas/Library/Developer/Xcode/DerivedData/WebDriverAgent-bcmeffsllcldukgyoimwiehwhvyz/Build/Intermediates.noindex/WebDriverAgent.build/Debug-iphonesimulator/WebDriverAgentLib.build/WebDriverAgentLib-project-headers.hmap -I/Users/oikhlas/Library/Developer/Xcode/DerivedData/WebDriverAgent-bcmeffsllcldukgyoimwiehwhvyz/Build/Products/Debug-iphonesimulator/include -I/Applications/Xcode.app/Contents/Developer/Platforms/iPhoneSimulator.platform/Developer/SDKs/iPhoneSimulator16.0.sdk/usr/include/libxml2 -I/Users/oikhlas/.appium/node_modules/appium-xcuitest-driver/node_modules/appium-webdriveragent/Modules -I/Users/oikhlas/Library/Developer/Xcode/DerivedData/WebDriverAgent-bcmeffsllcldukgyoimwiehwhvyz/Build/Intermediates.noindex/WebDriverAgent.build/Debug-iphonesimulator/WebDriverAgentLib.build/DerivedSources-normal/x86_64 -I/Users/oikhlas/Library/Developer/Xcode/DerivedData/WebDriverAgent-bcmeffsllcldukgyoimwiehwhvyz/Build/Intermediates.noindex/WebDriverAgent.build/Debug-iphonesimulator/WebDriverAgentLib.build/DerivedSources/x86_64 -I/Users/oikhlas/Library/Developer/Xcode/DerivedData/WebDriverAgent-bcmeffsllcldukgyoimwiehwhvyz/Build/Intermediates.noindex/WebDriverAgent.build/Debug-iphonesimulator/WebDriverAgentLib.build/DerivedSources -Weverything -Wno-objc-missing-property-synthesis -Wno-unused-macros -Wno-disabled-macro-expansion -Wno-gnu-statement-expression -Wno-language-extension-token -Wno-overriding-method-mismatch -Wno-missing-variable-declarations -Rno-module-build -Wno-auto-import -Wno-objc-interface-ivars -Wno-documentation-unknown-command -Wno-reserved-id-macro -Wno-unused-parameter -Wno-gnu-conditional-omitted-operand -Wno-explicit-ownership-type -Wno-date-time -Wno-cast-align -Wno-cstring-format-directive -Wno-double-promotion -Wno-partial-availability -Weverything -Wno-objc-missing-property-synthesis -Wno-unused-macros -Wno-disabled-macro-expansion -Wno-gnu-statement-expression -Wno-language-extension-token -Wno-overriding-method-mismatch -Wno-missing-variable-declarations -Rno-module-build -Wno-auto-import -Wno-objc-interface-ivars -Wno-documentation-unknown-command -Wno-reserved-id-macro -Wno-unused-parameter -Wno-gnu-conditional-omitted-operand -Wno-explicit-ownership-type -Wno-date-time -Wno-cast-align -Wno-cstring-format-directive -Wno-double-promotion -Wno-partial-availability -Wno-objc-messaging-id -Wno-direct-ivar-access -Wno-cast-qual -Wno-declaration-after-statement -F/Users/oikhlas/Library/Developer/Xcode/DerivedData/WebDriverAgent-bcmeffsllcldukgyoimwiehwhvyz/Build/Products/Debug-iphonesimulator -F/Applications/Xcode.app/Contents/Developer/Platforms/iPhoneSimulator.platform/Developer/Library/Frameworks -F/Applications/Xcode.app/Contents/Developer/Platforms/iPhoneSimulator.platform/Developer/Library/PrivateFrameworks -iframework /Applications/Xcode.app/Contents/Developer/Platforms/iPhoneSimulator.platform/Developer/SDKs/iPhoneSimulator16.0.sdk/Developer/Library/Frameworks -MMD -MT dependencies -MF /Users/oikhlas/Library/Developer/Xcode/DerivedData/WebDriverAgent-bcmeffsllcldukgyoimwiehwhvyz/Build/Intermediates.noindex/WebDriverAgent.build/Debug-iphonesimulator/WebDriverAgentLib.build/Objects-normal/x86_64/FBW3CActionsSynthesizer.d --serialize-diagnostics /Users/oikhlas/Library/Developer/Xcode/DerivedData/WebDriverAgent-bcmeffsllcldukgyoimwiehwhvyz/Build/Intermediates.noindex/WebDriverAgent.build/Debug-iphonesimulator/WebDriverAgentLib.build/Objects-normal/x86_64/FBW3CActionsSynthesizer.dia -c /Users/oikhlas/.appium/node_modules/appium-xcuitest-driver/node_modules/appium-webdriveragent/WebDriverAgentLib/Utilities/FBW3CActionsSynthesizer.m -o /Users/oikhlas/Library/Developer/Xcode/DerivedData/WebDriverAgent-bcmeffsllcldukgyoimwiehwhvyz/Build/Intermediates.noindex/WebDriverAgent.build/Debug-iphonesimulator/WebDriverAgentLib.build/Objects-normal/x86_64/FBW3CActionsSynthesizer.o
&amp#27;[38;5;173m[Xcode]&amp#27;[0m 
&amp#27;[38;5;173m[Xcode]&amp#27;[0m 
&amp#27;[38;5;173m[Xcode]&amp#27;[0m CompileC /Users/oikhlas/Library/Developer/Xcode/DerivedData/WebDriverAgent-bcmeffsllcldukgyoimwiehwhvyz/Build/Intermediates.noindex/WebDriverAgent.build/Debug-iphonesimulator/WebDriverAgentLib.build/Objects-normal/x86_64/FBW3CActionsHelpers.o /Users/oikhlas/.appium/node_modules/appium-xcuitest-driver/node_modules/appium-webdriveragent/WebDriverAgentLib/Utilities/FBW3CActionsHelpers.m normal x86_64 objective-c com.apple.compilers.llvm.clang.1_0.compiler (in target 'WebDriverAgentLib' from project 'WebDriverAgent')
&amp#27;[38;5;173m[Xcode]&amp#27;[0m     cd /Users/oikhlas/.appium/node_modules/appium-xcuitest-driver/node_modules/appium-webdriveragent
&amp#27;[38;5;173m[Xcode]&amp#27;[0m     /Applications/Xcode.app/Contents/Developer/Toolchains/XcodeDefault.xctoolchain/usr/bin/clang -x objective-c -target x86_64-apple-ios16.0-simulator -fmessage-length\=0 -fdiagnostics-show-note-include-stack -fmacro-backtrace-limit\=0 -std\=gnu99 -fobjc-arc -fmodules -gmodules -fmodules-cache-path\=/Users/oikhlas/Library/Developer/Xcode/DerivedData/ModuleCache.noindex -fmodules-prune-interval\=86400 -fmodules-prune-after\=345600 -fbuild-session-file\=/Users/oikhlas/Library/Developer/Xcode/DerivedData/ModuleCache.noindex/Session.modulevalidation -fmodules-validate-once-per-build-session -Wno-trigraphs -fpascal-strings -O0 -fno-common -Wmissing-field-initializers -Wno-missing-prototypes -Werror\=return-type -Wunreachable-code -Wquoted-include-in-framework-header -Wno-implicit-atomic-properties -Werror\=deprecated-objc-isa-usage -Wno-objc-interface-ivars -Werror\=objc-root-class -Warc-repeated-use-of-weak -Wno-arc-maybe-repeated-use-of-weak -Wimplicit-retain-self -Wduplicate-method-match -Wno-missing-braces -Wparentheses -Wswitch -Wunused-function -Wno-unused-label -Wunused-parameter -Wunused-variable -Wunused-value -Wempty-body -Wuninitialized -Wconditional-uninitialized -Wno-unknown-pragmas -pedantic -Wshadow -Wno-four-char-constants -Wconversion -Wconstant-conversion -Wint-conversion -Wbool-conversion -Wenum-conversion -Wfloat-conversion -Wnon-literal-null-conversion -Wobjc-literal-conversion -Wassign-enum -Wsign-compare -Wshorten-64-to-32 -Wpointer-sign -Wno-newline-eof -Wno-selector -Wno-strict-selector-match -Wundeclared-selector -Wdeprecated-implementations -Wno-implicit-fallthrough -DDEBUG\=1 -DOBJC_OLD_DISPATCH_PROTOTYPES\=0 -isysroot /Applications/Xcode.app/Contents/Developer/Platforms/iPhoneSimulator.platform/Developer/SDKs/iPhoneSimulator16.0.sdk -fasm-blocks -fstrict-aliasing -Wprotocol -Wdeprecated-declarations -g -Wno-sign-conversion -Winfinite-recursion -Wcomma -Wblock-capture-autoreleasing -Wstrict-prototypes -Wno-semicolon-before-method-body -fobjc-abi-version\=2 -fobjc-legacy-dispatch -iquote /Users/oikhlas/Library/Developer/Xcode/DerivedData/WebDriverAgent-bcmeffsllcldukgyoimwiehwhvyz/Build/Intermediates.noindex/WebDriverAgent.build/Debug-iphonesimulator/WebDriverAgentLib.build/WebDriverAgentLib-generated-files.hmap -I/Users/oikhlas/Library/Developer/Xcode/DerivedData/WebDriverAgent-bcmeffsllcldukgyoimwiehwhvyz/Build/Intermediates.noindex/WebDriverAgent.build/Debug-iphonesimulator/WebDriverAgentLib.build/WebDriverAgentLib-own-target-headers.hmap -I/Users/oikhlas/Library/Developer/Xcode/DerivedData/WebDriverAgent-bcmeffsllcldukgyoimwiehwhvyz/Build/Intermediates.noindex/WebDriverAgent.build/Debug-iphonesimulator/WebDriverAgentLib.build/WebDriverAgentLib-all-target-headers.hmap -iquote /Users/oikhlas/Library/Developer/Xcode/DerivedData/WebDriverAgent-bcmeffsllcldukgyoimwiehwhvyz/Build/Intermediates.noindex/WebDriverAgent.build/Debug-iphonesimulator/WebDriverAgentLib.build/WebDriverAgentLib-project-headers.hmap -I/Users/oikhlas/Library/Developer/Xcode/DerivedData/WebDriverAgent-bcmeffsllcldukgyoimwiehwhvyz/Build/Products/Debug-iphonesimulator/include -I/Applications/Xcode.app/Contents/Developer/Platforms/iPhoneSimulator.platform/Developer/SDKs/iPhoneSimulator16.0.sdk/usr/include/libxml2 -I/Users/oikhlas/.appium/node_modules/appium-xcuitest-driver/node_modules/appium-webdriveragent/Modules -I/Users/oikhlas/Library/Developer/Xcode/DerivedData/WebDriverAgent-bcmeffsllcldukgyoimwiehwhvyz/Build/Intermediates.noindex/WebDriverAgent.build/Debug-iphonesimulator/WebDriverAgentLib.build/DerivedSources-normal/x86_64 -I/Users/oikhlas/Library/Developer/Xcode/DerivedData/WebDriverAgent-bcmeffsllcldukgyoimwiehwhvyz/Build/Intermediates.noindex/WebDriverAgent.build/Debug-iphonesimulator/WebDriverAgentLib.build/DerivedSources/x86_64 -I/Users/oikhlas/Library/Developer/Xcode/DerivedData/WebDriverAgent-bcmeffsllcldukgyoimwiehwhvyz/Build/Intermediates.noindex/WebDriverAgent.build/Debug-iphonesimulator/WebDriverAgentLib.build/DerivedSources -Weverything -Wno-objc-missing-property-synthesis -Wno-unused-macros -Wno-disabled-macro-expansion -Wno-gnu-statement-expression -Wno-language-extension-token -Wno-overriding-method-mismatch -Wno-missing-variable-declarations -Rno-module-build -Wno-auto-import -Wno-objc-interface-ivars -Wno-documentation-unknown-command -Wno-reserved-id-macro -Wno-unused-parameter -Wno-gnu-conditional-omitted-operand -Wno-explicit-ownership-type -Wno-date-time -Wno-cast-align -Wno-cstring-format-directive -Wno-double-promotion -Wno-partial-availability -Weverything -Wno-objc-missing-property-synthesis -Wno-unused-macros -Wno-disabled-macro-expansion -Wno-gnu-statement-expression -Wno-language-extension-token -Wno-overriding-method-mismatch -Wno-missing-variable-declarations -Rno-module-build -Wno-auto-import -Wno-objc-interface-ivars -Wno-documentation-unknown-command -Wno-reserved-id-macro -Wno-unused-parameter -Wno-gnu-conditional-omitted-operand -Wno-explicit-ownership-type -Wno-date-time -Wno-cast-align -Wno-cstring-format-directive -Wno-double-promotion -Wno-partial-availability -Wno-objc-messaging-id -Wno-direct-ivar-access -Wno-cast-qual -Wno-declaration-after-statement -F/Users/oikhlas/Library/Developer/Xcode/DerivedData/WebDriverAgent-bcmeffsllcldukgyoimwiehwhvyz/Build/Products/Debug-iphonesimulator -F/Applications/Xcode.app/Contents/Developer/Platforms/iPhoneSimulator.platform/Developer/Library/Frameworks -F/Applications/Xcode.app/Contents/Developer/Platforms/iPhoneSimulator.platform/Developer/Library/PrivateFrameworks -iframework /Applications/Xcode.app/Contents/Developer/Platforms/iPhoneSimulator.platform/Developer/SDKs/iPhoneSimulator16.0.sdk/Developer/Library/Frameworks -MMD -MT dependencies -MF /Users/oikhlas/Library/Developer/Xcode/DerivedData/WebDriverAgent-bcmeffsllcldukgyoimwiehwhvyz/Build/Intermediates.noindex/WebDriverAgent.build/Debug-iphonesimulator/WebDriverAgentLib.build/Objects-normal/x86_64/FBW3CActionsHelpers.d --serialize-diagnostics /Users/oikhlas/Library/Developer/Xcode/DerivedData/WebDriverAgent-bcmeffsllcldukgyoimwiehwhvyz/Build/Intermediates.noindex/WebDriverAgent.build/Debug-iphonesimulator/WebDriverAgentLib.build/Objects-normal/x86_64/FBW3CActionsHelpers.dia -c /Users/oikhlas/.appium/node_modules/appium-xcuitest-driver/node_modules/appium-webdriveragent/WebDriverAgentLib/Utilities/FBW3CActionsHelpers.m -o /Users/oikhlas/Library/Developer/Xcode/DerivedData/WebDriverAgent-bcmeffsllcldukgyoimwiehwhvyz/Build/Intermediates.noindex/WebDriverAgent.build/Debug-iphonesimulator/WebDriverAgentLib.build/Objects-normal/x86_64/FBW3CActionsHelpers.o
&amp#27;[38;5;173m[Xcode]&amp#27;[0m 
&amp#27;[38;5;173m[Xcode]&amp#27;[0m 
&amp#27;[38;5;173m[Xcode]&amp#27;[0m CompileC /Users/oikhlas/Library/Developer/Xcode/DerivedData/WebDriverAgent-bcmeffsllcldukgyoimwiehwhvyz/Build/Intermediates.noindex/WebDriverAgent.build/Debug-iphonesimulator/WebDriverAgentLib.build/Objects-normal/x86_64/FBUnknownCommands.o /Users/oikhlas/.appium/node_modules/appium-xcuitest-driver/node_modules/appium-webdriveragent/WebDriverAgentLib/Commands/FBUnknownCommands.m normal x86_64 objective-c com.apple.compilers.llvm.clang.1_0.compiler (in target 'WebDriverAgentLib' from project 'WebDriverAgent')
&amp#27;[38;5;173m[Xcode]&amp#27;[0m     cd /Users/oikhlas/.appium/node_modules/appium-xcuitest-driver/node_modules/appium-webdriveragent
&amp#27;[38;5;173m[Xcode]&amp#27;[0m     /Applications/Xcode.app/Contents/Developer/Toolchains/XcodeDefault.xctoolchain/usr/bin/clang -x objective-c -target x86_64-apple-ios16.0-simulator -fmessage-length\=0 -fdiagnostics-show-note-include-stack -fmacro-backtrace-limit\=0 -std\=gnu99 -fobjc-arc -fmodules -gmodules -fmodules-cache-path\=/Users/oikhlas/Library/Developer/Xcode/DerivedData/ModuleCache.noindex -fmodules-prune-interval\=86400 -fmodules-prune-after\=345600 -fbuild-session-file\=/Users/oikhlas/Library/Developer/Xcode/DerivedData/ModuleCache.noindex/Session.modulevalidation -fmodules-validate-once-per-build-session -Wno-trigraphs -fpascal-strings -O0 -fno-common -Wmissing-field-initializers -Wno-missing-prototypes -Werror\=return-type -Wunreachable-code -Wquoted-include-in-framework-header -Wno-implicit-atomic-properties -Werror\=deprecated-objc-isa-usage -Wno-objc-interface-ivars -Werror\=objc-root-class -Warc-repeated-use-of-weak -Wno-arc-maybe-repeated-use-of-weak -Wimplicit-retain-self -Wduplicate-method-match -Wno-missing-braces -Wparentheses -Wswitch -Wunused-function -Wno-unused-label -Wunused-parameter -Wunused-variable -Wunused-value -Wempty-body -Wuninitialized -Wconditional-uninitialized -Wno-unknown-pragmas -pedantic -Wshadow -Wno-four-char-constants -Wconversion -Wconstant-conversion -Wint-conversion -Wbool-conversion -Wenum-conversion -Wfloat-conversion -Wnon-literal-null-conversion -Wobjc-literal-conversion -Wassign-enum -Wsign-compare -Wshorten-64-to-32 -Wpointer-sign -Wno-newline-eof -Wno-selector -Wno-strict-selector-match -Wundeclared-selector -Wdeprecated-implementations -Wno-implicit-fallthrough -DDEBUG\=1 -DOBJC_OLD_DISPATCH_PROTOTYPES\=0 -isysroot /Applications/Xcode.app/Contents/Developer/Platforms/iPhoneSimulator.platform/Developer/SDKs/iPhoneSimulator16.0.sdk -fasm-blocks -fstrict-aliasing -Wprotocol -Wdeprecated-declarations -g -Wno-sign-conversion -Winfinite-recursion -Wcomma -Wblock-capture-autoreleasing -Wstrict-prototypes -Wno-semicolon-before-method-body -fobjc-abi-version\=2 -fobjc-legacy-dispatch -iquote /Users/oikhlas/Library/Developer/Xcode/DerivedData/WebDriverAgent-bcmeffsllcldukgyoimwiehwhvyz/Build/Intermediates.noindex/WebDriverAgent.build/Debug-iphonesimulator/WebDriverAgentLib.build/WebDriverAgentLib-generated-files.hmap -I/Users/oikhlas/Library/Developer/Xcode/DerivedData/WebDriverAgent-bcmeffsllcldukgyoimwiehwhvyz/Build/Intermediates.noindex/WebDriverAgent.build/Debug-iphonesimulator/WebDriverAgentLib.build/WebDriverAgentLib-own-target-headers.hmap -I/Users/oikhlas/Library/Developer/Xcode/DerivedData/WebDriverAgent-bcmeffsllcldukgyoimwiehwhvyz/Build/Intermediates.noindex/WebDriverAgent.build/Debug-iphonesimulator/WebDriverAgentLib.build/WebDriverAgentLib-all-target-headers.hmap -iquote /Users/oikhlas/Library/Developer/Xcode/DerivedData/WebDriverAgent-bcmeffsllcldukgyoimwiehwhvyz/Build/Intermediates.noindex/WebDriverAgent.build/Debug-iphonesimulator/WebDriverAgentLib.build/WebDriverAgentLib-project-headers.hmap -I/Users/oikhlas/Library/Developer/Xcode/DerivedData/WebDriverAgent-bcmeffsllcldukgyoimwiehwhvyz/Build/Products/Debug-iphonesimulator/include -I/Applications/Xcode.app/Contents/Developer/Platforms/iPhoneSimulator.platform/Developer/SDKs/iPhoneSimulator16.0.sdk/usr/include/libxml2 -I/Users/oikhlas/.appium/node_modules/appium-xcuitest-driver/node_modules/appium-webdriveragent/Modules -I/Users/oikhlas/Library/Developer/Xcode/DerivedData/WebDriverAgent-bcmeffsllcldukgyoimwiehwhvyz/Build/Intermediates.noindex/WebDriverAgent.build/Debug-iphonesimulator/WebDriverAgentLib.build/DerivedSources-normal/x86_64 -I/Users/oikhlas/Library/Developer/Xcode/DerivedData/WebDriverAgent-bcmeffsllcldukgyoimwiehwhvyz/Build/Intermediates.noindex/WebDriverAgent.build/Debug-iphonesimulator/WebDriverAgentLib.build/DerivedSources/x86_64 -I/Users/oikhlas/Library/Developer/Xcode/DerivedData/WebDriverAgent-bcmeffsllcldukgyoimwiehwhvyz/Build/Intermediates.noindex/WebDriverAgent.build/Debug-iphonesimulator/WebDriverAgentLib.build/DerivedSources -Weverything -Wno-objc-missing-property-synthesis -Wno-unused-macros -Wno-disabled-macro-expansion -Wno-gnu-statement-expression -Wno-language-extension-token -Wno-overriding-method-mismatch -Wno-missing-variable-declarations -Rno-module-build -Wno-auto-import -Wno-objc-interface-ivars -Wno-documentation-unknown-command -Wno-reserved-id-macro -Wno-unused-parameter -Wno-gnu-conditional-omitted-operand -Wno-explicit-ownership-type -Wno-date-time -Wno-cast-align -Wno-cstring-format-directive -Wno-double-promotion -Wno-partial-availability -Weverything -Wno-objc-missing-property-synthesis -Wno-unused-macros -Wno-disabled-macro-expansion -Wno-gnu-statement-expression -Wno-language-extension-token -Wno-overriding-method-mismatch -Wno-missing-variable-declarations -Rno-module-build -Wno-auto-import -Wno-objc-interface-ivars -Wno-documentation-unknown-command -Wno-reserved-id-macro -Wno-unused-parameter -Wno-gnu-conditional-omitted-operand -Wno-explicit-ownership-type -Wno-date-time -Wno-cast-align -Wno-cstring-format-directive -Wno-double-promotion -Wno-partial-availability -Wno-objc-messaging-id -Wno-direct-ivar-access -Wno-cast-qual -Wno-declaration-after-statement -F/Users/oikhlas/Library/Developer/Xcode/DerivedData/WebDriverAgent-bcmeffsllcldukgyoimwiehwhvyz/Build/Products/Debug-iphonesimulator -F/Applications/Xcode.app/Contents/Developer/Platforms/iPhoneSimulator.platform/Developer/Library/Frameworks -F/Applications/Xcode.app/Contents/Developer/Platforms/iPhoneSimulator.platform/Developer/Library/PrivateFrameworks -iframework /Applications/Xcode.app/Contents/Developer/Platforms/iPhoneSimulator.platform/Developer/SDKs/iPhoneSimulator16.0.sdk/Developer/Library/Frameworks -MMD -MT dependencies -MF /Users/oikhlas/Library/Developer/Xcode/DerivedData/WebDriverAgent-bcmeffsllcldukgyoimwiehwhvyz/Build/Intermediates.noindex/WebDriverAgent.build/Debug-iphonesimulator/WebDriverAgentLib.build/Objects-normal/x86_64/FBUnknownCommands.d --serialize-diagnostics /Users/oikhlas/Library/Developer/Xcode/DerivedData/WebDriverAgent-bcmeffsllcldukgyoimwiehwhvyz/Build/Intermediates.noindex/WebDriverAgent.build/Debug-iphonesimulator/WebDriverAgentLib.build/Objects-normal/x86_64/FBUnknownCommands.dia -c /Users/oikhlas/.appium/node_modules/appium-xcuitest-driver/node_modules/appium-webdriveragent/WebDriverAgentLib/Commands/FBUnknownCommands.m -o /Users/oikhlas/Library/Developer/Xcode/DerivedData/WebDriverAgent-bcmeffsllcldukgyoimwiehwhvyz/Build/Intermediates.noindex/WebDriverAgent.build/Debug-iphonesimulator/WebDriverAgentLib.build/Objects-normal/x86_64/FBUnknownCommands.o
&amp#27;[38;5;173m[Xcode]&amp#27;[0m 
&amp#27;[38;5;173m[Xcode]&amp#27;[0m 
&amp#27;[38;5;173m[Xcode]&amp#27;[0m CompileC /Users/oikhlas/Library/Developer/Xcode/DerivedData/WebDriverAgent-bcmeffsllcldukgyoimwiehwhvyz/Build/Intermediates.noindex/WebDriverAgent.build/Debug-iphonesimulator/WebDriverAgentLib.build/Objects-normal/x86_64/FBUnattachedAppLauncher.o /Users/oikhlas/.appium/node_modules/appium-xcuitest-driver/node_modules/appium-webdriveragent/WebDriverAgentLib/Utilities/FBUnattachedAppLauncher.m normal x86_64 objective-c com.apple.compilers.llvm.clang.1_0.compiler (in target 'WebDriverAgentLib' from project 'WebDriverAgent')
&amp#27;[38;5;173m[Xcode]&amp#27;[0m     cd /Users/oikhlas/.appium/node_modules/appium-xcuitest-driver/node_modules/appium-webdriveragent
&amp#27;[38;5;173m[Xcode]&amp#27;[0m     /Applications/Xcode.app/Contents/Developer/Toolchains/XcodeDefault.xctoolchain/usr/bin/clang -x objective-c -target x86_64-apple-ios16.0-simulator -fmessage-length\=0 -fdiagnostics-show-note-include-stack -fmacro-backtrace-limit\=0 -std\=gnu99 -fobjc-arc -fmodules -gmodules -fmodules-cache-path\=/Users/oikhlas/Library/Developer/Xcode/DerivedData/ModuleCache.noindex -fmodules-prune-interval\=86400 -fmodules-prune-after\=345600 -fbuild-session-file\=/Users/oikhlas/Library/Developer/Xcode/DerivedData/ModuleCache.noindex/Session.modulevalidation -fmodules-validate-once-per-build-session -Wno-trigraphs -fpascal-strings -O0 -fno-common -Wmissing-field-initializers -Wno-missing-prototypes -Werror\=return-type -Wunreachable-code -Wquoted-include-in-framework-header -Wno-implicit-atomic-properties -Werror\=deprecated-objc-isa-usage -Wno-objc-interface-ivars -Werror\=objc-root-class -Warc-repeated-use-of-weak -Wno-arc-maybe-repeated-use-of-weak -Wimplicit-retain-self -Wduplicate-method-match -Wno-missing-braces -Wparentheses -Wswitch -Wunused-function -Wno-unused-label -Wunused-parameter -Wunused-variable -Wunused-value -Wempty-body -Wuninitialized -Wconditional-uninitialized -Wno-unknown-pragmas -pedantic -Wshadow -Wno-four-char-constants -Wconversion -Wconstant-conversion -Wint-conversion -Wbool-conversion -Wenum-conversion -Wfloat-conversion -Wnon-literal-null-conversion -Wobjc-literal-conversion -Wassign-enum -Wsign-compare -Wshorten-64-to-32 -Wpointer-sign -Wno-newline-eof -Wno-selector -Wno-strict-selector-match -Wundeclared-selector -Wdeprecated-implementations -Wno-implicit-fallthrough -DDEBUG\=1 -DOBJC_OLD_DISPATCH_PROTOTYPES\=0 -isysroot /Applications/Xcode.app/Contents/Developer/Platforms/iPhoneSimulator.platform/Developer/SDKs/iPhoneSimulator16.0.sdk -fasm-blocks -fstrict-aliasing -Wprotocol -Wdeprecated-declarations -g -Wno-sign-conversion -Winfinite-recursion -Wcomma -Wblock-capture-autoreleasing -Wstrict-prototypes -Wno-semicolon-before-method-body -fobjc-abi-version\=2 -fobjc-legacy-dispatch -iquote /Users/oikhlas/Library/Developer/Xcode/DerivedData/WebDriverAgent-bcmeffsllcldukgyoimwiehwhvyz/Build/Intermediates.noindex/WebDriverAgent.build/Debug-iphonesimulator/WebDriverAgentLib.build/WebDriverAgentLib-generated-files.hmap -I/Users/oikhlas/Library/Developer/Xcode/DerivedData/WebDriverAgent-bcmeffsllcldukgyoimwiehwhvyz/Build/Intermediates.noindex/WebDriverAgent.build/Debug-iphonesimulator/WebDriverAgentLib.build/WebDriverAgentLib-own-target-headers.hmap -I/Users/oikhlas/Library/Developer/Xcode/DerivedData/WebDriverAgent-bcmeffsllcldukgyoimwiehwhvyz/Build/Intermediates.noindex/WebDriverAgent.build/Debug-iphonesimulator/WebDriverAgentLib.build/WebDriverAgentLib-all-target-headers.hmap -iquote /Users/oikhlas/Library/Developer/Xcode/DerivedData/WebDriverAgent-bcmeffsllcldukgyoimwiehwhvyz/Build/Intermediates.noindex/WebDriverAgent.build/Debug-iphonesimulator/WebDriverAgentLib.build/WebDriverAgentLib-project-headers.hmap -I/Users/oikhlas/Library/Developer/Xcode/DerivedData/WebDriverAgent-bcmeffsllcldukgyoimwiehwhvyz/Build/Products/Debug-iphonesimulator/include -I/Applications/Xcode.app/Contents/Developer/Platforms/iPhoneSimulator.platform/Developer/SDKs/iPhoneSimulator16.0.sdk/usr/include/libxml2 -I/Users/oikhlas/.appium/node_modules/appium-xcuitest-driver/node_modules/appium-webdriveragent/Modules -I/Users/oikhlas/Library/Developer/Xcode/DerivedData/WebDriverAgent-bcmeffsllcldukgyoimwiehwhvyz/Build/Intermediates.noindex/WebDriverAgent.build/Debug-iphonesimulator/WebDriverAgentLib.build/DerivedSources-normal/x86_64 -I/Users/oikhlas/Library/Developer/Xcode/DerivedData/WebDriverAgent-bcmeffsllcldukgyoimwiehwhvyz/Build/Intermediates.noindex/WebDriverAgent.build/Debug-iphonesimulator/WebDriverAgentLib.build/DerivedSources/x86_64 -I/Users/oikhlas/Library/Developer/Xcode/DerivedData/WebDriverAgent-bcmeffsllcldukgyoimwiehwhvyz/Build/Intermediates.noindex/WebDriverAgent.build/Debug-iphonesimulator/WebDriverAgentLib.build/DerivedSources -Weverything -Wno-objc-missing-property-synthesis -Wno-unused-macros -Wno-disabled-macro-expansion -Wno-gnu-statement-expression -Wno-language-extension-token -Wno-overriding-method-mismatch -Wno-missing-variable-declarations -Rno-module-build -Wno-auto-import -Wno-objc-interface-ivars -Wno-documentation-unknown-command -Wno-reserved-id-macro -Wno-unused-parameter -Wno-gnu-conditional-omitted-operand -Wno-explicit-ownership-type -Wno-date-time -Wno-cast-align -Wno-cstring-format-directive -Wno-double-promotion -Wno-partial-availability -Weverything -Wno-objc-missing-property-synthesis -Wno-unused-macros -Wno-disabled-macro-expansion -Wno-gnu-statement-expression -Wno-language-extension-token -Wno-overriding-method-mismatch -Wno-missing-variable-declarations -Rno-module-build -Wno-auto-import -Wno-objc-interface-ivars -Wno-documentation-unknown-command -Wno-reserved-id-macro -Wno-unused-parameter -Wno-gnu-conditional-omitted-operand -Wno-explicit-ownership-type -Wno-date-time -Wno-cast-align -Wno-cstring-format-directive -Wno-double-promotion -Wno-partial-availability -Wno-objc-messaging-id -Wno-direct-ivar-access -Wno-cast-qual -Wno-declaration-after-statement -F/Users/oikhlas/Library/Developer/Xcode/DerivedData/WebDriverAgent-bcmeffsllcldukgyoimwiehwhvyz/Build/Products/Debug-iphonesimulator -F/Applications/Xcode.app/Contents/Developer/Platforms/iPhoneSimulator.platform/Developer/Library/Frameworks -F/Applications/Xcode.app/Contents/Developer/Platforms/iPhoneSimulator.platform/Developer/Library/PrivateFrameworks -iframework /Applications/Xcode.app/Contents/Developer/Platforms/iPhoneSimulator.platform/Developer/SDKs/iPhoneSimulator16.0.sdk/Developer/Library/Frameworks -MMD -MT dependencies -MF /Users/oikhlas/Library/Developer/Xcode/DerivedData/WebDriverAgent-bcmeffsllcldukgyoimwiehwhvyz/Build/Intermediates.noindex/WebDriverAgent.build/Debug-iphonesimulator/WebDriverAgentLib.build/Objects-normal/x86_64/FBUnattachedAppLauncher.d --serialize-diagnostics /Users/oikhlas/Library/Developer/Xcode/DerivedData/WebDriverAgent-bcmeffsllcldukgyoimwiehwhvyz/Build/Intermediates.noindex/WebDriverAgent.build/Debug-iphonesimulator/WebDriverAgentLib.build/Objects-normal/x86_64/FBUnattachedAppLauncher.dia -c /Users/oikhlas/.appium/node_modules/appium-xcuitest-driver/node_modules/appium-webdriveragent/WebDriverAgentLib/Utilities/FBUnattachedAppLauncher.m -o /Users/oikhlas/Library/Developer/Xcode/DerivedData/WebDriverAgent-bcmeffsllcldukgyoimwiehwhvyz/Build/Intermediates.noindex/WebDriverAgent.build/Debug-iphonesimulator/WebDriverAgentLib.build/Objects-normal/x86_64/FBUnattachedAppLauncher.o
&amp#27;[38;5;173m[Xcode]&amp#27;[0m 
&amp#27;[38;5;173m[Xcode]&amp#27;[0m 
&amp#27;[38;5;173m[Xcode]&amp#27;[0m CompileC /Users/oikhlas/Library/Developer/Xcode/DerivedData/WebDriverAgent-bcmeffsllcldukgyoimwiehwhvyz/Build/Intermediates.noindex/WebDriverAgent.build/Debug-iphonesimulator/WebDriverAgentLib.build/Objects-normal/x86_64/FBTouchIDCommands.o /Users/oikhlas/.appium/node_modules/appium-xcuitest-driver/node_modules/appium-webdriveragent/WebDriverAgentLib/Commands/FBTouchIDCommands.m normal x86_64 objective-c com.apple.compilers.llvm.clang.1_0.compiler (in target 'WebDriverAgentLib' from project 'WebDriverAgent')
&amp#27;[38;5;173m[Xcode]&amp#27;[0m     cd /Users/oikhlas/.appium/node_modules/appium-xcuitest-driver/node_modules/appium-webdriveragent
&amp#27;[38;5;173m[Xcode]&amp#27;[0m     /Applications/Xcode.app/Contents/Developer/Toolchains/XcodeDefault.xctoolchain/usr/bin/clang -x objective-c -target x86_64-apple-ios16.0-simulator -fmessage-length\=0 -fdiagnostics-show-note-include-stack -fmacro-backtrace-limit\=0 -std\=gnu99 -fobjc-arc -fmodules -gmodules -fmodules-cache-path\=/Users/oikhlas/Library/Developer/Xcode/DerivedData/ModuleCache.noindex -fmodules-prune-interval\=86400 -fmodules-prune-after\=345600 -fbuild-session-file\=/Users/oikhlas/Library/Developer/Xcode/DerivedData/ModuleCache.noindex/Session.modulevalidation -fmodules-validate-once-per-build-session -Wno-trigraphs -fpascal-strings -O0 -fno-common -Wmissing-field-initializers -Wno-missing-prototypes -Werror\=return-type -Wunreachable-code -Wquoted-include-in-framework-header -Wno-implicit-atomic-properties -Werror\=deprecated-objc-isa-usage -Wno-objc-interface-ivars -Werror\=objc-root-class -Warc-repeated-use-of-weak -Wno-arc-maybe-repeated-use-of-weak -Wimplicit-retain-self -Wduplicate-method-match -Wno-missing-braces -Wparentheses -Wswitch -Wunused-function -Wno-unused-label -Wunused-parameter -Wunused-variable -Wunused-value -Wempty-body -Wuninitialized -Wconditional-uninitialized -Wno-unknown-pragmas -pedantic -Wshadow -Wno-four-char-constants -Wconversion -Wconstant-conversion -Wint-conversion -Wbool-conversion -Wenum-conversion -Wfloat-conversion -Wnon-literal-null-conversion -Wobjc-literal-conversion -Wassign-enum -Wsign-compare -Wshorten-64-to-32 -Wpointer-sign -Wno-newline-eof -Wno-selector -Wno-strict-selector-match -Wundeclared-selector -Wdeprecated-implementations -Wno-implicit-fallthrough -DDEBUG\=1 -DOBJC_OLD_DISPATCH_PROTOTYPES\=0 -isysroot /Applications/Xcode.app/Contents/Developer/Platforms/iPhoneSimulator.platform/Developer/SDKs/iPhoneSimulator16.0.sdk -fasm-blocks -fstrict-aliasing -Wprotocol -Wdeprecated-declarations -g -Wno-sign-conversion -Winfinite-recursion -Wcomma -Wblock-capture-autoreleasing -Wstrict-prototypes -Wno-semicolon-before-method-body -fobjc-abi-version\=2 -fobjc-legacy-dispatch -iquote /Users/oikhlas/Library/Developer/Xcode/DerivedData/WebDriverAgent-bcmeffsllcldukgyoimwiehwhvyz/Build/Intermediates.noindex/WebDriverAgent.build/Debug-iphonesimulator/WebDriverAgentLib.build/WebDriverAgentLib-generated-files.hmap -I/Users/oikhlas/Library/Developer/Xcode/DerivedData/WebDriverAgent-bcmeffsllcldukgyoimwiehwhvyz/Build/Intermediates.noindex/WebDriverAgent.build/Debug-iphonesimulator/WebDriverAgentLib.build/WebDriverAgentLib-own-target-headers.hmap -I/Users/oikhlas/Library/Developer/Xcode/DerivedData/WebDriverAgent-bcmeffsllcldukgyoimwiehwhvyz/Build/Intermediates.noindex/WebDriverAgent.build/Debug-iphonesimulator/WebDriverAgentLib.build/WebDriverAgentLib-all-target-headers.hmap -iquote /Users/oikhlas/Library/Developer/Xcode/DerivedData/WebDriverAgent-bcmeffsllcldukgyoimwiehwhvyz/Build/Intermediates.noindex/WebDriverAgent.build/Debug-iphonesimulator/WebDriverAgentLib.build/WebDriverAgentLib-project-headers.hmap -I/Users/oikhlas/Library/Developer/Xcode/DerivedData/WebDriverAgent-bcmeffsllcldukgyoimwiehwhvyz/Build/Products/Debug-iphonesimulator/include -I/Applications/Xcode.app/Contents/Developer/Platforms/iPhoneSimulator.platform/Developer/SDKs/iPhoneSimulator16.0.sdk/usr/include/libxml2 -I/Users/oikhlas/.appium/node_modules/appium-xcuitest-driver/node_modules/appium-webdriveragent/Modules -I/Users/oikhlas/Library/Developer/Xcode/DerivedData/WebDriverAgent-bcmeffsllcldukgyoimwiehwhvyz/Build/Intermediates.noindex/WebDriverAgent.build/Debug-iphonesimulator/WebDriverAgentLib.build/DerivedSources-normal/x86_64 -I/Users/oikhlas/Library/Developer/Xcode/DerivedData/WebDriverAgent-bcmeffsllcldukgyoimwiehwhvyz/Build/Intermediates.noindex/WebDriverAgent.build/Debug-iphonesimulator/WebDriverAgentLib.build/DerivedSources/x86_64 -I/Users/oikhlas/Library/Developer/Xcode/DerivedData/WebDriverAgent-bcmeffsllcldukgyoimwiehwhvyz/Build/Intermediates.noindex/WebDriverAgent.build/Debug-iphonesimulator/WebDriverAgentLib.build/DerivedSources -Weverything -Wno-objc-missing-property-synthesis -Wno-unused-macros -Wno-disabled-macro-expansion -Wno-gnu-statement-expression -Wno-language-extension-token -Wno-overriding-method-mismatch -Wno-missing-variable-declarations -Rno-module-build -Wno-auto-import -Wno-objc-interface-ivars -Wno-documentation-unknown-command -Wno-reserved-id-macro -Wno-unused-parameter -Wno-gnu-conditional-omitted-operand -Wno-explicit-ownership-type -Wno-date-time -Wno-cast-align -Wno-cstring-format-directive -Wno-double-promotion -Wno-partial-availability -Weverything -Wno-objc-missing-property-synthesis -Wno-unused-macros -Wno-disabled-macro-expansion -Wno-gnu-statement-expression -Wno-language-extension-token -Wno-overriding-method-mismatch -Wno-missing-variable-declarations -Rno-module-build -Wno-auto-import -Wno-objc-interface-ivars -Wno-documentation-unknown-command -Wno-reserved-id-macro -Wno-unused-parameter -Wno-gnu-conditional-omitted-operand -Wno-explicit-ownership-type -Wno-date-time -Wno-cast-align -Wno-cstring-format-directive -Wno-double-promotion -Wno-partial-availability -Wno-objc-messaging-id -Wno-direct-ivar-access -Wno-cast-qual -Wno-declaration-after-statement -F/Users/oikhlas/Library/Developer/Xcode/DerivedData/WebDriverAgent-bcmeffsllcldukgyoimwiehwhvyz/Build/Products/Debug-iphonesimulator -F/Applications/Xcode.app/Contents/Developer/Platforms/iPhoneSimulator.platform/Developer/Library/Frameworks -F/Applications/Xcode.app/Contents/Developer/Platforms/iPhoneSimulator.platform/Developer/Library/PrivateFrameworks -iframework /Applications/Xcode.app/Contents/Developer/Platforms/iPhoneSimulator.platform/Developer/SDKs/iPhoneSimulator16.0.sdk/Developer/Library/Frameworks -MMD -MT dependencies -MF /Users/oikhlas/Library/Developer/Xcode/DerivedData/WebDriverAgent-bcmeffsllcldukgyoimwiehwhvyz/Build/Intermediates.noindex/WebDriverAgent.build/Debug-iphonesimulator/WebDriverAgentLib.build/Objects-normal/x86_64/FBTouchIDCommands.d --serialize-diagnostics /Users/oikhlas/Library/Developer/Xcode/DerivedData/WebDriverAgent-bcmeffsllcldukgyoimwiehwhvyz/Build/Intermediates.noindex/WebDriverAgent.build/Debug-iphonesimulator/WebDriverAgentLib.build/Objects-normal/x86_64/FBTouchIDCommands.dia -c /Users/oikhlas/.appium/node_modules/appium-xcuitest-driver/node_modules/appium-webdriveragent/WebDriverAgentLib/Commands/FBTouchIDCommands.m -o /Users/oikhlas/Library/Developer/Xcode/DerivedData/WebDriverAgent-bcmeffsllcldukgyoimwiehwhvyz/Build/Intermediates.noindex/WebDriverAgent.build/Debug-iphonesimulator/WebDriverAgentLib.build/Objects-normal/x86_64/FBTouchIDCommands.o
&amp#27;[38;5;173m[Xcode]&amp#27;[0m 
&amp#27;[38;5;173m[Xcode]&amp#27;[0m 
&amp#27;[38;5;173m[Xcode]&amp#27;[0m CompileC /Users/oikhlas/Library/Developer/Xcode/DerivedData/WebDriverAgent-bcmeffsllcldukgyoimwiehwhvyz/Build/Intermediates.noindex/WebDriverAgent.build/Debug-iphonesimulator/WebDriverAgentLib.build/Objects-normal/x86_64/FBTouchActionCommands.o /Users/oikhlas/.appium/node_modules/appium-xcuitest-driver/node_modules/appium-webdriveragent/WebDriverAgentLib/Commands/FBTouchActionCommands.m normal x86_64 objective-c com.apple.compilers.llvm.clang.1_0.compiler (in target 'WebDriverAgentLib' from project 'WebDriverAgent')
&amp#27;[38;5;173m[Xcode]&amp#27;[0m     cd /Users/oikhlas/.appium/node_modules/appium-xcuitest-driver/node_modules/appium-webdriveragent
&amp#27;[38;5;173m[Xcode]&amp#27;[0m     /Applications/Xcode.app/Contents/Developer/Toolchains/XcodeDefault.xctoolchain/usr/bin/clang -x objective-c -target x86_64-apple-ios16.0-simulator -fmessage-length\=0 -fdiagnostics-show-note-include-stack -fmacro-backtrace-limit\=0 -std\=gnu99 -fobjc-arc -fmodules -gmodules -fmodules-cache-path\=/Users/oikhlas/Library/Developer/Xcode/DerivedData/ModuleCache.noindex -fmodules-prune-interval\=86400 -fmodules-prune-after\=345600 -fbuild-session-file\=/Users/oikhlas/Library/Developer/Xcode/DerivedData/ModuleCache.noindex/Session.modulevalidation -fmodules-validate-once-per-build-session -Wno-trigraphs -fpascal-strings -O0 -fno-common -Wmissing-field-initializers -Wno-missing-prototypes -Werror\=return-type -Wunreachable-code -Wquoted-include-in-framework-header -Wno-implicit-atomic-properties -Werror\=deprecated-objc-isa-usage -Wno-objc-interface-ivars -Werror\=objc-root-class -Warc-repeated-use-of-weak -Wno-arc-maybe-repeated-use-of-weak -Wimplicit-retain-self -Wduplicate-method-match -Wno-missing-braces -Wparentheses -Wswitch -Wunused-function -Wno-unused-label -Wunused-parameter -Wunused-variable -Wunused-value -Wempty-body -Wuninitialized -Wconditional-uninitialized -Wno-unknown-pragmas -pedantic -Wshadow -Wno-four-char-constants -Wconversion -Wconstant-conversion -Wint-conversion -Wbool-conversion -Wenum-conversion -Wfloat-conversion -Wnon-literal-null-conversion -Wobjc-literal-conversion -Wassign-enum -Wsign-compare -Wshorten-64-to-32 -Wpointer-sign -Wno-newline-eof -Wno-selector -Wno-strict-selector-match -Wundeclared-selector -Wdeprecated-implementations -Wno-implicit-fallthrough -DDEBUG\=1 -DOBJC_OLD_DISPATCH_PROTOTYPES\=0 -isysroot /Applications/Xcode.app/Contents/Developer/Platforms/iPhoneSimulator.platform/Developer/SDKs/iPhoneSimulator16.0.sdk -fasm-blocks -fstrict-aliasing -Wprotocol -Wdeprecated-declarations -g -Wno-sign-conversion -Winfinite-recursion -Wcomma -Wblock-capture-autoreleasing -Wstrict-prototypes -Wno-semicolon-before-method-body -fobjc-abi-version\=2 -fobjc-legacy-dispatch -iquote /Users/oikhlas/Library/Developer/Xcode/DerivedData/WebDriverAgent-bcmeffsllcldukgyoimwiehwhvyz/Build/Intermediates.noindex/WebDriverAgent.build/Debug-iphonesimulator/WebDriverAgentLib.build/WebDriverAgentLib-generated-files.hmap -I/Users/oikhlas/Library/Developer/Xcode/DerivedData/WebDriverAgent-bcmeffsllcldukgyoimwiehwhvyz/Build/Intermediates.noindex/WebDriverAgent.build/Debug-iphonesimulator/WebDriverAgentLib.build/WebDriverAgentLib-own-target-headers.hmap -I/Users/oikhlas/Library/Developer/Xcode/DerivedData/WebDriverAgent-bcmeffsllcldukgyoimwiehwhvyz/Build/Intermediates.noindex/WebDriverAgent.build/Debug-iphonesimulator/WebDriverAgentLib.build/WebDriverAgentLib-all-target-headers.hmap -iquote /Users/oikhlas/Library/Developer/Xcode/DerivedData/WebDriverAgent-bcmeffsllcldukgyoimwiehwhvyz/Build/Intermediates.noindex/WebDriverAgent.build/Debug-iphonesimulator/WebDriverAgentLib.build/WebDriverAgentLib-project-headers.hmap -I/Users/oikhlas/Library/Developer/Xcode/DerivedData/WebDriverAgent-bcmeffsllcldukgyoimwiehwhvyz/Build/Products/Debug-iphonesimulator/include -I/Applications/Xcode.app/Contents/Developer/Platforms/iPhoneSimulator.platform/Developer/SDKs/iPhoneSimulator16.0.sdk/usr/include/libxml2 -I/Users/oikhlas/.appium/node_modules/appium-xcuitest-driver/node_modules/appium-webdriveragent/Modules -I/Users/oikhlas/Library/Developer/Xcode/DerivedData/WebDriverAgent-bcmeffsllcldukgyoimwiehwhvyz/Build/Intermediates.noindex/WebDriverAgent.build/Debug-iphonesimulator/WebDriverAgentLib.build/DerivedSources-normal/x86_64 -I/Users/oikhlas/Library/Developer/Xcode/DerivedData/WebDriverAgent-bcmeffsllcldukgyoimwiehwhvyz/Build/Intermediates.noindex/WebDriverAgent.build/Debug-iphonesimulator/WebDriverAgentLib.build/DerivedSources/x86_64 -I/Users/oikhlas/Library/Developer/Xcode/DerivedData/WebDriverAgent-bcmeffsllcldukgyoimwiehwhvyz/Build/Intermediates.noindex/WebDriverAgent.build/Debug-iphonesimulator/WebDriverAgentLib.build/DerivedSources -Weverything -Wno-objc-missing-property-synthesis -Wno-unused-macros -Wno-disabled-macro-expansion -Wno-gnu-statement-expression -Wno-language-extension-token -Wno-overriding-method-mismatch -Wno-missing-variable-declarations -Rno-module-build -Wno-auto-import -Wno-objc-interface-ivars -Wno-documentation-unknown-command -Wno-reserved-id-macro -Wno-unused-parameter -Wno-gnu-conditional-omitted-operand -Wno-explicit-ownership-type -Wno-date-time -Wno-cast-align -Wno-cstring-format-directive -Wno-double-promotion -Wno-partial-availability -Weverything -Wno-objc-missing-property-synthesis -Wno-unused-macros -Wno-disabled-macro-expansion -Wno-gnu-statement-expression -Wno-language-extension-token -Wno-overriding-method-mismatch -Wno-missing-variable-declarations -Rno-module-build -Wno-auto-import -Wno-objc-interface-ivars -Wno-documentation-unknown-command -Wno-reserved-id-macro -Wno-unused-parameter -Wno-gnu-conditional-omitted-operand -Wno-explicit-ownership-type -Wno-date-time -Wno-cast-align -Wno-cstring-format-directive -Wno-double-promotion -Wno-partial-availability -Wno-objc-messaging-id -Wno-direct-ivar-access -Wno-cast-qual -Wno-declaration-after-statement -F/Users/oikhlas/Library/Developer/Xcode/DerivedData/WebDriverAgent-bcmeffsllcldukgyoimwiehwhvyz/Build/Products/Debug-iphonesimulator -F/Applications/Xcode.app/Contents/Developer/Platforms/iPhoneSimulator.platform/Developer/Library/Frameworks -F/Applications/Xcode.app/Contents/Developer/Platforms/iPhoneSimulator.platform/Developer/Library/PrivateFrameworks -iframework /Applications/Xcode.app/Contents/Developer/Platforms/iPhoneSimulator.platform/Developer/SDKs/iPhoneSimulator16.0.sdk/Developer/Library/Frameworks -MMD -MT dependencies -MF /Users/oikhlas/Library/Developer/Xcode/DerivedData/WebDriverAgent-bcmeffsllcldukgyoimwiehwhvyz/Build/Intermediates.noindex/WebDriverAgent.build/Debug-iphonesimulator/WebDriverAgentLib.build/Objects-normal/x86_64/FBTouchActionCommands.d --serialize-diagnostics /Users/oikhlas/Library/Developer/Xcode/DerivedData/WebDriverAgent-bcmeffsllcldukgyoimwiehwhvyz/Build/Intermediates.noindex/WebDriverAgent.build/Debug-iphonesimulator/WebDriverAgentLib.build/Objects-normal/x86_64/FBTouchActionCommands.dia -c /Users/oikhlas/.appium/node_modules/appium-xcuitest-driver/node_modules/appium-webdriveragent/WebDriverAgentLib/Commands/FBTouchActionCommands.m -o /Users/oikhlas/Library/Developer/Xcode/DerivedData/WebDriverAgent-bcmeffsllcldukgyoimwiehwhvyz/Build/Intermediates.noindex/WebDriverAgent.build/Debug-iphonesimulator/WebDriverAgentLib.build/Objects-normal/x86_64/FBTouchActionCommands.o
&amp#27;[38;5;173m[Xcode]&amp#27;[0m 
&amp#27;[38;5;173m[Xcode]&amp#27;[0m 
&amp#27;[38;5;173m[Xcode]&amp#27;[0m CompileC /Users/oikhlas/Library/Developer/Xcode/DerivedData/WebDriverAgent-bcmeffsllcldukgyoimwiehwhvyz/Build/Intermediates.noindex/WebDriverAgent.build/Debug-iphonesimulator/WebDriverAgentLib.build/Objects-normal/x86_64/FBTVNavigationTracker.o /Users/oikhlas/.appium/node_modules/appium-xcuitest-driver/node_modules/appium-webdriveragent/WebDriverAgentLib/Utilities/FBTVNavigationTracker.m normal x86_64 objective-c com.apple.compilers.llvm.clang.1_0.compiler (in target 'WebDriverAgentLib' from project 'WebDriverAgent')
&amp#27;[38;5;173m[Xcode]&amp#27;[0m     cd /Users/oikhlas/.appium/node_modules/appium-xcuitest-driver/node_modules/appium-webdriveragent
&amp#27;[38;5;173m[Xcode]&amp#27;[0m     /Applications/Xcode.app/Contents/Developer/Toolchains/XcodeDefault.xctoolchain/usr/bin/clang -x objective-c -target x86_64-apple-ios16.0-simulator -fmessage-length\=0 -fdiagnostics-show-note-include-stack -fmacro-backtrace-limit\=0 -std\=gnu99 -fobjc-arc -fmodules -gmodules -fmodules-cache-path\=/Users/oikhlas/Library/Developer/Xcode/DerivedData/ModuleCache.noindex -fmodules-prune-interval\=86400 -fmodules-prune-after\=345600 -fbuild-session-file\=/Users/oikhlas/Library/Developer/Xcode/DerivedData/ModuleCache.noindex/Session.modulevalidation -fmodules-validate-once-per-build-session -Wno-trigraphs -fpascal-strings -O0 -fno-common -Wmissing-field-initializers -Wno-missing-prototypes -Werror\=return-type -Wunreachable-code -Wquoted-include-in-framework-header -Wno-implicit-atomic-properties -Werror\=deprecated-objc-isa-usage -Wno-objc-interface-ivars -Werror\=objc-root-class -Warc-repeated-use-of-weak -Wno-arc-maybe-repeated-use-of-weak -Wimplicit-retain-self -Wduplicate-method-match -Wno-missing-braces -Wparentheses -Wswitch -Wunused-function -Wno-unused-label -Wunused-parameter -Wunused-variable -Wunused-value -Wempty-body -Wuninitialized -Wconditional-uninitialized -Wno-unknown-pragmas -pedantic -Wshadow -Wno-four-char-constants -Wconversion -Wconstant-conversion -Wint-conversion -Wbool-conversion -Wenum-conversion -Wfloat-conversion -Wnon-literal-null-conversion -Wobjc-literal-conversion -Wassign-enum -Wsign-compare -Wshorten-64-to-32 -Wpointer-sign -Wno-newline-eof -Wno-selector -Wno-strict-selector-match -Wundeclared-selector -Wdeprecated-implementations -Wno-implicit-fallthrough -DDEBUG\=1 -DOBJC_OLD_DISPATCH_PROTOTYPES\=0 -isysroot /Applications/Xcode.app/Contents/Developer/Platforms/iPhoneSimulator.platform/Developer/SDKs/iPhoneSimulator16.0.sdk -fasm-blocks -fstrict-aliasing -Wprotocol -Wdeprecated-declarations -g -Wno-sign-conversion -Winfinite-recursion -Wcomma -Wblock-capture-autoreleasing -Wstrict-prototypes -Wno-semicolon-before-method-body -fobjc-abi-version\=2 -fobjc-legacy-dispatch -iquote /Users/oikhlas/Library/Developer/Xcode/DerivedData/WebDriverAgent-bcmeffsllcldukgyoimwiehwhvyz/Build/Intermediates.noindex/WebDriverAgent.build/Debug-iphonesimulator/WebDriverAgentLib.build/WebDriverAgentLib-generated-files.hmap -I/Users/oikhlas/Library/Developer/Xcode/DerivedData/WebDriverAgent-bcmeffsllcldukgyoimwiehwhvyz/Build/Intermediates.noindex/WebDriverAgent.build/Debug-iphonesimulator/WebDriverAgentLib.build/WebDriverAgentLib-own-target-headers.hmap -I/Users/oikhlas/Library/Developer/Xcode/DerivedData/WebDriverAgent-bcmeffsllcldukgyoimwiehwhvyz/Build/Intermediates.noindex/WebDriverAgent.build/Debug-iphonesimulator/WebDriverAgentLib.build/WebDriverAgentLib-all-target-headers.hmap -iquote /Users/oikhlas/Library/Developer/Xcode/DerivedData/WebDriverAgent-bcmeffsllcldukgyoimwiehwhvyz/Build/Intermediates.noindex/WebDriverAgent.build/Debug-iphonesimulator/WebDriverAgentLib.build/WebDriverAgentLib-project-headers.hmap -I/Users/oikhlas/Library/Developer/Xcode/DerivedData/WebDriverAgent-bcmeffsllcldukgyoimwiehwhvyz/Build/Products/Debug-iphonesimulator/include -I/Applications/Xcode.app/Contents/Developer/Platforms/iPhoneSimulator.platform/Developer/SDKs/iPhoneSimulator16.0.sdk/usr/include/libxml2 -I/Users/oikhlas/.appium/node_modules/appium-xcuitest-driver/node_modules/appium-webdriveragent/Modules -I/Users/oikhlas/Library/Developer/Xcode/DerivedData/WebDriverAgent-bcmeffsllcldukgyoimwiehwhvyz/Build/Intermediates.noindex/WebDriverAgent.build/Debug-iphonesimulator/WebDriverAgentLib.build/DerivedSources-normal/x86_64 -I/Users/oikhlas/Library/Developer/Xcode/DerivedData/WebDriverAgent-bcmeffsllcldukgyoimwiehwhvyz/Build/Intermediates.noindex/WebDriverAgent.build/Debug-iphonesimulator/WebDriverAgentLib.build/DerivedSources/x86_64 -I/Users/oikhlas/Library/Developer/Xcode/DerivedData/WebDriverAgent-bcmeffsllcldukgyoimwiehwhvyz/Build/Intermediates.noindex/WebDriverAgent.build/Debug-iphonesimulator/WebDriverAgentLib.build/DerivedSources -Weverything -Wno-objc-missing-property-synthesis -Wno-unused-macros -Wno-disabled-macro-expansion -Wno-gnu-statement-expression -Wno-language-extension-token -Wno-overriding-method-mismatch -Wno-missing-variable-declarations -Rno-module-build -Wno-auto-import -Wno-objc-interface-ivars -Wno-documentation-unknown-command -Wno-reserved-id-macro -Wno-unused-parameter -Wno-gnu-conditional-omitted-operand -Wno-explicit-ownership-type -Wno-date-time -Wno-cast-align -Wno-cstring-format-directive -Wno-double-promotion -Wno-partial-availability -Weverything -Wno-objc-missing-property-synthesis -Wno-unused-macros -Wno-disabled-macro-expansion -Wno-gnu-statement-expression -Wno-language-extension-token -Wno-overriding-method-mismatch -Wno-missing-variable-declarations -Rno-module-build -Wno-auto-import -Wno-objc-interface-ivars -Wno-documentation-unknown-command -Wno-reserved-id-macro -Wno-unused-parameter -Wno-gnu-conditional-omitted-operand -Wno-explicit-ownership-type -Wno-date-time -Wno-cast-align -Wno-cstring-format-directive -Wno-double-promotion -Wno-partial-availability -Wno-objc-messaging-id -Wno-direct-ivar-access -Wno-cast-qual -Wno-declaration-after-statement -F/Users/oikhlas/Library/Developer/Xcode/DerivedData/WebDriverAgent-bcmeffsllcldukgyoimwiehwhvyz/Build/Products/Debug-iphonesimulator -F/Applications/Xcode.app/Contents/Developer/Platforms/iPhoneSimulator.platform/Developer/Library/Frameworks -F/Applications/Xcode.app/Contents/Developer/Platforms/iPhoneSimulator.platform/Developer/Library/PrivateFrameworks -iframework /Applications/Xcode.app/Contents/Developer/Platforms/iPhoneSimulator.platform/Developer/SDKs/iPhoneSimulator16.0.sdk/Developer/Library/Frameworks -MMD -MT dependencies -MF /Users/oikhlas/Library/Developer/Xcode/DerivedData/WebDriverAgent-bcmeffsllcldukgyoimwiehwhvyz/Build/Intermediates.noindex/WebDriverAgent.build/Debug-iphonesimulator/WebDriverAgentLib.build/Objects-normal/x86_64/FBTVNavigationTracker.d --serialize-diagnostics /Users/oikhlas/Library/Developer/Xcode/DerivedData/WebDriverAgent-bcmeffsllcldukgyoimwiehwhvyz/Build/Intermediates.noindex/WebDriverAgent.build/Debug-iphonesimulator/WebDriverAgentLib.build/Objects-normal/x86_64/FBTVNavigationTracker.dia -c /Users/oikhlas/.appium/node_modules/appium-xcuitest-driver/node_modules/appium-webdriveragent/WebDriverAgentLib/Utilities/FBTVNavigationTracker.m -o /Users/oikhlas/Library/Developer/Xcode/DerivedData/WebDriverAgent-bcmeffsllcldukgyoimwiehwhvyz/Build/Intermediates.noindex/WebDriverAgent.build/Debug-iphonesimulator/WebDriverAgentLib.build/Objects-normal/x86_64/FBTVNavigationTracker.o
&amp#27;[38;5;173m[Xcode]&amp#27;[0m 
&amp#27;[38;5;173m[Xcode]&amp#27;[0m 
&amp#27;[38;5;173m[Xcode]&amp#27;[0m CompileC /Users/oikhlas/Library/Developer/Xcode/DerivedData/WebDriverAgent-bcmeffsllcldukgyoimwiehwhvyz/Build/Intermediates.noindex/WebDriverAgent.build/Debug-iphonesimulator/WebDriverAgentLib.build/Objects-normal/x86_64/FBTCPSocket.o /Users/oikhlas/.appium/node_modules/appium-xcuitest-driver/node_modules/appium-webdriveragent/WebDriverAgentLib/Routing/FBTCPSocket.m normal x86_64 objective-c com.apple.compilers.llvm.clang.1_0.compiler (in target 'WebDriverAgentLib' from project 'WebDriverAgent')
&amp#27;[38;5;173m[Xcode]&amp#27;[0m     cd /Users/oikhlas/.appium/node_modules/appium-xcuitest-driver/node_modules/appium-webdriveragent
&amp#27;[38;5;173m[Xcode]&amp#27;[0m     /Applications/Xcode.app/Contents/Developer/Toolchains/XcodeDefault.xctoolchain/usr/bin/clang -x objective-c -target x86_64-apple-ios16.0-simulator -fmessage-length\=0 -fdiagnostics-show-note-include-stack -fmacro-backtrace-limit\=0 -std\=gnu99 -fobjc-arc -fmodules -gmodules -fmodules-cache-path\=/Users/oikhlas/Library/Developer/Xcode/DerivedData/ModuleCache.noindex -fmodules-prune-interval\=86400 -fmodules-prune-after\=345600 -fbuild-session-file\=/Users/oikhlas/Library/Developer/Xcode/DerivedData/ModuleCache.noindex/Session.modulevalidation -fmodules-validate-once-per-build-session -Wno-trigraphs -fpascal-strings -O0 -fno-common -Wmissing-field-initializers -Wno-missing-prototypes -Werror\=return-type -Wunreachable-code -Wquoted-include-in-framework-header -Wno-implicit-atomic-properties -Werror\=deprecated-objc-isa-usage -Wno-objc-interface-ivars -Werror\=objc-root-class -Warc-repeated-use-of-weak -Wno-arc-maybe-repeated-use-of-weak -Wimplicit-retain-self -Wduplicate-method-match -Wno-missing-braces -Wparentheses -Wswitch -Wunused-function -Wno-unused-label -Wunused-parameter -Wunused-variable -Wunused-value -Wempty-body -Wuninitialized -Wconditional-uninitialized -Wno-unknown-pragmas -pedantic -Wshadow -Wno-four-char-constants -Wconversion -Wconstant-conversion -Wint-conversion -Wbool-conversion -Wenum-conversion -Wfloat-conversion -Wnon-literal-null-conversion -Wobjc-literal-conversion -Wassign-enum -Wsign-compare -Wshorten-64-to-32 -Wpointer-sign -Wno-newline-eof -Wno-selector -Wno-strict-selector-match -Wundeclared-selector -Wdeprecated-implementations -Wno-implicit-fallthrough -DDEBUG\=1 -DOBJC_OLD_DISPATCH_PROTOTYPES\=0 -isysroot /Applications/Xcode.app/Contents/Developer/Platforms/iPhoneSimulator.platform/Developer/SDKs/iPhoneSimulator16.0.sdk -fasm-blocks -fstrict-aliasing -Wprotocol -Wdeprecated-declarations -g -Wno-sign-conversion -Winfinite-recursion -Wcomma -Wblock-capture-autoreleasing -Wstrict-prototypes -Wno-semicolon-before-method-body -fobjc-abi-version\=2 -fobjc-legacy-dispatch -iquote /Users/oikhlas/Library/Developer/Xcode/DerivedData/WebDriverAgent-bcmeffsllcldukgyoimwiehwhvyz/Build/Intermediates.noindex/WebDriverAgent.build/Debug-iphonesimulator/WebDriverAgentLib.build/WebDriverAgentLib-generated-files.hmap -I/Users/oikhlas/Library/Developer/Xcode/DerivedData/WebDriverAgent-bcmeffsllcldukgyoimwiehwhvyz/Build/Intermediates.noindex/WebDriverAgent.build/Debug-iphonesimulator/WebDriverAgentLib.build/WebDriverAgentLib-own-target-headers.hmap -I/Users/oikhlas/Library/Developer/Xcode/DerivedData/WebDriverAgent-bcmeffsllcldukgyoimwiehwhvyz/Build/Intermediates.noindex/WebDriverAgent.build/Debug-iphonesimulator/WebDriverAgentLib.build/WebDriverAgentLib-all-target-headers.hmap -iquote /Users/oikhlas/Library/Developer/Xcode/DerivedData/WebDriverAgent-bcmeffsllcldukgyoimwiehwhvyz/Build/Intermediates.noindex/WebDriverAgent.build/Debug-iphonesimulator/WebDriverAgentLib.build/WebDriverAgentLib-project-headers.hmap -I/Users/oikhlas/Library/Developer/Xcode/DerivedData/WebDriverAgent-bcmeffsllcldukgyoimwiehwhvyz/Build/Products/Debug-iphonesimulator/include -I/Applications/Xcode.app/Contents/Developer/Platforms/iPhoneSimulator.platform/Developer/SDKs/iPhoneSimulator16.0.sdk/usr/include/libxml2 -I/Users/oikhlas/.appium/node_modules/appium-xcuitest-driver/node_modules/appium-webdriveragent/Modules -I/Users/oikhlas/Library/Developer/Xcode/DerivedData/WebDriverAgent-bcmeffsllcldukgyoimwiehwhvyz/Build/Intermediates.noindex/WebDriverAgent.build/Debug-iphonesimulator/WebDriverAgentLib.build/DerivedSources-normal/x86_64 -I/Users/oikhlas/Library/Developer/Xcode/DerivedData/WebDriverAgent-bcmeffsllcldukgyoimwiehwhvyz/Build/Intermediates.noindex/WebDriverAgent.build/Debug-iphonesimulator/WebDriverAgentLib.build/DerivedSources/x86_64 -I/Users/oikhlas/Library/Developer/Xcode/DerivedData/WebDriverAgent-bcmeffsllcldukgyoimwiehwhvyz/Build/Intermediates.noindex/WebDriverAgent.build/Debug-iphonesimulator/WebDriverAgentLib.build/DerivedSources -Weverything -Wno-objc-missing-property-synthesis -Wno-unused-macros -Wno-disabled-macro-expansion -Wno-gnu-statement-expression -Wno-language-extension-token -Wno-overriding-method-mismatch -Wno-missing-variable-declarations -Rno-module-build -Wno-auto-import -Wno-objc-interface-ivars -Wno-documentation-unknown-command -Wno-reserved-id-macro -Wno-unused-parameter -Wno-gnu-conditional-omitted-operand -Wno-explicit-ownership-type -Wno-date-time -Wno-cast-align -Wno-cstring-format-directive -Wno-double-promotion -Wno-partial-availability -Weverything -Wno-objc-missing-property-synthesis -Wno-unused-macros -Wno-disabled-macro-expansion -Wno-gnu-statement-expression -Wno-language-extension-token -Wno-overriding-method-mismatch -Wno-missing-variable-declarations -Rno-module-build -Wno-auto-import -Wno-objc-interface-ivars -Wno-documentation-unknown-command -Wno-reserved-id-macro -Wno-unused-parameter -Wno-gnu-conditional-omitted-operand -Wno-explicit-ownership-type -Wno-date-time -Wno-cast-align -Wno-cstring-format-directive -Wno-double-promotion -Wno-partial-availability -Wno-objc-messaging-id -Wno-direct-ivar-access -Wno-cast-qual -Wno-declaration-after-statement -F/Users/oikhlas/Library/Developer/Xcode/DerivedData/WebDriverAgent-bcmeffsllcldukgyoimwiehwhvyz/Build/Products/Debug-iphonesimulator -F/Applications/Xcode.app/Contents/Developer/Platforms/iPhoneSimulator.platform/Developer/Library/Frameworks -F/Applications/Xcode.app/Contents/Developer/Platforms/iPhoneSimulator.platform/Developer/Library/PrivateFrameworks -iframework /Applications/Xcode.app/Contents/Developer/Platforms/iPhoneSimulator.platform/Developer/SDKs/iPhoneSimulator16.0.sdk/Developer/Library/Frameworks -MMD -MT dependencies -MF /Users/oikhlas/Library/Developer/Xcode/DerivedData/WebDriverAgent-bcmeffsllcldukgyoimwiehwhvyz/Build/Intermediates.noindex/WebDriverAgent.build/Debug-iphonesimulator/WebDriverAgentLib.build/Objects-normal/x86_64/FBTCPSocket.d --serialize-diagnostics /Users/oikhlas/Library/Developer/Xcode/DerivedData/WebDriverAgent-bcmeffsllcldukgyoimwiehwhvyz/Build/Intermediates.noindex/WebDriverAgent.build/Debug-iphonesimulator/WebDriverAgentLib.build/Objects-normal/x86_64/FBTCPSocket.dia -c /Users/oikhlas/.appium/node_modules/appium-xcuitest-driver/node_modules/appium-webdriveragent/WebDriverAgentLib/Routing/FBTCPSocket.m -o /Users/oikhlas/Library/Developer/Xcode/DerivedData/WebDriverAgent-bcmeffsllcldukgyoimwiehwhvyz/Build/Intermediates.noindex/WebDriverAgent.build/Debug-iphonesimulator/WebDriverAgentLib.build/Objects-normal/x86_64/FBTCPSocket.o
&amp#27;[38;5;173m[Xcode]&amp#27;[0m 
&amp#27;[38;5;173m[Xcode]&amp#27;[0m 
&amp#27;[38;5;173m[Xcode]&amp#27;[0m CompileC /Users/oikhlas/Library/Developer/Xcode/DerivedData/WebDriverAgent-bcmeffsllcldukgyoimwiehwhvyz/Build/Intermediates.noindex/WebDriverAgent.build/Debug-iphonesimulator/WebDriverAgentLib.build/Objects-normal/x86_64/FBSettings.o /Users/oikhlas/.appium/node_modules/appium-xcuitest-driver/node_modules/appium-webdriveragent/WebDriverAgentLib/Utilities/FBSettings.m normal x86_64 objective-c com.apple.compilers.llvm.clang.1_0.compiler (in target 'WebDriverAgentLib' from project 'WebDriverAgent')
&amp#27;[38;5;173m[Xcode]&amp#27;[0m     cd /Users/oikhlas/.appium/node_modules/appium-xcuitest-driver/node_modules/appium-webdriveragent
&amp#27;[38;5;173m[Xcode]&amp#27;[0m     /Applications/Xcode.app/Contents/Developer/Toolchains/XcodeDefault.xctoolchain/usr/bin/clang -x objective-c -target x86_64-apple-ios16.0-simulator -fmessage-length\=0 -fdiagnostics-show-note-include-stack -fmacro-backtrace-limit\=0 -std\=gnu99 -fobjc-arc -fmodules -gmodules -fmodules-cache-path\=/Users/oikhlas/Library/Developer/Xcode/DerivedData/ModuleCache.noindex -fmodules-prune-interval\=86400 -fmodules-prune-after\=345600 -fbuild-session-file\=/Users/oikhlas/Library/Developer/Xcode/DerivedData/ModuleCache.noindex/Session.modulevalidation -fmodules-validate-once-per-build-session -Wno-trigraphs -fpascal-strings -O0 -fno-common -Wmissing-field-initializers -Wno-missing-prototypes -Werror\=return-type -Wunreachable-code -Wquoted-include-in-framework-header -Wno-implicit-atomic-properties -Werror\=deprecated-objc-isa-usage -Wno-objc-interface-ivars -Werror\=objc-root-class -Warc-repeated-use-of-weak -Wno-arc-maybe-repeated-use-of-weak -Wimplicit-retain-self -Wduplicate-method-match -Wno-missing-braces -Wparentheses -Wswitch -Wunused-function -Wno-unused-label -Wunused-parameter -Wunused-variable -Wunused-value -Wempty-body -Wuninitialized -Wconditional-uninitialized -Wno-unknown-pragmas -pedantic -Wshadow -Wno-four-char-constants -Wconversion -Wconstant-conversion -Wint-conversion -Wbool-conversion -Wenum-conversion -Wfloat-conversion -Wnon-literal-null-conversion -Wobjc-literal-conversion -Wassign-enum -Wsign-compare -Wshorten-64-to-32 -Wpointer-sign -Wno-newline-eof -Wno-selector -Wno-strict-selector-match -Wundeclared-selector -Wdeprecated-implementations -Wno-implicit-fallthrough -DDEBUG\=1 -DOBJC_OLD_DISPATCH_PROTOTYPES\=0 -isysroot /Applications/Xcode.app/Contents/Developer/Platforms/iPhoneSimulator.platform/Developer/SDKs/iPhoneSimulator16.0.sdk -fasm-blocks -fstrict-aliasing -Wprotocol -Wdeprecated-declarations -g -Wno-sign-conversion -Winfinite-recursion -Wcomma -Wblock-capture-autoreleasing -Wstrict-prototypes -Wno-semicolon-before-method-body -fobjc-abi-version\=2 -fobjc-legacy-dispatch -iquote /Users/oikhlas/Library/Developer/Xcode/DerivedData/WebDriverAgent-bcmeffsllcldukgyoimwiehwhvyz/Build/Intermediates.noindex/WebDriverAgent.build/Debug-iphonesimulator/WebDriverAgentLib.build/WebDriverAgentLib-generated-files.hmap -I/Users/oikhlas/Library/Developer/Xcode/DerivedData/WebDriverAgent-bcmeffsllcldukgyoimwiehwhvyz/Build/Intermediates.noindex/WebDriverAgent.build/Debug-iphonesimulator/WebDriverAgentLib.build/WebDriverAgentLib-own-target-headers.hmap -I/Users/oikhlas/Library/Developer/Xcode/DerivedData/WebDriverAgent-bcmeffsllcldukgyoimwiehwhvyz/Build/Intermediates.noindex/WebDriverAgent.build/Debug-iphonesimulator/WebDriverAgentLib.build/WebDriverAgentLib-all-target-headers.hmap -iquote /Users/oikhlas/Library/Developer/Xcode/DerivedData/WebDriverAgent-bcmeffsllcldukgyoimwiehwhvyz/Build/Intermediates.noindex/WebDriverAgent.build/Debug-iphonesimulator/WebDriverAgentLib.build/WebDriverAgentLib-project-headers.hmap -I/Users/oikhlas/Library/Developer/Xcode/DerivedData/WebDriverAgent-bcmeffsllcldukgyoimwiehwhvyz/Build/Products/Debug-iphonesimulator/include -I/Applications/Xcode.app/Contents/Developer/Platforms/iPhoneSimulator.platform/Developer/SDKs/iPhoneSimulator16.0.sdk/usr/include/libxml2 -I/Users/oikhlas/.appium/node_modules/appium-xcuitest-driver/node_modules/appium-webdriveragent/Modules -I/Users/oikhlas/Library/Developer/Xcode/DerivedData/WebDriverAgent-bcmeffsllcldukgyoimwiehwhvyz/Build/Intermediates.noindex/WebDriverAgent.build/Debug-iphonesimulator/WebDriverAgentLib.build/DerivedSources-normal/x86_64 -I/Users/oikhlas/Library/Developer/Xcode/DerivedData/WebDriverAgent-bcmeffsllcldukgyoimwiehwhvyz/Build/Intermediates.noindex/WebDriverAgent.build/Debug-iphonesimulator/WebDriverAgentLib.build/DerivedSources/x86_64 -I/Users/oikhlas/Library/Developer/Xcode/DerivedData/WebDriverAgent-bcmeffsllcldukgyoimwiehwhvyz/Build/Intermediates.noindex/WebDriverAgent.build/Debug-iphonesimulator/WebDriverAgentLib.build/DerivedSources -Weverything -Wno-objc-missing-property-synthesis -Wno-unused-macros -Wno-disabled-macro-expansion -Wno-gnu-statement-expression -Wno-language-extension-token -Wno-overriding-method-mismatch -Wno-missing-variable-declarations -Rno-module-build -Wno-auto-import -Wno-objc-interface-ivars -Wno-documentation-unknown-command -Wno-reserved-id-macro -Wno-unused-parameter -Wno-gnu-conditional-omitted-operand -Wno-explicit-ownership-type -Wno-date-time -Wno-cast-align -Wno-cstring-format-directive -Wno-double-promotion -Wno-partial-availability -Weverything -Wno-objc-missing-property-synthesis -Wno-unused-macros -Wno-disabled-macro-expansion -Wno-gnu-statement-expression -Wno-language-extension-token -Wno-overriding-method-mismatch -Wno-missing-variable-declarations -Rno-module-build -Wno-auto-import -Wno-objc-interface-ivars -Wno-documentation-unknown-command -Wno-reserved-id-macro -Wno-unused-parameter -Wno-gnu-conditional-omitted-operand -Wno-explicit-ownership-type -Wno-date-time -Wno-cast-align -Wno-cstring-format-directive -Wno-double-promotion -Wno-partial-availability -Wno-objc-messaging-id -Wno-direct-ivar-access -Wno-cast-qual -Wno-declaration-after-statement -F/Users/oikhlas/Library/Developer/Xcode/DerivedData/WebDriverAgent-bcmeffsllcldukgyoimwiehwhvyz/Build/Products/Debug-iphonesimulator -F/Applications/Xcode.app/Contents/Developer/Platforms/iPhoneSimulator.platform/Developer/Library/Frameworks -F/Applications/Xcode.app/Contents/Developer/Platforms/iPhoneSimulator.platform/Developer/Library/PrivateFrameworks -iframework /Applications/Xcode.app/Contents/Developer/Platforms/iPhoneSimulator.platform/Developer/SDKs/iPhoneSimulator16.0.sdk/Developer/Library/Frameworks -MMD -MT dependencies -MF /Users/oikhlas/Library/Developer/Xcode/DerivedData/WebDriverAgent-bcmeffsllcldukgyoimwiehwhvyz/Build/Intermediates.noindex/WebDriverAgent.build/Debug-iphonesimulator/WebDriverAgentLib.build/Objects-normal/x86_64/FBSettings.d --serialize-diagnostics /Users/oikhlas/Library/Developer/Xcode/DerivedData/WebDriverAgent-bcmeffsllcldukgyoimwiehwhvyz/Build/Intermediates.noindex/WebDriverAgent.build/Debug-iphonesimulator/WebDriverAgentLib.build/Objects-normal/x86_64/FBSettings.dia -c /Users/oikhlas/.appium/node_modules/appium-xcuitest-driver/node_modules/appium-webdriveragent/WebDriverAgentLib/Utilities/FBSettings.m -o /Users/oikhlas/Library/Developer/Xcode/DerivedData/WebDriverAgent-bcmeffsllcldukgyoimwiehwhvyz/Build/Intermediates.noindex/WebDriverAgent.build/Debug-iphonesimulator/WebDriverAgentLib.build/Objects-normal/x86_64/FBSettings.o
&amp#27;[38;5;173m[Xcode]&amp#27;[0m 
&amp#27;[38;5;173m[Xcode]&amp#27;[0m 
&amp#27;[38;5;173m[Xcode]&amp#27;[0m CompileC /Users/oikhlas/Library/Developer/Xcode/DerivedData/WebDriverAgent-bcmeffsllcldukgyoimwiehwhvyz/Build/Intermediates.noindex/WebDriverAgent.build/Debug-iphonesimulator/WebDriverAgentLib.build/Objects-normal/x86_64/FBSessionCommands.o /Users/oikhlas/.appium/node_modules/appium-xcuitest-driver/node_modules/appium-webdriveragent/WebDriverAgentLib/Commands/FBSessionCommands.m normal x86_64 objective-c com.apple.compilers.llvm.clang.1_0.compiler (in target 'WebDriverAgentLib' from project 'WebDriverAgent')
&amp#27;[38;5;173m[Xcode]&amp#27;[0m     cd /Users/oikhlas/.appium/node_modules/appium-xcuitest-driver/node_modules/appium-webdriveragent
&amp#27;[38;5;173m[Xcode]&amp#27;[0m     /Applications/Xcode.app/Contents/Developer/Toolchains/XcodeDefault.xctoolchain/usr/bin/clang -x objective-c -target x86_64-apple-ios16.0-simulator -fmessage-length\=0 -fdiagnostics-show-note-include-stack -fmacro-backtrace-limit\=0 -std\=gnu99 -fobjc-arc -fmodules -gmodules -fmodules-cache-path\=/Users/oikhlas/Library/Developer/Xcode/DerivedData/ModuleCache.noindex -fmodules-prune-interval\=86400 -fmodules-prune-after\=345600 -fbuild-session-file\=/Users/oikhlas/Library/Developer/Xcode/DerivedData/ModuleCache.noindex/Session.modulevalidation -fmodules-validate-once-per-build-session -Wno-trigraphs -fpascal-strings -O0 -fno-common -Wmissing-field-initializers -Wno-missing-prototypes -Werror\=return-type -Wunreachable-code -Wquoted-include-in-framework-header -Wno-implicit-atomic-properties -Werror\=deprecated-objc-isa-usage -Wno-objc-interface-ivars -Werror\=objc-root-class -Warc-repeated-use-of-weak -Wno-arc-maybe-repeated-use-of-weak -Wimplicit-retain-self -Wduplicate-method-match -Wno-missing-braces -Wparentheses -Wswitch -Wunused-function -Wno-unused-label -Wunused-parameter -Wunused-variable -Wunused-value -Wempty-body -Wuninitialized -Wconditional-uninitialized -Wno-unknown-pragmas -pedantic -Wshadow -Wno-four-char-constants -Wconversion -Wconstant-conversion -Wint-conversion -Wbool-conversion -Wenum-conversion -Wfloat-conversion -Wnon-literal-null-conversion -Wobjc-literal-conversion -Wassign-enum -Wsign-compare -Wshorten-64-to-32 -Wpointer-sign -Wno-newline-eof -Wno-selector -Wno-strict-selector-match -Wundeclared-selector -Wdeprecated-implementations -Wno-implicit-fallthrough -DDEBUG\=1 -DOBJC_OLD_DISPATCH_PROTOTYPES\=0 -isysroot /Applications/Xcode.app/Contents/Developer/Platforms/iPhoneSimulator.platform/Developer/SDKs/iPhoneSimulator16.0.sdk -fasm-blocks -fstrict-aliasing -Wprotocol -Wdeprecated-declarations -g -Wno-sign-conversion -Winfinite-recursion -Wcomma -Wblock-capture-autoreleasing -Wstrict-prototypes -Wno-semicolon-before-method-body -fobjc-abi-version\=2 -fobjc-legacy-dispatch -iquote /Users/oikhlas/Library/Developer/Xcode/DerivedData/WebDriverAgent-bcmeffsllcldukgyoimwiehwhvyz/Build/Intermediates.noindex/WebDriverAgent.build/Debug-iphonesimulator/WebDriverAgentLib.build/WebDriverAgentLib-generated-files.hmap -I/Users/oikhlas/Library/Developer/Xcode/DerivedData/WebDriverAgent-bcmeffsllcldukgyoimwiehwhvyz/Build/Intermediates.noindex/WebDriverAgent.build/Debug-iphonesimulator/WebDriverAgentLib.build/WebDriverAgentLib-own-target-headers.hmap -I/Users/oikhlas/Library/Developer/Xcode/DerivedData/WebDriverAgent-bcmeffsllcldukgyoimwiehwhvyz/Build/Intermediates.noindex/WebDriverAgent.build/Debug-iphonesimulator/WebDriverAgentLib.build/WebDriverAgentLib-all-target-headers.hmap -iquote /Users/oikhlas/Library/Developer/Xcode/DerivedData/WebDriverAgent-bcmeffsllcldukgyoimwiehwhvyz/Build/Intermediates.noindex/WebDriverAgent.build/Debug-iphonesimulator/WebDriverAgentLib.build/WebDriverAgentLib-project-headers.hmap -I/Users/oikhlas/Library/Developer/Xcode/DerivedData/WebDriverAgent-bcmeffsllcldukgyoimwiehwhvyz/Build/Products/Debug-iphonesimulator/include -I/Applications/Xcode.app/Contents/Developer/Platforms/iPhoneSimulator.platform/Developer/SDKs/iPhoneSimulator16.0.sdk/usr/include/libxml2 -I/Users/oikhlas/.appium/node_modules/appium-xcuitest-driver/node_modules/appium-webdriveragent/Modules -I/Users/oikhlas/Library/Developer/Xcode/DerivedData/WebDriverAgent-bcmeffsllcldukgyoimwiehwhvyz/Build/Intermediates.noindex/WebDriverAgent.build/Debug-iphonesimulator/WebDriverAgentLib.build/DerivedSources-normal/x86_64 -I/Users/oikhlas/Library/Developer/Xcode/DerivedData/WebDriverAgent-bcmeffsllcldukgyoimwiehwhvyz/Build/Intermediates.noindex/WebDriverAgent.build/Debug-iphonesimulator/WebDriverAgentLib.build/DerivedSources/x86_64 -I/Users/oikhlas/Library/Developer/Xcode/DerivedData/WebDriverAgent-bcmeffsllcldukgyoimwiehwhvyz/Build/Intermediates.noindex/WebDriverAgent.build/Debug-iphonesimulator/WebDriverAgentLib.build/DerivedSources -Weverything -Wno-objc-missing-property-synthesis -Wno-unused-macros -Wno-disabled-macro-expansion -Wno-gnu-statement-expression -Wno-language-extension-token -Wno-overriding-method-mismatch -Wno-missing-variable-declarations -Rno-module-build -Wno-auto-import -Wno-objc-interface-ivars -Wno-documentation-unknown-command -Wno-reserved-id-macro -Wno-unused-parameter -Wno-gnu-conditional-omitted-operand -Wno-explicit-ownership-type -Wno-date-time -Wno-cast-align -Wno-cstring-format-directive -Wno-double-promotion -Wno-partial-availability -Weverything -Wno-objc-missing-property-synthesis -Wno-unused-macros -Wno-disabled-macro-expansion -Wno-gnu-statement-expression -Wno-language-extension-token -Wno-overriding-method-mismatch -Wno-missing-variable-declarations -Rno-module-build -Wno-auto-import -Wno-objc-interface-ivars -Wno-documentation-unknown-command -Wno-reserved-id-macro -Wno-unused-parameter -Wno-gnu-conditional-omitted-operand -Wno-explicit-ownership-type -Wno-date-time -Wno-cast-align -Wno-cstring-format-directive -Wno-double-promotion -Wno-partial-availability -Wno-objc-messaging-id -Wno-direct-ivar-access -Wno-cast-qual -Wno-declaration-after-statement -F/Users/oikhlas/Library/Developer/Xcode/DerivedData/WebDriverAgent-bcmeffsllcldukgyoimwiehwhvyz/Build/Products/Debug-iphonesimulator -F/Applications/Xcode.app/Contents/Developer/Platforms/iPhoneSimulator.platform/Developer/Library/Frameworks -F/Applications/Xcode.app/Contents/Developer/Platforms/iPhoneSimulator.platform/Developer/Library/PrivateFrameworks -iframework /Applications/Xcode.app/Contents/Developer/Platforms/iPhoneSimulator.platform/Developer/SDKs/iPhoneSimulator16.0.sdk/Developer/Library/Frameworks -MMD -MT dependencies -MF /Users/oikhlas/Library/Developer/Xcode/DerivedData/WebDriverAgent-bcmeffsllcldukgyoimwiehwhvyz/Build/Intermediates.noindex/WebDriverAgent.build/Debug-iphonesimulator/WebDriverAgentLib.build/Objects-normal/x86_64/FBSessionCommands.d --serialize-diagnostics /Users/oikhlas/Library/Developer/Xcode/DerivedData/WebDriverAgent-bcmeffsllcldukgyoimwiehwhvyz/Build/Intermediates.noindex/WebDriverAgent.build/Debug-iphonesimulator/WebDriverAgentLib.build/Objects-normal/x86_64/FBSessionCommands.dia -c /Users/oikhlas/.appium/node_modules/appium-xcuitest-driver/node_modules/appium-webdriveragent/WebDriverAgentLib/Commands/FBSessionCommands.m -o /Users/oikhlas/Library/Developer/Xcode/DerivedData/WebDriverAgent-bcmeffsllcldukgyoimwiehwhvyz/Build/Intermediates.noindex/WebDriverAgent.build/Debug-iphonesimulator/WebDriverAgentLib.build/Objects-normal/x86_64/FBSessionCommands.o
&amp#27;[38;5;173m[Xcode]&amp#27;[0m 
&amp#27;[38;5;-42m[XCUITestDriver@9d32 (dbe4db21)]&amp#27;[0m Matched '/status' to command name 'getStatus'
&amp#27;[38;5;-42m[XCUITestDriver@9d32 (dbe4db21)]&amp#27;[0m Proxying [GET /status] to [GET http://127.0.0.1:8100/status] with no body
&amp#27;[38;5;-42m[XCUITestDriver@9d32 (dbe4db21)]&amp#27;[0m connect ECONNREFUSED 127.0.0.1:8100
&amp#27;[38;5;173m[Xcode]&amp#27;[0m 
&amp#27;[38;5;173m[Xcode]&amp#27;[0m CompileC /Users/oikhlas/Library/Developer/Xcode/DerivedData/WebDriverAgent-bcmeffsllcldukgyoimwiehwhvyz/Build/Intermediates.noindex/WebDriverAgent.build/Debug-iphonesimulator/WebDriverAgentLib.build/Objects-normal/x86_64/FBSession.o /Users/oikhlas/.appium/node_modules/appium-xcuitest-driver/node_modules/appium-webdriveragent/WebDriverAgentLib/Routing/FBSession.m normal x86_64 objective-c com.apple.compilers.llvm.clang.1_0.compiler (in target 'WebDriverAgentLib' from project 'WebDriverAgent')
&amp#27;[38;5;173m[Xcode]&amp#27;[0m     cd /Users/oikhlas/.appium/node_modules/appium-xcuitest-driver/node_modules/appium-webdriveragent
&amp#27;[38;5;173m[Xcode]&amp#27;[0m     /Applications/Xcode.app/Contents/Developer/Toolchains/XcodeDefault.xctoolchain/usr/bin/clang -x objective-c -target x86_64-apple-ios16.0-simulator -fmessage-length\=0 -fdiagnostics-show-note-include-stack -fmacro-backtrace-limit\=0 -std\=gnu99 -fobjc-arc -fmodules -gmodules -fmodules-cache-path\=/Users/oikhlas/Library/Developer/Xcode/DerivedData/ModuleCache.noindex -fmodules-prune-interval\=86400 -fmodules-prune-after\=345600 -fbuild-session-file\=/Users/oikhlas/Library/Developer/Xcode/DerivedData/ModuleCache.noindex/Session.modulevalidation -fmodules-validate-once-per-build-session -Wno-trigraphs -fpascal-strings -O0 -fno-common -Wmissing-field-initializers -Wno-missing-prototypes -Werror\=return-type -Wunreachable-code -Wquoted-include-in-framework-header -Wno-implicit-atomic-properties -Werror\=deprecated-objc-isa-usage -Wno-objc-interface-ivars -Werror\=objc-root-class -Warc-repeated-use-of-weak -Wno-arc-maybe-repeated-use-of-weak -Wimplicit-retain-self -Wduplicate-method-match -Wno-missing-braces -Wparentheses -Wswitch -Wunused-function -Wno-unused-label -Wunused-parameter -Wunused-variable -Wunused-value -Wempty-body -Wuninitialized -Wconditional-uninitialized -Wno-unknown-pragmas -pedantic -Wshadow -Wno-four-char-constants -Wconversion -Wconstant-conversion -Wint-conversion -Wbool-conversion -Wenum-conversion -Wfloat-conversion -Wnon-literal-null-conversion -Wobjc-literal-conversion -Wassign-enum -Wsign-compare -Wshorten-64-to-32 -Wpointer-sign -Wno-newline-eof -Wno-selector -Wno-strict-selector-match -Wundeclared-selector -Wdeprecated-implementations -Wno-implicit-fallthrough -DDEBUG\=1 -DOBJC_OLD_DISPATCH_PROTOTYPES\=0 -isysroot /Applications/Xcode.app/Contents/Developer/Platforms/iPhoneSimulator.platform/Developer/SDKs/iPhoneSimulator16.0.sdk -fasm-blocks -fstrict-aliasing -Wprotocol -Wdeprecated-declarations -g -Wno-sign-conversion -Winfinite-recursion -Wcomma -Wblock-capture-autoreleasing -Wstrict-prototypes -Wno-semicolon-before-method-body -fobjc-abi-version\=2 -fobjc-legacy-dispatch -iquote /Users/oikhlas/Library/Developer/Xcode/DerivedData/WebDriverAgent-bcmeffsllcldukgyoimwiehwhvyz/Build/Intermediates.noindex/WebDriverAgent.build/Debug-iphonesimulator/WebDriverAgentLib.build/WebDriverAgentLib-generated-files.hmap -I/Users/oikhlas/Library/Developer/Xcode/DerivedData/WebDriverAgent-bcmeffsllcldukgyoimwiehwhvyz/Build/Intermediates.noindex/WebDriverAgent.build/Debug-iphonesimulator/WebDriverAgentLib.build/WebDriverAgentLib-own-target-headers.hmap -I/Users/oikhlas/Library/Developer/Xcode/DerivedData/WebDriverAgent-bcmeffsllcldukgyoimwiehwhvyz/Build/Intermediates.noindex/WebDriverAgent.build/Debug-iphonesimulator/WebDriverAgentLib.build/WebDriverAgentLib-all-target-headers.hmap -iquote /Users/oikhlas/Library/Developer/Xcode/DerivedData/WebDriverAgent-bcmeffsllcldukgyoimwiehwhvyz/Build/Intermediates.noindex/WebDriverAgent.build/Debug-iphonesimulator/WebDriverAgentLib.build/WebDriverAgentLib-project-headers.hmap -I/Users/oikhlas/Library/Developer/Xcode/DerivedData/WebDriverAgent-bcmeffsllcldukgyoimwiehwhvyz/Build/Products/Debug-iphonesimulator/include -I/Applications/Xcode.app/Contents/Developer/Platforms/iPhoneSimulator.platform/Developer/SDKs/iPhoneSimulator16.0.sdk/usr/include/libxml2 -I/Users/oikhlas/.appium/node_modules/appium-xcuitest-driver/node_modules/appium-webdriveragent/Modules -I/Users/oikhlas/Library/Developer/Xcode/DerivedData/WebDriverAgent-bcmeffsllcldukgyoimwiehwhvyz/Build/Intermediates.noindex/WebDriverAgent.build/Debug-iphonesimulator/WebDriverAgentLib.build/DerivedSources-normal/x86_64 -I/Users/oikhlas/Library/Developer/Xcode/DerivedData/WebDriverAgent-bcmeffsllcldukgyoimwiehwhvyz/Build/Intermediates.noindex/WebDriverAgent.build/Debug-iphonesimulator/WebDriverAgentLib.build/DerivedSources/x86_64 -I/Users/oikhlas/Library/Developer/Xcode/DerivedData/WebDriverAgent-bcmeffsllcldukgyoimwiehwhvyz/Build/Intermediates.noindex/WebDriverAgent.build/Debug-iphonesimulator/WebDriverAgentLib.build/DerivedSources -Weverything -Wno-objc-missing-property-synthesis -Wno-unused-macros -Wno-disabled-macro-expansion -Wno-gnu-statement-expression -Wno-language-extension-token -Wno-overriding-method-mismatch -Wno-missing-variable-declarations -Rno-module-build -Wno-auto-import -Wno-objc-interface-ivars -Wno-documentation-unknown-command -Wno-reserved-id-macro -Wno-unused-parameter -Wno-gnu-conditional-omitted-operand -Wno-explicit-ownership-type -Wno-date-time -Wno-cast-align -Wno-cstring-format-directive -Wno-double-promotion -Wno-partial-availability -Weverything -Wno-objc-missing-property-synthesis -Wno-unused-macros -Wno-disabled-macro-expansion -Wno-gnu-statement-expression -Wno-language-extension-token -Wno-overriding-method-mismatch -Wno-missing-variable-declarations -Rno-module-build -Wno-auto-import -Wno-objc-interface-ivars -Wno-documentation-unknown-command -Wno-reserved-id-macro -Wno-unused-parameter -Wno-gnu-conditional-omitted-operand -Wno-explicit-ownership-type -Wno-date-time -Wno-cast-align -Wno-cstring-format-directive -Wno-double-promotion -Wno-partial-availability -Wno-objc-messaging-id -Wno-direct-ivar-access -Wno-cast-qual -Wno-declaration-after-statement -F/Users/oikhlas/Library/Developer/Xcode/DerivedData/WebDriverAgent-bcmeffsllcldukgyoimwiehwhvyz/Build/Products/Debug-iphonesimulator -F/Applications/Xcode.app/Contents/Developer/Platforms/iPhoneSimulator.platform/Developer/Library/Frameworks -F/Applications/Xcode.app/Contents/Developer/Platforms/iPhoneSimulator.platform/Developer/Library/PrivateFrameworks -iframework /Applications/Xcode.app/Contents/Developer/Platforms/iPhoneSimulator.platform/Developer/SDKs/iPhoneSimulator16.0.sdk/Developer/Library/Frameworks -MMD -MT dependencies -MF /Users/oikhlas/Library/Developer/Xcode/DerivedData/WebDriverAgent-bcmeffsllcldukgyoimwiehwhvyz/Build/Intermediates.noindex/WebDriverAgent.build/Debug-iphonesimulator/WebDriverAgentLib.build/Objects-normal/x86_64/FBSession.d --serialize-diagnostics /Users/oikhlas/Library/Developer/Xcode/DerivedData/WebDriverAgent-bcmeffsllcldukgyoimwiehwhvyz/Build/Intermediates.noindex/WebDriverAgent.build/Debug-iphonesimulator/WebDriverAgentLib.build/Objects-normal/x86_64/FBSession.dia -c /Users/oikhlas/.appium/node_modules/appium-xcuitest-driver/node_modules/appium-webdriveragent/WebDriverAgentLib/Routing/FBSession.m -o /Users/oikhlas/Library/Developer/Xcode/DerivedData/WebDriverAgent-bcmeffsllcldukgyoimwiehwhvyz/Build/Intermediates.noindex/WebDriverAgent.build/Debug-iphonesimulator/WebDriverAgentLib.build/Objects-normal/x86_64/FBSession.o
&amp#27;[38;5;173m[Xcode]&amp#27;[0m 
&amp#27;[38;5;173m[Xcode]&amp#27;[0m 
&amp#27;[38;5;173m[Xcode]&amp#27;[0m CompileC /Users/oikhlas/Library/Developer/Xcode/DerivedData/WebDriverAgent-bcmeffsllcldukgyoimwiehwhvyz/Build/Intermediates.noindex/WebDriverAgent.build/Debug-iphonesimulator/WebDriverAgentLib.build/Objects-normal/x86_64/FBScreenshot.o /Users/oikhlas/.appium/node_modules/appium-xcuitest-driver/node_modules/appium-webdriveragent/WebDriverAgentLib/Utilities/FBScreenshot.m normal x86_64 objective-c com.apple.compilers.llvm.clang.1_0.compiler (in target 'WebDriverAgentLib' from project 'WebDriverAgent')
&amp#27;[38;5;173m[Xcode]&amp#27;[0m     cd /Users/oikhlas/.appium/node_modules/appium-xcuitest-driver/node_modules/appium-webdriveragent
&amp#27;[38;5;173m[Xcode]&amp#27;[0m     /Applications/Xcode.app/Contents/Developer/Toolchains/XcodeDefault.xctoolchain/usr/bin/clang -x objective-c -target x86_64-apple-ios16.0-simulator -fmessage-length\=0 -fdiagnostics-show-note-include-stack -fmacro-backtrace-limit\=0 -std\=gnu99 -fobjc-arc -fmodules -gmodules -fmodules-cache-path\=/Users/oikhlas/Library/Developer/Xcode/DerivedData/ModuleCache.noindex -fmodules-prune-interval\=86400 -fmodules-prune-after\=345600 -fbuild-session-file\=/Users/oikhlas/Library/Developer/Xcode/DerivedData/ModuleCache.noindex/Session.modulevalidation -fmodules-validate-once-per-build-session -Wno-trigraphs -fpascal-strings -O0 -fno-common -Wmissing-field-initializers -Wno-missing-prototypes -Werror\=return-type -Wunreachable-code -Wquoted-include-in-framework-header -Wno-implicit-atomic-properties -Werror\=deprecated-objc-isa-usage -Wno-objc-interface-ivars -Werror\=objc-root-class -Warc-repeated-use-of-weak -Wno-arc-maybe-repeated-use-of-weak -Wimplicit-retain-self -Wduplicate-method-match -Wno-missing-braces -Wparentheses -Wswitch -Wunused-function -Wno-unused-label -Wunused-parameter -Wunused-variable -Wunused-value -Wempty-body -Wuninitialized -Wconditional-uninitialized -Wno-unknown-pragmas -pedantic -Wshadow -Wno-four-char-constants -Wconversion -Wconstant-conversion -Wint-conversion -Wbool-conversion -Wenum-conversion -Wfloat-conversion -Wnon-literal-null-conversion -Wobjc-literal-conversion -Wassign-enum -Wsign-compare -Wshorten-64-to-32 -Wpointer-sign -Wno-newline-eof -Wno-selector -Wno-strict-selector-match -Wundeclared-selector -Wdeprecated-implementations -Wno-implicit-fallthrough -DDEBUG\=1 -DOBJC_OLD_DISPATCH_PROTOTYPES\=0 -isysroot /Applications/Xcode.app/Contents/Developer/Platforms/iPhoneSimulator.platform/Developer/SDKs/iPhoneSimulator16.0.sdk -fasm-blocks -fstrict-aliasing -Wprotocol -Wdeprecated-declarations -g -Wno-sign-conversion -Winfinite-recursion -Wcomma -Wblock-capture-autoreleasing -Wstrict-prototypes -Wno-semicolon-before-method-body -fobjc-abi-version\=2 -fobjc-legacy-dispatch -iquote /Users/oikhlas/Library/Developer/Xcode/DerivedData/WebDriverAgent-bcmeffsllcldukgyoimwiehwhvyz/Build/Intermediates.noindex/WebDriverAgent.build/Debug-iphonesimulator/WebDriverAgentLib.build/WebDriverAgentLib-generated-files.hmap -I/Users/oikhlas/Library/Developer/Xcode/DerivedData/WebDriverAgent-bcmeffsllcldukgyoimwiehwhvyz/Build/Intermediates.noindex/WebDriverAgent.build/Debug-iphonesimulator/WebDriverAgentLib.build/WebDriverAgentLib-own-target-headers.hmap -I/Users/oikhlas/Library/Developer/Xcode/DerivedData/WebDriverAgent-bcmeffsllcldukgyoimwiehwhvyz/Build/Intermediates.noindex/WebDriverAgent.build/Debug-iphonesimulator/WebDriverAgentLib.build/WebDriverAgentLib-all-target-headers.hmap -iquote /Users/oikhlas/Library/Developer/Xcode/DerivedData/WebDriverAgent-bcmeffsllcldukgyoimwiehwhvyz/Build/Intermediates.noindex/WebDriverAgent.build/Debug-iphonesimulator/WebDriverAgentLib.build/WebDriverAgentLib-project-headers.hmap -I/Users/oikhlas/Library/Developer/Xcode/DerivedData/WebDriverAgent-bcmeffsllcldukgyoimwiehwhvyz/Build/Products/Debug-iphonesimulator/include -I/Applications/Xcode.app/Contents/Developer/Platforms/iPhoneSimulator.platform/Developer/SDKs/iPhoneSimulator16.0.sdk/usr/include/libxml2 -I/Users/oikhlas/.appium/node_modules/appium-xcuitest-driver/node_modules/appium-webdriveragent/Modules -I/Users/oikhlas/Library/Developer/Xcode/DerivedData/WebDriverAgent-bcmeffsllcldukgyoimwiehwhvyz/Build/Intermediates.noindex/WebDriverAgent.build/Debug-iphonesimulator/WebDriverAgentLib.build/DerivedSources-normal/x86_64 -I/Users/oikhlas/Library/Developer/Xcode/DerivedData/WebDriverAgent-bcmeffsllcldukgyoimwiehwhvyz/Build/Intermediates.noindex/WebDriverAgent.build/Debug-iphonesimulator/WebDriverAgentLib.build/DerivedSources/x86_64 -I/Users/oikhlas/Library/Developer/Xcode/DerivedData/WebDriverAgent-bcmeffsllcldukgyoimwiehwhvyz/Build/Intermediates.noindex/WebDriverAgent.build/Debug-iphonesimulator/WebDriverAgentLib.build/DerivedSources -Weverything -Wno-objc-missing-property-synthesis -Wno-unused-macros -Wno-disabled-macro-expansion -Wno-gnu-statement-expression -Wno-language-extension-token -Wno-overriding-method-mismatch -Wno-missing-variable-declarations -Rno-module-build -Wno-auto-import -Wno-objc-interface-ivars -Wno-documentation-unknown-command -Wno-reserved-id-macro -Wno-unused-parameter -Wno-gnu-conditional-omitted-operand -Wno-explicit-ownership-type -Wno-date-time -Wno-cast-align -Wno-cstring-format-directive -Wno-double-promotion -Wno-partial-availability -Weverything -Wno-objc-missing-property-synthesis -Wno-unused-macros -Wno-disabled-macro-expansion -Wno-gnu-statement-expression -Wno-language-extension-token -Wno-overriding-method-mismatch -Wno-missing-variable-declarations -Rno-module-build -Wno-auto-import -Wno-objc-interface-ivars -Wno-documentation-unknown-command -Wno-reserved-id-macro -Wno-unused-parameter -Wno-gnu-conditional-omitted-operand -Wno-explicit-ownership-type -Wno-date-time -Wno-cast-align -Wno-cstring-format-directive -Wno-double-promotion -Wno-partial-availability -Wno-objc-messaging-id -Wno-direct-ivar-access -Wno-cast-qual -Wno-declaration-after-statement -F/Users/oikhlas/Library/Developer/Xcode/DerivedData/WebDriverAgent-bcmeffsllcldukgyoimwiehwhvyz/Build/Products/Debug-iphonesimulator -F/Applications/Xcode.app/Contents/Developer/Platforms/iPhoneSimulator.platform/Developer/Library/Frameworks -F/Applications/Xcode.app/Contents/Developer/Platforms/iPhoneSimulator.platform/Developer/Library/PrivateFrameworks -iframework /Applications/Xcode.app/Contents/Developer/Platforms/iPhoneSimulator.platform/Developer/SDKs/iPhoneSimulator16.0.sdk/Developer/Library/Frameworks -MMD -MT dependencies -MF /Users/oikhlas/Library/Developer/Xcode/DerivedData/WebDriverAgent-bcmeffsllcldukgyoimwiehwhvyz/Build/Intermediates.noindex/WebDriverAgent.build/Debug-iphonesimulator/WebDriverAgentLib.build/Objects-normal/x86_64/FBScreenshot.d --serialize-diagnostics /Users/oikhlas/Library/Developer/Xcode/DerivedData/WebDriverAgent-bcmeffsllcldukgyoimwiehwhvyz/Build/Intermediates.noindex/WebDriverAgent.build/Debug-iphonesimulator/WebDriverAgentLib.build/Objects-normal/x86_64/FBScreenshot.dia -c /Users/oikhlas/.appium/node_modules/appium-xcuitest-driver/node_modules/appium-webdriveragent/WebDriverAgentLib/Utilities/FBScreenshot.m -o /Users/oikhlas/Library/Developer/Xcode/DerivedData/WebDriverAgent-bcmeffsllcldukgyoimwiehwhvyz/Build/Intermediates.noindex/WebDriverAgent.build/Debug-iphonesimulator/WebDriverAgentLib.build/Objects-normal/x86_64/FBScreenshot.o
&amp#27;[38;5;173m[Xcode]&amp#27;[0m 
&amp#27;[38;5;173m[Xcode]&amp#27;[0m 
&amp#27;[38;5;173m[Xcode]&amp#27;[0m CompileC /Users/oikhlas/Library/Developer/Xcode/DerivedData/WebDriverAgent-bcmeffsllcldukgyoimwiehwhvyz/Build/Intermediates.noindex/WebDriverAgent.build/Debug-iphonesimulator/WebDriverAgentLib.build/Objects-normal/x86_64/FBScreen.o /Users/oikhlas/.appium/node_modules/appium-xcuitest-driver/node_modules/appium-webdriveragent/WebDriverAgentLib/Utilities/FBScreen.m normal x86_64 objective-c com.apple.compilers.llvm.clang.1_0.compiler (in target 'WebDriverAgentLib' from project 'WebDriverAgent')
&amp#27;[38;5;173m[Xcode]&amp#27;[0m     cd /Users/oikhlas/.appium/node_modules/appium-xcuitest-driver/node_modules/appium-webdriveragent
&amp#27;[38;5;173m[Xcode]&amp#27;[0m     /Applications/Xcode.app/Contents/Developer/Toolchains/XcodeDefault.xctoolchain/usr/bin/clang -x objective-c -target x86_64-apple-ios16.0-simulator -fmessage-length\=0 -fdiagnostics-show-note-include-stack -fmacro-backtrace-limit\=0 -std\=gnu99 -fobjc-arc -fmodules -gmodules -fmodules-cache-path\=/Users/oikhlas/Library/Developer/Xcode/DerivedData/ModuleCache.noindex -fmodules-prune-interval\=86400 -fmodules-prune-after\=345600 -fbuild-session-file\=/Users/oikhlas/Library/Developer/Xcode/DerivedData/ModuleCache.noindex/Session.modulevalidation -fmodules-validate-once-per-build-session -Wno-trigraphs -fpascal-strings -O0 -fno-common -Wmissing-field-initializers -Wno-missing-prototypes -Werror\=return-type -Wunreachable-code -Wquoted-include-in-framework-header -Wno-implicit-atomic-properties -Werror\=deprecated-objc-isa-usage -Wno-objc-interface-ivars -Werror\=objc-root-class -Warc-repeated-use-of-weak -Wno-arc-maybe-repeated-use-of-weak -Wimplicit-retain-self -Wduplicate-method-match -Wno-missing-braces -Wparentheses -Wswitch -Wunused-function -Wno-unused-label -Wunused-parameter -Wunused-variable -Wunused-value -Wempty-body -Wuninitialized -Wconditional-uninitialized -Wno-unknown-pragmas -pedantic -Wshadow -Wno-four-char-constants -Wconversion -Wconstant-conversion -Wint-conversion -Wbool-conversion -Wenum-conversion -Wfloat-conversion -Wnon-literal-null-conversion -Wobjc-literal-conversion -Wassign-enum -Wsign-compare -Wshorten-64-to-32 -Wpointer-sign -Wno-newline-eof -Wno-selector -Wno-strict-selector-match -Wundeclared-selector -Wdeprecated-implementations -Wno-implicit-fallthrough -DDEBUG\=1 -DOBJC_OLD_DISPATCH_PROTOTYPES\=0 -isysroot /Applications/Xcode.app/Contents/Developer/Platforms/iPhoneSimulator.platform/Developer/SDKs/iPhoneSimulator16.0.sdk -fasm-blocks -fstrict-aliasing -Wprotocol -Wdeprecated-declarations -g -Wno-sign-conversion -Winfinite-recursion -Wcomma -Wblock-capture-autoreleasing -Wstrict-prototypes -Wno-semicolon-before-method-body -fobjc-abi-version\=2 -fobjc-legacy-dispatch -iquote /Users/oikhlas/Library/Developer/Xcode/DerivedData/WebDriverAgent-bcmeffsllcldukgyoimwiehwhvyz/Build/Intermediates.noindex/WebDriverAgent.build/Debug-iphonesimulator/WebDriverAgentLib.build/WebDriverAgentLib-generated-files.hmap -I/Users/oikhlas/Library/Developer/Xcode/DerivedData/WebDriverAgent-bcmeffsllcldukgyoimwiehwhvyz/Build/Intermediates.noindex/WebDriverAgent.build/Debug-iphonesimulator/WebDriverAgentLib.build/WebDriverAgentLib-own-target-headers.hmap -I/Users/oikhlas/Library/Developer/Xcode/DerivedData/WebDriverAgent-bcmeffsllcldukgyoimwiehwhvyz/Build/Intermediates.noindex/WebDriverAgent.build/Debug-iphonesimulator/WebDriverAgentLib.build/WebDriverAgentLib-all-target-headers.hmap -iquote /Users/oikhlas/Library/Developer/Xcode/DerivedData/WebDriverAgent-bcmeffsllcldukgyoimwiehwhvyz/Build/Intermediates.noindex/WebDriverAgent.build/Debug-iphonesimulator/WebDriverAgentLib.build/WebDriverAgentLib-project-headers.hmap -I/Users/oikhlas/Library/Developer/Xcode/DerivedData/WebDriverAgent-bcmeffsllcldukgyoimwiehwhvyz/Build/Products/Debug-iphonesimulator/include -I/Applications/Xcode.app/Contents/Developer/Platforms/iPhoneSimulator.platform/Developer/SDKs/iPhoneSimulator16.0.sdk/usr/include/libxml2 -I/Users/oikhlas/.appium/node_modules/appium-xcuitest-driver/node_modules/appium-webdriveragent/Modules -I/Users/oikhlas/Library/Developer/Xcode/DerivedData/WebDriverAgent-bcmeffsllcldukgyoimwiehwhvyz/Build/Intermediates.noindex/WebDriverAgent.build/Debug-iphonesimulator/WebDriverAgentLib.build/DerivedSources-normal/x86_64 -I/Users/oikhlas/Library/Developer/Xcode/DerivedData/WebDriverAgent-bcmeffsllcldukgyoimwiehwhvyz/Build/Intermediates.noindex/WebDriverAgent.build/Debug-iphonesimulator/WebDriverAgentLib.build/DerivedSources/x86_64 -I/Users/oikhlas/Library/Developer/Xcode/DerivedData/WebDriverAgent-bcmeffsllcldukgyoimwiehwhvyz/Build/Intermediates.noindex/WebDriverAgent.build/Debug-iphonesimulator/WebDriverAgentLib.build/DerivedSources -Weverything -Wno-objc-missing-property-synthesis -Wno-unused-macros -Wno-disabled-macro-expansion -Wno-gnu-statement-expression -Wno-language-extension-token -Wno-overriding-method-mismatch -Wno-missing-variable-declarations -Rno-module-build -Wno-auto-import -Wno-objc-interface-ivars -Wno-documentation-unknown-command -Wno-reserved-id-macro -Wno-unused-parameter -Wno-gnu-conditional-omitted-operand -Wno-explicit-ownership-type -Wno-date-time -Wno-cast-align -Wno-cstring-format-directive -Wno-double-promotion -Wno-partial-availability -Weverything -Wno-objc-missing-property-synthesis -Wno-unused-macros -Wno-disabled-macro-expansion -Wno-gnu-statement-expression -Wno-language-extension-token -Wno-overriding-method-mismatch -Wno-missing-variable-declarations -Rno-module-build -Wno-auto-import -Wno-objc-interface-ivars -Wno-documentation-unknown-command -Wno-reserved-id-macro -Wno-unused-parameter -Wno-gnu-conditional-omitted-operand -Wno-explicit-ownership-type -Wno-date-time -Wno-cast-align -Wno-cstring-format-directive -Wno-double-promotion -Wno-partial-availability -Wno-objc-messaging-id -Wno-direct-ivar-access -Wno-cast-qual -Wno-declaration-after-statement -F/Users/oikhlas/Library/Developer/Xcode/DerivedData/WebDriverAgent-bcmeffsllcldukgyoimwiehwhvyz/Build/Products/Debug-iphonesimulator -F/Applications/Xcode.app/Contents/Developer/Platforms/iPhoneSimulator.platform/Developer/Library/Frameworks -F/Applications/Xcode.app/Contents/Developer/Platforms/iPhoneSimulator.platform/Developer/Library/PrivateFrameworks -iframework /Applications/Xcode.app/Contents/Developer/Platforms/iPhoneSimulator.platform/Developer/SDKs/iPhoneSimulator16.0.sdk/Developer/Library/Frameworks -MMD -MT dependencies -MF /Users/oikhlas/Library/Developer/Xcode/DerivedData/WebDriverAgent-bcmeffsllcldukgyoimwiehwhvyz/Build/Intermediates.noindex/WebDriverAgent.build/Debug-iphonesimulator/WebDriverAgentLib.build/Objects-normal/x86_64/FBScreen.d --serialize-diagnostics /Users/oikhlas/Library/Developer/Xcode/DerivedData/WebDriverAgent-bcmeffsllcldukgyoimwiehwhvyz/Build/Intermediates.noindex/WebDriverAgent.build/Debug-iphonesimulator/WebDriverAgentLib.build/Objects-normal/x86_64/FBScreen.dia -c /Users/oikhlas/.appium/node_modules/appium-xcuitest-driver/node_modules/appium-webdriveragent/WebDriverAgentLib/Utilities/FBScreen.m -o /Users/oikhlas/Library/Developer/Xcode/DerivedData/WebDriverAgent-bcmeffsllcldukgyoimwiehwhvyz/Build/Intermediates.noindex/WebDriverAgent.build/Debug-iphonesimulator/WebDriverAgentLib.build/Objects-normal/x86_64/FBScreen.o
&amp#27;[38;5;173m[Xcode]&amp#27;[0m 
&amp#27;[38;5;173m[Xcode]&amp#27;[0m 
&amp#27;[38;5;173m[Xcode]&amp#27;[0m CompileC /Users/oikhlas/Library/Developer/Xcode/DerivedData/WebDriverAgent-bcmeffsllcldukgyoimwiehwhvyz/Build/Intermediates.noindex/WebDriverAgent.build/Debug-iphonesimulator/WebDriverAgentLib.build/Objects-normal/x86_64/FBRuntimeUtils.o /Users/oikhlas/.appium/node_modules/appium-xcuitest-driver/node_modules/appium-webdriveragent/WebDriverAgentLib/Utilities/FBRuntimeUtils.m normal x86_64 objective-c com.apple.compilers.llvm.clang.1_0.compiler (in target 'WebDriverAgentLib' from project 'WebDriverAgent')
&amp#27;[38;5;173m[Xcode]&amp#27;[0m     cd /Users/oikhlas/.appium/node_modules/appium-xcuitest-driver/node_modules/appium-webdriveragent
&amp#27;[38;5;173m[Xcode]&amp#27;[0m     /Applications/Xcode.app/Contents/Developer/Toolchains/XcodeDefault.xctoolchain/usr/bin/clang -x objective-c -target x86_64-apple-ios16.0-simulator -fmessage-length\=0 -fdiagnostics-show-note-include-stack -fmacro-backtrace-limit\=0 -std\=gnu99 -fobjc-arc -fmodules -gmodules -fmodules-cache-path\=/Users/oikhlas/Library/Developer/Xcode/DerivedData/ModuleCache.noindex -fmodules-prune-interval\=86400 -fmodules-prune-after\=345600 -fbuild-session-file\=/Users/oikhlas/Library/Developer/Xcode/DerivedData/ModuleCache.noindex/Session.modulevalidation -fmodules-validate-once-per-build-session -Wno-trigraphs -fpascal-strings -O0 -fno-common -Wmissing-field-initializers -Wno-missing-prototypes -Werror\=return-type -Wunreachable-code -Wquoted-include-in-framework-header -Wno-implicit-atomic-properties -Werror\=deprecated-objc-isa-usage -Wno-objc-interface-ivars -Werror\=objc-root-class -Warc-repeated-use-of-weak -Wno-arc-maybe-repeated-use-of-weak -Wimplicit-retain-self -Wduplicate-method-match -Wno-missing-braces -Wparentheses -Wswitch -Wunused-function -Wno-unused-label -Wunused-parameter -Wunused-variable -Wunused-value -Wempty-body -Wuninitialized -Wconditional-uninitialized -Wno-unknown-pragmas -pedantic -Wshadow -Wno-four-char-constants -Wconversion -Wconstant-conversion -Wint-conversion -Wbool-conversion -Wenum-conversion -Wfloat-conversion -Wnon-literal-null-conversion -Wobjc-literal-conversion -Wassign-enum -Wsign-compare -Wshorten-64-to-32 -Wpointer-sign -Wno-newline-eof -Wno-selector -Wno-strict-selector-match -Wundeclared-selector -Wdeprecated-implementations -Wno-implicit-fallthrough -DDEBUG\=1 -DOBJC_OLD_DISPATCH_PROTOTYPES\=0 -isysroot /Applications/Xcode.app/Contents/Developer/Platforms/iPhoneSimulator.platform/Developer/SDKs/iPhoneSimulator16.0.sdk -fasm-blocks -fstrict-aliasing -Wprotocol -Wdeprecated-declarations -g -Wno-sign-conversion -Winfinite-recursion -Wcomma -Wblock-capture-autoreleasing -Wstrict-prototypes -Wno-semicolon-before-method-body -fobjc-abi-version\=2 -fobjc-legacy-dispatch -iquote /Users/oikhlas/Library/Developer/Xcode/DerivedData/WebDriverAgent-bcmeffsllcldukgyoimwiehwhvyz/Build/Intermediates.noindex/WebDriverAgent.build/Debug-iphonesimulator/WebDriverAgentLib.build/WebDriverAgentLib-generated-files.hmap -I/Users/oikhlas/Library/Developer/Xcode/DerivedData/WebDriverAgent-bcmeffsllcldukgyoimwiehwhvyz/Build/Intermediates.noindex/WebDriverAgent.build/Debug-iphonesimulator/WebDriverAgentLib.build/WebDriverAgentLib-own-target-headers.hmap -I/Users/oikhlas/Library/Developer/Xcode/DerivedData/WebDriverAgent-bcmeffsllcldukgyoimwiehwhvyz/Build/Intermediates.noindex/WebDriverAgent.build/Debug-iphonesimulator/WebDriverAgentLib.build/WebDriverAgentLib-all-target-headers.hmap -iquote /Users/oikhlas/Library/Developer/Xcode/DerivedData/WebDriverAgent-bcmeffsllcldukgyoimwiehwhvyz/Build/Intermediates.noindex/WebDriverAgent.build/Debug-iphonesimulator/WebDriverAgentLib.build/WebDriverAgentLib-project-headers.hmap -I/Users/oikhlas/Library/Developer/Xcode/DerivedData/WebDriverAgent-bcmeffsllcldukgyoimwiehwhvyz/Build/Products/Debug-iphonesimulator/include -I/Applications/Xcode.app/Contents/Developer/Platforms/iPhoneSimulator.platform/Developer/SDKs/iPhoneSimulator16.0.sdk/usr/include/libxml2 -I/Users/oikhlas/.appium/node_modules/appium-xcuitest-driver/node_modules/appium-webdriveragent/Modules -I/Users/oikhlas/Library/Developer/Xcode/DerivedData/WebDriverAgent-bcmeffsllcldukgyoimwiehwhvyz/Build/Intermediates.noindex/WebDriverAgent.build/Debug-iphonesimulator/WebDriverAgentLib.build/DerivedSources-normal/x86_64 -I/Users/oikhlas/Library/Developer/Xcode/DerivedData/WebDriverAgent-bcmeffsllcldukgyoimwiehwhvyz/Build/Intermediates.noindex/WebDriverAgent.build/Debug-iphonesimulator/WebDriverAgentLib.build/DerivedSources/x86_64 -I/Users/oikhlas/Library/Developer/Xcode/DerivedData/WebDriverAgent-bcmeffsllcldukgyoimwiehwhvyz/Build/Intermediates.noindex/WebDriverAgent.build/Debug-iphonesimulator/WebDriverAgentLib.build/DerivedSources -Weverything -Wno-objc-missing-property-synthesis -Wno-unused-macros -Wno-disabled-macro-expansion -Wno-gnu-statement-expression -Wno-language-extension-token -Wno-overriding-method-mismatch -Wno-missing-variable-declarations -Rno-module-build -Wno-auto-import -Wno-objc-interface-ivars -Wno-documentation-unknown-command -Wno-reserved-id-macro -Wno-unused-parameter -Wno-gnu-conditional-omitted-operand -Wno-explicit-ownership-type -Wno-date-time -Wno-cast-align -Wno-cstring-format-directive -Wno-double-promotion -Wno-partial-availability -Weverything -Wno-objc-missing-property-synthesis -Wno-unused-macros -Wno-disabled-macro-expansion -Wno-gnu-statement-expression -Wno-language-extension-token -Wno-overriding-method-mismatch -Wno-missing-variable-declarations -Rno-module-build -Wno-auto-import -Wno-objc-interface-ivars -Wno-documentation-unknown-command -Wno-reserved-id-macro -Wno-unused-parameter -Wno-gnu-conditional-omitted-operand -Wno-explicit-ownership-type -Wno-date-time -Wno-cast-align -Wno-cstring-format-directive -Wno-double-promotion -Wno-partial-availability -Wno-objc-messaging-id -Wno-direct-ivar-access -Wno-cast-qual -Wno-declaration-after-statement -F/Users/oikhlas/Library/Developer/Xcode/DerivedData/WebDriverAgent-bcmeffsllcldukgyoimwiehwhvyz/Build/Products/Debug-iphonesimulator -F/Applications/Xcode.app/Contents/Developer/Platforms/iPhoneSimulator.platform/Developer/Library/Frameworks -F/Applications/Xcode.app/Contents/Developer/Platforms/iPhoneSimulator.platform/Developer/Library/PrivateFrameworks -iframework /Applications/Xcode.app/Contents/Developer/Platforms/iPhoneSimulator.platform/Developer/SDKs/iPhoneSimulator16.0.sdk/Developer/Library/Frameworks -MMD -MT dependencies -MF /Users/oikhlas/Library/Developer/Xcode/DerivedData/WebDriverAgent-bcmeffsllcldukgyoimwiehwhvyz/Build/Intermediates.noindex/WebDriverAgent.build/Debug-iphonesimulator/WebDriverAgentLib.build/Objects-normal/x86_64/FBRuntimeUtils.d --serialize-diagnostics /Users/oikhlas/Library/Developer/Xcode/DerivedData/WebDriverAgent-bcmeffsllcldukgyoimwiehwhvyz/Build/Intermediates.noindex/WebDriverAgent.build/Debug-iphonesimulator/WebDriverAgentLib.build/Objects-normal/x86_64/FBRuntimeUtils.dia -c /Users/oikhlas/.appium/node_modules/appium-xcuitest-driver/node_modules/appium-webdriveragent/WebDriverAgentLib/Utilities/FBRuntimeUtils.m -o /Users/oikhlas/Library/Developer/Xcode/DerivedData/WebDriverAgent-bcmeffsllcldukgyoimwiehwhvyz/Build/Intermediates.noindex/WebDriverAgent.build/Debug-iphonesimulator/WebDriverAgentLib.build/Objects-normal/x86_64/FBRuntimeUtils.o
&amp#27;[38;5;173m[Xcode]&amp#27;[0m 
&amp#27;[38;5;173m[Xcode]&amp#27;[0m 
&amp#27;[38;5;173m[Xcode]&amp#27;[0m CompileC /Users/oikhlas/Library/Developer/Xcode/DerivedData/WebDriverAgent-bcmeffsllcldukgyoimwiehwhvyz/Build/Intermediates.noindex/WebDriverAgent.build/Debug-iphonesimulator/WebDriverAgentLib.build/Objects-normal/x86_64/FBRunLoopSpinner.o /Users/oikhlas/.appium/node_modules/appium-xcuitest-driver/node_modules/appium-webdriveragent/WebDriverAgentLib/Utilities/FBRunLoopSpinner.m normal x86_64 objective-c com.apple.compilers.llvm.clang.1_0.compiler (in target 'WebDriverAgentLib' from project 'WebDriverAgent')
&amp#27;[38;5;173m[Xcode]&amp#27;[0m     cd /Users/oikhlas/.appium/node_modules/appium-xcuitest-driver/node_modules/appium-webdriveragent
&amp#27;[38;5;173m[Xcode]&amp#27;[0m     /Applications/Xcode.app/Contents/Developer/Toolchains/XcodeDefault.xctoolchain/usr/bin/clang -x objective-c -target x86_64-apple-ios16.0-simulator -fmessage-length\=0 -fdiagnostics-show-note-include-stack -fmacro-backtrace-limit\=0 -std\=gnu99 -fobjc-arc -fmodules -gmodules -fmodules-cache-path\=/Users/oikhlas/Library/Developer/Xcode/DerivedData/ModuleCache.noindex -fmodules-prune-interval\=86400 -fmodules-prune-after\=345600 -fbuild-session-file\=/Users/oikhlas/Library/Developer/Xcode/DerivedData/ModuleCache.noindex/Session.modulevalidation -fmodules-validate-once-per-build-session -Wno-trigraphs -fpascal-strings -O0 -fno-common -Wmissing-field-initializers -Wno-missing-prototypes -Werror\=return-type -Wunreachable-code -Wquoted-include-in-framework-header -Wno-implicit-atomic-properties -Werror\=deprecated-objc-isa-usage -Wno-objc-interface-ivars -Werror\=objc-root-class -Warc-repeated-use-of-weak -Wno-arc-maybe-repeated-use-of-weak -Wimplicit-retain-self -Wduplicate-method-match -Wno-missing-braces -Wparentheses -Wswitch -Wunused-function -Wno-unused-label -Wunused-parameter -Wunused-variable -Wunused-value -Wempty-body -Wuninitialized -Wconditional-uninitialized -Wno-unknown-pragmas -pedantic -Wshadow -Wno-four-char-constants -Wconversion -Wconstant-conversion -Wint-conversion -Wbool-conversion -Wenum-conversion -Wfloat-conversion -Wnon-literal-null-conversion -Wobjc-literal-conversion -Wassign-enum -Wsign-compare -Wshorten-64-to-32 -Wpointer-sign -Wno-newline-eof -Wno-selector -Wno-strict-selector-match -Wundeclared-selector -Wdeprecated-implementations -Wno-implicit-fallthrough -DDEBUG\=1 -DOBJC_OLD_DISPATCH_PROTOTYPES\=0 -isysroot /Applications/Xcode.app/Contents/Developer/Platforms/iPhoneSimulator.platform/Developer/SDKs/iPhoneSimulator16.0.sdk -fasm-blocks -fstrict-aliasing -Wprotocol -Wdeprecated-declarations -g -Wno-sign-conversion -Winfinite-recursion -Wcomma -Wblock-capture-autoreleasing -Wstrict-prototypes -Wno-semicolon-before-method-body -fobjc-abi-version\=2 -fobjc-legacy-dispatch -iquote /Users/oikhlas/Library/Developer/Xcode/DerivedData/WebDriverAgent-bcmeffsllcldukgyoimwiehwhvyz/Build/Intermediates.noindex/WebDriverAgent.build/Debug-iphonesimulator/WebDriverAgentLib.build/WebDriverAgentLib-generated-files.hmap -I/Users/oikhlas/Library/Developer/Xcode/DerivedData/WebDriverAgent-bcmeffsllcldukgyoimwiehwhvyz/Build/Intermediates.noindex/WebDriverAgent.build/Debug-iphonesimulator/WebDriverAgentLib.build/WebDriverAgentLib-own-target-headers.hmap -I/Users/oikhlas/Library/Developer/Xcode/DerivedData/WebDriverAgent-bcmeffsllcldukgyoimwiehwhvyz/Build/Intermediates.noindex/WebDriverAgent.build/Debug-iphonesimulator/WebDriverAgentLib.build/WebDriverAgentLib-all-target-headers.hmap -iquote /Users/oikhlas/Library/Developer/Xcode/DerivedData/WebDriverAgent-bcmeffsllcldukgyoimwiehwhvyz/Build/Intermediates.noindex/WebDriverAgent.build/Debug-iphonesimulator/WebDriverAgentLib.build/WebDriverAgentLib-project-headers.hmap -I/Users/oikhlas/Library/Developer/Xcode/DerivedData/WebDriverAgent-bcmeffsllcldukgyoimwiehwhvyz/Build/Products/Debug-iphonesimulator/include -I/Applications/Xcode.app/Contents/Developer/Platforms/iPhoneSimulator.platform/Developer/SDKs/iPhoneSimulator16.0.sdk/usr/include/libxml2 -I/Users/oikhlas/.appium/node_modules/appium-xcuitest-driver/node_modules/appium-webdriveragent/Modules -I/Users/oikhlas/Library/Developer/Xcode/DerivedData/WebDriverAgent-bcmeffsllcldukgyoimwiehwhvyz/Build/Intermediates.noindex/WebDriverAgent.build/Debug-iphonesimulator/WebDriverAgentLib.build/DerivedSources-normal/x86_64 -I/Users/oikhlas/Library/Developer/Xcode/DerivedData/WebDriverAgent-bcmeffsllcldukgyoimwiehwhvyz/Build/Intermediates.noindex/WebDriverAgent.build/Debug-iphonesimulator/WebDriverAgentLib.build/DerivedSources/x86_64 -I/Users/oikhlas/Library/Developer/Xcode/DerivedData/WebDriverAgent-bcmeffsllcldukgyoimwiehwhvyz/Build/Intermediates.noindex/WebDriverAgent.build/Debug-iphonesimulator/WebDriverAgentLib.build/DerivedSources -Weverything -Wno-objc-missing-property-synthesis -Wno-unused-macros -Wno-disabled-macro-expansion -Wno-gnu-statement-expression -Wno-language-extension-token -Wno-overriding-method-mismatch -Wno-missing-variable-declarations -Rno-module-build -Wno-auto-import -Wno-objc-interface-ivars -Wno-documentation-unknown-command -Wno-reserved-id-macro -Wno-unused-parameter -Wno-gnu-conditional-omitted-operand -Wno-explicit-ownership-type -Wno-date-time -Wno-cast-align -Wno-cstring-format-directive -Wno-double-promotion -Wno-partial-availability -Weverything -Wno-objc-missing-property-synthesis -Wno-unused-macros -Wno-disabled-macro-expansion -Wno-gnu-statement-expression -Wno-language-extension-token -Wno-overriding-method-mismatch -Wno-missing-variable-declarations -Rno-module-build -Wno-auto-import -Wno-objc-interface-ivars -Wno-documentation-unknown-command -Wno-reserved-id-macro -Wno-unused-parameter -Wno-gnu-conditional-omitted-operand -Wno-explicit-ownership-type -Wno-date-time -Wno-cast-align -Wno-cstring-format-directive -Wno-double-promotion -Wno-partial-availability -Wno-objc-messaging-id -Wno-direct-ivar-access -Wno-cast-qual -Wno-declaration-after-statement -F/Users/oikhlas/Library/Developer/Xcode/DerivedData/WebDriverAgent-bcmeffsllcldukgyoimwiehwhvyz/Build/Products/Debug-iphonesimulator -F/Applications/Xcode.app/Contents/Developer/Platforms/iPhoneSimulator.platform/Developer/Library/Frameworks -F/Applications/Xcode.app/Contents/Developer/Platforms/iPhoneSimulator.platform/Developer/Library/PrivateFrameworks -iframework /Applications/Xcode.app/Contents/Developer/Platforms/iPhoneSimulator.platform/Developer/SDKs/iPhoneSimulator16.0.sdk/Developer/Library/Frameworks -MMD -MT dependencies -MF /Users/oikhlas/Library/Developer/Xcode/DerivedData/WebDriverAgent-bcmeffsllcldukgyoimwiehwhvyz/Build/Intermediates.noindex/WebDriverAgent.build/Debug-iphonesimulator/WebDriverAgentLib.build/Objects-normal/x86_64/FBRunLoopSpinner.d --serialize-diagnostics /Users/oikhlas/Library/Developer/Xcode/DerivedData/WebDriverAgent-bcmeffsllcldukgyoimwiehwhvyz/Build/Intermediates.noindex/WebDriverAgent.build/Debug-iphonesimulator/WebDriverAgentLib.build/Objects-normal/x86_64/FBRunLoopSpinner.dia -c /Users/oikhlas/.appium/node_modules/appium-xcuitest-driver/node_modules/appium-webdriveragent/WebDriverAgentLib/Utilities/FBRunLoopSpinner.m -o /Users/oikhlas/Library/Developer/Xcode/DerivedData/WebDriverAgent-bcmeffsllcldukgyoimwiehwhvyz/Build/Intermediates.noindex/WebDriverAgent.build/Debug-iphonesimulator/WebDriverAgentLib.build/Objects-normal/x86_64/FBRunLoopSpinner.o
&amp#27;[38;5;173m[Xcode]&amp#27;[0m 
&amp#27;[38;5;173m[Xcode]&amp#27;[0m 
&amp#27;[38;5;173m[Xcode]&amp#27;[0m CompileC /Users/oikhlas/Library/Developer/Xcode/DerivedData/WebDriverAgent-bcmeffsllcldukgyoimwiehwhvyz/Build/Intermediates.noindex/WebDriverAgent.build/Debug-iphonesimulator/WebDriverAgentLib.build/Objects-normal/x86_64/FBRouteRequest.o /Users/oikhlas/.appium/node_modules/appium-xcuitest-driver/node_modules/appium-webdriveragent/WebDriverAgentLib/Routing/FBRouteRequest.m normal x86_64 objective-c com.apple.compilers.llvm.clang.1_0.compiler (in target 'WebDriverAgentLib' from project 'WebDriverAgent')
&amp#27;[38;5;173m[Xcode]&amp#27;[0m     cd /Users/oikhlas/.appium/node_modules/appium-xcuitest-driver/node_modules/appium-webdriveragent
&amp#27;[38;5;173m[Xcode]&amp#27;[0m     /Applications/Xcode.app/Contents/Developer/Toolchains/XcodeDefault.xctoolchain/usr/bin/clang -x objective-c -target x86_64-apple-ios16.0-simulator -fmessage-length\=0 -fdiagnostics-show-note-include-stack -fmacro-backtrace-limit\=0 -std\=gnu99 -fobjc-arc -fmodules -gmodules -fmodules-cache-path\=/Users/oikhlas/Library/Developer/Xcode/DerivedData/ModuleCache.noindex -fmodules-prune-interval\=86400 -fmodules-prune-after\=345600 -fbuild-session-file\=/Users/oikhlas/Library/Developer/Xcode/DerivedData/ModuleCache.noindex/Session.modulevalidation -fmodules-validate-once-per-build-session -Wno-trigraphs -fpascal-strings -O0 -fno-common -Wmissing-field-initializers -Wno-missing-prototypes -Werror\=return-type -Wunreachable-code -Wquoted-include-in-framework-header -Wno-implicit-atomic-properties -Werror\=deprecated-objc-isa-usage -Wno-objc-interface-ivars -Werror\=objc-root-class -Warc-repeated-use-of-weak -Wno-arc-maybe-repeated-use-of-weak -Wimplicit-retain-self -Wduplicate-method-match -Wno-missing-braces -Wparentheses -Wswitch -Wunused-function -Wno-unused-label -Wunused-parameter -Wunused-variable -Wunused-value -Wempty-body -Wuninitialized -Wconditional-uninitialized -Wno-unknown-pragmas -pedantic -Wshadow -Wno-four-char-constants -Wconversion -Wconstant-conversion -Wint-conversion -Wbool-conversion -Wenum-conversion -Wfloat-conversion -Wnon-literal-null-conversion -Wobjc-literal-conversion -Wassign-enum -Wsign-compare -Wshorten-64-to-32 -Wpointer-sign -Wno-newline-eof -Wno-selector -Wno-strict-selector-match -Wundeclared-selector -Wdeprecated-implementations -Wno-implicit-fallthrough -DDEBUG\=1 -DOBJC_OLD_DISPATCH_PROTOTYPES\=0 -isysroot /Applications/Xcode.app/Contents/Developer/Platforms/iPhoneSimulator.platform/Developer/SDKs/iPhoneSimulator16.0.sdk -fasm-blocks -fstrict-aliasing -Wprotocol -Wdeprecated-declarations -g -Wno-sign-conversion -Winfinite-recursion -Wcomma -Wblock-capture-autoreleasing -Wstrict-prototypes -Wno-semicolon-before-method-body -fobjc-abi-version\=2 -fobjc-legacy-dispatch -iquote /Users/oikhlas/Library/Developer/Xcode/DerivedData/WebDriverAgent-bcmeffsllcldukgyoimwiehwhvyz/Build/Intermediates.noindex/WebDriverAgent.build/Debug-iphonesimulator/WebDriverAgentLib.build/WebDriverAgentLib-generated-files.hmap -I/Users/oikhlas/Library/Developer/Xcode/DerivedData/WebDriverAgent-bcmeffsllcldukgyoimwiehwhvyz/Build/Intermediates.noindex/WebDriverAgent.build/Debug-iphonesimulator/WebDriverAgentLib.build/WebDriverAgentLib-own-target-headers.hmap -I/Users/oikhlas/Library/Developer/Xcode/DerivedData/WebDriverAgent-bcmeffsllcldukgyoimwiehwhvyz/Build/Intermediates.noindex/WebDriverAgent.build/Debug-iphonesimulator/WebDriverAgentLib.build/WebDriverAgentLib-all-target-headers.hmap -iquote /Users/oikhlas/Library/Developer/Xcode/DerivedData/WebDriverAgent-bcmeffsllcldukgyoimwiehwhvyz/Build/Intermediates.noindex/WebDriverAgent.build/Debug-iphonesimulator/WebDriverAgentLib.build/WebDriverAgentLib-project-headers.hmap -I/Users/oikhlas/Library/Developer/Xcode/DerivedData/WebDriverAgent-bcmeffsllcldukgyoimwiehwhvyz/Build/Products/Debug-iphonesimulator/include -I/Applications/Xcode.app/Contents/Developer/Platforms/iPhoneSimulator.platform/Developer/SDKs/iPhoneSimulator16.0.sdk/usr/include/libxml2 -I/Users/oikhlas/.appium/node_modules/appium-xcuitest-driver/node_modules/appium-webdriveragent/Modules -I/Users/oikhlas/Library/Developer/Xcode/DerivedData/WebDriverAgent-bcmeffsllcldukgyoimwiehwhvyz/Build/Intermediates.noindex/WebDriverAgent.build/Debug-iphonesimulator/WebDriverAgentLib.build/DerivedSources-normal/x86_64 -I/Users/oikhlas/Library/Developer/Xcode/DerivedData/WebDriverAgent-bcmeffsllcldukgyoimwiehwhvyz/Build/Intermediates.noindex/WebDriverAgent.build/Debug-iphonesimulator/WebDriverAgentLib.build/DerivedSources/x86_64 -I/Users/oikhlas/Library/Developer/Xcode/DerivedData/WebDriverAgent-bcmeffsllcldukgyoimwiehwhvyz/Build/Intermediates.noindex/WebDriverAgent.build/Debug-iphonesimulator/WebDriverAgentLib.build/DerivedSources -Weverything -Wno-objc-missing-property-synthesis -Wno-unused-macros -Wno-disabled-macro-expansion -Wno-gnu-statement-expression -Wno-language-extension-token -Wno-overriding-method-mismatch -Wno-missing-variable-declarations -Rno-module-build -Wno-auto-import -Wno-objc-interface-ivars -Wno-documentation-unknown-command -Wno-reserved-id-macro -Wno-unused-parameter -Wno-gnu-conditional-omitted-operand -Wno-explicit-ownership-type -Wno-date-time -Wno-cast-align -Wno-cstring-format-directive -Wno-double-promotion -Wno-partial-availability -Weverything -Wno-objc-missing-property-synthesis -Wno-unused-macros -Wno-disabled-macro-expansion -Wno-gnu-statement-expression -Wno-language-extension-token -Wno-overriding-method-mismatch -Wno-missing-variable-declarations -Rno-module-build -Wno-auto-import -Wno-objc-interface-ivars -Wno-documentation-unknown-command -Wno-reserved-id-macro -Wno-unused-parameter -Wno-gnu-conditional-omitted-operand -Wno-explicit-ownership-type -Wno-date-time -Wno-cast-align -Wno-cstring-format-directive -Wno-double-promotion -Wno-partial-availability -Wno-objc-messaging-id -Wno-direct-ivar-access -Wno-cast-qual -Wno-declaration-after-statement -F/Users/oikhlas/Library/Developer/Xcode/DerivedData/WebDriverAgent-bcmeffsllcldukgyoimwiehwhvyz/Build/Products/Debug-iphonesimulator -F/Applications/Xcode.app/Contents/Developer/Platforms/iPhoneSimulator.platform/Developer/Library/Frameworks -F/Applications/Xcode.app/Contents/Developer/Platforms/iPhoneSimulator.platform/Developer/Library/PrivateFrameworks -iframework /Applications/Xcode.app/Contents/Developer/Platforms/iPhoneSimulator.platform/Developer/SDKs/iPhoneSimulator16.0.sdk/Developer/Library/Frameworks -MMD -MT dependencies -MF /Users/oikhlas/Library/Developer/Xcode/DerivedData/WebDriverAgent-bcmeffsllcldukgyoimwiehwhvyz/Build/Intermediates.noindex/WebDriverAgent.build/Debug-iphonesimulator/WebDriverAgentLib.build/Objects-normal/x86_64/FBRouteRequest.d --serialize-diagnostics /Users/oikhlas/Library/Developer/Xcode/DerivedData/WebDriverAgent-bcmeffsllcldukgyoimwiehwhvyz/Build/Intermediates.noindex/WebDriverAgent.build/Debug-iphonesimulator/WebDriverAgentLib.build/Objects-normal/x86_64/FBRouteRequest.dia -c /Users/oikhlas/.appium/node_modules/appium-xcuitest-driver/node_modules/appium-webdriveragent/WebDriverAgentLib/Routing/FBRouteRequest.m -o /Users/oikhlas/Library/Developer/Xcode/DerivedData/WebDriverAgent-bcmeffsllcldukgyoimwiehwhvyz/Build/Intermediates.noindex/WebDriverAgent.build/Debug-iphonesimulator/WebDriverAgentLib.build/Objects-normal/x86_64/FBRouteRequest.o
&amp#27;[38;5;173m[Xcode]&amp#27;[0m 
&amp#27;[38;5;173m[Xcode]&amp#27;[0m 
&amp#27;[38;5;173m[Xcode]&amp#27;[0m CompileC /Users/oikhlas/Library/Developer/Xcode/DerivedData/WebDriverAgent-bcmeffsllcldukgyoimwiehwhvyz/Build/Intermediates.noindex/WebDriverAgent.build/Debug-iphonesimulator/WebDriverAgentLib.build/Objects-normal/x86_64/FBRoute.o /Users/oikhlas/.appium/node_modules/appium-xcuitest-driver/node_modules/appium-webdriveragent/WebDriverAgentLib/Routing/FBRoute.m normal x86_64 objective-c com.apple.compilers.llvm.clang.1_0.compiler (in target 'WebDriverAgentLib' from project 'WebDriverAgent')
&amp#27;[38;5;173m[Xcode]&amp#27;[0m     cd /Users/oikhlas/.appium/node_modules/appium-xcuitest-driver/node_modules/appium-webdriveragent
&amp#27;[38;5;173m[Xcode]&amp#27;[0m     /Applications/Xcode.app/Contents/Developer/Toolchains/XcodeDefault.xctoolchain/usr/bin/clang -x objective-c -target x86_64-apple-ios16.0-simulator -fmessage-length\=0 -fdiagnostics-show-note-include-stack -fmacro-backtrace-limit\=0 -std\=gnu99 -fobjc-arc -fmodules -gmodules -fmodules-cache-path\=/Users/oikhlas/Library/Developer/Xcode/DerivedData/ModuleCache.noindex -fmodules-prune-interval\=86400 -fmodules-prune-after\=345600 -fbuild-session-file\=/Users/oikhlas/Library/Developer/Xcode/DerivedData/ModuleCache.noindex/Session.modulevalidation -fmodules-validate-once-per-build-session -Wno-trigraphs -fpascal-strings -O0 -fno-common -Wmissing-field-initializers -Wno-missing-prototypes -Werror\=return-type -Wunreachable-code -Wquoted-include-in-framework-header -Wno-implicit-atomic-properties -Werror\=deprecated-objc-isa-usage -Wno-objc-interface-ivars -Werror\=objc-root-class -Warc-repeated-use-of-weak -Wno-arc-maybe-repeated-use-of-weak -Wimplicit-retain-self -Wduplicate-method-match -Wno-missing-braces -Wparentheses -Wswitch -Wunused-function -Wno-unused-label -Wunused-parameter -Wunused-variable -Wunused-value -Wempty-body -Wuninitialized -Wconditional-uninitialized -Wno-unknown-pragmas -pedantic -Wshadow -Wno-four-char-constants -Wconversion -Wconstant-conversion -Wint-conversion -Wbool-conversion -Wenum-conversion -Wfloat-conversion -Wnon-literal-null-conversion -Wobjc-literal-conversion -Wassign-enum -Wsign-compare -Wshorten-64-to-32 -Wpointer-sign -Wno-newline-eof -Wno-selector -Wno-strict-selector-match -Wundeclared-selector -Wdeprecated-implementations -Wno-implicit-fallthrough -DDEBUG\=1 -DOBJC_OLD_DISPATCH_PROTOTYPES\=0 -isysroot /Applications/Xcode.app/Contents/Developer/Platforms/iPhoneSimulator.platform/Developer/SDKs/iPhoneSimulator16.0.sdk -fasm-blocks -fstrict-aliasing -Wprotocol -Wdeprecated-declarations -g -Wno-sign-conversion -Winfinite-recursion -Wcomma -Wblock-capture-autoreleasing -Wstrict-prototypes -Wno-semicolon-before-method-body -fobjc-abi-version\=2 -fobjc-legacy-dispatch -iquote /Users/oikhlas/Library/Developer/Xcode/DerivedData/WebDriverAgent-bcmeffsllcldukgyoimwiehwhvyz/Build/Intermediates.noindex/WebDriverAgent.build/Debug-iphonesimulator/WebDriverAgentLib.build/WebDriverAgentLib-generated-files.hmap -I/Users/oikhlas/Library/Developer/Xcode/DerivedData/WebDriverAgent-bcmeffsllcldukgyoimwiehwhvyz/Build/Intermediates.noindex/WebDriverAgent.build/Debug-iphonesimulator/WebDriverAgentLib.build/WebDriverAgentLib-own-target-headers.hmap -I/Users/oikhlas/Library/Developer/Xcode/DerivedData/WebDriverAgent-bcmeffsllcldukgyoimwiehwhvyz/Build/Intermediates.noindex/WebDriverAgent.build/Debug-iphonesimulator/WebDriverAgentLib.build/WebDriverAgentLib-all-target-headers.hmap -iquote /Users/oikhlas/Library/Developer/Xcode/DerivedData/WebDriverAgent-bcmeffsllcldukgyoimwiehwhvyz/Build/Intermediates.noindex/WebDriverAgent.build/Debug-iphonesimulator/WebDriverAgentLib.build/WebDriverAgentLib-project-headers.hmap -I/Users/oikhlas/Library/Developer/Xcode/DerivedData/WebDriverAgent-bcmeffsllcldukgyoimwiehwhvyz/Build/Products/Debug-iphonesimulator/include -I/Applications/Xcode.app/Contents/Developer/Platforms/iPhoneSimulator.platform/Developer/SDKs/iPhoneSimulator16.0.sdk/usr/include/libxml2 -I/Users/oikhlas/.appium/node_modules/appium-xcuitest-driver/node_modules/appium-webdriveragent/Modules -I/Users/oikhlas/Library/Developer/Xcode/DerivedData/WebDriverAgent-bcmeffsllcldukgyoimwiehwhvyz/Build/Intermediates.noindex/WebDriverAgent.build/Debug-iphonesimulator/WebDriverAgentLib.build/DerivedSources-normal/x86_64 -I/Users/oikhlas/Library/Developer/Xcode/DerivedData/WebDriverAgent-bcmeffsllcldukgyoimwiehwhvyz/Build/Intermediates.noindex/WebDriverAgent.build/Debug-iphonesimulator/WebDriverAgentLib.build/DerivedSources/x86_64 -I/Users/oikhlas/Library/Developer/Xcode/DerivedData/WebDriverAgent-bcmeffsllcldukgyoimwiehwhvyz/Build/Intermediates.noindex/WebDriverAgent.build/Debug-iphonesimulator/WebDriverAgentLib.build/DerivedSources -Weverything -Wno-objc-missing-property-synthesis -Wno-unused-macros -Wno-disabled-macro-expansion -Wno-gnu-statement-expression -Wno-language-extension-token -Wno-overriding-method-mismatch -Wno-missing-variable-declarations -Rno-module-build -Wno-auto-import -Wno-objc-interface-ivars -Wno-documentation-unknown-command -Wno-reserved-id-macro -Wno-unused-parameter -Wno-gnu-conditional-omitted-operand -Wno-explicit-ownership-type -Wno-date-time -Wno-cast-align -Wno-cstring-format-directive -Wno-double-promotion -Wno-partial-availability -Weverything -Wno-objc-missing-property-synthesis -Wno-unused-macros -Wno-disabled-macro-expansion -Wno-gnu-statement-expression -Wno-language-extension-token -Wno-overriding-method-mismatch -Wno-missing-variable-declarations -Rno-module-build -Wno-auto-import -Wno-objc-interface-ivars -Wno-documentation-unknown-command -Wno-reserved-id-macro -Wno-unused-parameter -Wno-gnu-conditional-omitted-operand -Wno-explicit-ownership-type -Wno-date-time -Wno-cast-align -Wno-cstring-format-directive -Wno-double-promotion -Wno-partial-availability -Wno-objc-messaging-id -Wno-direct-ivar-access -Wno-cast-qual -Wno-declaration-after-statement -F/Users/oikhlas/Library/Developer/Xcode/DerivedData/WebDriverAgent-bcmeffsllcldukgyoimwiehwhvyz/Build/Products/Debug-iphonesimulator -F/Applications/Xcode.app/Contents/Developer/Platforms/iPhoneSimulator.platform/Developer/Library/Frameworks -F/Applications/Xcode.app/Contents/Developer/Platforms/iPhoneSimulator.platform/Developer/Library/PrivateFrameworks -iframework /Applications/Xcode.app/Contents/Developer/Platforms/iPhoneSimulator.platform/Developer/SDKs/iPhoneSimulator16.0.sdk/Developer/Library/Frameworks -MMD -MT dependencies -MF /Users/oikhlas/Library/Developer/Xcode/DerivedData/WebDriverAgent-bcmeffsllcldukgyoimwiehwhvyz/Build/Intermediates.noindex/WebDriverAgent.build/Debug-iphonesimulator/WebDriverAgentLib.build/Objects-normal/x86_64/FBRoute.d --serialize-diagnostics /Users/oikhlas/Library/Developer/Xcode/DerivedData/WebDriverAgent-bcmeffsllcldukgyoimwiehwhvyz/Build/Intermediates.noindex/WebDriverAgent.build/Debug-iphonesimulator/WebDriverAgentLib.build/Objects-normal/x86_64/FBRoute.dia -c /Users/oikhlas/.appium/node_modules/appium-xcuitest-driver/node_modules/appium-webdriveragent/WebDriverAgentLib/Routing/FBRoute.m -o /Users/oikhlas/Library/Developer/Xcode/DerivedData/WebDriverAgent-bcmeffsllcldukgyoimwiehwhvyz/Build/Intermediates.noindex/WebDriverAgent.build/Debug-iphonesimulator/WebDriverAgentLib.build/Objects-normal/x86_64/FBRoute.o
&amp#27;[38;5;173m[Xcode]&amp#27;[0m 
&amp#27;[38;5;173m[Xcode]&amp#27;[0m 
&amp#27;[38;5;173m[Xcode]&amp#27;[0m CompileC /Users/oikhlas/Library/Developer/Xcode/DerivedData/WebDriverAgent-bcmeffsllcldukgyoimwiehwhvyz/Build/Intermediates.noindex/WebDriverAgent.build/Debug-iphonesimulator/WebDriverAgentLib.build/Objects-normal/x86_64/FBResponsePayload.o /Users/oikhlas/.appium/node_modules/appium-xcuitest-driver/node_modules/appium-webdriveragent/WebDriverAgentLib/Routing/FBResponsePayload.m normal x86_64 objective-c com.apple.compilers.llvm.clang.1_0.compiler (in target 'WebDriverAgentLib' from project 'WebDriverAgent')
&amp#27;[38;5;173m[Xcode]&amp#27;[0m     cd /Users/oikhlas/.appium/node_modules/appium-xcuitest-driver/node_modules/appium-webdriveragent
&amp#27;[38;5;173m[Xcode]&amp#27;[0m     /Applications/Xcode.app/Contents/Developer/Toolchains/XcodeDefault.xctoolchain/usr/bin/clang -x objective-c -target x86_64-apple-ios16.0-simulator -fmessage-length\=0 -fdiagnostics-show-note-include-stack -fmacro-backtrace-limit\=0 -std\=gnu99 -fobjc-arc -fmodules -gmodules -fmodules-cache-path\=/Users/oikhlas/Library/Developer/Xcode/DerivedData/ModuleCache.noindex -fmodules-prune-interval\=86400 -fmodules-prune-after\=345600 -fbuild-session-file\=/Users/oikhlas/Library/Developer/Xcode/DerivedData/ModuleCache.noindex/Session.modulevalidation -fmodules-validate-once-per-build-session -Wno-trigraphs -fpascal-strings -O0 -fno-common -Wmissing-field-initializers -Wno-missing-prototypes -Werror\=return-type -Wunreachable-code -Wquoted-include-in-framework-header -Wno-implicit-atomic-properties -Werror\=deprecated-objc-isa-usage -Wno-objc-interface-ivars -Werror\=objc-root-class -Warc-repeated-use-of-weak -Wno-arc-maybe-repeated-use-of-weak -Wimplicit-retain-self -Wduplicate-method-match -Wno-missing-braces -Wparentheses -Wswitch -Wunused-function -Wno-unused-label -Wunused-parameter -Wunused-variable -Wunused-value -Wempty-body -Wuninitialized -Wconditional-uninitialized -Wno-unknown-pragmas -pedantic -Wshadow -Wno-four-char-constants -Wconversion -Wconstant-conversion -Wint-conversion -Wbool-conversion -Wenum-conversion -Wfloat-conversion -Wnon-literal-null-conversion -Wobjc-literal-conversion -Wassign-enum -Wsign-compare -Wshorten-64-to-32 -Wpointer-sign -Wno-newline-eof -Wno-selector -Wno-strict-selector-match -Wundeclared-selector -Wdeprecated-implementations -Wno-implicit-fallthrough -DDEBUG\=1 -DOBJC_OLD_DISPATCH_PROTOTYPES\=0 -isysroot /Applications/Xcode.app/Contents/Developer/Platforms/iPhoneSimulator.platform/Developer/SDKs/iPhoneSimulator16.0.sdk -fasm-blocks -fstrict-aliasing -Wprotocol -Wdeprecated-declarations -g -Wno-sign-conversion -Winfinite-recursion -Wcomma -Wblock-capture-autoreleasing -Wstrict-prototypes -Wno-semicolon-before-method-body -fobjc-abi-version\=2 -fobjc-legacy-dispatch -iquote /Users/oikhlas/Library/Developer/Xcode/DerivedData/WebDriverAgent-bcmeffsllcldukgyoimwiehwhvyz/Build/Intermediates.noindex/WebDriverAgent.build/Debug-iphonesimulator/WebDriverAgentLib.build/WebDriverAgentLib-generated-files.hmap -I/Users/oikhlas/Library/Developer/Xcode/DerivedData/WebDriverAgent-bcmeffsllcldukgyoimwiehwhvyz/Build/Intermediates.noindex/WebDriverAgent.build/Debug-iphonesimulator/WebDriverAgentLib.build/WebDriverAgentLib-own-target-headers.hmap -I/Users/oikhlas/Library/Developer/Xcode/DerivedData/WebDriverAgent-bcmeffsllcldukgyoimwiehwhvyz/Build/Intermediates.noindex/WebDriverAgent.build/Debug-iphonesimulator/WebDriverAgentLib.build/WebDriverAgentLib-all-target-headers.hmap -iquote /Users/oikhlas/Library/Developer/Xcode/DerivedData/WebDriverAgent-bcmeffsllcldukgyoimwiehwhvyz/Build/Intermediates.noindex/WebDriverAgent.build/Debug-iphonesimulator/WebDriverAgentLib.build/WebDriverAgentLib-project-headers.hmap -I/Users/oikhlas/Library/Developer/Xcode/DerivedData/WebDriverAgent-bcmeffsllcldukgyoimwiehwhvyz/Build/Products/Debug-iphonesimulator/include -I/Applications/Xcode.app/Contents/Developer/Platforms/iPhoneSimulator.platform/Developer/SDKs/iPhoneSimulator16.0.sdk/usr/include/libxml2 -I/Users/oikhlas/.appium/node_modules/appium-xcuitest-driver/node_modules/appium-webdriveragent/Modules -I/Users/oikhlas/Library/Developer/Xcode/DerivedData/WebDriverAgent-bcmeffsllcldukgyoimwiehwhvyz/Build/Intermediates.noindex/WebDriverAgent.build/Debug-iphonesimulator/WebDriverAgentLib.build/DerivedSources-normal/x86_64 -I/Users/oikhlas/Library/Developer/Xcode/DerivedData/WebDriverAgent-bcmeffsllcldukgyoimwiehwhvyz/Build/Intermediates.noindex/WebDriverAgent.build/Debug-iphonesimulator/WebDriverAgentLib.build/DerivedSources/x86_64 -I/Users/oikhlas/Library/Developer/Xcode/DerivedData/WebDriverAgent-bcmeffsllcldukgyoimwiehwhvyz/Build/Intermediates.noindex/WebDriverAgent.build/Debug-iphonesimulator/WebDriverAgentLib.build/DerivedSources -Weverything -Wno-objc-missing-property-synthesis -Wno-unused-macros -Wno-disabled-macro-expansion -Wno-gnu-statement-expression -Wno-language-extension-token -Wno-overriding-method-mismatch -Wno-missing-variable-declarations -Rno-module-build -Wno-auto-import -Wno-objc-interface-ivars -Wno-documentation-unknown-command -Wno-reserved-id-macro -Wno-unused-parameter -Wno-gnu-conditional-omitted-operand -Wno-explicit-ownership-type -Wno-date-time -Wno-cast-align -Wno-cstring-format-directive -Wno-double-promotion -Wno-partial-availability -Weverything -Wno-objc-missing-property-synthesis -Wno-unused-macros -Wno-disabled-macro-expansion -Wno-gnu-statement-expression -Wno-language-extension-token -Wno-overriding-method-mismatch -Wno-missing-variable-declarations -Rno-module-build -Wno-auto-import -Wno-objc-interface-ivars -Wno-documentation-unknown-command -Wno-reserved-id-macro -Wno-unused-parameter -Wno-gnu-conditional-omitted-operand -Wno-explicit-ownership-type -Wno-date-time -Wno-cast-align -Wno-cstring-format-directive -Wno-double-promotion -Wno-partial-availability -Wno-objc-messaging-id -Wno-direct-ivar-access -Wno-cast-qual -Wno-declaration-after-statement -F/Users/oikhlas/Library/Developer/Xcode/DerivedData/WebDriverAgent-bcmeffsllcldukgyoimwiehwhvyz/Build/Products/Debug-iphonesimulator -F/Applications/Xcode.app/Contents/Developer/Platforms/iPhoneSimulator.platform/Developer/Library/Frameworks -F/Applications/Xcode.app/Contents/Developer/Platforms/iPhoneSimulator.platform/Developer/Library/PrivateFrameworks -iframework /Applications/Xcode.app/Contents/Developer/Platforms/iPhoneSimulator.platform/Developer/SDKs/iPhoneSimulator16.0.sdk/Developer/Library/Frameworks -MMD -MT dependencies -MF /Users/oikhlas/Library/Developer/Xcode/DerivedData/WebDriverAgent-bcmeffsllcldukgyoimwiehwhvyz/Build/Intermediates.noindex/WebDriverAgent.build/Debug-iphonesimulator/WebDriverAgentLib.build/Objects-normal/x86_64/FBResponsePayload.d --serialize-diagnostics /Users/oikhlas/Library/Developer/Xcode/DerivedData/WebDriverAgent-bcmeffsllcldukgyoimwiehwhvyz/Build/Intermediates.noindex/WebDriverAgent.build/Debug-iphonesimulator/WebDriverAgentLib.build/Objects-normal/x86_64/FBResponsePayload.dia -c /Users/oikhlas/.appium/node_modules/appium-xcuitest-driver/node_modules/appium-webdriveragent/WebDriverAgentLib/Routing/FBResponsePayload.m -o /Users/oikhlas/Library/Developer/Xcode/DerivedData/WebDriverAgent-bcmeffsllcldukgyoimwiehwhvyz/Build/Intermediates.noindex/WebDriverAgent.build/Debug-iphonesimulator/WebDriverAgentLib.build/Objects-normal/x86_64/FBResponsePayload.o
&amp#27;[38;5;173m[Xcode]&amp#27;[0m 
&amp#27;[38;5;173m[Xcode]&amp#27;[0m 
&amp#27;[38;5;173m[Xcode]&amp#27;[0m 
&amp#27;[38;5;173m[Xcode]&amp#27;[0m CompileC /Users/oikhlas/Library/Developer/Xcode/DerivedData/WebDriverAgent-bcmeffsllcldukgyoimwiehwhvyz/Build/Intermediates.noindex/WebDriverAgent.build/Debug-iphonesimulator/WebDriverAgentLib.build/Objects-normal/x86_64/FBResponseJSONPayload.o /Users/oikhlas/.appium/node_modules/appium-xcuitest-driver/node_modules/appium-webdriveragent/WebDriverAgentLib/Routing/FBResponseJSONPayload.m normal x86_64 objective-c com.apple.compilers.llvm.clang.1_0.compiler (in target 'WebDriverAgentLib' from project 'WebDriverAgent')
&amp#27;[38;5;173m[Xcode]&amp#27;[0m     cd /Users/oikhlas/.appium/node_modules/appium-xcuitest-driver/node_modules/appium-webdriveragent
&amp#27;[38;5;173m[Xcode]&amp#27;[0m     /Applications/Xcode.app/Contents/Developer/Toolchains/XcodeDefault.xctoolchain/usr/bin/clang -x objective-c -target x86_64-apple-ios16.0-simulator -fmessage-length\=0 -fdiagnostics-show-note-include-stack -fmacro-backtrace-limit\=0 -std\=gnu99 -fobjc-arc -fmodules -gmodules -fmodules-cache-path\=/Users/oikhlas/Library/Developer/Xcode/DerivedData/ModuleCache.noindex -fmodules-prune-interval\=86400 -fmodules-prune-after\=345600 -fbuild-session-file\=/Users/oikhlas/Library/Developer/Xcode/DerivedData/ModuleCache.noindex/Session.modulevalidation -fmodules-validate-once-per-build-session -Wno-trigraphs -fpascal-strings -O0 -fno-common -Wmissing-field-initializers -Wno-missing-prototypes -Werror\=return-type -Wunreachable-code -Wquoted-include-in-framework-header -Wno-implicit-atomic-properties -Werror\=deprecated-objc-isa-usage -Wno-objc-interface-ivars -Werror\=objc-root-class -Warc-repeated-use-of-weak -Wno-arc-maybe-repeated-use-of-weak -Wimplicit-retain-self -Wduplicate-method-match -Wno-missing-braces -Wparentheses -Wswitch -Wunused-function -Wno-unused-label -Wunused-parameter -Wunused-variable -Wunused-value -Wempty-body -Wuninitialized -Wconditional-uninitialized -Wno-unknown-pragmas -pedantic -Wshadow -Wno-four-char-constants -Wconversion -Wconstant-conversion -Wint-conversion -Wbool-conversion -Wenum-conversion -Wfloat-conversion -Wnon-literal-null-conversion -Wobjc-literal-conversion -Wassign-enum -Wsign-compare -Wshorten-64-to-32 -Wpointer-sign -Wno-newline-eof -Wno-selector -Wno-strict-selector-match -Wundeclared-selector -Wdeprecated-implementations -Wno-implicit-fallthrough -DDEBUG\=1 -DOBJC_OLD_DISPATCH_PROTOTYPES\=0 -isysroot /Applications/Xcode.app/Contents/Developer/Platforms/iPhoneSimulator.platform/Developer/SDKs/iPhoneSimulator16.0.sdk -fasm-blocks -fstrict-aliasing -Wprotocol -Wdeprecated-declarations -g -Wno-sign-conversion -Winfinite-recursion -Wcomma -Wblock-capture-autoreleasing -Wstrict-prototypes -Wno-semicolon-before-method-body -fobjc-abi-version\=2 -fobjc-legacy-dispatch -iquote /Users/oikhlas/Library/Developer/Xcode/DerivedData/WebDriverAgent-bcmeffsllcldukgyoimwiehwhvyz/Build/Intermediates.noindex/WebDriverAgent.build/Debug-iphonesimulator/WebDriverAgentLib.build/WebDriverAgentLib-generated-files.hmap -I/Users/oikhlas/Library/Developer/Xcode/DerivedData/WebDriverAgent-bcmeffsllcldukgyoimwiehwhvyz/Build/Intermediates.noindex/WebDriverAgent.build/Debug-iphonesimulator/WebDriverAgentLib.build/WebDriverAgentLib-own-target-headers.hmap -I/Users/oikhlas/Library/Developer/Xcode/DerivedData/WebDriverAgent-bcmeffsllcldukgyoimwiehwhvyz/Build/Intermediates.noindex/WebDriverAgent.build/Debug-iphonesimulator/WebDriverAgentLib.build/WebDriverAgentLib-all-target-headers.hmap -iquote /Users/oikhlas/Library/Developer/Xcode/DerivedData/WebDriverAgent-bcmeffsllcldukgyoimwiehwhvyz/Build/Intermediates.noindex/WebDriverAgent.build/Debug-iphonesimulator/WebDriverAgentLib.build/WebDriverAgentLib-project-headers.hmap -I/Users/oikhlas/Library/Developer/Xcode/DerivedData/WebDriverAgent-bcmeffsllcldukgyoimwiehwhvyz/Build/Products/Debug-iphonesimulator/include -I/Applications/Xcode.app/Contents/Developer/Platforms/iPhoneSimulator.platform/Developer/SDKs/iPhoneSimulator16.0.sdk/usr/include/libxml2 -I/Users/oikhlas/.appium/node_modules/appium-xcuitest-driver/node_modules/appium-webdriveragent/Modules -I/Users/oikhlas/Library/Developer/Xcode/DerivedData/WebDriverAgent-bcmeffsllcldukgyoimwiehwhvyz/Build/Intermediates.noindex/WebDriverAgent.build/Debug-iphonesimulator/WebDriverAgentLib.build/DerivedSources-normal/x86_64 -I/Users/oikhlas/Library/Developer/Xcode/DerivedData/WebDriverAgent-bcmeffsllcldukgyoimwiehwhvyz/Build/Intermediates.noindex/WebDriverAgent.build/Debug-iphonesimulator/WebDriverAgentLib.build/DerivedSources/x86_64 -I/Users/oikhlas/Library/Developer/Xcode/DerivedData/WebDriverAgent-bcmeffsllcldukgyoimwiehwhvyz/Build/Intermediates.noindex/WebDriverAgent.build/Debug-iphonesimulator/WebDriverAgentLib.build/DerivedSources -Weverything -Wno-objc-missing-property-synthesis -Wno-unused-macros -Wno-disabled-macro-expansion -Wno-gnu-statement-expression -Wno-language-extension-token -Wno-overriding-method-mismatch -Wno-missing-variable-declarations -Rno-module-build -Wno-auto-import -Wno-objc-interface-ivars -Wno-documentation-unknown-command -Wno-reserved-id-macro -Wno-unused-parameter -Wno-gnu-conditional-omitted-operand -Wno-explicit-ownership-type -Wno-date-time -Wno-cast-align -Wno-cstring-format-directive -Wno-double-promotion -Wno-partial-availability -Weverything -Wno-objc-missing-property-synthesis -Wno-unused-macros -Wno-disabled-macro-expansion -Wno-gnu-statement-expression -Wno-language-extension-token -Wno-overriding-method-mismatch -Wno-missing-variable-declarations -Rno-module-build -Wno-auto-import -Wno-objc-interface-ivars -Wno-documentation-unknown-command -Wno-reserved-id-macro -Wno-unused-parameter -Wno-gnu-conditional-omitted-operand -Wno-explicit-ownership-type -Wno-date-time -Wno-cast-align -Wno-cstring-format-directive -Wno-double-promotion -Wno-partial-availability -Wno-objc-messaging-id -Wno-direct-ivar-access -Wno-cast-qual -Wno-declaration-after-statement -F/Users/oikhlas/Library/Developer/Xcode/DerivedData/WebDriverAgent-bcmeffsllcldukgyoimwiehwhvyz/Build/Products/Debug-iphonesimulator -F/Applications/Xcode.app/Contents/Developer/Platforms/iPhoneSimulator.platform/Developer/Library/Frameworks -F/Applications/Xcode.app/Contents/Developer/Platforms/iPhoneSimulator.platform/Developer/Library/PrivateFrameworks -iframework /Applications/Xcode.app/Contents/Developer/Platforms/iPhoneSimulator.platform/Developer/SDKs/iPhoneSimulator16.0.sdk/Developer/Library/Frameworks -MMD -MT dependencies -MF /Users/oikhlas/Library/Developer/Xcode/DerivedData/WebDriverAgent-bcmeffsllcldukgyoimwiehwhvyz/Build/Intermediates.noindex/WebDriverAgent.build/Debug-iphonesimulator/WebDriverAgentLib.build/Objects-normal/x86_64/FBResponseJSONPayload.d --serialize-diagnostics /Users/oikhlas/Library/Developer/Xcode/DerivedData/WebDriverAgent-bcmeffsllcldukgyoimwiehwhvyz/Build/Intermediates.noindex/WebDriverAgent.build/Debug-iphonesimulator/WebDriverAgentLib.build/Objects-normal/x86_64/FBResponseJSONPayload.dia -c /Users/oikhlas/.appium/node_modules/appium-xcuitest-driver/node_modules/appium-webdriveragent/WebDriverAgentLib/Routing/FBResponseJSONPayload.m -o /Users/oikhlas/Library/Developer/Xcode/DerivedData/WebDriverAgent-bcmeffsllcldukgyoimwiehwhvyz/Build/Intermediates.noindex/WebDriverAgent.build/Debug-iphonesimulator/WebDriverAgentLib.build/Objects-normal/x86_64/FBResponseJSONPayload.o
&amp#27;[38;5;173m[Xcode]&amp#27;[0m 
&amp#27;[38;5;173m[Xcode]&amp#27;[0m 
&amp#27;[38;5;173m[Xcode]&amp#27;[0m CompileC /Users/oikhlas/Library/Developer/Xcode/DerivedData/WebDriverAgent-bcmeffsllcldukgyoimwiehwhvyz/Build/Intermediates.noindex/WebDriverAgent.build/Debug-iphonesimulator/WebDriverAgentLib.build/Objects-normal/x86_64/FBReflectionUtils.o /Users/oikhlas/.appium/node_modules/appium-xcuitest-driver/node_modules/appium-webdriveragent/WebDriverAgentLib/Utilities/FBReflectionUtils.m normal x86_64 objective-c com.apple.compilers.llvm.clang.1_0.compiler (in target 'WebDriverAgentLib' from project 'WebDriverAgent')
&amp#27;[38;5;173m[Xcode]&amp#27;[0m     cd /Users/oikhlas/.appium/node_modules/appium-xcuitest-driver/node_modules/appium-webdriveragent
&amp#27;[38;5;173m[Xcode]&amp#27;[0m     /Applications/Xcode.app/Contents/Developer/Toolchains/XcodeDefault.xctoolchain/usr/bin/clang -x objective-c -target x86_64-apple-ios16.0-simulator -fmessage-length\=0 -fdiagnostics-show-note-include-stack -fmacro-backtrace-limit\=0 -std\=gnu99 -fobjc-arc -fmodules -gmodules -fmodules-cache-path\=/Users/oikhlas/Library/Developer/Xcode/DerivedData/ModuleCache.noindex -fmodules-prune-interval\=86400 -fmodules-prune-after\=345600 -fbuild-session-file\=/Users/oikhlas/Library/Developer/Xcode/DerivedData/ModuleCache.noindex/Session.modulevalidation -fmodules-validate-once-per-build-session -Wno-trigraphs -fpascal-strings -O0 -fno-common -Wmissing-field-initializers -Wno-missing-prototypes -Werror\=return-type -Wunreachable-code -Wquoted-include-in-framework-header -Wno-implicit-atomic-properties -Werror\=deprecated-objc-isa-usage -Wno-objc-interface-ivars -Werror\=objc-root-class -Warc-repeated-use-of-weak -Wno-arc-maybe-repeated-use-of-weak -Wimplicit-retain-self -Wduplicate-method-match -Wno-missing-braces -Wparentheses -Wswitch -Wunused-function -Wno-unused-label -Wunused-parameter -Wunused-variable -Wunused-value -Wempty-body -Wuninitialized -Wconditional-uninitialized -Wno-unknown-pragmas -pedantic -Wshadow -Wno-four-char-constants -Wconversion -Wconstant-conversion -Wint-conversion -Wbool-conversion -Wenum-conversion -Wfloat-conversion -Wnon-literal-null-conversion -Wobjc-literal-conversion -Wassign-enum -Wsign-compare -Wshorten-64-to-32 -Wpointer-sign -Wno-newline-eof -Wno-selector -Wno-strict-selector-match -Wundeclared-selector -Wdeprecated-implementations -Wno-implicit-fallthrough -DDEBUG\=1 -DOBJC_OLD_DISPATCH_PROTOTYPES\=0 -isysroot /Applications/Xcode.app/Contents/Developer/Platforms/iPhoneSimulator.platform/Developer/SDKs/iPhoneSimulator16.0.sdk -fasm-blocks -fstrict-aliasing -Wprotocol -Wdeprecated-declarations -g -Wno-sign-conversion -Winfinite-recursion -Wcomma -Wblock-capture-autoreleasing -Wstrict-prototypes -Wno-semicolon-before-method-body -fobjc-abi-version\=2 -fobjc-legacy-dispatch -iquote /Users/oikhlas/Library/Developer/Xcode/DerivedData/WebDriverAgent-bcmeffsllcldukgyoimwiehwhvyz/Build/Intermediates.noindex/WebDriverAgent.build/Debug-iphonesimulator/WebDriverAgentLib.build/WebDriverAgentLib-generated-files.hmap -I/Users/oikhlas/Library/Developer/Xcode/DerivedData/WebDriverAgent-bcmeffsllcldukgyoimwiehwhvyz/Build/Intermediates.noindex/WebDriverAgent.build/Debug-iphonesimulator/WebDriverAgentLib.build/WebDriverAgentLib-own-target-headers.hmap -I/Users/oikhlas/Library/Developer/Xcode/DerivedData/WebDriverAgent-bcmeffsllcldukgyoimwiehwhvyz/Build/Intermediates.noindex/WebDriverAgent.build/Debug-iphonesimulator/WebDriverAgentLib.build/WebDriverAgentLib-all-target-headers.hmap -iquote /Users/oikhlas/Library/Developer/Xcode/DerivedData/WebDriverAgent-bcmeffsllcldukgyoimwiehwhvyz/Build/Intermediates.noindex/WebDriverAgent.build/Debug-iphonesimulator/WebDriverAgentLib.build/WebDriverAgentLib-project-headers.hmap -I/Users/oikhlas/Library/Developer/Xcode/DerivedData/WebDriverAgent-bcmeffsllcldukgyoimwiehwhvyz/Build/Products/Debug-iphonesimulator/include -I/Applications/Xcode.app/Contents/Developer/Platforms/iPhoneSimulator.platform/Developer/SDKs/iPhoneSimulator16.0.sdk/usr/include/libxml2 -I/Users/oikhlas/.appium/node_modules/appium-xcuitest-driver/node_modules/appium-webdriveragent/Modules -I/Users/oikhlas/Library/Developer/Xcode/DerivedData/WebDriverAgent-bcmeffsllcldukgyoimwiehwhvyz/Build/Intermediates.noindex/WebDriverAgent.build/Debug-iphonesimulator/WebDriverAgentLib.build/DerivedSources-normal/x86_64 -I/Users/oikhlas/Library/Developer/Xcode/DerivedData/WebDriverAgent-bcmeffsllcldukgyoimwiehwhvyz/Build/Intermediates.noindex/WebDriverAgent.build/Debug-iphonesimulator/WebDriverAgentLib.build/DerivedSources/x86_64 -I/Users/oikhlas/Library/Developer/Xcode/DerivedData/WebDriverAgent-bcmeffsllcldukgyoimwiehwhvyz/Build/Intermediates.noindex/WebDriverAgent.build/Debug-iphonesimulator/WebDriverAgentLib.build/DerivedSources -Weverything -Wno-objc-missing-property-synthesis -Wno-unused-macros -Wno-disabled-macro-expansion -Wno-gnu-statement-expression -Wno-language-extension-token -Wno-overriding-method-mismatch -Wno-missing-variable-declarations -Rno-module-build -Wno-auto-import -Wno-objc-interface-ivars -Wno-documentation-unknown-command -Wno-reserved-id-macro -Wno-unused-parameter -Wno-gnu-conditional-omitted-operand -Wno-explicit-ownership-type -Wno-date-time -Wno-cast-align -Wno-cstring-format-directive -Wno-double-promotion -Wno-partial-availability -Weverything -Wno-objc-missing-property-synthesis -Wno-unused-macros -Wno-disabled-macro-expansion -Wno-gnu-statement-expression -Wno-language-extension-token -Wno-overriding-method-mismatch -Wno-missing-variable-declarations -Rno-module-build -Wno-auto-import -Wno-objc-interface-ivars -Wno-documentation-unknown-command -Wno-reserved-id-macro -Wno-unused-parameter -Wno-gnu-conditional-omitted-operand -Wno-explicit-ownership-type -Wno-date-time -Wno-cast-align -Wno-cstring-format-directive -Wno-double-promotion -Wno-partial-availability -Wno-objc-messaging-id -Wno-direct-ivar-access -Wno-cast-qual -Wno-declaration-after-statement -F/Users/oikhlas/Library/Developer/Xcode/DerivedData/WebDriverAgent-bcmeffsllcldukgyoimwiehwhvyz/Build/Products/Debug-iphonesimulator -F/Applications/Xcode.app/Contents/Developer/Platforms/iPhoneSimulator.platform/Developer/Library/Frameworks -F/Applications/Xcode.app/Contents/Developer/Platforms/iPhoneSimulator.platform/Developer/Library/PrivateFrameworks -iframework /Applications/Xcode.app/Contents/Developer/Platforms/iPhoneSimulator.platform/Developer/SDKs/iPhoneSimulator16.0.sdk/Developer/Library/Frameworks -MMD -MT dependencies -MF /Users/oikhlas/Library/Developer/Xcode/DerivedData/WebDriverAgent-bcmeffsllcldukgyoimwiehwhvyz/Build/Intermediates.noindex/WebDriverAgent.build/Debug-iphonesimulator/WebDriverAgentLib.build/Objects-normal/x86_64/FBReflectionUtils.d --serialize-diagnostics /Users/oikhlas/Library/Developer/Xcode/DerivedData/WebDriverAgent-bcmeffsllcldukgyoimwiehwhvyz/Build/Intermediates.noindex/WebDriverAgent.build/Debug-iphonesimulator/WebDriverAgentLib.build/Objects-normal/x86_64/FBReflectionUtils.dia -c /Users/oikhlas/.appium/node_modules/appium-xcuitest-driver/node_modules/appium-webdriveragent/WebDriverAgentLib/Utilities/FBReflectionUtils.m -o /Users/oikhlas/Library/Developer/Xcode/DerivedData/WebDriverAgent-bcmeffsllcldukgyoimwiehwhvyz/Build/Intermediates.noindex/WebDriverAgent.build/Debug-iphonesimulator/WebDriverAgentLib.build/Objects-normal/x86_64/FBReflectionUtils.o
&amp#27;[38;5;173m[Xcode]&amp#27;[0m 
&amp#27;[38;5;173m[Xcode]&amp#27;[0m 
&amp#27;[38;5;173m[Xcode]&amp#27;[0m CompileC /Users/oikhlas/Library/Developer/Xcode/DerivedData/WebDriverAgent-bcmeffsllcldukgyoimwiehwhvyz/Build/Intermediates.noindex/WebDriverAgent.build/Debug-iphonesimulator/WebDriverAgentLib.build/Objects-normal/x86_64/FBProtocolHelpers.o /Users/oikhlas/.appium/node_modules/appium-xcuitest-driver/node_modules/appium-webdriveragent/WebDriverAgentLib/Utilities/FBProtocolHelpers.m normal x86_64 objective-c com.apple.compilers.llvm.clang.1_0.compiler (in target 'WebDriverAgentLib' from project 'WebDriverAgent')
&amp#27;[38;5;173m[Xcode]&amp#27;[0m     cd /Users/oikhlas/.appium/node_modules/appium-xcuitest-driver/node_modules/appium-webdriveragent
&amp#27;[38;5;173m[Xcode]&amp#27;[0m     /Applications/Xcode.app/Contents/Developer/Toolchains/XcodeDefault.xctoolchain/usr/bin/clang -x objective-c -target x86_64-apple-ios16.0-simulator -fmessage-length\=0 -fdiagnostics-show-note-include-stack -fmacro-backtrace-limit\=0 -std\=gnu99 -fobjc-arc -fmodules -gmodules -fmodules-cache-path\=/Users/oikhlas/Library/Developer/Xcode/DerivedData/ModuleCache.noindex -fmodules-prune-interval\=86400 -fmodules-prune-after\=345600 -fbuild-session-file\=/Users/oikhlas/Library/Developer/Xcode/DerivedData/ModuleCache.noindex/Session.modulevalidation -fmodules-validate-once-per-build-session -Wno-trigraphs -fpascal-strings -O0 -fno-common -Wmissing-field-initializers -Wno-missing-prototypes -Werror\=return-type -Wunreachable-code -Wquoted-include-in-framework-header -Wno-implicit-atomic-properties -Werror\=deprecated-objc-isa-usage -Wno-objc-interface-ivars -Werror\=objc-root-class -Warc-repeated-use-of-weak -Wno-arc-maybe-repeated-use-of-weak -Wimplicit-retain-self -Wduplicate-method-match -Wno-missing-braces -Wparentheses -Wswitch -Wunused-function -Wno-unused-label -Wunused-parameter -Wunused-variable -Wunused-value -Wempty-body -Wuninitialized -Wconditional-uninitialized -Wno-unknown-pragmas -pedantic -Wshadow -Wno-four-char-constants -Wconversion -Wconstant-conversion -Wint-conversion -Wbool-conversion -Wenum-conversion -Wfloat-conversion -Wnon-literal-null-conversion -Wobjc-literal-conversion -Wassign-enum -Wsign-compare -Wshorten-64-to-32 -Wpointer-sign -Wno-newline-eof -Wno-selector -Wno-strict-selector-match -Wundeclared-selector -Wdeprecated-implementations -Wno-implicit-fallthrough -DDEBUG\=1 -DOBJC_OLD_DISPATCH_PROTOTYPES\=0 -isysroot /Applications/Xcode.app/Contents/Developer/Platforms/iPhoneSimulator.platform/Developer/SDKs/iPhoneSimulator16.0.sdk -fasm-blocks -fstrict-aliasing -Wprotocol -Wdeprecated-declarations -g -Wno-sign-conversion -Winfinite-recursion -Wcomma -Wblock-capture-autoreleasing -Wstrict-prototypes -Wno-semicolon-before-method-body -fobjc-abi-version\=2 -fobjc-legacy-dispatch -iquote /Users/oikhlas/Library/Developer/Xcode/DerivedData/WebDriverAgent-bcmeffsllcldukgyoimwiehwhvyz/Build/Intermediates.noindex/WebDriverAgent.build/Debug-iphonesimulator/WebDriverAgentLib.build/WebDriverAgentLib-generated-files.hmap -I/Users/oikhlas/Library/Developer/Xcode/DerivedData/WebDriverAgent-bcmeffsllcldukgyoimwiehwhvyz/Build/Intermediates.noindex/WebDriverAgent.build/Debug-iphonesimulator/WebDriverAgentLib.build/WebDriverAgentLib-own-target-headers.hmap -I/Users/oikhlas/Library/Developer/Xcode/DerivedData/WebDriverAgent-bcmeffsllcldukgyoimwiehwhvyz/Build/Intermediates.noindex/WebDriverAgent.build/Debug-iphonesimulator/WebDriverAgentLib.build/WebDriverAgentLib-all-target-headers.hmap -iquote /Users/oikhlas/Library/Developer/Xcode/DerivedData/WebDriverAgent-bcmeffsllcldukgyoimwiehwhvyz/Build/Intermediates.noindex/WebDriverAgent.build/Debug-iphonesimulator/WebDriverAgentLib.build/WebDriverAgentLib-project-headers.hmap -I/Users/oikhlas/Library/Developer/Xcode/DerivedData/WebDriverAgent-bcmeffsllcldukgyoimwiehwhvyz/Build/Products/Debug-iphonesimulator/include -I/Applications/Xcode.app/Contents/Developer/Platforms/iPhoneSimulator.platform/Developer/SDKs/iPhoneSimulator16.0.sdk/usr/include/libxml2 -I/Users/oikhlas/.appium/node_modules/appium-xcuitest-driver/node_modules/appium-webdriveragent/Modules -I/Users/oikhlas/Library/Developer/Xcode/DerivedData/WebDriverAgent-bcmeffsllcldukgyoimwiehwhvyz/Build/Intermediates.noindex/WebDriverAgent.build/Debug-iphonesimulator/WebDriverAgentLib.build/DerivedSources-normal/x86_64 -I/Users/oikhlas/Library/Developer/Xcode/DerivedData/WebDriverAgent-bcmeffsllcldukgyoimwiehwhvyz/Build/Intermediates.noindex/WebDriverAgent.build/Debug-iphonesimulator/WebDriverAgentLib.build/DerivedSources/x86_64 -I/Users/oikhlas/Library/Developer/Xcode/DerivedData/WebDriverAgent-bcmeffsllcldukgyoimwiehwhvyz/Build/Intermediates.noindex/WebDriverAgent.build/Debug-iphonesimulator/WebDriverAgentLib.build/DerivedSources -Weverything -Wno-objc-missing-property-synthesis -Wno-unused-macros -Wno-disabled-macro-expansion -Wno-gnu-statement-expression -Wno-language-extension-token -Wno-overriding-method-mismatch -Wno-missing-variable-declarations -Rno-module-build -Wno-auto-import -Wno-objc-interface-ivars -Wno-documentation-unknown-command -Wno-reserved-id-macro -Wno-unused-parameter -Wno-gnu-conditional-omitted-operand -Wno-explicit-ownership-type -Wno-date-time -Wno-cast-align -Wno-cstring-format-directive -Wno-double-promotion -Wno-partial-availability -Weverything -Wno-objc-missing-property-synthesis -Wno-unused-macros -Wno-disabled-macro-expansion -Wno-gnu-statement-expression -Wno-language-extension-token -Wno-overriding-method-mismatch -Wno-missing-variable-declarations -Rno-module-build -Wno-auto-import -Wno-objc-interface-ivars -Wno-documentation-unknown-command -Wno-reserved-id-macro -Wno-unused-parameter -Wno-gnu-conditional-omitted-operand -Wno-explicit-ownership-type -Wno-date-time -Wno-cast-align -Wno-cstring-format-directive -Wno-double-promotion -Wno-partial-availability -Wno-objc-messaging-id -Wno-direct-ivar-access -Wno-cast-qual -Wno-declaration-after-statement -F/Users/oikhlas/Library/Developer/Xcode/DerivedData/WebDriverAgent-bcmeffsllcldukgyoimwiehwhvyz/Build/Products/Debug-iphonesimulator -F/Applications/Xcode.app/Contents/Developer/Platforms/iPhoneSimulator.platform/Developer/Library/Frameworks -F/Applications/Xcode.app/Contents/Developer/Platforms/iPhoneSimulator.platform/Developer/Library/PrivateFrameworks -iframework /Applications/Xcode.app/Contents/Developer/Platforms/iPhoneSimulator.platform/Developer/SDKs/iPhoneSimulator16.0.sdk/Developer/Library/Frameworks -MMD -MT dependencies -MF /Users/oikhlas/Library/Developer/Xcode/DerivedData/WebDriverAgent-bcmeffsllcldukgyoimwiehwhvyz/Build/Intermediates.noindex/WebDriverAgent.build/Debug-iphonesimulator/WebDriverAgentLib.build/Objects-normal/x86_64/FBProtocolHelpers.d --serialize-diagnostics /Users/oikhlas/Library/Developer/Xcode/DerivedData/WebDriverAgent-bcmeffsllcldukgyoimwiehwhvyz/Build/Intermediates.noindex/WebDriverAgent.build/Debug-iphonesimulator/WebDriverAgentLib.build/Objects-normal/x86_64/FBProtocolHelpers.dia -c /Users/oikhlas/.appium/node_modules/appium-xcuitest-driver/node_modules/appium-webdriveragent/WebDriverAgentLib/Utilities/FBProtocolHelpers.m -o /Users/oikhlas/Library/Developer/Xcode/DerivedData/WebDriverAgent-bcmeffsllcldukgyoimwiehwhvyz/Build/Intermediates.noindex/WebDriverAgent.build/Debug-iphonesimulator/WebDriverAgentLib.build/Objects-normal/x86_64/FBProtocolHelpers.o
&amp#27;[38;5;173m[Xcode]&amp#27;[0m 
&amp#27;[38;5;173m[Xcode]&amp#27;[0m 
&amp#27;[38;5;173m[Xcode]&amp#27;[0m CompileC /Users/oikhlas/Library/Developer/Xcode/DerivedData/WebDriverAgent-bcmeffsllcldukgyoimwiehwhvyz/Build/Intermediates.noindex/WebDriverAgent.build/Debug-iphonesimulator/WebDriverAgentLib.build/Objects-normal/x86_64/FBPasteboard.o /Users/oikhlas/.appium/node_modules/appium-xcuitest-driver/node_modules/appium-webdriveragent/WebDriverAgentLib/Utilities/FBPasteboard.m normal x86_64 objective-c com.apple.compilers.llvm.clang.1_0.compiler (in target 'WebDriverAgentLib' from project 'WebDriverAgent')
&amp#27;[38;5;173m[Xcode]&amp#27;[0m     cd /Users/oikhlas/.appium/node_modules/appium-xcuitest-driver/node_modules/appium-webdriveragent
&amp#27;[38;5;173m[Xcode]&amp#27;[0m     /Applications/Xcode.app/Contents/Developer/Toolchains/XcodeDefault.xctoolchain/usr/bin/clang -x objective-c -target x86_64-apple-ios16.0-simulator -fmessage-length\=0 -fdiagnostics-show-note-include-stack -fmacro-backtrace-limit\=0 -std\=gnu99 -fobjc-arc -fmodules -gmodules -fmodules-cache-path\=/Users/oikhlas/Library/Developer/Xcode/DerivedData/ModuleCache.noindex -fmodules-prune-interval\=86400 -fmodules-prune-after\=345600 -fbuild-session-file\=/Users/oikhlas/Library/Developer/Xcode/DerivedData/ModuleCache.noindex/Session.modulevalidation -fmodules-validate-once-per-build-session -Wno-trigraphs -fpascal-strings -O0 -fno-common -Wmissing-field-initializers -Wno-missing-prototypes -Werror\=return-type -Wunreachable-code -Wquoted-include-in-framework-header -Wno-implicit-atomic-properties -Werror\=deprecated-objc-isa-usage -Wno-objc-interface-ivars -Werror\=objc-root-class -Warc-repeated-use-of-weak -Wno-arc-maybe-repeated-use-of-weak -Wimplicit-retain-self -Wduplicate-method-match -Wno-missing-braces -Wparentheses -Wswitch -Wunused-function -Wno-unused-label -Wunused-parameter -Wunused-variable -Wunused-value -Wempty-body -Wuninitialized -Wconditional-uninitialized -Wno-unknown-pragmas -pedantic -Wshadow -Wno-four-char-constants -Wconversion -Wconstant-conversion -Wint-conversion -Wbool-conversion -Wenum-conversion -Wfloat-conversion -Wnon-literal-null-conversion -Wobjc-literal-conversion -Wassign-enum -Wsign-compare -Wshorten-64-to-32 -Wpointer-sign -Wno-newline-eof -Wno-selector -Wno-strict-selector-match -Wundeclared-selector -Wdeprecated-implementations -Wno-implicit-fallthrough -DDEBUG\=1 -DOBJC_OLD_DISPATCH_PROTOTYPES\=0 -isysroot /Applications/Xcode.app/Contents/Developer/Platforms/iPhoneSimulator.platform/Developer/SDKs/iPhoneSimulator16.0.sdk -fasm-blocks -fstrict-aliasing -Wprotocol -Wdeprecated-declarations -g -Wno-sign-conversion -Winfinite-recursion -Wcomma -Wblock-capture-autoreleasing -Wstrict-prototypes -Wno-semicolon-before-method-body -fobjc-abi-version\=2 -fobjc-legacy-dispatch -iquote /Users/oikhlas/Library/Developer/Xcode/DerivedData/WebDriverAgent-bcmeffsllcldukgyoimwiehwhvyz/Build/Intermediates.noindex/WebDriverAgent.build/Debug-iphonesimulator/WebDriverAgentLib.build/WebDriverAgentLib-generated-files.hmap -I/Users/oikhlas/Library/Developer/Xcode/DerivedData/WebDriverAgent-bcmeffsllcldukgyoimwiehwhvyz/Build/Intermediates.noindex/WebDriverAgent.build/Debug-iphonesimulator/WebDriverAgentLib.build/WebDriverAgentLib-own-target-headers.hmap -I/Users/oikhlas/Library/Developer/Xcode/DerivedData/WebDriverAgent-bcmeffsllcldukgyoimwiehwhvyz/Build/Intermediates.noindex/WebDriverAgent.build/Debug-iphonesimulator/WebDriverAgentLib.build/WebDriverAgentLib-all-target-headers.hmap -iquote /Users/oikhlas/Library/Developer/Xcode/DerivedData/WebDriverAgent-bcmeffsllcldukgyoimwiehwhvyz/Build/Intermediates.noindex/WebDriverAgent.build/Debug-iphonesimulator/WebDriverAgentLib.build/WebDriverAgentLib-project-headers.hmap -I/Users/oikhlas/Library/Developer/Xcode/DerivedData/WebDriverAgent-bcmeffsllcldukgyoimwiehwhvyz/Build/Products/Debug-iphonesimulator/include -I/Applications/Xcode.app/Contents/Developer/Platforms/iPhoneSimulator.platform/Developer/SDKs/iPhoneSimulator16.0.sdk/usr/include/libxml2 -I/Users/oikhlas/.appium/node_modules/appium-xcuitest-driver/node_modules/appium-webdriveragent/Modules -I/Users/oikhlas/Library/Developer/Xcode/DerivedData/WebDriverAgent-bcmeffsllcldukgyoimwiehwhvyz/Build/Intermediates.noindex/WebDriverAgent.build/Debug-iphonesimulator/WebDriverAgentLib.build/DerivedSources-normal/x86_64 -I/Users/oikhlas/Library/Developer/Xcode/DerivedData/WebDriverAgent-bcmeffsllcldukgyoimwiehwhvyz/Build/Intermediates.noindex/WebDriverAgent.build/Debug-iphonesimulator/WebDriverAgentLib.build/DerivedSources/x86_64 -I/Users/oikhlas/Library/Developer/Xcode/DerivedData/WebDriverAgent-bcmeffsllcldukgyoimwiehwhvyz/Build/Intermediates.noindex/WebDriverAgent.build/Debug-iphonesimulator/WebDriverAgentLib.build/DerivedSources -Weverything -Wno-objc-missing-property-synthesis -Wno-unused-macros -Wno-disabled-macro-expansion -Wno-gnu-statement-expression -Wno-language-extension-token -Wno-overriding-method-mismatch -Wno-missing-variable-declarations -Rno-module-build -Wno-auto-import -Wno-objc-interface-ivars -Wno-documentation-unknown-command -Wno-reserved-id-macro -Wno-unused-parameter -Wno-gnu-conditional-omitted-operand -Wno-explicit-ownership-type -Wno-date-time -Wno-cast-align -Wno-cstring-format-directive -Wno-double-promotion -Wno-partial-availability -Weverything -Wno-objc-missing-property-synthesis -Wno-unused-macros -Wno-disabled-macro-expansion -Wno-gnu-statement-expression -Wno-language-extension-token -Wno-overriding-method-mismatch -Wno-missing-variable-declarations -Rno-module-build -Wno-auto-import -Wno-objc-interface-ivars -Wno-documentation-unknown-command -Wno-reserved-id-macro -Wno-unused-parameter -Wno-gnu-conditional-omitted-operand -Wno-explicit-ownership-type -Wno-date-time -Wno-cast-align -Wno-cstring-format-directive -Wno-double-promotion -Wno-partial-availability -Wno-objc-messaging-id -Wno-direct-ivar-access -Wno-cast-qual -Wno-declaration-after-statement -F/Users/oikhlas/Library/Developer/Xcode/DerivedData/WebDriverAgent-bcmeffsllcldukgyoimwiehwhvyz/Build/Products/Debug-iphonesimulator -F/Applications/Xcode.app/Contents/Developer/Platforms/iPhoneSimulator.platform/Developer/Library/Frameworks -F/Applications/Xcode.app/Contents/Developer/Platforms/iPhoneSimulator.platform/Developer/Library/PrivateFrameworks -iframework /Applications/Xcode.app/Contents/Developer/Platforms/iPhoneSimulator.platform/Developer/SDKs/iPhoneSimulator16.0.sdk/Developer/Library/Frameworks -MMD -MT dependencies -MF /Users/oikhlas/Library/Developer/Xcode/DerivedData/WebDriverAgent-bcmeffsllcldukgyoimwiehwhvyz/Build/Intermediates.noindex/WebDriverAgent.build/Debug-iphonesimulator/WebDriverAgentLib.build/Objects-normal/x86_64/FBPasteboard.d --serialize-diagnostics /Users/oikhlas/Library/Developer/Xcode/DerivedData/WebDriverAgent-bcmeffsllcldukgyoimwiehwhvyz/Build/Intermediates.noindex/WebDriverAgent.build/Debug-iphonesimulator/WebDriverAgentLib.build/Objects-normal/x86_64/FBPasteboard.dia -c /Users/oikhlas/.appium/node_modules/appium-xcuitest-driver/node_modules/appium-webdriveragent/WebDriverAgentLib/Utilities/FBPasteboard.m -o /Users/oikhlas/Library/Developer/Xcode/DerivedData/WebDriverAgent-bcmeffsllcldukgyoimwiehwhvyz/Build/Intermediates.noindex/WebDriverAgent.build/Debug-iphonesimulator/WebDriverAgentLib.build/Objects-normal/x86_64/FBPasteboard.o
&amp#27;[38;5;173m[Xcode]&amp#27;[0m 
&amp#27;[38;5;173m[Xcode]&amp#27;[0m 
&amp#27;[38;5;173m[Xcode]&amp#27;[0m CompileC /Users/oikhlas/Library/Developer/Xcode/DerivedData/WebDriverAgent-bcmeffsllcldukgyoimwiehwhvyz/Build/Intermediates.noindex/WebDriverAgent.build/Debug-iphonesimulator/WebDriverAgentLib.build/Objects-normal/x86_64/FBOrientationCommands.o /Users/oikhlas/.appium/node_modules/appium-xcuitest-driver/node_modules/appium-webdriveragent/WebDriverAgentLib/Commands/FBOrientationCommands.m normal x86_64 objective-c com.apple.compilers.llvm.clang.1_0.compiler (in target 'WebDriverAgentLib' from project 'WebDriverAgent')
&amp#27;[38;5;173m[Xcode]&amp#27;[0m     cd /Users/oikhlas/.appium/node_modules/appium-xcuitest-driver/node_modules/appium-webdriveragent
&amp#27;[38;5;173m[Xcode]&amp#27;[0m     /Applications/Xcode.app/Contents/Developer/Toolchains/XcodeDefault.xctoolchain/usr/bin/clang -x objective-c -target x86_64-apple-ios16.0-simulator -fmessage-length\=0 -fdiagnostics-show-note-include-stack -fmacro-backtrace-limit\=0 -std\=gnu99 -fobjc-arc -fmodules -gmodules -fmodules-cache-path\=/Users/oikhlas/Library/Developer/Xcode/DerivedData/ModuleCache.noindex -fmodules-prune-interval\=86400 -fmodules-prune-after\=345600 -fbuild-session-file\=/Users/oikhlas/Library/Developer/Xcode/DerivedData/ModuleCache.noindex/Session.modulevalidation -fmodules-validate-once-per-build-session -Wno-trigraphs -fpascal-strings -O0 -fno-common -Wmissing-field-initializers -Wno-missing-prototypes -Werror\=return-type -Wunreachable-code -Wquoted-include-in-framework-header -Wno-implicit-atomic-properties -Werror\=deprecated-objc-isa-usage -Wno-objc-interface-ivars -Werror\=objc-root-class -Warc-repeated-use-of-weak -Wno-arc-maybe-repeated-use-of-weak -Wimplicit-retain-self -Wduplicate-method-match -Wno-missing-braces -Wparentheses -Wswitch -Wunused-function -Wno-unused-label -Wunused-parameter -Wunused-variable -Wunused-value -Wempty-body -Wuninitialized -Wconditional-uninitialized -Wno-unknown-pragmas -pedantic -Wshadow -Wno-four-char-constants -Wconversion -Wconstant-conversion -Wint-conversion -Wbool-conversion -Wenum-conversion -Wfloat-conversion -Wnon-literal-null-conversion -Wobjc-literal-conversion -Wassign-enum -Wsign-compare -Wshorten-64-to-32 -Wpointer-sign -Wno-newline-eof -Wno-selector -Wno-strict-selector-match -Wundeclared-selector -Wdeprecated-implementations -Wno-implicit-fallthrough -DDEBUG\=1 -DOBJC_OLD_DISPATCH_PROTOTYPES\=0 -isysroot /Applications/Xcode.app/Contents/Developer/Platforms/iPhoneSimulator.platform/Developer/SDKs/iPhoneSimulator16.0.sdk -fasm-blocks -fstrict-aliasing -Wprotocol -Wdeprecated-declarations -g -Wno-sign-conversion -Winfinite-recursion -Wcomma -Wblock-capture-autoreleasing -Wstrict-prototypes -Wno-semicolon-before-method-body -fobjc-abi-version\=2 -fobjc-legacy-dispatch -iquote /Users/oikhlas/Library/Developer/Xcode/DerivedData/WebDriverAgent-bcmeffsllcldukgyoimwiehwhvyz/Build/Intermediates.noindex/WebDriverAgent.build/Debug-iphonesimulator/WebDriverAgentLib.build/WebDriverAgentLib-generated-files.hmap -I/Users/oikhlas/Library/Developer/Xcode/DerivedData/WebDriverAgent-bcmeffsllcldukgyoimwiehwhvyz/Build/Intermediates.noindex/WebDriverAgent.build/Debug-iphonesimulator/WebDriverAgentLib.build/WebDriverAgentLib-own-target-headers.hmap -I/Users/oikhlas/Library/Developer/Xcode/DerivedData/WebDriverAgent-bcmeffsllcldukgyoimwiehwhvyz/Build/Intermediates.noindex/WebDriverAgent.build/Debug-iphonesimulator/WebDriverAgentLib.build/WebDriverAgentLib-all-target-headers.hmap -iquote /Users/oikhlas/Library/Developer/Xcode/DerivedData/WebDriverAgent-bcmeffsllcldukgyoimwiehwhvyz/Build/Intermediates.noindex/WebDriverAgent.build/Debug-iphonesimulator/WebDriverAgentLib.build/WebDriverAgentLib-project-headers.hmap -I/Users/oikhlas/Library/Developer/Xcode/DerivedData/WebDriverAgent-bcmeffsllcldukgyoimwiehwhvyz/Build/Products/Debug-iphonesimulator/include -I/Applications/Xcode.app/Contents/Developer/Platforms/iPhoneSimulator.platform/Developer/SDKs/iPhoneSimulator16.0.sdk/usr/include/libxml2 -I/Users/oikhlas/.appium/node_modules/appium-xcuitest-driver/node_modules/appium-webdriveragent/Modules -I/Users/oikhlas/Library/Developer/Xcode/DerivedData/WebDriverAgent-bcmeffsllcldukgyoimwiehwhvyz/Build/Intermediates.noindex/WebDriverAgent.build/Debug-iphonesimulator/WebDriverAgentLib.build/DerivedSources-normal/x86_64 -I/Users/oikhlas/Library/Developer/Xcode/DerivedData/WebDriverAgent-bcmeffsllcldukgyoimwiehwhvyz/Build/Intermediates.noindex/WebDriverAgent.build/Debug-iphonesimulator/WebDriverAgentLib.build/DerivedSources/x86_64 -I/Users/oikhlas/Library/Developer/Xcode/DerivedData/WebDriverAgent-bcmeffsllcldukgyoimwiehwhvyz/Build/Intermediates.noindex/WebDriverAgent.build/Debug-iphonesimulator/WebDriverAgentLib.build/DerivedSources -Weverything -Wno-objc-missing-property-synthesis -Wno-unused-macros -Wno-disabled-macro-expansion -Wno-gnu-statement-expression -Wno-language-extension-token -Wno-overriding-method-mismatch -Wno-missing-variable-declarations -Rno-module-build -Wno-auto-import -Wno-objc-interface-ivars -Wno-documentation-unknown-command -Wno-reserved-id-macro -Wno-unused-parameter -Wno-gnu-conditional-omitted-operand -Wno-explicit-ownership-type -Wno-date-time -Wno-cast-align -Wno-cstring-format-directive -Wno-double-promotion -Wno-partial-availability -Weverything -Wno-objc-missing-property-synthesis -Wno-unused-macros -Wno-disabled-macro-expansion -Wno-gnu-statement-expression -Wno-language-extension-token -Wno-overriding-method-mismatch -Wno-missing-variable-declarations -Rno-module-build -Wno-auto-import -Wno-objc-interface-ivars -Wno-documentation-unknown-command -Wno-reserved-id-macro -Wno-unused-parameter -Wno-gnu-conditional-omitted-operand -Wno-explicit-ownership-type -Wno-date-time -Wno-cast-align -Wno-cstring-format-directive -Wno-double-promotion -Wno-partial-availability -Wno-objc-messaging-id -Wno-direct-ivar-access -Wno-cast-qual -Wno-declaration-after-statement -F/Users/oikhlas/Library/Developer/Xcode/DerivedData/WebDriverAgent-bcmeffsllcldukgyoimwiehwhvyz/Build/Products/Debug-iphonesimulator -F/Applications/Xcode.app/Contents/Developer/Platforms/iPhoneSimulator.platform/Developer/Library/Frameworks -F/Applications/Xcode.app/Contents/Developer/Platforms/iPhoneSimulator.platform/Developer/Library/PrivateFrameworks -iframework /Applications/Xcode.app/Contents/Developer/Platforms/iPhoneSimulator.platform/Developer/SDKs/iPhoneSimulator16.0.sdk/Developer/Library/Frameworks -MMD -MT dependencies -MF /Users/oikhlas/Library/Developer/Xcode/DerivedData/WebDriverAgent-bcmeffsllcldukgyoimwiehwhvyz/Build/Intermediates.noindex/WebDriverAgent.build/Debug-iphonesimulator/WebDriverAgentLib.build/Objects-normal/x86_64/FBOrientationCommands.d --serialize-diagnostics /Users/oikhlas/Library/Developer/Xcode/DerivedData/WebDriverAgent-bcmeffsllcldukgyoimwiehwhvyz/Build/Intermediates.noindex/WebDriverAgent.build/Debug-iphonesimulator/WebDriverAgentLib.build/Objects-normal/x86_64/FBOrientationCommands.dia -c /Users/oikhlas/.appium/node_modules/appium-xcuitest-driver/node_modules/appium-webdriveragent/WebDriverAgentLib/Commands/FBOrientationCommands.m -o /Users/oikhlas/Library/Developer/Xcode/DerivedData/WebDriverAgent-bcmeffsllcldukgyoimwiehwhvyz/Build/Intermediates.noindex/WebDriverAgent.build/Debug-iphonesimulator/WebDriverAgentLib.build/Objects-normal/x86_64/FBOrientationCommands.o
&amp#27;[38;5;173m[Xcode]&amp#27;[0m 
&amp#27;[38;5;173m[Xcode]&amp#27;[0m 
&amp#27;[38;5;173m[Xcode]&amp#27;[0m 
&amp#27;[38;5;173m[Xcode]&amp#27;[0m CompileC /Users/oikhlas/Library/Developer/Xcode/DerivedData/WebDriverAgent-bcmeffsllcldukgyoimwiehwhvyz/Build/Intermediates.noindex/WebDriverAgent.build/Debug-iphonesimulator/WebDriverAgentLib.build/Objects-normal/x86_64/FBNotificationsHelper.o /Users/oikhlas/.appium/node_modules/appium-xcuitest-driver/node_modules/appium-webdriveragent/WebDriverAgentLib/Utilities/FBNotificationsHelper.m normal x86_64 objective-c com.apple.compilers.llvm.clang.1_0.compiler (in target 'WebDriverAgentLib' from project 'WebDriverAgent')
&amp#27;[38;5;173m[Xcode]&amp#27;[0m     cd /Users/oikhlas/.appium/node_modules/appium-xcuitest-driver/node_modules/appium-webdriveragent
&amp#27;[38;5;173m[Xcode]&amp#27;[0m     /Applications/Xcode.app/Contents/Developer/Toolchains/XcodeDefault.xctoolchain/usr/bin/clang -x objective-c -target x86_64-apple-ios16.0-simulator -fmessage-length\=0 -fdiagnostics-show-note-include-stack -fmacro-backtrace-limit\=0 -std\=gnu99 -fobjc-arc -fmodules -gmodules -fmodules-cache-path\=/Users/oikhlas/Library/Developer/Xcode/DerivedData/ModuleCache.noindex -fmodules-prune-interval\=86400 -fmodules-prune-after\=345600 -fbuild-session-file\=/Users/oikhlas/Library/Developer/Xcode/DerivedData/ModuleCache.noindex/Session.modulevalidation -fmodules-validate-once-per-build-session -Wno-trigraphs -fpascal-strings -O0 -fno-common -Wmissing-field-initializers -Wno-missing-prototypes -Werror\=return-type -Wunreachable-code -Wquoted-include-in-framework-header -Wno-implicit-atomic-properties -Werror\=deprecated-objc-isa-usage -Wno-objc-interface-ivars -Werror\=objc-root-class -Warc-repeated-use-of-weak -Wno-arc-maybe-repeated-use-of-weak -Wimplicit-retain-self -Wduplicate-method-match -Wno-missing-braces -Wparentheses -Wswitch -Wunused-function -Wno-unused-label -Wunused-parameter -Wunused-variable -Wunused-value -Wempty-body -Wuninitialized -Wconditional-uninitialized -Wno-unknown-pragmas -pedantic -Wshadow -Wno-four-char-constants -Wconversion -Wconstant-conversion -Wint-conversion -Wbool-conversion -Wenum-conversion -Wfloat-conversion -Wnon-literal-null-conversion -Wobjc-literal-conversion -Wassign-enum -Wsign-compare -Wshorten-64-to-32 -Wpointer-sign -Wno-newline-eof -Wno-selector -Wno-strict-selector-match -Wundeclared-selector -Wdeprecated-implementations -Wno-implicit-fallthrough -DDEBUG\=1 -DOBJC_OLD_DISPATCH_PROTOTYPES\=0 -isysroot /Applications/Xcode.app/Contents/Developer/Platforms/iPhoneSimulator.platform/Developer/SDKs/iPhoneSimulator16.0.sdk -fasm-blocks -fstrict-aliasing -Wprotocol -Wdeprecated-declarations -g -Wno-sign-conversion -Winfinite-recursion -Wcomma -Wblock-capture-autoreleasing -Wstrict-prototypes -Wno-semicolon-before-method-body -fobjc-abi-version\=2 -fobjc-legacy-dispatch -iquote /Users/oikhlas/Library/Developer/Xcode/DerivedData/WebDriverAgent-bcmeffsllcldukgyoimwiehwhvyz/Build/Intermediates.noindex/WebDriverAgent.build/Debug-iphonesimulator/WebDriverAgentLib.build/WebDriverAgentLib-generated-files.hmap -I/Users/oikhlas/Library/Developer/Xcode/DerivedData/WebDriverAgent-bcmeffsllcldukgyoimwiehwhvyz/Build/Intermediates.noindex/WebDriverAgent.build/Debug-iphonesimulator/WebDriverAgentLib.build/WebDriverAgentLib-own-target-headers.hmap -I/Users/oikhlas/Library/Developer/Xcode/DerivedData/WebDriverAgent-bcmeffsllcldukgyoimwiehwhvyz/Build/Intermediates.noindex/WebDriverAgent.build/Debug-iphonesimulator/WebDriverAgentLib.build/WebDriverAgentLib-all-target-headers.hmap -iquote /Users/oikhlas/Library/Developer/Xcode/DerivedData/WebDriverAgent-bcmeffsllcldukgyoimwiehwhvyz/Build/Intermediates.noindex/WebDriverAgent.build/Debug-iphonesimulator/WebDriverAgentLib.build/WebDriverAgentLib-project-headers.hmap -I/Users/oikhlas/Library/Developer/Xcode/DerivedData/WebDriverAgent-bcmeffsllcldukgyoimwiehwhvyz/Build/Products/Debug-iphonesimulator/include -I/Applications/Xcode.app/Contents/Developer/Platforms/iPhoneSimulator.platform/Developer/SDKs/iPhoneSimulator16.0.sdk/usr/include/libxml2 -I/Users/oikhlas/.appium/node_modules/appium-xcuitest-driver/node_modules/appium-webdriveragent/Modules -I/Users/oikhlas/Library/Developer/Xcode/DerivedData/WebDriverAgent-bcmeffsllcldukgyoimwiehwhvyz/Build/Intermediates.noindex/WebDriverAgent.build/Debug-iphonesimulator/WebDriverAgentLib.build/DerivedSources-normal/x86_64 -I/Users/oikhlas/Library/Developer/Xcode/DerivedData/WebDriverAgent-bcmeffsllcldukgyoimwiehwhvyz/Build/Intermediates.noindex/WebDriverAgent.build/Debug-iphonesimulator/WebDriverAgentLib.build/DerivedSources/x86_64 -I/Users/oikhlas/Library/Developer/Xcode/DerivedData/WebDriverAgent-bcmeffsllcldukgyoimwiehwhvyz/Build/Intermediates.noindex/WebDriverAgent.build/Debug-iphonesimulator/WebDriverAgentLib.build/DerivedSources -Weverything -Wno-objc-missing-property-synthesis -Wno-unused-macros -Wno-disabled-macro-expansion -Wno-gnu-statement-expression -Wno-language-extension-token -Wno-overriding-method-mismatch -Wno-missing-variable-declarations -Rno-module-build -Wno-auto-import -Wno-objc-interface-ivars -Wno-documentation-unknown-command -Wno-reserved-id-macro -Wno-unused-parameter -Wno-gnu-conditional-omitted-operand -Wno-explicit-ownership-type -Wno-date-time -Wno-cast-align -Wno-cstring-format-directive -Wno-double-promotion -Wno-partial-availability -Weverything -Wno-objc-missing-property-synthesis -Wno-unused-macros -Wno-disabled-macro-expansion -Wno-gnu-statement-expression -Wno-language-extension-token -Wno-overriding-method-mismatch -Wno-missing-variable-declarations -Rno-module-build -Wno-auto-import -Wno-objc-interface-ivars -Wno-documentation-unknown-command -Wno-reserved-id-macro -Wno-unused-parameter -Wno-gnu-conditional-omitted-operand -Wno-explicit-ownership-type -Wno-date-time -Wno-cast-align -Wno-cstring-format-directive -Wno-double-promotion -Wno-partial-availability -Wno-objc-messaging-id -Wno-direct-ivar-access -Wno-cast-qual -Wno-declaration-after-statement -F/Users/oikhlas/Library/Developer/Xcode/DerivedData/WebDriverAgent-bcmeffsllcldukgyoimwiehwhvyz/Build/Products/Debug-iphonesimulator -F/Applications/Xcode.app/Contents/Developer/Platforms/iPhoneSimulator.platform/Developer/Library/Frameworks -F/Applications/Xcode.app/Contents/Developer/Platforms/iPhoneSimulator.platform/Developer/Library/PrivateFrameworks -iframework /Applications/Xcode.app/Contents/Developer/Platforms/iPhoneSimulator.platform/Developer/SDKs/iPhoneSimulator16.0.sdk/Developer/Library/Frameworks -MMD -MT dependencies -MF /Users/oikhlas/Library/Developer/Xcode/DerivedData/WebDriverAgent-bcmeffsllcldukgyoimwiehwhvyz/Build/Intermediates.noindex/WebDriverAgent.build/Debug-iphonesimulator/WebDriverAgentLib.build/Objects-normal/x86_64/FBNotificationsHelper.d --serialize-diagnostics /Users/oikhlas/Library/Developer/Xcode/DerivedData/WebDriverAgent-bcmeffsllcldukgyoimwiehwhvyz/Build/Intermediates.noindex/WebDriverAgent.build/Debug-iphonesimulator/WebDriverAgentLib.build/Objects-normal/x86_64/FBNotificationsHelper.dia -c /Users/oikhlas/.appium/node_modules/appium-xcuitest-driver/node_modules/appium-webdriveragent/WebDriverAgentLib/Utilities/FBNotificationsHelper.m -o /Users/oikhlas/Library/Developer/Xcode/DerivedData/WebDriverAgent-bcmeffsllcldukgyoimwiehwhvyz/Build/Intermediates.noindex/WebDriverAgent.build/Debug-iphonesimulator/WebDriverAgentLib.build/Objects-normal/x86_64/FBNotificationsHelper.o
&amp#27;[38;5;173m[Xcode]&amp#27;[0m 
&amp#27;[38;5;173m[Xcode]&amp#27;[0m 
&amp#27;[38;5;173m[Xcode]&amp#27;[0m CompileC /Users/oikhlas/Library/Developer/Xcode/DerivedData/WebDriverAgent-bcmeffsllcldukgyoimwiehwhvyz/Build/Intermediates.noindex/WebDriverAgent.build/Debug-iphonesimulator/WebDriverAgentLib.build/Objects-normal/x86_64/FBMjpegServer.o /Users/oikhlas/.appium/node_modules/appium-xcuitest-driver/node_modules/appium-webdriveragent/WebDriverAgentLib/Utilities/FBMjpegServer.m normal x86_64 objective-c com.apple.compilers.llvm.clang.1_0.compiler (in target 'WebDriverAgentLib' from project 'WebDriverAgent')
&amp#27;[38;5;173m[Xcode]&amp#27;[0m     cd /Users/oikhlas/.appium/node_modules/appium-xcuitest-driver/node_modules/appium-webdriveragent
&amp#27;[38;5;173m[Xcode]&amp#27;[0m     /Applications/Xcode.app/Contents/Developer/Toolchains/XcodeDefault.xctoolchain/usr/bin/clang -x objective-c -target x86_64-apple-ios16.0-simulator -fmessage-length\=0 -fdiagnostics-show-note-include-stack -fmacro-backtrace-limit\=0 -std\=gnu99 -fobjc-arc -fmodules -gmodules -fmodules-cache-path\=/Users/oikhlas/Library/Developer/Xcode/DerivedData/ModuleCache.noindex -fmodules-prune-interval\=86400 -fmodules-prune-after\=345600 -fbuild-session-file\=/Users/oikhlas/Library/Developer/Xcode/DerivedData/ModuleCache.noindex/Session.modulevalidation -fmodules-validate-once-per-build-session -Wno-trigraphs -fpascal-strings -O0 -fno-common -Wmissing-field-initializers -Wno-missing-prototypes -Werror\=return-type -Wunreachable-code -Wquoted-include-in-framework-header -Wno-implicit-atomic-properties -Werror\=deprecated-objc-isa-usage -Wno-objc-interface-ivars -Werror\=objc-root-class -Warc-repeated-use-of-weak -Wno-arc-maybe-repeated-use-of-weak -Wimplicit-retain-self -Wduplicate-method-match -Wno-missing-braces -Wparentheses -Wswitch -Wunused-function -Wno-unused-label -Wunused-parameter -Wunused-variable -Wunused-value -Wempty-body -Wuninitialized -Wconditional-uninitialized -Wno-unknown-pragmas -pedantic -Wshadow -Wno-four-char-constants -Wconversion -Wconstant-conversion -Wint-conversion -Wbool-conversion -Wenum-conversion -Wfloat-conversion -Wnon-literal-null-conversion -Wobjc-literal-conversion -Wassign-enum -Wsign-compare -Wshorten-64-to-32 -Wpointer-sign -Wno-newline-eof -Wno-selector -Wno-strict-selector-match -Wundeclared-selector -Wdeprecated-implementations -Wno-implicit-fallthrough -DDEBUG\=1 -DOBJC_OLD_DISPATCH_PROTOTYPES\=0 -isysroot /Applications/Xcode.app/Contents/Developer/Platforms/iPhoneSimulator.platform/Developer/SDKs/iPhoneSimulator16.0.sdk -fasm-blocks -fstrict-aliasing -Wprotocol -Wdeprecated-declarations -g -Wno-sign-conversion -Winfinite-recursion -Wcomma -Wblock-capture-autoreleasing -Wstrict-prototypes -Wno-semicolon-before-method-body -fobjc-abi-version\=2 -fobjc-legacy-dispatch -iquote /Users/oikhlas/Library/Developer/Xcode/DerivedData/WebDriverAgent-bcmeffsllcldukgyoimwiehwhvyz/Build/Intermediates.noindex/WebDriverAgent.build/Debug-iphonesimulator/WebDriverAgentLib.build/WebDriverAgentLib-generated-files.hmap -I/Users/oikhlas/Library/Developer/Xcode/DerivedData/WebDriverAgent-bcmeffsllcldukgyoimwiehwhvyz/Build/Intermediates.noindex/WebDriverAgent.build/Debug-iphonesimulator/WebDriverAgentLib.build/WebDriverAgentLib-own-target-headers.hmap -I/Users/oikhlas/Library/Developer/Xcode/DerivedData/WebDriverAgent-bcmeffsllcldukgyoimwiehwhvyz/Build/Intermediates.noindex/WebDriverAgent.build/Debug-iphonesimulator/WebDriverAgentLib.build/WebDriverAgentLib-all-target-headers.hmap -iquote /Users/oikhlas/Library/Developer/Xcode/DerivedData/WebDriverAgent-bcmeffsllcldukgyoimwiehwhvyz/Build/Intermediates.noindex/WebDriverAgent.build/Debug-iphonesimulator/WebDriverAgentLib.build/WebDriverAgentLib-project-headers.hmap -I/Users/oikhlas/Library/Developer/Xcode/DerivedData/WebDriverAgent-bcmeffsllcldukgyoimwiehwhvyz/Build/Products/Debug-iphonesimulator/include -I/Applications/Xcode.app/Contents/Developer/Platforms/iPhoneSimulator.platform/Developer/SDKs/iPhoneSimulator16.0.sdk/usr/include/libxml2 -I/Users/oikhlas/.appium/node_modules/appium-xcuitest-driver/node_modules/appium-webdriveragent/Modules -I/Users/oikhlas/Library/Developer/Xcode/DerivedData/WebDriverAgent-bcmeffsllcldukgyoimwiehwhvyz/Build/Intermediates.noindex/WebDriverAgent.build/Debug-iphonesimulator/WebDriverAgentLib.build/DerivedSources-normal/x86_64 -I/Users/oikhlas/Library/Developer/Xcode/DerivedData/WebDriverAgent-bcmeffsllcldukgyoimwiehwhvyz/Build/Intermediates.noindex/WebDriverAgent.build/Debug-iphonesimulator/WebDriverAgentLib.build/DerivedSources/x86_64 -I/Users/oikhlas/Library/Developer/Xcode/DerivedData/WebDriverAgent-bcmeffsllcldukgyoimwiehwhvyz/Build/Intermediates.noindex/WebDriverAgent.build/Debug-iphonesimulator/WebDriverAgentLib.build/DerivedSources -Weverything -Wno-objc-missing-property-synthesis -Wno-unused-macros -Wno-disabled-macro-expansion -Wno-gnu-statement-expression -Wno-language-extension-token -Wno-overriding-method-mismatch -Wno-missing-variable-declarations -Rno-module-build -Wno-auto-import -Wno-objc-interface-ivars -Wno-documentation-unknown-command -Wno-reserved-id-macro -Wno-unused-parameter -Wno-gnu-conditional-omitted-operand -Wno-explicit-ownership-type -Wno-date-time -Wno-cast-align -Wno-cstring-format-directive -Wno-double-promotion -Wno-partial-availability -Weverything -Wno-objc-missing-property-synthesis -Wno-unused-macros -Wno-disabled-macro-expansion -Wno-gnu-statement-expression -Wno-language-extension-token -Wno-overriding-method-mismatch -Wno-missing-variable-declarations -Rno-module-build -Wno-auto-import -Wno-objc-interface-ivars -Wno-documentation-unknown-command -Wno-reserved-id-macro -Wno-unused-parameter -Wno-gnu-conditional-omitted-operand -Wno-explicit-ownership-type -Wno-date-time -Wno-cast-align -Wno-cstring-format-directive -Wno-double-promotion -Wno-partial-availability -Wno-objc-messaging-id -Wno-direct-ivar-access -Wno-cast-qual -Wno-declaration-after-statement -F/Users/oikhlas/Library/Developer/Xcode/DerivedData/WebDriverAgent-bcmeffsllcldukgyoimwiehwhvyz/Build/Products/Debug-iphonesimulator -F/Applications/Xcode.app/Contents/Developer/Platforms/iPhoneSimulator.platform/Developer/Library/Frameworks -F/Applications/Xcode.app/Contents/Developer/Platforms/iPhoneSimulator.platform/Developer/Library/PrivateFrameworks -iframework /Applications/Xcode.app/Contents/Developer/Platforms/iPhoneSimulator.platform/Developer/SDKs/iPhoneSimulator16.0.sdk/Developer/Library/Frameworks -MMD -MT dependencies -MF /Users/oikhlas/Library/Developer/Xcode/DerivedData/WebDriverAgent-bcmeffsllcldukgyoimwiehwhvyz/Build/Intermediates.noindex/WebDriverAgent.build/Debug-iphonesimulator/WebDriverAgentLib.build/Objects-normal/x86_64/FBMjpegServer.d --serialize-diagnostics /Users/oikhlas/Library/Developer/Xcode/DerivedData/WebDriverAgent-bcmeffsllcldukgyoimwiehwhvyz/Build/Intermediates.noindex/WebDriverAgent.build/Debug-iphonesimulator/WebDriverAgentLib.build/Objects-normal/x86_64/FBMjpegServer.dia -c /Users/oikhlas/.appium/node_modules/appium-xcuitest-driver/node_modules/appium-webdriveragent/WebDriverAgentLib/Utilities/FBMjpegServer.m -o /Users/oikhlas/Library/Developer/Xcode/DerivedData/WebDriverAgent-bcmeffsllcldukgyoimwiehwhvyz/Build/Intermediates.noindex/WebDriverAgent.build/Debug-iphonesimulator/WebDriverAgentLib.build/Objects-normal/x86_64/FBMjpegServer.o
&amp#27;[38;5;173m[Xcode]&amp#27;[0m 
&amp#27;[38;5;173m[Xcode]&amp#27;[0m 
&amp#27;[38;5;173m[Xcode]&amp#27;[0m 
&amp#27;[38;5;173m[Xcode]&amp#27;[0m CompileC /Users/oikhlas/Library/Developer/Xcode/DerivedData/WebDriverAgent-bcmeffsllcldukgyoimwiehwhvyz/Build/Intermediates.noindex/WebDriverAgent.build/Debug-iphonesimulator/WebDriverAgentLib.build/Objects-normal/x86_64/FBMathUtils.o /Users/oikhlas/.appium/node_modules/appium-xcuitest-driver/node_modules/appium-webdriveragent/WebDriverAgentLib/Utilities/FBMathUtils.m normal x86_64 objective-c com.apple.compilers.llvm.clang.1_0.compiler (in target 'WebDriverAgentLib' from project 'WebDriverAgent')
&amp#27;[38;5;173m[Xcode]&amp#27;[0m     cd /Users/oikhlas/.appium/node_modules/appium-xcuitest-driver/node_modules/appium-webdriveragent
&amp#27;[38;5;173m[Xcode]&amp#27;[0m     /Applications/Xcode.app/Contents/Developer/Toolchains/XcodeDefault.xctoolchain/usr/bin/clang -x objective-c -target x86_64-apple-ios16.0-simulator -fmessage-length\=0 -fdiagnostics-show-note-include-stack -fmacro-backtrace-limit\=0 -std\=gnu99 -fobjc-arc -fmodules -gmodules -fmodules-cache-path\=/Users/oikhlas/Library/Developer/Xcode/DerivedData/ModuleCache.noindex -fmodules-prune-interval\=86400 -fmodules-prune-after\=345600 -fbuild-session-file\=/Users/oikhlas/Library/Developer/Xcode/DerivedData/ModuleCache.noindex/Session.modulevalidation -fmodules-validate-once-per-build-session -Wno-trigraphs -fpascal-strings -O0 -fno-common -Wmissing-field-initializers -Wno-missing-prototypes -Werror\=return-type -Wunreachable-code -Wquoted-include-in-framework-header -Wno-implicit-atomic-properties -Werror\=deprecated-objc-isa-usage -Wno-objc-interface-ivars -Werror\=objc-root-class -Warc-repeated-use-of-weak -Wno-arc-maybe-repeated-use-of-weak -Wimplicit-retain-self -Wduplicate-method-match -Wno-missing-braces -Wparentheses -Wswitch -Wunused-function -Wno-unused-label -Wunused-parameter -Wunused-variable -Wunused-value -Wempty-body -Wuninitialized -Wconditional-uninitialized -Wno-unknown-pragmas -pedantic -Wshadow -Wno-four-char-constants -Wconversion -Wconstant-conversion -Wint-conversion -Wbool-conversion -Wenum-conversion -Wfloat-conversion -Wnon-literal-null-conversion -Wobjc-literal-conversion -Wassign-enum -Wsign-compare -Wshorten-64-to-32 -Wpointer-sign -Wno-newline-eof -Wno-selector -Wno-strict-selector-match -Wundeclared-selector -Wdeprecated-implementations -Wno-implicit-fallthrough -DDEBUG\=1 -DOBJC_OLD_DISPATCH_PROTOTYPES\=0 -isysroot /Applications/Xcode.app/Contents/Developer/Platforms/iPhoneSimulator.platform/Developer/SDKs/iPhoneSimulator16.0.sdk -fasm-blocks -fstrict-aliasing -Wprotocol -Wdeprecated-declarations -g -Wno-sign-conversion -Winfinite-recursion -Wcomma -Wblock-capture-autoreleasing -Wstrict-prototypes -Wno-semicolon-before-method-body -fobjc-abi-version\=2 -fobjc-legacy-dispatch -iquote /Users/oikhlas/Library/Developer/Xcode/DerivedData/WebDriverAgent-bcmeffsllcldukgyoimwiehwhvyz/Build/Intermediates.noindex/WebDriverAgent.build/Debug-iphonesimulator/WebDriverAgentLib.build/WebDriverAgentLib-generated-files.hmap -I/Users/oikhlas/Library/Developer/Xcode/DerivedData/WebDriverAgent-bcmeffsllcldukgyoimwiehwhvyz/Build/Intermediates.noindex/WebDriverAgent.build/Debug-iphonesimulator/WebDriverAgentLib.build/WebDriverAgentLib-own-target-headers.hmap -I/Users/oikhlas/Library/Developer/Xcode/DerivedData/WebDriverAgent-bcmeffsllcldukgyoimwiehwhvyz/Build/Intermediates.noindex/WebDriverAgent.build/Debug-iphonesimulator/WebDriverAgentLib.build/WebDriverAgentLib-all-target-headers.hmap -iquote /Users/oikhlas/Library/Developer/Xcode/DerivedData/WebDriverAgent-bcmeffsllcldukgyoimwiehwhvyz/Build/Intermediates.noindex/WebDriverAgent.build/Debug-iphonesimulator/WebDriverAgentLib.build/WebDriverAgentLib-project-headers.hmap -I/Users/oikhlas/Library/Developer/Xcode/DerivedData/WebDriverAgent-bcmeffsllcldukgyoimwiehwhvyz/Build/Products/Debug-iphonesimulator/include -I/Applications/Xcode.app/Contents/Developer/Platforms/iPhoneSimulator.platform/Developer/SDKs/iPhoneSimulator16.0.sdk/usr/include/libxml2 -I/Users/oikhlas/.appium/node_modules/appium-xcuitest-driver/node_modules/appium-webdriveragent/Modules -I/Users/oikhlas/Library/Developer/Xcode/DerivedData/WebDriverAgent-bcmeffsllcldukgyoimwiehwhvyz/Build/Intermediates.noindex/WebDriverAgent.build/Debug-iphonesimulator/WebDriverAgentLib.build/DerivedSources-normal/x86_64 -I/Users/oikhlas/Library/Developer/Xcode/DerivedData/WebDriverAgent-bcmeffsllcldukgyoimwiehwhvyz/Build/Intermediates.noindex/WebDriverAgent.build/Debug-iphonesimulator/WebDriverAgentLib.build/DerivedSources/x86_64 -I/Users/oikhlas/Library/Developer/Xcode/DerivedData/WebDriverAgent-bcmeffsllcldukgyoimwiehwhvyz/Build/Intermediates.noindex/WebDriverAgent.build/Debug-iphonesimulator/WebDriverAgentLib.build/DerivedSources -Weverything -Wno-objc-missing-property-synthesis -Wno-unused-macros -Wno-disabled-macro-expansion -Wno-gnu-statement-expression -Wno-language-extension-token -Wno-overriding-method-mismatch -Wno-missing-variable-declarations -Rno-module-build -Wno-auto-import -Wno-objc-interface-ivars -Wno-documentation-unknown-command -Wno-reserved-id-macro -Wno-unused-parameter -Wno-gnu-conditional-omitted-operand -Wno-explicit-ownership-type -Wno-date-time -Wno-cast-align -Wno-cstring-format-directive -Wno-double-promotion -Wno-partial-availability -Weverything -Wno-objc-missing-property-synthesis -Wno-unused-macros -Wno-disabled-macro-expansion -Wno-gnu-statement-expression -Wno-language-extension-token -Wno-overriding-method-mismatch -Wno-missing-variable-declarations -Rno-module-build -Wno-auto-import -Wno-objc-interface-ivars -Wno-documentation-unknown-command -Wno-reserved-id-macro -Wno-unused-parameter -Wno-gnu-conditional-omitted-operand -Wno-explicit-ownership-type -Wno-date-time -Wno-cast-align -Wno-cstring-format-directive -Wno-double-promotion -Wno-partial-availability -Wno-objc-messaging-id -Wno-direct-ivar-access -Wno-cast-qual -Wno-declaration-after-statement -F/Users/oikhlas/Library/Developer/Xcode/DerivedData/WebDriverAgent-bcmeffsllcldukgyoimwiehwhvyz/Build/Products/Debug-iphonesimulator -F/Applications/Xcode.app/Contents/Developer/Platforms/iPhoneSimulator.platform/Developer/Library/Frameworks -F/Applications/Xcode.app/Contents/Developer/Platforms/iPhoneSimulator.platform/Developer/Library/PrivateFrameworks -iframework /Applications/Xcode.app/Contents/Developer/Platforms/iPhoneSimulator.platform/Developer/SDKs/iPhoneSimulator16.0.sdk/Developer/Library/Frameworks -MMD -MT dependencies -MF /Users/oikhlas/Library/Developer/Xcode/DerivedData/WebDriverAgent-bcmeffsllcldukgyoimwiehwhvyz/Build/Intermediates.noindex/WebDriverAgent.build/Debug-iphonesimulator/WebDriverAgentLib.build/Objects-normal/x86_64/FBMathUtils.d --serialize-diagnostics /Users/oikhlas/Library/Developer/Xcode/DerivedData/WebDriverAgent-bcmeffsllcldukgyoimwiehwhvyz/Build/Intermediates.noindex/WebDriverAgent.build/Debug-iphonesimulator/WebDriverAgentLib.build/Objects-normal/x86_64/FBMathUtils.dia -c /Users/oikhlas/.appium/node_modules/appium-xcuitest-driver/node_modules/appium-webdriveragent/WebDriverAgentLib/Utilities/FBMathUtils.m -o /Users/oikhlas/Library/Developer/Xcode/DerivedData/WebDriverAgent-bcmeffsllcldukgyoimwiehwhvyz/Build/Intermediates.noindex/WebDriverAgent.build/Debug-iphonesimulator/WebDriverAgentLib.build/Objects-normal/x86_64/FBMathUtils.o
&amp#27;[38;5;173m[Xcode]&amp#27;[0m 
&amp#27;[38;5;173m[Xcode]&amp#27;[0m 
&amp#27;[38;5;173m[Xcode]&amp#27;[0m CompileC /Users/oikhlas/Library/Developer/Xcode/DerivedData/WebDriverAgent-bcmeffsllcldukgyoimwiehwhvyz/Build/Intermediates.noindex/WebDriverAgent.build/Debug-iphonesimulator/WebDriverAgentLib.build/Objects-normal/x86_64/FBLogger.o /Users/oikhlas/.appium/node_modules/appium-xcuitest-driver/node_modules/appium-webdriveragent/WebDriverAgentLib/Utilities/FBLogger.m normal x86_64 objective-c com.apple.compilers.llvm.clang.1_0.compiler (in target 'WebDriverAgentLib' from project 'WebDriverAgent')
&amp#27;[38;5;173m[Xcode]&amp#27;[0m     cd /Users/oikhlas/.appium/node_modules/appium-xcuitest-driver/node_modules/appium-webdriveragent
&amp#27;[38;5;173m[Xcode]&amp#27;[0m     /Applications/Xcode.app/Contents/Developer/Toolchains/XcodeDefault.xctoolchain/usr/bin/clang -x objective-c -target x86_64-apple-ios16.0-simulator -fmessage-length\=0 -fdiagnostics-show-note-include-stack -fmacro-backtrace-limit\=0 -std\=gnu99 -fobjc-arc -fmodules -gmodules -fmodules-cache-path\=/Users/oikhlas/Library/Developer/Xcode/DerivedData/ModuleCache.noindex -fmodules-prune-interval\=86400 -fmodules-prune-after\=345600 -fbuild-session-file\=/Users/oikhlas/Library/Developer/Xcode/DerivedData/ModuleCache.noindex/Session.modulevalidation -fmodules-validate-once-per-build-session -Wno-trigraphs -fpascal-strings -O0 -fno-common -Wmissing-field-initializers -Wno-missing-prototypes -Werror\=return-type -Wunreachable-code -Wquoted-include-in-framework-header -Wno-implicit-atomic-properties -Werror\=deprecated-objc-isa-usage -Wno-objc-interface-ivars -Werror\=objc-root-class -Warc-repeated-use-of-weak -Wno-arc-maybe-repeated-use-of-weak -Wimplicit-retain-self -Wduplicate-method-match -Wno-missing-braces -Wparentheses -Wswitch -Wunused-function -Wno-unused-label -Wunused-parameter -Wunused-variable -Wunused-value -Wempty-body -Wuninitialized -Wconditional-uninitialized -Wno-unknown-pragmas -pedantic -Wshadow -Wno-four-char-constants -Wconversion -Wconstant-conversion -Wint-conversion -Wbool-conversion -Wenum-conversion -Wfloat-conversion -Wnon-literal-null-conversion -Wobjc-literal-conversion -Wassign-enum -Wsign-compare -Wshorten-64-to-32 -Wpointer-sign -Wno-newline-eof -Wno-selector -Wno-strict-selector-match -Wundeclared-selector -Wdeprecated-implementations -Wno-implicit-fallthrough -DDEBUG\=1 -DOBJC_OLD_DISPATCH_PROTOTYPES\=0 -isysroot /Applications/Xcode.app/Contents/Developer/Platforms/iPhoneSimulator.platform/Developer/SDKs/iPhoneSimulator16.0.sdk -fasm-blocks -fstrict-aliasing -Wprotocol -Wdeprecated-declarations -g -Wno-sign-conversion -Winfinite-recursion -Wcomma -Wblock-capture-autoreleasing -Wstrict-prototypes -Wno-semicolon-before-method-body -fobjc-abi-version\=2 -fobjc-legacy-dispatch -iquote /Users/oikhlas/Library/Developer/Xcode/DerivedData/WebDriverAgent-bcmeffsllcldukgyoimwiehwhvyz/Build/Intermediates.noindex/WebDriverAgent.build/Debug-iphonesimulator/WebDriverAgentLib.build/WebDriverAgentLib-generated-files.hmap -I/Users/oikhlas/Library/Developer/Xcode/DerivedData/WebDriverAgent-bcmeffsllcldukgyoimwiehwhvyz/Build/Intermediates.noindex/WebDriverAgent.build/Debug-iphonesimulator/WebDriverAgentLib.build/WebDriverAgentLib-own-target-headers.hmap -I/Users/oikhlas/Library/Developer/Xcode/DerivedData/WebDriverAgent-bcmeffsllcldukgyoimwiehwhvyz/Build/Intermediates.noindex/WebDriverAgent.build/Debug-iphonesimulator/WebDriverAgentLib.build/WebDriverAgentLib-all-target-headers.hmap -iquote /Users/oikhlas/Library/Developer/Xcode/DerivedData/WebDriverAgent-bcmeffsllcldukgyoimwiehwhvyz/Build/Intermediates.noindex/WebDriverAgent.build/Debug-iphonesimulator/WebDriverAgentLib.build/WebDriverAgentLib-project-headers.hmap -I/Users/oikhlas/Library/Developer/Xcode/DerivedData/WebDriverAgent-bcmeffsllcldukgyoimwiehwhvyz/Build/Products/Debug-iphonesimulator/include -I/Applications/Xcode.app/Contents/Developer/Platforms/iPhoneSimulator.platform/Developer/SDKs/iPhoneSimulator16.0.sdk/usr/include/libxml2 -I/Users/oikhlas/.appium/node_modules/appium-xcuitest-driver/node_modules/appium-webdriveragent/Modules -I/Users/oikhlas/Library/Developer/Xcode/DerivedData/WebDriverAgent-bcmeffsllcldukgyoimwiehwhvyz/Build/Intermediates.noindex/WebDriverAgent.build/Debug-iphonesimulator/WebDriverAgentLib.build/DerivedSources-normal/x86_64 -I/Users/oikhlas/Library/Developer/Xcode/DerivedData/WebDriverAgent-bcmeffsllcldukgyoimwiehwhvyz/Build/Intermediates.noindex/WebDriverAgent.build/Debug-iphonesimulator/WebDriverAgentLib.build/DerivedSources/x86_64 -I/Users/oikhlas/Library/Developer/Xcode/DerivedData/WebDriverAgent-bcmeffsllcldukgyoimwiehwhvyz/Build/Intermediates.noindex/WebDriverAgent.build/Debug-iphonesimulator/WebDriverAgentLib.build/DerivedSources -Weverything -Wno-objc-missing-property-synthesis -Wno-unused-macros -Wno-disabled-macro-expansion -Wno-gnu-statement-expression -Wno-language-extension-token -Wno-overriding-method-mismatch -Wno-missing-variable-declarations -Rno-module-build -Wno-auto-import -Wno-objc-interface-ivars -Wno-documentation-unknown-command -Wno-reserved-id-macro -Wno-unused-parameter -Wno-gnu-conditional-omitted-operand -Wno-explicit-ownership-type -Wno-date-time -Wno-cast-align -Wno-cstring-format-directive -Wno-double-promotion -Wno-partial-availability -Weverything -Wno-objc-missing-property-synthesis -Wno-unused-macros -Wno-disabled-macro-expansion -Wno-gnu-statement-expression -Wno-language-extension-token -Wno-overriding-method-mismatch -Wno-missing-variable-declarations -Rno-module-build -Wno-auto-import -Wno-objc-interface-ivars -Wno-documentation-unknown-command -Wno-reserved-id-macro -Wno-unused-parameter -Wno-gnu-conditional-omitted-operand -Wno-explicit-ownership-type -Wno-date-time -Wno-cast-align -Wno-cstring-format-directive -Wno-double-promotion -Wno-partial-availability -Wno-objc-messaging-id -Wno-direct-ivar-access -Wno-cast-qual -Wno-declaration-after-statement -F/Users/oikhlas/Library/Developer/Xcode/DerivedData/WebDriverAgent-bcmeffsllcldukgyoimwiehwhvyz/Build/Products/Debug-iphonesimulator -F/Applications/Xcode.app/Contents/Developer/Platforms/iPhoneSimulator.platform/Developer/Library/Frameworks -F/Applications/Xcode.app/Contents/Developer/Platforms/iPhoneSimulator.platform/Developer/Library/PrivateFrameworks -iframework /Applications/Xcode.app/Contents/Developer/Platforms/iPhoneSimulator.platform/Developer/SDKs/iPhoneSimulator16.0.sdk/Developer/Library/Frameworks -MMD -MT dependencies -MF /Users/oikhlas/Library/Developer/Xcode/DerivedData/WebDriverAgent-bcmeffsllcldukgyoimwiehwhvyz/Build/Intermediates.noindex/WebDriverAgent.build/Debug-iphonesimulator/WebDriverAgentLib.build/Objects-normal/x86_64/FBLogger.d --serialize-diagnostics /Users/oikhlas/Library/Developer/Xcode/DerivedData/WebDriverAgent-bcmeffsllcldukgyoimwiehwhvyz/Build/Intermediates.noindex/WebDriverAgent.build/Debug-iphonesimulator/WebDriverAgentLib.build/Objects-normal/x86_64/FBLogger.dia -c /Users/oikhlas/.appium/node_modules/appium-xcuitest-driver/node_modules/appium-webdriveragent/WebDriverAgentLib/Utilities/FBLogger.m -o /Users/oikhlas/Library/Developer/Xcode/DerivedData/WebDriverAgent-bcmeffsllcldukgyoimwiehwhvyz/Build/Intermediates.noindex/WebDriverAgent.build/Debug-iphonesimulator/WebDriverAgentLib.build/Objects-normal/x86_64/FBLogger.o
&amp#27;[38;5;173m[Xcode]&amp#27;[0m 
&amp#27;[38;5;173m[Xcode]&amp#27;[0m 
&amp#27;[38;5;173m[Xcode]&amp#27;[0m CompileC /Users/oikhlas/Library/Developer/Xcode/DerivedData/WebDriverAgent-bcmeffsllcldukgyoimwiehwhvyz/Build/Intermediates.noindex/WebDriverAgent.build/Debug-iphonesimulator/WebDriverAgentLib.build/Objects-normal/x86_64/FBKeyboard.o /Users/oikhlas/.appium/node_modules/appium-xcuitest-driver/node_modules/appium-webdriveragent/WebDriverAgentLib/Utilities/FBKeyboard.m normal x86_64 objective-c com.apple.compilers.llvm.clang.1_0.compiler (in target 'WebDriverAgentLib' from project 'WebDriverAgent')
&amp#27;[38;5;173m[Xcode]&amp#27;[0m     cd /Users/oikhlas/.appium/node_modules/appium-xcuitest-driver/node_modules/appium-webdriveragent
&amp#27;[38;5;173m[Xcode]&amp#27;[0m     /Applications/Xcode.app/Contents/Developer/Toolchains/XcodeDefault.xctoolchain/usr/bin/clang -x objective-c -target x86_64-apple-ios16.0-simulator -fmessage-length\=0 -fdiagnostics-show-note-include-stack -fmacro-backtrace-limit\=0 -std\=gnu99 -fobjc-arc -fmodules -gmodules -fmodules-cache-path\=/Users/oikhlas/Library/Developer/Xcode/DerivedData/ModuleCache.noindex -fmodules-prune-interval\=86400 -fmodules-prune-after\=345600 -fbuild-session-file\=/Users/oikhlas/Library/Developer/Xcode/DerivedData/ModuleCache.noindex/Session.modulevalidation -fmodules-validate-once-per-build-session -Wno-trigraphs -fpascal-strings -O0 -fno-common -Wmissing-field-initializers -Wno-missing-prototypes -Werror\=return-type -Wunreachable-code -Wquoted-include-in-framework-header -Wno-implicit-atomic-properties -Werror\=deprecated-objc-isa-usage -Wno-objc-interface-ivars -Werror\=objc-root-class -Warc-repeated-use-of-weak -Wno-arc-maybe-repeated-use-of-weak -Wimplicit-retain-self -Wduplicate-method-match -Wno-missing-braces -Wparentheses -Wswitch -Wunused-function -Wno-unused-label -Wunused-parameter -Wunused-variable -Wunused-value -Wempty-body -Wuninitialized -Wconditional-uninitialized -Wno-unknown-pragmas -pedantic -Wshadow -Wno-four-char-constants -Wconversion -Wconstant-conversion -Wint-conversion -Wbool-conversion -Wenum-conversion -Wfloat-conversion -Wnon-literal-null-conversion -Wobjc-literal-conversion -Wassign-enum -Wsign-compare -Wshorten-64-to-32 -Wpointer-sign -Wno-newline-eof -Wno-selector -Wno-strict-selector-match -Wundeclared-selector -Wdeprecated-implementations -Wno-implicit-fallthrough -DDEBUG\=1 -DOBJC_OLD_DISPATCH_PROTOTYPES\=0 -isysroot /Applications/Xcode.app/Contents/Developer/Platforms/iPhoneSimulator.platform/Developer/SDKs/iPhoneSimulator16.0.sdk -fasm-blocks -fstrict-aliasing -Wprotocol -Wdeprecated-declarations -g -Wno-sign-conversion -Winfinite-recursion -Wcomma -Wblock-capture-autoreleasing -Wstrict-prototypes -Wno-semicolon-before-method-body -fobjc-abi-version\=2 -fobjc-legacy-dispatch -iquote /Users/oikhlas/Library/Developer/Xcode/DerivedData/WebDriverAgent-bcmeffsllcldukgyoimwiehwhvyz/Build/Intermediates.noindex/WebDriverAgent.build/Debug-iphonesimulator/WebDriverAgentLib.build/WebDriverAgentLib-generated-files.hmap -I/Users/oikhlas/Library/Developer/Xcode/DerivedData/WebDriverAgent-bcmeffsllcldukgyoimwiehwhvyz/Build/Intermediates.noindex/WebDriverAgent.build/Debug-iphonesimulator/WebDriverAgentLib.build/WebDriverAgentLib-own-target-headers.hmap -I/Users/oikhlas/Library/Developer/Xcode/DerivedData/WebDriverAgent-bcmeffsllcldukgyoimwiehwhvyz/Build/Intermediates.noindex/WebDriverAgent.build/Debug-iphonesimulator/WebDriverAgentLib.build/WebDriverAgentLib-all-target-headers.hmap -iquote /Users/oikhlas/Library/Developer/Xcode/DerivedData/WebDriverAgent-bcmeffsllcldukgyoimwiehwhvyz/Build/Intermediates.noindex/WebDriverAgent.build/Debug-iphonesimulator/WebDriverAgentLib.build/WebDriverAgentLib-project-headers.hmap -I/Users/oikhlas/Library/Developer/Xcode/DerivedData/WebDriverAgent-bcmeffsllcldukgyoimwiehwhvyz/Build/Products/Debug-iphonesimulator/include -I/Applications/Xcode.app/Contents/Developer/Platforms/iPhoneSimulator.platform/Developer/SDKs/iPhoneSimulator16.0.sdk/usr/include/libxml2 -I/Users/oikhlas/.appium/node_modules/appium-xcuitest-driver/node_modules/appium-webdriveragent/Modules -I/Users/oikhlas/Library/Developer/Xcode/DerivedData/WebDriverAgent-bcmeffsllcldukgyoimwiehwhvyz/Build/Intermediates.noindex/WebDriverAgent.build/Debug-iphonesimulator/WebDriverAgentLib.build/DerivedSources-normal/x86_64 -I/Users/oikhlas/Library/Developer/Xcode/DerivedData/WebDriverAgent-bcmeffsllcldukgyoimwiehwhvyz/Build/Intermediates.noindex/WebDriverAgent.build/Debug-iphonesimulator/WebDriverAgentLib.build/DerivedSources/x86_64 -I/Users/oikhlas/Library/Developer/Xcode/DerivedData/WebDriverAgent-bcmeffsllcldukgyoimwiehwhvyz/Build/Intermediates.noindex/WebDriverAgent.build/Debug-iphonesimulator/WebDriverAgentLib.build/DerivedSources -Weverything -Wno-objc-missing-property-synthesis -Wno-unused-macros -Wno-disabled-macro-expansion -Wno-gnu-statement-expression -Wno-language-extension-token -Wno-overriding-method-mismatch -Wno-missing-variable-declarations -Rno-module-build -Wno-auto-import -Wno-objc-interface-ivars -Wno-documentation-unknown-command -Wno-reserved-id-macro -Wno-unused-parameter -Wno-gnu-conditional-omitted-operand -Wno-explicit-ownership-type -Wno-date-time -Wno-cast-align -Wno-cstring-format-directive -Wno-double-promotion -Wno-partial-availability -Weverything -Wno-objc-missing-property-synthesis -Wno-unused-macros -Wno-disabled-macro-expansion -Wno-gnu-statement-expression -Wno-language-extension-token -Wno-overriding-method-mismatch -Wno-missing-variable-declarations -Rno-module-build -Wno-auto-import -Wno-objc-interface-ivars -Wno-documentation-unknown-command -Wno-reserved-id-macro -Wno-unused-parameter -Wno-gnu-conditional-omitted-operand -Wno-explicit-ownership-type -Wno-date-time -Wno-cast-align -Wno-cstring-format-directive -Wno-double-promotion -Wno-partial-availability -Wno-objc-messaging-id -Wno-direct-ivar-access -Wno-cast-qual -Wno-declaration-after-statement -F/Users/oikhlas/Library/Developer/Xcode/DerivedData/WebDriverAgent-bcmeffsllcldukgyoimwiehwhvyz/Build/Products/Debug-iphonesimulator -F/Applications/Xcode.app/Contents/Developer/Platforms/iPhoneSimulator.platform/Developer/Library/Frameworks -F/Applications/Xcode.app/Contents/Developer/Platforms/iPhoneSimulator.platform/Developer/Library/PrivateFrameworks -iframework /Applications/Xcode.app/Contents/Developer/Platforms/iPhoneSimulator.platform/Developer/SDKs/iPhoneSimulator16.0.sdk/Developer/Library/Frameworks -MMD -MT dependencies -MF /Users/oikhlas/Library/Developer/Xcode/DerivedData/WebDriverAgent-bcmeffsllcldukgyoimwiehwhvyz/Build/Intermediates.noindex/WebDriverAgent.build/Debug-iphonesimulator/WebDriverAgentLib.build/Objects-normal/x86_64/FBKeyboard.d --serialize-diagnostics /Users/oikhlas/Library/Developer/Xcode/DerivedData/WebDriverAgent-bcmeffsllcldukgyoimwiehwhvyz/Build/Intermediates.noindex/WebDriverAgent.build/Debug-iphonesimulator/WebDriverAgentLib.build/Objects-normal/x86_64/FBKeyboard.dia -c /Users/oikhlas/.appium/node_modules/appium-xcuitest-driver/node_modules/appium-webdriveragent/WebDriverAgentLib/Utilities/FBKeyboard.m -o /Users/oikhlas/Library/Developer/Xcode/DerivedData/WebDriverAgent-bcmeffsllcldukgyoimwiehwhvyz/Build/Intermediates.noindex/WebDriverAgent.build/Debug-iphonesimulator/WebDriverAgentLib.build/Objects-normal/x86_64/FBKeyboard.o
&amp#27;[38;5;173m[Xcode]&amp#27;[0m 
&amp#27;[38;5;173m[Xcode]&amp#27;[0m 2024-11-05 15:48:03.927 xcodebuild[20643:209611]  DVTDownloadable: Unexpected error attempting to parse downloadable from index: Error Domain=DVTDownloadableErrors Code=16 "Unable to read in downloadable data. See underlying errors for details." UserInfo={DownloadablePlist={
&amp#27;[38;5;173m[Xcode]&amp#27;[0m     authentication = virtual;
&amp#27;[38;5;173m[Xcode]&amp#27;[0m     category = simulator;
&amp#27;[38;5;173m[Xcode]&amp#27;[0m     contentType = diskImage;
&amp#27;[38;5;173m[Xcode]&amp#27;[0m     dictionaryVersion = 2;
&amp#27;[38;5;173m[Xcode]&amp#27;[0m     fileSize = 7220726735;
&amp#27;[38;5;173m[Xcode]&amp#27;[0m     hostRequirements =     {
&amp#27;[38;5;173m[Xcode]&amp#27;[0m         minHostVersion = "13.4";
&amp#27;[38;5;173m[Xcode]&amp#27;[0m         minXcodeVersion = "15.0";
&amp#27;[38;5;173m[Xcode]&amp#27;[0m     };
&amp#27;[38;5;173m[Xcode]&amp#27;[0m     identifier = "com.apple.dmg.xrSimulatorSDK1_0_b2";
&amp#27;[38;5;173m[Xcode]&amp#27;[0m     name = "xrOS 1 beta 2 Simulator Runtime";
&amp#27;[38;5;173m[Xcode]&amp#27;[0m     platform = "com.apple.platform.xros";
&amp#27;[38;5;173m[Xcode]&amp#27;[0m     simulatorVersion =     {
&amp#27;[38;5;173m[Xcode]&amp#27;[0m         buildUpdate = 21N5207f;
&amp#27;[38;5;173m[Xcode]&amp#27;[0m         version = "1.0";
&amp#27;[38;5;173m[Xcode]&amp#27;[0m     };
&amp#27;[38;5;173m[Xcode]&amp#27;[0m     source = "https://download.developer.apple.com/Developer_Tools/visionOS_1_beta_2_Simulator_Runtime/visionOS_1_beta_2_Simulator_Runtime.dmg";
&amp#27;[38;5;173m[Xcode]&amp#27;[0m     version = "1.0.0.2";
&amp#27;[38;5;173m[Xcode]&amp#27;[0m }, NSLocalizedDescription=Unable to read in downloadable data. See underlying errors for details., DVTUnderlyingErrorsKey=(
&amp#27;[38;5;173m[Xcode]&amp#27;[0m     "Error Domain=DVTDownloadableErrors Code=23 \"'com.apple.platform.xros' is an unknown platform identifier.\" UserInfo={NSLocalizedDescription='com.apple.platform.xros' is an unknown platform identifier.}"
&amp#27;[38;5;173m[Xcode]&amp#27;[0m )}
&amp#27;[38;5;173m[Xcode]&amp#27;[0m 
&amp#27;[38;5;173m[Xcode]&amp#27;[0m 
&amp#27;[38;5;173m[Xcode]&amp#27;[0m 
&amp#27;[38;5;173m[Xcode]&amp#27;[0m CompileC /Users/oikhlas/Library/Developer/Xcode/DerivedData/WebDriverAgent-bcmeffsllcldukgyoimwiehwhvyz/Build/Intermediates.noindex/WebDriverAgent.build/Debug-iphonesimulator/WebDriverAgentLib.build/Objects-normal/x86_64/FBImageUtils.o /Users/oikhlas/.appium/node_modules/appium-xcuitest-driver/node_modules/appium-webdriveragent/WebDriverAgentLib/Utilities/FBImageUtils.m normal x86_64 objective-c com.apple.compilers.llvm.clang.1_0.compiler (in target 'WebDriverAgentLib' from project 'WebDriverAgent')
&amp#27;[38;5;173m[Xcode]&amp#27;[0m     cd /Users/oikhlas/.appium/node_modules/appium-xcuitest-driver/node_modules/appium-webdriveragent
&amp#27;[38;5;173m[Xcode]&amp#27;[0m     /Applications/Xcode.app/Contents/Developer/Toolchains/XcodeDefault.xctoolchain/usr/bin/clang -x objective-c -target x86_64-apple-ios16.0-simulator -fmessage-length\=0 -fdiagnostics-show-note-include-stack -fmacro-backtrace-limit\=0 -std\=gnu99 -fobjc-arc -fmodules -gmodules -fmodules-cache-path\=/Users/oikhlas/Library/Developer/Xcode/DerivedData/ModuleCache.noindex -fmodules-prune-interval\=86400 -fmodules-prune-after\=345600 -fbuild-session-file\=/Users/oikhlas/Library/Developer/Xcode/DerivedData/ModuleCache.noindex/Session.modulevalidation -fmodules-validate-once-per-build-session -Wno-trigraphs -fpascal-strings -O0 -fno-common -Wmissing-field-initializers -Wno-missing-prototypes -Werror\=return-type -Wunreachable-code -Wquoted-include-in-framework-header -Wno-implicit-atomic-properties -Werror\=deprecated-objc-isa-usage -Wno-objc-interface-ivars -Werror\=objc-root-class -Warc-repeated-use-of-weak -Wno-arc-maybe-repeated-use-of-weak -Wimplicit-retain-self -Wduplicate-method-match -Wno-missing-braces -Wparentheses -Wswitch -Wunused-function -Wno-unused-label -Wunused-parameter -Wunused-variable -Wunused-value -Wempty-body -Wuninitialized -Wconditional-uninitialized -Wno-unknown-pragmas -pedantic -Wshadow -Wno-four-char-constants -Wconversion -Wconstant-conversion -Wint-conversion -Wbool-conversion -Wenum-conversion -Wfloat-conversion -Wnon-literal-null-conversion -Wobjc-literal-conversion -Wassign-enum -Wsign-compare -Wshorten-64-to-32 -Wpointer-sign -Wno-newline-eof -Wno-selector -Wno-strict-selector-match -Wundeclared-selector -Wdeprecated-implementations -Wno-implicit-fallthrough -DDEBUG\=1 -DOBJC_OLD_DISPATCH_PROTOTYPES\=0 -isysroot /Applications/Xcode.app/Contents/Developer/Platforms/iPhoneSimulator.platform/Developer/SDKs/iPhoneSimulator16.0.sdk -fasm-blocks -fstrict-aliasing -Wprotocol -Wdeprecated-declarations -g -Wno-sign-conversion -Winfinite-recursion -Wcomma -Wblock-capture-autoreleasing -Wstrict-prototypes -Wno-semicolon-before-method-body -fobjc-abi-version\=2 -fobjc-legacy-dispatch -iquote /Users/oikhlas/Library/Developer/Xcode/DerivedData/WebDriverAgent-bcmeffsllcldukgyoimwiehwhvyz/Build/Intermediates.noindex/WebDriverAgent.build/Debug-iphonesimulator/WebDriverAgentLib.build/WebDriverAgentLib-generated-files.hmap -I/Users/oikhlas/Library/Developer/Xcode/DerivedData/WebDriverAgent-bcmeffsllcldukgyoimwiehwhvyz/Build/Intermediates.noindex/WebDriverAgent.build/Debug-iphonesimulator/WebDriverAgentLib.build/WebDriverAgentLib-own-target-headers.hmap -I/Users/oikhlas/Library/Developer/Xcode/DerivedData/WebDriverAgent-bcmeffsllcldukgyoimwiehwhvyz/Build/Intermediates.noindex/WebDriverAgent.build/Debug-iphonesimulator/WebDriverAgentLib.build/WebDriverAgentLib-all-target-headers.hmap -iquote /Users/oikhlas/Library/Developer/Xcode/DerivedData/WebDriverAgent-bcmeffsllcldukgyoimwiehwhvyz/Build/Intermediates.noindex/WebDriverAgent.build/Debug-iphonesimulator/WebDriverAgentLib.build/WebDriverAgentLib-project-headers.hmap -I/Users/oikhlas/Library/Developer/Xcode/DerivedData/WebDriverAgent-bcmeffsllcldukgyoimwiehwhvyz/Build/Products/Debug-iphonesimulator/include -I/Applications/Xcode.app/Contents/Developer/Platforms/iPhoneSimulator.platform/Developer/SDKs/iPhoneSimulator16.0.sdk/usr/include/libxml2 -I/Users/oikhlas/.appium/node_modules/appium-xcuitest-driver/node_modules/appium-webdriveragent/Modules -I/Users/oikhlas/Library/Developer/Xcode/DerivedData/WebDriverAgent-bcmeffsllcldukgyoimwiehwhvyz/Build/Intermediates.noindex/WebDriverAgent.build/Debug-iphonesimulator/WebDriverAgentLib.build/DerivedSources-normal/x86_64 -I/Users/oikhlas/Library/Developer/Xcode/DerivedData/WebDriverAgent-bcmeffsllcldukgyoimwiehwhvyz/Build/Intermediates.noindex/WebDriverAgent.build/Debug-iphonesimulator/WebDriverAgentLib.build/DerivedSources/x86_64 -I/Users/oikhlas/Library/Developer/Xcode/DerivedData/WebDriverAgent-bcmeffsllcldukgyoimwiehwhvyz/Build/Intermediates.noindex/WebDriverAgent.build/Debug-iphonesimulator/WebDriverAgentLib.build/DerivedSources -Weverything -Wno-objc-missing-property-synthesis -Wno-unused-macros -Wno-disabled-macro-expansion -Wno-gnu-statement-expression -Wno-language-extension-token -Wno-overriding-method-mismatch -Wno-missing-variable-declarations -Rno-module-build -Wno-auto-import -Wno-objc-interface-ivars -Wno-documentation-unknown-command -Wno-reserved-id-macro -Wno-unused-parameter -Wno-gnu-conditional-omitted-operand -Wno-explicit-ownership-type -Wno-date-time -Wno-cast-align -Wno-cstring-format-directive -Wno-double-promotion -Wno-partial-availability -Weverything -Wno-objc-missing-property-synthesis -Wno-unused-macros -Wno-disabled-macro-expansion -Wno-gnu-statement-expression -Wno-language-extension-token -Wno-overriding-method-mismatch -Wno-missing-variable-declarations -Rno-module-build -Wno-auto-import -Wno-objc-interface-ivars -Wno-documentation-unknown-command -Wno-reserved-id-macro -Wno-unused-parameter -Wno-gnu-conditional-omitted-operand -Wno-explicit-ownership-type -Wno-date-time -Wno-cast-align -Wno-cstring-format-directive -Wno-double-promotion -Wno-partial-availability -Wno-objc-messaging-id -Wno-direct-ivar-access -Wno-cast-qual -Wno-declaration-after-statement -F/Users/oikhlas/Library/Developer/Xcode/DerivedData/WebDriverAgent-bcmeffsllcldukgyoimwiehwhvyz/Build/Products/Debug-iphonesimulator -F/Applications/Xcode.app/Contents/Developer/Platforms/iPhoneSimulator.platform/Developer/Library/Frameworks -F/Applications/Xcode.app/Contents/Developer/Platforms/iPhoneSimulator.platform/Developer/Library/PrivateFrameworks -iframework /Applications/Xcode.app/Contents/Developer/Platforms/iPhoneSimulator.platform/Developer/SDKs/iPhoneSimulator16.0.sdk/Developer/Library/Frameworks -MMD -MT dependencies -MF /Users/oikhlas/Library/Developer/Xcode/DerivedData/WebDriverAgent-bcmeffsllcldukgyoimwiehwhvyz/Build/Intermediates.noindex/WebDriverAgent.build/Debug-iphonesimulator/WebDriverAgentLib.build/Objects-normal/x86_64/FBImageUtils.d --serialize-diagnostics /Users/oikhlas/Library/Developer/Xcode/DerivedData/WebDriverAgent-bcmeffsllcldukgyoimwiehwhvyz/Build/Intermediates.noindex/WebDriverAgent.build/Debug-iphonesimulator/WebDriverAgentLib.build/Objects-normal/x86_64/FBImageUtils.dia -c /Users/oikhlas/.appium/node_modules/appium-xcuitest-driver/node_modules/appium-webdriveragent/WebDriverAgentLib/Utilities/FBImageUtils.m -o /Users/oikhlas/Library/Developer/Xcode/DerivedData/WebDriverAgent-bcmeffsllcldukgyoimwiehwhvyz/Build/Intermediates.noindex/WebDriverAgent.build/Debug-iphonesimulator/WebDriverAgentLib.build/Objects-normal/x86_64/FBImageUtils.o
&amp#27;[38;5;173m[Xcode]&amp#27;[0m 
&amp#27;[38;5;173m[Xcode]&amp#27;[0m 
&amp#27;[38;5;173m[Xcode]&amp#27;[0m CompileC /Users/oikhlas/Library/Developer/Xcode/DerivedData/WebDriverAgent-bcmeffsllcldukgyoimwiehwhvyz/Build/Intermediates.noindex/WebDriverAgent.build/Debug-iphonesimulator/WebDriverAgentLib.build/Objects-normal/x86_64/FBImageProcessor.o /Users/oikhlas/.appium/node_modules/appium-xcuitest-driver/node_modules/appium-webdriveragent/WebDriverAgentLib/Utilities/FBImageProcessor.m normal x86_64 objective-c com.apple.compilers.llvm.clang.1_0.compiler (in target 'WebDriverAgentLib' from project 'WebDriverAgent')
&amp#27;[38;5;173m[Xcode]&amp#27;[0m     cd /Users/oikhlas/.appium/node_modules/appium-xcuitest-driver/node_modules/appium-webdriveragent
&amp#27;[38;5;173m[Xcode]&amp#27;[0m     /Applications/Xcode.app/Contents/Developer/Toolchains/XcodeDefault.xctoolchain/usr/bin/clang -x objective-c -target x86_64-apple-ios16.0-simulator -fmessage-length\=0 -fdiagnostics-show-note-include-stack -fmacro-backtrace-limit\=0 -std\=gnu99 -fobjc-arc -fmodules -gmodules -fmodules-cache-path\=/Users/oikhlas/Library/Developer/Xcode/DerivedData/ModuleCache.noindex -fmodules-prune-interval\=86400 -fmodules-prune-after\=345600 -fbuild-session-file\=/Users/oikhlas/Library/Developer/Xcode/DerivedData/ModuleCache.noindex/Session.modulevalidation -fmodules-validate-once-per-build-session -Wno-trigraphs -fpascal-strings -O0 -fno-common -Wmissing-field-initializers -Wno-missing-prototypes -Werror\=return-type -Wunreachable-code -Wquoted-include-in-framework-header -Wno-implicit-atomic-properties -Werror\=deprecated-objc-isa-usage -Wno-objc-interface-ivars -Werror\=objc-root-class -Warc-repeated-use-of-weak -Wno-arc-maybe-repeated-use-of-weak -Wimplicit-retain-self -Wduplicate-method-match -Wno-missing-braces -Wparentheses -Wswitch -Wunused-function -Wno-unused-label -Wunused-parameter -Wunused-variable -Wunused-value -Wempty-body -Wuninitialized -Wconditional-uninitialized -Wno-unknown-pragmas -pedantic -Wshadow -Wno-four-char-constants -Wconversion -Wconstant-conversion -Wint-conversion -Wbool-conversion -Wenum-conversion -Wfloat-conversion -Wnon-literal-null-conversion -Wobjc-literal-conversion -Wassign-enum -Wsign-compare -Wshorten-64-to-32 -Wpointer-sign -Wno-newline-eof -Wno-selector -Wno-strict-selector-match -Wundeclared-selector -Wdeprecated-implementations -Wno-implicit-fallthrough -DDEBUG\=1 -DOBJC_OLD_DISPATCH_PROTOTYPES\=0 -isysroot /Applications/Xcode.app/Contents/Developer/Platforms/iPhoneSimulator.platform/Developer/SDKs/iPhoneSimulator16.0.sdk -fasm-blocks -fstrict-aliasing -Wprotocol -Wdeprecated-declarations -g -Wno-sign-conversion -Winfinite-recursion -Wcomma -Wblock-capture-autoreleasing -Wstrict-prototypes -Wno-semicolon-before-method-body -fobjc-abi-version\=2 -fobjc-legacy-dispatch -iquote /Users/oikhlas/Library/Developer/Xcode/DerivedData/WebDriverAgent-bcmeffsllcldukgyoimwiehwhvyz/Build/Intermediates.noindex/WebDriverAgent.build/Debug-iphonesimulator/WebDriverAgentLib.build/WebDriverAgentLib-generated-files.hmap -I/Users/oikhlas/Library/Developer/Xcode/DerivedData/WebDriverAgent-bcmeffsllcldukgyoimwiehwhvyz/Build/Intermediates.noindex/WebDriverAgent.build/Debug-iphonesimulator/WebDriverAgentLib.build/WebDriverAgentLib-own-target-headers.hmap -I/Users/oikhlas/Library/Developer/Xcode/DerivedData/WebDriverAgent-bcmeffsllcldukgyoimwiehwhvyz/Build/Intermediates.noindex/WebDriverAgent.build/Debug-iphonesimulator/WebDriverAgentLib.build/WebDriverAgentLib-all-target-headers.hmap -iquote /Users/oikhlas/Library/Developer/Xcode/DerivedData/WebDriverAgent-bcmeffsllcldukgyoimwiehwhvyz/Build/Intermediates.noindex/WebDriverAgent.build/Debug-iphonesimulator/WebDriverAgentLib.build/WebDriverAgentLib-project-headers.hmap -I/Users/oikhlas/Library/Developer/Xcode/DerivedData/WebDriverAgent-bcmeffsllcldukgyoimwiehwhvyz/Build/Products/Debug-iphonesimulator/include -I/Applications/Xcode.app/Contents/Developer/Platforms/iPhoneSimulator.platform/Developer/SDKs/iPhoneSimulator16.0.sdk/usr/include/libxml2 -I/Users/oikhlas/.appium/node_modules/appium-xcuitest-driver/node_modules/appium-webdriveragent/Modules -I/Users/oikhlas/Library/Developer/Xcode/DerivedData/WebDriverAgent-bcmeffsllcldukgyoimwiehwhvyz/Build/Intermediates.noindex/WebDriverAgent.build/Debug-iphonesimulator/WebDriverAgentLib.build/DerivedSources-normal/x86_64 -I/Users/oikhlas/Library/Developer/Xcode/DerivedData/WebDriverAgent-bcmeffsllcldukgyoimwiehwhvyz/Build/Intermediates.noindex/WebDriverAgent.build/Debug-iphonesimulator/WebDriverAgentLib.build/DerivedSources/x86_64 -I/Users/oikhlas/Library/Developer/Xcode/DerivedData/WebDriverAgent-bcmeffsllcldukgyoimwiehwhvyz/Build/Intermediates.noindex/WebDriverAgent.build/Debug-iphonesimulator/WebDriverAgentLib.build/DerivedSources -Weverything -Wno-objc-missing-property-synthesis -Wno-unused-macros -Wno-disabled-macro-expansion -Wno-gnu-statement-expression -Wno-language-extension-token -Wno-overriding-method-mismatch -Wno-missing-variable-declarations -Rno-module-build -Wno-auto-import -Wno-objc-interface-ivars -Wno-documentation-unknown-command -Wno-reserved-id-macro -Wno-unused-parameter -Wno-gnu-conditional-omitted-operand -Wno-explicit-ownership-type -Wno-date-time -Wno-cast-align -Wno-cstring-format-directive -Wno-double-promotion -Wno-partial-availability -Weverything -Wno-objc-missing-property-synthesis -Wno-unused-macros -Wno-disabled-macro-expansion -Wno-gnu-statement-expression -Wno-language-extension-token -Wno-overriding-method-mismatch -Wno-missing-variable-declarations -Rno-module-build -Wno-auto-import -Wno-objc-interface-ivars -Wno-documentation-unknown-command -Wno-reserved-id-macro -Wno-unused-parameter -Wno-gnu-conditional-omitted-operand -Wno-explicit-ownership-type -Wno-date-time -Wno-cast-align -Wno-cstring-format-directive -Wno-double-promotion -Wno-partial-availability -Wno-objc-messaging-id -Wno-direct-ivar-access -Wno-cast-qual -Wno-declaration-after-statement -F/Users/oikhlas/Library/Developer/Xcode/DerivedData/WebDriverAgent-bcmeffsllcldukgyoimwiehwhvyz/Build/Products/Debug-iphonesimulator -F/Applications/Xcode.app/Contents/Developer/Platforms/iPhoneSimulator.platform/Developer/Library/Frameworks -F/Applications/Xcode.app/Contents/Developer/Platforms/iPhoneSimulator.platform/Developer/Library/PrivateFrameworks -iframework /Applications/Xcode.app/Contents/Developer/Platforms/iPhoneSimulator.platform/Developer/SDKs/iPhoneSimulator16.0.sdk/Developer/Library/Frameworks -MMD -MT dependencies -MF /Users/oikhlas/Library/Developer/Xcode/DerivedData/WebDriverAgent-bcmeffsllcldukgyoimwiehwhvyz/Build/Intermediates.noindex/WebDriverAgent.build/Debug-iphonesimulator/WebDriverAgentLib.build/Objects-normal/x86_64/FBImageProcessor.d --serialize-diagnostics /Users/oikhlas/Library/Developer/Xcode/DerivedData/WebDriverAgent-bcmeffsllcldukgyoimwiehwhvyz/Build/Intermediates.noindex/WebDriverAgent.build/Debug-iphonesimulator/WebDriverAgentLib.build/Objects-normal/x86_64/FBImageProcessor.dia -c /Users/oikhlas/.appium/node_modules/appium-xcuitest-driver/node_modules/appium-webdriveragent/WebDriverAgentLib/Utilities/FBImageProcessor.m -o /Users/oikhlas/Library/Developer/Xcode/DerivedData/WebDriverAgent-bcmeffsllcldukgyoimwiehwhvyz/Build/Intermediates.noindex/WebDriverAgent.build/Debug-iphonesimulator/WebDriverAgentLib.build/Objects-normal/x86_64/FBImageProcessor.o
&amp#27;[38;5;173m[Xcode]&amp#27;[0m 
&amp#27;[38;5;173m[Xcode]&amp#27;[0m 
&amp#27;[38;5;173m[Xcode]&amp#27;[0m 
&amp#27;[38;5;173m[Xcode]&amp#27;[0m CompileC /Users/oikhlas/Library/Developer/Xcode/DerivedData/WebDriverAgent-bcmeffsllcldukgyoimwiehwhvyz/Build/Intermediates.noindex/WebDriverAgent.build/Debug-iphonesimulator/WebDriverAgentLib.build/Objects-normal/x86_64/FBFindElementCommands.o /Users/oikhlas/.appium/node_modules/appium-xcuitest-driver/node_modules/appium-webdriveragent/WebDriverAgentLib/Commands/FBFindElementCommands.m normal x86_64 objective-c com.apple.compilers.llvm.clang.1_0.compiler (in target 'WebDriverAgentLib' from project 'WebDriverAgent')
&amp#27;[38;5;173m[Xcode]&amp#27;[0m     cd /Users/oikhlas/.appium/node_modules/appium-xcuitest-driver/node_modules/appium-webdriveragent
&amp#27;[38;5;173m[Xcode]&amp#27;[0m     /Applications/Xcode.app/Contents/Developer/Toolchains/XcodeDefault.xctoolchain/usr/bin/clang -x objective-c -target x86_64-apple-ios16.0-simulator -fmessage-length\=0 -fdiagnostics-show-note-include-stack -fmacro-backtrace-limit\=0 -std\=gnu99 -fobjc-arc -fmodules -gmodules -fmodules-cache-path\=/Users/oikhlas/Library/Developer/Xcode/DerivedData/ModuleCache.noindex -fmodules-prune-interval\=86400 -fmodules-prune-after\=345600 -fbuild-session-file\=/Users/oikhlas/Library/Developer/Xcode/DerivedData/ModuleCache.noindex/Session.modulevalidation -fmodules-validate-once-per-build-session -Wno-trigraphs -fpascal-strings -O0 -fno-common -Wmissing-field-initializers -Wno-missing-prototypes -Werror\=return-type -Wunreachable-code -Wquoted-include-in-framework-header -Wno-implicit-atomic-properties -Werror\=deprecated-objc-isa-usage -Wno-objc-interface-ivars -Werror\=objc-root-class -Warc-repeated-use-of-weak -Wno-arc-maybe-repeated-use-of-weak -Wimplicit-retain-self -Wduplicate-method-match -Wno-missing-braces -Wparentheses -Wswitch -Wunused-function -Wno-unused-label -Wunused-parameter -Wunused-variable -Wunused-value -Wempty-body -Wuninitialized -Wconditional-uninitialized -Wno-unknown-pragmas -pedantic -Wshadow -Wno-four-char-constants -Wconversion -Wconstant-conversion -Wint-conversion -Wbool-conversion -Wenum-conversion -Wfloat-conversion -Wnon-literal-null-conversion -Wobjc-literal-conversion -Wassign-enum -Wsign-compare -Wshorten-64-to-32 -Wpointer-sign -Wno-newline-eof -Wno-selector -Wno-strict-selector-match -Wundeclared-selector -Wdeprecated-implementations -Wno-implicit-fallthrough -DDEBUG\=1 -DOBJC_OLD_DISPATCH_PROTOTYPES\=0 -isysroot /Applications/Xcode.app/Contents/Developer/Platforms/iPhoneSimulator.platform/Developer/SDKs/iPhoneSimulator16.0.sdk -fasm-blocks -fstrict-aliasing -Wprotocol -Wdeprecated-declarations -g -Wno-sign-conversion -Winfinite-recursion -Wcomma -Wblock-capture-autoreleasing -Wstrict-prototypes -Wno-semicolon-before-method-body -fobjc-abi-version\=2 -fobjc-legacy-dispatch -iquote /Users/oikhlas/Library/Developer/Xcode/DerivedData/WebDriverAgent-bcmeffsllcldukgyoimwiehwhvyz/Build/Intermediates.noindex/WebDriverAgent.build/Debug-iphonesimulator/WebDriverAgentLib.build/WebDriverAgentLib-generated-files.hmap -I/Users/oikhlas/Library/Developer/Xcode/DerivedData/WebDriverAgent-bcmeffsllcldukgyoimwiehwhvyz/Build/Intermediates.noindex/WebDriverAgent.build/Debug-iphonesimulator/WebDriverAgentLib.build/WebDriverAgentLib-own-target-headers.hmap -I/Users/oikhlas/Library/Developer/Xcode/DerivedData/WebDriverAgent-bcmeffsllcldukgyoimwiehwhvyz/Build/Intermediates.noindex/WebDriverAgent.build/Debug-iphonesimulator/WebDriverAgentLib.build/WebDriverAgentLib-all-target-headers.hmap -iquote /Users/oikhlas/Library/Developer/Xcode/DerivedData/WebDriverAgent-bcmeffsllcldukgyoimwiehwhvyz/Build/Intermediates.noindex/WebDriverAgent.build/Debug-iphonesimulator/WebDriverAgentLib.build/WebDriverAgentLib-project-headers.hmap -I/Users/oikhlas/Library/Developer/Xcode/DerivedData/WebDriverAgent-bcmeffsllcldukgyoimwiehwhvyz/Build/Products/Debug-iphonesimulator/include -I/Applications/Xcode.app/Contents/Developer/Platforms/iPhoneSimulator.platform/Developer/SDKs/iPhoneSimulator16.0.sdk/usr/include/libxml2 -I/Users/oikhlas/.appium/node_modules/appium-xcuitest-driver/node_modules/appium-webdriveragent/Modules -I/Users/oikhlas/Library/Developer/Xcode/DerivedData/WebDriverAgent-bcmeffsllcldukgyoimwiehwhvyz/Build/Intermediates.noindex/WebDriverAgent.build/Debug-iphonesimulator/WebDriverAgentLib.build/DerivedSources-normal/x86_64 -I/Users/oikhlas/Library/Developer/Xcode/DerivedData/WebDriverAgent-bcmeffsllcldukgyoimwiehwhvyz/Build/Intermediates.noindex/WebDriverAgent.build/Debug-iphonesimulator/WebDriverAgentLib.build/DerivedSources/x86_64 -I/Users/oikhlas/Library/Developer/Xcode/DerivedData/WebDriverAgent-bcmeffsllcldukgyoimwiehwhvyz/Build/Intermediates.noindex/WebDriverAgent.build/Debug-iphonesimulator/WebDriverAgentLib.build/DerivedSources -Weverything -Wno-objc-missing-property-synthesis -Wno-unused-macros -Wno-disabled-macro-expansion -Wno-gnu-statement-expression -Wno-language-extension-token -Wno-overriding-method-mismatch -Wno-missing-variable-declarations -Rno-module-build -Wno-auto-import -Wno-objc-interface-ivars -Wno-documentation-unknown-command -Wno-reserved-id-macro -Wno-unused-parameter -Wno-gnu-conditional-omitted-operand -Wno-explicit-ownership-type -Wno-date-time -Wno-cast-align -Wno-cstring-format-directive -Wno-double-promotion -Wno-partial-availability -Weverything -Wno-objc-missing-property-synthesis -Wno-unused-macros -Wno-disabled-macro-expansion -Wno-gnu-statement-expression -Wno-language-extension-token -Wno-overriding-method-mismatch -Wno-missing-variable-declarations -Rno-module-build -Wno-auto-import -Wno-objc-interface-ivars -Wno-documentation-unknown-command -Wno-reserved-id-macro -Wno-unused-parameter -Wno-gnu-conditional-omitted-operand -Wno-explicit-ownership-type -Wno-date-time -Wno-cast-align -Wno-cstring-format-directive -Wno-double-promotion -Wno-partial-availability -Wno-objc-messaging-id -Wno-direct-ivar-access -Wno-cast-qual -Wno-declaration-after-statement -F/Users/oikhlas/Library/Developer/Xcode/DerivedData/WebDriverAgent-bcmeffsllcldukgyoimwiehwhvyz/Build/Products/Debug-iphonesimulator -F/Applications/Xcode.app/Contents/Developer/Platforms/iPhoneSimulator.platform/Developer/Library/Frameworks -F/Applications/Xcode.app/Contents/Developer/Platforms/iPhoneSimulator.platform/Developer/Library/PrivateFrameworks -iframework /Applications/Xcode.app/Contents/Developer/Platforms/iPhoneSimulator.platform/Developer/SDKs/iPhoneSimulator16.0.sdk/Developer/Library/Frameworks -MMD -MT dependencies -MF /Users/oikhlas/Library/Developer/Xcode/DerivedData/WebDriverAgent-bcmeffsllcldukgyoimwiehwhvyz/Build/Intermediates.noindex/WebDriverAgent.build/Debug-iphonesimulator/WebDriverAgentLib.build/Objects-normal/x86_64/FBFindElementCommands.d --serialize-diagnostics /Users/oikhlas/Library/Developer/Xcode/DerivedData/WebDriverAgent-bcmeffsllcldukgyoimwiehwhvyz/Build/Intermediates.noindex/WebDriverAgent.build/Debug-iphonesimulator/WebDriverAgentLib.build/Objects-normal/x86_64/FBFindElementCommands.dia -c /Users/oikhlas/.appium/node_modules/appium-xcuitest-driver/node_modules/appium-webdriveragent/WebDriverAgentLib/Commands/FBFindElementCommands.m -o /Users/oikhlas/Library/Developer/Xcode/DerivedData/WebDriverAgent-bcmeffsllcldukgyoimwiehwhvyz/Build/Intermediates.noindex/WebDriverAgent.build/Debug-iphonesimulator/WebDriverAgentLib.build/Objects-normal/x86_64/FBFindElementCommands.o
&amp#27;[38;5;173m[Xcode]&amp#27;[0m 
&amp#27;[38;5;173m[Xcode]&amp#27;[0m 2024-11-05 15:48:03.977 xcodebuild[20643:209611]  DVTDownloadable: Unexpected error attempting to parse downloadable from index: Error Domain=DVTDownloadableErrors Code=16 "Unable to read in downloadable data. See underlying errors for details." UserInfo={DownloadablePlist={
&amp#27;[38;5;173m[Xcode]&amp#27;[0m     authentication = virtual;
&amp#27;[38;5;173m[Xcode]&amp#27;[0m     category = simulator;
&amp#27;[38;5;173m[Xcode]&amp#27;[0m     contentType = diskImage;
&amp#27;[38;5;173m[Xcode]&amp#27;[0m     dictionaryVersion = 2;
&amp#27;[38;5;173m[Xcode]&amp#27;[0m     fileSize = 7281422409;
&amp#27;[38;5;173m[Xcode]&amp#27;[0m     hostRequirements =     {
&amp#27;[38;5;173m[Xcode]&amp#27;[0m         minHostVersion = "13.4";
&amp#27;[38;5;173m[Xcode]&amp#27;[0m         minXcodeVersion = "15.0";
&amp#27;[38;5;173m[Xcode]&amp#27;[0m     };
&amp#27;[38;5;173m[Xcode]&amp#27;[0m     identifier = "com.apple.dmg.xrSimulatorSDK1_0_b3";
&amp#27;[38;5;173m[Xcode]&amp#27;[0m     name = "xrOS 1 beta 3 Simulator Runtime";
&amp#27;[38;5;173m[Xcode]&amp#27;[0m     platform = "com.apple.platform.xros";
&amp#27;[38;5;173m[Xcode]&amp#27;[0m     simulatorVersion =     {
&amp#27;[38;5;173m[Xcode]&amp#27;[0m         buildUpdate = 21N5233f;
&amp#27;[38;5;173m[Xcode]&amp#27;[0m         version = "1.0";
&amp#27;[38;5;173m[Xcode]&amp#27;[0m     };
&amp#27;[38;5;173m[Xcode]&amp#27;[0m     source = "https://download.developer.apple.com/Developer_Tools/visionOS_1_beta_3_Simulator_Runtime/visionOS_1_beta_3_Simulator_Runtime.dmg";
&amp#27;[38;5;173m[Xcode]&amp#27;[0m     version = "1.0.0.3";
&amp#27;[38;5;173m[Xcode]&amp#27;[0m }, NSLocalizedDescription=Unable to read in downloadable data. See underlying errors for details., DVTUnderlyingErrorsKey=(
&amp#27;[38;5;173m[Xcode]&amp#27;[0m     "Error Domain=DVTDownloadableErrors Code=23 \"'com.apple.platform.xros' is an unknown platform identifier.\" UserInfo={NSLocalizedDescription='com.apple.platform.xros' is an unknown platform identifier.}"
&amp#27;[38;5;173m[Xcode]&amp#27;[0m )}
&amp#27;[38;5;173m[Xcode]&amp#27;[0m 
&amp#27;[38;5;173m[Xcode]&amp#27;[0m 2024-11-05 15:48:03.982 xcodebuild[20643:209611]  DVTDownloadable: Unexpected error attempting to parse downloadable from index: Error Domain=DVTDownloadableErrors Code=16 "Unable to read in downloadable data. See underlying errors for details." UserInfo={DownloadablePlist={
&amp#27;[38;5;173m[Xcode]&amp#27;[0m     authentication = virtual;
&amp#27;[38;5;173m[Xcode]&amp#27;[0m     category = simulator;
&amp#27;[38;5;173m[Xcode]&amp#27;[0m     contentType = diskImage;
&amp#27;[38;5;173m[Xcode]&amp#27;[0m     dictionaryVersion = 2;
&amp#27;[38;5;173m[Xcode]&amp#27;[0m     fileSize = 7071092104;
&amp#27;[38;5;173m[Xcode]&amp#27;[0m     hostRequirements =     {
&amp#27;[38;5;173m[Xcode]&amp#27;[0m         minHostVersion = "13.4";
&amp#27;[38;5;173m[Xcode]&amp#27;[0m         minXcodeVersion = "15.0";
&amp#27;[38;5;173m[Xcode]&amp#27;[0m     };
&amp#27;[38;5;173m[Xcode]&amp#27;[0m     identifier = "com.apple.dmg.xrSimulatorSDK1_0_b4";
&amp#27;[38;5;173m[Xcode]&amp#27;[0m     name = "xrOS 1 beta 4 Simulator Runtime";
&amp#27;[38;5;173m[Xcode]&amp#27;[0m     platform = "com.apple.platform.xros";
&amp#27;[38;5;173m[Xcode]&amp#27;[0m     simulatorVersion =     {
&amp#27;[38;5;173m[Xcode]&amp#27;[0m         buildUpdate = 21N5259j;
&amp#27;[38;5;173m[Xcode]&amp#27;[0m         version = "1.0";
&amp#27;[38;5;173m[Xcode]&amp#27;[0m     };
&amp#27;[38;5;173m[Xcode]&amp#27;[0m     source = "https://download.developer.apple.com/Developer_Tools/visionOS_1_beta_4_Simulator_Runtime/visionOS_1_beta_4_Simulator_Runtime.dmg";
&amp#27;[38;5;173m[Xcode]&amp#27;[0m     version = "1.0.0.4";
&amp#27;[38;5;173m[Xcode]&amp#27;[0m }, NSLocalizedDescription=Unable to read in downloadable data. See underlying errors for details., DVTUnderlyingErrorsKey=(
&amp#27;[38;5;173m[Xcode]&amp#27;[0m     "Error Domain=DVTDownloadableErrors Code=23 \"'com.apple.platform.xros' is an unknown platform identifier.\" UserInfo={NSLocalizedDescription='com.apple.platform.xros' is an unknown platform identifier.}"
&amp#27;[38;5;173m[Xcode]&amp#27;[0m )}
&amp#27;[38;5;173m[Xcode]&amp#27;[0m 
&amp#27;[38;5;173m[Xcode]&amp#27;[0m 2024-11-05 15:48:03.982 xcodebuild[20643:209611]  DVTDownloadable: Unexpected error attempting to parse downloadable from index: Error Domain=DVTDownloadableErrors Code=16 "Unable to read in downloadable data. See underlying errors for details." UserInfo={DownloadablePlist={
&amp#27;[38;5;173m[Xcode]&amp#27;[0m     authentication = virtual;
&amp#27;[38;5;173m[Xcode]&amp#27;[0m     category = simulator;
&amp#27;[38;5;173m[Xcode]&amp#27;[0m     contentType = diskImage;
&amp#27;[38;5;173m[Xcode]&amp#27;[0m     dictionaryVersion = 2;
&amp#27;[38;5;173m[Xcode]&amp#27;[0m     fileSize = 7160992014;
&amp#27;[38;5;173m[Xcode]&amp#27;[0m     hostRequirements =     {
&amp#27;[38;5;173m[Xcode]&amp#27;[0m         minHostVersion = "13.4";
&amp#27;[38;5;173m[Xcode]&amp#27;[0m         minXcodeVersion = "15.0";
&amp#27;[38;5;173m[Xcode]&amp#27;[0m     };
&amp#27;[38;5;173m[Xcode]&amp#27;[0m     identifier = "com.apple.dmg.xrSimulatorSDK1_0_b6";
&amp#27;[38;5;173m[Xcode]&amp#27;[0m     name = "xrOS 1 beta 6 Simulator Runtime";
&amp#27;[38;5;173m[Xcode]&amp#27;[0m     platform = "com.apple.platform.xros";
&amp#27;[38;5;173m[Xcode]&amp#27;[0m     simulatorVersion =     {
&amp#27;[38;5;173m[Xcode]&amp#27;[0m         buildUpdate = 21N5300a;
&amp#27;[38;5;173m[Xcode]&amp#27;[0m         version = "1.0";
&amp#27;[38;5;173m[Xcode]&amp#27;[0m     };
&amp#27;[38;5;173m[Xcode]&amp#27;[0m     source = "https://download.developer.apple.com/Developer_Tools/visionOS_1_beta_6_Simulator_Runtime/visionOS_1_beta_6_Simulator_Runtime.dmg";
&amp#27;[38;5;173m[Xcode]&amp#27;[0m     version = "1.0.0.6";
&amp#27;[38;5;173m[Xcode]&amp#27;[0m }, NSLocalizedDescription=Unable to read in downloadable data. See underlying errors for details., DVTUnderlyingErrorsKey=(
&amp#27;[38;5;173m[Xcode]&amp#27;[0m     "Error Domain=DVTDownloadableErrors Code=23 \"'com.apple.platform.xros' is an unknown platform identifier.\" UserInfo={NSLocalizedDescription='com.apple.platform.xros' is an unknown platform identifier.}"
&amp#27;[38;5;173m[Xcode]&amp#27;[0m )}
&amp#27;[38;5;173m[Xcode]&amp#27;[0m 
&amp#27;[38;5;173m[Xcode]&amp#27;[0m 2024-11-05 15:48:03.986 xcodebuild[20643:209611]  DVTDownloadable: Unexpected error attempting to parse downloadable from index: Error Domain=DVTDownloadableErrors Code=16 "Unable to read in downloadable data. See underlying errors for details." UserInfo={DownloadablePlist={
&amp#27;[38;5;173m[Xcode]&amp#27;[0m     authentication = virtual;
&amp#27;[38;5;173m[Xcode]&amp#27;[0m     category = simulator;
&amp#27;[38;5;173m[Xcode]&amp#27;[0m     contentType = diskImage;
&amp#27;[38;5;173m[Xcode]&amp#27;[0m     dictionaryVersion = 2;
&amp#27;[38;5;173m[Xcode]&amp#27;[0m     fileSize = 7163594938;
&amp#27;[38;5;173m[Xcode]&amp#27;[0m     hostRequirements =     {
&amp#27;[38;5;173m[Xcode]&amp#27;[0m         minHostVersion = "13.4";
&amp#27;[38;5;173m[Xcode]&amp#27;[0m         minXcodeVersion = "15.0";
&amp#27;[38;5;173m[Xcode]&amp#27;[0m     };
&amp#27;[38;5;173m[Xcode]&amp#27;[0m     identifier = "com.apple.dmg.xrSimulatorSDK1_0";
&amp#27;[38;5;173m[Xcode]&amp#27;[0m     name = "xrOS 1 Simulator Runtime";
&amp#27;[38;5;173m[Xcode]&amp#27;[0m     platform = "com.apple.platform.xros";
&amp#27;[38;5;173m[Xcode]&amp#27;[0m     simulatorVersion =     {
&amp#27;[38;5;173m[Xcode]&amp#27;[0m         buildUpdate = 21N305;
&amp#27;[38;5;173m[Xcode]&amp#27;[0m         version = "1.0";
&amp#27;[38;5;173m[Xcode]&amp#27;[0m     };
&amp#27;[38;5;173m[Xcode]&amp#27;[0m     source = "https://download.developer.apple.com/Developer_Tools/visionOS_1_Simulator_Runtime/visionOS_1_Simulator_Runtime.dmg";
&amp#27;[38;5;173m[Xcode]&amp#27;[0m     version = "1.0.0.0";
&amp#27;[38;5;173m[Xcode]&amp#27;[0m }, NSLocalizedDescription=Unable to read in downloadable data. See underlying errors for details., DVTUnderlyingErrorsKey=(
&amp#27;[38;5;173m[Xcode]&amp#27;[0m     "Error Domain=DVTDownloadableErrors Code=23 \"'com.apple.platform.xros' is an unknown platform identifier.\" UserInfo={NSLocalizedDescription='com.apple.platform.xros' is an unknown platform identifier.}"
&amp#27;[38;5;173m[Xcode]&amp#27;[0m )}
&amp#27;[38;5;173m[Xcode]&amp#27;[0m 
&amp#27;[38;5;173m[Xcode]&amp#27;[0m 
&amp#27;[38;5;173m[Xcode]&amp#27;[0m 
&amp#27;[38;5;173m[Xcode]&amp#27;[0m CompileC /Users/oikhlas/Library/Developer/Xcode/DerivedData/WebDriverAgent-bcmeffsllcldukgyoimwiehwhvyz/Build/Intermediates.noindex/WebDriverAgent.build/Debug-iphonesimulator/WebDriverAgentLib.build/Objects-normal/x86_64/FBFailureProofTestCase.o /Users/oikhlas/.appium/node_modules/appium-xcuitest-driver/node_modules/appium-webdriveragent/WebDriverAgentLib/Utilities/FBFailureProofTestCase.m normal x86_64 objective-c com.apple.compilers.llvm.clang.1_0.compiler (in target 'WebDriverAgentLib' from project 'WebDriverAgent')
&amp#27;[38;5;173m[Xcode]&amp#27;[0m     cd /Users/oikhlas/.appium/node_modules/appium-xcuitest-driver/node_modules/appium-webdriveragent
&amp#27;[38;5;173m[Xcode]&amp#27;[0m     /Applications/Xcode.app/Contents/Developer/Toolchains/XcodeDefault.xctoolchain/usr/bin/clang -x objective-c -target x86_64-apple-ios16.0-simulator -fmessage-length\=0 -fdiagnostics-show-note-include-stack -fmacro-backtrace-limit\=0 -std\=gnu99 -fobjc-arc -fmodules -gmodules -fmodules-cache-path\=/Users/oikhlas/Library/Developer/Xcode/DerivedData/ModuleCache.noindex -fmodules-prune-interval\=86400 -fmodules-prune-after\=345600 -fbuild-session-file\=/Users/oikhlas/Library/Developer/Xcode/DerivedData/ModuleCache.noindex/Session.modulevalidation -fmodules-validate-once-per-build-session -Wno-trigraphs -fpascal-strings -O0 -fno-common -Wmissing-field-initializers -Wno-missing-prototypes -Werror\=return-type -Wunreachable-code -Wquoted-include-in-framework-header -Wno-implicit-atomic-properties -Werror\=deprecated-objc-isa-usage -Wno-objc-interface-ivars -Werror\=objc-root-class -Warc-repeated-use-of-weak -Wno-arc-maybe-repeated-use-of-weak -Wimplicit-retain-self -Wduplicate-method-match -Wno-missing-braces -Wparentheses -Wswitch -Wunused-function -Wno-unused-label -Wunused-parameter -Wunused-variable -Wunused-value -Wempty-body -Wuninitialized -Wconditional-uninitialized -Wno-unknown-pragmas -pedantic -Wshadow -Wno-four-char-constants -Wconversion -Wconstant-conversion -Wint-conversion -Wbool-conversion -Wenum-conversion -Wfloat-conversion -Wnon-literal-null-conversion -Wobjc-literal-conversion -Wassign-enum -Wsign-compare -Wshorten-64-to-32 -Wpointer-sign -Wno-newline-eof -Wno-selector -Wno-strict-selector-match -Wundeclared-selector -Wdeprecated-implementations -Wno-implicit-fallthrough -DDEBUG\=1 -DOBJC_OLD_DISPATCH_PROTOTYPES\=0 -isysroot /Applications/Xcode.app/Contents/Developer/Platforms/iPhoneSimulator.platform/Developer/SDKs/iPhoneSimulator16.0.sdk -fasm-blocks -fstrict-aliasing -Wprotocol -Wdeprecated-declarations -g -Wno-sign-conversion -Winfinite-recursion -Wcomma -Wblock-capture-autoreleasing -Wstrict-prototypes -Wno-semicolon-before-method-body -fobjc-abi-version\=2 -fobjc-legacy-dispatch -iquote /Users/oikhlas/Library/Developer/Xcode/DerivedData/WebDriverAgent-bcmeffsllcldukgyoimwiehwhvyz/Build/Intermediates.noindex/WebDriverAgent.build/Debug-iphonesimulator/WebDriverAgentLib.build/WebDriverAgentLib-generated-files.hmap -I/Users/oikhlas/Library/Developer/Xcode/DerivedData/WebDriverAgent-bcmeffsllcldukgyoimwiehwhvyz/Build/Intermediates.noindex/WebDriverAgent.build/Debug-iphonesimulator/WebDriverAgentLib.build/WebDriverAgentLib-own-target-headers.hmap -I/Users/oikhlas/Library/Developer/Xcode/DerivedData/WebDriverAgent-bcmeffsllcldukgyoimwiehwhvyz/Build/Intermediates.noindex/WebDriverAgent.build/Debug-iphonesimulator/WebDriverAgentLib.build/WebDriverAgentLib-all-target-headers.hmap -iquote /Users/oikhlas/Library/Developer/Xcode/DerivedData/WebDriverAgent-bcmeffsllcldukgyoimwiehwhvyz/Build/Intermediates.noindex/WebDriverAgent.build/Debug-iphonesimulator/WebDriverAgentLib.build/WebDriverAgentLib-project-headers.hmap -I/Users/oikhlas/Library/Developer/Xcode/DerivedData/WebDriverAgent-bcmeffsllcldukgyoimwiehwhvyz/Build/Products/Debug-iphonesimulator/include -I/Applications/Xcode.app/Contents/Developer/Platforms/iPhoneSimulator.platform/Developer/SDKs/iPhoneSimulator16.0.sdk/usr/include/libxml2 -I/Users/oikhlas/.appium/node_modules/appium-xcuitest-driver/node_modules/appium-webdriveragent/Modules -I/Users/oikhlas/Library/Developer/Xcode/DerivedData/WebDriverAgent-bcmeffsllcldukgyoimwiehwhvyz/Build/Intermediates.noindex/WebDriverAgent.build/Debug-iphonesimulator/WebDriverAgentLib.build/DerivedSources-normal/x86_64 -I/Users/oikhlas/Library/Developer/Xcode/DerivedData/WebDriverAgent-bcmeffsllcldukgyoimwiehwhvyz/Build/Intermediates.noindex/WebDriverAgent.build/Debug-iphonesimulator/WebDriverAgentLib.build/DerivedSources/x86_64 -I/Users/oikhlas/Library/Developer/Xcode/DerivedData/WebDriverAgent-bcmeffsllcldukgyoimwiehwhvyz/Build/Intermediates.noindex/WebDriverAgent.build/Debug-iphonesimulator/WebDriverAgentLib.build/DerivedSources -Weverything -Wno-objc-missing-property-synthesis -Wno-unused-macros -Wno-disabled-macro-expansion -Wno-gnu-statement-expression -Wno-language-extension-token -Wno-overriding-method-mismatch -Wno-missing-variable-declarations -Rno-module-build -Wno-auto-import -Wno-objc-interface-ivars -Wno-documentation-unknown-command -Wno-reserved-id-macro -Wno-unused-parameter -Wno-gnu-conditional-omitted-operand -Wno-explicit-ownership-type -Wno-date-time -Wno-cast-align -Wno-cstring-format-directive -Wno-double-promotion -Wno-partial-availability -Weverything -Wno-objc-missing-property-synthesis -Wno-unused-macros -Wno-disabled-macro-expansion -Wno-gnu-statement-expression -Wno-language-extension-token -Wno-overriding-method-mismatch -Wno-missing-variable-declarations -Rno-module-build -Wno-auto-import -Wno-objc-interface-ivars -Wno-documentation-unknown-command -Wno-reserved-id-macro -Wno-unused-parameter -Wno-gnu-conditional-omitted-operand -Wno-explicit-ownership-type -Wno-date-time -Wno-cast-align -Wno-cstring-format-directive -Wno-double-promotion -Wno-partial-availability -Wno-objc-messaging-id -Wno-direct-ivar-access -Wno-cast-qual -Wno-declaration-after-statement -F/Users/oikhlas/Library/Developer/Xcode/DerivedData/WebDriverAgent-bcmeffsllcldukgyoimwiehwhvyz/Build/Products/Debug-iphonesimulator -F/Applications/Xcode.app/Contents/Developer/Platforms/iPhoneSimulator.platform/Developer/Library/Frameworks -F/Applications/Xcode.app/Contents/Developer/Platforms/iPhoneSimulator.platform/Developer/Library/PrivateFrameworks -iframework /Applications/Xcode.app/Contents/Developer/Platforms/iPhoneSimulator.platform/Developer/SDKs/iPhoneSimulator16.0.sdk/Developer/Library/Frameworks -MMD -MT dependencies -MF /Users/oikhlas/Library/Developer/Xcode/DerivedData/WebDriverAgent-bcmeffsllcldukgyoimwiehwhvyz/Build/Intermediates.noindex/WebDriverAgent.build/Debug-iphonesimulator/WebDriverAgentLib.build/Objects-normal/x86_64/FBFailureProofTestCase.d --serialize-diagnostics /Users/oikhlas/Library/Developer/Xcode/DerivedData/WebDriverAgent-bcmeffsllcldukgyoimwiehwhvyz/Build/Intermediates.noindex/WebDriverAgent.build/Debug-iphonesimulator/WebDriverAgentLib.build/Objects-normal/x86_64/FBFailureProofTestCase.dia -c /Users/oikhlas/.appium/node_modules/appium-xcuitest-driver/node_modules/appium-webdriveragent/WebDriverAgentLib/Utilities/FBFailureProofTestCase.m -o /Users/oikhlas/Library/Developer/Xcode/DerivedData/WebDriverAgent-bcmeffsllcldukgyoimwiehwhvyz/Build/Intermediates.noindex/WebDriverAgent.build/Debug-iphonesimulator/WebDriverAgentLib.build/Objects-normal/x86_64/FBFailureProofTestCase.o
&amp#27;[38;5;173m[Xcode]&amp#27;[0m 
&amp#27;[38;5;173m[Xcode]&amp#27;[0m 
&amp#27;[38;5;173m[Xcode]&amp#27;[0m CompileC /Users/oikhlas/Library/Developer/Xcode/DerivedData/WebDriverAgent-bcmeffsllcldukgyoimwiehwhvyz/Build/Intermediates.noindex/WebDriverAgent.build/Debug-iphonesimulator/WebDriverAgentLib.build/Objects-normal/x86_64/FBExceptions.o /Users/oikhlas/.appium/node_modules/appium-xcuitest-driver/node_modules/appium-webdriveragent/WebDriverAgentLib/Routing/FBExceptions.m normal x86_64 objective-c com.apple.compilers.llvm.clang.1_0.compiler (in target 'WebDriverAgentLib' from project 'WebDriverAgent')
&amp#27;[38;5;173m[Xcode]&amp#27;[0m     cd /Users/oikhlas/.appium/node_modules/appium-xcuitest-driver/node_modules/appium-webdriveragent
&amp#27;[38;5;173m[Xcode]&amp#27;[0m     /Applications/Xcode.app/Contents/Developer/Toolchains/XcodeDefault.xctoolchain/usr/bin/clang -x objective-c -target x86_64-apple-ios16.0-simulator -fmessage-length\=0 -fdiagnostics-show-note-include-stack -fmacro-backtrace-limit\=0 -std\=gnu99 -fobjc-arc -fmodules -gmodules -fmodules-cache-path\=/Users/oikhlas/Library/Developer/Xcode/DerivedData/ModuleCache.noindex -fmodules-prune-interval\=86400 -fmodules-prune-after\=345600 -fbuild-session-file\=/Users/oikhlas/Library/Developer/Xcode/DerivedData/ModuleCache.noindex/Session.modulevalidation -fmodules-validate-once-per-build-session -Wno-trigraphs -fpascal-strings -O0 -fno-common -Wmissing-field-initializers -Wno-missing-prototypes -Werror\=return-type -Wunreachable-code -Wquoted-include-in-framework-header -Wno-implicit-atomic-properties -Werror\=deprecated-objc-isa-usage -Wno-objc-interface-ivars -Werror\=objc-root-class -Warc-repeated-use-of-weak -Wno-arc-maybe-repeated-use-of-weak -Wimplicit-retain-self -Wduplicate-method-match -Wno-missing-braces -Wparentheses -Wswitch -Wunused-function -Wno-unused-label -Wunused-parameter -Wunused-variable -Wunused-value -Wempty-body -Wuninitialized -Wconditional-uninitialized -Wno-unknown-pragmas -pedantic -Wshadow -Wno-four-char-constants -Wconversion -Wconstant-conversion -Wint-conversion -Wbool-conversion -Wenum-conversion -Wfloat-conversion -Wnon-literal-null-conversion -Wobjc-literal-conversion -Wassign-enum -Wsign-compare -Wshorten-64-to-32 -Wpointer-sign -Wno-newline-eof -Wno-selector -Wno-strict-selector-match -Wundeclared-selector -Wdeprecated-implementations -Wno-implicit-fallthrough -DDEBUG\=1 -DOBJC_OLD_DISPATCH_PROTOTYPES\=0 -isysroot /Applications/Xcode.app/Contents/Developer/Platforms/iPhoneSimulator.platform/Developer/SDKs/iPhoneSimulator16.0.sdk -fasm-blocks -fstrict-aliasing -Wprotocol -Wdeprecated-declarations -g -Wno-sign-conversion -Winfinite-recursion -Wcomma -Wblock-capture-autoreleasing -Wstrict-prototypes -Wno-semicolon-before-method-body -fobjc-abi-version\=2 -fobjc-legacy-dispatch -iquote /Users/oikhlas/Library/Developer/Xcode/DerivedData/WebDriverAgent-bcmeffsllcldukgyoimwiehwhvyz/Build/Intermediates.noindex/WebDriverAgent.build/Debug-iphonesimulator/WebDriverAgentLib.build/WebDriverAgentLib-generated-files.hmap -I/Users/oikhlas/Library/Developer/Xcode/DerivedData/WebDriverAgent-bcmeffsllcldukgyoimwiehwhvyz/Build/Intermediates.noindex/WebDriverAgent.build/Debug-iphonesimulator/WebDriverAgentLib.build/WebDriverAgentLib-own-target-headers.hmap -I/Users/oikhlas/Library/Developer/Xcode/DerivedData/WebDriverAgent-bcmeffsllcldukgyoimwiehwhvyz/Build/Intermediates.noindex/WebDriverAgent.build/Debug-iphonesimulator/WebDriverAgentLib.build/WebDriverAgentLib-all-target-headers.hmap -iquote /Users/oikhlas/Library/Developer/Xcode/DerivedData/WebDriverAgent-bcmeffsllcldukgyoimwiehwhvyz/Build/Intermediates.noindex/WebDriverAgent.build/Debug-iphonesimulator/WebDriverAgentLib.build/WebDriverAgentLib-project-headers.hmap -I/Users/oikhlas/Library/Developer/Xcode/DerivedData/WebDriverAgent-bcmeffsllcldukgyoimwiehwhvyz/Build/Products/Debug-iphonesimulator/include -I/Applications/Xcode.app/Contents/Developer/Platforms/iPhoneSimulator.platform/Developer/SDKs/iPhoneSimulator16.0.sdk/usr/include/libxml2 -I/Users/oikhlas/.appium/node_modules/appium-xcuitest-driver/node_modules/appium-webdriveragent/Modules -I/Users/oikhlas/Library/Developer/Xcode/DerivedData/WebDriverAgent-bcmeffsllcldukgyoimwiehwhvyz/Build/Intermediates.noindex/WebDriverAgent.build/Debug-iphonesimulator/WebDriverAgentLib.build/DerivedSources-normal/x86_64 -I/Users/oikhlas/Library/Developer/Xcode/DerivedData/WebDriverAgent-bcmeffsllcldukgyoimwiehwhvyz/Build/Intermediates.noindex/WebDriverAgent.build/Debug-iphonesimulator/WebDriverAgentLib.build/DerivedSources/x86_64 -I/Users/oikhlas/Library/Developer/Xcode/DerivedData/WebDriverAgent-bcmeffsllcldukgyoimwiehwhvyz/Build/Intermediates.noindex/WebDriverAgent.build/Debug-iphonesimulator/WebDriverAgentLib.build/DerivedSources -Weverything -Wno-objc-missing-property-synthesis -Wno-unused-macros -Wno-disabled-macro-expansion -Wno-gnu-statement-expression -Wno-language-extension-token -Wno-overriding-method-mismatch -Wno-missing-variable-declarations -Rno-module-build -Wno-auto-import -Wno-objc-interface-ivars -Wno-documentation-unknown-command -Wno-reserved-id-macro -Wno-unused-parameter -Wno-gnu-conditional-omitted-operand -Wno-explicit-ownership-type -Wno-date-time -Wno-cast-align -Wno-cstring-format-directive -Wno-double-promotion -Wno-partial-availability -Weverything -Wno-objc-missing-property-synthesis -Wno-unused-macros -Wno-disabled-macro-expansion -Wno-gnu-statement-expression -Wno-language-extension-token -Wno-overriding-method-mismatch -Wno-missing-variable-declarations -Rno-module-build -Wno-auto-import -Wno-objc-interface-ivars -Wno-documentation-unknown-command -Wno-reserved-id-macro -Wno-unused-parameter -Wno-gnu-conditional-omitted-operand -Wno-explicit-ownership-type -Wno-date-time -Wno-cast-align -Wno-cstring-format-directive -Wno-double-promotion -Wno-partial-availability -Wno-objc-messaging-id -Wno-direct-ivar-access -Wno-cast-qual -Wno-declaration-after-statement -F/Users/oikhlas/Library/Developer/Xcode/DerivedData/WebDriverAgent-bcmeffsllcldukgyoimwiehwhvyz/Build/Products/Debug-iphonesimulator -F/Applications/Xcode.app/Contents/Developer/Platforms/iPhoneSimulator.platform/Developer/Library/Frameworks -F/Applications/Xcode.app/Contents/Developer/Platforms/iPhoneSimulator.platform/Developer/Library/PrivateFrameworks -iframework /Applications/Xcode.app/Contents/Developer/Platforms/iPhoneSimulator.platform/Developer/SDKs/iPhoneSimulator16.0.sdk/Developer/Library/Frameworks -MMD -MT dependencies -MF /Users/oikhlas/Library/Developer/Xcode/DerivedData/WebDriverAgent-bcmeffsllcldukgyoimwiehwhvyz/Build/Intermediates.noindex/WebDriverAgent.build/Debug-iphonesimulator/WebDriverAgentLib.build/Objects-normal/x86_64/FBExceptions.d --serialize-diagnostics /Users/oikhlas/Library/Developer/Xcode/DerivedData/WebDriverAgent-bcmeffsllcldukgyoimwiehwhvyz/Build/Intermediates.noindex/WebDriverAgent.build/Debug-iphonesimulator/WebDriverAgentLib.build/Objects-normal/x86_64/FBExceptions.dia -c /Users/oikhlas/.appium/node_modules/appium-xcuitest-driver/node_modules/appium-webdriveragent/WebDriverAgentLib/Routing/FBExceptions.m -o /Users/oikhlas/Library/Developer/Xcode/DerivedData/WebDriverAgent-bcmeffsllcldukgyoimwiehwhvyz/Build/Intermediates.noindex/WebDriverAgent.build/Debug-iphonesimulator/WebDriverAgentLib.build/Objects-normal/x86_64/FBExceptions.o
&amp#27;[38;5;173m[Xcode]&amp#27;[0m 
&amp#27;[38;5;173m[Xcode]&amp#27;[0m 
&amp#27;[38;5;173m[Xcode]&amp#27;[0m CompileC /Users/oikhlas/Library/Developer/Xcode/DerivedData/WebDriverAgent-bcmeffsllcldukgyoimwiehwhvyz/Build/Intermediates.noindex/WebDriverAgent.build/Debug-iphonesimulator/WebDriverAgentLib.build/Objects-normal/x86_64/FBExceptionHandler.o /Users/oikhlas/.appium/node_modules/appium-xcuitest-driver/node_modules/appium-webdriveragent/WebDriverAgentLib/Routing/FBExceptionHandler.m normal x86_64 objective-c com.apple.compilers.llvm.clang.1_0.compiler (in target 'WebDriverAgentLib' from project 'WebDriverAgent')
&amp#27;[38;5;173m[Xcode]&amp#27;[0m     cd /Users/oikhlas/.appium/node_modules/appium-xcuitest-driver/node_modules/appium-webdriveragent
&amp#27;[38;5;173m[Xcode]&amp#27;[0m     /Applications/Xcode.app/Contents/Developer/Toolchains/XcodeDefault.xctoolchain/usr/bin/clang -x objective-c -target x86_64-apple-ios16.0-simulator -fmessage-length\=0 -fdiagnostics-show-note-include-stack -fmacro-backtrace-limit\=0 -std\=gnu99 -fobjc-arc -fmodules -gmodules -fmodules-cache-path\=/Users/oikhlas/Library/Developer/Xcode/DerivedData/ModuleCache.noindex -fmodules-prune-interval\=86400 -fmodules-prune-after\=345600 -fbuild-session-file\=/Users/oikhlas/Library/Developer/Xcode/DerivedData/ModuleCache.noindex/Session.modulevalidation -fmodules-validate-once-per-build-session -Wno-trigraphs -fpascal-strings -O0 -fno-common -Wmissing-field-initializers -Wno-missing-prototypes -Werror\=return-type -Wunreachable-code -Wquoted-include-in-framework-header -Wno-implicit-atomic-properties -Werror\=deprecated-objc-isa-usage -Wno-objc-interface-ivars -Werror\=objc-root-class -Warc-repeated-use-of-weak -Wno-arc-maybe-repeated-use-of-weak -Wimplicit-retain-self -Wduplicate-method-match -Wno-missing-braces -Wparentheses -Wswitch -Wunused-function -Wno-unused-label -Wunused-parameter -Wunused-variable -Wunused-value -Wempty-body -Wuninitialized -Wconditional-uninitialized -Wno-unknown-pragmas -pedantic -Wshadow -Wno-four-char-constants -Wconversion -Wconstant-conversion -Wint-conversion -Wbool-conversion -Wenum-conversion -Wfloat-conversion -Wnon-literal-null-conversion -Wobjc-literal-conversion -Wassign-enum -Wsign-compare -Wshorten-64-to-32 -Wpointer-sign -Wno-newline-eof -Wno-selector -Wno-strict-selector-match -Wundeclared-selector -Wdeprecated-implementations -Wno-implicit-fallthrough -DDEBUG\=1 -DOBJC_OLD_DISPATCH_PROTOTYPES\=0 -isysroot /Applications/Xcode.app/Contents/Developer/Platforms/iPhoneSimulator.platform/Developer/SDKs/iPhoneSimulator16.0.sdk -fasm-blocks -fstrict-aliasing -Wprotocol -Wdeprecated-declarations -g -Wno-sign-conversion -Winfinite-recursion -Wcomma -Wblock-capture-autoreleasing -Wstrict-prototypes -Wno-semicolon-before-method-body -fobjc-abi-version\=2 -fobjc-legacy-dispatch -iquote /Users/oikhlas/Library/Developer/Xcode/DerivedData/WebDriverAgent-bcmeffsllcldukgyoimwiehwhvyz/Build/Intermediates.noindex/WebDriverAgent.build/Debug-iphonesimulator/WebDriverAgentLib.build/WebDriverAgentLib-generated-files.hmap -I/Users/oikhlas/Library/Developer/Xcode/DerivedData/WebDriverAgent-bcmeffsllcldukgyoimwiehwhvyz/Build/Intermediates.noindex/WebDriverAgent.build/Debug-iphonesimulator/WebDriverAgentLib.build/WebDriverAgentLib-own-target-headers.hmap -I/Users/oikhlas/Library/Developer/Xcode/DerivedData/WebDriverAgent-bcmeffsllcldukgyoimwiehwhvyz/Build/Intermediates.noindex/WebDriverAgent.build/Debug-iphonesimulator/WebDriverAgentLib.build/WebDriverAgentLib-all-target-headers.hmap -iquote /Users/oikhlas/Library/Developer/Xcode/DerivedData/WebDriverAgent-bcmeffsllcldukgyoimwiehwhvyz/Build/Intermediates.noindex/WebDriverAgent.build/Debug-iphonesimulator/WebDriverAgentLib.build/WebDriverAgentLib-project-headers.hmap -I/Users/oikhlas/Library/Developer/Xcode/DerivedData/WebDriverAgent-bcmeffsllcldukgyoimwiehwhvyz/Build/Products/Debug-iphonesimulator/include -I/Applications/Xcode.app/Contents/Developer/Platforms/iPhoneSimulator.platform/Developer/SDKs/iPhoneSimulator16.0.sdk/usr/include/libxml2 -I/Users/oikhlas/.appium/node_modules/appium-xcuitest-driver/node_modules/appium-webdriveragent/Modules -I/Users/oikhlas/Library/Developer/Xcode/DerivedData/WebDriverAgent-bcmeffsllcldukgyoimwiehwhvyz/Build/Intermediates.noindex/WebDriverAgent.build/Debug-iphonesimulator/WebDriverAgentLib.build/DerivedSources-normal/x86_64 -I/Users/oikhlas/Library/Developer/Xcode/DerivedData/WebDriverAgent-bcmeffsllcldukgyoimwiehwhvyz/Build/Intermediates.noindex/WebDriverAgent.build/Debug-iphonesimulator/WebDriverAgentLib.build/DerivedSources/x86_64 -I/Users/oikhlas/Library/Developer/Xcode/DerivedData/WebDriverAgent-bcmeffsllcldukgyoimwiehwhvyz/Build/Intermediates.noindex/WebDriverAgent.build/Debug-iphonesimulator/WebDriverAgentLib.build/DerivedSources -Weverything -Wno-objc-missing-property-synthesis -Wno-unused-macros -Wno-disabled-macro-expansion -Wno-gnu-statement-expression -Wno-language-extension-token -Wno-overriding-method-mismatch -Wno-missing-variable-declarations -Rno-module-build -Wno-auto-import -Wno-objc-interface-ivars -Wno-documentation-unknown-command -Wno-reserved-id-macro -Wno-unused-parameter -Wno-gnu-conditional-omitted-operand -Wno-explicit-ownership-type -Wno-date-time -Wno-cast-align -Wno-cstring-format-directive -Wno-double-promotion -Wno-partial-availability -Weverything -Wno-objc-missing-property-synthesis -Wno-unused-macros -Wno-disabled-macro-expansion -Wno-gnu-statement-expression -Wno-language-extension-token -Wno-overriding-method-mismatch -Wno-missing-variable-declarations -Rno-module-build -Wno-auto-import -Wno-objc-interface-ivars -Wno-documentation-unknown-command -Wno-reserved-id-macro -Wno-unused-parameter -Wno-gnu-conditional-omitted-operand -Wno-explicit-ownership-type -Wno-date-time -Wno-cast-align -Wno-cstring-format-directive -Wno-double-promotion -Wno-partial-availability -Wno-objc-messaging-id -Wno-direct-ivar-access -Wno-cast-qual -Wno-declaration-after-statement -F/Users/oikhlas/Library/Developer/Xcode/DerivedData/WebDriverAgent-bcmeffsllcldukgyoimwiehwhvyz/Build/Products/Debug-iphonesimulator -F/Applications/Xcode.app/Contents/Developer/Platforms/iPhoneSimulator.platform/Developer/Library/Frameworks -F/Applications/Xcode.app/Contents/Developer/Platforms/iPhoneSimulator.platform/Developer/Library/PrivateFrameworks -iframework /Applications/Xcode.app/Contents/Developer/Platforms/iPhoneSimulator.platform/Developer/SDKs/iPhoneSimulator16.0.sdk/Developer/Library/Frameworks -MMD -MT dependencies -MF /Users/oikhlas/Library/Developer/Xcode/DerivedData/WebDriverAgent-bcmeffsllcldukgyoimwiehwhvyz/Build/Intermediates.noindex/WebDriverAgent.build/Debug-iphonesimulator/WebDriverAgentLib.build/Objects-normal/x86_64/FBExceptionHandler.d --serialize-diagnostics /Users/oikhlas/Library/Developer/Xcode/DerivedData/WebDriverAgent-bcmeffsllcldukgyoimwiehwhvyz/Build/Intermediates.noindex/WebDriverAgent.build/Debug-iphonesimulator/WebDriverAgentLib.build/Objects-normal/x86_64/FBExceptionHandler.dia -c /Users/oikhlas/.appium/node_modules/appium-xcuitest-driver/node_modules/appium-webdriveragent/WebDriverAgentLib/Routing/FBExceptionHandler.m -o /Users/oikhlas/Library/Developer/Xcode/DerivedData/WebDriverAgent-bcmeffsllcldukgyoimwiehwhvyz/Build/Intermediates.noindex/WebDriverAgent.build/Debug-iphonesimulator/WebDriverAgentLib.build/Objects-normal/x86_64/FBExceptionHandler.o
&amp#27;[38;5;173m[Xcode]&amp#27;[0m 
&amp#27;[38;5;173m[Xcode]&amp#27;[0m 
&amp#27;[38;5;173m[Xcode]&amp#27;[0m CompileC /Users/oikhlas/Library/Developer/Xcode/DerivedData/WebDriverAgent-bcmeffsllcldukgyoimwiehwhvyz/Build/Intermediates.noindex/WebDriverAgent.build/Debug-iphonesimulator/WebDriverAgentLib.build/Objects-normal/x86_64/FBErrorBuilder.o /Users/oikhlas/.appium/node_modules/appium-xcuitest-driver/node_modules/appium-webdriveragent/WebDriverAgentLib/Utilities/FBErrorBuilder.m normal x86_64 objective-c com.apple.compilers.llvm.clang.1_0.compiler (in target 'WebDriverAgentLib' from project 'WebDriverAgent')
&amp#27;[38;5;173m[Xcode]&amp#27;[0m     cd /Users/oikhlas/.appium/node_modules/appium-xcuitest-driver/node_modules/appium-webdriveragent
&amp#27;[38;5;173m[Xcode]&amp#27;[0m     /Applications/Xcode.app/Contents/Developer/Toolchains/XcodeDefault.xctoolchain/usr/bin/clang -x objective-c -target x86_64-apple-ios16.0-simulator -fmessage-length\=0 -fdiagnostics-show-note-include-stack -fmacro-backtrace-limit\=0 -std\=gnu99 -fobjc-arc -fmodules -gmodules -fmodules-cache-path\=/Users/oikhlas/Library/Developer/Xcode/DerivedData/ModuleCache.noindex -fmodules-prune-interval\=86400 -fmodules-prune-after\=345600 -fbuild-session-file\=/Users/oikhlas/Library/Developer/Xcode/DerivedData/ModuleCache.noindex/Session.modulevalidation -fmodules-validate-once-per-build-session -Wno-trigraphs -fpascal-strings -O0 -fno-common -Wmissing-field-initializers -Wno-missing-prototypes -Werror\=return-type -Wunreachable-code -Wquoted-include-in-framework-header -Wno-implicit-atomic-properties -Werror\=deprecated-objc-isa-usage -Wno-objc-interface-ivars -Werror\=objc-root-class -Warc-repeated-use-of-weak -Wno-arc-maybe-repeated-use-of-weak -Wimplicit-retain-self -Wduplicate-method-match -Wno-missing-braces -Wparentheses -Wswitch -Wunused-function -Wno-unused-label -Wunused-parameter -Wunused-variable -Wunused-value -Wempty-body -Wuninitialized -Wconditional-uninitialized -Wno-unknown-pragmas -pedantic -Wshadow -Wno-four-char-constants -Wconversion -Wconstant-conversion -Wint-conversion -Wbool-conversion -Wenum-conversion -Wfloat-conversion -Wnon-literal-null-conversion -Wobjc-literal-conversion -Wassign-enum -Wsign-compare -Wshorten-64-to-32 -Wpointer-sign -Wno-newline-eof -Wno-selector -Wno-strict-selector-match -Wundeclared-selector -Wdeprecated-implementations -Wno-implicit-fallthrough -DDEBUG\=1 -DOBJC_OLD_DISPATCH_PROTOTYPES\=0 -isysroot /Applications/Xcode.app/Contents/Developer/Platforms/iPhoneSimulator.platform/Developer/SDKs/iPhoneSimulator16.0.sdk -fasm-blocks -fstrict-aliasing -Wprotocol -Wdeprecated-declarations -g -Wno-sign-conversion -Winfinite-recursion -Wcomma -Wblock-capture-autoreleasing -Wstrict-prototypes -Wno-semicolon-before-method-body -fobjc-abi-version\=2 -fobjc-legacy-dispatch -iquote /Users/oikhlas/Library/Developer/Xcode/DerivedData/WebDriverAgent-bcmeffsllcldukgyoimwiehwhvyz/Build/Intermediates.noindex/WebDriverAgent.build/Debug-iphonesimulator/WebDriverAgentLib.build/WebDriverAgentLib-generated-files.hmap -I/Users/oikhlas/Library/Developer/Xcode/DerivedData/WebDriverAgent-bcmeffsllcldukgyoimwiehwhvyz/Build/Intermediates.noindex/WebDriverAgent.build/Debug-iphonesimulator/WebDriverAgentLib.build/WebDriverAgentLib-own-target-headers.hmap -I/Users/oikhlas/Library/Developer/Xcode/DerivedData/WebDriverAgent-bcmeffsllcldukgyoimwiehwhvyz/Build/Intermediates.noindex/WebDriverAgent.build/Debug-iphonesimulator/WebDriverAgentLib.build/WebDriverAgentLib-all-target-headers.hmap -iquote /Users/oikhlas/Library/Developer/Xcode/DerivedData/WebDriverAgent-bcmeffsllcldukgyoimwiehwhvyz/Build/Intermediates.noindex/WebDriverAgent.build/Debug-iphonesimulator/WebDriverAgentLib.build/WebDriverAgentLib-project-headers.hmap -I/Users/oikhlas/Library/Developer/Xcode/DerivedData/WebDriverAgent-bcmeffsllcldukgyoimwiehwhvyz/Build/Products/Debug-iphonesimulator/include -I/Applications/Xcode.app/Contents/Developer/Platforms/iPhoneSimulator.platform/Developer/SDKs/iPhoneSimulator16.0.sdk/usr/include/libxml2 -I/Users/oikhlas/.appium/node_modules/appium-xcuitest-driver/node_modules/appium-webdriveragent/Modules -I/Users/oikhlas/Library/Developer/Xcode/DerivedData/WebDriverAgent-bcmeffsllcldukgyoimwiehwhvyz/Build/Intermediates.noindex/WebDriverAgent.build/Debug-iphonesimulator/WebDriverAgentLib.build/DerivedSources-normal/x86_64 -I/Users/oikhlas/Library/Developer/Xcode/DerivedData/WebDriverAgent-bcmeffsllcldukgyoimwiehwhvyz/Build/Intermediates.noindex/WebDriverAgent.build/Debug-iphonesimulator/WebDriverAgentLib.build/DerivedSources/x86_64 -I/Users/oikhlas/Library/Developer/Xcode/DerivedData/WebDriverAgent-bcmeffsllcldukgyoimwiehwhvyz/Build/Intermediates.noindex/WebDriverAgent.build/Debug-iphonesimulator/WebDriverAgentLib.build/DerivedSources -Weverything -Wno-objc-missing-property-synthesis -Wno-unused-macros -Wno-disabled-macro-expansion -Wno-gnu-statement-expression -Wno-language-extension-token -Wno-overriding-method-mismatch -Wno-missing-variable-declarations -Rno-module-build -Wno-auto-import -Wno-objc-interface-ivars -Wno-documentation-unknown-command -Wno-reserved-id-macro -Wno-unused-parameter -Wno-gnu-conditional-omitted-operand -Wno-explicit-ownership-type -Wno-date-time -Wno-cast-align -Wno-cstring-format-directive -Wno-double-promotion -Wno-partial-availability -Weverything -Wno-objc-missing-property-synthesis -Wno-unused-macros -Wno-disabled-macro-expansion -Wno-gnu-statement-expression -Wno-language-extension-token -Wno-overriding-method-mismatch -Wno-missing-variable-declarations -Rno-module-build -Wno-auto-import -Wno-objc-interface-ivars -Wno-documentation-unknown-command -Wno-reserved-id-macro -Wno-unused-parameter -Wno-gnu-conditional-omitted-operand -Wno-explicit-ownership-type -Wno-date-time -Wno-cast-align -Wno-cstring-format-directive -Wno-double-promotion -Wno-partial-availability -Wno-objc-messaging-id -Wno-direct-ivar-access -Wno-cast-qual -Wno-declaration-after-statement -F/Users/oikhlas/Library/Developer/Xcode/DerivedData/WebDriverAgent-bcmeffsllcldukgyoimwiehwhvyz/Build/Products/Debug-iphonesimulator -F/Applications/Xcode.app/Contents/Developer/Platforms/iPhoneSimulator.platform/Developer/Library/Frameworks -F/Applications/Xcode.app/Contents/Developer/Platforms/iPhoneSimulator.platform/Developer/Library/PrivateFrameworks -iframework /Applications/Xcode.app/Contents/Developer/Platforms/iPhoneSimulator.platform/Developer/SDKs/iPhoneSimulator16.0.sdk/Developer/Library/Frameworks -MMD -MT dependencies -MF /Users/oikhlas/Library/Developer/Xcode/DerivedData/WebDriverAgent-bcmeffsllcldukgyoimwiehwhvyz/Build/Intermediates.noindex/WebDriverAgent.build/Debug-iphonesimulator/WebDriverAgentLib.build/Objects-normal/x86_64/FBErrorBuilder.d --serialize-diagnostics /Users/oikhlas/Library/Developer/Xcode/DerivedData/WebDriverAgent-bcmeffsllcldukgyoimwiehwhvyz/Build/Intermediates.noindex/WebDriverAgent.build/Debug-iphonesimulator/WebDriverAgentLib.build/Objects-normal/x86_64/FBErrorBuilder.dia -c /Users/oikhlas/.appium/node_modules/appium-xcuitest-driver/node_modules/appium-webdriveragent/WebDriverAgentLib/Utilities/FBErrorBuilder.m -o /Users/oikhlas/Library/Developer/Xcode/DerivedData/WebDriverAgent-bcmeffsllcldukgyoimwiehwhvyz/Build/Intermediates.noindex/WebDriverAgent.build/Debug-iphonesimulator/WebDriverAgentLib.build/Objects-normal/x86_64/FBErrorBuilder.o
&amp#27;[38;5;173m[Xcode]&amp#27;[0m 
&amp#27;[38;5;173m[Xcode]&amp#27;[0m 
&amp#27;[38;5;173m[Xcode]&amp#27;[0m CompileC /Users/oikhlas/Library/Developer/Xcode/DerivedData/WebDriverAgent-bcmeffsllcldukgyoimwiehwhvyz/Build/Intermediates.noindex/WebDriverAgent.build/Debug-iphonesimulator/WebDriverAgentLib.build/Objects-normal/x86_64/FBElementUtils.o /Users/oikhlas/.appium/node_modules/appium-xcuitest-driver/node_modules/appium-webdriveragent/WebDriverAgentLib/Routing/FBElementUtils.m normal x86_64 objective-c com.apple.compilers.llvm.clang.1_0.compiler (in target 'WebDriverAgentLib' from project 'WebDriverAgent')
&amp#27;[38;5;173m[Xcode]&amp#27;[0m     cd /Users/oikhlas/.appium/node_modules/appium-xcuitest-driver/node_modules/appium-webdriveragent
&amp#27;[38;5;173m[Xcode]&amp#27;[0m     /Applications/Xcode.app/Contents/Developer/Toolchains/XcodeDefault.xctoolchain/usr/bin/clang -x objective-c -target x86_64-apple-ios16.0-simulator -fmessage-length\=0 -fdiagnostics-show-note-include-stack -fmacro-backtrace-limit\=0 -std\=gnu99 -fobjc-arc -fmodules -gmodules -fmodules-cache-path\=/Users/oikhlas/Library/Developer/Xcode/DerivedData/ModuleCache.noindex -fmodules-prune-interval\=86400 -fmodules-prune-after\=345600 -fbuild-session-file\=/Users/oikhlas/Library/Developer/Xcode/DerivedData/ModuleCache.noindex/Session.modulevalidation -fmodules-validate-once-per-build-session -Wno-trigraphs -fpascal-strings -O0 -fno-common -Wmissing-field-initializers -Wno-missing-prototypes -Werror\=return-type -Wunreachable-code -Wquoted-include-in-framework-header -Wno-implicit-atomic-properties -Werror\=deprecated-objc-isa-usage -Wno-objc-interface-ivars -Werror\=objc-root-class -Warc-repeated-use-of-weak -Wno-arc-maybe-repeated-use-of-weak -Wimplicit-retain-self -Wduplicate-method-match -Wno-missing-braces -Wparentheses -Wswitch -Wunused-function -Wno-unused-label -Wunused-parameter -Wunused-variable -Wunused-value -Wempty-body -Wuninitialized -Wconditional-uninitialized -Wno-unknown-pragmas -pedantic -Wshadow -Wno-four-char-constants -Wconversion -Wconstant-conversion -Wint-conversion -Wbool-conversion -Wenum-conversion -Wfloat-conversion -Wnon-literal-null-conversion -Wobjc-literal-conversion -Wassign-enum -Wsign-compare -Wshorten-64-to-32 -Wpointer-sign -Wno-newline-eof -Wno-selector -Wno-strict-selector-match -Wundeclared-selector -Wdeprecated-implementations -Wno-implicit-fallthrough -DDEBUG\=1 -DOBJC_OLD_DISPATCH_PROTOTYPES\=0 -isysroot /Applications/Xcode.app/Contents/Developer/Platforms/iPhoneSimulator.platform/Developer/SDKs/iPhoneSimulator16.0.sdk -fasm-blocks -fstrict-aliasing -Wprotocol -Wdeprecated-declarations -g -Wno-sign-conversion -Winfinite-recursion -Wcomma -Wblock-capture-autoreleasing -Wstrict-prototypes -Wno-semicolon-before-method-body -fobjc-abi-version\=2 -fobjc-legacy-dispatch -iquote /Users/oikhlas/Library/Developer/Xcode/DerivedData/WebDriverAgent-bcmeffsllcldukgyoimwiehwhvyz/Build/Intermediates.noindex/WebDriverAgent.build/Debug-iphonesimulator/WebDriverAgentLib.build/WebDriverAgentLib-generated-files.hmap -I/Users/oikhlas/Library/Developer/Xcode/DerivedData/WebDriverAgent-bcmeffsllcldukgyoimwiehwhvyz/Build/Intermediates.noindex/WebDriverAgent.build/Debug-iphonesimulator/WebDriverAgentLib.build/WebDriverAgentLib-own-target-headers.hmap -I/Users/oikhlas/Library/Developer/Xcode/DerivedData/WebDriverAgent-bcmeffsllcldukgyoimwiehwhvyz/Build/Intermediates.noindex/WebDriverAgent.build/Debug-iphonesimulator/WebDriverAgentLib.build/WebDriverAgentLib-all-target-headers.hmap -iquote /Users/oikhlas/Library/Developer/Xcode/DerivedData/WebDriverAgent-bcmeffsllcldukgyoimwiehwhvyz/Build/Intermediates.noindex/WebDriverAgent.build/Debug-iphonesimulator/WebDriverAgentLib.build/WebDriverAgentLib-project-headers.hmap -I/Users/oikhlas/Library/Developer/Xcode/DerivedData/WebDriverAgent-bcmeffsllcldukgyoimwiehwhvyz/Build/Products/Debug-iphonesimulator/include -I/Applications/Xcode.app/Contents/Developer/Platforms/iPhoneSimulator.platform/Developer/SDKs/iPhoneSimulator16.0.sdk/usr/include/libxml2 -I/Users/oikhlas/.appium/node_modules/appium-xcuitest-driver/node_modules/appium-webdriveragent/Modules -I/Users/oikhlas/Library/Developer/Xcode/DerivedData/WebDriverAgent-bcmeffsllcldukgyoimwiehwhvyz/Build/Intermediates.noindex/WebDriverAgent.build/Debug-iphonesimulator/WebDriverAgentLib.build/DerivedSources-normal/x86_64 -I/Users/oikhlas/Library/Developer/Xcode/DerivedData/WebDriverAgent-bcmeffsllcldukgyoimwiehwhvyz/Build/Intermediates.noindex/WebDriverAgent.build/Debug-iphonesimulator/WebDriverAgentLib.build/DerivedSources/x86_64 -I/Users/oikhlas/Library/Developer/Xcode/DerivedData/WebDriverAgent-bcmeffsllcldukgyoimwiehwhvyz/Build/Intermediates.noindex/WebDriverAgent.build/Debug-iphonesimulator/WebDriverAgentLib.build/DerivedSources -Weverything -Wno-objc-missing-property-synthesis -Wno-unused-macros -Wno-disabled-macro-expansion -Wno-gnu-statement-expression -Wno-language-extension-token -Wno-overriding-method-mismatch -Wno-missing-variable-declarations -Rno-module-build -Wno-auto-import -Wno-objc-interface-ivars -Wno-documentation-unknown-command -Wno-reserved-id-macro -Wno-unused-parameter -Wno-gnu-conditional-omitted-operand -Wno-explicit-ownership-type -Wno-date-time -Wno-cast-align -Wno-cstring-format-directive -Wno-double-promotion -Wno-partial-availability -Weverything -Wno-objc-missing-property-synthesis -Wno-unused-macros -Wno-disabled-macro-expansion -Wno-gnu-statement-expression -Wno-language-extension-token -Wno-overriding-method-mismatch -Wno-missing-variable-declarations -Rno-module-build -Wno-auto-import -Wno-objc-interface-ivars -Wno-documentation-unknown-command -Wno-reserved-id-macro -Wno-unused-parameter -Wno-gnu-conditional-omitted-operand -Wno-explicit-ownership-type -Wno-date-time -Wno-cast-align -Wno-cstring-format-directive -Wno-double-promotion -Wno-partial-availability -Wno-objc-messaging-id -Wno-direct-ivar-access -Wno-cast-qual -Wno-declaration-after-statement -F/Users/oikhlas/Library/Developer/Xcode/DerivedData/WebDriverAgent-bcmeffsllcldukgyoimwiehwhvyz/Build/Products/Debug-iphonesimulator -F/Applications/Xcode.app/Contents/Developer/Platforms/iPhoneSimulator.platform/Developer/Library/Frameworks -F/Applications/Xcode.app/Contents/Developer/Platforms/iPhoneSimulator.platform/Developer/Library/PrivateFrameworks -iframework /Applications/Xcode.app/Contents/Developer/Platforms/iPhoneSimulator.platform/Developer/SDKs/iPhoneSimulator16.0.sdk/Developer/Library/Frameworks -MMD -MT dependencies -MF /Users/oikhlas/Library/Developer/Xcode/DerivedData/WebDriverAgent-bcmeffsllcldukgyoimwiehwhvyz/Build/Intermediates.noindex/WebDriverAgent.build/Debug-iphonesimulator/WebDriverAgentLib.build/Objects-normal/x86_64/FBElementUtils.d --serialize-diagnostics /Users/oikhlas/Library/Developer/Xcode/DerivedData/WebDriverAgent-bcmeffsllcldukgyoimwiehwhvyz/Build/Intermediates.noindex/WebDriverAgent.build/Debug-iphonesimulator/WebDriverAgentLib.build/Objects-normal/x86_64/FBElementUtils.dia -c /Users/oikhlas/.appium/node_modules/appium-xcuitest-driver/node_modules/appium-webdriveragent/WebDriverAgentLib/Routing/FBElementUtils.m -o /Users/oikhlas/Library/Developer/Xcode/DerivedData/WebDriverAgent-bcmeffsllcldukgyoimwiehwhvyz/Build/Intermediates.noindex/WebDriverAgent.build/Debug-iphonesimulator/WebDriverAgentLib.build/Objects-normal/x86_64/FBElementUtils.o
&amp#27;[38;5;173m[Xcode]&amp#27;[0m 
&amp#27;[38;5;173m[Xcode]&amp#27;[0m 
&amp#27;[38;5;173m[Xcode]&amp#27;[0m CompileC /Users/oikhlas/Library/Developer/Xcode/DerivedData/WebDriverAgent-bcmeffsllcldukgyoimwiehwhvyz/Build/Intermediates.noindex/WebDriverAgent.build/Debug-iphonesimulator/WebDriverAgentLib.build/Objects-normal/x86_64/FBElementTypeTransformer.o /Users/oikhlas/.appium/node_modules/appium-xcuitest-driver/node_modules/appium-webdriveragent/WebDriverAgentLib/Utilities/FBElementTypeTransformer.m normal x86_64 objective-c com.apple.compilers.llvm.clang.1_0.compiler (in target 'WebDriverAgentLib' from project 'WebDriverAgent')
&amp#27;[38;5;173m[Xcode]&amp#27;[0m     cd /Users/oikhlas/.appium/node_modules/appium-xcuitest-driver/node_modules/appium-webdriveragent
&amp#27;[38;5;173m[Xcode]&amp#27;[0m     /Applications/Xcode.app/Contents/Developer/Toolchains/XcodeDefault.xctoolchain/usr/bin/clang -x objective-c -target x86_64-apple-ios16.0-simulator -fmessage-length\=0 -fdiagnostics-show-note-include-stack -fmacro-backtrace-limit\=0 -std\=gnu99 -fobjc-arc -fmodules -gmodules -fmodules-cache-path\=/Users/oikhlas/Library/Developer/Xcode/DerivedData/ModuleCache.noindex -fmodules-prune-interval\=86400 -fmodules-prune-after\=345600 -fbuild-session-file\=/Users/oikhlas/Library/Developer/Xcode/DerivedData/ModuleCache.noindex/Session.modulevalidation -fmodules-validate-once-per-build-session -Wno-trigraphs -fpascal-strings -O0 -fno-common -Wmissing-field-initializers -Wno-missing-prototypes -Werror\=return-type -Wunreachable-code -Wquoted-include-in-framework-header -Wno-implicit-atomic-properties -Werror\=deprecated-objc-isa-usage -Wno-objc-interface-ivars -Werror\=objc-root-class -Warc-repeated-use-of-weak -Wno-arc-maybe-repeated-use-of-weak -Wimplicit-retain-self -Wduplicate-method-match -Wno-missing-braces -Wparentheses -Wswitch -Wunused-function -Wno-unused-label -Wunused-parameter -Wunused-variable -Wunused-value -Wempty-body -Wuninitialized -Wconditional-uninitialized -Wno-unknown-pragmas -pedantic -Wshadow -Wno-four-char-constants -Wconversion -Wconstant-conversion -Wint-conversion -Wbool-conversion -Wenum-conversion -Wfloat-conversion -Wnon-literal-null-conversion -Wobjc-literal-conversion -Wassign-enum -Wsign-compare -Wshorten-64-to-32 -Wpointer-sign -Wno-newline-eof -Wno-selector -Wno-strict-selector-match -Wundeclared-selector -Wdeprecated-implementations -Wno-implicit-fallthrough -DDEBUG\=1 -DOBJC_OLD_DISPATCH_PROTOTYPES\=0 -isysroot /Applications/Xcode.app/Contents/Developer/Platforms/iPhoneSimulator.platform/Developer/SDKs/iPhoneSimulator16.0.sdk -fasm-blocks -fstrict-aliasing -Wprotocol -Wdeprecated-declarations -g -Wno-sign-conversion -Winfinite-recursion -Wcomma -Wblock-capture-autoreleasing -Wstrict-prototypes -Wno-semicolon-before-method-body -fobjc-abi-version\=2 -fobjc-legacy-dispatch -iquote /Users/oikhlas/Library/Developer/Xcode/DerivedData/WebDriverAgent-bcmeffsllcldukgyoimwiehwhvyz/Build/Intermediates.noindex/WebDriverAgent.build/Debug-iphonesimulator/WebDriverAgentLib.build/WebDriverAgentLib-generated-files.hmap -I/Users/oikhlas/Library/Developer/Xcode/DerivedData/WebDriverAgent-bcmeffsllcldukgyoimwiehwhvyz/Build/Intermediates.noindex/WebDriverAgent.build/Debug-iphonesimulator/WebDriverAgentLib.build/WebDriverAgentLib-own-target-headers.hmap -I/Users/oikhlas/Library/Developer/Xcode/DerivedData/WebDriverAgent-bcmeffsllcldukgyoimwiehwhvyz/Build/Intermediates.noindex/WebDriverAgent.build/Debug-iphonesimulator/WebDriverAgentLib.build/WebDriverAgentLib-all-target-headers.hmap -iquote /Users/oikhlas/Library/Developer/Xcode/DerivedData/WebDriverAgent-bcmeffsllcldukgyoimwiehwhvyz/Build/Intermediates.noindex/WebDriverAgent.build/Debug-iphonesimulator/WebDriverAgentLib.build/WebDriverAgentLib-project-headers.hmap -I/Users/oikhlas/Library/Developer/Xcode/DerivedData/WebDriverAgent-bcmeffsllcldukgyoimwiehwhvyz/Build/Products/Debug-iphonesimulator/include -I/Applications/Xcode.app/Contents/Developer/Platforms/iPhoneSimulator.platform/Developer/SDKs/iPhoneSimulator16.0.sdk/usr/include/libxml2 -I/Users/oikhlas/.appium/node_modules/appium-xcuitest-driver/node_modules/appium-webdriveragent/Modules -I/Users/oikhlas/Library/Developer/Xcode/DerivedData/WebDriverAgent-bcmeffsllcldukgyoimwiehwhvyz/Build/Intermediates.noindex/WebDriverAgent.build/Debug-iphonesimulator/WebDriverAgentLib.build/DerivedSources-normal/x86_64 -I/Users/oikhlas/Library/Developer/Xcode/DerivedData/WebDriverAgent-bcmeffsllcldukgyoimwiehwhvyz/Build/Intermediates.noindex/WebDriverAgent.build/Debug-iphonesimulator/WebDriverAgentLib.build/DerivedSources/x86_64 -I/Users/oikhlas/Library/Developer/Xcode/DerivedData/WebDriverAgent-bcmeffsllcldukgyoimwiehwhvyz/Build/Intermediates.noindex/WebDriverAgent.build/Debug-iphonesimulator/WebDriverAgentLib.build/DerivedSources -Weverything -Wno-objc-missing-property-synthesis -Wno-unused-macros -Wno-disabled-macro-expansion -Wno-gnu-statement-expression -Wno-language-extension-token -Wno-overriding-method-mismatch -Wno-missing-variable-declarations -Rno-module-build -Wno-auto-import -Wno-objc-interface-ivars -Wno-documentation-unknown-command -Wno-reserved-id-macro -Wno-unused-parameter -Wno-gnu-conditional-omitted-operand -Wno-explicit-ownership-type -Wno-date-time -Wno-cast-align -Wno-cstring-format-directive -Wno-double-promotion -Wno-partial-availability -Weverything -Wno-objc-missing-property-synthesis -Wno-unused-macros -Wno-disabled-macro-expansion -Wno-gnu-statement-expression -Wno-language-extension-token -Wno-overriding-method-mismatch -Wno-missing-variable-declarations -Rno-module-build -Wno-auto-import -Wno-objc-interface-ivars -Wno-documentation-unknown-command -Wno-reserved-id-macro -Wno-unused-parameter -Wno-gnu-conditional-omitted-operand -Wno-explicit-ownership-type -Wno-date-time -Wno-cast-align -Wno-cstring-format-directive -Wno-double-promotion -Wno-partial-availability -Wno-objc-messaging-id -Wno-direct-ivar-access -Wno-cast-qual -Wno-declaration-after-statement -F/Users/oikhlas/Library/Developer/Xcode/DerivedData/WebDriverAgent-bcmeffsllcldukgyoimwiehwhvyz/Build/Products/Debug-iphonesimulator -F/Applications/Xcode.app/Contents/Developer/Platforms/iPhoneSimulator.platform/Developer/Library/Frameworks -F/Applications/Xcode.app/Contents/Developer/Platforms/iPhoneSimulator.platform/Developer/Library/PrivateFrameworks -iframework /Applications/Xcode.app/Contents/Developer/Platforms/iPhoneSimulator.platform/Developer/SDKs/iPhoneSimulator16.0.sdk/Developer/Library/Frameworks -MMD -MT dependencies -MF /Users/oikhlas/Library/Developer/Xcode/DerivedData/WebDriverAgent-bcmeffsllcldukgyoimwiehwhvyz/Build/Intermediates.noindex/WebDriverAgent.build/Debug-iphonesimulator/WebDriverAgentLib.build/Objects-normal/x86_64/FBElementTypeTransformer.d --serialize-diagnostics /Users/oikhlas/Library/Developer/Xcode/DerivedData/WebDriverAgent-bcmeffsllcldukgyoimwiehwhvyz/Build/Intermediates.noindex/WebDriverAgent.build/Debug-iphonesimulator/WebDriverAgentLib.build/Objects-normal/x86_64/FBElementTypeTransformer.dia -c /Users/oikhlas/.appium/node_modules/appium-xcuitest-driver/node_modules/appium-webdriveragent/WebDriverAgentLib/Utilities/FBElementTypeTransformer.m -o /Users/oikhlas/Library/Developer/Xcode/DerivedData/WebDriverAgent-bcmeffsllcldukgyoimwiehwhvyz/Build/Intermediates.noindex/WebDriverAgent.build/Debug-iphonesimulator/WebDriverAgentLib.build/Objects-normal/x86_64/FBElementTypeTransformer.o
&amp#27;[38;5;173m[Xcode]&amp#27;[0m 
&amp#27;[38;5;173m[Xcode]&amp#27;[0m 
&amp#27;[38;5;173m[Xcode]&amp#27;[0m CompileC /Users/oikhlas/Library/Developer/Xcode/DerivedData/WebDriverAgent-bcmeffsllcldukgyoimwiehwhvyz/Build/Intermediates.noindex/WebDriverAgent.build/Debug-iphonesimulator/WebDriverAgentLib.build/Objects-normal/x86_64/FBElementCommands.o /Users/oikhlas/.appium/node_modules/appium-xcuitest-driver/node_modules/appium-webdriveragent/WebDriverAgentLib/Commands/FBElementCommands.m normal x86_64 objective-c com.apple.compilers.llvm.clang.1_0.compiler (in target 'WebDriverAgentLib' from project 'WebDriverAgent')
&amp#27;[38;5;173m[Xcode]&amp#27;[0m     cd /Users/oikhlas/.appium/node_modules/appium-xcuitest-driver/node_modules/appium-webdriveragent
&amp#27;[38;5;173m[Xcode]&amp#27;[0m     /Applications/Xcode.app/Contents/Developer/Toolchains/XcodeDefault.xctoolchain/usr/bin/clang -x objective-c -target x86_64-apple-ios16.0-simulator -fmessage-length\=0 -fdiagnostics-show-note-include-stack -fmacro-backtrace-limit\=0 -std\=gnu99 -fobjc-arc -fmodules -gmodules -fmodules-cache-path\=/Users/oikhlas/Library/Developer/Xcode/DerivedData/ModuleCache.noindex -fmodules-prune-interval\=86400 -fmodules-prune-after\=345600 -fbuild-session-file\=/Users/oikhlas/Library/Developer/Xcode/DerivedData/ModuleCache.noindex/Session.modulevalidation -fmodules-validate-once-per-build-session -Wno-trigraphs -fpascal-strings -O0 -fno-common -Wmissing-field-initializers -Wno-missing-prototypes -Werror\=return-type -Wunreachable-code -Wquoted-include-in-framework-header -Wno-implicit-atomic-properties -Werror\=deprecated-objc-isa-usage -Wno-objc-interface-ivars -Werror\=objc-root-class -Warc-repeated-use-of-weak -Wno-arc-maybe-repeated-use-of-weak -Wimplicit-retain-self -Wduplicate-method-match -Wno-missing-braces -Wparentheses -Wswitch -Wunused-function -Wno-unused-label -Wunused-parameter -Wunused-variable -Wunused-value -Wempty-body -Wuninitialized -Wconditional-uninitialized -Wno-unknown-pragmas -pedantic -Wshadow -Wno-four-char-constants -Wconversion -Wconstant-conversion -Wint-conversion -Wbool-conversion -Wenum-conversion -Wfloat-conversion -Wnon-literal-null-conversion -Wobjc-literal-conversion -Wassign-enum -Wsign-compare -Wshorten-64-to-32 -Wpointer-sign -Wno-newline-eof -Wno-selector -Wno-strict-selector-match -Wundeclared-selector -Wdeprecated-implementations -Wno-implicit-fallthrough -DDEBUG\=1 -DOBJC_OLD_DISPATCH_PROTOTYPES\=0 -isysroot /Applications/Xcode.app/Contents/Developer/Platforms/iPhoneSimulator.platform/Developer/SDKs/iPhoneSimulator16.0.sdk -fasm-blocks -fstrict-aliasing -Wprotocol -Wdeprecated-declarations -g -Wno-sign-conversion -Winfinite-recursion -Wcomma -Wblock-capture-autoreleasing -Wstrict-prototypes -Wno-semicolon-before-method-body -fobjc-abi-version\=2 -fobjc-legacy-dispatch -iquote /Users/oikhlas/Library/Developer/Xcode/DerivedData/WebDriverAgent-bcmeffsllcldukgyoimwiehwhvyz/Build/Intermediates.noindex/WebDriverAgent.build/Debug-iphonesimulator/WebDriverAgentLib.build/WebDriverAgentLib-generated-files.hmap -I/Users/oikhlas/Library/Developer/Xcode/DerivedData/WebDriverAgent-bcmeffsllcldukgyoimwiehwhvyz/Build/Intermediates.noindex/WebDriverAgent.build/Debug-iphonesimulator/WebDriverAgentLib.build/WebDriverAgentLib-own-target-headers.hmap -I/Users/oikhlas/Library/Developer/Xcode/DerivedData/WebDriverAgent-bcmeffsllcldukgyoimwiehwhvyz/Build/Intermediates.noindex/WebDriverAgent.build/Debug-iphonesimulator/WebDriverAgentLib.build/WebDriverAgentLib-all-target-headers.hmap -iquote /Users/oikhlas/Library/Developer/Xcode/DerivedData/WebDriverAgent-bcmeffsllcldukgyoimwiehwhvyz/Build/Intermediates.noindex/WebDriverAgent.build/Debug-iphonesimulator/WebDriverAgentLib.build/WebDriverAgentLib-project-headers.hmap -I/Users/oikhlas/Library/Developer/Xcode/DerivedData/WebDriverAgent-bcmeffsllcldukgyoimwiehwhvyz/Build/Products/Debug-iphonesimulator/include -I/Applications/Xcode.app/Contents/Developer/Platforms/iPhoneSimulator.platform/Developer/SDKs/iPhoneSimulator16.0.sdk/usr/include/libxml2 -I/Users/oikhlas/.appium/node_modules/appium-xcuitest-driver/node_modules/appium-webdriveragent/Modules -I/Users/oikhlas/Library/Developer/Xcode/DerivedData/WebDriverAgent-bcmeffsllcldukgyoimwiehwhvyz/Build/Intermediates.noindex/WebDriverAgent.build/Debug-iphonesimulator/WebDriverAgentLib.build/DerivedSources-normal/x86_64 -I/Users/oikhlas/Library/Developer/Xcode/DerivedData/WebDriverAgent-bcmeffsllcldukgyoimwiehwhvyz/Build/Intermediates.noindex/WebDriverAgent.build/Debug-iphonesimulator/WebDriverAgentLib.build/DerivedSources/x86_64 -I/Users/oikhlas/Library/Developer/Xcode/DerivedData/WebDriverAgent-bcmeffsllcldukgyoimwiehwhvyz/Build/Intermediates.noindex/WebDriverAgent.build/Debug-iphonesimulator/WebDriverAgentLib.build/DerivedSources -Weverything -Wno-objc-missing-property-synthesis -Wno-unused-macros -Wno-disabled-macro-expansion -Wno-gnu-statement-expression -Wno-language-extension-token -Wno-overriding-method-mismatch -Wno-missing-variable-declarations -Rno-module-build -Wno-auto-import -Wno-objc-interface-ivars -Wno-documentation-unknown-command -Wno-reserved-id-macro -Wno-unused-parameter -Wno-gnu-conditional-omitted-operand -Wno-explicit-ownership-type -Wno-date-time -Wno-cast-align -Wno-cstring-format-directive -Wno-double-promotion -Wno-partial-availability -Weverything -Wno-objc-missing-property-synthesis -Wno-unused-macros -Wno-disabled-macro-expansion -Wno-gnu-statement-expression -Wno-language-extension-token -Wno-overriding-method-mismatch -Wno-missing-variable-declarations -Rno-module-build -Wno-auto-import -Wno-objc-interface-ivars -Wno-documentation-unknown-command -Wno-reserved-id-macro -Wno-unused-parameter -Wno-gnu-conditional-omitted-operand -Wno-explicit-ownership-type -Wno-date-time -Wno-cast-align -Wno-cstring-format-directive -Wno-double-promotion -Wno-partial-availability -Wno-objc-messaging-id -Wno-direct-ivar-access -Wno-cast-qual -Wno-declaration-after-statement -F/Users/oikhlas/Library/Developer/Xcode/DerivedData/WebDriverAgent-bcmeffsllcldukgyoimwiehwhvyz/Build/Products/Debug-iphonesimulator -F/Applications/Xcode.app/Contents/Developer/Platforms/iPhoneSimulator.platform/Developer/Library/Frameworks -F/Applications/Xcode.app/Contents/Developer/Platforms/iPhoneSimulator.platform/Developer/Library/PrivateFrameworks -iframework /Applications/Xcode.app/Contents/Developer/Platforms/iPhoneSimulator.platform/Developer/SDKs/iPhoneSimulator16.0.sdk/Developer/Library/Frameworks -MMD -MT dependencies -MF /Users/oikhlas/Library/Developer/Xcode/DerivedData/WebDriverAgent-bcmeffsllcldukgyoimwiehwhvyz/Build/Intermediates.noindex/WebDriverAgent.build/Debug-iphonesimulator/WebDriverAgentLib.build/Objects-normal/x86_64/FBElementCommands.d --serialize-diagnostics /Users/oikhlas/Library/Developer/Xcode/DerivedData/WebDriverAgent-bcmeffsllcldukgyoimwiehwhvyz/Build/Intermediates.noindex/WebDriverAgent.build/Debug-iphonesimulator/WebDriverAgentLib.build/Objects-normal/x86_64/FBElementCommands.dia -c /Users/oikhlas/.appium/node_modules/appium-xcuitest-driver/node_modules/appium-webdriveragent/WebDriverAgentLib/Commands/FBElementCommands.m -o /Users/oikhlas/Library/Developer/Xcode/DerivedData/WebDriverAgent-bcmeffsllcldukgyoimwiehwhvyz/Build/Intermediates.noindex/WebDriverAgent.build/Debug-iphonesimulator/WebDriverAgentLib.build/Objects-normal/x86_64/FBElementCommands.o
&amp#27;[38;5;173m[Xcode]&amp#27;[0m 
&amp#27;[38;5;173m[Xcode]&amp#27;[0m 2024-11-05 15:48:04.188 xcodebuild[20643:209611]  DVTDownloadable: Unexpected error attempting to parse downloadable from index: Error Domain=DVTDownloadableErrors Code=16 "Unable to read in downloadable data. See underlying errors for details." UserInfo={DownloadablePlist={
&amp#27;[38;5;173m[Xcode]&amp#27;[0m     authentication = virtual;
&amp#27;[38;5;173m[Xcode]&amp#27;[0m     category = simulator;
&amp#27;[38;5;173m[Xcode]&amp#27;[0m     contentType = diskImage;
&amp#27;[38;5;173m[Xcode]&amp#27;[0m     dictionaryVersion = 2;
&amp#27;[38;5;173m[Xcode]&amp#27;[0m     fileSize = 6792905436;
&amp#27;[38;5;173m[Xcode]&amp#27;[0m     hostRequirements =     {
&amp#27;[38;5;173m[Xcode]&amp#27;[0m         minHostVersion = "13.4";
&amp#27;[38;5;173m[Xcode]&amp#27;[0m         minXcodeVersion = "15.0";
&amp#27;[38;5;173m[Xcode]&amp#27;[0m     };
&amp#27;[38;5;173m[Xcode]&amp#27;[0m     identifier = "com.apple.dmg.xrSimulatorSDK1_1_b1";
&amp#27;[38;5;173m[Xcode]&amp#27;[0m     name = "xrOS 1.1 beta Simulator Runtime";
&amp#27;[38;5;173m[Xcode]&amp#27;[0m     platform = "com.apple.platform.xros";
&amp#27;[38;5;173m[Xcode]&amp#27;[0m     simulatorVersion =     {
&amp#27;[38;5;173m[Xcode]&amp#27;[0m         buildUpdate = 21O5181e;
&amp#27;[38;5;173m[Xcode]&amp#27;[0m         version = "1.1";
&amp#27;[38;5;173m[Xcode]&amp#27;[0m     };
&amp#27;[38;5;173m[Xcode]&amp#27;[0m     source = "https://download.developer.apple.com/Developer_Tools/visionOS_1.1_beta_Simulator_Runtime/visionOS_1.1_beta_Simulator_Runtime.dmg";
&amp#27;[38;5;173m[Xcode]&amp#27;[0m     version = "1.1.0.1";
&amp#27;[38;5;173m[Xcode]&amp#27;[0m }, NSLocalizedDescription=Unable to read in downloadable data. See underlying errors for details., DVTUnderlyingErrorsKey=(
&amp#27;[38;5;173m[Xcode]&amp#27;[0m     "Error Domain=DVTDownloadableErrors Code=23 \"'com.apple.platform.xros' is an unknown platform identifier.\" UserInfo={NSLocalizedDescription='com.apple.platform.xros' is an unknown platform identifier.}"
&amp#27;[38;5;173m[Xcode]&amp#27;[0m )}
&amp#27;[38;5;173m[Xcode]&amp#27;[0m 
&amp#27;[38;5;173m[Xcode]&amp#27;[0m 2024-11-05 15:48:04.240 xcodebuild[20643:209611]  DVTDownloadable: Unexpected error attempting to parse downloadable from index: Error Domain=DVTDownloadableErrors Code=16 "Unable to read in downloadable data. See underlying errors for details." UserInfo={DownloadablePlist={
&amp#27;[38;5;173m[Xcode]&amp#27;[0m     authentication = virtual;
&amp#27;[38;5;173m[Xcode]&amp#27;[0m     category = simulator;
&amp#27;[38;5;173m[Xcode]&amp#27;[0m     contentType = diskImage;
&amp#27;[38;5;173m[Xcode]&amp#27;[0m     dictionaryVersion = 2;
&amp#27;[38;5;173m[Xcode]&amp#27;[0m     fileSize = 6790205536;
&amp#27;[38;5;173m[Xcode]&amp#27;[0m     hostRequirements =     {
&amp#27;[38;5;173m[Xcode]&amp#27;[0m         minHostVersion = "13.4";
&amp#27;[38;5;173m[Xcode]&amp#27;[0m         minXcodeVersion = "15.0";
&amp#27;[38;5;173m[Xcode]&amp#27;[0m     };
&amp#27;[38;5;173m[Xcode]&amp#27;[0m     identifier = "com.apple.dmg.xrSimulatorSDK1_1_b2";
&amp#27;[38;5;173m[Xcode]&amp#27;[0m     name = "xrOS 1.1 beta 2 Simulator Runtime";
&amp#27;[38;5;173m[Xcode]&amp#27;[0m     platform = "com.apple.platform.xros";
&amp#27;[38;5;173m[Xcode]&amp#27;[0m     simulatorVersion =     {
&amp#27;[38;5;173m[Xcode]&amp#27;[0m         buildUpdate = 21O5188c;
&amp#27;[38;5;173m[Xcode]&amp#27;[0m         version = "1.1";
&amp#27;[38;5;173m[Xcode]&amp#27;[0m     };
&amp#27;[38;5;173m[Xcode]&amp#27;[0m     source = "https://download.developer.apple.com/Developer_Tools/visionOS_1.1_beta_2_Simulator_Runtime/visionOS_1.1_beta_2_Simulator_Runtime.dmg";
&amp#27;[38;5;173m[Xcode]&amp#27;[0m     version = "1.1.0.2";
&amp#27;[38;5;173m[Xcode]&amp#27;[0m }, NSLocalizedDescription=Unable to read in downloadable data. See underlying errors for details., DVTUnderlyingErrorsKey=(
&amp#27;[38;5;173m[Xcode]&amp#27;[0m     "Error Domain=DVTDownloadableErrors Code=23 \"'com.apple.platform.xros' is an unknown platform identifier.\" UserInfo={NSLocalizedDescription='com.apple.platform.xros' is an unknown platform identifier.}"
&amp#27;[38;5;173m[Xcode]&amp#27;[0m )}
&amp#27;[38;5;173m[Xcode]&amp#27;[0m 
&amp#27;[38;5;173m[Xcode]&amp#27;[0m 2024-11-05 15:48:04.279 xcodebuild[20643:209611]  DVTDownloadable: Unexpected error attempting to parse downloadable from index: Error Domain=DVTDownloadableErrors Code=16 "Unable to read in downloadable data. See underlying errors for details." UserInfo={DownloadablePlist={
&amp#27;[38;5;173m[Xcode]&amp#27;[0m     authentication = virtual;
&amp#27;[38;5;173m[Xcode]&amp#27;[0m     category = simulator;
&amp#27;[38;5;173m[Xcode]&amp#27;[0m     contentType = diskImage;
&amp#27;[38;5;173m[Xcode]&amp#27;[0m     dictionaryVersion = 2;
&amp#27;[38;5;173m[Xcode]&amp#27;[0m     fileSize = 6796687016;
&amp#27;[38;5;173m[Xcode]&amp#27;[0m     hostRequirements =     {
&amp#27;[38;5;173m[Xcode]&amp#27;[0m         minHostVersion = "13.4";
&amp#27;[38;5;173m[Xcode]&amp#27;[0m         minXcodeVersion = "15.0";
&amp#27;[38;5;173m[Xcode]&amp#27;[0m     };
&amp#27;[38;5;173m[Xcode]&amp#27;[0m     identifier = "com.apple.dmg.xrSimulatorSDK1_1";
&amp#27;[38;5;173m[Xcode]&amp#27;[0m     name = "xrOS 1.1 Simulator Runtime";
&amp#27;[38;5;173m[Xcode]&amp#27;[0m     platform = "com.apple.platform.xros";
&amp#27;[38;5;173m[Xcode]&amp#27;[0m     simulatorVersion =     {
&amp#27;[38;5;173m[Xcode]&amp#27;[0m         buildUpdate = 21O209;
&amp#27;[38;5;173m[Xcode]&amp#27;[0m         version = "1.1";
&amp#27;[38;5;173m[Xcode]&amp#27;[0m     };
&amp#27;[38;5;173m[Xcode]&amp#27;[0m     source = "https://download.developer.apple.com/Developer_Tools/visionOS_1.1_Simulator_Runtime/visionOS_1.1_Simulator_Runtime.dmg";
&amp#27;[38;5;173m[Xcode]&amp#27;[0m     version = "1.1.0.0";
&amp#27;[38;5;173m[Xcode]&amp#27;[0m }, NSLocalizedDescription=Unable to read in downloadable data. See underlying errors for details., DVTUnderlyingErrorsKey=(
&amp#27;[38;5;173m[Xcode]&amp#27;[0m     "Error Domain=DVTDownloadableErrors Code=23 \"'com.apple.platform.xros' is an unknown platform identifier.\" UserInfo={NSLocalizedDescription='com.apple.platform.xros' is an unknown platform identifier.}"
&amp#27;[38;5;173m[Xcode]&amp#27;[0m )}
&amp#27;[38;5;173m[Xcode]&amp#27;[0m 
&amp#27;[38;5;173m[Xcode]&amp#27;[0m 
&amp#27;[38;5;173m[Xcode]&amp#27;[0m CompileC /Users/oikhlas/Library/Developer/Xcode/DerivedData/WebDriverAgent-bcmeffsllcldukgyoimwiehwhvyz/Build/Intermediates.noindex/WebDriverAgent.build/Debug-iphonesimulator/WebDriverAgentLib.build/Objects-normal/x86_64/FBElementCache.o /Users/oikhlas/.appium/node_modules/appium-xcuitest-driver/node_modules/appium-webdriveragent/WebDriverAgentLib/Routing/FBElementCache.m normal x86_64 objective-c com.apple.compilers.llvm.clang.1_0.compiler (in target 'WebDriverAgentLib' from project 'WebDriverAgent')
&amp#27;[38;5;173m[Xcode]&amp#27;[0m     cd /Users/oikhlas/.appium/node_modules/appium-xcuitest-driver/node_modules/appium-webdriveragent
&amp#27;[38;5;173m[Xcode]&amp#27;[0m     /Applications/Xcode.app/Contents/Developer/Toolchains/XcodeDefault.xctoolchain/usr/bin/clang -x objective-c -target x86_64-apple-ios16.0-simulator -fmessage-length\=0 -fdiagnostics-show-note-include-stack -fmacro-backtrace-limit\=0 -std\=gnu99 -fobjc-arc -fmodules -gmodules -fmodules-cache-path\=/Users/oikhlas/Library/Developer/Xcode/DerivedData/ModuleCache.noindex -fmodules-prune-interval\=86400 -fmodules-prune-after\=345600 -fbuild-session-file\=/Users/oikhlas/Library/Developer/Xcode/DerivedData/ModuleCache.noindex/Session.modulevalidation -fmodules-validate-once-per-build-session -Wno-trigraphs -fpascal-strings -O0 -fno-common -Wmissing-field-initializers -Wno-missing-prototypes -Werror\=return-type -Wunreachable-code -Wquoted-include-in-framework-header -Wno-implicit-atomic-properties -Werror\=deprecated-objc-isa-usage -Wno-objc-interface-ivars -Werror\=objc-root-class -Warc-repeated-use-of-weak -Wno-arc-maybe-repeated-use-of-weak -Wimplicit-retain-self -Wduplicate-method-match -Wno-missing-braces -Wparentheses -Wswitch -Wunused-function -Wno-unused-label -Wunused-parameter -Wunused-variable -Wunused-value -Wempty-body -Wuninitialized -Wconditional-uninitialized -Wno-unknown-pragmas -pedantic -Wshadow -Wno-four-char-constants -Wconversion -Wconstant-conversion -Wint-conversion -Wbool-conversion -Wenum-conversion -Wfloat-conversion -Wnon-literal-null-conversion -Wobjc-literal-conversion -Wassign-enum -Wsign-compare -Wshorten-64-to-32 -Wpointer-sign -Wno-newline-eof -Wno-selector -Wno-strict-selector-match -Wundeclared-selector -Wdeprecated-implementations -Wno-implicit-fallthrough -DDEBUG\=1 -DOBJC_OLD_DISPATCH_PROTOTYPES\=0 -isysroot /Applications/Xcode.app/Contents/Developer/Platforms/iPhoneSimulator.platform/Developer/SDKs/iPhoneSimulator16.0.sdk -fasm-blocks -fstrict-aliasing -Wprotocol -Wdeprecated-declarations -g -Wno-sign-conversion -Winfinite-recursion -Wcomma -Wblock-capture-autoreleasing -Wstrict-prototypes -Wno-semicolon-before-method-body -fobjc-abi-version\=2 -fobjc-legacy-dispatch -iquote /Users/oikhlas/Library/Developer/Xcode/DerivedData/WebDriverAgent-bcmeffsllcldukgyoimwiehwhvyz/Build/Intermediates.noindex/WebDriverAgent.build/Debug-iphonesimulator/WebDriverAgentLib.build/WebDriverAgentLib-generated-files.hmap -I/Users/oikhlas/Library/Developer/Xcode/DerivedData/WebDriverAgent-bcmeffsllcldukgyoimwiehwhvyz/Build/Intermediates.noindex/WebDriverAgent.build/Debug-iphonesimulator/WebDriverAgentLib.build/WebDriverAgentLib-own-target-headers.hmap -I/Users/oikhlas/Library/Developer/Xcode/DerivedData/WebDriverAgent-bcmeffsllcldukgyoimwiehwhvyz/Build/Intermediates.noindex/WebDriverAgent.build/Debug-iphonesimulator/WebDriverAgentLib.build/WebDriverAgentLib-all-target-headers.hmap -iquote /Users/oikhlas/Library/Developer/Xcode/DerivedData/WebDriverAgent-bcmeffsllcldukgyoimwiehwhvyz/Build/Intermediates.noindex/WebDriverAgent.build/Debug-iphonesimulator/WebDriverAgentLib.build/WebDriverAgentLib-project-headers.hmap -I/Users/oikhlas/Library/Developer/Xcode/DerivedData/WebDriverAgent-bcmeffsllcldukgyoimwiehwhvyz/Build/Products/Debug-iphonesimulator/include -I/Applications/Xcode.app/Contents/Developer/Platforms/iPhoneSimulator.platform/Developer/SDKs/iPhoneSimulator16.0.sdk/usr/include/libxml2 -I/Users/oikhlas/.appium/node_modules/appium-xcuitest-driver/node_modules/appium-webdriveragent/Modules -I/Users/oikhlas/Library/Developer/Xcode/DerivedData/WebDriverAgent-bcmeffsllcldukgyoimwiehwhvyz/Build/Intermediates.noindex/WebDriverAgent.build/Debug-iphonesimulator/WebDriverAgentLib.build/DerivedSources-normal/x86_64 -I/Users/oikhlas/Library/Developer/Xcode/DerivedData/WebDriverAgent-bcmeffsllcldukgyoimwiehwhvyz/Build/Intermediates.noindex/WebDriverAgent.build/Debug-iphonesimulator/WebDriverAgentLib.build/DerivedSources/x86_64 -I/Users/oikhlas/Library/Developer/Xcode/DerivedData/WebDriverAgent-bcmeffsllcldukgyoimwiehwhvyz/Build/Intermediates.noindex/WebDriverAgent.build/Debug-iphonesimulator/WebDriverAgentLib.build/DerivedSources -Weverything -Wno-objc-missing-property-synthesis -Wno-unused-macros -Wno-disabled-macro-expansion -Wno-gnu-statement-expression -Wno-language-extension-token -Wno-overriding-method-mismatch -Wno-missing-variable-declarations -Rno-module-build -Wno-auto-import -Wno-objc-interface-ivars -Wno-documentation-unknown-command -Wno-reserved-id-macro -Wno-unused-parameter -Wno-gnu-conditional-omitted-operand -Wno-explicit-ownership-type -Wno-date-time -Wno-cast-align -Wno-cstring-format-directive -Wno-double-promotion -Wno-partial-availability -Weverything -Wno-objc-missing-property-synthesis -Wno-unused-macros -Wno-disabled-macro-expansion -Wno-gnu-statement-expression -Wno-language-extension-token -Wno-overriding-method-mismatch -Wno-missing-variable-declarations -Rno-module-build -Wno-auto-import -Wno-objc-interface-ivars -Wno-documentation-unknown-command -Wno-reserved-id-macro -Wno-unused-parameter -Wno-gnu-conditional-omitted-operand -Wno-explicit-ownership-type -Wno-date-time -Wno-cast-align -Wno-cstring-format-directive -Wno-double-promotion -Wno-partial-availability -Wno-objc-messaging-id -Wno-direct-ivar-access -Wno-cast-qual -Wno-declaration-after-statement -F/Users/oikhlas/Library/Developer/Xcode/DerivedData/WebDriverAgent-bcmeffsllcldukgyoimwiehwhvyz/Build/Products/Debug-iphonesimulator -F/Applications/Xcode.app/Contents/Developer/Platforms/iPhoneSimulator.platform/Developer/Library/Frameworks -F/Applications/Xcode.app/Contents/Developer/Platforms/iPhoneSimulator.platform/Developer/Library/PrivateFrameworks -iframework /Applications/Xcode.app/Contents/Developer/Platforms/iPhoneSimulator.platform/Developer/SDKs/iPhoneSimulator16.0.sdk/Developer/Library/Frameworks -MMD -MT dependencies -MF /Users/oikhlas/Library/Developer/Xcode/DerivedData/WebDriverAgent-bcmeffsllcldukgyoimwiehwhvyz/Build/Intermediates.noindex/WebDriverAgent.build/Debug-iphonesimulator/WebDriverAgentLib.build/Objects-normal/x86_64/FBElementCache.d --serialize-diagnostics /Users/oikhlas/Library/Developer/Xcode/DerivedData/WebDriverAgent-bcmeffsllcldukgyoimwiehwhvyz/Build/Intermediates.noindex/WebDriverAgent.build/Debug-iphonesimulator/WebDriverAgentLib.build/Objects-normal/x86_64/FBElementCache.dia -c /Users/oikhlas/.appium/node_modules/appium-xcuitest-driver/node_modules/appium-webdriveragent/WebDriverAgentLib/Routing/FBElementCache.m -o /Users/oikhlas/Library/Developer/Xcode/DerivedData/WebDriverAgent-bcmeffsllcldukgyoimwiehwhvyz/Build/Intermediates.noindex/WebDriverAgent.build/Debug-iphonesimulator/WebDriverAgentLib.build/Objects-normal/x86_64/FBElementCache.o
&amp#27;[38;5;173m[Xcode]&amp#27;[0m 
&amp#27;[38;5;173m[Xcode]&amp#27;[0m 
&amp#27;[38;5;173m[Xcode]&amp#27;[0m CompileC /Users/oikhlas/Library/Developer/Xcode/DerivedData/WebDriverAgent-bcmeffsllcldukgyoimwiehwhvyz/Build/Intermediates.noindex/WebDriverAgent.build/Debug-iphonesimulator/WebDriverAgentLib.build/Objects-normal/x86_64/FBDebugLogDelegateDecorator.o /Users/oikhlas/.appium/node_modules/appium-xcuitest-driver/node_modules/appium-webdriveragent/WebDriverAgentLib/Utilities/FBDebugLogDelegateDecorator.m normal x86_64 objective-c com.apple.compilers.llvm.clang.1_0.compiler (in target 'WebDriverAgentLib' from project 'WebDriverAgent')
&amp#27;[38;5;173m[Xcode]&amp#27;[0m     cd /Users/oikhlas/.appium/node_modules/appium-xcuitest-driver/node_modules/appium-webdriveragent
&amp#27;[38;5;173m[Xcode]&amp#27;[0m     /Applications/Xcode.app/Contents/Developer/Toolchains/XcodeDefault.xctoolchain/usr/bin/clang -x objective-c -target x86_64-apple-ios16.0-simulator -fmessage-length\=0 -fdiagnostics-show-note-include-stack -fmacro-backtrace-limit\=0 -std\=gnu99 -fobjc-arc -fmodules -gmodules -fmodules-cache-path\=/Users/oikhlas/Library/Developer/Xcode/DerivedData/ModuleCache.noindex -fmodules-prune-interval\=86400 -fmodules-prune-after\=345600 -fbuild-session-file\=/Users/oikhlas/Library/Developer/Xcode/DerivedData/ModuleCache.noindex/Session.modulevalidation -fmodules-validate-once-per-build-session -Wno-trigraphs -fpascal-strings -O0 -fno-common -Wmissing-field-initializers -Wno-missing-prototypes -Werror\=return-type -Wunreachable-code -Wquoted-include-in-framework-header -Wno-implicit-atomic-properties -Werror\=deprecated-objc-isa-usage -Wno-objc-interface-ivars -Werror\=objc-root-class -Warc-repeated-use-of-weak -Wno-arc-maybe-repeated-use-of-weak -Wimplicit-retain-self -Wduplicate-method-match -Wno-missing-braces -Wparentheses -Wswitch -Wunused-function -Wno-unused-label -Wunused-parameter -Wunused-variable -Wunused-value -Wempty-body -Wuninitialized -Wconditional-uninitialized -Wno-unknown-pragmas -pedantic -Wshadow -Wno-four-char-constants -Wconversion -Wconstant-conversion -Wint-conversion -Wbool-conversion -Wenum-conversion -Wfloat-conversion -Wnon-literal-null-conversion -Wobjc-literal-conversion -Wassign-enum -Wsign-compare -Wshorten-64-to-32 -Wpointer-sign -Wno-newline-eof -Wno-selector -Wno-strict-selector-match -Wundeclared-selector -Wdeprecated-implementations -Wno-implicit-fallthrough -DDEBUG\=1 -DOBJC_OLD_DISPATCH_PROTOTYPES\=0 -isysroot /Applications/Xcode.app/Contents/Developer/Platforms/iPhoneSimulator.platform/Developer/SDKs/iPhoneSimulator16.0.sdk -fasm-blocks -fstrict-aliasing -Wprotocol -Wdeprecated-declarations -g -Wno-sign-conversion -Winfinite-recursion -Wcomma -Wblock-capture-autoreleasing -Wstrict-prototypes -Wno-semicolon-before-method-body -fobjc-abi-version\=2 -fobjc-legacy-dispatch -iquote /Users/oikhlas/Library/Developer/Xcode/DerivedData/WebDriverAgent-bcmeffsllcldukgyoimwiehwhvyz/Build/Intermediates.noindex/WebDriverAgent.build/Debug-iphonesimulator/WebDriverAgentLib.build/WebDriverAgentLib-generated-files.hmap -I/Users/oikhlas/Library/Developer/Xcode/DerivedData/WebDriverAgent-bcmeffsllcldukgyoimwiehwhvyz/Build/Intermediates.noindex/WebDriverAgent.build/Debug-iphonesimulator/WebDriverAgentLib.build/WebDriverAgentLib-own-target-headers.hmap -I/Users/oikhlas/Library/Developer/Xcode/DerivedData/WebDriverAgent-bcmeffsllcldukgyoimwiehwhvyz/Build/Intermediates.noindex/WebDriverAgent.build/Debug-iphonesimulator/WebDriverAgentLib.build/WebDriverAgentLib-all-target-headers.hmap -iquote /Users/oikhlas/Library/Developer/Xcode/DerivedData/WebDriverAgent-bcmeffsllcldukgyoimwiehwhvyz/Build/Intermediates.noindex/WebDriverAgent.build/Debug-iphonesimulator/WebDriverAgentLib.build/WebDriverAgentLib-project-headers.hmap -I/Users/oikhlas/Library/Developer/Xcode/DerivedData/WebDriverAgent-bcmeffsllcldukgyoimwiehwhvyz/Build/Products/Debug-iphonesimulator/include -I/Applications/Xcode.app/Contents/Developer/Platforms/iPhoneSimulator.platform/Developer/SDKs/iPhoneSimulator16.0.sdk/usr/include/libxml2 -I/Users/oikhlas/.appium/node_modules/appium-xcuitest-driver/node_modules/appium-webdriveragent/Modules -I/Users/oikhlas/Library/Developer/Xcode/DerivedData/WebDriverAgent-bcmeffsllcldukgyoimwiehwhvyz/Build/Intermediates.noindex/WebDriverAgent.build/Debug-iphonesimulator/WebDriverAgentLib.build/DerivedSources-normal/x86_64 -I/Users/oikhlas/Library/Developer/Xcode/DerivedData/WebDriverAgent-bcmeffsllcldukgyoimwiehwhvyz/Build/Intermediates.noindex/WebDriverAgent.build/Debug-iphonesimulator/WebDriverAgentLib.build/DerivedSources/x86_64 -I/Users/oikhlas/Library/Developer/Xcode/DerivedData/WebDriverAgent-bcmeffsllcldukgyoimwiehwhvyz/Build/Intermediates.noindex/WebDriverAgent.build/Debug-iphonesimulator/WebDriverAgentLib.build/DerivedSources -Weverything -Wno-objc-missing-property-synthesis -Wno-unused-macros -Wno-disabled-macro-expansion -Wno-gnu-statement-expression -Wno-language-extension-token -Wno-overriding-method-mismatch -Wno-missing-variable-declarations -Rno-module-build -Wno-auto-import -Wno-objc-interface-ivars -Wno-documentation-unknown-command -Wno-reserved-id-macro -Wno-unused-parameter -Wno-gnu-conditional-omitted-operand -Wno-explicit-ownership-type -Wno-date-time -Wno-cast-align -Wno-cstring-format-directive -Wno-double-promotion -Wno-partial-availability -Weverything -Wno-objc-missing-property-synthesis -Wno-unused-macros -Wno-disabled-macro-expansion -Wno-gnu-statement-expression -Wno-language-extension-token -Wno-overriding-method-mismatch -Wno-missing-variable-declarations -Rno-module-build -Wno-auto-import -Wno-objc-interface-ivars -Wno-documentation-unknown-command -Wno-reserved-id-macro -Wno-unused-parameter -Wno-gnu-conditional-omitted-operand -Wno-explicit-ownership-type -Wno-date-time -Wno-cast-align -Wno-cstring-format-directive -Wno-double-promotion -Wno-partial-availability -Wno-objc-messaging-id -Wno-direct-ivar-access -Wno-cast-qual -Wno-declaration-after-statement -F/Users/oikhlas/Library/Developer/Xcode/DerivedData/WebDriverAgent-bcmeffsllcldukgyoimwiehwhvyz/Build/Products/Debug-iphonesimulator -F/Applications/Xcode.app/Contents/Developer/Platforms/iPhoneSimulator.platform/Developer/Library/Frameworks -F/Applications/Xcode.app/Contents/Developer/Platforms/iPhoneSimulator.platform/Developer/Library/PrivateFrameworks -iframework /Applications/Xcode.app/Contents/Developer/Platforms/iPhoneSimulator.platform/Developer/SDKs/iPhoneSimulator16.0.sdk/Developer/Library/Frameworks -MMD -MT dependencies -MF /Users/oikhlas/Library/Developer/Xcode/DerivedData/WebDriverAgent-bcmeffsllcldukgyoimwiehwhvyz/Build/Intermediates.noindex/WebDriverAgent.build/Debug-iphonesimulator/WebDriverAgentLib.build/Objects-normal/x86_64/FBDebugLogDelegateDecorator.d --serialize-diagnostics /Users/oikhlas/Library/Developer/Xcode/DerivedData/WebDriverAgent-bcmeffsllcldukgyoimwiehwhvyz/Build/Intermediates.noindex/WebDriverAgent.build/Debug-iphonesimulator/WebDriverAgentLib.build/Objects-normal/x86_64/FBDebugLogDelegateDecorator.dia -c /Users/oikhlas/.appium/node_modules/appium-xcuitest-driver/node_modules/appium-webdriveragent/WebDriverAgentLib/Utilities/FBDebugLogDelegateDecorator.m -o /Users/oikhlas/Library/Developer/Xcode/DerivedData/WebDriverAgent-bcmeffsllcldukgyoimwiehwhvyz/Build/Intermediates.noindex/WebDriverAgent.build/Debug-iphonesimulator/WebDriverAgentLib.build/Objects-normal/x86_64/FBDebugLogDelegateDecorator.o
&amp#27;[38;5;173m[Xcode]&amp#27;[0m 
&amp#27;[38;5;173m[Xcode]&amp#27;[0m 
&amp#27;[38;5;173m[Xcode]&amp#27;[0m CompileC /Users/oikhlas/Library/Developer/Xcode/DerivedData/WebDriverAgent-bcmeffsllcldukgyoimwiehwhvyz/Build/Intermediates.noindex/WebDriverAgent.build/Debug-iphonesimulator/WebDriverAgentLib.build/Objects-normal/x86_64/FBDebugCommands.o /Users/oikhlas/.appium/node_modules/appium-xcuitest-driver/node_modules/appium-webdriveragent/WebDriverAgentLib/Commands/FBDebugCommands.m normal x86_64 objective-c com.apple.compilers.llvm.clang.1_0.compiler (in target 'WebDriverAgentLib' from project 'WebDriverAgent')
&amp#27;[38;5;173m[Xcode]&amp#27;[0m     cd /Users/oikhlas/.appium/node_modules/appium-xcuitest-driver/node_modules/appium-webdriveragent
&amp#27;[38;5;173m[Xcode]&amp#27;[0m     /Applications/Xcode.app/Contents/Developer/Toolchains/XcodeDefault.xctoolchain/usr/bin/clang -x objective-c -target x86_64-apple-ios16.0-simulator -fmessage-length\=0 -fdiagnostics-show-note-include-stack -fmacro-backtrace-limit\=0 -std\=gnu99 -fobjc-arc -fmodules -gmodules -fmodules-cache-path\=/Users/oikhlas/Library/Developer/Xcode/DerivedData/ModuleCache.noindex -fmodules-prune-interval\=86400 -fmodules-prune-after\=345600 -fbuild-session-file\=/Users/oikhlas/Library/Developer/Xcode/DerivedData/ModuleCache.noindex/Session.modulevalidation -fmodules-validate-once-per-build-session -Wno-trigraphs -fpascal-strings -O0 -fno-common -Wmissing-field-initializers -Wno-missing-prototypes -Werror\=return-type -Wunreachable-code -Wquoted-include-in-framework-header -Wno-implicit-atomic-properties -Werror\=deprecated-objc-isa-usage -Wno-objc-interface-ivars -Werror\=objc-root-class -Warc-repeated-use-of-weak -Wno-arc-maybe-repeated-use-of-weak -Wimplicit-retain-self -Wduplicate-method-match -Wno-missing-braces -Wparentheses -Wswitch -Wunused-function -Wno-unused-label -Wunused-parameter -Wunused-variable -Wunused-value -Wempty-body -Wuninitialized -Wconditional-uninitialized -Wno-unknown-pragmas -pedantic -Wshadow -Wno-four-char-constants -Wconversion -Wconstant-conversion -Wint-conversion -Wbool-conversion -Wenum-conversion -Wfloat-conversion -Wnon-literal-null-conversion -Wobjc-literal-conversion -Wassign-enum -Wsign-compare -Wshorten-64-to-32 -Wpointer-sign -Wno-newline-eof -Wno-selector -Wno-strict-selector-match -Wundeclared-selector -Wdeprecated-implementations -Wno-implicit-fallthrough -DDEBUG\=1 -DOBJC_OLD_DISPATCH_PROTOTYPES\=0 -isysroot /Applications/Xcode.app/Contents/Developer/Platforms/iPhoneSimulator.platform/Developer/SDKs/iPhoneSimulator16.0.sdk -fasm-blocks -fstrict-aliasing -Wprotocol -Wdeprecated-declarations -g -Wno-sign-conversion -Winfinite-recursion -Wcomma -Wblock-capture-autoreleasing -Wstrict-prototypes -Wno-semicolon-before-method-body -fobjc-abi-version\=2 -fobjc-legacy-dispatch -iquote /Users/oikhlas/Library/Developer/Xcode/DerivedData/WebDriverAgent-bcmeffsllcldukgyoimwiehwhvyz/Build/Intermediates.noindex/WebDriverAgent.build/Debug-iphonesimulator/WebDriverAgentLib.build/WebDriverAgentLib-generated-files.hmap -I/Users/oikhlas/Library/Developer/Xcode/DerivedData/WebDriverAgent-bcmeffsllcldukgyoimwiehwhvyz/Build/Intermediates.noindex/WebDriverAgent.build/Debug-iphonesimulator/WebDriverAgentLib.build/WebDriverAgentLib-own-target-headers.hmap -I/Users/oikhlas/Library/Developer/Xcode/DerivedData/WebDriverAgent-bcmeffsllcldukgyoimwiehwhvyz/Build/Intermediates.noindex/WebDriverAgent.build/Debug-iphonesimulator/WebDriverAgentLib.build/WebDriverAgentLib-all-target-headers.hmap -iquote /Users/oikhlas/Library/Developer/Xcode/DerivedData/WebDriverAgent-bcmeffsllcldukgyoimwiehwhvyz/Build/Intermediates.noindex/WebDriverAgent.build/Debug-iphonesimulator/WebDriverAgentLib.build/WebDriverAgentLib-project-headers.hmap -I/Users/oikhlas/Library/Developer/Xcode/DerivedData/WebDriverAgent-bcmeffsllcldukgyoimwiehwhvyz/Build/Products/Debug-iphonesimulator/include -I/Applications/Xcode.app/Contents/Developer/Platforms/iPhoneSimulator.platform/Developer/SDKs/iPhoneSimulator16.0.sdk/usr/include/libxml2 -I/Users/oikhlas/.appium/node_modules/appium-xcuitest-driver/node_modules/appium-webdriveragent/Modules -I/Users/oikhlas/Library/Developer/Xcode/DerivedData/WebDriverAgent-bcmeffsllcldukgyoimwiehwhvyz/Build/Intermediates.noindex/WebDriverAgent.build/Debug-iphonesimulator/WebDriverAgentLib.build/DerivedSources-normal/x86_64 -I/Users/oikhlas/Library/Developer/Xcode/DerivedData/WebDriverAgent-bcmeffsllcldukgyoimwiehwhvyz/Build/Intermediates.noindex/WebDriverAgent.build/Debug-iphonesimulator/WebDriverAgentLib.build/DerivedSources/x86_64 -I/Users/oikhlas/Library/Developer/Xcode/DerivedData/WebDriverAgent-bcmeffsllcldukgyoimwiehwhvyz/Build/Intermediates.noindex/WebDriverAgent.build/Debug-iphonesimulator/WebDriverAgentLib.build/DerivedSources -Weverything -Wno-objc-missing-property-synthesis -Wno-unused-macros -Wno-disabled-macro-expansion -Wno-gnu-statement-expression -Wno-language-extension-token -Wno-overriding-method-mismatch -Wno-missing-variable-declarations -Rno-module-build -Wno-auto-import -Wno-objc-interface-ivars -Wno-documentation-unknown-command -Wno-reserved-id-macro -Wno-unused-parameter -Wno-gnu-conditional-omitted-operand -Wno-explicit-ownership-type -Wno-date-time -Wno-cast-align -Wno-cstring-format-directive -Wno-double-promotion -Wno-partial-availability -Weverything -Wno-objc-missing-property-synthesis -Wno-unused-macros -Wno-disabled-macro-expansion -Wno-gnu-statement-expression -Wno-language-extension-token -Wno-overriding-method-mismatch -Wno-missing-variable-declarations -Rno-module-build -Wno-auto-import -Wno-objc-interface-ivars -Wno-documentation-unknown-command -Wno-reserved-id-macro -Wno-unused-parameter -Wno-gnu-conditional-omitted-operand -Wno-explicit-ownership-type -Wno-date-time -Wno-cast-align -Wno-cstring-format-directive -Wno-double-promotion -Wno-partial-availability -Wno-objc-messaging-id -Wno-direct-ivar-access -Wno-cast-qual -Wno-declaration-after-statement -F/Users/oikhlas/Library/Developer/Xcode/DerivedData/WebDriverAgent-bcmeffsllcldukgyoimwiehwhvyz/Build/Products/Debug-iphonesimulator -F/Applications/Xcode.app/Contents/Developer/Platforms/iPhoneSimulator.platform/Developer/Library/Frameworks -F/Applications/Xcode.app/Contents/Developer/Platforms/iPhoneSimulator.platform/Developer/Library/PrivateFrameworks -iframework /Applications/Xcode.app/Contents/Developer/Platforms/iPhoneSimulator.platform/Developer/SDKs/iPhoneSimulator16.0.sdk/Developer/Library/Frameworks -MMD -MT dependencies -MF /Users/oikhlas/Library/Developer/Xcode/DerivedData/WebDriverAgent-bcmeffsllcldukgyoimwiehwhvyz/Build/Intermediates.noindex/WebDriverAgent.build/Debug-iphonesimulator/WebDriverAgentLib.build/Objects-normal/x86_64/FBDebugCommands.d --serialize-diagnostics /Users/oikhlas/Library/Developer/Xcode/DerivedData/WebDriverAgent-bcmeffsllcldukgyoimwiehwhvyz/Build/Intermediates.noindex/WebDriverAgent.build/Debug-iphonesimulator/WebDriverAgentLib.build/Objects-normal/x86_64/FBDebugCommands.dia -c /Users/oikhlas/.appium/node_modules/appium-xcuitest-driver/node_modules/appium-webdriveragent/WebDriverAgentLib/Commands/FBDebugCommands.m -o /Users/oikhlas/Library/Developer/Xcode/DerivedData/WebDriverAgent-bcmeffsllcldukgyoimwiehwhvyz/Build/Intermediates.noindex/WebDriverAgent.build/Debug-iphonesimulator/WebDriverAgentLib.build/Objects-normal/x86_64/FBDebugCommands.o
&amp#27;[38;5;173m[Xcode]&amp#27;[0m 
&amp#27;[38;5;173m[Xcode]&amp#27;[0m 
&amp#27;[38;5;173m[Xcode]&amp#27;[0m CompileC /Users/oikhlas/Library/Developer/Xcode/DerivedData/WebDriverAgent-bcmeffsllcldukgyoimwiehwhvyz/Build/Intermediates.noindex/WebDriverAgent.build/Debug-iphonesimulator/WebDriverAgentLib.build/Objects-normal/x86_64/FBCustomCommands.o /Users/oikhlas/.appium/node_modules/appium-xcuitest-driver/node_modules/appium-webdriveragent/WebDriverAgentLib/Commands/FBCustomCommands.m normal x86_64 objective-c com.apple.compilers.llvm.clang.1_0.compiler (in target 'WebDriverAgentLib' from project 'WebDriverAgent')
&amp#27;[38;5;173m[Xcode]&amp#27;[0m     cd /Users/oikhlas/.appium/node_modules/appium-xcuitest-driver/node_modules/appium-webdriveragent
&amp#27;[38;5;173m[Xcode]&amp#27;[0m     /Applications/Xcode.app/Contents/Developer/Toolchains/XcodeDefault.xctoolchain/usr/bin/clang -x objective-c -target x86_64-apple-ios16.0-simulator -fmessage-length\=0 -fdiagnostics-show-note-include-stack -fmacro-backtrace-limit\=0 -std\=gnu99 -fobjc-arc -fmodules -gmodules -fmodules-cache-path\=/Users/oikhlas/Library/Developer/Xcode/DerivedData/ModuleCache.noindex -fmodules-prune-interval\=86400 -fmodules-prune-after\=345600 -fbuild-session-file\=/Users/oikhlas/Library/Developer/Xcode/DerivedData/ModuleCache.noindex/Session.modulevalidation -fmodules-validate-once-per-build-session -Wno-trigraphs -fpascal-strings -O0 -fno-common -Wmissing-field-initializers -Wno-missing-prototypes -Werror\=return-type -Wunreachable-code -Wquoted-include-in-framework-header -Wno-implicit-atomic-properties -Werror\=deprecated-objc-isa-usage -Wno-objc-interface-ivars -Werror\=objc-root-class -Warc-repeated-use-of-weak -Wno-arc-maybe-repeated-use-of-weak -Wimplicit-retain-self -Wduplicate-method-match -Wno-missing-braces -Wparentheses -Wswitch -Wunused-function -Wno-unused-label -Wunused-parameter -Wunused-variable -Wunused-value -Wempty-body -Wuninitialized -Wconditional-uninitialized -Wno-unknown-pragmas -pedantic -Wshadow -Wno-four-char-constants -Wconversion -Wconstant-conversion -Wint-conversion -Wbool-conversion -Wenum-conversion -Wfloat-conversion -Wnon-literal-null-conversion -Wobjc-literal-conversion -Wassign-enum -Wsign-compare -Wshorten-64-to-32 -Wpointer-sign -Wno-newline-eof -Wno-selector -Wno-strict-selector-match -Wundeclared-selector -Wdeprecated-implementations -Wno-implicit-fallthrough -DDEBUG\=1 -DOBJC_OLD_DISPATCH_PROTOTYPES\=0 -isysroot /Applications/Xcode.app/Contents/Developer/Platforms/iPhoneSimulator.platform/Developer/SDKs/iPhoneSimulator16.0.sdk -fasm-blocks -fstrict-aliasing -Wprotocol -Wdeprecated-declarations -g -Wno-sign-conversion -Winfinite-recursion -Wcomma -Wblock-capture-autoreleasing -Wstrict-prototypes -Wno-semicolon-before-method-body -fobjc-abi-version\=2 -fobjc-legacy-dispatch -iquote /Users/oikhlas/Library/Developer/Xcode/DerivedData/WebDriverAgent-bcmeffsllcldukgyoimwiehwhvyz/Build/Intermediates.noindex/WebDriverAgent.build/Debug-iphonesimulator/WebDriverAgentLib.build/WebDriverAgentLib-generated-files.hmap -I/Users/oikhlas/Library/Developer/Xcode/DerivedData/WebDriverAgent-bcmeffsllcldukgyoimwiehwhvyz/Build/Intermediates.noindex/WebDriverAgent.build/Debug-iphonesimulator/WebDriverAgentLib.build/WebDriverAgentLib-own-target-headers.hmap -I/Users/oikhlas/Library/Developer/Xcode/DerivedData/WebDriverAgent-bcmeffsllcldukgyoimwiehwhvyz/Build/Intermediates.noindex/WebDriverAgent.build/Debug-iphonesimulator/WebDriverAgentLib.build/WebDriverAgentLib-all-target-headers.hmap -iquote /Users/oikhlas/Library/Developer/Xcode/DerivedData/WebDriverAgent-bcmeffsllcldukgyoimwiehwhvyz/Build/Intermediates.noindex/WebDriverAgent.build/Debug-iphonesimulator/WebDriverAgentLib.build/WebDriverAgentLib-project-headers.hmap -I/Users/oikhlas/Library/Developer/Xcode/DerivedData/WebDriverAgent-bcmeffsllcldukgyoimwiehwhvyz/Build/Products/Debug-iphonesimulator/include -I/Applications/Xcode.app/Contents/Developer/Platforms/iPhoneSimulator.platform/Developer/SDKs/iPhoneSimulator16.0.sdk/usr/include/libxml2 -I/Users/oikhlas/.appium/node_modules/appium-xcuitest-driver/node_modules/appium-webdriveragent/Modules -I/Users/oikhlas/Library/Developer/Xcode/DerivedData/WebDriverAgent-bcmeffsllcldukgyoimwiehwhvyz/Build/Intermediates.noindex/WebDriverAgent.build/Debug-iphonesimulator/WebDriverAgentLib.build/DerivedSources-normal/x86_64 -I/Users/oikhlas/Library/Developer/Xcode/DerivedData/WebDriverAgent-bcmeffsllcldukgyoimwiehwhvyz/Build/Intermediates.noindex/WebDriverAgent.build/Debug-iphonesimulator/WebDriverAgentLib.build/DerivedSources/x86_64 -I/Users/oikhlas/Library/Developer/Xcode/DerivedData/WebDriverAgent-bcmeffsllcldukgyoimwiehwhvyz/Build/Intermediates.noindex/WebDriverAgent.build/Debug-iphonesimulator/WebDriverAgentLib.build/DerivedSources -Weverything -Wno-objc-missing-property-synthesis -Wno-unused-macros -Wno-disabled-macro-expansion -Wno-gnu-statement-expression -Wno-language-extension-token -Wno-overriding-method-mismatch -Wno-missing-variable-declarations -Rno-module-build -Wno-auto-import -Wno-objc-interface-ivars -Wno-documentation-unknown-command -Wno-reserved-id-macro -Wno-unused-parameter -Wno-gnu-conditional-omitted-operand -Wno-explicit-ownership-type -Wno-date-time -Wno-cast-align -Wno-cstring-format-directive -Wno-double-promotion -Wno-partial-availability -Weverything -Wno-objc-missing-property-synthesis -Wno-unused-macros -Wno-disabled-macro-expansion -Wno-gnu-statement-expression -Wno-language-extension-token -Wno-overriding-method-mismatch -Wno-missing-variable-declarations -Rno-module-build -Wno-auto-import -Wno-objc-interface-ivars -Wno-documentation-unknown-command -Wno-reserved-id-macro -Wno-unused-parameter -Wno-gnu-conditional-omitted-operand -Wno-explicit-ownership-type -Wno-date-time -Wno-cast-align -Wno-cstring-format-directive -Wno-double-promotion -Wno-partial-availability -Wno-objc-messaging-id -Wno-direct-ivar-access -Wno-cast-qual -Wno-declaration-after-statement -F/Users/oikhlas/Library/Developer/Xcode/DerivedData/WebDriverAgent-bcmeffsllcldukgyoimwiehwhvyz/Build/Products/Debug-iphonesimulator -F/Applications/Xcode.app/Contents/Developer/Platforms/iPhoneSimulator.platform/Developer/Library/Frameworks -F/Applications/Xcode.app/Contents/Developer/Platforms/iPhoneSimulator.platform/Developer/Library/PrivateFrameworks -iframework /Applications/Xcode.app/Contents/Developer/Platforms/iPhoneSimulator.platform/Developer/SDKs/iPhoneSimulator16.0.sdk/Developer/Library/Frameworks -MMD -MT dependencies -MF /Users/oikhlas/Library/Developer/Xcode/DerivedData/WebDriverAgent-bcmeffsllcldukgyoimwiehwhvyz/Build/Intermediates.noindex/WebDriverAgent.build/Debug-iphonesimulator/WebDriverAgentLib.build/Objects-normal/x86_64/FBCustomCommands.d --serialize-diagnostics /Users/oikhlas/Library/Developer/Xcode/DerivedData/WebDriverAgent-bcmeffsllcldukgyoimwiehwhvyz/Build/Intermediates.noindex/WebDriverAgent.build/Debug-iphonesimulator/WebDriverAgentLib.build/Objects-normal/x86_64/FBCustomCommands.dia -c /Users/oikhlas/.appium/node_modules/appium-xcuitest-driver/node_modules/appium-webdriveragent/WebDriverAgentLib/Commands/FBCustomCommands.m -o /Users/oikhlas/Library/Developer/Xcode/DerivedData/WebDriverAgent-bcmeffsllcldukgyoimwiehwhvyz/Build/Intermediates.noindex/WebDriverAgent.build/Debug-iphonesimulator/WebDriverAgentLib.build/Objects-normal/x86_64/FBCustomCommands.o
&amp#27;[38;5;173m[Xcode]&amp#27;[0m 
&amp#27;[38;5;173m[Xcode]&amp#27;[0m /Users/oikhlas/.appium/node_modules/appium-xcuitest-driver/node_modules/appium-webdriveragent/WebDriverAgentLib/Commands/FBCustomCommands.m:348:37: warning: 'authorizationStatus' is deprecated: first deprecated in iOS 14.0 [-Wdeprecated-declarations]
&amp#27;[38;5;173m[Xcode]&amp#27;[0m     authStatus = [CLLocationManager authorizationStatus];
&amp#27;[38;5;173m[Xcode]&amp#27;[0m                                     ^~~~~~~~~~~~~~~~~~~
&amp#27;[38;5;173m[Xcode]&amp#27;[0m                                     authorizationStatus
&amp#27;[38;5;173m[Xcode]&amp#27;[0m In module 'CoreLocation' imported from /Users/oikhlas/.appium/node_modules/appium-xcuitest-driver/node_modules/appium-webdriveragent/WebDriverAgentLib/Commands/FBCustomCommands.m:13:
&amp#27;[38;5;173m[Xcode]&amp#27;[0m /Applications/Xcode.app/Contents/Developer/Platforms/iPhoneSimulator.platform/Developer/SDKs/iPhoneSimulator16.0.sdk/System/Library/Frameworks/CoreLocation.framework/Headers/CLLocationManager.h:218:1: note: 'authorizationStatus' has been explicitly marked deprecated here
&amp#27;[38;5;173m[Xcode]&amp#27;[0m + (CLAuthorizationStatus)authorizationStatus API_DEPRECATED_WITH_REPLACEMENT("-authorizationStatus", ios(4.2, 14.0), macos(10.7, 11.0), watchos(1.0, 7.0), tvos(9.0, 14.0));
&amp#27;[38;5;173m[Xcode]&amp#27;[0m ^
&amp#27;[38;5;173m[Xcode]&amp#27;[0m 1 warning generated.
&amp#27;[38;5;173m[Xcode]&amp#27;[0m 
&amp#27;[38;5;173m[Xcode]&amp#27;[0m CompileC /Users/oikhlas/Library/Developer/Xcode/DerivedData/WebDriverAgent-bcmeffsllcldukgyoimwiehwhvyz/Build/Intermediates.noindex/WebDriverAgent.build/Debug-iphonesimulator/WebDriverAgentLib.build/Objects-normal/x86_64/FBConfiguration.o /Users/oikhlas/.appium/node_modules/appium-xcuitest-driver/node_modules/appium-webdriveragent/WebDriverAgentLib/Utilities/FBConfiguration.m normal x86_64 objective-c com.apple.compilers.llvm.clang.1_0.compiler (in target 'WebDriverAgentLib' from project 'WebDriverAgent')
&amp#27;[38;5;173m[Xcode]&amp#27;[0m     cd /Users/oikhlas/.appium/node_modules/appium-xcuitest-driver/node_modules/appium-webdriveragent
&amp#27;[38;5;173m[Xcode]&amp#27;[0m     /Applications/Xcode.app/Contents/Developer/Toolchains/XcodeDefault.xctoolchain/usr/bin/clang -x objective-c -target x86_64-apple-ios16.0-simulator -fmessage-length\=0 -fdiagnostics-show-note-include-stack -fmacro-backtrace-limit\=0 -std\=gnu99 -fobjc-arc -fmodules -gmodules -fmodules-cache-path\=/Users/oikhlas/Library/Developer/Xcode/DerivedData/ModuleCache.noindex -fmodules-prune-interval\=86400 -fmodules-prune-after\=345600 -fbuild-session-file\=/Users/oikhlas/Library/Developer/Xcode/DerivedData/ModuleCache.noindex/Session.modulevalidation -fmodules-validate-once-per-build-session -Wno-trigraphs -fpascal-strings -O0 -fno-common -Wmissing-field-initializers -Wno-missing-prototypes -Werror\=return-type -Wunreachable-code -Wquoted-include-in-framework-header -Wno-implicit-atomic-properties -Werror\=deprecated-objc-isa-usage -Wno-objc-interface-ivars -Werror\=objc-root-class -Warc-repeated-use-of-weak -Wno-arc-maybe-repeated-use-of-weak -Wimplicit-retain-self -Wduplicate-method-match -Wno-missing-braces -Wparentheses -Wswitch -Wunused-function -Wno-unused-label -Wunused-parameter -Wunused-variable -Wunused-value -Wempty-body -Wuninitialized -Wconditional-uninitialized -Wno-unknown-pragmas -pedantic -Wshadow -Wno-four-char-constants -Wconversion -Wconstant-conversion -Wint-conversion -Wbool-conversion -Wenum-conversion -Wfloat-conversion -Wnon-literal-null-conversion -Wobjc-literal-conversion -Wassign-enum -Wsign-compare -Wshorten-64-to-32 -Wpointer-sign -Wno-newline-eof -Wno-selector -Wno-strict-selector-match -Wundeclared-selector -Wdeprecated-implementations -Wno-implicit-fallthrough -DDEBUG\=1 -DOBJC_OLD_DISPATCH_PROTOTYPES\=0 -isysroot /Applications/Xcode.app/Contents/Developer/Platforms/iPhoneSimulator.platform/Developer/SDKs/iPhoneSimulator16.0.sdk -fasm-blocks -fstrict-aliasing -Wprotocol -Wdeprecated-declarations -g -Wno-sign-conversion -Winfinite-recursion -Wcomma -Wblock-capture-autoreleasing -Wstrict-prototypes -Wno-semicolon-before-method-body -fobjc-abi-version\=2 -fobjc-legacy-dispatch -iquote /Users/oikhlas/Library/Developer/Xcode/DerivedData/WebDriverAgent-bcmeffsllcldukgyoimwiehwhvyz/Build/Intermediates.noindex/WebDriverAgent.build/Debug-iphonesimulator/WebDriverAgentLib.build/WebDriverAgentLib-generated-files.hmap -I/Users/oikhlas/Library/Developer/Xcode/DerivedData/WebDriverAgent-bcmeffsllcldukgyoimwiehwhvyz/Build/Intermediates.noindex/WebDriverAgent.build/Debug-iphonesimulator/WebDriverAgentLib.build/WebDriverAgentLib-own-target-headers.hmap -I/Users/oikhlas/Library/Developer/Xcode/DerivedData/WebDriverAgent-bcmeffsllcldukgyoimwiehwhvyz/Build/Intermediates.noindex/WebDriverAgent.build/Debug-iphonesimulator/WebDriverAgentLib.build/WebDriverAgentLib-all-target-headers.hmap -iquote /Users/oikhlas/Library/Developer/Xcode/DerivedData/WebDriverAgent-bcmeffsllcldukgyoimwiehwhvyz/Build/Intermediates.noindex/WebDriverAgent.build/Debug-iphonesimulator/WebDriverAgentLib.build/WebDriverAgentLib-project-headers.hmap -I/Users/oikhlas/Library/Developer/Xcode/DerivedData/WebDriverAgent-bcmeffsllcldukgyoimwiehwhvyz/Build/Products/Debug-iphonesimulator/include -I/Applications/Xcode.app/Contents/Developer/Platforms/iPhoneSimulator.platform/Developer/SDKs/iPhoneSimulator16.0.sdk/usr/include/libxml2 -I/Users/oikhlas/.appium/node_modules/appium-xcuitest-driver/node_modules/appium-webdriveragent/Modules -I/Users/oikhlas/Library/Developer/Xcode/DerivedData/WebDriverAgent-bcmeffsllcldukgyoimwiehwhvyz/Build/Intermediates.noindex/WebDriverAgent.build/Debug-iphonesimulator/WebDriverAgentLib.build/DerivedSources-normal/x86_64 -I/Users/oikhlas/Library/Developer/Xcode/DerivedData/WebDriverAgent-bcmeffsllcldukgyoimwiehwhvyz/Build/Intermediates.noindex/WebDriverAgent.build/Debug-iphonesimulator/WebDriverAgentLib.build/DerivedSources/x86_64 -I/Users/oikhlas/Library/Developer/Xcode/DerivedData/WebDriverAgent-bcmeffsllcldukgyoimwiehwhvyz/Build/Intermediates.noindex/WebDriverAgent.build/Debug-iphonesimulator/WebDriverAgentLib.build/DerivedSources -Weverything -Wno-objc-missing-property-synthesis -Wno-unused-macros -Wno-disabled-macro-expansion -Wno-gnu-statement-expression -Wno-language-extension-token -Wno-overriding-method-mismatch -Wno-missing-variable-declarations -Rno-module-build -Wno-auto-import -Wno-objc-interface-ivars -Wno-documentation-unknown-command -Wno-reserved-id-macro -Wno-unused-parameter -Wno-gnu-conditional-omitted-operand -Wno-explicit-ownership-type -Wno-date-time -Wno-cast-align -Wno-cstring-format-directive -Wno-double-promotion -Wno-partial-availability -Weverything -Wno-objc-missing-property-synthesis -Wno-unused-macros -Wno-disabled-macro-expansion -Wno-gnu-statement-expression -Wno-language-extension-token -Wno-overriding-method-mismatch -Wno-missing-variable-declarations -Rno-module-build -Wno-auto-import -Wno-objc-interface-ivars -Wno-documentation-unknown-command -Wno-reserved-id-macro -Wno-unused-parameter -Wno-gnu-conditional-omitted-operand -Wno-explicit-ownership-type -Wno-date-time -Wno-cast-align -Wno-cstring-format-directive -Wno-double-promotion -Wno-partial-availability -Wno-objc-messaging-id -Wno-direct-ivar-access -Wno-cast-qual -Wno-declaration-after-statement -F/Users/oikhlas/Library/Developer/Xcode/DerivedData/WebDriverAgent-bcmeffsllcldukgyoimwiehwhvyz/Build/Products/Debug-iphonesimulator -F/Applications/Xcode.app/Contents/Developer/Platforms/iPhoneSimulator.platform/Developer/Library/Frameworks -F/Applications/Xcode.app/Contents/Developer/Platforms/iPhoneSimulator.platform/Developer/Library/PrivateFrameworks -iframework /Applications/Xcode.app/Contents/Developer/Platforms/iPhoneSimulator.platform/Developer/SDKs/iPhoneSimulator16.0.sdk/Developer/Library/Frameworks -MMD -MT dependencies -MF /Users/oikhlas/Library/Developer/Xcode/DerivedData/WebDriverAgent-bcmeffsllcldukgyoimwiehwhvyz/Build/Intermediates.noindex/WebDriverAgent.build/Debug-iphonesimulator/WebDriverAgentLib.build/Objects-normal/x86_64/FBConfiguration.d --serialize-diagnostics /Users/oikhlas/Library/Developer/Xcode/DerivedData/WebDriverAgent-bcmeffsllcldukgyoimwiehwhvyz/Build/Intermediates.noindex/WebDriverAgent.build/Debug-iphonesimulator/WebDriverAgentLib.build/Objects-normal/x86_64/FBConfiguration.dia -c /Users/oikhlas/.appium/node_modules/appium-xcuitest-driver/node_modules/appium-webdriveragent/WebDriverAgentLib/Utilities/FBConfiguration.m -o /Users/oikhlas/Library/Developer/Xcode/DerivedData/WebDriverAgent-bcmeffsllcldukgyoimwiehwhvyz/Build/Intermediates.noindex/WebDriverAgent.build/Deb
&amp#27;[38;5;173m[Xcode]&amp#27;[0m ug-iphonesimulator/WebDriverAgentLib.build/Objects-normal/x86_64/FBConfiguration.o
&amp#27;[38;5;173m[Xcode]&amp#27;[0m 
&amp#27;[38;5;173m[Xcode]&amp#27;[0m CompileC /Users/oikhlas/Library/Developer/Xcode/DerivedData/WebDriverAgent-bcmeffsllcldukgyoimwiehwhvyz/Build/Intermediates.noindex/WebDriverAgent.build/Debug-iphonesimulator/WebDriverAgentLib.build/Objects-normal/x86_64/FBCommandStatus.o /Users/oikhlas/.appium/node_modules/appium-xcuitest-driver/node_modules/appium-webdriveragent/WebDriverAgentLib/Routing/FBCommandStatus.m normal x86_64 objective-c com.apple.compilers.llvm.clang.1_0.compiler (in target 'WebDriverAgentLib' from project 'WebDriverAgent')
&amp#27;[38;5;173m[Xcode]&amp#27;[0m     cd /Users/oikhlas/.appium/node_modules/appium-xcuitest-driver/node_modules/appium-webdriveragent
&amp#27;[38;5;173m[Xcode]&amp#27;[0m     /Applications/Xcode.app/Contents/Developer/Toolchains/XcodeDefault.xctoolchain/usr/bin/clang -x objective-c -target x86_64-apple-ios16.0-simulator -fmessage-length\=0 -fdiagnostics-show-note-include-stack -fmacro-backtrace-limit\=0 -std\=gnu99 -fobjc-arc -fmodules -gmodules -fmodules-cache-path\=/Users/oikhlas/Library/Developer/Xcode/DerivedData/ModuleCache.noindex -fmodules-prune-interval\=86400 -fmodules-prune-after\=345600 -fbuild-session-file\=/Users/oikhlas/Library/Developer/Xcode/DerivedData/ModuleCache.noindex/Session.modulevalidation -fmodules-validate-once-per-build-session -Wno-trigraphs -fpascal-strings -O0 -fno-common -Wmissing-field-initializers -Wno-missing-prototypes -Werror\=return-type -Wunreachable-code -Wquoted-include-in-framework-header -Wno-implicit-atomic-properties -Werror\=deprecated-objc-isa-usage -Wno-objc-interface-ivars -Werror\=objc-root-class -Warc-repeated-use-of-weak -Wno-arc-maybe-repeated-use-of-weak -Wimplicit-retain-self -Wduplicate-method-match -Wno-missing-braces -Wparentheses -Wswitch -Wunused-function -Wno-unused-label -Wunused-parameter -Wunused-variable -Wunused-value -Wempty-body -Wuninitialized -Wconditional-uninitialized -Wno-unknown-pragmas -pedantic -Wshadow -Wno-four-char-constants -Wconversion -Wconstant-conversion -Wint-conversion -Wbool-conversion -Wenum-conversion -Wfloat-conversion -Wnon-literal-null-conversion -Wobjc-literal-conversion -Wassign-enum -Wsign-compare -Wshorten-64-to-32 -Wpointer-sign -Wno-newline-eof -Wno-selector -Wno-strict-selector-match -Wundeclared-selector -Wdeprecated-implementations -Wno-implicit-fallthrough -DDEBUG\=1 -DOBJC_OLD_DISPATCH_PROTOTYPES\=0 -isysroot /Applications/Xcode.app/Contents/Developer/Platforms/iPhoneSimulator.platform/Developer/SDKs/iPhoneSimulator16.0.sdk -fasm-blocks -fstrict-aliasing -Wprotocol -Wdeprecated-declarations -g -Wno-sign-conversion -Winfinite-recursion -Wcomma -Wblock-capture-autoreleasing -Wstrict-prototypes -Wno-semicolon-before-method-body -fobjc-abi-version\=2 -fobjc-legacy-dispatch -iquote /Users/oikhlas/Library/Developer/Xcode/DerivedData/WebDriverAgent-bcmeffsllcldukgyoimwiehwhvyz/Build/Intermediates.noindex/WebDriverAgent.build/Debug-iphonesimulator/WebDriverAgentLib.build/WebDriverAgentLib-generated-files.hmap -I/Users/oikhlas/Library/Developer/Xcode/DerivedData/WebDriverAgent-bcmeffsllcldukgyoimwiehwhvyz/Build/Intermediates.noindex/WebDriverAgent.build/Debug-iphonesimulator/WebDriverAgentLib.build/WebDriverAgentLib-own-target-headers.hmap -I/Users/oikhlas/Library/Developer/Xcode/DerivedData/WebDriverAgent-bcmeffsllcldukgyoimwiehwhvyz/Build/Intermediates.noindex/WebDriverAgent.build/Debug-iphonesimulator/WebDriverAgentLib.build/WebDriverAgentLib-all-target-headers.hmap -iquote /Users/oikhlas/Library/Developer/Xcode/DerivedData/WebDriverAgent-bcmeffsllcldukgyoimwiehwhvyz/Build/Intermediates.noindex/WebDriverAgent.build/Debug-iphonesimulator/WebDriverAgentLib.build/WebDriverAgentLib-project-headers.hmap -I/Users/oikhlas/Library/Developer/Xcode/DerivedData/WebDriverAgent-bcmeffsllcldukgyoimwiehwhvyz/Build/Products/Debug-iphonesimulator/include -I/Applications/Xcode.app/Contents/Developer/Platforms/iPhoneSimulator.platform/Developer/SDKs/iPhoneSimulator16.0.sdk/usr/include/libxml2 -I/Users/oikhlas/.appium/node_modules/appium-xcuitest-driver/node_modules/appium-webdriveragent/Modules -I/Users/oikhlas/Library/Developer/Xcode/DerivedData/WebDriverAgent-bcmeffsllcldukgyoimwiehwhvyz/Build/Intermediates.noindex/WebDriverAgent.build/Debug-iphonesimulator/WebDriverAgentLib.build/DerivedSources-normal/x86_64 -I/Users/oikhlas/Library/Developer/Xcode/DerivedData/WebDriverAgent-bcmeffsllcldukgyoimwiehwhvyz/Build/Intermediates.noindex/WebDriverAgent.build/Debug-iphonesimulator/WebDriverAgentLib.build/DerivedSources/x86_64 -I/Users/oikhlas/Library/Developer/Xcode/DerivedData/WebDriverAgent-bcmeffsllcldukgyoimwiehwhvyz/Build/Intermediates.noindex/WebDriverAgent.build/Debug-iphonesimulator/WebDriverAgentLib.build/DerivedSources -Weverything -Wno-objc-missing-property-synthesis -Wno-unused-macros -Wno-disabled-macro-expansion -Wno-gnu-statement-expression -Wno-language-extension-token -Wno-overriding-method-mismatch -Wno-missing-variable-declarations -Rno-module-build -Wno-auto-import -Wno-objc-interface-ivars -Wno-documentation-unknown-command -Wno-reserved-id-macro -Wno-unused-parameter -Wno-gnu-conditional-omitted-operand -Wno-explicit-ownership-type -Wno-date-time -Wno-cast-align -Wno-cstring-format-directive -Wno-double-promotion -Wno-partial-availability -Weverything -Wno-objc-missing-property-synthesis -Wno-unused-macros -Wno-disabled-macro-expansion -Wno-gnu-statement-expression -Wno-language-extension-token -Wno-overriding-method-mismatch -Wno-missing-variable-declarations -Rno-module-build -Wno-auto-import -Wno-objc-interface-ivars -Wno-documentation-unknown-command -Wno-reserved-id-macro -Wno-unused-parameter -Wno-gnu-conditional-omitted-operand -Wno-explicit-ownership-type -Wno-date-time -Wno-cast-align -Wno-cstring-format-directive -Wno-double-promotion -Wno-partial-availability -Wno-objc-messaging-id -Wno-direct-ivar-access -Wno-cast-qual -Wno-declaration-after-statement -F/Users/oikhlas/Library/Developer/Xcode/DerivedData/WebDriverAgent-bcmeffsllcldukgyoimwiehwhvyz/Build/Products/Debug-iphonesimulator -F/Applications/Xcode.app/Contents/Developer/Platforms/iPhoneSimulator.platform/Developer/Library/Frameworks -F/Applications/Xcode.app/Contents/Developer/Platforms/iPhoneSimulator.platform/Developer/Library/PrivateFrameworks -iframework /Applications/Xcode.app/Contents/Developer/Platforms/iPhoneSimulator.platform/Developer/SDKs/iPhoneSimulator16.0.sdk/Developer/Library/Frameworks -MMD -MT dependencies -MF /Users/oikhlas/Library/Developer/Xcode/DerivedData/WebDriverAgent-bcmeffsllcldukgyoimwiehwhvyz/Build/Intermediates.noindex/WebDriverAgent.build/Debug-iphonesimulator/WebDriverAgentLib.build/Objects-normal/x86_64/FBCommandStatus.d --serialize-diagnostics /Users/oikhlas/Library/Developer/Xcode/DerivedData/WebDriverAgent-bcmeffsllcldukgyoimwiehwhvyz/Build/Intermediates.noindex/WebDriverAgent.build/Debug-iphonesimulator/WebDriverAgentLib.build/Objects-normal/x86_64/FBCommandStatus.dia -c /Users/oikhlas/.appium/node_modules/appium-xcuitest-driver/node_modules/appium-webdriveragent/WebDriverAgentLib/Routing/FBCommandStatus.m -o /Users/oikhlas/Library/Developer/Xcode/DerivedData/WebDriverAgent-bcmeffsllcldukgyoimwiehwhvyz/Build/Intermediates.noindex/WebDriverAgent.build/Debug-iphonesimulator/WebDriverAgentLib.build/Objects-normal/x86_64/FBCommandStatus.o
&amp#27;[38;5;173m[Xcode]&amp#27;[0m 
&amp#27;[38;5;173m[Xcode]&amp#27;[0m 
&amp#27;[38;5;173m[Xcode]&amp#27;[0m CompileC /Users/oikhlas/Library/Developer/Xcode/DerivedData/WebDriverAgent-bcmeffsllcldukgyoimwiehwhvyz/Build/Intermediates.noindex/WebDriverAgent.build/Debug-iphonesimulator/WebDriverAgentLib.build/Objects-normal/x86_64/FBClassChainQueryParser.o /Users/oikhlas/.appium/node_modules/appium-xcuitest-driver/node_modules/appium-webdriveragent/WebDriverAgentLib/Utilities/FBClassChainQueryParser.m normal x86_64 objective-c com.apple.compilers.llvm.clang.1_0.compiler (in target 'WebDriverAgentLib' from project 'WebDriverAgent')
&amp#27;[38;5;173m[Xcode]&amp#27;[0m     cd /Users/oikhlas/.appium/node_modules/appium-xcuitest-driver/node_modules/appium-webdriveragent
&amp#27;[38;5;173m[Xcode]&amp#27;[0m     /Applications/Xcode.app/Contents/Developer/Toolchains/XcodeDefault.xctoolchain/usr/bin/clang -x objective-c -target x86_64-apple-ios16.0-simulator -fmessage-length\=0 -fdiagnostics-show-note-include-stack -fmacro-backtrace-limit\=0 -std\=gnu99 -fobjc-arc -fmodules -gmodules -fmodules-cache-path\=/Users/oikhlas/Library/Developer/Xcode/DerivedData/ModuleCache.noindex -fmodules-prune-interval\=86400 -fmodules-prune-after\=345600 -fbuild-session-file\=/Users/oikhlas/Library/Developer/Xcode/DerivedData/ModuleCache.noindex/Session.modulevalidation -fmodules-validate-once-per-build-session -Wno-trigraphs -fpascal-strings -O0 -fno-common -Wmissing-field-initializers -Wno-missing-prototypes -Werror\=return-type -Wunreachable-code -Wquoted-include-in-framework-header -Wno-implicit-atomic-properties -Werror\=deprecated-objc-isa-usage -Wno-objc-interface-ivars -Werror\=objc-root-class -Warc-repeated-use-of-weak -Wno-arc-maybe-repeated-use-of-weak -Wimplicit-retain-self -Wduplicate-method-match -Wno-missing-braces -Wparentheses -Wswitch -Wunused-function -Wno-unused-label -Wunused-parameter -Wunused-variable -Wunused-value -Wempty-body -Wuninitialized -Wconditional-uninitialized -Wno-unknown-pragmas -pedantic -Wshadow -Wno-four-char-constants -Wconversion -Wconstant-conversion -Wint-conversion -Wbool-conversion -Wenum-conversion -Wfloat-conversion -Wnon-literal-null-conversion -Wobjc-literal-conversion -Wassign-enum -Wsign-compare -Wshorten-64-to-32 -Wpointer-sign -Wno-newline-eof -Wno-selector -Wno-strict-selector-match -Wundeclared-selector -Wdeprecated-implementations -Wno-implicit-fallthrough -DDEBUG\=1 -DOBJC_OLD_DISPATCH_PROTOTYPES\=0 -isysroot /Applications/Xcode.app/Contents/Developer/Platforms/iPhoneSimulator.platform/Developer/SDKs/iPhoneSimulator16.0.sdk -fasm-blocks -fstrict-aliasing -Wprotocol -Wdeprecated-declarations -g -Wno-sign-conversion -Winfinite-recursion -Wcomma -Wblock-capture-autoreleasing -Wstrict-prototypes -Wno-semicolon-before-method-body -fobjc-abi-version\=2 -fobjc-legacy-dispatch -iquote /Users/oikhlas/Library/Developer/Xcode/DerivedData/WebDriverAgent-bcmeffsllcldukgyoimwiehwhvyz/Build/Intermediates.noindex/WebDriverAgent.build/Debug-iphonesimulator/WebDriverAgentLib.build/WebDriverAgentLib-generated-files.hmap -I/Users/oikhlas/Library/Developer/Xcode/DerivedData/WebDriverAgent-bcmeffsllcldukgyoimwiehwhvyz/Build/Intermediates.noindex/WebDriverAgent.build/Debug-iphonesimulator/WebDriverAgentLib.build/WebDriverAgentLib-own-target-headers.hmap -I/Users/oikhlas/Library/Developer/Xcode/DerivedData/WebDriverAgent-bcmeffsllcldukgyoimwiehwhvyz/Build/Intermediates.noindex/WebDriverAgent.build/Debug-iphonesimulator/WebDriverAgentLib.build/WebDriverAgentLib-all-target-headers.hmap -iquote /Users/oikhlas/Library/Developer/Xcode/DerivedData/WebDriverAgent-bcmeffsllcldukgyoimwiehwhvyz/Build/Intermediates.noindex/WebDriverAgent.build/Debug-iphonesimulator/WebDriverAgentLib.build/WebDriverAgentLib-project-headers.hmap -I/Users/oikhlas/Library/Developer/Xcode/DerivedData/WebDriverAgent-bcmeffsllcldukgyoimwiehwhvyz/Build/Products/Debug-iphonesimulator/include -I/Applications/Xcode.app/Contents/Developer/Platforms/iPhoneSimulator.platform/Developer/SDKs/iPhoneSimulator16.0.sdk/usr/include/libxml2 -I/Users/oikhlas/.appium/node_modules/appium-xcuitest-driver/node_modules/appium-webdriveragent/Modules -I/Users/oikhlas/Library/Developer/Xcode/DerivedData/WebDriverAgent-bcmeffsllcldukgyoimwiehwhvyz/Build/Intermediates.noindex/WebDriverAgent.build/Debug-iphonesimulator/WebDriverAgentLib.build/DerivedSources-normal/x86_64 -I/Users/oikhlas/Library/Developer/Xcode/DerivedData/WebDriverAgent-bcmeffsllcldukgyoimwiehwhvyz/Build/Intermediates.noindex/WebDriverAgent.build/Debug-iphonesimulator/WebDriverAgentLib.build/DerivedSources/x86_64 -I/Users/oikhlas/Library/Developer/Xcode/DerivedData/WebDriverAgent-bcmeffsllcldukgyoimwiehwhvyz/Build/Intermediates.noindex/WebDriverAgent.build/Debug-iphonesimulator/WebDriverAgentLib.build/DerivedSources -Weverything -Wno-objc-missing-property-synthesis -Wno-unused-macros -Wno-disabled-macro-expansion -Wno-gnu-statement-expression -Wno-language-extension-token -Wno-overriding-method-mismatch -Wno-missing-variable-declarations -Rno-module-build -Wno-auto-import -Wno-objc-interface-ivars -Wno-documentation-unknown-command -Wno-reserved-id-macro -Wno-unused-parameter -Wno-gnu-conditional-omitted-operand -Wno-explicit-ownership-type -Wno-date-time -Wno-cast-align -Wno-cstring-format-directive -Wno-double-promotion -Wno-partial-availability -Weverything -Wno-objc-missing-property-synthesis -Wno-unused-macros -Wno-disabled-macro-expansion -Wno-gnu-statement-expression -Wno-language-extension-token -Wno-overriding-method-mismatch -Wno-missing-variable-declarations -Rno-module-build -Wno-auto-import -Wno-objc-interface-ivars -Wno-documentation-unknown-command -Wno-reserved-id-macro -Wno-unused-parameter -Wno-gnu-conditional-omitted-operand -Wno-explicit-ownership-type -Wno-date-time -Wno-cast-align -Wno-cstring-format-directive -Wno-double-promotion -Wno-partial-availability -Wno-objc-messaging-id -Wno-direct-ivar-access -Wno-cast-qual -Wno-declaration-after-statement -F/Users/oikhlas/Library/Developer/Xcode/DerivedData/WebDriverAgent-bcmeffsllcldukgyoimwiehwhvyz/Build/Products/Debug-iphonesimulator -F/Applications/Xcode.app/Contents/Developer/Platforms/iPhoneSimulator.platform/Developer/Library/Frameworks -F/Applications/Xcode.app/Contents/Developer/Platforms/iPhoneSimulator.platform/Developer/Library/PrivateFrameworks -iframework /Applications/Xcode.app/Contents/Developer/Platforms/iPhoneSimulator.platform/Developer/SDKs/iPhoneSimulator16.0.sdk/Developer/Library/Frameworks -MMD -MT dependencies -MF /Users/oikhlas/Library/Developer/Xcode/DerivedData/WebDriverAgent-bcmeffsllcldukgyoimwiehwhvyz/Build/Intermediates.noindex/WebDriverAgent.build/Debug-iphonesimulator/WebDriverAgentLib.build/Objects-normal/x86_64/FBClassChainQueryParser.d --serialize-diagnostics /Users/oikhlas/Library/Developer/Xcode/DerivedData/WebDriverAgent-bcmeffsllcldukgyoimwiehwhvyz/Build/Intermediates.noindex/WebDriverAgent.build/Debug-iphonesimulator/WebDriverAgentLib.build/Objects-normal/x86_64/FBClassChainQueryParser.dia -c /Users/oikhlas/.appium/node_modules/appium-xcuitest-driver/node_modules/appium-webdriveragent/WebDriverAgentLib/Utilities/FBClassChainQueryParser.m -o /Users/oikhlas/Library/Developer/Xcode/DerivedData/WebDriverAgent-bcmeffsllcldukgyoimwiehwhvyz/Build/Intermediates.noindex/WebDriverAgent.build/Debug-iphonesimulator/WebDriverAgentLib.build/Objects-normal/x86_64/FBClassChainQueryParser.o
&amp#27;[38;5;173m[Xcode]&amp#27;[0m 
&amp#27;[38;5;173m[Xcode]&amp#27;[0m 
&amp#27;[38;5;173m[Xcode]&amp#27;[0m CompileC /Users/oikhlas/Library/Developer/Xcode/DerivedData/WebDriverAgent-bcmeffsllcldukgyoimwiehwhvyz/Build/Intermediates.noindex/WebDriverAgent.build/Debug-iphonesimulator/WebDriverAgentLib.build/Objects-normal/x86_64/FBCapabilities.o /Users/oikhlas/.appium/node_modules/appium-xcuitest-driver/node_modules/appium-webdriveragent/WebDriverAgentLib/Utilities/FBCapabilities.m normal x86_64 objective-c com.apple.compilers.llvm.clang.1_0.compiler (in target 'WebDriverAgentLib' from project 'WebDriverAgent')
&amp#27;[38;5;173m[Xcode]&amp#27;[0m     cd /Users/oikhlas/.appium/node_modules/appium-xcuitest-driver/node_modules/appium-webdriveragent
&amp#27;[38;5;173m[Xcode]&amp#27;[0m     /Applications/Xcode.app/Contents/Developer/Toolchains/XcodeDefault.xctoolchain/usr/bin/clang -x objective-c -target x86_64-apple-ios16.0-simulator -fmessage-length\=0 -fdiagnostics-show-note-include-stack -fmacro-backtrace-limit\=0 -std\=gnu99 -fobjc-arc -fmodules -gmodules -fmodules-cache-path\=/Users/oikhlas/Library/Developer/Xcode/DerivedData/ModuleCache.noindex -fmodules-prune-interval\=86400 -fmodules-prune-after\=345600 -fbuild-session-file\=/Users/oikhlas/Library/Developer/Xcode/DerivedData/ModuleCache.noindex/Session.modulevalidation -fmodules-validate-once-per-build-session -Wno-trigraphs -fpascal-strings -O0 -fno-common -Wmissing-field-initializers -Wno-missing-prototypes -Werror\=return-type -Wunreachable-code -Wquoted-include-in-framework-header -Wno-implicit-atomic-properties -Werror\=deprecated-objc-isa-usage -Wno-objc-interface-ivars -Werror\=objc-root-class -Warc-repeated-use-of-weak -Wno-arc-maybe-repeated-use-of-weak -Wimplicit-retain-self -Wduplicate-method-match -Wno-missing-braces -Wparentheses -Wswitch -Wunused-function -Wno-unused-label -Wunused-parameter -Wunused-variable -Wunused-value -Wempty-body -Wuninitialized -Wconditional-uninitialized -Wno-unknown-pragmas -pedantic -Wshadow -Wno-four-char-constants -Wconversion -Wconstant-conversion -Wint-conversion -Wbool-conversion -Wenum-conversion -Wfloat-conversion -Wnon-literal-null-conversion -Wobjc-literal-conversion -Wassign-enum -Wsign-compare -Wshorten-64-to-32 -Wpointer-sign -Wno-newline-eof -Wno-selector -Wno-strict-selector-match -Wundeclared-selector -Wdeprecated-implementations -Wno-implicit-fallthrough -DDEBUG\=1 -DOBJC_OLD_DISPATCH_PROTOTYPES\=0 -isysroot /Applications/Xcode.app/Contents/Developer/Platforms/iPhoneSimulator.platform/Developer/SDKs/iPhoneSimulator16.0.sdk -fasm-blocks -fstrict-aliasing -Wprotocol -Wdeprecated-declarations -g -Wno-sign-conversion -Winfinite-recursion -Wcomma -Wblock-capture-autoreleasing -Wstrict-prototypes -Wno-semicolon-before-method-body -fobjc-abi-version\=2 -fobjc-legacy-dispatch -iquote /Users/oikhlas/Library/Developer/Xcode/DerivedData/WebDriverAgent-bcmeffsllcldukgyoimwiehwhvyz/Build/Intermediates.noindex/WebDriverAgent.build/Debug-iphonesimulator/WebDriverAgentLib.build/WebDriverAgentLib-generated-files.hmap -I/Users/oikhlas/Library/Developer/Xcode/DerivedData/WebDriverAgent-bcmeffsllcldukgyoimwiehwhvyz/Build/Intermediates.noindex/WebDriverAgent.build/Debug-iphonesimulator/WebDriverAgentLib.build/WebDriverAgentLib-own-target-headers.hmap -I/Users/oikhlas/Library/Developer/Xcode/DerivedData/WebDriverAgent-bcmeffsllcldukgyoimwiehwhvyz/Build/Intermediates.noindex/WebDriverAgent.build/Debug-iphonesimulator/WebDriverAgentLib.build/WebDriverAgentLib-all-target-headers.hmap -iquote /Users/oikhlas/Library/Developer/Xcode/DerivedData/WebDriverAgent-bcmeffsllcldukgyoimwiehwhvyz/Build/Intermediates.noindex/WebDriverAgent.build/Debug-iphonesimulator/WebDriverAgentLib.build/WebDriverAgentLib-project-headers.hmap -I/Users/oikhlas/Library/Developer/Xcode/DerivedData/WebDriverAgent-bcmeffsllcldukgyoimwiehwhvyz/Build/Products/Debug-iphonesimulator/include -I/Applications/Xcode.app/Contents/Developer/Platforms/iPhoneSimulator.platform/Developer/SDKs/iPhoneSimulator16.0.sdk/usr/include/libxml2 -I/Users/oikhlas/.appium/node_modules/appium-xcuitest-driver/node_modules/appium-webdriveragent/Modules -I/Users/oikhlas/Library/Developer/Xcode/DerivedData/WebDriverAgent-bcmeffsllcldukgyoimwiehwhvyz/Build/Intermediates.noindex/WebDriverAgent.build/Debug-iphonesimulator/WebDriverAgentLib.build/DerivedSources-normal/x86_64 -I/Users/oikhlas/Library/Developer/Xcode/DerivedData/WebDriverAgent-bcmeffsllcldukgyoimwiehwhvyz/Build/Intermediates.noindex/WebDriverAgent.build/Debug-iphonesimulator/WebDriverAgentLib.build/DerivedSources/x86_64 -I/Users/oikhlas/Library/Developer/Xcode/DerivedData/WebDriverAgent-bcmeffsllcldukgyoimwiehwhvyz/Build/Intermediates.noindex/WebDriverAgent.build/Debug-iphonesimulator/WebDriverAgentLib.build/DerivedSources -Weverything -Wno-objc-missing-property-synthesis -Wno-unused-macros -Wno-disabled-macro-expansion -Wno-gnu-statement-expression -Wno-language-extension-token -Wno-overriding-method-mismatch -Wno-missing-variable-declarations -Rno-module-build -Wno-auto-import -Wno-objc-interface-ivars -Wno-documentation-unknown-command -Wno-reserved-id-macro -Wno-unused-parameter -Wno-gnu-conditional-omitted-operand -Wno-explicit-ownership-type -Wno-date-time -Wno-cast-align -Wno-cstring-format-directive -Wno-double-promotion -Wno-partial-availability -Weverything -Wno-objc-missing-property-synthesis -Wno-unused-macros -Wno-disabled-macro-expansion -Wno-gnu-statement-expression -Wno-language-extension-token -Wno-overriding-method-mismatch -Wno-missing-variable-declarations -Rno-module-build -Wno-auto-import -Wno-objc-interface-ivars -Wno-documentation-unknown-command -Wno-reserved-id-macro -Wno-unused-parameter -Wno-gnu-conditional-omitted-operand -Wno-explicit-ownership-type -Wno-date-time -Wno-cast-align -Wno-cstring-format-directive -Wno-double-promotion -Wno-partial-availability -Wno-objc-messaging-id -Wno-direct-ivar-access -Wno-cast-qual -Wno-declaration-after-statement -F/Users/oikhlas/Library/Developer/Xcode/DerivedData/WebDriverAgent-bcmeffsllcldukgyoimwiehwhvyz/Build/Products/Debug-iphonesimulator -F/Applications/Xcode.app/Contents/Developer/Platforms/iPhoneSimulator.platform/Developer/Library/Frameworks -F/Applications/Xcode.app/Contents/Developer/Platforms/iPhoneSimulator.platform/Developer/Library/PrivateFrameworks -iframework /Applications/Xcode.app/Contents/Developer/Platforms/iPhoneSimulator.platform/Developer/SDKs/iPhoneSimulator16.0.sdk/Developer/Library/Frameworks -MMD -MT dependencies -MF /Users/oikhlas/Library/Developer/Xcode/DerivedData/WebDriverAgent-bcmeffsllcldukgyoimwiehwhvyz/Build/Intermediates.noindex/WebDriverAgent.build/Debug-iphonesimulator/WebDriverAgentLib.build/Objects-normal/x86_64/FBCapabilities.d --serialize-diagnostics /Users/oikhlas/Library/Developer/Xcode/DerivedData/WebDriverAgent-bcmeffsllcldukgyoimwiehwhvyz/Build/Intermediates.noindex/WebDriverAgent.build/Debug-iphonesimulator/WebDriverAgentLib.build/Objects-normal/x86_64/FBCapabilities.dia -c /Users/oikhlas/.appium/node_modules/appium-xcuitest-driver/node_modules/appium-webdriveragent/WebDriverAgentLib/Utilities/FBCapabilities.m -o /Users/oikhlas/Library/Developer/Xcode/DerivedData/WebDriverAgent-bcmeffsllcldukgyoimwiehwhvyz/Build/Intermediates.noindex/WebDriverAgent.build/Debug-iphonesimulator/WebDriverAgentLib.build/Objects-normal/x86_64/FBCapabilities.o
&amp#27;[38;5;173m[Xcode]&amp#27;[0m 
&amp#27;[38;5;173m[Xcode]&amp#27;[0m 
&amp#27;[38;5;173m[Xcode]&amp#27;[0m CompileC /Users/oikhlas/Library/Developer/Xcode/DerivedData/WebDriverAgent-bcmeffsllcldukgyoimwiehwhvyz/Build/Intermediates.noindex/WebDriverAgent.build/Debug-iphonesimulator/WebDriverAgentLib.build/Objects-normal/x86_64/FBBaseActionsSynthesizer.o /Users/oikhlas/.appium/node_modules/appium-xcuitest-driver/node_modules/appium-webdriveragent/WebDriverAgentLib/Utilities/FBBaseActionsSynthesizer.m normal x86_64 objective-c com.apple.compilers.llvm.clang.1_0.compiler (in target 'WebDriverAgentLib' from project 'WebDriverAgent')
&amp#27;[38;5;173m[Xcode]&amp#27;[0m     cd /Users/oikhlas/.appium/node_modules/appium-xcuitest-driver/node_modules/appium-webdriveragent
&amp#27;[38;5;173m[Xcode]&amp#27;[0m     /Applications/Xcode.app/Contents/Developer/Toolchains/XcodeDefault.xctoolchain/usr/bin/clang -x objective-c -target x86_64-apple-ios16.0-simulator -fmessage-length\=0 -fdiagnostics-show-note-include-stack -fmacro-backtrace-limit\=0 -std\=gnu99 -fobjc-arc -fmodules -gmodules -fmodules-cache-path\=/Users/oikhlas/Library/Developer/Xcode/DerivedData/ModuleCache.noindex -fmodules-prune-interval\=86400 -fmodules-prune-after\=345600 -fbuild-session-file\=/Users/oikhlas/Library/Developer/Xcode/DerivedData/ModuleCache.noindex/Session.modulevalidation -fmodules-validate-once-per-build-session -Wno-trigraphs -fpascal-strings -O0 -fno-common -Wmissing-field-initializers -Wno-missing-prototypes -Werror\=return-type -Wunreachable-code -Wquoted-include-in-framework-header -Wno-implicit-atomic-properties -Werror\=deprecated-objc-isa-usage -Wno-objc-interface-ivars -Werror\=objc-root-class -Warc-repeated-use-of-weak -Wno-arc-maybe-repeated-use-of-weak -Wimplicit-retain-self -Wduplicate-method-match -Wno-missing-braces -Wparentheses -Wswitch -Wunused-function -Wno-unused-label -Wunused-parameter -Wunused-variable -Wunused-value -Wempty-body -Wuninitialized -Wconditional-uninitialized -Wno-unknown-pragmas -pedantic -Wshadow -Wno-four-char-constants -Wconversion -Wconstant-conversion -Wint-conversion -Wbool-conversion -Wenum-conversion -Wfloat-conversion -Wnon-literal-null-conversion -Wobjc-literal-conversion -Wassign-enum -Wsign-compare -Wshorten-64-to-32 -Wpointer-sign -Wno-newline-eof -Wno-selector -Wno-strict-selector-match -Wundeclared-selector -Wdeprecated-implementations -Wno-implicit-fallthrough -DDEBUG\=1 -DOBJC_OLD_DISPATCH_PROTOTYPES\=0 -isysroot /Applications/Xcode.app/Contents/Developer/Platforms/iPhoneSimulator.platform/Developer/SDKs/iPhoneSimulator16.0.sdk -fasm-blocks -fstrict-aliasing -Wprotocol -Wdeprecated-declarations -g -Wno-sign-conversion -Winfinite-recursion -Wcomma -Wblock-capture-autoreleasing -Wstrict-prototypes -Wno-semicolon-before-method-body -fobjc-abi-version\=2 -fobjc-legacy-dispatch -iquote /Users/oikhlas/Library/Developer/Xcode/DerivedData/WebDriverAgent-bcmeffsllcldukgyoimwiehwhvyz/Build/Intermediates.noindex/WebDriverAgent.build/Debug-iphonesimulator/WebDriverAgentLib.build/WebDriverAgentLib-generated-files.hmap -I/Users/oikhlas/Library/Developer/Xcode/DerivedData/WebDriverAgent-bcmeffsllcldukgyoimwiehwhvyz/Build/Intermediates.noindex/WebDriverAgent.build/Debug-iphonesimulator/WebDriverAgentLib.build/WebDriverAgentLib-own-target-headers.hmap -I/Users/oikhlas/Library/Developer/Xcode/DerivedData/WebDriverAgent-bcmeffsllcldukgyoimwiehwhvyz/Build/Intermediates.noindex/WebDriverAgent.build/Debug-iphonesimulator/WebDriverAgentLib.build/WebDriverAgentLib-all-target-headers.hmap -iquote /Users/oikhlas/Library/Developer/Xcode/DerivedData/WebDriverAgent-bcmeffsllcldukgyoimwiehwhvyz/Build/Intermediates.noindex/WebDriverAgent.build/Debug-iphonesimulator/WebDriverAgentLib.build/WebDriverAgentLib-project-headers.hmap -I/Users/oikhlas/Library/Developer/Xcode/DerivedData/WebDriverAgent-bcmeffsllcldukgyoimwiehwhvyz/Build/Products/Debug-iphonesimulator/include -I/Applications/Xcode.app/Contents/Developer/Platforms/iPhoneSimulator.platform/Developer/SDKs/iPhoneSimulator16.0.sdk/usr/include/libxml2 -I/Users/oikhlas/.appium/node_modules/appium-xcuitest-driver/node_modules/appium-webdriveragent/Modules -I/Users/oikhlas/Library/Developer/Xcode/DerivedData/WebDriverAgent-bcmeffsllcldukgyoimwiehwhvyz/Build/Intermediates.noindex/WebDriverAgent.build/Debug-iphonesimulator/WebDriverAgentLib.build/DerivedSources-normal/x86_64 -I/Users/oikhlas/Library/Developer/Xcode/DerivedData/WebDriverAgent-bcmeffsllcldukgyoimwiehwhvyz/Build/Intermediates.noindex/WebDriverAgent.build/Debug-iphonesimulator/WebDriverAgentLib.build/DerivedSources/x86_64 -I/Users/oikhlas/Library/Developer/Xcode/DerivedData/WebDriverAgent-bcmeffsllcldukgyoimwiehwhvyz/Build/Intermediates.noindex/WebDriverAgent.build/Debug-iphonesimulator/WebDriverAgentLib.build/DerivedSources -Weverything -Wno-objc-missing-property-synthesis -Wno-unused-macros -Wno-disabled-macro-expansion -Wno-gnu-statement-expression -Wno-language-extension-token -Wno-overriding-method-mismatch -Wno-missing-variable-declarations -Rno-module-build -Wno-auto-import -Wno-objc-interface-ivars -Wno-documentation-unknown-command -Wno-reserved-id-macro -Wno-unused-parameter -Wno-gnu-conditional-omitted-operand -Wno-explicit-ownership-type -Wno-date-time -Wno-cast-align -Wno-cstring-format-directive -Wno-double-promotion -Wno-partial-availability -Weverything -Wno-objc-missing-property-synthesis -Wno-unused-macros -Wno-disabled-macro-expansion -Wno-gnu-statement-expression -Wno-language-extension-token -Wno-overriding-method-mismatch -Wno-missing-variable-declarations -Rno-module-build -Wno-auto-import -Wno-objc-interface-ivars -Wno-documentation-unknown-command -Wno-reserved-id-macro -Wno-unused-parameter -Wno-gnu-conditional-omitted-operand -Wno-explicit-ownership-type -Wno-date-time -Wno-cast-align -Wno-cstring-format-directive -Wno-double-promotion -Wno-partial-availability -Wno-objc-messaging-id -Wno-direct-ivar-access -Wno-cast-qual -Wno-declaration-after-statement -F/Users/oikhlas/Library/Developer/Xcode/DerivedData/WebDriverAgent-bcmeffsllcldukgyoimwiehwhvyz/Build/Products/Debug-iphonesimulator -F/Applications/Xcode.app/Contents/Developer/Platforms/iPhoneSimulator.platform/Developer/Library/Frameworks -F/Applications/Xcode.app/Contents/Developer/Platforms/iPhoneSimulator.platform/Developer/Library/PrivateFrameworks -iframework /Applications/Xcode.app/Contents/Developer/Platforms/iPhoneSimulator.platform/Developer/SDKs/iPhoneSimulator16.0.sdk/Developer/Library/Frameworks -MMD -MT dependencies -MF /Users/oikhlas/Library/Developer/Xcode/DerivedData/WebDriverAgent-bcmeffsllcldukgyoimwiehwhvyz/Build/Intermediates.noindex/WebDriverAgent.build/Debug-iphonesimulator/WebDriverAgentLib.build/Objects-normal/x86_64/FBBaseActionsSynthesizer.d --serialize-diagnostics /Users/oikhlas/Library/Developer/Xcode/DerivedData/WebDriverAgent-bcmeffsllcldukgyoimwiehwhvyz/Build/Intermediates.noindex/WebDriverAgent.build/Debug-iphonesimulator/WebDriverAgentLib.build/Objects-normal/x86_64/FBBaseActionsSynthesizer.dia -c /Users/oikhlas/.appium/node_modules/appium-xcuitest-driver/node_modules/appium-webdriveragent/WebDriverAgentLib/Utilities/FBBaseActionsSynthesizer.m -o /Users/oikhlas/Library/Developer/Xcode/DerivedData/WebDriverAgent-bcmeffsllcldukgyoimwiehwhvyz/Build/Intermediates.noindex/WebDriverAgent.build/Debug-iphonesimulator/WebDriverAgentLib.build/Objects-normal/x86_64/FBBaseActionsSynthesizer.o
&amp#27;[38;5;173m[Xcode]&amp#27;[0m 
&amp#27;[38;5;-42m[XCUITestDriver@9d32 (dbe4db21)]&amp#27;[0m Matched '/status' to command name 'getStatus'
&amp#27;[38;5;-42m[XCUITestDriver@9d32 (dbe4db21)]&amp#27;[0m Proxying [GET /status] to [GET http://127.0.0.1:8100/status] with no body
&amp#27;[38;5;-42m[XCUITestDriver@9d32 (dbe4db21)]&amp#27;[0m connect ECONNREFUSED 127.0.0.1:8100
&amp#27;[38;5;173m[Xcode]&amp#27;[0m 
&amp#27;[38;5;173m[Xcode]&amp#27;[0m CompileC /Users/oikhlas/Library/Developer/Xcode/DerivedData/WebDriverAgent-bcmeffsllcldukgyoimwiehwhvyz/Build/Intermediates.noindex/WebDriverAgent.build/Debug-iphonesimulator/WebDriverAgentLib.build/Objects-normal/x86_64/FBApplication.o /Users/oikhlas/.appium/node_modules/appium-xcuitest-driver/node_modules/appium-webdriveragent/WebDriverAgentLib/FBApplication.m normal x86_64 objective-c com.apple.compilers.llvm.clang.1_0.compiler (in target 'WebDriverAgentLib' from project 'WebDriverAgent')
&amp#27;[38;5;173m[Xcode]&amp#27;[0m     cd /Users/oikhlas/.appium/node_modules/appium-xcuitest-driver/node_modules/appium-webdriveragent
&amp#27;[38;5;173m[Xcode]&amp#27;[0m     /Applications/Xcode.app/Contents/Developer/Toolchains/XcodeDefault.xctoolchain/usr/bin/clang -x objective-c -target x86_64-apple-ios16.0-simulator -fmessage-length\=0 -fdiagnostics-show-note-include-stack -fmacro-backtrace-limit\=0 -std\=gnu99 -fobjc-arc -fmodules -gmodules -fmodules-cache-path\=/Users/oikhlas/Library/Developer/Xcode/DerivedData/ModuleCache.noindex -fmodules-prune-interval\=86400 -fmodules-prune-after\=345600 -fbuild-session-file\=/Users/oikhlas/Library/Developer/Xcode/DerivedData/ModuleCache.noindex/Session.modulevalidation -fmodules-validate-once-per-build-session -Wno-trigraphs -fpascal-strings -O0 -fno-common -Wmissing-field-initializers -Wno-missing-prototypes -Werror\=return-type -Wunreachable-code -Wquoted-include-in-framework-header -Wno-implicit-atomic-properties -Werror\=deprecated-objc-isa-usage -Wno-objc-interface-ivars -Werror\=objc-root-class -Warc-repeated-use-of-weak -Wno-arc-maybe-repeated-use-of-weak -Wimplicit-retain-self -Wduplicate-method-match -Wno-missing-braces -Wparentheses -Wswitch -Wunused-function -Wno-unused-label -Wunused-parameter -Wunused-variable -Wunused-value -Wempty-body -Wuninitialized -Wconditional-uninitialized -Wno-unknown-pragmas -pedantic -Wshadow -Wno-four-char-constants -Wconversion -Wconstant-conversion -Wint-conversion -Wbool-conversion -Wenum-conversion -Wfloat-conversion -Wnon-literal-null-conversion -Wobjc-literal-conversion -Wassign-enum -Wsign-compare -Wshorten-64-to-32 -Wpointer-sign -Wno-newline-eof -Wno-selector -Wno-strict-selector-match -Wundeclared-selector -Wdeprecated-implementations -Wno-implicit-fallthrough -DDEBUG\=1 -DOBJC_OLD_DISPATCH_PROTOTYPES\=0 -isysroot /Applications/Xcode.app/Contents/Developer/Platforms/iPhoneSimulator.platform/Developer/SDKs/iPhoneSimulator16.0.sdk -fasm-blocks -fstrict-aliasing -Wprotocol -Wdeprecated-declarations -g -Wno-sign-conversion -Winfinite-recursion -Wcomma -Wblock-capture-autoreleasing -Wstrict-prototypes -Wno-semicolon-before-method-body -fobjc-abi-version\=2 -fobjc-legacy-dispatch -iquote /Users/oikhlas/Library/Developer/Xcode/DerivedData/WebDriverAgent-bcmeffsllcldukgyoimwiehwhvyz/Build/Intermediates.noindex/WebDriverAgent.build/Debug-iphonesimulator/WebDriverAgentLib.build/WebDriverAgentLib-generated-files.hmap -I/Users/oikhlas/Library/Developer/Xcode/DerivedData/WebDriverAgent-bcmeffsllcldukgyoimwiehwhvyz/Build/Intermediates.noindex/WebDriverAgent.build/Debug-iphonesimulator/WebDriverAgentLib.build/WebDriverAgentLib-own-target-headers.hmap -I/Users/oikhlas/Library/Developer/Xcode/DerivedData/WebDriverAgent-bcmeffsllcldukgyoimwiehwhvyz/Build/Intermediates.noindex/WebDriverAgent.build/Debug-iphonesimulator/WebDriverAgentLib.build/WebDriverAgentLib-all-target-headers.hmap -iquote /Users/oikhlas/Library/Developer/Xcode/DerivedData/WebDriverAgent-bcmeffsllcldukgyoimwiehwhvyz/Build/Intermediates.noindex/WebDriverAgent.build/Debug-iphonesimulator/WebDriverAgentLib.build/WebDriverAgentLib-project-headers.hmap -I/Users/oikhlas/Library/Developer/Xcode/DerivedData/WebDriverAgent-bcmeffsllcldukgyoimwiehwhvyz/Build/Products/Debug-iphonesimulator/include -I/Applications/Xcode.app/Contents/Developer/Platforms/iPhoneSimulator.platform/Developer/SDKs/iPhoneSimulator16.0.sdk/usr/include/libxml2 -I/Users/oikhlas/.appium/node_modules/appium-xcuitest-driver/node_modules/appium-webdriveragent/Modules -I/Users/oikhlas/Library/Developer/Xcode/DerivedData/WebDriverAgent-bcmeffsllcldukgyoimwiehwhvyz/Build/Intermediates.noindex/WebDriverAgent.build/Debug-iphonesimulator/WebDriverAgentLib.build/DerivedSources-normal/x86_64 -I/Users/oikhlas/Library/Developer/Xcode/DerivedData/WebDriverAgent-bcmeffsllcldukgyoimwiehwhvyz/Build/Intermediates.noindex/WebDriverAgent.build/Debug-iphonesimulator/WebDriverAgentLib.build/DerivedSources/x86_64 -I/Users/oikhlas/Library/Developer/Xcode/DerivedData/WebDriverAgent-bcmeffsllcldukgyoimwiehwhvyz/Build/Intermediates.noindex/WebDriverAgent.build/Debug-iphonesimulator/WebDriverAgentLib.build/DerivedSources -Weverything -Wno-objc-missing-property-synthesis -Wno-unused-macros -Wno-disabled-macro-expansion -Wno-gnu-statement-expression -Wno-language-extension-token -Wno-overriding-method-mismatch -Wno-missing-variable-declarations -Rno-module-build -Wno-auto-import -Wno-objc-interface-ivars -Wno-documentation-unknown-command -Wno-reserved-id-macro -Wno-unused-parameter -Wno-gnu-conditional-omitted-operand -Wno-explicit-ownership-type -Wno-date-time -Wno-cast-align -Wno-cstring-format-directive -Wno-double-promotion -Wno-partial-availability -Weverything -Wno-objc-missing-property-synthesis -Wno-unused-macros -Wno-disabled-macro-expansion -Wno-gnu-statement-expression -Wno-language-extension-token -Wno-overriding-method-mismatch -Wno-missing-variable-declarations -Rno-module-build -Wno-auto-import -Wno-objc-interface-ivars -Wno-documentation-unknown-command -Wno-reserved-id-macro -Wno-unused-parameter -Wno-gnu-conditional-omitted-operand -Wno-explicit-ownership-type -Wno-date-time -Wno-cast-align -Wno-cstring-format-directive -Wno-double-promotion -Wno-partial-availability -Wno-objc-messaging-id -Wno-direct-ivar-access -Wno-cast-qual -Wno-declaration-after-statement -F/Users/oikhlas/Library/Developer/Xcode/DerivedData/WebDriverAgent-bcmeffsllcldukgyoimwiehwhvyz/Build/Products/Debug-iphonesimulator -F/Applications/Xcode.app/Contents/Developer/Platforms/iPhoneSimulator.platform/Developer/Library/Frameworks -F/Applications/Xcode.app/Contents/Developer/Platforms/iPhoneSimulator.platform/Developer/Library/PrivateFrameworks -iframework /Applications/Xcode.app/Contents/Developer/Platforms/iPhoneSimulator.platform/Developer/SDKs/iPhoneSimulator16.0.sdk/Developer/Library/Frameworks -MMD -MT dependencies -MF /Users/oikhlas/Library/Developer/Xcode/DerivedData/WebDriverAgent-bcmeffsllcldukgyoimwiehwhvyz/Build/Intermediates.noindex/WebDriverAgent.build/Debug-iphonesimulator/WebDriverAgentLib.build/Objects-normal/x86_64/FBApplication.d --serialize-diagnostics /Users/oikhlas/Library/Developer/Xcode/DerivedData/WebDriverAgent-bcmeffsllcldukgyoimwiehwhvyz/Build/Intermediates.noindex/WebDriverAgent.build/Debug-iphonesimulator/WebDriverAgentLib.build/Objects-normal/x86_64/FBApplication.dia -c /Users/oikhlas/.appium/node_modules/appium-xcuitest-driver/node_modules/appium-webdriveragent/WebDriverAgentLib/FBApplication.m -o /Users/oikhlas/Library/Developer/Xcode/DerivedData/WebDriverAgent-bcmeffsllcldukgyoimwiehwhvyz/Build/Intermediates.noindex/WebDriverAgent.build/Debug-iphonesimulator/WebDriverAgentLib.build/Objects-normal/x86_64/FBApplication.o
&amp#27;[38;5;173m[Xcode]&amp#27;[0m 
&amp#27;[38;5;173m[Xcode]&amp#27;[0m 2024-11-05 15:48:04.474 xcodebuild[20643:209611]  DVTDownloadable: Unexpected error attempting to parse downloadable from index: Error Domain=DVTDownloadableErrors Code=16 "Unable to read in downloadable data. See underlying errors for details." UserInfo={DownloadablePlist={
&amp#27;[38;5;173m[Xcode]&amp#27;[0m     authentication = virtual;
&amp#27;[38;5;173m[Xcode]&amp#27;[0m     category = simulator;
&amp#27;[38;5;173m[Xcode]&amp#27;[0m     contentType = diskImage;
&amp#27;[38;5;173m[Xcode]&amp#27;[0m     dictionaryVersion = 2;
&amp#27;[38;5;173m[Xcode]&amp#27;[0m     fileSize = 6930650472;
&amp#27;[38;5;173m[Xcode]&amp#27;[0m     identifier = "com.apple.dmg.xrSimulatorSDK1_2";
&amp#27;[38;5;173m[Xcode]&amp#27;[0m     name = "visionOS 1.2 Simulator Runtime";
&amp#27;[38;5;173m[Xcode]&amp#27;[0m     platform = "com.apple.platform.xros";
&amp#27;[38;5;173m[Xcode]&amp#27;[0m     simulatorVersion =     {
&amp#27;[38;5;173m[Xcode]&amp#27;[0m         buildUpdate = 21O5565d;
&amp#27;[38;5;173m[Xcode]&amp#27;[0m         version = "1.2";
&amp#27;[38;5;173m[Xcode]&amp#27;[0m     };
&amp#27;[38;5;173m[Xcode]&amp#27;[0m     source = "https://download.developer.apple.com/Developer_Tools/visionOS_1.2_Simulator_Runtime/visionOS_1.2_Simulator_Runtime.dmg";
&amp#27;[38;5;173m[Xcode]&amp#27;[0m     version = "1.2.0.0";
&amp#27;[38;5;173m[Xcode]&amp#27;[0m }, NSLocalizedDescription=Unable to read in downloadable data. See underlying errors for details., DVTUnderlyingErrorsKey=(
&amp#27;[38;5;173m[Xcode]&amp#27;[0m     "Error Domain=DVTDownloadableErrors Code=23 \"'com.apple.platform.xros' is an unknown platform identifier.\" UserInfo={NSLocalizedDescription='com.apple.platform.xros' is an unknown platform identifier.}"
&amp#27;[38;5;173m[Xcode]&amp#27;[0m )}
&amp#27;[38;5;173m[Xcode]&amp#27;[0m 
&amp#27;[38;5;173m[Xcode]&amp#27;[0m 2024-11-05 15:48:04.476 xcodebuild[20643:209611]  DVTDownloadable: Unexpected error attempting to parse downloadable from index: Error Domain=DVTDownloadableErrors Code=16 "Unable to read in downloadable data. See underlying errors for details." UserInfo={DownloadablePlist={
&amp#27;[38;5;173m[Xcode]&amp#27;[0m     category = simulator;
&amp#27;[38;5;173m[Xcode]&amp#27;[0m     contentType = cryptexDiskImage;
&amp#27;[38;5;173m[Xcode]&amp#27;[0m     dictionaryVersion = 2;
&amp#27;[38;5;173m[Xcode]&amp#27;[0m     downloadMethod = mobileAsset;
&amp#27;[38;5;173m[Xcode]&amp#27;[0m     fileSize = 8455760175;
&amp#27;[38;5;173m[Xcode]&amp#27;[0m     identifier = "com.apple.dmg.iPhoneSimulatorSDK18_0_b1";
&amp#27;[38;5;173m[Xcode]&amp#27;[0m     name = "iOS 18.0 beta Simulator Runtime";
&amp#27;[38;5;173m[Xcode]&amp#27;[0m     platform = "com.apple.platform.iphoneos";
&amp#27;[38;5;173m[Xcode]&amp#27;[0m     simulatorVersion =     {
&amp#27;[38;5;173m[Xcode]&amp#27;[0m         buildUpdate = 22A5282m;
&amp#27;[38;5;173m[Xcode]&amp#27;[0m         version = "18.0";
&amp#27;[38;5;173m[Xcode]&amp#27;[0m     };
&amp#27;[38;5;173m[Xcode]&amp#27;[0m     version = "18.0.0.1";
&amp#27;[38;5;173m[Xcode]&amp#27;[0m }, NSLocalizedDescription=Unable to read in downloadable data. See underlying errors for details., DVTUnderlyingErrorsKey=(
&amp#27;[38;5;173m[Xcode]&amp#27;[0m     "Error Domain=DVTDownloadableErrors Code=27 \"'cryptexDiskImage' is an unknown content type.\" UserInfo={NSLocalizedDescription='cryptexDiskImage' is an unknown content type.}"
&amp#27;[38;5;173m[Xcode]&amp#27;[0m )}
&amp#27;[38;5;173m[Xcode]&amp#27;[0m 
&amp#27;[38;5;173m[Xcode]&amp#27;[0m 2024-11-05 15:48:04.476 xcodebuild[20643:209611]  DVTDownloadable: Unexpected error attempting to parse downloadable from index: Error Domain=DVTDownloadableErrors Code=16 "Unable to read in downloadable data. See underlying errors for details." UserInfo={DownloadablePlist={
&amp#27;[38;5;173m[Xcode]&amp#27;[0m     category = simulator;
&amp#27;[38;5;173m[Xcode]&amp#27;[0m     contentType = cryptexDiskImage;
&amp#27;[38;5;173m[Xcode]&amp#27;[0m     dictionaryVersion = 2;
&amp#27;[38;5;173m[Xcode]&amp#27;[0m     downloadMethod = mobileAsset;
&amp#27;[38;5;173m[Xcode]&amp#27;[0m     fileSize = 4160787106;
&amp#27;[38;5;173m[Xcode]&amp#27;[0m     identifier = "com.apple.dmg.AppleTVSimulatorSDK18_0_b1";
&amp#27;[38;5;173m[Xcode]&amp#27;[0m     name = "tvOS 18.0 beta Simulator Runtime";
&amp#27;[38;5;173m[Xcode]&amp#27;[0m     platform = "com.apple.platform.appletvos";
&amp#27;[38;5;173m[Xcode]&amp#27;[0m     simulatorVersion =     {
&amp#27;[38;5;173m[Xcode]&amp#27;[0m         buildUpdate = 22J5290l;
&amp#27;[38;5;173m[Xcode]&amp#27;[0m         version = "18.0";
&amp#27;[38;5;173m[Xcode]&amp#27;[0m     };
&amp#27;[38;5;173m[Xcode]&amp#27;[0m     version = "18.0.0.1";
&amp#27;[38;5;173m[Xcode]&amp#27;[0m }, NSLocalizedDescription=Unable to read in downloadable data. See underlying errors for details., DVTUnderlyingErrorsKey=(
&amp#27;[38;5;173m[Xcode]&amp#27;[0m     "Error Domain=DVTDownloadableErrors Code=27 \"'cryptexDiskImage' is an unknown content type.\" UserInfo={NSLocalizedDescription='cryptexDiskImage' is an unknown content type.}"
&amp#27;[38;5;173m[Xcode]&amp#27;[0m )}
&amp#27;[38;5;173m[Xcode]&amp#27;[0m 
&amp#27;[38;5;173m[Xcode]&amp#27;[0m 2024-11-05 15:48:04.478 xcodebuild[20643:209611]  DVTDownloadable: Unexpected error attempting to parse downloadable from index: Error Domain=DVTDownloadableErrors Code=16 "Unable to read in downloadable data. See underlying errors for details." UserInfo={DownloadablePlist={
&amp#27;[38;5;173m[Xcode]&amp#27;[0m     category = simulator;
&amp#27;[38;5;173m[Xcode]&amp#27;[0m     contentType = cryptexDiskImage;
&amp#27;[38;5;173m[Xcode]&amp#27;[0m     dictionaryVersion = 2;
&amp#27;[38;5;173m[Xcode]&amp#27;[0m     downloadMethod = mobileAsset;
&amp#27;[38;5;173m[Xcode]&amp#27;[0m     fileSize = 8187324743;
&amp#27;[38;5;173m[Xcode]&amp#27;[0m     identifier = "com.apple.dmg.xrSimulatorSDK2_0_b1";
&amp#27;[38;5;173m[Xcode]&amp#27;[0m     name = "visionOS 2.0 beta Simulator Runtime";
&amp#27;[38;5;173m[Xcode]&amp#27;[0m     platform = "com.apple.platform.xros";
&amp#27;[38;5;173m[Xcode]&amp#27;[0m     simulatorVersion =     {
&amp#27;[38;5;173m[Xcode]&amp#27;[0m         buildUpdate = 22N5252m;
&amp#27;[38;5;173m[Xcode]&amp#27;[0m         version = "2.0";
&amp#27;[38;5;173m[Xcode]&amp#27;[0m     };
&amp#27;[38;5;173m[Xcode]&amp#27;[0m     version = "2.0.0.1";
&amp#27;[38;5;173m[Xcode]&amp#27;[0m }, NSLocalizedDescription=Unable to read in downloadable data. See underlying errors for details., DVTUnderlyingErrorsKey=(
&amp#27;[38;5;173m[Xcode]&amp#27;[0m     "Error Domain=DVTDownloadableErrors Code=27 \"'cryptexDiskImage' is an unknown content type.\" UserInfo={NSLocalizedDescription='cryptexDiskImage' is an unknown content type.}",
&amp#27;[38;5;173m[Xcode]&amp#27;[0m     "Error Domain=DVTDownloadableErrors Code=23 \"'com.apple.platform.xros' is an unknown platform identifier.\" UserInfo={NSLocalizedDescription='com.apple.platform.xros' is an unknown platform identifier.}"
&amp#27;[38;5;173m[Xcode]&amp#27;[0m )}
&amp#27;[38;5;173m[Xcode]&amp#27;[0m 
&amp#27;[38;5;173m[Xcode]&amp#27;[0m 2024-11-05 15:48:04.478 xcodebuild[20643:209611]  DVTDownloadable: Unexpected error attempting to parse downloadable from index: Error Domain=DVTDownloadableErrors Code=16 "Unable to read in downloadable data. See underlying errors for details." UserInfo={DownloadablePlist={
&amp#27;[38;5;173m[Xcode]&amp#27;[0m     category = simulator;
&amp#27;[38;5;173m[Xcode]&amp#27;[0m     contentType = cryptexDiskImage;
&amp#27;[38;5;173m[Xcode]&amp#27;[0m     dictionaryVersion = 2;
&amp#27;[38;5;173m[Xcode]&amp#27;[0m     downloadMethod = mobileAsset;
&amp#27;[38;5;173m[Xcode]&amp#27;[0m     fileSize = 4227895988;
&amp#27;[38;5;173m[Xcode]&amp#27;[0m     identifier = "com.apple.dmg.WatchSimulatorSDK11_0_b1";
&amp#27;[38;5;173m[Xcode]&amp#27;[0m     name = "watchOS 11.0 beta Simulator Runtime";
&amp#27;[38;5;173m[Xcode]&amp#27;[0m     platform = "com.apple.platform.watchos";
&amp#27;[38;5;173m[Xcode]&amp#27;[0m     simulatorVersion =     {
&amp#27;[38;5;173m[Xcode]&amp#27;[0m         buildUpdate = 22R5284o;
&amp#27;[38;5;173m[Xcode]&amp#27;[0m         version = "11.0";
&amp#27;[38;5;173m[Xcode]&amp#27;[0m     };
&amp#27;[38;5;173m[Xcode]&amp#27;[0m     version = "11.0.0.1";
&amp#27;[38;5;173m[Xcode]&amp#27;[0m }, NSLocalizedDescription=Unable to read in downloadable data. See underlying errors for details., DVTUnderlyingErrorsKey=(
&amp#27;[38;5;173m[Xcode]&amp#27;[0m     "Error Domain=DVTDownloadableErrors Code=27 \"'cryptexDiskImage' is an unknown content type.\" UserInfo={NSLocalizedDescription='cryptexDiskImage' is an unknown content type.}"
&amp#27;[38;5;173m[Xcode]&amp#27;[0m )}
&amp#27;[38;5;173m[Xcode]&amp#27;[0m 2024-11-05 15:48:04.478 xcodebuild[20643:209611]  DVTDownloadable: Unexpected error attempting to parse downloadable from index: Error Domain=DVTDownloadableErrors Code=16 "Unable to read in downloadable data. See underlying errors for details." UserInfo={DownloadablePlist={
&amp#27;[38;5;173m[Xcode]&amp#27;[0m     category = simulator;
&amp#27;[38;5;173m[Xcode]&amp#27;[0m     contentType = cryptexDiskImage;
&amp#27;[38;5;173m[Xcode]&amp#27;[0m     dictionaryVersion = 2;
&amp#27;[38;5;173m[Xcode]&amp#27;[0m     downloadMethod = mobileAsset;
&amp#27;[38;5;173m[Xcode]&amp#27;[0m     fileSize = 8254433558;
&amp#27;[38;5;173m[Xcode]&amp#27;[0m     identifier = "com.apple.dmg.iPhoneSimulatorSDK18_0_b2";
&amp#27;[38;5;173m[Xcode]&amp#27;[0m     name = "iOS 18.0 beta 2 Simulator Runtime";
&amp#27;[38;5;173m[Xcode]&amp#27;[0m     platform = "com.apple.platform.iphoneos";
&amp#27;[38;5;173m[Xcode]&amp#27;[0m     simulatorVersion =     {
&amp#27;[38;5;173m[Xcode]&amp#27;[0m         buildUpdate = 22A5297f;
&amp#27;[38;5;173m[Xcode]&amp#27;[0m         version = "18.0";
&amp#27;[38;5;173m[Xcode]&amp#27;[0m     };
&amp#27;[38;5;173m[Xcode]&amp#27;[0m     version = "18.0.0.2";
&amp#27;[38;5;173m[Xcode]&amp#27;[0m }, NSLocalizedDescription=Unable to read in downloadable data. See underlying errors for details., DVTUnderlyingErrorsKey=(
&amp#27;[38;5;173m[Xcode]&amp#27;[0m     "Error Domain=DVTDownloadableErrors Code=27 \"'cryptexDiskImage' is an unknown content type.\" UserInfo={NSLocalizedDescription='cryptexDiskImage' is an unknown content type.}"
&amp#27;[38;5;173m[Xcode]&amp#27;[0m )}
&amp#27;[38;5;173m[Xcode]&amp#27;[0m 
&amp#27;[38;5;173m[Xcode]&amp#27;[0m 2024-11-05 15:48:04.480 xcodebuild[20643:209611]  DVTDownloadable: Unexpected error attempting to parse downloadable from index: Error Domain=DVTDownloadableErrors Code=16 "Unable to read in downloadable data. See underlying errors for details." UserInfo={DownloadablePlist={
&amp#27;[38;5;173m[Xcode]&amp#27;[0m     category = simulator;
&amp#27;[38;5;173m[Xcode]&amp#27;[0m     contentType = cryptexDiskImage;
&amp#27;[38;5;173m[Xcode]&amp#27;[0m     dictionaryVersion = 2;
&amp#27;[38;5;173m[Xcode]&amp#27;[0m     downloadMethod = mobileAsset;
&amp#27;[38;5;173m[Xcode]&amp#27;[0m     fileSize = 4295004853;
&amp#27;[38;5;173m[Xcode]&amp#27;[0m     identifier = "com.apple.dmg.AppleTVSimulatorSDK18_0_b2";
&amp#27;[38;5;173m[Xcode]&amp#27;[0m     name = "tvOS 18.0 beta 2 Simulator Runtime";
&amp#27;[38;5;173m[Xcode]&amp#27;[0m     platform = "com.apple.platform.appletvos";
&amp#27;[38;5;173m[Xcode]&amp#27;[0m     simulatorVersion =     {
&amp#27;[38;5;173m[Xcode]&amp#27;[0m         buildUpdate = 22J5305e;
&amp#27;[38;5;173m[Xcode]&amp#27;[0m         version = "18.0";
&amp#27;[38;5;173m[Xcode]&amp#27;[0m     };
&amp#27;[38;5;173m[Xcode]&amp#27;[0m     version = "18.0.0.2";
&amp#27;[38;5;173m[Xcode]&amp#27;[0m }, NSLocalizedDescription=Unable to read in downloadable data. See underlying errors for details., DVTUnderlyingErrorsKey=(
&amp#27;[38;5;173m[Xcode]&amp#27;[0m     "Error Domain=DVTDownloadableErrors Code=27 \"'cryptexDiskImage' is an unknown content type.\" UserInfo={NSLocalizedDescription='cryptexDiskImage' is an unknown content type.}"
&amp#27;[38;5;173m[Xcode]&amp#27;[0m )}
&amp#27;[38;5;173m[Xcode]&amp#27;[0m 
&amp#27;[38;5;173m[Xcode]&amp#27;[0m 
&amp#27;[38;5;173m[Xcode]&amp#27;[0m 
&amp#27;[38;5;173m[Xcode]&amp#27;[0m CompileC /Users/oikhlas/Library/Developer/Xcode/DerivedData/WebDriverAgent-bcmeffsllcldukgyoimwiehwhvyz/Build/Intermediates.noindex/WebDriverAgent.build/Debug-iphonesimulator/WebDriverAgentLib.build/Objects-normal/x86_64/FBAppiumActionsSynthesizer.o /Users/oikhlas/.appium/node_modules/appium-xcuitest-driver/node_modules/appium-webdriveragent/WebDriverAgentLib/Utilities/FBAppiumActionsSynthesizer.m normal x86_64 objective-c com.apple.compilers.llvm.clang.1_0.compiler (in target 'WebDriverAgentLib' from project 'WebDriverAgent')
&amp#27;[38;5;173m[Xcode]&amp#27;[0m     cd /Users/oikhlas/.appium/node_modules/appium-xcuitest-driver/node_modules/appium-webdriveragent
&amp#27;[38;5;173m[Xcode]&amp#27;[0m     /Applications/Xcode.app/Contents/Developer/Toolchains/XcodeDefault.xctoolchain/usr/bin/clang -x objective-c -target x86_64-apple-ios16.0-simulator -fmessage-length\=0 -fdiagnostics-show-note-include-stack -fmacro-backtrace-limit\=0 -std\=gnu99 -fobjc-arc -fmodules -gmodules -fmodules-cache-path\=/Users/oikhlas/Library/Developer/Xcode/DerivedData/ModuleCache.noindex -fmodules-prune-interval\=86400 -fmodules-prune-after\=345600 -fbuild-session-file\=/Users/oikhlas/Library/Developer/Xcode/DerivedData/ModuleCache.noindex/Session.modulevalidation -fmodules-validate-once-per-build-session -Wno-trigraphs -fpascal-strings -O0 -fno-common -Wmissing-field-initializers -Wno-missing-prototypes -Werror\=return-type -Wunreachable-code -Wquoted-include-in-framework-header -Wno-implicit-atomic-properties -Werror\=deprecated-objc-isa-usage -Wno-objc-interface-ivars -Werror\=objc-root-class -Warc-repeated-use-of-weak -Wno-arc-maybe-repeated-use-of-weak -Wimplicit-retain-self -Wduplicate-method-match -Wno-missing-braces -Wparentheses -Wswitch -Wunused-function -Wno-unused-label -Wunused-parameter -Wunused-variable -Wunused-value -Wempty-body -Wuninitialized -Wconditional-uninitialized -Wno-unknown-pragmas -pedantic -Wshadow -Wno-four-char-constants -Wconversion -Wconstant-conversion -Wint-conversion -Wbool-conversion -Wenum-conversion -Wfloat-conversion -Wnon-literal-null-conversion -Wobjc-literal-conversion -Wassign-enum -Wsign-compare -Wshorten-64-to-32 -Wpointer-sign -Wno-newline-eof -Wno-selector -Wno-strict-selector-match -Wundeclared-selector -Wdeprecated-implementations -Wno-implicit-fallthrough -DDEBUG\=1 -DOBJC_OLD_DISPATCH_PROTOTYPES\=0 -isysroot /Applications/Xcode.app/Contents/Developer/Platforms/iPhoneSimulator.platform/Developer/SDKs/iPhoneSimulator16.0.sdk -fasm-blocks -fstrict-aliasing -Wprotocol -Wdeprecated-declarations -g -Wno-sign-conversion -Winfinite-recursion -Wcomma -Wblock-capture-autoreleasing -Wstrict-prototypes -Wno-semicolon-before-method-body -fobjc-abi-version\=2 -fobjc-legacy-dispatch -iquote /Users/oikhlas/Library/Developer/Xcode/DerivedData/WebDriverAgent-bcmeffsllcldukgyoimwiehwhvyz/Build/Intermediates.noindex/WebDriverAgent.build/Debug-iphonesimulator/WebDriverAgentLib.build/WebDriverAgentLib-generated-files.hmap -I/Users/oikhlas/Library/Developer/Xcode/DerivedData/WebDriverAgent-bcmeffsllcldukgyoimwiehwhvyz/Build/Intermediates.noindex/WebDriverAgent.build/Debug-iphonesimulator/WebDriverAgentLib.build/WebDriverAgentLib-own-target-headers.hmap -I/Users/oikhlas/Library/Developer/Xcode/DerivedData/WebDriverAgent-bcmeffsllcldukgyoimwiehwhvyz/Build/Intermediates.noindex/WebDriverAgent.build/Debug-iphonesimulator/WebDriverAgentLib.build/WebDriverAgentLib-all-target-headers.hmap -iquote /Users/oikhlas/Library/Developer/Xcode/DerivedData/WebDriverAgent-bcmeffsllcldukgyoimwiehwhvyz/Build/Intermediates.noindex/WebDriverAgent.build/Debug-iphonesimulator/WebDriverAgentLib.build/WebDriverAgentLib-project-headers.hmap -I/Users/oikhlas/Library/Developer/Xcode/DerivedData/WebDriverAgent-bcmeffsllcldukgyoimwiehwhvyz/Build/Products/Debug-iphonesimulator/include -I/Applications/Xcode.app/Contents/Developer/Platforms/iPhoneSimulator.platform/Developer/SDKs/iPhoneSimulator16.0.sdk/usr/include/libxml2 -I/Users/oikhlas/.appium/node_modules/appium-xcuitest-driver/node_modules/appium-webdriveragent/Modules -I/Users/oikhlas/Library/Developer/Xcode/DerivedData/WebDriverAgent-bcmeffsllcldukgyoimwiehwhvyz/Build/Intermediates.noindex/WebDriverAgent.build/Debug-iphonesimulator/WebDriverAgentLib.build/DerivedSources-normal/x86_64 -I/Users/oikhlas/Library/Developer/Xcode/DerivedData/WebDriverAgent-bcmeffsllcldukgyoimwiehwhvyz/Build/Intermediates.noindex/WebDriverAgent.build/Debug-iphonesimulator/WebDriverAgentLib.build/DerivedSources/x86_64 -I/Users/oikhlas/Library/Developer/Xcode/DerivedData/WebDriverAgent-bcmeffsllcldukgyoimwiehwhvyz/Build/Intermediates.noindex/WebDriverAgent.build/Debug-iphonesimulator/WebDriverAgentLib.build/DerivedSources -Weverything -Wno-objc-missing-property-synthesis -Wno-unused-macros -Wno-disabled-macro-expansion -Wno-gnu-statement-expression -Wno-language-extension-token -Wno-overriding-method-mismatch -Wno-missing-variable-declarations -Rno-module-build -Wno-auto-import -Wno-objc-interface-ivars -Wno-documentation-unknown-command -Wno-reserved-id-macro -Wno-unused-parameter -Wno-gnu-conditional-omitted-operand -Wno-explicit-ownership-type -Wno-date-time -Wno-cast-align -Wno-cstring-format-directive -Wno-double-promotion -Wno-partial-availability -Weverything -Wno-objc-missing-property-synthesis -Wno-unused-macros -Wno-disabled-macro-expansion -Wno-gnu-statement-expression -Wno-language-extension-token -Wno-overriding-method-mismatch -Wno-missing-variable-declarations -Rno-module-build -Wno-auto-import -Wno-objc-interface-ivars -Wno-documentation-unknown-command -Wno-reserved-id-macro -Wno-unused-parameter -Wno-gnu-conditional-omitted-operand -Wno-explicit-ownership-type -Wno-date-time -Wno-cast-align -Wno-cstring-format-directive -Wno-double-promotion -Wno-partial-availability -Wno-objc-messaging-id -Wno-direct-ivar-access -Wno-cast-qual -Wno-declaration-after-statement -F/Users/oikhlas/Library/Developer/Xcode/DerivedData/WebDriverAgent-bcmeffsllcldukgyoimwiehwhvyz/Build/Products/Debug-iphonesimulator -F/Applications/Xcode.app/Contents/Developer/Platforms/iPhoneSimulator.platform/Developer/Library/Frameworks -F/Applications/Xcode.app/Contents/Developer/Platforms/iPhoneSimulator.platform/Developer/Library/PrivateFrameworks -iframework /Applications/Xcode.app/Contents/Developer/Platforms/iPhoneSimulator.platform/Developer/SDKs/iPhoneSimulator16.0.sdk/Developer/Library/Frameworks -MMD -MT dependencies -MF /Users/oikhlas/Library/Developer/Xcode/DerivedData/WebDriverAgent-bcmeffsllcldukgyoimwiehwhvyz/Build/Intermediates.noindex/WebDriverAgent.build/Debug-iphonesimulator/WebDriverAgentLib.build/Objects-normal/x86_64/FBAppiumActionsSynthesizer.d --serialize-diagnostics /Users/oikhlas/Library/Developer/Xcode/DerivedData/WebDriverAgent-bcmeffsllcldukgyoimwiehwhvyz/Build/Intermediates.noindex/WebDriverAgent.build/Debug-iphonesimulator/WebDriverAgentLib.build/Objects-normal/x86_64/FBAppiumActionsSynthesizer.dia -c /Users/oikhlas/.appium/node_modules/appium-xcuitest-driver/node_modules/appium-webdriveragent/WebDriverAgentLib/Utilities/FBAppiumActionsSynthesizer.m -o /Users/oikhlas/Library/Developer/Xcode/DerivedData/WebDriverAgent-bcmeffsllcldukgyoimwiehwhvyz/Build/Intermediates.noindex/WebDriverAgent.build/Debug-iphonesimulator/WebDriverAgentLib.build/Objects-normal/x86_64/FBAppiumActionsSynthesizer.o
&amp#27;[38;5;173m[Xcode]&amp#27;[0m 
&amp#27;[38;5;173m[Xcode]&amp#27;[0m 
&amp#27;[38;5;173m[Xcode]&amp#27;[0m 
&amp#27;[38;5;173m[Xcode]&amp#27;[0m CompileC /Users/oikhlas/Library/Developer/Xcode/DerivedData/WebDriverAgent-bcmeffsllcldukgyoimwiehwhvyz/Build/Intermediates.noindex/WebDriverAgent.build/Debug-iphonesimulator/WebDriverAgentLib.build/Objects-normal/x86_64/FBAlertsMonitor.o /Users/oikhlas/.appium/node_modules/appium-xcuitest-driver/node_modules/appium-webdriveragent/WebDriverAgentLib/Utilities/FBAlertsMonitor.m normal x86_64 objective-c com.apple.compilers.llvm.clang.1_0.compiler (in target 'WebDriverAgentLib' from project 'WebDriverAgent')
&amp#27;[38;5;173m[Xcode]&amp#27;[0m     cd /Users/oikhlas/.appium/node_modules/appium-xcuitest-driver/node_modules/appium-webdriveragent
&amp#27;[38;5;173m[Xcode]&amp#27;[0m     /Applications/Xcode.app/Contents/Developer/Toolchains/XcodeDefault.xctoolchain/usr/bin/clang -x objective-c -target x86_64-apple-ios16.0-simulator -fmessage-length\=0 -fdiagnostics-show-note-include-stack -fmacro-backtrace-limit\=0 -std\=gnu99 -fobjc-arc -fmodules -gmodules -fmodules-cache-path\=/Users/oikhlas/Library/Developer/Xcode/DerivedData/ModuleCache.noindex -fmodules-prune-interval\=86400 -fmodules-prune-after\=345600 -fbuild-session-file\=/Users/oikhlas/Library/Developer/Xcode/DerivedData/ModuleCache.noindex/Session.modulevalidation -fmodules-validate-once-per-build-session -Wno-trigraphs -fpascal-strings -O0 -fno-common -Wmissing-field-initializers -Wno-missing-prototypes -Werror\=return-type -Wunreachable-code -Wquoted-include-in-framework-header -Wno-implicit-atomic-properties -Werror\=deprecated-objc-isa-usage -Wno-objc-interface-ivars -Werror\=objc-root-class -Warc-repeated-use-of-weak -Wno-arc-maybe-repeated-use-of-weak -Wimplicit-retain-self -Wduplicate-method-match -Wno-missing-braces -Wparentheses -Wswitch -Wunused-function -Wno-unused-label -Wunused-parameter -Wunused-variable -Wunused-value -Wempty-body -Wuninitialized -Wconditional-uninitialized -Wno-unknown-pragmas -pedantic -Wshadow -Wno-four-char-constants -Wconversion -Wconstant-conversion -Wint-conversion -Wbool-conversion -Wenum-conversion -Wfloat-conversion -Wnon-literal-null-conversion -Wobjc-literal-conversion -Wassign-enum -Wsign-compare -Wshorten-64-to-32 -Wpointer-sign -Wno-newline-eof -Wno-selector -Wno-strict-selector-match -Wundeclared-selector -Wdeprecated-implementations -Wno-implicit-fallthrough -DDEBUG\=1 -DOBJC_OLD_DISPATCH_PROTOTYPES\=0 -isysroot /Applications/Xcode.app/Contents/Developer/Platforms/iPhoneSimulator.platform/Developer/SDKs/iPhoneSimulator16.0.sdk -fasm-blocks -fstrict-aliasing -Wprotocol -Wdeprecated-declarations -g -Wno-sign-conversion -Winfinite-recursion -Wcomma -Wblock-capture-autoreleasing -Wstrict-prototypes -Wno-semicolon-before-method-body -fobjc-abi-version\=2 -fobjc-legacy-dispatch -iquote /Users/oikhlas/Library/Developer/Xcode/DerivedData/WebDriverAgent-bcmeffsllcldukgyoimwiehwhvyz/Build/Intermediates.noindex/WebDriverAgent.build/Debug-iphonesimulator/WebDriverAgentLib.build/WebDriverAgentLib-generated-files.hmap -I/Users/oikhlas/Library/Developer/Xcode/DerivedData/WebDriverAgent-bcmeffsllcldukgyoimwiehwhvyz/Build/Intermediates.noindex/WebDriverAgent.build/Debug-iphonesimulator/WebDriverAgentLib.build/WebDriverAgentLib-own-target-headers.hmap -I/Users/oikhlas/Library/Developer/Xcode/DerivedData/WebDriverAgent-bcmeffsllcldukgyoimwiehwhvyz/Build/Intermediates.noindex/WebDriverAgent.build/Debug-iphonesimulator/WebDriverAgentLib.build/WebDriverAgentLib-all-target-headers.hmap -iquote /Users/oikhlas/Library/Developer/Xcode/DerivedData/WebDriverAgent-bcmeffsllcldukgyoimwiehwhvyz/Build/Intermediates.noindex/WebDriverAgent.build/Debug-iphonesimulator/WebDriverAgentLib.build/WebDriverAgentLib-project-headers.hmap -I/Users/oikhlas/Library/Developer/Xcode/DerivedData/WebDriverAgent-bcmeffsllcldukgyoimwiehwhvyz/Build/Products/Debug-iphonesimulator/include -I/Applications/Xcode.app/Contents/Developer/Platforms/iPhoneSimulator.platform/Developer/SDKs/iPhoneSimulator16.0.sdk/usr/include/libxml2 -I/Users/oikhlas/.appium/node_modules/appium-xcuitest-driver/node_modules/appium-webdriveragent/Modules -I/Users/oikhlas/Library/Developer/Xcode/DerivedData/WebDriverAgent-bcmeffsllcldukgyoimwiehwhvyz/Build/Intermediates.noindex/WebDriverAgent.build/Debug-iphonesimulator/WebDriverAgentLib.build/DerivedSources-normal/x86_64 -I/Users/oikhlas/Library/Developer/Xcode/DerivedData/WebDriverAgent-bcmeffsllcldukgyoimwiehwhvyz/Build/Intermediates.noindex/WebDriverAgent.build/Debug-iphonesimulator/WebDriverAgentLib.build/DerivedSources/x86_64 -I/Users/oikhlas/Library/Developer/Xcode/DerivedData/WebDriverAgent-bcmeffsllcldukgyoimwiehwhvyz/Build/Intermediates.noindex/WebDriverAgent.build/Debug-iphonesimulator/WebDriverAgentLib.build/DerivedSources -Weverything -Wno-objc-missing-property-synthesis -Wno-unused-macros -Wno-disabled-macro-expansion -Wno-gnu-statement-expression -Wno-language-extension-token -Wno-overriding-method-mismatch -Wno-missing-variable-declarations -Rno-module-build -Wno-auto-import -Wno-objc-interface-ivars -Wno-documentation-unknown-command -Wno-reserved-id-macro -Wno-unused-parameter -Wno-gnu-conditional-omitted-operand -Wno-explicit-ownership-type -Wno-date-time -Wno-cast-align -Wno-cstring-format-directive -Wno-double-promotion -Wno-partial-availability -Weverything -Wno-objc-missing-property-synthesis -Wno-unused-macros -Wno-disabled-macro-expansion -Wno-gnu-statement-expression -Wno-language-extension-token -Wno-overriding-method-mismatch -Wno-missing-variable-declarations -Rno-module-build -Wno-auto-import -Wno-objc-interface-ivars -Wno-documentation-unknown-command -Wno-reserved-id-macro -Wno-unused-parameter -Wno-gnu-conditional-omitted-operand -Wno-explicit-ownership-type -Wno-date-time -Wno-cast-align -Wno-cstring-format-directive -Wno-double-promotion -Wno-partial-availability -Wno-objc-messaging-id -Wno-direct-ivar-access -Wno-cast-qual -Wno-declaration-after-statement -F/Users/oikhlas/Library/Developer/Xcode/DerivedData/WebDriverAgent-bcmeffsllcldukgyoimwiehwhvyz/Build/Products/Debug-iphonesimulator -F/Applications/Xcode.app/Contents/Developer/Platforms/iPhoneSimulator.platform/Developer/Library/Frameworks -F/Applications/Xcode.app/Contents/Developer/Platforms/iPhoneSimulator.platform/Developer/Library/PrivateFrameworks -iframework /Applications/Xcode.app/Contents/Developer/Platforms/iPhoneSimulator.platform/Developer/SDKs/iPhoneSimulator16.0.sdk/Developer/Library/Frameworks -MMD -MT dependencies -MF /Users/oikhlas/Library/Developer/Xcode/DerivedData/WebDriverAgent-bcmeffsllcldukgyoimwiehwhvyz/Build/Intermediates.noindex/WebDriverAgent.build/Debug-iphonesimulator/WebDriverAgentLib.build/Objects-normal/x86_64/FBAlertsMonitor.d --serialize-diagnostics /Users/oikhlas/Library/Developer/Xcode/DerivedData/WebDriverAgent-bcmeffsllcldukgyoimwiehwhvyz/Build/Intermediates.noindex/WebDriverAgent.build/Debug-iphonesimulator/WebDriverAgentLib.build/Objects-normal/x86_64/FBAlertsMonitor.dia -c /Users/oikhlas/.appium/node_modules/appium-xcuitest-driver/node_modules/appium-webdriveragent/WebDriverAgentLib/Utilities/FBAlertsMonitor.m -o /Users/oikhlas/Library/Developer/Xcode/DerivedData/WebDriverAgent-bcmeffsllcldukgyoimwiehwhvyz/Build/Intermediates.noindex/WebDriverAgent.build/Debug-iphonesimulator/WebDriverAgentLib.build/Objects-normal/x86_64/FBAlertsMonitor.o
&amp#27;[38;5;173m[Xcode]&amp#27;[0m 
&amp#27;[38;5;173m[Xcode]&amp#27;[0m 
&amp#27;[38;5;173m[Xcode]&amp#27;[0m CompileC /Users/oikhlas/Library/Developer/Xcode/DerivedData/WebDriverAgent-bcmeffsllcldukgyoimwiehwhvyz/Build/Intermediates.noindex/WebDriverAgent.build/Debug-iphonesimulator/WebDriverAgentLib.build/Objects-normal/x86_64/FBAlertViewCommands.o /Users/oikhlas/.appium/node_modules/appium-xcuitest-driver/node_modules/appium-webdriveragent/WebDriverAgentLib/Commands/FBAlertViewCommands.m normal x86_64 objective-c com.apple.compilers.llvm.clang.1_0.compiler (in target 'WebDriverAgentLib' from project 'WebDriverAgent')
&amp#27;[38;5;173m[Xcode]&amp#27;[0m     cd /Users/oikhlas/.appium/node_modules/appium-xcuitest-driver/node_modules/appium-webdriveragent
&amp#27;[38;5;173m[Xcode]&amp#27;[0m     /Applications/Xcode.app/Contents/Developer/Toolchains/XcodeDefault.xctoolchain/usr/bin/clang -x objective-c -target x86_64-apple-ios16.0-simulator -fmessage-length\=0 -fdiagnostics-show-note-include-stack -fmacro-backtrace-limit\=0 -std\=gnu99 -fobjc-arc -fmodules -gmodules -fmodules-cache-path\=/Users/oikhlas/Library/Developer/Xcode/DerivedData/ModuleCache.noindex -fmodules-prune-interval\=86400 -fmodules-prune-after\=345600 -fbuild-session-file\=/Users/oikhlas/Library/Developer/Xcode/DerivedData/ModuleCache.noindex/Session.modulevalidation -fmodules-validate-once-per-build-session -Wno-trigraphs -fpascal-strings -O0 -fno-common -Wmissing-field-initializers -Wno-missing-prototypes -Werror\=return-type -Wunreachable-code -Wquoted-include-in-framework-header -Wno-implicit-atomic-properties -Werror\=deprecated-objc-isa-usage -Wno-objc-interface-ivars -Werror\=objc-root-class -Warc-repeated-use-of-weak -Wno-arc-maybe-repeated-use-of-weak -Wimplicit-retain-self -Wduplicate-method-match -Wno-missing-braces -Wparentheses -Wswitch -Wunused-function -Wno-unused-label -Wunused-parameter -Wunused-variable -Wunused-value -Wempty-body -Wuninitialized -Wconditional-uninitialized -Wno-unknown-pragmas -pedantic -Wshadow -Wno-four-char-constants -Wconversion -Wconstant-conversion -Wint-conversion -Wbool-conversion -Wenum-conversion -Wfloat-conversion -Wnon-literal-null-conversion -Wobjc-literal-conversion -Wassign-enum -Wsign-compare -Wshorten-64-to-32 -Wpointer-sign -Wno-newline-eof -Wno-selector -Wno-strict-selector-match -Wundeclared-selector -Wdeprecated-implementations -Wno-implicit-fallthrough -DDEBUG\=1 -DOBJC_OLD_DISPATCH_PROTOTYPES\=0 -isysroot /Applications/Xcode.app/Contents/Developer/Platforms/iPhoneSimulator.platform/Developer/SDKs/iPhoneSimulator16.0.sdk -fasm-blocks -fstrict-aliasing -Wprotocol -Wdeprecated-declarations -g -Wno-sign-conversion -Winfinite-recursion -Wcomma -Wblock-capture-autoreleasing -Wstrict-prototypes -Wno-semicolon-before-method-body -fobjc-abi-version\=2 -fobjc-legacy-dispatch -iquote /Users/oikhlas/Library/Developer/Xcode/DerivedData/WebDriverAgent-bcmeffsllcldukgyoimwiehwhvyz/Build/Intermediates.noindex/WebDriverAgent.build/Debug-iphonesimulator/WebDriverAgentLib.build/WebDriverAgentLib-generated-files.hmap -I/Users/oikhlas/Library/Developer/Xcode/DerivedData/WebDriverAgent-bcmeffsllcldukgyoimwiehwhvyz/Build/Intermediates.noindex/WebDriverAgent.build/Debug-iphonesimulator/WebDriverAgentLib.build/WebDriverAgentLib-own-target-headers.hmap -I/Users/oikhlas/Library/Developer/Xcode/DerivedData/WebDriverAgent-bcmeffsllcldukgyoimwiehwhvyz/Build/Intermediates.noindex/WebDriverAgent.build/Debug-iphonesimulator/WebDriverAgentLib.build/WebDriverAgentLib-all-target-headers.hmap -iquote /Users/oikhlas/Library/Developer/Xcode/DerivedData/WebDriverAgent-bcmeffsllcldukgyoimwiehwhvyz/Build/Intermediates.noindex/WebDriverAgent.build/Debug-iphonesimulator/WebDriverAgentLib.build/WebDriverAgentLib-project-headers.hmap -I/Users/oikhlas/Library/Developer/Xcode/DerivedData/WebDriverAgent-bcmeffsllcldukgyoimwiehwhvyz/Build/Products/Debug-iphonesimulator/include -I/Applications/Xcode.app/Contents/Developer/Platforms/iPhoneSimulator.platform/Developer/SDKs/iPhoneSimulator16.0.sdk/usr/include/libxml2 -I/Users/oikhlas/.appium/node_modules/appium-xcuitest-driver/node_modules/appium-webdriveragent/Modules -I/Users/oikhlas/Library/Developer/Xcode/DerivedData/WebDriverAgent-bcmeffsllcldukgyoimwiehwhvyz/Build/Intermediates.noindex/WebDriverAgent.build/Debug-iphonesimulator/WebDriverAgentLib.build/DerivedSources-normal/x86_64 -I/Users/oikhlas/Library/Developer/Xcode/DerivedData/WebDriverAgent-bcmeffsllcldukgyoimwiehwhvyz/Build/Intermediates.noindex/WebDriverAgent.build/Debug-iphonesimulator/WebDriverAgentLib.build/DerivedSources/x86_64 -I/Users/oikhlas/Library/Developer/Xcode/DerivedData/WebDriverAgent-bcmeffsllcldukgyoimwiehwhvyz/Build/Intermediates.noindex/WebDriverAgent.build/Debug-iphonesimulator/WebDriverAgentLib.build/DerivedSources -Weverything -Wno-objc-missing-property-synthesis -Wno-unused-macros -Wno-disabled-macro-expansion -Wno-gnu-statement-expression -Wno-language-extension-token -Wno-overriding-method-mismatch -Wno-missing-variable-declarations -Rno-module-build -Wno-auto-import -Wno-objc-interface-ivars -Wno-documentation-unknown-command -Wno-reserved-id-macro -Wno-unused-parameter -Wno-gnu-conditional-omitted-operand -Wno-explicit-ownership-type -Wno-date-time -Wno-cast-align -Wno-cstring-format-directive -Wno-double-promotion -Wno-partial-availability -Weverything -Wno-objc-missing-property-synthesis -Wno-unused-macros -Wno-disabled-macro-expansion -Wno-gnu-statement-expression -Wno-language-extension-token -Wno-overriding-method-mismatch -Wno-missing-variable-declarations -Rno-module-build -Wno-auto-import -Wno-objc-interface-ivars -Wno-documentation-unknown-command -Wno-reserved-id-macro -Wno-unused-parameter -Wno-gnu-conditional-omitted-operand -Wno-explicit-ownership-type -Wno-date-time -Wno-cast-align -Wno-cstring-format-directive -Wno-double-promotion -Wno-partial-availability -Wno-objc-messaging-id -Wno-direct-ivar-access -Wno-cast-qual -Wno-declaration-after-statement -F/Users/oikhlas/Library/Developer/Xcode/DerivedData/WebDriverAgent-bcmeffsllcldukgyoimwiehwhvyz/Build/Products/Debug-iphonesimulator -F/Applications/Xcode.app/Contents/Developer/Platforms/iPhoneSimulator.platform/Developer/Library/Frameworks -F/Applications/Xcode.app/Contents/Developer/Platforms/iPhoneSimulator.platform/Developer/Library/PrivateFrameworks -iframework /Applications/Xcode.app/Contents/Developer/Platforms/iPhoneSimulator.platform/Developer/SDKs/iPhoneSimulator16.0.sdk/Developer/Library/Frameworks -MMD -MT dependencies -MF /Users/oikhlas/Library/Developer/Xcode/DerivedData/WebDriverAgent-bcmeffsllcldukgyoimwiehwhvyz/Build/Intermediates.noindex/WebDriverAgent.build/Debug-iphonesimulator/WebDriverAgentLib.build/Objects-normal/x86_64/FBAlertViewCommands.d --serialize-diagnostics /Users/oikhlas/Library/Developer/Xcode/DerivedData/WebDriverAgent-bcmeffsllcldukgyoimwiehwhvyz/Build/Intermediates.noindex/WebDriverAgent.build/Debug-iphonesimulator/WebDriverAgentLib.build/Objects-normal/x86_64/FBAlertViewCommands.dia -c /Users/oikhlas/.appium/node_modules/appium-xcuitest-driver/node_modules/appium-webdriveragent/WebDriverAgentLib/Commands/FBAlertViewCommands.m -o /Users/oikhlas/Library/Developer/Xcode/DerivedData/WebDriverAgent-bcmeffsllcldukgyoimwiehwhvyz/Build/Intermediates.noindex/WebDriverAgent.build/Debug-iphonesimulator/WebDriverAgentLib.build/Objects-normal/x86_64/FBAlertViewCommands.o
&amp#27;[38;5;173m[Xcode]&amp#27;[0m 
&amp#27;[38;5;173m[Xcode]&amp#27;[0m 2024-11-05 15:48:04.524 xcodebuild[20643:209611]  DVTDownloadable: Unexpected error attempting to parse downloadable from index: Error Domain=DVTDownloadableErrors Code=16 "Unable to read in downloadable data. See underlying errors for details." UserInfo={DownloadablePlist={
&amp#27;[38;5;173m[Xcode]&amp#27;[0m     category = simulator;
&amp#27;[38;5;173m[Xcode]&amp#27;[0m     contentType = cryptexDiskImage;
&amp#27;[38;5;173m[Xcode]&amp#27;[0m     dictionaryVersion = 2;
&amp#27;[38;5;173m[Xcode]&amp#27;[0m     downloadMethod = mobileAsset;
&amp#27;[38;5;173m[Xcode]&amp#27;[0m     fileSize = 8254433594;
&amp#27;[38;5;173m[Xcode]&amp#27;[0m     identifier = "com.apple.dmg.xrSimulatorSDK2_0_b2";
&amp#27;[38;5;173m[Xcode]&amp#27;[0m     name = "visionOS 2.0 beta 2 Simulator Runtime";
&amp#27;[38;5;173m[Xcode]&amp#27;[0m     platform = "com.apple.platform.xros";
&amp#27;[38;5;173m[Xcode]&amp#27;[0m     simulatorVersion =     {
&amp#27;[38;5;173m[Xcode]&amp#27;[0m         buildUpdate = 22N5267g;
&amp#27;[38;5;173m[Xcode]&amp#27;[0m         version = "2.0";
&amp#27;[38;5;173m[Xcode]&amp#27;[0m     };
&amp#27;[38;5;173m[Xcode]&amp#27;[0m     version = "2.0.0.2";
&amp#27;[38;5;173m[Xcode]&amp#27;[0m }, NSLocalizedDescription=Unable to read in downloadable data. See underlying errors for details., DVTUnderlyingErrorsKey=(
&amp#27;[38;5;173m[Xcode]&amp#27;[0m     "Error Domain=DVTDownloadableErrors Code=27 \"'cryptexDiskImage' is an unknown content type.\" UserInfo={NSLocalizedDescription='cryptexDiskImage' is an unknown content type.}",
&amp#27;[38;5;173m[Xcode]&amp#27;[0m     "Error Domain=DVTDownloadableErrors Code=23 \"'com.apple.platform.xros' is an unknown platform identifier.\" UserInfo={NSLocalizedDescription='com.apple.platform.xros' is an unknown platform identifier.}"
&amp#27;[38;5;173m[Xcode]&amp#27;[0m )}
&amp#27;[38;5;173m[Xcode]&amp#27;[0m 
&amp#27;[38;5;173m[Xcode]&amp#27;[0m 
&amp#27;[38;5;173m[Xcode]&amp#27;[0m CompileC /Users/oikhlas/Library/Developer/Xcode/DerivedData/WebDriverAgent-bcmeffsllcldukgyoimwiehwhvyz/Build/Intermediates.noindex/WebDriverAgent.build/Debug-iphonesimulator/WebDriverAgentLib.build/Objects-normal/x86_64/FBAlert.o /Users/oikhlas/.appium/node_modules/appium-xcuitest-driver/node_modules/appium-webdriveragent/WebDriverAgentLib/FBAlert.m normal x86_64 objective-c com.apple.compilers.llvm.clang.1_0.compiler (in target 'WebDriverAgentLib' from project 'WebDriverAgent')
&amp#27;[38;5;173m[Xcode]&amp#27;[0m     cd /Users/oikhlas/.appium/node_modules/appium-xcuitest-driver/node_modules/appium-webdriveragent
&amp#27;[38;5;173m[Xcode]&amp#27;[0m     /Applications/Xcode.app/Contents/Developer/Toolchains/XcodeDefault.xctoolchain/usr/bin/clang -x objective-c -target x86_64-apple-ios16.0-simulator -fmessage-length\=0 -fdiagnostics-show-note-include-stack -fmacro-backtrace-limit\=0 -std\=gnu99 -fobjc-arc -fmodules -gmodules -fmodules-cache-path\=/Users/oikhlas/Library/Developer/Xcode/DerivedData/ModuleCache.noindex -fmodules-prune-interval\=86400 -fmodules-prune-after\=345600 -fbuild-session-file\=/Users/oikhlas/Library/Developer/Xcode/DerivedData/ModuleCache.noindex/Session.modulevalidation -fmodules-validate-once-per-build-session -Wno-trigraphs -fpascal-strings -O0 -fno-common -Wmissing-field-initializers -Wno-missing-prototypes -Werror\=return-type -Wunreachable-code -Wquoted-include-in-framework-header -Wno-implicit-atomic-properties -Werror\=deprecated-objc-isa-usage -Wno-objc-interface-ivars -Werror\=objc-root-class -Warc-repeated-use-of-weak -Wno-arc-maybe-repeated-use-of-weak -Wimplicit-retain-self -Wduplicate-method-match -Wno-missing-braces -Wparentheses -Wswitch -Wunused-function -Wno-unused-label -Wunused-parameter -Wunused-variable -Wunused-value -Wempty-body -Wuninitialized -Wconditional-uninitialized -Wno-unknown-pragmas -pedantic -Wshadow -Wno-four-char-constants -Wconversion -Wconstant-conversion -Wint-conversion -Wbool-conversion -Wenum-conversion -Wfloat-conversion -Wnon-literal-null-conversion -Wobjc-literal-conversion -Wassign-enum -Wsign-compare -Wshorten-64-to-32 -Wpointer-sign -Wno-newline-eof -Wno-selector -Wno-strict-selector-match -Wundeclared-selector -Wdeprecated-implementations -Wno-implicit-fallthrough -DDEBUG\=1 -DOBJC_OLD_DISPATCH_PROTOTYPES\=0 -isysroot /Applications/Xcode.app/Contents/Developer/Platforms/iPhoneSimulator.platform/Developer/SDKs/iPhoneSimulator16.0.sdk -fasm-blocks -fstrict-aliasing -Wprotocol -Wdeprecated-declarations -g -Wno-sign-conversion -Winfinite-recursion -Wcomma -Wblock-capture-autoreleasing -Wstrict-prototypes -Wno-semicolon-before-method-body -fobjc-abi-version\=2 -fobjc-legacy-dispatch -iquote /Users/oikhlas/Library/Developer/Xcode/DerivedData/WebDriverAgent-bcmeffsllcldukgyoimwiehwhvyz/Build/Intermediates.noindex/WebDriverAgent.build/Debug-iphonesimulator/WebDriverAgentLib.build/WebDriverAgentLib-generated-files.hmap -I/Users/oikhlas/Library/Developer/Xcode/DerivedData/WebDriverAgent-bcmeffsllcldukgyoimwiehwhvyz/Build/Intermediates.noindex/WebDriverAgent.build/Debug-iphonesimulator/WebDriverAgentLib.build/WebDriverAgentLib-own-target-headers.hmap -I/Users/oikhlas/Library/Developer/Xcode/DerivedData/WebDriverAgent-bcmeffsllcldukgyoimwiehwhvyz/Build/Intermediates.noindex/WebDriverAgent.build/Debug-iphonesimulator/WebDriverAgentLib.build/WebDriverAgentLib-all-target-headers.hmap -iquote /Users/oikhlas/Library/Developer/Xcode/DerivedData/WebDriverAgent-bcmeffsllcldukgyoimwiehwhvyz/Build/Intermediates.noindex/WebDriverAgent.build/Debug-iphonesimulator/WebDriverAgentLib.build/WebDriverAgentLib-project-headers.hmap -I/Users/oikhlas/Library/Developer/Xcode/DerivedData/WebDriverAgent-bcmeffsllcldukgyoimwiehwhvyz/Build/Products/Debug-iphonesimulator/include -I/Applications/Xcode.app/Contents/Developer/Platforms/iPhoneSimulator.platform/Developer/SDKs/iPhoneSimulator16.0.sdk/usr/include/libxml2 -I/Users/oikhlas/.appium/node_modules/appium-xcuitest-driver/node_modules/appium-webdriveragent/Modules -I/Users/oikhlas/Library/Developer/Xcode/DerivedData/WebDriverAgent-bcmeffsllcldukgyoimwiehwhvyz/Build/Intermediates.noindex/WebDriverAgent.build/Debug-iphonesimulator/WebDriverAgentLib.build/DerivedSources-normal/x86_64 -I/Users/oikhlas/Library/Developer/Xcode/DerivedData/WebDriverAgent-bcmeffsllcldukgyoimwiehwhvyz/Build/Intermediates.noindex/WebDriverAgent.build/Debug-iphonesimulator/WebDriverAgentLib.build/DerivedSources/x86_64 -I/Users/oikhlas/Library/Developer/Xcode/DerivedData/WebDriverAgent-bcmeffsllcldukgyoimwiehwhvyz/Build/Intermediates.noindex/WebDriverAgent.build/Debug-iphonesimulator/WebDriverAgentLib.build/DerivedSources -Weverything -Wno-objc-missing-property-synthesis -Wno-unused-macros -Wno-disabled-macro-expansion -Wno-gnu-statement-expression -Wno-language-extension-token -Wno-overriding-method-mismatch -Wno-missing-variable-declarations -Rno-module-build -Wno-auto-import -Wno-objc-interface-ivars -Wno-documentation-unknown-command -Wno-reserved-id-macro -Wno-unused-parameter -Wno-gnu-conditional-omitted-operand -Wno-explicit-ownership-type -Wno-date-time -Wno-cast-align -Wno-cstring-format-directive -Wno-double-promotion -Wno-partial-availability -Weverything -Wno-objc-missing-property-synthesis -Wno-unused-macros -Wno-disabled-macro-expansion -Wno-gnu-statement-expression -Wno-language-extension-token -Wno-overriding-method-mismatch -Wno-missing-variable-declarations -Rno-module-build -Wno-auto-import -Wno-objc-interface-ivars -Wno-documentation-unknown-command -Wno-reserved-id-macro -Wno-unused-parameter -Wno-gnu-conditional-omitted-operand -Wno-explicit-ownership-type -Wno-date-time -Wno-cast-align -Wno-cstring-format-directive -Wno-double-promotion -Wno-partial-availability -Wno-objc-messaging-id -Wno-direct-ivar-access -Wno-cast-qual -Wno-declaration-after-statement -F/Users/oikhlas/Library/Developer/Xcode/DerivedData/WebDriverAgent-bcmeffsllcldukgyoimwiehwhvyz/Build/Products/Debug-iphonesimulator -F/Applications/Xcode.app/Contents/Developer/Platforms/iPhoneSimulator.platform/Developer/Library/Frameworks -F/Applications/Xcode.app/Contents/Developer/Platforms/iPhoneSimulator.platform/Developer/Library/PrivateFrameworks -iframework /Applications/Xcode.app/Contents/Developer/Platforms/iPhoneSimulator.platform/Developer/SDKs/iPhoneSimulator16.0.sdk/Developer/Library/Frameworks -MMD -MT dependencies -MF /Users/oikhlas/Library/Developer/Xcode/DerivedData/WebDriverAgent-bcmeffsllcldukgyoimwiehwhvyz/Build/Intermediates.noindex/WebDriverAgent.build/Debug-iphonesimulator/WebDriverAgentLib.build/Objects-normal/x86_64/FBAlert.d --serialize-diagnostics /Users/oikhlas/Library/Developer/Xcode/DerivedData/WebDriverAgent-bcmeffsllcldukgyoimwiehwhvyz/Build/Intermediates.noindex/WebDriverAgent.build/Debug-iphonesimulator/WebDriverAgentLib.build/Objects-normal/x86_64/FBAlert.dia -c /Users/oikhlas/.appium/node_modules/appium-xcuitest-driver/node_modules/appium-webdriveragent/WebDriverAgentLib/FBAlert.m -o /Users/oikhlas/Library/Developer/Xcode/DerivedData/WebDriverAgent-bcmeffsllcldukgyoimwiehwhvyz/Build/Intermediates.noindex/WebDriverAgent.build/Debug-iphonesimulator/WebDriverAgentLib.build/Objects-normal/x86_64/FBAlert.o
&amp#27;[38;5;173m[Xcode]&amp#27;[0m 
&amp#27;[38;5;173m[Xcode]&amp#27;[0m 2024-11-05 15:48:04.526 xcodebuild[20643:209611]  DVTDownloadable: Unexpected error attempting to parse downloadable from index: Error Domain=DVTDownloadableErrors Code=16 "Unable to read in downloadable data. See underlying errors for details." UserInfo={DownloadablePlist={
&amp#27;[38;5;173m[Xcode]&amp#27;[0m     category = simulator;
&amp#27;[38;5;173m[Xcode]&amp#27;[0m     contentType = cryptexDiskImage;
&amp#27;[38;5;173m[Xcode]&amp#27;[0m     dictionaryVersion = 2;
&amp#27;[38;5;173m[Xcode]&amp#27;[0m     downloadMethod = mobileAsset;
&amp#27;[38;5;173m[Xcode]&amp#27;[0m     fileSize = 4227895950;
&amp#27;[38;5;173m[Xcode]&amp#27;[0m     identifier = "com.apple.dmg.WatchSimulatorSDK11_0_b2";
&amp#27;[38;5;173m[Xcode]&amp#27;[0m     name = "watchOS 11.0 beta 2 Simulator Runtime";
&amp#27;[38;5;173m[Xcode]&amp#27;[0m     platform = "com.apple.platform.watchos";
&amp#27;[38;5;173m[Xcode]&amp#27;[0m     simulatorVersion =     {
&amp#27;[38;5;173m[Xcode]&amp#27;[0m         buildUpdate = 22R5299d;
&amp#27;[38;5;173m[Xcode]&amp#27;[0m         version = "11.0";
&amp#27;[38;5;173m[Xcode]&amp#27;[0m     };
&amp#27;[38;5;173m[Xcode]&amp#27;[0m     version = "11.0.0.2";
&amp#27;[38;5;173m[Xcode]&amp#27;[0m }, NSLocalizedDescription=Unable to read in downloadable data. See underlying errors for details., DVTUnderlyingErrorsKey=(
&amp#27;[38;5;173m[Xcode]&amp#27;[0m     "Error Domain=DVTDownloadableErrors Code=27 \"'cryptexDiskImage' is an unknown content type.\" UserInfo={NSLocalizedDescription='cryptexDiskImage' is an unknown content type.}"
&amp#27;[38;5;173m[Xcode]&amp#27;[0m )}
&amp#27;[38;5;173m[Xcode]&amp#27;[0m 
&amp#27;[38;5;173m[Xcode]&amp#27;[0m 2024-11-05 15:48:04.526 xcodebuild[20643:209611]  DVTDownloadable: Unexpected error attempting to parse downloadable from index: Error Domain=DVTDownloadableErrors Code=16 "Unable to read in downloadable data. See underlying errors for details." UserInfo={DownloadablePlist={
&amp#27;[38;5;173m[Xcode]&amp#27;[0m     category = simulator;
&amp#27;[38;5;173m[Xcode]&amp#27;[0m     contentType = cryptexDiskImage;
&amp#27;[38;5;173m[Xcode]&amp#27;[0m     dictionaryVersion = 2;
&amp#27;[38;5;173m[Xcode]&amp#27;[0m     downloadMethod = mobileAsset;
&amp#27;[38;5;173m[Xcode]&amp#27;[0m     fileSize = 8254433585;
&amp#27;[38;5;173m[Xcode]&amp#27;[0m     identifier = "com.apple.dmg.iPhoneSimulatorSDK18_0_b3";
&amp#27;[38;5;173m[Xcode]&amp#27;[0m     name = "iOS 18.0 beta 3 Simulator Runtime";
&amp#27;[38;5;173m[Xcode]&amp#27;[0m     platform = "com.apple.platform.iphoneos";
&amp#27;[38;5;173m[Xcode]&amp#27;[0m     simulatorVersion =     {
&amp#27;[38;5;173m[Xcode]&amp#27;[0m         buildUpdate = 22A5307f;
&amp#27;[38;5;173m[Xcode]&amp#27;[0m         version = "18.0";
&amp#27;[38;5;173m[Xcode]&amp#27;[0m     };
&amp#27;[38;5;173m[Xcode]&amp#27;[0m     version = "18.0.0.3";
&amp#27;[38;5;173m[Xcode]&amp#27;[0m }, NSLocalizedDescription=Unable to read in downloadable data. See underlying errors for details., DVTUnderlyingErrorsKey=(
&amp#27;[38;5;173m[Xcode]&amp#27;[0m     "Error Domain=DVTDownloadableErrors Code=27 \"'cryptexDiskImage' is an unknown content type.\" UserInfo={NSLocalizedDescription='cryptexDiskImage' is an unknown content type.}"
&amp#27;[38;5;173m[Xcode]&amp#27;[0m )}
&amp#27;[38;5;173m[Xcode]&amp#27;[0m 
&amp#27;[38;5;173m[Xcode]&amp#27;[0m 2024-11-05 15:48:04.530 xcodebuild[20643:209611]  DVTDownloadable: Unexpected error attempting to parse downloadable from index: Error Domain=DVTDownloadableErrors Code=16 "Unable to read in downloadable data. See underlying errors for details." UserInfo={DownloadablePlist={
&amp#27;[38;5;173m[Xcode]&amp#27;[0m     category = simulator;
&amp#27;[38;5;173m[Xcode]&amp#27;[0m     contentType = cryptexDiskImage;
&amp#27;[38;5;173m[Xcode]&amp#27;[0m     dictionaryVersion = 2;
&amp#27;[38;5;173m[Xcode]&amp#27;[0m     downloadMethod = mobileAsset;
&amp#27;[38;5;173m[Xcode]&amp#27;[0m     fileSize = 4227895970;
&amp#27;[38;5;173m[Xcode]&amp#27;[0m     identifier = "com.apple.dmg.AppleTVSimulatorSDK18_0_b3";
&amp#27;[38;5;173m[Xcode]&amp#27;[0m     name = "tvOS 18.0 beta 3 Simulator Runtime";
&amp#27;[38;5;173m[Xcode]&amp#27;[0m     platform = "com.apple.platform.appletvos";
&amp#27;[38;5;173m[Xcode]&amp#27;[0m     simulatorVersion =     {
&amp#27;[38;5;173m[Xcode]&amp#27;[0m         buildUpdate = 22J5315e;
&amp#27;[38;5;173m[Xcode]&amp#27;[0m         version = "18.0";
&amp#27;[38;5;173m[Xcode]&amp#27;[0m     };
&amp#27;[38;5;173m[Xcode]&amp#27;[0m     version = "18.0.0.3";
&amp#27;[38;5;173m[Xcode]&amp#27;[0m }, NSLocalizedDescription=Unable to read in downloadable data. See underlying errors for details., DVTUnderlyingErrorsKey=(
&amp#27;[38;5;173m[Xcode]&amp#27;[0m     "Error Domain=DVTDownloadableErrors Code=27 \"'cryptexDiskImage' is an unknown content type.\" UserInfo={NSLocalizedDescription='cryptexDiskImage' is an unknown content type.}"
&amp#27;[38;5;173m[Xcode]&amp#27;[0m )}
&amp#27;[38;5;173m[Xcode]&amp#27;[0m 
&amp#27;[38;5;173m[Xcode]&amp#27;[0m 2024-11-05 15:48:04.530 xcodebuild[20643:209611]  DVTDownloadable: Unexpected error attempting to parse downloadable from index: Error Domain=DVTDownloadableErrors Code=16 "Unable to read in downloadable data. See underlying errors for details." UserInfo={DownloadablePlist={
&amp#27;[38;5;173m[Xcode]&amp#27;[0m     category = simulator;
&amp#27;[38;5;173m[Xcode]&amp#27;[0m     contentType = cryptexDiskImage;
&amp#27;[38;5;173m[Xcode]&amp#27;[0m     dictionaryVersion = 2;
&amp#27;[38;5;173m[Xcode]&amp#27;[0m     downloadMethod = mobileAsset;
&amp#27;[38;5;173m[Xcode]&amp#27;[0m     fileSize = 8187324737;
&amp#27;[38;5;173m[Xcode]&amp#27;[0m     identifier = "com.apple.dmg.xrSimulatorSDK2_0_b3";
&amp#27;[38;5;173m[Xcode]&amp#27;[0m     name = "visionOS 2.0 beta 3 Simulator Runtime";
&amp#27;[38;5;173m[Xcode]&amp#27;[0m     platform = "com.apple.platform.xros";
&amp#27;[38;5;173m[Xcode]&amp#27;[0m     simulatorVersion =     {
&amp#27;[38;5;173m[Xcode]&amp#27;[0m         buildUpdate = 22N5277f;
&amp#27;[38;5;173m[Xcode]&amp#27;[0m         version = "2.0";
&amp#27;[38;5;173m[Xcode]&amp#27;[0m     };
&amp#27;[38;5;173m[Xcode]&amp#27;[0m     version = "2.0.0.3";
&amp#27;[38;5;173m[Xcode]&amp#27;[0m }, NSLocalizedDescription=Unable to read in downloadable data. See underlying errors for details., DVTUnderlyingErrorsKey=(
&amp#27;[38;5;173m[Xcode]&amp#27;[0m     "Error Domain=DVTDownloadableErrors Code=27 \"'cryptexDiskImage' is an unknown content type.\" UserInfo={NSLocalizedDescription='cryptexDiskImage' is an unknown content type.}",
&amp#27;[38;5;173m[Xcode]&amp#27;[0m     "Error Domain=DVTDownloadableErrors Code=23 \"'com.apple.platform.xros' is an unknown platform identifier.\" UserInfo={NSLocalizedDescription='com.apple.platform.xros' is an unknown platform identifier.}"
&amp#27;[38;5;173m[Xcode]&amp#27;[0m )}
&amp#27;[38;5;173m[Xcode]&amp#27;[0m 
&amp#27;[38;5;173m[Xcode]&amp#27;[0m 2024-11-05 15:48:04.532 xcodebuild[20643:209611]  DVTDownloadable: Unexpected error attempting to parse downloadable from index: Error Domain=DVTDownloadableErrors Code=16 "Unable to read in downloadable data. See underlying errors for details." UserInfo={DownloadablePlist={
&amp#27;[38;5;173m[Xcode]&amp#27;[0m     category = simulator;
&amp#27;[38;5;173m[Xcode]&amp#27;[0m     contentType = cryptexDiskImage;
&amp#27;[38;5;173m[Xcode]&amp#27;[0m     dictionaryVersion = 2;
&amp#27;[38;5;173m[Xcode]&amp#27;[0m     downloadMethod = mobileAsset;
&amp#27;[38;5;173m[Xcode]&amp#27;[0m     fileSize = 4227895999;
&amp#27;[38;5;173m[Xcode]&amp#27;[0m     identifier = "com.apple.dmg.WatchSimulatorSDK11_0_b3";
&amp#27;[38;5;173m[Xcode]&amp#27;[0m     name = "watchOS 11.0 beta 3 Simulator Runtime";
&amp#27;[38;5;173m[Xcode]&amp#27;[0m     platform = "com.apple.platform.watchos";
&amp#27;[38;5;173m[Xcode]&amp#27;[0m     simulatorVersion =     {
&amp#27;[38;5;173m[Xcode]&amp#27;[0m         buildUpdate = 22R5309f;
&amp#27;[38;5;173m[Xcode]&amp#27;[0m         version = "11.0";
&amp#27;[38;5;173m[Xcode]&amp#27;[0m     };
&amp#27;[38;5;173m[Xcode]&amp#27;[0m     version = "11.0.0.3";
&amp#27;[38;5;173m[Xcode]&amp#27;[0m }, NSLocalizedDescription=Unable to read in downloadable data. See underlying errors for details., DVTUnderlyingErrorsKey=(
&amp#27;[38;5;173m[Xcode]&amp#27;[0m     "Error Domain=DVTDownloadableErrors Code=27 \"'cryptexDiskImage' is an unknown content type.\" UserInfo={NSLocalizedDescription='cryptexDiskImage' is an unknown content type.}"
&amp#27;[38;5;173m[Xcode]&amp#27;[0m )}
&amp#27;[38;5;173m[Xcode]&amp#27;[0m 
&amp#27;[38;5;173m[Xcode]&amp#27;[0m 2024-11-05 15:48:04.533 xcodebuild[20643:209611]  DVTDownloadable: Unexpected error attempting to parse downloadable from index: Error Domain=DVTDownloadableErrors Code=16 "Unable to read in downloadable data. See underlying errors for details." UserInfo={DownloadablePlist={
&amp#27;[38;5;173m[Xcode]&amp#27;[0m     category = simulator;
&amp#27;[38;5;173m[Xcode]&amp#27;[0m     contentType = cryptexDiskImage;
&amp#27;[38;5;173m[Xcode]&amp#27;[0m     dictionaryVersion = 2;
&amp#27;[38;5;173m[Xcode]&amp#27;[0m     downloadMethod = mobileAsset;
&amp#27;[38;5;173m[Xcode]&amp#27;[0m     fileSize = 8589977924;
&amp#27;[38;5;173m[Xcode]&amp#27;[0m     identifier = "com.apple.dmg.iPhoneSimulatorSDK18_0_b4";
&amp#27;[38;5;173m[Xcode]&amp#27;[0m     name = "iOS 18.0 beta 4 Simulator Runtime";
&amp#27;[38;5;173m[Xcode]&amp#27;[0m     platform = "com.apple.platform.iphoneos";
&amp#27;[38;5;173m[Xcode]&amp#27;[0m     simulatorVersion =     {
&amp#27;[38;5;173m[Xcode]&amp#27;[0m         buildUpdate = 22A5316j;
&amp#27;[38;5;173m[Xcode]&amp#27;[0m         version = "18.0";
&amp#27;[38;5;173m[Xcode]&amp#27;[0m     };
&amp#27;[38;5;173m[Xcode]&amp#27;[0m     version = "18.0.0.4";
&amp#27;[38;5;173m[Xcode]&amp#27;[0m }, NSLocalizedDescription=Unable to read in downloadable data. See underlying errors for details., DVTUnderlyingErrorsKey=(
&amp#27;[38;5;173m[Xcode]&amp#27;[0m     "Error Domain=DVTDownloadableErrors Code=27 \"'cryptexDiskImage' is an unknown content type.\" UserInfo={NSLocalizedDescription='cryptexDiskImage' is an unknown content type.}"
&amp#27;[38;5;173m[Xcode]&amp#27;[0m )}
&amp#27;[38;5;173m[Xcode]&amp#27;[0m 
&amp#27;[38;5;173m[Xcode]&amp#27;[0m 2024-11-05 15:48:04.534 xcodebuild[20643:209611]  DVTDownloadable: Unexpected error attempting to parse downloadable from index: Error Domain=DVTDownloadableErrors Code=16 "Unable to read in downloadable data. See underlying errors for details." UserInfo={DownloadablePlist={
&amp#27;[38;5;173m[Xcode]&amp#27;[0m     category = simulator;
&amp#27;[38;5;173m[Xcode]&amp#27;[0m     contentType = cryptexDiskImage;
&amp#27;[38;5;173m[Xcode]&amp#27;[0m     dictionaryVersion = 2;
&amp#27;[38;5;173m[Xcode]&amp#27;[0m     downloadMethod = mobileAsset;
&amp#27;[38;5;173m[Xcode]&amp#27;[0m     fileSize = 4295004844;
&amp#27;[38;5;173m[Xcode]&amp#27;[0m     identifier = "com.apple.dmg.AppleTVSimulatorSDK18_0_b4";
&amp#27;[38;5;173m[Xcode]&amp#27;[0m     name = "tvOS 18.0 beta 4 Simulator Runtime";
&amp#27;[38;5;173m[Xcode]&amp#27;[0m     platform = "com.apple.platform.appletvos";
&amp#27;[38;5;173m[Xcode]&amp#27;[0m     simulatorVersion =     {
&amp#27;[38;5;173m[Xcode]&amp#27;[0m         buildUpdate = 22J5324f;
&amp#27;[38;5;173m[Xcode]&amp#27;[0m         version = "18.0";
&amp#27;[38;5;173m[Xcode]&amp#27;[0m     };
&amp#27;[38;5;173m[Xcode]&amp#27;[0m     version = "18.0.0.4";
&amp#27;[38;5;173m[Xcode]&amp#27;[0m }, NSLocalizedDescription=Unable to read in downloadable data. See underlying errors for details., DVTUnderlyingErrorsKey=(
&amp#27;[38;5;173m[Xcode]&amp#27;[0m     "Error Domain=DVTDownloadableErrors Code=27 \"'cryptexDiskImage' is an unknown content type.\" UserInfo={NSLocalizedDescription='cryptexDiskImage' is an unknown content type.}"
&amp#27;[38;5;173m[Xcode]&amp#27;[0m )}
&amp#27;[38;5;173m[Xcode]&amp#27;[0m 
&amp#27;[38;5;173m[Xcode]&amp#27;[0m 2024-11-05 15:48:04.537 xcodebuild[20643:209611]  DVTDownloadable: Unexpected error attempting to parse downloadable from index: Error Domain=DVTDownloadableErrors Code=16 "Unable to read in downloadable data. See underlying errors for details." UserInfo={DownloadablePlist={
&amp#27;[38;5;173m[Xcode]&amp#27;[0m     category = simulator;
&amp#27;[38;5;173m[Xcode]&amp#27;[0m     contentType = cryptexDiskImage;
&amp#27;[38;5;173m[Xcode]&amp#27;[0m     dictionaryVersion = 2;
&amp#27;[38;5;173m[Xcode]&amp#27;[0m     downloadMethod = mobileAsset;
&amp#27;[38;5;173m[Xcode]&amp#27;[0m     fileSize = 8522869036;
&amp#27;[38;5;173m[Xcode]&amp#27;[0m     identifier = "com.apple.dmg.xrSimulatorSDK2_0_b4";
&amp#27;[38;5;173m[Xcode]&amp#27;[0m     name = "visionOS 2.0 beta 4 Simulator Runtime";
&amp#27;[38;5;173m[Xcode]&amp#27;[0m     platform = "com.apple.platform.xros";
&amp#27;[38;5;173m[Xcode]&amp#27;[0m     simulatorVersion =     {
&amp#27;[38;5;173m[Xcode]&amp#27;[0m         buildUpdate = 22N5286g;
&amp#27;[38;5;173m[Xcode]&amp#27;[0m         version = "2.0";
&amp#27;[38;5;173m[Xcode]&amp#27;[0m     };
&amp#27;[38;5;173m[Xcode]&amp#27;[0m     version = "2.0.0.4";
&amp#27;[38;5;173m[Xcode]&amp#27;[0m }, NSLocalizedDescription=Unable to read in downloadable data. See underlying errors for details., DVTUnderlyingErrorsKey=(
&amp#27;[38;5;173m[Xcode]&amp#27;[0m     "Error Domain=DVTDownloadableErrors Code=27 \"'cryptexDiskImage' is an unknown content type.\" UserInfo={NSLocalizedDescription='cryptexDiskImage' is an unknown content type.}",
&amp#27;[38;5;173m[Xcode]&amp#27;[0m     "Error Domain=DVTDownloadableErrors Code=23 \"'com.apple.platform.xros' is an unknown platform identifier.\" UserInfo={NSLocalizedDescription='com.apple.platform.xros' is an unknown platform identifier.}"
&amp#27;[38;5;173m[Xcode]&amp#27;[0m )}
&amp#27;[38;5;173m[Xcode]&amp#27;[0m 
&amp#27;[38;5;173m[Xcode]&amp#27;[0m 2024-11-05 15:48:04.539 xcodebuild[20643:209611]  DVTDownloadable: Unexpected error attempting to parse downloadable from index: Error Domain=DVTDownloadableErrors Code=16 "Unable to read in downloadable data. See underlying errors for details." UserInfo={DownloadablePlist={
&amp#27;[38;5;173m[Xcode]&amp#27;[0m     category = simulator;
&amp#27;[38;5;173m[Xcode]&amp#27;[0m     contentType = cryptexDiskImage;
&amp#27;[38;5;173m[Xcode]&amp#27;[0m     dictionaryVersion = 2;
&amp#27;[38;5;173m[Xcode]&amp#27;[0m     downloadMethod = mobileAsset;
&amp#27;[38;5;173m[Xcode]&amp#27;[0m     fileSize = 4295004855;
&amp#27;[38;5;173m[Xcode]&amp#27;[0m     identifier = "com.apple.dmg.WatchSimulatorSDK11_0_b4";
&amp#27;[38;5;173m[Xcode]&amp#27;[0m     name = "watchOS 11.0 beta 4 Simulator Runtime";
&amp#27;[38;5;173m[Xcode]&amp#27;[0m     platform = "com.apple.platform.watchos";
&amp#27;[38;5;173m[Xcode]&amp#27;[0m     simulatorVersion =     {
&amp#27;[38;5;173m[Xcode]&amp#27;[0m         buildUpdate = 22R5318h;
&amp#27;[38;5;173m[Xcode]&amp#27;[0m         version = "11.0";
&amp#27;[38;5;173m[Xcode]&amp#27;[0m     };
&amp#27;[38;5;173m[Xcode]&amp#27;[0m     version = "11.0.0.4";
&amp#27;[38;5;173m[Xcode]&amp#27;[0m }, NSLocalizedDescription=Unable to read in downloadable data. See underlying errors for details., DVTUnderlyingErrorsKey=(
&amp#27;[38;5;173m[Xcode]&amp#27;[0m     "Error Domain=DVTDownloadableErrors Code=27 \"'cryptexDiskImage' is an unknown content type.\" UserInfo={NSLocalizedDescription='cryptexDiskImage' is an unknown content type.}"
&amp#27;[38;5;173m[Xcode]&amp#27;[0m )}
&amp#27;[38;5;173m[Xcode]&amp#27;[0m 
&amp#27;[38;5;173m[Xcode]&amp#27;[0m 2024-11-05 15:48:04.540 xcodebuild[20643:209611]  DVTDownloadable: Unexpected error attempting to parse downloadable from index: Error Domain=DVTDownloadableErrors Code=16 "Unable to read in downloadable data. See underlying errors for details." UserInfo={DownloadablePlist={
&amp#27;[38;5;173m[Xcode]&amp#27;[0m     category = simulator;
&amp#27;[38;5;173m[Xcode]&amp#27;[0m     contentType = cryptexDiskImage;
&amp#27;[38;5;173m[Xcode]&amp#27;[0m     dictionaryVersion = 2;
&amp#27;[38;5;173m[Xcode]&amp#27;[0m     downloadMethod = mobileAsset;
&amp#27;[38;5;173m[Xcode]&amp#27;[0m     fileSize = 8858435313;
&amp#27;[38;5;173m[Xcode]&amp#27;[0m     identifier = "com.apple.dmg.iPhoneSimulatorSDK18_0_b5";
&amp#27;[38;5;173m[Xcode]&amp#27;[0m     name = "iOS 18.0 beta 5 Simulator Runtime";
&amp#27;[38;5;173m[Xcode]&amp#27;[0m     platform = "com.apple.platform.iphoneos";
&amp#27;[38;5;173m[Xcode]&amp#27;[0m     simulatorVersion =     {
&amp#27;[38;5;173m[Xcode]&amp#27;[0m         buildUpdate = 22A5326g;
&amp#27;[38;5;173m[Xcode]&amp#27;[0m         version = "18.0";
&amp#27;[38;5;173m[Xcode]&amp#27;[0m     };
&amp#27;[38;5;173m[Xcode]&amp#27;[0m     version = "18.0.0.5";
&amp#27;[38;5;173m[Xcode]&amp#27;[0m }, NSLocalizedDescription=Unable to read in downloadable data. See underlying errors for details., DVTUnderlyingErrorsKey=(
&amp#27;[38;5;173m[Xcode]&amp#27;[0m     "Error Domain=DVTDownloadableErrors Code=27 \"'cryptexDiskImage' is an unknown content type.\" UserInfo={NSLocalizedDescription='cryptexDiskImage' is an unknown content type.}"
&amp#27;[38;5;173m[Xcode]&amp#27;[0m )}
&amp#27;[38;5;173m[Xcode]&amp#27;[0m 
&amp#27;[38;5;173m[Xcode]&amp#27;[0m 2024-11-05 15:48:04.574 xcodebuild[20643:209611]  DVTDownloadable: Unexpected error attempting to parse downloadable from index: Error Domain=DVTDownloadableErrors Code=16 "Unable to read in downloadable data. See underlying errors for details." UserInfo={DownloadablePlist={
&amp#27;[38;5;173m[Xcode]&amp#27;[0m     category = simulator;
&amp#27;[38;5;173m[Xcode]&amp#27;[0m     contentType = cryptexDiskImage;
&amp#27;[38;5;173m[Xcode]&amp#27;[0m     dictionaryVersion = 2;
&amp#27;[38;5;173m[Xcode]&amp#27;[0m     downloadMethod = mobileAsset;
&amp#27;[38;5;173m[Xcode]&amp#27;[0m     fileSize = 4160787113;
&amp#27;[38;5;173m[Xcode]&amp#27;[0m     identifier = "com.apple.dmg.AppleTVSimulatorSDK18_0_b5";
&amp#27;[38;5;173m[Xcode]&amp#27;[0m     name = "tvOS 18.0 beta 5 Simulator Runtime";
&amp#27;[38;5;173m[Xcode]&amp#27;[0m     platform = "com.apple.platform.appletvos";
&amp#27;[38;5;173m[Xcode]&amp#27;[0m     simulatorVersion =     {
&amp#27;[38;5;173m[Xcode]&amp#27;[0m         buildUpdate = 22J5335e;
&amp#27;[38;5;173m[Xcode]&amp#27;[0m         version = "18.0";
&amp#27;[38;5;173m[Xcode]&amp#27;[0m     };
&amp#27;[38;5;173m[Xcode]&amp#27;[0m     version = "18.0.0.5";
&amp#27;[38;5;173m[Xcode]&amp#27;[0m }, NSLocalizedDescription=Unable to read in downloadable data. See underlying errors for details., DVTUnderlyingErrorsKey=(
&amp#27;[38;5;173m[Xcode]&amp#27;[0m     "Error Domain=DVTDownloadableErrors Code=27 \"'cryptexDiskImage' is an unknown content type.\" UserInfo={NSLocalizedDescription='cryptexDiskImage' is an unknown content type.}"
&amp#27;[38;5;173m[Xcode]&amp#27;[0m )}
&amp#27;[38;5;173m[Xcode]&amp#27;[0m 
&amp#27;[38;5;173m[Xcode]&amp#27;[0m 
&amp#27;[38;5;173m[Xcode]&amp#27;[0m 
&amp#27;[38;5;173m[Xcode]&amp#27;[0m CompileC /Users/oikhlas/Library/Developer/Xcode/DerivedData/WebDriverAgent-bcmeffsllcldukgyoimwiehwhvyz/Build/Intermediates.noindex/WebDriverAgent.build/Debug-iphonesimulator/WebDriverAgentLib.build/Objects-normal/x86_64/FBActiveAppDetectionPoint.o /Users/oikhlas/.appium/node_modules/appium-xcuitest-driver/node_modules/appium-webdriveragent/WebDriverAgentLib/Utilities/FBActiveAppDetectionPoint.m normal x86_64 objective-c com.apple.compilers.llvm.clang.1_0.compiler (in target 'WebDriverAgentLib' from project 'WebDriverAgent')
&amp#27;[38;5;173m[Xcode]&amp#27;[0m     cd /Users/oikhlas/.appium/node_modules/appium-xcuitest-driver/node_modules/appium-webdriveragent
&amp#27;[38;5;173m[Xcode]&amp#27;[0m     /Applications/Xcode.app/Contents/Developer/Toolchains/XcodeDefault.xctoolchain/usr/bin/clang -x objective-c -target x86_64-apple-ios16.0-simulator -fmessage-length\=0 -fdiagnostics-show-note-include-stack -fmacro-backtrace-limit\=0 -std\=gnu99 -fobjc-arc -fmodules -gmodules -fmodules-cache-path\=/Users/oikhlas/Library/Developer/Xcode/DerivedData/ModuleCache.noindex -fmodules-prune-interval\=86400 -fmodules-prune-after\=345600 -fbuild-session-file\=/Users/oikhlas/Library/Developer/Xcode/DerivedData/ModuleCache.noindex/Session.modulevalidation -fmodules-validate-once-per-build-session -Wno-trigraphs -fpascal-strings -O0 -fno-common -Wmissing-field-initializers -Wno-missing-prototypes -Werror\=return-type -Wunreachable-code -Wquoted-include-in-framework-header -Wno-implicit-atomic-properties -Werror\=deprecated-objc-isa-usage -Wno-objc-interface-ivars -Werror\=objc-root-class -Warc-repeated-use-of-weak -Wno-arc-maybe-repeated-use-of-weak -Wimplicit-retain-self -Wduplicate-method-match -Wno-missing-braces -Wparentheses -Wswitch -Wunused-function -Wno-unused-label -Wunused-parameter -Wunused-variable -Wunused-value -Wempty-body -Wuninitialized -Wconditional-uninitialized -Wno-unknown-pragmas -pedantic -Wshadow -Wno-four-char-constants -Wconversion -Wconstant-conversion -Wint-conversion -Wbool-conversion -Wenum-conversion -Wfloat-conversion -Wnon-literal-null-conversion -Wobjc-literal-conversion -Wassign-enum -Wsign-compare -Wshorten-64-to-32 -Wpointer-sign -Wno-newline-eof -Wno-selector -Wno-strict-selector-match -Wundeclared-selector -Wdeprecated-implementations -Wno-implicit-fallthrough -DDEBUG\=1 -DOBJC_OLD_DISPATCH_PROTOTYPES\=0 -isysroot /Applications/Xcode.app/Contents/Developer/Platforms/iPhoneSimulator.platform/Developer/SDKs/iPhoneSimulator16.0.sdk -fasm-blocks -fstrict-aliasing -Wprotocol -Wdeprecated-declarations -g -Wno-sign-conversion -Winfinite-recursion -Wcomma -Wblock-capture-autoreleasing -Wstrict-prototypes -Wno-semicolon-before-method-body -fobjc-abi-version\=2 -fobjc-legacy-dispatch -iquote /Users/oikhlas/Library/Developer/Xcode/DerivedData/WebDriverAgent-bcmeffsllcldukgyoimwiehwhvyz/Build/Intermediates.noindex/WebDriverAgent.build/Debug-iphonesimulator/WebDriverAgentLib.build/WebDriverAgentLib-generated-files.hmap -I/Users/oikhlas/Library/Developer/Xcode/DerivedData/WebDriverAgent-bcmeffsllcldukgyoimwiehwhvyz/Build/Intermediates.noindex/WebDriverAgent.build/Debug-iphonesimulator/WebDriverAgentLib.build/WebDriverAgentLib-own-target-headers.hmap -I/Users/oikhlas/Library/Developer/Xcode/DerivedData/WebDriverAgent-bcmeffsllcldukgyoimwiehwhvyz/Build/Intermediates.noindex/WebDriverAgent.build/Debug-iphonesimulator/WebDriverAgentLib.build/WebDriverAgentLib-all-target-headers.hmap -iquote /Users/oikhlas/Library/Developer/Xcode/DerivedData/WebDriverAgent-bcmeffsllcldukgyoimwiehwhvyz/Build/Intermediates.noindex/WebDriverAgent.build/Debug-iphonesimulator/WebDriverAgentLib.build/WebDriverAgentLib-project-headers.hmap -I/Users/oikhlas/Library/Developer/Xcode/DerivedData/WebDriverAgent-bcmeffsllcldukgyoimwiehwhvyz/Build/Products/Debug-iphonesimulator/include -I/Applications/Xcode.app/Contents/Developer/Platforms/iPhoneSimulator.platform/Developer/SDKs/iPhoneSimulator16.0.sdk/usr/include/libxml2 -I/Users/oikhlas/.appium/node_modules/appium-xcuitest-driver/node_modules/appium-webdriveragent/Modules -I/Users/oikhlas/Library/Developer/Xcode/DerivedData/WebDriverAgent-bcmeffsllcldukgyoimwiehwhvyz/Build/Intermediates.noindex/WebDriverAgent.build/Debug-iphonesimulator/WebDriverAgentLib.build/DerivedSources-normal/x86_64 -I/Users/oikhlas/Library/Developer/Xcode/DerivedData/WebDriverAgent-bcmeffsllcldukgyoimwiehwhvyz/Build/Intermediates.noindex/WebDriverAgent.build/Debug-iphonesimulator/WebDriverAgentLib.build/DerivedSources/x86_64 -I/Users/oikhlas/Library/Developer/Xcode/DerivedData/WebDriverAgent-bcmeffsllcldukgyoimwiehwhvyz/Build/Intermediates.noindex/WebDriverAgent.build/Debug-iphonesimulator/WebDriverAgentLib.build/DerivedSources -Weverything -Wno-objc-missing-property-synthesis -Wno-unused-macros -Wno-disabled-macro-expansion -Wno-gnu-statement-expression -Wno-language-extension-token -Wno-overriding-method-mismatch -Wno-missing-variable-declarations -Rno-module-build -Wno-auto-import -Wno-objc-interface-ivars -Wno-documentation-unknown-command -Wno-reserved-id-macro -Wno-unused-parameter -Wno-gnu-conditional-omitted-operand -Wno-explicit-ownership-type -Wno-date-time -Wno-cast-align -Wno-cstring-format-directive -Wno-double-promotion -Wno-partial-availability -Weverything -Wno-objc-missing-property-synthesis -Wno-unused-macros -Wno-disabled-macro-expansion -Wno-gnu-statement-expression -Wno-language-extension-token -Wno-overriding-method-mismatch -Wno-missing-variable-declarations -Rno-module-build -Wno-auto-import -Wno-objc-interface-ivars -Wno-documentation-unknown-command -Wno-reserved-id-macro -Wno-unused-parameter -Wno-gnu-conditional-omitted-operand -Wno-explicit-ownership-type -Wno-date-time -Wno-cast-align -Wno-cstring-format-directive -Wno-double-promotion -Wno-partial-availability -Wno-objc-messaging-id -Wno-direct-ivar-access -Wno-cast-qual -Wno-declaration-after-statement -F/Users/oikhlas/Library/Developer/Xcode/DerivedData/WebDriverAgent-bcmeffsllcldukgyoimwiehwhvyz/Build/Products/Debug-iphonesimulator -F/Applications/Xcode.app/Contents/Developer/Platforms/iPhoneSimulator.platform/Developer/Library/Frameworks -F/Applications/Xcode.app/Contents/Developer/Platforms/iPhoneSimulator.platform/Developer/Library/PrivateFrameworks -iframework /Applications/Xcode.app/Contents/Developer/Platforms/iPhoneSimulator.platform/Developer/SDKs/iPhoneSimulator16.0.sdk/Developer/Library/Frameworks -MMD -MT dependencies -MF /Users/oikhlas/Library/Developer/Xcode/DerivedData/WebDriverAgent-bcmeffsllcldukgyoimwiehwhvyz/Build/Intermediates.noindex/WebDriverAgent.build/Debug-iphonesimulator/WebDriverAgentLib.build/Objects-normal/x86_64/FBActiveAppDetectionPoint.d --serialize-diagnostics /Users/oikhlas/Library/Developer/Xcode/DerivedData/WebDriverAgent-bcmeffsllcldukgyoimwiehwhvyz/Build/Intermediates.noindex/WebDriverAgent.build/Debug-iphonesimulator/WebDriverAgentLib.build/Objects-normal/x86_64/FBActiveAppDetectionPoint.dia -c /Users/oikhlas/.appium/node_modules/appium-xcuitest-driver/node_modules/appium-webdriveragent/WebDriverAgentLib/Utilities/FBActiveAppDetectionPoint.m -o /Users/oikhlas/Library/Developer/Xcode/DerivedData/WebDriverAgent-bcmeffsllcldukgyoimwiehwhvyz/Build/Intermediates.noindex/WebDriverAgent.build/Debug-iphonesimulator/WebDriverAgentLib.build/Objects-normal/x86_64/FBActiveAppDetectionPoint.o
&amp#27;[38;5;173m[Xcode]&amp#27;[0m 
&amp#27;[38;5;173m[Xcode]&amp#27;[0m 
&amp#27;[38;5;173m[Xcode]&amp#27;[0m CompileC /Users/oikhlas/Library/Developer/Xcode/DerivedData/WebDriverAgent-bcmeffsllcldukgyoimwiehwhvyz/Build/Intermediates.noindex/WebDriverAgent.build/Debug-iphonesimulator/WebDriverAgentLib.build/Objects-normal/x86_64/DDNumber.o /Users/oikhlas/.appium/node_modules/appium-xcuitest-driver/node_modules/appium-webdriveragent/WebDriverAgentLib/Vendor/CocoaHTTPServer/Categories/DDNumber.m normal x86_64 objective-c com.apple.compilers.llvm.clang.1_0.compiler (in target 'WebDriverAgentLib' from project 'WebDriverAgent')
&amp#27;[38;5;173m[Xcode]&amp#27;[0m     cd /Users/oikhlas/.appium/node_modules/appium-xcuitest-driver/node_modules/appium-webdriveragent
&amp#27;[38;5;173m[Xcode]&amp#27;[0m     /Applications/Xcode.app/Contents/Developer/Toolchains/XcodeDefault.xctoolchain/usr/bin/clang -x objective-c -target x86_64-apple-ios16.0-simulator -fmessage-length\=0 -fdiagnostics-show-note-include-stack -fmacro-backtrace-limit\=0 -std\=gnu99 -fobjc-arc -fmodules -gmodules -fmodules-cache-path\=/Users/oikhlas/Library/Developer/Xcode/DerivedData/ModuleCache.noindex -fmodules-prune-interval\=86400 -fmodules-prune-after\=345600 -fbuild-session-file\=/Users/oikhlas/Library/Developer/Xcode/DerivedData/ModuleCache.noindex/Session.modulevalidation -fmodules-validate-once-per-build-session -Wno-trigraphs -fpascal-strings -O0 -fno-common -Wmissing-field-initializers -Wno-missing-prototypes -Werror\=return-type -Wunreachable-code -Wquoted-include-in-framework-header -Wno-implicit-atomic-properties -Werror\=deprecated-objc-isa-usage -Wno-objc-interface-ivars -Werror\=objc-root-class -Warc-repeated-use-of-weak -Wno-arc-maybe-repeated-use-of-weak -Wimplicit-retain-self -Wduplicate-method-match -Wno-missing-braces -Wparentheses -Wswitch -Wunused-function -Wno-unused-label -Wunused-parameter -Wunused-variable -Wunused-value -Wempty-body -Wuninitialized -Wconditional-uninitialized -Wno-unknown-pragmas -pedantic -Wshadow -Wno-four-char-constants -Wconversion -Wconstant-conversion -Wint-conversion -Wbool-conversion -Wenum-conversion -Wfloat-conversion -Wnon-literal-null-conversion -Wobjc-literal-conversion -Wassign-enum -Wsign-compare -Wshorten-64-to-32 -Wpointer-sign -Wno-newline-eof -Wno-selector -Wno-strict-selector-match -Wundeclared-selector -Wdeprecated-implementations -Wno-implicit-fallthrough -DDEBUG\=1 -DOBJC_OLD_DISPATCH_PROTOTYPES\=0 -isysroot /Applications/Xcode.app/Contents/Developer/Platforms/iPhoneSimulator.platform/Developer/SDKs/iPhoneSimulator16.0.sdk -fasm-blocks -fstrict-aliasing -Wprotocol -Wdeprecated-declarations -g -Wno-sign-conversion -Winfinite-recursion -Wcomma -Wblock-capture-autoreleasing -Wstrict-prototypes -Wno-semicolon-before-method-body -fobjc-abi-version\=2 -fobjc-legacy-dispatch -iquote /Users/oikhlas/Library/Developer/Xcode/DerivedData/WebDriverAgent-bcmeffsllcldukgyoimwiehwhvyz/Build/Intermediates.noindex/WebDriverAgent.build/Debug-iphonesimulator/WebDriverAgentLib.build/WebDriverAgentLib-generated-files.hmap -I/Users/oikhlas/Library/Developer/Xcode/DerivedData/WebDriverAgent-bcmeffsllcldukgyoimwiehwhvyz/Build/Intermediates.noindex/WebDriverAgent.build/Debug-iphonesimulator/WebDriverAgentLib.build/WebDriverAgentLib-own-target-headers.hmap -I/Users/oikhlas/Library/Developer/Xcode/DerivedData/WebDriverAgent-bcmeffsllcldukgyoimwiehwhvyz/Build/Intermediates.noindex/WebDriverAgent.build/Debug-iphonesimulator/WebDriverAgentLib.build/WebDriverAgentLib-all-target-headers.hmap -iquote /Users/oikhlas/Library/Developer/Xcode/DerivedData/WebDriverAgent-bcmeffsllcldukgyoimwiehwhvyz/Build/Intermediates.noindex/WebDriverAgent.build/Debug-iphonesimulator/WebDriverAgentLib.build/WebDriverAgentLib-project-headers.hmap -I/Users/oikhlas/Library/Developer/Xcode/DerivedData/WebDriverAgent-bcmeffsllcldukgyoimwiehwhvyz/Build/Products/Debug-iphonesimulator/include -I/Applications/Xcode.app/Contents/Developer/Platforms/iPhoneSimulator.platform/Developer/SDKs/iPhoneSimulator16.0.sdk/usr/include/libxml2 -I/Users/oikhlas/.appium/node_modules/appium-xcuitest-driver/node_modules/appium-webdriveragent/Modules -I/Users/oikhlas/Library/Developer/Xcode/DerivedData/WebDriverAgent-bcmeffsllcldukgyoimwiehwhvyz/Build/Intermediates.noindex/WebDriverAgent.build/Debug-iphonesimulator/WebDriverAgentLib.build/DerivedSources-normal/x86_64 -I/Users/oikhlas/Library/Developer/Xcode/DerivedData/WebDriverAgent-bcmeffsllcldukgyoimwiehwhvyz/Build/Intermediates.noindex/WebDriverAgent.build/Debug-iphonesimulator/WebDriverAgentLib.build/DerivedSources/x86_64 -I/Users/oikhlas/Library/Developer/Xcode/DerivedData/WebDriverAgent-bcmeffsllcldukgyoimwiehwhvyz/Build/Intermediates.noindex/WebDriverAgent.build/Debug-iphonesimulator/WebDriverAgentLib.build/DerivedSources -Weverything -Wno-objc-missing-property-synthesis -Wno-unused-macros -Wno-disabled-macro-expansion -Wno-gnu-statement-expression -Wno-language-extension-token -Wno-overriding-method-mismatch -Wno-missing-variable-declarations -Rno-module-build -Wno-auto-import -Wno-objc-interface-ivars -Wno-documentation-unknown-command -Wno-reserved-id-macro -Wno-unused-parameter -Wno-gnu-conditional-omitted-operand -Wno-explicit-ownership-type -Wno-date-time -Wno-cast-align -Wno-cstring-format-directive -Wno-double-promotion -Wno-partial-availability -Weverything -Wno-objc-missing-property-synthesis -Wno-unused-macros -Wno-disabled-macro-expansion -Wno-gnu-statement-expression -Wno-language-extension-token -Wno-overriding-method-mismatch -Wno-missing-variable-declarations -Rno-module-build -Wno-auto-import -Wno-objc-interface-ivars -Wno-documentation-unknown-command -Wno-reserved-id-macro -Wno-unused-parameter -Wno-gnu-conditional-omitted-operand -Wno-explicit-ownership-type -Wno-date-time -Wno-cast-align -Wno-cstring-format-directive -Wno-double-promotion -Wno-partial-availability -Wno-objc-messaging-id -Wno-direct-ivar-access -Wno-cast-qual -Wno-declaration-after-statement -F/Users/oikhlas/Library/Developer/Xcode/DerivedData/WebDriverAgent-bcmeffsllcldukgyoimwiehwhvyz/Build/Products/Debug-iphonesimulator -F/Applications/Xcode.app/Contents/Developer/Platforms/iPhoneSimulator.platform/Developer/Library/Frameworks -F/Applications/Xcode.app/Contents/Developer/Platforms/iPhoneSimulator.platform/Developer/Library/PrivateFrameworks -iframework /Applications/Xcode.app/Contents/Developer/Platforms/iPhoneSimulator.platform/Developer/SDKs/iPhoneSimulator16.0.sdk/Developer/Library/Frameworks -MMD -MT dependencies -MF /Users/oikhlas/Library/Developer/Xcode/DerivedData/WebDriverAgent-bcmeffsllcldukgyoimwiehwhvyz/Build/Intermediates.noindex/WebDriverAgent.build/Debug-iphonesimulator/WebDriverAgentLib.build/Objects-normal/x86_64/DDNumber.d --serialize-diagnostics /Users/oikhlas/Library/Developer/Xcode/DerivedData/WebDriverAgent-bcmeffsllcldukgyoimwiehwhvyz/Build/Intermediates.noindex/WebDriverAgent.build/Debug-iphonesimulator/WebDriverAgentLib.build/Objects-normal/x86_64/DDNumber.dia -c /Users/oikhlas/.appium/node_modules/appium-xcuitest-driver/node_modules/appium-webdriveragent/WebDriverAgentLib/Vendor/CocoaHTTPServer/Categories/DDNumber.m -o /Users/oikhlas/Library/Developer/Xcode/DerivedData/WebDriverAgent-bcmeffsllcldukgyoimwiehwhvyz/Build/Intermediates.noindex/WebDriverAgent.build/Debug-iphonesimulator/WebDriverAgentLib.build/Objects-normal/x86_64/DDNumber.o
&amp#27;[38;5;173m[Xcode]&amp#27;[0m 
&amp#27;[38;5;173m[Xcode]&amp#27;[0m 
&amp#27;[38;5;173m[Xcode]&amp#27;[0m Ld /Users/oikhlas/Library/Developer/Xcode/DerivedData/WebDriverAgent-bcmeffsllcldukgyoimwiehwhvyz/Build/Products/Debug-iphonesimulator/WebDriverAgentLib.framework/WebDriverAgentLib normal (in target 'WebDriverAgentLib' from project 'WebDriverAgent')
&amp#27;[38;5;173m[Xcode]&amp#27;[0m     cd /Users/oikhlas/.appium/node_modules/appium-xcuitest-driver/node_modules/appium-webdriveragent
&amp#27;[38;5;173m[Xcode]&amp#27;[0m     /Applications/Xcode.app/Contents/Developer/Toolchains/XcodeDefault.xctoolchain/usr/bin/clang -target x86_64-apple-ios16.0-simulator -dynamiclib -isysroot /Applications/Xcode.app/Contents/Developer/Platforms/iPhoneSimulator.platform/Developer/SDKs/iPhoneSimulator16.0.sdk -L/Users/oikhlas/Library/Developer/Xcode/DerivedData/WebDriverAgent-bcmeffsllcldukgyoimwiehwhvyz/Build/Intermediates.noindex/EagerLinkingTBDs -L/Users/oikhlas/Library/Developer/Xcode/DerivedData/WebDriverAgent-bcmeffsllcldukgyoimwiehwhvyz/Build/Products/Debug-iphonesimulator -L/Applications/Xcode.app/Contents/Developer/Platforms/iPhoneSimulator.platform/Developer/usr/lib -F/Users/oikhlas/Library/Developer/Xcode/DerivedData/WebDriverAgent-bcmeffsllcldukgyoimwiehwhvyz/Build/Intermediates.noindex/EagerLinkingTBDs -F/Users/oikhlas/Library/Developer/Xcode/DerivedData/WebDriverAgent-bcmeffsllcldukgyoimwiehwhvyz/Build/Products/Debug-iphonesimulator -F/Applications/Xcode.app/Contents/Developer/Platforms/iPhoneSimulator.platform/Developer/Library/Frameworks -F/Applications/Xcode.app/Contents/Developer/Platforms/iPhoneSimulator.platform/Developer/Library/PrivateFrameworks -iframework /Applications/Xcode.app/Contents/Developer/Platforms/iPhoneSimulator.platform/Developer/Library/Frameworks -iframework /Applications/Xcode.app/Contents/Developer/Platforms/iPhoneSimulator.platform/Developer/SDKs/iPhoneSimulator16.0.sdk/Developer/Library/Frameworks -filelist /Users/oikhlas/Library/Developer/Xcode/DerivedData/WebDriverAgent-bcmeffsllcldukgyoimwiehwhvyz/Build/Intermediates.noindex/WebDriverAgent.build/Debug-iphonesimulator/WebDriverAgentLib.build/Objects-normal/x86_64/WebDriverAgentLib.LinkFileList -install_name @rpath/WebDriverAgentLib.framework/WebDriverAgentLib -Xlinker -rpath -Xlinker @executable_path/Frameworks -Xlinker -rpath -Xlinker @loader_path/Frameworks -Xlinker -rpath -Xlinker /Developer/Library/Frameworks -Xlinker -rpath -Xlinker /Developer/Library/PrivateFrameworks -Xlinker -rpath -Xlinker /System/Developer/Library/PrivateFrameworks -Xlinker -rpath -Xlinker /System/Developer/Library/Frameworks -dead_strip -Xlinker -object_path_lto -Xlinker /Users/oikhlas/Library/Developer/Xcode/DerivedData/WebDriverAgent-bcmeffsllcldukgyoimwiehwhvyz/Build/Intermediates.noindex/WebDriverAgent.build/Debug-iphonesimulator/WebDriverAgentLib.build/Objects-normal/x86_64/WebDriverAgentLib_lto.o -Xlinker -export_dynamic -Xlinker -no_deduplicate -Xlinker -objc_abi_version -Xlinker 2 -fobjc-arc -fobjc-link-runtime -lAccessibility -framework XCTest -lxml2 -Xlinker -no_adhoc_codesign -compatibility_version 1 -current_version 1 -Xlinker -dependency_info -Xlinker /Users/oikhlas/Library/Developer/Xcode/DerivedData/WebDriverAgent-bcmeffsllcldukgyoimwiehwhvyz/Build/Intermediates.noindex/WebDriverAgent.build/Debug-iphonesimulator/WebDriverAgentLib.build/Objects-normal/x86_64/WebDriverAgentLib_dependency_info.dat -o /Users/oikhlas/Library/Developer/Xcode/DerivedData/WebDriverAgent-bcmeffsllcldukgyoimwiehwhvyz/Build/Products/Debug-iphonesimulator/WebDriverAgentLib.framework/WebDriverAgentLib
&amp#27;[38;5;173m[Xcode]&amp#27;[0m 
&amp#27;[38;5;173m[Xcode]&amp#27;[0m 2024-11-05 15:48:04.577 xcodebuild[20643:209611]  DVTDownloadable: Unexpected error attempting to parse downloadable from index: Error Domain=DVTDownloadableErrors Code=16 "Unable to read in downloadable data. See underlying errors for details." UserInfo={DownloadablePlist={
&amp#27;[38;5;173m[Xcode]&amp#27;[0m     category = simulator;
&amp#27;[38;5;173m[Xcode]&amp#27;[0m     contentType = cryptexDiskImage;
&amp#27;[38;5;173m[Xcode]&amp#27;[0m     dictionaryVersion = 2;
&amp#27;[38;5;173m[Xcode]&amp#27;[0m     downloadMethod = mobileAsset;
&amp#27;[38;5;173m[Xcode]&amp#27;[0m     fileSize = 8388651328;
&amp#27;[38;5;173m[Xcode]&amp#27;[0m     identifier = "com.apple.dmg.xrSimulatorSDK2_0_b5";
&amp#27;[38;5;173m[Xcode]&amp#27;[0m     name = "visionOS 2.0 beta 5 Simulator Runtime";
&amp#27;[38;5;173m[Xcode]&amp#27;[0m     platform = "com.apple.platform.xros";
&amp#27;[38;5;173m[Xcode]&amp#27;[0m     simulatorVersion =     {
&amp#27;[38;5;173m[Xcode]&amp#27;[0m         buildUpdate = 22N5297g;
&amp#27;[38;5;173m[Xcode]&amp#27;[0m         version = "2.0";
&amp#27;[38;5;173m[Xcode]&amp#27;[0m     };
&amp#27;[38;5;173m[Xcode]&amp#27;[0m     version = "2.0.0.5";
&amp#27;[38;5;173m[Xcode]&amp#27;[0m }, NSLocalizedDescription=Unable to read in downloadable data. See underlying errors for details., DVTUnderlyingErrorsKey=(
&amp#27;[38;5;173m[Xcode]&amp#27;[0m     "Error Domain=DVTDownloadableErrors Code=27 \"'cryptexDiskImage' is an unknown content type.\" UserInfo={NSLocalizedDescription='cryptexDiskImage' is an unknown content type.}",
&amp#27;[38;5;173m[Xcode]&amp#27;[0m     "Error Domain=DVTDownloadableErrors Code=23 \"'com.apple.platform.xros' is an unknown platform identifier.\" UserInfo={NSLocalizedDescription='com.apple.platform.xros' is an unknown platform identifier.}"
&amp#27;[38;5;173m[Xcode]&amp#27;[0m )}
&amp#27;[38;5;173m[Xcode]&amp#27;[0m 
&amp#27;[38;5;173m[Xcode]&amp#27;[0m 2024-11-05 15:48:04.578 xcodebuild[20643:209611]  DVTDownloadable: Unexpected error attempting to parse downloadable from index: Error Domain=DVTDownloadableErrors Code=16 "Unable to read in downloadable data. See underlying errors for details." UserInfo={DownloadablePlist={
&amp#27;[38;5;173m[Xcode]&amp#27;[0m     category = simulator;
&amp#27;[38;5;173m[Xcode]&amp#27;[0m     contentType = cryptexDiskImage;
&amp#27;[38;5;173m[Xcode]&amp#27;[0m     dictionaryVersion = 2;
&amp#27;[38;5;173m[Xcode]&amp#27;[0m     downloadMethod = mobileAsset;
&amp#27;[38;5;173m[Xcode]&amp#27;[0m     fileSize = 4227895988;
&amp#27;[38;5;173m[Xcode]&amp#27;[0m     identifier = "com.apple.dmg.WatchSimulatorSDK11_0_b5";
&amp#27;[38;5;173m[Xcode]&amp#27;[0m     name = "watchOS 11.0 beta 5 Simulator Runtime";
&amp#27;[38;5;173m[Xcode]&amp#27;[0m     platform = "com.apple.platform.watchos";
&amp#27;[38;5;173m[Xcode]&amp#27;[0m     simulatorVersion =     {
&amp#27;[38;5;173m[Xcode]&amp#27;[0m         buildUpdate = 22R5328f;
&amp#27;[38;5;173m[Xcode]&amp#27;[0m         version = "11.0";
&amp#27;[38;5;173m[Xcode]&amp#27;[0m     };
&amp#27;[38;5;173m[Xcode]&amp#27;[0m     version = "11.0.0.5";
&amp#27;[38;5;173m[Xcode]&amp#27;[0m }, NSLocalizedDescription=Unable to read in downloadable data. See underlying errors for details., DVTUnderlyingErrorsKey=(
&amp#27;[38;5;173m[Xcode]&amp#27;[0m     "Error Domain=DVTDownloadableErrors Code=27 \"'cryptexDiskImage' is an unknown content type.\" UserInfo={NSLocalizedDescription='cryptexDiskImage' is an unknown content type.}"
&amp#27;[38;5;173m[Xcode]&amp#27;[0m )}
&amp#27;[38;5;173m[Xcode]&amp#27;[0m 
&amp#27;[38;5;173m[Xcode]&amp#27;[0m 2024-11-05 15:48:04.579 xcodebuild[20643:209611]  DVTDownloadable: Unexpected error attempting to parse downloadable from index: Error Domain=DVTDownloadableErrors Code=16 "Unable to read in downloadable data. See underlying errors for details." UserInfo={DownloadablePlist={
&amp#27;[38;5;173m[Xcode]&amp#27;[0m     category = simulator;
&amp#27;[38;5;173m[Xcode]&amp#27;[0m     contentType = cryptexDiskImage;
&amp#27;[38;5;173m[Xcode]&amp#27;[0m     dictionaryVersion = 2;
&amp#27;[38;5;173m[Xcode]&amp#27;[0m     downloadMethod = mobileAsset;
&amp#27;[38;5;173m[Xcode]&amp#27;[0m     fileSize = 8858435409;
&amp#27;[38;5;173m[Xcode]&amp#27;[0m     identifier = "com.apple.dmg.iPhoneSimulatorSDK18_1_b2";
&amp#27;[38;5;173m[Xcode]&amp#27;[0m     name = "iOS 18.1 beta 2 Simulator Runtime";
&amp#27;[38;5;173m[Xcode]&amp#27;[0m     platform = "com.apple.platform.iphoneos";
&amp#27;[38;5;173m[Xcode]&amp#27;[0m     simulatorVersion =     {
&amp#27;[38;5;173m[Xcode]&amp#27;[0m         buildUpdate = 22B5023e;
&amp#27;[38;5;173m[Xcode]&amp#27;[0m         version = "18.1";
&amp#27;[38;5;173m[Xcode]&amp#27;[0m     };
&amp#27;[38;5;173m[Xcode]&amp#27;[0m     version = "18.1.0.2";
&amp#27;[38;5;173m[Xcode]&amp#27;[0m }, NSLocalizedDescription=Unable to read in downloadable data. See underlying errors for details., DVTUnderlyingErrorsKey=(
&amp#27;[38;5;173m[Xcode]&amp#27;[0m     "Error Domain=DVTDownloadableErrors Code=27 \"'cryptexDiskImage' is an unknown content type.\" UserInfo={NSLocalizedDescription='cryptexDiskImage' is an unknown content type.}"
&amp#27;[38;5;173m[Xcode]&amp#27;[0m )}
&amp#27;[38;5;173m[Xcode]&amp#27;[0m 
&amp#27;[38;5;173m[Xcode]&amp#27;[0m 2024-11-05 15:48:04.581 xcodebuild[20643:209611]  DVTDownloadable: Unexpected error attempting to parse downloadable from index: Error Domain=DVTDownloadableErrors Code=16 "Unable to read in downloadable data. See underlying errors for details." UserInfo={DownloadablePlist={
&amp#27;[38;5;173m[Xcode]&amp#27;[0m     category = simulator;
&amp#27;[38;5;173m[Xcode]&amp#27;[0m     contentType = cryptexDiskImage;
&amp#27;[38;5;173m[Xcode]&amp#27;[0m     dictionaryVersion = 2;
&amp#27;[38;5;173m[Xcode]&amp#27;[0m     downloadMethod = mobileAsset;
&amp#27;[38;5;173m[Xcode]&amp#27;[0m     fileSize = 8187324729;
&amp#27;[38;5;173m[Xcode]&amp#27;[0m     identifier = "com.apple.dmg.iPhoneSimulatorSDK18_0_b7";
&amp#27;[38;5;173m[Xcode]&amp#27;[0m     name = "iOS 18.0 beta 7 Simulator Runtime";
&amp#27;[38;5;173m[Xcode]&amp#27;[0m     platform = "com.apple.platform.iphoneos";
&amp#27;[38;5;173m[Xcode]&amp#27;[0m     simulatorVersion =     {
&amp#27;[38;5;173m[Xcode]&amp#27;[0m         buildUpdate = 22A5346a;
&amp#27;[38;5;173m[Xcode]&amp#27;[0m         version = "18.0";
&amp#27;[38;5;173m[Xcode]&amp#27;[0m     };
&amp#27;[38;5;173m[Xcode]&amp#27;[0m     version = "18.0.0.7";
&amp#27;[38;5;173m[Xcode]&amp#27;[0m }, NSLocalizedDescription=Unable to read in downloadable data. See underlying errors for details., DVTUnderlyingErrorsKey=(
&amp#27;[38;5;173m[Xcode]&amp#27;[0m     "Error Domain=DVTDownloadableErrors Code=27 \"'cryptexDiskImage' is an unknown content type.\" UserInfo={NSLocalizedDescription='cryptexDiskImage' is an unknown content type.}"
&amp#27;[38;5;173m[Xcode]&amp#27;[0m )}
&amp#27;[38;5;173m[Xcode]&amp#27;[0m 2024-11-05 15:48:04.581 xcodebuild[20643:209611]  DVTDownloadable: Unexpected error attempting to parse downloadable from index: Error Domain=DVTDownloadableErrors Code=16 "Unable to read in downloadable data. See underlying errors for details." UserInfo={DownloadablePlist={
&amp#27;[38;5;173m[Xcode]&amp#27;[0m     category = simulator;
&amp#27;[38;5;173m[Xcode]&amp#27;[0m     contentType = cryptexDiskImage;
&amp#27;[38;5;173m[Xcode]&amp#27;[0m     dictionaryVersion = 2;
&amp#27;[38;5;173m[Xcode]&amp#27;[0m     downloadMethod = mobileAsset;
&amp#27;[38;5;173m[Xcode]&amp#27;[0m     fileSize = 4160787095;
&amp#27;[38;5;173m[Xcode]&amp#27;[0m     identifier = "com.apple.dmg.AppleTVSimulatorSDK18_0_b7";
&amp#27;[38;5;173m[Xcode]&amp#27;[0m     name = "tvOS 18.0 beta 7 Simulator Runtime";
&amp#27;[38;5;173m[Xcode]&amp#27;[0m     platform = "com.apple.platform.appletvos";
&amp#27;[38;5;173m[Xcode]&amp#27;[0m     simulatorVersion =     {
&amp#27;[38;5;173m[Xcode]&amp#27;[0m         buildUpdate = 22J5352a;
&amp#27;[38;5;173m[Xcode]&amp#27;[0m         version = "18.0";
&amp#27;[38;5;173m[Xcode]&amp#27;[0m     };
&amp#27;[38;5;173m[Xcode]&amp#27;[0m     version = "18.0.0.7";
&amp#27;[38;5;173m[Xcode]&amp#27;[0m }, NSLocalizedDescription=Unable to read in downloadable data. See underlying errors for details., DVTUnderlyingErrorsKey=(
&amp#27;[38;5;173m[Xcode]&amp#27;[0m     "Error Domain=DVTDownloadableErrors Code=27 \"'cryptexDiskImage' is an unknown content type.\" UserInfo={NSLocalizedDescription='cryptexDiskImage' is an unknown content type.}"
&amp#27;[38;5;173m[Xcode]&amp#27;[0m )}
&amp#27;[38;5;173m[Xcode]&amp#27;[0m 2024-11-05 15:48:04.581 xcodebuild[20643:209611]  DVTDownloadable: Unexpected error attempting to parse downloadable from index: Error Domain=DVTDownloadableErrors Code=16 "Unable to read in downloadable data. See underlying errors for details." UserInfo={DownloadablePlist={
&amp#27;[38;5;173m[Xcode]&amp#27;[0m     category = simulator;
&amp#27;[38;5;173m[Xcode]&amp#27;[0m     contentType = cryptexDiskImage;
&amp#27;[38;5;173m[Xcode]&amp#27;[0m     dictionaryVersion = 2;
&amp#27;[38;5;173m[Xcode]&amp#27;[0m     downloadMethod = mobileAsset;
&amp#27;[38;5;173m[Xcode]&amp#27;[0m     fileSize = 8388673269;
&amp#27;[38;5;173m[Xcode]&amp#27;[0m     identifier = "com.apple.dmg.xrSimulatorSDK2_0_b7";
&amp#27;[38;5;173m[Xcode]&amp#27;[0m     name = "visionOS 2.0 beta 7 Simulator Runtime";
&amp#27;[38;5;173m[Xcode]&amp#27;[0m     platform = "com.apple.platform.xros";
&amp#27;[38;5;173m[Xcode]&amp#27;[0m     simulatorVersion =     {
&amp#27;[38;5;173m[Xcode]&amp#27;[0m         buildUpdate = 22N5314a;
&amp#27;[38;5;173m[Xcode]&amp#27;[0m         version = "2.0";
&amp#27;[38;5;173m[Xcode]&amp#27;[0m     };
&amp#27;[38;5;173m[Xcode]&amp#27;[0m     version = "2.0.0.7";
&amp#27;[38;5;173m[Xcode]&amp#27;[0m }, NSLocalizedDescription=Unable to read in downloadable data. See underlying errors for details., DVTUnderlyingErrorsKey=(
&amp#27;[38;5;173m[Xcode]&amp#27;[0m     "Error Domain=DVTDownloadableErrors Code=27 \"'cryptexDiskImage' is an unknown content type.\" UserInfo={NSLocalizedDescription='cryptexDiskImage' is an unknown content type.}",
&amp#27;[38;5;173m[Xcode]&amp#27;[0m     "Error Domain=DVTDownloadableErrors Code=23 \"'com.apple.platform.xros' is an unknown platform identifier.\" UserInfo={NSLocalizedDescription='com.apple.platform.xros' is an unknown platform identifier.}"
&amp#27;[38;5;173m[Xcode]&amp#27;[0m )}
&amp#27;[38;5;173m[Xcode]&amp#27;[0m 2024-11-05 15:48:04.581 xcodebuild[20643:209611]  DVTDownloadable: Unexpected error attempting to parse downloadable from index: Error Domain=DVTDownloadableErrors Code=16 "Unable to read in downloadable data. See underlying errors for details." UserInfo={DownloadablePlist={
&amp#27;[38;5;173m[Xcode]&amp#27;[0m     category = simulator;
&amp#27;[38;5;173m[Xcode]&amp#27;[0m     contentType = cryptexDiskImage;
&amp#27;[38;5;173m[Xcode]&amp#27;[0m     dictionaryVersion = 2;
&amp#27;[38;5;173m[Xcode]&amp#27;[0m     downloadMethod = mobileAsset;
&amp#27;[38;5;173m[Xcode]&amp#27;[0m     fileSize = 4227895989;
&amp#27;[38;5;173m[Xcode]&amp#27;[0m     identifier = "com.apple.dmg.WatchSimulatorSDK11_0_b7";
&amp#27;[38;5;173m[Xcode]&amp#27;[0m     name = "watchOS 11.0 beta 7 Simulator Runtime";
&amp#27;[38;5;173m[Xcode]&amp#27;[0m     platform = "com.apple.platform.watchos";
&amp#27;[38;5;173m[Xcode]&amp#27;[0m     simulatorVersion =     {
&amp#27;[38;5;173m[Xcode]&amp#27;[0m         buildUpdate = 22R5346a;
&amp#27;[38;5;173m[Xcode]&amp#27;[0m         version = "11.0";
&amp#27;[38;5;173m[Xcode]&amp#27;[0m     };
&amp#27;[38;5;173m[Xcode]&amp#27;[0m     version = "11.0.0.7";
&amp#27;[38;5;173m[Xcode]&amp#27;[0m }, NSLocalizedDescription=Unable to read in downloadable data. See underlying errors for details., DVTUnderlyingErrorsKey=(
&amp#27;[38;5;173m[Xcode]&amp#27;[0m     "Error Domain=DVTDownloadableErrors Code=27 \"'cryptexDiskImage' is an unknown content type.\" UserInfo={NSLocalizedDescription='cryptexDiskImage' is an unknown content type.}"
&amp#27;[38;5;173m[Xcode]&amp#27;[0m )}
&amp#27;[38;5;173m[Xcode]&amp#27;[0m 2024-11-05 15:48:04.581 xcodebuild[20643:209611]  DVTDownloadable: Unexpected error attempting to parse downloadable from index: Error Domain=DVTDownloadableErrors Code=16 "Unable to read in downloadable data. See underlying errors for details." UserInfo={DownloadablePlist={
&amp#27;[38;5;173m[Xcode]&amp#27;[0m     category = simulator;
&amp#27;[38;5;173m[Xcode]&amp#27;[0m     contentType = cryptexDiskImage;
&amp#27;[38;5;173m[Xcode]&amp#27;[0m     dictionaryVersion = 2;
&amp#27;[38;5;173m[Xcode]&amp#27;[0m     downloadMethod = mobileAsset;
&amp#27;[38;5;173m[Xcode]&amp#27;[0m     fileSize = 8388651290;
&amp#27;[38;5;173m[Xcode]&amp#27;[0m     identifier = "com.apple.dmg.iPhoneSimulatorSDK18_0";
&amp#27;[38;5;173m[Xcode]&amp#27;[0m     name = "iOS 18.0 Simulator Runtime";
&amp#27;[38;5;173m[Xcode]&amp#27;[0m     platform = "com.apple.platform.iphoneos";
&amp#27;[38;5;173m[Xcode]&amp#27;[0m     simulatorVersion =     {
&amp#27;[38;5;173m[Xcode]&amp#27;[0m         buildUpdate = 22A3351;
&amp#27;[38;5;173m[Xcode]&amp#27;[0m         version = "18.0";
&amp#27;[38;5;173m[Xcode]&amp#27;[0m     };
&amp#27;[38;5;173m[Xcode]&amp#27;[0m     version = "18.0.0.0";
&amp#27;[38;5;173m[Xcode]&amp#27;[0m }, NSLocalizedDescription=Unable to read in downloadable data. See underlying errors for details., DVTUnderlyingErrorsKey=(
&amp#27;[38;5;173m[Xcode]&amp#27;[0m     "Error Domain=DVTDownloadableErrors Code=27 \"'cryptexDiskImage' is an unknown content type.\" UserInfo={NSLocalizedDescription='cryptexDiskImage' is an unknown content type.}"
&amp#27;[38;5;173m[Xcode]&amp#27;[0m )}
&amp#27;[38;5;173m[Xcode]&amp#27;[0m 2024-11-05 15:48:04.582 xcodebuild[20643:209611]  DVTDownloadable: Unexpected error attempting to parse downloadable from index: Error Domain=DVTDownloadableErrors Code=16 "Unable to read in downloadable data. See underlying errors for details." UserInfo={DownloadablePlist={
&amp#27;[38;5;173m[Xcode]&amp#27;[0m     category = simulator;
&amp#27;[38;5;173m[Xcode]&amp#27;[0m     contentType = cryptexDiskImage;
&amp#27;[38;5;173m[Xcode]&amp#27;[0m     dictionaryVersion = 2;
&amp#27;[38;5;173m[Xcode]&amp#27;[0m     downloadMethod = mobileAsset;
&amp#27;[38;5;173m[Xcode]&amp#27;[0m     fileSize = 4227895959;
&amp#27;[38;5;173m[Xcode]&amp#27;[0m     identifier = "com.apple.dmg.AppleTVSimulatorSDK18_0";
&amp#27;[38;5;173m[Xcode]&amp#27;[0m     name = "tvOS 18.0 Simulator Runtime";
&amp#27;[38;5;173m[Xcode]&amp#27;[0m     platform = "com.apple.platform.appletvos";
&amp#27;[38;5;173m[Xcode]&amp#27;[0m     simulatorVersion =     {
&amp#27;[38;5;173m[Xcode]&amp#27;[0m         buildUpdate = 22J356;
&amp#27;[38;5;173m[Xcode]&amp#27;[0m         version = "18.0";
&amp#27;[38;5;173m[Xcode]&amp#27;[0m     };
&amp#27;[38;5;173m[Xcode]&amp#27;[0m     version = "18.0.0.0";
&amp#27;[38;5;173m[Xcode]&amp#27;[0m }, NSLocalizedDescription=Unable to read in downloadable data. See underlying errors for details., DVTUnderlyingErrorsKey=(
&amp#27;[38;5;173m[Xcode]&amp#27;[0m     "Error Domain=DVTDownloadableErrors Code=27 \"'cryptexDiskImage' is an unknown content type.\" UserInfo={NSLocalizedDescription='cryptexDiskImage' is an unknown content type.}"
&amp#27;[38;5;173m[Xcode]&amp#27;[0m )}
&amp#27;[38;5;173m[Xcode]&amp#27;[0m 
&amp#27;[38;5;173m[Xcode]&amp#27;[0m 2024-11-05 15:48:04.625 xcodebuild[20643:209611]  DVTDownloadable: Unexpected error attempting to parse downloadable from index: Error Domain=DVTDownloadableErrors Code=16 "Unable to read in downloadable data. See underlying errors for details." UserInfo={DownloadablePlist={
&amp#27;[38;5;173m[Xcode]&amp#27;[0m     category = simulator;
&amp#27;[38;5;173m[Xcode]&amp#27;[0m     contentType = cryptexDiskImage;
&amp#27;[38;5;173m[Xcode]&amp#27;[0m     dictionaryVersion = 2;
&amp#27;[38;5;173m[Xcode]&amp#27;[0m     downloadMethod = mobileAsset;
&amp#27;[38;5;173m[Xcode]&amp#27;[0m     fileSize = 8455760172;
&amp#27;[38;5;173m[Xcode]&amp#27;[0m     identifier = "com.apple.dmg.xrSimulatorSDK2_0";
&amp#27;[38;5;173m[Xcode]&amp#27;[0m     name = "visionOS 2.0 Simulator Runtime";
&amp#27;[38;5;173m[Xcode]&amp#27;[0m     platform = "com.apple.platform.xros";
&amp#27;[38;5;173m[Xcode]&amp#27;[0m     simulatorVersion =     {
&amp#27;[38;5;173m[Xcode]&amp#27;[0m         buildUpdate = 22N318;
&amp#27;[38;5;173m[Xcode]&amp#27;[0m         version = "2.0";
&amp#27;[38;5;173m[Xcode]&amp#27;[0m     };
&amp#27;[38;5;173m[Xcode]&amp#27;[0m     version = "2.0.0.0";
&amp#27;[38;5;173m[Xcode]&amp#27;[0m }, NSLocalizedDescription=Unable to read in downloadable data. See underlying errors for details., DVTUnderlyingErrorsKey=(
&amp#27;[38;5;173m[Xcode]&amp#27;[0m     "Error Domain=DVTDownloadableErrors Code=27 \"'cryptexDiskImage' is an unknown content type.\" UserInfo={NSLocalizedDescription='cryptexDiskImage' is an unknown content type.}",
&amp#27;[38;5;173m[Xcode]&amp#27;[0m     "Error Domain=DVTDownloadableErrors Code=23 \"'com.apple.platform.xros' is an unknown platform identifier.\" UserInfo={NSLocalizedDescription='com.apple.platform.xros' is an unknown platform identifier.}"
&amp#27;[38;5;173m[Xcode]&amp#27;[0m )}
&amp#27;[38;5;173m[Xcode]&amp#27;[0m 
&amp#27;[38;5;173m[Xcode]&amp#27;[0m 2024-11-05 15:48:04.625 xcodebuild[20643:209611]  DVTDownloadable: Unexpected error attempting to parse downloadable from index: Error Domain=DVTDownloadableErrors Code=16 "Unable to read in downloadable data. See underlying errors for details." UserInfo={DownloadablePlist={
&amp#27;[38;5;173m[Xcode]&amp#27;[0m     category = simulator;
&amp#27;[38;5;173m[Xcode]&amp#27;[0m     contentType = cryptexDiskImage;
&amp#27;[38;5;173m[Xcode]&amp#27;[0m     dictionaryVersion = 2;
&amp#27;[38;5;173m[Xcode]&amp#27;[0m     downloadMethod = mobileAsset;
&amp#27;[38;5;173m[Xcode]&amp#27;[0m     fileSize = 4496331408;
&amp#27;[38;5;173m[Xcode]&amp#27;[0m     identifier = "com.apple.dmg.WatchSimulatorSDK11_0";
&amp#27;[38;5;173m[Xcode]&amp#27;[0m     name = "watchOS 11.0 Simulator Runtime";
&amp#27;[38;5;173m[Xcode]&amp#27;[0m     platform = "com.apple.platform.watchos";
&amp#27;[38;5;173m[Xcode]&amp#27;[0m     simulatorVersion =     {
&amp#27;[38;5;173m[Xcode]&amp#27;[0m         buildUpdate = 22R349;
&amp#27;[38;5;173m[Xcode]&amp#27;[0m         version = "11.0";
&amp#27;[38;5;173m[Xcode]&amp#27;[0m     };
&amp#27;[38;5;173m[Xcode]&amp#27;[0m     version = "11.0.0.0";
&amp#27;[38;5;173m[Xcode]&amp#27;[0m }, NSLocalizedDescription=Unable to read in downloadable data. See underlying errors for details., DVTUnderlyingErrorsKey=(
&amp#27;[38;5;173m[Xcode]&amp#27;[0m     "Error Domain=DVTDownloadableErrors Code=27 \"'cryptexDiskImage' is an unknown content type.\" UserInfo={NSLocalizedDescription='cryptexDiskImage' is an unknown content type.}"
&amp#27;[38;5;173m[Xcode]&amp#27;[0m )}
&amp#27;[38;5;173m[Xcode]&amp#27;[0m 
&amp#27;[38;5;173m[Xcode]&amp#27;[0m 2024-11-05 15:48:04.626 xcodebuild[20643:209611]  DVTDownloadable: Unexpected error attempting to parse downloadable from index: Error Domain=DVTDownloadableErrors Code=16 "Unable to read in downloadable data. See underlying errors for details." UserInfo={DownloadablePlist={
&amp#27;[38;5;173m[Xcode]&amp#27;[0m     category = simulator;
&amp#27;[38;5;173m[Xcode]&amp#27;[0m     contentType = cryptexDiskImage;
&amp#27;[38;5;173m[Xcode]&amp#27;[0m     dictionaryVersion = 2;
&amp#27;[38;5;173m[Xcode]&amp#27;[0m     downloadMethod = mobileAsset;
&amp#27;[38;5;173m[Xcode]&amp#27;[0m     fileSize = 8992653148;
&amp#27;[38;5;173m[Xcode]&amp#27;[0m     identifier = "com.apple.dmg.iPhoneSimulatorSDK18_1_b4";
&amp#27;[38;5;173m[Xcode]&amp#27;[0m     name = "iOS 18.1 beta 4 Simulator Runtime";
&amp#27;[38;5;173m[Xcode]&amp#27;[0m     platform = "com.apple.platform.iphoneos";
&amp#27;[38;5;173m[Xcode]&amp#27;[0m     simulatorVersion =     {
&amp#27;[38;5;173m[Xcode]&amp#27;[0m         buildUpdate = 22B5045f;
&amp#27;[38;5;173m[Xcode]&amp#27;[0m         version = "18.1";
&amp#27;[38;5;173m[Xcode]&amp#27;[0m     };
&amp#27;[38;5;173m[Xcode]&amp#27;[0m     version = "18.1.0.4";
&amp#27;[38;5;173m[Xcode]&amp#27;[0m }, NSLocalizedDescription=Unable to read in downloadable data. See underlying errors for details., DVTUnderlyingErrorsKey=(
&amp#27;[38;5;173m[Xcode]&amp#27;[0m     "Error Domain=DVTDownloadableErrors Code=27 \"'cryptexDiskImage' is an unknown content type.\" UserInfo={NSLocalizedDescription='cryptexDiskImage' is an unknown content type.}"
&amp#27;[38;5;173m[Xcode]&amp#27;[0m )}
&amp#27;[38;5;173m[Xcode]&amp#27;[0m 2024-11-05 15:48:04.626 xcodebuild[20643:209611]  DVTDownloadable: Unexpected error attempting to parse downloadable from index: Error Domain=DVTDownloadableErrors Code=16 "Unable to read in downloadable data. See underlying errors for details." UserInfo={DownloadablePlist={
&amp#27;[38;5;173m[Xcode]&amp#27;[0m     category = simulator;
&amp#27;[38;5;173m[Xcode]&amp#27;[0m     contentType = cryptexDiskImage;
&amp#27;[38;5;173m[Xcode]&amp#27;[0m     dictionaryVersion = 2;
&amp#27;[38;5;173m[Xcode]&amp#27;[0m     downloadMethod = mobileAsset;
&amp#27;[38;5;173m[Xcode]&amp#27;[0m     fileSize = 4227895975;
&amp#27;[38;5;173m[Xcode]&amp#27;[0m     identifier = "com.apple.dmg.AppleTVSimulatorSDK18_1_b1";
&amp#27;[38;5;173m[Xcode]&amp#27;[0m     name = "tvOS 18.1 beta Simulator Runtime";
&amp#27;[38;5;173m[Xcode]&amp#27;[0m     platform = "com.apple.platform.appletvos";
&amp#27;[38;5;173m[Xcode]&amp#27;[0m     simulatorVersion =     {
&amp#27;[38;5;173m[Xcode]&amp#27;[0m         buildUpdate = 22J5543e;
&amp#27;[38;5;173m[Xcode]&amp#27;[0m         version = "18.1";
&amp#27;[38;5;173m[Xcode]&amp#27;[0m     };
&amp#27;[38;5;173m[Xcode]&amp#27;[0m     version = "18.1.0.1";
&amp#27;[38;5;173m[Xcode]&amp#27;[0m }, NSLocalizedDescription=Unable to read in downloadable data. See underlying errors for details., DVTUnderlyingErrorsKey=(
&amp#27;[38;5;173m[Xcode]&amp#27;[0m     "Error Domain=DVTDownloadableErrors Code=27 \"'cryptexDiskImage' is an unknown content type.\" UserInfo={NSLocalizedDescription='cryptexDiskImage' is an unknown content type.}"
&amp#27;[38;5;173m[Xcode]&amp#27;[0m )}
&amp#27;[38;5;173m[Xcode]&amp#27;[0m 2024-11-05 15:48:04.626 xcodebuild[20643:209611]  DVTDownloadable: Unexpected error attempting to parse downloadable from index: Error Domain=DVTDownloadableErrors Code=16 "Unable to read in downloadable data. See underlying errors for details." UserInfo={DownloadablePlist={
&amp#27;[38;5;173m[Xcode]&amp#27;[0m     category = simulator;
&amp#27;[38;5;173m[Xcode]&amp#27;[0m     contentType = cryptexDiskImage;
&amp#27;[38;5;173m[Xcode]&amp#27;[0m     dictionaryVersion = 2;
&amp#27;[38;5;173m[Xcode]&amp#27;[0m     downloadMethod = mobileAsset;
&amp#27;[38;5;173m[Xcode]&amp#27;[0m     fileSize = 8455783060;
&amp#27;[38;5;173m[Xcode]&amp#27;[0m     identifier = "com.apple.dmg.xrSimulatorSDK2_1_b1";
&amp#27;[38;5;173m[Xcode]&amp#27;[0m     name = "visionOS 2.1 beta Simulator Runtime";
&amp#27;[38;5;173m[Xcode]&amp#27;[0m     platform = "com.apple.platform.xros";
&amp#27;[38;5;173m[Xcode]&amp#27;[0m     simulatorVersion =     {
&amp#27;[38;5;173m[Xcode]&amp#27;[0m         buildUpdate = 22N5548c;
&amp#27;[38;5;173m[Xcode]&amp#27;[0m         version = "2.1";
&amp#27;[38;5;173m[Xcode]&amp#27;[0m     };
&amp#27;[38;5;173m[Xcode]&amp#27;[0m     version = "2.1.0.1";
&amp#27;[38;5;173m[Xcode]&amp#27;[0m }, NSLocalizedDescription=Unable to read in downloadable data. See underlying errors for details., DVTUnderlyingErrorsKey=(
&amp#27;[38;5;173m[Xcode]&amp#27;[0m     "Error Domain=DVTDownloadableErrors Code=27 \"'cryptexDiskImage' is an unknown content type.\" UserInfo={NSLocalizedDescription='cryptexDiskImage' is an unknown content type.}",
&amp#27;[38;5;173m[Xcode]&amp#27;[0m     "Error Domain=DVTDownloadableErrors Code=23 \"'com.apple.platform.xros' is an unknown platform identifier.\" UserInfo={NSLocalizedDescription='com.apple.platform.xros' is an unknown platform identifier.}"
&amp#27;[38;5;173m[Xcode]&amp#27;[0m )}
&amp#27;[38;5;173m[Xcode]&amp#27;[0m 
&amp#27;[38;5;173m[Xcode]&amp#27;[0m 2024-11-05 15:48:04.626 xcodebuild[20643:209611]  DVTDownloadable: Unexpected error attempting to parse downloadable from index: Error Domain=DVTDownloadableErrors Code=16 "Unable to read in downloadable data. See underlying errors for details." UserInfo={DownloadablePlist={
&amp#27;[38;5;173m[Xcode]&amp#27;[0m     category = simulator;
&amp#27;[38;5;173m[Xcode]&amp#27;[0m     contentType = cryptexDiskImage;
&amp#27;[38;5;173m[Xcode]&amp#27;[0m     dictionaryVersion = 2;
&amp#27;[38;5;173m[Xcode]&amp#27;[0m     downloadMethod = mobileAsset;
&amp#27;[38;5;173m[Xcode]&amp#27;[0m     fileSize = 4496331452;
&amp#27;[38;5;173m[Xcode]&amp#27;[0m     identifier = "com.apple.dmg.WatchSimulatorSDK11_1_b1";
&amp#27;[38;5;173m[Xcode]&amp#27;[0m     name = "watchOS 11.1 beta Simulator Runtime";
&amp#27;[38;5;173m[Xcode]&amp#27;[0m     platform = "com.apple.platform.watchos";
&amp#27;[38;5;173m[Xcode]&amp#27;[0m     simulatorVersion =     {
&amp#27;[38;5;173m[Xcode]&amp#27;[0m         buildUpdate = 22R5545f;
&amp#27;[38;5;173m[Xcode]&amp#27;[0m         version = "11.1";
&amp#27;[38;5;173m[Xcode]&amp#27;[0m     };
&amp#27;[38;5;173m[Xcode]&amp#27;[0m     version = "11.1.0.1";
&amp#27;[38;5;173m[Xcode]&amp#27;[0m }, NSLocalizedDescription=Unable to read in downloadable data. See underlying errors for details., DVTUnderlyingErrorsKey=(
&amp#27;[38;5;173m[Xcode]&amp#27;[0m     "Error Domain=DVTDownloadableErrors Code=27 \"'cryptexDiskImage' is an unknown content type.\" UserInfo={NSLocalizedDescription='cryptexDiskImage' is an unknown content type.}"
&amp#27;[38;5;173m[Xcode]&amp#27;[0m )}
&amp#27;[38;5;173m[Xcode]&amp#27;[0m 2024-11-05 15:48:04.627 xcodebuild[20643:209611]  DVTDownloadable: Unexpected error attempting to parse downloadable from index: Error Domain=DVTDownloadableErrors Code=16 "Unable to read in downloadable data. See underlying errors for details." UserInfo={DownloadablePlist={
&amp#27;[38;5;173m[Xcode]&amp#27;[0m     category = simulator;
&amp#27;[38;5;173m[Xcode]&amp#27;[0m     contentType = cryptexDiskImage;
&amp#27;[38;5;173m[Xcode]&amp#27;[0m     dictionaryVersion = 2;
&amp#27;[38;5;173m[Xcode]&amp#27;[0m     downloadMethod = mobileAsset;
&amp#27;[38;5;173m[Xcode]&amp#27;[0m     fileSize = 8522869038;
&amp#27;[38;5;173m[Xcode]&amp#27;[0m     identifier = "com.apple.dmg.iPhoneSimulatorSDK18_1_b6";
&amp#27;[38;5;173m[Xcode]&amp#27;[0m     name = "iOS 18.1 beta 6 Simulator Runtime";
&amp#27;[38;5;173m[Xcode]&amp#27;[0m     platform = "com.apple.platform.iphoneos";
&amp#27;[38;5;173m[Xcode]&amp#27;[0m     simulatorVersion =     {
&amp#27;[38;5;173m[Xcode]&amp#27;[0m         buildUpdate = 22B5069a;
&amp#27;[38;5;173m[Xcode]&amp#27;[0m         version = "18.1";
&amp#27;[38;5;173m[Xcode]&amp#27;[0m     };
&amp#27;[38;5;173m[Xcode]&amp#27;[0m     version = "18.1.0.6";
&amp#27;[38;5;173m[Xcode]&amp#27;[0m }, NSLocalizedDescription=Unable to read in downloadable data. See underlying errors for details., DVTUnderlyingErrorsKey=(
&amp#27;[38;5;173m[Xcode]&amp#27;[0m     "Error Domain=DVTDownloadableErrors Code=27 \"'cryptexDiskImage' is an unknown content type.\" UserInfo={NSLocalizedDescription='cryptexDiskImage' is an unknown content type.}"
&amp#27;[38;5;173m[Xcode]&amp#27;[0m )}
&amp#27;[38;5;173m[Xcode]&amp#27;[0m 2024-11-05 15:48:04.627 xcodebuild[20643:209611]  DVTDownloadable: Unexpected error attempting to parse downloadable from index: Error Domain=DVTDownloadableErrors Code=16 "Unable to read in downloadable data. See underlying errors for details." UserInfo={DownloadablePlist={
&amp#27;[38;5;173m[Xcode]&amp#27;[0m     category = simulator;
&amp#27;[38;5;173m[Xcode]&amp#27;[0m     contentType = cryptexDiskImage;
&amp#27;[38;5;173m[Xcode]&amp#27;[0m     dictionaryVersion = 2;
&amp#27;[38;5;173m[Xcode]&amp#27;[0m     downloadMethod = mobileAsset;
&amp#27;[38;5;173m[Xcode]&amp#27;[0m     fileSize = 4227895979;
&amp#27;[38;5;173m[Xcode]&amp#27;[0m     identifier = "com.apple.dmg.AppleTVSimulatorSDK18_1_b4";
&amp#27;[38;5;173m[Xcode]&amp#27;[0m     name = "tvOS 18.1 beta 4 Simulator Runtime";
&amp#27;[38;5;173m[Xcode]&amp#27;[0m     platform = "com.apple.platform.appletvos";
&amp#27;[38;5;173m[Xcode]&amp#27;[0m     simulatorVersion =     {
&amp#27;[38;5;173m[Xcode]&amp#27;[0m         buildUpdate = 22J5567a;
&amp#27;[38;5;173m[Xcode]&amp#27;[0m         version = "18.1";
&amp#27;[38;5;173m[Xcode]&amp#27;[0m     };
&amp#27;[38;5;173m[Xcode]&amp#27;[0m     version = "18.1.0.4";
&amp#27;[38;5;173m[Xcode]&amp#27;[0m }, NSLocalizedDescription=Unable to read in downloadable data. See underlying errors for details., DVTUnderlyingErrorsKey=(
&amp#27;[38;5;173m[Xcode]&amp#27;[0m     "Error Domain=DVTDownloadableErrors Code=27 \"'cryptexDiskImage' is an unknown content type.\" UserInfo={NSLocalizedDescription='cryptexDiskImage' is an unknown content type.}"
&amp#27;[38;5;173m[Xcode]&amp#27;[0m )}
&amp#27;[38;5;173m[Xcode]&amp#27;[0m 2024-11-05 15:48:04.627 xcodebuild[20643:209611]  DVTDownloadable: Unexpected error attempting to parse downloadable from index: Error Domain=DVTDownloadableErrors Code=16 "Unable to read in downloadable data. See underlying errors for details." UserInfo={DownloadablePlist={
&amp#27;[38;5;173m[Xcode]&amp#27;[0m     category = simulator;
&amp#27;[38;5;173m[Xcode]&amp#27;[0m     contentType = cryptexDiskImage;
&amp#27;[38;5;173m[Xcode]&amp#27;[0m     dictionaryVersion = 2;
&amp#27;[38;5;173m[Xcode]&amp#27;[0m     downloadMethod = mobileAsset;
&amp#27;[38;5;173m[Xcode]&amp#27;[0m     fileSize = 8455760207;
&amp#27;[38;5;173m[Xcode]&amp#27;[0m     identifier = "com.apple.dmg.xrSimulatorSDK2_1_b4";
&amp#27;[38;5;173m[Xcode]&amp#27;[0m     name = "visionOS 2.1 beta 4 Simulator Runtime";
&amp#27;[38;5;173m[Xcode]&amp#27;[0m     platform = "com.apple.platform.xros";
&amp#27;[38;5;173m[Xcode]&amp#27;[0m     simulatorVersion =     {
&amp#27;[38;5;173m[Xcode]&amp#27;[0m         buildUpdate = 22N5567a;
&amp#27;[38;5;173m[Xcode]&amp#27;[0m         version = "2.1";
&amp#27;[38;5;173m[Xcode]&amp#27;[0m     };
&amp#27;[38;5;173m[Xcode]&amp#27;[0m     version = "2.1.0.4";
&amp#27;[38;5;173m[Xcode]&amp#27;[0m }, NSLocalizedDescription=Unable to read in downloadable data. See underlying errors for details., DVTUnderlyingErrorsKey=(
&amp#27;[38;5;173m[Xcode]&amp#27;[0m     "Error Domain=DVTDownloadableErrors Code=27 \"'cryptexDiskImage' is an unknown content type.\" UserInfo={NSLocalizedDescription='cryptexDiskImage' is an unknown content type.}",
&amp#27;[38;5;173m[Xcode]&amp#27;[0m     "Error Domain=DVTDownloadableErrors Code=23 \"'com.apple.platform.xros' is an unknown platform identifier.\" UserInfo={NSLocalizedDescription='com.apple.platform.xros' is an unknown platform identifier.}"
&amp#27;[38;5;173m[Xcode]&amp#27;[0m )}
&amp#27;[38;5;173m[Xcode]&amp#27;[0m 2024-11-05 15:48:04.627 xcodebuild[20643:209611]  DVTDownloadable: Unexpected error attempting to parse downloadable from index: Error Domain=DVTDownloadableErrors Code=16 "Unable to read in downloadable data. See underlying errors for details." UserInfo={DownloadablePlist={
&amp#27;[38;5;173m[Xcode]&amp#27;[0m     category = simulator;
&amp#27;[38;5;173m[Xcode]&amp#27;[0m     contentType = cryptexDiskImage;
&amp#27;[38;5;173m[Xcode]&amp#27;[0m     dictionaryVersion = 2;
&amp#27;[38;5;173m[Xcode]&amp#27;[0m     downloadMethod = mobileAsset;
&amp#27;[38;5;173m[Xcode]&amp#27;[0m     fileSize = 4496331457;
&amp#27;[38;5;173m[Xcode]&amp#27;[0m     identifier = "com.apple.dmg.WatchSimulatorSDK11_1_b4";
&amp#27;[38;5;173m[Xcode]&amp#27;[0m     name = "watchOS 11.1 beta 4 Simulator Runtime";
&amp#27;[38;5;173m[Xcode]&amp#27;[0m     platform = "com.apple.platform.watchos";
&amp#27;[38;5;173m[Xcode]&amp#27;[0m     simulatorVersion =     {
&amp#27;[38;5;173m[Xcode]&amp#27;[0m         buildUpdate = 22R5569a;
&amp#27;[38;5;173m[Xcode]&amp#27;[0m         version = "11.1";
&amp#27;[38;5;173m[Xcode]&amp#27;[0m     };
&amp#27;[38;5;173m[Xcode]&amp#27;[0m     version = "11.1.0.4";
&amp#27;[38;5;173m[Xcode]&amp#27;[0m }, NSLocalizedDescription=Unable to read in downloadable data. See underlying errors for details., DVTUnderlyingErrorsKey=(
&amp#27;[38;5;173m[Xcode]&amp#27;[0m     "Error Domain=DVTDownloadableErrors Code=27 \"'cryptexDiskImage' is an unknown content type.\" UserInfo={NSLocalizedDescription='cryptexDiskImage' is an unknown content type.}"
&amp#27;[38;5;173m[Xcode]&amp#27;[0m )}
&amp#27;[38;5;173m[Xcode]&amp#27;[0m 2024-11-05 15:48:04.628 xcodebuild[20643:209611]  DVTDownloadable: Unexpected error attempting to parse downloadable from index: Error Domain=DVTDownloadableErrors Code=16 "Unable to read in downloadable data. See underlying errors for details." UserInfo={DownloadablePlist={
&amp#27;[38;5;173m[Xcode]&amp#27;[0m     category = simulator;
&amp#27;[38;5;173m[Xcode]&amp#27;[0m     contentType = cryptexDiskImage;
&amp#27;[38;5;173m[Xcode]&amp#27;[0m     dictionaryVersion = 2;
&amp#27;[38;5;173m[Xcode]&amp#27;[0m     downloadMethod = mobileAsset;
&amp#27;[38;5;173m[Xcode]&amp#27;[0m     fileSize = 8589978857;
&amp#27;[38;5;173m[Xcode]&amp#27;[0m     identifier = "com.apple.dmg.iPhoneSimulatorSDK18_1";
&amp#27;[38;5;173m[Xcode]&amp#27;[0m     name = "iOS 18.1 Simulator Runtime";
&amp#27;[38;5;173m[Xcode]&amp#27;[0m     platform = "com.apple.platform.iphoneos";
&amp#27;[38;5;173m[Xcode]&amp#27;[0m     simulatorVersion =     {
&amp#27;[38;5;173m[Xcode]&amp#27;[0m         buildUpdate = 22B81;
&amp#27;[38;5;173m[Xcode]&amp#27;[0m         version = "18.1";
&amp#27;[38;5;173m[Xcode]&amp#27;[0m     };
&amp#27;[38;5;173m[Xcode]&amp#27;[0m     version = "18.1.0.0";
&amp#27;[38;5;173m[Xcode]&amp#27;[0m }, NSLocalizedDescription=Unable to read in downloadable data. See underlying errors for details., DVTUnderlyingErrorsKey=(
&amp#27;[38;5;173m[Xcode]&amp#27;[0m     "Error Domain=DVTDownloadableErrors Code=27 \"'cryptexDiskImage' is an unknown content type.\" UserInfo={NSLocalizedDescription='cryptexDiskImage' is an unknown content type.}"
&amp#27;[38;5;173m[Xcode]&amp#27;[0m )}
&amp#27;[38;5;173m[Xcode]&amp#27;[0m 
&amp#27;[38;5;173m[Xcode]&amp#27;[0m 2024-11-05 15:48:04.628 xcodebuild[20643:209611]  DVTDownloadable: Unexpected error attempting to parse downloadable from index: Error Domain=DVTDownloadableErrors Code=16 "Unable to read in downloadable data. See underlying errors for details." UserInfo={DownloadablePlist={
&amp#27;[38;5;173m[Xcode]&amp#27;[0m     category = simulator;
&amp#27;[38;5;173m[Xcode]&amp#27;[0m     contentType = cryptexDiskImage;
&amp#27;[38;5;173m[Xcode]&amp#27;[0m     dictionaryVersion = 2;
&amp#27;[38;5;173m[Xcode]&amp#27;[0m     downloadMethod = mobileAsset;
&amp#27;[38;5;173m[Xcode]&amp#27;[0m     fileSize = 8724195656;
&amp#27;[38;5;173m[Xcode]&amp#27;[0m     identifier = "com.apple.dmg.iPhoneSimulatorSDK18_2_b1";
&amp#27;[38;5;173m[Xcode]&amp#27;[0m     name = "iOS 18.2 beta Simulator Runtime";
&amp#27;[38;5;173m[Xcode]&amp#27;[0m     platform = "com.apple.platform.iphoneos";
&amp#27;[38;5;173m[Xcode]&amp#27;[0m     simulatorVersion =     {
&amp#27;[38;5;173m[Xcode]&amp#27;[0m         buildUpdate = 22C5109p;
&amp#27;[38;5;173m[Xcode]&amp#27;[0m         version = "18.2";
&amp#27;[38;5;173m[Xcode]&amp#27;[0m     };
&amp#27;[38;5;173m[Xcode]&amp#27;[0m     version = "18.2.0.1";
&amp#27;[38;5;173m[Xcode]&amp#27;[0m }, NSLocalizedDescription=Unable to read in downloadable data. See underlying errors for details., DVTUnderlyingErrorsKey=(
&amp#27;[38;5;173m[Xcode]&amp#27;[0m     "Error Domain=DVTDownloadableErrors Code=27 \"'cryptexDiskImage' is an unknown content type.\" UserInfo={NSLocalizedDescription='cryptexDiskImage' is an unknown content type.}"
&amp#27;[38;5;173m[Xcode]&amp#27;[0m )}
&amp#27;[38;5;173m[Xcode]&amp#27;[0m 2024-11-05 15:48:04.629 xcodebuild[20643:209611]  DVTDownloadable: Unexpected error attempting to parse downloadable from index: Error Domain=DVTDownloadableErrors Code=16 "Unable to read in downloadable data. See underlying errors for details." UserInfo={DownloadablePlist={
&amp#27;[38;5;173m[Xcode]&amp#27;[0m     category = simulator;
&amp#27;[38;5;173m[Xcode]&amp#27;[0m     contentType = cryptexDiskImage;
&amp#27;[38;5;173m[Xcode]&amp#27;[0m     dictionaryVersion = 2;
&amp#27;[38;5;173m[Xcode]&amp#27;[0m     downloadMethod = mobileAsset;
&amp#27;[38;5;173m[Xcode]&amp#27;[0m     fileSize = 4227895964;
&amp#27;[38;5;173m[Xcode]&amp#27;[0m     identifier = "com.apple.dmg.AppleTVSimulatorSDK18_1";
&amp#27;[38;5;173m[Xcode]&amp#27;[0m     name = "tvOS 18.1 Simulator Runtime";
&amp#27;[38;5;173m[Xcode]&amp#27;[0m     platform = "com.apple.platform.appletvos";
&amp#27;[38;5;173m[Xcode]&amp#27;[0m     simulatorVersion =     {
&amp#27;[38;5;173m[Xcode]&amp#27;[0m         buildUpdate = 22J578;
&amp#27;[38;5;173m[Xcode]&amp#27;[0m         version = "18.1";
&amp#27;[38;5;173m[Xcode]&amp#27;[0m     };
&amp#27;[38;5;173m[Xcode]&amp#27;[0m     version = "18.1.0.0";
&amp#27;[38;5;173m[Xcode]&amp#27;[0m }, NSLocalizedDescription=Unable to read in downloadable data. See underlying errors for details., DVTUnderlyingErrorsKey=(
&amp#27;[38;5;173m[Xcode]&amp#27;[0m     "Error Domain=DVTDownloadableErrors Code=27 \"'cryptexDiskImage' is an unknown content type.\" UserInfo={NSLocalizedDescription='cryptexDiskImage' is an unknown content type.}"
&amp#27;[38;5;173m[Xcode]&amp#27;[0m )}
&amp#27;[38;5;173m[Xcode]&amp#27;[0m 2024-11-05 15:48:04.629 xcodebuild[20643:209611]  DVTDownloadable: Unexpected error attempting to parse downloadable from index: Error Domain=DVTDownloadableErrors Code=16 "Unable to read in downloadable data. See underlying errors for details." UserInfo={DownloadablePlist={
&amp#27;[38;5;173m[Xcode]&amp#27;[0m     category = simulator;
&amp#27;[38;5;173m[Xcode]&amp#27;[0m     contentType = cryptexDiskImage;
&amp#27;[38;5;173m[Xcode]&amp#27;[0m     dictionaryVersion = 2;
&amp#27;[38;5;173m[Xcode]&amp#27;[0m     downloadMethod = mobileAsset;
&amp#27;[38;5;173m[Xcode]&amp#27;[0m     fileSize = 8455782126;
&amp#27;[38;5;173m[Xcode]&amp#27;[0m     identifier = "com.apple.dmg.xrSimulatorSDK2_1";
&amp#27;[38;5;173m[Xcode]&amp#27;[0m     name = "visionOS 2.1 Simulator Runtime";
&amp#27;[38;5;173m[Xcode]&amp#27;[0m     platform = "com.apple.platform.xros";
&amp#27;[38;5;173m[Xcode]&amp#27;[0m     simulatorVersion =     {
&amp#27;[38;5;173m[Xcode]&amp#27;[0m         buildUpdate = 22N580;
&amp#27;[38;5;173m[Xcode]&amp#27;[0m         version = "2.1";
&amp#27;[38;5;173m[Xcode]&amp#27;[0m     };
&amp#27;[38;5;173m[Xcode]&amp#27;[0m     version = "2.1.0.0";
&amp#27;[38;5;173m[Xcode]&amp#27;[0m }, NSLocalizedDescription=Unable to read in downloadable data. See underlying errors for details., DVTUnderlyingErrorsKey=(
&amp#27;[38;5;173m[Xcode]&amp#27;[0m     "Error Domain=DVTDownloadableErrors Code=27 \"'cryptexDiskImage' is an unknown content type.\" UserInfo={NSLocalizedDescription='cryptexDiskImage' is an unknown content type.}",
&amp#27;[38;5;173m[Xcode]&amp#27;[0m     "Error Domain=DVTDownloadableErrors Code=23 \"'com.apple.platform.xros' is an unknown platform identifier.\" UserInfo={NSLocalizedDescription='com.apple.platform.xros' is an unknown platform identifier.}"
&amp#27;[38;5;173m[Xcode]&amp#27;[0m )}
&amp#27;[38;5;173m[Xcode]&amp#27;[0m 2024-11-05 15:48:04.629 xcodebuild[20643:209611]  DVTDownloadable: Unexpected error attempting to parse downloadable from index: Error Domain=DVTDownloadableErrors Code=16 "Unable to read in downloadable data. See underlying errors for details." UserInfo={DownloadablePlist={
&amp#27;[38;5;173m[Xcode]&amp#27;[0m     category = simulator;
&amp#27;[38;5;173m[Xcode]&amp#27;[0m     contentType = cryptexDiskImage;
&amp#27;[38;5;173m[Xcode]&amp#27;[0m     dictionaryVersion = 2;
&amp#27;[38;5;173m[Xcode]&amp#27;[0m     downloadMethod = mobileAsset;
&amp#27;[38;5;173m[Xcode]&amp#27;[0m     fileSize = 4496331455;
&amp#27;[38;5;173m[Xcode]&amp#27;[0m     identifier = "com.apple.dmg.WatchSimulatorSDK11_1";
&amp#27;[38;5;173m[Xcode]&amp#27;[0m     name = "watchOS 11.1 Simulator Runtime";
&amp#27;[38;5;173m[Xcode]&amp#27;[0m     platform = "com.apple.platform.watchos";
&amp#27;[38;5;173m[Xcode]&amp#27;[0m     simulatorVersion =     {
&amp#27;[38;5;173m[Xcode]&amp#27;[0m         buildUpdate = 22R581;
&amp#27;[38;5;173m[Xcode]&amp#27;[0m         version = "11.1";
&amp#27;[38;5;173m[Xcode]&amp#27;[0m     };
&amp#27;[38;5;173m[Xcode]&amp#27;[0m     version = "11.1.0.0";
&amp#27;[38;5;173m[Xcode]&amp#27;[0m }, NSLocalizedDescription=Unable to read in downloadable data. See underlying errors for details., DVTUnderlyingErrorsKey=(
&amp#27;[38;5;173m[Xcode]&amp#27;[0m     "Error Domain=DVTDownloadableErrors Code=27 \"'cryptexDiskImage' is an unknown content type.\" UserInfo={NSLocalizedDescription='cryptexDiskImage' is an unknown content type.}"
&amp#27;[38;5;173m[Xcode]&amp#27;[0m )}
&amp#27;[38;5;173m[Xcode]&amp#27;[0m 2024-11-05 15:48:04.630 xcodebuild[20643:209611]  DVTDownloadable: Unexpected error attempting to parse downloadable from index: Error Domain=DVTDownloadableErrors Code=16 "Unable to read in downloadable data. See underlying errors for details." UserInfo={DownloadablePlist={
&amp#27;[38;5;173m[Xcode]&amp#27;[0m     category = simulator;
&amp#27;[38;5;173m[Xcode]&amp#27;[0m     contentType = cryptexDiskImage;
&amp#27;[38;5;173m[Xcode]&amp#27;[0m     dictionaryVersion = 2;
&amp#27;[38;5;173m[Xcode]&amp#27;[0m     downloadMethod = mobileAsset;
&amp#27;[38;5;173m[Xcode]&amp#27;[0m     fileSize = 8724217657;
&amp#27;[38;5;173m[Xcode]&amp#27;[0m     identifier = "com.apple.dmg.iPhoneSimulatorSDK18_2_b2";
&amp#27;[38;5;173m[Xcode]&amp#27;[0m     name = "iOS 18.2 beta 2 Simulator Runtime";
&amp#27;[38;5;173m[Xcode]&amp#27;[0m     platform = "com.apple.platform.iphoneos";
&amp#27;[38;5;173m[Xcode]&amp#27;[0m     simulatorVersion =     {
&amp#27;[38;5;173m[Xcode]&amp#27;[0m         buildUpdate = 22C5125e;
&amp#27;[38;5;173m[Xcode]&amp#27;[0m         version = "18.2";
&amp#27;[38;5;173m[Xcode]&amp#27;[0m     };
&amp#27;[38;5;173m[Xcode]&amp#27;[0m     version = "18.2.0.2";
&amp#27;[38;5;173m[Xcode]&amp#27;[0m }, NSLocalizedDescription=Unable to read in downloadable data. See underlying errors for details., DVTUnderlyingErrorsKey=(
&amp#27;[38;5;173m[Xcode]&amp#27;[0m     "Error Domain=DVTDownloadableErrors Code=27 \"'cryptexDiskImage' is an unknown content type.\" UserInfo={NSLocalizedDescription='cryptexDiskImage' is an unknown content type.}"
&amp#27;[38;5;173m[Xcode]&amp#27;[0m )}
&amp#27;[38;5;173m[Xcode]&amp#27;[0m 2024-11-05 15:48:04.630 xcodebuild[20643:209611]  DVTDownloadable: Unexpected error attempting to parse downloadable from index: Error Domain=DVTDownloadableErrors Code=16 "Unable to read in downloadable data. See underlying errors for details." UserInfo={DownloadablePlist={
&amp#27;[38;5;173m[Xcode]&amp#27;[0m     category = simulator;
&amp#27;[38;5;173m[Xcode]&amp#27;[0m     contentType = cryptexDiskImage;
&amp#27;[38;5;173m[Xcode]&amp#27;[0m     dictionaryVersion = 2;
&amp#27;[38;5;173m[Xcode]&amp#27;[0m     downloadMethod = mobileAsset;
&amp#27;[38;5;173m[Xcode]&amp#27;[0m     fileSize = 4227895971;
&amp#27;[38;5;173m[Xcode]&amp#27;[0m     identifier = "com.apple.dmg.AppleTVSimulatorSDK18_2_b1";
&amp#27;[38;5;173m[Xcode]&amp#27;[0m     name = "tvOS 18.2 beta Simulator Runtime";
&amp#27;[38;5;173m[Xcode]&amp#27;[0m     platform = "com.apple.platform.appletvos";
&amp#27;[38;5;173m[Xcode]&amp#27;[0m     simulatorVersion =     {
&amp#27;[38;5;173m[Xcode]&amp#27;[0m         buildUpdate = 22K5132e;
&amp#27;[38;5;173m[Xcode]&amp#27;[0m         version = "18.2";
&amp#27;[38;5;173m[Xcode]&amp#27;[0m     };
&amp#27;[38;5;173m[Xcode]&amp#27;[0m     version = "18.2.0.1";
&amp#27;[38;5;173m[Xcode]&amp#27;[0m }, NSLocalizedDescription=Unable to read in downloadable data. See underlying errors for details., DVTUnderlyingErrorsKey=(
&amp#27;[38;5;173m[Xcode]&amp#27;[0m     "Error Domain=DVTDownloadableErrors Code=27 \"'cryptexDiskImage' is an unknown content type.\" UserInfo={NSLocalizedDescription='cryptexDiskImage' is an unknown content type.}"
&amp#27;[38;5;173m[Xcode]&amp#27;[0m )}
&amp#27;[38;5;173m[Xcode]&amp#27;[0m 2024-11-05 15:48:04.630 xcodebuild[20643:209611]  DVTDownloadable: Unexpected error attempting to parse downloadable from index: Error Domain=DVTDownloadableErrors Code=16 "Unable to read in downloadable data. See underlying errors for details." UserInfo={DownloadablePlist={
&amp#27;[38;5;173m[Xcode]&amp#27;[0m     category = simulator;
&amp#27;[38;5;173m[Xcode]&amp#27;[0m     contentType = cryptexDiskImage;
&amp#27;[38;5;173m[Xcode]&amp#27;[0m     dictionaryVersion = 2;
&amp#27;[38;5;173m[Xcode]&amp#27;[0m     downloadMethod = mobileAsset;
&amp#27;[38;5;173m[Xcode]&amp#27;[0m     fileSize = 8858435394;
&amp#27;[38;5;173m[Xcode]&amp#27;[0m     identifier = "com.apple.dmg.xrSimulatorSDK2_2_b1";
&amp#27;[38;5;173m[Xcode]&amp#27;[0m     name = "visionOS 2.2 beta Simulator Runtime";
&amp#27;[38;5;173m[Xcode]&amp#27;[0m     platform = "com.apple.platform.xros";
&amp#27;[38;5;173m[Xcode]&amp#27;[0m     simulatorVersion =     {
&amp#27;[38;5;173m[Xcode]&amp#27;[0m         buildUpdate = 22N5778f;
&amp#27;[38;5;173m[Xcode]&amp#27;[0m         version = "2.2";
&amp#27;[38;5;173m[Xcode]&amp#27;[0m     };
&amp#27;[38;5;173m[Xcode]&amp#27;[0m     version = "2.2.0.1";
&amp#27;[38;5;173m[Xcode]&amp#27;[0m }, NSLocalizedDescription=Unable to read in downloadable data. See underlying errors for details., DVTUnderlyingErrorsKey=(
&amp#27;[38;5;173m[Xcode]&amp#27;[0m     "Error Domain=DVTDownloadableErrors Code=27 \"'cryptexDiskImage' is an unknown content type.\" UserInfo={NSLocalizedDescription='cryptexDiskImage' is an unknown content type.}",
&amp#27;[38;5;173m[Xcode]&amp#27;[0m     "Error Domain=DVTDownloadableErrors Code=23 \"'com.apple.platform.xros' is an unknown platform identifier.\" UserInfo={NSLocalizedDescription='com.apple.platform.xros' is an unknown platform identifier.}"
&amp#27;[38;5;173m[Xcode]&amp#27;[0m )}
&amp#27;[38;5;173m[Xcode]&amp#27;[0m 
&amp#27;[38;5;173m[Xcode]&amp#27;[0m 2024-11-05 15:48:04.630 xcodebuild[20643:209611]  DVTDownloadable: Unexpected error attempting to parse downloadable from index: Error Domain=DVTDownloadableErrors Code=16 "Unable to read in downloadable data. See underlying errors for details." UserInfo={DownloadablePlist={
&amp#27;[38;5;173m[Xcode]&amp#27;[0m     category = simulator;
&amp#27;[38;5;173m[Xcode]&amp#27;[0m     contentType = cryptexDiskImage;
&amp#27;[38;5;173m[Xcode]&amp#27;[0m     dictionaryVersion = 2;
&amp#27;[38;5;173m[Xcode]&amp#27;[0m     downloadMethod = mobileAsset;
&amp#27;[38;5;173m[Xcode]&amp#27;[0m     fileSize = 4563440318;
&amp#27;[38;5;173m[Xcode]&amp#27;[0m     identifier = "com.apple.dmg.WatchSimulatorSDK11_2_b1";
&amp#27;[38;5;173m[Xcode]&amp#27;[0m     name = "watchOS 11.2 beta Simulator Runtime";
&amp#27;[38;5;173m[Xcode]&amp#27;[0m     platform = "com.apple.platform.watchos";
&amp#27;[38;5;173m[Xcode]&amp#27;[0m     simulatorVersion =     {
&amp#27;[38;5;173m[Xcode]&amp#27;[0m         buildUpdate = 22S5077c;
&amp#27;[38;5;173m[Xcode]&amp#27;[0m         version = "11.2";
&amp#27;[38;5;173m[Xcode]&amp#27;[0m     };
&amp#27;[38;5;173m[Xcode]&amp#27;[0m     version = "11.2.0.1";
&amp#27;[38;5;173m[Xcode]&amp#27;[0m }, NSLocalizedDescription=Unable to read in downloadable data. See underlying errors for details., DVTUnderlyingErrorsKey=(
&amp#27;[38;5;173m[Xcode]&amp#27;[0m     "Error Domain=DVTDownloadableErrors Code=27 \"'cryptexDiskImage' is an unknown content type.\" UserInfo={NSLocalizedDescription='cryptexDiskImage' is an unknown content type.}"
&amp#27;[38;5;173m[Xcode]&amp#27;[0m )}
&amp#27;[38;5;173m[Xcode]&amp#27;[0m 
&amp#27;[38;5;173m[Xcode]&amp#27;[0m 
&amp#27;[38;5;173m[Xcode]&amp#27;[0m 
&amp#27;[38;5;173m[Xcode]&amp#27;[0m ProcessInfoPlistFile /Users/oikhlas/Library/Developer/Xcode/DerivedData/WebDriverAgent-bcmeffsllcldukgyoimwiehwhvyz/Build/Products/Debug-iphonesimulator/WebDriverAgentLib.framework/Info.plist /Users/oikhlas/.appium/node_modules/appium-xcuitest-driver/node_modules/appium-webdriveragent/WebDriverAgentLib/Info.plist (in target 'WebDriverAgentLib' from project 'WebDriverAgent')
&amp#27;[38;5;173m[Xcode]&amp#27;[0m     cd /Users/oikhlas/.appium/node_modules/appium-xcuitest-driver/node_modules/appium-webdriveragent
&amp#27;[38;5;173m[Xcode]&amp#27;[0m     builtin-infoPlistUtility /Users/oikhlas/.appium/node_modules/appium-xcuitest-driver/node_modules/appium-webdriveragent/WebDriverAgentLib/Info.plist -producttype com.apple.product-type.framework -expandbuildsettings -format binary -platform iphonesimulator -o /Users/oikhlas/Library/Developer/Xcode/DerivedData/WebDriverAgent-bcmeffsllcldukgyoimwiehwhvyz/Build/Products/Debug-iphonesimulator/WebDriverAgentLib.framework/Info.plist
&amp#27;[38;5;173m[Xcode]&amp#27;[0m 
&amp#27;[38;5;173m[Xcode]&amp#27;[0m /Users/oikhlas/.appium/node_modules/appium-xcuitest-driver/node_modules/appium-webdriveragent/WebDriverAgent.xcodeproj: warning: User-supplied CFBundleIdentifier value 'com.facebook.wda.lib' in the Info.plist must be the same as the PRODUCT_BUNDLE_IDENTIFIER build setting value 'com.facebook.WebDriverAgentLib'. (in target 'WebDriverAgentLib' from project 'WebDriverAgent')
&amp#27;[38;5;173m[Xcode]&amp#27;[0m 
&amp#27;[38;5;173m[Xcode]&amp#27;[0m 
&amp#27;[38;5;173m[Xcode]&amp#27;[0m 
&amp#27;[38;5;173m[Xcode]&amp#27;[0m Analyze /Users/oikhlas/.appium/node_modules/appium-xcuitest-driver/node_modules/appium-webdriveragent/WebDriverAgentLib/Categories/FBXCElementSnapshotWrapper+Helpers.m normal x86_64 (in target 'WebDriverAgentLib' from project 'WebDriverAgent')
&amp#27;[38;5;173m[Xcode]&amp#27;[0m     cd /Users/oikhlas/.appium/node_modules/appium-xcuitest-driver/node_modules/appium-webdriveragent
&amp#27;[38;5;173m[Xcode]&amp#27;[0m     /Applications/Xcode.app/Contents/Developer/Toolchains/XcodeDefault.xctoolchain/usr/bin/clang -x objective-c -target x86_64-apple-ios16.0-simulator -fmessage-length\=0 -fdiagnostics-show-note-include-stack -fmacro-backtrace-limit\=0 -std\=gnu99 -fobjc-arc -fmodules -gmodules -fmodules-cache-path\=/Users/oikhlas/Library/Developer/Xcode/DerivedData/ModuleCache.noindex -fmodules-prune-interval\=86400 -fmodules-prune-after\=345600 -fbuild-session-file\=/Users/oikhlas/Library/Developer/Xcode/DerivedData/ModuleCache.noindex/Session.modulevalidation -fmodules-validate-once-per-build-session -Wno-trigraphs -fpascal-strings -O0 -fno-common -Wmissing-field-initializers -Wno-missing-prototypes -Werror\=return-type -Wunreachable-code -Wquoted-include-in-framework-header -Wno-implicit-atomic-properties -Werror\=deprecated-objc-isa-usage -Wno-objc-interface-ivars -Werror\=objc-root-class -Warc-repeated-use-of-weak -Wno-arc-maybe-repeated-use-of-weak -Wimplicit-retain-self -Wduplicate-method-match -Wno-missing-braces -Wparentheses -Wswitch -Wunused-function -Wno-unused-label -Wunused-parameter -Wunused-variable -Wunused-value -Wempty-body -Wuninitialized -Wconditional-uninitialized -Wno-unknown-pragmas -pedantic -Wshadow -Wno-four-char-constants -Wconversion -Wconstant-conversion -Wint-conversion -Wbool-conversion -Wenum-conversion -Wfloat-conversion -Wnon-literal-null-conversion -Wobjc-literal-conversion -Wassign-enum -Wsign-compare -Wshorten-64-to-32 -Wpointer-sign -Wno-newline-eof -Wno-selector -Wno-strict-selector-match -Wundeclared-selector -Wdeprecated-implementations -Wno-implicit-fallthrough -DDEBUG\=1 -DOBJC_OLD_DISPATCH_PROTOTYPES\=0 -isysroot /Applications/Xcode.app/Contents/Developer/Platforms/iPhoneSimulator.platform/Developer/SDKs/iPhoneSimulator16.0.sdk -fasm-blocks -fstrict-aliasing -Wprotocol -Wdeprecated-declarations -g -Wno-sign-conversion -Winfinite-recursion -Wcomma -Wblock-capture-autoreleasing -Wstrict-prototypes -Wno-semicolon-before-method-body -fobjc-abi-version\=2 -fobjc-legacy-dispatch -D__clang_analyzer__ -Xclang -analyzer-output\=plist-multi-file -Xclang -analyzer-config -Xclang path-diagnostics-alternate\=true -Xclang -analyzer-config -Xclang report-in-main-source-file\=true -Xclang -analyzer-checker -Xclang optin.osx.cocoa.localizability.NonLocalizedStringChecker -Xclang -analyzer-checker -Xclang security.insecureAPI.UncheckedReturn -Xclang -analyzer-checker -Xclang security.insecureAPI.getpw -Xclang -analyzer-checker -Xclang security.insecureAPI.gets -Xclang -analyzer-checker -Xclang security.insecureAPI.mkstemp -Xclang -analyzer-checker -Xclang security.insecureAPI.mktemp -Xclang -analyzer-disable-checker -Xclang security.insecureAPI.rand -Xclang -analyzer-disable-checker -Xclang security.insecureAPI.strcpy -Xclang -analyzer-checker -Xclang security.insecureAPI.vfork -iquote /Users/oikhlas/Library/Developer/Xcode/DerivedData/WebDriverAgent-bcmeffsllcldukgyoimwiehwhvyz/Build/Intermediates.noindex/WebDriverAgent.build/Debug-iphonesimulator/WebDriverAgentLib.build/WebDriverAgentLib-generated-files.hmap -I/Users/oikhlas/Library/Developer/Xcode/DerivedData/WebDriverAgent-bcmeffsllcldukgyoimwiehwhvyz/Build/Intermediates.noindex/WebDriverAgent.build/Debug-iphonesimulator/WebDriverAgentLib.build/WebDriverAgentLib-own-target-headers.hmap -I/Users/oikhlas/Library/Developer/Xcode/DerivedData/WebDriverAgent-bcmeffsllcldukgyoimwiehwhvyz/Build/Intermediates.noindex/WebDriverAgent.build/Debug-iphonesimulator/WebDriverAgentLib.build/WebDriverAgentLib-all-target-headers.hmap -iquote /Users/oikhlas/Library/Developer/Xcode/DerivedData/WebDriverAgent-bcmeffsllcldukgyoimwiehwhvyz/Build/Intermediates.noindex/WebDriverAgent.build/Debug-iphonesimulator/WebDriverAgentLib.build/WebDriverAgentLib-project-headers.hmap -I/Users/oikhlas/Library/Developer/Xcode/DerivedData/WebDriverAgent-bcmeffsllcldukgyoimwiehwhvyz/Build/Products/Debug-iphonesimulator/include -I/Applications/Xcode.app/Contents/Developer/Platforms/iPhoneSimulator.platform/Developer/SDKs/iPhoneSimulator16.0.sdk/usr/include/libxml2 -I/Users/oikhlas/.appium/node_modules/appium-xcuitest-driver/node_modules/appium-webdriveragent/Modules -I/Users/oikhlas/Library/Developer/Xcode/DerivedData/WebDriverAgent-bcmeffsllcldukgyoimwiehwhvyz/Build/Intermediates.noindex/WebDriverAgent.build/Debug-iphonesimulator/WebDriverAgentLib.build/DerivedSources-normal/x86_64 -I/Users/oikhlas/Library/Developer/Xcode/DerivedData/WebDriverAgent-bcmeffsllcldukgyoimwiehwhvyz/Build/Intermediates.noindex/WebDriverAgent.build/Debug-iphonesimulator/WebDriverAgentLib.build/DerivedSources/x86_64 -I/Users/oikhlas/Library/Developer/Xcode/DerivedData/WebDriverAgent-bcmeffsllcldukgyoimwiehwhvyz/Build/Intermediates.noindex/WebDriverAgent.build/Debug-iphonesimulator/WebDriverAgentLib.build/DerivedSources -Weverything -Wno-objc-missing-property-synthesis -Wno-unused-macros -Wno-disabled-macro-expansion -Wno-gnu-statement-expression -Wno-language-extension-token -Wno-overriding-method-mismatch -Wno-missing-variable-declarations -Rno-module-build -Wno-auto-import -Wno-objc-interface-ivars -Wno-documentation-unknown-command -Wno-reserved-id-macro -Wno-unused-parameter -Wno-gnu-conditional-omitted-operand -Wno-explicit-ownership-type -Wno-date-time -Wno-cast-align -Wno-cstring-format-directive -Wno-double-promotion -Wno-partial-availability -Weverything -Wno-objc-missing-property-synthesis -Wno-unused-macros -Wno-disabled-macro-expansion -Wno-gnu-statement-expression -Wno-language-extension-token -Wno-overriding-method-mismatch -Wno-missing-variable-declarations -Rno-module-build -Wno-auto-import -Wno-objc-interface-ivars -Wno-documentation-unknown-command -Wno-reserved-id-macro -Wno-unused-parameter -Wno-gnu-conditional-omitted-operand -Wno-explicit-ownership-type -Wno-date-time -Wno-cast-align -Wno-cstring-format-directive -Wno-double-promotion -Wno-partial-availability -Wno-objc-messaging-id -Wno-direct-ivar-access -Wno-cast-qual -Wno-declaration-after-statement -F/Users/oikhlas/Library/Developer/Xcode/DerivedData/WebDriverAgent-bcmeffsllcldukgyoimwiehwhvyz/Build/Products/Debug-iphonesimulator -F/Applications/Xcode.app/Contents/Developer/Platforms/iPhoneSimulator.platform/Developer/Library/Frameworks -F/Applications/Xcode.app/Contents/Developer/Platforms/iPhoneSimulator.platform/Developer/Library/PrivateFrameworks -iframework /Applications/Xcode.app/Contents/Developer/Platforms/iPhoneSimulator.platform/Developer/SDKs/iPhoneSimulator16.0.sdk/Developer/Library/Frameworks -MMD -MT dependencies -MF /Users/oikhlas/Library/Developer/Xcode/DerivedData/WebDriverAgent-bcmeffsllcldukgyoimwiehwhvyz/Build/Intermediates.noindex/WebDriverAgent.build/Debug-iphonesimulator/WebDriverAgentLib.build/StaticAnalyzer/WebDriverAgent/WebDriverAgentLib/normal/x86_64/FBXCElementSnapshotWrapper+Helpers.d --analyze /Users/oikhlas/.appium/node_modules/appium-xcuitest-driver/node_modules/appium-webdriveragent/WebDriverAgentLib/Categories/FBXCElementSnapshotWrapper+Helpers.m -o /Users/oikhlas/Library/Developer/Xcode/DerivedData/WebDriverAgent-bcmeffsllcldukgyoimwiehwhvyz/Build/Intermediates.noindex/WebDriverAgent.build/Debug-iphonesimulator/WebDriverAgentLib.build/StaticAnalyzer/WebDriverAgent/WebDriverAgentLib/normal/x86_64/FBXCElementSnapshotWrapper+Helpers.plist
&amp#27;[38;5;173m[Xcode]&amp#27;[0m 
&amp#27;[38;5;-42m[XCUITestDriver@9d32 (dbe4db21)]&amp#27;[0m Matched '/status' to command name 'getStatus'
&amp#27;[38;5;-42m[XCUITestDriver@9d32 (dbe4db21)]&amp#27;[0m Proxying [GET /status] to [GET http://127.0.0.1:8100/status] with no body
&amp#27;[38;5;-42m[XCUITestDriver@9d32 (dbe4db21)]&amp#27;[0m connect ECONNREFUSED 127.0.0.1:8100
&amp#27;[38;5;173m[Xcode]&amp#27;[0m 
&amp#27;[38;5;173m[Xcode]&amp#27;[0m 
&amp#27;[38;5;173m[Xcode]&amp#27;[0m Analyze /Users/oikhlas/.appium/node_modules/appium-xcuitest-driver/node_modules/appium-webdriveragent/WebDriverAgentLib/Categories/XCUIApplication+FBQuiescence.m normal x86_64 (in target 'WebDriverAgentLib' from project 'WebDriverAgent')
&amp#27;[38;5;173m[Xcode]&amp#27;[0m     cd /Users/oikhlas/.appium/node_modules/appium-xcuitest-driver/node_modules/appium-webdriveragent
&amp#27;[38;5;173m[Xcode]&amp#27;[0m     /Applications/Xcode.app/Contents/Developer/Toolchains/XcodeDefault.xctoolchain/usr/bin/clang -x objective-c -target x86_64-apple-ios16.0-simulator -fmessage-length\=0 -fdiagnostics-show-note-include-stack -fmacro-backtrace-limit\=0 -std\=gnu99 -fobjc-arc -fmodules -gmodules -fmodules-cache-path\=/Users/oikhlas/Library/Developer/Xcode/DerivedData/ModuleCache.noindex -fmodules-prune-interval\=86400 -fmodules-prune-after\=345600 -fbuild-session-file\=/Users/oikhlas/Library/Developer/Xcode/DerivedData/ModuleCache.noindex/Session.modulevalidation -fmodules-validate-once-per-build-session -Wno-trigraphs -fpascal-strings -O0 -fno-common -Wmissing-field-initializers -Wno-missing-prototypes -Werror\=return-type -Wunreachable-code -Wquoted-include-in-framework-header -Wno-implicit-atomic-properties -Werror\=deprecated-objc-isa-usage -Wno-objc-interface-ivars -Werror\=objc-root-class -Warc-repeated-use-of-weak -Wno-arc-maybe-repeated-use-of-weak -Wimplicit-retain-self -Wduplicate-method-match -Wno-missing-braces -Wparentheses -Wswitch -Wunused-function -Wno-unused-label -Wunused-parameter -Wunused-variable -Wunused-value -Wempty-body -Wuninitialized -Wconditional-uninitialized -Wno-unknown-pragmas -pedantic -Wshadow -Wno-four-char-constants -Wconversion -Wconstant-conversion -Wint-conversion -Wbool-conversion -Wenum-conversion -Wfloat-conversion -Wnon-literal-null-conversion -Wobjc-literal-conversion -Wassign-enum -Wsign-compare -Wshorten-64-to-32 -Wpointer-sign -Wno-newline-eof -Wno-selector -Wno-strict-selector-match -Wundeclared-selector -Wdeprecated-implementations -Wno-implicit-fallthrough -DDEBUG\=1 -DOBJC_OLD_DISPATCH_PROTOTYPES\=0 -isysroot /Applications/Xcode.app/Contents/Developer/Platforms/iPhoneSimulator.platform/Developer/SDKs/iPhoneSimulator16.0.sdk -fasm-blocks -fstrict-aliasing -Wprotocol -Wdeprecated-declarations -g -Wno-sign-conversion -Winfinite-recursion -Wcomma -Wblock-capture-autoreleasing -Wstrict-prototypes -Wno-semicolon-before-method-body -fobjc-abi-version\=2 -fobjc-legacy-dispatch -D__clang_analyzer__ -Xclang -analyzer-output\=plist-multi-file -Xclang -analyzer-config -Xclang path-diagnostics-alternate\=true -Xclang -analyzer-config -Xclang report-in-main-source-file\=true -Xclang -analyzer-checker -Xclang optin.osx.cocoa.localizability.NonLocalizedStringChecker -Xclang -analyzer-checker -Xclang security.insecureAPI.UncheckedReturn -Xclang -analyzer-checker -Xclang security.insecureAPI.getpw -Xclang -analyzer-checker -Xclang security.insecureAPI.gets -Xclang -analyzer-checker -Xclang security.insecureAPI.mkstemp -Xclang -analyzer-checker -Xclang security.insecureAPI.mktemp -Xclang -analyzer-disable-checker -Xclang security.insecureAPI.rand -Xclang -analyzer-disable-checker -Xclang security.insecureAPI.strcpy -Xclang -analyzer-checker -Xclang security.insecureAPI.vfork -iquote /Users/oikhlas/Library/Developer/Xcode/DerivedData/WebDriverAgent-bcmeffsllcldukgyoimwiehwhvyz/Build/Intermediates.noindex/WebDriverAgent.build/Debug-iphonesimulator/WebDriverAgentLib.build/WebDriverAgentLib-generated-files.hmap -I/Users/oikhlas/Library/Developer/Xcode/DerivedData/WebDriverAgent-bcmeffsllcldukgyoimwiehwhvyz/Build/Intermediates.noindex/WebDriverAgent.build/Debug-iphonesimulator/WebDriverAgentLib.build/WebDriverAgentLib-own-target-headers.hmap -I/Users/oikhlas/Library/Developer/Xcode/DerivedData/WebDriverAgent-bcmeffsllcldukgyoimwiehwhvyz/Build/Intermediates.noindex/WebDriverAgent.build/Debug-iphonesimulator/WebDriverAgentLib.build/WebDriverAgentLib-all-target-headers.hmap -iquote /Users/oikhlas/Library/Developer/Xcode/DerivedData/WebDriverAgent-bcmeffsllcldukgyoimwiehwhvyz/Build/Intermediates.noindex/WebDriverAgent.build/Debug-iphonesimulator/WebDriverAgentLib.build/WebDriverAgentLib-project-headers.hmap -I/Users/oikhlas/Library/Developer/Xcode/DerivedData/WebDriverAgent-bcmeffsllcldukgyoimwiehwhvyz/Build/Products/Debug-iphonesimulator/include -I/Applications/Xcode.app/Contents/Developer/Platforms/iPhoneSimulator.platform/Developer/SDKs/iPhoneSimulator16.0.sdk/usr/include/libxml2 -I/Users/oikhlas/.appium/node_modules/appium-xcuitest-driver/node_modules/appium-webdriveragent/Modules -I/Users/oikhlas/Library/Developer/Xcode/DerivedData/WebDriverAgent-bcmeffsllcldukgyoimwiehwhvyz/Build/Intermediates.noindex/WebDriverAgent.build/Debug-iphonesimulator/WebDriverAgentLib.build/DerivedSources-normal/x86_64 -I/Users/oikhlas/Library/Developer/Xcode/DerivedData/WebDriverAgent-bcmeffsllcldukgyoimwiehwhvyz/Build/Intermediates.noindex/WebDriverAgent.build/Debug-iphonesimulator/WebDriverAgentLib.build/DerivedSources/x86_64 -I/Users/oikhlas/Library/Developer/Xcode/DerivedData/WebDriverAgent-bcmeffsllcldukgyoimwiehwhvyz/Build/Intermediates.noindex/WebDriverAgent.build/Debug-iphonesimulator/WebDriverAgentLib.build/DerivedSources -Weverything -Wno-objc-missing-property-synthesis -Wno-unused-macros -Wno-disabled-macro-expansion -Wno-gnu-statement-expression -Wno-language-extension-token -Wno-overriding-method-mismatch -Wno-missing-variable-declarations -Rno-module-build -Wno-auto-import -Wno-objc-interface-ivars -Wno-documentation-unknown-command -Wno-reserved-id-macro -Wno-unused-parameter -Wno-gnu-conditional-omitted-operand -Wno-explicit-ownership-type -Wno-date-time -Wno-cast-align -Wno-cstring-format-directive -Wno-double-promotion -Wno-partial-availability -Weverything -Wno-objc-missing-property-synthesis -Wno-unused-macros -Wno-disabled-macro-expansion -Wno-gnu-statement-expression -Wno-language-extension-token -Wno-overriding-method-mismatch -Wno-missing-variable-declarations -Rno-module-build -Wno-auto-import -Wno-objc-interface-ivars -Wno-documentation-unknown-command -Wno-reserved-id-macro -Wno-unused-parameter -Wno-gnu-conditional-omitted-operand -Wno-explicit-ownership-type -Wno-date-time -Wno-cast-align -Wno-cstring-format-directive -Wno-double-promotion -Wno-partial-availability -Wno-objc-messaging-id -Wno-direct-ivar-access -Wno-cast-qual -Wno-declaration-after-statement -F/Users/oikhlas/Library/Developer/Xcode/DerivedData/WebDriverAgent-bcmeffsllcldukgyoimwiehwhvyz/Build/Products/Debug-iphonesimulator -F/Applications/Xcode.app/Contents/Developer/Platforms/iPhoneSimulator.platform/Developer/Library/Frameworks -F/Applications/Xcode.app/Contents/Developer/Platforms/iPhoneSimulator.platform/Developer/Library/PrivateFrameworks -iframework /Applications/Xcode.app/Contents/Developer/Platforms/iPhoneSimulator.platform/Developer/SDKs/iPhoneSimulator16.0.sdk/Developer/Library/Frameworks -MMD -MT dependencies -MF /Users/oikhlas/Library/Developer/Xcode/DerivedData/WebDriverAgent-bcmeffsllcldukgyoimwiehwhvyz/Build/Intermediates.noindex/WebDriverAgent.build/Debug-iphonesimulator/WebDriverAgentLib.build/StaticAnalyzer/WebDriverAgent/WebDriverAgentLib/normal/x86_64/XCUIApplication+FBQuiescence.d --analyze /Users/oikhlas/.appium/node_modules/appium-xcuitest-driver/node_modules/appium-webdriveragent/WebDriverAgentLib/Categories/XCUIApplication+FBQuiescence.m -o /Users/oikhlas/Library/Developer/Xcode/DerivedData/WebDriverAgent-bcmeffsllcldukgyoimwiehwhvyz/Build/Intermediates.noindex/WebDriverAgent.build/Debug-iphonesimulator/WebDriverAgentLib.build/StaticAnalyzer/WebDriverAgent/WebDriverAgentLib/normal/x86_64/XCUIApplication+FBQuiescence.plist
&amp#27;[38;5;173m[Xcode]&amp#27;[0m 
&amp#27;[38;5;-42m[XCUITestDriver@9d32 (dbe4db21)]&amp#27;[0m Matched '/status' to command name 'getStatus'
&amp#27;[38;5;-42m[XCUITestDriver@9d32 (dbe4db21)]&amp#27;[0m Proxying [GET /status] to [GET http://127.0.0.1:8100/status] with no body
&amp#27;[38;5;-42m[XCUITestDriver@9d32 (dbe4db21)]&amp#27;[0m connect ECONNREFUSED 127.0.0.1:8100
&amp#27;[38;5;173m[Xcode]&amp#27;[0m 
&amp#27;[38;5;173m[Xcode]&amp#27;[0m 
&amp#27;[38;5;173m[Xcode]&amp#27;[0m Analyze /Users/oikhlas/.appium/node_modules/appium-xcuitest-driver/node_modules/appium-webdriveragent/WebDriverAgentLib/Categories/XCUIApplication+FBAlert.m normal x86_64 (in target 'WebDriverAgentLib' from project 'WebDriverAgent')
&amp#27;[38;5;173m[Xcode]&amp#27;[0m     cd /Users/oikhlas/.appium/node_modules/appium-xcuitest-driver/node_modules/appium-webdriveragent
&amp#27;[38;5;173m[Xcode]&amp#27;[0m     /Applications/Xcode.app/Contents/Developer/Toolchains/XcodeDefault.xctoolchain/usr/bin/clang -x objective-c -target x86_64-apple-ios16.0-simulator -fmessage-length\=0 -fdiagnostics-show-note-include-stack -fmacro-backtrace-limit\=0 -std\=gnu99 -fobjc-arc -fmodules -gmodules -fmodules-cache-path\=/Users/oikhlas/Library/Developer/Xcode/DerivedData/ModuleCache.noindex -fmodules-prune-interval\=86400 -fmodules-prune-after\=345600 -fbuild-session-file\=/Users/oikhlas/Library/Developer/Xcode/DerivedData/ModuleCache.noindex/Session.modulevalidation -fmodules-validate-once-per-build-session -Wno-trigraphs -fpascal-strings -O0 -fno-common -Wmissing-field-initializers -Wno-missing-prototypes -Werror\=return-type -Wunreachable-code -Wquoted-include-in-framework-header -Wno-implicit-atomic-properties -Werror\=deprecated-objc-isa-usage -Wno-objc-interface-ivars -Werror\=objc-root-class -Warc-repeated-use-of-weak -Wno-arc-maybe-repeated-use-of-weak -Wimplicit-retain-self -Wduplicate-method-match -Wno-missing-braces -Wparentheses -Wswitch -Wunused-function -Wno-unused-label -Wunused-parameter -Wunused-variable -Wunused-value -Wempty-body -Wuninitialized -Wconditional-uninitialized -Wno-unknown-pragmas -pedantic -Wshadow -Wno-four-char-constants -Wconversion -Wconstant-conversion -Wint-conversion -Wbool-conversion -Wenum-conversion -Wfloat-conversion -Wnon-literal-null-conversion -Wobjc-literal-conversion -Wassign-enum -Wsign-compare -Wshorten-64-to-32 -Wpointer-sign -Wno-newline-eof -Wno-selector -Wno-strict-selector-match -Wundeclared-selector -Wdeprecated-implementations -Wno-implicit-fallthrough -DDEBUG\=1 -DOBJC_OLD_DISPATCH_PROTOTYPES\=0 -isysroot /Applications/Xcode.app/Contents/Developer/Platforms/iPhoneSimulator.platform/Developer/SDKs/iPhoneSimulator16.0.sdk -fasm-blocks -fstrict-aliasing -Wprotocol -Wdeprecated-declarations -g -Wno-sign-conversion -Winfinite-recursion -Wcomma -Wblock-capture-autoreleasing -Wstrict-prototypes -Wno-semicolon-before-method-body -fobjc-abi-version\=2 -fobjc-legacy-dispatch -D__clang_analyzer__ -Xclang -analyzer-output\=plist-multi-file -Xclang -analyzer-config -Xclang path-diagnostics-alternate\=true -Xclang -analyzer-config -Xclang report-in-main-source-file\=true -Xclang -analyzer-checker -Xclang optin.osx.cocoa.localizability.NonLocalizedStringChecker -Xclang -analyzer-checker -Xclang security.insecureAPI.UncheckedReturn -Xclang -analyzer-checker -Xclang security.insecureAPI.getpw -Xclang -analyzer-checker -Xclang security.insecureAPI.gets -Xclang -analyzer-checker -Xclang security.insecureAPI.mkstemp -Xclang -analyzer-checker -Xclang security.insecureAPI.mktemp -Xclang -analyzer-disable-checker -Xclang security.insecureAPI.rand -Xclang -analyzer-disable-checker -Xclang security.insecureAPI.strcpy -Xclang -analyzer-checker -Xclang security.insecureAPI.vfork -iquote /Users/oikhlas/Library/Developer/Xcode/DerivedData/WebDriverAgent-bcmeffsllcldukgyoimwiehwhvyz/Build/Intermediates.noindex/WebDriverAgent.build/Debug-iphonesimulator/WebDriverAgentLib.build/WebDriverAgentLib-generated-files.hmap -I/Users/oikhlas/Library/Developer/Xcode/DerivedData/WebDriverAgent-bcmeffsllcldukgyoimwiehwhvyz/Build/Intermediates.noindex/WebDriverAgent.build/Debug-iphonesimulator/WebDriverAgentLib.build/WebDriverAgentLib-own-target-headers.hmap -I/Users/oikhlas/Library/Developer/Xcode/DerivedData/WebDriverAgent-bcmeffsllcldukgyoimwiehwhvyz/Build/Intermediates.noindex/WebDriverAgent.build/Debug-iphonesimulator/WebDriverAgentLib.build/WebDriverAgentLib-all-target-headers.hmap -iquote /Users/oikhlas/Library/Developer/Xcode/DerivedData/WebDriverAgent-bcmeffsllcldukgyoimwiehwhvyz/Build/Intermediates.noindex/WebDriverAgent.build/Debug-iphonesimulator/WebDriverAgentLib.build/WebDriverAgentLib-project-headers.hmap -I/Users/oikhlas/Library/Developer/Xcode/DerivedData/WebDriverAgent-bcmeffsllcldukgyoimwiehwhvyz/Build/Products/Debug-iphonesimulator/include -I/Applications/Xcode.app/Contents/Developer/Platforms/iPhoneSimulator.platform/Developer/SDKs/iPhoneSimulator16.0.sdk/usr/include/libxml2 -I/Users/oikhlas/.appium/node_modules/appium-xcuitest-driver/node_modules/appium-webdriveragent/Modules -I/Users/oikhlas/Library/Developer/Xcode/DerivedData/WebDriverAgent-bcmeffsllcldukgyoimwiehwhvyz/Build/Intermediates.noindex/WebDriverAgent.build/Debug-iphonesimulator/WebDriverAgentLib.build/DerivedSources-normal/x86_64 -I/Users/oikhlas/Library/Developer/Xcode/DerivedData/WebDriverAgent-bcmeffsllcldukgyoimwiehwhvyz/Build/Intermediates.noindex/WebDriverAgent.build/Debug-iphonesimulator/WebDriverAgentLib.build/DerivedSources/x86_64 -I/Users/oikhlas/Library/Developer/Xcode/DerivedData/WebDriverAgent-bcmeffsllcldukgyoimwiehwhvyz/Build/Intermediates.noindex/WebDriverAgent.build/Debug-iphonesimulator/WebDriverAgentLib.build/DerivedSources -Weverything -Wno-objc-missing-property-synthesis -Wno-unused-macros -Wno-disabled-macro-expansion -Wno-gnu-statement-expression -Wno-language-extension-token -Wno-overriding-method-mismatch -Wno-missing-variable-declarations -Rno-module-build -Wno-auto-import -Wno-objc-interface-ivars -Wno-documentation-unknown-command -Wno-reserved-id-macro -Wno-unused-parameter -Wno-gnu-conditional-omitted-operand -Wno-explicit-ownership-type -Wno-date-time -Wno-cast-align -Wno-cstring-format-directive -Wno-double-promotion -Wno-partial-availability -Weverything -Wno-objc-missing-property-synthesis -Wno-unused-macros -Wno-disabled-macro-expansion -Wno-gnu-statement-expression -Wno-language-extension-token -Wno-overriding-method-mismatch -Wno-missing-variable-declarations -Rno-module-build -Wno-auto-import -Wno-objc-interface-ivars -Wno-documentation-unknown-command -Wno-reserved-id-macro -Wno-unused-parameter -Wno-gnu-conditional-omitted-operand -Wno-explicit-ownership-type -Wno-date-time -Wno-cast-align -Wno-cstring-format-directive -Wno-double-promotion -Wno-partial-availability -Wno-objc-messaging-id -Wno-direct-ivar-access -Wno-cast-qual -Wno-declaration-after-statement -F/Users/oikhlas/Library/Developer/Xcode/DerivedData/WebDriverAgent-bcmeffsllcldukgyoimwiehwhvyz/Build/Products/Debug-iphonesimulator -F/Applications/Xcode.app/Contents/Developer/Platforms/iPhoneSimulator.platform/Developer/Library/Frameworks -F/Applications/Xcode.app/Contents/Developer/Platforms/iPhoneSimulator.platform/Developer/Library/PrivateFrameworks -iframework /Applications/Xcode.app/Contents/Developer/Platforms/iPhoneSimulator.platform/Developer/SDKs/iPhoneSimulator16.0.sdk/Developer/Library/Frameworks -MMD -MT dependencies -MF /Users/oikhlas/Library/Developer/Xcode/DerivedData/WebDriverAgent-bcmeffsllcldukgyoimwiehwhvyz/Build/Intermediates.noindex/WebDriverAgent.build/Debug-iphonesimulator/WebDriverAgentLib.build/StaticAnalyzer/WebDriverAgent/WebDriverAgentLib/normal/x86_64/XCUIApplication+FBAlert.d --analyze /Users/oikhlas/.appium/node_modules/appium-xcuitest-driver/node_modules/appium-webdriveragent/WebDriverAgentLib/Categories/XCUIApplication+FBAlert.m -o /Users/oikhlas/Library/Developer/Xcode/DerivedData/WebDriverAgent-bcmeffsllcldukgyoimwiehwhvyz/Build/Intermediates.noindex/WebDriverAgent.build/Debug-iphonesimulator/WebDriverAgentLib.build/StaticAnalyzer/WebDriverAgent/WebDriverAgentLib/normal/x86_64/XCUIApplication+FBAlert.plist
&amp#27;[38;5;173m[Xcode]&amp#27;[0m 
&amp#27;[38;5;173m[Xcode]&amp#27;[0m 
&amp#27;[38;5;173m[Xcode]&amp#27;[0m 
&amp#27;[38;5;173m[Xcode]&amp#27;[0m Analyze /Users/oikhlas/.appium/node_modules/appium-xcuitest-driver/node_modules/appium-webdriveragent/WebDriverAgentLib/Categories/XCUIApplication+FBTouchAction.m normal x86_64 (in target 'WebDriverAgentLib' from project 'WebDriverAgent')
&amp#27;[38;5;173m[Xcode]&amp#27;[0m     cd /Users/oikhlas/.appium/node_modules/appium-xcuitest-driver/node_modules/appium-webdriveragent
&amp#27;[38;5;173m[Xcode]&amp#27;[0m     /Applications/Xcode.app/Contents/Developer/Toolchains/XcodeDefault.xctoolchain/usr/bin/clang -x objective-c -target x86_64-apple-ios16.0-simulator -fmessage-length\=0 -fdiagnostics-show-note-include-stack -fmacro-backtrace-limit\=0 -std\=gnu99 -fobjc-arc -fmodules -gmodules -fmodules-cache-path\=/Users/oikhlas/Library/Developer/Xcode/DerivedData/ModuleCache.noindex -fmodules-prune-interval\=86400 -fmodules-prune-after\=345600 -fbuild-session-file\=/Users/oikhlas/Library/Developer/Xcode/DerivedData/ModuleCache.noindex/Session.modulevalidation -fmodules-validate-once-per-build-session -Wno-trigraphs -fpascal-strings -O0 -fno-common -Wmissing-field-initializers -Wno-missing-prototypes -Werror\=return-type -Wunreachable-code -Wquoted-include-in-framework-header -Wno-implicit-atomic-properties -Werror\=deprecated-objc-isa-usage -Wno-objc-interface-ivars -Werror\=objc-root-class -Warc-repeated-use-of-weak -Wno-arc-maybe-repeated-use-of-weak -Wimplicit-retain-self -Wduplicate-method-match -Wno-missing-braces -Wparentheses -Wswitch -Wunused-function -Wno-unused-label -Wunused-parameter -Wunused-variable -Wunused-value -Wempty-body -Wuninitialized -Wconditional-uninitialized -Wno-unknown-pragmas -pedantic -Wshadow -Wno-four-char-constants -Wconversion -Wconstant-conversion -Wint-conversion -Wbool-conversion -Wenum-conversion -Wfloat-conversion -Wnon-literal-null-conversion -Wobjc-literal-conversion -Wassign-enum -Wsign-compare -Wshorten-64-to-32 -Wpointer-sign -Wno-newline-eof -Wno-selector -Wno-strict-selector-match -Wundeclared-selector -Wdeprecated-implementations -Wno-implicit-fallthrough -DDEBUG\=1 -DOBJC_OLD_DISPATCH_PROTOTYPES\=0 -isysroot /Applications/Xcode.app/Contents/Developer/Platforms/iPhoneSimulator.platform/Developer/SDKs/iPhoneSimulator16.0.sdk -fasm-blocks -fstrict-aliasing -Wprotocol -Wdeprecated-declarations -g -Wno-sign-conversion -Winfinite-recursion -Wcomma -Wblock-capture-autoreleasing -Wstrict-prototypes -Wno-semicolon-before-method-body -fobjc-abi-version\=2 -fobjc-legacy-dispatch -D__clang_analyzer__ -Xclang -analyzer-output\=plist-multi-file -Xclang -analyzer-config -Xclang path-diagnostics-alternate\=true -Xclang -analyzer-config -Xclang report-in-main-source-file\=true -Xclang -analyzer-checker -Xclang optin.osx.cocoa.localizability.NonLocalizedStringChecker -Xclang -analyzer-checker -Xclang security.insecureAPI.UncheckedReturn -Xclang -analyzer-checker -Xclang security.insecureAPI.getpw -Xclang -analyzer-checker -Xclang security.insecureAPI.gets -Xclang -analyzer-checker -Xclang security.insecureAPI.mkstemp -Xclang -analyzer-checker -Xclang security.insecureAPI.mktemp -Xclang -analyzer-disable-checker -Xclang security.insecureAPI.rand -Xclang -analyzer-disable-checker -Xclang security.insecureAPI.strcpy -Xclang -analyzer-checker -Xclang security.insecureAPI.vfork -iquote /Users/oikhlas/Library/Developer/Xcode/DerivedData/WebDriverAgent-bcmeffsllcldukgyoimwiehwhvyz/Build/Intermediates.noindex/WebDriverAgent.build/Debug-iphonesimulator/WebDriverAgentLib.build/WebDriverAgentLib-generated-files.hmap -I/Users/oikhlas/Library/Developer/Xcode/DerivedData/WebDriverAgent-bcmeffsllcldukgyoimwiehwhvyz/Build/Intermediates.noindex/WebDriverAgent.build/Debug-iphonesimulator/WebDriverAgentLib.build/WebDriverAgentLib-own-target-headers.hmap -I/Users/oikhlas/Library/Developer/Xcode/DerivedData/WebDriverAgent-bcmeffsllcldukgyoimwiehwhvyz/Build/Intermediates.noindex/WebDriverAgent.build/Debug-iphonesimulator/WebDriverAgentLib.build/WebDriverAgentLib-all-target-headers.hmap -iquote /Users/oikhlas/Library/Developer/Xcode/DerivedData/WebDriverAgent-bcmeffsllcldukgyoimwiehwhvyz/Build/Intermediates.noindex/WebDriverAgent.build/Debug-iphonesimulator/WebDriverAgentLib.build/WebDriverAgentLib-project-headers.hmap -I/Users/oikhlas/Library/Developer/Xcode/DerivedData/WebDriverAgent-bcmeffsllcldukgyoimwiehwhvyz/Build/Products/Debug-iphonesimulator/include -I/Applications/Xcode.app/Contents/Developer/Platforms/iPhoneSimulator.platform/Developer/SDKs/iPhoneSimulator16.0.sdk/usr/include/libxml2 -I/Users/oikhlas/.appium/node_modules/appium-xcuitest-driver/node_modules/appium-webdriveragent/Modules -I/Users/oikhlas/Library/Developer/Xcode/DerivedData/WebDriverAgent-bcmeffsllcldukgyoimwiehwhvyz/Build/Intermediates.noindex/WebDriverAgent.build/Debug-iphonesimulator/WebDriverAgentLib.build/DerivedSources-normal/x86_64 -I/Users/oikhlas/Library/Developer/Xcode/DerivedData/WebDriverAgent-bcmeffsllcldukgyoimwiehwhvyz/Build/Intermediates.noindex/WebDriverAgent.build/Debug-iphonesimulator/WebDriverAgentLib.build/DerivedSources/x86_64 -I/Users/oikhlas/Library/Developer/Xcode/DerivedData/WebDriverAgent-bcmeffsllcldukgyoimwiehwhvyz/Build/Intermediates.noindex/WebDriverAgent.build/Debug-iphonesimulator/WebDriverAgentLib.build/DerivedSources -Weverything -Wno-objc-missing-property-synthesis -Wno-unused-macros -Wno-disabled-macro-expansion -Wno-gnu-statement-expression -Wno-language-extension-token -Wno-overriding-method-mismatch -Wno-missing-variable-declarations -Rno-module-build -Wno-auto-import -Wno-objc-interface-ivars -Wno-documentation-unknown-command -Wno-reserved-id-macro -Wno-unused-parameter -Wno-gnu-conditional-omitted-operand -Wno-explicit-ownership-type -Wno-date-time -Wno-cast-align -Wno-cstring-format-directive -Wno-double-promotion -Wno-partial-availability -Weverything -Wno-objc-missing-property-synthesis -Wno-unused-macros -Wno-disabled-macro-expansion -Wno-gnu-statement-expression -Wno-language-extension-token -Wno-overriding-method-mismatch -Wno-missing-variable-declarations -Rno-module-build -Wno-auto-import -Wno-objc-interface-ivars -Wno-documentation-unknown-command -Wno-reserved-id-macro -Wno-unused-parameter -Wno-gnu-conditional-omitted-operand -Wno-explicit-ownership-type -Wno-date-time -Wno-cast-align -Wno-cstring-format-directive -Wno-double-promotion -Wno-partial-availability -Wno-objc-messaging-id -Wno-direct-ivar-access -Wno-cast-qual -Wno-declaration-after-statement -F/Users/oikhlas/Library/Developer/Xcode/DerivedData/WebDriverAgent-bcmeffsllcldukgyoimwiehwhvyz/Build/Products/Debug-iphonesimulator -F/Applications/Xcode.app/Contents/Developer/Platforms/iPhoneSimulator.platform/Developer/Library/Frameworks -F/Applications/Xcode.app/Contents/Developer/Platforms/iPhoneSimulator.platform/Developer/Library/PrivateFrameworks -iframework /Applications/Xcode.app/Contents/Developer/Platforms/iPhoneSimulator.platform/Developer/SDKs/iPhoneSimulator16.0.sdk/Developer/Library/Frameworks -MMD -MT dependencies -MF /Users/oikhlas/Library/Developer/Xcode/DerivedData/WebDriverAgent-bcmeffsllcldukgyoimwiehwhvyz/Build/Intermediates.noindex/WebDriverAgent.build/Debug-iphonesimulator/WebDriverAgentLib.build/StaticAnalyzer/WebDriverAgent/WebDriverAgentLib/normal/x86_64/XCUIApplication+FBTouchAction.d --analyze /Users/oikhlas/.appium/node_modules/appium-xcuitest-driver/node_modules/appium-webdriveragent/WebDriverAgentLib/Categories/XCUIApplication+FBTouchAction.m -o /Users/oikhlas/Library/Developer/Xcode/DerivedData/WebDriverAgent-bcmeffsllcldukgyoimwiehwhvyz/Build/Intermediates.noindex/WebDriverAgent.build/Debug-iphonesimulator/WebDriverAgentLib.build/StaticAnalyzer/WebDriverAgent/WebDriverAgentLib/normal/x86_64/XCUIApplication+FBTouchAction.plist
&amp#27;[38;5;173m[Xcode]&amp#27;[0m 
&amp#27;[38;5;173m[Xcode]&amp#27;[0m 
&amp#27;[38;5;173m[Xcode]&amp#27;[0m Analyze /Users/oikhlas/.appium/node_modules/appium-xcuitest-driver/node_modules/appium-webdriveragent/WebDriverAgentLib/Categories/XCUIApplication+FBHelpers.m normal x86_64 (in target 'WebDriverAgentLib' from project 'WebDriverAgent')
&amp#27;[38;5;173m[Xcode]&amp#27;[0m     cd /Users/oikhlas/.appium/node_modules/appium-xcuitest-driver/node_modules/appium-webdriveragent
&amp#27;[38;5;173m[Xcode]&amp#27;[0m     /Applications/Xcode.app/Contents/Developer/Toolchains/XcodeDefault.xctoolchain/usr/bin/clang -x objective-c -target x86_64-apple-ios16.0-simulator -fmessage-length\=0 -fdiagnostics-show-note-include-stack -fmacro-backtrace-limit\=0 -std\=gnu99 -fobjc-arc -fmodules -gmodules -fmodules-cache-path\=/Users/oikhlas/Library/Developer/Xcode/DerivedData/ModuleCache.noindex -fmodules-prune-interval\=86400 -fmodules-prune-after\=345600 -fbuild-session-file\=/Users/oikhlas/Library/Developer/Xcode/DerivedData/ModuleCache.noindex/Session.modulevalidation -fmodules-validate-once-per-build-session -Wno-trigraphs -fpascal-strings -O0 -fno-common -Wmissing-field-initializers -Wno-missing-prototypes -Werror\=return-type -Wunreachable-code -Wquoted-include-in-framework-header -Wno-implicit-atomic-properties -Werror\=deprecated-objc-isa-usage -Wno-objc-interface-ivars -Werror\=objc-root-class -Warc-repeated-use-of-weak -Wno-arc-maybe-repeated-use-of-weak -Wimplicit-retain-self -Wduplicate-method-match -Wno-missing-braces -Wparentheses -Wswitch -Wunused-function -Wno-unused-label -Wunused-parameter -Wunused-variable -Wunused-value -Wempty-body -Wuninitialized -Wconditional-uninitialized -Wno-unknown-pragmas -pedantic -Wshadow -Wno-four-char-constants -Wconversion -Wconstant-conversion -Wint-conversion -Wbool-conversion -Wenum-conversion -Wfloat-conversion -Wnon-literal-null-conversion -Wobjc-literal-conversion -Wassign-enum -Wsign-compare -Wshorten-64-to-32 -Wpointer-sign -Wno-newline-eof -Wno-selector -Wno-strict-selector-match -Wundeclared-selector -Wdeprecated-implementations -Wno-implicit-fallthrough -DDEBUG\=1 -DOBJC_OLD_DISPATCH_PROTOTYPES\=0 -isysroot /Applications/Xcode.app/Contents/Developer/Platforms/iPhoneSimulator.platform/Developer/SDKs/iPhoneSimulator16.0.sdk -fasm-blocks -fstrict-aliasing -Wprotocol -Wdeprecated-declarations -g -Wno-sign-conversion -Winfinite-recursion -Wcomma -Wblock-capture-autoreleasing -Wstrict-prototypes -Wno-semicolon-before-method-body -fobjc-abi-version\=2 -fobjc-legacy-dispatch -D__clang_analyzer__ -Xclang -analyzer-output\=plist-multi-file -Xclang -analyzer-config -Xclang path-diagnostics-alternate\=true -Xclang -analyzer-config -Xclang report-in-main-source-file\=true -Xclang -analyzer-checker -Xclang optin.osx.cocoa.localizability.NonLocalizedStringChecker -Xclang -analyzer-checker -Xclang security.insecureAPI.UncheckedReturn -Xclang -analyzer-checker -Xclang security.insecureAPI.getpw -Xclang -analyzer-checker -Xclang security.insecureAPI.gets -Xclang -analyzer-checker -Xclang security.insecureAPI.mkstemp -Xclang -analyzer-checker -Xclang security.insecureAPI.mktemp -Xclang -analyzer-disable-checker -Xclang security.insecureAPI.rand -Xclang -analyzer-disable-checker -Xclang security.insecureAPI.strcpy -Xclang -analyzer-checker -Xclang security.insecureAPI.vfork -iquote /Users/oikhlas/Library/Developer/Xcode/DerivedData/WebDriverAgent-bcmeffsllcldukgyoimwiehwhvyz/Build/Intermediates.noindex/WebDriverAgent.build/Debug-iphonesimulator/WebDriverAgentLib.build/WebDriverAgentLib-generated-files.hmap -I/Users/oikhlas/Library/Developer/Xcode/DerivedData/WebDriverAgent-bcmeffsllcldukgyoimwiehwhvyz/Build/Intermediates.noindex/WebDriverAgent.build/Debug-iphonesimulator/WebDriverAgentLib.build/WebDriverAgentLib-own-target-headers.hmap -I/Users/oikhlas/Library/Developer/Xcode/DerivedData/WebDriverAgent-bcmeffsllcldukgyoimwiehwhvyz/Build/Intermediates.noindex/WebDriverAgent.build/Debug-iphonesimulator/WebDriverAgentLib.build/WebDriverAgentLib-all-target-headers.hmap -iquote /Users/oikhlas/Library/Developer/Xcode/DerivedData/WebDriverAgent-bcmeffsllcldukgyoimwiehwhvyz/Build/Intermediates.noindex/WebDriverAgent.build/Debug-iphonesimulator/WebDriverAgentLib.build/WebDriverAgentLib-project-headers.hmap -I/Users/oikhlas/Library/Developer/Xcode/DerivedData/WebDriverAgent-bcmeffsllcldukgyoimwiehwhvyz/Build/Products/Debug-iphonesimulator/include -I/Applications/Xcode.app/Contents/Developer/Platforms/iPhoneSimulator.platform/Developer/SDKs/iPhoneSimulator16.0.sdk/usr/include/libxml2 -I/Users/oikhlas/.appium/node_modules/appium-xcuitest-driver/node_modules/appium-webdriveragent/Modules -I/Users/oikhlas/Library/Developer/Xcode/DerivedData/WebDriverAgent-bcmeffsllcldukgyoimwiehwhvyz/Build/Intermediates.noindex/WebDriverAgent.build/Debug-iphonesimulator/WebDriverAgentLib.build/DerivedSources-normal/x86_64 -I/Users/oikhlas/Library/Developer/Xcode/DerivedData/WebDriverAgent-bcmeffsllcldukgyoimwiehwhvyz/Build/Intermediates.noindex/WebDriverAgent.build/Debug-iphonesimulator/WebDriverAgentLib.build/DerivedSources/x86_64 -I/Users/oikhlas/Library/Developer/Xcode/DerivedData/WebDriverAgent-bcmeffsllcldukgyoimwiehwhvyz/Build/Intermediates.noindex/WebDriverAgent.build/Debug-iphonesimulator/WebDriverAgentLib.build/DerivedSources -Weverything -Wno-objc-missing-property-synthesis -Wno-unused-macros -Wno-disabled-macro-expansion -Wno-gnu-statement-expression -Wno-language-extension-token -Wno-overriding-method-mismatch -Wno-missing-variable-declarations -Rno-module-build -Wno-auto-import -Wno-objc-interface-ivars -Wno-documentation-unknown-command -Wno-reserved-id-macro -Wno-unused-parameter -Wno-gnu-conditional-omitted-operand -Wno-explicit-ownership-type -Wno-date-time -Wno-cast-align -Wno-cstring-format-directive -Wno-double-promotion -Wno-partial-availability -Weverything -Wno-objc-missing-property-synthesis -Wno-unused-macros -Wno-disabled-macro-expansion -Wno-gnu-statement-expression -Wno-language-extension-token -Wno-overriding-method-mismatch -Wno-missing-variable-declarations -Rno-module-build -Wno-auto-import -Wno-objc-interface-ivars -Wno-documentation-unknown-command -Wno-reserved-id-macro -Wno-unused-parameter -Wno-gnu-conditional-omitted-operand -Wno-explicit-ownership-type -Wno-date-time -Wno-cast-align -Wno-cstring-format-directive -Wno-double-promotion -Wno-partial-availability -Wno-objc-messaging-id -Wno-direct-ivar-access -Wno-cast-qual -Wno-declaration-after-statement -F/Users/oikhlas/Library/Developer/Xcode/DerivedData/WebDriverAgent-bcmeffsllcldukgyoimwiehwhvyz/Build/Products/Debug-iphonesimulator -F/Applications/Xcode.app/Contents/Developer/Platforms/iPhoneSimulator.platform/Developer/Library/Frameworks -F/Applications/Xcode.app/Contents/Developer/Platforms/iPhoneSimulator.platform/Developer/Library/PrivateFrameworks -iframework /Applications/Xcode.app/Contents/Developer/Platforms/iPhoneSimulator.platform/Developer/SDKs/iPhoneSimulator16.0.sdk/Developer/Library/Frameworks -MMD -MT dependencies -MF /Users/oikhlas/Library/Developer/Xcode/DerivedData/WebDriverAgent-bcmeffsllcldukgyoimwiehwhvyz/Build/Intermediates.noindex/WebDriverAgent.build/Debug-iphonesimulator/WebDriverAgentLib.build/StaticAnalyzer/WebDriverAgent/WebDriverAgentLib/normal/x86_64/XCUIApplication+FBHelpers.d --analyze /Users/oikhlas/.appium/node_modules/appium-xcuitest-driver/node_modules/appium-webdriveragent/WebDriverAgentLib/Categories/XCUIApplication+FBHelpers.m -o /Users/oikhlas/Library/Developer/Xcode/DerivedData/WebDriverAgent-bcmeffsllcldukgyoimwiehwhvyz/Build/Intermediates.noindex/WebDriverAgent.build/Debug-iphonesimulator/WebDriverAgentLib.build/StaticAnalyzer/WebDriverAgent/WebDriverAgentLib/normal/x86_64/XCUIApplication+FBHelpers.plist
&amp#27;[38;5;173m[Xcode]&amp#27;[0m 
&amp#27;[38;5;-42m[XCUITestDriver@9d32 (dbe4db21)]&amp#27;[0m Matched '/status' to command name 'getStatus'
&amp#27;[38;5;-42m[XCUITestDriver@9d32 (dbe4db21)]&amp#27;[0m Proxying [GET /status] to [GET http://127.0.0.1:8100/status] with no body
&amp#27;[38;5;-42m[XCUITestDriver@9d32 (dbe4db21)]&amp#27;[0m connect ECONNREFUSED 127.0.0.1:8100
&amp#27;[38;5;-42m[XCUITestDriver@9d32 (dbe4db21)]&amp#27;[0m Matched '/status' to command name 'getStatus'
&amp#27;[38;5;-42m[XCUITestDriver@9d32 (dbe4db21)]&amp#27;[0m Proxying [GET /status] to [GET http://127.0.0.1:8100/status] with no body
&amp#27;[38;5;-42m[XCUITestDriver@9d32 (dbe4db21)]&amp#27;[0m connect ECONNREFUSED 127.0.0.1:8100
&amp#27;[38;5;-42m[XCUITestDriver@9d32 (dbe4db21)]&amp#27;[0m Matched '/status' to command name 'getStatus'
&amp#27;[38;5;-42m[XCUITestDriver@9d32 (dbe4db21)]&amp#27;[0m Proxying [GET /status] to [GET http://127.0.0.1:8100/status] with no body
&amp#27;[38;5;-42m[XCUITestDriver@9d32 (dbe4db21)]&amp#27;[0m connect ECONNREFUSED 127.0.0.1:8100
&amp#27;[38;5;-42m[XCUITestDriver@9d32 (dbe4db21)]&amp#27;[0m Matched '/status' to command name 'getStatus'
&amp#27;[38;5;-42m[XCUITestDriver@9d32 (dbe4db21)]&amp#27;[0m Proxying [GET /status] to [GET http://127.0.0.1:8100/status] with no body
&amp#27;[38;5;-42m[XCUITestDriver@9d32 (dbe4db21)]&amp#27;[0m connect ECONNREFUSED 127.0.0.1:8100
&amp#27;[38;5;-42m[XCUITestDriver@9d32 (dbe4db21)]&amp#27;[0m Matched '/status' to command name 'getStatus'
&amp#27;[38;5;-42m[XCUITestDriver@9d32 (dbe4db21)]&amp#27;[0m Proxying [GET /status] to [GET http://127.0.0.1:8100/status] with no body
&amp#27;[38;5;-42m[XCUITestDriver@9d32 (dbe4db21)]&amp#27;[0m connect ECONNREFUSED 127.0.0.1:8100
&amp#27;[38;5;-42m[XCUITestDriver@9d32 (dbe4db21)]&amp#27;[0m Matched '/status' to command name 'getStatus'
&amp#27;[38;5;-42m[XCUITestDriver@9d32 (dbe4db21)]&amp#27;[0m Proxying [GET /status] to [GET http://127.0.0.1:8100/status] with no body
&amp#27;[38;5;-42m[XCUITestDriver@9d32 (dbe4db21)]&amp#27;[0m connect ECONNREFUSED 127.0.0.1:8100
&amp#27;[38;5;-42m[XCUITestDriver@9d32 (dbe4db21)]&amp#27;[0m Matched '/status' to command name 'getStatus'
&amp#27;[38;5;-42m[XCUITestDriver@9d32 (dbe4db21)]&amp#27;[0m Proxying [GET /status] to [GET http://127.0.0.1:8100/status] with no body
&amp#27;[38;5;-42m[XCUITestDriver@9d32 (dbe4db21)]&amp#27;[0m connect ECONNREFUSED 127.0.0.1:8100
&amp#27;[38;5;-42m[XCUITestDriver@9d32 (dbe4db21)]&amp#27;[0m Matched '/status' to command name 'getStatus'
&amp#27;[38;5;-42m[XCUITestDriver@9d32 (dbe4db21)]&amp#27;[0m Proxying [GET /status] to [GET http://127.0.0.1:8100/status] with no body
&amp#27;[38;5;-42m[XCUITestDriver@9d32 (dbe4db21)]&amp#27;[0m connect ECONNREFUSED 127.0.0.1:8100
&amp#27;[38;5;-42m[XCUITestDriver@9d32 (dbe4db21)]&amp#27;[0m Matched '/status' to command name 'getStatus'
&amp#27;[38;5;-42m[XCUITestDriver@9d32 (dbe4db21)]&amp#27;[0m Proxying [GET /status] to [GET http://127.0.0.1:8100/status] with no body
&amp#27;[38;5;-42m[XCUITestDriver@9d32 (dbe4db21)]&amp#27;[0m connect ECONNREFUSED 127.0.0.1:8100
&amp#27;[38;5;173m[Xcode]&amp#27;[0m 
&amp#27;[38;5;173m[Xcode]&amp#27;[0m 
&amp#27;[38;5;173m[Xcode]&amp#27;[0m Analyze /Users/oikhlas/.appium/node_modules/appium-xcuitest-driver/node_modules/appium-webdriveragent/WebDriverAgentLib/Categories/XCTIssue+FBPatcher.m normal x86_64 (in target 'WebDriverAgentLib' from project 'WebDriverAgent')
&amp#27;[38;5;173m[Xcode]&amp#27;[0m     cd /Users/oikhlas/.appium/node_modules/appium-xcuitest-driver/node_modules/appium-webdriveragent
&amp#27;[38;5;173m[Xcode]&amp#27;[0m     /Applications/Xcode.app/Contents/Developer/Toolchains/XcodeDefault.xctoolchain/usr/bin/clang -x objective-c -target x86_64-apple-ios16.0-simulator -fmessage-length\=0 -fdiagnostics-show-note-include-stack -fmacro-backtrace-limit\=0 -std\=gnu99 -fobjc-arc -fmodules -gmodules -fmodules-cache-path\=/Users/oikhlas/Library/Developer/Xcode/DerivedData/ModuleCache.noindex -fmodules-prune-interval\=86400 -fmodules-prune-after\=345600 -fbuild-session-file\=/Users/oikhlas/Library/Developer/Xcode/DerivedData/ModuleCache.noindex/Session.modulevalidation -fmodules-validate-once-per-build-session -Wno-trigraphs -fpascal-strings -O0 -fno-common -Wmissing-field-initializers -Wno-missing-prototypes -Werror\=return-type -Wunreachable-code -Wquoted-include-in-framework-header -Wno-implicit-atomic-properties -Werror\=deprecated-objc-isa-usage -Wno-objc-interface-ivars -Werror\=objc-root-class -Warc-repeated-use-of-weak -Wno-arc-maybe-repeated-use-of-weak -Wimplicit-retain-self -Wduplicate-method-match -Wno-missing-braces -Wparentheses -Wswitch -Wunused-function -Wno-unused-label -Wunused-parameter -Wunused-variable -Wunused-value -Wempty-body -Wuninitialized -Wconditional-uninitialized -Wno-unknown-pragmas -pedantic -Wshadow -Wno-four-char-constants -Wconversion -Wconstant-conversion -Wint-conversion -Wbool-conversion -Wenum-conversion -Wfloat-conversion -Wnon-literal-null-conversion -Wobjc-literal-conversion -Wassign-enum -Wsign-compare -Wshorten-64-to-32 -Wpointer-sign -Wno-newline-eof -Wno-selector -Wno-strict-selector-match -Wundeclared-selector -Wdeprecated-implementations -Wno-implicit-fallthrough -DDEBUG\=1 -DOBJC_OLD_DISPATCH_PROTOTYPES\=0 -isysroot /Applications/Xcode.app/Contents/Developer/Platforms/iPhoneSimulator.platform/Developer/SDKs/iPhoneSimulator16.0.sdk -fasm-blocks -fstrict-aliasing -Wprotocol -Wdeprecated-declarations -g -Wno-sign-conversion -Winfinite-recursion -Wcomma -Wblock-capture-autoreleasing -Wstrict-prototypes -Wno-semicolon-before-method-body -fobjc-abi-version\=2 -fobjc-legacy-dispatch -D__clang_analyzer__ -Xclang -analyzer-output\=plist-multi-file -Xclang -analyzer-config -Xclang path-diagnostics-alternate\=true -Xclang -analyzer-config -Xclang report-in-main-source-file\=true -Xclang -analyzer-checker -Xclang optin.osx.cocoa.localizability.NonLocalizedStringChecker -Xclang -analyzer-checker -Xclang security.insecureAPI.UncheckedReturn -Xclang -analyzer-checker -Xclang security.insecureAPI.getpw -Xclang -analyzer-checker -Xclang security.insecureAPI.gets -Xclang -analyzer-checker -Xclang security.insecureAPI.mkstemp -Xclang -analyzer-checker -Xclang security.insecureAPI.mktemp -Xclang -analyzer-disable-checker -Xclang security.insecureAPI.rand -Xclang -analyzer-disable-checker -Xclang security.insecureAPI.strcpy -Xclang -analyzer-checker -Xclang security.insecureAPI.vfork -iquote /Users/oikhlas/Library/Developer/Xcode/DerivedData/WebDriverAgent-bcmeffsllcldukgyoimwiehwhvyz/Build/Intermediates.noindex/WebDriverAgent.build/Debug-iphonesimulator/WebDriverAgentLib.build/WebDriverAgentLib-generated-files.hmap -I/Users/oikhlas/Library/Developer/Xcode/DerivedData/WebDriverAgent-bcmeffsllcldukgyoimwiehwhvyz/Build/Intermediates.noindex/WebDriverAgent.build/Debug-iphonesimulator/WebDriverAgentLib.build/WebDriverAgentLib-own-target-headers.hmap -I/Users/oikhlas/Library/Developer/Xcode/DerivedData/WebDriverAgent-bcmeffsllcldukgyoimwiehwhvyz/Build/Intermediates.noindex/WebDriverAgent.build/Debug-iphonesimulator/WebDriverAgentLib.build/WebDriverAgentLib-all-target-headers.hmap -iquote /Users/oikhlas/Library/Developer/Xcode/DerivedData/WebDriverAgent-bcmeffsllcldukgyoimwiehwhvyz/Build/Intermediates.noindex/WebDriverAgent.build/Debug-iphonesimulator/WebDriverAgentLib.build/WebDriverAgentLib-project-headers.hmap -I/Users/oikhlas/Library/Developer/Xcode/DerivedData/WebDriverAgent-bcmeffsllcldukgyoimwiehwhvyz/Build/Products/Debug-iphonesimulator/include -I/Applications/Xcode.app/Contents/Developer/Platforms/iPhoneSimulator.platform/Developer/SDKs/iPhoneSimulator16.0.sdk/usr/include/libxml2 -I/Users/oikhlas/.appium/node_modules/appium-xcuitest-driver/node_modules/appium-webdriveragent/Modules -I/Users/oikhlas/Library/Developer/Xcode/DerivedData/WebDriverAgent-bcmeffsllcldukgyoimwiehwhvyz/Build/Intermediates.noindex/WebDriverAgent.build/Debug-iphonesimulator/WebDriverAgentLib.build/DerivedSources-normal/x86_64 -I/Users/oikhlas/Library/Developer/Xcode/DerivedData/WebDriverAgent-bcmeffsllcldukgyoimwiehwhvyz/Build/Intermediates.noindex/WebDriverAgent.build/Debug-iphonesimulator/WebDriverAgentLib.build/DerivedSources/x86_64 -I/Users/oikhlas/Library/Developer/Xcode/DerivedData/WebDriverAgent-bcmeffsllcldukgyoimwiehwhvyz/Build/Intermediates.noindex/WebDriverAgent.build/Debug-iphonesimulator/WebDriverAgentLib.build/DerivedSources -Weverything -Wno-objc-missing-property-synthesis -Wno-unused-macros -Wno-disabled-macro-expansion -Wno-gnu-statement-expression -Wno-language-extension-token -Wno-overriding-method-mismatch -Wno-missing-variable-declarations -Rno-module-build -Wno-auto-import -Wno-objc-interface-ivars -Wno-documentation-unknown-command -Wno-reserved-id-macro -Wno-unused-parameter -Wno-gnu-conditional-omitted-operand -Wno-explicit-ownership-type -Wno-date-time -Wno-cast-align -Wno-cstring-format-directive -Wno-double-promotion -Wno-partial-availability -Weverything -Wno-objc-missing-property-synthesis -Wno-unused-macros -Wno-disabled-macro-expansion -Wno-gnu-statement-expression -Wno-language-extension-token -Wno-overriding-method-mismatch -Wno-missing-variable-declarations -Rno-module-build -Wno-auto-import -Wno-objc-interface-ivars -Wno-documentation-unknown-command -Wno-reserved-id-macro -Wno-unused-parameter -Wno-gnu-conditional-omitted-operand -Wno-explicit-ownership-type -Wno-date-time -Wno-cast-align -Wno-cstring-format-directive -Wno-double-promotion -Wno-partial-availability -Wno-objc-messaging-id -Wno-direct-ivar-access -Wno-cast-qual -Wno-declaration-after-statement -F/Users/oikhlas/Library/Developer/Xcode/DerivedData/WebDriverAgent-bcmeffsllcldukgyoimwiehwhvyz/Build/Products/Debug-iphonesimulator -F/Applications/Xcode.app/Contents/Developer/Platforms/iPhoneSimulator.platform/Developer/Library/Frameworks -F/Applications/Xcode.app/Contents/Developer/Platforms/iPhoneSimulator.platform/Developer/Library/PrivateFrameworks -iframework /Applications/Xcode.app/Contents/Developer/Platforms/iPhoneSimulator.platform/Developer/SDKs/iPhoneSimulator16.0.sdk/Developer/Library/Frameworks -MMD -MT dependencies -MF /Users/oikhlas/Library/Developer/Xcode/DerivedData/WebDriverAgent-bcmeffsllcldukgyoimwiehwhvyz/Build/Intermediates.noindex/WebDriverAgent.build/Debug-iphonesimulator/WebDriverAgentLib.build/StaticAnalyzer/WebDriverAgent/WebDriverAgentLib/normal/x86_64/XCTIssue+FBPatcher.d --analyze /Users/oikhlas/.appium/node_modules/appium-xcuitest-driver/node_modules/appium-webdriveragent/WebDriverAgentLib/Categories/XCTIssue+FBPatcher.m -o /Users/oikhlas/Library/Developer/Xcode/DerivedData/WebDriverAgent-bcmeffsllcldukgyoimwiehwhvyz/Build/Intermediates.noindex/WebDriverAgent.build/Debug-iphonesimulator/WebDriverAgentLib.build/StaticAnalyzer/WebDriverAgent/WebDriverAgentLib/normal/x86_64/XCTIssue+FBPatcher.plist
&amp#27;[38;5;173m[Xcode]&amp#27;[0m 
&amp#27;[38;5;173m[Xcode]&amp#27;[0m 
&amp#27;[38;5;173m[Xcode]&amp#27;[0m Analyze /Users/oikhlas/.appium/node_modules/appium-xcuitest-driver/node_modules/appium-webdriveragent/WebDriverAgentLib/Categories/XCAXClient_iOS+FBSnapshotReqParams.m normal x86_64 (in target 'WebDriverAgentLib' from project 'WebDriverAgent')
&amp#27;[38;5;173m[Xcode]&amp#27;[0m     cd /Users/oikhlas/.appium/node_modules/appium-xcuitest-driver/node_modules/appium-webdriveragent
&amp#27;[38;5;173m[Xcode]&amp#27;[0m     /Applications/Xcode.app/Contents/Developer/Toolchains/XcodeDefault.xctoolchain/usr/bin/clang -x objective-c -target x86_64-apple-ios16.0-simulator -fmessage-length\=0 -fdiagnostics-show-note-include-stack -fmacro-backtrace-limit\=0 -std\=gnu99 -fobjc-arc -fmodules -gmodules -fmodules-cache-path\=/Users/oikhlas/Library/Developer/Xcode/DerivedData/ModuleCache.noindex -fmodules-prune-interval\=86400 -fmodules-prune-after\=345600 -fbuild-session-file\=/Users/oikhlas/Library/Developer/Xcode/DerivedData/ModuleCache.noindex/Session.modulevalidation -fmodules-validate-once-per-build-session -Wno-trigraphs -fpascal-strings -O0 -fno-common -Wmissing-field-initializers -Wno-missing-prototypes -Werror\=return-type -Wunreachable-code -Wquoted-include-in-framework-header -Wno-implicit-atomic-properties -Werror\=deprecated-objc-isa-usage -Wno-objc-interface-ivars -Werror\=objc-root-class -Warc-repeated-use-of-weak -Wno-arc-maybe-repeated-use-of-weak -Wimplicit-retain-self -Wduplicate-method-match -Wno-missing-braces -Wparentheses -Wswitch -Wunused-function -Wno-unused-label -Wunused-parameter -Wunused-variable -Wunused-value -Wempty-body -Wuninitialized -Wconditional-uninitialized -Wno-unknown-pragmas -pedantic -Wshadow -Wno-four-char-constants -Wconversion -Wconstant-conversion -Wint-conversion -Wbool-conversion -Wenum-conversion -Wfloat-conversion -Wnon-literal-null-conversion -Wobjc-literal-conversion -Wassign-enum -Wsign-compare -Wshorten-64-to-32 -Wpointer-sign -Wno-newline-eof -Wno-selector -Wno-strict-selector-match -Wundeclared-selector -Wdeprecated-implementations -Wno-implicit-fallthrough -DDEBUG\=1 -DOBJC_OLD_DISPATCH_PROTOTYPES\=0 -isysroot /Applications/Xcode.app/Contents/Developer/Platforms/iPhoneSimulator.platform/Developer/SDKs/iPhoneSimulator16.0.sdk -fasm-blocks -fstrict-aliasing -Wprotocol -Wdeprecated-declarations -g -Wno-sign-conversion -Winfinite-recursion -Wcomma -Wblock-capture-autoreleasing -Wstrict-prototypes -Wno-semicolon-before-method-body -fobjc-abi-version\=2 -fobjc-legacy-dispatch -D__clang_analyzer__ -Xclang -analyzer-output\=plist-multi-file -Xclang -analyzer-config -Xclang path-diagnostics-alternate\=true -Xclang -analyzer-config -Xclang report-in-main-source-file\=true -Xclang -analyzer-checker -Xclang optin.osx.cocoa.localizability.NonLocalizedStringChecker -Xclang -analyzer-checker -Xclang security.insecureAPI.UncheckedReturn -Xclang -analyzer-checker -Xclang security.insecureAPI.getpw -Xclang -analyzer-checker -Xclang security.insecureAPI.gets -Xclang -analyzer-checker -Xclang security.insecureAPI.mkstemp -Xclang -analyzer-checker -Xclang security.insecureAPI.mktemp -Xclang -analyzer-disable-checker -Xclang security.insecureAPI.rand -Xclang -analyzer-disable-checker -Xclang security.insecureAPI.strcpy -Xclang -analyzer-checker -Xclang security.insecureAPI.vfork -iquote /Users/oikhlas/Library/Developer/Xcode/DerivedData/WebDriverAgent-bcmeffsllcldukgyoimwiehwhvyz/Build/Intermediates.noindex/WebDriverAgent.build/Debug-iphonesimulator/WebDriverAgentLib.build/WebDriverAgentLib-generated-files.hmap -I/Users/oikhlas/Library/Developer/Xcode/DerivedData/WebDriverAgent-bcmeffsllcldukgyoimwiehwhvyz/Build/Intermediates.noindex/WebDriverAgent.build/Debug-iphonesimulator/WebDriverAgentLib.build/WebDriverAgentLib-own-target-headers.hmap -I/Users/oikhlas/Library/Developer/Xcode/DerivedData/WebDriverAgent-bcmeffsllcldukgyoimwiehwhvyz/Build/Intermediates.noindex/WebDriverAgent.build/Debug-iphonesimulator/WebDriverAgentLib.build/WebDriverAgentLib-all-target-headers.hmap -iquote /Users/oikhlas/Library/Developer/Xcode/DerivedData/WebDriverAgent-bcmeffsllcldukgyoimwiehwhvyz/Build/Intermediates.noindex/WebDriverAgent.build/Debug-iphonesimulator/WebDriverAgentLib.build/WebDriverAgentLib-project-headers.hmap -I/Users/oikhlas/Library/Developer/Xcode/DerivedData/WebDriverAgent-bcmeffsllcldukgyoimwiehwhvyz/Build/Products/Debug-iphonesimulator/include -I/Applications/Xcode.app/Contents/Developer/Platforms/iPhoneSimulator.platform/Developer/SDKs/iPhoneSimulator16.0.sdk/usr/include/libxml2 -I/Users/oikhlas/.appium/node_modules/appium-xcuitest-driver/node_modules/appium-webdriveragent/Modules -I/Users/oikhlas/Library/Developer/Xcode/DerivedData/WebDriverAgent-bcmeffsllcldukgyoimwiehwhvyz/Build/Intermediates.noindex/WebDriverAgent.build/Debug-iphonesimulator/WebDriverAgentLib.build/DerivedSources-normal/x86_64 -I/Users/oikhlas/Library/Developer/Xcode/DerivedData/WebDriverAgent-bcmeffsllcldukgyoimwiehwhvyz/Build/Intermediates.noindex/WebDriverAgent.build/Debug-iphonesimulator/WebDriverAgentLib.build/DerivedSources/x86_64 -I/Users/oikhlas/Library/Developer/Xcode/DerivedData/WebDriverAgent-bcmeffsllcldukgyoimwiehwhvyz/Build/Intermediates.noindex/WebDriverAgent.build/Debug-iphonesimulator/WebDriverAgentLib.build/DerivedSources -Weverything -Wno-objc-missing-property-synthesis -Wno-unused-macros -Wno-disabled-macro-expansion -Wno-gnu-statement-expression -Wno-language-extension-token -Wno-overriding-method-mismatch -Wno-missing-variable-declarations -Rno-module-build -Wno-auto-import -Wno-objc-interface-ivars -Wno-documentation-unknown-command -Wno-reserved-id-macro -Wno-unused-parameter -Wno-gnu-conditional-omitted-operand -Wno-explicit-ownership-type -Wno-date-time -Wno-cast-align -Wno-cstring-format-directive -Wno-double-promotion -Wno-partial-availability -Weverything -Wno-objc-missing-property-synthesis -Wno-unused-macros -Wno-disabled-macro-expansion -Wno-gnu-statement-expression -Wno-language-extension-token -Wno-overriding-method-mismatch -Wno-missing-variable-declarations -Rno-module-build -Wno-auto-import -Wno-objc-interface-ivars -Wno-documentation-unknown-command -Wno-reserved-id-macro -Wno-unused-parameter -Wno-gnu-conditional-omitted-operand -Wno-explicit-ownership-type -Wno-date-time -Wno-cast-align -Wno-cstring-format-directive -Wno-double-promotion -Wno-partial-availability -Wno-objc-messaging-id -Wno-direct-ivar-access -Wno-cast-qual -Wno-declaration-after-statement -F/Users/oikhlas/Library/Developer/Xcode/DerivedData/WebDriverAgent-bcmeffsllcldukgyoimwiehwhvyz/Build/Products/Debug-iphonesimulator -F/Applications/Xcode.app/Contents/Developer/Platforms/iPhoneSimulator.platform/Developer/Library/Frameworks -F/Applications/Xcode.app/Contents/Developer/Platforms/iPhoneSimulator.platform/Developer/Library/PrivateFrameworks -iframework /Applications/Xcode.app/Contents/Developer/Platforms/iPhoneSimulator.platform/Developer/SDKs/iPhoneSimulator16.0.sdk/Developer/Library/Frameworks -MMD -MT dependencies -MF /Users/oikhlas/Library/Developer/Xcode/DerivedData/WebDriverAgent-bcmeffsllcldukgyoimwiehwhvyz/Build/Intermediates.noindex/WebDriverAgent.build/Debug-iphonesimulator/WebDriverAgentLib.build/StaticAnalyzer/WebDriverAgent/WebDriverAgentLib/normal/x86_64/XCAXClient_iOS+FBSnapshotReqParams.d --analyze /Users/oikhlas/.appium/node_modules/appium-xcuitest-driver/node_modules/appium-webdriveragent/WebDriverAgentLib/Categories/XCAXClient_iOS+FBSnapshotReqParams.m -o /Users/oikhlas/Library/Developer/Xcode/DerivedData/WebDriverAgent-bcmeffsllcldukgyoimwiehwhvyz/Build/Intermediates.noindex/WebDriverAgent.build/Debug-iphonesimulator/WebDriverAgentLib.build/StaticAnalyzer/WebDriverAgent/WebDriverAgentLib/normal/x86_64/XCAXClient_iOS+FBSnapshotReqParams.plist
&amp#27;[38;5;173m[Xcode]&amp#27;[0m 
&amp#27;[38;5;173m[Xcode]&amp#27;[0m 
&amp#27;[38;5;173m[Xcode]&amp#27;[0m Analyze /Users/oikhlas/.appium/node_modules/appium-xcuitest-driver/node_modules/appium-webdriveragent/WebDriverAgentLib/Categories/NSString+FBXMLSafeString.m normal x86_64 (in target 'WebDriverAgentLib' from project 'WebDriverAgent')
&amp#27;[38;5;173m[Xcode]&amp#27;[0m     cd /Users/oikhlas/.appium/node_modules/appium-xcuitest-driver/node_modules/appium-webdriveragent
&amp#27;[38;5;173m[Xcode]&amp#27;[0m     /Applications/Xcode.app/Contents/Developer/Toolchains/XcodeDefault.xctoolchain/usr/bin/clang -x objective-c -target x86_64-apple-ios16.0-simulator -fmessage-length\=0 -fdiagnostics-show-note-include-stack -fmacro-backtrace-limit\=0 -std\=gnu99 -fobjc-arc -fmodules -gmodules -fmodules-cache-path\=/Users/oikhlas/Library/Developer/Xcode/DerivedData/ModuleCache.noindex -fmodules-prune-interval\=86400 -fmodules-prune-after\=345600 -fbuild-session-file\=/Users/oikhlas/Library/Developer/Xcode/DerivedData/ModuleCache.noindex/Session.modulevalidation -fmodules-validate-once-per-build-session -Wno-trigraphs -fpascal-strings -O0 -fno-common -Wmissing-field-initializers -Wno-missing-prototypes -Werror\=return-type -Wunreachable-code -Wquoted-include-in-framework-header -Wno-implicit-atomic-properties -Werror\=deprecated-objc-isa-usage -Wno-objc-interface-ivars -Werror\=objc-root-class -Warc-repeated-use-of-weak -Wno-arc-maybe-repeated-use-of-weak -Wimplicit-retain-self -Wduplicate-method-match -Wno-missing-braces -Wparentheses -Wswitch -Wunused-function -Wno-unused-label -Wunused-parameter -Wunused-variable -Wunused-value -Wempty-body -Wuninitialized -Wconditional-uninitialized -Wno-unknown-pragmas -pedantic -Wshadow -Wno-four-char-constants -Wconversion -Wconstant-conversion -Wint-conversion -Wbool-conversion -Wenum-conversion -Wfloat-conversion -Wnon-literal-null-conversion -Wobjc-literal-conversion -Wassign-enum -Wsign-compare -Wshorten-64-to-32 -Wpointer-sign -Wno-newline-eof -Wno-selector -Wno-strict-selector-match -Wundeclared-selector -Wdeprecated-implementations -Wno-implicit-fallthrough -DDEBUG\=1 -DOBJC_OLD_DISPATCH_PROTOTYPES\=0 -isysroot /Applications/Xcode.app/Contents/Developer/Platforms/iPhoneSimulator.platform/Developer/SDKs/iPhoneSimulator16.0.sdk -fasm-blocks -fstrict-aliasing -Wprotocol -Wdeprecated-declarations -g -Wno-sign-conversion -Winfinite-recursion -Wcomma -Wblock-capture-autoreleasing -Wstrict-prototypes -Wno-semicolon-before-method-body -fobjc-abi-version\=2 -fobjc-legacy-dispatch -D__clang_analyzer__ -Xclang -analyzer-output\=plist-multi-file -Xclang -analyzer-config -Xclang path-diagnostics-alternate\=true -Xclang -analyzer-config -Xclang report-in-main-source-file\=true -Xclang -analyzer-checker -Xclang optin.osx.cocoa.localizability.NonLocalizedStringChecker -Xclang -analyzer-checker -Xclang security.insecureAPI.UncheckedReturn -Xclang -analyzer-checker -Xclang security.insecureAPI.getpw -Xclang -analyzer-checker -Xclang security.insecureAPI.gets -Xclang -analyzer-checker -Xclang security.insecureAPI.mkstemp -Xclang -analyzer-checker -Xclang security.insecureAPI.mktemp -Xclang -analyzer-disable-checker -Xclang security.insecureAPI.rand -Xclang -analyzer-disable-checker -Xclang security.insecureAPI.strcpy -Xclang -analyzer-checker -Xclang security.insecureAPI.vfork -iquote /Users/oikhlas/Library/Developer/Xcode/DerivedData/WebDriverAgent-bcmeffsllcldukgyoimwiehwhvyz/Build/Intermediates.noindex/WebDriverAgent.build/Debug-iphonesimulator/WebDriverAgentLib.build/WebDriverAgentLib-generated-files.hmap -I/Users/oikhlas/Library/Developer/Xcode/DerivedData/WebDriverAgent-bcmeffsllcldukgyoimwiehwhvyz/Build/Intermediates.noindex/WebDriverAgent.build/Debug-iphonesimulator/WebDriverAgentLib.build/WebDriverAgentLib-own-target-headers.hmap -I/Users/oikhlas/Library/Developer/Xcode/DerivedData/WebDriverAgent-bcmeffsllcldukgyoimwiehwhvyz/Build/Intermediates.noindex/WebDriverAgent.build/Debug-iphonesimulator/WebDriverAgentLib.build/WebDriverAgentLib-all-target-headers.hmap -iquote /Users/oikhlas/Library/Developer/Xcode/DerivedData/WebDriverAgent-bcmeffsllcldukgyoimwiehwhvyz/Build/Intermediates.noindex/WebDriverAgent.build/Debug-iphonesimulator/WebDriverAgentLib.build/WebDriverAgentLib-project-headers.hmap -I/Users/oikhlas/Library/Developer/Xcode/DerivedData/WebDriverAgent-bcmeffsllcldukgyoimwiehwhvyz/Build/Products/Debug-iphonesimulator/include -I/Applications/Xcode.app/Contents/Developer/Platforms/iPhoneSimulator.platform/Developer/SDKs/iPhoneSimulator16.0.sdk/usr/include/libxml2 -I/Users/oikhlas/.appium/node_modules/appium-xcuitest-driver/node_modules/appium-webdriveragent/Modules -I/Users/oikhlas/Library/Developer/Xcode/DerivedData/WebDriverAgent-bcmeffsllcldukgyoimwiehwhvyz/Build/Intermediates.noindex/WebDriverAgent.build/Debug-iphonesimulator/WebDriverAgentLib.build/DerivedSources-normal/x86_64 -I/Users/oikhlas/Library/Developer/Xcode/DerivedData/WebDriverAgent-bcmeffsllcldukgyoimwiehwhvyz/Build/Intermediates.noindex/WebDriverAgent.build/Debug-iphonesimulator/WebDriverAgentLib.build/DerivedSources/x86_64 -I/Users/oikhlas/Library/Developer/Xcode/DerivedData/WebDriverAgent-bcmeffsllcldukgyoimwiehwhvyz/Build/Intermediates.noindex/WebDriverAgent.build/Debug-iphonesimulator/WebDriverAgentLib.build/DerivedSources -Weverything -Wno-objc-missing-property-synthesis -Wno-unused-macros -Wno-disabled-macro-expansion -Wno-gnu-statement-expression -Wno-language-extension-token -Wno-overriding-method-mismatch -Wno-missing-variable-declarations -Rno-module-build -Wno-auto-import -Wno-objc-interface-ivars -Wno-documentation-unknown-command -Wno-reserved-id-macro -Wno-unused-parameter -Wno-gnu-conditional-omitted-operand -Wno-explicit-ownership-type -Wno-date-time -Wno-cast-align -Wno-cstring-format-directive -Wno-double-promotion -Wno-partial-availability -Weverything -Wno-objc-missing-property-synthesis -Wno-unused-macros -Wno-disabled-macro-expansion -Wno-gnu-statement-expression -Wno-language-extension-token -Wno-overriding-method-mismatch -Wno-missing-variable-declarations -Rno-module-build -Wno-auto-import -Wno-objc-interface-ivars -Wno-documentation-unknown-command -Wno-reserved-id-macro -Wno-unused-parameter -Wno-gnu-conditional-omitted-operand -Wno-explicit-ownership-type -Wno-date-time -Wno-cast-align -Wno-cstring-format-directive -Wno-double-promotion -Wno-partial-availability -Wno-objc-messaging-id -Wno-direct-ivar-access -Wno-cast-qual -Wno-declaration-after-statement -F/Users/oikhlas/Library/Developer/Xcode/DerivedData/WebDriverAgent-bcmeffsllcldukgyoimwiehwhvyz/Build/Products/Debug-iphonesimulator -F/Applications/Xcode.app/Contents/Developer/Platforms/iPhoneSimulator.platform/Developer/Library/Frameworks -F/Applications/Xcode.app/Contents/Developer/Platforms/iPhoneSimulator.platform/Developer/Library/PrivateFrameworks -iframework /Applications/Xcode.app/Contents/Developer/Platforms/iPhoneSimulator.platform/Developer/SDKs/iPhoneSimulator16.0.sdk/Developer/Library/Frameworks -MMD -MT dependencies -MF /Users/oikhlas/Library/Developer/Xcode/DerivedData/WebDriverAgent-bcmeffsllcldukgyoimwiehwhvyz/Build/Intermediates.noindex/WebDriverAgent.build/Debug-iphonesimulator/WebDriverAgentLib.build/StaticAnalyzer/WebDriverAgent/WebDriverAgentLib/normal/x86_64/NSString+FBXMLSafeString.d --analyze /Users/oikhlas/.appium/node_modules/appium-xcuitest-driver/node_modules/appium-webdriveragent/WebDriverAgentLib/Categories/NSString+FBXMLSafeString.m -o /Users/oikhlas/Library/Developer/Xcode/DerivedData/WebDriverAgent-bcmeffsllcldukgyoimwiehwhvyz/Build/Intermediates.noindex/WebDriverAgent.build/Debug-iphonesimulator/WebDriverAgentLib.build/StaticAnalyzer/WebDriverAgent/WebDriverAgentLib/normal/x86_64/NSString+FBXMLSafeString.plist
&amp#27;[38;5;173m[Xcode]&amp#27;[0m 
&amp#27;[38;5;173m[Xcode]&amp#27;[0m 
&amp#27;[38;5;173m[Xcode]&amp#27;[0m Analyze /Users/oikhlas/.appium/node_modules/appium-xcuitest-driver/node_modules/appium-webdriveragent/WebDriverAgentLib/Categories/XCUIElement+FBCaching.m normal x86_64 (in target 'WebDriverAgentLib' from project 'WebDriverAgent')
&amp#27;[38;5;173m[Xcode]&amp#27;[0m     cd /Users/oikhlas/.appium/node_modules/appium-xcuitest-driver/node_modules/appium-webdriveragent
&amp#27;[38;5;173m[Xcode]&amp#27;[0m     /Applications/Xcode.app/Contents/Developer/Toolchains/XcodeDefault.xctoolchain/usr/bin/clang -x objective-c -target x86_64-apple-ios16.0-simulator -fmessage-length\=0 -fdiagnostics-show-note-include-stack -fmacro-backtrace-limit\=0 -std\=gnu99 -fobjc-arc -fmodules -gmodules -fmodules-cache-path\=/Users/oikhlas/Library/Developer/Xcode/DerivedData/ModuleCache.noindex -fmodules-prune-interval\=86400 -fmodules-prune-after\=345600 -fbuild-session-file\=/Users/oikhlas/Library/Developer/Xcode/DerivedData/ModuleCache.noindex/Session.modulevalidation -fmodules-validate-once-per-build-session -Wno-trigraphs -fpascal-strings -O0 -fno-common -Wmissing-field-initializers -Wno-missing-prototypes -Werror\=return-type -Wunreachable-code -Wquoted-include-in-framework-header -Wno-implicit-atomic-properties -Werror\=deprecated-objc-isa-usage -Wno-objc-interface-ivars -Werror\=objc-root-class -Warc-repeated-use-of-weak -Wno-arc-maybe-repeated-use-of-weak -Wimplicit-retain-self -Wduplicate-method-match -Wno-missing-braces -Wparentheses -Wswitch -Wunused-function -Wno-unused-label -Wunused-parameter -Wunused-variable -Wunused-value -Wempty-body -Wuninitialized -Wconditional-uninitialized -Wno-unknown-pragmas -pedantic -Wshadow -Wno-four-char-constants -Wconversion -Wconstant-conversion -Wint-conversion -Wbool-conversion -Wenum-conversion -Wfloat-conversion -Wnon-literal-null-conversion -Wobjc-literal-conversion -Wassign-enum -Wsign-compare -Wshorten-64-to-32 -Wpointer-sign -Wno-newline-eof -Wno-selector -Wno-strict-selector-match -Wundeclared-selector -Wdeprecated-implementations -Wno-implicit-fallthrough -DDEBUG\=1 -DOBJC_OLD_DISPATCH_PROTOTYPES\=0 -isysroot /Applications/Xcode.app/Contents/Developer/Platforms/iPhoneSimulator.platform/Developer/SDKs/iPhoneSimulator16.0.sdk -fasm-blocks -fstrict-aliasing -Wprotocol -Wdeprecated-declarations -g -Wno-sign-conversion -Winfinite-recursion -Wcomma -Wblock-capture-autoreleasing -Wstrict-prototypes -Wno-semicolon-before-method-body -fobjc-abi-version\=2 -fobjc-legacy-dispatch -D__clang_analyzer__ -Xclang -analyzer-output\=plist-multi-file -Xclang -analyzer-config -Xclang path-diagnostics-alternate\=true -Xclang -analyzer-config -Xclang report-in-main-source-file\=true -Xclang -analyzer-checker -Xclang optin.osx.cocoa.localizability.NonLocalizedStringChecker -Xclang -analyzer-checker -Xclang security.insecureAPI.UncheckedReturn -Xclang -analyzer-checker -Xclang security.insecureAPI.getpw -Xclang -analyzer-checker -Xclang security.insecureAPI.gets -Xclang -analyzer-checker -Xclang security.insecureAPI.mkstemp -Xclang -analyzer-checker -Xclang security.insecureAPI.mktemp -Xclang -analyzer-disable-checker -Xclang security.insecureAPI.rand -Xclang -analyzer-disable-checker -Xclang security.insecureAPI.strcpy -Xclang -analyzer-checker -Xclang security.insecureAPI.vfork -iquote /Users/oikhlas/Library/Developer/Xcode/DerivedData/WebDriverAgent-bcmeffsllcldukgyoimwiehwhvyz/Build/Intermediates.noindex/WebDriverAgent.build/Debug-iphonesimulator/WebDriverAgentLib.build/WebDriverAgentLib-generated-files.hmap -I/Users/oikhlas/Library/Developer/Xcode/DerivedData/WebDriverAgent-bcmeffsllcldukgyoimwiehwhvyz/Build/Intermediates.noindex/WebDriverAgent.build/Debug-iphonesimulator/WebDriverAgentLib.build/WebDriverAgentLib-own-target-headers.hmap -I/Users/oikhlas/Library/Developer/Xcode/DerivedData/WebDriverAgent-bcmeffsllcldukgyoimwiehwhvyz/Build/Intermediates.noindex/WebDriverAgent.build/Debug-iphonesimulator/WebDriverAgentLib.build/WebDriverAgentLib-all-target-headers.hmap -iquote /Users/oikhlas/Library/Developer/Xcode/DerivedData/WebDriverAgent-bcmeffsllcldukgyoimwiehwhvyz/Build/Intermediates.noindex/WebDriverAgent.build/Debug-iphonesimulator/WebDriverAgentLib.build/WebDriverAgentLib-project-headers.hmap -I/Users/oikhlas/Library/Developer/Xcode/DerivedData/WebDriverAgent-bcmeffsllcldukgyoimwiehwhvyz/Build/Products/Debug-iphonesimulator/include -I/Applications/Xcode.app/Contents/Developer/Platforms/iPhoneSimulator.platform/Developer/SDKs/iPhoneSimulator16.0.sdk/usr/include/libxml2 -I/Users/oikhlas/.appium/node_modules/appium-xcuitest-driver/node_modules/appium-webdriveragent/Modules -I/Users/oikhlas/Library/Developer/Xcode/DerivedData/WebDriverAgent-bcmeffsllcldukgyoimwiehwhvyz/Build/Intermediates.noindex/WebDriverAgent.build/Debug-iphonesimulator/WebDriverAgentLib.build/DerivedSources-normal/x86_64 -I/Users/oikhlas/Library/Developer/Xcode/DerivedData/WebDriverAgent-bcmeffsllcldukgyoimwiehwhvyz/Build/Intermediates.noindex/WebDriverAgent.build/Debug-iphonesimulator/WebDriverAgentLib.build/DerivedSources/x86_64 -I/Users/oikhlas/Library/Developer/Xcode/DerivedData/WebDriverAgent-bcmeffsllcldukgyoimwiehwhvyz/Build/Intermediates.noindex/WebDriverAgent.build/Debug-iphonesimulator/WebDriverAgentLib.build/DerivedSources -Weverything -Wno-objc-missing-property-synthesis -Wno-unused-macros -Wno-disabled-macro-expansion -Wno-gnu-statement-expression -Wno-language-extension-token -Wno-overriding-method-mismatch -Wno-missing-variable-declarations -Rno-module-build -Wno-auto-import -Wno-objc-interface-ivars -Wno-documentation-unknown-command -Wno-reserved-id-macro -Wno-unused-parameter -Wno-gnu-conditional-omitted-operand -Wno-explicit-ownership-type -Wno-date-time -Wno-cast-align -Wno-cstring-format-directive -Wno-double-promotion -Wno-partial-availability -Weverything -Wno-objc-missing-property-synthesis -Wno-unused-macros -Wno-disabled-macro-expansion -Wno-gnu-statement-expression -Wno-language-extension-token -Wno-overriding-method-mismatch -Wno-missing-variable-declarations -Rno-module-build -Wno-auto-import -Wno-objc-interface-ivars -Wno-documentation-unknown-command -Wno-reserved-id-macro -Wno-unused-parameter -Wno-gnu-conditional-omitted-operand -Wno-explicit-ownership-type -Wno-date-time -Wno-cast-align -Wno-cstring-format-directive -Wno-double-promotion -Wno-partial-availability -Wno-objc-messaging-id -Wno-direct-ivar-access -Wno-cast-qual -Wno-declaration-after-statement -F/Users/oikhlas/Library/Developer/Xcode/DerivedData/WebDriverAgent-bcmeffsllcldukgyoimwiehwhvyz/Build/Products/Debug-iphonesimulator -F/Applications/Xcode.app/Contents/Developer/Platforms/iPhoneSimulator.platform/Developer/Library/Frameworks -F/Applications/Xcode.app/Contents/Developer/Platforms/iPhoneSimulator.platform/Developer/Library/PrivateFrameworks -iframework /Applications/Xcode.app/Contents/Developer/Platforms/iPhoneSimulator.platform/Developer/SDKs/iPhoneSimulator16.0.sdk/Developer/Library/Frameworks -MMD -MT dependencies -MF /Users/oikhlas/Library/Developer/Xcode/DerivedData/WebDriverAgent-bcmeffsllcldukgyoimwiehwhvyz/Build/Intermediates.noindex/WebDriverAgent.build/Debug-iphonesimulator/WebDriverAgentLib.build/StaticAnalyzer/WebDriverAgent/WebDriverAgentLib/normal/x86_64/XCUIElement+FBCaching.d --analyze /Users/oikhlas/.appium/node_modules/appium-xcuitest-driver/node_modules/appium-webdriveragent/WebDriverAgentLib/Categories/XCUIElement+FBCaching.m -o /Users/oikhlas/Library/Developer/Xcode/DerivedData/WebDriverAgent-bcmeffsllcldukgyoimwiehwhvyz/Build/Intermediates.noindex/WebDriverAgent.build/Debug-iphonesimulator/WebDriverAgentLib.build/StaticAnalyzer/WebDriverAgent/WebDriverAgentLib/normal/x86_64/XCUIElement+FBCaching.plist
&amp#27;[38;5;173m[Xcode]&amp#27;[0m 
&amp#27;[38;5;173m[Xcode]&amp#27;[0m 
&amp#27;[38;5;173m[Xcode]&amp#27;[0m Analyze /Users/oikhlas/Library/Developer/Xcode/DerivedData/WebDriverAgent-bcmeffsllcldukgyoimwiehwhvyz/Build/Intermediates.noindex/WebDriverAgent.build/Debug-iphonesimulator/WebDriverAgentLib.build/DerivedSources/WebDriverAgentLib_vers.c normal x86_64 (in target 'WebDriverAgentLib' from project 'WebDriverAgent')
&amp#27;[38;5;173m[Xcode]&amp#27;[0m     cd /Users/oikhlas/.appium/node_modules/appium-xcuitest-driver/node_modules/appium-webdriveragent
&amp#27;[38;5;173m[Xcode]&amp#27;[0m     /Applications/Xcode.app/Contents/Developer/Toolchains/XcodeDefault.xctoolchain/usr/bin/clang -x c -target x86_64-apple-ios16.0-simulator -fmessage-length\=0 -fdiagnostics-show-note-include-stack -fmacro-backtrace-limit\=0 -std\=gnu99 -fmodules -gmodules -fmodules-cache-path\=/Users/oikhlas/Library/Developer/Xcode/DerivedData/ModuleCache.noindex -fmodules-prune-interval\=86400 -fmodules-prune-after\=345600 -fbuild-session-file\=/Users/oikhlas/Library/Developer/Xcode/DerivedData/ModuleCache.noindex/Session.modulevalidation -fmodules-validate-once-per-build-session -Wno-trigraphs -fpascal-strings -O0 -fno-common -Wmissing-field-initializers -Wno-missing-prototypes -Werror\=return-type -Wunreachable-code -Wquoted-include-in-framework-header -Werror\=deprecated-objc-isa-usage -Werror\=objc-root-class -Wno-missing-braces -Wparentheses -Wswitch -Wunused-function -Wno-unused-label -Wunused-parameter -Wunused-variable -Wunused-value -Wempty-body -Wuninitialized -Wconditional-uninitialized -Wno-unknown-pragmas -pedantic -Wshadow -Wno-four-char-constants -Wconversion -Wconstant-conversion -Wint-conversion -Wbool-conversion -Wenum-conversion -Wfloat-conversion -Wnon-literal-null-conversion -Wobjc-literal-conversion -Wassign-enum -Wsign-compare -Wshorten-64-to-32 -Wpointer-sign -Wno-newline-eof -Wno-implicit-fallthrough -DDEBUG\=1 -isysroot /Applications/Xcode.app/Contents/Developer/Platforms/iPhoneSimulator.platform/Developer/SDKs/iPhoneSimulator16.0.sdk -fasm-blocks -fstrict-aliasing -Wdeprecated-declarations -g -Wno-sign-conversion -Winfinite-recursion -Wcomma -Wblock-capture-autoreleasing -Wstrict-prototypes -Wno-semicolon-before-method-body -D__clang_analyzer__ -Xclang -analyzer-output\=plist-multi-file -Xclang -analyzer-config -Xclang path-diagnostics-alternate\=true -Xclang -analyzer-config -Xclang report-in-main-source-file\=true -Xclang -analyzer-checker -Xclang optin.osx.cocoa.localizability.NonLocalizedStringChecker -Xclang -analyzer-checker -Xclang security.insecureAPI.UncheckedReturn -Xclang -analyzer-checker -Xclang security.insecureAPI.getpw -Xclang -analyzer-checker -Xclang security.insecureAPI.gets -Xclang -analyzer-checker -Xclang security.insecureAPI.mkstemp -Xclang -analyzer-checker -Xclang security.insecureAPI.mktemp -Xclang -analyzer-disable-checker -Xclang security.insecureAPI.rand -Xclang -analyzer-disable-checker -Xclang security.insecureAPI.strcpy -Xclang -analyzer-checker -Xclang security.insecureAPI.vfork -iquote /Users/oikhlas/Library/Developer/Xcode/DerivedData/WebDriverAgent-bcmeffsllcldukgyoimwiehwhvyz/Build/Intermediates.noindex/WebDriverAgent.build/Debug-iphonesimulator/WebDriverAgentLib.build/WebDriverAgentLib-generated-files.hmap -I/Users/oikhlas/Library/Developer/Xcode/DerivedData/WebDriverAgent-bcmeffsllcldukgyoimwiehwhvyz/Build/Intermediates.noindex/WebDriverAgent.build/Debug-iphonesimulator/WebDriverAgentLib.build/WebDriverAgentLib-own-target-headers.hmap -I/Users/oikhlas/Library/Developer/Xcode/DerivedData/WebDriverAgent-bcmeffsllcldukgyoimwiehwhvyz/Build/Intermediates.noindex/WebDriverAgent.build/Debug-iphonesimulator/WebDriverAgentLib.build/WebDriverAgentLib-all-target-headers.hmap -iquote /Users/oikhlas/Library/Developer/Xcode/DerivedData/WebDriverAgent-bcmeffsllcldukgyoimwiehwhvyz/Build/Intermediates.noindex/WebDriverAgent.build/Debug-iphonesimulator/WebDriverAgentLib.build/WebDriverAgentLib-project-headers.hmap -I/Users/oikhlas/Library/Developer/Xcode/DerivedData/WebDriverAgent-bcmeffsllcldukgyoimwiehwhvyz/Build/Products/Debug-iphonesimulator/include -I/Applications/Xcode.app/Contents/Developer/Platforms/iPhoneSimulator.platform/Developer/SDKs/iPhoneSimulator16.0.sdk/usr/include/libxml2 -I/Users/oikhlas/.appium/node_modules/appium-xcuitest-driver/node_modules/appium-webdriveragent/Modules -I/Users/oikhlas/Library/Developer/Xcode/DerivedData/WebDriverAgent-bcmeffsllcldukgyoimwiehwhvyz/Build/Intermediates.noindex/WebDriverAgent.build/Debug-iphonesimulator/WebDriverAgentLib.build/DerivedSources-normal/x86_64 -I/Users/oikhlas/Library/Developer/Xcode/DerivedData/WebDriverAgent-bcmeffsllcldukgyoimwiehwhvyz/Build/Intermediates.noindex/WebDriverAgent.build/Debug-iphonesimulator/WebDriverAgentLib.build/DerivedSources/x86_64 -I/Users/oikhlas/Library/Developer/Xcode/DerivedData/WebDriverAgent-bcmeffsllcldukgyoimwiehwhvyz/Build/Intermediates.noindex/WebDriverAgent.build/Debug-iphonesimulator/WebDriverAgentLib.build/DerivedSources -Weverything -Wno-objc-missing-property-synthesis -Wno-unused-macros -Wno-disabled-macro-expansion -Wno-gnu-statement-expression -Wno-language-extension-token -Wno-overriding-method-mismatch -Wno-missing-variable-declarations -Rno-module-build -Wno-auto-import -Wno-objc-interface-ivars -Wno-documentation-unknown-command -Wno-reserved-id-macro -Wno-unused-parameter -Wno-gnu-conditional-omitted-operand -Wno-explicit-ownership-type -Wno-date-time -Wno-cast-align -Wno-cstring-format-directive -Wno-double-promotion -Wno-partial-availability -Weverything -Wno-objc-missing-property-synthesis -Wno-unused-macros -Wno-disabled-macro-expansion -Wno-gnu-statement-expression -Wno-language-extension-token -Wno-overriding-method-mismatch -Wno-missing-variable-declarations -Rno-module-build -Wno-auto-import -Wno-objc-interface-ivars -Wno-documentation-unknown-command -Wno-reserved-id-macro -Wno-unused-parameter -Wno-gnu-conditional-omitted-operand -Wno-explicit-ownership-type -Wno-date-time -Wno-cast-align -Wno-cstring-format-directive -Wno-double-promotion -Wno-partial-availability -Wno-objc-messaging-id -Wno-direct-ivar-access -Wno-cast-qual -Wno-declaration-after-statement -F/Users/oikhlas/Library/Developer/Xcode/DerivedData/WebDriverAgent-bcmeffsllcldukgyoimwiehwhvyz/Build/Products/Debug-iphonesimulator -F/Applications/Xcode.app/Contents/Developer/Platforms/iPhoneSimulator.platform/Developer/Library/Frameworks -F/Applications/Xcode.app/Contents/Developer/Platforms/iPhoneSimulator.platform/Developer/Library/PrivateFrameworks -iframework /Applications/Xcode.app/Contents/Developer/Platforms/iPhoneSimulator.platform/Developer/SDKs/iPhoneSimulator16.0.sdk/Developer/Library/Frameworks -MMD -MT dependencies -MF /Users/oikhlas/Library/Developer/Xcode/DerivedData/WebDriverAgent-bcmeffsllcldukgyoimwiehwhvyz/Build/Intermediates.noindex/WebDriverAgent.build/Debug-iphonesimulator/WebDriverAgentLib.build/StaticAnalyzer/WebDriverAgent/WebDriverAgentLib/normal/x86_64/WebDriverAgentLib_vers.d --analyze /Users/oikhlas/Library/Developer/Xcode/DerivedData/WebDriverAgent-bcmeffsllcldukgyoimwiehwhvyz/Build/Intermediates.noindex/WebDriverAgent.build/Debug-iphonesimulator/WebDriverAgentLib.build/DerivedSources/WebDriverAgentLib_vers.c -o /Users/oikhlas/Library/Developer/Xcode/DerivedData/WebDriverAgent-bcmeffsllcldukgyoimwiehwhvyz/Build/Intermediates.noindex/WebDriverAgent.build/Debug-iphonesimulator/WebDriverAgentLib.build/StaticAnalyzer/WebDriverAgent/WebDriverAgentLib/normal/x86_64/WebDriverAgentLib_vers.plist
&amp#27;[38;5;173m[Xcode]&amp#27;[0m 
&amp#27;[38;5;173m[Xcode]&amp#27;[0m 
&amp#27;[38;5;173m[Xcode]&amp#27;[0m Analyze /Users/oikhlas/.appium/node_modules/appium-xcuitest-driver/node_modules/appium-webdriveragent/WebDriverAgentLib/Vendor/RoutingHTTPServer/RoutingHTTPServer.m normal x86_64 (in target 'WebDriverAgentLib' from project 'WebDriverAgent')
&amp#27;[38;5;173m[Xcode]&amp#27;[0m     cd /Users/oikhlas/.appium/node_modules/appium-xcuitest-driver/node_modules/appium-webdriveragent
&amp#27;[38;5;173m[Xcode]&amp#27;[0m     /Applications/Xcode.app/Contents/Developer/Toolchains/XcodeDefault.xctoolchain/usr/bin/clang -x objective-c -target x86_64-apple-ios16.0-simulator -fmessage-length\=0 -fdiagnostics-show-note-include-stack -fmacro-backtrace-limit\=0 -std\=gnu99 -fobjc-arc -fmodules -gmodules -fmodules-cache-path\=/Users/oikhlas/Library/Developer/Xcode/DerivedData/ModuleCache.noindex -fmodules-prune-interval\=86400 -fmodules-prune-after\=345600 -fbuild-session-file\=/Users/oikhlas/Library/Developer/Xcode/DerivedData/ModuleCache.noindex/Session.modulevalidation -fmodules-validate-once-per-build-session -Wno-trigraphs -fpascal-strings -O0 -fno-common -Wmissing-field-initializers -Wno-missing-prototypes -Werror\=return-type -Wunreachable-code -Wquoted-include-in-framework-header -Wno-implicit-atomic-properties -Werror\=deprecated-objc-isa-usage -Wno-objc-interface-ivars -Werror\=objc-root-class -Warc-repeated-use-of-weak -Wno-arc-maybe-repeated-use-of-weak -Wimplicit-retain-self -Wduplicate-method-match -Wno-missing-braces -Wparentheses -Wswitch -Wunused-function -Wno-unused-label -Wunused-parameter -Wunused-variable -Wunused-value -Wempty-body -Wuninitialized -Wconditional-uninitialized -Wno-unknown-pragmas -pedantic -Wshadow -Wno-four-char-constants -Wconversion -Wconstant-conversion -Wint-conversion -Wbool-conversion -Wenum-conversion -Wfloat-conversion -Wnon-literal-null-conversion -Wobjc-literal-conversion -Wassign-enum -Wsign-compare -Wshorten-64-to-32 -Wpointer-sign -Wno-newline-eof -Wno-selector -Wno-strict-selector-match -Wundeclared-selector -Wdeprecated-implementations -Wno-implicit-fallthrough -DDEBUG\=1 -DOBJC_OLD_DISPATCH_PROTOTYPES\=0 -isysroot /Applications/Xcode.app/Contents/Developer/Platforms/iPhoneSimulator.platform/Developer/SDKs/iPhoneSimulator16.0.sdk -fasm-blocks -fstrict-aliasing -Wprotocol -Wdeprecated-declarations -g -Wno-sign-conversion -Winfinite-recursion -Wcomma -Wblock-capture-autoreleasing -Wstrict-prototypes -Wno-semicolon-before-method-body -fobjc-abi-version\=2 -fobjc-legacy-dispatch -D__clang_analyzer__ -Xclang -analyzer-output\=plist-multi-file -Xclang -analyzer-config -Xclang path-diagnostics-alternate\=true -Xclang -analyzer-config -Xclang report-in-main-source-file\=true -Xclang -analyzer-checker -Xclang optin.osx.cocoa.localizability.NonLocalizedStringChecker -Xclang -analyzer-checker -Xclang security.insecureAPI.UncheckedReturn -Xclang -analyzer-checker -Xclang security.insecureAPI.getpw -Xclang -analyzer-checker -Xclang security.insecureAPI.gets -Xclang -analyzer-checker -Xclang security.insecureAPI.mkstemp -Xclang -analyzer-checker -Xclang security.insecureAPI.mktemp -Xclang -analyzer-disable-checker -Xclang security.insecureAPI.rand -Xclang -analyzer-disable-checker -Xclang security.insecureAPI.strcpy -Xclang -analyzer-checker -Xclang security.insecureAPI.vfork -iquote /Users/oikhlas/Library/Developer/Xcode/DerivedData/WebDriverAgent-bcmeffsllcldukgyoimwiehwhvyz/Build/Intermediates.noindex/WebDriverAgent.build/Debug-iphonesimulator/WebDriverAgentLib.build/WebDriverAgentLib-generated-files.hmap -I/Users/oikhlas/Library/Developer/Xcode/DerivedData/WebDriverAgent-bcmeffsllcldukgyoimwiehwhvyz/Build/Intermediates.noindex/WebDriverAgent.build/Debug-iphonesimulator/WebDriverAgentLib.build/WebDriverAgentLib-own-target-headers.hmap -I/Users/oikhlas/Library/Developer/Xcode/DerivedData/WebDriverAgent-bcmeffsllcldukgyoimwiehwhvyz/Build/Intermediates.noindex/WebDriverAgent.build/Debug-iphonesimulator/WebDriverAgentLib.build/WebDriverAgentLib-all-target-headers.hmap -iquote /Users/oikhlas/Library/Developer/Xcode/DerivedData/WebDriverAgent-bcmeffsllcldukgyoimwiehwhvyz/Build/Intermediates.noindex/WebDriverAgent.build/Debug-iphonesimulator/WebDriverAgentLib.build/WebDriverAgentLib-project-headers.hmap -I/Users/oikhlas/Library/Developer/Xcode/DerivedData/WebDriverAgent-bcmeffsllcldukgyoimwiehwhvyz/Build/Products/Debug-iphonesimulator/include -I/Applications/Xcode.app/Contents/Developer/Platforms/iPhoneSimulator.platform/Developer/SDKs/iPhoneSimulator16.0.sdk/usr/include/libxml2 -I/Users/oikhlas/.appium/node_modules/appium-xcuitest-driver/node_modules/appium-webdriveragent/Modules -I/Users/oikhlas/Library/Developer/Xcode/DerivedData/WebDriverAgent-bcmeffsllcldukgyoimwiehwhvyz/Build/Intermediates.noindex/WebDriverAgent.build/Debug-iphonesimulator/WebDriverAgentLib.build/DerivedSources-normal/x86_64 -I/Users/oikhlas/Library/Developer/Xcode/DerivedData/WebDriverAgent-bcmeffsllcldukgyoimwiehwhvyz/Build/Intermediates.noindex/WebDriverAgent.build/Debug-iphonesimulator/WebDriverAgentLib.build/DerivedSources/x86_64 -I/Users/oikhlas/Library/Developer/Xcode/DerivedData/WebDriverAgent-bcmeffsllcldukgyoimwiehwhvyz/Build/Intermediates.noindex/WebDriverAgent.build/Debug-iphonesimulator/WebDriverAgentLib.build/DerivedSources -Weverything -Wno-objc-missing-property-synthesis -Wno-unused-macros -Wno-disabled-macro-expansion -Wno-gnu-statement-expression -Wno-language-extension-token -Wno-overriding-method-mismatch -Wno-missing-variable-declarations -Rno-module-build -Wno-auto-import -Wno-objc-interface-ivars -Wno-documentation-unknown-command -Wno-reserved-id-macro -Wno-unused-parameter -Wno-gnu-conditional-omitted-operand -Wno-explicit-ownership-type -Wno-date-time -Wno-cast-align -Wno-cstring-format-directive -Wno-double-promotion -Wno-partial-availability -Weverything -Wno-objc-missing-property-synthesis -Wno-unused-macros -Wno-disabled-macro-expansion -Wno-gnu-statement-expression -Wno-language-extension-token -Wno-overriding-method-mismatch -Wno-missing-variable-declarations -Rno-module-build -Wno-auto-import -Wno-objc-interface-ivars -Wno-documentation-unknown-command -Wno-reserved-id-macro -Wno-unused-parameter -Wno-gnu-conditional-omitted-operand -Wno-explicit-ownership-type -Wno-date-time -Wno-cast-align -Wno-cstring-format-directive -Wno-double-promotion -Wno-partial-availability -Wno-objc-messaging-id -Wno-direct-ivar-access -Wno-cast-qual -Wno-declaration-after-statement -F/Users/oikhlas/Library/Developer/Xcode/DerivedData/WebDriverAgent-bcmeffsllcldukgyoimwiehwhvyz/Build/Products/Debug-iphonesimulator -F/Applications/Xcode.app/Contents/Developer/Platforms/iPhoneSimulator.platform/Developer/Library/Frameworks -F/Applications/Xcode.app/Contents/Developer/Platforms/iPhoneSimulator.platform/Developer/Library/PrivateFrameworks -iframework /Applications/Xcode.app/Contents/Developer/Platforms/iPhoneSimulator.platform/Developer/SDKs/iPhoneSimulator16.0.sdk/Developer/Library/Frameworks -MMD -MT dependencies -MF /Users/oikhlas/Library/Developer/Xcode/DerivedData/WebDriverAgent-bcmeffsllcldukgyoimwiehwhvyz/Build/Intermediates.noindex/WebDriverAgent.build/Debug-iphonesimulator/WebDriverAgentLib.build/StaticAnalyzer/WebDriverAgent/WebDriverAgentLib/normal/x86_64/RoutingHTTPServer.d --analyze /Users/oikhlas/.appium/node_modules/appium-xcuitest-driver/node_modules/appium-webdriveragent/WebDriverAgentLib/Vendor/RoutingHTTPServer/RoutingHTTPServer.m -o /Users/oikhlas/Library/Developer/Xcode/DerivedData/WebDriverAgent-bcmeffsllcldukgyoimwiehwhvyz/Build/Intermediates.noindex/WebDriverAgent.build/Debug-iphonesimulator/WebDriverAgentLib.build/StaticAnalyzer/WebDriverAgent/WebDriverAgentLib/normal/x86_64/RoutingHTTPServer.plist
&amp#27;[38;5;173m[Xcode]&amp#27;[0m 
&amp#27;[38;5;173m[Xcode]&amp#27;[0m 
&amp#27;[38;5;173m[Xcode]&amp#27;[0m Analyze /Users/oikhlas/.appium/node_modules/appium-xcuitest-driver/node_modules/appium-webdriveragent/WebDriverAgentLib/Vendor/RoutingHTTPServer/RoutingConnection.m normal x86_64 (in target 'WebDriverAgentLib' from project 'WebDriverAgent')
&amp#27;[38;5;173m[Xcode]&amp#27;[0m     cd /Users/oikhlas/.appium/node_modules/appium-xcuitest-driver/node_modules/appium-webdriveragent
&amp#27;[38;5;173m[Xcode]&amp#27;[0m     /Applications/Xcode.app/Contents/Developer/Toolchains/XcodeDefault.xctoolchain/usr/bin/clang -x objective-c -target x86_64-apple-ios16.0-simulator -fmessage-length\=0 -fdiagnostics-show-note-include-stack -fmacro-backtrace-limit\=0 -std\=gnu99 -fobjc-arc -fmodules -gmodules -fmodules-cache-path\=/Users/oikhlas/Library/Developer/Xcode/DerivedData/ModuleCache.noindex -fmodules-prune-interval\=86400 -fmodules-prune-after\=345600 -fbuild-session-file\=/Users/oikhlas/Library/Developer/Xcode/DerivedData/ModuleCache.noindex/Session.modulevalidation -fmodules-validate-once-per-build-session -Wno-trigraphs -fpascal-strings -O0 -fno-common -Wmissing-field-initializers -Wno-missing-prototypes -Werror\=return-type -Wunreachable-code -Wquoted-include-in-framework-header -Wno-implicit-atomic-properties -Werror\=deprecated-objc-isa-usage -Wno-objc-interface-ivars -Werror\=objc-root-class -Warc-repeated-use-of-weak -Wno-arc-maybe-repeated-use-of-weak -Wimplicit-retain-self -Wduplicate-method-match -Wno-missing-braces -Wparentheses -Wswitch -Wunused-function -Wno-unused-label -Wunused-parameter -Wunused-variable -Wunused-value -Wempty-body -Wuninitialized -Wconditional-uninitialized -Wno-unknown-pragmas -pedantic -Wshadow -Wno-four-char-constants -Wconversion -Wconstant-conversion -Wint-conversion -Wbool-conversion -Wenum-conversion -Wfloat-conversion -Wnon-literal-null-conversion -Wobjc-literal-conversion -Wassign-enum -Wsign-compare -Wshorten-64-to-32 -Wpointer-sign -Wno-newline-eof -Wno-selector -Wno-strict-selector-match -Wundeclared-selector -Wdeprecated-implementations -Wno-implicit-fallthrough -DDEBUG\=1 -DOBJC_OLD_DISPATCH_PROTOTYPES\=0 -isysroot /Applications/Xcode.app/Contents/Developer/Platforms/iPhoneSimulator.platform/Developer/SDKs/iPhoneSimulator16.0.sdk -fasm-blocks -fstrict-aliasing -Wprotocol -Wdeprecated-declarations -g -Wno-sign-conversion -Winfinite-recursion -Wcomma -Wblock-capture-autoreleasing -Wstrict-prototypes -Wno-semicolon-before-method-body -fobjc-abi-version\=2 -fobjc-legacy-dispatch -D__clang_analyzer__ -Xclang -analyzer-output\=plist-multi-file -Xclang -analyzer-config -Xclang path-diagnostics-alternate\=true -Xclang -analyzer-config -Xclang report-in-main-source-file\=true -Xclang -analyzer-checker -Xclang optin.osx.cocoa.localizability.NonLocalizedStringChecker -Xclang -analyzer-checker -Xclang security.insecureAPI.UncheckedReturn -Xclang -analyzer-checker -Xclang security.insecureAPI.getpw -Xclang -analyzer-checker -Xclang security.insecureAPI.gets -Xclang -analyzer-checker -Xclang security.insecureAPI.mkstemp -Xclang -analyzer-checker -Xclang security.insecureAPI.mktemp -Xclang -analyzer-disable-checker -Xclang security.insecureAPI.rand -Xclang -analyzer-disable-checker -Xclang security.insecureAPI.strcpy -Xclang -analyzer-checker -Xclang security.insecureAPI.vfork -iquote /Users/oikhlas/Library/Developer/Xcode/DerivedData/WebDriverAgent-bcmeffsllcldukgyoimwiehwhvyz/Build/Intermediates.noindex/WebDriverAgent.build/Debug-iphonesimulator/WebDriverAgentLib.build/WebDriverAgentLib-generated-files.hmap -I/Users/oikhlas/Library/Developer/Xcode/DerivedData/WebDriverAgent-bcmeffsllcldukgyoimwiehwhvyz/Build/Intermediates.noindex/WebDriverAgent.build/Debug-iphonesimulator/WebDriverAgentLib.build/WebDriverAgentLib-own-target-headers.hmap -I/Users/oikhlas/Library/Developer/Xcode/DerivedData/WebDriverAgent-bcmeffsllcldukgyoimwiehwhvyz/Build/Intermediates.noindex/WebDriverAgent.build/Debug-iphonesimulator/WebDriverAgentLib.build/WebDriverAgentLib-all-target-headers.hmap -iquote /Users/oikhlas/Library/Developer/Xcode/DerivedData/WebDriverAgent-bcmeffsllcldukgyoimwiehwhvyz/Build/Intermediates.noindex/WebDriverAgent.build/Debug-iphonesimulator/WebDriverAgentLib.build/WebDriverAgentLib-project-headers.hmap -I/Users/oikhlas/Library/Developer/Xcode/DerivedData/WebDriverAgent-bcmeffsllcldukgyoimwiehwhvyz/Build/Products/Debug-iphonesimulator/include -I/Applications/Xcode.app/Contents/Developer/Platforms/iPhoneSimulator.platform/Developer/SDKs/iPhoneSimulator16.0.sdk/usr/include/libxml2 -I/Users/oikhlas/.appium/node_modules/appium-xcuitest-driver/node_modules/appium-webdriveragent/Modules -I/Users/oikhlas/Library/Developer/Xcode/DerivedData/WebDriverAgent-bcmeffsllcldukgyoimwiehwhvyz/Build/Intermediates.noindex/WebDriverAgent.build/Debug-iphonesimulator/WebDriverAgentLib.build/DerivedSources-normal/x86_64 -I/Users/oikhlas/Library/Developer/Xcode/DerivedData/WebDriverAgent-bcmeffsllcldukgyoimwiehwhvyz/Build/Intermediates.noindex/WebDriverAgent.build/Debug-iphonesimulator/WebDriverAgentLib.build/DerivedSources/x86_64 -I/Users/oikhlas/Library/Developer/Xcode/DerivedData/WebDriverAgent-bcmeffsllcldukgyoimwiehwhvyz/Build/Intermediates.noindex/WebDriverAgent.build/Debug-iphonesimulator/WebDriverAgentLib.build/DerivedSources -Weverything -Wno-objc-missing-property-synthesis -Wno-unused-macros -Wno-disabled-macro-expansion -Wno-gnu-statement-expression -Wno-language-extension-token -Wno-overriding-method-mismatch -Wno-missing-variable-declarations -Rno-module-build -Wno-auto-import -Wno-objc-interface-ivars -Wno-documentation-unknown-command -Wno-reserved-id-macro -Wno-unused-parameter -Wno-gnu-conditional-omitted-operand -Wno-explicit-ownership-type -Wno-date-time -Wno-cast-align -Wno-cstring-format-directive -Wno-double-promotion -Wno-partial-availability -Weverything -Wno-objc-missing-property-synthesis -Wno-unused-macros -Wno-disabled-macro-expansion -Wno-gnu-statement-expression -Wno-language-extension-token -Wno-overriding-method-mismatch -Wno-missing-variable-declarations -Rno-module-build -Wno-auto-import -Wno-objc-interface-ivars -Wno-documentation-unknown-command -Wno-reserved-id-macro -Wno-unused-parameter -Wno-gnu-conditional-omitted-operand -Wno-explicit-ownership-type -Wno-date-time -Wno-cast-align -Wno-cstring-format-directive -Wno-double-promotion -Wno-partial-availability -Wno-objc-messaging-id -Wno-direct-ivar-access -Wno-cast-qual -Wno-declaration-after-statement -F/Users/oikhlas/Library/Developer/Xcode/DerivedData/WebDriverAgent-bcmeffsllcldukgyoimwiehwhvyz/Build/Products/Debug-iphonesimulator -F/Applications/Xcode.app/Contents/Developer/Platforms/iPhoneSimulator.platform/Developer/Library/Frameworks -F/Applications/Xcode.app/Contents/Developer/Platforms/iPhoneSimulator.platform/Developer/Library/PrivateFrameworks -iframework /Applications/Xcode.app/Contents/Developer/Platforms/iPhoneSimulator.platform/Developer/SDKs/iPhoneSimulator16.0.sdk/Developer/Library/Frameworks -MMD -MT dependencies -MF /Users/oikhlas/Library/Developer/Xcode/DerivedData/WebDriverAgent-bcmeffsllcldukgyoimwiehwhvyz/Build/Intermediates.noindex/WebDriverAgent.build/Debug-iphonesimulator/WebDriverAgentLib.build/StaticAnalyzer/WebDriverAgent/WebDriverAgentLib/normal/x86_64/RoutingConnection.d --analyze /Users/oikhlas/.appium/node_modules/appium-xcuitest-driver/node_modules/appium-webdriveragent/WebDriverAgentLib/Vendor/RoutingHTTPServer/RoutingConnection.m -o /Users/oikhlas/Library/Developer/Xcode/DerivedData/WebDriverAgent-bcmeffsllcldukgyoimwiehwhvyz/Build/Intermediates.noindex/WebDriverAgent.build/Debug-iphonesimulator/WebDriverAgentLib.build/StaticAnalyzer/WebDriverAgent/WebDriverAgentLib/normal/x86_64/RoutingConnection.plist
&amp#27;[38;5;173m[Xcode]&amp#27;[0m 
&amp#27;[38;5;173m[Xcode]&amp#27;[0m 
&amp#27;[38;5;173m[Xcode]&amp#27;[0m Analyze /Users/oikhlas/.appium/node_modules/appium-xcuitest-driver/node_modules/appium-webdriveragent/WebDriverAgentLib/Vendor/RoutingHTTPServer/RouteResponse.m normal x86_64 (in target 'WebDriverAgentLib' from project 'WebDriverAgent')
&amp#27;[38;5;173m[Xcode]&amp#27;[0m     cd /Users/oikhlas/.appium/node_modules/appium-xcuitest-driver/node_modules/appium-webdriveragent
&amp#27;[38;5;173m[Xcode]&amp#27;[0m     /Applications/Xcode.app/Contents/Developer/Toolchains/XcodeDefault.xctoolchain/usr/bin/clang -x objective-c -target x86_64-apple-ios16.0-simulator -fmessage-length\=0 -fdiagnostics-show-note-include-stack -fmacro-backtrace-limit\=0 -std\=gnu99 -fobjc-arc -fmodules -gmodules -fmodules-cache-path\=/Users/oikhlas/Library/Developer/Xcode/DerivedData/ModuleCache.noindex -fmodules-prune-interval\=86400 -fmodules-prune-after\=345600 -fbuild-session-file\=/Users/oikhlas/Library/Developer/Xcode/DerivedData/ModuleCache.noindex/Session.modulevalidation -fmodules-validate-once-per-build-session -Wno-trigraphs -fpascal-strings -O0 -fno-common -Wmissing-field-initializers -Wno-missing-prototypes -Werror\=return-type -Wunreachable-code -Wquoted-include-in-framework-header -Wno-implicit-atomic-properties -Werror\=deprecated-objc-isa-usage -Wno-objc-interface-ivars -Werror\=objc-root-class -Warc-repeated-use-of-weak -Wno-arc-maybe-repeated-use-of-weak -Wimplicit-retain-self -Wduplicate-method-match -Wno-missing-braces -Wparentheses -Wswitch -Wunused-function -Wno-unused-label -Wunused-parameter -Wunused-variable -Wunused-value -Wempty-body -Wuninitialized -Wconditional-uninitialized -Wno-unknown-pragmas -pedantic -Wshadow -Wno-four-char-constants -Wconversion -Wconstant-conversion -Wint-conversion -Wbool-conversion -Wenum-conversion -Wfloat-conversion -Wnon-literal-null-conversion -Wobjc-literal-conversion -Wassign-enum -Wsign-compare -Wshorten-64-to-32 -Wpointer-sign -Wno-newline-eof -Wno-selector -Wno-strict-selector-match -Wundeclared-selector -Wdeprecated-implementations -Wno-implicit-fallthrough -DDEBUG\=1 -DOBJC_OLD_DISPATCH_PROTOTYPES\=0 -isysroot /Applications/Xcode.app/Contents/Developer/Platforms/iPhoneSimulator.platform/Developer/SDKs/iPhoneSimulator16.0.sdk -fasm-blocks -fstrict-aliasing -Wprotocol -Wdeprecated-declarations -g -Wno-sign-conversion -Winfinite-recursion -Wcomma -Wblock-capture-autoreleasing -Wstrict-prototypes -Wno-semicolon-before-method-body -fobjc-abi-version\=2 -fobjc-legacy-dispatch -D__clang_analyzer__ -Xclang -analyzer-output\=plist-multi-file -Xclang -analyzer-config -Xclang path-diagnostics-alternate\=true -Xclang -analyzer-config -Xclang report-in-main-source-file\=true -Xclang -analyzer-checker -Xclang optin.osx.cocoa.localizability.NonLocalizedStringChecker -Xclang -analyzer-checker -Xclang security.insecureAPI.UncheckedReturn -Xclang -analyzer-checker -Xclang security.insecureAPI.getpw -Xclang -analyzer-checker -Xclang security.insecureAPI.gets -Xclang -analyzer-checker -Xclang security.insecureAPI.mkstemp -Xclang -analyzer-checker -Xclang security.insecureAPI.mktemp -Xclang -analyzer-disable-checker -Xclang security.insecureAPI.rand -Xclang -analyzer-disable-checker -Xclang security.insecureAPI.strcpy -Xclang -analyzer-checker -Xclang security.insecureAPI.vfork -iquote /Users/oikhlas/Library/Developer/Xcode/DerivedData/WebDriverAgent-bcmeffsllcldukgyoimwiehwhvyz/Build/Intermediates.noindex/WebDriverAgent.build/Debug-iphonesimulator/WebDriverAgentLib.build/WebDriverAgentLib-generated-files.hmap -I/Users/oikhlas/Library/Developer/Xcode/DerivedData/WebDriverAgent-bcmeffsllcldukgyoimwiehwhvyz/Build/Intermediates.noindex/WebDriverAgent.build/Debug-iphonesimulator/WebDriverAgentLib.build/WebDriverAgentLib-own-target-headers.hmap -I/Users/oikhlas/Library/Developer/Xcode/DerivedData/WebDriverAgent-bcmeffsllcldukgyoimwiehwhvyz/Build/Intermediates.noindex/WebDriverAgent.build/Debug-iphonesimulator/WebDriverAgentLib.build/WebDriverAgentLib-all-target-headers.hmap -iquote /Users/oikhlas/Library/Developer/Xcode/DerivedData/WebDriverAgent-bcmeffsllcldukgyoimwiehwhvyz/Build/Intermediates.noindex/WebDriverAgent.build/Debug-iphonesimulator/WebDriverAgentLib.build/WebDriverAgentLib-project-headers.hmap -I/Users/oikhlas/Library/Developer/Xcode/DerivedData/WebDriverAgent-bcmeffsllcldukgyoimwiehwhvyz/Build/Products/Debug-iphonesimulator/include -I/Applications/Xcode.app/Contents/Developer/Platforms/iPhoneSimulator.platform/Developer/SDKs/iPhoneSimulator16.0.sdk/usr/include/libxml2 -I/Users/oikhlas/.appium/node_modules/appium-xcuitest-driver/node_modules/appium-webdriveragent/Modules -I/Users/oikhlas/Library/Developer/Xcode/DerivedData/WebDriverAgent-bcmeffsllcldukgyoimwiehwhvyz/Build/Intermediates.noindex/WebDriverAgent.build/Debug-iphonesimulator/WebDriverAgentLib.build/DerivedSources-normal/x86_64 -I/Users/oikhlas/Library/Developer/Xcode/DerivedData/WebDriverAgent-bcmeffsllcldukgyoimwiehwhvyz/Build/Intermediates.noindex/WebDriverAgent.build/Debug-iphonesimulator/WebDriverAgentLib.build/DerivedSources/x86_64 -I/Users/oikhlas/Library/Developer/Xcode/DerivedData/WebDriverAgent-bcmeffsllcldukgyoimwiehwhvyz/Build/Intermediates.noindex/WebDriverAgent.build/Debug-iphonesimulator/WebDriverAgentLib.build/DerivedSources -Weverything -Wno-objc-missing-property-synthesis -Wno-unused-macros -Wno-disabled-macro-expansion -Wno-gnu-statement-expression -Wno-language-extension-token -Wno-overriding-method-mismatch -Wno-missing-variable-declarations -Rno-module-build -Wno-auto-import -Wno-objc-interface-ivars -Wno-documentation-unknown-command -Wno-reserved-id-macro -Wno-unused-parameter -Wno-gnu-conditional-omitted-operand -Wno-explicit-ownership-type -Wno-date-time -Wno-cast-align -Wno-cstring-format-directive -Wno-double-promotion -Wno-partial-availability -Weverything -Wno-objc-missing-property-synthesis -Wno-unused-macros -Wno-disabled-macro-expansion -Wno-gnu-statement-expression -Wno-language-extension-token -Wno-overriding-method-mismatch -Wno-missing-variable-declarations -Rno-module-build -Wno-auto-import -Wno-objc-interface-ivars -Wno-documentation-unknown-command -Wno-reserved-id-macro -Wno-unused-parameter -Wno-gnu-conditional-omitted-operand -Wno-explicit-ownership-type -Wno-date-time -Wno-cast-align -Wno-cstring-format-directive -Wno-double-promotion -Wno-partial-availability -Wno-objc-messaging-id -Wno-direct-ivar-access -Wno-cast-qual -Wno-declaration-after-statement -F/Users/oikhlas/Library/Developer/Xcode/DerivedData/WebDriverAgent-bcmeffsllcldukgyoimwiehwhvyz/Build/Products/Debug-iphonesimulator -F/Applications/Xcode.app/Contents/Developer/Platforms/iPhoneSimulator.platform/Developer/Library/Frameworks -F/Applications/Xcode.app/Contents/Developer/Platforms/iPhoneSimulator.platform/Developer/Library/PrivateFrameworks -iframework /Applications/Xcode.app/Contents/Developer/Platforms/iPhoneSimulator.platform/Developer/SDKs/iPhoneSimulator16.0.sdk/Developer/Library/Frameworks -MMD -MT dependencies -MF /Users/oikhlas/Library/Developer/Xcode/DerivedData/WebDriverAgent-bcmeffsllcldukgyoimwiehwhvyz/Build/Intermediates.noindex/WebDriverAgent.build/Debug-iphonesimulator/WebDriverAgentLib.build/StaticAnalyzer/WebDriverAgent/WebDriverAgentLib/normal/x86_64/RouteResponse.d --analyze /Users/oikhlas/.appium/node_modules/appium-xcuitest-driver/node_modules/appium-webdriveragent/WebDriverAgentLib/Vendor/RoutingHTTPServer/RouteResponse.m -o /Users/oikhlas/Library/Developer/Xcode/DerivedData/WebDriverAgent-bcmeffsllcldukgyoimwiehwhvyz/Build/Intermediates.noindex/WebDriverAgent.build/Debug-iphonesimulator/WebDriverAgentLib.build/StaticAnalyzer/WebDriverAgent/WebDriverAgentLib/normal/x86_64/RouteResponse.plist
&amp#27;[38;5;173m[Xcode]&amp#27;[0m 
&amp#27;[38;5;173m[Xcode]&amp#27;[0m 
&amp#27;[38;5;173m[Xcode]&amp#27;[0m Analyze /Users/oikhlas/.appium/node_modules/appium-xcuitest-driver/node_modules/appium-webdriveragent/WebDriverAgentLib/Vendor/RoutingHTTPServer/RouteRequest.m normal x86_64 (in target 'WebDriverAgentLib' from project 'WebDriverAgent')
&amp#27;[38;5;173m[Xcode]&amp#27;[0m     cd /Users/oikhlas/.appium/node_modules/appium-xcuitest-driver/node_modules/appium-webdriveragent
&amp#27;[38;5;173m[Xcode]&amp#27;[0m     /Applications/Xcode.app/Contents/Developer/Toolchains/XcodeDefault.xctoolchain/usr/bin/clang -x objective-c -target x86_64-apple-ios16.0-simulator -fmessage-length\=0 -fdiagnostics-show-note-include-stack -fmacro-backtrace-limit\=0 -std\=gnu99 -fobjc-arc -fmodules -gmodules -fmodules-cache-path\=/Users/oikhlas/Library/Developer/Xcode/DerivedData/ModuleCache.noindex -fmodules-prune-interval\=86400 -fmodules-prune-after\=345600 -fbuild-session-file\=/Users/oikhlas/Library/Developer/Xcode/DerivedData/ModuleCache.noindex/Session.modulevalidation -fmodules-validate-once-per-build-session -Wno-trigraphs -fpascal-strings -O0 -fno-common -Wmissing-field-initializers -Wno-missing-prototypes -Werror\=return-type -Wunreachable-code -Wquoted-include-in-framework-header -Wno-implicit-atomic-properties -Werror\=deprecated-objc-isa-usage -Wno-objc-interface-ivars -Werror\=objc-root-class -Warc-repeated-use-of-weak -Wno-arc-maybe-repeated-use-of-weak -Wimplicit-retain-self -Wduplicate-method-match -Wno-missing-braces -Wparentheses -Wswitch -Wunused-function -Wno-unused-label -Wunused-parameter -Wunused-variable -Wunused-value -Wempty-body -Wuninitialized -Wconditional-uninitialized -Wno-unknown-pragmas -pedantic -Wshadow -Wno-four-char-constants -Wconversion -Wconstant-conversion -Wint-conversion -Wbool-conversion -Wenum-conversion -Wfloat-conversion -Wnon-literal-null-conversion -Wobjc-literal-conversion -Wassign-enum -Wsign-compare -Wshorten-64-to-32 -Wpointer-sign -Wno-newline-eof -Wno-selector -Wno-strict-selector-match -Wundeclared-selector -Wdeprecated-implementations -Wno-implicit-fallthrough -DDEBUG\=1 -DOBJC_OLD_DISPATCH_PROTOTYPES\=0 -isysroot /Applications/Xcode.app/Contents/Developer/Platforms/iPhoneSimulator.platform/Developer/SDKs/iPhoneSimulator16.0.sdk -fasm-blocks -fstrict-aliasing -Wprotocol -Wdeprecated-declarations -g -Wno-sign-conversion -Winfinite-recursion -Wcomma -Wblock-capture-autoreleasing -Wstrict-prototypes -Wno-semicolon-before-method-body -fobjc-abi-version\=2 -fobjc-legacy-dispatch -D__clang_analyzer__ -Xclang -analyzer-output\=plist-multi-file -Xclang -analyzer-config -Xclang path-diagnostics-alternate\=true -Xclang -analyzer-config -Xclang report-in-main-source-file\=true -Xclang -analyzer-checker -Xclang optin.osx.cocoa.localizability.NonLocalizedStringChecker -Xclang -analyzer-checker -Xclang security.insecureAPI.UncheckedReturn -Xclang -analyzer-checker -Xclang security.insecureAPI.getpw -Xclang -analyzer-checker -Xclang security.insecureAPI.gets -Xclang -analyzer-checker -Xclang security.insecureAPI.mkstemp -Xclang -analyzer-checker -Xclang security.insecureAPI.mktemp -Xclang -analyzer-disable-checker -Xclang security.insecureAPI.rand -Xclang -analyzer-disable-checker -Xclang security.insecureAPI.strcpy -Xclang -analyzer-checker -Xclang security.insecureAPI.vfork -iquote /Users/oikhlas/Library/Developer/Xcode/DerivedData/WebDriverAgent-bcmeffsllcldukgyoimwiehwhvyz/Build/Intermediates.noindex/WebDriverAgent.build/Debug-iphonesimulator/WebDriverAgentLib.build/WebDriverAgentLib-generated-files.hmap -I/Users/oikhlas/Library/Developer/Xcode/DerivedData/WebDriverAgent-bcmeffsllcldukgyoimwiehwhvyz/Build/Intermediates.noindex/WebDriverAgent.build/Debug-iphonesimulator/WebDriverAgentLib.build/WebDriverAgentLib-own-target-headers.hmap -I/Users/oikhlas/Library/Developer/Xcode/DerivedData/WebDriverAgent-bcmeffsllcldukgyoimwiehwhvyz/Build/Intermediates.noindex/WebDriverAgent.build/Debug-iphonesimulator/WebDriverAgentLib.build/WebDriverAgentLib-all-target-headers.hmap -iquote /Users/oikhlas/Library/Developer/Xcode/DerivedData/WebDriverAgent-bcmeffsllcldukgyoimwiehwhvyz/Build/Intermediates.noindex/WebDriverAgent.build/Debug-iphonesimulator/WebDriverAgentLib.build/WebDriverAgentLib-project-headers.hmap -I/Users/oikhlas/Library/Developer/Xcode/DerivedData/WebDriverAgent-bcmeffsllcldukgyoimwiehwhvyz/Build/Products/Debug-iphonesimulator/include -I/Applications/Xcode.app/Contents/Developer/Platforms/iPhoneSimulator.platform/Developer/SDKs/iPhoneSimulator16.0.sdk/usr/include/libxml2 -I/Users/oikhlas/.appium/node_modules/appium-xcuitest-driver/node_modules/appium-webdriveragent/Modules -I/Users/oikhlas/Library/Developer/Xcode/DerivedData/WebDriverAgent-bcmeffsllcldukgyoimwiehwhvyz/Build/Intermediates.noindex/WebDriverAgent.build/Debug-iphonesimulator/WebDriverAgentLib.build/DerivedSources-normal/x86_64 -I/Users/oikhlas/Library/Developer/Xcode/DerivedData/WebDriverAgent-bcmeffsllcldukgyoimwiehwhvyz/Build/Intermediates.noindex/WebDriverAgent.build/Debug-iphonesimulator/WebDriverAgentLib.build/DerivedSources/x86_64 -I/Users/oikhlas/Library/Developer/Xcode/DerivedData/WebDriverAgent-bcmeffsllcldukgyoimwiehwhvyz/Build/Intermediates.noindex/WebDriverAgent.build/Debug-iphonesimulator/WebDriverAgentLib.build/DerivedSources -Weverything -Wno-objc-missing-property-synthesis -Wno-unused-macros -Wno-disabled-macro-expansion -Wno-gnu-statement-expression -Wno-language-extension-token -Wno-overriding-method-mismatch -Wno-missing-variable-declarations -Rno-module-build -Wno-auto-import -Wno-objc-interface-ivars -Wno-documentation-unknown-command -Wno-reserved-id-macro -Wno-unused-parameter -Wno-gnu-conditional-omitted-operand -Wno-explicit-ownership-type -Wno-date-time -Wno-cast-align -Wno-cstring-format-directive -Wno-double-promotion -Wno-partial-availability -Weverything -Wno-objc-missing-property-synthesis -Wno-unused-macros -Wno-disabled-macro-expansion -Wno-gnu-statement-expression -Wno-language-extension-token -Wno-overriding-method-mismatch -Wno-missing-variable-declarations -Rno-module-build -Wno-auto-import -Wno-objc-interface-ivars -Wno-documentation-unknown-command -Wno-reserved-id-macro -Wno-unused-parameter -Wno-gnu-conditional-omitted-operand -Wno-explicit-ownership-type -Wno-date-time -Wno-cast-align -Wno-cstring-format-directive -Wno-double-promotion -Wno-partial-availability -Wno-objc-messaging-id -Wno-direct-ivar-access -Wno-cast-qual -Wno-declaration-after-statement -F/Users/oikhlas/Library/Developer/Xcode/DerivedData/WebDriverAgent-bcmeffsllcldukgyoimwiehwhvyz/Build/Products/Debug-iphonesimulator -F/Applications/Xcode.app/Contents/Developer/Platforms/iPhoneSimulator.platform/Developer/Library/Frameworks -F/Applications/Xcode.app/Contents/Developer/Platforms/iPhoneSimulator.platform/Developer/Library/PrivateFrameworks -iframework /Applications/Xcode.app/Contents/Developer/Platforms/iPhoneSimulator.platform/Developer/SDKs/iPhoneSimulator16.0.sdk/Developer/Library/Frameworks -MMD -MT dependencies -MF /Users/oikhlas/Library/Developer/Xcode/DerivedData/WebDriverAgent-bcmeffsllcldukgyoimwiehwhvyz/Build/Intermediates.noindex/WebDriverAgent.build/Debug-iphonesimulator/WebDriverAgentLib.build/StaticAnalyzer/WebDriverAgent/WebDriverAgentLib/normal/x86_64/RouteRequest.d --analyze /Users/oikhlas/.appium/node_modules/appium-xcuitest-driver/node_modules/appium-webdriveragent/WebDriverAgentLib/Vendor/RoutingHTTPServer/RouteRequest.m -o /Users/oikhlas/Library/Developer/Xcode/DerivedData/WebDriverAgent-bcmeffsllcldukgyoimwiehwhvyz/Build/Intermediates.noindex/WebDriverAgent.build/Debug-iphonesimulator/WebDriverAgentLib.build/StaticAnalyzer/WebDriverAgent/WebDriverAgentLib/normal/x86_64/RouteRequest.plist
&amp#27;[38;5;173m[Xcode]&amp#27;[0m 
&amp#27;[38;5;173m[Xcode]&amp#27;[0m 
&amp#27;[38;5;173m[Xcode]&amp#27;[0m Analyze /Users/oikhlas/.appium/node_modules/appium-xcuitest-driver/node_modules/appium-webdriveragent/WebDriverAgentLib/Vendor/RoutingHTTPServer/Route.m normal x86_64 (in target 'WebDriverAgentLib' from project 'WebDriverAgent')
&amp#27;[38;5;173m[Xcode]&amp#27;[0m     cd /Users/oikhlas/.appium/node_modules/appium-xcuitest-driver/node_modules/appium-webdriveragent
&amp#27;[38;5;173m[Xcode]&amp#27;[0m     /Applications/Xcode.app/Contents/Developer/Toolchains/XcodeDefault.xctoolchain/usr/bin/clang -x objective-c -target x86_64-apple-ios16.0-simulator -fmessage-length\=0 -fdiagnostics-show-note-include-stack -fmacro-backtrace-limit\=0 -std\=gnu99 -fobjc-arc -fmodules -gmodules -fmodules-cache-path\=/Users/oikhlas/Library/Developer/Xcode/DerivedData/ModuleCache.noindex -fmodules-prune-interval\=86400 -fmodules-prune-after\=345600 -fbuild-session-file\=/Users/oikhlas/Library/Developer/Xcode/DerivedData/ModuleCache.noindex/Session.modulevalidation -fmodules-validate-once-per-build-session -Wno-trigraphs -fpascal-strings -O0 -fno-common -Wmissing-field-initializers -Wno-missing-prototypes -Werror\=return-type -Wunreachable-code -Wquoted-include-in-framework-header -Wno-implicit-atomic-properties -Werror\=deprecated-objc-isa-usage -Wno-objc-interface-ivars -Werror\=objc-root-class -Warc-repeated-use-of-weak -Wno-arc-maybe-repeated-use-of-weak -Wimplicit-retain-self -Wduplicate-method-match -Wno-missing-braces -Wparentheses -Wswitch -Wunused-function -Wno-unused-label -Wunused-parameter -Wunused-variable -Wunused-value -Wempty-body -Wuninitialized -Wconditional-uninitialized -Wno-unknown-pragmas -pedantic -Wshadow -Wno-four-char-constants -Wconversion -Wconstant-conversion -Wint-conversion -Wbool-conversion -Wenum-conversion -Wfloat-conversion -Wnon-literal-null-conversion -Wobjc-literal-conversion -Wassign-enum -Wsign-compare -Wshorten-64-to-32 -Wpointer-sign -Wno-newline-eof -Wno-selector -Wno-strict-selector-match -Wundeclared-selector -Wdeprecated-implementations -Wno-implicit-fallthrough -DDEBUG\=1 -DOBJC_OLD_DISPATCH_PROTOTYPES\=0 -isysroot /Applications/Xcode.app/Contents/Developer/Platforms/iPhoneSimulator.platform/Developer/SDKs/iPhoneSimulator16.0.sdk -fasm-blocks -fstrict-aliasing -Wprotocol -Wdeprecated-declarations -g -Wno-sign-conversion -Winfinite-recursion -Wcomma -Wblock-capture-autoreleasing -Wstrict-prototypes -Wno-semicolon-before-method-body -fobjc-abi-version\=2 -fobjc-legacy-dispatch -D__clang_analyzer__ -Xclang -analyzer-output\=plist-multi-file -Xclang -analyzer-config -Xclang path-diagnostics-alternate\=true -Xclang -analyzer-config -Xclang report-in-main-source-file\=true -Xclang -analyzer-checker -Xclang optin.osx.cocoa.localizability.NonLocalizedStringChecker -Xclang -analyzer-checker -Xclang security.insecureAPI.UncheckedReturn -Xclang -analyzer-checker -Xclang security.insecureAPI.getpw -Xclang -analyzer-checker -Xclang security.insecureAPI.gets -Xclang -analyzer-checker -Xclang security.insecureAPI.mkstemp -Xclang -analyzer-checker -Xclang security.insecureAPI.mktemp -Xclang -analyzer-disable-checker -Xclang security.insecureAPI.rand -Xclang -analyzer-disable-checker -Xclang security.insecureAPI.strcpy -Xclang -analyzer-checker -Xclang security.insecureAPI.vfork -iquote /Users/oikhlas/Library/Developer/Xcode/DerivedData/WebDriverAgent-bcmeffsllcldukgyoimwiehwhvyz/Build/Intermediates.noindex/WebDriverAgent.build/Debug-iphonesimulator/WebDriverAgentLib.build/WebDriverAgentLib-generated-files.hmap -I/Users/oikhlas/Library/Developer/Xcode/DerivedData/WebDriverAgent-bcmeffsllcldukgyoimwiehwhvyz/Build/Intermediates.noindex/WebDriverAgent.build/Debug-iphonesimulator/WebDriverAgentLib.build/WebDriverAgentLib-own-target-headers.hmap -I/Users/oikhlas/Library/Developer/Xcode/DerivedData/WebDriverAgent-bcmeffsllcldukgyoimwiehwhvyz/Build/Intermediates.noindex/WebDriverAgent.build/Debug-iphonesimulator/WebDriverAgentLib.build/WebDriverAgentLib-all-target-headers.hmap -iquote /Users/oikhlas/Library/Developer/Xcode/DerivedData/WebDriverAgent-bcmeffsllcldukgyoimwiehwhvyz/Build/Intermediates.noindex/WebDriverAgent.build/Debug-iphonesimulator/WebDriverAgentLib.build/WebDriverAgentLib-project-headers.hmap -I/Users/oikhlas/Library/Developer/Xcode/DerivedData/WebDriverAgent-bcmeffsllcldukgyoimwiehwhvyz/Build/Products/Debug-iphonesimulator/include -I/Applications/Xcode.app/Contents/Developer/Platforms/iPhoneSimulator.platform/Developer/SDKs/iPhoneSimulator16.0.sdk/usr/include/libxml2 -I/Users/oikhlas/.appium/node_modules/appium-xcuitest-driver/node_modules/appium-webdriveragent/Modules -I/Users/oikhlas/Library/Developer/Xcode/DerivedData/WebDriverAgent-bcmeffsllcldukgyoimwiehwhvyz/Build/Intermediates.noindex/WebDriverAgent.build/Debug-iphonesimulator/WebDriverAgentLib.build/DerivedSources-normal/x86_64 -I/Users/oikhlas/Library/Developer/Xcode/DerivedData/WebDriverAgent-bcmeffsllcldukgyoimwiehwhvyz/Build/Intermediates.noindex/WebDriverAgent.build/Debug-iphonesimulator/WebDriverAgentLib.build/DerivedSources/x86_64 -I/Users/oikhlas/Library/Developer/Xcode/DerivedData/WebDriverAgent-bcmeffsllcldukgyoimwiehwhvyz/Build/Intermediates.noindex/WebDriverAgent.build/Debug-iphonesimulator/WebDriverAgentLib.build/DerivedSources -Weverything -Wno-objc-missing-property-synthesis -Wno-unused-macros -Wno-disabled-macro-expansion -Wno-gnu-statement-expression -Wno-language-extension-token -Wno-overriding-method-mismatch -Wno-missing-variable-declarations -Rno-module-build -Wno-auto-import -Wno-objc-interface-ivars -Wno-documentation-unknown-command -Wno-reserved-id-macro -Wno-unused-parameter -Wno-gnu-conditional-omitted-operand -Wno-explicit-ownership-type -Wno-date-time -Wno-cast-align -Wno-cstring-format-directive -Wno-double-promotion -Wno-partial-availability -Weverything -Wno-objc-missing-property-synthesis -Wno-unused-macros -Wno-disabled-macro-expansion -Wno-gnu-statement-expression -Wno-language-extension-token -Wno-overriding-method-mismatch -Wno-missing-variable-declarations -Rno-module-build -Wno-auto-import -Wno-objc-interface-ivars -Wno-documentation-unknown-command -Wno-reserved-id-macro -Wno-unused-parameter -Wno-gnu-conditional-omitted-operand -Wno-explicit-ownership-type -Wno-date-time -Wno-cast-align -Wno-cstring-format-directive -Wno-double-promotion -Wno-partial-availability -Wno-objc-messaging-id -Wno-direct-ivar-access -Wno-cast-qual -Wno-declaration-after-statement -F/Users/oikhlas/Library/Developer/Xcode/DerivedData/WebDriverAgent-bcmeffsllcldukgyoimwiehwhvyz/Build/Products/Debug-iphonesimulator -F/Applications/Xcode.app/Contents/Developer/Platforms/iPhoneSimulator.platform/Developer/Library/Frameworks -F/Applications/Xcode.app/Contents/Developer/Platforms/iPhoneSimulator.platform/Developer/Library/PrivateFrameworks -iframework /Applications/Xcode.app/Contents/Developer/Platforms/iPhoneSimulator.platform/Developer/SDKs/iPhoneSimulator16.0.sdk/Developer/Library/Frameworks -MMD -MT dependencies -MF /Users/oikhlas/Library/Developer/Xcode/DerivedData/WebDriverAgent-bcmeffsllcldukgyoimwiehwhvyz/Build/Intermediates.noindex/WebDriverAgent.build/Debug-iphonesimulator/WebDriverAgentLib.build/StaticAnalyzer/WebDriverAgent/WebDriverAgentLib/normal/x86_64/Route.d --analyze /Users/oikhlas/.appium/node_modules/appium-xcuitest-driver/node_modules/appium-webdriveragent/WebDriverAgentLib/Vendor/RoutingHTTPServer/Route.m -o /Users/oikhlas/Library/Developer/Xcode/DerivedData/WebDriverAgent-bcmeffsllcldukgyoimwiehwhvyz/Build/Intermediates.noindex/WebDriverAgent.build/Debug-iphonesimulator/WebDriverAgentLib.build/StaticAnalyzer/WebDriverAgent/WebDriverAgentLib/normal/x86_64/Route.plist
&amp#27;[38;5;173m[Xcode]&amp#27;[0m 
&amp#27;[38;5;173m[Xcode]&amp#27;[0m 
&amp#27;[38;5;173m[Xcode]&amp#27;[0m Analyze /Users/oikhlas/.appium/node_modules/appium-xcuitest-driver/node_modules/appium-webdriveragent/WebDriverAgentLib/Vendor/RoutingHTTPServer/HTTPResponseProxy.m normal x86_64 (in target 'WebDriverAgentLib' from project 'WebDriverAgent')
&amp#27;[38;5;173m[Xcode]&amp#27;[0m     cd /Users/oikhlas/.appium/node_modules/appium-xcuitest-driver/node_modules/appium-webdriveragent
&amp#27;[38;5;173m[Xcode]&amp#27;[0m     /Applications/Xcode.app/Contents/Developer/Toolchains/XcodeDefault.xctoolchain/usr/bin/clang -x objective-c -target x86_64-apple-ios16.0-simulator -fmessage-length\=0 -fdiagnostics-show-note-include-stack -fmacro-backtrace-limit\=0 -std\=gnu99 -fobjc-arc -fmodules -gmodules -fmodules-cache-path\=/Users/oikhlas/Library/Developer/Xcode/DerivedData/ModuleCache.noindex -fmodules-prune-interval\=86400 -fmodules-prune-after\=345600 -fbuild-session-file\=/Users/oikhlas/Library/Developer/Xcode/DerivedData/ModuleCache.noindex/Session.modulevalidation -fmodules-validate-once-per-build-session -Wno-trigraphs -fpascal-strings -O0 -fno-common -Wmissing-field-initializers -Wno-missing-prototypes -Werror\=return-type -Wunreachable-code -Wquoted-include-in-framework-header -Wno-implicit-atomic-properties -Werror\=deprecated-objc-isa-usage -Wno-objc-interface-ivars -Werror\=objc-root-class -Warc-repeated-use-of-weak -Wno-arc-maybe-repeated-use-of-weak -Wimplicit-retain-self -Wduplicate-method-match -Wno-missing-braces -Wparentheses -Wswitch -Wunused-function -Wno-unused-label -Wunused-parameter -Wunused-variable -Wunused-value -Wempty-body -Wuninitialized -Wconditional-uninitialized -Wno-unknown-pragmas -pedantic -Wshadow -Wno-four-char-constants -Wconversion -Wconstant-conversion -Wint-conversion -Wbool-conversion -Wenum-conversion -Wfloat-conversion -Wnon-literal-null-conversion -Wobjc-literal-conversion -Wassign-enum -Wsign-compare -Wshorten-64-to-32 -Wpointer-sign -Wno-newline-eof -Wno-selector -Wno-strict-selector-match -Wundeclared-selector -Wdeprecated-implementations -Wno-implicit-fallthrough -DDEBUG\=1 -DOBJC_OLD_DISPATCH_PROTOTYPES\=0 -isysroot /Applications/Xcode.app/Contents/Developer/Platforms/iPhoneSimulator.platform/Developer/SDKs/iPhoneSimulator16.0.sdk -fasm-blocks -fstrict-aliasing -Wprotocol -Wdeprecated-declarations -g -Wno-sign-conversion -Winfinite-recursion -Wcomma -Wblock-capture-autoreleasing -Wstrict-prototypes -Wno-semicolon-before-method-body -fobjc-abi-version\=2 -fobjc-legacy-dispatch -D__clang_analyzer__ -Xclang -analyzer-output\=plist-multi-file -Xclang -analyzer-config -Xclang path-diagnostics-alternate\=true -Xclang -analyzer-config -Xclang report-in-main-source-file\=true -Xclang -analyzer-checker -Xclang optin.osx.cocoa.localizability.NonLocalizedStringChecker -Xclang -analyzer-checker -Xclang security.insecureAPI.UncheckedReturn -Xclang -analyzer-checker -Xclang security.insecureAPI.getpw -Xclang -analyzer-checker -Xclang security.insecureAPI.gets -Xclang -analyzer-checker -Xclang security.insecureAPI.mkstemp -Xclang -analyzer-checker -Xclang security.insecureAPI.mktemp -Xclang -analyzer-disable-checker -Xclang security.insecureAPI.rand -Xclang -analyzer-disable-checker -Xclang security.insecureAPI.strcpy -Xclang -analyzer-checker -Xclang security.insecureAPI.vfork -iquote /Users/oikhlas/Library/Developer/Xcode/DerivedData/WebDriverAgent-bcmeffsllcldukgyoimwiehwhvyz/Build/Intermediates.noindex/WebDriverAgent.build/Debug-iphonesimulator/WebDriverAgentLib.build/WebDriverAgentLib-generated-files.hmap -I/Users/oikhlas/Library/Developer/Xcode/DerivedData/WebDriverAgent-bcmeffsllcldukgyoimwiehwhvyz/Build/Intermediates.noindex/WebDriverAgent.build/Debug-iphonesimulator/WebDriverAgentLib.build/WebDriverAgentLib-own-target-headers.hmap -I/Users/oikhlas/Library/Developer/Xcode/DerivedData/WebDriverAgent-bcmeffsllcldukgyoimwiehwhvyz/Build/Intermediates.noindex/WebDriverAgent.build/Debug-iphonesimulator/WebDriverAgentLib.build/WebDriverAgentLib-all-target-headers.hmap -iquote /Users/oikhlas/Library/Developer/Xcode/DerivedData/WebDriverAgent-bcmeffsllcldukgyoimwiehwhvyz/Build/Intermediates.noindex/WebDriverAgent.build/Debug-iphonesimulator/WebDriverAgentLib.build/WebDriverAgentLib-project-headers.hmap -I/Users/oikhlas/Library/Developer/Xcode/DerivedData/WebDriverAgent-bcmeffsllcldukgyoimwiehwhvyz/Build/Products/Debug-iphonesimulator/include -I/Applications/Xcode.app/Contents/Developer/Platforms/iPhoneSimulator.platform/Developer/SDKs/iPhoneSimulator16.0.sdk/usr/include/libxml2 -I/Users/oikhlas/.appium/node_modules/appium-xcuitest-driver/node_modules/appium-webdriveragent/Modules -I/Users/oikhlas/Library/Developer/Xcode/DerivedData/WebDriverAgent-bcmeffsllcldukgyoimwiehwhvyz/Build/Intermediates.noindex/WebDriverAgent.build/Debug-iphonesimulator/WebDriverAgentLib.build/DerivedSources-normal/x86_64 -I/Users/oikhlas/Library/Developer/Xcode/DerivedData/WebDriverAgent-bcmeffsllcldukgyoimwiehwhvyz/Build/Intermediates.noindex/WebDriverAgent.build/Debug-iphonesimulator/WebDriverAgentLib.build/DerivedSources/x86_64 -I/Users/oikhlas/Library/Developer/Xcode/DerivedData/WebDriverAgent-bcmeffsllcldukgyoimwiehwhvyz/Build/Intermediates.noindex/WebDriverAgent.build/Debug-iphonesimulator/WebDriverAgentLib.build/DerivedSources -Weverything -Wno-objc-missing-property-synthesis -Wno-unused-macros -Wno-disabled-macro-expansion -Wno-gnu-statement-expression -Wno-language-extension-token -Wno-overriding-method-mismatch -Wno-missing-variable-declarations -Rno-module-build -Wno-auto-import -Wno-objc-interface-ivars -Wno-documentation-unknown-command -Wno-reserved-id-macro -Wno-unused-parameter -Wno-gnu-conditional-omitted-operand -Wno-explicit-ownership-type -Wno-date-time -Wno-cast-align -Wno-cstring-format-directive -Wno-double-promotion -Wno-partial-availability -Weverything -Wno-objc-missing-property-synthesis -Wno-unused-macros -Wno-disabled-macro-expansion -Wno-gnu-statement-expression -Wno-language-extension-token -Wno-overriding-method-mismatch -Wno-missing-variable-declarations -Rno-module-build -Wno-auto-import -Wno-objc-interface-ivars -Wno-documentation-unknown-command -Wno-reserved-id-macro -Wno-unused-parameter -Wno-gnu-conditional-omitted-operand -Wno-explicit-ownership-type -Wno-date-time -Wno-cast-align -Wno-cstring-format-directive -Wno-double-promotion -Wno-partial-availability -Wno-objc-messaging-id -Wno-direct-ivar-access -Wno-cast-qual -Wno-declaration-after-statement -F/Users/oikhlas/Library/Developer/Xcode/DerivedData/WebDriverAgent-bcmeffsllcldukgyoimwiehwhvyz/Build/Products/Debug-iphonesimulator -F/Applications/Xcode.app/Contents/Developer/Platforms/iPhoneSimulator.platform/Developer/Library/Frameworks -F/Applications/Xcode.app/Contents/Developer/Platforms/iPhoneSimulator.platform/Developer/Library/PrivateFrameworks -iframework /Applications/Xcode.app/Contents/Developer/Platforms/iPhoneSimulator.platform/Developer/SDKs/iPhoneSimulator16.0.sdk/Developer/Library/Frameworks -MMD -MT dependencies -MF /Users/oikhlas/Library/Developer/Xcode/DerivedData/WebDriverAgent-bcmeffsllcldukgyoimwiehwhvyz/Build/Intermediates.noindex/WebDriverAgent.build/Debug-iphonesimulator/WebDriverAgentLib.build/StaticAnalyzer/WebDriverAgent/WebDriverAgentLib/normal/x86_64/HTTPResponseProxy.d --analyze /Users/oikhlas/.appium/node_modules/appium-xcuitest-driver/node_modules/appium-webdriveragent/WebDriverAgentLib/Vendor/RoutingHTTPServer/HTTPResponseProxy.m -o /Users/oikhlas/Library/Developer/Xcode/DerivedData/WebDriverAgent-bcmeffsllcldukgyoimwiehwhvyz/Build/Intermediates.noindex/WebDriverAgent.build/Debug-iphonesimulator/WebDriverAgentLib.build/StaticAnalyzer/WebDriverAgent/WebDriverAgentLib/normal/x86_64/HTTPResponseProxy.plist
&amp#27;[38;5;173m[Xcode]&amp#27;[0m 
&amp#27;[38;5;173m[Xcode]&amp#27;[0m 
&amp#27;[38;5;173m[Xcode]&amp#27;[0m Analyze /Users/oikhlas/.appium/node_modules/appium-xcuitest-driver/node_modules/appium-webdriveragent/WebDriverAgentLib/Vendor/CocoaHTTPServer/Responses/HTTPErrorResponse.m normal x86_64 (in target 'WebDriverAgentLib' from project 'WebDriverAgent')
&amp#27;[38;5;173m[Xcode]&amp#27;[0m     cd /Users/oikhlas/.appium/node_modules/appium-xcuitest-driver/node_modules/appium-webdriveragent
&amp#27;[38;5;173m[Xcode]&amp#27;[0m     /Applications/Xcode.app/Contents/Developer/Toolchains/XcodeDefault.xctoolchain/usr/bin/clang -x objective-c -target x86_64-apple-ios16.0-simulator -fmessage-length\=0 -fdiagnostics-show-note-include-stack -fmacro-backtrace-limit\=0 -std\=gnu99 -fobjc-arc -fmodules -gmodules -fmodules-cache-path\=/Users/oikhlas/Library/Developer/Xcode/DerivedData/ModuleCache.noindex -fmodules-prune-interval\=86400 -fmodules-prune-after\=345600 -fbuild-session-file\=/Users/oikhlas/Library/Developer/Xcode/DerivedData/ModuleCache.noindex/Session.modulevalidation -fmodules-validate-once-per-build-session -Wno-trigraphs -fpascal-strings -O0 -fno-common -Wmissing-field-initializers -Wno-missing-prototypes -Werror\=return-type -Wunreachable-code -Wquoted-include-in-framework-header -Wno-implicit-atomic-properties -Werror\=deprecated-objc-isa-usage -Wno-objc-interface-ivars -Werror\=objc-root-class -Warc-repeated-use-of-weak -Wno-arc-maybe-repeated-use-of-weak -Wimplicit-retain-self -Wduplicate-method-match -Wno-missing-braces -Wparentheses -Wswitch -Wunused-function -Wno-unused-label -Wunused-parameter -Wunused-variable -Wunused-value -Wempty-body -Wuninitialized -Wconditional-uninitialized -Wno-unknown-pragmas -pedantic -Wshadow -Wno-four-char-constants -Wconversion -Wconstant-conversion -Wint-conversion -Wbool-conversion -Wenum-conversion -Wfloat-conversion -Wnon-literal-null-conversion -Wobjc-literal-conversion -Wassign-enum -Wsign-compare -Wshorten-64-to-32 -Wpointer-sign -Wno-newline-eof -Wno-selector -Wno-strict-selector-match -Wundeclared-selector -Wdeprecated-implementations -Wno-implicit-fallthrough -DDEBUG\=1 -DOBJC_OLD_DISPATCH_PROTOTYPES\=0 -isysroot /Applications/Xcode.app/Contents/Developer/Platforms/iPhoneSimulator.platform/Developer/SDKs/iPhoneSimulator16.0.sdk -fasm-blocks -fstrict-aliasing -Wprotocol -Wdeprecated-declarations -g -Wno-sign-conversion -Winfinite-recursion -Wcomma -Wblock-capture-autoreleasing -Wstrict-prototypes -Wno-semicolon-before-method-body -fobjc-abi-version\=2 -fobjc-legacy-dispatch -D__clang_analyzer__ -Xclang -analyzer-output\=plist-multi-file -Xclang -analyzer-config -Xclang path-diagnostics-alternate\=true -Xclang -analyzer-config -Xclang report-in-main-source-file\=true -Xclang -analyzer-checker -Xclang optin.osx.cocoa.localizability.NonLocalizedStringChecker -Xclang -analyzer-checker -Xclang security.insecureAPI.UncheckedReturn -Xclang -analyzer-checker -Xclang security.insecureAPI.getpw -Xclang -analyzer-checker -Xclang security.insecureAPI.gets -Xclang -analyzer-checker -Xclang security.insecureAPI.mkstemp -Xclang -analyzer-checker -Xclang security.insecureAPI.mktemp -Xclang -analyzer-disable-checker -Xclang security.insecureAPI.rand -Xclang -analyzer-disable-checker -Xclang security.insecureAPI.strcpy -Xclang -analyzer-checker -Xclang security.insecureAPI.vfork -iquote /Users/oikhlas/Library/Developer/Xcode/DerivedData/WebDriverAgent-bcmeffsllcldukgyoimwiehwhvyz/Build/Intermediates.noindex/WebDriverAgent.build/Debug-iphonesimulator/WebDriverAgentLib.build/WebDriverAgentLib-generated-files.hmap -I/Users/oikhlas/Library/Developer/Xcode/DerivedData/WebDriverAgent-bcmeffsllcldukgyoimwiehwhvyz/Build/Intermediates.noindex/WebDriverAgent.build/Debug-iphonesimulator/WebDriverAgentLib.build/WebDriverAgentLib-own-target-headers.hmap -I/Users/oikhlas/Library/Developer/Xcode/DerivedData/WebDriverAgent-bcmeffsllcldukgyoimwiehwhvyz/Build/Intermediates.noindex/WebDriverAgent.build/Debug-iphonesimulator/WebDriverAgentLib.build/WebDriverAgentLib-all-target-headers.hmap -iquote /Users/oikhlas/Library/Developer/Xcode/DerivedData/WebDriverAgent-bcmeffsllcldukgyoimwiehwhvyz/Build/Intermediates.noindex/WebDriverAgent.build/Debug-iphonesimulator/WebDriverAgentLib.build/WebDriverAgentLib-project-headers.hmap -I/Users/oikhlas/Library/Developer/Xcode/DerivedData/WebDriverAgent-bcmeffsllcldukgyoimwiehwhvyz/Build/Products/Debug-iphonesimulator/include -I/Applications/Xcode.app/Contents/Developer/Platforms/iPhoneSimulator.platform/Developer/SDKs/iPhoneSimulator16.0.sdk/usr/include/libxml2 -I/Users/oikhlas/.appium/node_modules/appium-xcuitest-driver/node_modules/appium-webdriveragent/Modules -I/Users/oikhlas/Library/Developer/Xcode/DerivedData/WebDriverAgent-bcmeffsllcldukgyoimwiehwhvyz/Build/Intermediates.noindex/WebDriverAgent.build/Debug-iphonesimulator/WebDriverAgentLib.build/DerivedSources-normal/x86_64 -I/Users/oikhlas/Library/Developer/Xcode/DerivedData/WebDriverAgent-bcmeffsllcldukgyoimwiehwhvyz/Build/Intermediates.noindex/WebDriverAgent.build/Debug-iphonesimulator/WebDriverAgentLib.build/DerivedSources/x86_64 -I/Users/oikhlas/Library/Developer/Xcode/DerivedData/WebDriverAgent-bcmeffsllcldukgyoimwiehwhvyz/Build/Intermediates.noindex/WebDriverAgent.build/Debug-iphonesimulator/WebDriverAgentLib.build/DerivedSources -Weverything -Wno-objc-missing-property-synthesis -Wno-unused-macros -Wno-disabled-macro-expansion -Wno-gnu-statement-expression -Wno-language-extension-token -Wno-overriding-method-mismatch -Wno-missing-variable-declarations -Rno-module-build -Wno-auto-import -Wno-objc-interface-ivars -Wno-documentation-unknown-command -Wno-reserved-id-macro -Wno-unused-parameter -Wno-gnu-conditional-omitted-operand -Wno-explicit-ownership-type -Wno-date-time -Wno-cast-align -Wno-cstring-format-directive -Wno-double-promotion -Wno-partial-availability -Weverything -Wno-objc-missing-property-synthesis -Wno-unused-macros -Wno-disabled-macro-expansion -Wno-gnu-statement-expression -Wno-language-extension-token -Wno-overriding-method-mismatch -Wno-missing-variable-declarations -Rno-module-build -Wno-auto-import -Wno-objc-interface-ivars -Wno-documentation-unknown-command -Wno-reserved-id-macro -Wno-unused-parameter -Wno-gnu-conditional-omitted-operand -Wno-explicit-ownership-type -Wno-date-time -Wno-cast-align -Wno-cstring-format-directive -Wno-double-promotion -Wno-partial-availability -Wno-objc-messaging-id -Wno-direct-ivar-access -Wno-cast-qual -Wno-declaration-after-statement -F/Users/oikhlas/Library/Developer/Xcode/DerivedData/WebDriverAgent-bcmeffsllcldukgyoimwiehwhvyz/Build/Products/Debug-iphonesimulator -F/Applications/Xcode.app/Contents/Developer/Platforms/iPhoneSimulator.platform/Developer/Library/Frameworks -F/Applications/Xcode.app/Contents/Developer/Platforms/iPhoneSimulator.platform/Developer/Library/PrivateFrameworks -iframework /Applications/Xcode.app/Contents/Developer/Platforms/iPhoneSimulator.platform/Developer/SDKs/iPhoneSimulator16.0.sdk/Developer/Library/Frameworks -MMD -MT dependencies -MF /Users/oikhlas/Library/Developer/Xcode/DerivedData/WebDriverAgent-bcmeffsllcldukgyoimwiehwhvyz/Build/Intermediates.noindex/WebDriverAgent.build/Debug-iphonesimulator/WebDriverAgentLib.build/StaticAnalyzer/WebDriverAgent/WebDriverAgentLib/normal/x86_64/HTTPErrorResponse.d --analyze /Users/oikhlas/.appium/node_modules/appium-xcuitest-driver/node_modules/appium-webdriveragent/WebDriverAgentLib/Vendor/CocoaHTTPServer/Responses/HTTPErrorResponse.m -o /Users/oikhlas/Library/Developer/Xcode/DerivedData/WebDriverAgent-bcmeffsllcldukgyoimwiehwhvyz/Build/Intermediates.noindex/WebDriverAgent.build/Debug-iphonesimulator/WebDriverAgentLib.build/StaticAnalyzer/WebDriverAgent/WebDriverAgentLib/normal/x86_64/HTTPErrorResponse.plist
&amp#27;[38;5;173m[Xcode]&amp#27;[0m 
&amp#27;[38;5;173m[Xcode]&amp#27;[0m 
&amp#27;[38;5;173m[Xcode]&amp#27;[0m Analyze /Users/oikhlas/.appium/node_modules/appium-xcuitest-driver/node_modules/appium-webdriveragent/WebDriverAgentLib/Vendor/CocoaHTTPServer/Responses/HTTPDataResponse.m normal x86_64 (in target 'WebDriverAgentLib' from project 'WebDriverAgent')
&amp#27;[38;5;173m[Xcode]&amp#27;[0m     cd /Users/oikhlas/.appium/node_modules/appium-xcuitest-driver/node_modules/appium-webdriveragent
&amp#27;[38;5;173m[Xcode]&amp#27;[0m     /Applications/Xcode.app/Contents/Developer/Toolchains/XcodeDefault.xctoolchain/usr/bin/clang -x objective-c -target x86_64-apple-ios16.0-simulator -fmessage-length\=0 -fdiagnostics-show-note-include-stack -fmacro-backtrace-limit\=0 -std\=gnu99 -fobjc-arc -fmodules -gmodules -fmodules-cache-path\=/Users/oikhlas/Library/Developer/Xcode/DerivedData/ModuleCache.noindex -fmodules-prune-interval\=86400 -fmodules-prune-after\=345600 -fbuild-session-file\=/Users/oikhlas/Library/Developer/Xcode/DerivedData/ModuleCache.noindex/Session.modulevalidation -fmodules-validate-once-per-build-session -Wno-trigraphs -fpascal-strings -O0 -fno-common -Wmissing-field-initializers -Wno-missing-prototypes -Werror\=return-type -Wunreachable-code -Wquoted-include-in-framework-header -Wno-implicit-atomic-properties -Werror\=deprecated-objc-isa-usage -Wno-objc-interface-ivars -Werror\=objc-root-class -Warc-repeated-use-of-weak -Wno-arc-maybe-repeated-use-of-weak -Wimplicit-retain-self -Wduplicate-method-match -Wno-missing-braces -Wparentheses -Wswitch -Wunused-function -Wno-unused-label -Wunused-parameter -Wunused-variable -Wunused-value -Wempty-body -Wuninitialized -Wconditional-uninitialized -Wno-unknown-pragmas -pedantic -Wshadow -Wno-four-char-constants -Wconversion -Wconstant-conversion -Wint-conversion -Wbool-conversion -Wenum-conversion -Wfloat-conversion -Wnon-literal-null-conversion -Wobjc-literal-conversion -Wassign-enum -Wsign-compare -Wshorten-64-to-32 -Wpointer-sign -Wno-newline-eof -Wno-selector -Wno-strict-selector-match -Wundeclared-selector -Wdeprecated-implementations -Wno-implicit-fallthrough -DDEBUG\=1 -DOBJC_OLD_DISPATCH_PROTOTYPES\=0 -isysroot /Applications/Xcode.app/Contents/Developer/Platforms/iPhoneSimulator.platform/Developer/SDKs/iPhoneSimulator16.0.sdk -fasm-blocks -fstrict-aliasing -Wprotocol -Wdeprecated-declarations -g -Wno-sign-conversion -Winfinite-recursion -Wcomma -Wblock-capture-autoreleasing -Wstrict-prototypes -Wno-semicolon-before-method-body -fobjc-abi-version\=2 -fobjc-legacy-dispatch -D__clang_analyzer__ -Xclang -analyzer-output\=plist-multi-file -Xclang -analyzer-config -Xclang path-diagnostics-alternate\=true -Xclang -analyzer-config -Xclang report-in-main-source-file\=true -Xclang -analyzer-checker -Xclang optin.osx.cocoa.localizability.NonLocalizedStringChecker -Xclang -analyzer-checker -Xclang security.insecureAPI.UncheckedReturn -Xclang -analyzer-checker -Xclang security.insecureAPI.getpw -Xclang -analyzer-checker -Xclang security.insecureAPI.gets -Xclang -analyzer-checker -Xclang security.insecureAPI.mkstemp -Xclang -analyzer-checker -Xclang security.insecureAPI.mktemp -Xclang -analyzer-disable-checker -Xclang security.insecureAPI.rand -Xclang -analyzer-disable-checker -Xclang security.insecureAPI.strcpy -Xclang -analyzer-checker -Xclang security.insecureAPI.vfork -iquote /Users/oikhlas/Library/Developer/Xcode/DerivedData/WebDriverAgent-bcmeffsllcldukgyoimwiehwhvyz/Build/Intermediates.noindex/WebDriverAgent.build/Debug-iphonesimulator/WebDriverAgentLib.build/WebDriverAgentLib-generated-files.hmap -I/Users/oikhlas/Library/Developer/Xcode/DerivedData/WebDriverAgent-bcmeffsllcldukgyoimwiehwhvyz/Build/Intermediates.noindex/WebDriverAgent.build/Debug-iphonesimulator/WebDriverAgentLib.build/WebDriverAgentLib-own-target-headers.hmap -I/Users/oikhlas/Library/Developer/Xcode/DerivedData/WebDriverAgent-bcmeffsllcldukgyoimwiehwhvyz/Build/Intermediates.noindex/WebDriverAgent.build/Debug-iphonesimulator/WebDriverAgentLib.build/WebDriverAgentLib-all-target-headers.hmap -iquote /Users/oikhlas/Library/Developer/Xcode/DerivedData/WebDriverAgent-bcmeffsllcldukgyoimwiehwhvyz/Build/Intermediates.noindex/WebDriverAgent.build/Debug-iphonesimulator/WebDriverAgentLib.build/WebDriverAgentLib-project-headers.hmap -I/Users/oikhlas/Library/Developer/Xcode/DerivedData/WebDriverAgent-bcmeffsllcldukgyoimwiehwhvyz/Build/Products/Debug-iphonesimulator/include -I/Applications/Xcode.app/Contents/Developer/Platforms/iPhoneSimulator.platform/Developer/SDKs/iPhoneSimulator16.0.sdk/usr/include/libxml2 -I/Users/oikhlas/.appium/node_modules/appium-xcuitest-driver/node_modules/appium-webdriveragent/Modules -I/Users/oikhlas/Library/Developer/Xcode/DerivedData/WebDriverAgent-bcmeffsllcldukgyoimwiehwhvyz/Build/Intermediates.noindex/WebDriverAgent.build/Debug-iphonesimulator/WebDriverAgentLib.build/DerivedSources-normal/x86_64 -I/Users/oikhlas/Library/Developer/Xcode/DerivedData/WebDriverAgent-bcmeffsllcldukgyoimwiehwhvyz/Build/Intermediates.noindex/WebDriverAgent.build/Debug-iphonesimulator/WebDriverAgentLib.build/DerivedSources/x86_64 -I/Users/oikhlas/Library/Developer/Xcode/DerivedData/WebDriverAgent-bcmeffsllcldukgyoimwiehwhvyz/Build/Intermediates.noindex/WebDriverAgent.build/Debug-iphonesimulator/WebDriverAgentLib.build/DerivedSources -Weverything -Wno-objc-missing-property-synthesis -Wno-unused-macros -Wno-disabled-macro-expansion -Wno-gnu-statement-expression -Wno-language-extension-token -Wno-overriding-method-mismatch -Wno-missing-variable-declarations -Rno-module-build -Wno-auto-import -Wno-objc-interface-ivars -Wno-documentation-unknown-command -Wno-reserved-id-macro -Wno-unused-parameter -Wno-gnu-conditional-omitted-operand -Wno-explicit-ownership-type -Wno-date-time -Wno-cast-align -Wno-cstring-format-directive -Wno-double-promotion -Wno-partial-availability -Weverything -Wno-objc-missing-property-synthesis -Wno-unused-macros -Wno-disabled-macro-expansion -Wno-gnu-statement-expression -Wno-language-extension-token -Wno-overriding-method-mismatch -Wno-missing-variable-declarations -Rno-module-build -Wno-auto-import -Wno-objc-interface-ivars -Wno-documentation-unknown-command -Wno-reserved-id-macro -Wno-unused-parameter -Wno-gnu-conditional-omitted-operand -Wno-explicit-ownership-type -Wno-date-time -Wno-cast-align -Wno-cstring-format-directive -Wno-double-promotion -Wno-partial-availability -Wno-objc-messaging-id -Wno-direct-ivar-access -Wno-cast-qual -Wno-declaration-after-statement -F/Users/oikhlas/Library/Developer/Xcode/DerivedData/WebDriverAgent-bcmeffsllcldukgyoimwiehwhvyz/Build/Products/Debug-iphonesimulator -F/Applications/Xcode.app/Contents/Developer/Platforms/iPhoneSimulator.platform/Developer/Library/Frameworks -F/Applications/Xcode.app/Contents/Developer/Platforms/iPhoneSimulator.platform/Developer/Library/PrivateFrameworks -iframework /Applications/Xcode.app/Contents/Developer/Platforms/iPhoneSimulator.platform/Developer/SDKs/iPhoneSimulator16.0.sdk/Developer/Library/Frameworks -MMD -MT dependencies -MF /Users/oikhlas/Library/Developer/Xcode/DerivedData/WebDriverAgent-bcmeffsllcldukgyoimwiehwhvyz/Build/Intermediates.noindex/WebDriverAgent.build/Debug-iphonesimulator/WebDriverAgentLib.build/StaticAnalyzer/WebDriverAgent/WebDriverAgentLib/normal/x86_64/HTTPDataResponse.d --analyze /Users/oikhlas/.appium/node_modules/appium-xcuitest-driver/node_modules/appium-webdriveragent/WebDriverAgentLib/Vendor/CocoaHTTPServer/Responses/HTTPDataResponse.m -o /Users/oikhlas/Library/Developer/Xcode/DerivedData/WebDriverAgent-bcmeffsllcldukgyoimwiehwhvyz/Build/Intermediates.noindex/WebDriverAgent.build/Debug-iphonesimulator/WebDriverAgentLib.build/StaticAnalyzer/WebDriverAgent/WebDriverAgentLib/normal/x86_64/HTTPDataResponse.plist
&amp#27;[38;5;173m[Xcode]&amp#27;[0m 
&amp#27;[38;5;173m[Xcode]&amp#27;[0m 
&amp#27;[38;5;173m[Xcode]&amp#27;[0m Analyze /Users/oikhlas/.appium/node_modules/appium-xcuitest-driver/node_modules/appium-webdriveragent/WebDriverAgentLib/Vendor/CocoaHTTPServer/HTTPServer.m normal x86_64 (in target 'WebDriverAgentLib' from project 'WebDriverAgent')
&amp#27;[38;5;173m[Xcode]&amp#27;[0m     cd /Users/oikhlas/.appium/node_modules/appium-xcuitest-driver/node_modules/appium-webdriveragent
&amp#27;[38;5;173m[Xcode]&amp#27;[0m     /Applications/Xcode.app/Contents/Developer/Toolchains/XcodeDefault.xctoolchain/usr/bin/clang -x objective-c -target x86_64-apple-ios16.0-simulator -fmessage-length\=0 -fdiagnostics-show-note-include-stack -fmacro-backtrace-limit\=0 -std\=gnu99 -fobjc-arc -fmodules -gmodules -fmodules-cache-path\=/Users/oikhlas/Library/Developer/Xcode/DerivedData/ModuleCache.noindex -fmodules-prune-interval\=86400 -fmodules-prune-after\=345600 -fbuild-session-file\=/Users/oikhlas/Library/Developer/Xcode/DerivedData/ModuleCache.noindex/Session.modulevalidation -fmodules-validate-once-per-build-session -Wno-trigraphs -fpascal-strings -O0 -fno-common -Wmissing-field-initializers -Wno-missing-prototypes -Werror\=return-type -Wunreachable-code -Wquoted-include-in-framework-header -Wno-implicit-atomic-properties -Werror\=deprecated-objc-isa-usage -Wno-objc-interface-ivars -Werror\=objc-root-class -Warc-repeated-use-of-weak -Wno-arc-maybe-repeated-use-of-weak -Wimplicit-retain-self -Wduplicate-method-match -Wno-missing-braces -Wparentheses -Wswitch -Wunused-function -Wno-unused-label -Wunused-parameter -Wunused-variable -Wunused-value -Wempty-body -Wuninitialized -Wconditional-uninitialized -Wno-unknown-pragmas -pedantic -Wshadow -Wno-four-char-constants -Wconversion -Wconstant-conversion -Wint-conversion -Wbool-conversion -Wenum-conversion -Wfloat-conversion -Wnon-literal-null-conversion -Wobjc-literal-conversion -Wassign-enum -Wsign-compare -Wshorten-64-to-32 -Wpointer-sign -Wno-newline-eof -Wno-selector -Wno-strict-selector-match -Wundeclared-selector -Wdeprecated-implementations -Wno-implicit-fallthrough -DDEBUG\=1 -DOBJC_OLD_DISPATCH_PROTOTYPES\=0 -isysroot /Applications/Xcode.app/Contents/Developer/Platforms/iPhoneSimulator.platform/Developer/SDKs/iPhoneSimulator16.0.sdk -fasm-blocks -fstrict-aliasing -Wprotocol -Wdeprecated-declarations -g -Wno-sign-conversion -Winfinite-recursion -Wcomma -Wblock-capture-autoreleasing -Wstrict-prototypes -Wno-semicolon-before-method-body -fobjc-abi-version\=2 -fobjc-legacy-dispatch -D__clang_analyzer__ -Xclang -analyzer-output\=plist-multi-file -Xclang -analyzer-config -Xclang path-diagnostics-alternate\=true -Xclang -analyzer-config -Xclang report-in-main-source-file\=true -Xclang -analyzer-checker -Xclang optin.osx.cocoa.localizability.NonLocalizedStringChecker -Xclang -analyzer-checker -Xclang security.insecureAPI.UncheckedReturn -Xclang -analyzer-checker -Xclang security.insecureAPI.getpw -Xclang -analyzer-checker -Xclang security.insecureAPI.gets -Xclang -analyzer-checker -Xclang security.insecureAPI.mkstemp -Xclang -analyzer-checker -Xclang security.insecureAPI.mktemp -Xclang -analyzer-disable-checker -Xclang security.insecureAPI.rand -Xclang -analyzer-disable-checker -Xclang security.insecureAPI.strcpy -Xclang -analyzer-checker -Xclang security.insecureAPI.vfork -iquote /Users/oikhlas/Library/Developer/Xcode/DerivedData/WebDriverAgent-bcmeffsllcldukgyoimwiehwhvyz/Build/Intermediates.noindex/WebDriverAgent.build/Debug-iphonesimulator/WebDriverAgentLib.build/WebDriverAgentLib-generated-files.hmap -I/Users/oikhlas/Library/Developer/Xcode/DerivedData/WebDriverAgent-bcmeffsllcldukgyoimwiehwhvyz/Build/Intermediates.noindex/WebDriverAgent.build/Debug-iphonesimulator/WebDriverAgentLib.build/WebDriverAgentLib-own-target-headers.hmap -I/Users/oikhlas/Library/Developer/Xcode/DerivedData/WebDriverAgent-bcmeffsllcldukgyoimwiehwhvyz/Build/Intermediates.noindex/WebDriverAgent.build/Debug-iphonesimulator/WebDriverAgentLib.build/WebDriverAgentLib-all-target-headers.hmap -iquote /Users/oikhlas/Library/Developer/Xcode/DerivedData/WebDriverAgent-bcmeffsllcldukgyoimwiehwhvyz/Build/Intermediates.noindex/WebDriverAgent.build/Debug-iphonesimulator/WebDriverAgentLib.build/WebDriverAgentLib-project-headers.hmap -I/Users/oikhlas/Library/Developer/Xcode/DerivedData/WebDriverAgent-bcmeffsllcldukgyoimwiehwhvyz/Build/Products/Debug-iphonesimulator/include -I/Applications/Xcode.app/Contents/Developer/Platforms/iPhoneSimulator.platform/Developer/SDKs/iPhoneSimulator16.0.sdk/usr/include/libxml2 -I/Users/oikhlas/.appium/node_modules/appium-xcuitest-driver/node_modules/appium-webdriveragent/Modules -I/Users/oikhlas/Library/Developer/Xcode/DerivedData/WebDriverAgent-bcmeffsllcldukgyoimwiehwhvyz/Build/Intermediates.noindex/WebDriverAgent.build/Debug-iphonesimulator/WebDriverAgentLib.build/DerivedSources-normal/x86_64 -I/Users/oikhlas/Library/Developer/Xcode/DerivedData/WebDriverAgent-bcmeffsllcldukgyoimwiehwhvyz/Build/Intermediates.noindex/WebDriverAgent.build/Debug-iphonesimulator/WebDriverAgentLib.build/DerivedSources/x86_64 -I/Users/oikhlas/Library/Developer/Xcode/DerivedData/WebDriverAgent-bcmeffsllcldukgyoimwiehwhvyz/Build/Intermediates.noindex/WebDriverAgent.build/Debug-iphonesimulator/WebDriverAgentLib.build/DerivedSources -Weverything -Wno-objc-missing-property-synthesis -Wno-unused-macros -Wno-disabled-macro-expansion -Wno-gnu-statement-expression -Wno-language-extension-token -Wno-overriding-method-mismatch -Wno-missing-variable-declarations -Rno-module-build -Wno-auto-import -Wno-objc-interface-ivars -Wno-documentation-unknown-command -Wno-reserved-id-macro -Wno-unused-parameter -Wno-gnu-conditional-omitted-operand -Wno-explicit-ownership-type -Wno-date-time -Wno-cast-align -Wno-cstring-format-directive -Wno-double-promotion -Wno-partial-availability -Weverything -Wno-objc-missing-property-synthesis -Wno-unused-macros -Wno-disabled-macro-expansion -Wno-gnu-statement-expression -Wno-language-extension-token -Wno-overriding-method-mismatch -Wno-missing-variable-declarations -Rno-module-build -Wno-auto-import -Wno-objc-interface-ivars -Wno-documentation-unknown-command -Wno-reserved-id-macro -Wno-unused-parameter -Wno-gnu-conditional-omitted-operand -Wno-explicit-ownership-type -Wno-date-time -Wno-cast-align -Wno-cstring-format-directive -Wno-double-promotion -Wno-partial-availability -Wno-objc-messaging-id -Wno-direct-ivar-access -Wno-cast-qual -Wno-declaration-after-statement -F/Users/oikhlas/Library/Developer/Xcode/DerivedData/WebDriverAgent-bcmeffsllcldukgyoimwiehwhvyz/Build/Products/Debug-iphonesimulator -F/Applications/Xcode.app/Contents/Developer/Platforms/iPhoneSimulator.platform/Developer/Library/Frameworks -F/Applications/Xcode.app/Contents/Developer/Platforms/iPhoneSimulator.platform/Developer/Library/PrivateFrameworks -iframework /Applications/Xcode.app/Contents/Developer/Platforms/iPhoneSimulator.platform/Developer/SDKs/iPhoneSimulator16.0.sdk/Developer/Library/Frameworks -MMD -MT dependencies -MF /Users/oikhlas/Library/Developer/Xcode/DerivedData/WebDriverAgent-bcmeffsllcldukgyoimwiehwhvyz/Build/Intermediates.noindex/WebDriverAgent.build/Debug-iphonesimulator/WebDriverAgentLib.build/StaticAnalyzer/WebDriverAgent/WebDriverAgentLib/normal/x86_64/HTTPServer.d --analyze /Users/oikhlas/.appium/node_modules/appium-xcuitest-driver/node_modules/appium-webdriveragent/WebDriverAgentLib/Vendor/CocoaHTTPServer/HTTPServer.m -o /Users/oikhlas/Library/Developer/Xcode/DerivedData/WebDriverAgent-bcmeffsllcldukgyoimwiehwhvyz/Build/Intermediates.noindex/WebDriverAgent.build/Debug-iphonesimulator/WebDriverAgentLib.build/StaticAnalyzer/WebDriverAgent/WebDriverAgentLib/normal/x86_64/HTTPServer.plist
&amp#27;[38;5;173m[Xcode]&amp#27;[0m 
&amp#27;[38;5;173m[Xcode]&amp#27;[0m 
&amp#27;[38;5;173m[Xcode]&amp#27;[0m Analyze /Users/oikhlas/.appium/node_modules/appium-xcuitest-driver/node_modules/appium-webdriveragent/WebDriverAgentLib/Vendor/CocoaHTTPServer/HTTPMessage.m normal x86_64 (in target 'WebDriverAgentLib' from project 'WebDriverAgent')
&amp#27;[38;5;173m[Xcode]&amp#27;[0m     cd /Users/oikhlas/.appium/node_modules/appium-xcuitest-driver/node_modules/appium-webdriveragent
&amp#27;[38;5;173m[Xcode]&amp#27;[0m     /Applications/Xcode.app/Contents/Developer/Toolchains/XcodeDefault.xctoolchain/usr/bin/clang -x objective-c -target x86_64-apple-ios16.0-simulator -fmessage-length\=0 -fdiagnostics-show-note-include-stack -fmacro-backtrace-limit\=0 -std\=gnu99 -fobjc-arc -fmodules -gmodules -fmodules-cache-path\=/Users/oikhlas/Library/Developer/Xcode/DerivedData/ModuleCache.noindex -fmodules-prune-interval\=86400 -fmodules-prune-after\=345600 -fbuild-session-file\=/Users/oikhlas/Library/Developer/Xcode/DerivedData/ModuleCache.noindex/Session.modulevalidation -fmodules-validate-once-per-build-session -Wno-trigraphs -fpascal-strings -O0 -fno-common -Wmissing-field-initializers -Wno-missing-prototypes -Werror\=return-type -Wunreachable-code -Wquoted-include-in-framework-header -Wno-implicit-atomic-properties -Werror\=deprecated-objc-isa-usage -Wno-objc-interface-ivars -Werror\=objc-root-class -Warc-repeated-use-of-weak -Wno-arc-maybe-repeated-use-of-weak -Wimplicit-retain-self -Wduplicate-method-match -Wno-missing-braces -Wparentheses -Wswitch -Wunused-function -Wno-unused-label -Wunused-parameter -Wunused-variable -Wunused-value -Wempty-body -Wuninitialized -Wconditional-uninitialized -Wno-unknown-pragmas -pedantic -Wshadow -Wno-four-char-constants -Wconversion -Wconstant-conversion -Wint-conversion -Wbool-conversion -Wenum-conversion -Wfloat-conversion -Wnon-literal-null-conversion -Wobjc-literal-conversion -Wassign-enum -Wsign-compare -Wshorten-64-to-32 -Wpointer-sign -Wno-newline-eof -Wno-selector -Wno-strict-selector-match -Wundeclared-selector -Wdeprecated-implementations -Wno-implicit-fallthrough -DDEBUG\=1 -DOBJC_OLD_DISPATCH_PROTOTYPES\=0 -isysroot /Applications/Xcode.app/Contents/Developer/Platforms/iPhoneSimulator.platform/Developer/SDKs/iPhoneSimulator16.0.sdk -fasm-blocks -fstrict-aliasing -Wprotocol -Wdeprecated-declarations -g -Wno-sign-conversion -Winfinite-recursion -Wcomma -Wblock-capture-autoreleasing -Wstrict-prototypes -Wno-semicolon-before-method-body -fobjc-abi-version\=2 -fobjc-legacy-dispatch -D__clang_analyzer__ -Xclang -analyzer-output\=plist-multi-file -Xclang -analyzer-config -Xclang path-diagnostics-alternate\=true -Xclang -analyzer-config -Xclang report-in-main-source-file\=true -Xclang -analyzer-checker -Xclang optin.osx.cocoa.localizability.NonLocalizedStringChecker -Xclang -analyzer-checker -Xclang security.insecureAPI.UncheckedReturn -Xclang -analyzer-checker -Xclang security.insecureAPI.getpw -Xclang -analyzer-checker -Xclang security.insecureAPI.gets -Xclang -analyzer-checker -Xclang security.insecureAPI.mkstemp -Xclang -analyzer-checker -Xclang security.insecureAPI.mktemp -Xclang -analyzer-disable-checker -Xclang security.insecureAPI.rand -Xclang -analyzer-disable-checker -Xclang security.insecureAPI.strcpy -Xclang -analyzer-checker -Xclang security.insecureAPI.vfork -iquote /Users/oikhlas/Library/Developer/Xcode/DerivedData/WebDriverAgent-bcmeffsllcldukgyoimwiehwhvyz/Build/Intermediates.noindex/WebDriverAgent.build/Debug-iphonesimulator/WebDriverAgentLib.build/WebDriverAgentLib-generated-files.hmap -I/Users/oikhlas/Library/Developer/Xcode/DerivedData/WebDriverAgent-bcmeffsllcldukgyoimwiehwhvyz/Build/Intermediates.noindex/WebDriverAgent.build/Debug-iphonesimulator/WebDriverAgentLib.build/WebDriverAgentLib-own-target-headers.hmap -I/Users/oikhlas/Library/Developer/Xcode/DerivedData/WebDriverAgent-bcmeffsllcldukgyoimwiehwhvyz/Build/Intermediates.noindex/WebDriverAgent.build/Debug-iphonesimulator/WebDriverAgentLib.build/WebDriverAgentLib-all-target-headers.hmap -iquote /Users/oikhlas/Library/Developer/Xcode/DerivedData/WebDriverAgent-bcmeffsllcldukgyoimwiehwhvyz/Build/Intermediates.noindex/WebDriverAgent.build/Debug-iphonesimulator/WebDriverAgentLib.build/WebDriverAgentLib-project-headers.hmap -I/Users/oikhlas/Library/Developer/Xcode/DerivedData/WebDriverAgent-bcmeffsllcldukgyoimwiehwhvyz/Build/Products/Debug-iphonesimulator/include -I/Applications/Xcode.app/Contents/Developer/Platforms/iPhoneSimulator.platform/Developer/SDKs/iPhoneSimulator16.0.sdk/usr/include/libxml2 -I/Users/oikhlas/.appium/node_modules/appium-xcuitest-driver/node_modules/appium-webdriveragent/Modules -I/Users/oikhlas/Library/Developer/Xcode/DerivedData/WebDriverAgent-bcmeffsllcldukgyoimwiehwhvyz/Build/Intermediates.noindex/WebDriverAgent.build/Debug-iphonesimulator/WebDriverAgentLib.build/DerivedSources-normal/x86_64 -I/Users/oikhlas/Library/Developer/Xcode/DerivedData/WebDriverAgent-bcmeffsllcldukgyoimwiehwhvyz/Build/Intermediates.noindex/WebDriverAgent.build/Debug-iphonesimulator/WebDriverAgentLib.build/DerivedSources/x86_64 -I/Users/oikhlas/Library/Developer/Xcode/DerivedData/WebDriverAgent-bcmeffsllcldukgyoimwiehwhvyz/Build/Intermediates.noindex/WebDriverAgent.build/Debug-iphonesimulator/WebDriverAgentLib.build/DerivedSources -Weverything -Wno-objc-missing-property-synthesis -Wno-unused-macros -Wno-disabled-macro-expansion -Wno-gnu-statement-expression -Wno-language-extension-token -Wno-overriding-method-mismatch -Wno-missing-variable-declarations -Rno-module-build -Wno-auto-import -Wno-objc-interface-ivars -Wno-documentation-unknown-command -Wno-reserved-id-macro -Wno-unused-parameter -Wno-gnu-conditional-omitted-operand -Wno-explicit-ownership-type -Wno-date-time -Wno-cast-align -Wno-cstring-format-directive -Wno-double-promotion -Wno-partial-availability -Weverything -Wno-objc-missing-property-synthesis -Wno-unused-macros -Wno-disabled-macro-expansion -Wno-gnu-statement-expression -Wno-language-extension-token -Wno-overriding-method-mismatch -Wno-missing-variable-declarations -Rno-module-build -Wno-auto-import -Wno-objc-interface-ivars -Wno-documentation-unknown-command -Wno-reserved-id-macro -Wno-unused-parameter -Wno-gnu-conditional-omitted-operand -Wno-explicit-ownership-type -Wno-date-time -Wno-cast-align -Wno-cstring-format-directive -Wno-double-promotion -Wno-partial-availability -Wno-objc-messaging-id -Wno-direct-ivar-access -Wno-cast-qual -Wno-declaration-after-statement -F/Users/oikhlas/Library/Developer/Xcode/DerivedData/WebDriverAgent-bcmeffsllcldukgyoimwiehwhvyz/Build/Products/Debug-iphonesimulator -F/Applications/Xcode.app/Contents/Developer/Platforms/iPhoneSimulator.platform/Developer/Library/Frameworks -F/Applications/Xcode.app/Contents/Developer/Platforms/iPhoneSimulator.platform/Developer/Library/PrivateFrameworks -iframework /Applications/Xcode.app/Contents/Developer/Platforms/iPhoneSimulator.platform/Developer/SDKs/iPhoneSimulator16.0.sdk/Developer/Library/Frameworks -MMD -MT dependencies -MF /Users/oikhlas/Library/Developer/Xcode/DerivedData/WebDriverAgent-bcmeffsllcldukgyoimwiehwhvyz/Build/Intermediates.noindex/WebDriverAgent.build/Debug-iphonesimulator/WebDriverAgentLib.build/StaticAnalyzer/WebDriverAgent/WebDriverAgentLib/normal/x86_64/HTTPMessage.d --analyze /Users/oikhlas/.appium/node_modules/appium-xcuitest-driver/node_modules/appium-webdriveragent/WebDriverAgentLib/Vendor/CocoaHTTPServer/HTTPMessage.m -o /Users/oikhlas/Library/Developer/Xcode/DerivedData/WebDriverAgent-bcmeffsllcldukgyoimwiehwhvyz/Build/Intermediates.noindex/WebDriverAgent.build/Debug-iphonesimulator/WebDriverAgentLib.build/StaticAnalyzer/WebDriverAgent/WebDriverAgentLib/normal/x86_64/HTTPMessage.plist
&amp#27;[38;5;173m[Xcode]&amp#27;[0m 
&amp#27;[38;5;173m[Xcode]&amp#27;[0m 
&amp#27;[38;5;173m[Xcode]&amp#27;[0m Analyze /Users/oikhlas/.appium/node_modules/appium-xcuitest-driver/node_modules/appium-webdriveragent/WebDriverAgentLib/Vendor/CocoaHTTPServer/HTTPConnection.m normal x86_64 (in target 'WebDriverAgentLib' from project 'WebDriverAgent')
&amp#27;[38;5;173m[Xcode]&amp#27;[0m     cd /Users/oikhlas/.appium/node_modules/appium-xcuitest-driver/node_modules/appium-webdriveragent
&amp#27;[38;5;173m[Xcode]&amp#27;[0m     /Applications/Xcode.app/Contents/Developer/Toolchains/XcodeDefault.xctoolchain/usr/bin/clang -x objective-c -target x86_64-apple-ios16.0-simulator -fmessage-length\=0 -fdiagnostics-show-note-include-stack -fmacro-backtrace-limit\=0 -std\=gnu99 -fobjc-arc -fmodules -gmodules -fmodules-cache-path\=/Users/oikhlas/Library/Developer/Xcode/DerivedData/ModuleCache.noindex -fmodules-prune-interval\=86400 -fmodules-prune-after\=345600 -fbuild-session-file\=/Users/oikhlas/Library/Developer/Xcode/DerivedData/ModuleCache.noindex/Session.modulevalidation -fmodules-validate-once-per-build-session -Wno-trigraphs -fpascal-strings -O0 -fno-common -Wmissing-field-initializers -Wno-missing-prototypes -Werror\=return-type -Wunreachable-code -Wquoted-include-in-framework-header -Wno-implicit-atomic-properties -Werror\=deprecated-objc-isa-usage -Wno-objc-interface-ivars -Werror\=objc-root-class -Warc-repeated-use-of-weak -Wno-arc-maybe-repeated-use-of-weak -Wimplicit-retain-self -Wduplicate-method-match -Wno-missing-braces -Wparentheses -Wswitch -Wunused-function -Wno-unused-label -Wunused-parameter -Wunused-variable -Wunused-value -Wempty-body -Wuninitialized -Wconditional-uninitialized -Wno-unknown-pragmas -pedantic -Wshadow -Wno-four-char-constants -Wconversion -Wconstant-conversion -Wint-conversion -Wbool-conversion -Wenum-conversion -Wfloat-conversion -Wnon-literal-null-conversion -Wobjc-literal-conversion -Wassign-enum -Wsign-compare -Wshorten-64-to-32 -Wpointer-sign -Wno-newline-eof -Wno-selector -Wno-strict-selector-match -Wundeclared-selector -Wdeprecated-implementations -Wno-implicit-fallthrough -DDEBUG\=1 -DOBJC_OLD_DISPATCH_PROTOTYPES\=0 -isysroot /Applications/Xcode.app/Contents/Developer/Platforms/iPhoneSimulator.platform/Developer/SDKs/iPhoneSimulator16.0.sdk -fasm-blocks -fstrict-aliasing -Wprotocol -Wdeprecated-declarations -g -Wno-sign-conversion -Winfinite-recursion -Wcomma -Wblock-capture-autoreleasing -Wstrict-prototypes -Wno-semicolon-before-method-body -fobjc-abi-version\=2 -fobjc-legacy-dispatch -D__clang_analyzer__ -Xclang -analyzer-output\=plist-multi-file -Xclang -analyzer-config -Xclang path-diagnostics-alternate\=true -Xclang -analyzer-config -Xclang report-in-main-source-file\=true -Xclang -analyzer-checker -Xclang optin.osx.cocoa.localizability.NonLocalizedStringChecker -Xclang -analyzer-checker -Xclang security.insecureAPI.UncheckedReturn -Xclang -analyzer-checker -Xclang security.insecureAPI.getpw -Xclang -analyzer-checker -Xclang security.insecureAPI.gets -Xclang -analyzer-checker -Xclang security.insecureAPI.mkstemp -Xclang -analyzer-checker -Xclang security.insecureAPI.mktemp -Xclang -analyzer-disable-checker -Xclang security.insecureAPI.rand -Xclang -analyzer-disable-checker -Xclang security.insecureAPI.strcpy -Xclang -analyzer-checker -Xclang security.insecureAPI.vfork -iquote /Users/oikhlas/Library/Developer/Xcode/DerivedData/WebDriverAgent-bcmeffsllcldukgyoimwiehwhvyz/Build/Intermediates.noindex/WebDriverAgent.build/Debug-iphonesimulator/WebDriverAgentLib.build/WebDriverAgentLib-generated-files.hmap -I/Users/oikhlas/Library/Developer/Xcode/DerivedData/WebDriverAgent-bcmeffsllcldukgyoimwiehwhvyz/Build/Intermediates.noindex/WebDriverAgent.build/Debug-iphonesimulator/WebDriverAgentLib.build/WebDriverAgentLib-own-target-headers.hmap -I/Users/oikhlas/Library/Developer/Xcode/DerivedData/WebDriverAgent-bcmeffsllcldukgyoimwiehwhvyz/Build/Intermediates.noindex/WebDriverAgent.build/Debug-iphonesimulator/WebDriverAgentLib.build/WebDriverAgentLib-all-target-headers.hmap -iquote /Users/oikhlas/Library/Developer/Xcode/DerivedData/WebDriverAgent-bcmeffsllcldukgyoimwiehwhvyz/Build/Intermediates.noindex/WebDriverAgent.build/Debug-iphonesimulator/WebDriverAgentLib.build/WebDriverAgentLib-project-headers.hmap -I/Users/oikhlas/Library/Developer/Xcode/DerivedData/WebDriverAgent-bcmeffsllcldukgyoimwiehwhvyz/Build/Products/Debug-iphonesimulator/include -I/Applications/Xcode.app/Contents/Developer/Platforms/iPhoneSimulator.platform/Developer/SDKs/iPhoneSimulator16.0.sdk/usr/include/libxml2 -I/Users/oikhlas/.appium/node_modules/appium-xcuitest-driver/node_modules/appium-webdriveragent/Modules -I/Users/oikhlas/Library/Developer/Xcode/DerivedData/WebDriverAgent-bcmeffsllcldukgyoimwiehwhvyz/Build/Intermediates.noindex/WebDriverAgent.build/Debug-iphonesimulator/WebDriverAgentLib.build/DerivedSources-normal/x86_64 -I/Users/oikhlas/Library/Developer/Xcode/DerivedData/WebDriverAgent-bcmeffsllcldukgyoimwiehwhvyz/Build/Intermediates.noindex/WebDriverAgent.build/Debug-iphonesimulator/WebDriverAgentLib.build/DerivedSources/x86_64 -I/Users/oikhlas/Library/Developer/Xcode/DerivedData/WebDriverAgent-bcmeffsllcldukgyoimwiehwhvyz/Build/Intermediates.noindex/WebDriverAgent.build/Debug-iphonesimulator/WebDriverAgentLib.build/DerivedSources -Weverything -Wno-objc-missing-property-synthesis -Wno-unused-macros -Wno-disabled-macro-expansion -Wno-gnu-statement-expression -Wno-language-extension-token -Wno-overriding-method-mismatch -Wno-missing-variable-declarations -Rno-module-build -Wno-auto-import -Wno-objc-interface-ivars -Wno-documentation-unknown-command -Wno-reserved-id-macro -Wno-unused-parameter -Wno-gnu-conditional-omitted-operand -Wno-explicit-ownership-type -Wno-date-time -Wno-cast-align -Wno-cstring-format-directive -Wno-double-promotion -Wno-partial-availability -Weverything -Wno-objc-missing-property-synthesis -Wno-unused-macros -Wno-disabled-macro-expansion -Wno-gnu-statement-expression -Wno-language-extension-token -Wno-overriding-method-mismatch -Wno-missing-variable-declarations -Rno-module-build -Wno-auto-import -Wno-objc-interface-ivars -Wno-documentation-unknown-command -Wno-reserved-id-macro -Wno-unused-parameter -Wno-gnu-conditional-omitted-operand -Wno-explicit-ownership-type -Wno-date-time -Wno-cast-align -Wno-cstring-format-directive -Wno-double-promotion -Wno-partial-availability -Wno-objc-messaging-id -Wno-direct-ivar-access -Wno-cast-qual -Wno-declaration-after-statement -F/Users/oikhlas/Library/Developer/Xcode/DerivedData/WebDriverAgent-bcmeffsllcldukgyoimwiehwhvyz/Build/Products/Debug-iphonesimulator -F/Applications/Xcode.app/Contents/Developer/Platforms/iPhoneSimulator.platform/Developer/Library/Frameworks -F/Applications/Xcode.app/Contents/Developer/Platforms/iPhoneSimulator.platform/Developer/Library/PrivateFrameworks -iframework /Applications/Xcode.app/Contents/Developer/Platforms/iPhoneSimulator.platform/Developer/SDKs/iPhoneSimulator16.0.sdk/Developer/Library/Frameworks -MMD -MT dependencies -MF /Users/oikhlas/Library/Developer/Xcode/DerivedData/WebDriverAgent-bcmeffsllcldukgyoimwiehwhvyz/Build/Intermediates.noindex/WebDriverAgent.build/Debug-iphonesimulator/WebDriverAgentLib.build/StaticAnalyzer/WebDriverAgent/WebDriverAgentLib/normal/x86_64/HTTPConnection.d --analyze /Users/oikhlas/.appium/node_modules/appium-xcuitest-driver/node_modules/appium-webdriveragent/WebDriverAgentLib/Vendor/CocoaHTTPServer/HTTPConnection.m -o /Users/oikhlas/Library/Developer/Xcode/DerivedData/WebDriverAgent-bcmeffsllcldukgyoimwiehwhvyz/Build/Intermediates.noindex/WebDriverAgent.build/Debug-iphonesimulator/WebDriverAgentLib.build/StaticAnalyzer/WebDriverAgent/WebDriverAgentLib/normal/x86_64/HTTPConnection.plist
&amp#27;[38;5;173m[Xcode]&amp#27;[0m 
&amp#27;[38;5;173m[Xcode]&amp#27;[0m 
&amp#27;[38;5;173m[Xcode]&amp#27;[0m Analyze /Users/oikhlas/.appium/node_modules/appium-xcuitest-driver/node_modules/appium-webdriveragent/WebDriverAgentLib/Vendor/CocoaHTTPServer/Categories/DDRange.m normal x86_64 (in target 'WebDriverAgentLib' from project 'WebDriverAgent')
&amp#27;[38;5;173m[Xcode]&amp#27;[0m     cd /Users/oikhlas/.appium/node_modules/appium-xcuitest-driver/node_modules/appium-webdriveragent
&amp#27;[38;5;173m[Xcode]&amp#27;[0m     /Applications/Xcode.app/Contents/Developer/Toolchains/XcodeDefault.xctoolchain/usr/bin/clang -x objective-c -target x86_64-apple-ios16.0-simulator -fmessage-length\=0 -fdiagnostics-show-note-include-stack -fmacro-backtrace-limit\=0 -std\=gnu99 -fobjc-arc -fmodules -gmodules -fmodules-cache-path\=/Users/oikhlas/Library/Developer/Xcode/DerivedData/ModuleCache.noindex -fmodules-prune-interval\=86400 -fmodules-prune-after\=345600 -fbuild-session-file\=/Users/oikhlas/Library/Developer/Xcode/DerivedData/ModuleCache.noindex/Session.modulevalidation -fmodules-validate-once-per-build-session -Wno-trigraphs -fpascal-strings -O0 -fno-common -Wmissing-field-initializers -Wno-missing-prototypes -Werror\=return-type -Wunreachable-code -Wquoted-include-in-framework-header -Wno-implicit-atomic-properties -Werror\=deprecated-objc-isa-usage -Wno-objc-interface-ivars -Werror\=objc-root-class -Warc-repeated-use-of-weak -Wno-arc-maybe-repeated-use-of-weak -Wimplicit-retain-self -Wduplicate-method-match -Wno-missing-braces -Wparentheses -Wswitch -Wunused-function -Wno-unused-label -Wunused-parameter -Wunused-variable -Wunused-value -Wempty-body -Wuninitialized -Wconditional-uninitialized -Wno-unknown-pragmas -pedantic -Wshadow -Wno-four-char-constants -Wconversion -Wconstant-conversion -Wint-conversion -Wbool-conversion -Wenum-conversion -Wfloat-conversion -Wnon-literal-null-conversion -Wobjc-literal-conversion -Wassign-enum -Wsign-compare -Wshorten-64-to-32 -Wpointer-sign -Wno-newline-eof -Wno-selector -Wno-strict-selector-match -Wundeclared-selector -Wdeprecated-implementations -Wno-implicit-fallthrough -DDEBUG\=1 -DOBJC_OLD_DISPATCH_PROTOTYPES\=0 -isysroot /Applications/Xcode.app/Contents/Developer/Platforms/iPhoneSimulator.platform/Developer/SDKs/iPhoneSimulator16.0.sdk -fasm-blocks -fstrict-aliasing -Wprotocol -Wdeprecated-declarations -g -Wno-sign-conversion -Winfinite-recursion -Wcomma -Wblock-capture-autoreleasing -Wstrict-prototypes -Wno-semicolon-before-method-body -fobjc-abi-version\=2 -fobjc-legacy-dispatch -D__clang_analyzer__ -Xclang -analyzer-output\=plist-multi-file -Xclang -analyzer-config -Xclang path-diagnostics-alternate\=true -Xclang -analyzer-config -Xclang report-in-main-source-file\=true -Xclang -analyzer-checker -Xclang optin.osx.cocoa.localizability.NonLocalizedStringChecker -Xclang -analyzer-checker -Xclang security.insecureAPI.UncheckedReturn -Xclang -analyzer-checker -Xclang security.insecureAPI.getpw -Xclang -analyzer-checker -Xclang security.insecureAPI.gets -Xclang -analyzer-checker -Xclang security.insecureAPI.mkstemp -Xclang -analyzer-checker -Xclang security.insecureAPI.mktemp -Xclang -analyzer-disable-checker -Xclang security.insecureAPI.rand -Xclang -analyzer-disable-checker -Xclang security.insecureAPI.strcpy -Xclang -analyzer-checker -Xclang security.insecureAPI.vfork -iquote /Users/oikhlas/Library/Developer/Xcode/DerivedData/WebDriverAgent-bcmeffsllcldukgyoimwiehwhvyz/Build/Intermediates.noindex/WebDriverAgent.build/Debug-iphonesimulator/WebDriverAgentLib.build/WebDriverAgentLib-generated-files.hmap -I/Users/oikhlas/Library/Developer/Xcode/DerivedData/WebDriverAgent-bcmeffsllcldukgyoimwiehwhvyz/Build/Intermediates.noindex/WebDriverAgent.build/Debug-iphonesimulator/WebDriverAgentLib.build/WebDriverAgentLib-own-target-headers.hmap -I/Users/oikhlas/Library/Developer/Xcode/DerivedData/WebDriverAgent-bcmeffsllcldukgyoimwiehwhvyz/Build/Intermediates.noindex/WebDriverAgent.build/Debug-iphonesimulator/WebDriverAgentLib.build/WebDriverAgentLib-all-target-headers.hmap -iquote /Users/oikhlas/Library/Developer/Xcode/DerivedData/WebDriverAgent-bcmeffsllcldukgyoimwiehwhvyz/Build/Intermediates.noindex/WebDriverAgent.build/Debug-iphonesimulator/WebDriverAgentLib.build/WebDriverAgentLib-project-headers.hmap -I/Users/oikhlas/Library/Developer/Xcode/DerivedData/WebDriverAgent-bcmeffsllcldukgyoimwiehwhvyz/Build/Products/Debug-iphonesimulator/include -I/Applications/Xcode.app/Contents/Developer/Platforms/iPhoneSimulator.platform/Developer/SDKs/iPhoneSimulator16.0.sdk/usr/include/libxml2 -I/Users/oikhlas/.appium/node_modules/appium-xcuitest-driver/node_modules/appium-webdriveragent/Modules -I/Users/oikhlas/Library/Developer/Xcode/DerivedData/WebDriverAgent-bcmeffsllcldukgyoimwiehwhvyz/Build/Intermediates.noindex/WebDriverAgent.build/Debug-iphonesimulator/WebDriverAgentLib.build/DerivedSources-normal/x86_64 -I/Users/oikhlas/Library/Developer/Xcode/DerivedData/WebDriverAgent-bcmeffsllcldukgyoimwiehwhvyz/Build/Intermediates.noindex/WebDriverAgent.build/Debug-iphonesimulator/WebDriverAgentLib.build/DerivedSources/x86_64 -I/Users/oikhlas/Library/Developer/Xcode/DerivedData/WebDriverAgent-bcmeffsllcldukgyoimwiehwhvyz/Build/Intermediates.noindex/WebDriverAgent.build/Debug-iphonesimulator/WebDriverAgentLib.build/DerivedSources -Weverything -Wno-objc-missing-property-synthesis -Wno-unused-macros -Wno-disabled-macro-expansion -Wno-gnu-statement-expression -Wno-language-extension-token -Wno-overriding-method-mismatch -Wno-missing-variable-declarations -Rno-module-build -Wno-auto-import -Wno-objc-interface-ivars -Wno-documentation-unknown-command -Wno-reserved-id-macro -Wno-unused-parameter -Wno-gnu-conditional-omitted-operand -Wno-explicit-ownership-type -Wno-date-time -Wno-cast-align -Wno-cstring-format-directive -Wno-double-promotion -Wno-partial-availability -Weverything -Wno-objc-missing-property-synthesis -Wno-unused-macros -Wno-disabled-macro-expansion -Wno-gnu-statement-expression -Wno-language-extension-token -Wno-overriding-method-mismatch -Wno-missing-variable-declarations -Rno-module-build -Wno-auto-import -Wno-objc-interface-ivars -Wno-documentation-unknown-command -Wno-reserved-id-macro -Wno-unused-parameter -Wno-gnu-conditional-omitted-operand -Wno-explicit-ownership-type -Wno-date-time -Wno-cast-align -Wno-cstring-format-directive -Wno-double-promotion -Wno-partial-availability -Wno-objc-messaging-id -Wno-direct-ivar-access -Wno-cast-qual -Wno-declaration-after-statement -F/Users/oikhlas/Library/Developer/Xcode/DerivedData/WebDriverAgent-bcmeffsllcldukgyoimwiehwhvyz/Build/Products/Debug-iphonesimulator -F/Applications/Xcode.app/Contents/Developer/Platforms/iPhoneSimulator.platform/Developer/Library/Frameworks -F/Applications/Xcode.app/Contents/Developer/Platforms/iPhoneSimulator.platform/Developer/Library/PrivateFrameworks -iframework /Applications/Xcode.app/Contents/Developer/Platforms/iPhoneSimulator.platform/Developer/SDKs/iPhoneSimulator16.0.sdk/Developer/Library/Frameworks -MMD -MT dependencies -MF /Users/oikhlas/Library/Developer/Xcode/DerivedData/WebDriverAgent-bcmeffsllcldukgyoimwiehwhvyz/Build/Intermediates.noindex/WebDriverAgent.build/Debug-iphonesimulator/WebDriverAgentLib.build/StaticAnalyzer/WebDriverAgent/WebDriverAgentLib/normal/x86_64/DDRange.d --analyze /Users/oikhlas/.appium/node_modules/appium-xcuitest-driver/node_modules/appium-webdriveragent/WebDriverAgentLib/Vendor/CocoaHTTPServer/Categories/DDRange.m -o /Users/oikhlas/Library/Developer/Xcode/DerivedData/WebDriverAgent-bcmeffsllcldukgyoimwiehwhvyz/Build/Intermediates.noindex/WebDriverAgent.build/Debug-iphonesimulator/WebDriverAgentLib.build/StaticAnalyzer/WebDriverAgent/WebDriverAgentLib/normal/x86_64/DDRange.plist
&amp#27;[38;5;173m[Xcode]&amp#27;[0m 
&amp#27;[38;5;173m[Xcode]&amp#27;[0m 
&amp#27;[38;5;173m[Xcode]&amp#27;[0m Analyze /Users/oikhlas/.appium/node_modules/appium-xcuitest-driver/node_modules/appium-webdriveragent/WebDriverAgentLib/Vendor/CocoaHTTPServer/Categories/DDNumber.m normal x86_64 (in target 'WebDriverAgentLib' from project 'WebDriverAgent')
&amp#27;[38;5;173m[Xcode]&amp#27;[0m     cd /Users/oikhlas/.appium/node_modules/appium-xcuitest-driver/node_modules/appium-webdriveragent
&amp#27;[38;5;173m[Xcode]&amp#27;[0m     /Applications/Xcode.app/Contents/Developer/Toolchains/XcodeDefault.xctoolchain/usr/bin/clang -x objective-c -target x86_64-apple-ios16.0-simulator -fmessage-length\=0 -fdiagnostics-show-note-include-stack -fmacro-backtrace-limit\=0 -std\=gnu99 -fobjc-arc -fmodules -gmodules -fmodules-cache-path\=/Users/oikhlas/Library/Developer/Xcode/DerivedData/ModuleCache.noindex -fmodules-prune-interval\=86400 -fmodules-prune-after\=345600 -fbuild-session-file\=/Users/oikhlas/Library/Developer/Xcode/DerivedData/ModuleCache.noindex/Session.modulevalidation -fmodules-validate-once-per-build-session -Wno-trigraphs -fpascal-strings -O0 -fno-common -Wmissing-field-initializers -Wno-missing-prototypes -Werror\=return-type -Wunreachable-code -Wquoted-include-in-framework-header -Wno-implicit-atomic-properties -Werror\=deprecated-objc-isa-usage -Wno-objc-interface-ivars -Werror\=objc-root-class -Warc-repeated-use-of-weak -Wno-arc-maybe-repeated-use-of-weak -Wimplicit-retain-self -Wduplicate-method-match -Wno-missing-braces -Wparentheses -Wswitch -Wunused-function -Wno-unused-label -Wunused-parameter -Wunused-variable -Wunused-value -Wempty-body -Wuninitialized -Wconditional-uninitialized -Wno-unknown-pragmas -pedantic -Wshadow -Wno-four-char-constants -Wconversion -Wconstant-conversion -Wint-conversion -Wbool-conversion -Wenum-conversion -Wfloat-conversion -Wnon-literal-null-conversion -Wobjc-literal-conversion -Wassign-enum -Wsign-compare -Wshorten-64-to-32 -Wpointer-sign -Wno-newline-eof -Wno-selector -Wno-strict-selector-match -Wundeclared-selector -Wdeprecated-implementations -Wno-implicit-fallthrough -DDEBUG\=1 -DOBJC_OLD_DISPATCH_PROTOTYPES\=0 -isysroot /Applications/Xcode.app/Contents/Developer/Platforms/iPhoneSimulator.platform/Developer/SDKs/iPhoneSimulator16.0.sdk -fasm-blocks -fstrict-aliasing -Wprotocol -Wdeprecated-declarations -g -Wno-sign-conversion -Winfinite-recursion -Wcomma -Wblock-capture-autoreleasing -Wstrict-prototypes -Wno-semicolon-before-method-body -fobjc-abi-version\=2 -fobjc-legacy-dispatch -D__clang_analyzer__ -Xclang -analyzer-output\=plist-multi-file -Xclang -analyzer-config -Xclang path-diagnostics-alternate\=true -Xclang -analyzer-config -Xclang report-in-main-source-file\=true -Xclang -analyzer-checker -Xclang optin.osx.cocoa.localizability.NonLocalizedStringChecker -Xclang -analyzer-checker -Xclang security.insecureAPI.UncheckedReturn -Xclang -analyzer-checker -Xclang security.insecureAPI.getpw -Xclang -analyzer-checker -Xclang security.insecureAPI.gets -Xclang -analyzer-checker -Xclang security.insecureAPI.mkstemp -Xclang -analyzer-checker -Xclang security.insecureAPI.mktemp -Xclang -analyzer-disable-checker -Xclang security.insecureAPI.rand -Xclang -analyzer-disable-checker -Xclang security.insecureAPI.strcpy -Xclang -analyzer-checker -Xclang security.insecureAPI.vfork -iquote /Users/oikhlas/Library/Developer/Xcode/DerivedData/WebDriverAgent-bcmeffsllcldukgyoimwiehwhvyz/Build/Intermediates.noindex/WebDriverAgent.build/Debug-iphonesimulator/WebDriverAgentLib.build/WebDriverAgentLib-generated-files.hmap -I/Users/oikhlas/Library/Developer/Xcode/DerivedData/WebDriverAgent-bcmeffsllcldukgyoimwiehwhvyz/Build/Intermediates.noindex/WebDriverAgent.build/Debug-iphonesimulator/WebDriverAgentLib.build/WebDriverAgentLib-own-target-headers.hmap -I/Users/oikhlas/Library/Developer/Xcode/DerivedData/WebDriverAgent-bcmeffsllcldukgyoimwiehwhvyz/Build/Intermediates.noindex/WebDriverAgent.build/Debug-iphonesimulator/WebDriverAgentLib.build/WebDriverAgentLib-all-target-headers.hmap -iquote /Users/oikhlas/Library/Developer/Xcode/DerivedData/WebDriverAgent-bcmeffsllcldukgyoimwiehwhvyz/Build/Intermediates.noindex/WebDriverAgent.build/Debug-iphonesimulator/WebDriverAgentLib.build/WebDriverAgentLib-project-headers.hmap -I/Users/oikhlas/Library/Developer/Xcode/DerivedData/WebDriverAgent-bcmeffsllcldukgyoimwiehwhvyz/Build/Products/Debug-iphonesimulator/include -I/Applications/Xcode.app/Contents/Developer/Platforms/iPhoneSimulator.platform/Developer/SDKs/iPhoneSimulator16.0.sdk/usr/include/libxml2 -I/Users/oikhlas/.appium/node_modules/appium-xcuitest-driver/node_modules/appium-webdriveragent/Modules -I/Users/oikhlas/Library/Developer/Xcode/DerivedData/WebDriverAgent-bcmeffsllcldukgyoimwiehwhvyz/Build/Intermediates.noindex/WebDriverAgent.build/Debug-iphonesimulator/WebDriverAgentLib.build/DerivedSources-normal/x86_64 -I/Users/oikhlas/Library/Developer/Xcode/DerivedData/WebDriverAgent-bcmeffsllcldukgyoimwiehwhvyz/Build/Intermediates.noindex/WebDriverAgent.build/Debug-iphonesimulator/WebDriverAgentLib.build/DerivedSources/x86_64 -I/Users/oikhlas/Library/Developer/Xcode/DerivedData/WebDriverAgent-bcmeffsllcldukgyoimwiehwhvyz/Build/Intermediates.noindex/WebDriverAgent.build/Debug-iphonesimulator/WebDriverAgentLib.build/DerivedSources -Weverything -Wno-objc-missing-property-synthesis -Wno-unused-macros -Wno-disabled-macro-expansion -Wno-gnu-statement-expression -Wno-language-extension-token -Wno-overriding-method-mismatch -Wno-missing-variable-declarations -Rno-module-build -Wno-auto-import -Wno-objc-interface-ivars -Wno-documentation-unknown-command -Wno-reserved-id-macro -Wno-unused-parameter -Wno-gnu-conditional-omitted-operand -Wno-explicit-ownership-type -Wno-date-time -Wno-cast-align -Wno-cstring-format-directive -Wno-double-promotion -Wno-partial-availability -Weverything -Wno-objc-missing-property-synthesis -Wno-unused-macros -Wno-disabled-macro-expansion -Wno-gnu-statement-expression -Wno-language-extension-token -Wno-overriding-method-mismatch -Wno-missing-variable-declarations -Rno-module-build -Wno-auto-import -Wno-objc-interface-ivars -Wno-documentation-unknown-command -Wno-reserved-id-macro -Wno-unused-parameter -Wno-gnu-conditional-omitted-operand -Wno-explicit-ownership-type -Wno-date-time -Wno-cast-align -Wno-cstring-format-directive -Wno-double-promotion -Wno-partial-availability -Wno-objc-messaging-id -Wno-direct-ivar-access -Wno-cast-qual -Wno-declaration-after-statement -F/Users/oikhlas/Library/Developer/Xcode/DerivedData/WebDriverAgent-bcmeffsllcldukgyoimwiehwhvyz/Build/Products/Debug-iphonesimulator -F/Applications/Xcode.app/Contents/Developer/Platforms/iPhoneSimulator.platform/Developer/Library/Frameworks -F/Applications/Xcode.app/Contents/Developer/Platforms/iPhoneSimulator.platform/Developer/Library/PrivateFrameworks -iframework /Applications/Xcode.app/Contents/Developer/Platforms/iPhoneSimulator.platform/Developer/SDKs/iPhoneSimulator16.0.sdk/Developer/Library/Frameworks -MMD -MT dependencies -MF /Users/oikhlas/Library/Developer/Xcode/DerivedData/WebDriverAgent-bcmeffsllcldukgyoimwiehwhvyz/Build/Intermediates.noindex/WebDriverAgent.build/Debug-iphonesimulator/WebDriverAgentLib.build/StaticAnalyzer/WebDriverAgent/WebDriverAgentLib/normal/x86_64/DDNumber.d --analyze /Users/oikhlas/.appium/node_modules/appium-xcuitest-driver/node_modules/appium-webdriveragent/WebDriverAgentLib/Vendor/CocoaHTTPServer/Categories/DDNumber.m -o /Users/oikhlas/Library/Developer/Xcode/DerivedData/WebDriverAgent-bcmeffsllcldukgyoimwiehwhvyz/Build/Intermediates.noindex/WebDriverAgent.build/Debug-iphonesimulator/WebDriverAgentLib.build/StaticAnalyzer/WebDriverAgent/WebDriverAgentLib/normal/x86_64/DDNumber.plist
&amp#27;[38;5;173m[Xcode]&amp#27;[0m 
&amp#27;[38;5;173m[Xcode]&amp#27;[0m 
&amp#27;[38;5;173m[Xcode]&amp#27;[0m Analyze /Users/oikhlas/.appium/node_modules/appium-xcuitest-driver/node_modules/appium-webdriveragent/WebDriverAgentLib/Vendor/CocoaAsyncSocket/GCDAsyncUdpSocket.m normal x86_64 (in target 'WebDriverAgentLib' from project 'WebDriverAgent')
&amp#27;[38;5;173m[Xcode]&amp#27;[0m     cd /Users/oikhlas/.appium/node_modules/appium-xcuitest-driver/node_modules/appium-webdriveragent
&amp#27;[38;5;173m[Xcode]&amp#27;[0m     /Applications/Xcode.app/Contents/Developer/Toolchains/XcodeDefault.xctoolchain/usr/bin/clang -x objective-c -target x86_64-apple-ios16.0-simulator -fmessage-length\=0 -fdiagnostics-show-note-include-stack -fmacro-backtrace-limit\=0 -std\=gnu99 -fobjc-arc -fmodules -gmodules -fmodules-cache-path\=/Users/oikhlas/Library/Developer/Xcode/DerivedData/ModuleCache.noindex -fmodules-prune-interval\=86400 -fmodules-prune-after\=345600 -fbuild-session-file\=/Users/oikhlas/Library/Developer/Xcode/DerivedData/ModuleCache.noindex/Session.modulevalidation -fmodules-validate-once-per-build-session -Wno-trigraphs -fpascal-strings -O0 -fno-common -Wmissing-field-initializers -Wno-missing-prototypes -Werror\=return-type -Wunreachable-code -Wquoted-include-in-framework-header -Wno-implicit-atomic-properties -Werror\=deprecated-objc-isa-usage -Wno-objc-interface-ivars -Werror\=objc-root-class -Warc-repeated-use-of-weak -Wno-arc-maybe-repeated-use-of-weak -Wimplicit-retain-self -Wduplicate-method-match -Wno-missing-braces -Wparentheses -Wswitch -Wunused-function -Wno-unused-label -Wunused-parameter -Wunused-variable -Wunused-value -Wempty-body -Wuninitialized -Wconditional-uninitialized -Wno-unknown-pragmas -pedantic -Wshadow -Wno-four-char-constants -Wconversion -Wconstant-conversion -Wint-conversion -Wbool-conversion -Wenum-conversion -Wfloat-conversion -Wnon-literal-null-conversion -Wobjc-literal-conversion -Wassign-enum -Wsign-compare -Wshorten-64-to-32 -Wpointer-sign -Wno-newline-eof -Wno-selector -Wno-strict-selector-match -Wundeclared-selector -Wdeprecated-implementations -Wno-implicit-fallthrough -DDEBUG\=1 -DOBJC_OLD_DISPATCH_PROTOTYPES\=0 -isysroot /Applications/Xcode.app/Contents/Developer/Platforms/iPhoneSimulator.platform/Developer/SDKs/iPhoneSimulator16.0.sdk -fasm-blocks -fstrict-aliasing -Wprotocol -Wdeprecated-declarations -g -Wno-sign-conversion -Winfinite-recursion -Wcomma -Wblock-capture-autoreleasing -Wstrict-prototypes -Wno-semicolon-before-method-body -fobjc-abi-version\=2 -fobjc-legacy-dispatch -D__clang_analyzer__ -Xclang -analyzer-output\=plist-multi-file -Xclang -analyzer-config -Xclang path-diagnostics-alternate\=true -Xclang -analyzer-config -Xclang report-in-main-source-file\=true -Xclang -analyzer-checker -Xclang optin.osx.cocoa.localizability.NonLocalizedStringChecker -Xclang -analyzer-checker -Xclang security.insecureAPI.UncheckedReturn -Xclang -analyzer-checker -Xclang security.insecureAPI.getpw -Xclang -analyzer-checker -Xclang security.insecureAPI.gets -Xclang -analyzer-checker -Xclang security.insecureAPI.mkstemp -Xclang -analyzer-checker -Xclang security.insecureAPI.mktemp -Xclang -analyzer-disable-checker -Xclang security.insecureAPI.rand -Xclang -analyzer-disable-checker -Xclang security.insecureAPI.strcpy -Xclang -analyzer-checker -Xclang security.insecureAPI.vfork -iquote /Users/oikhlas/Library/Developer/Xcode/DerivedData/WebDriverAgent-bcmeffsllcldukgyoimwiehwhvyz/Build/Intermediates.noindex/WebDriverAgent.build/Debug-iphonesimulator/WebDriverAgentLib.build/WebDriverAgentLib-generated-files.hmap -I/Users/oikhlas/Library/Developer/Xcode/DerivedData/WebDriverAgent-bcmeffsllcldukgyoimwiehwhvyz/Build/Intermediates.noindex/WebDriverAgent.build/Debug-iphonesimulator/WebDriverAgentLib.build/WebDriverAgentLib-own-target-headers.hmap -I/Users/oikhlas/Library/Developer/Xcode/DerivedData/WebDriverAgent-bcmeffsllcldukgyoimwiehwhvyz/Build/Intermediates.noindex/WebDriverAgent.build/Debug-iphonesimulator/WebDriverAgentLib.build/WebDriverAgentLib-all-target-headers.hmap -iquote /Users/oikhlas/Library/Developer/Xcode/DerivedData/WebDriverAgent-bcmeffsllcldukgyoimwiehwhvyz/Build/Intermediates.noindex/WebDriverAgent.build/Debug-iphonesimulator/WebDriverAgentLib.build/WebDriverAgentLib-project-headers.hmap -I/Users/oikhlas/Library/Developer/Xcode/DerivedData/WebDriverAgent-bcmeffsllcldukgyoimwiehwhvyz/Build/Products/Debug-iphonesimulator/include -I/Applications/Xcode.app/Contents/Developer/Platforms/iPhoneSimulator.platform/Developer/SDKs/iPhoneSimulator16.0.sdk/usr/include/libxml2 -I/Users/oikhlas/.appium/node_modules/appium-xcuitest-driver/node_modules/appium-webdriveragent/Modules -I/Users/oikhlas/Library/Developer/Xcode/DerivedData/WebDriverAgent-bcmeffsllcldukgyoimwiehwhvyz/Build/Intermediates.noindex/WebDriverAgent.build/Debug-iphonesimulator/WebDriverAgentLib.build/DerivedSources-normal/x86_64 -I/Users/oikhlas/Library/Developer/Xcode/DerivedData/WebDriverAgent-bcmeffsllcldukgyoimwiehwhvyz/Build/Intermediates.noindex/WebDriverAgent.build/Debug-iphonesimulator/WebDriverAgentLib.build/DerivedSources/x86_64 -I/Users/oikhlas/Library/Developer/Xcode/DerivedData/WebDriverAgent-bcmeffsllcldukgyoimwiehwhvyz/Build/Intermediates.noindex/WebDriverAgent.build/Debug-iphonesimulator/WebDriverAgentLib.build/DerivedSources -Weverything -Wno-objc-missing-property-synthesis -Wno-unused-macros -Wno-disabled-macro-expansion -Wno-gnu-statement-expression -Wno-language-extension-token -Wno-overriding-method-mismatch -Wno-missing-variable-declarations -Rno-module-build -Wno-auto-import -Wno-objc-interface-ivars -Wno-documentation-unknown-command -Wno-reserved-id-macro -Wno-unused-parameter -Wno-gnu-conditional-omitted-operand -Wno-explicit-ownership-type -Wno-date-time -Wno-cast-align -Wno-cstring-format-directive -Wno-double-promotion -Wno-partial-availability -Weverything -Wno-objc-missing-property-synthesis -Wno-unused-macros -Wno-disabled-macro-expansion -Wno-gnu-statement-expression -Wno-language-extension-token -Wno-overriding-method-mismatch -Wno-missing-variable-declarations -Rno-module-build -Wno-auto-import -Wno-objc-interface-ivars -Wno-documentation-unknown-command -Wno-reserved-id-macro -Wno-unused-parameter -Wno-gnu-conditional-omitted-operand -Wno-explicit-ownership-type -Wno-date-time -Wno-cast-align -Wno-cstring-format-directive -Wno-double-promotion -Wno-partial-availability -Wno-objc-messaging-id -Wno-direct-ivar-access -Wno-cast-qual -Wno-declaration-after-statement -F/Users/oikhlas/Library/Developer/Xcode/DerivedData/WebDriverAgent-bcmeffsllcldukgyoimwiehwhvyz/Build/Products/Debug-iphonesimulator -F/Applications/Xcode.app/Contents/Developer/Platforms/iPhoneSimulator.platform/Developer/Library/Frameworks -F/Applications/Xcode.app/Contents/Developer/Platforms/iPhoneSimulator.platform/Developer/Library/PrivateFrameworks -iframework /Applications/Xcode.app/Contents/Developer/Platforms/iPhoneSimulator.platform/Developer/SDKs/iPhoneSimulator16.0.sdk/Developer/Library/Frameworks -MMD -MT dependencies -MF /Users/oikhlas/Library/Developer/Xcode/DerivedData/WebDriverAgent-bcmeffsllcldukgyoimwiehwhvyz/Build/Intermediates.noindex/WebDriverAgent.build/Debug-iphonesimulator/WebDriverAgentLib.build/StaticAnalyzer/WebDriverAgent/WebDriverAgentLib/normal/x86_64/GCDAsyncUdpSocket.d --analyze /Users/oikhlas/.appium/node_modules/appium-xcuitest-driver/node_modules/appium-webdriveragent/WebDriverAgentLib/Vendor/CocoaAsyncSocket/GCDAsyncUdpSocket.m -o /Users/oikhlas/Library/Developer/Xcode/DerivedData/WebDriverAgent-bcmeffsllcldukgyoimwiehwhvyz/Build/Intermediates.noindex/WebDriverAgent.build/Debug-iphonesimulator/WebDriverAgentLib.build/StaticAnalyzer/WebDriverAgent/WebDriverAgentLib/normal/x86_64/GCDAsyncUdpSocket.plist
&amp#27;[38;5;173m[Xcode]&amp#27;[0m 
&amp#27;[38;5;-42m[XCUITestDriver@9d32 (dbe4db21)]&amp#27;[0m Matched '/status' to command name 'getStatus'
&amp#27;[38;5;-42m[XCUITestDriver@9d32 (dbe4db21)]&amp#27;[0m Proxying [GET /status] to [GET http://127.0.0.1:8100/status] with no body
&amp#27;[38;5;-42m[XCUITestDriver@9d32 (dbe4db21)]&amp#27;[0m connect ECONNREFUSED 127.0.0.1:8100
&amp#27;[38;5;-42m[XCUITestDriver@9d32 (dbe4db21)]&amp#27;[0m Matched '/status' to command name 'getStatus'
&amp#27;[38;5;-42m[XCUITestDriver@9d32 (dbe4db21)]&amp#27;[0m Proxying [GET /status] to [GET http://127.0.0.1:8100/status] with no body
&amp#27;[38;5;-42m[XCUITestDriver@9d32 (dbe4db21)]&amp#27;[0m connect ECONNREFUSED 127.0.0.1:8100
&amp#27;[38;5;-42m[XCUITestDriver@9d32 (dbe4db21)]&amp#27;[0m Matched '/status' to command name 'getStatus'
&amp#27;[38;5;-42m[XCUITestDriver@9d32 (dbe4db21)]&amp#27;[0m Proxying [GET /status] to [GET http://127.0.0.1:8100/status] with no body
&amp#27;[38;5;-42m[XCUITestDriver@9d32 (dbe4db21)]&amp#27;[0m connect ECONNREFUSED 127.0.0.1:8100
&amp#27;[38;5;-42m[XCUITestDriver@9d32 (dbe4db21)]&amp#27;[0m Matched '/status' to command name 'getStatus'
&amp#27;[38;5;-42m[XCUITestDriver@9d32 (dbe4db21)]&amp#27;[0m Proxying [GET /status] to [GET http://127.0.0.1:8100/status] with no body
&amp#27;[38;5;-42m[XCUITestDriver@9d32 (dbe4db21)]&amp#27;[0m connect ECONNREFUSED 127.0.0.1:8100
&amp#27;[38;5;-42m[XCUITestDriver@9d32 (dbe4db21)]&amp#27;[0m Matched '/status' to command name 'getStatus'
&amp#27;[38;5;-42m[XCUITestDriver@9d32 (dbe4db21)]&amp#27;[0m Proxying [GET /status] to [GET http://127.0.0.1:8100/status] with no body
&amp#27;[38;5;-42m[XCUITestDriver@9d32 (dbe4db21)]&amp#27;[0m connect ECONNREFUSED 127.0.0.1:8100
&amp#27;[38;5;-42m[XCUITestDriver@9d32 (dbe4db21)]&amp#27;[0m Matched '/status' to command name 'getStatus'
&amp#27;[38;5;-42m[XCUITestDriver@9d32 (dbe4db21)]&amp#27;[0m Proxying [GET /status] to [GET http://127.0.0.1:8100/status] with no body
&amp#27;[38;5;-42m[XCUITestDriver@9d32 (dbe4db21)]&amp#27;[0m connect ECONNREFUSED 127.0.0.1:8100
&amp#27;[38;5;-42m[XCUITestDriver@9d32 (dbe4db21)]&amp#27;[0m Matched '/status' to command name 'getStatus'
&amp#27;[38;5;-42m[XCUITestDriver@9d32 (dbe4db21)]&amp#27;[0m Proxying [GET /status] to [GET http://127.0.0.1:8100/status] with no body
&amp#27;[38;5;-42m[XCUITestDriver@9d32 (dbe4db21)]&amp#27;[0m connect ECONNREFUSED 127.0.0.1:8100
&amp#27;[38;5;-42m[XCUITestDriver@9d32 (dbe4db21)]&amp#27;[0m Matched '/status' to command name 'getStatus'
&amp#27;[38;5;-42m[XCUITestDriver@9d32 (dbe4db21)]&amp#27;[0m Proxying [GET /status] to [GET http://127.0.0.1:8100/status] with no body
&amp#27;[38;5;-42m[XCUITestDriver@9d32 (dbe4db21)]&amp#27;[0m connect ECONNREFUSED 127.0.0.1:8100
&amp#27;[38;5;-42m[XCUITestDriver@9d32 (dbe4db21)]&amp#27;[0m Matched '/status' to command name 'getStatus'
&amp#27;[38;5;-42m[XCUITestDriver@9d32 (dbe4db21)]&amp#27;[0m Proxying [GET /status] to [GET http://127.0.0.1:8100/status] with no body
&amp#27;[38;5;-42m[XCUITestDriver@9d32 (dbe4db21)]&amp#27;[0m connect ECONNREFUSED 127.0.0.1:8100
&amp#27;[38;5;-42m[XCUITestDriver@9d32 (dbe4db21)]&amp#27;[0m Matched '/status' to command name 'getStatus'
&amp#27;[38;5;-42m[XCUITestDriver@9d32 (dbe4db21)]&amp#27;[0m Proxying [GET /status] to [GET http://127.0.0.1:8100/status] with no body
&amp#27;[38;5;-42m[XCUITestDriver@9d32 (dbe4db21)]&amp#27;[0m connect ECONNREFUSED 127.0.0.1:8100
&amp#27;[38;5;-42m[XCUITestDriver@9d32 (dbe4db21)]&amp#27;[0m Matched '/status' to command name 'getStatus'
&amp#27;[38;5;-42m[XCUITestDriver@9d32 (dbe4db21)]&amp#27;[0m Proxying [GET /status] to [GET http://127.0.0.1:8100/status] with no body
&amp#27;[38;5;-42m[XCUITestDriver@9d32 (dbe4db21)]&amp#27;[0m connect ECONNREFUSED 127.0.0.1:8100
&amp#27;[38;5;-42m[XCUITestDriver@9d32 (dbe4db21)]&amp#27;[0m Matched '/status' to command name 'getStatus'
&amp#27;[38;5;-42m[XCUITestDriver@9d32 (dbe4db21)]&amp#27;[0m Proxying [GET /status] to [GET http://127.0.0.1:8100/status] with no body
&amp#27;[38;5;-42m[XCUITestDriver@9d32 (dbe4db21)]&amp#27;[0m connect ECONNREFUSED 127.0.0.1:8100
&amp#27;[38;5;-42m[XCUITestDriver@9d32 (dbe4db21)]&amp#27;[0m Matched '/status' to command name 'getStatus'
&amp#27;[38;5;-42m[XCUITestDriver@9d32 (dbe4db21)]&amp#27;[0m Proxying [GET /status] to [GET http://127.0.0.1:8100/status] with no body
&amp#27;[38;5;-42m[XCUITestDriver@9d32 (dbe4db21)]&amp#27;[0m connect ECONNREFUSED 127.0.0.1:8100
&amp#27;[38;5;-42m[XCUITestDriver@9d32 (dbe4db21)]&amp#27;[0m Matched '/status' to command name 'getStatus'
&amp#27;[38;5;-42m[XCUITestDriver@9d32 (dbe4db21)]&amp#27;[0m Proxying [GET /status] to [GET http://127.0.0.1:8100/status] with no body
&amp#27;[38;5;-42m[XCUITestDriver@9d32 (dbe4db21)]&amp#27;[0m connect ECONNREFUSED 127.0.0.1:8100
&amp#27;[38;5;-42m[XCUITestDriver@9d32 (dbe4db21)]&amp#27;[0m Matched '/status' to command name 'getStatus'
&amp#27;[38;5;-42m[XCUITestDriver@9d32 (dbe4db21)]&amp#27;[0m Proxying [GET /status] to [GET http://127.0.0.1:8100/status] with no body
&amp#27;[38;5;-42m[XCUITestDriver@9d32 (dbe4db21)]&amp#27;[0m connect ECONNREFUSED 127.0.0.1:8100
&amp#27;[38;5;-42m[XCUITestDriver@9d32 (dbe4db21)]&amp#27;[0m Matched '/status' to command name 'getStatus'
&amp#27;[38;5;-42m[XCUITestDriver@9d32 (dbe4db21)]&amp#27;[0m Proxying [GET /status] to [GET http://127.0.0.1:8100/status] with no body
&amp#27;[38;5;-42m[XCUITestDriver@9d32 (dbe4db21)]&amp#27;[0m connect ECONNREFUSED 127.0.0.1:8100
&amp#27;[38;5;-42m[XCUITestDriver@9d32 (dbe4db21)]&amp#27;[0m Matched '/status' to command name 'getStatus'
&amp#27;[38;5;-42m[XCUITestDriver@9d32 (dbe4db21)]&amp#27;[0m Proxying [GET /status] to [GET http://127.0.0.1:8100/status] with no body
&amp#27;[38;5;-42m[XCUITestDriver@9d32 (dbe4db21)]&amp#27;[0m connect ECONNREFUSED 127.0.0.1:8100
&amp#27;[38;5;-42m[XCUITestDriver@9d32 (dbe4db21)]&amp#27;[0m Matched '/status' to command name 'getStatus'
&amp#27;[38;5;-42m[XCUITestDriver@9d32 (dbe4db21)]&amp#27;[0m Proxying [GET /status] to [GET http://127.0.0.1:8100/status] with no body
&amp#27;[38;5;-42m[XCUITestDriver@9d32 (dbe4db21)]&amp#27;[0m connect ECONNREFUSED 127.0.0.1:8100
&amp#27;[38;5;-42m[XCUITestDriver@9d32 (dbe4db21)]&amp#27;[0m Matched '/status' to command name 'getStatus'
&amp#27;[38;5;-42m[XCUITestDriver@9d32 (dbe4db21)]&amp#27;[0m Proxying [GET /status] to [GET http://127.0.0.1:8100/status] with no body
&amp#27;[38;5;-42m[XCUITestDriver@9d32 (dbe4db21)]&amp#27;[0m connect ECONNREFUSED 127.0.0.1:8100
&amp#27;[38;5;-42m[XCUITestDriver@9d32 (dbe4db21)]&amp#27;[0m Matched '/status' to command name 'getStatus'
&amp#27;[38;5;-42m[XCUITestDriver@9d32 (dbe4db21)]&amp#27;[0m Proxying [GET /status] to [GET http://127.0.0.1:8100/status] with no body
&amp#27;[38;5;-42m[XCUITestDriver@9d32 (dbe4db21)]&amp#27;[0m connect ECONNREFUSED 127.0.0.1:8100
&amp#27;[38;5;-42m[XCUITestDriver@9d32 (dbe4db21)]&amp#27;[0m Matched '/status' to command name 'getStatus'
&amp#27;[38;5;-42m[XCUITestDriver@9d32 (dbe4db21)]&amp#27;[0m Proxying [GET /status] to [GET http://127.0.0.1:8100/status] with no body
&amp#27;[38;5;-42m[XCUITestDriver@9d32 (dbe4db21)]&amp#27;[0m connect ECONNREFUSED 127.0.0.1:8100
&amp#27;[38;5;-42m[XCUITestDriver@9d32 (dbe4db21)]&amp#27;[0m Matched '/status' to command name 'getStatus'
&amp#27;[38;5;-42m[XCUITestDriver@9d32 (dbe4db21)]&amp#27;[0m Proxying [GET /status] to [GET http://127.0.0.1:8100/status] with no body
&amp#27;[38;5;-42m[XCUITestDriver@9d32 (dbe4db21)]&amp#27;[0m connect ECONNREFUSED 127.0.0.1:8100
&amp#27;[38;5;-42m[XCUITestDriver@9d32 (dbe4db21)]&amp#27;[0m Error: Unable to connect to running WebDriverAgent: An unknown server-side error occurred while processing the command. Original error: Could not proxy command to the remote server. Original error: connect ECONNREFUSED 127.0.0.1:8100
&amp#27;[38;5;-42m[XCUITestDriver@9d32 (dbe4db21)]&amp#27;[0m     at /Users/oikhlas/.appium/node_modules/appium-xcuitest-driver/node_modules/appium-webdriveragent/lib/xcodebuild.js:393:17
&amp#27;[38;5;-42m[XCUITestDriver@9d32 (dbe4db21)]&amp#27;[0m     at processTicksAndRejections (node:internal/process/task_queues:95:5)
&amp#27;[38;5;-42m[XCUITestDriver@9d32 (dbe4db21)]&amp#27;[0m     at wrapped (/Users/oikhlas/.appium/node_modules/appium-xcuitest-driver/node_modules/appium-webdriveragent/node_modules/asyncbox/lib/asyncbox.js:93:13)
&amp#27;[38;5;-42m[XCUITestDriver@9d32 (dbe4db21)]&amp#27;[0m     at retry (/Users/oikhlas/.appium/node_modules/appium-xcuitest-driver/node_modules/appium-webdriveragent/node_modules/asyncbox/lib/asyncbox.js:66:13)
&amp#27;[38;5;-42m[XCUITestDriver@9d32 (dbe4db21)]&amp#27;[0m     at retryInterval (/Users/oikhlas/.appium/node_modules/appium-xcuitest-driver/node_modules/appium-webdriveragent/node_modules/asyncbox/lib/asyncbox.js:103:10)
&amp#27;[38;5;-42m[XCUITestDriver@9d32 (dbe4db21)]&amp#27;[0m     at XcodeBuild.waitForStart (/Users/oikhlas/.appium/node_modules/appium-xcuitest-driver/node_modules/appium-webdriveragent/lib/xcodebuild.js:377:7)
&amp#27;[38;5;-42m[XCUITestDriver@9d32 (dbe4db21)]&amp#27;[0m     at /Users/oikhlas/.appium/node_modules/appium-xcuitest-driver/node_modules/appium-webdriveragent/lib/xcodebuild.js:359:26
&amp#27;[38;5;-42m[XCUITestDriver@9d32 (dbe4db21)]&amp#27;[0m Unable to start WebDriverAgent: Error: We were not able to retrieve the /status response from the WebDriverAgent server after 20000ms timeout.Try to increase the value of 'appium:wdaLaunchTimeout' capability as a possible workaround.
&amp#27;[38;5;-42m[XCUITestDriver@9d32 (dbe4db21)]&amp#27;[0m Launching WebDriverAgent on the device
&amp#27;[38;5;-42m[XCUITestDriver@9d32 (dbe4db21)]&amp#27;[0m There is no need to perform the project cleanup. A fresh install has been detected
&amp#27;[38;5;21m[WebDriverAgent]&amp#27;[0m Killing running processes 'xcodebuild.*C2352445-7375-47D9-8C26-2C24AE0244BF, C2352445-7375-47D9-8C26-2C24AE0244BF.*XCTRunner, xctest.*C2352445-7375-47D9-8C26-2C24AE0244BF' for the device C2352445-7375-47D9-8C26-2C24AE0244BF...
&amp#27;[38;5;21m[WebDriverAgent]&amp#27;[0m 'pgrep -if C2352445-7375-47D9-8C26-2C24AE0244BF.*XCTRunner' didn't detect any matching processes. Return code: 1
&amp#27;[38;5;21m[WebDriverAgent]&amp#27;[0m 'pgrep -if xctest.*C2352445-7375-47D9-8C26-2C24AE0244BF' didn't detect any matching processes. Return code: 1
&amp#27;[38;5;173m[Xcode]&amp#27;[0m In flight operation:   <DVTOperationGroup: 0x7fe2b6d537c0; state = AREfc>
&amp#27;[38;5;173m[Xcode]&amp#27;[0m      <IDEBuildOperationGroup: 0x7fe2b5f5d330; state = AREfc>
&amp#27;[38;5;173m[Xcode]&amp#27;[0m          <DVTOperationGroup: 0x7fe2b5f60c60; state = AREfc>
&amp#27;[38;5;173m[Xcode]&amp#27;[0m              <IDEXCBuildSupportCore.IDEXCBuildServiceBuildOperation:0x7fe2b5f6c380:AREfc>
&amp#27;[38;5;173m[Xcode]&amp#27;[0m          <DVTOperationGroup: 0x7fe2b5f64150; state = AReFc>
&amp#27;[38;5;173m[Xcode]&amp#27;[0m              <IDESwiftPackageCore.IDESwiftPackagePreambleCompletionOperation: 0x7fe2b5f6ab80; state = aReFc>
&amp#27;[38;5;173m[Xcode]&amp#27;[0m          <DVTOperation: 0x7fe2b5f742a0; state = aReFc>
&amp#27;[38;5;173m[Xcode]&amp#27;[0m          <DVTOperation: 0x7fe2b5f61060; state = aReFc>
&amp#27;[38;5;173m[Xcode]&amp#27;[0m          <DVTOperation: 0x7fe2b5f5df30; state = arefc>
&amp#27;[38;5;173m[Xcode]&amp#27;[0m          <DVTOperation: 0x7fe2b5f675c0; state = arefc>
&amp#27;[38;5;173m[Xcode]&amp#27;[0m      <DVTOperation: 0x7fe2b6d53680; state = arefc>
&amp#27;[38;5;173m[Xcode]&amp#27;[0m <DVTOperationGroup: 0x7fe2b6d537c0; state = AREfc> created at:
&amp#27;[38;5;173m[Xcode]&amp#27;[0m   0   -[DVTOperation init] (in DVTFoundation)
&amp#27;[38;5;173m[Xcode]&amp#27;[0m   1   -[DVTOperationGroup init] (in DVTFoundation)
&amp#27;[38;5;173m[Xcode]&amp#27;[0m   2   +[DVTOperationGroup operationGroupWithSuboperations:] (in DVTFoundation)
&amp#27;[38;5;173m[Xcode]&amp#27;[0m   3   -[IDEScheme _groupAndImposeDependenciesForOrderedOperations:] (in IDEFoundation)
&amp#27;[38;5;173m[Xcode]&amp#27;[0m   4   -[IDEScheme _executionOperationForSchemeOperationParameters:build:onlyBuild:buildParameters:title:buildLog:dontActuallyRunCommands:restorePersistedBuildResults:deviceAvailableChecker:error:actionCallbackBlock:] (in IDEFoundation)
&amp#27;[38;5;173m[Xcode]&amp#27;[0m   5   -[IDEScheme schemeOperationForSchemeOperationParameters:buildLog:overridingProperties:overridingBuildConfiguration:dontActuallyRunCommands:restorePersistedBuildResults:deviceAvailableChecker:error:completionBlock:] (in IDEFoundation)
&amp#27;[38;5;173m[Xcode]&amp#27;[0m   6   -[IDEScheme schemeOperationForSchemeOperationParameters:buildLog:overridingProperties:overridingBuildConfiguration:dontActuallyRunCommands:restorePersistedBuildResults:error:completionBlock:] (in IDEFoundation)
&amp#27;[38;5;173m[Xcode]&amp#27;[0m   7   -[Xcode3CommandLineBuildTool _buildWithTimingSection:] (in Xcode3Core)
&amp#27;[38;5;173m[Xcode]&amp#27;[0m   8   -[Xcode3CommandLineBuildTool run] (in Xcode3Core)
&amp#27;[38;5;173m[Xcode]&amp#27;[0m   9   XcodeBuildMain (in libxcodebuildLoader.dylib)
&amp#27;[38;5;173m[Xcode]&amp#27;[0m  10   start (in dyld)
&amp#27;[38;5;173m[Xcode]&amp#27;[0m 
&amp#27;[38;5;173m[Xcode]&amp#27;[0m <IDEBuildOperationGroup: 0x7fe2b5f5d330; state = AREfc> created at:
&amp#27;[38;5;173m[Xcode]&amp#27;[0m   0   -[DVTOperation init] (in DVTFoundation)
&amp#27;[38;5;173m[Xcode]&amp#27;[0m   1   -[DVTOperationGroup init] (in DVTFoundation)
&amp#27;[38;5;173m[Xcode]&amp#27;[0m   2   -[IDEBuildOperationGroup initWithBuildOperations:otherOperations:buildLog:] (in IDEFoundation)
&amp#27;[38;5;173m[Xcode]&amp#27;[0m   3   -[IDEBuildOperationGroup initWithBuildOperations:buildLog:] (in IDEFoundation)
&amp#27;[38;5;173m[Xcode]&amp#27;[0m   4   -[IDEScheme _buildOperationGroupForSchemeOperationParameters:primaryBuildParameters:variantSpecifiers:buildLog:dontActuallyRunCommands:restorePersistedBuildResults:schemeActionRecord:error:] (in IDEFoundation)
&amp#27;[38;5;173m[Xcode]&amp#27;[0m   5   -[IDEScheme _executionOperationForSchemeOperationParameters:build:onlyBuild:buildParameters:title:buildLog:dontActuallyRunCommands:restorePersistedBuildResults:deviceAvailableChecker:error:actionCallbackBlock:] (in IDEFoundation)
&amp#27;[38;5;173m[Xcode]&amp#27;[0m   6   -[IDEScheme schemeOperationForSchemeOperationParameters:buildLog:overridingProperties:overridingBuildConfiguration:dontActuallyRunCommands:restorePersistedBuildResults:deviceAvailableChecker:error:completionBlock:] (in IDEFoundation)
&amp#27;[38;5;173m[Xcode]&amp#27;[0m   7   -[IDEScheme schemeOperationForSchemeOperationParameters:buildLog:overridingProperties:overridingBuildConfiguration:dontActuallyRunCommands:restorePersistedBuildResults:error:completionBlock:] (in IDEFoundation)
&amp#27;[38;5;173m[Xcode]&amp#27;[0m   8   -[Xcode3CommandLineBuildTool _buildWithTimingSection:] (in Xcode3Core)
&amp#27;[38;5;173m[Xcode]&amp#27;[0m   9   -[Xcode3CommandLineBuildTool run] (in Xcode3Core)
&amp#27;[38;5;173m[Xcode]&amp#27;[0m  10   XcodeBuildMain (in libxcodebuildLoader.dylib)
&amp#27;[38;5;173m[Xcode]&amp#27;[0m  11   start (in dyld)
&amp#27;[38;5;173m[Xcode]&amp#27;[0m 
&amp#27;[38;5;173m[Xcode]&amp#27;[0m <DVTOperationGroup: 0x7fe2b5f60c60; state = AREfc> created at:
&amp#27;[38;5;173m[Xcode]&amp#27;[0m   0   -[DVTOperation init] (in DVTFoundation)
&amp#27;[38;5;173m[Xcode]&amp#27;[0m   1   -[DVTOperationGroup init] (in DVTFoundation)
&amp#27;[38;5;173m[Xcode]&amp#27;[0m   2   +[DVTOperationGroup operationGroupWithSuboperations:] (in DVTFoundation)
&amp#27;[38;5;173m[Xcode]&amp#27;[0m   3   -[IDEBuildOperationGroup initWithBuildOperations:otherOperations:buildLog:] (in IDEFoundation)
&amp#27;[38;5;173m[Xcode]&amp#27;[0m   4   -[IDEBuildOperationGroup initWithBuildOperations:buildLog:] (in IDEFoundation)
&amp#27;[38;5;173m[Xcode]&amp#27;[0m   5   -[IDEScheme _buildOperationGroupForSchemeOperationParameters:primaryBuildParameters:variantSpecifiers:buildLog:dontActuallyRunCommands:restorePersistedBuildResults:schemeActionRecord:error:] (in IDEFoundation)
&amp#27;[38;5;173m[Xcode]&amp#27;[0m   6   -[IDEScheme _executionOperationForSchemeOperationParameters:build:onlyBuild:buildParameters:title:buildLog:dontActuallyRunCommands:restorePersistedBuildResults:deviceAvailableChecker:error:actionCallbackBlock:] (in IDEFoundation)
&amp#27;[38;5;173m[Xcode]&amp#27;[0m   7   -[IDEScheme schemeOperationForSchemeOperationParameters:buildLog:overridingProperties:overridingBuildConfiguration:dontActuallyRunCommands:restorePersistedBuildResults:deviceAvailableChecker:error:completionBlock:] (in IDEFoundation)
&amp#27;[38;5;173m[Xcode]&amp#27;[0m   8   -[IDEScheme schemeOperationForSchemeOperationParameters:buildLog:overridingProperties:overridingBuildConfiguration:dontActuallyRunCommands:restorePersistedBuildResults:error:completionBlock:] (in IDEFoundation)
&amp#27;[38;5;173m[Xcode]&amp#27;[0m   9   -[Xcode3CommandLineBuildTool _buildWithTimingSection:] (in Xcode3Core)
&amp#27;[38;5;173m[Xcode]&amp#27;[0m  10   -[Xcode3CommandLineBuildTool run] (in Xcode3Core)
&amp#27;[38;5;173m[Xcode]&amp#27;[0m  11   XcodeBuildMain (in libxcodebuildLoader.dylib)
&amp#27;[38;5;173m[Xcode]&amp#27;[0m  12   start (in dyld)
&amp#27;[38;5;173m[Xcode]&amp#27;[0m 
&amp#27;[38;5;173m[Xcode]&amp#27;[0m <IDEXCBuildSupportCore.IDEXCBuildServiceBuildOperation:0x7fe2b5f6c380:AREfc> created at:
&amp#27;[38;5;173m[Xcode]&amp#27;[0m   0   -[DVTOperation init] (in DVTFoundation)
&amp#27;[38;5;173m[Xcode]&amp#27;[0m   1   -[IDEBuildOperation initWithConfiguration:] (in IDEFoundation)
&amp#27;[38;5;173m[Xcode]&amp#27;[0m   2   specialized IDEXCBuildServiceBuildOperation.init(configuration:) (in XCBuildSupportCore)
&amp#27;[38;5;173m[Xcode]&amp#27;[0m   3   @objc IDEXCBuildServiceBuildOperation.init(configuration:) (in XCBuildSupportCore)
&amp#27;[38;5;173m[Xcode]&amp#27;[0m   4   -[IDEScheme _buildOperationGroupForSchemeOperationParameters:primaryBuildParameters:variantSpecifiers:buildLog:dontActuallyRunCommands:restorePersistedBuildResults:schemeActionRecord:error:] (in IDEFoundation)
&amp#27;[38;5;173m[Xcode]&amp#27;[0m   5   -[IDEScheme _executionOperationForSchemeOperationParameters:build:onlyBuild:buildParameters:title:buildLog:dontActuallyRunCommands:restorePersistedBuildResults:deviceAvailableChecker:error:actionCallbackBlock:] (in IDEFoundation)
&amp#27;[38;5;173m[Xcode]&amp#27;[0m   6   -[IDEScheme schemeOperationForSchemeOperationParameters:buildLog:overridingProperties:overridingBuildConfiguration:dontActuallyRunCommands:restorePersistedBuildResults:deviceAvailableChecker:error:completionBlock:] (in IDEFoundation)
&amp#27;[38;5;173m[Xcode]&amp#27;[0m   7   -[IDEScheme schemeOperationForSchemeOperationParameters:buildLog:overridingProperties:overridingBuildConfiguration:dontActuallyRunCommands:restorePersistedBuildResults:error:completionBlock:] (in IDEFoundation)
&amp#27;[38;5;173m[Xcode]&amp#27;[0m   8   -[Xcode3CommandLineBuildTool _buildWithTimingSection:] (in Xcode3Core)
&amp#27;[38;5;173m[Xcode]&amp#27;[0m   9   -[Xcode3CommandLineBuildTool run] (in Xcode3Core)
&amp#27;[38;5;173m[Xcode]&amp#27;[0m  10   XcodeBuildMain (in libxcodebuildLoader.dylib)
&amp#27;[38;5;173m[Xcode]&amp#27;[0m  11   start (in dyld)
&amp#27;[38;5;173m[Xcode]&amp#27;[0m 
&amp#27;[38;5;173m[Xcode]&amp#27;[0m <DVTOperationGroup: 0x7fe2b5f64150; state = AReFc> created at:
&amp#27;[38;5;173m[Xcode]&amp#27;[0m   0   -[DVTOperation init] (in DVTFoundation)
&amp#27;[38;5;173m[Xcode]&amp#27;[0m   1   -[DVTOperationGroup init] (in DVTFoundation)
&amp#27;[38;5;173m[Xcode]&amp#27;[0m   2   specialized DVTOperationGroup.init<A>(suboperations:) (in DVTFoundation)
&amp#27;[38;5;173m[Xcode]&amp#27;[0m   3   DVTOperationGroup.init<A>(suboperations:) (in DVTFoundation)
&amp#27;[38;5;173m[Xcode]&amp#27;[0m   4   specialized IDESwiftWorkspace.schemeOperationPreambleOperationGroup(for:schemeOperationParameters:buildables:buildParameters:logRecorder:) (in IDESwiftPackageCore)
&amp#27;[38;5;173m[Xcode]&amp#27;[0m   5   @objc IDESwiftWorkspace.schemeOperationPreambleOperationGroup(for:schemeOperationParameters:buildables:buildParameters:logRecorder:) (in IDESwiftPackageCore)
&amp#27;[38;5;173m[Xcode]&amp#27;[0m   6   -[IDEScheme _buildOperationGroupForSchemeOperationParameters:primaryBuildParameters:variantSpecifiers:buildLog:dontActuallyRunCommands:restorePersistedBuildResults:schemeActionRecord:error:] (in IDEFoundation)
&amp#27;[38;5;173m[Xcode]&amp#27;[0m   7   -[IDEScheme _executionOperationForSchemeOperationParameters:build:onlyBuild:buildParameters:title:buildLog:dontActuallyRunCommands:restorePersistedBuildResults:deviceAvailableChecker:error:actionCallbackBlock:] (in IDEFoundation)
&amp#27;[38;5;173m[Xcode]&amp#27;[0m   8   -[IDEScheme schemeOperationForSchemeOperationParameters:buildLog:overridingProperties:overridingBuildConfiguration:dontActuallyRunCommands:restorePersistedBuildResults:deviceAvailableChecker:error:completionBlock:] (in IDEFoundation)
&amp#27;[38;5;173m[Xcode]&amp#27;[0m   9   -[IDEScheme schemeOperationForSchemeOperationParameters:buildLog:overridingProperties:overridingBuildConfiguration:dontActuallyRunCommands:restorePersistedBuildResults:error:completionBlock:] (in IDEFoundation)
&amp#27;[38;5;173m[Xcode]&amp#27;[0m  10   -[Xcode3CommandLineBuildTool _buildWithTimingSection:] (in Xcode3Core)
&amp#27;[38;5;173m[Xcode]&amp#27;[0m  11   -[Xcode3CommandLineBuildTool run] (in Xcode3Core)
&amp#27;[38;5;173m[Xcode]&amp#27;[0m  12   XcodeBuildMain (in libxcodebuildLoade
&amp#27;[38;5;173m[Xcode]&amp#27;[0m r.dylib)
&amp#27;[38;5;173m[Xcode]&amp#27;[0m  13   start (in dyld)
&amp#27;[38;5;173m[Xcode]&amp#27;[0m 
&amp#27;[38;5;173m[Xcode]&amp#27;[0m <IDESwiftPackageCore.IDESwiftPackagePreambleCompletionOperation: 0x7fe2b5f6ab80; state = aReFc> created at:
&amp#27;[38;5;173m[Xcode]&amp#27;[0m   0   -[DVTOperation init] (in DVTFoundation)
&amp#27;[38;5;173m[Xcode]&amp#27;[0m   1   specialized IDESwiftWorkspace.schemeOperationPreambleOperationGroup(for:schemeOperationParameters:buildables:buildParameters:logRecorder:) (in IDESwiftPackageCore)
&amp#27;[38;5;173m[Xcode]&amp#27;[0m   2   @objc IDESwiftWorkspace.schemeOperationPreambleOperationGroup(for:schemeOperationParameters:buildables:buildParameters:logRecorder:) (in IDESwiftPackageCore)
&amp#27;[38;5;173m[Xcode]&amp#27;[0m   3   -[IDEScheme _buildOperationGroupForSchemeOperationParameters:primaryBuildParameters:variantSpecifiers:buildLog:dontActuallyRunCommands:restorePersistedBuildResults:schemeActionRecord:error:] (in IDEFoundation)
&amp#27;[38;5;173m[Xcode]&amp#27;[0m   4   -[IDEScheme _executionOperationForSchemeOperationParameters:build:onlyBuild:buildParameters:title:buildLog:dontActuallyRunCommands:restorePersistedBuildResults:deviceAvailableChecker:error:actionCallbackBlock:] (in IDEFoundation)
&amp#27;[38;5;173m[Xcode]&amp#27;[0m   5   -[IDEScheme schemeOperationForSchemeOperationParameters:buildLog:overridingProperties:overridingBuildConfiguration:dontActuallyRunCommands:restorePersistedBuildResults:deviceAvailableChecker:error:completionBlock:] (in IDEFoundation)
&amp#27;[38;5;173m[Xcode]&amp#27;[0m   6   -[IDEScheme schemeOperationForSchemeOperationParameters:buildLog:overridingProperties:overridingBuildConfiguration:dontActuallyRunCommands:restorePersistedBuildResults:error:completionBlock:] (in IDEFoundation)
&amp#27;[38;5;173m[Xcode]&amp#27;[0m   7   -[Xcode3CommandLineBuildTool _buildWithTimingSection:] (in Xcode3Core)
&amp#27;[38;5;173m[Xcode]&amp#27;[0m   8   -[Xcode3CommandLineBuildTool run] (in Xcode3Core)
&amp#27;[38;5;173m[Xcode]&amp#27;[0m   9   XcodeBuildMain (in libxcodebuildLoader.dylib)
&amp#27;[38;5;173m[Xcode]&amp#27;[0m  10   start (in dyld)
&amp#27;[38;5;173m[Xcode]&amp#27;[0m 
&amp#27;[38;5;173m[Xcode]&amp#27;[0m <DVTOperation: 0x7fe2b5f742a0; state = aReFc> created at:
&amp#27;[38;5;173m[Xcode]&amp#27;[0m   0   -[DVTOperation init] (in DVTFoundation)
&amp#27;[38;5;173m[Xcode]&amp#27;[0m   1   +[DVTOperation(DVTConveniences) operationWithBlock:] (in DVTFoundation)
&amp#27;[38;5;173m[Xcode]&amp#27;[0m   2   -[IDESchemeAction setUpActionDependenciesForCorePhaseOperation:shouldRunPostActionsBlock:prePhaseEnvironmentPopulationBlock:postPhaseEnvironmentPopulationBlock:handlePreActionsActivityLogSection:handlePostActionsActivityLogSection:buildParameters:schemeActionResultOperation:error:] (in IDEFoundation)
&amp#27;[38;5;173m[Xcode]&amp#27;[0m   3   -[IDEScheme _buildOperationGroupForSchemeOperationParameters:primaryBuildParameters:variantSpecifiers:buildLog:dontActuallyRunCommands:restorePersistedBuildResults:schemeActionRecord:error:] (in IDEFoundation)
&amp#27;[38;5;173m[Xcode]&amp#27;[0m   4   -[IDEScheme _executionOperationForSchemeOperationParameters:build:onlyBuild:buildParameters:title:buildLog:dontActuallyRunCommands:restorePersistedBuildResults:deviceAvailableChecker:error:actionCallbackBlock:] (in IDEFoundation)
&amp#27;[38;5;173m[Xcode]&amp#27;[0m   5   -[IDEScheme schemeOperationForSchemeOperationParameters:buildLog:overridingProperties:overridingBuildConfiguration:dontActuallyRunCommands:restorePersistedBuildResults:deviceAvailableChecker:error:completionBlock:] (in IDEFoundation)
&amp#27;[38;5;173m[Xcode]&amp#27;[0m   6   -[IDEScheme schemeOperationForSchemeOperationParameters:buildLog:overridingProperties:overridingBuildConfiguration:dontActuallyRunCommands:restorePersistedBuildResults:error:completionBlock:] (in IDEFoundation)
&amp#27;[38;5;173m[Xcode]&amp#27;[0m   7   -[Xcode3CommandLineBuildTool _buildWithTimingSection:] (in Xcode3Core)
&amp#27;[38;5;173m[Xcode]&amp#27;[0m   8   -[Xcode3CommandLineBuildTool run] (in Xcode3Core)
&amp#27;[38;5;173m[Xcode]&amp#27;[0m   9   XcodeBuildMain (in libxcodebuildLoader.dylib)
&amp#27;[38;5;173m[Xcode]&amp#27;[0m  10   start (in dyld)
&amp#27;[38;5;173m[Xcode]&amp#27;[0m 
&amp#27;[38;5;173m[Xcode]&amp#27;[0m <DVTOperation: 0x7fe2b5f61060; state = aReFc> created at:
&amp#27;[38;5;173m[Xcode]&amp#27;[0m   0   -[DVTOperation init] (in DVTFoundation)
&amp#27;[38;5;173m[Xcode]&amp#27;[0m   1   +[DVTOperation(DVTConveniences) operationWithBlock:] (in DVTFoundation)
&amp#27;[38;5;173m[Xcode]&amp#27;[0m   2   -[IDESchemeAction setUpActionDependenciesForCorePhaseOperation:shouldRunPostActionsBlock:prePhaseEnvironmentPopulationBlock:postPhaseEnvironmentPopulationBlock:handlePreActionsActivityLogSection:handlePostActionsActivityLogSection:buildParameters:schemeActionResultOperation:error:] (in IDEFoundation)
&amp#27;[38;5;173m[Xcode]&amp#27;[0m   3   -[IDEScheme _buildOperationGroupForSchemeOperationParameters:primaryBuildParameters:variantSpecifiers:buildLog:dontActuallyRunCommands:restorePersistedBuildResults:schemeActionRecord:error:] (in IDEFoundation)
&amp#27;[38;5;173m[Xcode]&amp#27;[0m   4   -[IDEScheme _executionOperationForSchemeOperationParameters:build:onlyBuild:buildParameters:title:buildLog:dontActuallyRunCommands:restorePersistedBuildResults:deviceAvailableChecker:error:actionCallbackBlock:] (in IDEFoundation)
&amp#27;[38;5;173m[Xcode]&amp#27;[0m   5   -[IDEScheme schemeOperationForSchemeOperationParameters:buildLog:overridingProperties:overridingBuildConfiguration:dontActuallyRunCommands:restorePersistedBuildResults:deviceAvailableChecker:error:completionBlock:] (in IDEFoundation)
&amp#27;[38;5;173m[Xcode]&amp#27;[0m   6   -[IDEScheme schemeOperationForSchemeOperationParameters:buildLog:overridingProperties:overridingBuildConfiguration:dontActuallyRunCommands:restorePersistedBuildResults:error:completionBlock:] (in IDEFoundation)
&amp#27;[38;5;173m[Xcode]&amp#27;[0m   7   -[Xcode3CommandLineBuildTool _buildWithTimingSection:] (in Xcode3Core)
&amp#27;[38;5;173m[Xcode]&amp#27;[0m   8   -[Xcode3CommandLineBuildTool run] (in Xcode3Core)
&amp#27;[38;5;173m[Xcode]&amp#27;[0m   9   XcodeBuildMain (in libxcodebuildLoader.dylib)
&amp#27;[38;5;173m[Xcode]&amp#27;[0m  10   start (in dyld)
&amp#27;[38;5;173m[Xcode]&amp#27;[0m 
&amp#27;[38;5;173m[Xcode]&amp#27;[0m <DVTOperation: 0x7fe2b5f5df30; state = arefc> created at:
&amp#27;[38;5;173m[Xcode]&amp#27;[0m   0   -[DVTOperation init] (in DVTFoundation)
&amp#27;[38;5;173m[Xcode]&amp#27;[0m   1   +[DVTOperation(DVTConveniences) operationWithBlock:] (in DVTFoundation)
&amp#27;[38;5;173m[Xcode]&amp#27;[0m   2   -[IDESchemeAction setUpActionDependenciesForCorePhaseOperation:shouldRunPostActionsBlock:prePhaseEnvironmentPopulationBlock:postPhaseEnvironmentPopulationBlock:handlePreActionsActivityLogSection:handlePostActionsActivityLogSection:buildParameters:schemeActionResultOperation:error:] (in IDEFoundation)
&amp#27;[38;5;173m[Xcode]&amp#27;[0m   3   -[IDEScheme _buildOperationGroupForSchemeOperationParameters:primaryBuildParameters:variantSpecifiers:buildLog:dontActuallyRunCommands:restorePersistedBuildResults:schemeActionRecord:error:] (in IDEFoundation)
&amp#27;[38;5;173m[Xcode]&amp#27;[0m   4   -[IDEScheme _executionOperationForSchemeOperationParameters:build:onlyBuild:buildParameters:title:buildLog:dontActuallyRunCommands:restorePersistedBuildResults:deviceAvailableChecker:error:actionCallbackBlock:] (in IDEFoundation)
&amp#27;[38;5;173m[Xcode]&amp#27;[0m   5   -[IDEScheme schemeOperationForSchemeOperationParameters:buildLog:overridingProperties:overridingBuildConfiguration:dontActuallyRunCommands:restorePersistedBuildResults:deviceAvailableChecker:error:completionBlock:] (in IDEFoundation)
&amp#27;[38;5;173m[Xcode]&amp#27;[0m   6   -[IDEScheme schemeOperationForSchemeOperationParameters:buildLog:overridingProperties:overridingBuildConfiguration:dontActuallyRunCommands:restorePersistedBuildResults:error:completionBlock:] (in IDEFoundation)
&amp#27;[38;5;173m[Xcode]&amp#27;[0m   7   -[Xcode3CommandLineBuildTool _buildWithTimingSection:] (in Xcode3Core)
&amp#27;[38;5;173m[Xcode]&amp#27;[0m   8   -[Xcode3CommandLineBuildTool run] (in Xcode3Core)
&amp#27;[38;5;173m[Xcode]&amp#27;[0m   9   XcodeBuildMain (in libxcodebuildLoader.dylib)
&amp#27;[38;5;173m[Xcode]&amp#27;[0m  10   start (in dyld)
&amp#27;[38;5;173m[Xcode]&amp#27;[0m 
&amp#27;[38;5;173m[Xcode]&amp#27;[0m <DVTOperation: 0x7fe2b5f675c0; state = arefc> created at:
&amp#27;[38;5;173m[Xcode]&amp#27;[0m   0   -[DVTOperation init] (in DVTFoundation)
&amp#27;[38;5;173m[Xcode]&amp#27;[0m   1   +[DVTOperation(DVTConveniences) operationWithBlock:] (in DVTFoundation)
&amp#27;[38;5;173m[Xcode]&amp#27;[0m   2   -[IDESchemeAction setUpActionDependenciesForCorePhaseOperation:shouldRunPostActionsBlock:prePhaseEnvironmentPopulationBlock:postPhaseEnvironmentPopulationBlock:handlePreActionsActivityLogSection:handlePostActionsActivityLogSection:buildParameters:schemeActionResultOperation:error:] (in IDEFoundation)
&amp#27;[38;5;173m[Xcode]&amp#27;[0m   3   -[IDEScheme _buildOperationGroupForSchemeOperationParameters:primaryBuildParameters:variantSpecifiers:buildLog:dontActuallyRunCommands:restorePersistedBuildResults:schemeActionRecord:error:] (in IDEFoundation)
&amp#27;[38;5;173m[Xcode]&amp#27;[0m   4   -[IDEScheme _executionOperationForSchemeOperationParameters:build:onlyBuild:buildParameters:title:buildLog:dontActuallyRunCommands:restorePersistedBuildResults:deviceAvailableChecker:error:actionCallbackBlock:] (in IDEFoundation)
&amp#27;[38;5;173m[Xcode]&amp#27;[0m   5   -[IDEScheme schemeOperationForSchemeOperationParameters:buildLog:overridingProperties:overridingBuildConfiguration:dontActuallyRunCommands:restorePersistedBuildResults:deviceAvailableChecker:error:completionBlock:] (in IDEFoundation)
&amp#27;[38;5;173m[Xcode]&amp#27;[0m   6   -[IDEScheme schemeOperationForSchemeOperationParameters:buildLog:overridingProperties:overridingBuildConfiguration:dontActuallyRunCommands:restorePersistedBuildResults:error:completionBlock:] (in IDEFoundation)
&amp#27;[38;5;173m[Xcode]&amp#27;[0m   7   -[Xcode3CommandLineBuildTool _buildWithTimingSection:] (in Xcode3Core)
&amp#27;[38;5;173m[Xcode]&amp#27;[0m   8   -[Xcode3CommandLineBuildTool run] (in Xcode3Core)
&amp#27;[38;5;173m[Xcode]&amp#27;[0m   9   XcodeBuildMain (in libxcodebuildLoader.dylib)
&amp#27;[38;5;173m[Xcode]&amp#27;[0m  10   start (in dyld)
&amp#27;[38;5;173m[Xcode]&amp#27;[0m 
&amp#27;[38;5;173m[Xcode]&amp#27;[0m <DVTOperation: 0x7fe2b6d53680; state = arefc> created at:
&amp#27;[38;5;173m[Xcode]&amp#27;[0m   0   -[DVTOperation init] (in DVTFoundation)
&amp#27;[38;5;173m[Xcode]&amp#27;[0m   1   +[DVTOperation(DV
&amp#27;[38;5;173m[Xcode]&amp#27;[0m 
&amp#27;[38;5;173m[Xcode]&amp#27;[0m Analyze /Users/oikhlas/.appium/node_modules/appium-xcuitest-driver/node_modules/appium-webdriveragent/WebDriverAgentLib/Vendor/CocoaAsyncSocket/GCDAsyncSocket.m normal x86_64 (in target 'WebDriverAgentLib' from project 'WebDriverAgent')
&amp#27;[38;5;173m[Xcode]&amp#27;[0m     cd /Users/oikhlas/.appium/node_modules/appium-xcuitest-driver/node_modules/appium-webdriveragent
&amp#27;[38;5;173m[Xcode]&amp#27;[0m     /Applications/Xcode.app/Contents/Developer/Toolchains/XcodeDefault.xctoolchain/usr/bin/clang -x objective-c -target x86_64-apple-ios16.0-simulator -fmessage-length\=0 -fdiagnostics-show-note-include-stack -fmacro-backtrace-limit\=0 -std\=gnu99 -fobjc-arc -fmodules -gmodules -fmodules-cache-path\=/Users/oikhlas/Library/Developer/Xcode/DerivedData/ModuleCache.noindex -fmodules-prune-interval\=86400 -fmodules-prune-after\=345600 -fbuild-session-file\=/Users/oikhlas/Library/Developer/Xcode/DerivedData/ModuleCache.noindex/Session.modulevalidation -fmodules-validate-once-per-build-session -Wno-trigraphs -fpascal-strings -O0 -fno-common -Wmissing-field-initializers -Wno-missing-prototypes -Werror\=return-type -Wunreachable-code -Wquoted-include-in-framework-header -Wno-implicit-atomic-properties -Werror\=deprecated-objc-isa-usage -Wno-objc-interface-ivars -Werror\=objc-root-class -Warc-repeated-use-of-weak -Wno-arc-maybe-repeated-use-of-weak -Wimplicit-retain-self -Wduplicate-method-match -Wno-missing-braces -Wparentheses -Wswitch -Wunused-function -Wno-unused-label -Wunused-parameter -Wunused-variable -Wunused-value -Wempty-body -Wuninitialized -Wconditional-uninitialized -Wno-unknown-pragmas -pedantic -Wshadow -Wno-four-char-constants -Wconversion -Wconstant-conversion -Wint-conversion -Wbool-conversion -Wenum-conversion -Wfloat-conversion -Wnon-literal-null-conversion -Wobjc-literal-conversion -Wassign-enum -Wsign-compare -Wshorten-64-to-32 -Wpointer-sign -Wno-newline-eof -Wno-selector -Wno-strict-selector-match -Wundeclared-selector -Wdeprecated-implementations -Wno-implicit-fallthrough -DDEBUG\=1 -DOBJC_OLD_DISPATCH_PROTOTYPES\=0 -isysroot /Applications/Xcode.app/Contents/Developer/Platforms/iPhoneSimulator.platform/Developer/SDKs/iPhoneSimulator16.0.sdk -fasm-blocks -fstrict-aliasing -Wprotocol -Wdeprecated-declarations -g -Wno-sign-conversion -Winfinite-recursion -Wcomma -Wblock-capture-autoreleasing -Wstrict-prototypes -Wno-semicolon-before-method-body -fobjc-abi-version\=2 -fobjc-legacy-dispatch -D__clang_analyzer__ -Xclang -analyzer-output\=plist-multi-file -Xclang -analyzer-config -Xclang path-diagnostics-alternate\=true -Xclang -analyzer-config -Xclang report-in-main-source-file\=true -Xclang -analyzer-checker -Xclang optin.osx.cocoa.localizability.NonLocalizedStringChecker -Xclang -analyzer-checker -Xclang security.insecureAPI.UncheckedReturn -Xclang -analyzer-checker -Xclang security.insecureAPI.getpw -Xclang -analyzer-checker -Xclang security.insecureAPI.gets -Xclang -analyzer-checker -Xclang security.insecureAPI.mkstemp -Xclang -analyzer-checker -Xclang security.insecureAPI.mktemp -Xclang -analyzer-disable-checker -Xclang security.insecureAPI.rand -Xclang -analyzer-disable-checker -Xclang security.insecureAPI.strcpy -Xclang -analyzer-checker -Xclang security.insecureAPI.vfork -iquote /Users/oikhlas/Library/Developer/Xcode/DerivedData/WebDriverAgent-bcmeffsllcldukgyoimwiehwhvyz/Build/Intermediates.noindex/WebDriverAgent.build/Debug-iphonesimulator/WebDriverAgentLib.build/WebDriverAgentLib-generated-files.hmap -I/Users/oikhlas/Library/Developer/Xcode/DerivedData/WebDriverAgent-bcmeffsllcldukgyoimwiehwhvyz/Build/Intermediates.noindex/WebDriverAgent.build/Debug-iphonesimulator/WebDriverAgentLib.build/WebDriverAgentLib-own-target-headers.hmap -I/Users/oikhlas/Library/Developer/Xcode/DerivedData/WebDriverAgent-bcmeffsllcldukgyoimwiehwhvyz/Build/Intermediates.noindex/WebDriverAgent.build/Debug-iphonesimulator/WebDriverAgentLib.build/WebDriverAgentLib-all-target-headers.hmap -iquote /Users/oikhlas/Library/Developer/Xcode/DerivedData/WebDriverAgent-bcmeffsllcldukgyoimwiehwhvyz/Build/Intermediates.noindex/WebDriverAgent.build/Debug-iphonesimulator/WebDriverAgentLib.build/WebDriverAgentLib-project-headers.hmap -I/Users/oikhlas/Library/Developer/Xcode/DerivedData/WebDriverAgent-bcmeffsllcldukgyoimwiehwhvyz/Build/Products/Debug-iphonesimulator/include -I/Applications/Xcode.app/Contents/Developer/Platforms/iPhoneSimulator.platform/Developer/SDKs/iPhoneSimulator16.0.sdk/usr/include/libxml2 -I/Users/oikhlas/.appium/node_modules/appium-xcuitest-driver/node_modules/appium-webdriveragent/Modules -I/Users/oikhlas/Library/Developer/Xcode/DerivedData/WebDriverAgent-bcmeffsllcldukgyoimwiehwhvyz/Build/Intermediates.noindex/WebDriverAgent.build/Debug-iphonesimulator/WebDriverAgentLib.build/DerivedSources-normal/x86_64 -I/Users/oikhlas/Library/Developer/Xcode/DerivedData/WebDriverAgent-bcmeffsllcldukgyoimwiehwhvyz/Build/Intermediates.noindex/WebDriverAgent.build/Debug-iphonesimulator/WebDriverAgentLib.build/DerivedSources/x86_64 -I/Users/oikhlas/Library/Developer/Xcode/DerivedData/WebDriverAgent-bcmeffsllcldukgyoimwiehwhvyz/Build/Intermediates.noindex/WebDriverAgent.build/Debug-iphonesimulator/WebDriverAgentLib.build/DerivedSources -Weverything -Wno-objc-missing-property-synthesis -Wno-unused-macros -Wno-disabled-macro-expansion -Wno-gnu-statement-expression -Wno-language-extension-token -Wno-overriding-method-mismatch -Wno-missing-variable-declarations -Rno-module-build -Wno-auto-import -Wno-objc-interface-ivars -Wno-documentation-unknown-command -Wno-reserved-id-macro -Wno-unused-parameter -Wno-gnu-conditional-omitted-operand -Wno-explicit-ownership-type -Wno-date-time -Wno-cast-align -Wno-cstring-format-directive -Wno-double-promotion -Wno-partial-availability -Weverything -Wno-objc-missing-property-synthesis -Wno-unused-macros -Wno-disabled-macro-expansion -Wno-gnu-statement-expression -Wno-language-extension-token -Wno-overriding-method-mismatch -Wno-missing-variable-declarations -Rno-module-build -Wno-auto-import -Wno-objc-interface-ivars -Wno-documentation-unknown-command -Wno-reserved-id-macro -Wno-unused-parameter -Wno-gnu-conditional-omitted-operand -Wno-explicit-ownership-type -Wno-date-time -Wno-cast-align -Wno-cstring-format-directive -Wno-double-promotion -Wno-partial-availability -Wno-objc-messaging-id -Wno-direct-ivar-access -Wno-cast-qual -Wno-declaration-after-statement -F/Users/oikhlas/Library/Developer/Xcode/DerivedData/WebDriverAgent-bcmeffsllcldukgyoimwiehwhvyz/Build/Products/Debug-iphonesimulator -F/Applications/Xcode.app/Contents/Developer/Platforms/iPhoneSimulator.platform/Developer/Library/Frameworks -F/Applications/Xcode.app/Contents/Developer/Platforms/iPhoneSimulator.platform/Developer/Library/PrivateFrameworks -iframework /Applications/Xcode.app/Contents/Developer/Platforms/iPhoneSimulator.platform/Developer/SDKs/iPhoneSimulator16.0.sdk/Developer/Library/Frameworks -MMD -MT dependencies -MF /Users/oikhlas/Library/Developer/Xcode/DerivedData/WebDriverAgent-bcmeffsllcldukgyoimwiehwhvyz/Build/Intermediates.noindex/WebDriverAgent.build/Debug-iphonesimulator/WebDriverAgentLib.build/StaticAnalyzer/WebDriverAgent/WebDriverAgentLib/normal/x86_64/GCDAsyncSocket.d --analyze /Users/oikhlas/.appium/node_modules/appium-xcuitest-driver/node_modules/appium-webdriveragent/WebDriverAgentLib/Vendor/CocoaAsyncSocket/GCDAsyncSocket.m -o /Users/oikhlas/Library/Developer/Xcode/DerivedData/WebDriverAgent-bcmeffsllcldukgyoimwiehwhvyz/Build/Intermediates.noindex/WebDriverAgent.build/Debug-iphonesimulator/WebDriverAgentLib.build/StaticAnalyzer/WebDriverAgent/WebDriverAgentLib/normal/x86_64/GCDAsyncSocket.plist
&amp#27;[38;5;173m[Xcode]&amp#27;[0m 
&amp#27;[38;5;173m[Xcode]&amp#27;[0m 
&amp#27;[38;5;173m[Xcode]&amp#27;[0m Analyze /Users/oikhlas/.appium/node_modules/appium-xcuitest-driver/node_modules/appium-webdriveragent/WebDriverAgentLib/Utilities/XCUIApplicationProcessDelay.m normal x86_64 (in target 'WebDriverAgentLib' from project 'WebDriverAgent')
&amp#27;[38;5;173m[Xcode]&amp#27;[0m     cd /Users/oikhlas/.appium/node_modules/appium-xcuitest-driver/node_modules/appium-webdriveragent
&amp#27;[38;5;173m[Xcode]&amp#27;[0m     /Applications/Xcode.app/Contents/Developer/Toolchains/XcodeDefault.xctoolchain/usr/bin/clang -x objective-c -target x86_64-apple-ios16.0-simulator -fmessage-length\=0 -fdiagnostics-show-note-include-stack -fmacro-backtrace-limit\=0 -std\=gnu99 -fobjc-arc -fmodules -gmodules -fmodules-cache-path\=/Users/oikhlas/Library/Developer/Xcode/DerivedData/ModuleCache.noindex -fmodules-prune-interval\=86400 -fmodules-prune-after\=345600 -fbuild-session-file\=/Users/oikhlas/Library/Developer/Xcode/DerivedData/ModuleCache.noindex/Session.modulevalidation -fmodules-validate-once-per-build-session -Wno-trigraphs -fpascal-strings -O0 -fno-common -Wmissing-field-initializers -Wno-missing-prototypes -Werror\=return-type -Wunreachable-code -Wquoted-include-in-framework-header -Wno-implicit-atomic-properties -Werror\=deprecated-objc-isa-usage -Wno-objc-interface-ivars -Werror\=objc-root-class -Warc-repeated-use-of-weak -Wno-arc-maybe-repeated-use-of-weak -Wimplicit-retain-self -Wduplicate-method-match -Wno-missing-braces -Wparentheses -Wswitch -Wunused-function -Wno-unused-label -Wunused-parameter -Wunused-variable -Wunused-value -Wempty-body -Wuninitialized -Wconditional-uninitialized -Wno-unknown-pragmas -pedantic -Wshadow -Wno-four-char-constants -Wconversion -Wconstant-conversion -Wint-conversion -Wbool-conversion -Wenum-conversion -Wfloat-conversion -Wnon-literal-null-conversion -Wobjc-literal-conversion -Wassign-enum -Wsign-compare -Wshorten-64-to-32 -Wpointer-sign -Wno-newline-eof -Wno-selector -Wno-strict-selector-match -Wundeclared-selector -Wdeprecated-implementations -Wno-implicit-fallthrough -DDEBUG\=1 -DOBJC_OLD_DISPATCH_PROTOTYPES\=0 -isysroot /Applications/Xcode.app/Contents/Developer/Platforms/iPhoneSimulator.platform/Developer/SDKs/iPhoneSimulator16.0.sdk -fasm-blocks -fstrict-aliasing -Wprotocol -Wdeprecated-declarations -g -Wno-sign-conversion -Winfinite-recursion -Wcomma -Wblock-capture-autoreleasing -Wstrict-prototypes -Wno-semicolon-before-method-body -fobjc-abi-version\=2 -fobjc-legacy-dispatch -D__clang_analyzer__ -Xclang -analyzer-output\=plist-multi-file -Xclang -analyzer-config -Xclang path-diagnostics-alternate\=true -Xclang -analyzer-config -Xclang report-in-main-source-file\=true -Xclang -analyzer-checker -Xclang optin.osx.cocoa.localizability.NonLocalizedStringChecker -Xclang -analyzer-checker -Xclang security.insecureAPI.UncheckedReturn -Xclang -analyzer-checker -Xclang security.insecureAPI.getpw -Xclang -analyzer-checker -Xclang security.insecureAPI.gets -Xclang -analyzer-checker -Xclang security.insecureAPI.mkstemp -Xclang -analyzer-checker -Xclang security.insecureAPI.mktemp -Xclang -analyzer-disable-checker -Xclang security.insecureAPI.rand -Xclang -analyzer-disable-checker -Xclang security.insecureAPI.strcpy -Xclang -analyzer-checker -Xclang security.insecureAPI.vfork -iquote /Users/oikhlas/Library/Developer/Xcode/DerivedData/WebDriverAgent-bcmeffsllcldukgyoimwiehwhvyz/Build/Intermediates.noindex/WebDriverAgent.build/Debug-iphonesimulator/WebDriverAgentLib.build/WebDriverAgentLib-generated-files.hmap -I/Users/oikhlas/Library/Developer/Xcode/DerivedData/WebDriverAgent-bcmeffsllcldukgyoimwiehwhvyz/Build/Intermediates.noindex/WebDriverAgent.build/Debug-iphonesimulator/WebDriverAgentLib.build/WebDriverAgentLib-own-target-headers.hmap -I/Users/oikhlas/Library/Developer/Xcode/DerivedData/WebDriverAgent-bcmeffsllcldukgyoimwiehwhvyz/Build/Intermediates.noindex/WebDriverAgent.build/Debug-iphonesimulator/WebDriverAgentLib.build/WebDriverAgentLib-all-target-headers.hmap -iquote /Users/oikhlas/Library/Developer/Xcode/DerivedData/WebDriverAgent-bcmeffsllcldukgyoimwiehwhvyz/Build/Intermediates.noindex/WebDriverAgent.build/Debug-iphonesimulator/WebDriverAgentLib.build/WebDriverAgentLib-project-headers.hmap -I/Users/oikhlas/Library/Developer/Xcode/DerivedData/WebDriverAgent-bcmeffsllcldukgyoimwiehwhvyz/Build/Products/Debug-iphonesimulator/include -I/Applications/Xcode.app/Contents/Developer/Platforms/iPhoneSimulator.platform/Developer/SDKs/iPhoneSimulator16.0.sdk/usr/include/libxml2 -I/Users/oikhlas/.appium/node_modules/appium-xcuitest-driver/node_modules/appium-webdriveragent/Modules -I/Users/oikhlas/Library/Developer/Xcode/DerivedData/WebDriverAgent-bcmeffsllcldukgyoimwiehwhvyz/Build/Intermediates.noindex/WebDriverAgent.build/Debug-iphonesimulator/WebDriverAgentLib.build/DerivedSources-normal/x86_64 -I/Users/oikhlas/Library/Developer/Xcode/DerivedData/WebDriverAgent-bcmeffsllcldukgyoimwiehwhvyz/Build/Intermediates.noindex/WebDriverAgent.build/Debug-iphonesimulator/WebDriverAgentLib.build/DerivedSources/x86_64 -I/Users/oikhlas/Library/Developer/Xcode/DerivedData/WebDriverAgent-bcmeffsllcldukgyoimwiehwhvyz/Build/Intermediates.noindex/WebDriverAgent.build/Debug-iphonesimulator/WebDriverAgentLib.build/DerivedSources -Weverything -Wno-objc-missing-property-synthesis -Wno-unused-macros -Wno-disabled-macro-expansion -Wno-gnu-statement-expression -Wno-language-extension-token -Wno-overriding-method-mismatch -Wno-missing-variable-declarations -Rno-module-build -Wno-auto-import -Wno-objc-interface-ivars -Wno-documentation-unknown-command -Wno-reserved-id-macro -Wno-unused-parameter -Wno-gnu-conditional-omitted-operand -Wno-explicit-ownership-type -Wno-date-time -Wno-cast-align -Wno-cstring-format-directive -Wno-double-promotion -Wno-partial-availability -Weverything -Wno-objc-missing-property-synthesis -Wno-unused-macros -Wno-disabled-macro-expansion -Wno-gnu-statement-expression -Wno-language-extension-token -Wno-overriding-method-mismatch -Wno-missing-variable-declarations -Rno-module-build -Wno-auto-import -Wno-objc-interface-ivars -Wno-documentation-unknown-command -Wno-reserved-id-macro -Wno-unused-parameter -Wno-gnu-conditional-omitted-operand -Wno-explicit-ownership-type -Wno-date-time -Wno-cast-align -Wno-cstring-format-directive -Wno-double-promotion -Wno-partial-availability -Wno-objc-messaging-id -Wno-direct-ivar-access -Wno-cast-qual -Wno-declaration-after-statement -F/Users/oikhlas/Library/Developer/Xcode/DerivedData/WebDriverAgent-bcmeffsllcldukgyoimwiehwhvyz/Build/Products/Debug-iphonesimulator -F/Applications/Xcode.app/Contents/Developer/Platforms/iPhoneSimulator.platform/Developer/Library/Frameworks -F/Applications/Xcode.app/Contents/Developer/Platforms/iPhoneSimulator.platform/Developer/Library/PrivateFrameworks -iframework /Applications/Xcode.app/Contents/Developer/Platforms/iPhoneSimulator.platform/Developer/SDKs/iPhoneSimulator16.0.sdk/Developer/Library/Frameworks -MMD -MT dependencies -MF /Users/oikhlas/Library/Developer/Xcode/DerivedData/WebDriverAgent-bcmeffsllcldukgyoimwiehwhvyz/Build/Intermediates.noindex/WebDriverAgent.build/Debug-iphonesimulator/WebDriverAgentLib.build/StaticAnalyzer/WebDriverAgent/WebDriverAgentLib/normal/x86_64/XCUIApplicationProcessDelay.d --analyze /Users/oikhlas/.appium/node_modules/appium-xcuitest-driver/node_modules/appium-webdriveragent/WebDriverAgentLib/Utilities/XCUIApplicationProcessDelay.m -o /Users/oikhlas/Library/Developer/Xcode/DerivedData/WebDriverAgent-bcmeffsllcldukgyoimwiehwhvyz/Build/Intermediates.noindex/WebDriverAgent.build/Debug-iphonesimulator/WebDriverAgentLib.build/StaticAnalyzer/WebDriverAgent/WebDriverAgentLib/normal/x86_64/XCUIApplicationProcessDelay.plist
&amp#27;[38;5;173m[Xcode]&amp#27;[0m 
&amp#27;[38;5;173m[Xcode]&amp#27;[0m 
&amp#27;[38;5;173m[Xcode]&amp#27;[0m Analyze /Users/oikhlas/.appium/node_modules/appium-xcuitest-driver/node_modules/appium-webdriveragent/WebDriverAgentLib/Utilities/XCTestPrivateSymbols.m normal x86_64 (in target 'WebDriverAgentLib' from project 'WebDriverAgent')
&amp#27;[38;5;173m[Xcode]&amp#27;[0m     cd /Users/oikhlas/.appium/node_modules/appium-xcuitest-driver/node_modules/appium-webdriveragent
&amp#27;[38;5;173m[Xcode]&amp#27;[0m     /Applications/Xcode.app/Contents/Developer/Toolchains/XcodeDefault.xctoolchain/usr/bin/clang -x objective-c -target x86_64-apple-ios16.0-simulator -fmessage-length\=0 -fdiagnostics-show-note-include-stack -fmacro-backtrace-limit\=0 -std\=gnu99 -fobjc-arc -fmodules -gmodules -fmodules-cache-path\=/Users/oikhlas/Library/Developer/Xcode/DerivedData/ModuleCache.noindex -fmodules-prune-interval\=86400 -fmodules-prune-after\=345600 -fbuild-session-file\=/Users/oikhlas/Library/Developer/Xcode/DerivedData/ModuleCache.noindex/Session.modulevalidation -fmodules-validate-once-per-build-session -Wno-trigraphs -fpascal-strings -O0 -fno-common -Wmissing-field-initializers -Wno-missing-prototypes -Werror\=return-type -Wunreachable-code -Wquoted-include-in-framework-header -Wno-implicit-atomic-properties -Werror\=deprecated-objc-isa-usage -Wno-objc-interface-ivars -Werror\=objc-root-class -Warc-repeated-use-of-weak -Wno-arc-maybe-repeated-use-of-weak -Wimplicit-retain-self -Wduplicate-method-match -Wno-missing-braces -Wparentheses -Wswitch -Wunused-function -Wno-unused-label -Wunused-parameter -Wunused-variable -Wunused-value -Wempty-body -Wuninitialized -Wconditional-uninitialized -Wno-unknown-pragmas -pedantic -Wshadow -Wno-four-char-constants -Wconversion -Wconstant-conversion -Wint-conversion -Wbool-conversion -Wenum-conversion -Wfloat-conversion -Wnon-literal-null-conversion -Wobjc-literal-conversion -Wassign-enum -Wsign-compare -Wshorten-64-to-32 -Wpointer-sign -Wno-newline-eof -Wno-selector -Wno-strict-selector-match -Wundeclared-selector -Wdeprecated-implementations -Wno-implicit-fallthrough -DDEBUG\=1 -DOBJC_OLD_DISPATCH_PROTOTYPES\=0 -isysroot /Applications/Xcode.app/Contents/Developer/Platforms/iPhoneSimulator.platform/Developer/SDKs/iPhoneSimulator16.0.sdk -fasm-blocks -fstrict-aliasing -Wprotocol -Wdeprecated-declarations -g -Wno-sign-conversion -Winfinite-recursion -Wcomma -Wblock-capture-autoreleasing -Wstrict-prototypes -Wno-semicolon-before-method-body -fobjc-abi-version\=2 -fobjc-legacy-dispatch -D__clang_analyzer__ -Xclang -analyzer-output\=plist-multi-file -Xclang -analyzer-config -Xclang path-diagnostics-alternate\=true -Xclang -analyzer-config -Xclang report-in-main-source-file\=true -Xclang -analyzer-checker -Xclang optin.osx.cocoa.localizability.NonLocalizedStringChecker -Xclang -analyzer-checker -Xclang security.insecureAPI.UncheckedReturn -Xclang -analyzer-checker -Xclang security.insecureAPI.getpw -Xclang -analyzer-checker -Xclang security.insecureAPI.gets -Xclang -analyzer-checker -Xclang security.insecureAPI.mkstemp -Xclang -analyzer-checker -Xclang security.insecureAPI.mktemp -Xclang -analyzer-disable-checker -Xclang security.insecureAPI.rand -Xclang -analyzer-disable-checker -Xclang security.insecureAPI.strcpy -Xclang -analyzer-checker -Xclang security.insecureAPI.vfork -iquote /Users/oikhlas/Library/Developer/Xcode/DerivedData/WebDriverAgent-bcmeffsllcldukgyoimwiehwhvyz/Build/Intermediates.noindex/WebDriverAgent.build/Debug-iphonesimulator/WebDriverAgentLib.build/WebDriverAgentLib-generated-files.hmap -I/Users/oikhlas/Library/Developer/Xcode/DerivedData/WebDriverAgent-bcmeffsllcldukgyoimwiehwhvyz/Build/Intermediates.noindex/WebDriverAgent.build/Debug-iphonesimulator/WebDriverAgentLib.build/WebDriverAgentLib-own-target-headers.hmap -I/Users/oikhlas/Library/Developer/Xcode/DerivedData/WebDriverAgent-bcmeffsllcldukgyoimwiehwhvyz/Build/Intermediates.noindex/WebDriverAgent.build/Debug-iphonesimulator/WebDriverAgentLib.build/WebDriverAgentLib-all-target-headers.hmap -iquote /Users/oikhlas/Library/Developer/Xcode/DerivedData/WebDriverAgent-bcmeffsllcldukgyoimwiehwhvyz/Build/Intermediates.noindex/WebDriverAgent.build/Debug-iphonesimulator/WebDriverAgentLib.build/WebDriverAgentLib-project-headers.hmap -I/Users/oikhlas/Library/Developer/Xcode/DerivedData/WebDriverAgent-bcmeffsllcldukgyoimwiehwhvyz/Build/Products/Debug-iphonesimulator/include -I/Applications/Xcode.app/Contents/Developer/Platforms/iPhoneSimulator.platform/Developer/SDKs/iPhoneSimulator16.0.sdk/usr/include/libxml2 -I/Users/oikhlas/.appium/node_modules/appium-xcuitest-driver/node_modules/appium-webdriveragent/Modules -I/Users/oikhlas/Library/Developer/Xcode/DerivedData/WebDriverAgent-bcmeffsllcldukgyoimwiehwhvyz/Build/Intermediates.noindex/WebDriverAgent.build/Debug-iphonesimulator/WebDriverAgentLib.build/DerivedSources-normal/x86_64 -I/Users/oikhlas/Library/Developer/Xcode/DerivedData/WebDriverAgent-bcmeffsllcldukgyoimwiehwhvyz/Build/Intermediates.noindex/WebDriverAgent.build/Debug-iphonesimulator/WebDriverAgentLib.build/DerivedSources/x86_64 -I/Users/oikhlas/Library/Developer/Xcode/DerivedData/WebDriverAgent-bcmeffsllcldukgyoimwiehwhvyz/Build/Intermediates.noindex/WebDriverAgent.build/Debug-iphonesimulator/WebDriverAgentLib.build/DerivedSources -Weverything -Wno-objc-missing-property-synthesis -Wno-unused-macros -Wno-disabled-macro-expansion -Wno-gnu-statement-expression -Wno-language-extension-token -Wno-overriding-method-mismatch -Wno-missing-variable-declarations -Rno-module-build -Wno-auto-import -Wno-objc-interface-ivars -Wno-documentation-unknown-command -Wno-reserved-id-macro -Wno-unused-parameter -Wno-gnu-conditional-omitted-operand -Wno-explicit-ownership-type -Wno-date-time -Wno-cast-align -Wno-cstring-format-directive -Wno-double-promotion -Wno-partial-availability -Weverything -Wno-objc-missing-property-synthesis -Wno-unused-macros -Wno-disabled-macro-expansion -Wno-gnu-statement-expression -Wno-language-extension-token -Wno-overriding-method-mismatch -Wno-missing-variable-declarations -Rno-module-build -Wno-auto-import -Wno-objc-interface-ivars -Wno-documentation-unknown-command -Wno-reserved-id-macro -Wno-unused-parameter -Wno-gnu-conditional-omitted-operand -Wno-explicit-ownership-type -Wno-date-time -Wno-cast-align -Wno-cstring-format-directive -Wno-double-promotion -Wno-partial-availability -Wno-objc-messaging-id -Wno-direct-ivar-access -Wno-cast-qual -Wno-declaration-after-statement -F/Users/oikhlas/Library/Developer/Xcode/DerivedData/WebDriverAgent-bcmeffsllcldukgyoimwiehwhvyz/Build/Products/Debug-iphonesimulator -F/Applications/Xcode.app/Contents/Developer/Platforms/iPhoneSimulator.platform/Developer/Library/Frameworks -F/Applications/Xcode.app/Contents/Developer/Platforms/iPhoneSimulator.platform/Developer/Library/PrivateFrameworks -iframework /Applications/Xcode.app/Contents/Developer/Platforms/iPhoneSimulator.platform/Developer/SDKs/iPhoneSimulator16.0.sdk/Developer/Library/Frameworks -MMD -MT dependencies -MF /Users/oikhlas/Library/Developer/Xcode/DerivedData/WebDriverAgent-bcmeffsllcldukgyoimwiehwhvyz/Build/Intermediates.noindex/WebDriverAgent.build/Debug-iphonesimulator/WebDriverAgentLib.build/StaticAnalyzer/WebDriverAgent/WebDriverAgentLib/normal/x86_64/XCTestPrivateSymbols.d --analyze /Users/oikhlas/.appium/node_modules/appium-xcuitest-driver/node_modules/appium-webdriveragent/WebDriverAgentLib/Utilities/XCTestPrivateSymbols.m -o /Users/oikhlas/Library/Developer/Xcode/DerivedData/WebDriverAgent-bcmeffsllcldukgyoimwiehwhvyz/Build/Intermediates.noindex/WebDriverAgent.build/Debug-iphonesimulator/WebDriverAgentLib.build/StaticAnalyzer/WebDriverAgent/WebDriverAgentLib/normal/x86_64/XCTestPrivateSymbols.plist
&amp#27;[38;5;173m[Xcode]&amp#27;[0m 
&amp#27;[38;5;173m[Xcode]&amp#27;[0m 
&amp#27;[38;5;173m[Xcode]&amp#27;[0m Analyze /Users/oikhlas/.appium/node_modules/appium-xcuitest-driver/node_modules/appium-webdriveragent/WebDriverAgentLib/Utilities/NSPredicate+FBFormat.m normal x86_64 (in target 'WebDriverAgentLib' from project 'WebDriverAgent')
&amp#27;[38;5;173m[Xcode]&amp#27;[0m     cd /Users/oikhlas/.appium/node_modules/appium-xcuitest-driver/node_modules/appium-webdriveragent
&amp#27;[38;5;173m[Xcode]&amp#27;[0m     /Applications/Xcode.app/Contents/Developer/Toolchains/XcodeDefault.xctoolchain/usr/bin/clang -x objective-c -target x86_64-apple-ios16.0-simulator -fmessage-length\=0 -fdiagnostics-show-note-include-stack -fmacro-backtrace-limit\=0 -std\=gnu99 -fobjc-arc -fmodules -gmodules -fmodules-cache-path\=/Users/oikhlas/Library/Developer/Xcode/DerivedData/ModuleCache.noindex -fmodules-prune-interval\=86400 -fmodules-prune-after\=345600 -fbuild-session-file\=/Users/oikhlas/Library/Developer/Xcode/DerivedData/ModuleCache.noindex/Session.modulevalidation -fmodules-validate-once-per-build-session -Wno-trigraphs -fpascal-strings -O0 -fno-common -Wmissing-field-initializers -Wno-missing-prototypes -Werror\=return-type -Wunreachable-code -Wquoted-include-in-framework-header -Wno-implicit-atomic-properties -Werror\=deprecated-objc-isa-usage -Wno-objc-interface-ivars -Werror\=objc-root-class -Warc-repeated-use-of-weak -Wno-arc-maybe-repeated-use-of-weak -Wimplicit-retain-self -Wduplicate-method-match -Wno-missing-braces -Wparentheses -Wswitch -Wunused-function -Wno-unused-label -Wunused-parameter -Wunused-variable -Wunused-value -Wempty-body -Wuninitialized -Wconditional-uninitialized -Wno-unknown-pragmas -pedantic -Wshadow -Wno-four-char-constants -Wconversion -Wconstant-conversion -Wint-conversion -Wbool-conversion -Wenum-conversion -Wfloat-conversion -Wnon-literal-null-conversion -Wobjc-literal-conversion -Wassign-enum -Wsign-compare -Wshorten-64-to-32 -Wpointer-sign -Wno-newline-eof -Wno-selector -Wno-strict-selector-match -Wundeclared-selector -Wdeprecated-implementations -Wno-implicit-fallthrough -DDEBUG\=1 -DOBJC_OLD_DISPATCH_PROTOTYPES\=0 -isysroot /Applications/Xcode.app/Contents/Developer/Platforms/iPhoneSimulator.platform/Developer/SDKs/iPhoneSimulator16.0.sdk -fasm-blocks -fstrict-aliasing -Wprotocol -Wdeprecated-declarations -g -Wno-sign-conversion -Winfinite-recursion -Wcomma -Wblock-capture-autoreleasing -Wstrict-prototypes -Wno-semicolon-before-method-body -fobjc-abi-version\=2 -fobjc-legacy-dispatch -D__clang_analyzer__ -Xclang -analyzer-output\=plist-multi-file -Xclang -analyzer-config -Xclang path-diagnostics-alternate\=true -Xclang -analyzer-config -Xclang report-in-main-source-file\=true -Xclang -analyzer-checker -Xclang optin.osx.cocoa.localizability.NonLocalizedStringChecker -Xclang -analyzer-checker -Xclang security.insecureAPI.UncheckedReturn -Xclang -analyzer-checker -Xclang security.insecureAPI.getpw -Xclang -analyzer-checker -Xclang security.insecureAPI.gets -Xclang -analyzer-checker -Xclang security.insecureAPI.mkstemp -Xclang -analyzer-checker -Xclang security.insecureAPI.mktemp -Xclang -analyzer-disable-checker -Xclang security.insecureAPI.rand -Xclang -analyzer-disable-checker -Xclang security.insecureAPI.strcpy -Xclang -analyzer-checker -Xclang security.insecureAPI.vfork -iquote /Users/oikhlas/Library/Developer/Xcode/DerivedData/WebDriverAgent-bcmeffsllcldukgyoimwiehwhvyz/Build/Intermediates.noindex/WebDriverAgent.build/Debug-iphonesimulator/WebDriverAgentLib.build/WebDriverAgentLib-generated-files.hmap -I/Users/oikhlas/Library/Developer/Xcode/DerivedData/WebDriverAgent-bcmeffsllcldukgyoimwiehwhvyz/Build/Intermediates.noindex/WebDriverAgent.build/Debug-iphonesimulator/WebDriverAgentLib.build/WebDriverAgentLib-own-target-headers.hmap -I/Users/oikhlas/Library/Developer/Xcode/DerivedData/WebDriverAgent-bcmeffsllcldukgyoimwiehwhvyz/Build/Intermediates.noindex/WebDriverAgent.build/Debug-iphonesimulator/WebDriverAgentLib.build/WebDriverAgentLib-all-target-headers.hmap -iquote /Users/oikhlas/Library/Developer/Xcode/DerivedData/WebDriverAgent-bcmeffsllcldukgyoimwiehwhvyz/Build/Intermediates.noindex/WebDriverAgent.build/Debug-iphonesimulator/WebDriverAgentLib.build/WebDriverAgentLib-project-headers.hmap -I/Users/oikhlas/Library/Developer/Xcode/DerivedData/WebDriverAgent-bcmeffsllcldukgyoimwiehwhvyz/Build/Products/Debug-iphonesimulator/include -I/Applications/Xcode.app/Contents/Developer/Platforms/iPhoneSimulator.platform/Developer/SDKs/iPhoneSimulator16.0.sdk/usr/include/libxml2 -I/Users/oikhlas/.appium/node_modules/appium-xcuitest-driver/node_modules/appium-webdriveragent/Modules -I/Users/oikhlas/Library/Developer/Xcode/DerivedData/WebDriverAgent-bcmeffsllcldukgyoimwiehwhvyz/Build/Intermediates.noindex/WebDriverAgent.build/Debug-iphonesimulator/WebDriverAgentLib.build/DerivedSources-normal/x86_64 -I/Users/oikhlas/Library/Developer/Xcode/DerivedData/WebDriverAgent-bcmeffsllcldukgyoimwiehwhvyz/Build/Intermediates.noindex/WebDriverAgent.build/Debug-iphonesimulator/WebDriverAgentLib.build/DerivedSources/x86_64 -I/Users/oikhlas/Library/Developer/Xcode/DerivedData/WebDriverAgent-bcmeffsllcldukgyoimwiehwhvyz/Build/Intermediates.noindex/WebDriverAgent.build/Debug-iphonesimulator/WebDriverAgentLib.build/DerivedSources -Weverything -Wno-objc-missing-property-synthesis -Wno-unused-macros -Wno-disabled-macro-expansion -Wno-gnu-statement-expression -Wno-language-extension-token -Wno-overriding-method-mismatch -Wno-missing-variable-declarations -Rno-module-build -Wno-auto-import -Wno-objc-interface-ivars -Wno-documentation-unknown-command -Wno-reserved-id-macro -Wno-unused-parameter -Wno-gnu-conditional-omitted-operand -Wno-explicit-ownership-type -Wno-date-time -Wno-cast-align -Wno-cstring-format-directive -Wno-double-promotion -Wno-partial-availability -Weverything -Wno-objc-missing-property-synthesis -Wno-unused-macros -Wno-disabled-macro-expansion -Wno-gnu-statement-expression -Wno-language-extension-token -Wno-overriding-method-mismatch -Wno-missing-variable-declarations -Rno-module-build -Wno-auto-import -Wno-objc-interface-ivars -Wno-documentation-unknown-command -Wno-reserved-id-macro -Wno-unused-parameter -Wno-gnu-conditional-omitted-operand -Wno-explicit-ownership-type -Wno-date-time -Wno-cast-align -Wno-cstring-format-directive -Wno-double-promotion -Wno-partial-availability -Wno-objc-messaging-id -Wno-direct-ivar-access -Wno-cast-qual -Wno-declaration-after-statement -F/Users/oikhlas/Library/Developer/Xcode/DerivedData/WebDriverAgent-bcmeffsllcldukgyoimwiehwhvyz/Build/Products/Debug-iphonesimulator -F/Applications/Xcode.app/Contents/Developer/Platforms/iPhoneSimulator.platform/Developer/Library/Frameworks -F/Applications/Xcode.app/Contents/Developer/Platforms/iPhoneSimulator.platform/Developer/Library/PrivateFrameworks -iframework /Applications/Xcode.app/Contents/Developer/Platforms/iPhoneSimulator.platform/Developer/SDKs/iPhoneSimulator16.0.sdk/Developer/Library/Frameworks -MMD -MT dependencies -MF /Users/oikhlas/Library/Developer/Xcode/DerivedData/WebDriverAgent-bcmeffsllcldukgyoimwiehwhvyz/Build/Intermediates.noindex/WebDriverAgent.build/Debug-iphonesimulator/WebDriverAgentLib.build/StaticAnalyzer/WebDriverAgent/WebDriverAgentLib/normal/x86_64/NSPredicate+FBFormat.d --analyze /Users/oikhlas/.appium/node_modules/appium-xcuitest-driver/node_modules/appium-webdriveragent/WebDriverAgentLib/Utilities/NSPredicate+FBFormat.m -o /Users/oikhlas/Library/Developer/Xcode/DerivedData/WebDriverAgent-bcmeffsllcldukgyoimwiehwhvyz/Build/Intermediates.noindex/WebDriverAgent.build/Debug-iphonesimulator/WebDriverAgentLib.build/StaticAnalyzer/WebDriverAgent/WebDriverAgentLib/normal/x86_64/NSPredicate+FBFormat.plist
&amp#27;[38;5;173m[Xcode]&amp#27;[0m 
&amp#27;[38;5;173m[Xcode]&amp#27;[0m 
&amp#27;[38;5;173m[Xcode]&amp#27;[0m Analyze /Users/oikhlas/.appium/node_modules/appium-xcuitest-driver/node_modules/appium-webdriveragent/WebDriverAgentLib/Utilities/LRUCache/LRUCacheNode.m normal x86_64 (in target 'WebDriverAgentLib' from project 'WebDriverAgent')
&amp#27;[38;5;173m[Xcode]&amp#27;[0m     cd /Users/oikhlas/.appium/node_modules/appium-xcuitest-driver/node_modules/appium-webdriveragent
&amp#27;[38;5;173m[Xcode]&amp#27;[0m     /Applications/Xcode.app/Contents/Developer/Toolchains/XcodeDefault.xctoolchain/usr/bin/clang -x objective-c -target x86_64-apple-ios16.0-simulator -fmessage-length\=0 -fdiagnostics-show-note-include-stack -fmacro-backtrace-limit\=0 -std\=gnu99 -fobjc-arc -fmodules -gmodules -fmodules-cache-path\=/Users/oikhlas/Library/Developer/Xcode/DerivedData/ModuleCache.noindex -fmodules-prune-interval\=86400 -fmodules-prune-after\=345600 -fbuild-session-file\=/Users/oikhlas/Library/Developer/Xcode/DerivedData/ModuleCache.noindex/Session.modulevalidation -fmodules-validate-once-per-build-session -Wno-trigraphs -fpascal-strings -O0 -fno-common -Wmissing-field-initializers -Wno-missing-prototypes -Werror\=return-type -Wunreachable-code -Wquoted-include-in-framework-header -Wno-implicit-atomic-properties -Werror\=deprecated-objc-isa-usage -Wno-objc-interface-ivars -Werror\=objc-root-class -Warc-repeated-use-of-weak -Wno-arc-maybe-repeated-use-of-weak -Wimplicit-retain-self -Wduplicate-method-match -Wno-missing-braces -Wparentheses -Wswitch -Wunused-function -Wno-unused-label -Wunused-parameter -Wunused-variable -Wunused-value -Wempty-body -Wuninitialized -Wconditional-uninitialized -Wno-unknown-pragmas -pedantic -Wshadow -Wno-four-char-constants -Wconversion -Wconstant-conversion -Wint-conversion -Wbool-conversion -Wenum-conversion -Wfloat-conversion -Wnon-literal-null-conversion -Wobjc-literal-conversion -Wassign-enum -Wsign-compare -Wshorten-64-to-32 -Wpointer-sign -Wno-newline-eof -Wno-selector -Wno-strict-selector-match -Wundeclared-selector -Wdeprecated-implementations -Wno-implicit-fallthrough -DDEBUG\=1 -DOBJC_OLD_DISPATCH_PROTOTYPES\=0 -isysroot /Applications/Xcode.app/Contents/Developer/Platforms/iPhoneSimulator.platform/Developer/SDKs/iPhoneSimulator16.0.sdk -fasm-blocks -fstrict-aliasing -Wprotocol -Wdeprecated-declarations -g -Wno-sign-conversion -Winfinite-recursion -Wcomma -Wblock-capture-autoreleasing -Wstrict-prototypes -Wno-semicolon-before-method-body -fobjc-abi-version\=2 -fobjc-legacy-dispatch -D__clang_analyzer__ -Xclang -analyzer-output\=plist-multi-file -Xclang -analyzer-config -Xclang path-diagnostics-alternate\=true -Xclang -analyzer-config -Xclang report-in-main-source-file\=true -Xclang -analyzer-checker -Xclang optin.osx.cocoa.localizability.NonLocalizedStringChecker -Xclang -analyzer-checker -Xclang security.insecureAPI.UncheckedReturn -Xclang -analyzer-checker -Xclang security.insecureAPI.getpw -Xclang -analyzer-checker -Xclang security.insecureAPI.gets -Xclang -analyzer-checker -Xclang security.insecureAPI.mkstemp -Xclang -analyzer-checker -Xclang security.insecureAPI.mktemp -Xclang -analyzer-disable-checker -Xclang security.insecureAPI.rand -Xclang -analyzer-disable-checker -Xclang security.insecureAPI.strcpy -Xclang -analyzer-checker -Xclang security.insecureAPI.vfork -iquote /Users/oikhlas/Library/Developer/Xcode/DerivedData/WebDriverAgent-bcmeffsllcldukgyoimwiehwhvyz/Build/Intermediates.noindex/WebDriverAgent.build/Debug-iphonesimulator/WebDriverAgentLib.build/WebDriverAgentLib-generated-files.hmap -I/Users/oikhlas/Library/Developer/Xcode/DerivedData/WebDriverAgent-bcmeffsllcldukgyoimwiehwhvyz/Build/Intermediates.noindex/WebDriverAgent.build/Debug-iphonesimulator/WebDriverAgentLib.build/WebDriverAgentLib-own-target-headers.hmap -I/Users/oikhlas/Library/Developer/Xcode/DerivedData/WebDriverAgent-bcmeffsllcldukgyoimwiehwhvyz/Build/Intermediates.noindex/WebDriverAgent.build/Debug-iphonesimulator/WebDriverAgentLib.build/WebDriverAgentLib-all-target-headers.hmap -iquote /Users/oikhlas/Library/Developer/Xcode/DerivedData/WebDriverAgent-bcmeffsllcldukgyoimwiehwhvyz/Build/Intermediates.noindex/WebDriverAgent.build/Debug-iphonesimulator/WebDriverAgentLib.build/WebDriverAgentLib-project-headers.hmap -I/Users/oikhlas/Library/Developer/Xcode/DerivedData/WebDriverAgent-bcmeffsllcldukgyoimwiehwhvyz/Build/Products/Debug-iphonesimulator/include -I/Applications/Xcode.app/Contents/Developer/Platforms/iPhoneSimulator.platform/Developer/SDKs/iPhoneSimulator16.0.sdk/usr/include/libxml2 -I/Users/oikhlas/.appium/node_modules/appium-xcuitest-driver/node_modules/appium-webdriveragent/Modules -I/Users/oikhlas/Library/Developer/Xcode/DerivedData/WebDriverAgent-bcmeffsllcldukgyoimwiehwhvyz/Build/Intermediates.noindex/WebDriverAgent.build/Debug-iphonesimulator/WebDriverAgentLib.build/DerivedSources-normal/x86_64 -I/Users/oikhlas/Library/Developer/Xcode/DerivedData/WebDriverAgent-bcmeffsllcldukgyoimwiehwhvyz/Build/Intermediates.noindex/WebDriverAgent.build/Debug-iphonesimulator/WebDriverAgentLib.build/DerivedSources/x86_64 -I/Users/oikhlas/Library/Developer/Xcode/DerivedData/WebDriverAgent-bcmeffsllcldukgyoimwiehwhvyz/Build/Intermediates.noindex/WebDriverAgent.build/Debug-iphonesimulator/WebDriverAgentLib.build/DerivedSources -Weverything -Wno-objc-missing-property-synthesis -Wno-unused-macros -Wno-disabled-macro-expansion -Wno-gnu-statement-expression -Wno-language-extension-token -Wno-overriding-method-mismatch -Wno-missing-variable-declarations -Rno-module-build -Wno-auto-import -Wno-objc-interface-ivars -Wno-documentation-unknown-command -Wno-reserved-id-macro -Wno-unused-parameter -Wno-gnu-conditional-omitted-operand -Wno-explicit-ownership-type -Wno-date-time -Wno-cast-align -Wno-cstring-format-directive -Wno-double-promotion -Wno-partial-availability -Weverything -Wno-objc-missing-property-synthesis -Wno-unused-macros -Wno-disabled-macro-expansion -Wno-gnu-statement-expression -Wno-language-extension-token -Wno-overriding-method-mismatch -Wno-missing-variable-declarations -Rno-module-build -Wno-auto-import -Wno-objc-interface-ivars -Wno-documentation-unknown-command -Wno-reserved-id-macro -Wno-unused-parameter -Wno-gnu-conditional-omitted-operand -Wno-explicit-ownership-type -Wno-date-time -Wno-cast-align -Wno-cstring-format-directive -Wno-double-promotion -Wno-partial-availability -Wno-objc-messaging-id -Wno-direct-ivar-access -Wno-cast-qual -Wno-declaration-after-statement -F/Users/oikhlas/Library/Developer/Xcode/DerivedData/WebDriverAgent-bcmeffsllcldukgyoimwiehwhvyz/Build/Products/Debug-iphonesimulator -F/Applications/Xcode.app/Contents/Developer/Platforms/iPhoneSimulator.platform/Developer/Library/Frameworks -F/Applications/Xcode.app/Contents/Developer/Platforms/iPhoneSimulator.platform/Developer/Library/PrivateFrameworks -iframework /Applications/Xcode.app/Contents/Developer/Platforms/iPhoneSimulator.platform/Developer/SDKs/iPhoneSimulator16.0.sdk/Developer/Library/Frameworks -MMD -MT dependencies -MF /Users/oikhlas/Library/Developer/Xcode/DerivedData/WebDriverAgent-bcmeffsllcldukgyoimwiehwhvyz/Build/Intermediates.noindex/WebDriverAgent.build/Debug-iphonesimulator/WebDriverAgentLib.build/StaticAnalyzer/WebDriverAgent/WebDriverAgentLib/normal/x86_64/LRUCacheNode.d --analyze /Users/oikhlas/.appium/node_modules/appium-xcuitest-driver/node_modules/appium-webdriveragent/WebDriverAgentLib/Utilities/LRUCache/LRUCacheNode.m -o /Users/oikhlas/Library/Developer/Xcode/DerivedData/WebDriverAgent-bcmeffsllcldukgyoimwiehwhvyz/Build/Intermediates.noindex/WebDriverAgent.build/Debug-iphonesimulator/WebDriverAgentLib.build/StaticAnalyzer/WebDriverAgent/WebDriverAgentLib/normal/x86_64/LRUCacheNode.plist
&amp#27;[38;5;173m[Xcode]&amp#27;[0m 
&amp#27;[38;5;173m[Xcode]&amp#27;[0m 
&amp#27;[38;5;173m[Xcode]&amp#27;[0m Analyze /Users/oikhlas/.appium/node_modules/appium-xcuitest-driver/node_modules/appium-webdriveragent/WebDriverAgentLib/Utilities/LRUCache/LRUCache.m normal x86_64 (in target 'WebDriverAgentLib' from project 'WebDriverAgent')
&amp#27;[38;5;173m[Xcode]&amp#27;[0m     cd /Users/oikhlas/.appium/node_modules/appium-xcuitest-driver/node_modules/appium-webdriveragent
&amp#27;[38;5;173m[Xcode]&amp#27;[0m     /Applications/Xcode.app/Contents/Developer/Toolchains/XcodeDefault.xctoolchain/usr/bin/clang -x objective-c -target x86_64-apple-ios16.0-simulator -fmessage-length\=0 -fdiagnostics-show-note-include-stack -fmacro-backtrace-limit\=0 -std\=gnu99 -fobjc-arc -fmodules -gmodules -fmodules-cache-path\=/Users/oikhlas/Library/Developer/Xcode/DerivedData/ModuleCache.noindex -fmodules-prune-interval\=86400 -fmodules-prune-after\=345600 -fbuild-session-file\=/Users/oikhlas/Library/Developer/Xcode/DerivedData/ModuleCache.noindex/Session.modulevalidation -fmodules-validate-once-per-build-session -Wno-trigraphs -fpascal-strings -O0 -fno-common -Wmissing-field-initializers -Wno-missing-prototypes -Werror\=return-type -Wunreachable-code -Wquoted-include-in-framework-header -Wno-implicit-atomic-properties -Werror\=deprecated-objc-isa-usage -Wno-objc-interface-ivars -Werror\=objc-root-class -Warc-repeated-use-of-weak -Wno-arc-maybe-repeated-use-of-weak -Wimplicit-retain-self -Wduplicate-method-match -Wno-missing-braces -Wparentheses -Wswitch -Wunused-function -Wno-unused-label -Wunused-parameter -Wunused-variable -Wunused-value -Wempty-body -Wuninitialized -Wconditional-uninitialized -Wno-unknown-pragmas -pedantic -Wshadow -Wno-four-char-constants -Wconversion -Wconstant-conversion -Wint-conversion -Wbool-conversion -Wenum-conversion -Wfloat-conversion -Wnon-literal-null-conversion -Wobjc-literal-conversion -Wassign-enum -Wsign-compare -Wshorten-64-to-32 -Wpointer-sign -Wno-newline-eof -Wno-selector -Wno-strict-selector-match -Wundeclared-selector -Wdeprecated-implementations -Wno-implicit-fallthrough -DDEBUG\=1 -DOBJC_OLD_DISPATCH_PROTOTYPES\=0 -isysroot /Applications/Xcode.app/Contents/Developer/Platforms/iPhoneSimulator.platform/Developer/SDKs/iPhoneSimulator16.0.sdk -fasm-blocks -fstrict-aliasing -Wprotocol -Wdeprecated-declarations -g -Wno-sign-conversion -Winfinite-recursion -Wcomma -Wblock-capture-autoreleasing -Wstrict-prototypes -Wno-semicolon-before-method-body -fobjc-abi-version\=2 -fobjc-legacy-dispatch -D__clang_analyzer__ -Xclang -analyzer-output\=plist-multi-file -Xclang -analyzer-config -Xclang path-diagnostics-alternate\=true -Xclang -analyzer-config -Xclang report-in-main-source-file\=true -Xclang -analyzer-checker -Xclang optin.osx.cocoa.localizability.NonLocalizedStringChecker -Xclang -analyzer-checker -Xclang security.insecureAPI.UncheckedReturn -Xclang -analyzer-checker -Xclang security.insecureAPI.getpw -Xclang -analyzer-checker -Xclang security.insecureAPI.gets -Xclang -analyzer-checker -Xclang security.insecureAPI.mkstemp -Xclang -analyzer-checker -Xclang security.insecureAPI.mktemp -Xclang -analyzer-disable-checker -Xclang security.insecureAPI.rand -Xclang -analyzer-disable-checker -Xclang security.insecureAPI.strcpy -Xclang -analyzer-checker -Xclang security.insecureAPI.vfork -iquote /Users/oikhlas/Library/Developer/Xcode/DerivedData/WebDriverAgent-bcmeffsllcldukgyoimwiehwhvyz/Build/Intermediates.noindex/WebDriverAgent.build/Debug-iphonesimulator/WebDriverAgentLib.build/WebDriverAgentLib-generated-files.hmap -I/Users/oikhlas/Library/Developer/Xcode/DerivedData/WebDriverAgent-bcmeffsllcldukgyoimwiehwhvyz/Build/Intermediates.noindex/WebDriverAgent.build/Debug-iphonesimulator/WebDriverAgentLib.build/WebDriverAgentLib-own-target-headers.hmap -I/Users/oikhlas/Library/Developer/Xcode/DerivedData/WebDriverAgent-bcmeffsllcldukgyoimwiehwhvyz/Build/Intermediates.noindex/WebDriverAgent.build/Debug-iphonesimulator/WebDriverAgentLib.build/WebDriverAgentLib-all-target-headers.hmap -iquote /Users/oikhlas/Library/Developer/Xcode/DerivedData/WebDriverAgent-bcmeffsllcldukgyoimwiehwhvyz/Build/Intermediates.noindex/WebDriverAgent.build/Debug-iphonesimulator/WebDriverAgentLib.build/WebDriverAgentLib-project-headers.hmap -I/Users/oikhlas/Library/Developer/Xcode/DerivedData/WebDriverAgent-bcmeffsllcldukgyoimwiehwhvyz/Build/Products/Debug-iphonesimulator/include -I/Applications/Xcode.app/Contents/Developer/Platforms/iPhoneSimulator.platform/Developer/SDKs/iPhoneSimulator16.0.sdk/usr/include/libxml2 -I/Users/oikhlas/.appium/node_modules/appium-xcuitest-driver/node_modules/appium-webdriveragent/Modules -I/Users/oikhlas/Library/Developer/Xcode/DerivedData/WebDriverAgent-bcmeffsllcldukgyoimwiehwhvyz/Build/Intermediates.noindex/WebDriverAgent.build/Debug-iphonesimulator/WebDriverAgentLib.build/DerivedSources-normal/x86_64 -I/Users/oikhlas/Library/Developer/Xcode/DerivedData/WebDriverAgent-bcmeffsllcldukgyoimwiehwhvyz/Build/Intermediates.noindex/WebDriverAgent.build/Debug-iphonesimulator/WebDriverAgentLib.build/DerivedSources/x86_64 -I/Users/oikhlas/Library/Developer/Xcode/DerivedData/WebDriverAgent-bcmeffsllcldukgyoimwiehwhvyz/Build/Intermediates.noindex/WebDriverAgent.build/Debug-iphonesimulator/WebDriverAgentLib.build/DerivedSources -Weverything -Wno-objc-missing-property-synthesis -Wno-unused-macros -Wno-disabled-macro-expansion -Wno-gnu-statement-expression -Wno-language-extension-token -Wno-overriding-method-mismatch -Wno-missing-variable-declarations -Rno-module-build -Wno-auto-import -Wno-objc-interface-ivars -Wno-documentation-unknown-command -Wno-reserved-id-macro -Wno-unused-parameter -Wno-gnu-conditional-omitted-operand -Wno-explicit-ownership-type -Wno-date-time -Wno-cast-align -Wno-cstring-format-directive -Wno-double-promotion -Wno-partial-availability -Weverything -Wno-objc-missing-property-synthesis -Wno-unused-macros -Wno-disabled-macro-expansion -Wno-gnu-statement-expression -Wno-language-extension-token -Wno-overriding-method-mismatch -Wno-missing-variable-declarations -Rno-module-build -Wno-auto-import -Wno-objc-interface-ivars -Wno-documentation-unknown-command -Wno-reserved-id-macro -Wno-unused-parameter -Wno-gnu-conditional-omitted-operand -Wno-explicit-ownership-type -Wno-date-time -Wno-cast-align -Wno-cstring-format-directive -Wno-double-promotion -Wno-partial-availability -Wno-objc-messaging-id -Wno-direct-ivar-access -Wno-cast-qual -Wno-declaration-after-statement -F/Users/oikhlas/Library/Developer/Xcode/DerivedData/WebDriverAgent-bcmeffsllcldukgyoimwiehwhvyz/Build/Products/Debug-iphonesimulator -F/Applications/Xcode.app/Contents/Developer/Platforms/iPhoneSimulator.platform/Developer/Library/Frameworks -F/Applications/Xcode.app/Contents/Developer/Platforms/iPhoneSimulator.platform/Developer/Library/PrivateFrameworks -iframework /Applications/Xcode.app/Contents/Developer/Platforms/iPhoneSimulator.platform/Developer/SDKs/iPhoneSimulator16.0.sdk/Developer/Library/Frameworks -MMD -MT dependencies -MF /Users/oikhlas/Library/Developer/Xcode/DerivedData/WebDriverAgent-bcmeffsllcldukgyoimwiehwhvyz/Build/Intermediates.noindex/WebDriverAgent.build/Debug-iphonesimulator/WebDriverAgentLib.build/StaticAnalyzer/WebDriverAgent/WebDriverAgentLib/normal/x86_64/LRUCache.d --analyze /Users/oikhlas/.appium/node_modules/appium-xcuitest-driver/node_modules/appium-webdriveragent/WebDriverAgentLib/Utilities/LRUCache/LRUCache.m -o /Users/oikhlas/Library/Developer/Xcode/DerivedData/WebDriverAgent-bcmeffsllcldukgyoimwiehwhvyz/Build/Intermediates.noindex/WebDriverAgent.build/Debug-iphonesimulator/WebDriverAgentLib.build/StaticAnalyzer/WebDriverAgent/WebDriverAgentLib/normal/x86_64/LRUCache.plist
&amp#27;[38;5;173m[Xcode]&amp#27;[0m 
&amp#27;[38;5;173m[Xcode]&amp#27;[0m 
&amp#27;[38;5;173m[Xcode]&amp#27;[0m Analyze /Users/oikhlas/.appium/node_modules/appium-xcuitest-driver/node_modules/appium-webdriveragent/WebDriverAgentLib/Utilities/FBXPath.m normal x86_64 (in target 'WebDriverAgentLib' from project 'WebDriverAgent')
&amp#27;[38;5;173m[Xcode]&amp#27;[0m     cd /Users/oikhlas/.appium/node_modules/appium-xcuitest-driver/node_modules/appium-webdriveragent
&amp#27;[38;5;173m[Xcode]&amp#27;[0m     /Applications/Xcode.app/Contents/Developer/Toolchains/XcodeDefault.xctoolchain/usr/bin/clang -x objective-c -target x86_64-apple-ios16.0-simulator -fmessage-length\=0 -fdiagnostics-show-note-include-stack -fmacro-backtrace-limit\=0 -std\=gnu99 -fobjc-arc -fmodules -gmodules -fmodules-cache-path\=/Users/oikhlas/Library/Developer/Xcode/DerivedData/ModuleCache.noindex -fmodules-prune-interval\=86400 -fmodules-prune-after\=345600 -fbuild-session-file\=/Users/oikhlas/Library/Developer/Xcode/DerivedData/ModuleCache.noindex/Session.modulevalidation -fmodules-validate-once-per-build-session -Wno-trigraphs -fpascal-strings -O0 -fno-common -Wmissing-field-initializers -Wno-missing-prototypes -Werror\=return-type -Wunreachable-code -Wquoted-include-in-framework-header -Wno-implicit-atomic-properties -Werror\=deprecated-objc-isa-usage -Wno-objc-interface-ivars -Werror\=objc-root-class -Warc-repeated-use-of-weak -Wno-arc-maybe-repeated-use-of-weak -Wimplicit-retain-self -Wduplicate-method-match -Wno-missing-braces -Wparentheses -Wswitch -Wunused-function -Wno-unused-label -Wunused-parameter -Wunused-variable -Wunused-value -Wempty-body -Wuninitialized -Wconditional-uninitialized -Wno-unknown-pragmas -pedantic -Wshadow -Wno-four-char-constants -Wconversion -Wconstant-conversion -Wint-conversion -Wbool-conversion -Wenum-conversion -Wfloat-conversion -Wnon-literal-null-conversion -Wobjc-literal-conversion -Wassign-enum -Wsign-compare -Wshorten-64-to-32 -Wpointer-sign -Wno-newline-eof -Wno-selector -Wno-strict-selector-match -Wundeclared-selector -Wdeprecated-implementations -Wno-implicit-fallthrough -DDEBUG\=1 -DOBJC_OLD_DISPATCH_PROTOTYPES\=0 -isysroot /Applications/Xcode.app/Contents/Developer/Platforms/iPhoneSimulator.platform/Developer/SDKs/iPhoneSimulator16.0.sdk -fasm-blocks -fstrict-aliasing -Wprotocol -Wdeprecated-declarations -g -Wno-sign-conversion -Winfinite-recursion -Wcomma -Wblock-capture-autoreleasing -Wstrict-prototypes -Wno-semicolon-before-method-body -fobjc-abi-version\=2 -fobjc-legacy-dispatch -D__clang_analyzer__ -Xclang -analyzer-output\=plist-multi-file -Xclang -analyzer-config -Xclang path-diagnostics-alternate\=true -Xclang -analyzer-config -Xclang report-in-main-source-file\=true -Xclang -analyzer-checker -Xclang optin.osx.cocoa.localizability.NonLocalizedStringChecker -Xclang -analyzer-checker -Xclang security.insecureAPI.UncheckedReturn -Xclang -analyzer-checker -Xclang security.insecureAPI.getpw -Xclang -analyzer-checker -Xclang security.insecureAPI.gets -Xclang -analyzer-checker -Xclang security.insecureAPI.mkstemp -Xclang -analyzer-checker -Xclang security.insecureAPI.mktemp -Xclang -analyzer-disable-checker -Xclang security.insecureAPI.rand -Xclang -analyzer-disable-checker -Xclang security.insecureAPI.strcpy -Xclang -analyzer-checker -Xclang security.insecureAPI.vfork -iquote /Users/oikhlas/Library/Developer/Xcode/DerivedData/WebDriverAgent-bcmeffsllcldukgyoimwiehwhvyz/Build/Intermediates.noindex/WebDriverAgent.build/Debug-iphonesimulator/WebDriverAgentLib.build/WebDriverAgentLib-generated-files.hmap -I/Users/oikhlas/Library/Developer/Xcode/DerivedData/WebDriverAgent-bcmeffsllcldukgyoimwiehwhvyz/Build/Intermediates.noindex/WebDriverAgent.build/Debug-iphonesimulator/WebDriverAgentLib.build/WebDriverAgentLib-own-target-headers.hmap -I/Users/oikhlas/Library/Developer/Xcode/DerivedData/WebDriverAgent-bcmeffsllcldukgyoimwiehwhvyz/Build/Intermediates.noindex/WebDriverAgent.build/Debug-iphonesimulator/WebDriverAgentLib.build/WebDriverAgentLib-all-target-headers.hmap -iquote /Users/oikhlas/Library/Developer/Xcode/DerivedData/WebDriverAgent-bcmeffsllcldukgyoimwiehwhvyz/Build/Intermediates.noindex/WebDriverAgent.build/Debug-iphonesimulator/WebDriverAgentLib.build/WebDriverAgentLib-project-headers.hmap -I/Users/oikhlas/Library/Developer/Xcode/DerivedData/WebDriverAgent-bcmeffsllcldukgyoimwiehwhvyz/Build/Products/Debug-iphonesimulator/include -I/Applications/Xcode.app/Contents/Developer/Platforms/iPhoneSimulator.platform/Developer/SDKs/iPhoneSimulator16.0.sdk/usr/include/libxml2 -I/Users/oikhlas/.appium/node_modules/appium-xcuitest-driver/node_modules/appium-webdriveragent/Modules -I/Users/oikhlas/Library/Developer/Xcode/DerivedData/WebDriverAgent-bcmeffsllcldukgyoimwiehwhvyz/Build/Intermediates.noindex/WebDriverAgent.build/Debug-iphonesimulator/WebDriverAgentLib.build/DerivedSources-normal/x86_64 -I/Users/oikhlas/Library/Developer/Xcode/DerivedData/WebDriverAgent-bcmeffsllcldukgyoimwiehwhvyz/Build/Intermediates.noindex/WebDriverAgent.build/Debug-iphonesimulator/WebDriverAgentLib.build/DerivedSources/x86_64 -I/Users/oikhlas/Library/Developer/Xcode/DerivedData/WebDriverAgent-bcmeffsllcldukgyoimwiehwhvyz/Build/Intermediates.noindex/WebDriverAgent.build/Debug-iphonesimulator/WebDriverAgentLib.build/DerivedSources -Weverything -Wno-objc-missing-property-synthesis -Wno-unused-macros -Wno-disabled-macro-expansion -Wno-gnu-statement-expression -Wno-language-extension-token -Wno-overriding-method-mismatch -Wno-missing-variable-declarations -Rno-module-build -Wno-auto-import -Wno-objc-interface-ivars -Wno-documentation-unknown-command -Wno-reserved-id-macro -Wno-unused-parameter -Wno-gnu-conditional-omitted-operand -Wno-explicit-ownership-type -Wno-date-time -Wno-cast-align -Wno-cstring-format-directive -Wno-double-promotion -Wno-partial-availability -Weverything -Wno-objc-missing-property-synthesis -Wno-unused-macros -Wno-disabled-macro-expansion -Wno-gnu-statement-expression -Wno-language-extension-token -Wno-overriding-method-mismatch -Wno-missing-variable-declarations -Rno-module-build -Wno-auto-import -Wno-objc-interface-ivars -Wno-documentation-unknown-command -Wno-reserved-id-macro -Wno-unused-parameter -Wno-gnu-conditional-omitted-operand -Wno-explicit-ownership-type -Wno-date-time -Wno-cast-align -Wno-cstring-format-directive -Wno-double-promotion -Wno-partial-availability -Wno-objc-messaging-id -Wno-direct-ivar-access -Wno-cast-qual -Wno-declaration-after-statement -F/Users/oikhlas/Library/Developer/Xcode/DerivedData/WebDriverAgent-bcmeffsllcldukgyoimwiehwhvyz/Build/Products/Debug-iphonesimulator -F/Applications/Xcode.app/Contents/Developer/Platforms/iPhoneSimulator.platform/Developer/Library/Frameworks -F/Applications/Xcode.app/Contents/Developer/Platforms/iPhoneSimulator.platform/Developer/Library/PrivateFrameworks -iframework /Applications/Xcode.app/Contents/Developer/Platforms/iPhoneSimulator.platform/Developer/SDKs/iPhoneSimulator16.0.sdk/Developer/Library/Frameworks -MMD -MT dependencies -MF /Users/oikhlas/Library/Developer/Xcode/DerivedData/WebDriverAgent-bcmeffsllcldukgyoimwiehwhvyz/Build/Intermediates.noindex/WebDriverAgent.build/Debug-iphonesimulator/WebDriverAgentLib.build/StaticAnalyzer/WebDriverAgent/WebDriverAgentLib/normal/x86_64/FBXPath.d --analyze /Users/oikhlas/.appium/node_modules/appium-xcuitest-driver/node_modules/appium-webdriveragent/WebDriverAgentLib/Utilities/FBXPath.m -o /Users/oikhlas/Library/Developer/Xcode/DerivedData/WebDriverAgent-bcmeffsllcldukgyoimwiehwhvyz/Build/Intermediates.noindex/WebDriverAgent.build/Debug-iphonesimulator/WebDriverAgentLib.build/StaticAnalyzer/WebDriverAgent/WebDriverAgentLib/normal/x86_64/FBXPath.plist
&amp#27;[38;5;173m[Xcode]&amp#27;[0m 
&amp#27;[38;5;173m[Xcode]&amp#27;[0m 
&amp#27;[38;5;173m[Xcode]&amp#27;[0m Analyze /Users/oikhlas/.appium/node_modules/appium-xcuitest-driver/node_modules/appium-webdriveragent/WebDriverAgentLib/Utilities/FBXMLGenerationOptions.m normal x86_64 (in target 'WebDriverAgentLib' from project 'WebDriverAgent')
&amp#27;[38;5;173m[Xcode]&amp#27;[0m     cd /Users/oikhlas/.appium/node_modules/appium-xcuitest-driver/node_modules/appium-webdriveragent
&amp#27;[38;5;173m[Xcode]&amp#27;[0m     /Applications/Xcode.app/Contents/Developer/Toolchains/XcodeDefault.xctoolchain/usr/bin/clang -x objective-c -target x86_64-apple-ios16.0-simulator -fmessage-length\=0 -fdiagnostics-show-note-include-stack -fmacro-backtrace-limit\=0 -std\=gnu99 -fobjc-arc -fmodules -gmodules -fmodules-cache-path\=/Users/oikhlas/Library/Developer/Xcode/DerivedData/ModuleCache.noindex -fmodules-prune-interval\=86400 -fmodules-prune-after\=345600 -fbuild-session-file\=/Users/oikhlas/Library/Developer/Xcode/DerivedData/ModuleCache.noindex/Session.modulevalidation -fmodules-validate-once-per-build-session -Wno-trigraphs -fpascal-strings -O0 -fno-common -Wmissing-field-initializers -Wno-missing-prototypes -Werror\=return-type -Wunreachable-code -Wquoted-include-in-framework-header -Wno-implicit-atomic-properties -Werror\=deprecated-objc-isa-usage -Wno-objc-interface-ivars -Werror\=objc-root-class -Warc-repeated-use-of-weak -Wno-arc-maybe-repeated-use-of-weak -Wimplicit-retain-self -Wduplicate-method-match -Wno-missing-braces -Wparentheses -Wswitch -Wunused-function -Wno-unused-label -Wunused-parameter -Wunused-variable -Wunused-value -Wempty-body -Wuninitialized -Wconditional-uninitialized -Wno-unknown-pragmas -pedantic -Wshadow -Wno-four-char-constants -Wconversion -Wconstant-conversion -Wint-conversion -Wbool-conversion -Wenum-conversion -Wfloat-conversion -Wnon-literal-null-conversion -Wobjc-literal-conversion -Wassign-enum -Wsign-compare -Wshorten-64-to-32 -Wpointer-sign -Wno-newline-eof -Wno-selector -Wno-strict-selector-match -Wundeclared-selector -Wdeprecated-implementations -Wno-implicit-fallthrough -DDEBUG\=1 -DOBJC_OLD_DISPATCH_PROTOTYPES\=0 -isysroot /Applications/Xcode.app/Contents/Developer/Platforms/iPhoneSimulator.platform/Developer/SDKs/iPhoneSimulator16.0.sdk -fasm-blocks -fstrict-aliasing -Wprotocol -Wdeprecated-declarations -g -Wno-sign-conversion -Winfinite-recursion -Wcomma -Wblock-capture-autoreleasing -Wstrict-prototypes -Wno-semicolon-before-method-body -fobjc-abi-version\=2 -fobjc-legacy-dispatch -D__clang_analyzer__ -Xclang -analyzer-output\=plist-multi-file -Xclang -analyzer-config -Xclang path-diagnostics-alternate\=true -Xclang -analyzer-config -Xclang report-in-main-source-file\=true -Xclang -analyzer-checker -Xclang optin.osx.cocoa.localizability.NonLocalizedStringChecker -Xclang -analyzer-checker -Xclang security.insecureAPI.UncheckedReturn -Xclang -analyzer-checker -Xclang security.insecureAPI.getpw -Xclang -analyzer-checker -Xclang security.insecureAPI.gets -Xclang -analyzer-checker -Xclang security.insecureAPI.mkstemp -Xclang -analyzer-checker -Xclang security.insecureAPI.mktemp -Xclang -analyzer-disable-checker -Xclang security.insecureAPI.rand -Xclang -analyzer-disable-checker -Xclang security.insecureAPI.strcpy -Xclang -analyzer-checker -Xclang security.insecureAPI.vfork -iquote /Users/oikhlas/Library/Developer/Xcode/DerivedData/WebDriverAgent-bcmeffsllcldukgyoimwiehwhvyz/Build/Intermediates.noindex/WebDriverAgent.build/Debug-iphonesimulator/WebDriverAgentLib.build/WebDriverAgentLib-generated-files.hmap -I/Users/oikhlas/Library/Developer/Xcode/DerivedData/WebDriverAgent-bcmeffsllcldukgyoimwiehwhvyz/Build/Intermediates.noindex/WebDriverAgent.build/Debug-iphonesimulator/WebDriverAgentLib.build/WebDriverAgentLib-own-target-headers.hmap -I/Users/oikhlas/Library/Developer/Xcode/DerivedData/WebDriverAgent-bcmeffsllcldukgyoimwiehwhvyz/Build/Intermediates.noindex/WebDriverAgent.build/Debug-iphonesimulator/WebDriverAgentLib.build/WebDriverAgentLib-all-target-headers.hmap -iquote /Users/oikhlas/Library/Developer/Xcode/DerivedData/WebDriverAgent-bcmeffsllcldukgyoimwiehwhvyz/Build/Intermediates.noindex/WebDriverAgent.build/Debug-iphonesimulator/WebDriverAgentLib.build/WebDriverAgentLib-project-headers.hmap -I/Users/oikhlas/Library/Developer/Xcode/DerivedData/WebDriverAgent-bcmeffsllcldukgyoimwiehwhvyz/Build/Products/Debug-iphonesimulator/include -I/Applications/Xcode.app/Contents/Developer/Platforms/iPhoneSimulator.platform/Developer/SDKs/iPhoneSimulator16.0.sdk/usr/include/libxml2 -I/Users/oikhlas/.appium/node_modules/appium-xcuitest-driver/node_modules/appium-webdriveragent/Modules -I/Users/oikhlas/Library/Developer/Xcode/DerivedData/WebDriverAgent-bcmeffsllcldukgyoimwiehwhvyz/Build/Intermediates.noindex/WebDriverAgent.build/Debug-iphonesimulator/WebDriverAgentLib.build/DerivedSources-normal/x86_64 -I/Users/oikhlas/Library/Developer/Xcode/DerivedData/WebDriverAgent-bcmeffsllcldukgyoimwiehwhvyz/Build/Intermediates.noindex/WebDriverAgent.build/Debug-iphonesimulator/WebDriverAgentLib.build/DerivedSources/x86_64 -I/Users/oikhlas/Library/Developer/Xcode/DerivedData/WebDriverAgent-bcmeffsllcldukgyoimwiehwhvyz/Build/Intermediates.noindex/WebDriverAgent.build/Debug-iphonesimulator/WebDriverAgentLib.build/DerivedSources -Weverything -Wno-objc-missing-property-synthesis -Wno-unused-macros -Wno-disabled-macro-expansion -Wno-gnu-statement-expression -Wno-language-extension-token -Wno-overriding-method-mismatch -Wno-missing-variable-declarations -Rno-module-build -Wno-auto-import -Wno-objc-interface-ivars -Wno-documentation-unknown-command -Wno-reserved-id-macro -Wno-unused-parameter -Wno-gnu-conditional-omitted-operand -Wno-explicit-ownership-type -Wno-date-time -Wno-cast-align -Wno-cstring-format-directive -Wno-double-promotion -Wno-partial-availability -Weverything -Wno-objc-missing-property-synthesis -Wno-unused-macros -Wno-disabled-macro-expansion -Wno-gnu-statement-expression -Wno-language-extension-token -Wno-overriding-method-mismatch -Wno-missing-variable-declarations -Rno-module-build -Wno-auto-import -Wno-objc-interface-ivars -Wno-documentation-unknown-command -Wno-reserved-id-macro -Wno-unused-parameter -Wno-gnu-conditional-omitted-operand -Wno-explicit-ownership-type -Wno-date-time -Wno-cast-align -Wno-cstring-format-directive -Wno-double-promotion -Wno-partial-availability -Wno-objc-messaging-id -Wno-direct-ivar-access -Wno-cast-qual -Wno-declaration-after-statement -F/Users/oikhlas/Library/Developer/Xcode/DerivedData/WebDriverAgent-bcmeffsllcldukgyoimwiehwhvyz/Build/Products/Debug-iphonesimulator -F/Applications/Xcode.app/Contents/Developer/Platforms/iPhoneSimulator.platform/Developer/Library/Frameworks -F/Applications/Xcode.app/Contents/Developer/Platforms/iPhoneSimulator.platform/Developer/Library/PrivateFrameworks -iframework /Applications/Xcode.app/Contents/Developer/Platforms/iPhoneSimulator.platform/Developer/SDKs/iPhoneSimulator16.0.sdk/Developer/Library/Frameworks -MMD -MT dependencies -MF /Users/oikhlas/Library/Developer/Xcode/DerivedData/WebDriverAgent-bcmeffsllcldukgyoimwiehwhvyz/Build/Intermediates.noindex/WebDriverAgent.build/Debug-iphonesimulator/WebDriverAgentLib.build/StaticAnalyzer/WebDriverAgent/WebDriverAgentLib/normal/x86_64/FBXMLGenerationOptions.d --analyze /Users/oikhlas/.appium/node_modules/appium-xcuitest-driver/node_modules/appium-webdriveragent/WebDriverAgentLib/Utilities/FBXMLGenerationOptions.m -o /Users/oikhlas/Library/Developer/Xcode/DerivedData/WebDriverAgent-bcmeffsllcldukgyoimwiehwhvyz/Build/Intermediates.noindex/WebDriverAgent.build/Debug-iphonesimulator/WebDriverAgentLib.build/StaticAnalyzer/WebDriverAgent/WebDriverAgentLib/normal/x86_64/FBXMLGenerationOptions.plist
&amp#27;[38;5;173m[Xcode]&amp#27;[0m 
&amp#27;[38;5;173m[Xcode]&amp#27;[0m 
&amp#27;[38;5;173m[Xcode]&amp#27;[0m Analyze /Users/oikhlas/.appium/node_modules/appium-xcuitest-driver/node_modules/appium-webdriveragent/WebDriverAgentLib/Utilities/FBXCodeCompatibility.m normal x86_64 (in target 'WebDriverAgentLib' from project 'WebDriverAgent')
&amp#27;[38;5;173m[Xcode]&amp#27;[0m     cd /Users/oikhlas/.appium/node_modules/appium-xcuitest-driver/node_modules/appium-webdriveragent
&amp#27;[38;5;173m[Xcode]&amp#27;[0m     /Applications/Xcode.app/Contents/Developer/Toolchains/XcodeDefault.xctoolchain/usr/bin/clang -x objective-c -target x86_64-apple-ios16.0-simulator -fmessage-length\=0 -fdiagnostics-show-note-include-stack -fmacro-backtrace-limit\=0 -std\=gnu99 -fobjc-arc -fmodules -gmodules -fmodules-cache-path\=/Users/oikhlas/Library/Developer/Xcode/DerivedData/ModuleCache.noindex -fmodules-prune-interval\=86400 -fmodules-prune-after\=345600 -fbuild-session-file\=/Users/oikhlas/Library/Developer/Xcode/DerivedData/ModuleCache.noindex/Session.modulevalidation -fmodules-validate-once-per-build-session -Wno-trigraphs -fpascal-strings -O0 -fno-common -Wmissing-field-initializers -Wno-missing-prototypes -Werror\=return-type -Wunreachable-code -Wquoted-include-in-framework-header -Wno-implicit-atomic-properties -Werror\=deprecated-objc-isa-usage -Wno-objc-interface-ivars -Werror\=objc-root-class -Warc-repeated-use-of-weak -Wno-arc-maybe-repeated-use-of-weak -Wimplicit-retain-self -Wduplicate-method-match -Wno-missing-braces -Wparentheses -Wswitch -Wunused-function -Wno-unused-label -Wunused-parameter -Wunused-variable -Wunused-value -Wempty-body -Wuninitialized -Wconditional-uninitialized -Wno-unknown-pragmas -pedantic -Wshadow -Wno-four-char-constants -Wconversion -Wconstant-conversion -Wint-conversion -Wbool-conversion -Wenum-conversion -Wfloat-conversion -Wnon-literal-null-conversion -Wobjc-literal-conversion -Wassign-enum -Wsign-compare -Wshorten-64-to-32 -Wpointer-sign -Wno-newline-eof -Wno-selector -Wno-strict-selector-match -Wundeclared-selector -Wdeprecated-implementations -Wno-implicit-fallthrough -DDEBUG\=1 -DOBJC_OLD_DISPATCH_PROTOTYPES\=0 -isysroot /Applications/Xcode.app/Contents/Developer/Platforms/iPhoneSimulator.platform/Developer/SDKs/iPhoneSimulator16.0.sdk -fasm-blocks -fstrict-aliasing -Wprotocol -Wdeprecated-declarations -g -Wno-sign-conversion -Winfinite-recursion -Wcomma -Wblock-capture-autoreleasing -Wstrict-prototypes -Wno-semicolon-before-method-body -fobjc-abi-version\=2 -fobjc-legacy-dispatch -D__clang_analyzer__ -Xclang -analyzer-output\=plist-multi-file -Xclang -analyzer-config -Xclang path-diagnostics-alternate\=true -Xclang -analyzer-config -Xclang report-in-main-source-file\=true -Xclang -analyzer-checker -Xclang optin.osx.cocoa.localizability.NonLocalizedStringChecker -Xclang -analyzer-checker -Xclang security.insecureAPI.UncheckedReturn -Xclang -analyzer-checker -Xclang security.insecureAPI.getpw -Xclang -analyzer-checker -Xclang security.insecureAPI.gets -Xclang -analyzer-checker -Xclang security.insecureAPI.mkstemp -Xclang -analyzer-checker -Xclang security.insecureAPI.mktemp -Xclang -analyzer-disable-checker -Xclang security.insecureAPI.rand -Xclang -analyzer-disable-checker -Xclang security.insecureAPI.strcpy -Xclang -analyzer-checker -Xclang security.insecureAPI.vfork -iquote /Users/oikhlas/Library/Developer/Xcode/DerivedData/WebDriverAgent-bcmeffsllcldukgyoimwiehwhvyz/Build/Intermediates.noindex/WebDriverAgent.build/Debug-iphonesimulator/WebDriverAgentLib.build/WebDriverAgentLib-generated-files.hmap -I/Users/oikhlas/Library/Developer/Xcode/DerivedData/WebDriverAgent-bcmeffsllcldukgyoimwiehwhvyz/Build/Intermediates.noindex/WebDriverAgent.build/Debug-iphonesimulator/WebDriverAgentLib.build/WebDriverAgentLib-own-target-headers.hmap -I/Users/oikhlas/Library/Developer/Xcode/DerivedData/WebDriverAgent-bcmeffsllcldukgyoimwiehwhvyz/Build/Intermediates.noindex/WebDriverAgent.build/Debug-iphonesimulator/WebDriverAgentLib.build/WebDriverAgentLib-all-target-headers.hmap -iquote /Users/oikhlas/Library/Developer/Xcode/DerivedData/WebDriverAgent-bcmeffsllcldukgyoimwiehwhvyz/Build/Intermediates.noindex/WebDriverAgent.build/Debug-iphonesimulator/WebDriverAgentLib.build/WebDriverAgentLib-project-headers.hmap -I/Users/oikhlas/Library/Developer/Xcode/DerivedData/WebDriverAgent-bcmeffsllcldukgyoimwiehwhvyz/Build/Products/Debug-iphonesimulator/include -I/Applications/Xcode.app/Contents/Developer/Platforms/iPhoneSimulator.platform/Developer/SDKs/iPhoneSimulator16.0.sdk/usr/include/libxml2 -I/Users/oikhlas/.appium/node_modules/appium-xcuitest-driver/node_modules/appium-webdriveragent/Modules -I/Users/oikhlas/Library/Developer/Xcode/DerivedData/WebDriverAgent-bcmeffsllcldukgyoimwiehwhvyz/Build/Intermediates.noindex/WebDriverAgent.build/Debug-iphonesimulator/WebDriverAgentLib.build/DerivedSources-normal/x86_64 -I/Users/oikhlas/Library/Developer/Xcode/DerivedData/WebDriverAgent-bcmeffsllcldukgyoimwiehwhvyz/Build/Intermediates.noindex/WebDriverAgent.build/Debug-iphonesimulator/WebDriverAgentLib.build/DerivedSources/x86_64 -I/Users/oikhlas/Library/Developer/Xcode/DerivedData/WebDriverAgent-bcmeffsllcldukgyoimwiehwhvyz/Build/Intermediates.noindex/WebDriverAgent.build/Debug-iphonesimulator/WebDriverAgentLib.build/DerivedSources -Weverything -Wno-objc-missing-property-synthesis -Wno-unused-macros -Wno-disabled-macro-expansion -Wno-gnu-statement-expression -Wno-language-extension-token -Wno-overriding-method-mismatch -Wno-missing-variable-declarations -Rno-module-build -Wno-auto-import -Wno-objc-interface-ivars -Wno-documentation-unknown-command -Wno-reserved-id-macro -Wno-unused-parameter -Wno-gnu-conditional-omitted-operand -Wno-explicit-ownership-type -Wno-date-time -Wno-cast-align -Wno-cstring-format-directive -Wno-double-promotion -Wno-partial-availability -Weverything -Wno-objc-missing-property-synthesis -Wno-unused-macros -Wno-disabled-macro-expansion -Wno-gnu-statement-expression -Wno-language-extension-token -Wno-overriding-method-mismatch -Wno-missing-variable-declarations -Rno-module-build -Wno-auto-import -Wno-objc-interface-ivars -Wno-documentation-unknown-command -Wno-reserved-id-macro -Wno-unused-parameter -Wno-gnu-conditional-omitted-operand -Wno-explicit-ownership-type -Wno-date-time -Wno-cast-align -Wno-cstring-format-directive -Wno-double-promotion -Wno-partial-availability -Wno-objc-messaging-id -Wno-direct-ivar-access -Wno-cast-qual -Wno-declaration-after-statement -F/Users/oikhlas/Library/Developer/Xcode/DerivedData/WebDriverAgent-bcmeffsllcldukgyoimwiehwhvyz/Build/Products/Debug-iphonesimulator -F/Applications/Xcode.app/Contents/Developer/Platforms/iPhoneSimulator.platform/Developer/Library/Frameworks -F/Applications/Xcode.app/Contents/Developer/Platforms/iPhoneSimulator.platform/Developer/Library/PrivateFrameworks -iframework /Applications/Xcode.app/Contents/Developer/Platforms/iPhoneSimulator.platform/Developer/SDKs/iPhoneSimulator16.0.sdk/Developer/Library/Frameworks -MMD -MT dependencies -MF /Users/oikhlas/Library/Developer/Xcode/DerivedData/WebDriverAgent-bcmeffsllcldukgyoimwiehwhvyz/Build/Intermediates.noindex/WebDriverAgent.build/Debug-iphonesimulator/WebDriverAgentLib.build/StaticAnalyzer/WebDriverAgent/WebDriverAgentLib/normal/x86_64/FBXCodeCompatibility.d --analyze /Users/oikhlas/.appium/node_modules/appium-xcuitest-driver/node_modules/appium-webdriveragent/WebDriverAgentLib/Utilities/FBXCodeCompatibility.m -o /Users/oikhlas/Library/Developer/Xcode/DerivedData/WebDriverAgent-bcmeffsllcldukgyoimwiehwhvyz/Build/Intermediates.noindex/WebDriverAgent.build/Debug-iphonesimulator/WebDriverAgentLib.build/StaticAnalyzer/WebDriverAgent/WebDriverAgentLib/normal/x86_64/FBXCodeCompatibility.plist
&amp#27;[38;5;173m[Xcode]&amp#27;[0m 
&amp#27;[38;5;173m[Xcode]&amp#27;[0m 
&amp#27;[38;5;173m[Xcode]&amp#27;[0m Analyze /Users/oikhlas/.appium/node_modules/appium-xcuitest-driver/node_modules/appium-webdriveragent/WebDriverAgentLib/Utilities/FBXCTestDaemonsProxy.m normal x86_64 (in target 'WebDriverAgentLib' from project 'WebDriverAgent')
&amp#27;[38;5;173m[Xcode]&amp#27;[0m     cd /Users/oikhlas/.appium/node_modules/appium-xcuitest-driver/node_modules/appium-webdriveragent
&amp#27;[38;5;173m[Xcode]&amp#27;[0m     /Applications/Xcode.app/Contents/Developer/Toolchains/XcodeDefault.xctoolchain/usr/bin/clang -x objective-c -target x86_64-apple-ios16.0-simulator -fmessage-length\=0 -fdiagnostics-show-note-include-stack -fmacro-backtrace-limit\=0 -std\=gnu99 -fobjc-arc -fmodules -gmodules -fmodules-cache-path\=/Users/oikhlas/Library/Developer/Xcode/DerivedData/ModuleCache.noindex -fmodules-prune-interval\=86400 -fmodules-prune-after\=345600 -fbuild-session-file\=/Users/oikhlas/Library/Developer/Xcode/DerivedData/ModuleCache.noindex/Session.modulevalidation -fmodules-validate-once-per-build-session -Wno-trigraphs -fpascal-strings -O0 -fno-common -Wmissing-field-initializers -Wno-missing-prototypes -Werror\=return-type -Wunreachable-code -Wquoted-include-in-framework-header -Wno-implicit-atomic-properties -Werror\=deprecated-objc-isa-usage -Wno-objc-interface-ivars -Werror\=objc-root-class -Warc-repeated-use-of-weak -Wno-arc-maybe-repeated-use-of-weak -Wimplicit-retain-self -Wduplicate-method-match -Wno-missing-braces -Wparentheses -Wswitch -Wunused-function -Wno-unused-label -Wunused-parameter -Wunused-variable -Wunused-value -Wempty-body -Wuninitialized -Wconditional-uninitialized -Wno-unknown-pragmas -pedantic -Wshadow -Wno-four-char-constants -Wconversion -Wconstant-conversion -Wint-conversion -Wbool-conversion -Wenum-conversion -Wfloat-conversion -Wnon-literal-null-conversion -Wobjc-literal-conversion -Wassign-enum -Wsign-compare -Wshorten-64-to-32 -Wpointer-sign -Wno-newline-eof -Wno-selector -Wno-strict-selector-match -Wundeclared-selector -Wdeprecated-implementations -Wno-implicit-fallthrough -DDEBUG\=1 -DOBJC_OLD_DISPATCH_PROTOTYPES\=0 -isysroot /Applications/Xcode.app/Contents/Developer/Platforms/iPhoneSimulator.platform/Developer/SDKs/iPhoneSimulator16.0.sdk -fasm-blocks -fstrict-aliasing -Wprotocol -Wdeprecated-declarations -g -Wno-sign-conversion -Winfinite-recursion -Wcomma -Wblock-capture-autoreleasing -Wstrict-prototypes -Wno-semicolon-before-method-body -fobjc-abi-version\=2 -fobjc-legacy-dispatch -D__clang_analyzer__ -Xclang -analyzer-output\=plist-multi-file -Xclang -analyzer-config -Xclang path-diagnostics-alternate\=true -Xclang -analyzer-config -Xclang report-in-main-source-file\=true -Xclang -analyzer-checker -Xclang optin.osx.cocoa.localizability.NonLocalizedStringChecker -Xclang -analyzer-checker -Xclang security.insecureAPI.UncheckedReturn -Xclang -analyzer-checker -Xclang security.insecureAPI.getpw -Xclang -analyzer-checker -Xclang security.insecureAPI.gets -Xclang -analyzer-checker -Xclang security.insecureAPI.mkstemp -Xclang -analyzer-checker -Xclang security.insecureAPI.mktemp -Xclang -analyzer-disable-checker -Xclang security.insecureAPI.rand -Xclang -analyzer-disable-checker -Xclang security.insecureAPI.strcpy -Xclang -analyzer-checker -Xclang security.insecureAPI.vfork -iquote /Users/oikhlas/Library/Developer/Xcode/DerivedData/WebDriverAgent-bcmeffsllcldukgyoimwiehwhvyz/Build/Intermediates.noindex/WebDriverAgent.build/Debug-iphonesimulator/WebDriverAgentLib.build/WebDriverAgentLib-generated-files.hmap -I/Users/oikhlas/Library/Developer/Xcode/DerivedData/WebDriverAgent-bcmeffsllcldukgyoimwiehwhvyz/Build/Intermediates.noindex/WebDriverAgent.build/Debug-iphonesimulator/WebDriverAgentLib.build/WebDriverAgentLib-own-target-headers.hmap -I/Users/oikhlas/Library/Developer/Xcode/DerivedData/WebDriverAgent-bcmeffsllcldukgyoimwiehwhvyz/Build/Intermediates.noindex/WebDriverAgent.build/Debug-iphonesimulator/WebDriverAgentLib.build/WebDriverAgentLib-all-target-headers.hmap -iquote /Users/oikhlas/Library/Developer/Xcode/DerivedData/WebDriverAgent-bcmeffsllcldukgyoimwiehwhvyz/Build/Intermediates.noindex/WebDriverAgent.build/Debug-iphonesimulator/WebDriverAgentLib.build/WebDriverAgentLib-project-headers.hmap -I/Users/oikhlas/Library/Developer/Xcode/DerivedData/WebDriverAgent-bcmeffsllcldukgyoimwiehwhvyz/Build/Products/Debug-iphonesimulator/include -I/Applications/Xcode.app/Contents/Developer/Platforms/iPhoneSimulator.platform/Developer/SDKs/iPhoneSimulator16.0.sdk/usr/include/libxml2 -I/Users/oikhlas/.appium/node_modules/appium-xcuitest-driver/node_modules/appium-webdriveragent/Modules -I/Users/oikhlas/Library/Developer/Xcode/DerivedData/WebDriverAgent-bcmeffsllcldukgyoimwiehwhvyz/Build/Intermediates.noindex/WebDriverAgent.build/Debug-iphonesimulator/WebDriverAgentLib.build/DerivedSources-normal/x86_64 -I/Users/oikhlas/Library/Developer/Xcode/DerivedData/WebDriverAgent-bcmeffsllcldukgyoimwiehwhvyz/Build/Intermediates.noindex/WebDriverAgent.build/Debug-iphonesimulator/WebDriverAgentLib.build/DerivedSources/x86_64 -I/Users/oikhlas/Library/Developer/Xcode/DerivedData/WebDriverAgent-bcmeffsllcldukgyoimwiehwhvyz/Build/Intermediates.noindex/WebDriverAgent.build/Debug-iphonesimulator/WebDriverAgentLib.build/DerivedSources -Weverything -Wno-objc-missing-property-synthesis -Wno-unused-macros -Wno-disabled-macro-expansion -Wno-gnu-statement-expression -Wno-language-extension-token -Wno-overriding-method-mismatch -Wno-missing-variable-declarations -Rno-module-build -Wno-auto-import -Wno-objc-interface-ivars -Wno-documentation-unknown-command -Wno-reserved-id-macro -Wno-unused-parameter -Wno-gnu-conditional-omitted-operand -Wno-explicit-ownership-type -Wno-date-time -Wno-cast-align -Wno-cstring-format-directive -Wno-double-promotion -Wno-partial-availability -Weverything -Wno-objc-missing-property-synthesis -Wno-unused-macros -Wno-disabled-macro-expansion -Wno-gnu-statement-expression -Wno-language-extension-token -Wno-overriding-method-mismatch -Wno-missing-variable-declarations -Rno-module-build -Wno-auto-import -Wno-objc-interface-ivars -Wno-documentation-unknown-command -Wno-reserved-id-macro -Wno-unused-parameter -Wno-gnu-conditional-omitted-operand -Wno-explicit-ownership-type -Wno-date-time -Wno-cast-align -Wno-cstring-format-directive -Wno-double-promotion -Wno-partial-availability -Wno-objc-messaging-id -Wno-direct-ivar-access -Wno-cast-qual -Wno-declaration-after-statement -F/Users/oikhlas/Library/Developer/Xcode/DerivedData/WebDriverAgent-bcmeffsllcldukgyoimwiehwhvyz/Build/Products/Debug-iphonesimulator -F/Applications/Xcode.app/Contents/Developer/Platforms/iPhoneSimulator.platform/Developer/Library/Frameworks -F/Applications/Xcode.app/Contents/Developer/Platforms/iPhoneSimulator.platform/Developer/Library/PrivateFrameworks -iframework /Applications/Xcode.app/Contents/Developer/Platforms/iPhoneSimulator.platform/Developer/SDKs/iPhoneSimulator16.0.sdk/Developer/Library/Frameworks -MMD -MT dependencies -MF /Users/oikhlas/Library/Developer/Xcode/DerivedData/WebDriverAgent-bcmeffsllcldukgyoimwiehwhvyz/Build/Intermediates.noindex/WebDriverAgent.build/Debug-iphonesimulator/WebDriverAgentLib.build/StaticAnalyzer/WebDriverAgent/WebDriverAgentLib/normal/x86_64/FBXCTestDaemonsProxy.d --analyze /Users/oikhlas/.appium/node_modules/appium-xcuitest-driver/node_modules/appium-webdriveragent/WebDriverAgentLib/Utilities/FBXCTestDaemonsProxy.m -o /Users/oikhlas/Library/Developer/Xcode/DerivedData/WebDriverAgent-bcmeffsllcldukgyoimwiehwhvyz/Build/Intermediates.noindex/WebDriverAgent.build/Debug-iphonesimulator/WebDriverAgentLib.build/StaticAnalyzer/WebDriverAgent/WebDriverAgentLib/normal/x86_64/FBXCTestDaemonsProxy.plist
&amp#27;[38;5;173m[Xcode]&amp#27;[0m 
&amp#27;[38;5;173m[Xcode]&amp#27;[0m 
&amp#27;[38;5;173m[Xcode]&amp#27;[0m Analyze /Users/oikhlas/.appium/node_modules/appium-xcuitest-driver/node_modules/appium-webdriveragent/WebDriverAgentLib/Utilities/FBXCAXClientProxy.m normal x86_64 (in target 'WebDriverAgentLib' from project 'WebDriverAgent')
&amp#27;[38;5;173m[Xcode]&amp#27;[0m     cd /Users/oikhlas/.appium/node_modules/appium-xcuitest-driver/node_modules/appium-webdriveragent
&amp#27;[38;5;173m[Xcode]&amp#27;[0m     /Applications/Xcode.app/Contents/Developer/Toolchains/XcodeDefault.xctoolchain/usr/bin/clang -x objective-c -target x86_64-apple-ios16.0-simulator -fmessage-length\=0 -fdiagnostics-show-note-include-stack -fmacro-backtrace-limit\=0 -std\=gnu99 -fobjc-arc -fmodules -gmodules -fmodules-cache-path\=/Users/oikhlas/Library/Developer/Xcode/DerivedData/ModuleCache.noindex -fmodules-prune-interval\=86400 -fmodules-prune-after\=345600 -fbuild-session-file\=/Users/oikhlas/Library/Developer/Xcode/DerivedData/ModuleCache.noindex/Session.modulevalidation -fmodules-validate-once-per-build-session -Wno-trigraphs -fpascal-strings -O0 -fno-common -Wmissing-field-initializers -Wno-missing-prototypes -Werror\=return-type -Wunreachable-code -Wquoted-include-in-framework-header -Wno-implicit-atomic-properties -Werror\=deprecated-objc-isa-usage -Wno-objc-interface-ivars -Werror\=objc-root-class -Warc-repeated-use-of-weak -Wno-arc-maybe-repeated-use-of-weak -Wimplicit-retain-self -Wduplicate-method-match -Wno-missing-braces -Wparentheses -Wswitch -Wunused-function -Wno-unused-label -Wunused-parameter -Wunused-variable -Wunused-value -Wempty-body -Wuninitialized -Wconditional-uninitialized -Wno-unknown-pragmas -pedantic -Wshadow -Wno-four-char-constants -Wconversion -Wconstant-conversion -Wint-conversion -Wbool-conversion -Wenum-conversion -Wfloat-conversion -Wnon-literal-null-conversion -Wobjc-literal-conversion -Wassign-enum -Wsign-compare -Wshorten-64-to-32 -Wpointer-sign -Wno-newline-eof -Wno-selector -Wno-strict-selector-match -Wundeclared-selector -Wdeprecated-implementations -Wno-implicit-fallthrough -DDEBUG\=1 -DOBJC_OLD_DISPATCH_PROTOTYPES\=0 -isysroot /Applications/Xcode.app/Contents/Developer/Platforms/iPhoneSimulator.platform/Developer/SDKs/iPhoneSimulator16.0.sdk -fasm-blocks -fstrict-aliasing -Wprotocol -Wdeprecated-declarations -g -Wno-sign-conversion -Winfinite-recursion -Wcomma -Wblock-capture-autoreleasing -Wstrict-prototypes -Wno-semicolon-before-method-body -fobjc-abi-version\=2 -fobjc-legacy-dispatch -D__clang_analyzer__ -Xclang -analyzer-output\=plist-multi-file -Xclang -analyzer-config -Xclang path-diagnostics-alternate\=true -Xclang -analyzer-config -Xclang report-in-main-source-file\=true -Xclang -analyzer-checker -Xclang optin.osx.cocoa.localizability.NonLocalizedStringChecker -Xclang -analyzer-checker -Xclang security.insecureAPI.UncheckedReturn -Xclang -analyzer-checker -Xclang security.insecureAPI.getpw -Xclang -analyzer-checker -Xclang security.insecureAPI.gets -Xclang -analyzer-checker -Xclang security.insecureAPI.mkstemp -Xclang -analyzer-checker -Xclang security.insecureAPI.mktemp -Xclang -analyzer-disable-checker -Xclang security.insecureAPI.rand -Xclang -analyzer-disable-checker -Xclang security.insecureAPI.strcpy -Xclang -analyzer-checker -Xclang security.insecureAPI.vfork -iquote /Users/oikhlas/Library/Developer/Xcode/DerivedData/WebDriverAgent-bcmeffsllcldukgyoimwiehwhvyz/Build/Intermediates.noindex/WebDriverAgent.build/Debug-iphonesimulator/WebDriverAgentLib.build/WebDriverAgentLib-generated-files.hmap -I/Users/oikhlas/Library/Developer/Xcode/DerivedData/WebDriverAgent-bcmeffsllcldukgyoimwiehwhvyz/Build/Intermediates.noindex/WebDriverAgent.build/Debug-iphonesimulator/WebDriverAgentLib.build/WebDriverAgentLib-own-target-headers.hmap -I/Users/oikhlas/Library/Developer/Xcode/DerivedData/WebDriverAgent-bcmeffsllcldukgyoimwiehwhvyz/Build/Intermediates.noindex/WebDriverAgent.build/Debug-iphonesimulator/WebDriverAgentLib.build/WebDriverAgentLib-all-target-headers.hmap -iquote /Users/oikhlas/Library/Developer/Xcode/DerivedData/WebDriverAgent-bcmeffsllcldukgyoimwiehwhvyz/Build/Intermediates.noindex/WebDriverAgent.build/Debug-iphonesimulator/WebDriverAgentLib.build/WebDriverAgentLib-project-headers.hmap -I/Users/oikhlas/Library/Developer/Xcode/DerivedData/WebDriverAgent-bcmeffsllcldukgyoimwiehwhvyz/Build/Products/Debug-iphonesimulator/include -I/Applications/Xcode.app/Contents/Developer/Platforms/iPhoneSimulator.platform/Developer/SDKs/iPhoneSimulator16.0.sdk/usr/include/libxml2 -I/Users/oikhlas/.appium/node_modules/appium-xcuitest-driver/node_modules/appium-webdriveragent/Modules -I/Users/oikhlas/Library/Developer/Xcode/DerivedData/WebDriverAgent-bcmeffsllcldukgyoimwiehwhvyz/Build/Intermediates.noindex/WebDriverAgent.build/Debug-iphonesimulator/WebDriverAgentLib.build/DerivedSources-normal/x86_64 -I/Users/oikhlas/Library/Developer/Xcode/DerivedData/WebDriverAgent-bcmeffsllcldukgyoimwiehwhvyz/Build/Intermediates.noindex/WebDriverAgent.build/Debug-iphonesimulator/WebDriverAgentLib.build/DerivedSources/x86_64 -I/Users/oikhlas/Library/Developer/Xcode/DerivedData/WebDriverAgent-bcmeffsllcldukgyoimwiehwhvyz/Build/Intermediates.noindex/WebDriverAgent.build/Debug-iphonesimulator/WebDriverAgentLib.build/DerivedSources -Weverything -Wno-objc-missing-property-synthesis -Wno-unused-macros -Wno-disabled-macro-expansion -Wno-gnu-statement-expression -Wno-language-extension-token -Wno-overriding-method-mismatch -Wno-missing-variable-declarations -Rno-module-build -Wno-auto-import -Wno-objc-interface-ivars -Wno-documentation-unknown-command -Wno-reserved-id-macro -Wno-unused-parameter -Wno-gnu-conditional-omitted-operand -Wno-explicit-ownership-type -Wno-date-time -Wno-cast-align -Wno-cstring-format-directive -Wno-double-promotion -Wno-partial-availability -Weverything -Wno-objc-missing-property-synthesis -Wno-unused-macros -Wno-disabled-macro-expansion -Wno-gnu-statement-expression -Wno-language-extension-token -Wno-overriding-method-mismatch -Wno-missing-variable-declarations -Rno-module-build -Wno-auto-import -Wno-objc-interface-ivars -Wno-documentation-unknown-command -Wno-reserved-id-macro -Wno-unused-parameter -Wno-gnu-conditional-omitted-operand -Wno-explicit-ownership-type -Wno-date-time -Wno-cast-align -Wno-cstring-format-directive -Wno-double-promotion -Wno-partial-availability -Wno-objc-messaging-id -Wno-direct-ivar-access -Wno-cast-qual -Wno-declaration-after-statement -F/Users/oikhlas/Library/Developer/Xcode/DerivedData/WebDriverAgent-bcmeffsllcldukgyoimwiehwhvyz/Build/Products/Debug-iphonesimulator -F/Applications/Xcode.app/Contents/Developer/Platforms/iPhoneSimulator.platform/Developer/Library/Frameworks -F/Applications/Xcode.app/Contents/Developer/Platforms/iPhoneSimulator.platform/Developer/Library/PrivateFrameworks -iframework /Applications/Xcode.app/Contents/Developer/Platforms/iPhoneSimulator.platform/Developer/SDKs/iPhoneSimulator16.0.sdk/Developer/Library/Frameworks -MMD -MT dependencies -MF /Users/oikhlas/Library/Developer/Xcode/DerivedData/WebDriverAgent-bcmeffsllcldukgyoimwiehwhvyz/Build/Intermediates.noindex/WebDriverAgent.build/Debug-iphonesimulator/WebDriverAgentLib.build/StaticAnalyzer/WebDriverAgent/WebDriverAgentLib/normal/x86_64/FBXCAXClientProxy.d --analyze /Users/oikhlas/.appium/node_modules/appium-xcuitest-driver/node_modules/appium-webdriveragent/WebDriverAgentLib/Utilities/FBXCAXClientProxy.m -o /Users/oikhlas/Library/Developer/Xcode/DerivedData/WebDriverAgent-bcmeffsllcldukgyoimwiehwhvyz/Build/Intermediates.noindex/WebDriverAgent.build/Debug-iphonesimulator/WebDriverAgentLib.build/StaticAnalyzer/WebDriverAgent/WebDriverAgentLib/normal/x86_64/FBXCAXClientProxy.plist
&amp#27;[38;5;173m[Xcode]&amp#27;[0m 
&amp#27;[38;5;173m[Xcode]&amp#27;[0m 
&amp#27;[38;5;173m[Xcode]&amp#27;[0m Analyze /Users/oikhlas/.appium/node_modules/appium-xcuitest-driver/node_modules/appium-webdriveragent/WebDriverAgentLib/Utilities/FBW3CActionsSynthesizer.m normal x86_64 (in target 'WebDriverAgentLib' from project 'WebDriverAgent')
&amp#27;[38;5;173m[Xcode]&amp#27;[0m     cd /Users/oikhlas/.appium/node_modules/appium-xcuitest-driver/node_modules/appium-webdriveragent
&amp#27;[38;5;173m[Xcode]&amp#27;[0m     /Applications/Xcode.app/Contents/Developer/Toolchains/XcodeDefault.xctoolchain/usr/bin/clang -x objective-c -target x86_64-apple-ios16.0-simulator -fmessage-length\=0 -fdiagnostics-show-note-include-stack -fmacro-backtrace-limit\=0 -std\=gnu99 -fobjc-arc -fmodules -gmodules -fmodules-cache-path\=/Users/oikhlas/Library/Developer/Xcode/DerivedData/ModuleCache.noindex -fmodules-prune-interval\=86400 -fmodules-prune-after\=345600 -fbuild-session-file\=/Users/oikhlas/Library/Developer/Xcode/DerivedData/ModuleCache.noindex/Session.modulevalidation -fmodules-validate-once-per-build-session -Wno-trigraphs -fpascal-strings -O0 -fno-common -Wmissing-field-initializers -Wno-missing-prototypes -Werror\=return-type -Wunreachable-code -Wquoted-include-in-framework-header -Wno-implicit-atomic-properties -Werror\=deprecated-objc-isa-usage -Wno-objc-interface-ivars -Werror\=objc-root-class -Warc-repeated-use-of-weak -Wno-arc-maybe-repeated-use-of-weak -Wimplicit-retain-self -Wduplicate-method-match -Wno-missing-braces -Wparentheses -Wswitch -Wunused-function -Wno-unused-label -Wunused-parameter -Wunused-variable -Wunused-value -Wempty-body -Wuninitialized -Wconditional-uninitialized -Wno-unknown-pragmas -pedantic -Wshadow -Wno-four-char-constants -Wconversion -Wconstant-conversion -Wint-conversion -Wbool-conversion -Wenum-conversion -Wfloat-conversion -Wnon-literal-null-conversion -Wobjc-literal-conversion -Wassign-enum -Wsign-compare -Wshorten-64-to-32 -Wpointer-sign -Wno-newline-eof -Wno-selector -Wno-strict-selector-match -Wundeclared-selector -Wdeprecated-implementations -Wno-implicit-fallthrough -DDEBUG\=1 -DOBJC_OLD_DISPATCH_PROTOTYPES\=0 -isysroot /Applications/Xcode.app/Contents/Developer/Platforms/iPhoneSimulator.platform/Developer/SDKs/iPhoneSimulator16.0.sdk -fasm-blocks -fstrict-aliasing -Wprotocol -Wdeprecated-declarations -g -Wno-sign-conversion -Winfinite-recursion -Wcomma -Wblock-capture-autoreleasing -Wstrict-prototypes -Wno-semicolon-before-method-body -fobjc-abi-version\=2 -fobjc-legacy-dispatch -D__clang_analyzer__ -Xclang -analyzer-output\=plist-multi-file -Xclang -analyzer-config -Xclang path-diagnostics-alternate\=true -Xclang -analyzer-config -Xclang report-in-main-source-file\=true -Xclang -analyzer-checker -Xclang optin.osx.cocoa.localizability.NonLocalizedStringChecker -Xclang -analyzer-checker -Xclang security.insecureAPI.UncheckedReturn -Xclang -analyzer-checker -Xclang security.insecureAPI.getpw -Xclang -analyzer-checker -Xclang security.insecureAPI.gets -Xclang -analyzer-checker -Xclang security.insecureAPI.mkstemp -Xclang -analyzer-checker -Xclang security.insecureAPI.mktemp -Xclang -analyzer-disable-checker -Xclang security.insecureAPI.rand -Xclang -analyzer-disable-checker -Xclang security.insecureAPI.strcpy -Xclang -analyzer-checker -Xclang security.insecureAPI.vfork -iquote /Users/oikhlas/Library/Developer/Xcode/DerivedData/WebDriverAgent-bcmeffsllcldukgyoimwiehwhvyz/Build/Intermediates.noindex/WebDriverAgent.build/Debug-iphonesimulator/WebDriverAgentLib.build/WebDriverAgentLib-generated-files.hmap -I/Users/oikhlas/Library/Developer/Xcode/DerivedData/WebDriverAgent-bcmeffsllcldukgyoimwiehwhvyz/Build/Intermediates.noindex/WebDriverAgent.build/Debug-iphonesimulator/WebDriverAgentLib.build/WebDriverAgentLib-own-target-headers.hmap -I/Users/oikhlas/Library/Developer/Xcode/DerivedData/WebDriverAgent-bcmeffsllcldukgyoimwiehwhvyz/Build/Intermediates.noindex/WebDriverAgent.build/Debug-iphonesimulator/WebDriverAgentLib.build/WebDriverAgentLib-all-target-headers.hmap -iquote /Users/oikhlas/Library/Developer/Xcode/DerivedData/WebDriverAgent-bcmeffsllcldukgyoimwiehwhvyz/Build/Intermediates.noindex/WebDriverAgent.build/Debug-iphonesimulator/WebDriverAgentLib.build/WebDriverAgentLib-project-headers.hmap -I/Users/oikhlas/Library/Developer/Xcode/DerivedData/WebDriverAgent-bcmeffsllcldukgyoimwiehwhvyz/Build/Products/Debug-iphonesimulator/include -I/Applications/Xcode.app/Contents/Developer/Platforms/iPhoneSimulator.platform/Developer/SDKs/iPhoneSimulator16.0.sdk/usr/include/libxml2 -I/Users/oikhlas/.appium/node_modules/appium-xcuitest-driver/node_modules/appium-webdriveragent/Modules -I/Users/oikhlas/Library/Developer/Xcode/DerivedData/WebDriverAgent-bcmeffsllcldukgyoimwiehwhvyz/Build/Intermediates.noindex/WebDriverAgent.build/Debug-iphonesimulator/WebDriverAgentLib.build/DerivedSources-normal/x86_64 -I/Users/oikhlas/Library/Developer/Xcode/DerivedData/WebDriverAgent-bcmeffsllcldukgyoimwiehwhvyz/Build/Intermediates.noindex/WebDriverAgent.build/Debug-iphonesimulator/WebDriverAgentLib.build/DerivedSources/x86_64 -I/Users/oikhlas/Library/Developer/Xcode/DerivedData/WebDriverAgent-bcmeffsllcldukgyoimwiehwhvyz/Build/Intermediates.noindex/WebDriverAgent.build/Debug-iphonesimulator/WebDriverAgentLib.build/DerivedSources -Weverything -Wno-objc-missing-property-synthesis -Wno-unused-macros -Wno-disabled-macro-expansion -Wno-gnu-statement-expression -Wno-language-extension-token -Wno-overriding-method-mismatch -Wno-missing-variable-declarations -Rno-module-build -Wno-auto-import -Wno-objc-interface-ivars -Wno-documentation-unknown-command -Wno-reserved-id-macro -Wno-unused-parameter -Wno-gnu-conditional-omitted-operand -Wno-explicit-ownership-type -Wno-date-time -Wno-cast-align -Wno-cstring-format-directive -Wno-double-promotion -Wno-partial-availability -Weverything -Wno-objc-missing-property-synthesis -Wno-unused-macros -Wno-disabled-macro-expansion -Wno-gnu-statement-expression -Wno-language-extension-token -Wno-overriding-method-mismatch -Wno-missing-variable-declarations -Rno-module-build -Wno-auto-import -Wno-objc-interface-ivars -Wno-documentation-unknown-command -Wno-reserved-id-macro -Wno-unused-parameter -Wno-gnu-conditional-omitted-operand -Wno-explicit-ownership-type -Wno-date-time -Wno-cast-align -Wno-cstring-format-directive -Wno-double-promotion -Wno-partial-availability -Wno-objc-messaging-id -Wno-direct-ivar-access -Wno-cast-qual -Wno-declaration-after-statement -F/Users/oikhlas/Library/Developer/Xcode/DerivedData/WebDriverAgent-bcmeffsllcldukgyoimwiehwhvyz/Build/Products/Debug-iphonesimulator -F/Applications/Xcode.app/Contents/Developer/Platforms/iPhoneSimulator.platform/Developer/Library/Frameworks -F/Applications/Xcode.app/Contents/Developer/Platforms/iPhoneSimulator.platform/Developer/Library/PrivateFrameworks -iframework /Applications/Xcode.app/Contents/Developer/Platforms/iPhoneSimulator.platform/Developer/SDKs/iPhoneSimulator16.0.sdk/Developer/Library/Frameworks -MMD -MT dependencies -MF /Users/oikhlas/Library/Developer/Xcode/DerivedData/WebDriverAgent-bcmeffsllcldukgyoimwiehwhvyz/Build/Intermediates.noindex/WebDriverAgent.build/Debug-iphonesimulator/WebDriverAgentLib.build/StaticAnalyzer/WebDriverAgent/WebDriverAgentLib/normal/x86_64/FBW3CActionsSynthesizer.d --analyze /Users/oikhlas/.appium/node_modules/appium-xcuitest-driver/node_modules/appium-webdriveragent/WebDriverAgentLib/Utilities/FBW3CActionsSynthesizer.m -o /Users/oikhlas/Library/Developer/Xcode/DerivedData/WebDriverAgent-bcmeffsllcldukgyoimwiehwhvyz/Build/Intermediates.noindex/WebDriverAgent.build/Debug-iphonesimulator/WebDriverAgentLib.build/StaticAnalyzer/WebDriverAgent/WebDriverAgentLib/normal/x86_64/FBW3CActionsSynthesizer.plist
&amp#27;[38;5;173m[Xcode]&amp#27;[0m 
&amp#27;[38;5;173m[Xcode]&amp#27;[0m 
&amp#27;[38;5;173m[Xcode]&amp#27;[0m Analyze /Users/oikhlas/.appium/node_modules/appium-xcuitest-driver/node_modules/appium-webdriveragent/WebDriverAgentLib/Utilities/FBW3CActionsHelpers.m normal x86_64 (in target 'WebDriverAgentLib' from project 'WebDriverAgent')
&amp#27;[38;5;173m[Xcode]&amp#27;[0m     cd /Users/oikhlas/.appium/node_modules/appium-xcuitest-driver/node_modules/appium-webdriveragent
&amp#27;[38;5;173m[Xcode]&amp#27;[0m     /Applications/Xcode.app/Contents/Developer/Toolchains/XcodeDefault.xctoolchain/usr/bin/clang -x objective-c -target x86_64-apple-ios16.0-simulator -fmessage-length\=0 -fdiagnostics-show-note-include-stack -fmacro-backtrace-limit\=0 -std\=gnu99 -fobjc-arc -fmodules -gmodules -fmodules-cache-path\=/Users/oikhlas/Library/Developer/Xcode/DerivedData/ModuleCache.noindex -fmodules-prune-interval\=86400 -fmodules-prune-after\=345600 -fbuild-session-file\=/Users/oikhlas/Library/Developer/Xcode/DerivedData/ModuleCache.noindex/Session.modulevalidation -fmodules-validate-once-per-build-session -Wno-trigraphs -fpascal-strings -O0 -fno-common -Wmissing-field-initializers -Wno-missing-prototypes -Werror\=return-type -Wunreachable-code -Wquoted-include-in-framework-header -Wno-implicit-atomic-properties -Werror\=deprecated-objc-isa-usage -Wno-objc-interface-ivars -Werror\=objc-root-class -Warc-repeated-use-of-weak -Wno-arc-maybe-repeated-use-of-weak -Wimplicit-retain-self -Wduplicate-method-match -Wno-missing-braces -Wparentheses -Wswitch -Wunused-function -Wno-unused-label -Wunused-parameter -Wunused-variable -Wunused-value -Wempty-body -Wuninitialized -Wconditional-uninitialized -Wno-unknown-pragmas -pedantic -Wshadow -Wno-four-char-constants -Wconversion -Wconstant-conversion -Wint-conversion -Wbool-conversion -Wenum-conversion -Wfloat-conversion -Wnon-literal-null-conversion -Wobjc-literal-conversion -Wassign-enum -Wsign-compare -Wshorten-64-to-32 -Wpointer-sign -Wno-newline-eof -Wno-selector -Wno-strict-selector-match -Wundeclared-selector -Wdeprecated-implementations -Wno-implicit-fallthrough -DDEBUG\=1 -DOBJC_OLD_DISPATCH_PROTOTYPES\=0 -isysroot /Applications/Xcode.app/Contents/Developer/Platforms/iPhoneSimulator.platform/Developer/SDKs/iPhoneSimulator16.0.sdk -fasm-blocks -fstrict-aliasing -Wprotocol -Wdeprecated-declarations -g -Wno-sign-conversion -Winfinite-recursion -Wcomma -Wblock-capture-autoreleasing -Wstrict-prototypes -Wno-semicolon-before-method-body -fobjc-abi-version\=2 -fobjc-legacy-dispatch -D__clang_analyzer__ -Xclang -analyzer-output\=plist-multi-file -Xclang -analyzer-config -Xclang path-diagnostics-alternate\=true -Xclang -analyzer-config -Xclang report-in-main-source-file\=true -Xclang -analyzer-checker -Xclang optin.osx.cocoa.localizability.NonLocalizedStringChecker -Xclang -analyzer-checker -Xclang security.insecureAPI.UncheckedReturn -Xclang -analyzer-checker -Xclang security.insecureAPI.getpw -Xclang -analyzer-checker -Xclang security.insecureAPI.gets -Xclang -analyzer-checker -Xclang security.insecureAPI.mkstemp -Xclang -analyzer-checker -Xclang security.insecureAPI.mktemp -Xclang -analyzer-disable-checker -Xclang security.insecureAPI.rand -Xclang -analyzer-disable-checker -Xclang security.insecureAPI.strcpy -Xclang -analyzer-checker -Xclang security.insecureAPI.vfork -iquote /Users/oikhlas/Library/Developer/Xcode/DerivedData/WebDriverAgent-bcmeffsllcldukgyoimwiehwhvyz/Build/Intermediates.noindex/WebDriverAgent.build/Debug-iphonesimulator/WebDriverAgentLib.build/WebDriverAgentLib-generated-files.hmap -I/Users/oikhlas/Library/Developer/Xcode/DerivedData/WebDriverAgent-bcmeffsllcldukgyoimwiehwhvyz/Build/Intermediates.noindex/WebDriverAgent.build/Debug-iphonesimulator/WebDriverAgentLib.build/WebDriverAgentLib-own-target-headers.hmap -I/Users/oikhlas/Library/Developer/Xcode/DerivedData/WebDriverAgent-bcmeffsllcldukgyoimwiehwhvyz/Build/Intermediates.noindex/WebDriverAgent.build/Debug-iphonesimulator/WebDriverAgentLib.build/WebDriverAgentLib-all-target-headers.hmap -iquote /Users/oikhlas/Library/Developer/Xcode/DerivedData/WebDriverAgent-bcmeffsllcldukgyoimwiehwhvyz/Build/Intermediates.noindex/WebDriverAgent.build/Debug-iphonesimulator/WebDriverAgentLib.build/WebDriverAgentLib-project-headers.hmap -I/Users/oikhlas/Library/Developer/Xcode/DerivedData/WebDriverAgent-bcmeffsllcldukgyoimwiehwhvyz/Build/Products/Debug-iphonesimulator/include -I/Applications/Xcode.app/Contents/Developer/Platforms/iPhoneSimulator.platform/Developer/SDKs/iPhoneSimulator16.0.sdk/usr/include/libxml2 -I/Users/oikhlas/.appium/node_modules/appium-xcuitest-driver/node_modules/appium-webdriveragent/Modules -I/Users/oikhlas/Library/Developer/Xcode/DerivedData/WebDriverAgent-bcmeffsllcldukgyoimwiehwhvyz/Build/Intermediates.noindex/WebDriverAgent.build/Debug-iphonesimulator/WebDriverAgentLib.build/DerivedSources-normal/x86_64 -I/Users/oikhlas/Library/Developer/Xcode/DerivedData/WebDriverAgent-bcmeffsllcldukgyoimwiehwhvyz/Build/Intermediates.noindex/WebDriverAgent.build/Debug-iphonesimulator/WebDriverAgentLib.build/DerivedSources/x86_64 -I/Users/oikhlas/Library/Developer/Xcode/DerivedData/WebDriverAgent-bcmeffsllcldukgyoimwiehwhvyz/Build/Intermediates.noindex/WebDriverAgent.build/Debug-iphonesimulator/WebDriverAgentLib.build/DerivedSources -Weverything -Wno-objc-missing-property-synthesis -Wno-unused-macros -Wno-disabled-macro-expansion -Wno-gnu-statement-expression -Wno-language-extension-token -Wno-overriding-method-mismatch -Wno-missing-variable-declarations -Rno-module-build -Wno-auto-import -Wno-objc-interface-ivars -Wno-documentation-unknown-command -Wno-reserved-id-macro -Wno-unused-parameter -Wno-gnu-conditional-omitted-operand -Wno-explicit-ownership-type -Wno-date-time -Wno-cast-align -Wno-cstring-format-directive -Wno-double-promotion -Wno-partial-availability -Weverything -Wno-objc-missing-property-synthesis -Wno-unused-macros -Wno-disabled-macro-expansion -Wno-gnu-statement-expression -Wno-language-extension-token -Wno-overriding-method-mismatch -Wno-missing-variable-declarations -Rno-module-build -Wno-auto-import -Wno-objc-interface-ivars -Wno-documentation-unknown-command -Wno-reserved-id-macro -Wno-unused-parameter -Wno-gnu-conditional-omitted-operand -Wno-explicit-ownership-type -Wno-date-time -Wno-cast-align -Wno-cstring-format-directive -Wno-double-promotion -Wno-partial-availability -Wno-objc-messaging-id -Wno-direct-ivar-access -Wno-cast-qual -Wno-declaration-after-statement -F/Users/oikhlas/Library/Developer/Xcode/DerivedData/WebDriverAgent-bcmeffsllcldukgyoimwiehwhvyz/Build/Products/Debug-iphonesimulator -F/Applications/Xcode.app/Contents/Developer/Platforms/iPhoneSimulator.platform/Developer/Library/Frameworks -F/Applications/Xcode.app/Contents/Developer/Platforms/iPhoneSimulator.platform/Developer/Library/PrivateFrameworks -iframework /Applications/Xcode.app/Contents/Developer/Platforms/iPhoneSimulator.platform/Developer/SDKs/iPhoneSimulator16.0.sdk/Developer/Library/Frameworks -MMD -MT dependencies -MF /Users/oikhlas/Library/Developer/Xcode/DerivedData/WebDriverAgent-bcmeffsllcldukgyoimwiehwhvyz/Build/Intermediates.noindex/WebDriverAgent.build/Debug-iphonesimulator/WebDriverAgentLib.build/StaticAnalyzer/WebDriverAgent/WebDriverAgentLib/normal/x86_64/FBW3CActionsHelpers.d --analyze /Users/oikhlas/.appium/node_modules/appium-xcuitest-driver/node_modules/appium-webdriveragent/WebDriverAgentLib/Utilities/FBW3CActionsHelpers.m -o /Users/oikhlas/Library/Developer/Xcode/DerivedData/WebDriverAgent-bcmeffsllcldukgyoimwiehwhvyz/Build/Intermediates.noindex/WebDriverAgent.build/Debug-iphonesimulator/WebDriverAgentLib.build/StaticAnalyzer/WebDriverAgent/WebDriverAgentLib/normal/x86_64/FBW3CActionsHelpers.plist
&amp#27;[38;5;173m[Xcode]&amp#27;[0m 
&amp#27;[38;5;173m[Xcode]&amp#27;[0m 
&amp#27;[38;5;173m[Xcode]&amp#27;[0m Analyze /Users/oikhlas/.appium/node_modules/appium-xcuitest-driver/node_modules/appium-webdriveragent/WebDriverAgentLib/Utilities/FBUnattachedAppLauncher.m normal x86_64 (in target 'WebDriverAgentLib' from project 'WebDriverAgent')
&amp#27;[38;5;173m[Xcode]&amp#27;[0m     cd /Users/oikhlas/.appium/node_modules/appium-xcuitest-driver/node_modules/appium-webdriveragent
&amp#27;[38;5;173m[Xcode]&amp#27;[0m     /Applications/Xcode.app/Contents/Developer/Toolchains/XcodeDefault.xctoolchain/usr/bin/clang -x objective-c -target x86_64-apple-ios16.0-simulator -fmessage-length\=0 -fdiagnostics-show-note-include-stack -fmacro-backtrace-limit\=0 -std\=gnu99 -fobjc-arc -fmodules -gmodules -fmodules-cache-path\=/Users/oikhlas/Library/Developer/Xcode/DerivedData/ModuleCache.noindex -fmodules-prune-interval\=86400 -fmodules-prune-after\=345600 -fbuild-session-file\=/Users/oikhlas/Library/Developer/Xcode/DerivedData/ModuleCache.noindex/Session.modulevalidation -fmodules-validate-once-per-build-session -Wno-trigraphs -fpascal-strings -O0 -fno-common -Wmissing-field-initializers -Wno-missing-prototypes -Werror\=return-type -Wunreachable-code -Wquoted-include-in-framework-header -Wno-implicit-atomic-properties -Werror\=deprecated-objc-isa-usage -Wno-objc-interface-ivars -Werror\=objc-root-class -Warc-repeated-use-of-weak -Wno-arc-maybe-repeated-use-of-weak -Wimplicit-retain-self -Wduplicate-method-match -Wno-missing-braces -Wparentheses -Wswitch -Wunused-function -Wno-unused-label -Wunused-parameter -Wunused-variable -Wunused-value -Wempty-body -Wuninitialized -Wconditional-uninitialized -Wno-unknown-pragmas -pedantic -Wshadow -Wno-four-char-constants -Wconversion -Wconstant-conversion -Wint-conversion -Wbool-conversion -Wenum-conversion -Wfloat-conversion -Wnon-literal-null-conversion -Wobjc-literal-conversion -Wassign-enum -Wsign-compare -Wshorten-64-to-32 -Wpointer-sign -Wno-newline-eof -Wno-selector -Wno-strict-selector-match -Wundeclared-selector -Wdeprecated-implementations -Wno-implicit-fallthrough -DDEBUG\=1 -DOBJC_OLD_DISPATCH_PROTOTYPES\=0 -isysroot /Applications/Xcode.app/Contents/Developer/Platforms/iPhoneSimulator.platform/Developer/SDKs/iPhoneSimulator16.0.sdk -fasm-blocks -fstrict-aliasing -Wprotocol -Wdeprecated-declarations -g -Wno-sign-conversion -Winfinite-recursion -Wcomma -Wblock-capture-autoreleasing -Wstrict-prototypes -Wno-semicolon-before-method-body -fobjc-abi-version\=2 -fobjc-legacy-dispatch -D__clang_analyzer__ -Xclang -analyzer-output\=plist-multi-file -Xclang -analyzer-config -Xclang path-diagnostics-alternate\=true -Xclang -analyzer-config -Xclang report-in-main-source-file\=true -Xclang -analyzer-checker -Xclang optin.osx.cocoa.localizability.NonLocalizedStringChecker -Xclang -analyzer-checker -Xclang security.insecureAPI.UncheckedReturn -Xclang -analyzer-checker -Xclang security.insecureAPI.getpw -Xclang -analyzer-checker -Xclang security.insecureAPI.gets -Xclang -analyzer-checker -Xclang security.insecureAPI.mkstemp -Xclang -analyzer-checker -Xclang security.insecureAPI.mktemp -Xclang -analyzer-disable-checker -Xclang security.insecureAPI.rand -Xclang -analyzer-disable-checker -Xclang security.insecureAPI.strcpy -Xclang -analyzer-checker -Xclang security.insecureAPI.vfork -iquote /Users/oikhlas/Library/Developer/Xcode/DerivedData/WebDriverAgent-bcmeffsllcldukgyoimwiehwhvyz/Build/Intermediates.noindex/WebDriverAgent.build/Debug-iphonesimulator/WebDriverAgentLib.build/WebDriverAgentLib-generated-files.hmap -I/Users/oikhlas/Library/Developer/Xcode/DerivedData/WebDriverAgent-bcmeffsllcldukgyoimwiehwhvyz/Build/Intermediates.noindex/WebDriverAgent.build/Debug-iphonesimulator/WebDriverAgentLib.build/WebDriverAgentLib-own-target-headers.hmap -I/Users/oikhlas/Library/Developer/Xcode/DerivedData/WebDriverAgent-bcmeffsllcldukgyoimwiehwhvyz/Build/Intermediates.noindex/WebDriverAgent.build/Debug-iphonesimulator/WebDriverAgentLib.build/WebDriverAgentLib-all-target-headers.hmap -iquote /Users/oikhlas/Library/Developer/Xcode/DerivedData/WebDriverAgent-bcmeffsllcldukgyoimwiehwhvyz/Build/Intermediates.noindex/WebDriverAgent.build/Debug-iphonesimulator/WebDriverAgentLib.build/WebDriverAgentLib-project-headers.hmap -I/Users/oikhlas/Library/Developer/Xcode/DerivedData/WebDriverAgent-bcmeffsllcldukgyoimwiehwhvyz/Build/Products/Debug-iphonesimulator/include -I/Applications/Xcode.app/Contents/Developer/Platforms/iPhoneSimulator.platform/Developer/SDKs/iPhoneSimulator16.0.sdk/usr/include/libxml2 -I/Users/oikhlas/.appium/node_modules/appium-xcuitest-driver/node_modules/appium-webdriveragent/Modules -I/Users/oikhlas/Library/Developer/Xcode/DerivedData/WebDriverAgent-bcmeffsllcldukgyoimwiehwhvyz/Build/Intermediates.noindex/WebDriverAgent.build/Debug-iphonesimulator/WebDriverAgentLib.build/DerivedSources-normal/x86_64 -I/Users/oikhlas/Library/Developer/Xcode/DerivedData/WebDriverAgent-bcmeffsllcldukgyoimwiehwhvyz/Build/Intermediates.noindex/WebDriverAgent.build/Debug-iphonesimulator/WebDriverAgentLib.build/DerivedSources/x86_64 -I/Users/oikhlas/Library/Developer/Xcode/DerivedData/WebDriverAgent-bcmeffsllcldukgyoimwiehwhvyz/Build/Intermediates.noindex/WebDriverAgent.build/Debug-iphonesimulator/WebDriverAgentLib.build/DerivedSources -Weverything -Wno-objc-missing-property-synthesis -Wno-unused-macros -Wno-disabled-macro-expansion -Wno-gnu-statement-expression -Wno-language-extension-token -Wno-overriding-method-mismatch -Wno-missing-variable-declarations -Rno-module-build -Wno-auto-import -Wno-objc-interface-ivars -Wno-documentation-unknown-command -Wno-reserved-id-macro -Wno-unused-parameter -Wno-gnu-conditional-omitted-operand -Wno-explicit-ownership-type -Wno-date-time -Wno-cast-align -Wno-cstring-format-directive -Wno-double-promotion -Wno-partial-availability -Weverything -Wno-objc-missing-property-synthesis -Wno-unused-macros -Wno-disabled-macro-expansion -Wno-gnu-statement-expression -Wno-language-extension-token -Wno-overriding-method-mismatch -Wno-missing-variable-declarations -Rno-module-build -Wno-auto-import -Wno-objc-interface-ivars -Wno-documentation-unknown-command -Wno-reserved-id-macro -Wno-unused-parameter -Wno-gnu-conditional-omitted-operand -Wno-explicit-ownership-type -Wno-date-time -Wno-cast-align -Wno-cstring-format-directive -Wno-double-promotion -Wno-partial-availability -Wno-objc-messaging-id -Wno-direct-ivar-access -Wno-cast-qual -Wno-declaration-after-statement -F/Users/oikhlas/Library/Developer/Xcode/DerivedData/WebDriverAgent-bcmeffsllcldukgyoimwiehwhvyz/Build/Products/Debug-iphonesimulator -F/Applications/Xcode.app/Contents/Developer/Platforms/iPhoneSimulator.platform/Developer/Library/Frameworks -F/Applications/Xcode.app/Contents/Developer/Platforms/iPhoneSimulator.platform/Developer/Library/PrivateFrameworks -iframework /Applications/Xcode.app/Contents/Developer/Platforms/iPhoneSimulator.platform/Developer/SDKs/iPhoneSimulator16.0.sdk/Developer/Library/Frameworks -MMD -MT dependencies -MF /Users/oikhlas/Library/Developer/Xcode/DerivedData/WebDriverAgent-bcmeffsllcldukgyoimwiehwhvyz/Build/Intermediates.noindex/WebDriverAgent.build/Debug-iphonesimulator/WebDriverAgentLib.build/StaticAnalyzer/WebDriverAgent/WebDriverAgentLib/normal/x86_64/FBUnattachedAppLauncher.d --analyze /Users/oikhlas/.appium/node_modules/appium-xcuitest-driver/node_modules/appium-webdriveragent/WebDriverAgentLib/Utilities/FBUnattachedAppLauncher.m -o /Users/oikhlas/Library/Developer/Xcode/DerivedData/WebDriverAgent-bcmeffsllcldukgyoimwiehwhvyz/Build/Intermediates.noindex/WebDriverAgent.build/Debug-iphonesimulator/WebDriverAgentLib.build/StaticAnalyzer/WebDriverAgent/WebDriverAgentLib/normal/x86_64/FBUnattachedAppLauncher.plist
&amp#27;[38;5;173m[Xcode]&amp#27;[0m 
&amp#27;[38;5;173m[Xcode]&amp#27;[0m 
&amp#27;[38;5;173m[Xcode]&amp#27;[0m Analyze /Users/oikhlas/.appium/node_modules/appium-xcuitest-driver/node_modules/appium-webdriveragent/WebDriverAgentLib/Utilities/FBTVNavigationTracker.m normal x86_64 (in target 'WebDriverAgentLib' from project 'WebDriverAgent')
&amp#27;[38;5;173m[Xcode]&amp#27;[0m     cd /Users/oikhlas/.appium/node_modules/appium-xcuitest-driver/node_modules/appium-webdriveragent
&amp#27;[38;5;173m[Xcode]&amp#27;[0m     /Applications/Xcode.app/Contents/Developer/Toolchains/XcodeDefault.xctoolchain/usr/bin/clang -x objective-c -target x86_64-apple-ios16.0-simulator -fmessage-length\=0 -fdiagnostics-show-note-include-stack -fmacro-backtrace-limit\=0 -std\=gnu99 -fobjc-arc -fmodules -gmodules -fmodules-cache-path\=/Users/oikhlas/Library/Developer/Xcode/DerivedData/ModuleCache.noindex -fmodules-prune-interval\=86400 -fmodules-prune-after\=345600 -fbuild-session-file\=/Users/oikhlas/Library/Developer/Xcode/DerivedData/ModuleCache.noindex/Session.modulevalidation -fmodules-validate-once-per-build-session -Wno-trigraphs -fpascal-strings -O0 -fno-common -Wmissing-field-initializers -Wno-missing-prototypes -Werror\=return-type -Wunreachable-code -Wquoted-include-in-framework-header -Wno-implicit-atomic-properties -Werror\=deprecated-objc-isa-usage -Wno-objc-interface-ivars -Werror\=objc-root-class -Warc-repeated-use-of-weak -Wno-arc-maybe-repeated-use-of-weak -Wimplicit-retain-self -Wduplicate-method-match -Wno-missing-braces -Wparentheses -Wswitch -Wunused-function -Wno-unused-label -Wunused-parameter -Wunused-variable -Wunused-value -Wempty-body -Wuninitialized -Wconditional-uninitialized -Wno-unknown-pragmas -pedantic -Wshadow -Wno-four-char-constants -Wconversion -Wconstant-conversion -Wint-conversion -Wbool-conversion -Wenum-conversion -Wfloat-conversion -Wnon-literal-null-conversion -Wobjc-literal-conversion -Wassign-enum -Wsign-compare -Wshorten-64-to-32 -Wpointer-sign -Wno-newline-eof -Wno-selector -Wno-strict-selector-match -Wundeclared-selector -Wdeprecated-implementations -Wno-implicit-fallthrough -DDEBUG\=1 -DOBJC_OLD_DISPATCH_PROTOTYPES\=0 -isysroot /Applications/Xcode.app/Contents/Developer/Platforms/iPhoneSimulator.platform/Developer/SDKs/iPhoneSimulator16.0.sdk -fasm-blocks -fstrict-aliasing -Wprotocol -Wdeprecated-declarations -g -Wno-sign-conversion -Winfinite-recursion -Wcomma -Wblock-capture-autoreleasing -Wstrict-prototypes -Wno-semicolon-before-method-body -fobjc-abi-version\=2 -fobjc-legacy-dispatch -D__clang_analyzer__ -Xclang -analyzer-output\=plist-multi-file -Xclang -analyzer-config -Xclang path-diagnostics-alternate\=true -Xclang -analyzer-config -Xclang report-in-main-source-file\=true -Xclang -analyzer-checker -Xclang optin.osx.cocoa.localizability.NonLocalizedStringChecker -Xclang -analyzer-checker -Xclang security.insecureAPI.UncheckedReturn -Xclang -analyzer-checker -Xclang security.insecureAPI.getpw -Xclang -analyzer-checker -Xclang security.insecureAPI.gets -Xclang -analyzer-checker -Xclang security.insecureAPI.mkstemp -Xclang -analyzer-checker -Xclang security.insecureAPI.mktemp -Xclang -analyzer-disable-checker -Xclang security.insecureAPI.rand -Xclang -analyzer-disable-checker -Xclang security.insecureAPI.strcpy -Xclang -analyzer-checker -Xclang security.insecureAPI.vfork -iquote /Users/oikhlas/Library/Developer/Xcode/DerivedData/WebDriverAgent-bcmeffsllcldukgyoimwiehwhvyz/Build/Intermediates.noindex/WebDriverAgent.build/Debug-iphonesimulator/WebDriverAgentLib.build/WebDriverAgentLib-generated-files.hmap -I/Users/oikhlas/Library/Developer/Xcode/DerivedData/WebDriverAgent-bcmeffsllcldukgyoimwiehwhvyz/Build/Intermediates.noindex/WebDriverAgent.build/Debug-iphonesimulator/WebDriverAgentLib.build/WebDriverAgentLib-own-target-headers.hmap -I/Users/oikhlas/Library/Developer/Xcode/DerivedData/WebDriverAgent-bcmeffsllcldukgyoimwiehwhvyz/Build/Intermediates.noindex/WebDriverAgent.build/Debug-iphonesimulator/WebDriverAgentLib.build/WebDriverAgentLib-all-target-headers.hmap -iquote /Users/oikhlas/Library/Developer/Xcode/DerivedData/WebDriverAgent-bcmeffsllcldukgyoimwiehwhvyz/Build/Intermediates.noindex/WebDriverAgent.build/Debug-iphonesimulator/WebDriverAgentLib.build/WebDriverAgentLib-project-headers.hmap -I/Users/oikhlas/Library/Developer/Xcode/DerivedData/WebDriverAgent-bcmeffsllcldukgyoimwiehwhvyz/Build/Products/Debug-iphonesimulator/include -I/Applications/Xcode.app/Contents/Developer/Platforms/iPhoneSimulator.platform/Developer/SDKs/iPhoneSimulator16.0.sdk/usr/include/libxml2 -I/Users/oikhlas/.appium/node_modules/appium-xcuitest-driver/node_modules/appium-webdriveragent/Modules -I/Users/oikhlas/Library/Developer/Xcode/DerivedData/WebDriverAgent-bcmeffsllcldukgyoimwiehwhvyz/Build/Intermediates.noindex/WebDriverAgent.build/Debug-iphonesimulator/WebDriverAgentLib.build/DerivedSources-normal/x86_64 -I/Users/oikhlas/Library/Developer/Xcode/DerivedData/WebDriverAgent-bcmeffsllcldukgyoimwiehwhvyz/Build/Intermediates.noindex/WebDriverAgent.build/Debug-iphonesimulator/WebDriverAgentLib.build/DerivedSources/x86_64 -I/Users/oikhlas/Library/Developer/Xcode/DerivedData/WebDriverAgent-bcmeffsllcldukgyoimwiehwhvyz/Build/Intermediates.noindex/WebDriverAgent.build/Debug-iphonesimulator/WebDriverAgentLib.build/DerivedSources -Weverything -Wno-objc-missing-property-synthesis -Wno-unused-macros -Wno-disabled-macro-expansion -Wno-gnu-statement-expression -Wno-language-extension-token -Wno-overriding-method-mismatch -Wno-missing-variable-declarations -Rno-module-build -Wno-auto-import -Wno-objc-interface-ivars -Wno-documentation-unknown-command -Wno-reserved-id-macro -Wno-unused-parameter -Wno-gnu-conditional-omitted-operand -Wno-explicit-ownership-type -Wno-date-time -Wno-cast-align -Wno-cstring-format-directive -Wno-double-promotion -Wno-partial-availability -Weverything -Wno-objc-missing-property-synthesis -Wno-unused-macros -Wno-disabled-macro-expansion -Wno-gnu-statement-expression -Wno-language-extension-token -Wno-overriding-method-mismatch -Wno-missing-variable-declarations -Rno-module-build -Wno-auto-import -Wno-objc-interface-ivars -Wno-documentation-unknown-command -Wno-reserved-id-macro -Wno-unused-parameter -Wno-gnu-conditional-omitted-operand -Wno-explicit-ownership-type -Wno-date-time -Wno-cast-align -Wno-cstring-format-directive -Wno-double-promotion -Wno-partial-availability -Wno-objc-messaging-id -Wno-direct-ivar-access -Wno-cast-qual -Wno-declaration-after-statement -F/Users/oikhlas/Library/Developer/Xcode/DerivedData/WebDriverAgent-bcmeffsllcldukgyoimwiehwhvyz/Build/Products/Debug-iphonesimulator -F/Applications/Xcode.app/Contents/Developer/Platforms/iPhoneSimulator.platform/Developer/Library/Frameworks -F/Applications/Xcode.app/Contents/Developer/Platforms/iPhoneSimulator.platform/Developer/Library/PrivateFrameworks -iframework /Applications/Xcode.app/Contents/Developer/Platforms/iPhoneSimulator.platform/Developer/SDKs/iPhoneSimulator16.0.sdk/Developer/Library/Frameworks -MMD -MT dependencies -MF /Users/oikhlas/Library/Developer/Xcode/DerivedData/WebDriverAgent-bcmeffsllcldukgyoimwiehwhvyz/Build/Intermediates.noindex/WebDriverAgent.build/Debug-iphonesimulator/WebDriverAgentLib.build/StaticAnalyzer/WebDriverAgent/WebDriverAgentLib/normal/x86_64/FBTVNavigationTracker.d --analyze /Users/oikhlas/.appium/node_modules/appium-xcuitest-driver/node_modules/appium-webdriveragent/WebDriverAgentLib/Utilities/FBTVNavigationTracker.m -o /Users/oikhlas/Library/Developer/Xcode/DerivedData/WebDriverAgent-bcmeffsllcldukgyoimwiehwhvyz/Build/Intermediates.noindex/WebDriverAgent.build/Debug-iphonesimulator/WebDriverAgentLib.build/StaticAnalyzer/WebDriverAgent/WebDriverAgentLib/normal/x86_64/FBTVNavigationTracker.plist
&amp#27;[38;5;173m[Xcode]&amp#27;[0m 
&amp#27;[38;5;173m[Xcode]&amp#27;[0m 
&amp#27;[38;5;173m[Xcode]&amp#27;[0m Analyze /Users/oikhlas/.appium/node_modules/appium-xcuitest-driver/node_modules/appium-webdriveragent/WebDriverAgentLib/Utilities/FBSettings.m normal x86_64 (in target 'WebDriverAgentLib' from project 'WebDriverAgent')
&amp#27;[38;5;173m[Xcode]&amp#27;[0m     cd /Users/oikhlas/.appium/node_modules/appium-xcuitest-driver/node_modules/appium-webdriveragent
&amp#27;[38;5;173m[Xcode]&amp#27;[0m     /Applications/Xcode.app/Contents/Developer/Toolchains/XcodeDefault.xctoolchain/usr/bin/clang -x objective-c -target x86_64-apple-ios16.0-simulator -fmessage-length\=0 -fdiagnostics-show-note-include-stack -fmacro-backtrace-limit\=0 -std\=gnu99 -fobjc-arc -fmodules -gmodules -fmodules-cache-path\=/Users/oikhlas/Library/Developer/Xcode/DerivedData/ModuleCache.noindex -fmodules-prune-interval\=86400 -fmodules-prune-after\=345600 -fbuild-session-file\=/Users/oikhlas/Library/Developer/Xcode/DerivedData/ModuleCache.noindex/Session.modulevalidation -fmodules-validate-once-per-build-session -Wno-trigraphs -fpascal-strings -O0 -fno-common -Wmissing-field-initializers -Wno-missing-prototypes -Werror\=return-type -Wunreachable-code -Wquoted-include-in-framework-header -Wno-implicit-atomic-properties -Werror\=deprecated-objc-isa-usage -Wno-objc-interface-ivars -Werror\=objc-root-class -Warc-repeated-use-of-weak -Wno-arc-maybe-repeated-use-of-weak -Wimplicit-retain-self -Wduplicate-method-match -Wno-missing-braces -Wparentheses -Wswitch -Wunused-function -Wno-unused-label -Wunused-parameter -Wunused-variable -Wunused-value -Wempty-body -Wuninitialized -Wconditional-uninitialized -Wno-unknown-pragmas -pedantic -Wshadow -Wno-four-char-constants -Wconversion -Wconstant-conversion -Wint-conversion -Wbool-conversion -Wenum-conversion -Wfloat-conversion -Wnon-literal-null-conversion -Wobjc-literal-conversion -Wassign-enum -Wsign-compare -Wshorten-64-to-32 -Wpointer-sign -Wno-newline-eof -Wno-selector -Wno-strict-selector-match -Wundeclared-selector -Wdeprecated-implementations -Wno-implicit-fallthrough -DDEBUG\=1 -DOBJC_OLD_DISPATCH_PROTOTYPES\=0 -isysroot /Applications/Xcode.app/Contents/Developer/Platforms/iPhoneSimulator.platform/Developer/SDKs/iPhoneSimulator16.0.sdk -fasm-blocks -fstrict-aliasing -Wprotocol -Wdeprecated-declarations -g -Wno-sign-conversion -Winfinite-recursion -Wcomma -Wblock-capture-autoreleasing -Wstrict-prototypes -Wno-semicolon-before-method-body -fobjc-abi-version\=2 -fobjc-legacy-dispatch -D__clang_analyzer__ -Xclang -analyzer-output\=plist-multi-file -Xclang -analyzer-config -Xclang path-diagnostics-alternate\=true -Xclang -analyzer-config -Xclang report-in-main-source-file\=true -Xclang -analyzer-checker -Xclang optin.osx.cocoa.localizability.NonLocalizedStringChecker -Xclang -analyzer-checker -Xclang security.insecureAPI.UncheckedReturn -Xclang -analyzer-checker -Xclang security.insecureAPI.getpw -Xclang -analyzer-checker -Xclang security.insecureAPI.gets -Xclang -analyzer-checker -Xclang security.insecureAPI.mkstemp -Xclang -analyzer-checker -Xclang security.insecureAPI.mktemp -Xclang -analyzer-disable-checker -Xclang security.insecureAPI.rand -Xclang -analyzer-disable-checker -Xclang security.insecureAPI.strcpy -Xclang -analyzer-checker -Xclang security.insecureAPI.vfork -iquote /Users/oikhlas/Library/Developer/Xcode/DerivedData/WebDriverAgent-bcmeffsllcldukgyoimwiehwhvyz/Build/Intermediates.noindex/WebDriverAgent.build/Debug-iphonesimulator/WebDriverAgentLib.build/WebDriverAgentLib-generated-files.hmap -I/Users/oikhlas/Library/Developer/Xcode/DerivedData/WebDriverAgent-bcmeffsllcldukgyoimwiehwhvyz/Build/Intermediates.noindex/WebDriverAgent.build/Debug-iphonesimulator/WebDriverAgentLib.build/WebDriverAgentLib-own-target-headers.hmap -I/Users/oikhlas/Library/Developer/Xcode/DerivedData/WebDriverAgent-bcmeffsllcldukgyoimwiehwhvyz/Build/Intermediates.noindex/WebDriverAgent.build/Debug-iphonesimulator/WebDriverAgentLib.build/WebDriverAgentLib-all-target-headers.hmap -iquote /Users/oikhlas/Library/Developer/Xcode/DerivedData/WebDriverAgent-bcmeffsllcldukgyoimwiehwhvyz/Build/Intermediates.noindex/WebDriverAgent.build/Debug-iphonesimulator/WebDriverAgentLib.build/WebDriverAgentLib-project-headers.hmap -I/Users/oikhlas/Library/Developer/Xcode/DerivedData/WebDriverAgent-bcmeffsllcldukgyoimwiehwhvyz/Build/Products/Debug-iphonesimulator/include -I/Applications/Xcode.app/Contents/Developer/Platforms/iPhoneSimulator.platform/Developer/SDKs/iPhoneSimulator16.0.sdk/usr/include/libxml2 -I/Users/oikhlas/.appium/node_modules/appium-xcuitest-driver/node_modules/appium-webdriveragent/Modules -I/Users/oikhlas/Library/Developer/Xcode/DerivedData/WebDriverAgent-bcmeffsllcldukgyoimwiehwhvyz/Build/Intermediates.noindex/WebDriverAgent.build/Debug-iphonesimulator/WebDriverAgentLib.build/DerivedSources-normal/x86_64 -I/Users/oikhlas/Library/Developer/Xcode/DerivedData/WebDriverAgent-bcmeffsllcldukgyoimwiehwhvyz/Build/Intermediates.noindex/WebDriverAgent.build/Debug-iphonesimulator/WebDriverAgentLib.build/DerivedSources/x86_64 -I/Users/oikhlas/Library/Developer/Xcode/DerivedData/WebDriverAgent-bcmeffsllcldukgyoimwiehwhvyz/Build/Intermediates.noindex/WebDriverAgent.build/Debug-iphonesimulator/WebDriverAgentLib.build/DerivedSources -Weverything -Wno-objc-missing-property-synthesis -Wno-unused-macros -Wno-disabled-macro-expansion -Wno-gnu-statement-expression -Wno-language-extension-token -Wno-overriding-method-mismatch -Wno-missing-variable-declarations -Rno-module-build -Wno-auto-import -Wno-objc-interface-ivars -Wno-documentation-unknown-command -Wno-reserved-id-macro -Wno-unused-parameter -Wno-gnu-conditional-omitted-operand -Wno-explicit-ownership-type -Wno-date-time -Wno-cast-align -Wno-cstring-format-directive -Wno-double-promotion -Wno-partial-availability -Weverything -Wno-objc-missing-property-synthesis -Wno-unused-macros -Wno-disabled-macro-expansion -Wno-gnu-statement-expression -Wno-language-extension-token -Wno-overriding-method-mismatch -Wno-missing-variable-declarations -Rno-module-build -Wno-auto-import -Wno-objc-interface-ivars -Wno-documentation-unknown-command -Wno-reserved-id-macro -Wno-unused-parameter -Wno-gnu-conditional-omitted-operand -Wno-explicit-ownership-type -Wno-date-time -Wno-cast-align -Wno-cstring-format-directive -Wno-double-promotion -Wno-partial-availability -Wno-objc-messaging-id -Wno-direct-ivar-access -Wno-cast-qual -Wno-declaration-after-statement -F/Users/oikhlas/Library/Developer/Xcode/DerivedData/WebDriverAgent-bcmeffsllcldukgyoimwiehwhvyz/Build/Products/Debug-iphonesimulator -F/Applications/Xcode.app/Contents/Developer/Platforms/iPhoneSimulator.platform/Developer/Library/Frameworks -F/Applications/Xcode.app/Contents/Developer/Platforms/iPhoneSimulator.platform/Developer/Library/PrivateFrameworks -iframework /Applications/Xcode.app/Contents/Developer/Platforms/iPhoneSimulator.platform/Developer/SDKs/iPhoneSimulator16.0.sdk/Developer/Library/Frameworks -MMD -MT dependencies -MF /Users/oikhlas/Library/Developer/Xcode/DerivedData/WebDriverAgent-bcmeffsllcldukgyoimwiehwhvyz/Build/Intermediates.noindex/WebDriverAgent.build/Debug-iphonesimulator/WebDriverAgentLib.build/StaticAnalyzer/WebDriverAgent/WebDriverAgentLib/normal/x86_64/FBSettings.d --analyze /Users/oikhlas/.appium/node_modules/appium-xcuitest-driver/node_modules/appium-webdriveragent/WebDriverAgentLib/Utilities/FBSettings.m -o /Users/oikhlas/Library/Developer/Xcode/DerivedData/WebDriverAgent-bcmeffsllcldukgyoimwiehwhvyz/Build/Intermediates.noindex/WebDriverAgent.build/Debug-iphonesimulator/WebDriverAgentLib.build/StaticAnalyzer/WebDriverAgent/WebDriverAgentLib/normal/x86_64/FBSettings.plist
&amp#27;[38;5;173m[Xcode]&amp#27;[0m 
&amp#27;[38;5;173m[Xcode]&amp#27;[0m 
&amp#27;[38;5;173m[Xcode]&amp#27;[0m Analyze /Users/oikhlas/.appium/node_modules/appium-xcuitest-driver/node_modules/appium-webdriveragent/WebDriverAgentLib/Utilities/FBScreenshot.m normal x86_64 (in target 'WebDriverAgentLib' from project 'WebDriverAgent')
&amp#27;[38;5;173m[Xcode]&amp#27;[0m     cd /Users/oikhlas/.appium/node_modules/appium-xcuitest-driver/node_modules/appium-webdriveragent
&amp#27;[38;5;173m[Xcode]&amp#27;[0m     /Applications/Xcode.app/Contents/Developer/Toolchains/XcodeDefault.xctoolchain/usr/bin/clang -x objective-c -target x86_64-apple-ios16.0-simulator -fmessage-length\=0 -fdiagnostics-show-note-include-stack -fmacro-backtrace-limit\=0 -std\=gnu99 -fobjc-arc -fmodules -gmodules -fmodules-cache-path\=/Users/oikhlas/Library/Developer/Xcode/DerivedData/ModuleCache.noindex -fmodules-prune-interval\=86400 -fmodules-prune-after\=345600 -fbuild-session-file\=/Users/oikhlas/Library/Developer/Xcode/DerivedData/ModuleCache.noindex/Session.modulevalidation -fmodules-validate-once-per-build-session -Wno-trigraphs -fpascal-strings -O0 -fno-common -Wmissing-field-initializers -Wno-missing-prototypes -Werror\=return-type -Wunreachable-code -Wquoted-include-in-framework-header -Wno-implicit-atomic-properties -Werror\=deprecated-objc-isa-usage -Wno-objc-interface-ivars -Werror\=objc-root-class -Warc-repeated-use-of-weak -Wno-arc-maybe-repeated-use-of-weak -Wimplicit-retain-self -Wduplicate-method-match -Wno-missing-braces -Wparentheses -Wswitch -Wunused-function -Wno-unused-label -Wunused-parameter -Wunused-variable -Wunused-value -Wempty-body -Wuninitialized -Wconditional-uninitialized -Wno-unknown-pragmas -pedantic -Wshadow -Wno-four-char-constants -Wconversion -Wconstant-conversion -Wint-conversion -Wbool-conversion -Wenum-conversion -Wfloat-conversion -Wnon-literal-null-conversion -Wobjc-literal-conversion -Wassign-enum -Wsign-compare -Wshorten-64-to-32 -Wpointer-sign -Wno-newline-eof -Wno-selector -Wno-strict-selector-match -Wundeclared-selector -Wdeprecated-implementations -Wno-implicit-fallthrough -DDEBUG\=1 -DOBJC_OLD_DISPATCH_PROTOTYPES\=0 -isysroot /Applications/Xcode.app/Contents/Developer/Platforms/iPhoneSimulator.platform/Developer/SDKs/iPhoneSimulator16.0.sdk -fasm-blocks -fstrict-aliasing -Wprotocol -Wdeprecated-declarations -g -Wno-sign-conversion -Winfinite-recursion -Wcomma -Wblock-capture-autoreleasing -Wstrict-prototypes -Wno-semicolon-before-method-body -fobjc-abi-version\=2 -fobjc-legacy-dispatch -D__clang_analyzer__ -Xclang -analyzer-output\=plist-multi-file -Xclang -analyzer-config -Xclang path-diagnostics-alternate\=true -Xclang -analyzer-config -Xclang report-in-main-source-file\=true -Xclang -analyzer-checker -Xclang optin.osx.cocoa.localizability.NonLocalizedStringChecker -Xclang -analyzer-checker -Xclang security.insecureAPI.UncheckedReturn -Xclang -analyzer-checker -Xclang security.insecureAPI.getpw -Xclang -analyzer-checker -Xclang security.insecureAPI.gets -Xclang -analyzer-checker -Xclang security.insecureAPI.mkstemp -Xclang -analyzer-checker -Xclang security.insecureAPI.mktemp -Xclang -analyzer-disable-checker -Xclang security.insecureAPI.rand -Xclang -analyzer-disable-checker -Xclang security.insecureAPI.strcpy -Xclang -analyzer-checker -Xclang security.insecureAPI.vfork -iquote /Users/oikhlas/Library/Developer/Xcode/DerivedData/WebDriverAgent-bcmeffsllcldukgyoimwiehwhvyz/Build/Intermediates.noindex/WebDriverAgent.build/Debug-iphonesimulator/WebDriverAgentLib.build/WebDriverAgentLib-generated-files.hmap -I/Users/oikhlas/Library/Developer/Xcode/DerivedData/WebDriverAgent-bcmeffsllcldukgyoimwiehwhvyz/Build/Intermediates.noindex/WebDriverAgent.build/Debug-iphonesimulator/WebDriverAgentLib.build/WebDriverAgentLib-own-target-headers.hmap -I/Users/oikhlas/Library/Developer/Xcode/DerivedData/WebDriverAgent-bcmeffsllcldukgyoimwiehwhvyz/Build/Intermediates.noindex/WebDriverAgent.build/Debug-iphonesimulator/WebDriverAgentLib.build/WebDriverAgentLib-all-target-headers.hmap -iquote /Users/oikhlas/Library/Developer/Xcode/DerivedData/WebDriverAgent-bcmeffsllcldukgyoimwiehwhvyz/Build/Intermediates.noindex/WebDriverAgent.build/Debug-iphonesimulator/WebDriverAgentLib.build/WebDriverAgentLib-project-headers.hmap -I/Users/oikhlas/Library/Developer/Xcode/DerivedData/WebDriverAgent-bcmeffsllcldukgyoimwiehwhvyz/Build/Products/Debug-iphonesimulator/include -I/Applications/Xcode.app/Contents/Developer/Platforms/iPhoneSimulator.platform/Developer/SDKs/iPhoneSimulator16.0.sdk/usr/include/libxml2 -I/Users/oikhlas/.appium/node_modules/appium-xcuitest-driver/node_modules/appium-webdriveragent/Modules -I/Users/oikhlas/Library/Developer/Xcode/DerivedData/WebDriverAgent-bcmeffsllcldukgyoimwiehwhvyz/Build/Intermediates.noindex/WebDriverAgent.build/Debug-iphonesimulator/WebDriverAgentLib.build/DerivedSources-normal/x86_64 -I/Users/oikhlas/Library/Developer/Xcode/DerivedData/WebDriverAgent-bcmeffsllcldukgyoimwiehwhvyz/Build/Intermediates.noindex/WebDriverAgent.build/Debug-iphonesimulator/WebDriverAgentLib.build/DerivedSources/x86_64 -I/Users/oikhlas/Library/Developer/Xcode/DerivedData/WebDriverAgent-bcmeffsllcldukgyoimwiehwhvyz/Build/Intermediates.noindex/WebDriverAgent.build/Debug-iphonesimulator/WebDriverAgentLib.build/DerivedSources -Weverything -Wno-objc-missing-property-synthesis -Wno-unused-macros -Wno-disabled-macro-expansion -Wno-gnu-statement-expression -Wno-language-extension-token -Wno-overriding-method-mismatch -Wno-missing-variable-declarations -Rno-module-build -Wno-auto-import -Wno-objc-interface-ivars -Wno-documentation-unknown-command -Wno-reserved-id-macro -Wno-unused-parameter -Wno-gnu-conditional-omitted-operand -Wno-explicit-ownership-type -Wno-date-time -Wno-cast-align -Wno-cstring-format-directive -Wno-double-promotion -Wno-partial-availability -Weverything -Wno-objc-missing-property-synthesis -Wno-unused-macros -Wno-disabled-macro-expansion -Wno-gnu-statement-expression -Wno-language-extension-token -Wno-overriding-method-mismatch -Wno-missing-variable-declarations -Rno-module-build -Wno-auto-import -Wno-objc-interface-ivars -Wno-documentation-unknown-command -Wno-reserved-id-macro -Wno-unused-parameter -Wno-gnu-conditional-omitted-operand -Wno-explicit-ownership-type -Wno-date-time -Wno-cast-align -Wno-cstring-format-directive -Wno-double-promotion -Wno-partial-availability -Wno-objc-messaging-id -Wno-direct-ivar-access -Wno-cast-qual -Wno-declaration-after-statement -F/Users/oikhlas/Library/Developer/Xcode/DerivedData/WebDriverAgent-bcmeffsllcldukgyoimwiehwhvyz/Build/Products/Debug-iphonesimulator -F/Applications/Xcode.app/Contents/Developer/Platforms/iPhoneSimulator.platform/Developer/Library/Frameworks -F/Applications/Xcode.app/Contents/Developer/Platforms/iPhoneSimulator.platform/Developer/Library/PrivateFrameworks -iframework /Applications/Xcode.app/Contents/Developer/Platforms/iPhoneSimulator.platform/Developer/SDKs/iPhoneSimulator16.0.sdk/Developer/Library/Frameworks -MMD -MT dependencies -MF /Users/oikhlas/Library/Developer/Xcode/DerivedData/WebDriverAgent-bcmeffsllcldukgyoimwiehwhvyz/Build/Intermediates.noindex/WebDriverAgent.build/Debug-iphonesimulator/WebDriverAgentLib.build/StaticAnalyzer/WebDriverAgent/WebDriverAgentLib/normal/x86_64/FBScreenshot.d --analyze /Users/oikhlas/.appium/node_modules/appium-xcuitest-driver/node_modules/appium-webdriveragent/WebDriverAgentLib/Utilities/FBScreenshot.m -o /Users/oikhlas/Library/Developer/Xcode/DerivedData/WebDriverAgent-bcmeffsllcldukgyoimwiehwhvyz/Build/Intermediates.noindex/WebDriverAgent.build/Debug-iphonesimulator/WebDriverAgentLib.build/StaticAnalyzer/WebDriverAgent/WebDriverAgentLib/normal/x86_64/FBScreenshot.plist
&amp#27;[38;5;173m[Xcode]&amp#27;[0m 
&amp#27;[38;5;173m[Xcode]&amp#27;[0m 
&amp#27;[38;5;173m[Xcode]&amp#27;[0m Analyze /Users/oikhlas/.appium/node_modules/appium-xcuitest-driver/node_modules/appium-webdriveragent/WebDriverAgentLib/Utilities/FBScreen.m normal x86_64 (in target 'WebDriverAgentLib' from project 'WebDriverAgent')
&amp#27;[38;5;173m[Xcode]&amp#27;[0m     cd /Users/oikhlas/.appium/node_modules/appium-xcuitest-driver/node_modules/appium-webdriveragent
&amp#27;[38;5;173m[Xcode]&amp#27;[0m     /Applications/Xcode.app/Contents/Developer/Toolchains/XcodeDefault.xctoolchain/usr/bin/clang -x objective-c -target x86_64-apple-ios16.0-simulator -fmessage-length\=0 -fdiagnostics-show-note-include-stack -fmacro-backtrace-limit\=0 -std\=gnu99 -fobjc-arc -fmodules -gmodules -fmodules-cache-path\=/Users/oikhlas/Library/Developer/Xcode/DerivedData/ModuleCache.noindex -fmodules-prune-interval\=86400 -fmodules-prune-after\=345600 -fbuild-session-file\=/Users/oikhlas/Library/Developer/Xcode/DerivedData/ModuleCache.noindex/Session.modulevalidation -fmodules-validate-once-per-build-session -Wno-trigraphs -fpascal-strings -O0 -fno-common -Wmissing-field-initializers -Wno-missing-prototypes -Werror\=return-type -Wunreachable-code -Wquoted-include-in-framework-header -Wno-implicit-atomic-properties -Werror\=deprecated-objc-isa-usage -Wno-objc-interface-ivars -Werror\=objc-root-class -Warc-repeated-use-of-weak -Wno-arc-maybe-repeated-use-of-weak -Wimplicit-retain-self -Wduplicate-method-match -Wno-missing-braces -Wparentheses -Wswitch -Wunused-function -Wno-unused-label -Wunused-parameter -Wunused-variable -Wunused-value -Wempty-body -Wuninitialized -Wconditional-uninitialized -Wno-unknown-pragmas -pedantic -Wshadow -Wno-four-char-constants -Wconversion -Wconstant-conversion -Wint-conversion -Wbool-conversion -Wenum-conversion -Wfloat-conversion -Wnon-literal-null-conversion -Wobjc-literal-conversion -Wassign-enum -Wsign-compare -Wshorten-64-to-32 -Wpointer-sign -Wno-newline-eof -Wno-selector -Wno-strict-selector-match -Wundeclared-selector -Wdeprecated-implementations -Wno-implicit-fallthrough -DDEBUG\=1 -DOBJC_OLD_DISPATCH_PROTOTYPES\=0 -isysroot /Applications/Xcode.app/Contents/Developer/Platforms/iPhoneSimulator.platform/Developer/SDKs/iPhoneSimulator16.0.sdk -fasm-blocks -fstrict-aliasing -Wprotocol -Wdeprecated-declarations -g -Wno-sign-conversion -Winfinite-recursion -Wcomma -Wblock-capture-autoreleasing -Wstrict-prototypes -Wno-semicolon-before-method-body -fobjc-abi-version\=2 -fobjc-legacy-dispatch -D__clang_analyzer__ -Xclang -analyzer-output\=plist-multi-file -Xclang -analyzer-config -Xclang path-diagnostics-alternate\=true -Xclang -analyzer-config -Xclang report-in-main-source-file\=true -Xclang -analyzer-checker -Xclang optin.osx.cocoa.localizability.NonLocalizedStringChecker -Xclang -analyzer-checker -Xclang security.insecureAPI.UncheckedReturn -Xclang -analyzer-checker -Xclang security.insecureAPI.getpw -Xclang -analyzer-checker -Xclang security.insecureAPI.gets -Xclang -analyzer-checker -Xclang security.insecureAPI.mkstemp -Xclang -analyzer-checker -Xclang security.insecureAPI.mktemp -Xclang -analyzer-disable-checker -Xclang security.insecureAPI.rand -Xclang -analyzer-disable-checker -Xclang security.insecureAPI.strcpy -Xclang -analyzer-checker -Xclang security.insecureAPI.vfork -iquote /Users/oikhlas/Library/Developer/Xcode/DerivedData/WebDriverAgent-bcmeffsllcldukgyoimwiehwhvyz/Build/Intermediates.noindex/WebDriverAgent.build/Debug-iphonesimulator/WebDriverAgentLib.build/WebDriverAgentLib-generated-files.hmap -I/Users/oikhlas/Library/Developer/Xcode/DerivedData/WebDriverAgent-bcmeffsllcldukgyoimwiehwhvyz/Build/Intermediates.noindex/WebDriverAgent.build/Debug-iphonesimulator/WebDriverAgentLib.build/WebDriverAgentLib-own-target-headers.hmap -I/Users/oikhlas/Library/Developer/Xcode/DerivedData/WebDriverAgent-bcmeffsllcldukgyoimwiehwhvyz/Build/Intermediates.noindex/WebDriverAgent.build/Debug-iphonesimulator/WebDriverAgentLib.build/WebDriverAgentLib-all-target-headers.hmap -iquote /Users/oikhlas/Library/Developer/Xcode/DerivedData/WebDriverAgent-bcmeffsllcldukgyoimwiehwhvyz/Build/Intermediates.noindex/WebDriverAgent.build/Debug-iphonesimulator/WebDriverAgentLib.build/WebDriverAgentLib-project-headers.hmap -I/Users/oikhlas/Library/Developer/Xcode/DerivedData/WebDriverAgent-bcmeffsllcldukgyoimwiehwhvyz/Build/Products/Debug-iphonesimulator/include -I/Applications/Xcode.app/Contents/Developer/Platforms/iPhoneSimulator.platform/Developer/SDKs/iPhoneSimulator16.0.sdk/usr/include/libxml2 -I/Users/oikhlas/.appium/node_modules/appium-xcuitest-driver/node_modules/appium-webdriveragent/Modules -I/Users/oikhlas/Library/Developer/Xcode/DerivedData/WebDriverAgent-bcmeffsllcldukgyoimwiehwhvyz/Build/Intermediates.noindex/WebDriverAgent.build/Debug-iphonesimulator/WebDriverAgentLib.build/DerivedSources-normal/x86_64 -I/Users/oikhlas/Library/Developer/Xcode/DerivedData/WebDriverAgent-bcmeffsllcldukgyoimwiehwhvyz/Build/Intermediates.noindex/WebDriverAgent.build/Debug-iphonesimulator/WebDriverAgentLib.build/DerivedSources/x86_64 -I/Users/oikhlas/Library/Developer/Xcode/DerivedData/WebDriverAgent-bcmeffsllcldukgyoimwiehwhvyz/Build/Intermediates.noindex/WebDriverAgent.build/Debug-iphonesimulator/WebDriverAgentLib.build/DerivedSources -Weverything -Wno-objc-missing-property-synthesis -Wno-unused-macros -Wno-disabled-macro-expansion -Wno-gnu-statement-expression -Wno-language-extension-token -Wno-overriding-method-mismatch -Wno-missing-variable-declarations -Rno-module-build -Wno-auto-import -Wno-objc-interface-ivars -Wno-documentation-unknown-command -Wno-reserved-id-macro -Wno-unused-parameter -Wno-gnu-conditional-omitted-operand -Wno-explicit-ownership-type -Wno-date-time -Wno-cast-align -Wno-cstring-format-directive -Wno-double-promotion -Wno-partial-availability -Weverything -Wno-objc-missing-property-synthesis -Wno-unused-macros -Wno-disabled-macro-expansion -Wno-gnu-statement-expression -Wno-language-extension-token -Wno-overriding-method-mismatch -Wno-missing-variable-declarations -Rno-module-build -Wno-auto-import -Wno-objc-interface-ivars -Wno-documentation-unknown-command -Wno-reserved-id-macro -Wno-unused-parameter -Wno-gnu-conditional-omitted-operand -Wno-explicit-ownership-type -Wno-date-time -Wno-cast-align -Wno-cstring-format-directive -Wno-double-promotion -Wno-partial-availability -Wno-objc-messaging-id -Wno-direct-ivar-access -Wno-cast-qual -Wno-declaration-after-statement -F/Users/oikhlas/Library/Developer/Xcode/DerivedData/WebDriverAgent-bcmeffsllcldukgyoimwiehwhvyz/Build/Products/Debug-iphonesimulator -F/Applications/Xcode.app/Contents/Developer/Platforms/iPhoneSimulator.platform/Developer/Library/Frameworks -F/Applications/Xcode.app/Contents/Developer/Platforms/iPhoneSimulator.platform/Developer/Library/PrivateFrameworks -iframework /Applications/Xcode.app/Contents/Developer/Platforms/iPhoneSimulator.platform/Developer/SDKs/iPhoneSimulator16.0.sdk/Developer/Library/Frameworks -MMD -MT dependencies -MF /Users/oikhlas/Library/Developer/Xcode/DerivedData/WebDriverAgent-bcmeffsllcldukgyoimwiehwhvyz/Build/Intermediates.noindex/WebDriverAgent.build/Debug-iphonesimulator/WebDriverAgentLib.build/StaticAnalyzer/WebDriverAgent/WebDriverAgentLib/normal/x86_64/FBScreen.d --analyze /Users/oikhlas/.appium/node_modules/appium-xcuitest-driver/node_modules/appium-webdriveragent/WebDriverAgentLib/Utilities/FBScreen.m -o /Users/oikhlas/Library/Developer/Xcode/DerivedData/WebDriverAgent-bcmeffsllcldukgyoimwiehwhvyz/Build/Intermediates.noindex/WebDriverAgent.build/Debug-iphonesimulator/WebDriverAgentLib.build/StaticAnalyzer/WebDriverAgent/WebDriverAgentLib/normal/x86_64/FBScreen.plist
&amp#27;[38;5;173m[Xcode]&amp#27;[0m 
&amp#27;[38;5;173m[Xcode]&amp#27;[0m 
&amp#27;[38;5;173m[Xcode]&amp#27;[0m Analyze /Users/oikhlas/.appium/node_modules/appium-xcuitest-driver/node_modules/appium-webdriveragent/WebDriverAgentLib/Utilities/FBRuntimeUtils.m normal x86_64 (in target 'WebDriverAgentLib' from project 'WebDriverAgent')
&amp#27;[38;5;173m[Xcode]&amp#27;[0m     cd /Users/oikhlas/.appium/node_modules/appium-xcuitest-driver/node_modules/appium-webdriveragent
&amp#27;[38;5;173m[Xcode]&amp#27;[0m     /Applications/Xcode.app/Contents/Developer/Toolchains/XcodeDefault.xctoolchain/usr/bin/clang -x objective-c -target x86_64-apple-ios16.0-simulator -fmessage-length\=0 -fdiagnostics-show-note-include-stack -fmacro-backtrace-limit\=0 -std\=gnu99 -fobjc-arc -fmodules -gmodules -fmodules-cache-path\=/Users/oikhlas/Library/Developer/Xcode/DerivedData/ModuleCache.noindex -fmodules-prune-interval\=86400 -fmodules-prune-after\=345600 -fbuild-session-file\=/Users/oikhlas/Library/Developer/Xcode/DerivedData/ModuleCache.noindex/Session.modulevalidation -fmodules-validate-once-per-build-session -Wno-trigraphs -fpascal-strings -O0 -fno-common -Wmissing-field-initializers -Wno-missing-prototypes -Werror\=return-type -Wunreachable-code -Wquoted-include-in-framework-header -Wno-implicit-atomic-properties -Werror\=deprecated-objc-isa-usage -Wno-objc-interface-ivars -Werror\=objc-root-class -Warc-repeated-use-of-weak -Wno-arc-maybe-repeated-use-of-weak -Wimplicit-retain-self -Wduplicate-method-match -Wno-missing-braces -Wparentheses -Wswitch -Wunused-function -Wno-unused-label -Wunused-parameter -Wunused-variable -Wunused-value -Wempty-body -Wuninitialized -Wconditional-uninitialized -Wno-unknown-pragmas -pedantic -Wshadow -Wno-four-char-constants -Wconversion -Wconstant-conversion -Wint-conversion -Wbool-conversion -Wenum-conversion -Wfloat-conversion -Wnon-literal-null-conversion -Wobjc-literal-conversion -Wassign-enum -Wsign-compare -Wshorten-64-to-32 -Wpointer-sign -Wno-newline-eof -Wno-selector -Wno-strict-selector-match -Wundeclared-selector -Wdeprecated-implementations -Wno-implicit-fallthrough -DDEBUG\=1 -DOBJC_OLD_DISPATCH_PROTOTYPES\=0 -isysroot /Applications/Xcode.app/Contents/Developer/Platforms/iPhoneSimulator.platform/Developer/SDKs/iPhoneSimulator16.0.sdk -fasm-blocks -fstrict-aliasing -Wprotocol -Wdeprecated-declarations -g -Wno-sign-conversion -Winfinite-recursion -Wcomma -Wblock-capture-autoreleasing -Wstrict-prototypes -Wno-semicolon-before-method-body -fobjc-abi-version\=2 -fobjc-legacy-dispatch -D__clang_analyzer__ -Xclang -analyzer-output\=plist-multi-file -Xclang -analyzer-config -Xclang path-diagnostics-alternate\=true -Xclang -analyzer-config -Xclang report-in-main-source-file\=true -Xclang -analyzer-checker -Xclang optin.osx.cocoa.localizability.NonLocalizedStringChecker -Xclang -analyzer-checker -Xclang security.insecureAPI.UncheckedReturn -Xclang -analyzer-checker -Xclang security.insecureAPI.getpw -Xclang -analyzer-checker -Xclang security.insecureAPI.gets -Xclang -analyzer-checker -Xclang security.insecureAPI.mkstemp -Xclang -analyzer-checker -Xclang security.insecureAPI.mktemp -Xclang -analyzer-disable-checker -Xclang security.insecureAPI.rand -Xclang -analyzer-disable-checker -Xclang security.insecureAPI.strcpy -Xclang -analyzer-checker -Xclang security.insecureAPI.vfork -iquote /Users/oikhlas/Library/Developer/Xcode/DerivedData/WebDriverAgent-bcmeffsllcldukgyoimwiehwhvyz/Build/Intermediates.noindex/WebDriverAgent.build/Debug-iphonesimulator/WebDriverAgentLib.build/WebDriverAgentLib-generated-files.hmap -I/Users/oikhlas/Library/Developer/Xcode/DerivedData/WebDriverAgent-bcmeffsllcldukgyoimwiehwhvyz/Build/Intermediates.noindex/WebDriverAgent.build/Debug-iphonesimulator/WebDriverAgentLib.build/WebDriverAgentLib-own-target-headers.hmap -I/Users/oikhlas/Library/Developer/Xcode/DerivedData/WebDriverAgent-bcmeffsllcldukgyoimwiehwhvyz/Build/Intermediates.noindex/WebDriverAgent.build/Debug-iphonesimulator/WebDriverAgentLib.build/WebDriverAgentLib-all-target-headers.hmap -iquote /Users/oikhlas/Library/Developer/Xcode/DerivedData/WebDriverAgent-bcmeffsllcldukgyoimwiehwhvyz/Build/Intermediates.noindex/WebDriverAgent.build/Debug-iphonesimulator/WebDriverAgentLib.build/WebDriverAgentLib-project-headers.hmap -I/Users/oikhlas/Library/Developer/Xcode/DerivedData/WebDriverAgent-bcmeffsllcldukgyoimwiehwhvyz/Build/Products/Debug-iphonesimulator/include -I/Applications/Xcode.app/Contents/Developer/Platforms/iPhoneSimulator.platform/Developer/SDKs/iPhoneSimulator16.0.sdk/usr/include/libxml2 -I/Users/oikhlas/.appium/node_modules/appium-xcuitest-driver/node_modules/appium-webdriveragent/Modules -I/Users/oikhlas/Library/Developer/Xcode/DerivedData/WebDriverAgent-bcmeffsllcldukgyoimwiehwhvyz/Build/Intermediates.noindex/WebDriverAgent.build/Debug-iphonesimulator/WebDriverAgentLib.build/DerivedSources-normal/x86_64 -I/Users/oikhlas/Library/Developer/Xcode/DerivedData/WebDriverAgent-bcmeffsllcldukgyoimwiehwhvyz/Build/Intermediates.noindex/WebDriverAgent.build/Debug-iphonesimulator/WebDriverAgentLib.build/DerivedSources/x86_64 -I/Users/oikhlas/Library/Developer/Xcode/DerivedData/WebDriverAgent-bcmeffsllcldukgyoimwiehwhvyz/Build/Intermediates.noindex/WebDriverAgent.build/Debug-iphonesimulator/WebDriverAgentLib.build/DerivedSources -Weverything -Wno-objc-missing-property-synthesis -Wno-unused-macros -Wno-disabled-macro-expansion -Wno-gnu-statement-expression -Wno-language-extension-token -Wno-overriding-method-mismatch -Wno-missing-variable-declarations -Rno-module-build -Wno-auto-import -Wno-objc-interface-ivars -Wno-documentation-unknown-command -Wno-reserved-id-macro -Wno-unused-parameter -Wno-gnu-conditional-omitted-operand -Wno-explicit-ownership-type -Wno-date-time -Wno-cast-align -Wno-cstring-format-directive -Wno-double-promotion -Wno-partial-availability -Weverything -Wno-objc-missing-property-synthesis -Wno-unused-macros -Wno-disabled-macro-expansion -Wno-gnu-statement-expression -Wno-language-extension-token -Wno-overriding-method-mismatch -Wno-missing-variable-declarations -Rno-module-build -Wno-auto-import -Wno-objc-interface-ivars -Wno-documentation-unknown-command -Wno-reserved-id-macro -Wno-unused-parameter -Wno-gnu-conditional-omitted-operand -Wno-explicit-ownership-type -Wno-date-time -Wno-cast-align -Wno-cstring-format-directive -Wno-double-promotion -Wno-partial-availability -Wno-objc-messaging-id -Wno-direct-ivar-access -Wno-cast-qual -Wno-declaration-after-statement -F/Users/oikhlas/Library/Developer/Xcode/DerivedData/WebDriverAgent-bcmeffsllcldukgyoimwiehwhvyz/Build/Products/Debug-iphonesimulator -F/Applications/Xcode.app/Contents/Developer/Platforms/iPhoneSimulator.platform/Developer/Library/Frameworks -F/Applications/Xcode.app/Contents/Developer/Platforms/iPhoneSimulator.platform/Developer/Library/PrivateFrameworks -iframework /Applications/Xcode.app/Contents/Developer/Platforms/iPhoneSimulator.platform/Developer/SDKs/iPhoneSimulator16.0.sdk/Developer/Library/Frameworks -MMD -MT dependencies -MF /Users/oikhlas/Library/Developer/Xcode/DerivedData/WebDriverAgent-bcmeffsllcldukgyoimwiehwhvyz/Build/Intermediates.noindex/WebDriverAgent.build/Debug-iphonesimulator/WebDriverAgentLib.build/StaticAnalyzer/WebDriverAgent/WebDriverAgentLib/normal/x86_64/FBRuntimeUtils.d --analyze /Users/oikhlas/.appium/node_modules/appium-xcuitest-driver/node_modules/appium-webdriveragent/WebDriverAgentLib/Utilities/FBRuntimeUtils.m -o /Users/oikhlas/Library/Developer/Xcode/DerivedData/WebDriverAgent-bcmeffsllcldukgyoimwiehwhvyz/Build/Intermediates.noindex/WebDriverAgent.build/Debug-iphonesimulator/WebDriverAgentLib.build/StaticAnalyzer/WebDriverAgent/WebDriverAgentLib/normal/x86_64/FBRuntimeUtils.plist
&amp#27;[38;5;173m[Xcode]&amp#27;[0m 
&amp#27;[38;5;173m[Xcode]&amp#27;[0m 
&amp#27;[38;5;173m[Xcode]&amp#27;[0m Analyze /Users/oikhlas/.appium/node_modules/appium-xcuitest-driver/node_modules/appium-webdriveragent/WebDriverAgentLib/Utilities/FBRunLoopSpinner.m normal x86_64 (in target 'WebDriverAgentLib' from project 'WebDriverAgent')
&amp#27;[38;5;173m[Xcode]&amp#27;[0m     cd /Users/oikhlas/.appium/node_modules/appium-xcuitest-driver/node_modules/appium-webdriveragent
&amp#27;[38;5;173m[Xcode]&amp#27;[0m     /Applications/Xcode.app/Contents/Developer/Toolchains/XcodeDefault.xctoolchain/usr/bin/clang -x objective-c -target x86_64-apple-ios16.0-simulator -fmessage-length\=0 -fdiagnostics-show-note-include-stack -fmacro-backtrace-limit\=0 -std\=gnu99 -fobjc-arc -fmodules -gmodules -fmodules-cache-path\=/Users/oikhlas/Library/Developer/Xcode/DerivedData/ModuleCache.noindex -fmodules-prune-interval\=86400 -fmodules-prune-after\=345600 -fbuild-session-file\=/Users/oikhlas/Library/Developer/Xcode/DerivedData/ModuleCache.noindex/Session.modulevalidation -fmodules-validate-once-per-build-session -Wno-trigraphs -fpascal-strings -O0 -fno-common -Wmissing-field-initializers -Wno-missing-prototypes -Werror\=return-type -Wunreachable-code -Wquoted-include-in-framework-header -Wno-implicit-atomic-properties -Werror\=deprecated-objc-isa-usage -Wno-objc-interface-ivars -Werror\=objc-root-class -Warc-repeated-use-of-weak -Wno-arc-maybe-repeated-use-of-weak -Wimplicit-retain-self -Wduplicate-method-match -Wno-missing-braces -Wparentheses -Wswitch -Wunused-function -Wno-unused-label -Wunused-parameter -Wunused-variable -Wunused-value -Wempty-body -Wuninitialized -Wconditional-uninitialized -Wno-unknown-pragmas -pedantic -Wshadow -Wno-four-char-constants -Wconversion -Wconstant-conversion -Wint-conversion -Wbool-conversion -Wenum-conversion -Wfloat-conversion -Wnon-literal-null-conversion -Wobjc-literal-conversion -Wassign-enum -Wsign-compare -Wshorten-64-to-32 -Wpointer-sign -Wno-newline-eof -Wno-selector -Wno-strict-selector-match -Wundeclared-selector -Wdeprecated-implementations -Wno-implicit-fallthrough -DDEBUG\=1 -DOBJC_OLD_DISPATCH_PROTOTYPES\=0 -isysroot /Applications/Xcode.app/Contents/Developer/Platforms/iPhoneSimulator.platform/Developer/SDKs/iPhoneSimulator16.0.sdk -fasm-blocks -fstrict-aliasing -Wprotocol -Wdeprecated-declarations -g -Wno-sign-conversion -Winfinite-recursion -Wcomma -Wblock-capture-autoreleasing -Wstrict-prototypes -Wno-semicolon-before-method-body -fobjc-abi-version\=2 -fobjc-legacy-dispatch -D__clang_analyzer__ -Xclang -analyzer-output\=plist-multi-file -Xclang -analyzer-config -Xclang path-diagnostics-alternate\=true -Xclang -analyzer-config -Xclang report-in-main-source-file\=true -Xclang -analyzer-checker -Xclang optin.osx.cocoa.localizability.NonLocalizedStringChecker -Xclang -analyzer-checker -Xclang security.insecureAPI.UncheckedReturn -Xclang -analyzer-checker -Xclang security.insecureAPI.getpw -Xclang -analyzer-checker -Xclang security.insecureAPI.gets -Xclang -analyzer-checker -Xclang security.insecureAPI.mkstemp -Xclang -analyzer-checker -Xclang security.insecureAPI.mktemp -Xclang -analyzer-disable-checker -Xclang security.insecureAPI.rand -Xclang -analyzer-disable-checker -Xclang security.insecureAPI.strcpy -Xclang -analyzer-checker -Xclang security.insecureAPI.vfork -iquote /Users/oikhlas/Library/Developer/Xcode/DerivedData/WebDriverAgent-bcmeffsllcldukgyoimwiehwhvyz/Build/Intermediates.noindex/WebDriverAgent.build/Debug-iphonesimulator/WebDriverAgentLib.build/WebDriverAgentLib-generated-files.hmap -I/Users/oikhlas/Library/Developer/Xcode/DerivedData/WebDriverAgent-bcmeffsllcldukgyoimwiehwhvyz/Build/Intermediates.noindex/WebDriverAgent.build/Debug-iphonesimulator/WebDriverAgentLib.build/WebDriverAgentLib-own-target-headers.hmap -I/Users/oikhlas/Library/Developer/Xcode/DerivedData/WebDriverAgent-bcmeffsllcldukgyoimwiehwhvyz/Build/Intermediates.noindex/WebDriverAgent.build/Debug-iphonesimulator/WebDriverAgentLib.build/WebDriverAgentLib-all-target-headers.hmap -iquote /Users/oikhlas/Library/Developer/Xcode/DerivedData/WebDriverAgent-bcmeffsllcldukgyoimwiehwhvyz/Build/Intermediates.noindex/WebDriverAgent.build/Debug-iphonesimulator/WebDriverAgentLib.build/WebDriverAgentLib-project-headers.hmap -I/Users/oikhlas/Library/Developer/Xcode/DerivedData/WebDriverAgent-bcmeffsllcldukgyoimwiehwhvyz/Build/Products/Debug-iphonesimulator/include -I/Applications/Xcode.app/Contents/Developer/Platforms/iPhoneSimulator.platform/Developer/SDKs/iPhoneSimulator16.0.sdk/usr/include/libxml2 -I/Users/oikhlas/.appium/node_modules/appium-xcuitest-driver/node_modules/appium-webdriveragent/Modules -I/Users/oikhlas/Library/Developer/Xcode/DerivedData/WebDriverAgent-bcmeffsllcldukgyoimwiehwhvyz/Build/Intermediates.noindex/WebDriverAgent.build/Debug-iphonesimulator/WebDriverAgentLib.build/DerivedSources-normal/x86_64 -I/Users/oikhlas/Library/Developer/Xcode/DerivedData/WebDriverAgent-bcmeffsllcldukgyoimwiehwhvyz/Build/Intermediates.noindex/WebDriverAgent.build/Debug-iphonesimulator/WebDriverAgentLib.build/DerivedSources/x86_64 -I/Users/oikhlas/Library/Developer/Xcode/DerivedData/WebDriverAgent-bcmeffsllcldukgyoimwiehwhvyz/Build/Intermediates.noindex/WebDriverAgent.build/Debug-iphonesimulator/WebDriverAgentLib.build/DerivedSources -Weverything -Wno-objc-missing-property-synthesis -Wno-unused-macros -Wno-disabled-macro-expansion -Wno-gnu-statement-expression -Wno-language-extension-token -Wno-overriding-method-mismatch -Wno-missing-variable-declarations -Rno-module-build -Wno-auto-import -Wno-objc-interface-ivars -Wno-documentation-unknown-command -Wno-reserved-id-macro -Wno-unused-parameter -Wno-gnu-conditional-omitted-operand -Wno-explicit-ownership-type -Wno-date-time -Wno-cast-align -Wno-cstring-format-directive -Wno-double-promotion -Wno-partial-availability -Weverything -Wno-objc-missing-property-synthesis -Wno-unused-macros -Wno-disabled-macro-expansion -Wno-gnu-statement-expression -Wno-language-extension-token -Wno-overriding-method-mismatch -Wno-missing-variable-declarations -Rno-module-build -Wno-auto-import -Wno-objc-interface-ivars -Wno-documentation-unknown-command -Wno-reserved-id-macro -Wno-unused-parameter -Wno-gnu-conditional-omitted-operand -Wno-explicit-ownership-type -Wno-date-time -Wno-cast-align -Wno-cstring-format-directive -Wno-double-promotion -Wno-partial-availability -Wno-objc-messaging-id -Wno-direct-ivar-access -Wno-cast-qual -Wno-declaration-after-statement -F/Users/oikhlas/Library/Developer/Xcode/DerivedData/WebDriverAgent-bcmeffsllcldukgyoimwiehwhvyz/Build/Products/Debug-iphonesimulator -F/Applications/Xcode.app/Contents/Developer/Platforms/iPhoneSimulator.platform/Developer/Library/Frameworks -F/Applications/Xcode.app/Contents/Developer/Platforms/iPhoneSimulator.platform/Developer/Library/PrivateFrameworks -iframework /Applications/Xcode.app/Contents/Developer/Platforms/iPhoneSimulator.platform/Developer/SDKs/iPhoneSimulator16.0.sdk/Developer/Library/Frameworks -MMD -MT dependencies -MF /Users/oikhlas/Library/Developer/Xcode/DerivedData/WebDriverAgent-bcmeffsllcldukgyoimwiehwhvyz/Build/Intermediates.noindex/WebDriverAgent.build/Debug-iphonesimulator/WebDriverAgentLib.build/StaticAnalyzer/WebDriverAgent/WebDriverAgentLib/normal/x86_64/FBRunLoopSpinner.d --analyze /Users/oikhlas/.appium/node_modules/appium-xcuitest-driver/node_modules/appium-webdriveragent/WebDriverAgentLib/Utilities/FBRunLoopSpinner.m -o /Users/oikhlas/Library/Developer/Xcode/DerivedData/WebDriverAgent-bcmeffsllcldukgyoimwiehwhvyz/Build/Intermediates.noindex/WebDriverAgent.build/Debug-iphonesimulator/WebDriverAgentLib.build/StaticAnalyzer/WebDriverAgent/WebDriverAgentLib/normal/x86_64/FBRunLoopSpinner.plist
&amp#27;[38;5;173m[Xcode]&amp#27;[0m 
&amp#27;[38;5;173m[Xcode]&amp#27;[0m 
&amp#27;[38;5;173m[Xcode]&amp#27;[0m Analyze /Users/oikhlas/.appium/node_modules/appium-xcuitest-driver/node_modules/appium-webdriveragent/WebDriverAgentLib/Utilities/FBReflectionUtils.m normal x86_64 (in target 'WebDriverAgentLib' from project 'WebDriverAgent')
&amp#27;[38;5;173m[Xcode]&amp#27;[0m     cd /Users/oikhlas/.appium/node_modules/appium-xcuitest-driver/node_modules/appium-webdriveragent
&amp#27;[38;5;173m[Xcode]&amp#27;[0m     /Applications/Xcode.app/Contents/Developer/Toolchains/XcodeDefault.xctoolchain/usr/bin/clang -x objective-c -target x86_64-apple-ios16.0-simulator -fmessage-length\=0 -fdiagnostics-show-note-include-stack -fmacro-backtrace-limit\=0 -std\=gnu99 -fobjc-arc -fmodules -gmodules -fmodules-cache-path\=/Users/oikhlas/Library/Developer/Xcode/DerivedData/ModuleCache.noindex -fmodules-prune-interval\=86400 -fmodules-prune-after\=345600 -fbuild-session-file\=/Users/oikhlas/Library/Developer/Xcode/DerivedData/ModuleCache.noindex/Session.modulevalidation -fmodules-validate-once-per-build-session -Wno-trigraphs -fpascal-strings -O0 -fno-common -Wmissing-field-initializers -Wno-missing-prototypes -Werror\=return-type -Wunreachable-code -Wquoted-include-in-framework-header -Wno-implicit-atomic-properties -Werror\=deprecated-objc-isa-usage -Wno-objc-interface-ivars -Werror\=objc-root-class -Warc-repeated-use-of-weak -Wno-arc-maybe-repeated-use-of-weak -Wimplicit-retain-self -Wduplicate-method-match -Wno-missing-braces -Wparentheses -Wswitch -Wunused-function -Wno-unused-label -Wunused-parameter -Wunused-variable -Wunused-value -Wempty-body -Wuninitialized -Wconditional-uninitialized -Wno-unknown-pragmas -pedantic -Wshadow -Wno-four-char-constants -Wconversion -Wconstant-conversion -Wint-conversion -Wbool-conversion -Wenum-conversion -Wfloat-conversion -Wnon-literal-null-conversion -Wobjc-literal-conversion -Wassign-enum -Wsign-compare -Wshorten-64-to-32 -Wpointer-sign -Wno-newline-eof -Wno-selector -Wno-strict-selector-match -Wundeclared-selector -Wdeprecated-implementations -Wno-implicit-fallthrough -DDEBUG\=1 -DOBJC_OLD_DISPATCH_PROTOTYPES\=0 -isysroot /Applications/Xcode.app/Contents/Developer/Platforms/iPhoneSimulator.platform/Developer/SDKs/iPhoneSimulator16.0.sdk -fasm-blocks -fstrict-aliasing -Wprotocol -Wdeprecated-declarations -g -Wno-sign-conversion -Winfinite-recursion -Wcomma -Wblock-capture-autoreleasing -Wstrict-prototypes -Wno-semicolon-before-method-body -fobjc-abi-version\=2 -fobjc-legacy-dispatch -D__clang_analyzer__ -Xclang -analyzer-output\=plist-multi-file -Xclang -analyzer-config -Xclang path-diagnostics-alternate\=true -Xclang -analyzer-config -Xclang report-in-main-source-file\=true -Xclang -analyzer-checker -Xclang optin.osx.cocoa.localizability.NonLocalizedStringChecker -Xclang -analyzer-checker -Xclang security.insecureAPI.UncheckedReturn -Xclang -analyzer-checker -Xclang security.insecureAPI.getpw -Xclang -analyzer-checker -Xclang security.insecureAPI.gets -Xclang -analyzer-checker -Xclang security.insecureAPI.mkstemp -Xclang -analyzer-checker -Xclang security.insecureAPI.mktemp -Xclang -analyzer-disable-checker -Xclang security.insecureAPI.rand -Xclang -analyzer-disable-checker -Xclang security.insecureAPI.strcpy -Xclang -analyzer-checker -Xclang security.insecureAPI.vfork -iquote /Users/oikhlas/Library/Developer/Xcode/DerivedData/WebDriverAgent-bcmeffsllcldukgyoimwiehwhvyz/Build/Intermediates.noindex/WebDriverAgent.build/Debug-iphonesimulator/WebDriverAgentLib.build/WebDriverAgentLib-generated-files.hmap -I/Users/oikhlas/Library/Developer/Xcode/DerivedData/WebDriverAgent-bcmeffsllcldukgyoimwiehwhvyz/Build/Intermediates.noindex/WebDriverAgent.build/Debug-iphonesimulator/WebDriverAgentLib.build/WebDriverAgentLib-own-target-headers.hmap -I/Users/oikhlas/Library/Developer/Xcode/DerivedData/WebDriverAgent-bcmeffsllcldukgyoimwiehwhvyz/Build/Intermediates.noindex/WebDriverAgent.build/Debug-iphonesimulator/WebDriverAgentLib.build/WebDriverAgentLib-all-target-headers.hmap -iquote /Users/oikhlas/Library/Developer/Xcode/DerivedData/WebDriverAgent-bcmeffsllcldukgyoimwiehwhvyz/Build/Intermediates.noindex/WebDriverAgent.build/Debug-iphonesimulator/WebDriverAgentLib.build/WebDriverAgentLib-project-headers.hmap -I/Users/oikhlas/Library/Developer/Xcode/DerivedData/WebDriverAgent-bcmeffsllcldukgyoimwiehwhvyz/Build/Products/Debug-iphonesimulator/include -I/Applications/Xcode.app/Contents/Developer/Platforms/iPhoneSimulator.platform/Developer/SDKs/iPhoneSimulator16.0.sdk/usr/include/libxml2 -I/Users/oikhlas/.appium/node_modules/appium-xcuitest-driver/node_modules/appium-webdriveragent/Modules -I/Users/oikhlas/Library/Developer/Xcode/DerivedData/WebDriverAgent-bcmeffsllcldukgyoimwiehwhvyz/Build/Intermediates.noindex/WebDriverAgent.build/Debug-iphonesimulator/WebDriverAgentLib.build/DerivedSources-normal/x86_64 -I/Users/oikhlas/Library/Developer/Xcode/DerivedData/WebDriverAgent-bcmeffsllcldukgyoimwiehwhvyz/Build/Intermediates.noindex/WebDriverAgent.build/Debug-iphonesimulator/WebDriverAgentLib.build/DerivedSources/x86_64 -I/Users/oikhlas/Library/Developer/Xcode/DerivedData/WebDriverAgent-bcmeffsllcldukgyoimwiehwhvyz/Build/Intermediates.noindex/WebDriverAgent.build/Debug-iphonesimulator/WebDriverAgentLib.build/DerivedSources -Weverything -Wno-objc-missing-property-synthesis -Wno-unused-macros -Wno-disabled-macro-expansion -Wno-gnu-statement-expression -Wno-language-extension-token -Wno-overriding-method-mismatch -Wno-missing-variable-declarations -Rno-module-build -Wno-auto-import -Wno-objc-interface-ivars -Wno-documentation-unknown-command -Wno-reserved-id-macro -Wno-unused-parameter -Wno-gnu-conditional-omitted-operand -Wno-explicit-ownership-type -Wno-date-time -Wno-cast-align -Wno-cstring-format-directive -Wno-double-promotion -Wno-partial-availability -Weverything -Wno-objc-missing-property-synthesis -Wno-unused-macros -Wno-disabled-macro-expansion -Wno-gnu-statement-expression -Wno-language-extension-token -Wno-overriding-method-mismatch -Wno-missing-variable-declarations -Rno-module-build -Wno-auto-import -Wno-objc-interface-ivars -Wno-documentation-unknown-command -Wno-reserved-id-macro -Wno-unused-parameter -Wno-gnu-conditional-omitted-operand -Wno-explicit-ownership-type -Wno-date-time -Wno-cast-align -Wno-cstring-format-directive -Wno-double-promotion -Wno-partial-availability -Wno-objc-messaging-id -Wno-direct-ivar-access -Wno-cast-qual -Wno-declaration-after-statement -F/Users/oikhlas/Library/Developer/Xcode/DerivedData/WebDriverAgent-bcmeffsllcldukgyoimwiehwhvyz/Build/Products/Debug-iphonesimulator -F/Applications/Xcode.app/Contents/Developer/Platforms/iPhoneSimulator.platform/Developer/Library/Frameworks -F/Applications/Xcode.app/Contents/Developer/Platforms/iPhoneSimulator.platform/Developer/Library/PrivateFrameworks -iframework /Applications/Xcode.app/Contents/Developer/Platforms/iPhoneSimulator.platform/Developer/SDKs/iPhoneSimulator16.0.sdk/Developer/Library/Frameworks -MMD -MT dependencies -MF /Users/oikhlas/Library/Developer/Xcode/DerivedData/WebDriverAgent-bcmeffsllcldukgyoimwiehwhvyz/Build/Intermediates.noindex/WebDriverAgent.build/Debug-iphonesimulator/WebDriverAgentLib.build/StaticAnalyzer/WebDriverAgent/WebDriverAgentLib/normal/x86_64/FBReflectionUtils.d --analyze /Users/oikhlas/.appium/node_modules/appium-xcuitest-driver/node_modules/appium-webdriveragent/WebDriverAgentLib/Utilities/FBReflectionUtils.m -o /Users/oikhlas/Library/Developer/Xcode/DerivedData/WebDriverAgent-bcmeffsllcldukgyoimwiehwhvyz/Build/Intermediates.noindex/WebDriverAgent.build/Debug-iphonesimulator/WebDriverAgentLib.build/StaticAnalyzer/WebDriverAgent/WebDriverAgentLib/normal/x86_64/FBReflectionUtils.plist
&amp#27;[38;5;173m[Xcode]&amp#27;[0m 
&amp#27;[38;5;173m[Xcode]&amp#27;[0m 
&amp#27;[38;5;173m[Xcode]&amp#27;[0m Analyze /Users/oikhlas/.appium/node_modules/appium-xcuitest-driver/node_modules/appium-webdriveragent/WebDriverAgentLib/Utilities/FBProtocolHelpers.m normal x86_64 (in target 'WebDriverAgentLib' from project 'WebDriverAgent')
&amp#27;[38;5;173m[Xcode]&amp#27;[0m     cd /Users/oikhlas/.appium/node_modules/appium-xcuitest-driver/node_modules/appium-webdriveragent
&amp#27;[38;5;173m[Xcode]&amp#27;[0m     /Applications/Xcode.app/Contents/Developer/Toolchains/XcodeDefault.xctoolchain/usr/bin/clang -x objective-c -target x86_64-apple-ios16.0-simulator -fmessage-length\=0 -fdiagnostics-show-note-include-stack -fmacro-backtrace-limit\=0 -std\=gnu99 -fobjc-arc -fmodules -gmodules -fmodules-cache-path\=/Users/oikhlas/Library/Developer/Xcode/DerivedData/ModuleCache.noindex -fmodules-prune-interval\=86400 -fmodules-prune-after\=345600 -fbuild-session-file\=/Users/oikhlas/Library/Developer/Xcode/DerivedData/ModuleCache.noindex/Session.modulevalidation -fmodules-validate-once-per-build-session -Wno-trigraphs -fpascal-strings -O0 -fno-common -Wmissing-field-initializers -Wno-missing-prototypes -Werror\=return-type -Wunreachable-code -Wquoted-include-in-framework-header -Wno-implicit-atomic-properties -Werror\=deprecated-objc-isa-usage -Wno-objc-interface-ivars -Werror\=objc-root-class -Warc-repeated-use-of-weak -Wno-arc-maybe-repeated-use-of-weak -Wimplicit-retain-self -Wduplicate-method-match -Wno-missing-braces -Wparentheses -Wswitch -Wunused-function -Wno-unused-label -Wunused-parameter -Wunused-variable -Wunused-value -Wempty-body -Wuninitialized -Wconditional-uninitialized -Wno-unknown-pragmas -pedantic -Wshadow -Wno-four-char-constants -Wconversion -Wconstant-conversion -Wint-conversion -Wbool-conversion -Wenum-conversion -Wfloat-conversion -Wnon-literal-null-conversion -Wobjc-literal-conversion -Wassign-enum -Wsign-compare -Wshorten-64-to-32 -Wpointer-sign -Wno-newline-eof -Wno-selector -Wno-strict-selector-match -Wundeclared-selector -Wdeprecated-implementations -Wno-implicit-fallthrough -DDEBUG\=1 -DOBJC_OLD_DISPATCH_PROTOTYPES\=0 -isysroot /Applications/Xcode.app/Contents/Developer/Platforms/iPhoneSimulator.platform/Developer/SDKs/iPhoneSimulator16.0.sdk -fasm-blocks -fstrict-aliasing -Wprotocol -Wdeprecated-declarations -g -Wno-sign-conversion -Winfinite-recursion -Wcomma -Wblock-capture-autoreleasing -Wstrict-prototypes -Wno-semicolon-before-method-body -fobjc-abi-version\=2 -fobjc-legacy-dispatch -D__clang_analyzer__ -Xclang -analyzer-output\=plist-multi-file -Xclang -analyzer-config -Xclang path-diagnostics-alternate\=true -Xclang -analyzer-config -Xclang report-in-main-source-file\=true -Xclang -analyzer-checker -Xclang optin.osx.cocoa.localizability.NonLocalizedStringChecker -Xclang -analyzer-checker -Xclang security.insecureAPI.UncheckedReturn -Xclang -analyzer-checker -Xclang security.insecureAPI.getpw -Xclang -analyzer-checker -Xclang security.insecureAPI.gets -Xclang -analyzer-checker -Xclang security.insecureAPI.mkstemp -Xclang -analyzer-checker -Xclang security.insecureAPI.mktemp -Xclang -analyzer-disable-checker -Xclang security.insecureAPI.rand -Xclang -analyzer-disable-checker -Xclang security.insecureAPI.strcpy -Xclang -analyzer-checker -Xclang security.insecureAPI.vfork -iquote /Users/oikhlas/Library/Developer/Xcode/DerivedData/WebDriverAgent-bcmeffsllcldukgyoimwiehwhvyz/Build/Intermediates.noindex/WebDriverAgent.build/Debug-iphonesimulator/WebDriverAgentLib.build/WebDriverAgentLib-generated-files.hmap -I/Users/oikhlas/Library/Developer/Xcode/DerivedData/WebDriverAgent-bcmeffsllcldukgyoimwiehwhvyz/Build/Intermediates.noindex/WebDriverAgent.build/Debug-iphonesimulator/WebDriverAgentLib.build/WebDriverAgentLib-own-target-headers.hmap -I/Users/oikhlas/Library/Developer/Xcode/DerivedData/WebDriverAgent-bcmeffsllcldukgyoimwiehwhvyz/Build/Intermediates.noindex/WebDriverAgent.build/Debug-iphonesimulator/WebDriverAgentLib.build/WebDriverAgentLib-all-target-headers.hmap -iquote /Users/oikhlas/Library/Developer/Xcode/DerivedData/WebDriverAgent-bcmeffsllcldukgyoimwiehwhvyz/Build/Intermediates.noindex/WebDriverAgent.build/Debug-iphonesimulator/WebDriverAgentLib.build/WebDriverAgentLib-project-headers.hmap -I/Users/oikhlas/Library/Developer/Xcode/DerivedData/WebDriverAgent-bcmeffsllcldukgyoimwiehwhvyz/Build/Products/Debug-iphonesimulator/include -I/Applications/Xcode.app/Contents/Developer/Platforms/iPhoneSimulator.platform/Developer/SDKs/iPhoneSimulator16.0.sdk/usr/include/libxml2 -I/Users/oikhlas/.appium/node_modules/appium-xcuitest-driver/node_modules/appium-webdriveragent/Modules -I/Users/oikhlas/Library/Developer/Xcode/DerivedData/WebDriverAgent-bcmeffsllcldukgyoimwiehwhvyz/Build/Intermediates.noindex/WebDriverAgent.build/Debug-iphonesimulator/WebDriverAgentLib.build/DerivedSources-normal/x86_64 -I/Users/oikhlas/Library/Developer/Xcode/DerivedData/WebDriverAgent-bcmeffsllcldukgyoimwiehwhvyz/Build/Intermediates.noindex/WebDriverAgent.build/Debug-iphonesimulator/WebDriverAgentLib.build/DerivedSources/x86_64 -I/Users/oikhlas/Library/Developer/Xcode/DerivedData/WebDriverAgent-bcmeffsllcldukgyoimwiehwhvyz/Build/Intermediates.noindex/WebDriverAgent.build/Debug-iphonesimulator/WebDriverAgentLib.build/DerivedSources -Weverything -Wno-objc-missing-property-synthesis -Wno-unused-macros -Wno-disabled-macro-expansion -Wno-gnu-statement-expression -Wno-language-extension-token -Wno-overriding-method-mismatch -Wno-missing-variable-declarations -Rno-module-build -Wno-auto-import -Wno-objc-interface-ivars -Wno-documentation-unknown-command -Wno-reserved-id-macro -Wno-unused-parameter -Wno-gnu-conditional-omitted-operand -Wno-explicit-ownership-type -Wno-date-time -Wno-cast-align -Wno-cstring-format-directive -Wno-double-promotion -Wno-partial-availability -Weverything -Wno-objc-missing-property-synthesis -Wno-unused-macros -Wno-disabled-macro-expansion -Wno-gnu-statement-expression -Wno-language-extension-token -Wno-overriding-method-mismatch -Wno-missing-variable-declarations -Rno-module-build -Wno-auto-import -Wno-objc-interface-ivars -Wno-documentation-unknown-command -Wno-reserved-id-macro -Wno-unused-parameter -Wno-gnu-conditional-omitted-operand -Wno-explicit-ownership-type -Wno-date-time -Wno-cast-align -Wno-cstring-format-directive -Wno-double-promotion -Wno-partial-availability -Wno-objc-messaging-id -Wno-direct-ivar-access -Wno-cast-qual -Wno-declaration-after-statement -F/Users/oikhlas/Library/Developer/Xcode/DerivedData/WebDriverAgent-bcmeffsllcldukgyoimwiehwhvyz/Build/Products/Debug-iphonesimulator -F/Applications/Xcode.app/Contents/Developer/Platforms/iPhoneSimulator.platform/Developer/Library/Frameworks -F/Applications/Xcode.app/Contents/Developer/Platforms/iPhoneSimulator.platform/Developer/Library/PrivateFrameworks -iframework /Applications/Xcode.app/Contents/Developer/Platforms/iPhoneSimulator.platform/Developer/SDKs/iPhoneSimulator16.0.sdk/Developer/Library/Frameworks -MMD -MT dependencies -MF /Users/oikhlas/Library/Developer/Xcode/DerivedData/WebDriverAgent-bcmeffsllcldukgyoimwiehwhvyz/Build/Intermediates.noindex/WebDriverAgent.build/Debug-iphonesimulator/WebDriverAgentLib.build/StaticAnalyzer/WebDriverAgent/WebDriverAgentLib/normal/x86_64/FBProtocolHelpers.d --analyze /Users/oikhlas/.appium/node_modules/appium-xcuitest-driver/node_modules/appium-webdriveragent/WebDriverAgentLib/Utilities/FBProtocolHelpers.m -o /Users/oikhlas/Library/Developer/Xcode/DerivedData/WebDriverAgent-bcmeffsllcldukgyoimwiehwhvyz/Build/Intermediates.noindex/WebDriverAgent.build/Debug-iphonesimulator/WebDriverAgentLib.build/StaticAnalyzer/WebDriverAgent/WebDriverAgentLib/normal/x86_64/FBProtocolHelpers.plist
&amp#27;[38;5;173m[Xcode]&amp#27;[0m 
&amp#27;[38;5;173m[Xcode]&amp#27;[0m 
&amp#27;[38;5;173m[Xcode]&amp#27;[0m Analyze /Users/oikhlas/.appium/node_modules/appium-xcuitest-driver/node_modules/appium-webdriveragent/WebDriverAgentLib/Utilities/FBPasteboard.m normal x86_64 (in target 'WebDriverAgentLib' from project 'WebDriverAgent')
&amp#27;[38;5;173m[Xcode]&amp#27;[0m     cd /Users/oikhlas/.appium/node_modules/appium-xcuitest-driver/node_modules/appium-webdriveragent
&amp#27;[38;5;173m[Xcode]&amp#27;[0m     /Applications/Xcode.app/Contents/Developer/Toolchains/XcodeDefault.xctoolchain/usr/bin/clang -x objective-c -target x86_64-apple-ios16.0-simulator -fmessage-length\=0 -fdiagnostics-show-note-include-stack -fmacro-backtrace-limit\=0 -std\=gnu99 -fobjc-arc -fmodules -gmodules -fmodules-cache-path\=/Users/oikhlas/Library/Developer/Xcode/DerivedData/ModuleCache.noindex -fmodules-prune-interval\=86400 -fmodules-prune-after\=345600 -fbuild-session-file\=/Users/oikhlas/Library/Developer/Xcode/DerivedData/ModuleCache.noindex/Session.modulevalidation -fmodules-validate-once-per-build-session -Wno-trigraphs -fpascal-strings -O0 -fno-common -Wmissing-field-initializers -Wno-missing-prototypes -Werror\=return-type -Wunreachable-code -Wquoted-include-in-framework-header -Wno-implicit-atomic-properties -Werror\=deprecated-objc-isa-usage -Wno-objc-interface-ivars -Werror\=objc-root-class -Warc-repeated-use-of-weak -Wno-arc-maybe-repeated-use-of-weak -Wimplicit-retain-self -Wduplicate-method-match -Wno-missing-braces -Wparentheses -Wswitch -Wunused-function -Wno-unused-label -Wunused-parameter -Wunused-variable -Wunused-value -Wempty-body -Wuninitialized -Wconditional-uninitialized -Wno-unknown-pragmas -pedantic -Wshadow -Wno-four-char-constants -Wconversion -Wconstant-conversion -Wint-conversion -Wbool-conversion -Wenum-conversion -Wfloat-conversion -Wnon-literal-null-conversion -Wobjc-literal-conversion -Wassign-enum -Wsign-compare -Wshorten-64-to-32 -Wpointer-sign -Wno-newline-eof -Wno-selector -Wno-strict-selector-match -Wundeclared-selector -Wdeprecated-implementations -Wno-implicit-fallthrough -DDEBUG\=1 -DOBJC_OLD_DISPATCH_PROTOTYPES\=0 -isysroot /Applications/Xcode.app/Contents/Developer/Platforms/iPhoneSimulator.platform/Developer/SDKs/iPhoneSimulator16.0.sdk -fasm-blocks -fstrict-aliasing -Wprotocol -Wdeprecated-declarations -g -Wno-sign-conversion -Winfinite-recursion -Wcomma -Wblock-capture-autoreleasing -Wstrict-prototypes -Wno-semicolon-before-method-body -fobjc-abi-version\=2 -fobjc-legacy-dispatch -D__clang_analyzer__ -Xclang -analyzer-output\=plist-multi-file -Xclang -analyzer-config -Xclang path-diagnostics-alternate\=true -Xclang -analyzer-config -Xclang report-in-main-source-file\=true -Xclang -analyzer-checker -Xclang optin.osx.cocoa.localizability.NonLocalizedStringChecker -Xclang -analyzer-checker -Xclang security.insecureAPI.UncheckedReturn -Xclang -analyzer-checker -Xclang security.insecureAPI.getpw -Xclang -analyzer-checker -Xclang security.insecureAPI.gets -Xclang -analyzer-checker -Xclang security.insecureAPI.mkstemp -Xclang -analyzer-checker -Xclang security.insecureAPI.mktemp -Xclang -analyzer-disable-checker -Xclang security.insecureAPI.rand -Xclang -analyzer-disable-checker -Xclang security.insecureAPI.strcpy -Xclang -analyzer-checker -Xclang security.insecureAPI.vfork -iquote /Users/oikhlas/Library/Developer/Xcode/DerivedData/WebDriverAgent-bcmeffsllcldukgyoimwiehwhvyz/Build/Intermediates.noindex/WebDriverAgent.build/Debug-iphonesimulator/WebDriverAgentLib.build/WebDriverAgentLib-generated-files.hmap -I/Users/oikhlas/Library/Developer/Xcode/DerivedData/WebDriverAgent-bcmeffsllcldukgyoimwiehwhvyz/Build/Intermediates.noindex/WebDriverAgent.build/Debug-iphonesimulator/WebDriverAgentLib.build/WebDriverAgentLib-own-target-headers.hmap -I/Users/oikhlas/Library/Developer/Xcode/DerivedData/WebDriverAgent-bcmeffsllcldukgyoimwiehwhvyz/Build/Intermediates.noindex/WebDriverAgent.build/Debug-iphonesimulator/WebDriverAgentLib.build/WebDriverAgentLib-all-target-headers.hmap -iquote /Users/oikhlas/Library/Developer/Xcode/DerivedData/WebDriverAgent-bcmeffsllcldukgyoimwiehwhvyz/Build/Intermediates.noindex/WebDriverAgent.build/Debug-iphonesimulator/WebDriverAgentLib.build/WebDriverAgentLib-project-headers.hmap -I/Users/oikhlas/Library/Developer/Xcode/DerivedData/WebDriverAgent-bcmeffsllcldukgyoimwiehwhvyz/Build/Products/Debug-iphonesimulator/include -I/Applications/Xcode.app/Contents/Developer/Platforms/iPhoneSimulator.platform/Developer/SDKs/iPhoneSimulator16.0.sdk/usr/include/libxml2 -I/Users/oikhlas/.appium/node_modules/appium-xcuitest-driver/node_modules/appium-webdriveragent/Modules -I/Users/oikhlas/Library/Developer/Xcode/DerivedData/WebDriverAgent-bcmeffsllcldukgyoimwiehwhvyz/Build/Intermediates.noindex/WebDriverAgent.build/Debug-iphonesimulator/WebDriverAgentLib.build/DerivedSources-normal/x86_64 -I/Users/oikhlas/Library/Developer/Xcode/DerivedData/WebDriverAgent-bcmeffsllcldukgyoimwiehwhvyz/Build/Intermediates.noindex/WebDriverAgent.build/Debug-iphonesimulator/WebDriverAgentLib.build/DerivedSources/x86_64 -I/Users/oikhlas/Library/Developer/Xcode/DerivedData/WebDriverAgent-bcmeffsllcldukgyoimwiehwhvyz/Build/Intermediates.noindex/WebDriverAgent.build/Debug-iphonesimulator/WebDriverAgentLib.build/DerivedSources -Weverything -Wno-objc-missing-property-synthesis -Wno-unused-macros -Wno-disabled-macro-expansion -Wno-gnu-statement-expression -Wno-language-extension-token -Wno-overriding-method-mismatch -Wno-missing-variable-declarations -Rno-module-build -Wno-auto-import -Wno-objc-interface-ivars -Wno-documentation-unknown-command -Wno-reserved-id-macro -Wno-unused-parameter -Wno-gnu-conditional-omitted-operand -Wno-explicit-ownership-type -Wno-date-time -Wno-cast-align -Wno-cstring-format-directive -Wno-double-promotion -Wno-partial-availability -Weverything -Wno-objc-missing-property-synthesis -Wno-unused-macros -Wno-disabled-macro-expansion -Wno-gnu-statement-expression -Wno-language-extension-token -Wno-overriding-method-mismatch -Wno-missing-variable-declarations -Rno-module-build -Wno-auto-import -Wno-objc-interface-ivars -Wno-documentation-unknown-command -Wno-reserved-id-macro -Wno-unused-parameter -Wno-gnu-conditional-omitted-operand -Wno-explicit-ownership-type -Wno-date-time -Wno-cast-align -Wno-cstring-format-directive -Wno-double-promotion -Wno-partial-availability -Wno-objc-messaging-id -Wno-direct-ivar-access -Wno-cast-qual -Wno-declaration-after-statement -F/Users/oikhlas/Library/Developer/Xcode/DerivedData/WebDriverAgent-bcmeffsllcldukgyoimwiehwhvyz/Build/Products/Debug-iphonesimulator -F/Applications/Xcode.app/Contents/Developer/Platforms/iPhoneSimulator.platform/Developer/Library/Frameworks -F/Applications/Xcode.app/Contents/Developer/Platforms/iPhoneSimulator.platform/Developer/Library/PrivateFrameworks -iframework /Applications/Xcode.app/Contents/Developer/Platforms/iPhoneSimulator.platform/Developer/SDKs/iPhoneSimulator16.0.sdk/Developer/Library/Frameworks -MMD -MT dependencies -MF /Users/oikhlas/Library/Developer/Xcode/DerivedData/WebDriverAgent-bcmeffsllcldukgyoimwiehwhvyz/Build/Intermediates.noindex/WebDriverAgent.build/Debug-iphonesimulator/WebDriverAgentLib.build/StaticAnalyzer/WebDriverAgent/WebDriverAgentLib/normal/x86_64/FBPasteboard.d --analyze /Users/oikhlas/.appium/node_modules/appium-xcuitest-driver/node_modules/appium-webdriveragent/WebDriverAgentLib/Utilities/FBPasteboard.m -o /Users/oikhlas/Library/Developer/Xcode/DerivedData/WebDriverAgent-bcmeffsllcldukgyoimwiehwhvyz/Build/Intermediates.noindex/WebDriverAgent.build/Debug-iphonesimulator/WebDriverAgentLib.build/StaticAnalyzer/WebDriverAgent/WebDriverAgentLib/normal/x86_64/FBPasteboard.plist
&amp#27;[38;5;173m[Xcode]&amp#27;[0m 
&amp#27;[38;5;173m[Xcode]&amp#27;[0m 
&amp#27;[38;5;173m[Xcode]&amp#27;[0m Analyze /Users/oikhlas/.appium/node_modules/appium-xcuitest-driver/node_modules/appium-webdriveragent/WebDriverAgentLib/Utilities/FBNotificationsHelper.m normal x86_64 (in target 'WebDriverAgentLib' from project 'WebDriverAgent')
&amp#27;[38;5;173m[Xcode]&amp#27;[0m     cd /Users/oikhlas/.appium/node_modules/appium-xcuitest-driver/node_modules/appium-webdriveragent
&amp#27;[38;5;173m[Xcode]&amp#27;[0m     /Applications/Xcode.app/Contents/Developer/Toolchains/XcodeDefault.xctoolchain/usr/bin/clang -x objective-c -target x86_64-apple-ios16.0-simulator -fmessage-length\=0 -fdiagnostics-show-note-include-stack -fmacro-backtrace-limit\=0 -std\=gnu99 -fobjc-arc -fmodules -gmodules -fmodules-cache-path\=/Users/oikhlas/Library/Developer/Xcode/DerivedData/ModuleCache.noindex -fmodules-prune-interval\=86400 -fmodules-prune-after\=345600 -fbuild-session-file\=/Users/oikhlas/Library/Developer/Xcode/DerivedData/ModuleCache.noindex/Session.modulevalidation -fmodules-validate-once-per-build-session -Wno-trigraphs -fpascal-strings -O0 -fno-common -Wmissing-field-initializers -Wno-missing-prototypes -Werror\=return-type -Wunreachable-code -Wquoted-include-in-framework-header -Wno-implicit-atomic-properties -Werror\=deprecated-objc-isa-usage -Wno-objc-interface-ivars -Werror\=objc-root-class -Warc-repeated-use-of-weak -Wno-arc-maybe-repeated-use-of-weak -Wimplicit-retain-self -Wduplicate-method-match -Wno-missing-braces -Wparentheses -Wswitch -Wunused-function -Wno-unused-label -Wunused-parameter -Wunused-variable -Wunused-value -Wempty-body -Wuninitialized -Wconditional-uninitialized -Wno-unknown-pragmas -pedantic -Wshadow -Wno-four-char-constants -Wconversion -Wconstant-conversion -Wint-conversion -Wbool-conversion -Wenum-conversion -Wfloat-conversion -Wnon-literal-null-conversion -Wobjc-literal-conversion -Wassign-enum -Wsign-compare -Wshorten-64-to-32 -Wpointer-sign -Wno-newline-eof -Wno-selector -Wno-strict-selector-match -Wundeclared-selector -Wdeprecated-implementations -Wno-implicit-fallthrough -DDEBUG\=1 -DOBJC_OLD_DISPATCH_PROTOTYPES\=0 -isysroot /Applications/Xcode.app/Contents/Developer/Platforms/iPhoneSimulator.platform/Developer/SDKs/iPhoneSimulator16.0.sdk -fasm-blocks -fstrict-aliasing -Wprotocol -Wdeprecated-declarations -g -Wno-sign-conversion -Winfinite-recursion -Wcomma -Wblock-capture-autoreleasing -Wstrict-prototypes -Wno-semicolon-before-method-body -fobjc-abi-version\=2 -fobjc-legacy-dispatch -D__clang_analyzer__ -Xclang -analyzer-output\=plist-multi-file -Xclang -analyzer-config -Xclang path-diagnostics-alternate\=true -Xclang -analyzer-config -Xclang report-in-main-source-file\=true -Xclang -analyzer-checker -Xclang optin.osx.cocoa.localizability.NonLocalizedStringChecker -Xclang -analyzer-checker -Xclang security.insecureAPI.UncheckedReturn -Xclang -analyzer-checker -Xclang security.insecureAPI.getpw -Xclang -analyzer-checker -Xclang security.insecureAPI.gets -Xclang -analyzer-checker -Xclang security.insecureAPI.mkstemp -Xclang -analyzer-checker -Xclang security.insecureAPI.mktemp -Xclang -analyzer-disable-checker -Xclang security.insecureAPI.rand -Xclang -analyzer-disable-checker -Xclang security.insecureAPI.strcpy -Xclang -analyzer-checker -Xclang security.insecureAPI.vfork -iquote /Users/oikhlas/Library/Developer/Xcode/DerivedData/WebDriverAgent-bcmeffsllcldukgyoimwiehwhvyz/Build/Intermediates.noindex/WebDriverAgent.build/Debug-iphonesimulator/WebDriverAgentLib.build/WebDriverAgentLib-generated-files.hmap -I/Users/oikhlas/Library/Developer/Xcode/DerivedData/WebDriverAgent-bcmeffsllcldukgyoimwiehwhvyz/Build/Intermediates.noindex/WebDriverAgent.build/Debug-iphonesimulator/WebDriverAgentLib.build/WebDriverAgentLib-own-target-headers.hmap -I/Users/oikhlas/Library/Developer/Xcode/DerivedData/WebDriverAgent-bcmeffsllcldukgyoimwiehwhvyz/Build/Intermediates.noindex/WebDriverAgent.build/Debug-iphonesimulator/WebDriverAgentLib.build/WebDriverAgentLib-all-target-headers.hmap -iquote /Users/oikhlas/Library/Developer/Xcode/DerivedData/WebDriverAgent-bcmeffsllcldukgyoimwiehwhvyz/Build/Intermediates.noindex/WebDriverAgent.build/Debug-iphonesimulator/WebDriverAgentLib.build/WebDriverAgentLib-project-headers.hmap -I/Users/oikhlas/Library/Developer/Xcode/DerivedData/WebDriverAgent-bcmeffsllcldukgyoimwiehwhvyz/Build/Products/Debug-iphonesimulator/include -I/Applications/Xcode.app/Contents/Developer/Platforms/iPhoneSimulator.platform/Developer/SDKs/iPhoneSimulator16.0.sdk/usr/include/libxml2 -I/Users/oikhlas/.appium/node_modules/appium-xcuitest-driver/node_modules/appium-webdriveragent/Modules -I/Users/oikhlas/Library/Developer/Xcode/DerivedData/WebDriverAgent-bcmeffsllcldukgyoimwiehwhvyz/Build/Intermediates.noindex/WebDriverAgent.build/Debug-iphonesimulator/WebDriverAgentLib.build/DerivedSources-normal/x86_64 -I/Users/oikhlas/Library/Developer/Xcode/DerivedData/WebDriverAgent-bcmeffsllcldukgyoimwiehwhvyz/Build/Intermediates.noindex/WebDriverAgent.build/Debug-iphonesimulator/WebDriverAgentLib.build/DerivedSources/x86_64 -I/Users/oikhlas/Library/Developer/Xcode/DerivedData/WebDriverAgent-bcmeffsllcldukgyoimwiehwhvyz/Build/Intermediates.noindex/WebDriverAgent.build/Debug-iphonesimulator/WebDriverAgentLib.build/DerivedSources -Weverything -Wno-objc-missing-property-synthesis -Wno-unused-macros -Wno-disabled-macro-expansion -Wno-gnu-statement-expression -Wno-language-extension-token -Wno-overriding-method-mismatch -Wno-missing-variable-declarations -Rno-module-build -Wno-auto-import -Wno-objc-interface-ivars -Wno-documentation-unknown-command -Wno-reserved-id-macro -Wno-unused-parameter -Wno-gnu-conditional-omitted-operand -Wno-explicit-ownership-type -Wno-date-time -Wno-cast-align -Wno-cstring-format-directive -Wno-double-promotion -Wno-partial-availability -Weverything -Wno-objc-missing-property-synthesis -Wno-unused-macros -Wno-disabled-macro-expansion -Wno-gnu-statement-expression -Wno-language-extension-token -Wno-overriding-method-mismatch -Wno-missing-variable-declarations -Rno-module-build -Wno-auto-import -Wno-objc-interface-ivars -Wno-documentation-unknown-command -Wno-reserved-id-macro -Wno-unused-parameter -Wno-gnu-conditional-omitted-operand -Wno-explicit-ownership-type -Wno-date-time -Wno-cast-align -Wno-cstring-format-directive -Wno-double-promotion -Wno-partial-availability -Wno-objc-messaging-id -Wno-direct-ivar-access -Wno-cast-qual -Wno-declaration-after-statement -F/Users/oikhlas/Library/Developer/Xcode/DerivedData/WebDriverAgent-bcmeffsllcldukgyoimwiehwhvyz/Build/Products/Debug-iphonesimulator -F/Applications/Xcode.app/Contents/Developer/Platforms/iPhoneSimulator.platform/Developer/Library/Frameworks -F/Applications/Xcode.app/Contents/Developer/Platforms/iPhoneSimulator.platform/Developer/Library/PrivateFrameworks -iframework /Applications/Xcode.app/Contents/Developer/Platforms/iPhoneSimulator.platform/Developer/SDKs/iPhoneSimulator16.0.sdk/Developer/Library/Frameworks -MMD -MT dependencies -MF /Users/oikhlas/Library/Developer/Xcode/DerivedData/WebDriverAgent-bcmeffsllcldukgyoimwiehwhvyz/Build/Intermediates.noindex/WebDriverAgent.build/Debug-iphonesimulator/WebDriverAgentLib.build/StaticAnalyzer/WebDriverAgent/WebDriverAgentLib/normal/x86_64/FBNotificationsHelper.d --analyze /Users/oikhlas/.appium/node_modules/appium-xcuitest-driver/node_modules/appium-webdriveragent/WebDriverAgentLib/Utilities/FBNotificationsHelper.m -o /Users/oikhlas/Library/Developer/Xcode/DerivedData/WebDriverAgent-bcmeffsllcldukgyoimwiehwhvyz/Build/Intermediates.noindex/WebDriverAgent.build/Debug-iphonesimulator/WebDriverAgentLib.build/StaticAnalyzer/WebDriverAgent/WebDriverAgentLib/normal/x86_64/FBNotificationsHelper.plist
&amp#27;[38;5;173m[Xcode]&amp#27;[0m 
&amp#27;[38;5;173m[Xcode]&amp#27;[0m 
&amp#27;[38;5;173m[Xcode]&amp#27;[0m Analyze /Users/oikhlas/.appium/node_modules/appium-xcuitest-driver/node_modules/appium-webdriveragent/WebDriverAgentLib/Utilities/FBMjpegServer.m normal x86_64 (in target 'WebDriverAgentLib' from project 'WebDriverAgent')
&amp#27;[38;5;173m[Xcode]&amp#27;[0m     cd /Users/oikhlas/.appium/node_modules/appium-xcuitest-driver/node_modules/appium-webdriveragent
&amp#27;[38;5;173m[Xcode]&amp#27;[0m     /Applications/Xcode.app/Contents/Developer/Toolchains/XcodeDefault.xctoolchain/usr/bin/clang -x objective-c -target x86_64-apple-ios16.0-simulator -fmessage-length\=0 -fdiagnostics-show-note-include-stack -fmacro-backtrace-limit\=0 -std\=gnu99 -fobjc-arc -fmodules -gmodules -fmodules-cache-path\=/Users/oikhlas/Library/Developer/Xcode/DerivedData/ModuleCache.noindex -fmodules-prune-interval\=86400 -fmodules-prune-after\=345600 -fbuild-session-file\=/Users/oikhlas/Library/Developer/Xcode/DerivedData/ModuleCache.noindex/Session.modulevalidation -fmodules-validate-once-per-build-session -Wno-trigraphs -fpascal-strings -O0 -fno-common -Wmissing-field-initializers -Wno-missing-prototypes -Werror\=return-type -Wunreachable-code -Wquoted-include-in-framework-header -Wno-implicit-atomic-properties -Werror\=deprecated-objc-isa-usage -Wno-objc-interface-ivars -Werror\=objc-root-class -Warc-repeated-use-of-weak -Wno-arc-maybe-repeated-use-of-weak -Wimplicit-retain-self -Wduplicate-method-match -Wno-missing-braces -Wparentheses -Wswitch -Wunused-function -Wno-unused-label -Wunused-parameter -Wunused-variable -Wunused-value -Wempty-body -Wuninitialized -Wconditional-uninitialized -Wno-unknown-pragmas -pedantic -Wshadow -Wno-four-char-constants -Wconversion -Wconstant-conversion -Wint-conversion -Wbool-conversion -Wenum-conversion -Wfloat-conversion -Wnon-literal-null-conversion -Wobjc-literal-conversion -Wassign-enum -Wsign-compare -Wshorten-64-to-32 -Wpointer-sign -Wno-newline-eof -Wno-selector -Wno-strict-selector-match -Wundeclared-selector -Wdeprecated-implementations -Wno-implicit-fallthrough -DDEBUG\=1 -DOBJC_OLD_DISPATCH_PROTOTYPES\=0 -isysroot /Applications/Xcode.app/Contents/Developer/Platforms/iPhoneSimulator.platform/Developer/SDKs/iPhoneSimulator16.0.sdk -fasm-blocks -fstrict-aliasing -Wprotocol -Wdeprecated-declarations -g -Wno-sign-conversion -Winfinite-recursion -Wcomma -Wblock-capture-autoreleasing -Wstrict-prototypes -Wno-semicolon-before-method-body -fobjc-abi-version\=2 -fobjc-legacy-dispatch -D__clang_analyzer__ -Xclang -analyzer-output\=plist-multi-file -Xclang -analyzer-config -Xclang path-diagnostics-alternate\=true -Xclang -analyzer-config -Xclang report-in-main-source-file\=true -Xclang -analyzer-checker -Xclang optin.osx.cocoa.localizability.NonLocalizedStringChecker -Xclang -analyzer-checker -Xclang security.insecureAPI.UncheckedReturn -Xclang -analyzer-checker -Xclang security.insecureAPI.getpw -Xclang -analyzer-checker -Xclang security.insecureAPI.gets -Xclang -analyzer-checker -Xclang security.insecureAPI.mkstemp -Xclang -analyzer-checker -Xclang security.insecureAPI.mktemp -Xclang -analyzer-disable-checker -Xclang security.insecureAPI.rand -Xclang -analyzer-disable-checker -Xclang security.insecureAPI.strcpy -Xclang -analyzer-checker -Xclang security.insecureAPI.vfork -iquote /Users/oikhlas/Library/Developer/Xcode/DerivedData/WebDriverAgent-bcmeffsllcldukgyoimwiehwhvyz/Build/Intermediates.noindex/WebDriverAgent.build/Debug-iphonesimulator/WebDriverAgentLib.build/WebDriverAgentLib-generated-files.hmap -I/Users/oikhlas/Library/Developer/Xcode/DerivedData/WebDriverAgent-bcmeffsllcldukgyoimwiehwhvyz/Build/Intermediates.noindex/WebDriverAgent.build/Debug-iphonesimulator/WebDriverAgentLib.build/WebDriverAgentLib-own-target-headers.hmap -I/Users/oikhlas/Library/Developer/Xcode/DerivedData/WebDriverAgent-bcmeffsllcldukgyoimwiehwhvyz/Build/Intermediates.noindex/WebDriverAgent.build/Debug-iphonesimulator/WebDriverAgentLib.build/WebDriverAgentLib-all-target-headers.hmap -iquote /Users/oikhlas/Library/Developer/Xcode/DerivedData/WebDriverAgent-bcmeffsllcldukgyoimwiehwhvyz/Build/Intermediates.noindex/WebDriverAgent.build/Debug-iphonesimulator/WebDriverAgentLib.build/WebDriverAgentLib-project-headers.hmap -I/Users/oikhlas/Library/Developer/Xcode/DerivedData/WebDriverAgent-bcmeffsllcldukgyoimwiehwhvyz/Build/Products/Debug-iphonesimulator/include -I/Applications/Xcode.app/Contents/Developer/Platforms/iPhoneSimulator.platform/Developer/SDKs/iPhoneSimulator16.0.sdk/usr/include/libxml2 -I/Users/oikhlas/.appium/node_modules/appium-xcuitest-driver/node_modules/appium-webdriveragent/Modules -I/Users/oikhlas/Library/Developer/Xcode/DerivedData/WebDriverAgent-bcmeffsllcldukgyoimwiehwhvyz/Build/Intermediates.noindex/WebDriverAgent.build/Debug-iphonesimulator/WebDriverAgentLib.build/DerivedSources-normal/x86_64 -I/Users/oikhlas/Library/Developer/Xcode/DerivedData/WebDriverAgent-bcmeffsllcldukgyoimwiehwhvyz/Build/Intermediates.noindex/WebDriverAgent.build/Debug-iphonesimulator/WebDriverAgentLib.build/DerivedSources/x86_64 -I/Users/oikhlas/Library/Developer/Xcode/DerivedData/WebDriverAgent-bcmeffsllcldukgyoimwiehwhvyz/Build/Intermediates.noindex/WebDriverAgent.build/Debug-iphonesimulator/WebDriverAgentLib.build/DerivedSources -Weverything -Wno-objc-missing-property-synthesis -Wno-unused-macros -Wno-disabled-macro-expansion -Wno-gnu-statement-expression -Wno-language-extension-token -Wno-overriding-method-mismatch -Wno-missing-variable-declarations -Rno-module-build -Wno-auto-import -Wno-objc-interface-ivars -Wno-documentation-unknown-command -Wno-reserved-id-macro -Wno-unused-parameter -Wno-gnu-conditional-omitted-operand -Wno-explicit-ownership-type -Wno-date-time -Wno-cast-align -Wno-cstring-format-directive -Wno-double-promotion -Wno-partial-availability -Weverything -Wno-objc-missing-property-synthesis -Wno-unused-macros -Wno-disabled-macro-expansion -Wno-gnu-statement-expression -Wno-language-extension-token -Wno-overriding-method-mismatch -Wno-missing-variable-declarations -Rno-module-build -Wno-auto-import -Wno-objc-interface-ivars -Wno-documentation-unknown-command -Wno-reserved-id-macro -Wno-unused-parameter -Wno-gnu-conditional-omitted-operand -Wno-explicit-ownership-type -Wno-date-time -Wno-cast-align -Wno-cstring-format-directive -Wno-double-promotion -Wno-partial-availability -Wno-objc-messaging-id -Wno-direct-ivar-access -Wno-cast-qual -Wno-declaration-after-statement -F/Users/oikhlas/Library/Developer/Xcode/DerivedData/WebDriverAgent-bcmeffsllcldukgyoimwiehwhvyz/Build/Products/Debug-iphonesimulator -F/Applications/Xcode.app/Contents/Developer/Platforms/iPhoneSimulator.platform/Developer/Library/Frameworks -F/Applications/Xcode.app/Contents/Developer/Platforms/iPhoneSimulator.platform/Developer/Library/PrivateFrameworks -iframework /Applications/Xcode.app/Contents/Developer/Platforms/iPhoneSimulator.platform/Developer/SDKs/iPhoneSimulator16.0.sdk/Developer/Library/Frameworks -MMD -MT dependencies -MF /Users/oikhlas/Library/Developer/Xcode/DerivedData/WebDriverAgent-bcmeffsllcldukgyoimwiehwhvyz/Build/Intermediates.noindex/WebDriverAgent.build/Debug-iphonesimulator/WebDriverAgentLib.build/StaticAnalyzer/WebDriverAgent/WebDriverAgentLib/normal/x86_64/FBMjpegServer.d --analyze /Users/oikhlas/.appium/node_modules/appium-xcuitest-driver/node_modules/appium-webdriveragent/WebDriverAgentLib/Utilities/FBMjpegServer.m -o /Users/oikhlas/Library/Developer/Xcode/DerivedData/WebDriverAgent-bcmeffsllcldukgyoimwiehwhvyz/Build/Intermediates.noindex/WebDriverAgent.build/Debug-iphonesimulator/WebDriverAgentLib.build/StaticAnalyzer/WebDriverAgent/WebDriverAgentLib/normal/x86_64/FBMjpegServer.plist
&amp#27;[38;5;173m[Xcode]&amp#27;[0m 
&amp#27;[38;5;173m[Xcode]&amp#27;[0m 
&amp#27;[38;5;173m[Xcode]&amp#27;[0m Analyze /Users/oikhlas/.appium/node_modules/appium-xcuitest-driver/node_modules/appium-webdriveragent/WebDriverAgentLib/Utilities/FBMathUtils.m normal x86_64 (in target 'WebDriverAgentLib' from project 'WebDriverAgent')
&amp#27;[38;5;173m[Xcode]&amp#27;[0m     cd /Users/oikhlas/.appium/node_modules/appium-xcuitest-driver/node_modules/appium-webdriveragent
&amp#27;[38;5;173m[Xcode]&amp#27;[0m     /Applications/Xcode.app/Contents/Developer/Toolchains/XcodeDefault.xctoolchain/usr/bin/clang -x objective-c -target x86_64-apple-ios16.0-simulator -fmessage-length\=0 -fdiagnostics-show-note-include-stack -fmacro-backtrace-limit\=0 -std\=gnu99 -fobjc-arc -fmodules -gmodules -fmodules-cache-path\=/Users/oikhlas/Library/Developer/Xcode/DerivedData/ModuleCache.noindex -fmodules-prune-interval\=86400 -fmodules-prune-after\=345600 -fbuild-session-file\=/Users/oikhlas/Library/Developer/Xcode/DerivedData/ModuleCache.noindex/Session.modulevalidation -fmodules-validate-once-per-build-session -Wno-trigraphs -fpascal-strings -O0 -fno-common -Wmissing-field-initializers -Wno-missing-prototypes -Werror\=return-type -Wunreachable-code -Wquoted-include-in-framework-header -Wno-implicit-atomic-properties -Werror\=deprecated-objc-isa-usage -Wno-objc-interface-ivars -Werror\=objc-root-class -Warc-repeated-use-of-weak -Wno-arc-maybe-repeated-use-of-weak -Wimplicit-retain-self -Wduplicate-method-match -Wno-missing-braces -Wparentheses -Wswitch -Wunused-function -Wno-unused-label -Wunused-parameter -Wunused-variable -Wunused-value -Wempty-body -Wuninitialized -Wconditional-uninitialized -Wno-unknown-pragmas -pedantic -Wshadow -Wno-four-char-constants -Wconversion -Wconstant-conversion -Wint-conversion -Wbool-conversion -Wenum-conversion -Wfloat-conversion -Wnon-literal-null-conversion -Wobjc-literal-conversion -Wassign-enum -Wsign-compare -Wshorten-64-to-32 -Wpointer-sign -Wno-newline-eof -Wno-selector -Wno-strict-selector-match -Wundeclared-selector -Wdeprecated-implementations -Wno-implicit-fallthrough -DDEBUG\=1 -DOBJC_OLD_DISPATCH_PROTOTYPES\=0 -isysroot /Applications/Xcode.app/Contents/Developer/Platforms/iPhoneSimulator.platform/Developer/SDKs/iPhoneSimulator16.0.sdk -fasm-blocks -fstrict-aliasing -Wprotocol -Wdeprecated-declarations -g -Wno-sign-conversion -Winfinite-recursion -Wcomma -Wblock-capture-autoreleasing -Wstrict-prototypes -Wno-semicolon-before-method-body -fobjc-abi-version\=2 -fobjc-legacy-dispatch -D__clang_analyzer__ -Xclang -analyzer-output\=plist-multi-file -Xclang -analyzer-config -Xclang path-diagnostics-alternate\=true -Xclang -analyzer-config -Xclang report-in-main-source-file\=true -Xclang -analyzer-checker -Xclang optin.osx.cocoa.localizability.NonLocalizedStringChecker -Xclang -analyzer-checker -Xclang security.insecureAPI.UncheckedReturn -Xclang -analyzer-checker -Xclang security.insecureAPI.getpw -Xclang -analyzer-checker -Xclang security.insecureAPI.gets -Xclang -analyzer-checker -Xclang security.insecureAPI.mkstemp -Xclang -analyzer-checker -Xclang security.insecureAPI.mktemp -Xclang -analyzer-disable-checker -Xclang security.insecureAPI.rand -Xclang -analyzer-disable-checker -Xclang security.insecureAPI.strcpy -Xclang -analyzer-checker -Xclang security.insecureAPI.vfork -iquote /Users/oikhlas/Library/Developer/Xcode/DerivedData/WebDriverAgent-bcmeffsllcldukgyoimwiehwhvyz/Build/Intermediates.noindex/WebDriverAgent.build/Debug-iphonesimulator/WebDriverAgentLib.build/WebDriverAgentLib-generated-files.hmap -I/Users/oikhlas/Library/Developer/Xcode/DerivedData/WebDriverAgent-bcmeffsllcldukgyoimwiehwhvyz/Build/Intermediates.noindex/WebDriverAgent.build/Debug-iphonesimulator/WebDriverAgentLib.build/WebDriverAgentLib-own-target-headers.hmap -I/Users/oikhlas/Library/Developer/Xcode/DerivedData/WebDriverAgent-bcmeffsllcldukgyoimwiehwhvyz/Build/Intermediates.noindex/WebDriverAgent.build/Debug-iphonesimulator/WebDriverAgentLib.build/WebDriverAgentLib-all-target-headers.hmap -iquote /Users/oikhlas/Library/Developer/Xcode/DerivedData/WebDriverAgent-bcmeffsllcldukgyoimwiehwhvyz/Build/Intermediates.noindex/WebDriverAgent.build/Debug-iphonesimulator/WebDriverAgentLib.build/WebDriverAgentLib-project-headers.hmap -I/Users/oikhlas/Library/Developer/Xcode/DerivedData/WebDriverAgent-bcmeffsllcldukgyoimwiehwhvyz/Build/Products/Debug-iphonesimulator/include -I/Applications/Xcode.app/Contents/Developer/Platforms/iPhoneSimulator.platform/Developer/SDKs/iPhoneSimulator16.0.sdk/usr/include/libxml2 -I/Users/oikhlas/.appium/node_modules/appium-xcuitest-driver/node_modules/appium-webdriveragent/Modules -I/Users/oikhlas/Library/Developer/Xcode/DerivedData/WebDriverAgent-bcmeffsllcldukgyoimwiehwhvyz/Build/Intermediates.noindex/WebDriverAgent.build/Debug-iphonesimulator/WebDriverAgentLib.build/DerivedSources-normal/x86_64 -I/Users/oikhlas/Library/Developer/Xcode/DerivedData/WebDriverAgent-bcmeffsllcldukgyoimwiehwhvyz/Build/Intermediates.noindex/WebDriverAgent.build/Debug-iphonesimulator/WebDriverAgentLib.build/DerivedSources/x86_64 -I/Users/oikhlas/Library/Developer/Xcode/DerivedData/WebDriverAgent-bcmeffsllcldukgyoimwiehwhvyz/Build/Intermediates.noindex/WebDriverAgent.build/Debug-iphonesimulator/WebDriverAgentLib.build/DerivedSources -Weverything -Wno-objc-missing-property-synthesis -Wno-unused-macros -Wno-disabled-macro-expansion -Wno-gnu-statement-expression -Wno-language-extension-token -Wno-overriding-method-mismatch -Wno-missing-variable-declarations -Rno-module-build -Wno-auto-import -Wno-objc-interface-ivars -Wno-documentation-unknown-command -Wno-reserved-id-macro -Wno-unused-parameter -Wno-gnu-conditional-omitted-operand -Wno-explicit-ownership-type -Wno-date-time -Wno-cast-align -Wno-cstring-format-directive -Wno-double-promotion -Wno-partial-availability -Weverything -Wno-objc-missing-property-synthesis -Wno-unused-macros -Wno-disabled-macro-expansion -Wno-gnu-statement-expression -Wno-language-extension-token -Wno-overriding-method-mismatch -Wno-missing-variable-declarations -Rno-module-build -Wno-auto-import -Wno-objc-interface-ivars -Wno-documentation-unknown-command -Wno-reserved-id-macro -Wno-unused-parameter -Wno-gnu-conditional-omitted-operand -Wno-explicit-ownership-type -Wno-date-time -Wno-cast-align -Wno-cstring-format-directive -Wno-double-promotion -Wno-partial-availability -Wno-objc-messaging-id -Wno-direct-ivar-access -Wno-cast-qual -Wno-declaration-after-statement -F/Users/oikhlas/Library/Developer/Xcode/DerivedData/WebDriverAgent-bcmeffsllcldukgyoimwiehwhvyz/Build/Products/Debug-iphonesimulator -F/Applications/Xcode.app/Contents/Developer/Platforms/iPhoneSimulator.platform/Developer/Library/Frameworks -F/Applications/Xcode.app/Contents/Developer/Platforms/iPhoneSimulator.platform/Developer/Library/PrivateFrameworks -iframework /Applications/Xcode.app/Contents/Developer/Platforms/iPhoneSimulator.platform/Developer/SDKs/iPhoneSimulator16.0.sdk/Developer/Library/Frameworks -MMD -MT dependencies -MF /Users/oikhlas/Library/Developer/Xcode/DerivedData/WebDriverAgent-bcmeffsllcldukgyoimwiehwhvyz/Build/Intermediates.noindex/WebDriverAgent.build/Debug-iphonesimulator/WebDriverAgentLib.build/StaticAnalyzer/WebDriverAgent/WebDriverAgentLib/normal/x86_64/FBMathUtils.d --analyze /Users/oikhlas/.appium/node_modules/appium-xcuitest-driver/node_modules/appium-webdriveragent/WebDriverAgentLib/Utilities/FBMathUtils.m -o /Users/oikhlas/Library/Developer/Xcode/DerivedData/WebDriverAgent-bcmeffsllcldukgyoimwiehwhvyz/Build/Intermediates.noindex/WebDriverAgent.build/Debug-iphonesimulator/WebDriverAgentLib.build/StaticAnalyzer/WebDriverAgent/WebDriverAgentLib/normal/x86_64/FBMathUtils.plist
&amp#27;[38;5;173m[Xcode]&amp#27;[0m 
&amp#27;[38;5;173m[Xcode]&amp#27;[0m 
&amp#27;[38;5;173m[Xcode]&amp#27;[0m Analyze /Users/oikhlas/.appium/node_modules/appium-xcuitest-driver/node_modules/appium-webdriveragent/WebDriverAgentLib/Utilities/FBLogger.m normal x86_64 (in target 'WebDriverAgentLib' from project 'WebDriverAgent')
&amp#27;[38;5;173m[Xcode]&amp#27;[0m     cd /Users/oikhlas/.appium/node_modules/appium-xcuitest-driver/node_modules/appium-webdriveragent
&amp#27;[38;5;173m[Xcode]&amp#27;[0m     /Applications/Xcode.app/Contents/Developer/Toolchains/XcodeDefault.xctoolchain/usr/bin/clang -x objective-c -target x86_64-apple-ios16.0-simulator -fmessage-length\=0 -fdiagnostics-show-note-include-stack -fmacro-backtrace-limit\=0 -std\=gnu99 -fobjc-arc -fmodules -gmodules -fmodules-cache-path\=/Users/oikhlas/Library/Developer/Xcode/DerivedData/ModuleCache.noindex -fmodules-prune-interval\=86400 -fmodules-prune-after\=345600 -fbuild-session-file\=/Users/oikhlas/Library/Developer/Xcode/DerivedData/ModuleCache.noindex/Session.modulevalidation -fmodules-validate-once-per-build-session -Wno-trigraphs -fpascal-strings -O0 -fno-common -Wmissing-field-initializers -Wno-missing-prototypes -Werror\=return-type -Wunreachable-code -Wquoted-include-in-framework-header -Wno-implicit-atomic-properties -Werror\=deprecated-objc-isa-usage -Wno-objc-interface-ivars -Werror\=objc-root-class -Warc-repeated-use-of-weak -Wno-arc-maybe-repeated-use-of-weak -Wimplicit-retain-self -Wduplicate-method-match -Wno-missing-braces -Wparentheses -Wswitch -Wunused-function -Wno-unused-label -Wunused-parameter -Wunused-variable -Wunused-value -Wempty-body -Wuninitialized -Wconditional-uninitialized -Wno-unknown-pragmas -pedantic -Wshadow -Wno-four-char-constants -Wconversion -Wconstant-conversion -Wint-conversion -Wbool-conversion -Wenum-conversion -Wfloat-conversion -Wnon-literal-null-conversion -Wobjc-literal-conversion -Wassign-enum -Wsign-compare -Wshorten-64-to-32 -Wpointer-sign -Wno-newline-eof -Wno-selector -Wno-strict-selector-match -Wundeclared-selector -Wdeprecated-implementations -Wno-implicit-fallthrough -DDEBUG\=1 -DOBJC_OLD_DISPATCH_PROTOTYPES\=0 -isysroot /Applications/Xcode.app/Contents/Developer/Platforms/iPhoneSimulator.platform/Developer/SDKs/iPhoneSimulator16.0.sdk -fasm-blocks -fstrict-aliasing -Wprotocol -Wdeprecated-declarations -g -Wno-sign-conversion -Winfinite-recursion -Wcomma -Wblock-capture-autoreleasing -Wstrict-prototypes -Wno-semicolon-before-method-body -fobjc-abi-version\=2 -fobjc-legacy-dispatch -D__clang_analyzer__ -Xclang -analyzer-output\=plist-multi-file -Xclang -analyzer-config -Xclang path-diagnostics-alternate\=true -Xclang -analyzer-config -Xclang report-in-main-source-file\=true -Xclang -analyzer-checker -Xclang optin.osx.cocoa.localizability.NonLocalizedStringChecker -Xclang -analyzer-checker -Xclang security.insecureAPI.UncheckedReturn -Xclang -analyzer-checker -Xclang security.insecureAPI.getpw -Xclang -analyzer-checker -Xclang security.insecureAPI.gets -Xclang -analyzer-checker -Xclang security.insecureAPI.mkstemp -Xclang -analyzer-checker -Xclang security.insecureAPI.mktemp -Xclang -analyzer-disable-checker -Xclang security.insecureAPI.rand -Xclang -analyzer-disable-checker -Xclang security.insecureAPI.strcpy -Xclang -analyzer-checker -Xclang security.insecureAPI.vfork -iquote /Users/oikhlas/Library/Developer/Xcode/DerivedData/WebDriverAgent-bcmeffsllcldukgyoimwiehwhvyz/Build/Intermediates.noindex/WebDriverAgent.build/Debug-iphonesimulator/WebDriverAgentLib.build/WebDriverAgentLib-generated-files.hmap -I/Users/oikhlas/Library/Developer/Xcode/DerivedData/WebDriverAgent-bcmeffsllcldukgyoimwiehwhvyz/Build/Intermediates.noindex/WebDriverAgent.build/Debug-iphonesimulator/WebDriverAgentLib.build/WebDriverAgentLib-own-target-headers.hmap -I/Users/oikhlas/Library/Developer/Xcode/DerivedData/WebDriverAgent-bcmeffsllcldukgyoimwiehwhvyz/Build/Intermediates.noindex/WebDriverAgent.build/Debug-iphonesimulator/WebDriverAgentLib.build/WebDriverAgentLib-all-target-headers.hmap -iquote /Users/oikhlas/Library/Developer/Xcode/DerivedData/WebDriverAgent-bcmeffsllcldukgyoimwiehwhvyz/Build/Intermediates.noindex/WebDriverAgent.build/Debug-iphonesimulator/WebDriverAgentLib.build/WebDriverAgentLib-project-headers.hmap -I/Users/oikhlas/Library/Developer/Xcode/DerivedData/WebDriverAgent-bcmeffsllcldukgyoimwiehwhvyz/Build/Products/Debug-iphonesimulator/include -I/Applications/Xcode.app/Contents/Developer/Platforms/iPhoneSimulator.platform/Developer/SDKs/iPhoneSimulator16.0.sdk/usr/include/libxml2 -I/Users/oikhlas/.appium/node_modules/appium-xcuitest-driver/node_modules/appium-webdriveragent/Modules -I/Users/oikhlas/Library/Developer/Xcode/DerivedData/WebDriverAgent-bcmeffsllcldukgyoimwiehwhvyz/Build/Intermediates.noindex/WebDriverAgent.build/Debug-iphonesimulator/WebDriverAgentLib.build/DerivedSources-normal/x86_64 -I/Users/oikhlas/Library/Developer/Xcode/DerivedData/WebDriverAgent-bcmeffsllcldukgyoimwiehwhvyz/Build/Intermediates.noindex/WebDriverAgent.build/Debug-iphonesimulator/WebDriverAgentLib.build/DerivedSources/x86_64 -I/Users/oikhlas/Library/Developer/Xcode/DerivedData/WebDriverAgent-bcmeffsllcldukgyoimwiehwhvyz/Build/Intermediates.noindex/WebDriverAgent.build/Debug-iphonesimulator/WebDriverAgentLib.build/DerivedSources -Weverything -Wno-objc-missing-property-synthesis -Wno-unused-macros -Wno-disabled-macro-expansion -Wno-gnu-statement-expression -Wno-language-extension-token -Wno-overriding-method-mismatch -Wno-missing-variable-declarations -Rno-module-build -Wno-auto-import -Wno-objc-interface-ivars -Wno-documentation-unknown-command -Wno-reserved-id-macro -Wno-unused-parameter -Wno-gnu-conditional-omitted-operand -Wno-explicit-ownership-type -Wno-date-time -Wno-cast-align -Wno-cstring-format-directive -Wno-double-promotion -Wno-partial-availability -Weverything -Wno-objc-missing-property-synthesis -Wno-unused-macros -Wno-disabled-macro-expansion -Wno-gnu-statement-expression -Wno-language-extension-token -Wno-overriding-method-mismatch -Wno-missing-variable-declarations -Rno-module-build -Wno-auto-import -Wno-objc-interface-ivars -Wno-documentation-unknown-command -Wno-reserved-id-macro -Wno-unused-parameter -Wno-gnu-conditional-omitted-operand -Wno-explicit-ownership-type -Wno-date-time -Wno-cast-align -Wno-cstring-format-directive -Wno-double-promotion -Wno-partial-availability -Wno-objc-messaging-id -Wno-direct-ivar-access -Wno-cast-qual -Wno-declaration-after-statement -F/Users/oikhlas/Library/Developer/Xcode/DerivedData/WebDriverAgent-bcmeffsllcldukgyoimwiehwhvyz/Build/Products/Debug-iphonesimulator -F/Applications/Xcode.app/Contents/Developer/Platforms/iPhoneSimulator.platform/Developer/Library/Frameworks -F/Applications/Xcode.app/Contents/Developer/Platforms/iPhoneSimulator.platform/Developer/Library/PrivateFrameworks -iframework /Applications/Xcode.app/Contents/Developer/Platforms/iPhoneSimulator.platform/Developer/SDKs/iPhoneSimulator16.0.sdk/Developer/Library/Frameworks -MMD -MT dependencies -MF /Users/oikhlas/Library/Developer/Xcode/DerivedData/WebDriverAgent-bcmeffsllcldukgyoimwiehwhvyz/Build/Intermediates.noindex/WebDriverAgent.build/Debug-iphonesimulator/WebDriverAgentLib.build/StaticAnalyzer/WebDriverAgent/WebDriverAgentLib/normal/x86_64/FBLogger.d --analyze /Users/oikhlas/.appium/node_modules/appium-xcuitest-driver/node_modules/appium-webdriveragent/WebDriverAgentLib/Utilities/FBLogger.m -o /Users/oikhlas/Library/Developer/Xcode/DerivedData/WebDriverAgent-bcmeffsllcldukgyoimwiehwhvyz/Build/Intermediates.noindex/WebDriverAgent.build/Debug-iphonesimulator/WebDriverAgentLib.build/StaticAnalyzer/WebDriverAgent/WebDriverAgentLib/normal/x86_64/FBLogger.plist
&amp#27;[38;5;173m[Xcode]&amp#27;[0m 
&amp#27;[38;5;173m[Xcode]&amp#27;[0m 
&amp#27;[38;5;173m[Xcode]&amp#27;[0m Analyze /Users/oikhlas/.appium/node_modules/appium-xcuitest-driver/node_modules/appium-webdriveragent/WebDriverAgentLib/Utilities/FBKeyboard.m normal x86_64 (in target 'WebDriverAgentLib' from project 'WebDriverAgent')
&amp#27;[38;5;173m[Xcode]&amp#27;[0m     cd /Users/oikhlas/.appium/node_modules/appium-xcuitest-driver/node_modules/appium-webdriveragent
&amp#27;[38;5;173m[Xcode]&amp#27;[0m     /Applications/Xcode.app/Contents/Developer/Toolchains/XcodeDefault.xctoolchain/usr/bin/clang -x objective-c -target x86_64-apple-ios16.0-simulator -fmessage-length\=0 -fdiagnostics-show-note-include-stack -fmacro-backtrace-limit\=0 -std\=gnu99 -fobjc-arc -fmodules -gmodules -fmodules-cache-path\=/Users/oikhlas/Library/Developer/Xcode/DerivedData/ModuleCache.noindex -fmodules-prune-interval\=86400 -fmodules-prune-after\=345600 -fbuild-session-file\=/Users/oikhlas/Library/Developer/Xcode/DerivedData/ModuleCache.noindex/Session.modulevalidation -fmodules-validate-once-per-build-session -Wno-trigraphs -fpascal-strings -O0 -fno-common -Wmissing-field-initializers -Wno-missing-prototypes -Werror\=return-type -Wunreachable-code -Wquoted-include-in-framework-header -Wno-implicit-atomic-properties -Werror\=deprecated-objc-isa-usage -Wno-objc-interface-ivars -Werror\=objc-root-class -Warc-repeated-use-of-weak -Wno-arc-maybe-repeated-use-of-weak -Wimplicit-retain-self -Wduplicate-method-match -Wno-missing-braces -Wparentheses -Wswitch -Wunused-function -Wno-unused-label -Wunused-parameter -Wunused-variable -Wunused-value -Wempty-body -Wuninitialized -Wconditional-uninitialized -Wno-unknown-pragmas -pedantic -Wshadow -Wno-four-char-constants -Wconversion -Wconstant-conversion -Wint-conversion -Wbool-conversion -Wenum-conversion -Wfloat-conversion -Wnon-literal-null-conversion -Wobjc-literal-conversion -Wassign-enum -Wsign-compare -Wshorten-64-to-32 -Wpointer-sign -Wno-newline-eof -Wno-selector -Wno-strict-selector-match -Wundeclared-selector -Wdeprecated-implementations -Wno-implicit-fallthrough -DDEBUG\=1 -DOBJC_OLD_DISPATCH_PROTOTYPES\=0 -isysroot /Applications/Xcode.app/Contents/Developer/Platforms/iPhoneSimulator.platform/Developer/SDKs/iPhoneSimulator16.0.sdk -fasm-blocks -fstrict-aliasing -Wprotocol -Wdeprecated-declarations -g -Wno-sign-conversion -Winfinite-recursion -Wcomma -Wblock-capture-autoreleasing -Wstrict-prototypes -Wno-semicolon-before-method-body -fobjc-abi-version\=2 -fobjc-legacy-dispatch -D__clang_analyzer__ -Xclang -analyzer-output\=plist-multi-file -Xclang -analyzer-config -Xclang path-diagnostics-alternate\=true -Xclang -analyzer-config -Xclang report-in-main-source-file\=true -Xclang -analyzer-checker -Xclang optin.osx.cocoa.localizability.NonLocalizedStringChecker -Xclang -analyzer-checker -Xclang security.insecureAPI.UncheckedReturn -Xclang -analyzer-checker -Xclang security.insecureAPI.getpw -Xclang -analyzer-checker -Xclang security.insecureAPI.gets -Xclang -analyzer-checker -Xclang security.insecureAPI.mkstemp -Xclang -analyzer-checker -Xclang security.insecureAPI.mktemp -Xclang -analyzer-disable-checker -Xclang security.insecureAPI.rand -Xclang -analyzer-disable-checker -Xclang security.insecureAPI.strcpy -Xclang -analyzer-checker -Xclang security.insecureAPI.vfork -iquote /Users/oikhlas/Library/Developer/Xcode/DerivedData/WebDriverAgent-bcmeffsllcldukgyoimwiehwhvyz/Build/Intermediates.noindex/WebDriverAgent.build/Debug-iphonesimulator/WebDriverAgentLib.build/WebDriverAgentLib-generated-files.hmap -I/Users/oikhlas/Library/Developer/Xcode/DerivedData/WebDriverAgent-bcmeffsllcldukgyoimwiehwhvyz/Build/Intermediates.noindex/WebDriverAgent.build/Debug-iphonesimulator/WebDriverAgentLib.build/WebDriverAgentLib-own-target-headers.hmap -I/Users/oikhlas/Library/Developer/Xcode/DerivedData/WebDriverAgent-bcmeffsllcldukgyoimwiehwhvyz/Build/Intermediates.noindex/WebDriverAgent.build/Debug-iphonesimulator/WebDriverAgentLib.build/WebDriverAgentLib-all-target-headers.hmap -iquote /Users/oikhlas/Library/Developer/Xcode/DerivedData/WebDriverAgent-bcmeffsllcldukgyoimwiehwhvyz/Build/Intermediates.noindex/WebDriverAgent.build/Debug-iphonesimulator/WebDriverAgentLib.build/WebDriverAgentLib-project-headers.hmap -I/Users/oikhlas/Library/Developer/Xcode/DerivedData/WebDriverAgent-bcmeffsllcldukgyoimwiehwhvyz/Build/Products/Debug-iphonesimulator/include -I/Applications/Xcode.app/Contents/Developer/Platforms/iPhoneSimulator.platform/Developer/SDKs/iPhoneSimulator16.0.sdk/usr/include/libxml2 -I/Users/oikhlas/.appium/node_modules/appium-xcuitest-driver/node_modules/appium-webdriveragent/Modules -I/Users/oikhlas/Library/Developer/Xcode/DerivedData/WebDriverAgent-bcmeffsllcldukgyoimwiehwhvyz/Build/Intermediates.noindex/WebDriverAgent.build/Debug-iphonesimulator/WebDriverAgentLib.build/DerivedSources-normal/x86_64 -I/Users/oikhlas/Library/Developer/Xcode/DerivedData/WebDriverAgent-bcmeffsllcldukgyoimwiehwhvyz/Build/Intermediates.noindex/WebDriverAgent.build/Debug-iphonesimulator/WebDriverAgentLib.build/DerivedSources/x86_64 -I/Users/oikhlas/Library/Developer/Xcode/DerivedData/WebDriverAgent-bcmeffsllcldukgyoimwiehwhvyz/Build/Intermediates.noindex/WebDriverAgent.build/Debug-iphonesimulator/WebDriverAgentLib.build/DerivedSources -Weverything -Wno-objc-missing-property-synthesis -Wno-unused-macros -Wno-disabled-macro-expansion -Wno-gnu-statement-expression -Wno-language-extension-token -Wno-overriding-method-mismatch -Wno-missing-variable-declarations -Rno-module-build -Wno-auto-import -Wno-objc-interface-ivars -Wno-documentation-unknown-command -Wno-reserved-id-macro -Wno-unused-parameter -Wno-gnu-conditional-omitted-operand -Wno-explicit-ownership-type -Wno-date-time -Wno-cast-align -Wno-cstring-format-directive -Wno-double-promotion -Wno-partial-availability -Weverything -Wno-objc-missing-property-synthesis -Wno-unused-macros -Wno-disabled-macro-expansion -Wno-gnu-statement-expression -Wno-language-extension-token -Wno-overriding-method-mismatch -Wno-missing-variable-declarations -Rno-module-build -Wno-auto-import -Wno-objc-interface-ivars -Wno-documentation-unknown-command -Wno-reserved-id-macro -Wno-unused-parameter -Wno-gnu-conditional-omitted-operand -Wno-explicit-ownership-type -Wno-date-time -Wno-cast-align -Wno-cstring-format-directive -Wno-double-promotion -Wno-partial-availability -Wno-objc-messaging-id -Wno-direct-ivar-access -Wno-cast-qual -Wno-declaration-after-statement -F/Users/oikhlas/Library/Developer/Xcode/DerivedData/WebDriverAgent-bcmeffsllcldukgyoimwiehwhvyz/Build/Products/Debug-iphonesimulator -F/Applications/Xcode.app/Contents/Developer/Platforms/iPhoneSimulator.platform/Developer/Library/Frameworks -F/Applications/Xcode.app/Contents/Developer/Platforms/iPhoneSimulator.platform/Developer/Library/PrivateFrameworks -iframework /Applications/Xcode.app/Contents/Developer/Platforms/iPhoneSimulator.platform/Developer/SDKs/iPhoneSimulator16.0.sdk/Developer/Library/Frameworks -MMD -MT dependencies -MF /Users/oikhlas/Library/Developer/Xcode/DerivedData/WebDriverAgent-bcmeffsllcldukgyoimwiehwhvyz/Build/Intermediates.noindex/WebDriverAgent.build/Debug-iphonesimulator/WebDriverAgentLib.build/StaticAnalyzer/WebDriverAgent/WebDriverAgentLib/normal/x86_64/FBKeyboard.d --analyze /Users/oikhlas/.appium/node_modules/appium-xcuitest-driver/node_modules/appium-webdriveragent/WebDriverAgentLib/Utilities/FBKeyboard.m -o /Users/oikhlas/Library/Developer/Xcode/DerivedData/WebDriverAgent-bcmeffsllcldukgyoimwiehwhvyz/Build/Intermediates.noindex/WebDriverAgent.build/Debug-iphonesimulator/WebDriverAgentLib.build/StaticAnalyzer/WebDriverAgent/WebDriverAgentLib/normal/x86_64/FBKeyboard.plist
&amp#27;[38;5;173m[Xcode]&amp#27;[0m 
&amp#27;[38;5;173m[Xcode]&amp#27;[0m 
&amp#27;[38;5;173m[Xcode]&amp#27;[0m Analyze /Users/oikhlas/.appium/node_modules/appium-xcuitest-driver/node_modules/appium-webdriveragent/WebDriverAgentLib/Utilities/FBImageUtils.m normal x86_64 (in target 'WebDriverAgentLib' from project 'WebDriverAgent')
&amp#27;[38;5;173m[Xcode]&amp#27;[0m     cd /Users/oikhlas/.appium/node_modules/appium-xcuitest-driver/node_modules/appium-webdriveragent
&amp#27;[38;5;173m[Xcode]&amp#27;[0m     /Applications/Xcode.app/Contents/Developer/Toolchains/XcodeDefault.xctoolchain/usr/bin/clang -x objective-c -target x86_64-apple-ios16.0-simulator -fmessage-length\=0 -fdiagnostics-show-note-include-stack -fmacro-backtrace-limit\=0 -std\=gnu99 -fobjc-arc -fmodules -gmodules -fmodules-cache-path\=/Users/oikhlas/Library/Developer/Xcode/DerivedData/ModuleCache.noindex -fmodules-prune-interval\=86400 -fmodules-prune-after\=345600 -fbuild-session-file\=/Users/oikhlas/Library/Developer/Xcode/DerivedData/ModuleCache.noindex/Session.modulevalidation -fmodules-validate-once-per-build-session -Wno-trigraphs -fpascal-strings -O0 -fno-common -Wmissing-field-initializers -Wno-missing-prototypes -Werror\=return-type -Wunreachable-code -Wquoted-include-in-framework-header -Wno-implicit-atomic-properties -Werror\=deprecated-objc-isa-usage -Wno-objc-interface-ivars -Werror\=objc-root-class -Warc-repeated-use-of-weak -Wno-arc-maybe-repeated-use-of-weak -Wimplicit-retain-self -Wduplicate-method-match -Wno-missing-braces -Wparentheses -Wswitch -Wunused-function -Wno-unused-label -Wunused-parameter -Wunused-variable -Wunused-value -Wempty-body -Wuninitialized -Wconditional-uninitialized -Wno-unknown-pragmas -pedantic -Wshadow -Wno-four-char-constants -Wconversion -Wconstant-conversion -Wint-conversion -Wbool-conversion -Wenum-conversion -Wfloat-conversion -Wnon-literal-null-conversion -Wobjc-literal-conversion -Wassign-enum -Wsign-compare -Wshorten-64-to-32 -Wpointer-sign -Wno-newline-eof -Wno-selector -Wno-strict-selector-match -Wundeclared-selector -Wdeprecated-implementations -Wno-implicit-fallthrough -DDEBUG\=1 -DOBJC_OLD_DISPATCH_PROTOTYPES\=0 -isysroot /Applications/Xcode.app/Contents/Developer/Platforms/iPhoneSimulator.platform/Developer/SDKs/iPhoneSimulator16.0.sdk -fasm-blocks -fstrict-aliasing -Wprotocol -Wdeprecated-declarations -g -Wno-sign-conversion -Winfinite-recursion -Wcomma -Wblock-capture-autoreleasing -Wstrict-prototypes -Wno-semicolon-before-method-body -fobjc-abi-version\=2 -fobjc-legacy-dispatch -D__clang_analyzer__ -Xclang -analyzer-output\=plist-multi-file -Xclang -analyzer-config -Xclang path-diagnostics-alternate\=true -Xclang -analyzer-config -Xclang report-in-main-source-file\=true -Xclang -analyzer-checker -Xclang optin.osx.cocoa.localizability.NonLocalizedStringChecker -Xclang -analyzer-checker -Xclang security.insecureAPI.UncheckedReturn -Xclang -analyzer-checker -Xclang security.insecureAPI.getpw -Xclang -analyzer-checker -Xclang security.insecureAPI.gets -Xclang -analyzer-checker -Xclang security.insecureAPI.mkstemp -Xclang -analyzer-checker -Xclang security.insecureAPI.mktemp -Xclang -analyzer-disable-checker -Xclang security.insecureAPI.rand -Xclang -analyzer-disable-checker -Xclang security.insecureAPI.strcpy -Xclang -analyzer-checker -Xclang security.insecureAPI.vfork -iquote /Users/oikhlas/Library/Developer/Xcode/DerivedData/WebDriverAgent-bcmeffsllcldukgyoimwiehwhvyz/Build/Intermediates.noindex/WebDriverAgent.build/Debug-iphonesimulator/WebDriverAgentLib.build/WebDriverAgentLib-generated-files.hmap -I/Users/oikhlas/Library/Developer/Xcode/DerivedData/WebDriverAgent-bcmeffsllcldukgyoimwiehwhvyz/Build/Intermediates.noindex/WebDriverAgent.build/Debug-iphonesimulator/WebDriverAgentLib.build/WebDriverAgentLib-own-target-headers.hmap -I/Users/oikhlas/Library/Developer/Xcode/DerivedData/WebDriverAgent-bcmeffsllcldukgyoimwiehwhvyz/Build/Intermediates.noindex/WebDriverAgent.build/Debug-iphonesimulator/WebDriverAgentLib.build/WebDriverAgentLib-all-target-headers.hmap -iquote /Users/oikhlas/Library/Developer/Xcode/DerivedData/WebDriverAgent-bcmeffsllcldukgyoimwiehwhvyz/Build/Intermediates.noindex/WebDriverAgent.build/Debug-iphonesimulator/WebDriverAgentLib.build/WebDriverAgentLib-project-headers.hmap -I/Users/oikhlas/Library/Developer/Xcode/DerivedData/WebDriverAgent-bcmeffsllcldukgyoimwiehwhvyz/Build/Products/Debug-iphonesimulator/include -I/Applications/Xcode.app/Contents/Developer/Platforms/iPhoneSimulator.platform/Developer/SDKs/iPhoneSimulator16.0.sdk/usr/include/libxml2 -I/Users/oikhlas/.appium/node_modules/appium-xcuitest-driver/node_modules/appium-webdriveragent/Modules -I/Users/oikhlas/Library/Developer/Xcode/DerivedData/WebDriverAgent-bcmeffsllcldukgyoimwiehwhvyz/Build/Intermediates.noindex/WebDriverAgent.build/Debug-iphonesimulator/WebDriverAgentLib.build/DerivedSources-normal/x86_64 -I/Users/oikhlas/Library/Developer/Xcode/DerivedData/WebDriverAgent-bcmeffsllcldukgyoimwiehwhvyz/Build/Intermediates.noindex/WebDriverAgent.build/Debug-iphonesimulator/WebDriverAgentLib.build/DerivedSources/x86_64 -I/Users/oikhlas/Library/Developer/Xcode/DerivedData/WebDriverAgent-bcmeffsllcldukgyoimwiehwhvyz/Build/Intermediates.noindex/WebDriverAgent.build/Debug-iphonesimulator/WebDriverAgentLib.build/DerivedSources -Weverything -Wno-objc-missing-property-synthesis -Wno-unused-macros -Wno-disabled-macro-expansion -Wno-gnu-statement-expression -Wno-language-extension-token -Wno-overriding-method-mismatch -Wno-missing-variable-declarations -Rno-module-build -Wno-auto-import -Wno-objc-interface-ivars -Wno-documentation-unknown-command -Wno-reserved-id-macro -Wno-unused-parameter -Wno-gnu-conditional-omitted-operand -Wno-explicit-ownership-type -Wno-date-time -Wno-cast-align -Wno-cstring-format-directive -Wno-double-promotion -Wno-partial-availability -Weverything -Wno-objc-missing-property-synthesis -Wno-unused-macros -Wno-disabled-macro-expansion -Wno-gnu-statement-expression -Wno-language-extension-token -Wno-overriding-method-mismatch -Wno-missing-variable-declarations -Rno-module-build -Wno-auto-import -Wno-objc-interface-ivars -Wno-documentation-unknown-command -Wno-reserved-id-macro -Wno-unused-parameter -Wno-gnu-conditional-omitted-operand -Wno-explicit-ownership-type -Wno-date-time -Wno-cast-align -Wno-cstring-format-directive -Wno-double-promotion -Wno-partial-availability -Wno-objc-messaging-id -Wno-direct-ivar-access -Wno-cast-qual -Wno-declaration-after-statement -F/Users/oikhlas/Library/Developer/Xcode/DerivedData/WebDriverAgent-bcmeffsllcldukgyoimwiehwhvyz/Build/Products/Debug-iphonesimulator -F/Applications/Xcode.app/Contents/Developer/Platforms/iPhoneSimulator.platform/Developer/Library/Frameworks -F/Applications/Xcode.app/Contents/Developer/Platforms/iPhoneSimulator.platform/Developer/Library/PrivateFrameworks -iframework /Applications/Xcode.app/Contents/Developer/Platforms/iPhoneSimulator.platform/Developer/SDKs/iPhoneSimulator16.0.sdk/Developer/Library/Frameworks -MMD -MT dependencies -MF /Users/oikhlas/Library/Developer/Xcode/DerivedData/WebDriverAgent-bcmeffsllcldukgyoimwiehwhvyz/Build/Intermediates.noindex/WebDriverAgent.build/Debug-iphonesimulator/WebDriverAgentLib.build/StaticAnalyzer/WebDriverAgent/WebDriverAgentLib/normal/x86_64/FBImageUtils.d --analyze /Users/oikhlas/.appium/node_modules/appium-xcuitest-driver/node_modules/appium-webdriveragent/WebDriverAgentLib/Utilities/FBImageUtils.m -o /Users/oikhlas/Library/Developer/Xcode/DerivedData/WebDriverAgent-bcmeffsllcldukgyoimwiehwhvyz/Build/Intermediates.noindex/WebDriverAgent.build/Debug-iphonesimulator/WebDriverAgentLib.build/StaticAnalyzer/WebDriverAgent/WebDriverAgentLib/normal/x86_64/FBImageUtils.plist
&amp#27;[38;5;173m[Xcode]&amp#27;[0m 
&amp#27;[38;5;173m[Xcode]&amp#27;[0m 
&amp#27;[38;5;173m[Xcode]&amp#27;[0m Analyze /Users/oikhlas/.appium/node_modules/appium-xcuitest-driver/node_modules/appium-webdriveragent/WebDriverAgentLib/Utilities/FBImageProcessor.m normal x86_64 (in target 'WebDriverAgentLib' from project 'WebDriverAgent')
&amp#27;[38;5;173m[Xcode]&amp#27;[0m     cd /Users/oikhlas/.appium/node_modules/appium-xcuitest-driver/node_modules/appium-webdriveragent
&amp#27;[38;5;173m[Xcode]&amp#27;[0m     /Applications/Xcode.app/Contents/Developer/Toolchains/XcodeDefault.xctoolchain/usr/bin/clang -x objective-c -target x86_64-apple-ios16.0-simulator -fmessage-length\=0 -fdiagnostics-show-note-include-stack -fmacro-backtrace-limit\=0 -std\=gnu99 -fobjc-arc -fmodules -gmodules -fmodules-cache-path\=/Users/oikhlas/Library/Developer/Xcode/DerivedData/ModuleCache.noindex -fmodules-prune-interval\=86400 -fmodules-prune-after\=345600 -fbuild-session-file\=/Users/oikhlas/Library/Developer/Xcode/DerivedData/ModuleCache.noindex/Session.modulevalidation -fmodules-validate-once-per-build-session -Wno-trigraphs -fpascal-strings -O0 -fno-common -Wmissing-field-initializers -Wno-missing-prototypes -Werror\=return-type -Wunreachable-code -Wquoted-include-in-framework-header -Wno-implicit-atomic-properties -Werror\=deprecated-objc-isa-usage -Wno-objc-interface-ivars -Werror\=objc-root-class -Warc-repeated-use-of-weak -Wno-arc-maybe-repeated-use-of-weak -Wimplicit-retain-self -Wduplicate-method-match -Wno-missing-braces -Wparentheses -Wswitch -Wunused-function -Wno-unused-label -Wunused-parameter -Wunused-variable -Wunused-value -Wempty-body -Wuninitialized -Wconditional-uninitialized -Wno-unknown-pragmas -pedantic -Wshadow -Wno-four-char-constants -Wconversion -Wconstant-conversion -Wint-conversion -Wbool-conversion -Wenum-conversion -Wfloat-conversion -Wnon-literal-null-conversion -Wobjc-literal-conversion -Wassign-enum -Wsign-compare -Wshorten-64-to-32 -Wpointer-sign -Wno-newline-eof -Wno-selector -Wno-strict-selector-match -Wundeclared-selector -Wdeprecated-implementations -Wno-implicit-fallthrough -DDEBUG\=1 -DOBJC_OLD_DISPATCH_PROTOTYPES\=0 -isysroot /Applications/Xcode.app/Contents/Developer/Platforms/iPhoneSimulator.platform/Developer/SDKs/iPhoneSimulator16.0.sdk -fasm-blocks -fstrict-aliasing -Wprotocol -Wdeprecated-declarations -g -Wno-sign-conversion -Winfinite-recursion -Wcomma -Wblock-capture-autoreleasing -Wstrict-prototypes -Wno-semicolon-before-method-body -fobjc-abi-version\=2 -fobjc-legacy-dispatch -D__clang_analyzer__ -Xclang -analyzer-output\=plist-multi-file -Xclang -analyzer-config -Xclang path-diagnostics-alternate\=true -Xclang -analyzer-config -Xclang report-in-main-source-file\=true -Xclang -analyzer-checker -Xclang optin.osx.cocoa.localizability.NonLocalizedStringChecker -Xclang -analyzer-checker -Xclang security.insecureAPI.UncheckedReturn -Xclang -analyzer-checker -Xclang security.insecureAPI.getpw -Xclang -analyzer-checker -Xclang security.insecureAPI.gets -Xclang -analyzer-checker -Xclang security.insecureAPI.mkstemp -Xclang -analyzer-checker -Xclang security.insecureAPI.mktemp -Xclang -analyzer-disable-checker -Xclang security.insecureAPI.rand -Xclang -analyzer-disable-checker -Xclang security.insecureAPI.strcpy -Xclang -analyzer-checker -Xclang security.insecureAPI.vfork -iquote /Users/oikhlas/Library/Developer/Xcode/DerivedData/WebDriverAgent-bcmeffsllcldukgyoimwiehwhvyz/Build/Intermediates.noindex/WebDriverAgent.build/Debug-iphonesimulator/WebDriverAgentLib.build/WebDriverAgentLib-generated-files.hmap -I/Users/oikhlas/Library/Developer/Xcode/DerivedData/WebDriverAgent-bcmeffsllcldukgyoimwiehwhvyz/Build/Intermediates.noindex/WebDriverAgent.build/Debug-iphonesimulator/WebDriverAgentLib.build/WebDriverAgentLib-own-target-headers.hmap -I/Users/oikhlas/Library/Developer/Xcode/DerivedData/WebDriverAgent-bcmeffsllcldukgyoimwiehwhvyz/Build/Intermediates.noindex/WebDriverAgent.build/Debug-iphonesimulator/WebDriverAgentLib.build/WebDriverAgentLib-all-target-headers.hmap -iquote /Users/oikhlas/Library/Developer/Xcode/DerivedData/WebDriverAgent-bcmeffsllcldukgyoimwiehwhvyz/Build/Intermediates.noindex/WebDriverAgent.build/Debug-iphonesimulator/WebDriverAgentLib.build/WebDriverAgentLib-project-headers.hmap -I/Users/oikhlas/Library/Developer/Xcode/DerivedData/WebDriverAgent-bcmeffsllcldukgyoimwiehwhvyz/Build/Products/Debug-iphonesimulator/include -I/Applications/Xcode.app/Contents/Developer/Platforms/iPhoneSimulator.platform/Developer/SDKs/iPhoneSimulator16.0.sdk/usr/include/libxml2 -I/Users/oikhlas/.appium/node_modules/appium-xcuitest-driver/node_modules/appium-webdriveragent/Modules -I/Users/oikhlas/Library/Developer/Xcode/DerivedData/WebDriverAgent-bcmeffsllcldukgyoimwiehwhvyz/Build/Intermediates.noindex/WebDriverAgent.build/Debug-iphonesimulator/WebDriverAgentLib.build/DerivedSources-normal/x86_64 -I/Users/oikhlas/Library/Developer/Xcode/DerivedData/WebDriverAgent-bcmeffsllcldukgyoimwiehwhvyz/Build/Intermediates.noindex/WebDriverAgent.build/Debug-iphonesimulator/WebDriverAgentLib.build/DerivedSources/x86_64 -I/Users/oikhlas/Library/Developer/Xcode/DerivedData/WebDriverAgent-bcmeffsllcldukgyoimwiehwhvyz/Build/Intermediates.noindex/WebDriverAgent.build/Debug-iphonesimulator/WebDriverAgentLib.build/DerivedSources -Weverything -Wno-objc-missing-property-synthesis -Wno-unused-macros -Wno-disabled-macro-expansion -Wno-gnu-statement-expression -Wno-language-extension-token -Wno-overriding-method-mismatch -Wno-missing-variable-declarations -Rno-module-build -Wno-auto-import -Wno-objc-interface-ivars -Wno-documentation-unknown-command -Wno-reserved-id-macro -Wno-unused-parameter -Wno-gnu-conditional-omitted-operand -Wno-explicit-ownership-type -Wno-date-time -Wno-cast-align -Wno-cstring-format-directive -Wno-double-promotion -Wno-partial-availability -Weverything -Wno-objc-missing-property-synthesis -Wno-unused-macros -Wno-disabled-macro-expansion -Wno-gnu-statement-expression -Wno-language-extension-token -Wno-overriding-method-mismatch -Wno-missing-variable-declarations -Rno-module-build -Wno-auto-import -Wno-objc-interface-ivars -Wno-documentation-unknown-command -Wno-reserved-id-macro -Wno-unused-parameter -Wno-gnu-conditional-omitted-operand -Wno-explicit-ownership-type -Wno-date-time -Wno-cast-align -Wno-cstring-format-directive -Wno-double-promotion -Wno-partial-availability -Wno-objc-messaging-id -Wno-direct-ivar-access -Wno-cast-qual -Wno-declaration-after-statement -F/Users/oikhlas/Library/Developer/Xcode/DerivedData/WebDriverAgent-bcmeffsllcldukgyoimwiehwhvyz/Build/Products/Debug-iphonesimulator -F/Applications/Xcode.app/Contents/Developer/Platforms/iPhoneSimulator.platform/Developer/Library/Frameworks -F/Applications/Xcode.app/Contents/Developer/Platforms/iPhoneSimulator.platform/Developer/Library/PrivateFrameworks -iframework /Applications/Xcode.app/Contents/Developer/Platforms/iPhoneSimulator.platform/Developer/SDKs/iPhoneSimulator16.0.sdk/Developer/Library/Frameworks -MMD -MT dependencies -MF /Users/oikhlas/Library/Developer/Xcode/DerivedData/WebDriverAgent-bcmeffsllcldukgyoimwiehwhvyz/Build/Intermediates.noindex/WebDriverAgent.build/Debug-iphonesimulator/WebDriverAgentLib.build/StaticAnalyzer/WebDriverAgent/WebDriverAgentLib/normal/x86_64/FBImageProcessor.d --analyze /Users/oikhlas/.appium/node_modules/appium-xcuitest-driver/node_modules/appium-webdriveragent/WebDriverAgentLib/Utilities/FBImageProcessor.m -o /Users/oikhlas/Library/Developer/Xcode/DerivedData/WebDriverAgent-bcmeffsllcldukgyoimwiehwhvyz/Build/Intermediates.noindex/WebDriverAgent.build/Debug-iphonesimulator/WebDriverAgentLib.build/StaticAnalyzer/WebDriverAgent/WebDriverAgentLib/normal/x86_64/FBImageProcessor.plist
&amp#27;[38;5;173m[Xcode]&amp#27;[0m 
&amp#27;[38;5;173m[Xcode]&amp#27;[0m 
&amp#27;[38;5;173m[Xcode]&amp#27;[0m Analyze /Users/oikhlas/.appium/node_modules/appium-xcuitest-driver/node_modules/appium-webdriveragent/WebDriverAgentLib/Utilities/FBFailureProofTestCase.m normal x86_64 (in target 'WebDriverAgentLib' from project 'WebDriverAgent')
&amp#27;[38;5;173m[Xcode]&amp#27;[0m     cd /Users/oikhlas/.appium/node_modules/appium-xcuitest-driver/node_modules/appium-webdriveragent
&amp#27;[38;5;173m[Xcode]&amp#27;[0m     /Applications/Xcode.app/Contents/Developer/Toolchains/XcodeDefault.xctoolchain/usr/bin/clang -x objective-c -target x86_64-apple-ios16.0-simulator -fmessage-length\=0 -fdiagnostics-show-note-include-stack -fmacro-backtrace-limit\=0 -std\=gnu99 -fobjc-arc -fmodules -gmodules -fmodules-cache-path\=/Users/oikhlas/Library/Developer/Xcode/DerivedData/ModuleCache.noindex -fmodules-prune-interval\=86400 -fmodules-prune-after\=345600 -fbuild-session-file\=/Users/oikhlas/Library/Developer/Xcode/DerivedData/ModuleCache.noindex/Session.modulevalidation -fmodules-validate-once-per-build-session -Wno-trigraphs -fpascal-strings -O0 -fno-common -Wmissing-field-initializers -Wno-missing-prototypes -Werror\=return-type -Wunreachable-code -Wquoted-include-in-framework-header -Wno-implicit-atomic-properties -Werror\=deprecated-objc-isa-usage -Wno-objc-interface-ivars -Werror\=objc-root-class -Warc-repeated-use-of-weak -Wno-arc-maybe-repeated-use-of-weak -Wimplicit-retain-self -Wduplicate-method-match -Wno-missing-braces -Wparentheses -Wswitch -Wunused-function -Wno-unused-label -Wunused-parameter -Wunused-variable -Wunused-value -Wempty-body -Wuninitialized -Wconditional-uninitialized -Wno-unknown-pragmas -pedantic -Wshadow -Wno-four-char-constants -Wconversion -Wconstant-conversion -Wint-conversion -Wbool-conversion -Wenum-conversion -Wfloat-conversion -Wnon-literal-null-conversion -Wobjc-literal-conversion -Wassign-enum -Wsign-compare -Wshorten-64-to-32 -Wpointer-sign -Wno-newline-eof -Wno-selector -Wno-strict-selector-match -Wundeclared-selector -Wdeprecated-implementations -Wno-implicit-fallthrough -DDEBUG\=1 -DOBJC_OLD_DISPATCH_PROTOTYPES\=0 -isysroot /Applications/Xcode.app/Contents/Developer/Platforms/iPhoneSimulator.platform/Developer/SDKs/iPhoneSimulator16.0.sdk -fasm-blocks -fstrict-aliasing -Wprotocol -Wdeprecated-declarations -g -Wno-sign-conversion -Winfinite-recursion -Wcomma -Wblock-capture-autoreleasing -Wstrict-prototypes -Wno-semicolon-before-method-body -fobjc-abi-version\=2 -fobjc-legacy-dispatch -D__clang_analyzer__ -Xclang -analyzer-output\=plist-multi-file -Xclang -analyzer-config -Xclang path-diagnostics-alternate\=true -Xclang -analyzer-config -Xclang report-in-main-source-file\=true -Xclang -analyzer-checker -Xclang optin.osx.cocoa.localizability.NonLocalizedStringChecker -Xclang -analyzer-checker -Xclang security.insecureAPI.UncheckedReturn -Xclang -analyzer-checker -Xclang security.insecureAPI.getpw -Xclang -analyzer-checker -Xclang security.insecureAPI.gets -Xclang -analyzer-checker -Xclang security.insecureAPI.mkstemp -Xclang -analyzer-checker -Xclang security.insecureAPI.mktemp -Xclang -analyzer-disable-checker -Xclang security.insecureAPI.rand -Xclang -analyzer-disable-checker -Xclang security.insecureAPI.strcpy -Xclang -analyzer-checker -Xclang security.insecureAPI.vfork -iquote /Users/oikhlas/Library/Developer/Xcode/DerivedData/WebDriverAgent-bcmeffsllcldukgyoimwiehwhvyz/Build/Intermediates.noindex/WebDriverAgent.build/Debug-iphonesimulator/WebDriverAgentLib.build/WebDriverAgentLib-generated-files.hmap -I/Users/oikhlas/Library/Developer/Xcode/DerivedData/WebDriverAgent-bcmeffsllcldukgyoimwiehwhvyz/Build/Intermediates.noindex/WebDriverAgent.build/Debug-iphonesimulator/WebDriverAgentLib.build/WebDriverAgentLib-own-target-headers.hmap -I/Users/oikhlas/Library/Developer/Xcode/DerivedData/WebDriverAgent-bcmeffsllcldukgyoimwiehwhvyz/Build/Intermediates.noindex/WebDriverAgent.build/Debug-iphonesimulator/WebDriverAgentLib.build/WebDriverAgentLib-all-target-headers.hmap -iquote /Users/oikhlas/Library/Developer/Xcode/DerivedData/WebDriverAgent-bcmeffsllcldukgyoimwiehwhvyz/Build/Intermediates.noindex/WebDriverAgent.build/Debug-iphonesimulator/WebDriverAgentLib.build/WebDriverAgentLib-project-headers.hmap -I/Users/oikhlas/Library/Developer/Xcode/DerivedData/WebDriverAgent-bcmeffsllcldukgyoimwiehwhvyz/Build/Products/Debug-iphonesimulator/include -I/Applications/Xcode.app/Contents/Developer/Platforms/iPhoneSimulator.platform/Developer/SDKs/iPhoneSimulator16.0.sdk/usr/include/libxml2 -I/Users/oikhlas/.appium/node_modules/appium-xcuitest-driver/node_modules/appium-webdriveragent/Modules -I/Users/oikhlas/Library/Developer/Xcode/DerivedData/WebDriverAgent-bcmeffsllcldukgyoimwiehwhvyz/Build/Intermediates.noindex/WebDriverAgent.build/Debug-iphonesimulator/WebDriverAgentLib.build/DerivedSources-normal/x86_64 -I/Users/oikhlas/Library/Developer/Xcode/DerivedData/WebDriverAgent-bcmeffsllcldukgyoimwiehwhvyz/Build/Intermediates.noindex/WebDriverAgent.build/Debug-iphonesimulator/WebDriverAgentLib.build/DerivedSources/x86_64 -I/Users/oikhlas/Library/Developer/Xcode/DerivedData/WebDriverAgent-bcmeffsllcldukgyoimwiehwhvyz/Build/Intermediates.noindex/WebDriverAgent.build/Debug-iphonesimulator/WebDriverAgentLib.build/DerivedSources -Weverything -Wno-objc-missing-property-synthesis -Wno-unused-macros -Wno-disabled-macro-expansion -Wno-gnu-statement-expression -Wno-language-extension-token -Wno-overriding-method-mismatch -Wno-missing-variable-declarations -Rno-module-build -Wno-auto-import -Wno-objc-interface-ivars -Wno-documentation-unknown-command -Wno-reserved-id-macro -Wno-unused-parameter -Wno-gnu-conditional-omitted-operand -Wno-explicit-ownership-type -Wno-date-time -Wno-cast-align -Wno-cstring-format-directive -Wno-double-promotion -Wno-partial-availability -Weverything -Wno-objc-missing-property-synthesis -Wno-unused-macros -Wno-disabled-macro-expansion -Wno-gnu-statement-expression -Wno-language-extension-token -Wno-overriding-method-mismatch -Wno-missing-variable-declarations -Rno-module-build -Wno-auto-import -Wno-objc-interface-ivars -Wno-documentation-unknown-command -Wno-reserved-id-macro -Wno-unused-parameter -Wno-gnu-conditional-omitted-operand -Wno-explicit-ownership-type -Wno-date-time -Wno-cast-align -Wno-cstring-format-directive -Wno-double-promotion -Wno-partial-availability -Wno-objc-messaging-id -Wno-direct-ivar-access -Wno-cast-qual -Wno-declaration-after-statement -F/Users/oikhlas/Library/Developer/Xcode/DerivedData/WebDriverAgent-bcmeffsllcldukgyoimwiehwhvyz/Build/Products/Debug-iphonesimulator -F/Applications/Xcode.app/Contents/Developer/Platforms/iPhoneSimulator.platform/Developer/Library/Frameworks -F/Applications/Xcode.app/Contents/Developer/Platforms/iPhoneSimulator.platform/Developer/Library/PrivateFrameworks -iframework /Applications/Xcode.app/Contents/Developer/Platforms/iPhoneSimulator.platform/Developer/SDKs/iPhoneSimulator16.0.sdk/Developer/Library/Frameworks -MMD -MT dependencies -MF /Users/oikhlas/Library/Developer/Xcode/DerivedData/WebDriverAgent-bcmeffsllcldukgyoimwiehwhvyz/Build/Intermediates.noindex/WebDriverAgent.build/Debug-iphonesimulator/WebDriverAgentLib.build/StaticAnalyzer/WebDriverAgent/WebDriverAgentLib/normal/x86_64/FBFailureProofTestCase.d --analyze /Users/oikhlas/.appium/node_modules/appium-xcuitest-driver/node_modules/appium-webdriveragent/WebDriverAgentLib/Utilities/FBFailureProofTestCase.m -o /Users/oikhlas/Library/Developer/Xcode/DerivedData/WebDriverAgent-bcmeffsllcldukgyoimwiehwhvyz/Build/Intermediates.noindex/WebDriverAgent.build/Debug-iphonesimulator/WebDriverAgentLib.build/StaticAnalyzer/WebDriverAgent/WebDriverAgentLib/normal/x86_64/FBFailureProofTestCase.plist
&amp#27;[38;5;173m[Xcode]&amp#27;[0m 
&amp#27;[38;5;173m[Xcode]&amp#27;[0m 
&amp#27;[38;5;173m[Xcode]&amp#27;[0m Analyze /Users/oikhlas/.appium/node_modules/appium-xcuitest-driver/node_modules/appium-webdriveragent/WebDriverAgentLib/Utilities/FBErrorBuilder.m normal x86_64 (in target 'WebDriverAgentLib' from project 'WebDriverAgent')
&amp#27;[38;5;173m[Xcode]&amp#27;[0m     cd /Users/oikhlas/.appium/node_modules/appium-xcuitest-driver/node_modules/appium-webdriveragent
&amp#27;[38;5;173m[Xcode]&amp#27;[0m     /Applications/Xcode.app/Contents/Developer/Toolchains/XcodeDefault.xctoolchain/usr/bin/clang -x objective-c -target x86_64-apple-ios16.0-simulator -fmessage-length\=0 -fdiagnostics-show-note-include-stack -fmacro-backtrace-limit\=0 -std\=gnu99 -fobjc-arc -fmodules -gmodules -fmodules-cache-path\=/Users/oikhlas/Library/Developer/Xcode/DerivedData/ModuleCache.noindex -fmodules-prune-interval\=86400 -fmodules-prune-after\=345600 -fbuild-session-file\=/Users/oikhlas/Library/Developer/Xcode/DerivedData/ModuleCache.noindex/Session.modulevalidation -fmodules-validate-once-per-build-session -Wno-trigraphs -fpascal-strings -O0 -fno-common -Wmissing-field-initializers -Wno-missing-prototypes -Werror\=return-type -Wunreachable-code -Wquoted-include-in-framework-header -Wno-implicit-atomic-properties -Werror\=deprecated-objc-isa-usage -Wno-objc-interface-ivars -Werror\=objc-root-class -Warc-repeated-use-of-weak -Wno-arc-maybe-repeated-use-of-weak -Wimplicit-retain-self -Wduplicate-method-match -Wno-missing-braces -Wparentheses -Wswitch -Wunused-function -Wno-unused-label -Wunused-parameter -Wunused-variable -Wunused-value -Wempty-body -Wuninitialized -Wconditional-uninitialized -Wno-unknown-pragmas -pedantic -Wshadow -Wno-four-char-constants -Wconversion -Wconstant-conversion -Wint-conversion -Wbool-conversion -Wenum-conversion -Wfloat-conversion -Wnon-literal-null-conversion -Wobjc-literal-conversion -Wassign-enum -Wsign-compare -Wshorten-64-to-32 -Wpointer-sign -Wno-newline-eof -Wno-selector -Wno-strict-selector-match -Wundeclared-selector -Wdeprecated-implementations -Wno-implicit-fallthrough -DDEBUG\=1 -DOBJC_OLD_DISPATCH_PROTOTYPES\=0 -isysroot /Applications/Xcode.app/Contents/Developer/Platforms/iPhoneSimulator.platform/Developer/SDKs/iPhoneSimulator16.0.sdk -fasm-blocks -fstrict-aliasing -Wprotocol -Wdeprecated-declarations -g -Wno-sign-conversion -Winfinite-recursion -Wcomma -Wblock-capture-autoreleasing -Wstrict-prototypes -Wno-semicolon-before-method-body -fobjc-abi-version\=2 -fobjc-legacy-dispatch -D__clang_analyzer__ -Xclang -analyzer-output\=plist-multi-file -Xclang -analyzer-config -Xclang path-diagnostics-alternate\=true -Xclang -analyzer-config -Xclang report-in-main-source-file\=true -Xclang -analyzer-checker -Xclang optin.osx.cocoa.localizability.NonLocalizedStringChecker -Xclang -analyzer-checker -Xclang security.insecureAPI.UncheckedReturn -Xclang -analyzer-checker -Xclang security.insecureAPI.getpw -Xclang -analyzer-checker -Xclang security.insecureAPI.gets -Xclang -analyzer-checker -Xclang security.insecureAPI.mkstemp -Xclang -analyzer-checker -Xclang security.insecureAPI.mktemp -Xclang -analyzer-disable-checker -Xclang security.insecureAPI.rand -Xclang -analyzer-disable-checker -Xclang security.insecureAPI.strcpy -Xclang -analyzer-checker -Xclang security.insecureAPI.vfork -iquote /Users/oikhlas/Library/Developer/Xcode/DerivedData/WebDriverAgent-bcmeffsllcldukgyoimwiehwhvyz/Build/Intermediates.noindex/WebDriverAgent.build/Debug-iphonesimulator/WebDriverAgentLib.build/WebDriverAgentLib-generated-files.hmap -I/Users/oikhlas/Library/Developer/Xcode/DerivedData/WebDriverAgent-bcmeffsllcldukgyoimwiehwhvyz/Build/Intermediates.noindex/WebDriverAgent.build/Debug-iphonesimulator/WebDriverAgentLib.build/WebDriverAgentLib-own-target-headers.hmap -I/Users/oikhlas/Library/Developer/Xcode/DerivedData/WebDriverAgent-bcmeffsllcldukgyoimwiehwhvyz/Build/Intermediates.noindex/WebDriverAgent.build/Debug-iphonesimulator/WebDriverAgentLib.build/WebDriverAgentLib-all-target-headers.hmap -iquote /Users/oikhlas/Library/Developer/Xcode/DerivedData/WebDriverAgent-bcmeffsllcldukgyoimwiehwhvyz/Build/Intermediates.noindex/WebDriverAgent.build/Debug-iphonesimulator/WebDriverAgentLib.build/WebDriverAgentLib-project-headers.hmap -I/Users/oikhlas/Library/Developer/Xcode/DerivedData/WebDriverAgent-bcmeffsllcldukgyoimwiehwhvyz/Build/Products/Debug-iphonesimulator/include -I/Applications/Xcode.app/Contents/Developer/Platforms/iPhoneSimulator.platform/Developer/SDKs/iPhoneSimulator16.0.sdk/usr/include/libxml2 -I/Users/oikhlas/.appium/node_modules/appium-xcuitest-driver/node_modules/appium-webdriveragent/Modules -I/Users/oikhlas/Library/Developer/Xcode/DerivedData/WebDriverAgent-bcmeffsllcldukgyoimwiehwhvyz/Build/Intermediates.noindex/WebDriverAgent.build/Debug-iphonesimulator/WebDriverAgentLib.build/DerivedSources-normal/x86_64 -I/Users/oikhlas/Library/Developer/Xcode/DerivedData/WebDriverAgent-bcmeffsllcldukgyoimwiehwhvyz/Build/Intermediates.noindex/WebDriverAgent.build/Debug-iphonesimulator/WebDriverAgentLib.build/DerivedSources/x86_64 -I/Users/oikhlas/Library/Developer/Xcode/DerivedData/WebDriverAgent-bcmeffsllcldukgyoimwiehwhvyz/Build/Intermediates.noindex/WebDriverAgent.build/Debug-iphonesimulator/WebDriverAgentLib.build/DerivedSources -Weverything -Wno-objc-missing-property-synthesis -Wno-unused-macros -Wno-disabled-macro-expansion -Wno-gnu-statement-expression -Wno-language-extension-token -Wno-overriding-method-mismatch -Wno-missing-variable-declarations -Rno-module-build -Wno-auto-import -Wno-objc-interface-ivars -Wno-documentation-unknown-command -Wno-reserved-id-macro -Wno-unused-parameter -Wno-gnu-conditional-omitted-operand -Wno-explicit-ownership-type -Wno-date-time -Wno-cast-align -Wno-cstring-format-directive -Wno-double-promotion -Wno-partial-availability -Weverything -Wno-objc-missing-property-synthesis -Wno-unused-macros -Wno-disabled-macro-expansion -Wno-gnu-statement-expression -Wno-language-extension-token -Wno-overriding-method-mismatch -Wno-missing-variable-declarations -Rno-module-build -Wno-auto-import -Wno-objc-interface-ivars -Wno-documentation-unknown-command -Wno-reserved-id-macro -Wno-unused-parameter -Wno-gnu-conditional-omitted-operand -Wno-explicit-ownership-type -Wno-date-time -Wno-cast-align -Wno-cstring-format-directive -Wno-double-promotion -Wno-partial-availability -Wno-objc-messaging-id -Wno-direct-ivar-access -Wno-cast-qual -Wno-declaration-after-statement -F/Users/oikhlas/Library/Developer/Xcode/DerivedData/WebDriverAgent-bcmeffsllcldukgyoimwiehwhvyz/Build/Products/Debug-iphonesimulator -F/Applications/Xcode.app/Contents/Developer/Platforms/iPhoneSimulator.platform/Developer/Library/Frameworks -F/Applications/Xcode.app/Contents/Developer/Platforms/iPhoneSimulator.platform/Developer/Library/PrivateFrameworks -iframework /Applications/Xcode.app/Contents/Developer/Platforms/iPhoneSimulator.platform/Developer/SDKs/iPhoneSimulator16.0.sdk/Developer/Library/Frameworks -MMD -MT dependencies -MF /Users/oikhlas/Library/Developer/Xcode/DerivedData/WebDriverAgent-bcmeffsllcldukgyoimwiehwhvyz/Build/Intermediates.noindex/WebDriverAgent.build/Debug-iphonesimulator/WebDriverAgentLib.build/StaticAnalyzer/WebDriverAgent/WebDriverAgentLib/normal/x86_64/FBErrorBuilder.d --analyze /Users/oikhlas/.appium/node_modules/appium-xcuitest-driver/node_modules/appium-webdriveragent/WebDriverAgentLib/Utilities/FBErrorBuilder.m -o /Users/oikhlas/Library/Developer/Xcode/DerivedData/WebDriverAgent-bcmeffsllcldukgyoimwiehwhvyz/Build/Intermediates.noindex/WebDriverAgent.build/Debug-iphonesimulator/WebDriverAgentLib.build/StaticAnalyzer/WebDriverAgent/WebDriverAgentLib/normal/x86_64/FBErrorBuilder.plist
&amp#27;[38;5;173m[Xcode]&amp#27;[0m 
&amp#27;[38;5;173m[Xcode]&amp#27;[0m 
&amp#27;[38;5;173m[Xcode]&amp#27;[0m Analyze /Users/oikhlas/.appium/node_modules/appium-xcuitest-driver/node_modules/appium-webdriveragent/WebDriverAgentLib/Utilities/FBElementTypeTransformer.m normal x86_64 (in target 'WebDriverAgentLib' from project 'WebDriverAgent')
&amp#27;[38;5;173m[Xcode]&amp#27;[0m     cd /Users/oikhlas/.appium/node_modules/appium-xcuitest-driver/node_modules/appium-webdriveragent
&amp#27;[38;5;173m[Xcode]&amp#27;[0m     /Applications/Xcode.app/Contents/Developer/Toolchains/XcodeDefault.xctoolchain/usr/bin/clang -x objective-c -target x86_64-apple-ios16.0-simulator -fmessage-length\=0 -fdiagnostics-show-note-include-stack -fmacro-backtrace-limit\=0 -std\=gnu99 -fobjc-arc -fmodules -gmodules -fmodules-cache-path\=/Users/oikhlas/Library/Developer/Xcode/DerivedData/ModuleCache.noindex -fmodules-prune-interval\=86400 -fmodules-prune-after\=345600 -fbuild-session-file\=/Users/oikhlas/Library/Developer/Xcode/DerivedData/ModuleCache.noindex/Session.modulevalidation -fmodules-validate-once-per-build-session -Wno-trigraphs -fpascal-strings -O0 -fno-common -Wmissing-field-initializers -Wno-missing-prototypes -Werror\=return-type -Wunreachable-code -Wquoted-include-in-framework-header -Wno-implicit-atomic-properties -Werror\=deprecated-objc-isa-usage -Wno-objc-interface-ivars -Werror\=objc-root-class -Warc-repeated-use-of-weak -Wno-arc-maybe-repeated-use-of-weak -Wimplicit-retain-self -Wduplicate-method-match -Wno-missing-braces -Wparentheses -Wswitch -Wunused-function -Wno-unused-label -Wunused-parameter -Wunused-variable -Wunused-value -Wempty-body -Wuninitialized -Wconditional-uninitialized -Wno-unknown-pragmas -pedantic -Wshadow -Wno-four-char-constants -Wconversion -Wconstant-conversion -Wint-conversion -Wbool-conversion -Wenum-conversion -Wfloat-conversion -Wnon-literal-null-conversion -Wobjc-literal-conversion -Wassign-enum -Wsign-compare -Wshorten-64-to-32 -Wpointer-sign -Wno-newline-eof -Wno-selector -Wno-strict-selector-match -Wundeclared-selector -Wdeprecated-implementations -Wno-implicit-fallthrough -DDEBUG\=1 -DOBJC_OLD_DISPATCH_PROTOTYPES\=0 -isysroot /Applications/Xcode.app/Contents/Developer/Platforms/iPhoneSimulator.platform/Developer/SDKs/iPhoneSimulator16.0.sdk -fasm-blocks -fstrict-aliasing -Wprotocol -Wdeprecated-declarations -g -Wno-sign-conversion -Winfinite-recursion -Wcomma -Wblock-capture-autoreleasing -Wstrict-prototypes -Wno-semicolon-before-method-body -fobjc-abi-version\=2 -fobjc-legacy-dispatch -D__clang_analyzer__ -Xclang -analyzer-output\=plist-multi-file -Xclang -analyzer-config -Xclang path-diagnostics-alternate\=true -Xclang -analyzer-config -Xclang report-in-main-source-file\=true -Xclang -analyzer-checker -Xclang optin.osx.cocoa.localizability.NonLocalizedStringChecker -Xclang -analyzer-checker -Xclang security.insecureAPI.UncheckedReturn -Xclang -analyzer-checker -Xclang security.insecureAPI.getpw -Xclang -analyzer-checker -Xclang security.insecureAPI.gets -Xclang -analyzer-checker -Xclang security.insecureAPI.mkstemp -Xclang -analyzer-checker -Xclang security.insecureAPI.mktemp -Xclang -analyzer-disable-checker -Xclang security.insecureAPI.rand -Xclang -analyzer-disable-checker -Xclang security.insecureAPI.strcpy -Xclang -analyzer-checker -Xclang security.insecureAPI.vfork -iquote /Users/oikhlas/Library/Developer/Xcode/DerivedData/WebDriverAgent-bcmeffsllcldukgyoimwiehwhvyz/Build/Intermediates.noindex/WebDriverAgent.build/Debug-iphonesimulator/WebDriverAgentLib.build/WebDriverAgentLib-generated-files.hmap -I/Users/oikhlas/Library/Developer/Xcode/DerivedData/WebDriverAgent-bcmeffsllcldukgyoimwiehwhvyz/Build/Intermediates.noindex/WebDriverAgent.build/Debug-iphonesimulator/WebDriverAgentLib.build/WebDriverAgentLib-own-target-headers.hmap -I/Users/oikhlas/Library/Developer/Xcode/DerivedData/WebDriverAgent-bcmeffsllcldukgyoimwiehwhvyz/Build/Intermediates.noindex/WebDriverAgent.build/Debug-iphonesimulator/WebDriverAgentLib.build/WebDriverAgentLib-all-target-headers.hmap -iquote /Users/oikhlas/Library/Developer/Xcode/DerivedData/WebDriverAgent-bcmeffsllcldukgyoimwiehwhvyz/Build/Intermediates.noindex/WebDriverAgent.build/Debug-iphonesimulator/WebDriverAgentLib.build/WebDriverAgentLib-project-headers.hmap -I/Users/oikhlas/Library/Developer/Xcode/DerivedData/WebDriverAgent-bcmeffsllcldukgyoimwiehwhvyz/Build/Products/Debug-iphonesimulator/include -I/Applications/Xcode.app/Contents/Developer/Platforms/iPhoneSimulator.platform/Developer/SDKs/iPhoneSimulator16.0.sdk/usr/include/libxml2 -I/Users/oikhlas/.appium/node_modules/appium-xcuitest-driver/node_modules/appium-webdriveragent/Modules -I/Users/oikhlas/Library/Developer/Xcode/DerivedData/WebDriverAgent-bcmeffsllcldukgyoimwiehwhvyz/Build/Intermediates.noindex/WebDriverAgent.build/Debug-iphonesimulator/WebDriverAgentLib.build/DerivedSources-normal/x86_64 -I/Users/oikhlas/Library/Developer/Xcode/DerivedData/WebDriverAgent-bcmeffsllcldukgyoimwiehwhvyz/Build/Intermediates.noindex/WebDriverAgent.build/Debug-iphonesimulator/WebDriverAgentLib.build/DerivedSources/x86_64 -I/Users/oikhlas/Library/Developer/Xcode/DerivedData/WebDriverAgent-bcmeffsllcldukgyoimwiehwhvyz/Build/Intermediates.noindex/WebDriverAgent.build/Debug-iphonesimulator/WebDriverAgentLib.build/DerivedSources -Weverything -Wno-objc-missing-property-synthesis -Wno-unused-macros -Wno-disabled-macro-expansion -Wno-gnu-statement-expression -Wno-language-extension-token -Wno-overriding-method-mismatch -Wno-missing-variable-declarations -Rno-module-build -Wno-auto-import -Wno-objc-interface-ivars -Wno-documentation-unknown-command -Wno-reserved-id-macro -Wno-unused-parameter -Wno-gnu-conditional-omitted-operand -Wno-explicit-ownership-type -Wno-date-time -Wno-cast-align -Wno-cstring-format-directive -Wno-double-promotion -Wno-partial-availability -Weverything -Wno-objc-missing-property-synthesis -Wno-unused-macros -Wno-disabled-macro-expansion -Wno-gnu-statement-expression -Wno-language-extension-token -Wno-overriding-method-mismatch -Wno-missing-variable-declarations -Rno-module-build -Wno-auto-import -Wno-objc-interface-ivars -Wno-documentation-unknown-command -Wno-reserved-id-macro -Wno-unused-parameter -Wno-gnu-conditional-omitted-operand -Wno-explicit-ownership-type -Wno-date-time -Wno-cast-align -Wno-cstring-format-directive -Wno-double-promotion -Wno-partial-availability -Wno-objc-messaging-id -Wno-direct-ivar-access -Wno-cast-qual -Wno-declaration-after-statement -F/Users/oikhlas/Library/Developer/Xcode/DerivedData/WebDriverAgent-bcmeffsllcldukgyoimwiehwhvyz/Build/Products/Debug-iphonesimulator -F/Applications/Xcode.app/Contents/Developer/Platforms/iPhoneSimulator.platform/Developer/Library/Frameworks -F/Applications/Xcode.app/Contents/Developer/Platforms/iPhoneSimulator.platform/Developer/Library/PrivateFrameworks -iframework /Applications/Xcode.app/Contents/Developer/Platforms/iPhoneSimulator.platform/Developer/SDKs/iPhoneSimulator16.0.sdk/Developer/Library/Frameworks -MMD -MT dependencies -MF /Users/oikhlas/Library/Developer/Xcode/DerivedData/WebDriverAgent-bcmeffsllcldukgyoimwiehwhvyz/Build/Intermediates.noindex/WebDriverAgent.build/Debug-iphonesimulator/WebDriverAgentLib.build/StaticAnalyzer/WebDriverAgent/WebDriverAgentLib/normal/x86_64/FBElementTypeTransformer.d --analyze /Users/oikhlas/.appium/node_modules/appium-xcuitest-driver/node_modules/appium-webdriveragent/WebDriverAgentLib/Utilities/FBElementTypeTransformer.m -o /Users/oikhlas/Library/Developer/Xcode/DerivedData/WebDriverAgent-bcmeffsllcldukgyoimwiehwhvyz/Build/Intermediates.noindex/WebDriverAgent.build/Debug-iphonesimulator/WebDriverAgentLib.build/StaticAnalyzer/WebDriverAgent/WebDriverAgentLib/normal/x86_64/FBElementTypeTransformer.plist
&amp#27;[38;5;173m[Xcode]&amp#27;[0m 
&amp#27;[38;5;173m[Xcode]&amp#27;[0m 
&amp#27;[38;5;173m[Xcode]&amp#27;[0m Analyze /Users/oikhlas/.appium/node_modules/appium-xcuitest-driver/node_modules/appium-webdriveragent/WebDriverAgentLib/Utilities/FBDebugLogDelegateDecorator.m normal x86_64 (in target 'WebDriverAgentLib' from project 'WebDriverAgent')
&amp#27;[38;5;173m[Xcode]&amp#27;[0m     cd /Users/oikhlas/.appium/node_modules/appium-xcuitest-driver/node_modules/appium-webdriveragent
&amp#27;[38;5;173m[Xcode]&amp#27;[0m     /Applications/Xcode.app/Contents/Developer/Toolchains/XcodeDefault.xctoolchain/usr/bin/clang -x objective-c -target x86_64-apple-ios16.0-simulator -fmessage-length\=0 -fdiagnostics-show-note-include-stack -fmacro-backtrace-limit\=0 -std\=gnu99 -fobjc-arc -fmodules -gmodules -fmodules-cache-path\=/Users/oikhlas/Library/Developer/Xcode/DerivedData/ModuleCache.noindex -fmodules-prune-interval\=86400 -fmodules-prune-after\=345600 -fbuild-session-file\=/Users/oikhlas/Library/Developer/Xcode/DerivedData/ModuleCache.noindex/Session.modulevalidation -fmodules-validate-once-per-build-session -Wno-trigraphs -fpascal-strings -O0 -fno-common -Wmissing-field-initializers -Wno-missing-prototypes -Werror\=return-type -Wunreachable-code -Wquoted-include-in-framework-header -Wno-implicit-atomic-properties -Werror\=deprecated-objc-isa-usage -Wno-objc-interface-ivars -Werror\=objc-root-class -Warc-repeated-use-of-weak -Wno-arc-maybe-repeated-use-of-weak -Wimplicit-retain-self -Wduplicate-method-match -Wno-missing-braces -Wparentheses -Wswitch -Wunused-function -Wno-unused-label -Wunused-parameter -Wunused-variable -Wunused-value -Wempty-body -Wuninitialized -Wconditional-uninitialized -Wno-unknown-pragmas -pedantic -Wshadow -Wno-four-char-constants -Wconversion -Wconstant-conversion -Wint-conversion -Wbool-conversion -Wenum-conversion -Wfloat-conversion -Wnon-literal-null-conversion -Wobjc-literal-conversion -Wassign-enum -Wsign-compare -Wshorten-64-to-32 -Wpointer-sign -Wno-newline-eof -Wno-selector -Wno-strict-selector-match -Wundeclared-selector -Wdeprecated-implementations -Wno-implicit-fallthrough -DDEBUG\=1 -DOBJC_OLD_DISPATCH_PROTOTYPES\=0 -isysroot /Applications/Xcode.app/Contents/Developer/Platforms/iPhoneSimulator.platform/Developer/SDKs/iPhoneSimulator16.0.sdk -fasm-blocks -fstrict-aliasing -Wprotocol -Wdeprecated-declarations -g -Wno-sign-conversion -Winfinite-recursion -Wcomma -Wblock-capture-autoreleasing -Wstrict-prototypes -Wno-semicolon-before-method-body -fobjc-abi-version\=2 -fobjc-legacy-dispatch -D__clang_analyzer__ -Xclang -analyzer-output\=plist-multi-file -Xclang -analyzer-config -Xclang path-diagnostics-alternate\=true -Xclang -analyzer-config -Xclang report-in-main-source-file\=true -Xclang -analyzer-checker -Xclang optin.osx.cocoa.localizability.NonLocalizedStringChecker -Xclang -analyzer-checker -Xclang security.insecureAPI.UncheckedReturn -Xclang -analyzer-checker -Xclang security.insecureAPI.getpw -Xclang -analyzer-checker -Xclang security.insecureAPI.gets -Xclang -analyzer-checker -Xclang security.insecureAPI.mkstemp -Xclang -analyzer-checker -Xclang security.insecureAPI.mktemp -Xclang -analyzer-disable-checker -Xclang security.insecureAPI.rand -Xclang -analyzer-disable-checker -Xclang security.insecureAPI.strcpy -Xclang -analyzer-checker -Xclang security.insecureAPI.vfork -iquote /Users/oikhlas/Library/Developer/Xcode/DerivedData/WebDriverAgent-bcmeffsllcldukgyoimwiehwhvyz/Build/Intermediates.noindex/WebDriverAgent.build/Debug-iphonesimulator/WebDriverAgentLib.build/WebDriverAgentLib-generated-files.hmap -I/Users/oikhlas/Library/Developer/Xcode/DerivedData/WebDriverAgent-bcmeffsllcldukgyoimwiehwhvyz/Build/Intermediates.noindex/WebDriverAgent.build/Debug-iphonesimulator/WebDriverAgentLib.build/WebDriverAgentLib-own-target-headers.hmap -I/Users/oikhlas/Library/Developer/Xcode/DerivedData/WebDriverAgent-bcmeffsllcldukgyoimwiehwhvyz/Build/Intermediates.noindex/WebDriverAgent.build/Debug-iphonesimulator/WebDriverAgentLib.build/WebDriverAgentLib-all-target-headers.hmap -iquote /Users/oikhlas/Library/Developer/Xcode/DerivedData/WebDriverAgent-bcmeffsllcldukgyoimwiehwhvyz/Build/Intermediates.noindex/WebDriverAgent.build/Debug-iphonesimulator/WebDriverAgentLib.build/WebDriverAgentLib-project-headers.hmap -I/Users/oikhlas/Library/Developer/Xcode/DerivedData/WebDriverAgent-bcmeffsllcldukgyoimwiehwhvyz/Build/Products/Debug-iphonesimulator/include -I/Applications/Xcode.app/Contents/Developer/Platforms/iPhoneSimulator.platform/Developer/SDKs/iPhoneSimulator16.0.sdk/usr/include/libxml2 -I/Users/oikhlas/.appium/node_modules/appium-xcuitest-driver/node_modules/appium-webdriveragent/Modules -I/Users/oikhlas/Library/Developer/Xcode/DerivedData/WebDriverAgent-bcmeffsllcldukgyoimwiehwhvyz/Build/Intermediates.noindex/WebDriverAgent.build/Debug-iphonesimulator/WebDriverAgentLib.build/DerivedSources-normal/x86_64 -I/Users/oikhlas/Library/Developer/Xcode/DerivedData/WebDriverAgent-bcmeffsllcldukgyoimwiehwhvyz/Build/Intermediates.noindex/WebDriverAgent.build/Debug-iphonesimulator/WebDriverAgentLib.build/DerivedSources/x86_64 -I/Users/oikhlas/Library/Developer/Xcode/DerivedData/WebDriverAgent-bcmeffsllcldukgyoimwiehwhvyz/Build/Intermediates.noindex/WebDriverAgent.build/Debug-iphonesimulator/WebDriverAgentLib.build/DerivedSources -Weverything -Wno-objc-missing-property-synthesis -Wno-unused-macros -Wno-disabled-macro-expansion -Wno-gnu-statement-expression -Wno-language-extension-token -Wno-overriding-method-mismatch -Wno-missing-variable-declarations -Rno-module-build -Wno-auto-import -Wno-objc-interface-ivars -Wno-documentation-unknown-command -Wno-reserved-id-macro -Wno-unused-parameter -Wno-gnu-conditional-omitted-operand -Wno-explicit-ownership-type -Wno-date-time -Wno-cast-align -Wno-cstring-format-directive -Wno-double-promotion -Wno-partial-availability -Weverything -Wno-objc-missing-property-synthesis -Wno-unused-macros -Wno-disabled-macro-expansion -Wno-gnu-statement-expression -Wno-language-extension-token -Wno-overriding-method-mismatch -Wno-missing-variable-declarations -Rno-module-build -Wno-auto-import -Wno-objc-interface-ivars -Wno-documentation-unknown-command -Wno-reserved-id-macro -Wno-unused-parameter -Wno-gnu-conditional-omitted-operand -Wno-explicit-ownership-type -Wno-date-time -Wno-cast-align -Wno-cstring-format-directive -Wno-double-promotion -Wno-partial-availability -Wno-objc-messaging-id -Wno-direct-ivar-access -Wno-cast-qual -Wno-declaration-after-statement -F/Users/oikhlas/Library/Developer/Xcode/DerivedData/WebDriverAgent-bcmeffsllcldukgyoimwiehwhvyz/Build/Products/Debug-iphonesimulator -F/Applications/Xcode.app/Contents/Developer/Platforms/iPhoneSimulator.platform/Developer/Library/Frameworks -F/Applications/Xcode.app/Contents/Developer/Platforms/iPhoneSimulator.platform/Developer/Library/PrivateFrameworks -iframework /Applications/Xcode.app/Contents/Developer/Platforms/iPhoneSimulator.platform/Developer/SDKs/iPhoneSimulator16.0.sdk/Developer/Library/Frameworks -MMD -MT dependencies -MF /Users/oikhlas/Library/Developer/Xcode/DerivedData/WebDriverAgent-bcmeffsllcldukgyoimwiehwhvyz/Build/Intermediates.noindex/WebDriverAgent.build/Debug-iphonesimulator/WebDriverAgentLib.build/StaticAnalyzer/WebDriverAgent/WebDriverAgentLib/normal/x86_64/FBDebugLogDelegateDecorator.d --analyze /Users/oikhlas/.appium/node_modules/appium-xcuitest-driver/node_modules/appium-webdriveragent/WebDriverAgentLib/Utilities/FBDebugLogDelegateDecorator.m -o /Users/oikhlas/Library/Developer/Xcode/DerivedData/WebDriverAgent-bcmeffsllcldukgyoimwiehwhvyz/Build/Intermediates.noindex/WebDriverAgent.build/Debug-iphonesimulator/WebDriverAgentLib.build/StaticAnalyzer/WebDriverAgent/WebDriverAgentLib/normal/x86_64/FBDebugLogDelegateDecorator.plist
&amp#27;[38;5;173m[Xcode]&amp#27;[0m 
&amp#27;[38;5;173m[Xcode]&amp#27;[0m 
&amp#27;[38;5;173m[Xcode]&amp#27;[0m Analyze /Users/oikhlas/.appium/node_modules/appium-xcuitest-driver/node_modules/appium-webdriveragent/WebDriverAgentLib/Utilities/FBConfiguration.m normal x86_64 (in target 'WebDriverAgentLib' from project 'WebDriverAgent')
&amp#27;[38;5;173m[Xcode]&amp#27;[0m     cd /Users/oikhlas/.appium/node_modules/appium-xcuitest-driver/node_modules/appium-webdriveragent
&amp#27;[38;5;173m[Xcode]&amp#27;[0m     /Applications/Xcode.app/Contents/Developer/Toolchains/XcodeDefault.xctoolchain/usr/bin/clang -x objective-c -target x86_64-apple-ios16.0-simulator -fmessage-length\=0 -fdiagnostics-show-note-include-stack -fmacro-backtrace-limit\=0 -std\=gnu99 -fobjc-arc -fmodules -gmodules -fmodules-cache-path\=/Users/oikhlas/Library/Developer/Xcode/DerivedData/ModuleCache.noindex -fmodules-prune-interval\=86400 -fmodules-prune-after\=345600 -fbuild-session-file\=/Users/oikhlas/Library/Developer/Xcode/DerivedData/ModuleCache.noindex/Session.modulevalidation -fmodules-validate-once-per-build-session -Wno-trigraphs -fpascal-strings -O0 -fno-common -Wmissing-field-initializers -Wno-missing-prototypes -Werror\=return-type -Wunreachable-code -Wquoted-include-in-framework-header -Wno-implicit-atomic-properties -Werror\=deprecated-objc-isa-usage -Wno-objc-interface-ivars -Werror\=objc-root-class -Warc-repeated-use-of-weak -Wno-arc-maybe-repeated-use-of-weak -Wimplicit-retain-self -Wduplicate-method-match -Wno-missing-braces -Wparentheses -Wswitch -Wunused-function -Wno-unused-label -Wunused-parameter -Wunused-variable -Wunused-value -Wempty-body -Wuninitialized -Wconditional-uninitialized -Wno-unknown-pragmas -pedantic -Wshadow -Wno-four-char-constants -Wconversion -Wconstant-conversion -Wint-conversion -Wbool-conversion -Wenum-conversion -Wfloat-conversion -Wnon-literal-null-conversion -Wobjc-literal-conversion -Wassign-enum -Wsign-compare -Wshorten-64-to-32 -Wpointer-sign -Wno-newline-eof -Wno-selector -Wno-strict-selector-match -Wundeclared-selector -Wdeprecated-implementations -Wno-implicit-fallthrough -DDEBUG\=1 -DOBJC_OLD_DISPATCH_PROTOTYPES\=0 -isysroot /Applications/Xcode.app/Contents/Developer/Platforms/iPhoneSimulator.platform/Developer/SDKs/iPhoneSimulator16.0.sdk -fasm-blocks -fstrict-aliasing -Wprotocol -Wdeprecated-declarations -g -Wno-sign-conversion -Winfinite-recursion -Wcomma -Wblock-capture-autoreleasing -Wstrict-prototypes -Wno-semicolon-before-method-body -fobjc-abi-version\=2 -fobjc-legacy-dispatch -D__clang_analyzer__ -Xclang -analyzer-output\=plist-multi-file -Xclang -analyzer-config -Xclang path-diagnostics-alternate\=true -Xclang -analyzer-config -Xclang report-in-main-source-file\=true -Xclang -analyzer-checker -Xclang optin.osx.cocoa.localizability.NonLocalizedStringChecker -Xclang -analyzer-checker -Xclang security.insecureAPI.UncheckedReturn -Xclang -analyzer-checker -Xclang security.insecureAPI.getpw -Xclang -analyzer-checker -Xclang security.insecureAPI.gets -Xclang -analyzer-checker -Xclang security.insecureAPI.mkstemp -Xclang -analyzer-checker -Xclang security.insecureAPI.mktemp -Xclang -analyzer-disable-checker -Xclang security.insecureAPI.rand -Xclang -analyzer-disable-checker -Xclang security.insecureAPI.strcpy -Xclang -analyzer-checker -Xclang security.insecureAPI.vfork -iquote /Users/oikhlas/Library/Developer/Xcode/DerivedData/WebDriverAgent-bcmeffsllcldukgyoimwiehwhvyz/Build/Intermediates.noindex/WebDriverAgent.build/Debug-iphonesimulator/WebDriverAgentLib.build/WebDriverAgentLib-generated-files.hmap -I/Users/oikhlas/Library/Developer/Xcode/DerivedData/WebDriverAgent-bcmeffsllcldukgyoimwiehwhvyz/Build/Intermediates.noindex/WebDriverAgent.build/Debug-iphonesimulator/WebDriverAgentLib.build/WebDriverAgentLib-own-target-headers.hmap -I/Users/oikhlas/Library/Developer/Xcode/DerivedData/WebDriverAgent-bcmeffsllcldukgyoimwiehwhvyz/Build/Intermediates.noindex/WebDriverAgent.build/Debug-iphonesimulator/WebDriverAgentLib.build/WebDriverAgentLib-all-target-headers.hmap -iquote /Users/oikhlas/Library/Developer/Xcode/DerivedData/WebDriverAgent-bcmeffsllcldukgyoimwiehwhvyz/Build/Intermediates.noindex/WebDriverAgent.build/Debug-iphonesimulator/WebDriverAgentLib.build/WebDriverAgentLib-project-headers.hmap -I/Users/oikhlas/Library/Developer/Xcode/DerivedData/WebDriverAgent-bcmeffsllcldukgyoimwiehwhvyz/Build/Products/Debug-iphonesimulator/include -I/Applications/Xcode.app/Contents/Developer/Platforms/iPhoneSimulator.platform/Developer/SDKs/iPhoneSimulator16.0.sdk/usr/include/libxml2 -I/Users/oikhlas/.appium/node_modules/appium-xcuitest-driver/node_modules/appium-webdriveragent/Modules -I/Users/oikhlas/Library/Developer/Xcode/DerivedData/WebDriverAgent-bcmeffsllcldukgyoimwiehwhvyz/Build/Intermediates.noindex/WebDriverAgent.build/Debug-iphonesimulator/WebDriverAgentLib.build/DerivedSources-normal/x86_64 -I/Users/oikhlas/Library/Developer/Xcode/DerivedData/WebDriverAgent-bcmeffsllcldukgyoimwiehwhvyz/Build/Intermediates.noindex/WebDriverAgent.build/Debug-iphonesimulator/WebDriverAgentLib.build/DerivedSources/x86_64 -I/Users/oikhlas/Library/Developer/Xcode/DerivedData/WebDriverAgent-bcmeffsllcldukgyoimwiehwhvyz/Build/Intermediates.noindex/WebDriverAgent.build/Debug-iphonesimulator/WebDriverAgentLib.build/DerivedSources -Weverything -Wno-objc-missing-property-synthesis -Wno-unused-macros -Wno-disabled-macro-expansion -Wno-gnu-statement-expression -Wno-language-extension-token -Wno-overriding-method-mismatch -Wno-missing-variable-declarations -Rno-module-build -Wno-auto-import -Wno-objc-interface-ivars -Wno-documentation-unknown-command -Wno-reserved-id-macro -Wno-unused-parameter -Wno-gnu-conditional-omitted-operand -Wno-explicit-ownership-type -Wno-date-time -Wno-cast-align -Wno-cstring-format-directive -Wno-double-promotion -Wno-partial-availability -Weverything -Wno-objc-missing-property-synthesis -Wno-unused-macros -Wno-disabled-macro-expansion -Wno-gnu-statement-expression -Wno-language-extension-token -Wno-overriding-method-mismatch -Wno-missing-variable-declarations -Rno-module-build -Wno-auto-import -Wno-objc-interface-ivars -Wno-documentation-unknown-command -Wno-reserved-id-macro -Wno-unused-parameter -Wno-gnu-conditional-omitted-operand -Wno-explicit-ownership-type -Wno-date-time -Wno-cast-align -Wno-cstring-format-directive -Wno-double-promotion -Wno-partial-availability -Wno-objc-messaging-id -Wno-direct-ivar-access -Wno-cast-qual -Wno-declaration-after-statement -F/Users/oikhlas/Library/Developer/Xcode/DerivedData/WebDriverAgent-bcmeffsllcldukgyoimwiehwhvyz/Build/Products/Debug-iphonesimulator -F/Applications/Xcode.app/Contents/Developer/Platforms/iPhoneSimulator.platform/Developer/Library/Frameworks -F/Applications/Xcode.app/Contents/Developer/Platforms/iPhoneSimulator.platform/Developer/Library/PrivateFrameworks -iframework /Applications/Xcode.app/Contents/Developer/Platforms/iPhoneSimulator.platform/Developer/SDKs/iPhoneSimulator16.0.sdk/Developer/Library/Frameworks -MMD -MT dependencies -MF /Users/oikhlas/Library/Developer/Xcode/DerivedData/WebDriverAgent-bcmeffsllcldukgyoimwiehwhvyz/Build/Intermediates.noindex/WebDriverAgent.build/Debug-iphonesimulator/WebDriverAgentLib.build/StaticAnalyzer/WebDriverAgent/WebDriverAgentLib/normal/x86_64/FBConfiguration.d --analyze /Users/oikhlas/.appium/node_modules/appium-xcuitest-driver/node_modules/appium-webdriveragent/WebDriverAgentLib/Utilities/FBConfiguration.m -o /Users/oikhlas/Library/Developer/Xcode/DerivedData/WebDriverAgent-bcmeffsllcldukgyoimwiehwhvyz/Build/Intermediates.noindex/WebDriverAgent.build/Debug-iphonesimulator/WebDriverAgentLib.build/StaticAnalyzer/WebDriverAgent/WebDriverAgentLib/normal/x86_64/FBConfiguration.plist
&amp#27;[38;5;173m[Xcode]&amp#27;[0m 
&amp#27;[38;5;173m[Xcode]&amp#27;[0m 
&amp#27;[38;5;173m[Xcode]&amp#27;[0m Analyze /Users/oikhlas/.appium/node_modules/appium-xcuitest-driver/node_modules/appium-webdriveragent/WebDriverAgentLib/Utilities/FBClassChainQueryParser.m normal x86_64 (in target 'WebDriverAgentLib' from project 'WebDriverAgent')
&amp#27;[38;5;173m[Xcode]&amp#27;[0m     cd /Users/oikhlas/.appium/node_modules/appium-xcuitest-driver/node_modules/appium-webdriveragent
&amp#27;[38;5;173m[Xcode]&amp#27;[0m     /Applications/Xcode.app/Contents/Developer/Toolchains/XcodeDefault.xctoolchain/usr/bin/clang -x objective-c -target x86_64-apple-ios16.0-simulator -fmessage-length\=0 -fdiagnostics-show-note-include-stack -fmacro-backtrace-limit\=0 -std\=gnu99 -fobjc-arc -fmodules -gmodules -fmodules-cache-path\=/Users/oikhlas/Library/Developer/Xcode/DerivedData/ModuleCache.noindex -fmodules-prune-interval\=86400 -fmodules-prune-after\=345600 -fbuild-session-file\=/Users/oikhlas/Library/Developer/Xcode/DerivedData/ModuleCache.noindex/Session.modulevalidation -fmodules-validate-once-per-build-session -Wno-trigraphs -fpascal-strings -O0 -fno-common -Wmissing-field-initializers -Wno-missing-prototypes -Werror\=return-type -Wunreachable-code -Wquoted-include-in-framework-header -Wno-implicit-atomic-properties -Werror\=deprecated-objc-isa-usage -Wno-objc-interface-ivars -Werror\=objc-root-class -Warc-repeated-use-of-weak -Wno-arc-maybe-repeated-use-of-weak -Wimplicit-retain-self -Wduplicate-method-match -Wno-missing-braces -Wparentheses -Wswitch -Wunused-function -Wno-unused-label -Wunused-parameter -Wunused-variable -Wunused-value -Wempty-body -Wuninitialized -Wconditional-uninitialized -Wno-unknown-pragmas -pedantic -Wshadow -Wno-four-char-constants -Wconversion -Wconstant-conversion -Wint-conversion -Wbool-conversion -Wenum-conversion -Wfloat-conversion -Wnon-literal-null-conversion -Wobjc-literal-conversion -Wassign-enum -Wsign-compare -Wshorten-64-to-32 -Wpointer-sign -Wno-newline-eof -Wno-selector -Wno-strict-selector-match -Wundeclared-selector -Wdeprecated-implementations -Wno-implicit-fallthrough -DDEBUG\=1 -DOBJC_OLD_DISPATCH_PROTOTYPES\=0 -isysroot /Applications/Xcode.app/Contents/Developer/Platforms/iPhoneSimulator.platform/Developer/SDKs/iPhoneSimulator16.0.sdk -fasm-blocks -fstrict-aliasing -Wprotocol -Wdeprecated-declarations -g -Wno-sign-conversion -Winfinite-recursion -Wcomma -Wblock-capture-autoreleasing -Wstrict-prototypes -Wno-semicolon-before-method-body -fobjc-abi-version\=2 -fobjc-legacy-dispatch -D__clang_analyzer__ -Xclang -analyzer-output\=plist-multi-file -Xclang -analyzer-config -Xclang path-diagnostics-alternate\=true -Xclang -analyzer-config -Xclang report-in-main-source-file\=true -Xclang -analyzer-checker -Xclang optin.osx.cocoa.localizability.NonLocalizedStringChecker -Xclang -analyzer-checker -Xclang security.insecureAPI.UncheckedReturn -Xclang -analyzer-checker -Xclang security.insecureAPI.getpw -Xclang -analyzer-checker -Xclang security.insecureAPI.gets -Xclang -analyzer-checker -Xclang security.insecureAPI.mkstemp -Xclang -analyzer-checker -Xclang security.insecureAPI.mktemp -Xclang -analyzer-disable-checker -Xclang security.insecureAPI.rand -Xclang -analyzer-disable-checker -Xclang security.insecureAPI.strcpy -Xclang -analyzer-checker -Xclang security.insecureAPI.vfork -iquote /Users/oikhlas/Library/Developer/Xcode/DerivedData/WebDriverAgent-bcmeffsllcldukgyoimwiehwhvyz/Build/Intermediates.noindex/WebDriverAgent.build/Debug-iphonesimulator/WebDriverAgentLib.build/WebDriverAgentLib-generated-files.hmap -I/Users/oikhlas/Library/Developer/Xcode/DerivedData/WebDriverAgent-bcmeffsllcldukgyoimwiehwhvyz/Build/Intermediates.noindex/WebDriverAgent.build/Debug-iphonesimulator/WebDriverAgentLib.build/WebDriverAgentLib-own-target-headers.hmap -I/Users/oikhlas/Library/Developer/Xcode/DerivedData/WebDriverAgent-bcmeffsllcldukgyoimwiehwhvyz/Build/Intermediates.noindex/WebDriverAgent.build/Debug-iphonesimulator/WebDriverAgentLib.build/WebDriverAgentLib-all-target-headers.hmap -iquote /Users/oikhlas/Library/Developer/Xcode/DerivedData/WebDriverAgent-bcmeffsllcldukgyoimwiehwhvyz/Build/Intermediates.noindex/WebDriverAgent.build/Debug-iphonesimulator/WebDriverAgentLib.build/WebDriverAgentLib-project-headers.hmap -I/Users/oikhlas/Library/Developer/Xcode/DerivedData/WebDriverAgent-bcmeffsllcldukgyoimwiehwhvyz/Build/Products/Debug-iphonesimulator/include -I/Applications/Xcode.app/Contents/Developer/Platforms/iPhoneSimulator.platform/Developer/SDKs/iPhoneSimulator16.0.sdk/usr/include/libxml2 -I/Users/oikhlas/.appium/node_modules/appium-xcuitest-driver/node_modules/appium-webdriveragent/Modules -I/Users/oikhlas/Library/Developer/Xcode/DerivedData/WebDriverAgent-bcmeffsllcldukgyoimwiehwhvyz/Build/Intermediates.noindex/WebDriverAgent.build/Debug-iphonesimulator/WebDriverAgentLib.build/DerivedSources-normal/x86_64 -I/Users/oikhlas/Library/Developer/Xcode/DerivedData/WebDriverAgent-bcmeffsllcldukgyoimwiehwhvyz/Build/Intermediates.noindex/WebDriverAgent.build/Debug-iphonesimulator/WebDriverAgentLib.build/DerivedSources/x86_64 -I/Users/oikhlas/Library/Developer/Xcode/DerivedData/WebDriverAgent-bcmeffsllcldukgyoimwiehwhvyz/Build/Intermediates.noindex/WebDriverAgent.build/Debug-iphonesimulator/WebDriverAgentLib.build/DerivedSources -Weverything -Wno-objc-missing-property-synthesis -Wno-unused-macros -Wno-disabled-macro-expansion -Wno-gnu-statement-expression -Wno-language-extension-token -Wno-overriding-method-mismatch -Wno-missing-variable-declarations -Rno-module-build -Wno-auto-import -Wno-objc-interface-ivars -Wno-documentation-unknown-command -Wno-reserved-id-macro -Wno-unused-parameter -Wno-gnu-conditional-omitted-operand -Wno-explicit-ownership-type -Wno-date-time -Wno-cast-align -Wno-cstring-format-directive -Wno-double-promotion -Wno-partial-availability -Weverything -Wno-objc-missing-property-synthesis -Wno-unused-macros -Wno-disabled-macro-expansion -Wno-gnu-statement-expression -Wno-language-extension-token -Wno-overriding-method-mismatch -Wno-missing-variable-declarations -Rno-module-build -Wno-auto-import -Wno-objc-interface-ivars -Wno-documentation-unknown-command -Wno-reserved-id-macro -Wno-unused-parameter -Wno-gnu-conditional-omitted-operand -Wno-explicit-ownership-type -Wno-date-time -Wno-cast-align -Wno-cstring-format-directive -Wno-double-promotion -Wno-partial-availability -Wno-objc-messaging-id -Wno-direct-ivar-access -Wno-cast-qual -Wno-declaration-after-statement -F/Users/oikhlas/Library/Developer/Xcode/DerivedData/WebDriverAgent-bcmeffsllcldukgyoimwiehwhvyz/Build/Products/Debug-iphonesimulator -F/Applications/Xcode.app/Contents/Developer/Platforms/iPhoneSimulator.platform/Developer/Library/Frameworks -F/Applications/Xcode.app/Contents/Developer/Platforms/iPhoneSimulator.platform/Developer/Library/PrivateFrameworks -iframework /Applications/Xcode.app/Contents/Developer/Platforms/iPhoneSimulator.platform/Developer/SDKs/iPhoneSimulator16.0.sdk/Developer/Library/Frameworks -MMD -MT dependencies -MF /Users/oikhlas/Library/Developer/Xcode/DerivedData/WebDriverAgent-bcmeffsllcldukgyoimwiehwhvyz/Build/Intermediates.noindex/WebDriverAgent.build/Debug-iphonesimulator/WebDriverAgentLib.build/StaticAnalyzer/WebDriverAgent/WebDriverAgentLib/normal/x86_64/FBClassChainQueryParser.d --analyze /Users/oikhlas/.appium/node_modules/appium-xcuitest-driver/node_modules/appium-webdriveragent/WebDriverAgentLib/Utilities/FBClassChainQueryParser.m -o /Users/oikhlas/Library/Developer/Xcode/DerivedData/WebDriverAgent-bcmeffsllcldukgyoimwiehwhvyz/Build/Intermediates.noindex/WebDriverAgent.build/Debug-iphonesimulator/WebDriverAgentLib.build/StaticAnalyzer/WebDriverAgent/WebDriverAgentLib/normal/x86_64/FBClassChainQueryParser.plist
&amp#27;[38;5;173m[Xcode]&amp#27;[0m 
&amp#27;[38;5;173m[Xcode]&amp#27;[0m 
&amp#27;[38;5;173m[Xcode]&amp#27;[0m Analyze /Users/oikhlas/.appium/node_modules/appium-xcuitest-driver/node_modules/appium-webdriveragent/WebDriverAgentLib/Utilities/FBCapabilities.m normal x86_64 (in target 'WebDriverAgentLib' from project 'WebDriverAgent')
&amp#27;[38;5;173m[Xcode]&amp#27;[0m     cd /Users/oikhlas/.appium/node_modules/appium-xcuitest-driver/node_modules/appium-webdriveragent
&amp#27;[38;5;173m[Xcode]&amp#27;[0m     /Applications/Xcode.app/Contents/Developer/Toolchains/XcodeDefault.xctoolchain/usr/bin/clang -x objective-c -target x86_64-apple-ios16.0-simulator -fmessage-length\=0 -fdiagnostics-show-note-include-stack -fmacro-backtrace-limit\=0 -std\=gnu99 -fobjc-arc -fmodules -gmodules -fmodules-cache-path\=/Users/oikhlas/Library/Developer/Xcode/DerivedData/ModuleCache.noindex -fmodules-prune-interval\=86400 -fmodules-prune-after\=345600 -fbuild-session-file\=/Users/oikhlas/Library/Developer/Xcode/DerivedData/ModuleCache.noindex/Session.modulevalidation -fmodules-validate-once-per-build-session -Wno-trigraphs -fpascal-strings -O0 -fno-common -Wmissing-field-initializers -Wno-missing-prototypes -Werror\=return-type -Wunreachable-code -Wquoted-include-in-framework-header -Wno-implicit-atomic-properties -Werror\=deprecated-objc-isa-usage -Wno-objc-interface-ivars -Werror\=objc-root-class -Warc-repeated-use-of-weak -Wno-arc-maybe-repeated-use-of-weak -Wimplicit-retain-self -Wduplicate-method-match -Wno-missing-braces -Wparentheses -Wswitch -Wunused-function -Wno-unused-label -Wunused-parameter -Wunused-variable -Wunused-value -Wempty-body -Wuninitialized -Wconditional-uninitialized -Wno-unknown-pragmas -pedantic -Wshadow -Wno-four-char-constants -Wconversion -Wconstant-conversion -Wint-conversion -Wbool-conversion -Wenum-conversion -Wfloat-conversion -Wnon-literal-null-conversion -Wobjc-literal-conversion -Wassign-enum -Wsign-compare -Wshorten-64-to-32 -Wpointer-sign -Wno-newline-eof -Wno-selector -Wno-strict-selector-match -Wundeclared-selector -Wdeprecated-implementations -Wno-implicit-fallthrough -DDEBUG\=1 -DOBJC_OLD_DISPATCH_PROTOTYPES\=0 -isysroot /Applications/Xcode.app/Contents/Developer/Platforms/iPhoneSimulator.platform/Developer/SDKs/iPhoneSimulator16.0.sdk -fasm-blocks -fstrict-aliasing -Wprotocol -Wdeprecated-declarations -g -Wno-sign-conversion -Winfinite-recursion -Wcomma -Wblock-capture-autoreleasing -Wstrict-prototypes -Wno-semicolon-before-method-body -fobjc-abi-version\=2 -fobjc-legacy-dispatch -D__clang_analyzer__ -Xclang -analyzer-output\=plist-multi-file -Xclang -analyzer-config -Xclang path-diagnostics-alternate\=true -Xclang -analyzer-config -Xclang report-in-main-source-file\=true -Xclang -analyzer-checker -Xclang optin.osx.cocoa.localizability.NonLocalizedStringChecker -Xclang -analyzer-checker -Xclang security.insecureAPI.UncheckedReturn -Xclang -analyzer-checker -Xclang security.insecureAPI.getpw -Xclang -analyzer-checker -Xclang security.insecureAPI.gets -Xclang -analyzer-checker -Xclang security.insecureAPI.mkstemp -Xclang -analyzer-checker -Xclang security.insecureAPI.mktemp -Xclang -analyzer-disable-checker -Xclang security.insecureAPI.rand -Xclang -analyzer-disable-checker -Xclang security.insecureAPI.strcpy -Xclang -analyzer-checker -Xclang security.insecureAPI.vfork -iquote /Users/oikhlas/Library/Developer/Xcode/DerivedData/WebDriverAgent-bcmeffsllcldukgyoimwiehwhvyz/Build/Intermediates.noindex/WebDriverAgent.build/Debug-iphonesimulator/WebDriverAgentLib.build/WebDriverAgentLib-generated-files.hmap -I/Users/oikhlas/Library/Developer/Xcode/DerivedData/WebDriverAgent-bcmeffsllcldukgyoimwiehwhvyz/Build/Intermediates.noindex/WebDriverAgent.build/Debug-iphonesimulator/WebDriverAgentLib.build/WebDriverAgentLib-own-target-headers.hmap -I/Users/oikhlas/Library/Developer/Xcode/DerivedData/WebDriverAgent-bcmeffsllcldukgyoimwiehwhvyz/Build/Intermediates.noindex/WebDriverAgent.build/Debug-iphonesimulator/WebDriverAgentLib.build/WebDriverAgentLib-all-target-headers.hmap -iquote /Users/oikhlas/Library/Developer/Xcode/DerivedData/WebDriverAgent-bcmeffsllcldukgyoimwiehwhvyz/Build/Intermediates.noindex/WebDriverAgent.build/Debug-iphonesimulator/WebDriverAgentLib.build/WebDriverAgentLib-project-headers.hmap -I/Users/oikhlas/Library/Developer/Xcode/DerivedData/WebDriverAgent-bcmeffsllcldukgyoimwiehwhvyz/Build/Products/Debug-iphonesimulator/include -I/Applications/Xcode.app/Contents/Developer/Platforms/iPhoneSimulator.platform/Developer/SDKs/iPhoneSimulator16.0.sdk/usr/include/libxml2 -I/Users/oikhlas/.appium/node_modules/appium-xcuitest-driver/node_modules/appium-webdriveragent/Modules -I/Users/oikhlas/Library/Developer/Xcode/DerivedData/WebDriverAgent-bcmeffsllcldukgyoimwiehwhvyz/Build/Intermediates.noindex/WebDriverAgent.build/Debug-iphonesimulator/WebDriverAgentLib.build/DerivedSources-normal/x86_64 -I/Users/oikhlas/Library/Developer/Xcode/DerivedData/WebDriverAgent-bcmeffsllcldukgyoimwiehwhvyz/Build/Intermediates.noindex/WebDriverAgent.build/Debug-iphonesimulator/WebDriverAgentLib.build/DerivedSources/x86_64 -I/Users/oikhlas/Library/Developer/Xcode/DerivedData/WebDriverAgent-bcmeffsllcldukgyoimwiehwhvyz/Build/Intermediates.noindex/WebDriverAgent.build/Debug-iphonesimulator/WebDriverAgentLib.build/DerivedSources -Weverything -Wno-objc-missing-property-synthesis -Wno-unused-macros -Wno-disabled-macro-expansion -Wno-gnu-statement-expression -Wno-language-extension-token -Wno-overriding-method-mismatch -Wno-missing-variable-declarations -Rno-module-build -Wno-auto-import -Wno-objc-interface-ivars -Wno-documentation-unknown-command -Wno-reserved-id-macro -Wno-unused-parameter -Wno-gnu-conditional-omitted-operand -Wno-explicit-ownership-type -Wno-date-time -Wno-cast-align -Wno-cstring-format-directive -Wno-double-promotion -Wno-partial-availability -Weverything -Wno-objc-missing-property-synthesis -Wno-unused-macros -Wno-disabled-macro-expansion -Wno-gnu-statement-expression -Wno-language-extension-token -Wno-overriding-method-mismatch -Wno-missing-variable-declarations -Rno-module-build -Wno-auto-import -Wno-objc-interface-ivars -Wno-documentation-unknown-command -Wno-reserved-id-macro -Wno-unused-parameter -Wno-gnu-conditional-omitted-operand -Wno-explicit-ownership-type -Wno-date-time -Wno-cast-align -Wno-cstring-format-directive -Wno-double-promotion -Wno-partial-availability -Wno-objc-messaging-id -Wno-direct-ivar-access -Wno-cast-qual -Wno-declaration-after-statement -F/Users/oikhlas/Library/Developer/Xcode/DerivedData/WebDriverAgent-bcmeffsllcldukgyoimwiehwhvyz/Build/Products/Debug-iphonesimulator -F/Applications/Xcode.app/Contents/Developer/Platforms/iPhoneSimulator.platform/Developer/Library/Frameworks -F/Applications/Xcode.app/Contents/Developer/Platforms/iPhoneSimulator.platform/Developer/Library/PrivateFrameworks -iframework /Applications/Xcode.app/Contents/Developer/Platforms/iPhoneSimulator.platform/Developer/SDKs/iPhoneSimulator16.0.sdk/Developer/Library/Frameworks -MMD -MT dependencies -MF /Users/oikhlas/Library/Developer/Xcode/DerivedData/WebDriverAgent-bcmeffsllcldukgyoimwiehwhvyz/Build/Intermediates.noindex/WebDriverAgent.build/Debug-iphonesimulator/WebDriverAgentLib.build/StaticAnalyzer/WebDriverAgent/WebDriverAgentLib/normal/x86_64/FBCapabilities.d --analyze /Users/oikhlas/.appium/node_modules/appium-xcuitest-driver/node_modules/appium-webdriveragent/WebDriverAgentLib/Utilities/FBCapabilities.m -o /Users/oikhlas/Library/Developer/Xcode/DerivedData/WebDriverAgent-bcmeffsllcldukgyoimwiehwhvyz/Build/Intermediates.noindex/WebDriverAgent.build/Debug-iphonesimulator/WebDriverAgentLib.build/StaticAnalyzer/WebDriverAgent/WebDriverAgentLib/normal/x86_64/FBCapabilities.plist
&amp#27;[38;5;173m[Xcode]&amp#27;[0m 
&amp#27;[38;5;173m[Xcode]&amp#27;[0m 
&amp#27;[38;5;173m[Xcode]&amp#27;[0m Analyze /Users/oikhlas/.appium/node_modules/appium-xcuitest-driver/node_modules/appium-webdriveragent/WebDriverAgentLib/Utilities/FBBaseActionsSynthesizer.m normal x86_64 (in target 'WebDriverAgentLib' from project 'WebDriverAgent')
&amp#27;[38;5;173m[Xcode]&amp#27;[0m     cd /Users/oikhlas/.appium/node_modules/appium-xcuitest-driver/node_modules/appium-webdriveragent
&amp#27;[38;5;173m[Xcode]&amp#27;[0m     /Applications/Xcode.app/Contents/Developer/Toolchains/XcodeDefault.xctoolchain/usr/bin/clang -x objective-c -target x86_64-apple-ios16.0-simulator -fmessage-length\=0 -fdiagnostics-show-note-include-stack -fmacro-backtrace-limit\=0 -std\=gnu99 -fobjc-arc -fmodules -gmodules -fmodules-cache-path\=/Users/oikhlas/Library/Developer/Xcode/DerivedData/ModuleCache.noindex -fmodules-prune-interval\=86400 -fmodules-prune-after\=345600 -fbuild-session-file\=/Users/oikhlas/Library/Developer/Xcode/DerivedData/ModuleCache.noindex/Session.modulevalidation -fmodules-validate-once-per-build-session -Wno-trigraphs -fpascal-strings -O0 -fno-common -Wmissing-field-initializers -Wno-missing-prototypes -Werror\=return-type -Wunreachable-code -Wquoted-include-in-framework-header -Wno-implicit-atomic-properties -Werror\=deprecated-objc-isa-usage -Wno-objc-interface-ivars -Werror\=objc-root-class -Warc-repeated-use-of-weak -Wno-arc-maybe-repeated-use-of-weak -Wimplicit-retain-self -Wduplicate-method-match -Wno-missing-braces -Wparentheses -Wswitch -Wunused-function -Wno-unused-label -Wunused-parameter -Wunused-variable -Wunused-value -Wempty-body -Wuninitialized -Wconditional-uninitialized -Wno-unknown-pragmas -pedantic -Wshadow -Wno-four-char-constants -Wconversion -Wconstant-conversion -Wint-conversion -Wbool-conversion -Wenum-conversion -Wfloat-conversion -Wnon-literal-null-conversion -Wobjc-literal-conversion -Wassign-enum -Wsign-compare -Wshorten-64-to-32 -Wpointer-sign -Wno-newline-eof -Wno-selector -Wno-strict-selector-match -Wundeclared-selector -Wdeprecated-implementations -Wno-implicit-fallthrough -DDEBUG\=1 -DOBJC_OLD_DISPATCH_PROTOTYPES\=0 -isysroot /Applications/Xcode.app/Contents/Developer/Platforms/iPhoneSimulator.platform/Developer/SDKs/iPhoneSimulator16.0.sdk -fasm-blocks -fstrict-aliasing -Wprotocol -Wdeprecated-declarations -g -Wno-sign-conversion -Winfinite-recursion -Wcomma -Wblock-capture-autoreleasing -Wstrict-prototypes -Wno-semicolon-before-method-body -fobjc-abi-version\=2 -fobjc-legacy-dispatch -D__clang_analyzer__ -Xclang -analyzer-output\=plist-multi-file -Xclang -analyzer-config -Xclang path-diagnostics-alternate\=true -Xclang -analyzer-config -Xclang report-in-main-source-file\=true -Xclang -analyzer-checker -Xclang optin.osx.cocoa.localizability.NonLocalizedStringChecker -Xclang -analyzer-checker -Xclang security.insecureAPI.UncheckedReturn -Xclang -analyzer-checker -Xclang security.insecureAPI.getpw -Xclang -analyzer-checker -Xclang security.insecureAPI.gets -Xclang -analyzer-checker -Xclang security.insecureAPI.mkstemp -Xclang -analyzer-checker -Xclang security.insecureAPI.mktemp -Xclang -analyzer-disable-checker -Xclang security.insecureAPI.rand -Xclang -analyzer-disable-checker -Xclang security.insecureAPI.strcpy -Xclang -analyzer-checker -Xclang security.insecureAPI.vfork -iquote /Users/oikhlas/Library/Developer/Xcode/DerivedData/WebDriverAgent-bcmeffsllcldukgyoimwiehwhvyz/Build/Intermediates.noindex/WebDriverAgent.build/Debug-iphonesimulator/WebDriverAgentLib.build/WebDriverAgentLib-generated-files.hmap -I/Users/oikhlas/Library/Developer/Xcode/DerivedData/WebDriverAgent-bcmeffsllcldukgyoimwiehwhvyz/Build/Intermediates.noindex/WebDriverAgent.build/Debug-iphonesimulator/WebDriverAgentLib.build/WebDriverAgentLib-own-target-headers.hmap -I/Users/oikhlas/Library/Developer/Xcode/DerivedData/WebDriverAgent-bcmeffsllcldukgyoimwiehwhvyz/Build/Intermediates.noindex/WebDriverAgent.build/Debug-iphonesimulator/WebDriverAgentLib.build/WebDriverAgentLib-all-target-headers.hmap -iquote /Users/oikhlas/Library/Developer/Xcode/DerivedData/WebDriverAgent-bcmeffsllcldukgyoimwiehwhvyz/Build/Intermediates.noindex/WebDriverAgent.build/Debug-iphonesimulator/WebDriverAgentLib.build/WebDriverAgentLib-project-headers.hmap -I/Users/oikhlas/Library/Developer/Xcode/DerivedData/WebDriverAgent-bcmeffsllcldukgyoimwiehwhvyz/Build/Products/Debug-iphonesimulator/include -I/Applications/Xcode.app/Contents/Developer/Platforms/iPhoneSimulator.platform/Developer/SDKs/iPhoneSimulator16.0.sdk/usr/include/libxml2 -I/Users/oikhlas/.appium/node_modules/appium-xcuitest-driver/node_modules/appium-webdriveragent/Modules -I/Users/oikhlas/Library/Developer/Xcode/DerivedData/WebDriverAgent-bcmeffsllcldukgyoimwiehwhvyz/Build/Intermediates.noindex/WebDriverAgent.build/Debug-iphonesimulator/WebDriverAgentLib.build/DerivedSources-normal/x86_64 -I/Users/oikhlas/Library/Developer/Xcode/DerivedData/WebDriverAgent-bcmeffsllcldukgyoimwiehwhvyz/Build/Intermediates.noindex/WebDriverAgent.build/Debug-iphonesimulator/WebDriverAgentLib.build/DerivedSources/x86_64 -I/Users/oikhlas/Library/Developer/Xcode/DerivedData/WebDriverAgent-bcmeffsllcldukgyoimwiehwhvyz/Build/Intermediates.noindex/WebDriverAgent.build/Debug-iphonesimulator/WebDriverAgentLib.build/DerivedSources -Weverything -Wno-objc-missing-property-synthesis -Wno-unused-macros -Wno-disabled-macro-expansion -Wno-gnu-statement-expression -Wno-language-extension-token -Wno-overriding-method-mismatch -Wno-missing-variable-declarations -Rno-module-build -Wno-auto-import -Wno-objc-interface-ivars -Wno-documentation-unknown-command -Wno-reserved-id-macro -Wno-unused-parameter -Wno-gnu-conditional-omitted-operand -Wno-explicit-ownership-type -Wno-date-time -Wno-cast-align -Wno-cstring-format-directive -Wno-double-promotion -Wno-partial-availability -Weverything -Wno-objc-missing-property-synthesis -Wno-unused-macros -Wno-disabled-macro-expansion -Wno-gnu-statement-expression -Wno-language-extension-token -Wno-overriding-method-mismatch -Wno-missing-variable-declarations -Rno-module-build -Wno-auto-import -Wno-objc-interface-ivars -Wno-documentation-unknown-command -Wno-reserved-id-macro -Wno-unused-parameter -Wno-gnu-conditional-omitted-operand -Wno-explicit-ownership-type -Wno-date-time -Wno-cast-align -Wno-cstring-format-directive -Wno-double-promotion -Wno-partial-availability -Wno-objc-messaging-id -Wno-direct-ivar-access -Wno-cast-qual -Wno-declaration-after-statement -F/Users/oikhlas/Library/Developer/Xcode/DerivedData/WebDriverAgent-bcmeffsllcldukgyoimwiehwhvyz/Build/Products/Debug-iphonesimulator -F/Applications/Xcode.app/Contents/Developer/Platforms/iPhoneSimulator.platform/Developer/Library/Frameworks -F/Applications/Xcode.app/Contents/Developer/Platforms/iPhoneSimulator.platform/Developer/Library/PrivateFrameworks -iframework /Applications/Xcode.app/Contents/Developer/Platforms/iPhoneSimulator.platform/Developer/SDKs/iPhoneSimulator16.0.sdk/Developer/Library/Frameworks -MMD -MT dependencies -MF /Users/oikhlas/Library/Developer/Xcode/DerivedData/WebDriverAgent-bcmeffsllcldukgyoimwiehwhvyz/Build/Intermediates.noindex/WebDriverAgent.build/Debug-iphonesimulator/WebDriverAgentLib.build/StaticAnalyzer/WebDriverAgent/WebDriverAgentLib/normal/x86_64/FBBaseActionsSynthesizer.d --analyze /Users/oikhlas/.appium/node_modules/appium-xcuitest-driver/node_modules/appium-webdriveragent/WebDriverAgentLib/Utilities/FBBaseActionsSynthesizer.m -o /Users/oikhlas/Library/Developer/Xcode/DerivedData/WebDriverAgent-bcmeffsllcldukgyoimwiehwhvyz/Build/Intermediates.noindex/WebDriverAgent.build/Debug-iphonesimulator/WebDriverAgentLib.build/StaticAnalyzer/WebDriverAgent/WebDriverAgentLib/normal/x86_64/FBBaseActionsSynthesizer.plist
&amp#27;[38;5;173m[Xcode]&amp#27;[0m 
&amp#27;[38;5;173m[Xcode]&amp#27;[0m 
&amp#27;[38;5;173m[Xcode]&amp#27;[0m Analyze /Users/oikhlas/.appium/node_modules/appium-xcuitest-driver/node_modules/appium-webdriveragent/WebDriverAgentLib/Utilities/FBAppiumActionsSynthesizer.m normal x86_64 (in target 'WebDriverAgentLib' from project 'WebDriverAgent')
&amp#27;[38;5;173m[Xcode]&amp#27;[0m     cd /Users/oikhlas/.appium/node_modules/appium-xcuitest-driver/node_modules/appium-webdriveragent
&amp#27;[38;5;173m[Xcode]&amp#27;[0m     /Applications/Xcode.app/Contents/Developer/Toolchains/XcodeDefault.xctoolchain/usr/bin/clang -x objective-c -target x86_64-apple-ios16.0-simulator -fmessage-length\=0 -fdiagnostics-show-note-include-stack -fmacro-backtrace-limit\=0 -std\=gnu99 -fobjc-arc -fmodules -gmodules -fmodules-cache-path\=/Users/oikhlas/Library/Developer/Xcode/DerivedData/ModuleCache.noindex -fmodules-prune-interval\=86400 -fmodules-prune-after\=345600 -fbuild-session-file\=/Users/oikhlas/Library/Developer/Xcode/DerivedData/ModuleCache.noindex/Session.modulevalidation -fmodules-validate-once-per-build-session -Wno-trigraphs -fpascal-strings -O0 -fno-common -Wmissing-field-initializers -Wno-missing-prototypes -Werror\=return-type -Wunreachable-code -Wquoted-include-in-framework-header -Wno-implicit-atomic-properties -Werror\=deprecated-objc-isa-usage -Wno-objc-interface-ivars -Werror\=objc-root-class -Warc-repeated-use-of-weak -Wno-arc-maybe-repeated-use-of-weak -Wimplicit-retain-self -Wduplicate-method-match -Wno-missing-braces -Wparentheses -Wswitch -Wunused-function -Wno-unused-label -Wunused-parameter -Wunused-variable -Wunused-value -Wempty-body -Wuninitialized -Wconditional-uninitialized -Wno-unknown-pragmas -pedantic -Wshadow -Wno-four-char-constants -Wconversion -Wconstant-conversion -Wint-conversion -Wbool-conversion -Wenum-conversion -Wfloat-conversion -Wnon-literal-null-conversion -Wobjc-literal-conversion -Wassign-enum -Wsign-compare -Wshorten-64-to-32 -Wpointer-sign -Wno-newline-eof -Wno-selector -Wno-strict-selector-match -Wundeclared-selector -Wdeprecated-implementations -Wno-implicit-fallthrough -DDEBUG\=1 -DOBJC_OLD_DISPATCH_PROTOTYPES\=0 -isysroot /Applications/Xcode.app/Contents/Developer/Platforms/iPhoneSimulator.platform/Developer/SDKs/iPhoneSimulator16.0.sdk -fasm-blocks -fstrict-aliasing -Wprotocol -Wdeprecated-declarations -g -Wno-sign-conversion -Winfinite-recursion -Wcomma -Wblock-capture-autoreleasing -Wstrict-prototypes -Wno-semicolon-before-method-body -fobjc-abi-version\=2 -fobjc-legacy-dispatch -D__clang_analyzer__ -Xclang -analyzer-output\=plist-multi-file -Xclang -analyzer-config -Xclang path-diagnostics-alternate\=true -Xclang -analyzer-config -Xclang report-in-main-source-file\=true -Xclang -analyzer-checker -Xclang optin.osx.cocoa.localizability.NonLocalizedStringChecker -Xclang -analyzer-checker -Xclang security.insecureAPI.UncheckedReturn -Xclang -analyzer-checker -Xclang security.insecureAPI.getpw -Xclang -analyzer-checker -Xclang security.insecureAPI.gets -Xclang -analyzer-checker -Xclang security.insecureAPI.mkstemp -Xclang -analyzer-checker -Xclang security.insecureAPI.mktemp -Xclang -analyzer-disable-checker -Xclang security.insecureAPI.rand -Xclang -analyzer-disable-checker -Xclang security.insecureAPI.strcpy -Xclang -analyzer-checker -Xclang security.insecureAPI.vfork -iquote /Users/oikhlas/Library/Developer/Xcode/DerivedData/WebDriverAgent-bcmeffsllcldukgyoimwiehwhvyz/Build/Intermediates.noindex/WebDriverAgent.build/Debug-iphonesimulator/WebDriverAgentLib.build/WebDriverAgentLib-generated-files.hmap -I/Users/oikhlas/Library/Developer/Xcode/DerivedData/WebDriverAgent-bcmeffsllcldukgyoimwiehwhvyz/Build/Intermediates.noindex/WebDriverAgent.build/Debug-iphonesimulator/WebDriverAgentLib.build/WebDriverAgentLib-own-target-headers.hmap -I/Users/oikhlas/Library/Developer/Xcode/DerivedData/WebDriverAgent-bcmeffsllcldukgyoimwiehwhvyz/Build/Intermediates.noindex/WebDriverAgent.build/Debug-iphonesimulator/WebDriverAgentLib.build/WebDriverAgentLib-all-target-headers.hmap -iquote /Users/oikhlas/Library/Developer/Xcode/DerivedData/WebDriverAgent-bcmeffsllcldukgyoimwiehwhvyz/Build/Intermediates.noindex/WebDriverAgent.build/Debug-iphonesimulator/WebDriverAgentLib.build/WebDriverAgentLib-project-headers.hmap -I/Users/oikhlas/Library/Developer/Xcode/DerivedData/WebDriverAgent-bcmeffsllcldukgyoimwiehwhvyz/Build/Products/Debug-iphonesimulator/include -I/Applications/Xcode.app/Contents/Developer/Platforms/iPhoneSimulator.platform/Developer/SDKs/iPhoneSimulator16.0.sdk/usr/include/libxml2 -I/Users/oikhlas/.appium/node_modules/appium-xcuitest-driver/node_modules/appium-webdriveragent/Modules -I/Users/oikhlas/Library/Developer/Xcode/DerivedData/WebDriverAgent-bcmeffsllcldukgyoimwiehwhvyz/Build/Intermediates.noindex/WebDriverAgent.build/Debug-iphonesimulator/WebDriverAgentLib.build/DerivedSources-normal/x86_64 -I/Users/oikhlas/Library/Developer/Xcode/DerivedData/WebDriverAgent-bcmeffsllcldukgyoimwiehwhvyz/Build/Intermediates.noindex/WebDriverAgent.build/Debug-iphonesimulator/WebDriverAgentLib.build/DerivedSources/x86_64 -I/Users/oikhlas/Library/Developer/Xcode/DerivedData/WebDriverAgent-bcmeffsllcldukgyoimwiehwhvyz/Build/Intermediates.noindex/WebDriverAgent.build/Debug-iphonesimulator/WebDriverAgentLib.build/DerivedSources -Weverything -Wno-objc-missing-property-synthesis -Wno-unused-macros -Wno-disabled-macro-expansion -Wno-gnu-statement-expression -Wno-language-extension-token -Wno-overriding-method-mismatch -Wno-missing-variable-declarations -Rno-module-build -Wno-auto-import -Wno-objc-interface-ivars -Wno-documentation-unknown-command -Wno-reserved-id-macro -Wno-unused-parameter -Wno-gnu-conditional-omitted-operand -Wno-explicit-ownership-type -Wno-date-time -Wno-cast-align -Wno-cstring-format-directive -Wno-double-promotion -Wno-partial-availability -Weverything -Wno-objc-missing-property-synthesis -Wno-unused-macros -Wno-disabled-macro-expansion -Wno-gnu-statement-expression -Wno-language-extension-token -Wno-overriding-method-mismatch -Wno-missing-variable-declarations -Rno-module-build -Wno-auto-import -Wno-objc-interface-ivars -Wno-documentation-unknown-command -Wno-reserved-id-macro -Wno-unused-parameter -Wno-gnu-conditional-omitted-operand -Wno-explicit-ownership-type -Wno-date-time -Wno-cast-align -Wno-cstring-format-directive -Wno-double-promotion -Wno-partial-availability -Wno-objc-messaging-id -Wno-direct-ivar-access -Wno-cast-qual -Wno-declaration-after-statement -F/Users/oikhlas/Library/Developer/Xcode/DerivedData/WebDriverAgent-bcmeffsllcldukgyoimwiehwhvyz/Build/Products/Debug-iphonesimulator -F/Applications/Xcode.app/Contents/Developer/Platforms/iPhoneSimulator.platform/Developer/Library/Frameworks -F/Applications/Xcode.app/Contents/Developer/Platforms/iPhoneSimulator.platform/Developer/Library/PrivateFrameworks -iframework /Applications/Xcode.app/Contents/Developer/Platforms/iPhoneSimulator.platform/Developer/SDKs/iPhoneSimulator16.0.sdk/Developer/Library/Frameworks -MMD -MT dependencies -MF /Users/oikhlas/Library/Developer/Xcode/DerivedData/WebDriverAgent-bcmeffsllcldukgyoimwiehwhvyz/Build/Intermediates.noindex/WebDriverAgent.build/Debug-iphonesimulator/WebDriverAgentLib.build/StaticAnalyzer/WebDriverAgent/WebDriverAgentLib/normal/x86_64/FBAppiumActionsSynthesizer.d --analyze /Users/oikhlas/.appium/node_modules/appium-xcuitest-driver/node_modules/appium-webdriveragent/WebDriverAgentLib/Utilities/FBAppiumActionsSynthesizer.m -o /Users/oikhlas/Library/Developer/Xcode/DerivedData/WebDriverAgent-bcmeffsllcldukgyoimwiehwhvyz/Build/Intermediates.noindex/WebDriverAgent.build/Debug-iphonesimulator/WebDriverAgentLib.build/StaticAnalyzer/WebDriverAgent/WebDriverAgentLib/normal/x86_64/FBAppiumActionsSynthesizer.plist
&amp#27;[38;5;173m[Xcode]&amp#27;[0m 
&amp#27;[38;5;173m[Xcode]&amp#27;[0m 
&amp#27;[38;5;173m[Xcode]&amp#27;[0m Analyze /Users/oikhlas/.appium/node_modules/appium-xcuitest-driver/node_modules/appium-webdriveragent/WebDriverAgentLib/Utilities/FBAlertsMonitor.m normal x86_64 (in target 'WebDriverAgentLib' from project 'WebDriverAgent')
&amp#27;[38;5;173m[Xcode]&amp#27;[0m     cd /Users/oikhlas/.appium/node_modules/appium-xcuitest-driver/node_modules/appium-webdriveragent
&amp#27;[38;5;173m[Xcode]&amp#27;[0m     /Applications/Xcode.app/Contents/Developer/Toolchains/XcodeDefault.xctoolchain/usr/bin/clang -x objective-c -target x86_64-apple-ios16.0-simulator -fmessage-length\=0 -fdiagnostics-show-note-include-stack -fmacro-backtrace-limit\=0 -std\=gnu99 -fobjc-arc -fmodules -gmodules -fmodules-cache-path\=/Users/oikhlas/Library/Developer/Xcode/DerivedData/ModuleCache.noindex -fmodules-prune-interval\=86400 -fmodules-prune-after\=345600 -fbuild-session-file\=/Users/oikhlas/Library/Developer/Xcode/DerivedData/ModuleCache.noindex/Session.modulevalidation -fmodules-validate-once-per-build-session -Wno-trigraphs -fpascal-strings -O0 -fno-common -Wmissing-field-initializers -Wno-missing-prototypes -Werror\=return-type -Wunreachable-code -Wquoted-include-in-framework-header -Wno-implicit-atomic-properties -Werror\=deprecated-objc-isa-usage -Wno-objc-interface-ivars -Werror\=objc-root-class -Warc-repeated-use-of-weak -Wno-arc-maybe-repeated-use-of-weak -Wimplicit-retain-self -Wduplicate-method-match -Wno-missing-braces -Wparentheses -Wswitch -Wunused-function -Wno-unused-label -Wunused-parameter -Wunused-variable -Wunused-value -Wempty-body -Wuninitialized -Wconditional-uninitialized -Wno-unknown-pragmas -pedantic -Wshadow -Wno-four-char-constants -Wconversion -Wconstant-conversion -Wint-conversion -Wbool-conversion -Wenum-conversion -Wfloat-conversion -Wnon-literal-null-conversion -Wobjc-literal-conversion -Wassign-enum -Wsign-compare -Wshorten-64-to-32 -Wpointer-sign -Wno-newline-eof -Wno-selector -Wno-strict-selector-match -Wundeclared-selector -Wdeprecated-implementations -Wno-implicit-fallthrough -DDEBUG\=1 -DOBJC_OLD_DISPATCH_PROTOTYPES\=0 -isysroot /Applications/Xcode.app/Contents/Developer/Platforms/iPhoneSimulator.platform/Developer/SDKs/iPhoneSimulator16.0.sdk -fasm-blocks -fstrict-aliasing -Wprotocol -Wdeprecated-declarations -g -Wno-sign-conversion -Winfinite-recursion -Wcomma -Wblock-capture-autoreleasing -Wstrict-prototypes -Wno-semicolon-before-method-body -fobjc-abi-version\=2 -fobjc-legacy-dispatch -D__clang_analyzer__ -Xclang -analyzer-output\=plist-multi-file -Xclang -analyzer-config -Xclang path-diagnostics-alternate\=true -Xclang -analyzer-config -Xclang report-in-main-source-file\=true -Xclang -analyzer-checker -Xclang optin.osx.cocoa.localizability.NonLocalizedStringChecker -Xclang -analyzer-checker -Xclang security.insecureAPI.UncheckedReturn -Xclang -analyzer-checker -Xclang security.insecureAPI.getpw -Xclang -analyzer-checker -Xclang security.insecureAPI.gets -Xclang -analyzer-checker -Xclang security.insecureAPI.mkstemp -Xclang -analyzer-checker -Xclang security.insecureAPI.mktemp -Xclang -analyzer-disable-checker -Xclang security.insecureAPI.rand -Xclang -analyzer-disable-checker -Xclang security.insecureAPI.strcpy -Xclang -analyzer-checker -Xclang security.insecureAPI.vfork -iquote /Users/oikhlas/Library/Developer/Xcode/DerivedData/WebDriverAgent-bcmeffsllcldukgyoimwiehwhvyz/Build/Intermediates.noindex/WebDriverAgent.build/Debug-iphonesimulator/WebDriverAgentLib.build/WebDriverAgentLib-generated-files.hmap -I/Users/oikhlas/Library/Developer/Xcode/DerivedData/WebDriverAgent-bcmeffsllcldukgyoimwiehwhvyz/Build/Intermediates.noindex/WebDriverAgent.build/Debug-iphonesimulator/WebDriverAgentLib.build/WebDriverAgentLib-own-target-headers.hmap -I/Users/oikhlas/Library/Developer/Xcode/DerivedData/WebDriverAgent-bcmeffsllcldukgyoimwiehwhvyz/Build/Intermediates.noindex/WebDriverAgent.build/Debug-iphonesimulator/WebDriverAgentLib.build/WebDriverAgentLib-all-target-headers.hmap -iquote /Users/oikhlas/Library/Developer/Xcode/DerivedData/WebDriverAgent-bcmeffsllcldukgyoimwiehwhvyz/Build/Intermediates.noindex/WebDriverAgent.build/Debug-iphonesimulator/WebDriverAgentLib.build/WebDriverAgentLib-project-headers.hmap -I/Users/oikhlas/Library/Developer/Xcode/DerivedData/WebDriverAgent-bcmeffsllcldukgyoimwiehwhvyz/Build/Products/Debug-iphonesimulator/include -I/Applications/Xcode.app/Contents/Developer/Platforms/iPhoneSimulator.platform/Developer/SDKs/iPhoneSimulator16.0.sdk/usr/include/libxml2 -I/Users/oikhlas/.appium/node_modules/appium-xcuitest-driver/node_modules/appium-webdriveragent/Modules -I/Users/oikhlas/Library/Developer/Xcode/DerivedData/WebDriverAgent-bcmeffsllcldukgyoimwiehwhvyz/Build/Intermediates.noindex/WebDriverAgent.build/Debug-iphonesimulator/WebDriverAgentLib.build/DerivedSources-normal/x86_64 -I/Users/oikhlas/Library/Developer/Xcode/DerivedData/WebDriverAgent-bcmeffsllcldukgyoimwiehwhvyz/Build/Intermediates.noindex/WebDriverAgent.build/Debug-iphonesimulator/WebDriverAgentLib.build/DerivedSources/x86_64 -I/Users/oikhlas/Library/Developer/Xcode/DerivedData/WebDriverAgent-bcmeffsllcldukgyoimwiehwhvyz/Build/Intermediates.noindex/WebDriverAgent.build/Debug-iphonesimulator/WebDriverAgentLib.build/DerivedSources -Weverything -Wno-objc-missing-property-synthesis -Wno-unused-macros -Wno-disabled-macro-expansion -Wno-gnu-statement-expression -Wno-language-extension-token -Wno-overriding-method-mismatch -Wno-missing-variable-declarations -Rno-module-build -Wno-auto-import -Wno-objc-interface-ivars -Wno-documentation-unknown-command -Wno-reserved-id-macro -Wno-unused-parameter -Wno-gnu-conditional-omitted-operand -Wno-explicit-ownership-type -Wno-date-time -Wno-cast-align -Wno-cstring-format-directive -Wno-double-promotion -Wno-partial-availability -Weverything -Wno-objc-missing-property-synthesis -Wno-unused-macros -Wno-disabled-macro-expansion -Wno-gnu-statement-expression -Wno-language-extension-token -Wno-overriding-method-mismatch -Wno-missing-variable-declarations -Rno-module-build -Wno-auto-import -Wno-objc-interface-ivars -Wno-documentation-unknown-command -Wno-reserved-id-macro -Wno-unused-parameter -Wno-gnu-conditional-omitted-operand -Wno-explicit-ownership-type -Wno-date-time -Wno-cast-align -Wno-cstring-format-directive -Wno-double-promotion -Wno-partial-availability -Wno-objc-messaging-id -Wno-direct-ivar-access -Wno-cast-qual -Wno-declaration-after-statement -F/Users/oikhlas/Library/Developer/Xcode/DerivedData/WebDriverAgent-bcmeffsllcldukgyoimwiehwhvyz/Build/Products/Debug-iphonesimulator -F/Applications/Xcode.app/Contents/Developer/Platforms/iPhoneSimulator.platform/Developer/Library/Frameworks -F/Applications/Xcode.app/Contents/Developer/Platforms/iPhoneSimulator.platform/Developer/Library/PrivateFrameworks -iframework /Applications/Xcode.app/Contents/Developer/Platforms/iPhoneSimulator.platform/Developer/SDKs/iPhoneSimulator16.0.sdk/Developer/Library/Frameworks -MMD -MT dependencies -MF /Users/oikhlas/Library/Developer/Xcode/DerivedData/WebDriverAgent-bcmeffsllcldukgyoimwiehwhvyz/Build/Intermediates.noindex/WebDriverAgent.build/Debug-iphonesimulator/WebDriverAgentLib.build/StaticAnalyzer/WebDriverAgent/WebDriverAgentLib/normal/x86_64/FBAlertsMonitor.d --analyze /Users/oikhlas/.appium/node_modules/appium-xcuitest-driver/node_modules/appium-webdriveragent/WebDriverAgentLib/Utilities/FBAlertsMonitor.m -o /Users/oikhlas/Library/Developer/Xcode/DerivedData/WebDriverAgent-bcmeffsllcldukgyoimwiehwhvyz/Build/Intermediates.noindex/WebDriverAgent.build/Debug-iphonesimulator/WebDriverAgentLib.build/StaticAnalyzer/WebDriverAgent/WebDriverAgentLib/normal/x86_64/FBAlertsMonitor.plist
&amp#27;[38;5;173m[Xcode]&amp#27;[0m 
&amp#27;[38;5;173m[Xcode]&amp#27;[0m 
&amp#27;[38;5;173m[Xcode]&amp#27;[0m Analyze /Users/oikhlas/.appium/node_modules/appium-xcuitest-driver/node_modules/appium-webdriveragent/WebDriverAgentLib/Utilities/FBActiveAppDetectionPoint.m normal x86_64 (in target 'WebDriverAgentLib' from project 'WebDriverAgent')
&amp#27;[38;5;173m[Xcode]&amp#27;[0m     cd /Users/oikhlas/.appium/node_modules/appium-xcuitest-driver/node_modules/appium-webdriveragent
&amp#27;[38;5;173m[Xcode]&amp#27;[0m     /Applications/Xcode.app/Contents/Developer/Toolchains/XcodeDefault.xctoolchain/usr/bin/clang -x objective-c -target x86_64-apple-ios16.0-simulator -fmessage-length\=0 -fdiagnostics-show-note-include-stack -fmacro-backtrace-limit\=0 -std\=gnu99 -fobjc-arc -fmodules -gmodules -fmodules-cache-path\=/Users/oikhlas/Library/Developer/Xcode/DerivedData/ModuleCache.noindex -fmodules-prune-interval\=86400 -fmodules-prune-after\=345600 -fbuild-session-file\=/Users/oikhlas/Library/Developer/Xcode/DerivedData/ModuleCache.noindex/Session.modulevalidation -fmodules-validate-once-per-build-session -Wno-trigraphs -fpascal-strings -O0 -fno-common -Wmissing-field-initializers -Wno-missing-prototypes -Werror\=return-type -Wunreachable-code -Wquoted-include-in-framework-header -Wno-implicit-atomic-properties -Werror\=deprecated-objc-isa-usage -Wno-objc-interface-ivars -Werror\=objc-root-class -Warc-repeated-use-of-weak -Wno-arc-maybe-repeated-use-of-weak -Wimplicit-retain-self -Wduplicate-method-match -Wno-missing-braces -Wparentheses -Wswitch -Wunused-function -Wno-unused-label -Wunused-parameter -Wunused-variable -Wunused-value -Wempty-body -Wuninitialized -Wconditional-uninitialized -Wno-unknown-pragmas -pedantic -Wshadow -Wno-four-char-constants -Wconversion -Wconstant-conversion -Wint-conversion -Wbool-conversion -Wenum-conversion -Wfloat-conversion -Wnon-literal-null-conversion -Wobjc-literal-conversion -Wassign-enum -Wsign-compare -Wshorten-64-to-32 -Wpointer-sign -Wno-newline-eof -Wno-selector -Wno-strict-selector-match -Wundeclared-selector -Wdeprecated-implementations -Wno-implicit-fallthrough -DDEBUG\=1 -DOBJC_OLD_DISPATCH_PROTOTYPES\=0 -isysroot /Applications/Xcode.app/Contents/Developer/Platforms/iPhoneSimulator.platform/Developer/SDKs/iPhoneSimulator16.0.sdk -fasm-blocks -fstrict-aliasing -Wprotocol -Wdeprecated-declarations -g -Wno-sign-conversion -Winfinite-recursion -Wcomma -Wblock-capture-autoreleasing -Wstrict-prototypes -Wno-semicolon-before-method-body -fobjc-abi-version\=2 -fobjc-legacy-dispatch -D__clang_analyzer__ -Xclang -analyzer-output\=plist-multi-file -Xclang -analyzer-config -Xclang path-diagnostics-alternate\=true -Xclang -analyzer-config -Xclang report-in-main-source-file\=true -Xclang -analyzer-checker -Xclang optin.osx.cocoa.localizability.NonLocalizedStringChecker -Xclang -analyzer-checker -Xclang security.insecureAPI.UncheckedReturn -Xclang -analyzer-checker -Xclang security.insecureAPI.getpw -Xclang -analyzer-checker -Xclang security.insecureAPI.gets -Xclang -analyzer-checker -Xclang security.insecureAPI.mkstemp -Xclang -analyzer-checker -Xclang security.insecureAPI.mktemp -Xclang -analyzer-disable-checker -Xclang security.insecureAPI.rand -Xclang -analyzer-disable-checker -Xclang security.insecureAPI.strcpy -Xclang -analyzer-checker -Xclang security.insecureAPI.vfork -iquote /Users/oikhlas/Library/Developer/Xcode/DerivedData/WebDriverAgent-bcmeffsllcldukgyoimwiehwhvyz/Build/Intermediates.noindex/WebDriverAgent.build/Debug-iphonesimulator/WebDriverAgentLib.build/WebDriverAgentLib-generated-files.hmap -I/Users/oikhlas/Library/Developer/Xcode/DerivedData/WebDriverAgent-bcmeffsllcldukgyoimwiehwhvyz/Build/Intermediates.noindex/WebDriverAgent.build/Debug-iphonesimulator/WebDriverAgentLib.build/WebDriverAgentLib-own-target-headers.hmap -I/Users/oikhlas/Library/Developer/Xcode/DerivedData/WebDriverAgent-bcmeffsllcldukgyoimwiehwhvyz/Build/Intermediates.noindex/WebDriverAgent.build/Debug-iphonesimulator/WebDriverAgentLib.build/WebDriverAgentLib-all-target-headers.hmap -iquote /Users/oikhlas/Library/Developer/Xcode/DerivedData/WebDriverAgent-bcmeffsllcldukgyoimwiehwhvyz/Build/Intermediates.noindex/WebDriverAgent.build/Debug-iphonesimulator/WebDriverAgentLib.build/WebDriverAgentLib-project-headers.hmap -I/Users/oikhlas/Library/Developer/Xcode/DerivedData/WebDriverAgent-bcmeffsllcldukgyoimwiehwhvyz/Build/Products/Debug-iphonesimulator/include -I/Applications/Xcode.app/Contents/Developer/Platforms/iPhoneSimulator.platform/Developer/SDKs/iPhoneSimulator16.0.sdk/usr/include/libxml2 -I/Users/oikhlas/.appium/node_modules/appium-xcuitest-driver/node_modules/appium-webdriveragent/Modules -I/Users/oikhlas/Library/Developer/Xcode/DerivedData/WebDriverAgent-bcmeffsllcldukgyoimwiehwhvyz/Build/Intermediates.noindex/WebDriverAgent.build/Debug-iphonesimulator/WebDriverAgentLib.build/DerivedSources-normal/x86_64 -I/Users/oikhlas/Library/Developer/Xcode/DerivedData/WebDriverAgent-bcmeffsllcldukgyoimwiehwhvyz/Build/Intermediates.noindex/WebDriverAgent.build/Debug-iphonesimulator/WebDriverAgentLib.build/DerivedSources/x86_64 -I/Users/oikhlas/Library/Developer/Xcode/DerivedData/WebDriverAgent-bcmeffsllcldukgyoimwiehwhvyz/Build/Intermediates.noindex/WebDriverAgent.build/Debug-iphonesimulator/WebDriverAgentLib.build/DerivedSources -Weverything -Wno-objc-missing-property-synthesis -Wno-unused-macros -Wno-disabled-macro-expansion -Wno-gnu-statement-expression -Wno-language-extension-token -Wno-overriding-method-mismatch -Wno-missing-variable-declarations -Rno-module-build -Wno-auto-import -Wno-objc-interface-ivars -Wno-documentation-unknown-command -Wno-reserved-id-macro -Wno-unused-parameter -Wno-gnu-conditional-omitted-operand -Wno-explicit-ownership-type -Wno-date-time -Wno-cast-align -Wno-cstring-format-directive -Wno-double-promotion -Wno-partial-availability -Weverything -Wno-objc-missing-property-synthesis -Wno-unused-macros -Wno-disabled-macro-expansion -Wno-gnu-statement-expression -Wno-language-extension-token -Wno-overriding-method-mismatch -Wno-missing-variable-declarations -Rno-module-build -Wno-auto-import -Wno-objc-interface-ivars -Wno-documentation-unknown-command -Wno-reserved-id-macro -Wno-unused-parameter -Wno-gnu-conditional-omitted-operand -Wno-explicit-ownership-type -Wno-date-time -Wno-cast-align -Wno-cstring-format-directive -Wno-double-promotion -Wno-partial-availability -Wno-objc-messaging-id -Wno-direct-ivar-access -Wno-cast-qual -Wno-declaration-after-statement -F/Users/oikhlas/Library/Developer/Xcode/DerivedData/WebDriverAgent-bcmeffsllcldukgyoimwiehwhvyz/Build/Products/Debug-iphonesimulator -F/Applications/Xcode.app/Contents/Developer/Platforms/iPhoneSimulator.platform/Developer/Library/Frameworks -F/Applications/Xcode.app/Contents/Developer/Platforms/iPhoneSimulator.platform/Developer/Library/PrivateFrameworks -iframework /Applications/Xcode.app/Contents/Developer/Platforms/iPhoneSimulator.platform/Developer/SDKs/iPhoneSimulator16.0.sdk/Developer/Library/Frameworks -MMD -MT dependencies -MF /Users/oikhlas/Library/Developer/Xcode/DerivedData/WebDriverAgent-bcmeffsllcldukgyoimwiehwhvyz/Build/Intermediates.noindex/WebDriverAgent.build/Debug-iphonesimulator/WebDriverAgentLib.build/StaticAnalyzer/WebDriverAgent/WebDriverAgentLib/normal/x86_64/FBActiveAppDetectionPoint.d --analyze /Users/oikhlas/.appium/node_modules/appium-xcuitest-driver/node_modules/appium-webdriveragent/WebDriverAgentLib/Utilities/FBActiveAppDetectionPoint.m -o /Users/oikhlas/Library/Developer/Xcode/DerivedData/WebDriverAgent-bcmeffsllcldukgyoimwiehwhvyz/Build/Intermediates.noindex/WebDriverAgent.build/Debug-iphonesimulator/WebDriverAgentLib.build/StaticAnalyzer/WebDriverAgent/WebDriverAgentLib/normal/x86_64/FBActiveAppDetectionPoint.plist
&amp#27;[38;5;173m[Xcode]&amp#27;[0m 
&amp#27;[38;5;173m[Xcode]&amp#27;[0m 
&amp#27;[38;5;173m[Xcode]&amp#27;[0m Analyze /Users/oikhlas/.appium/node_modules/appium-xcuitest-driver/node_modules/appium-webdriveragent/WebDriverAgentLib/Routing/FBXCElementSnapshotWrapper.m normal x86_64 (in target 'WebDriverAgentLib' from project 'WebDriverAgent')
&amp#27;[38;5;173m[Xcode]&amp#27;[0m     cd /Users/oikhlas/.appium/node_modules/appium-xcuitest-driver/node_modules/appium-webdriveragent
&amp#27;[38;5;173m[Xcode]&amp#27;[0m     /Applications/Xcode.app/Contents/Developer/Toolchains/XcodeDefault.xctoolchain/usr/bin/clang -x objective-c -target x86_64-apple-ios16.0-simulator -fmessage-length\=0 -fdiagnostics-show-note-include-stack -fmacro-backtrace-limit\=0 -std\=gnu99 -fobjc-arc -fmodules -gmodules -fmodules-cache-path\=/Users/oikhlas/Library/Developer/Xcode/DerivedData/ModuleCache.noindex -fmodules-prune-interval\=86400 -fmodules-prune-after\=345600 -fbuild-session-file\=/Users/oikhlas/Library/Developer/Xcode/DerivedData/ModuleCache.noindex/Session.modulevalidation -fmodules-validate-once-per-build-session -Wno-trigraphs -fpascal-strings -O0 -fno-common -Wmissing-field-initializers -Wno-missing-prototypes -Werror\=return-type -Wunreachable-code -Wquoted-include-in-framework-header -Wno-implicit-atomic-properties -Werror\=deprecated-objc-isa-usage -Wno-objc-interface-ivars -Werror\=objc-root-class -Warc-repeated-use-of-weak -Wno-arc-maybe-repeated-use-of-weak -Wimplicit-retain-self -Wduplicate-method-match -Wno-missing-braces -Wparentheses -Wswitch -Wunused-function -Wno-unused-label -Wunused-parameter -Wunused-variable -Wunused-value -Wempty-body -Wuninitialized -Wconditional-uninitialized -Wno-unknown-pragmas -pedantic -Wshadow -Wno-four-char-constants -Wconversion -Wconstant-conversion -Wint-conversion -Wbool-conversion -Wenum-conversion -Wfloat-conversion -Wnon-literal-null-conversion -Wobjc-literal-conversion -Wassign-enum -Wsign-compare -Wshorten-64-to-32 -Wpointer-sign -Wno-newline-eof -Wno-selector -Wno-strict-selector-match -Wundeclared-selector -Wdeprecated-implementations -Wno-implicit-fallthrough -DDEBUG\=1 -DOBJC_OLD_DISPATCH_PROTOTYPES\=0 -isysroot /Applications/Xcode.app/Contents/Developer/Platforms/iPhoneSimulator.platform/Developer/SDKs/iPhoneSimulator16.0.sdk -fasm-blocks -fstrict-aliasing -Wprotocol -Wdeprecated-declarations -g -Wno-sign-conversion -Winfinite-recursion -Wcomma -Wblock-capture-autoreleasing -Wstrict-prototypes -Wno-semicolon-before-method-body -fobjc-abi-version\=2 -fobjc-legacy-dispatch -D__clang_analyzer__ -Xclang -analyzer-output\=plist-multi-file -Xclang -analyzer-config -Xclang path-diagnostics-alternate\=true -Xclang -analyzer-config -Xclang report-in-main-source-file\=true -Xclang -analyzer-checker -Xclang optin.osx.cocoa.localizability.NonLocalizedStringChecker -Xclang -analyzer-checker -Xclang security.insecureAPI.UncheckedReturn -Xclang -analyzer-checker -Xclang security.insecureAPI.getpw -Xclang -analyzer-checker -Xclang security.insecureAPI.gets -Xclang -analyzer-checker -Xclang security.insecureAPI.mkstemp -Xclang -analyzer-checker -Xclang security.insecureAPI.mktemp -Xclang -analyzer-disable-checker -Xclang security.insecureAPI.rand -Xclang -analyzer-disable-checker -Xclang security.insecureAPI.strcpy -Xclang -analyzer-checker -Xclang security.insecureAPI.vfork -iquote /Users/oikhlas/Library/Developer/Xcode/DerivedData/WebDriverAgent-bcmeffsllcldukgyoimwiehwhvyz/Build/Intermediates.noindex/WebDriverAgent.build/Debug-iphonesimulator/WebDriverAgentLib.build/WebDriverAgentLib-generated-files.hmap -I/Users/oikhlas/Library/Developer/Xcode/DerivedData/WebDriverAgent-bcmeffsllcldukgyoimwiehwhvyz/Build/Intermediates.noindex/WebDriverAgent.build/Debug-iphonesimulator/WebDriverAgentLib.build/WebDriverAgentLib-own-target-headers.hmap -I/Users/oikhlas/Library/Developer/Xcode/DerivedData/WebDriverAgent-bcmeffsllcldukgyoimwiehwhvyz/Build/Intermediates.noindex/WebDriverAgent.build/Debug-iphonesimulator/WebDriverAgentLib.build/WebDriverAgentLib-all-target-headers.hmap -iquote /Users/oikhlas/Library/Developer/Xcode/DerivedData/WebDriverAgent-bcmeffsllcldukgyoimwiehwhvyz/Build/Intermediates.noindex/WebDriverAgent.build/Debug-iphonesimulator/WebDriverAgentLib.build/WebDriverAgentLib-project-headers.hmap -I/Users/oikhlas/Library/Developer/Xcode/DerivedData/WebDriverAgent-bcmeffsllcldukgyoimwiehwhvyz/Build/Products/Debug-iphonesimulator/include -I/Applications/Xcode.app/Contents/Developer/Platforms/iPhoneSimulator.platform/Developer/SDKs/iPhoneSimulator16.0.sdk/usr/include/libxml2 -I/Users/oikhlas/.appium/node_modules/appium-xcuitest-driver/node_modules/appium-webdriveragent/Modules -I/Users/oikhlas/Library/Developer/Xcode/DerivedData/WebDriverAgent-bcmeffsllcldukgyoimwiehwhvyz/Build/Intermediates.noindex/WebDriverAgent.build/Debug-iphonesimulator/WebDriverAgentLib.build/DerivedSources-normal/x86_64 -I/Users/oikhlas/Library/Developer/Xcode/DerivedData/WebDriverAgent-bcmeffsllcldukgyoimwiehwhvyz/Build/Intermediates.noindex/WebDriverAgent.build/Debug-iphonesimulator/WebDriverAgentLib.build/DerivedSources/x86_64 -I/Users/oikhlas/Library/Developer/Xcode/DerivedData/WebDriverAgent-bcmeffsllcldukgyoimwiehwhvyz/Build/Intermediates.noindex/WebDriverAgent.build/Debug-iphonesimulator/WebDriverAgentLib.build/DerivedSources -Weverything -Wno-objc-missing-property-synthesis -Wno-unused-macros -Wno-disabled-macro-expansion -Wno-gnu-statement-expression -Wno-language-extension-token -Wno-overriding-method-mismatch -Wno-missing-variable-declarations -Rno-module-build -Wno-auto-import -Wno-objc-interface-ivars -Wno-documentation-unknown-command -Wno-reserved-id-macro -Wno-unused-parameter -Wno-gnu-conditional-omitted-operand -Wno-explicit-ownership-type -Wno-date-time -Wno-cast-align -Wno-cstring-format-directive -Wno-double-promotion -Wno-partial-availability -Weverything -Wno-objc-missing-property-synthesis -Wno-unused-macros -Wno-disabled-macro-expansion -Wno-gnu-statement-expression -Wno-language-extension-token -Wno-overriding-method-mismatch -Wno-missing-variable-declarations -Rno-module-build -Wno-auto-import -Wno-objc-interface-ivars -Wno-documentation-unknown-command -Wno-reserved-id-macro -Wno-unused-parameter -Wno-gnu-conditional-omitted-operand -Wno-explicit-ownership-type -Wno-date-time -Wno-cast-align -Wno-cstring-format-directive -Wno-double-promotion -Wno-partial-availability -Wno-objc-messaging-id -Wno-direct-ivar-access -Wno-cast-qual -Wno-declaration-after-statement -F/Users/oikhlas/Library/Developer/Xcode/DerivedData/WebDriverAgent-bcmeffsllcldukgyoimwiehwhvyz/Build/Products/Debug-iphonesimulator -F/Applications/Xcode.app/Contents/Developer/Platforms/iPhoneSimulator.platform/Developer/Library/Frameworks -F/Applications/Xcode.app/Contents/Developer/Platforms/iPhoneSimulator.platform/Developer/Library/PrivateFrameworks -iframework /Applications/Xcode.app/Contents/Developer/Platforms/iPhoneSimulator.platform/Developer/SDKs/iPhoneSimulator16.0.sdk/Developer/Library/Frameworks -MMD -MT dependencies -MF /Users/oikhlas/Library/Developer/Xcode/DerivedData/WebDriverAgent-bcmeffsllcldukgyoimwiehwhvyz/Build/Intermediates.noindex/WebDriverAgent.build/Debug-iphonesimulator/WebDriverAgentLib.build/StaticAnalyzer/WebDriverAgent/WebDriverAgentLib/normal/x86_64/FBXCElementSnapshotWrapper.d --analyze /Users/oikhlas/.appium/node_modules/appium-xcuitest-driver/node_modules/appium-webdriveragent/WebDriverAgentLib/Routing/FBXCElementSnapshotWrapper.m -o /Users/oikhlas/Library/Developer/Xcode/DerivedData/WebDriverAgent-bcmeffsllcldukgyoimwiehwhvyz/Build/Intermediates.noindex/WebDriverAgent.build/Debug-iphonesimulator/WebDriverAgentLib.build/StaticAnalyzer/WebDriverAgent/WebDriverAgentLib/normal/x86_64/FBXCElementSnapshotWrapper.plist
&amp#27;[38;5;173m[Xcode]&amp#27;[0m 
&amp#27;[38;5;173m[Xcode]&amp#27;[0m 
&amp#27;[38;5;173m[Xcode]&amp#27;[0m Analyze /Users/oikhlas/.appium/node_modules/appium-xcuitest-driver/node_modules/appium-webdriveragent/WebDriverAgentLib/Routing/FBXCElementSnapshot.m normal x86_64 (in target 'WebDriverAgentLib' from project 'WebDriverAgent')
&amp#27;[38;5;173m[Xcode]&amp#27;[0m     cd /Users/oikhlas/.appium/node_modules/appium-xcuitest-driver/node_modules/appium-webdriveragent
&amp#27;[38;5;173m[Xcode]&amp#27;[0m     /Applications/Xcode.app/Contents/Developer/Toolchains/XcodeDefault.xctoolchain/usr/bin/clang -x objective-c -target x86_64-apple-ios16.0-simulator -fmessage-length\=0 -fdiagnostics-show-note-include-stack -fmacro-backtrace-limit\=0 -std\=gnu99 -fobjc-arc -fmodules -gmodules -fmodules-cache-path\=/Users/oikhlas/Library/Developer/Xcode/DerivedData/ModuleCache.noindex -fmodules-prune-interval\=86400 -fmodules-prune-after\=345600 -fbuild-session-file\=/Users/oikhlas/Library/Developer/Xcode/DerivedData/ModuleCache.noindex/Session.modulevalidation -fmodules-validate-once-per-build-session -Wno-trigraphs -fpascal-strings -O0 -fno-common -Wmissing-field-initializers -Wno-missing-prototypes -Werror\=return-type -Wunreachable-code -Wquoted-include-in-framework-header -Wno-implicit-atomic-properties -Werror\=deprecated-objc-isa-usage -Wno-objc-interface-ivars -Werror\=objc-root-class -Warc-repeated-use-of-weak -Wno-arc-maybe-repeated-use-of-weak -Wimplicit-retain-self -Wduplicate-method-match -Wno-missing-braces -Wparentheses -Wswitch -Wunused-function -Wno-unused-label -Wunused-parameter -Wunused-variable -Wunused-value -Wempty-body -Wuninitialized -Wconditional-uninitialized -Wno-unknown-pragmas -pedantic -Wshadow -Wno-four-char-constants -Wconversion -Wconstant-conversion -Wint-conversion -Wbool-conversion -Wenum-conversion -Wfloat-conversion -Wnon-literal-null-conversion -Wobjc-literal-conversion -Wassign-enum -Wsign-compare -Wshorten-64-to-32 -Wpointer-sign -Wno-newline-eof -Wno-selector -Wno-strict-selector-match -Wundeclared-selector -Wdeprecated-implementations -Wno-implicit-fallthrough -DDEBUG\=1 -DOBJC_OLD_DISPATCH_PROTOTYPES\=0 -isysroot /Applications/Xcode.app/Contents/Developer/Platforms/iPhoneSimulator.platform/Developer/SDKs/iPhoneSimulator16.0.sdk -fasm-blocks -fstrict-aliasing -Wprotocol -Wdeprecated-declarations -g -Wno-sign-conversion -Winfinite-recursion -Wcomma -Wblock-capture-autoreleasing -Wstrict-prototypes -Wno-semicolon-before-method-body -fobjc-abi-version\=2 -fobjc-legacy-dispatch -D__clang_analyzer__ -Xclang -analyzer-output\=plist-multi-file -Xclang -analyzer-config -Xclang path-diagnostics-alternate\=true -Xclang -analyzer-config -Xclang report-in-main-source-file\=true -Xclang -analyzer-checker -Xclang optin.osx.cocoa.localizability.NonLocalizedStringChecker -Xclang -analyzer-checker -Xclang security.insecureAPI.UncheckedReturn -Xclang -analyzer-checker -Xclang security.insecureAPI.getpw -Xclang -analyzer-checker -Xclang security.insecureAPI.gets -Xclang -analyzer-checker -Xclang security.insecureAPI.mkstemp -Xclang -analyzer-checker -Xclang security.insecureAPI.mktemp -Xclang -analyzer-disable-checker -Xclang security.insecureAPI.rand -Xclang -analyzer-disable-checker -Xclang security.insecureAPI.strcpy -Xclang -analyzer-checker -Xclang security.insecureAPI.vfork -iquote /Users/oikhlas/Library/Developer/Xcode/DerivedData/WebDriverAgent-bcmeffsllcldukgyoimwiehwhvyz/Build/Intermediates.noindex/WebDriverAgent.build/Debug-iphonesimulator/WebDriverAgentLib.build/WebDriverAgentLib-generated-files.hmap -I/Users/oikhlas/Library/Developer/Xcode/DerivedData/WebDriverAgent-bcmeffsllcldukgyoimwiehwhvyz/Build/Intermediates.noindex/WebDriverAgent.build/Debug-iphonesimulator/WebDriverAgentLib.build/WebDriverAgentLib-own-target-headers.hmap -I/Users/oikhlas/Library/Developer/Xcode/DerivedData/WebDriverAgent-bcmeffsllcldukgyoimwiehwhvyz/Build/Intermediates.noindex/WebDriverAgent.build/Debug-iphonesimulator/WebDriverAgentLib.build/WebDriverAgentLib-all-target-headers.hmap -iquote /Users/oikhlas/Library/Developer/Xcode/DerivedData/WebDriverAgent-bcmeffsllcldukgyoimwiehwhvyz/Build/Intermediates.noindex/WebDriverAgent.build/Debug-iphonesimulator/WebDriverAgentLib.build/WebDriverAgentLib-project-headers.hmap -I/Users/oikhlas/Library/Developer/Xcode/DerivedData/WebDriverAgent-bcmeffsllcldukgyoimwiehwhvyz/Build/Products/Debug-iphonesimulator/include -I/Applications/Xcode.app/Contents/Developer/Platforms/iPhoneSimulator.platform/Developer/SDKs/iPhoneSimulator16.0.sdk/usr/include/libxml2 -I/Users/oikhlas/.appium/node_modules/appium-xcuitest-driver/node_modules/appium-webdriveragent/Modules -I/Users/oikhlas/Library/Developer/Xcode/DerivedData/WebDriverAgent-bcmeffsllcldukgyoimwiehwhvyz/Build/Intermediates.noindex/WebDriverAgent.build/Debug-iphonesimulator/WebDriverAgentLib.build/DerivedSources-normal/x86_64 -I/Users/oikhlas/Library/Developer/Xcode/DerivedData/WebDriverAgent-bcmeffsllcldukgyoimwiehwhvyz/Build/Intermediates.noindex/WebDriverAgent.build/Debug-iphonesimulator/WebDriverAgentLib.build/DerivedSources/x86_64 -I/Users/oikhlas/Library/Developer/Xcode/DerivedData/WebDriverAgent-bcmeffsllcldukgyoimwiehwhvyz/Build/Intermediates.noindex/WebDriverAgent.build/Debug-iphonesimulator/WebDriverAgentLib.build/DerivedSources -Weverything -Wno-objc-missing-property-synthesis -Wno-unused-macros -Wno-disabled-macro-expansion -Wno-gnu-statement-expression -Wno-language-extension-token -Wno-overriding-method-mismatch -Wno-missing-variable-declarations -Rno-module-build -Wno-auto-import -Wno-objc-interface-ivars -Wno-documentation-unknown-command -Wno-reserved-id-macro -Wno-unused-parameter -Wno-gnu-conditional-omitted-operand -Wno-explicit-ownership-type -Wno-date-time -Wno-cast-align -Wno-cstring-format-directive -Wno-double-promotion -Wno-partial-availability -Weverything -Wno-objc-missing-property-synthesis -Wno-unused-macros -Wno-disabled-macro-expansion -Wno-gnu-statement-expression -Wno-language-extension-token -Wno-overriding-method-mismatch -Wno-missing-variable-declarations -Rno-module-build -Wno-auto-import -Wno-objc-interface-ivars -Wno-documentation-unknown-command -Wno-reserved-id-macro -Wno-unused-parameter -Wno-gnu-conditional-omitted-operand -Wno-explicit-ownership-type -Wno-date-time -Wno-cast-align -Wno-cstring-format-directive -Wno-double-promotion -Wno-partial-availability -Wno-objc-messaging-id -Wno-direct-ivar-access -Wno-cast-qual -Wno-declaration-after-statement -F/Users/oikhlas/Library/Developer/Xcode/DerivedData/WebDriverAgent-bcmeffsllcldukgyoimwiehwhvyz/Build/Products/Debug-iphonesimulator -F/Applications/Xcode.app/Contents/Developer/Platforms/iPhoneSimulator.platform/Developer/Library/Frameworks -F/Applications/Xcode.app/Contents/Developer/Platforms/iPhoneSimulator.platform/Developer/Library/PrivateFrameworks -iframework /Applications/Xcode.app/Contents/Developer/Platforms/iPhoneSimulator.platform/Developer/SDKs/iPhoneSimulator16.0.sdk/Developer/Library/Frameworks -MMD -MT dependencies -MF /Users/oikhlas/Library/Developer/Xcode/DerivedData/WebDriverAgent-bcmeffsllcldukgyoimwiehwhvyz/Build/Intermediates.noindex/WebDriverAgent.build/Debug-iphonesimulator/WebDriverAgentLib.build/StaticAnalyzer/WebDriverAgent/WebDriverAgentLib/normal/x86_64/FBXCElementSnapshot.d --analyze /Users/oikhlas/.appium/node_modules/appium-xcuitest-driver/node_modules/appium-webdriveragent/WebDriverAgentLib/Routing/FBXCElementSnapshot.m -o /Users/oikhlas/Library/Developer/Xcode/DerivedData/WebDriverAgent-bcmeffsllcldukgyoimwiehwhvyz/Build/Intermediates.noindex/WebDriverAgent.build/Debug-iphonesimulator/WebDriverAgentLib.build/StaticAnalyzer/WebDriverAgent/WebDriverAgentLib/normal/x86_64/FBXCElementSnapshot.plist
&amp#27;[38;5;173m[Xcode]&amp#27;[0m 
&amp#27;[38;5;173m[Xcode]&amp#27;[0m 
&amp#27;[38;5;173m[Xcode]&amp#27;[0m Analyze /Users/oikhlas/.appium/node_modules/appium-xcuitest-driver/node_modules/appium-webdriveragent/WebDriverAgentLib/Routing/FBXCDeviceEvent.m normal x86_64 (in target 'WebDriverAgentLib' from project 'WebDriverAgent')
&amp#27;[38;5;173m[Xcode]&amp#27;[0m     cd /Users/oikhlas/.appium/node_modules/appium-xcuitest-driver/node_modules/appium-webdriveragent
&amp#27;[38;5;173m[Xcode]&amp#27;[0m     /Applications/Xcode.app/Contents/Developer/Toolchains/XcodeDefault.xctoolchain/usr/bin/clang -x objective-c -target x86_64-apple-ios16.0-simulator -fmessage-length\=0 -fdiagnostics-show-note-include-stack -fmacro-backtrace-limit\=0 -std\=gnu99 -fobjc-arc -fmodules -gmodules -fmodules-cache-path\=/Users/oikhlas/Library/Developer/Xcode/DerivedData/ModuleCache.noindex -fmodules-prune-interval\=86400 -fmodules-prune-after\=345600 -fbuild-session-file\=/Users/oikhlas/Library/Developer/Xcode/DerivedData/ModuleCache.noindex/Session.modulevalidation -fmodules-validate-once-per-build-session -Wno-trigraphs -fpascal-strings -O0 -fno-common -Wmissing-field-initializers -Wno-missing-prototypes -Werror\=return-type -Wunreachable-code -Wquoted-include-in-framework-header -Wno-implicit-atomic-properties -Werror\=deprecated-objc-isa-usage -Wno-objc-interface-ivars -Werror\=objc-root-class -Warc-repeated-use-of-weak -Wno-arc-maybe-repeated-use-of-weak -Wimplicit-retain-self -Wduplicate-method-match -Wno-missing-braces -Wparentheses -Wswitch -Wunused-function -Wno-unused-label -Wunused-parameter -Wunused-variable -Wunused-value -Wempty-body -Wuninitialized -Wconditional-uninitialized -Wno-unknown-pragmas -pedantic -Wshadow -Wno-four-char-constants -Wconversion -Wconstant-conversion -Wint-conversion -Wbool-conversion -Wenum-conversion -Wfloat-conversion -Wnon-literal-null-conversion -Wobjc-literal-conversion -Wassign-enum -Wsign-compare -Wshorten-64-to-32 -Wpointer-sign -Wno-newline-eof -Wno-selector -Wno-strict-selector-match -Wundeclared-selector -Wdeprecated-implementations -Wno-implicit-fallthrough -DDEBUG\=1 -DOBJC_OLD_DISPATCH_PROTOTYPES\=0 -isysroot /Applications/Xcode.app/Contents/Developer/Platforms/iPhoneSimulator.platform/Developer/SDKs/iPhoneSimulator16.0.sdk -fasm-blocks -fstrict-aliasing -Wprotocol -Wdeprecated-declarations -g -Wno-sign-conversion -Winfinite-recursion -Wcomma -Wblock-capture-autoreleasing -Wstrict-prototypes -Wno-semicolon-before-method-body -fobjc-abi-version\=2 -fobjc-legacy-dispatch -D__clang_analyzer__ -Xclang -analyzer-output\=plist-multi-file -Xclang -analyzer-config -Xclang path-diagnostics-alternate\=true -Xclang -analyzer-config -Xclang report-in-main-source-file\=true -Xclang -analyzer-checker -Xclang optin.osx.cocoa.localizability.NonLocalizedStringChecker -Xclang -analyzer-checker -Xclang security.insecureAPI.UncheckedReturn -Xclang -analyzer-checker -Xclang security.insecureAPI.getpw -Xclang -analyzer-checker -Xclang security.insecureAPI.gets -Xclang -analyzer-checker -Xclang security.insecureAPI.mkstemp -Xclang -analyzer-checker -Xclang security.insecureAPI.mktemp -Xclang -analyzer-disable-checker -Xclang security.insecureAPI.rand -Xclang -analyzer-disable-checker -Xclang security.insecureAPI.strcpy -Xclang -analyzer-checker -Xclang security.insecureAPI.vfork -iquote /Users/oikhlas/Library/Developer/Xcode/DerivedData/WebDriverAgent-bcmeffsllcldukgyoimwiehwhvyz/Build/Intermediates.noindex/WebDriverAgent.build/Debug-iphonesimulator/WebDriverAgentLib.build/WebDriverAgentLib-generated-files.hmap -I/Users/oikhlas/Library/Developer/Xcode/DerivedData/WebDriverAgent-bcmeffsllcldukgyoimwiehwhvyz/Build/Intermediates.noindex/WebDriverAgent.build/Debug-iphonesimulator/WebDriverAgentLib.build/WebDriverAgentLib-own-target-headers.hmap -I/Users/oikhlas/Library/Developer/Xcode/DerivedData/WebDriverAgent-bcmeffsllcldukgyoimwiehwhvyz/Build/Intermediates.noindex/WebDriverAgent.build/Debug-iphonesimulator/WebDriverAgentLib.build/WebDriverAgentLib-all-target-headers.hmap -iquote /Users/oikhlas/Library/Developer/Xcode/DerivedData/WebDriverAgent-bcmeffsllcldukgyoimwiehwhvyz/Build/Intermediates.noindex/WebDriverAgent.build/Debug-iphonesimulator/WebDriverAgentLib.build/WebDriverAgentLib-project-headers.hmap -I/Users/oikhlas/Library/Developer/Xcode/DerivedData/WebDriverAgent-bcmeffsllcldukgyoimwiehwhvyz/Build/Products/Debug-iphonesimulator/include -I/Applications/Xcode.app/Contents/Developer/Platforms/iPhoneSimulator.platform/Developer/SDKs/iPhoneSimulator16.0.sdk/usr/include/libxml2 -I/Users/oikhlas/.appium/node_modules/appium-xcuitest-driver/node_modules/appium-webdriveragent/Modules -I/Users/oikhlas/Library/Developer/Xcode/DerivedData/WebDriverAgent-bcmeffsllcldukgyoimwiehwhvyz/Build/Intermediates.noindex/WebDriverAgent.build/Debug-iphonesimulator/WebDriverAgentLib.build/DerivedSources-normal/x86_64 -I/Users/oikhlas/Library/Developer/Xcode/DerivedData/WebDriverAgent-bcmeffsllcldukgyoimwiehwhvyz/Build/Intermediates.noindex/WebDriverAgent.build/Debug-iphonesimulator/WebDriverAgentLib.build/DerivedSources/x86_64 -I/Users/oikhlas/Library/Developer/Xcode/DerivedData/WebDriverAgent-bcmeffsllcldukgyoimwiehwhvyz/Build/Intermediates.noindex/WebDriverAgent.build/Debug-iphonesimulator/WebDriverAgentLib.build/DerivedSources -Weverything -Wno-objc-missing-property-synthesis -Wno-unused-macros -Wno-disabled-macro-expansion -Wno-gnu-statement-expression -Wno-language-extension-token -Wno-overriding-method-mismatch -Wno-missing-variable-declarations -Rno-module-build -Wno-auto-import -Wno-objc-interface-ivars -Wno-documentation-unknown-command -Wno-reserved-id-macro -Wno-unused-parameter -Wno-gnu-conditional-omitted-operand -Wno-explicit-ownership-type -Wno-date-time -Wno-cast-align -Wno-cstring-format-directive -Wno-double-promotion -Wno-partial-availability -Weverything -Wno-objc-missing-property-synthesis -Wno-unused-macros -Wno-disabled-macro-expansion -Wno-gnu-statement-expression -Wno-language-extension-token -Wno-overriding-method-mismatch -Wno-missing-variable-declarations -Rno-module-build -Wno-auto-import -Wno-objc-interface-ivars -Wno-documentation-unknown-command -Wno-reserved-id-macro -Wno-unused-parameter -Wno-gnu-conditional-omitted-operand -Wno-explicit-ownership-type -Wno-date-time -Wno-cast-align -Wno-cstring-format-directive -Wno-double-promotion -Wno-partial-availability -Wno-objc-messaging-id -Wno-direct-ivar-access -Wno-cast-qual -Wno-declaration-after-statement -F/Users/oikhlas/Library/Developer/Xcode/DerivedData/WebDriverAgent-bcmeffsllcldukgyoimwiehwhvyz/Build/Products/Debug-iphonesimulator -F/Applications/Xcode.app/Contents/Developer/Platforms/iPhoneSimulator.platform/Developer/Library/Frameworks -F/Applications/Xcode.app/Contents/Developer/Platforms/iPhoneSimulator.platform/Developer/Library/PrivateFrameworks -iframework /Applications/Xcode.app/Contents/Developer/Platforms/iPhoneSimulator.platform/Developer/SDKs/iPhoneSimulator16.0.sdk/Developer/Library/Frameworks -MMD -MT dependencies -MF /Users/oikhlas/Library/Developer/Xcode/DerivedData/WebDriverAgent-bcmeffsllcldukgyoimwiehwhvyz/Build/Intermediates.noindex/WebDriverAgent.build/Debug-iphonesimulator/WebDriverAgentLib.build/StaticAnalyzer/WebDriverAgent/WebDriverAgentLib/normal/x86_64/FBXCDeviceEvent.d --analyze /Users/oikhlas/.appium/node_modules/appium-xcuitest-driver/node_modules/appium-webdriveragent/WebDriverAgentLib/Routing/FBXCDeviceEvent.m -o /Users/oikhlas/Library/Developer/Xcode/DerivedData/WebDriverAgent-bcmeffsllcldukgyoimwiehwhvyz/Build/Intermediates.noindex/WebDriverAgent.build/Debug-iphonesimulator/WebDriverAgentLib.build/StaticAnalyzer/WebDriverAgent/WebDriverAgentLib/normal/x86_64/FBXCDeviceEvent.plist
&amp#27;[38;5;173m[Xcode]&amp#27;[0m 
&amp#27;[38;5;173m[Xcode]&amp#27;[0m 
&amp#27;[38;5;173m[Xcode]&amp#27;[0m Analyze /Users/oikhlas/.appium/node_modules/appium-xcuitest-driver/node_modules/appium-webdriveragent/WebDriverAgentLib/Routing/FBXCAccessibilityElement.m normal x86_64 (in target 'WebDriverAgentLib' from project 'WebDriverAgent')
&amp#27;[38;5;173m[Xcode]&amp#27;[0m     cd /Users/oikhlas/.appium/node_modules/appium-xcuitest-driver/node_modules/appium-webdriveragent
&amp#27;[38;5;173m[Xcode]&amp#27;[0m     /Applications/Xcode.app/Contents/Developer/Toolchains/XcodeDefault.xctoolchain/usr/bin/clang -x objective-c -target x86_64-apple-ios16.0-simulator -fmessage-length\=0 -fdiagnostics-show-note-include-stack -fmacro-backtrace-limit\=0 -std\=gnu99 -fobjc-arc -fmodules -gmodules -fmodules-cache-path\=/Users/oikhlas/Library/Developer/Xcode/DerivedData/ModuleCache.noindex -fmodules-prune-interval\=86400 -fmodules-prune-after\=345600 -fbuild-session-file\=/Users/oikhlas/Library/Developer/Xcode/DerivedData/ModuleCache.noindex/Session.modulevalidation -fmodules-validate-once-per-build-session -Wno-trigraphs -fpascal-strings -O0 -fno-common -Wmissing-field-initializers -Wno-missing-prototypes -Werror\=return-type -Wunreachable-code -Wquoted-include-in-framework-header -Wno-implicit-atomic-properties -Werror\=deprecated-objc-isa-usage -Wno-objc-interface-ivars -Werror\=objc-root-class -Warc-repeated-use-of-weak -Wno-arc-maybe-repeated-use-of-weak -Wimplicit-retain-self -Wduplicate-method-match -Wno-missing-braces -Wparentheses -Wswitch -Wunused-function -Wno-unused-label -Wunused-parameter -Wunused-variable -Wunused-value -Wempty-body -Wuninitialized -Wconditional-uninitialized -Wno-unknown-pragmas -pedantic -Wshadow -Wno-four-char-constants -Wconversion -Wconstant-conversion -Wint-conversion -Wbool-conversion -Wenum-conversion -Wfloat-conversion -Wnon-literal-null-conversion -Wobjc-literal-conversion -Wassign-enum -Wsign-compare -Wshorten-64-to-32 -Wpointer-sign -Wno-newline-eof -Wno-selector -Wno-strict-selector-match -Wundeclared-selector -Wdeprecated-implementations -Wno-implicit-fallthrough -DDEBUG\=1 -DOBJC_OLD_DISPATCH_PROTOTYPES\=0 -isysroot /Applications/Xcode.app/Contents/Developer/Platforms/iPhoneSimulator.platform/Developer/SDKs/iPhoneSimulator16.0.sdk -fasm-blocks -fstrict-aliasing -Wprotocol -Wdeprecated-declarations -g -Wno-sign-conversion -Winfinite-recursion -Wcomma -Wblock-capture-autoreleasing -Wstrict-prototypes -Wno-semicolon-before-method-body -fobjc-abi-version\=2 -fobjc-legacy-dispatch -D__clang_analyzer__ -Xclang -analyzer-output\=plist-multi-file -Xclang -analyzer-config -Xclang path-diagnostics-alternate\=true -Xclang -analyzer-config -Xclang report-in-main-source-file\=true -Xclang -analyzer-checker -Xclang optin.osx.cocoa.localizability.NonLocalizedStringChecker -Xclang -analyzer-checker -Xclang security.insecureAPI.UncheckedReturn -Xclang -analyzer-checker -Xclang security.insecureAPI.getpw -Xclang -analyzer-checker -Xclang security.insecureAPI.gets -Xclang -analyzer-checker -Xclang security.insecureAPI.mkstemp -Xclang -analyzer-checker -Xclang security.insecureAPI.mktemp -Xclang -analyzer-disable-checker -Xclang security.insecureAPI.rand -Xclang -analyzer-disable-checker -Xclang security.insecureAPI.strcpy -Xclang -analyzer-checker -Xclang security.insecureAPI.vfork -iquote /Users/oikhlas/Library/Developer/Xcode/DerivedData/WebDriverAgent-bcmeffsllcldukgyoimwiehwhvyz/Build/Intermediates.noindex/WebDriverAgent.build/Debug-iphonesimulator/WebDriverAgentLib.build/WebDriverAgentLib-generated-files.hmap -I/Users/oikhlas/Library/Developer/Xcode/DerivedData/WebDriverAgent-bcmeffsllcldukgyoimwiehwhvyz/Build/Intermediates.noindex/WebDriverAgent.build/Debug-iphonesimulator/WebDriverAgentLib.build/WebDriverAgentLib-own-target-headers.hmap -I/Users/oikhlas/Library/Developer/Xcode/DerivedData/WebDriverAgent-bcmeffsllcldukgyoimwiehwhvyz/Build/Intermediates.noindex/WebDriverAgent.build/Debug-iphonesimulator/WebDriverAgentLib.build/WebDriverAgentLib-all-target-headers.hmap -iquote /Users/oikhlas/Library/Developer/Xcode/DerivedData/WebDriverAgent-bcmeffsllcldukgyoimwiehwhvyz/Build/Intermediates.noindex/WebDriverAgent.build/Debug-iphonesimulator/WebDriverAgentLib.build/WebDriverAgentLib-project-headers.hmap -I/Users/oikhlas/Library/Developer/Xcode/DerivedData/WebDriverAgent-bcmeffsllcldukgyoimwiehwhvyz/Build/Products/Debug-iphonesimulator/include -I/Applications/Xcode.app/Contents/Developer/Platforms/iPhoneSimulator.platform/Developer/SDKs/iPhoneSimulator16.0.sdk/usr/include/libxml2 -I/Users/oikhlas/.appium/node_modules/appium-xcuitest-driver/node_modules/appium-webdriveragent/Modules -I/Users/oikhlas/Library/Developer/Xcode/DerivedData/WebDriverAgent-bcmeffsllcldukgyoimwiehwhvyz/Build/Intermediates.noindex/WebDriverAgent.build/Debug-iphonesimulator/WebDriverAgentLib.build/DerivedSources-normal/x86_64 -I/Users/oikhlas/Library/Developer/Xcode/DerivedData/WebDriverAgent-bcmeffsllcldukgyoimwiehwhvyz/Build/Intermediates.noindex/WebDriverAgent.build/Debug-iphonesimulator/WebDriverAgentLib.build/DerivedSources/x86_64 -I/Users/oikhlas/Library/Developer/Xcode/DerivedData/WebDriverAgent-bcmeffsllcldukgyoimwiehwhvyz/Build/Intermediates.noindex/WebDriverAgent.build/Debug-iphonesimulator/WebDriverAgentLib.build/DerivedSources -Weverything -Wno-objc-missing-property-synthesis -Wno-unused-macros -Wno-disabled-macro-expansion -Wno-gnu-statement-expression -Wno-language-extension-token -Wno-overriding-method-mismatch -Wno-missing-variable-declarations -Rno-module-build -Wno-auto-import -Wno-objc-interface-ivars -Wno-documentation-unknown-command -Wno-reserved-id-macro -Wno-unused-parameter -Wno-gnu-conditional-omitted-operand -Wno-explicit-ownership-type -Wno-date-time -Wno-cast-align -Wno-cstring-format-directive -Wno-double-promotion -Wno-partial-availability -Weverything -Wno-objc-missing-property-synthesis -Wno-unused-macros -Wno-disabled-macro-expansion -Wno-gnu-statement-expression -Wno-language-extension-token -Wno-overriding-method-mismatch -Wno-missing-variable-declarations -Rno-module-build -Wno-auto-import -Wno-objc-interface-ivars -Wno-documentation-unknown-command -Wno-reserved-id-macro -Wno-unused-parameter -Wno-gnu-conditional-omitted-operand -Wno-explicit-ownership-type -Wno-date-time -Wno-cast-align -Wno-cstring-format-directive -Wno-double-promotion -Wno-partial-availability -Wno-objc-messaging-id -Wno-direct-ivar-access -Wno-cast-qual -Wno-declaration-after-statement -F/Users/oikhlas/Library/Developer/Xcode/DerivedData/WebDriverAgent-bcmeffsllcldukgyoimwiehwhvyz/Build/Products/Debug-iphonesimulator -F/Applications/Xcode.app/Contents/Developer/Platforms/iPhoneSimulator.platform/Developer/Library/Frameworks -F/Applications/Xcode.app/Contents/Developer/Platforms/iPhoneSimulator.platform/Developer/Library/PrivateFrameworks -iframework /Applications/Xcode.app/Contents/Developer/Platforms/iPhoneSimulator.platform/Developer/SDKs/iPhoneSimulator16.0.sdk/Developer/Library/Frameworks -MMD -MT dependencies -MF /Users/oikhlas/Library/Developer/Xcode/DerivedData/WebDriverAgent-bcmeffsllcldukgyoimwiehwhvyz/Build/Intermediates.noindex/WebDriverAgent.build/Debug-iphonesimulator/WebDriverAgentLib.build/StaticAnalyzer/WebDriverAgent/WebDriverAgentLib/normal/x86_64/FBXCAccessibilityElement.d --analyze /Users/oikhlas/.appium/node_modules/appium-xcuitest-driver/node_modules/appium-webdriveragent/WebDriverAgentLib/Routing/FBXCAccessibilityElement.m -o /Users/oikhlas/Library/Developer/Xcode/DerivedData/WebDriverAgent-bcmeffsllcldukgyoimwiehwhvyz/Build/Intermediates.noindex/WebDriverAgent.build/Debug-iphonesimulator/WebDriverAgentLib.build/StaticAnalyzer/WebDriverAgent/WebDriverAgentLib/normal/x86_64/FBXCAccessibilityElement.plist
&amp#27;[38;5;173m[Xcode]&amp#27;[0m 
&amp#27;[38;5;173m[Xcode]&amp#27;[0m 
&amp#27;[38;5;173m[Xcode]&amp#27;[0m Analyze /Users/oikhlas/.appium/node_modules/appium-xcuitest-driver/node_modules/appium-webdriveragent/WebDriverAgentLib/Routing/FBWebServer.m normal x86_64 (in target 'WebDriverAgentLib' from project 'WebDriverAgent')
&amp#27;[38;5;173m[Xcode]&amp#27;[0m     cd /Users/oikhlas/.appium/node_modules/appium-xcuitest-driver/node_modules/appium-webdriveragent
&amp#27;[38;5;173m[Xcode]&amp#27;[0m     /Applications/Xcode.app/Contents/Developer/Toolchains/XcodeDefault.xctoolchain/usr/bin/clang -x objective-c -target x86_64-apple-ios16.0-simulator -fmessage-length\=0 -fdiagnostics-show-note-include-stack -fmacro-backtrace-limit\=0 -std\=gnu99 -fobjc-arc -fmodules -gmodules -fmodules-cache-path\=/Users/oikhlas/Library/Developer/Xcode/DerivedData/ModuleCache.noindex -fmodules-prune-interval\=86400 -fmodules-prune-after\=345600 -fbuild-session-file\=/Users/oikhlas/Library/Developer/Xcode/DerivedData/ModuleCache.noindex/Session.modulevalidation -fmodules-validate-once-per-build-session -Wno-trigraphs -fpascal-strings -O0 -fno-common -Wmissing-field-initializers -Wno-missing-prototypes -Werror\=return-type -Wunreachable-code -Wquoted-include-in-framework-header -Wno-implicit-atomic-properties -Werror\=deprecated-objc-isa-usage -Wno-objc-interface-ivars -Werror\=objc-root-class -Warc-repeated-use-of-weak -Wno-arc-maybe-repeated-use-of-weak -Wimplicit-retain-self -Wduplicate-method-match -Wno-missing-braces -Wparentheses -Wswitch -Wunused-function -Wno-unused-label -Wunused-parameter -Wunused-variable -Wunused-value -Wempty-body -Wuninitialized -Wconditional-uninitialized -Wno-unknown-pragmas -pedantic -Wshadow -Wno-four-char-constants -Wconversion -Wconstant-conversion -Wint-conversion -Wbool-conversion -Wenum-conversion -Wfloat-conversion -Wnon-literal-null-conversion -Wobjc-literal-conversion -Wassign-enum -Wsign-compare -Wshorten-64-to-32 -Wpointer-sign -Wno-newline-eof -Wno-selector -Wno-strict-selector-match -Wundeclared-selector -Wdeprecated-implementations -Wno-implicit-fallthrough -DDEBUG\=1 -DOBJC_OLD_DISPATCH_PROTOTYPES\=0 -isysroot /Applications/Xcode.app/Contents/Developer/Platforms/iPhoneSimulator.platform/Developer/SDKs/iPhoneSimulator16.0.sdk -fasm-blocks -fstrict-aliasing -Wprotocol -Wdeprecated-declarations -g -Wno-sign-conversion -Winfinite-recursion -Wcomma -Wblock-capture-autoreleasing -Wstrict-prototypes -Wno-semicolon-before-method-body -fobjc-abi-version\=2 -fobjc-legacy-dispatch -D__clang_analyzer__ -Xclang -analyzer-output\=plist-multi-file -Xclang -analyzer-config -Xclang path-diagnostics-alternate\=true -Xclang -analyzer-config -Xclang report-in-main-source-file\=true -Xclang -analyzer-checker -Xclang optin.osx.cocoa.localizability.NonLocalizedStringChecker -Xclang -analyzer-checker -Xclang security.insecureAPI.UncheckedReturn -Xclang -analyzer-checker -Xclang security.insecureAPI.getpw -Xclang -analyzer-checker -Xclang security.insecureAPI.gets -Xclang -analyzer-checker -Xclang security.insecureAPI.mkstemp -Xclang -analyzer-checker -Xclang security.insecureAPI.mktemp -Xclang -analyzer-disable-checker -Xclang security.insecureAPI.rand -Xclang -analyzer-disable-checker -Xclang security.insecureAPI.strcpy -Xclang -analyzer-checker -Xclang security.insecureAPI.vfork -iquote /Users/oikhlas/Library/Developer/Xcode/DerivedData/WebDriverAgent-bcmeffsllcldukgyoimwiehwhvyz/Build/Intermediates.noindex/WebDriverAgent.build/Debug-iphonesimulator/WebDriverAgentLib.build/WebDriverAgentLib-generated-files.hmap -I/Users/oikhlas/Library/Developer/Xcode/DerivedData/WebDriverAgent-bcmeffsllcldukgyoimwiehwhvyz/Build/Intermediates.noindex/WebDriverAgent.build/Debug-iphonesimulator/WebDriverAgentLib.build/WebDriverAgentLib-own-target-headers.hmap -I/Users/oikhlas/Library/Developer/Xcode/DerivedData/WebDriverAgent-bcmeffsllcldukgyoimwiehwhvyz/Build/Intermediates.noindex/WebDriverAgent.build/Debug-iphonesimulator/WebDriverAgentLib.build/WebDriverAgentLib-all-target-headers.hmap -iquote /Users/oikhlas/Library/Developer/Xcode/DerivedData/WebDriverAgent-bcmeffsllcldukgyoimwiehwhvyz/Build/Intermediates.noindex/WebDriverAgent.build/Debug-iphonesimulator/WebDriverAgentLib.build/WebDriverAgentLib-project-headers.hmap -I/Users/oikhlas/Library/Developer/Xcode/DerivedData/WebDriverAgent-bcmeffsllcldukgyoimwiehwhvyz/Build/Products/Debug-iphonesimulator/include -I/Applications/Xcode.app/Contents/Developer/Platforms/iPhoneSimulator.platform/Developer/SDKs/iPhoneSimulator16.0.sdk/usr/include/libxml2 -I/Users/oikhlas/.appium/node_modules/appium-xcuitest-driver/node_modules/appium-webdriveragent/Modules -I/Users/oikhlas/Library/Developer/Xcode/DerivedData/WebDriverAgent-bcmeffsllcldukgyoimwiehwhvyz/Build/Intermediates.noindex/WebDriverAgent.build/Debug-iphonesimulator/WebDriverAgentLib.build/DerivedSources-normal/x86_64 -I/Users/oikhlas/Library/Developer/Xcode/DerivedData/WebDriverAgent-bcmeffsllcldukgyoimwiehwhvyz/Build/Intermediates.noindex/WebDriverAgent.build/Debug-iphonesimulator/WebDriverAgentLib.build/DerivedSources/x86_64 -I/Users/oikhlas/Library/Developer/Xcode/DerivedData/WebDriverAgent-bcmeffsllcldukgyoimwiehwhvyz/Build/Intermediates.noindex/WebDriverAgent.build/Debug-iphonesimulator/WebDriverAgentLib.build/DerivedSources -Weverything -Wno-objc-missing-property-synthesis -Wno-unused-macros -Wno-disabled-macro-expansion -Wno-gnu-statement-expression -Wno-language-extension-token -Wno-overriding-method-mismatch -Wno-missing-variable-declarations -Rno-module-build -Wno-auto-import -Wno-objc-interface-ivars -Wno-documentation-unknown-command -Wno-reserved-id-macro -Wno-unused-parameter -Wno-gnu-conditional-omitted-operand -Wno-explicit-ownership-type -Wno-date-time -Wno-cast-align -Wno-cstring-format-directive -Wno-double-promotion -Wno-partial-availability -Weverything -Wno-objc-missing-property-synthesis -Wno-unused-macros -Wno-disabled-macro-expansion -Wno-gnu-statement-expression -Wno-language-extension-token -Wno-overriding-method-mismatch -Wno-missing-variable-declarations -Rno-module-build -Wno-auto-import -Wno-objc-interface-ivars -Wno-documentation-unknown-command -Wno-reserved-id-macro -Wno-unused-parameter -Wno-gnu-conditional-omitted-operand -Wno-explicit-ownership-type -Wno-date-time -Wno-cast-align -Wno-cstring-format-directive -Wno-double-promotion -Wno-partial-availability -Wno-objc-messaging-id -Wno-direct-ivar-access -Wno-cast-qual -Wno-declaration-after-statement -F/Users/oikhlas/Library/Developer/Xcode/DerivedData/WebDriverAgent-bcmeffsllcldukgyoimwiehwhvyz/Build/Products/Debug-iphonesimulator -F/Applications/Xcode.app/Contents/Developer/Platforms/iPhoneSimulator.platform/Developer/Library/Frameworks -F/Applications/Xcode.app/Contents/Developer/Platforms/iPhoneSimulator.platform/Developer/Library/PrivateFrameworks -iframework /Applications/Xcode.app/Contents/Developer/Platforms/iPhoneSimulator.platform/Developer/SDKs/iPhoneSimulator16.0.sdk/Developer/Library/Frameworks -MMD -MT dependencies -MF /Users/oikhlas/Library/Developer/Xcode/DerivedData/WebDriverAgent-bcmeffsllcldukgyoimwiehwhvyz/Build/Intermediates.noindex/WebDriverAgent.build/Debug-iphonesimulator/WebDriverAgentLib.build/StaticAnalyzer/WebDriverAgent/WebDriverAgentLib/normal/x86_64/FBWebServer.d --analyze /Users/oikhlas/.appium/node_modules/appium-xcuitest-driver/node_modules/appium-webdriveragent/WebDriverAgentLib/Routing/FBWebServer.m -o /Users/oikhlas/Library/Developer/Xcode/DerivedData/WebDriverAgent-bcmeffsllcldukgyoimwiehwhvyz/Build/Intermediates.noindex/WebDriverAgent.build/Debug-iphonesimulator/WebDriverAgentLib.build/StaticAnalyzer/WebDriverAgent/WebDriverAgentLib/normal/x86_64/FBWebServer.plist
&amp#27;[38;5;173m[Xcode]&amp#27;[0m 
&amp#27;[38;5;173m[Xcode]&amp#27;[0m 
&amp#27;[38;5;173m[Xcode]&amp#27;[0m Analyze /Users/oikhlas/.appium/node_modules/appium-xcuitest-driver/node_modules/appium-webdriveragent/WebDriverAgentLib/Routing/FBTCPSocket.m normal x86_64 (in target 'WebDriverAgentLib' from project 'WebDriverAgent')
&amp#27;[38;5;173m[Xcode]&amp#27;[0m     cd /Users/oikhlas/.appium/node_modules/appium-xcuitest-driver/node_modules/appium-webdriveragent
&amp#27;[38;5;173m[Xcode]&amp#27;[0m     /Applications/Xcode.app/Contents/Developer/Toolchains/XcodeDefault.xctoolchain/usr/bin/clang -x objective-c -target x86_64-apple-ios16.0-simulator -fmessage-length\=0 -fdiagnostics-show-note-include-stack -fmacro-backtrace-limit\=0 -std\=gnu99 -fobjc-arc -fmodules -gmodules -fmodules-cache-path\=/Users/oikhlas/Library/Developer/Xcode/DerivedData/ModuleCache.noindex -fmodules-prune-interval\=86400 -fmodules-prune-after\=345600 -fbuild-session-file\=/Users/oikhlas/Library/Developer/Xcode/DerivedData/ModuleCache.noindex/Session.modulevalidation -fmodules-validate-once-per-build-session -Wno-trigraphs -fpascal-strings -O0 -fno-common -Wmissing-field-initializers -Wno-missing-prototypes -Werror\=return-type -Wunreachable-code -Wquoted-include-in-framework-header -Wno-implicit-atomic-properties -Werror\=deprecated-objc-isa-usage -Wno-objc-interface-ivars -Werror\=objc-root-class -Warc-repeated-use-of-weak -Wno-arc-maybe-repeated-use-of-weak -Wimplicit-retain-self -Wduplicate-method-match -Wno-missing-braces -Wparentheses -Wswitch -Wunused-function -Wno-unused-label -Wunused-parameter -Wunused-variable -Wunused-value -Wempty-body -Wuninitialized -Wconditional-uninitialized -Wno-unknown-pragmas -pedantic -Wshadow -Wno-four-char-constants -Wconversion -Wconstant-conversion -Wint-conversion -Wbool-conversion -Wenum-conversion -Wfloat-conversion -Wnon-literal-null-conversion -Wobjc-literal-conversion -Wassign-enum -Wsign-compare -Wshorten-64-to-32 -Wpointer-sign -Wno-newline-eof -Wno-selector -Wno-strict-selector-match -Wundeclared-selector -Wdeprecated-implementations -Wno-implicit-fallthrough -DDEBUG\=1 -DOBJC_OLD_DISPATCH_PROTOTYPES\=0 -isysroot /Applications/Xcode.app/Contents/Developer/Platforms/iPhoneSimulator.platform/Developer/SDKs/iPhoneSimulator16.0.sdk -fasm-blocks -fstrict-aliasing -Wprotocol -Wdeprecated-declarations -g -Wno-sign-conversion -Winfinite-recursion -Wcomma -Wblock-capture-autoreleasing -Wstrict-prototypes -Wno-semicolon-before-method-body -fobjc-abi-version\=2 -fobjc-legacy-dispatch -D__clang_analyzer__ -Xclang -analyzer-output\=plist-multi-file -Xclang -analyzer-config -Xclang path-diagnostics-alternate\=true -Xclang -analyzer-config -Xclang report-in-main-source-file\=true -Xclang -analyzer-checker -Xclang optin.osx.cocoa.localizability.NonLocalizedStringChecker -Xclang -analyzer-checker -Xclang security.insecureAPI.UncheckedReturn -Xclang -analyzer-checker -Xclang security.insecureAPI.getpw -Xclang -analyzer-checker -Xclang security.insecureAPI.gets -Xclang -analyzer-checker -Xclang security.insecureAPI.mkstemp -Xclang -analyzer-checker -Xclang security.insecureAPI.mktemp -Xclang -analyzer-disable-checker -Xclang security.insecureAPI.rand -Xclang -analyzer-disable-checker -Xclang security.insecureAPI.strcpy -Xclang -analyzer-checker -Xclang security.insecureAPI.vfork -iquote /Users/oikhlas/Library/Developer/Xcode/DerivedData/WebDriverAgent-bcmeffsllcldukgyoimwiehwhvyz/Build/Intermediates.noindex/WebDriverAgent.build/Debug-iphonesimulator/WebDriverAgentLib.build/WebDriverAgentLib-generated-files.hmap -I/Users/oikhlas/Library/Developer/Xcode/DerivedData/WebDriverAgent-bcmeffsllcldukgyoimwiehwhvyz/Build/Intermediates.noindex/WebDriverAgent.build/Debug-iphonesimulator/WebDriverAgentLib.build/WebDriverAgentLib-own-target-headers.hmap -I/Users/oikhlas/Library/Developer/Xcode/DerivedData/WebDriverAgent-bcmeffsllcldukgyoimwiehwhvyz/Build/Intermediates.noindex/WebDriverAgent.build/Debug-iphonesimulator/WebDriverAgentLib.build/WebDriverAgentLib-all-target-headers.hmap -iquote /Users/oikhlas/Library/Developer/Xcode/DerivedData/WebDriverAgent-bcmeffsllcldukgyoimwiehwhvyz/Build/Intermediates.noindex/WebDriverAgent.build/Debug-iphonesimulator/WebDriverAgentLib.build/WebDriverAgentLib-project-headers.hmap -I/Users/oikhlas/Library/Developer/Xcode/DerivedData/WebDriverAgent-bcmeffsllcldukgyoimwiehwhvyz/Build/Products/Debug-iphonesimulator/include -I/Applications/Xcode.app/Contents/Developer/Platforms/iPhoneSimulator.platform/Developer/SDKs/iPhoneSimulator16.0.sdk/usr/include/libxml2 -I/Users/oikhlas/.appium/node_modules/appium-xcuitest-driver/node_modules/appium-webdriveragent/Modules -I/Users/oikhlas/Library/Developer/Xcode/DerivedData/WebDriverAgent-bcmeffsllcldukgyoimwiehwhvyz/Build/Intermediates.noindex/WebDriverAgent.build/Debug-iphonesimulator/WebDriverAgentLib.build/DerivedSources-normal/x86_64 -I/Users/oikhlas/Library/Developer/Xcode/DerivedData/WebDriverAgent-bcmeffsllcldukgyoimwiehwhvyz/Build/Intermediates.noindex/WebDriverAgent.build/Debug-iphonesimulator/WebDriverAgentLib.build/DerivedSources/x86_64 -I/Users/oikhlas/Library/Developer/Xcode/DerivedData/WebDriverAgent-bcmeffsllcldukgyoimwiehwhvyz/Build/Intermediates.noindex/WebDriverAgent.build/Debug-iphonesimulator/WebDriverAgentLib.build/DerivedSources -Weverything -Wno-objc-missing-property-synthesis -Wno-unused-macros -Wno-disabled-macro-expansion -Wno-gnu-statement-expression -Wno-language-extension-token -Wno-overriding-method-mismatch -Wno-missing-variable-declarations -Rno-module-build -Wno-auto-import -Wno-objc-interface-ivars -Wno-documentation-unknown-command -Wno-reserved-id-macro -Wno-unused-parameter -Wno-gnu-conditional-omitted-operand -Wno-explicit-ownership-type -Wno-date-time -Wno-cast-align -Wno-cstring-format-directive -Wno-double-promotion -Wno-partial-availability -Weverything -Wno-objc-missing-property-synthesis -Wno-unused-macros -Wno-disabled-macro-expansion -Wno-gnu-statement-expression -Wno-language-extension-token -Wno-overriding-method-mismatch -Wno-missing-variable-declarations -Rno-module-build -Wno-auto-import -Wno-objc-interface-ivars -Wno-documentation-unknown-command -Wno-reserved-id-macro -Wno-unused-parameter -Wno-gnu-conditional-omitted-operand -Wno-explicit-ownership-type -Wno-date-time -Wno-cast-align -Wno-cstring-format-directive -Wno-double-promotion -Wno-partial-availability -Wno-objc-messaging-id -Wno-direct-ivar-access -Wno-cast-qual -Wno-declaration-after-statement -F/Users/oikhlas/Library/Developer/Xcode/DerivedData/WebDriverAgent-bcmeffsllcldukgyoimwiehwhvyz/Build/Products/Debug-iphonesimulator -F/Applications/Xcode.app/Contents/Developer/Platforms/iPhoneSimulator.platform/Developer/Library/Frameworks -F/Applications/Xcode.app/Contents/Developer/Platforms/iPhoneSimulator.platform/Developer/Library/PrivateFrameworks -iframework /Applications/Xcode.app/Contents/Developer/Platforms/iPhoneSimulator.platform/Developer/SDKs/iPhoneSimulator16.0.sdk/Developer/Library/Frameworks -MMD -MT dependencies -MF /Users/oikhlas/Library/Developer/Xcode/DerivedData/WebDriverAgent-bcmeffsllcldukgyoimwiehwhvyz/Build/Intermediates.noindex/WebDriverAgent.build/Debug-iphonesimulator/WebDriverAgentLib.build/StaticAnalyzer/WebDriverAgent/WebDriverAgentLib/normal/x86_64/FBTCPSocket.d --analyze /Users/oikhlas/.appium/node_modules/appium-xcuitest-driver/node_modules/appium-webdriveragent/WebDriverAgentLib/Routing/FBTCPSocket.m -o /Users/oikhlas/Library/Developer/Xcode/DerivedData/WebDriverAgent-bcmeffsllcldukgyoimwiehwhvyz/Build/Intermediates.noindex/WebDriverAgent.build/Debug-iphonesimulator/WebDriverAgentLib.build/StaticAnalyzer/WebDriverAgent/WebDriverAgentLib/normal/x86_64/FBTCPSocket.plist
&amp#27;[38;5;173m[Xcode]&amp#27;[0m 
&amp#27;[38;5;173m[Xcode]&amp#27;[0m 
&amp#27;[38;5;173m[Xcode]&amp#27;[0m Analyze /Users/oikhlas/.appium/node_modules/appium-xcuitest-driver/node_modules/appium-webdriveragent/WebDriverAgentLib/Routing/FBSession.m normal x86_64 (in target 'WebDriverAgentLib' from project 'WebDriverAgent')
&amp#27;[38;5;173m[Xcode]&amp#27;[0m     cd /Users/oikhlas/.appium/node_modules/appium-xcuitest-driver/node_modules/appium-webdriveragent
&amp#27;[38;5;173m[Xcode]&amp#27;[0m     /Applications/Xcode.app/Contents/Developer/Toolchains/XcodeDefault.xctoolchain/usr/bin/clang -x objective-c -target x86_64-apple-ios16.0-simulator -fmessage-length\=0 -fdiagnostics-show-note-include-stack -fmacro-backtrace-limit\=0 -std\=gnu99 -fobjc-arc -fmodules -gmodules -fmodules-cache-path\=/Users/oikhlas/Library/Developer/Xcode/DerivedData/ModuleCache.noindex -fmodules-prune-interval\=86400 -fmodules-prune-after\=345600 -fbuild-session-file\=/Users/oikhlas/Library/Developer/Xcode/DerivedData/ModuleCache.noindex/Session.modulevalidation -fmodules-validate-once-per-build-session -Wno-trigraphs -fpascal-strings -O0 -fno-common -Wmissing-field-initializers -Wno-missing-prototypes -Werror\=return-type -Wunreachable-code -Wquoted-include-in-framework-header -Wno-implicit-atomic-properties -Werror\=deprecated-objc-isa-usage -Wno-objc-interface-ivars -Werror\=objc-root-class -Warc-repeated-use-of-weak -Wno-arc-maybe-repeated-use-of-weak -Wimplicit-retain-self -Wduplicate-method-match -Wno-missing-braces -Wparentheses -Wswitch -Wunused-function -Wno-unused-label -Wunused-parameter -Wunused-variable -Wunused-value -Wempty-body -Wuninitialized -Wconditional-uninitialized -Wno-unknown-pragmas -pedantic -Wshadow -Wno-four-char-constants -Wconversion -Wconstant-conversion -Wint-conversion -Wbool-conversion -Wenum-conversion -Wfloat-conversion -Wnon-literal-null-conversion -Wobjc-literal-conversion -Wassign-enum -Wsign-compare -Wshorten-64-to-32 -Wpointer-sign -Wno-newline-eof -Wno-selector -Wno-strict-selector-match -Wundeclared-selector -Wdeprecated-implementations -Wno-implicit-fallthrough -DDEBUG\=1 -DOBJC_OLD_DISPATCH_PROTOTYPES\=0 -isysroot /Applications/Xcode.app/Contents/Developer/Platforms/iPhoneSimulator.platform/Developer/SDKs/iPhoneSimulator16.0.sdk -fasm-blocks -fstrict-aliasing -Wprotocol -Wdeprecated-declarations -g -Wno-sign-conversion -Winfinite-recursion -Wcomma -Wblock-capture-autoreleasing -Wstrict-prototypes -Wno-semicolon-before-method-body -fobjc-abi-version\=2 -fobjc-legacy-dispatch -D__clang_analyzer__ -Xclang -analyzer-output\=plist-multi-file -Xclang -analyzer-config -Xclang path-diagnostics-alternate\=true -Xclang -analyzer-config -Xclang report-in-main-source-file\=true -Xclang -analyzer-checker -Xclang optin.osx.cocoa.localizability.NonLocalizedStringChecker -Xclang -analyzer-checker -Xclang security.insecureAPI.UncheckedReturn -Xclang -analyzer-checker -Xclang security.insecureAPI.getpw -Xclang -analyzer-checker -Xclang security.insecureAPI.gets -Xclang -analyzer-checker -Xclang security.insecureAPI.mkstemp -Xclang -analyzer-checker -Xclang security.insecureAPI.mktemp -Xclang -analyzer-disable-checker -Xclang security.insecureAPI.rand -Xclang -analyzer-disable-checker -Xclang security.insecureAPI.strcpy -Xclang -analyzer-checker -Xclang security.insecureAPI.vfork -iquote /Users/oikhlas/Library/Developer/Xcode/DerivedData/WebDriverAgent-bcmeffsllcldukgyoimwiehwhvyz/Build/Intermediates.noindex/WebDriverAgent.build/Debug-iphonesimulator/WebDriverAgentLib.build/WebDriverAgentLib-generated-files.hmap -I/Users/oikhlas/Library/Developer/Xcode/DerivedData/WebDriverAgent-bcmeffsllcldukgyoimwiehwhvyz/Build/Intermediates.noindex/WebDriverAgent.build/Debug-iphonesimulator/WebDriverAgentLib.build/WebDriverAgentLib-own-target-headers.hmap -I/Users/oikhlas/Library/Developer/Xcode/DerivedData/WebDriverAgent-bcmeffsllcldukgyoimwiehwhvyz/Build/Intermediates.noindex/WebDriverAgent.build/Debug-iphonesimulator/WebDriverAgentLib.build/WebDriverAgentLib-all-target-headers.hmap -iquote /Users/oikhlas/Library/Developer/Xcode/DerivedData/WebDriverAgent-bcmeffsllcldukgyoimwiehwhvyz/Build/Intermediates.noindex/WebDriverAgent.build/Debug-iphonesimulator/WebDriverAgentLib.build/WebDriverAgentLib-project-headers.hmap -I/Users/oikhlas/Library/Developer/Xcode/DerivedData/WebDriverAgent-bcmeffsllcldukgyoimwiehwhvyz/Build/Products/Debug-iphonesimulator/include -I/Applications/Xcode.app/Contents/Developer/Platforms/iPhoneSimulator.platform/Developer/SDKs/iPhoneSimulator16.0.sdk/usr/include/libxml2 -I/Users/oikhlas/.appium/node_modules/appium-xcuitest-driver/node_modules/appium-webdriveragent/Modules -I/Users/oikhlas/Library/Developer/Xcode/DerivedData/WebDriverAgent-bcmeffsllcldukgyoimwiehwhvyz/Build/Intermediates.noindex/WebDriverAgent.build/Debug-iphonesimulator/WebDriverAgentLib.build/DerivedSources-normal/x86_64 -I/Users/oikhlas/Library/Developer/Xcode/DerivedData/WebDriverAgent-bcmeffsllcldukgyoimwiehwhvyz/Build/Intermediates.noindex/WebDriverAgent.build/Debug-iphonesimulator/WebDriverAgentLib.build/DerivedSources/x86_64 -I/Users/oikhlas/Library/Developer/Xcode/DerivedData/WebDriverAgent-bcmeffsllcldukgyoimwiehwhvyz/Build/Intermediates.noindex/WebDriverAgent.build/Debug-iphonesimulator/WebDriverAgentLib.build/DerivedSources -Weverything -Wno-objc-missing-property-synthesis -Wno-unused-macros -Wno-disabled-macro-expansion -Wno-gnu-statement-expression -Wno-language-extension-token -Wno-overriding-method-mismatch -Wno-missing-variable-declarations -Rno-module-build -Wno-auto-import -Wno-objc-interface-ivars -Wno-documentation-unknown-command -Wno-reserved-id-macro -Wno-unused-parameter -Wno-gnu-conditional-omitted-operand -Wno-explicit-ownership-type -Wno-date-time -Wno-cast-align -Wno-cstring-format-directive -Wno-double-promotion -Wno-partial-availability -Weverything -Wno-objc-missing-property-synthesis -Wno-unused-macros -Wno-disabled-macro-expansion -Wno-gnu-statement-expression -Wno-language-extension-token -Wno-overriding-method-mismatch -Wno-missing-variable-declarations -Rno-module-build -Wno-auto-import -Wno-objc-interface-ivars -Wno-documentation-unknown-command -Wno-reserved-id-macro -Wno-unused-parameter -Wno-gnu-conditional-omitted-operand -Wno-explicit-ownership-type -Wno-date-time -Wno-cast-align -Wno-cstring-format-directive -Wno-double-promotion -Wno-partial-availability -Wno-objc-messaging-id -Wno-direct-ivar-access -Wno-cast-qual -Wno-declaration-after-statement -F/Users/oikhlas/Library/Developer/Xcode/DerivedData/WebDriverAgent-bcmeffsllcldukgyoimwiehwhvyz/Build/Products/Debug-iphonesimulator -F/Applications/Xcode.app/Contents/Developer/Platforms/iPhoneSimulator.platform/Developer/Library/Frameworks -F/Applications/Xcode.app/Contents/Developer/Platforms/iPhoneSimulator.platform/Developer/Library/PrivateFrameworks -iframework /Applications/Xcode.app/Contents/Developer/Platforms/iPhoneSimulator.platform/Developer/SDKs/iPhoneSimulator16.0.sdk/Developer/Library/Frameworks -MMD -MT dependencies -MF /Users/oikhlas/Library/Developer/Xcode/DerivedData/WebDriverAgent-bcmeffsllcldukgyoimwiehwhvyz/Build/Intermediates.noindex/WebDriverAgent.build/Debug-iphonesimulator/WebDriverAgentLib.build/StaticAnalyzer/WebDriverAgent/WebDriverAgentLib/normal/x86_64/FBSession.d --analyze /Users/oikhlas/.appium/node_modules/appium-xcuitest-driver/node_modules/appium-webdriveragent/WebDriverAgentLib/Routing/FBSession.m -o /Users/oikhlas/Library/Developer/Xcode/DerivedData/WebDriverAgent-bcmeffsllcldukgyoimwiehwhvyz/Build/Intermediates.noindex/WebDriverAgent.build/Debug-iphonesimulator/WebDriverAgentLib.build/StaticAnalyzer/WebDriverAgent/WebDriverAgentLib/normal/x86_64/FBSession.plist
&amp#27;[38;5;173m[Xcode]&amp#27;[0m 
&amp#27;[38;5;173m[Xcode]&amp#27;[0m 
&amp#27;[38;5;173m[Xcode]&amp#27;[0m Analyze /Users/oikhlas/.appium/node_modules/appium-xcuitest-driver/node_modules/appium-webdriveragent/WebDriverAgentLib/Routing/FBRouteRequest.m normal x86_64 (in target 'WebDriverAgentLib' from project 'WebDriverAgent')
&amp#27;[38;5;173m[Xcode]&amp#27;[0m     cd /Users/oikhlas/.appium/node_modules/appium-xcuitest-driver/node_modules/appium-webdriveragent
&amp#27;[38;5;173m[Xcode]&amp#27;[0m     /Applications/Xcode.app/Contents/Developer/Toolchains/XcodeDefault.xctoolchain/usr/bin/clang -x objective-c -target x86_64-apple-ios16.0-simulator -fmessage-length\=0 -fdiagnostics-show-note-include-stack -fmacro-backtrace-limit\=0 -std\=gnu99 -fobjc-arc -fmodules -gmodules -fmodules-cache-path\=/Users/oikhlas/Library/Developer/Xcode/DerivedData/ModuleCache.noindex -fmodules-prune-interval\=86400 -fmodules-prune-after\=345600 -fbuild-session-file\=/Users/oikhlas/Library/Developer/Xcode/DerivedData/ModuleCache.noindex/Session.modulevalidation -fmodules-validate-once-per-build-session -Wno-trigraphs -fpascal-strings -O0 -fno-common -Wmissing-field-initializers -Wno-missing-prototypes -Werror\=return-type -Wunreachable-code -Wquoted-include-in-framework-header -Wno-implicit-atomic-properties -Werror\=deprecated-objc-isa-usage -Wno-objc-interface-ivars -Werror\=objc-root-class -Warc-repeated-use-of-weak -Wno-arc-maybe-repeated-use-of-weak -Wimplicit-retain-self -Wduplicate-method-match -Wno-missing-braces -Wparentheses -Wswitch -Wunused-function -Wno-unused-label -Wunused-parameter -Wunused-variable -Wunused-value -Wempty-body -Wuninitialized -Wconditional-uninitialized -Wno-unknown-pragmas -pedantic -Wshadow -Wno-four-char-constants -Wconversion -Wconstant-conversion -Wint-conversion -Wbool-conversion -Wenum-conversion -Wfloat-conversion -Wnon-literal-null-conversion -Wobjc-literal-conversion -Wassign-enum -Wsign-compare -Wshorten-64-to-32 -Wpointer-sign -Wno-newline-eof -Wno-selector -Wno-strict-selector-match -Wundeclared-selector -Wdeprecated-implementations -Wno-implicit-fallthrough -DDEBUG\=1 -DOBJC_OLD_DISPATCH_PROTOTYPES\=0 -isysroot /Applications/Xcode.app/Contents/Developer/Platforms/iPhoneSimulator.platform/Developer/SDKs/iPhoneSimulator16.0.sdk -fasm-blocks -fstrict-aliasing -Wprotocol -Wdeprecated-declarations -g -Wno-sign-conversion -Winfinite-recursion -Wcomma -Wblock-capture-autoreleasing -Wstrict-prototypes -Wno-semicolon-before-method-body -fobjc-abi-version\=2 -fobjc-legacy-dispatch -D__clang_analyzer__ -Xclang -analyzer-output\=plist-multi-file -Xclang -analyzer-config -Xclang path-diagnostics-alternate\=true -Xclang -analyzer-config -Xclang report-in-main-source-file\=true -Xclang -analyzer-checker -Xclang optin.osx.cocoa.localizability.NonLocalizedStringChecker -Xclang -analyzer-checker -Xclang security.insecureAPI.UncheckedReturn -Xclang -analyzer-checker -Xclang security.insecureAPI.getpw -Xclang -analyzer-checker -Xclang security.insecureAPI.gets -Xclang -analyzer-checker -Xclang security.insecureAPI.mkstemp -Xclang -analyzer-checker -Xclang security.insecureAPI.mktemp -Xclang -analyzer-disable-checker -Xclang security.insecureAPI.rand -Xclang -analyzer-disable-checker -Xclang security.insecureAPI.strcpy -Xclang -analyzer-checker -Xclang security.insecureAPI.vfork -iquote /Users/oikhlas/Library/Developer/Xcode/DerivedData/WebDriverAgent-bcmeffsllcldukgyoimwiehwhvyz/Build/Intermediates.noindex/WebDriverAgent.build/Debug-iphonesimulator/WebDriverAgentLib.build/WebDriverAgentLib-generated-files.hmap -I/Users/oikhlas/Library/Developer/Xcode/DerivedData/WebDriverAgent-bcmeffsllcldukgyoimwiehwhvyz/Build/Intermediates.noindex/WebDriverAgent.build/Debug-iphonesimulator/WebDriverAgentLib.build/WebDriverAgentLib-own-target-headers.hmap -I/Users/oikhlas/Library/Developer/Xcode/DerivedData/WebDriverAgent-bcmeffsllcldukgyoimwiehwhvyz/Build/Intermediates.noindex/WebDriverAgent.build/Debug-iphonesimulator/WebDriverAgentLib.build/WebDriverAgentLib-all-target-headers.hmap -iquote /Users/oikhlas/Library/Developer/Xcode/DerivedData/WebDriverAgent-bcmeffsllcldukgyoimwiehwhvyz/Build/Intermediates.noindex/WebDriverAgent.build/Debug-iphonesimulator/WebDriverAgentLib.build/WebDriverAgentLib-project-headers.hmap -I/Users/oikhlas/Library/Developer/Xcode/DerivedData/WebDriverAgent-bcmeffsllcldukgyoimwiehwhvyz/Build/Products/Debug-iphonesimulator/include -I/Applications/Xcode.app/Contents/Developer/Platforms/iPhoneSimulator.platform/Developer/SDKs/iPhoneSimulator16.0.sdk/usr/include/libxml2 -I/Users/oikhlas/.appium/node_modules/appium-xcuitest-driver/node_modules/appium-webdriveragent/Modules -I/Users/oikhlas/Library/Developer/Xcode/DerivedData/WebDriverAgent-bcmeffsllcldukgyoimwiehwhvyz/Build/Intermediates.noindex/WebDriverAgent.build/Debug-iphonesimulator/WebDriverAgentLib.build/DerivedSources-normal/x86_64 -I/Users/oikhlas/Library/Developer/Xcode/DerivedData/WebDriverAgent-bcmeffsllcldukgyoimwiehwhvyz/Build/Intermediates.noindex/WebDriverAgent.build/Debug-iphonesimulator/WebDriverAgentLib.build/DerivedSources/x86_64 -I/Users/oikhlas/Library/Developer/Xcode/DerivedData/WebDriverAgent-bcmeffsllcldukgyoimwiehwhvyz/Build/Intermediates.noindex/WebDriverAgent.build/Debug-iphonesimulator/WebDriverAgentLib.build/DerivedSources -Weverything -Wno-objc-missing-property-synthesis -Wno-unused-macros -Wno-disabled-macro-expansion -Wno-gnu-statement-expression -Wno-language-extension-token -Wno-overriding-method-mismatch -Wno-missing-variable-declarations -Rno-module-build -Wno-auto-import -Wno-objc-interface-ivars -Wno-documentation-unknown-command -Wno-reserved-id-macro -Wno-unused-parameter -Wno-gnu-conditional-omitted-operand -Wno-explicit-ownership-type -Wno-date-time -Wno-cast-align -Wno-cstring-format-directive -Wno-double-promotion -Wno-partial-availability -Weverything -Wno-objc-missing-property-synthesis -Wno-unused-macros -Wno-disabled-macro-expansion -Wno-gnu-statement-expression -Wno-language-extension-token -Wno-overriding-method-mismatch -Wno-missing-variable-declarations -Rno-module-build -Wno-auto-import -Wno-objc-interface-ivars -Wno-documentation-unknown-command -Wno-reserved-id-macro -Wno-unused-parameter -Wno-gnu-conditional-omitted-operand -Wno-explicit-ownership-type -Wno-date-time -Wno-cast-align -Wno-cstring-format-directive -Wno-double-promotion -Wno-partial-availability -Wno-objc-messaging-id -Wno-direct-ivar-access -Wno-cast-qual -Wno-declaration-after-statement -F/Users/oikhlas/Library/Developer/Xcode/DerivedData/WebDriverAgent-bcmeffsllcldukgyoimwiehwhvyz/Build/Products/Debug-iphonesimulator -F/Applications/Xcode.app/Contents/Developer/Platforms/iPhoneSimulator.platform/Developer/Library/Frameworks -F/Applications/Xcode.app/Contents/Developer/Platforms/iPhoneSimulator.platform/Developer/Library/PrivateFrameworks -iframework /Applications/Xcode.app/Contents/Developer/Platforms/iPhoneSimulator.platform/Developer/SDKs/iPhoneSimulator16.0.sdk/Developer/Library/Frameworks -MMD -MT dependencies -MF /Users/oikhlas/Library/Developer/Xcode/DerivedData/WebDriverAgent-bcmeffsllcldukgyoimwiehwhvyz/Build/Intermediates.noindex/WebDriverAgent.build/Debug-iphonesimulator/WebDriverAgentLib.build/StaticAnalyzer/WebDriverAgent/WebDriverAgentLib/normal/x86_64/FBRouteRequest.d --analyze /Users/oikhlas/.appium/node_modules/appium-xcuitest-driver/node_modules/appium-webdriveragent/WebDriverAgentLib/Routing/FBRouteRequest.m -o /Users/oikhlas/Library/Developer/Xcode/DerivedData/WebDriverAgent-bcmeffsllcldukgyoimwiehwhvyz/Build/Intermediates.noindex/WebDriverAgent.build/Debug-iphonesimulator/WebDriverAgentLib.build/StaticAnalyzer/WebDriverAgent/WebDriverAgentLib/normal/x86_64/FBRouteRequest.plist
&amp#27;[38;5;173m[Xcode]&amp#27;[0m 
&amp#27;[38;5;173m[Xcode]&amp#27;[0m 
&amp#27;[38;5;173m[Xcode]&amp#27;[0m Analyze /Users/oikhlas/.appium/node_modules/appium-xcuitest-driver/node_modules/appium-webdriveragent/WebDriverAgentLib/Routing/FBRoute.m normal x86_64 (in target 'WebDriverAgentLib' from project 'WebDriverAgent')
&amp#27;[38;5;173m[Xcode]&amp#27;[0m     cd /Users/oikhlas/.appium/node_modules/appium-xcuitest-driver/node_modules/appium-webdriveragent
&amp#27;[38;5;173m[Xcode]&amp#27;[0m     /Applications/Xcode.app/Contents/Developer/Toolchains/XcodeDefault.xctoolchain/usr/bin/clang -x objective-c -target x86_64-apple-ios16.0-simulator -fmessage-length\=0 -fdiagnostics-show-note-include-stack -fmacro-backtrace-limit\=0 -std\=gnu99 -fobjc-arc -fmodules -gmodules -fmodules-cache-path\=/Users/oikhlas/Library/Developer/Xcode/DerivedData/ModuleCache.noindex -fmodules-prune-interval\=86400 -fmodules-prune-after\=345600 -fbuild-session-file\=/Users/oikhlas/Library/Developer/Xcode/DerivedData/ModuleCache.noindex/Session.modulevalidation -fmodules-validate-once-per-build-session -Wno-trigraphs -fpascal-strings -O0 -fno-common -Wmissing-field-initializers -Wno-missing-prototypes -Werror\=return-type -Wunreachable-code -Wquoted-include-in-framework-header -Wno-implicit-atomic-properties -Werror\=deprecated-objc-isa-usage -Wno-objc-interface-ivars -Werror\=objc-root-class -Warc-repeated-use-of-weak -Wno-arc-maybe-repeated-use-of-weak -Wimplicit-retain-self -Wduplicate-method-match -Wno-missing-braces -Wparentheses -Wswitch -Wunused-function -Wno-unused-label -Wunused-parameter -Wunused-variable -Wunused-value -Wempty-body -Wuninitialized -Wconditional-uninitialized -Wno-unknown-pragmas -pedantic -Wshadow -Wno-four-char-constants -Wconversion -Wconstant-conversion -Wint-conversion -Wbool-conversion -Wenum-conversion -Wfloat-conversion -Wnon-literal-null-conversion -Wobjc-literal-conversion -Wassign-enum -Wsign-compare -Wshorten-64-to-32 -Wpointer-sign -Wno-newline-eof -Wno-selector -Wno-strict-selector-match -Wundeclared-selector -Wdeprecated-implementations -Wno-implicit-fallthrough -DDEBUG\=1 -DOBJC_OLD_DISPATCH_PROTOTYPES\=0 -isysroot /Applications/Xcode.app/Contents/Developer/Platforms/iPhoneSimulator.platform/Developer/SDKs/iPhoneSimulator16.0.sdk -fasm-blocks -fstrict-aliasing -Wprotocol -Wdeprecated-declarations -g -Wno-sign-conversion -Winfinite-recursion -Wcomma -Wblock-capture-autoreleasing -Wstrict-prototypes -Wno-semicolon-before-method-body -fobjc-abi-version\=2 -fobjc-legacy-dispatch -D__clang_analyzer__ -Xclang -analyzer-output\=plist-multi-file -Xclang -analyzer-config -Xclang path-diagnostics-alternate\=true -Xclang -analyzer-config -Xclang report-in-main-source-file\=true -Xclang -analyzer-checker -Xclang optin.osx.cocoa.localizability.NonLocalizedStringChecker -Xclang -analyzer-checker -Xclang security.insecureAPI.UncheckedReturn -Xclang -analyzer-checker -Xclang security.insecureAPI.getpw -Xclang -analyzer-checker -Xclang security.insecureAPI.gets -Xclang -analyzer-checker -Xclang security.insecureAPI.mkstemp -Xclang -analyzer-checker -Xclang security.insecureAPI.mktemp -Xclang -analyzer-disable-checker -Xclang security.insecureAPI.rand -Xclang -analyzer-disable-checker -Xclang security.insecureAPI.strcpy -Xclang -analyzer-checker -Xclang security.insecureAPI.vfork -iquote /Users/oikhlas/Library/Developer/Xcode/DerivedData/WebDriverAgent-bcmeffsllcldukgyoimwiehwhvyz/Build/Intermediates.noindex/WebDriverAgent.build/Debug-iphonesimulator/WebDriverAgentLib.build/WebDriverAgentLib-generated-files.hmap -I/Users/oikhlas/Library/Developer/Xcode/DerivedData/WebDriverAgent-bcmeffsllcldukgyoimwiehwhvyz/Build/Intermediates.noindex/WebDriverAgent.build/Debug-iphonesimulator/WebDriverAgentLib.build/WebDriverAgentLib-own-target-headers.hmap -I/Users/oikhlas/Library/Developer/Xcode/DerivedData/WebDriverAgent-bcmeffsllcldukgyoimwiehwhvyz/Build/Intermediates.noindex/WebDriverAgent.build/Debug-iphonesimulator/WebDriverAgentLib.build/WebDriverAgentLib-all-target-headers.hmap -iquote /Users/oikhlas/Library/Developer/Xcode/DerivedData/WebDriverAgent-bcmeffsllcldukgyoimwiehwhvyz/Build/Intermediates.noindex/WebDriverAgent.build/Debug-iphonesimulator/WebDriverAgentLib.build/WebDriverAgentLib-project-headers.hmap -I/Users/oikhlas/Library/Developer/Xcode/DerivedData/WebDriverAgent-bcmeffsllcldukgyoimwiehwhvyz/Build/Products/Debug-iphonesimulator/include -I/Applications/Xcode.app/Contents/Developer/Platforms/iPhoneSimulator.platform/Developer/SDKs/iPhoneSimulator16.0.sdk/usr/include/libxml2 -I/Users/oikhlas/.appium/node_modules/appium-xcuitest-driver/node_modules/appium-webdriveragent/Modules -I/Users/oikhlas/Library/Developer/Xcode/DerivedData/WebDriverAgent-bcmeffsllcldukgyoimwiehwhvyz/Build/Intermediates.noindex/WebDriverAgent.build/Debug-iphonesimulator/WebDriverAgentLib.build/DerivedSources-normal/x86_64 -I/Users/oikhlas/Library/Developer/Xcode/DerivedData/WebDriverAgent-bcmeffsllcldukgyoimwiehwhvyz/Build/Intermediates.noindex/WebDriverAgent.build/Debug-iphonesimulator/WebDriverAgentLib.build/DerivedSources/x86_64 -I/Users/oikhlas/Library/Developer/Xcode/DerivedData/WebDriverAgent-bcmeffsllcldukgyoimwiehwhvyz/Build/Intermediates.noindex/WebDriverAgent.build/Debug-iphonesimulator/WebDriverAgentLib.build/DerivedSources -Weverything -Wno-objc-missing-property-synthesis -Wno-unused-macros -Wno-disabled-macro-expansion -Wno-gnu-statement-expression -Wno-language-extension-token -Wno-overriding-method-mismatch -Wno-missing-variable-declarations -Rno-module-build -Wno-auto-import -Wno-objc-interface-ivars -Wno-documentation-unknown-command -Wno-reserved-id-macro -Wno-unused-parameter -Wno-gnu-conditional-omitted-operand -Wno-explicit-ownership-type -Wno-date-time -Wno-cast-align -Wno-cstring-format-directive -Wno-double-promotion -Wno-partial-availability -Weverything -Wno-objc-missing-property-synthesis -Wno-unused-macros -Wno-disabled-macro-expansion -Wno-gnu-statement-expression -Wno-language-extension-token -Wno-overriding-method-mismatch -Wno-missing-variable-declarations -Rno-module-build -Wno-auto-import -Wno-objc-interface-ivars -Wno-documentation-unknown-command -Wno-reserved-id-macro -Wno-unused-parameter -Wno-gnu-conditional-omitted-operand -Wno-explicit-ownership-type -Wno-date-time -Wno-cast-align -Wno-cstring-format-directive -Wno-double-promotion -Wno-partial-availability -Wno-objc-messaging-id -Wno-direct-ivar-access -Wno-cast-qual -Wno-declaration-after-statement -F/Users/oikhlas/Library/Developer/Xcode/DerivedData/WebDriverAgent-bcmeffsllcldukgyoimwiehwhvyz/Build/Products/Debug-iphonesimulator -F/Applications/Xcode.app/Contents/Developer/Platforms/iPhoneSimulator.platform/Developer/Library/Frameworks -F/Applications/Xcode.app/Contents/Developer/Platforms/iPhoneSimulator.platform/Developer/Library/PrivateFrameworks -iframework /Applications/Xcode.app/Contents/Developer/Platforms/iPhoneSimulator.platform/Developer/SDKs/iPhoneSimulator16.0.sdk/Developer/Library/Frameworks -MMD -MT dependencies -MF /Users/oikhlas/Library/Developer/Xcode/DerivedData/WebDriverAgent-bcmeffsllcldukgyoimwiehwhvyz/Build/Intermediates.noindex/WebDriverAgent.build/Debug-iphonesimulator/WebDriverAgentLib.build/StaticAnalyzer/WebDriverAgent/WebDriverAgentLib/normal/x86_64/FBRoute.d --analyze /Users/oikhlas/.appium/node_modules/appium-xcuitest-driver/node_modules/appium-webdriveragent/WebDriverAgentLib/Routing/FBRoute.m -o /Users/oikhlas/Library/Developer/Xcode/DerivedData/WebDriverAgent-bcmeffsllcldukgyoimwiehwhvyz/Build/Intermediates.noindex/WebDriverAgent.build/Debug-iphonesimulator/WebDriverAgentLib.build/StaticAnalyzer/WebDriverAgent/WebDriverAgentLib/normal/x86_64/FBRoute.plist
&amp#27;[38;5;173m[Xcode]&amp#27;[0m 
&amp#27;[38;5;173m[Xcode]&amp#27;[0m 
&amp#27;[38;5;173m[Xcode]&amp#27;[0m Analyze /Users/oikhlas/.appium/node_modules/appium-xcuitest-driver/node_modules/appium-webdriveragent/WebDriverAgentLib/Routing/FBResponsePayload.m normal x86_64 (in target 'WebDriverAgentLib' from project 'WebDriverAgent')
&amp#27;[38;5;173m[Xcode]&amp#27;[0m     cd /Users/oikhlas/.appium/node_modules/appium-xcuitest-driver/node_modules/appium-webdriveragent
&amp#27;[38;5;173m[Xcode]&amp#27;[0m     /Applications/Xcode.app/Contents/Developer/Toolchains/XcodeDefault.xctoolchain/usr/bin/clang -x objective-c -target x86_64-apple-ios16.0-simulator -fmessage-length\=0 -fdiagnostics-show-note-include-stack -fmacro-backtrace-limit\=0 -std\=gnu99 -fobjc-arc -fmodules -gmodules -fmodules-cache-path\=/Users/oikhlas/Library/Developer/Xcode/DerivedData/ModuleCache.noindex -fmodules-prune-interval\=86400 -fmodules-prune-after\=345600 -fbuild-session-file\=/Users/oikhlas/Library/Developer/Xcode/DerivedData/ModuleCache.noindex/Session.modulevalidation -fmodules-validate-once-per-build-session -Wno-trigraphs -fpascal-strings -O0 -fno-common -Wmissing-field-initializers -Wno-missing-prototypes -Werror\=return-type -Wunreachable-code -Wquoted-include-in-framework-header -Wno-implicit-atomic-properties -Werror\=deprecated-objc-isa-usage -Wno-objc-interface-ivars -Werror\=objc-root-class -Warc-repeated-use-of-weak -Wno-arc-maybe-repeated-use-of-weak -Wimplicit-retain-self -Wduplicate-method-match -Wno-missing-braces -Wparentheses -Wswitch -Wunused-function -Wno-unused-label -Wunused-parameter -Wunused-variable -Wunused-value -Wempty-body -Wuninitialized -Wconditional-uninitialized -Wno-unknown-pragmas -pedantic -Wshadow -Wno-four-char-constants -Wconversion -Wconstant-conversion -Wint-conversion -Wbool-conversion -Wenum-conversion -Wfloat-conversion -Wnon-literal-null-conversion -Wobjc-literal-conversion -Wassign-enum -Wsign-compare -Wshorten-64-to-32 -Wpointer-sign -Wno-newline-eof -Wno-selector -Wno-strict-selector-match -Wundeclared-selector -Wdeprecated-implementations -Wno-implicit-fallthrough -DDEBUG\=1 -DOBJC_OLD_DISPATCH_PROTOTYPES\=0 -isysroot /Applications/Xcode.app/Contents/Developer/Platforms/iPhoneSimulator.platform/Developer/SDKs/iPhoneSimulator16.0.sdk -fasm-blocks -fstrict-aliasing -Wprotocol -Wdeprecated-declarations -g -Wno-sign-conversion -Winfinite-recursion -Wcomma -Wblock-capture-autoreleasing -Wstrict-prototypes -Wno-semicolon-before-method-body -fobjc-abi-version\=2 -fobjc-legacy-dispatch -D__clang_analyzer__ -Xclang -analyzer-output\=plist-multi-file -Xclang -analyzer-config -Xclang path-diagnostics-alternate\=true -Xclang -analyzer-config -Xclang report-in-main-source-file\=true -Xclang -analyzer-checker -Xclang optin.osx.cocoa.localizability.NonLocalizedStringChecker -Xclang -analyzer-checker -Xclang security.insecureAPI.UncheckedReturn -Xclang -analyzer-checker -Xclang security.insecureAPI.getpw -Xclang -analyzer-checker -Xclang security.insecureAPI.gets -Xclang -analyzer-checker -Xclang security.insecureAPI.mkstemp -Xclang -analyzer-checker -Xclang security.insecureAPI.mktemp -Xclang -analyzer-disable-checker -Xclang security.insecureAPI.rand -Xclang -analyzer-disable-checker -Xclang security.insecureAPI.strcpy -Xclang -analyzer-checker -Xclang security.insecureAPI.vfork -iquote /Users/oikhlas/Library/Developer/Xcode/DerivedData/WebDriverAgent-bcmeffsllcldukgyoimwiehwhvyz/Build/Intermediates.noindex/WebDriverAgent.build/Debug-iphonesimulator/WebDriverAgentLib.build/WebDriverAgentLib-generated-files.hmap -I/Users/oikhlas/Library/Developer/Xcode/DerivedData/WebDriverAgent-bcmeffsllcldukgyoimwiehwhvyz/Build/Intermediates.noindex/WebDriverAgent.build/Debug-iphonesimulator/WebDriverAgentLib.build/WebDriverAgentLib-own-target-headers.hmap -I/Users/oikhlas/Library/Developer/Xcode/DerivedData/WebDriverAgent-bcmeffsllcldukgyoimwiehwhvyz/Build/Intermediates.noindex/WebDriverAgent.build/Debug-iphonesimulator/WebDriverAgentLib.build/WebDriverAgentLib-all-target-headers.hmap -iquote /Users/oikhlas/Library/Developer/Xcode/DerivedData/WebDriverAgent-bcmeffsllcldukgyoimwiehwhvyz/Build/Intermediates.noindex/WebDriverAgent.build/Debug-iphonesimulator/WebDriverAgentLib.build/WebDriverAgentLib-project-headers.hmap -I/Users/oikhlas/Library/Developer/Xcode/DerivedData/WebDriverAgent-bcmeffsllcldukgyoimwiehwhvyz/Build/Products/Debug-iphonesimulator/include -I/Applications/Xcode.app/Contents/Developer/Platforms/iPhoneSimulator.platform/Developer/SDKs/iPhoneSimulator16.0.sdk/usr/include/libxml2 -I/Users/oikhlas/.appium/node_modules/appium-xcuitest-driver/node_modules/appium-webdriveragent/Modules -I/Users/oikhlas/Library/Developer/Xcode/DerivedData/WebDriverAgent-bcmeffsllcldukgyoimwiehwhvyz/Build/Intermediates.noindex/WebDriverAgent.build/Debug-iphonesimulator/WebDriverAgentLib.build/DerivedSources-normal/x86_64 -I/Users/oikhlas/Library/Developer/Xcode/DerivedData/WebDriverAgent-bcmeffsllcldukgyoimwiehwhvyz/Build/Intermediates.noindex/WebDriverAgent.build/Debug-iphonesimulator/WebDriverAgentLib.build/DerivedSources/x86_64 -I/Users/oikhlas/Library/Developer/Xcode/DerivedData/WebDriverAgent-bcmeffsllcldukgyoimwiehwhvyz/Build/Intermediates.noindex/WebDriverAgent.build/Debug-iphonesimulator/WebDriverAgentLib.build/DerivedSources -Weverything -Wno-objc-missing-property-synthesis -Wno-unused-macros -Wno-disabled-macro-expansion -Wno-gnu-statement-expression -Wno-language-extension-token -Wno-overriding-method-mismatch -Wno-missing-variable-declarations -Rno-module-build -Wno-auto-import -Wno-objc-interface-ivars -Wno-documentation-unknown-command -Wno-reserved-id-macro -Wno-unused-parameter -Wno-gnu-conditional-omitted-operand -Wno-explicit-ownership-type -Wno-date-time -Wno-cast-align -Wno-cstring-format-directive -Wno-double-promotion -Wno-partial-availability -Weverything -Wno-objc-missing-property-synthesis -Wno-unused-macros -Wno-disabled-macro-expansion -Wno-gnu-statement-expression -Wno-language-extension-token -Wno-overriding-method-mismatch -Wno-missing-variable-declarations -Rno-module-build -Wno-auto-import -Wno-objc-interface-ivars -Wno-documentation-unknown-command -Wno-reserved-id-macro -Wno-unused-parameter -Wno-gnu-conditional-omitted-operand -Wno-explicit-ownership-type -Wno-date-time -Wno-cast-align -Wno-cstring-format-directive -Wno-double-promotion -Wno-partial-availability -Wno-objc-messaging-id -Wno-direct-ivar-access -Wno-cast-qual -Wno-declaration-after-statement -F/Users/oikhlas/Library/Developer/Xcode/DerivedData/WebDriverAgent-bcmeffsllcldukgyoimwiehwhvyz/Build/Products/Debug-iphonesimulator -F/Applications/Xcode.app/Contents/Developer/Platforms/iPhoneSimulator.platform/Developer/Library/Frameworks -F/Applications/Xcode.app/Contents/Developer/Platforms/iPhoneSimulator.platform/Developer/Library/PrivateFrameworks -iframework /Applications/Xcode.app/Contents/Developer/Platforms/iPhoneSimulator.platform/Developer/SDKs/iPhoneSimulator16.0.sdk/Developer/Library/Frameworks -MMD -MT dependencies -MF /Users/oikhlas/Library/Developer/Xcode/DerivedData/WebDriverAgent-bcmeffsllcldukgyoimwiehwhvyz/Build/Intermediates.noindex/WebDriverAgent.build/Debug-iphonesimulator/WebDriverAgentLib.build/StaticAnalyzer/WebDriverAgent/WebDriverAgentLib/normal/x86_64/FBResponsePayload.d --analyze /Users/oikhlas/.appium/node_modules/appium-xcuitest-driver/node_modules/appium-webdriveragent/WebDriverAgentLib/Routing/FBResponsePayload.m -o /Users/oikhlas/Library/Developer/Xcode/DerivedData/WebDriverAgent-bcmeffsllcldukgyoimwiehwhvyz/Build/Intermediates.noindex/WebDriverAgent.build/Debug-iphonesimulator/WebDriverAgentLib.build/StaticAnalyzer/WebDriverAgent/WebDriverAgentLib/normal/x86_64/FBResponsePayload.plist
&amp#27;[38;5;173m[Xcode]&amp#27;[0m 
&amp#27;[38;5;173m[Xcode]&amp#27;[0m 
&amp#27;[38;5;173m[Xcode]&amp#27;[0m Analyze /Users/oikhlas/.appium/node_modules/appium-xcuitest-driver/node_modules/appium-webdriveragent/WebDriverAgentLib/Routing/FBResponseJSONPayload.m normal x86_64 (in target 'WebDriverAgentLib' from project 'WebDriverAgent')
&amp#27;[38;5;173m[Xcode]&amp#27;[0m     cd /Users/oikhlas/.appium/node_modules/appium-xcuitest-driver/node_modules/appium-webdriveragent
&amp#27;[38;5;173m[Xcode]&amp#27;[0m     /Applications/Xcode.app/Contents/Developer/Toolchains/XcodeDefault.xctoolchain/usr/bin/clang -x objective-c -target x86_64-apple-ios16.0-simulator -fmessage-length\=0 -fdiagnostics-show-note-include-stack -fmacro-backtrace-limit\=0 -std\=gnu99 -fobjc-arc -fmodules -gmodules -fmodules-cache-path\=/Users/oikhlas/Library/Developer/Xcode/DerivedData/ModuleCache.noindex -fmodules-prune-interval\=86400 -fmodules-prune-after\=345600 -fbuild-session-file\=/Users/oikhlas/Library/Developer/Xcode/DerivedData/ModuleCache.noindex/Session.modulevalidation -fmodules-validate-once-per-build-session -Wno-trigraphs -fpascal-strings -O0 -fno-common -Wmissing-field-initializers -Wno-missing-prototypes -Werror\=return-type -Wunreachable-code -Wquoted-include-in-framework-header -Wno-implicit-atomic-properties -Werror\=deprecated-objc-isa-usage -Wno-objc-interface-ivars -Werror\=objc-root-class -Warc-repeated-use-of-weak -Wno-arc-maybe-repeated-use-of-weak -Wimplicit-retain-self -Wduplicate-method-match -Wno-missing-braces -Wparentheses -Wswitch -Wunused-function -Wno-unused-label -Wunused-parameter -Wunused-variable -Wunused-value -Wempty-body -Wuninitialized -Wconditional-uninitialized -Wno-unknown-pragmas -pedantic -Wshadow -Wno-four-char-constants -Wconversion -Wconstant-conversion -Wint-conversion -Wbool-conversion -Wenum-conversion -Wfloat-conversion -Wnon-literal-null-conversion -Wobjc-literal-conversion -Wassign-enum -Wsign-compare -Wshorten-64-to-32 -Wpointer-sign -Wno-newline-eof -Wno-selector -Wno-strict-selector-match -Wundeclared-selector -Wdeprecated-implementations -Wno-implicit-fallthrough -DDEBUG\=1 -DOBJC_OLD_DISPATCH_PROTOTYPES\=0 -isysroot /Applications/Xcode.app/Contents/Developer/Platforms/iPhoneSimulator.platform/Developer/SDKs/iPhoneSimulator16.0.sdk -fasm-blocks -fstrict-aliasing -Wprotocol -Wdeprecated-declarations -g -Wno-sign-conversion -Winfinite-recursion -Wcomma -Wblock-capture-autoreleasing -Wstrict-prototypes -Wno-semicolon-before-method-body -fobjc-abi-version\=2 -fobjc-legacy-dispatch -D__clang_analyzer__ -Xclang -analyzer-output\=plist-multi-file -Xclang -analyzer-config -Xclang path-diagnostics-alternate\=true -Xclang -analyzer-config -Xclang report-in-main-source-file\=true -Xclang -analyzer-checker -Xclang optin.osx.cocoa.localizability.NonLocalizedStringChecker -Xclang -analyzer-checker -Xclang security.insecureAPI.UncheckedReturn -Xclang -analyzer-checker -Xclang security.insecureAPI.getpw -Xclang -analyzer-checker -Xclang security.insecureAPI.gets -Xclang -analyzer-checker -Xclang security.insecureAPI.mkstemp -Xclang -analyzer-checker -Xclang security.insecureAPI.mktemp -Xclang -analyzer-disable-checker -Xclang security.insecureAPI.rand -Xclang -analyzer-disable-checker -Xclang security.insecureAPI.strcpy -Xclang -analyzer-checker -Xclang security.insecureAPI.vfork -iquote /Users/oikhlas/Library/Developer/Xcode/DerivedData/WebDriverAgent-bcmeffsllcldukgyoimwiehwhvyz/Build/Intermediates.noindex/WebDriverAgent.build/Debug-iphonesimulator/WebDriverAgentLib.build/WebDriverAgentLib-generated-files.hmap -I/Users/oikhlas/Library/Developer/Xcode/DerivedData/WebDriverAgent-bcmeffsllcldukgyoimwiehwhvyz/Build/Intermediates.noindex/WebDriverAgent.build/Debug-iphonesimulator/WebDriverAgentLib.build/WebDriverAgentLib-own-target-headers.hmap -I/Users/oikhlas/Library/Developer/Xcode/DerivedData/WebDriverAgent-bcmeffsllcldukgyoimwiehwhvyz/Build/Intermediates.noindex/WebDriverAgent.build/Debug-iphonesimulator/WebDriverAgentLib.build/WebDriverAgentLib-all-target-headers.hmap -iquote /Users/oikhlas/Library/Developer/Xcode/DerivedData/WebDriverAgent-bcmeffsllcldukgyoimwiehwhvyz/Build/Intermediates.noindex/WebDriverAgent.build/Debug-iphonesimulator/WebDriverAgentLib.build/WebDriverAgentLib-project-headers.hmap -I/Users/oikhlas/Library/Developer/Xcode/DerivedData/WebDriverAgent-bcmeffsllcldukgyoimwiehwhvyz/Build/Products/Debug-iphonesimulator/include -I/Applications/Xcode.app/Contents/Developer/Platforms/iPhoneSimulator.platform/Developer/SDKs/iPhoneSimulator16.0.sdk/usr/include/libxml2 -I/Users/oikhlas/.appium/node_modules/appium-xcuitest-driver/node_modules/appium-webdriveragent/Modules -I/Users/oikhlas/Library/Developer/Xcode/DerivedData/WebDriverAgent-bcmeffsllcldukgyoimwiehwhvyz/Build/Intermediates.noindex/WebDriverAgent.build/Debug-iphonesimulator/WebDriverAgentLib.build/DerivedSources-normal/x86_64 -I/Users/oikhlas/Library/Developer/Xcode/DerivedData/WebDriverAgent-bcmeffsllcldukgyoimwiehwhvyz/Build/Intermediates.noindex/WebDriverAgent.build/Debug-iphonesimulator/WebDriverAgentLib.build/DerivedSources/x86_64 -I/Users/oikhlas/Library/Developer/Xcode/DerivedData/WebDriverAgent-bcmeffsllcldukgyoimwiehwhvyz/Build/Intermediates.noindex/WebDriverAgent.build/Debug-iphonesimulator/WebDriverAgentLib.build/DerivedSources -Weverything -Wno-objc-missing-property-synthesis -Wno-unused-macros -Wno-disabled-macro-expansion -Wno-gnu-statement-expression -Wno-language-extension-token -Wno-overriding-method-mismatch -Wno-missing-variable-declarations -Rno-module-build -Wno-auto-import -Wno-objc-interface-ivars -Wno-documentation-unknown-command -Wno-reserved-id-macro -Wno-unused-parameter -Wno-gnu-conditional-omitted-operand -Wno-explicit-ownership-type -Wno-date-time -Wno-cast-align -Wno-cstring-format-directive -Wno-double-promotion -Wno-partial-availability -Weverything -Wno-objc-missing-property-synthesis -Wno-unused-macros -Wno-disabled-macro-expansion -Wno-gnu-statement-expression -Wno-language-extension-token -Wno-overriding-method-mismatch -Wno-missing-variable-declarations -Rno-module-build -Wno-auto-import -Wno-objc-interface-ivars -Wno-documentation-unknown-command -Wno-reserved-id-macro -Wno-unused-parameter -Wno-gnu-conditional-omitted-operand -Wno-explicit-ownership-type -Wno-date-time -Wno-cast-align -Wno-cstring-format-directive -Wno-double-promotion -Wno-partial-availability -Wno-objc-messaging-id -Wno-direct-ivar-access -Wno-cast-qual -Wno-declaration-after-statement -F/Users/oikhlas/Library/Developer/Xcode/DerivedData/WebDriverAgent-bcmeffsllcldukgyoimwiehwhvyz/Build/Products/Debug-iphonesimulator -F/Applications/Xcode.app/Contents/Developer/Platforms/iPhoneSimulator.platform/Developer/Library/Frameworks -F/Applications/Xcode.app/Contents/Developer/Platforms/iPhoneSimulator.platform/Developer/Library/PrivateFrameworks -iframework /Applications/Xcode.app/Contents/Developer/Platforms/iPhoneSimulator.platform/Developer/SDKs/iPhoneSimulator16.0.sdk/Developer/Library/Frameworks -MMD -MT dependencies -MF /Users/oikhlas/Library/Developer/Xcode/DerivedData/WebDriverAgent-bcmeffsllcldukgyoimwiehwhvyz/Build/Intermediates.noindex/WebDriverAgent.build/Debug-iphonesimulator/WebDriverAgentLib.build/StaticAnalyzer/WebDriverAgent/WebDriverAgentLib/normal/x86_64/FBResponseJSONPayload.d --analyze /Users/oikhlas/.appium/node_modules/appium-xcuitest-driver/node_modules/appium-webdriveragent/WebDriverAgentLib/Routing/FBResponseJSONPayload.m -o /Users/oikhlas/Library/Developer/Xcode/DerivedData/WebDriverAgent-bcmeffsllcldukgyoimwiehwhvyz/Build/Intermediates.noindex/WebDriverAgent.build/Debug-iphonesimulator/WebDriverAgentLib.build/StaticAnalyzer/WebDriverAgent/WebDriverAgentLib/normal/x86_64/FBResponseJSONPayload.plist
&amp#27;[38;5;173m[Xcode]&amp#27;[0m 
&amp#27;[38;5;173m[Xcode]&amp#27;[0m 
&amp#27;[38;5;173m[Xcode]&amp#27;[0m Analyze /Users/oikhlas/.appium/node_modules/appium-xcuitest-driver/node_modules/appium-webdriveragent/WebDriverAgentLib/Routing/FBExceptions.m normal x86_64 (in target 'WebDriverAgentLib' from project 'WebDriverAgent')
&amp#27;[38;5;173m[Xcode]&amp#27;[0m     cd /Users/oikhlas/.appium/node_modules/appium-xcuitest-driver/node_modules/appium-webdriveragent
&amp#27;[38;5;173m[Xcode]&amp#27;[0m     /Applications/Xcode.app/Contents/Developer/Toolchains/XcodeDefault.xctoolchain/usr/bin/clang -x objective-c -target x86_64-apple-ios16.0-simulator -fmessage-length\=0 -fdiagnostics-show-note-include-stack -fmacro-backtrace-limit\=0 -std\=gnu99 -fobjc-arc -fmodules -gmodules -fmodules-cache-path\=/Users/oikhlas/Library/Developer/Xcode/DerivedData/ModuleCache.noindex -fmodules-prune-interval\=86400 -fmodules-prune-after\=345600 -fbuild-session-file\=/Users/oikhlas/Library/Developer/Xcode/DerivedData/ModuleCache.noindex/Session.modulevalidation -fmodules-validate-once-per-build-session -Wno-trigraphs -fpascal-strings -O0 -fno-common -Wmissing-field-initializers -Wno-missing-prototypes -Werror\=return-type -Wunreachable-code -Wquoted-include-in-framework-header -Wno-implicit-atomic-properties -Werror\=deprecated-objc-isa-usage -Wno-objc-interface-ivars -Werror\=objc-root-class -Warc-repeated-use-of-weak -Wno-arc-maybe-repeated-use-of-weak -Wimplicit-retain-self -Wduplicate-method-match -Wno-missing-braces -Wparentheses -Wswitch -Wunused-function -Wno-unused-label -Wunused-parameter -Wunused-variable -Wunused-value -Wempty-body -Wuninitialized -Wconditional-uninitialized -Wno-unknown-pragmas -pedantic -Wshadow -Wno-four-char-constants -Wconversion -Wconstant-conversion -Wint-conversion -Wbool-conversion -Wenum-conversion -Wfloat-conversion -Wnon-literal-null-conversion -Wobjc-literal-conversion -Wassign-enum -Wsign-compare -Wshorten-64-to-32 -Wpointer-sign -Wno-newline-eof -Wno-selector -Wno-strict-selector-match -Wundeclared-selector -Wdeprecated-implementations -Wno-implicit-fallthrough -DDEBUG\=1 -DOBJC_OLD_DISPATCH_PROTOTYPES\=0 -isysroot /Applications/Xcode.app/Contents/Developer/Platforms/iPhoneSimulator.platform/Developer/SDKs/iPhoneSimulator16.0.sdk -fasm-blocks -fstrict-aliasing -Wprotocol -Wdeprecated-declarations -g -Wno-sign-conversion -Winfinite-recursion -Wcomma -Wblock-capture-autoreleasing -Wstrict-prototypes -Wno-semicolon-before-method-body -fobjc-abi-version\=2 -fobjc-legacy-dispatch -D__clang_analyzer__ -Xclang -analyzer-output\=plist-multi-file -Xclang -analyzer-config -Xclang path-diagnostics-alternate\=true -Xclang -analyzer-config -Xclang report-in-main-source-file\=true -Xclang -analyzer-checker -Xclang optin.osx.cocoa.localizability.NonLocalizedStringChecker -Xclang -analyzer-checker -Xclang security.insecureAPI.UncheckedReturn -Xclang -analyzer-checker -Xclang security.insecureAPI.getpw -Xclang -analyzer-checker -Xclang security.insecureAPI.gets -Xclang -analyzer-checker -Xclang security.insecureAPI.mkstemp -Xclang -analyzer-checker -Xclang security.insecureAPI.mktemp -Xclang -analyzer-disable-checker -Xclang security.insecureAPI.rand -Xclang -analyzer-disable-checker -Xclang security.insecureAPI.strcpy -Xclang -analyzer-checker -Xclang security.insecureAPI.vfork -iquote /Users/oikhlas/Library/Developer/Xcode/DerivedData/WebDriverAgent-bcmeffsllcldukgyoimwiehwhvyz/Build/Intermediates.noindex/WebDriverAgent.build/Debug-iphonesimulator/WebDriverAgentLib.build/WebDriverAgentLib-generated-files.hmap -I/Users/oikhlas/Library/Developer/Xcode/DerivedData/WebDriverAgent-bcmeffsllcldukgyoimwiehwhvyz/Build/Intermediates.noindex/WebDriverAgent.build/Debug-iphonesimulator/WebDriverAgentLib.build/WebDriverAgentLib-own-target-headers.hmap -I/Users/oikhlas/Library/Developer/Xcode/DerivedData/WebDriverAgent-bcmeffsllcldukgyoimwiehwhvyz/Build/Intermediates.noindex/WebDriverAgent.build/Debug-iphonesimulator/WebDriverAgentLib.build/WebDriverAgentLib-all-target-headers.hmap -iquote /Users/oikhlas/Library/Developer/Xcode/DerivedData/WebDriverAgent-bcmeffsllcldukgyoimwiehwhvyz/Build/Intermediates.noindex/WebDriverAgent.build/Debug-iphonesimulator/WebDriverAgentLib.build/WebDriverAgentLib-project-headers.hmap -I/Users/oikhlas/Library/Developer/Xcode/DerivedData/WebDriverAgent-bcmeffsllcldukgyoimwiehwhvyz/Build/Products/Debug-iphonesimulator/include -I/Applications/Xcode.app/Contents/Developer/Platforms/iPhoneSimulator.platform/Developer/SDKs/iPhoneSimulator16.0.sdk/usr/include/libxml2 -I/Users/oikhlas/.appium/node_modules/appium-xcuitest-driver/node_modules/appium-webdriveragent/Modules -I/Users/oikhlas/Library/Developer/Xcode/DerivedData/WebDriverAgent-bcmeffsllcldukgyoimwiehwhvyz/Build/Intermediates.noindex/WebDriverAgent.build/Debug-iphonesimulator/WebDriverAgentLib.build/DerivedSources-normal/x86_64 -I/Users/oikhlas/Library/Developer/Xcode/DerivedData/WebDriverAgent-bcmeffsllcldukgyoimwiehwhvyz/Build/Intermediates.noindex/WebDriverAgent.build/Debug-iphonesimulator/WebDriverAgentLib.build/DerivedSources/x86_64 -I/Users/oikhlas/Library/Developer/Xcode/DerivedData/WebDriverAgent-bcmeffsllcldukgyoimwiehwhvyz/Build/Intermediates.noindex/WebDriverAgent.build/Debug-iphonesimulator/WebDriverAgentLib.build/DerivedSources -Weverything -Wno-objc-missing-property-synthesis -Wno-unused-macros -Wno-disabled-macro-expansion -Wno-gnu-statement-expression -Wno-language-extension-token -Wno-overriding-method-mismatch -Wno-missing-variable-declarations -Rno-module-build -Wno-auto-import -Wno-objc-interface-ivars -Wno-documentation-unknown-command -Wno-reserved-id-macro -Wno-unused-parameter -Wno-gnu-conditional-omitted-operand -Wno-explicit-ownership-type -Wno-date-time -Wno-cast-align -Wno-cstring-format-directive -Wno-double-promotion -Wno-partial-availability -Weverything -Wno-objc-missing-property-synthesis -Wno-unused-macros -Wno-disabled-macro-expansion -Wno-gnu-statement-expression -Wno-language-extension-token -Wno-overriding-method-mismatch -Wno-missing-variable-declarations -Rno-module-build -Wno-auto-import -Wno-objc-interface-ivars -Wno-documentation-unknown-command -Wno-reserved-id-macro -Wno-unused-parameter -Wno-gnu-conditional-omitted-operand -Wno-explicit-ownership-type -Wno-date-time -Wno-cast-align -Wno-cstring-format-directive -Wno-double-promotion -Wno-partial-availability -Wno-objc-messaging-id -Wno-direct-ivar-access -Wno-cast-qual -Wno-declaration-after-statement -F/Users/oikhlas/Library/Developer/Xcode/DerivedData/WebDriverAgent-bcmeffsllcldukgyoimwiehwhvyz/Build/Products/Debug-iphonesimulator -F/Applications/Xcode.app/Contents/Developer/Platforms/iPhoneSimulator.platform/Developer/Library/Frameworks -F/Applications/Xcode.app/Contents/Developer/Platforms/iPhoneSimulator.platform/Developer/Library/PrivateFrameworks -iframework /Applications/Xcode.app/Contents/Developer/Platforms/iPhoneSimulator.platform/Developer/SDKs/iPhoneSimulator16.0.sdk/Developer/Library/Frameworks -MMD -MT dependencies -MF /Users/oikhlas/Library/Developer/Xcode/DerivedData/WebDriverAgent-bcmeffsllcldukgyoimwiehwhvyz/Build/Intermediates.noindex/WebDriverAgent.build/Debug-iphonesimulator/WebDriverAgentLib.build/StaticAnalyzer/WebDriverAgent/WebDriverAgentLib/normal/x86_64/FBExceptions.d --analyze /Users/oikhlas/.appium/node_modules/appium-xcuitest-driver/node_modules/appium-webdriveragent/WebDriverAgentLib/Routing/FBExceptions.m -o /Users/oikhlas/Library/Developer/Xcode/DerivedData/WebDriverAgent-bcmeffsllcldukgyoimwiehwhvyz/Build/Intermediates.noindex/WebDriverAgent.build/Debug-iphonesimulator/WebDriverAgentLib.build/StaticAnalyzer/WebDriverAgent/WebDriverAgentLib/normal/x86_64/FBExceptions.plist
&amp#27;[38;5;173m[Xcode]&amp#27;[0m 
&amp#27;[38;5;173m[Xcode]&amp#27;[0m 
&amp#27;[38;5;173m[Xcode]&amp#27;[0m Analyze /Users/oikhlas/.appium/node_modules/appium-xcuitest-driver/node_modules/appium-webdriveragent/WebDriverAgentLib/Routing/FBExceptionHandler.m normal x86_64 (in target 'WebDriverAgentLib' from project 'WebDriverAgent')
&amp#27;[38;5;173m[Xcode]&amp#27;[0m     cd /Users/oikhlas/.appium/node_modules/appium-xcuitest-driver/node_modules/appium-webdriveragent
&amp#27;[38;5;173m[Xcode]&amp#27;[0m     /Applications/Xcode.app/Contents/Developer/Toolchains/XcodeDefault.xctoolchain/usr/bin/clang -x objective-c -target x86_64-apple-ios16.0-simulator -fmessage-length\=0 -fdiagnostics-show-note-include-stack -fmacro-backtrace-limit\=0 -std\=gnu99 -fobjc-arc -fmodules -gmodules -fmodules-cache-path\=/Users/oikhlas/Library/Developer/Xcode/DerivedData/ModuleCache.noindex -fmodules-prune-interval\=86400 -fmodules-prune-after\=345600 -fbuild-session-file\=/Users/oikhlas/Library/Developer/Xcode/DerivedData/ModuleCache.noindex/Session.modulevalidation -fmodules-validate-once-per-build-session -Wno-trigraphs -fpascal-strings -O0 -fno-common -Wmissing-field-initializers -Wno-missing-prototypes -Werror\=return-type -Wunreachable-code -Wquoted-include-in-framework-header -Wno-implicit-atomic-properties -Werror\=deprecated-objc-isa-usage -Wno-objc-interface-ivars -Werror\=objc-root-class -Warc-repeated-use-of-weak -Wno-arc-maybe-repeated-use-of-weak -Wimplicit-retain-self -Wduplicate-method-match -Wno-missing-braces -Wparentheses -Wswitch -Wunused-function -Wno-unused-label -Wunused-parameter -Wunused-variable -Wunused-value -Wempty-body -Wuninitialized -Wconditional-uninitialized -Wno-unknown-pragmas -pedantic -Wshadow -Wno-four-char-constants -Wconversion -Wconstant-conversion -Wint-conversion -Wbool-conversion -Wenum-conversion -Wfloat-conversion -Wnon-literal-null-conversion -Wobjc-literal-conversion -Wassign-enum -Wsign-compare -Wshorten-64-to-32 -Wpointer-sign -Wno-newline-eof -Wno-selector -Wno-strict-selector-match -Wundeclared-selector -Wdeprecated-implementations -Wno-implicit-fallthrough -DDEBUG\=1 -DOBJC_OLD_DISPATCH_PROTOTYPES\=0 -isysroot /Applications/Xcode.app/Contents/Developer/Platforms/iPhoneSimulator.platform/Developer/SDKs/iPhoneSimulator16.0.sdk -fasm-blocks -fstrict-aliasing -Wprotocol -Wdeprecated-declarations -g -Wno-sign-conversion -Winfinite-recursion -Wcomma -Wblock-capture-autoreleasing -Wstrict-prototypes -Wno-semicolon-before-method-body -fobjc-abi-version\=2 -fobjc-legacy-dispatch -D__clang_analyzer__ -Xclang -analyzer-output\=plist-multi-file -Xclang -analyzer-config -Xclang path-diagnostics-alternate\=true -Xclang -analyzer-config -Xclang report-in-main-source-file\=true -Xclang -analyzer-checker -Xclang optin.osx.cocoa.localizability.NonLocalizedStringChecker -Xclang -analyzer-checker -Xclang security.insecureAPI.UncheckedReturn -Xclang -analyzer-checker -Xclang security.insecureAPI.getpw -Xclang -analyzer-checker -Xclang security.insecureAPI.gets -Xclang -analyzer-checker -Xclang security.insecureAPI.mkstemp -Xclang -analyzer-checker -Xclang security.insecureAPI.mktemp -Xclang -analyzer-disable-checker -Xclang security.insecureAPI.rand -Xclang -analyzer-disable-checker -Xclang security.insecureAPI.strcpy -Xclang -analyzer-checker -Xclang security.insecureAPI.vfork -iquote /Users/oikhlas/Library/Developer/Xcode/DerivedData/WebDriverAgent-bcmeffsllcldukgyoimwiehwhvyz/Build/Intermediates.noindex/WebDriverAgent.build/Debug-iphonesimulator/WebDriverAgentLib.build/WebDriverAgentLib-generated-files.hmap -I/Users/oikhlas/Library/Developer/Xcode/DerivedData/WebDriverAgent-bcmeffsllcldukgyoimwiehwhvyz/Build/Intermediates.noindex/WebDriverAgent.build/Debug-iphonesimulator/WebDriverAgentLib.build/WebDriverAgentLib-own-target-headers.hmap -I/Users/oikhlas/Library/Developer/Xcode/DerivedData/WebDriverAgent-bcmeffsllcldukgyoimwiehwhvyz/Build/Intermediates.noindex/WebDriverAgent.build/Debug-iphonesimulator/WebDriverAgentLib.build/WebDriverAgentLib-all-target-headers.hmap -iquote /Users/oikhlas/Library/Developer/Xcode/DerivedData/WebDriverAgent-bcmeffsllcldukgyoimwiehwhvyz/Build/Intermediates.noindex/WebDriverAgent.build/Debug-iphonesimulator/WebDriverAgentLib.build/WebDriverAgentLib-project-headers.hmap -I/Users/oikhlas/Library/Developer/Xcode/DerivedData/WebDriverAgent-bcmeffsllcldukgyoimwiehwhvyz/Build/Products/Debug-iphonesimulator/include -I/Applications/Xcode.app/Contents/Developer/Platforms/iPhoneSimulator.platform/Developer/SDKs/iPhoneSimulator16.0.sdk/usr/include/libxml2 -I/Users/oikhlas/.appium/node_modules/appium-xcuitest-driver/node_modules/appium-webdriveragent/Modules -I/Users/oikhlas/Library/Developer/Xcode/DerivedData/WebDriverAgent-bcmeffsllcldukgyoimwiehwhvyz/Build/Intermediates.noindex/WebDriverAgent.build/Debug-iphonesimulator/WebDriverAgentLib.build/DerivedSources-normal/x86_64 -I/Users/oikhlas/Library/Developer/Xcode/DerivedData/WebDriverAgent-bcmeffsllcldukgyoimwiehwhvyz/Build/Intermediates.noindex/WebDriverAgent.build/Debug-iphonesimulator/WebDriverAgentLib.build/DerivedSources/x86_64 -I/Users/oikhlas/Library/Developer/Xcode/DerivedData/WebDriverAgent-bcmeffsllcldukgyoimwiehwhvyz/Build/Intermediates.noindex/WebDriverAgent.build/Debug-iphonesimulator/WebDriverAgentLib.build/DerivedSources -Weverything -Wno-objc-missing-property-synthesis -Wno-unused-macros -Wno-disabled-macro-expansion -Wno-gnu-statement-expression -Wno-language-extension-token -Wno-overriding-method-mismatch -Wno-missing-variable-declarations -Rno-module-build -Wno-auto-import -Wno-objc-interface-ivars -Wno-documentation-unknown-command -Wno-reserved-id-macro -Wno-unused-parameter -Wno-gnu-conditional-omitted-operand -Wno-explicit-ownership-type -Wno-date-time -Wno-cast-align -Wno-cstring-format-directive -Wno-double-promotion -Wno-partial-availability -Weverything -Wno-objc-missing-property-synthesis -Wno-unused-macros -Wno-disabled-macro-expansion -Wno-gnu-statement-expression -Wno-language-extension-token -Wno-overriding-method-mismatch -Wno-missing-variable-declarations -Rno-module-build -Wno-auto-import -Wno-objc-interface-ivars -Wno-documentation-unknown-command -Wno-reserved-id-macro -Wno-unused-parameter -Wno-gnu-conditional-omitted-operand -Wno-explicit-ownership-type -Wno-date-time -Wno-cast-align -Wno-cstring-format-directive -Wno-double-promotion -Wno-partial-availability -Wno-objc-messaging-id -Wno-direct-ivar-access -Wno-cast-qual -Wno-declaration-after-statement -F/Users/oikhlas/Library/Developer/Xcode/DerivedData/WebDriverAgent-bcmeffsllcldukgyoimwiehwhvyz/Build/Products/Debug-iphonesimulator -F/Applications/Xcode.app/Contents/Developer/Platforms/iPhoneSimulator.platform/Developer/Library/Frameworks -F/Applications/Xcode.app/Contents/Developer/Platforms/iPhoneSimulator.platform/Developer/Library/PrivateFrameworks -iframework /Applications/Xcode.app/Contents/Developer/Platforms/iPhoneSimulator.platform/Developer/SDKs/iPhoneSimulator16.0.sdk/Developer/Library/Frameworks -MMD -MT dependencies -MF /Users/oikhlas/Library/Developer/Xcode/DerivedData/WebDriverAgent-bcmeffsllcldukgyoimwiehwhvyz/Build/Intermediates.noindex/WebDriverAgent.build/Debug-iphonesimulator/WebDriverAgentLib.build/StaticAnalyzer/WebDriverAgent/WebDriverAgentLib/normal/x86_64/FBExceptionHandler.d --analyze /Users/oikhlas/.appium/node_modules/appium-xcuitest-driver/node_modules/appium-webdriveragent/WebDriverAgentLib/Routing/FBExceptionHandler.m -o /Users/oikhlas/Library/Developer/Xcode/DerivedData/WebDriverAgent-bcmeffsllcldukgyoimwiehwhvyz/Build/Intermediates.noindex/WebDriverAgent.build/Debug-iphonesimulator/WebDriverAgentLib.build/StaticAnalyzer/WebDriverAgent/WebDriverAgentLib/normal/x86_64/FBExceptionHandler.plist
&amp#27;[38;5;173m[Xcode]&amp#27;[0m 
&amp#27;[38;5;173m[Xcode]&amp#27;[0m 
&amp#27;[38;5;173m[Xcode]&amp#27;[0m Analyze /Users/oikhlas/.appium/node_modules/appium-xcuitest-driver/node_modules/appium-webdriveragent/WebDriverAgentLib/Routing/FBElementUtils.m normal x86_64 (in target 'WebDriverAgentLib' from project 'WebDriverAgent')
&amp#27;[38;5;173m[Xcode]&amp#27;[0m     cd /Users/oikhlas/.appium/node_modules/appium-xcuitest-driver/node_modules/appium-webdriveragent
&amp#27;[38;5;173m[Xcode]&amp#27;[0m     /Applications/Xcode.app/Contents/Developer/Toolchains/XcodeDefault.xctoolchain/usr/bin/clang -x objective-c -target x86_64-apple-ios16.0-simulator -fmessage-length\=0 -fdiagnostics-show-note-include-stack -fmacro-backtrace-limit\=0 -std\=gnu99 -fobjc-arc -fmodules -gmodules -fmodules-cache-path\=/Users/oikhlas/Library/Developer/Xcode/DerivedData/ModuleCache.noindex -fmodules-prune-interval\=86400 -fmodules-prune-after\=345600 -fbuild-session-file\=/Users/oikhlas/Library/Developer/Xcode/DerivedData/ModuleCache.noindex/Session.modulevalidation -fmodules-validate-once-per-build-session -Wno-trigraphs -fpascal-strings -O0 -fno-common -Wmissing-field-initializers -Wno-missing-prototypes -Werror\=return-type -Wunreachable-code -Wquoted-include-in-framework-header -Wno-implicit-atomic-properties -Werror\=deprecated-objc-isa-usage -Wno-objc-interface-ivars -Werror\=objc-root-class -Warc-repeated-use-of-weak -Wno-arc-maybe-repeated-use-of-weak -Wimplicit-retain-self -Wduplicate-method-match -Wno-missing-braces -Wparentheses -Wswitch -Wunused-function -Wno-unused-label -Wunused-parameter -Wunused-variable -Wunused-value -Wempty-body -Wuninitialized -Wconditional-uninitialized -Wno-unknown-pragmas -pedantic -Wshadow -Wno-four-char-constants -Wconversion -Wconstant-conversion -Wint-conversion -Wbool-conversion -Wenum-conversion -Wfloat-conversion -Wnon-literal-null-conversion -Wobjc-literal-conversion -Wassign-enum -Wsign-compare -Wshorten-64-to-32 -Wpointer-sign -Wno-newline-eof -Wno-selector -Wno-strict-selector-match -Wundeclared-selector -Wdeprecated-implementations -Wno-implicit-fallthrough -DDEBUG\=1 -DOBJC_OLD_DISPATCH_PROTOTYPES\=0 -isysroot /Applications/Xcode.app/Contents/Developer/Platforms/iPhoneSimulator.platform/Developer/SDKs/iPhoneSimulator16.0.sdk -fasm-blocks -fstrict-aliasing -Wprotocol -Wdeprecated-declarations -g -Wno-sign-conversion -Winfinite-recursion -Wcomma -Wblock-capture-autoreleasing -Wstrict-prototypes -Wno-semicolon-before-method-body -fobjc-abi-version\=2 -fobjc-legacy-dispatch -D__clang_analyzer__ -Xclang -analyzer-output\=plist-multi-file -Xclang -analyzer-config -Xclang path-diagnostics-alternate\=true -Xclang -analyzer-config -Xclang report-in-main-source-file\=true -Xclang -analyzer-checker -Xclang optin.osx.cocoa.localizability.NonLocalizedStringChecker -Xclang -analyzer-checker -Xclang security.insecureAPI.UncheckedReturn -Xclang -analyzer-checker -Xclang security.insecureAPI.getpw -Xclang -analyzer-checker -Xclang security.insecureAPI.gets -Xclang -analyzer-checker -Xclang security.insecureAPI.mkstemp -Xclang -analyzer-checker -Xclang security.insecureAPI.mktemp -Xclang -analyzer-disable-checker -Xclang security.insecureAPI.rand -Xclang -analyzer-disable-checker -Xclang security.insecureAPI.strcpy -Xclang -analyzer-checker -Xclang security.insecureAPI.vfork -iquote /Users/oikhlas/Library/Developer/Xcode/DerivedData/WebDriverAgent-bcmeffsllcldukgyoimwiehwhvyz/Build/Intermediates.noindex/WebDriverAgent.build/Debug-iphonesimulator/WebDriverAgentLib.build/WebDriverAgentLib-generated-files.hmap -I/Users/oikhlas/Library/Developer/Xcode/DerivedData/WebDriverAgent-bcmeffsllcldukgyoimwiehwhvyz/Build/Intermediates.noindex/WebDriverAgent.build/Debug-iphonesimulator/WebDriverAgentLib.build/WebDriverAgentLib-own-target-headers.hmap -I/Users/oikhlas/Library/Developer/Xcode/DerivedData/WebDriverAgent-bcmeffsllcldukgyoimwiehwhvyz/Build/Intermediates.noindex/WebDriverAgent.build/Debug-iphonesimulator/WebDriverAgentLib.build/WebDriverAgentLib-all-target-headers.hmap -iquote /Users/oikhlas/Library/Developer/Xcode/DerivedData/WebDriverAgent-bcmeffsllcldukgyoimwiehwhvyz/Build/Intermediates.noindex/WebDriverAgent.build/Debug-iphonesimulator/WebDriverAgentLib.build/WebDriverAgentLib-project-headers.hmap -I/Users/oikhlas/Library/Developer/Xcode/DerivedData/WebDriverAgent-bcmeffsllcldukgyoimwiehwhvyz/Build/Products/Debug-iphonesimulator/include -I/Applications/Xcode.app/Contents/Developer/Platforms/iPhoneSimulator.platform/Developer/SDKs/iPhoneSimulator16.0.sdk/usr/include/libxml2 -I/Users/oikhlas/.appium/node_modules/appium-xcuitest-driver/node_modules/appium-webdriveragent/Modules -I/Users/oikhlas/Library/Developer/Xcode/DerivedData/WebDriverAgent-bcmeffsllcldukgyoimwiehwhvyz/Build/Intermediates.noindex/WebDriverAgent.build/Debug-iphonesimulator/WebDriverAgentLib.build/DerivedSources-normal/x86_64 -I/Users/oikhlas/Library/Developer/Xcode/DerivedData/WebDriverAgent-bcmeffsllcldukgyoimwiehwhvyz/Build/Intermediates.noindex/WebDriverAgent.build/Debug-iphonesimulator/WebDriverAgentLib.build/DerivedSources/x86_64 -I/Users/oikhlas/Library/Developer/Xcode/DerivedData/WebDriverAgent-bcmeffsllcldukgyoimwiehwhvyz/Build/Intermediates.noindex/WebDriverAgent.build/Debug-iphonesimulator/WebDriverAgentLib.build/DerivedSources -Weverything -Wno-objc-missing-property-synthesis -Wno-unused-macros -Wno-disabled-macro-expansion -Wno-gnu-statement-expression -Wno-language-extension-token -Wno-overriding-method-mismatch -Wno-missing-variable-declarations -Rno-module-build -Wno-auto-import -Wno-objc-interface-ivars -Wno-documentation-unknown-command -Wno-reserved-id-macro -Wno-unused-parameter -Wno-gnu-conditional-omitted-operand -Wno-explicit-ownership-type -Wno-date-time -Wno-cast-align -Wno-cstring-format-directive -Wno-double-promotion -Wno-partial-availability -Weverything -Wno-objc-missing-property-synthesis -Wno-unused-macros -Wno-disabled-macro-expansion -Wno-gnu-statement-expression -Wno-language-extension-token -Wno-overriding-method-mismatch -Wno-missing-variable-declarations -Rno-module-build -Wno-auto-import -Wno-objc-interface-ivars -Wno-documentation-unknown-command -Wno-reserved-id-macro -Wno-unused-parameter -Wno-gnu-conditional-omitted-operand -Wno-explicit-ownership-type -Wno-date-time -Wno-cast-align -Wno-cstring-format-directive -Wno-double-promotion -Wno-partial-availability -Wno-objc-messaging-id -Wno-direct-ivar-access -Wno-cast-qual -Wno-declaration-after-statement -F/Users/oikhlas/Library/Developer/Xcode/DerivedData/WebDriverAgent-bcmeffsllcldukgyoimwiehwhvyz/Build/Products/Debug-iphonesimulator -F/Applications/Xcode.app/Contents/Developer/Platforms/iPhoneSimulator.platform/Developer/Library/Frameworks -F/Applications/Xcode.app/Contents/Developer/Platforms/iPhoneSimulator.platform/Developer/Library/PrivateFrameworks -iframework /Applications/Xcode.app/Contents/Developer/Platforms/iPhoneSimulator.platform/Developer/SDKs/iPhoneSimulator16.0.sdk/Developer/Library/Frameworks -MMD -MT dependencies -MF /Users/oikhlas/Library/Developer/Xcode/DerivedData/WebDriverAgent-bcmeffsllcldukgyoimwiehwhvyz/Build/Intermediates.noindex/WebDriverAgent.build/Debug-iphonesimulator/WebDriverAgentLib.build/StaticAnalyzer/WebDriverAgent/WebDriverAgentLib/normal/x86_64/FBElementUtils.d --analyze /Users/oikhlas/.appium/node_modules/appium-xcuitest-driver/node_modules/appium-webdriveragent/WebDriverAgentLib/Routing/FBElementUtils.m -o /Users/oikhlas/Library/Developer/Xcode/DerivedData/WebDriverAgent-bcmeffsllcldukgyoimwiehwhvyz/Build/Intermediates.noindex/WebDriverAgent.build/Debug-iphonesimulator/WebDriverAgentLib.build/StaticAnalyzer/WebDriverAgent/WebDriverAgentLib/normal/x86_64/FBElementUtils.plist
&amp#27;[38;5;173m[Xcode]&amp#27;[0m 
&amp#27;[38;5;173m[Xcode]&amp#27;[0m 
&amp#27;[38;5;173m[Xcode]&amp#27;[0m Analyze /Users/oikhlas/.appium/node_modules/appium-xcuitest-driver/node_modules/appium-webdriveragent/WebDriverAgentLib/Routing/FBElementCache.m normal x86_64 (in target 'WebDriverAgentLib' from project 'WebDriverAgent')
&amp#27;[38;5;173m[Xcode]&amp#27;[0m     cd /Users/oikhlas/.appium/node_modules/appium-xcuitest-driver/node_modules/appium-webdriveragent
&amp#27;[38;5;173m[Xcode]&amp#27;[0m     /Applications/Xcode.app/Contents/Developer/Toolchains/XcodeDefault.xctoolchain/usr/bin/clang -x objective-c -target x86_64-apple-ios16.0-simulator -fmessage-length\=0 -fdiagnostics-show-note-include-stack -fmacro-backtrace-limit\=0 -std\=gnu99 -fobjc-arc -fmodules -gmodules -fmodules-cache-path\=/Users/oikhlas/Library/Developer/Xcode/DerivedData/ModuleCache.noindex -fmodules-prune-interval\=86400 -fmodules-prune-after\=345600 -fbuild-session-file\=/Users/oikhlas/Library/Developer/Xcode/DerivedData/ModuleCache.noindex/Session.modulevalidation -fmodules-validate-once-per-build-session -Wno-trigraphs -fpascal-strings -O0 -fno-common -Wmissing-field-initializers -Wno-missing-prototypes -Werror\=return-type -Wunreachable-code -Wquoted-include-in-framework-header -Wno-implicit-atomic-properties -Werror\=deprecated-objc-isa-usage -Wno-objc-interface-ivars -Werror\=objc-root-class -Warc-repeated-use-of-weak -Wno-arc-maybe-repeated-use-of-weak -Wimplicit-retain-self -Wduplicate-method-match -Wno-missing-braces -Wparentheses -Wswitch -Wunused-function -Wno-unused-label -Wunused-parameter -Wunused-variable -Wunused-value -Wempty-body -Wuninitialized -Wconditional-uninitialized -Wno-unknown-pragmas -pedantic -Wshadow -Wno-four-char-constants -Wconversion -Wconstant-conversion -Wint-conversion -Wbool-conversion -Wenum-conversion -Wfloat-conversion -Wnon-literal-null-conversion -Wobjc-literal-conversion -Wassign-enum -Wsign-compare -Wshorten-64-to-32 -Wpointer-sign -Wno-newline-eof -Wno-selector -Wno-strict-selector-match -Wundeclared-selector -Wdeprecated-implementations -Wno-implicit-fallthrough -DDEBUG\=1 -DOBJC_OLD_DISPATCH_PROTOTYPES\=0 -isysroot /Applications/Xcode.app/Contents/Developer/Platforms/iPhoneSimulator.platform/Developer/SDKs/iPhoneSimulator16.0.sdk -fasm-blocks -fstrict-aliasing -Wprotocol -Wdeprecated-declarations -g -Wno-sign-conversion -Winfinite-recursion -Wcomma -Wblock-capture-autoreleasing -Wstrict-prototypes -Wno-semicolon-before-method-body -fobjc-abi-version\=2 -fobjc-legacy-dispatch -D__clang_analyzer__ -Xclang -analyzer-output\=plist-multi-file -Xclang -analyzer-config -Xclang path-diagnostics-alternate\=true -Xclang -analyzer-config -Xclang report-in-main-source-file\=true -Xclang -analyzer-checker -Xclang optin.osx.cocoa.localizability.NonLocalizedStringChecker -Xclang -analyzer-checker -Xclang security.insecureAPI.UncheckedReturn -Xclang -analyzer-checker -Xclang security.insecureAPI.getpw -Xclang -analyzer-checker -Xclang security.insecureAPI.gets -Xclang -analyzer-checker -Xclang security.insecureAPI.mkstemp -Xclang -analyzer-checker -Xclang security.insecureAPI.mktemp -Xclang -analyzer-disable-checker -Xclang security.insecureAPI.rand -Xclang -analyzer-disable-checker -Xclang security.insecureAPI.strcpy -Xclang -analyzer-checker -Xclang security.insecureAPI.vfork -iquote /Users/oikhlas/Library/Developer/Xcode/DerivedData/WebDriverAgent-bcmeffsllcldukgyoimwiehwhvyz/Build/Intermediates.noindex/WebDriverAgent.build/Debug-iphonesimulator/WebDriverAgentLib.build/WebDriverAgentLib-generated-files.hmap -I/Users/oikhlas/Library/Developer/Xcode/DerivedData/WebDriverAgent-bcmeffsllcldukgyoimwiehwhvyz/Build/Intermediates.noindex/WebDriverAgent.build/Debug-iphonesimulator/WebDriverAgentLib.build/WebDriverAgentLib-own-target-headers.hmap -I/Users/oikhlas/Library/Developer/Xcode/DerivedData/WebDriverAgent-bcmeffsllcldukgyoimwiehwhvyz/Build/Intermediates.noindex/WebDriverAgent.build/Debug-iphonesimulator/WebDriverAgentLib.build/WebDriverAgentLib-all-target-headers.hmap -iquote /Users/oikhlas/Library/Developer/Xcode/DerivedData/WebDriverAgent-bcmeffsllcldukgyoimwiehwhvyz/Build/Intermediates.noindex/WebDriverAgent.build/Debug-iphonesimulator/WebDriverAgentLib.build/WebDriverAgentLib-project-headers.hmap -I/Users/oikhlas/Library/Developer/Xcode/DerivedData/WebDriverAgent-bcmeffsllcldukgyoimwiehwhvyz/Build/Products/Debug-iphonesimulator/include -I/Applications/Xcode.app/Contents/Developer/Platforms/iPhoneSimulator.platform/Developer/SDKs/iPhoneSimulator16.0.sdk/usr/include/libxml2 -I/Users/oikhlas/.appium/node_modules/appium-xcuitest-driver/node_modules/appium-webdriveragent/Modules -I/Users/oikhlas/Library/Developer/Xcode/DerivedData/WebDriverAgent-bcmeffsllcldukgyoimwiehwhvyz/Build/Intermediates.noindex/WebDriverAgent.build/Debug-iphonesimulator/WebDriverAgentLib.build/DerivedSources-normal/x86_64 -I/Users/oikhlas/Library/Developer/Xcode/DerivedData/WebDriverAgent-bcmeffsllcldukgyoimwiehwhvyz/Build/Intermediates.noindex/WebDriverAgent.build/Debug-iphonesimulator/WebDriverAgentLib.build/DerivedSources/x86_64 -I/Users/oikhlas/Library/Developer/Xcode/DerivedData/WebDriverAgent-bcmeffsllcldukgyoimwiehwhvyz/Build/Intermediates.noindex/WebDriverAgent.build/Debug-iphonesimulator/WebDriverAgentLib.build/DerivedSources -Weverything -Wno-objc-missing-property-synthesis -Wno-unused-macros -Wno-disabled-macro-expansion -Wno-gnu-statement-expression -Wno-language-extension-token -Wno-overriding-method-mismatch -Wno-missing-variable-declarations -Rno-module-build -Wno-auto-import -Wno-objc-interface-ivars -Wno-documentation-unknown-command -Wno-reserved-id-macro -Wno-unused-parameter -Wno-gnu-conditional-omitted-operand -Wno-explicit-ownership-type -Wno-date-time -Wno-cast-align -Wno-cstring-format-directive -Wno-double-promotion -Wno-partial-availability -Weverything -Wno-objc-missing-property-synthesis -Wno-unused-macros -Wno-disabled-macro-expansion -Wno-gnu-statement-expression -Wno-language-extension-token -Wno-overriding-method-mismatch -Wno-missing-variable-declarations -Rno-module-build -Wno-auto-import -Wno-objc-interface-ivars -Wno-documentation-unknown-command -Wno-reserved-id-macro -Wno-unused-parameter -Wno-gnu-conditional-omitted-operand -Wno-explicit-ownership-type -Wno-date-time -Wno-cast-align -Wno-cstring-format-directive -Wno-double-promotion -Wno-partial-availability -Wno-objc-messaging-id -Wno-direct-ivar-access -Wno-cast-qual -Wno-declaration-after-statement -F/Users/oikhlas/Library/Developer/Xcode/DerivedData/WebDriverAgent-bcmeffsllcldukgyoimwiehwhvyz/Build/Products/Debug-iphonesimulator -F/Applications/Xcode.app/Contents/Developer/Platforms/iPhoneSimulator.platform/Developer/Library/Frameworks -F/Applications/Xcode.app/Contents/Developer/Platforms/iPhoneSimulator.platform/Developer/Library/PrivateFrameworks -iframework /Applications/Xcode.app/Contents/Developer/Platforms/iPhoneSimulator.platform/Developer/SDKs/iPhoneSimulator16.0.sdk/Developer/Library/Frameworks -MMD -MT dependencies -MF /Users/oikhlas/Library/Developer/Xcode/DerivedData/WebDriverAgent-bcmeffsllcldukgyoimwiehwhvyz/Build/Intermediates.noindex/WebDriverAgent.build/Debug-iphonesimulator/WebDriverAgentLib.build/StaticAnalyzer/WebDriverAgent/WebDriverAgentLib/normal/x86_64/FBElementCache.d --analyze /Users/oikhlas/.appium/node_modules/appium-xcuitest-driver/node_modules/appium-webdriveragent/WebDriverAgentLib/Routing/FBElementCache.m -o /Users/oikhlas/Library/Developer/Xcode/DerivedData/WebDriverAgent-bcmeffsllcldukgyoimwiehwhvyz/Build/Intermediates.noindex/WebDriverAgent.build/Debug-iphonesimulator/WebDriverAgentLib.build/StaticAnalyzer/WebDriverAgent/WebDriverAgentLib/normal/x86_64/FBElementCache.plist
&amp#27;[38;5;173m[Xcode]&amp#27;[0m 
&amp#27;[38;5;173m[Xcode]&amp#27;[0m 
&amp#27;[38;5;173m[Xcode]&amp#27;[0m Analyze /Users/oikhlas/.appium/node_modules/appium-xcuitest-driver/node_modules/appium-webdriveragent/WebDriverAgentLib/Routing/FBCommandStatus.m normal x86_64 (in target 'WebDriverAgentLib' from project 'WebDriverAgent')
&amp#27;[38;5;173m[Xcode]&amp#27;[0m     cd /Users/oikhlas/.appium/node_modules/appium-xcuitest-driver/node_modules/appium-webdriveragent
&amp#27;[38;5;173m[Xcode]&amp#27;[0m     /Applications/Xcode.app/Contents/Developer/Toolchains/XcodeDefault.xctoolchain/usr/bin/clang -x objective-c -target x86_64-apple-ios16.0-simulator -fmessage-length\=0 -fdiagnostics-show-note-include-stack -fmacro-backtrace-limit\=0 -std\=gnu99 -fobjc-arc -fmodules -gmodules -fmodules-cache-path\=/Users/oikhlas/Library/Developer/Xcode/DerivedData/ModuleCache.noindex -fmodules-prune-interval\=86400 -fmodules-prune-after\=345600 -fbuild-session-file\=/Users/oikhlas/Library/Developer/Xcode/DerivedData/ModuleCache.noindex/Session.modulevalidation -fmodules-validate-once-per-build-session -Wno-trigraphs -fpascal-strings -O0 -fno-common -Wmissing-field-initializers -Wno-missing-prototypes -Werror\=return-type -Wunreachable-code -Wquoted-include-in-framework-header -Wno-implicit-atomic-properties -Werror\=deprecated-objc-isa-usage -Wno-objc-interface-ivars -Werror\=objc-root-class -Warc-repeated-use-of-weak -Wno-arc-maybe-repeated-use-of-weak -Wimplicit-retain-self -Wduplicate-method-match -Wno-missing-braces -Wparentheses -Wswitch -Wunused-function -Wno-unused-label -Wunused-parameter -Wunused-variable -Wunused-value -Wempty-body -Wuninitialized -Wconditional-uninitialized -Wno-unknown-pragmas -pedantic -Wshadow -Wno-four-char-constants -Wconversion -Wconstant-conversion -Wint-conversion -Wbool-conversion -Wenum-conversion -Wfloat-conversion -Wnon-literal-null-conversion -Wobjc-literal-conversion -Wassign-enum -Wsign-compare -Wshorten-64-to-32 -Wpointer-sign -Wno-newline-eof -Wno-selector -Wno-strict-selector-match -Wundeclared-selector -Wdeprecated-implementations -Wno-implicit-fallthrough -DDEBUG\=1 -DOBJC_OLD_DISPATCH_PROTOTYPES\=0 -isysroot /Applications/Xcode.app/Contents/Developer/Platforms/iPhoneSimulator.platform/Developer/SDKs/iPhoneSimulator16.0.sdk -fasm-blocks -fstrict-aliasing -Wprotocol -Wdeprecated-declarations -g -Wno-sign-conversion -Winfinite-recursion -Wcomma -Wblock-capture-autoreleasing -Wstrict-prototypes -Wno-semicolon-before-method-body -fobjc-abi-version\=2 -fobjc-legacy-dispatch -D__clang_analyzer__ -Xclang -analyzer-output\=plist-multi-file -Xclang -analyzer-config -Xclang path-diagnostics-alternate\=true -Xclang -analyzer-config -Xclang report-in-main-source-file\=true -Xclang -analyzer-checker -Xclang optin.osx.cocoa.localizability.NonLocalizedStringChecker -Xclang -analyzer-checker -Xclang security.insecureAPI.UncheckedReturn -Xclang -analyzer-checker -Xclang security.insecureAPI.getpw -Xclang -analyzer-checker -Xclang security.insecureAPI.gets -Xclang -analyzer-checker -Xclang security.insecureAPI.mkstemp -Xclang -analyzer-checker -Xclang security.insecureAPI.mktemp -Xclang -analyzer-disable-checker -Xclang security.insecureAPI.rand -Xclang -analyzer-disable-checker -Xclang security.insecureAPI.strcpy -Xclang -analyzer-checker -Xclang security.insecureAPI.vfork -iquote /Users/oikhlas/Library/Developer/Xcode/DerivedData/WebDriverAgent-bcmeffsllcldukgyoimwiehwhvyz/Build/Intermediates.noindex/WebDriverAgent.build/Debug-iphonesimulator/WebDriverAgentLib.build/WebDriverAgentLib-generated-files.hmap -I/Users/oikhlas/Library/Developer/Xcode/DerivedData/WebDriverAgent-bcmeffsllcldukgyoimwiehwhvyz/Build/Intermediates.noindex/WebDriverAgent.build/Debug-iphonesimulator/WebDriverAgentLib.build/WebDriverAgentLib-own-target-headers.hmap -I/Users/oikhlas/Library/Developer/Xcode/DerivedData/WebDriverAgent-bcmeffsllcldukgyoimwiehwhvyz/Build/Intermediates.noindex/WebDriverAgent.build/Debug-iphonesimulator/WebDriverAgentLib.build/WebDriverAgentLib-all-target-headers.hmap -iquote /Users/oikhlas/Library/Developer/Xcode/DerivedData/WebDriverAgent-bcmeffsllcldukgyoimwiehwhvyz/Build/Intermediates.noindex/WebDriverAgent.build/Debug-iphonesimulator/WebDriverAgentLib.build/WebDriverAgentLib-project-headers.hmap -I/Users/oikhlas/Library/Developer/Xcode/DerivedData/WebDriverAgent-bcmeffsllcldukgyoimwiehwhvyz/Build/Products/Debug-iphonesimulator/include -I/Applications/Xcode.app/Contents/Developer/Platforms/iPhoneSimulator.platform/Developer/SDKs/iPhoneSimulator16.0.sdk/usr/include/libxml2 -I/Users/oikhlas/.appium/node_modules/appium-xcuitest-driver/node_modules/appium-webdriveragent/Modules -I/Users/oikhlas/Library/Developer/Xcode/DerivedData/WebDriverAgent-bcmeffsllcldukgyoimwiehwhvyz/Build/Intermediates.noindex/WebDriverAgent.build/Debug-iphonesimulator/WebDriverAgentLib.build/DerivedSources-normal/x86_64 -I/Users/oikhlas/Library/Developer/Xcode/DerivedData/WebDriverAgent-bcmeffsllcldukgyoimwiehwhvyz/Build/Intermediates.noindex/WebDriverAgent.build/Debug-iphonesimulator/WebDriverAgentLib.build/DerivedSources/x86_64 -I/Users/oikhlas/Library/Developer/Xcode/DerivedData/WebDriverAgent-bcmeffsllcldukgyoimwiehwhvyz/Build/Intermediates.noindex/WebDriverAgent.build/Debug-iphonesimulator/WebDriverAgentLib.build/DerivedSources -Weverything -Wno-objc-missing-property-synthesis -Wno-unused-macros -Wno-disabled-macro-expansion -Wno-gnu-statement-expression -Wno-language-extension-token -Wno-overriding-method-mismatch -Wno-missing-variable-declarations -Rno-module-build -Wno-auto-import -Wno-objc-interface-ivars -Wno-documentation-unknown-command -Wno-reserved-id-macro -Wno-unused-parameter -Wno-gnu-conditional-omitted-operand -Wno-explicit-ownership-type -Wno-date-time -Wno-cast-align -Wno-cstring-format-directive -Wno-double-promotion -Wno-partial-availability -Weverything -Wno-objc-missing-property-synthesis -Wno-unused-macros -Wno-disabled-macro-expansion -Wno-gnu-statement-expression -Wno-language-extension-token -Wno-overriding-method-mismatch -Wno-missing-variable-declarations -Rno-module-build -Wno-auto-import -Wno-objc-interface-ivars -Wno-documentation-unknown-command -Wno-reserved-id-macro -Wno-unused-parameter -Wno-gnu-conditional-omitted-operand -Wno-explicit-ownership-type -Wno-date-time -Wno-cast-align -Wno-cstring-format-directive -Wno-double-promotion -Wno-partial-availability -Wno-objc-messaging-id -Wno-direct-ivar-access -Wno-cast-qual -Wno-declaration-after-statement -F/Users/oikhlas/Library/Developer/Xcode/DerivedData/WebDriverAgent-bcmeffsllcldukgyoimwiehwhvyz/Build/Products/Debug-iphonesimulator -F/Applications/Xcode.app/Contents/Developer/Platforms/iPhoneSimulator.platform/Developer/Library/Frameworks -F/Applications/Xcode.app/Contents/Developer/Platforms/iPhoneSimulator.platform/Developer/Library/PrivateFrameworks -iframework /Applications/Xcode.app/Contents/Developer/Platforms/iPhoneSimulator.platform/Developer/SDKs/iPhoneSimulator16.0.sdk/Developer/Library/Frameworks -MMD -MT dependencies -MF /Users/oikhlas/Library/Developer/Xcode/DerivedData/WebDriverAgent-bcmeffsllcldukgyoimwiehwhvyz/Build/Intermediates.noindex/WebDriverAgent.build/Debug-iphonesimulator/WebDriverAgentLib.build/StaticAnalyzer/WebDriverAgent/WebDriverAgentLib/normal/x86_64/FBCommandStatus.d --analyze /Users/oikhlas/.appium/node_modules/appium-xcuitest-driver/node_modules/appium-webdriveragent/WebDriverAgentLib/Routing/FBCommandStatus.m -o /Users/oikhlas/Library/Developer/Xcode/DerivedData/WebDriverAgent-bcmeffsllcldukgyoimwiehwhvyz/Build/Intermediates.noindex/WebDriverAgent.build/Debug-iphonesimulator/WebDriverAgentLib.build/StaticAnalyzer/WebDriverAgent/WebDriverAgentLib/normal/x86_64/FBCommandStatus.plist
&amp#27;[38;5;173m[Xcode]&amp#27;[0m 
&amp#27;[38;5;173m[Xcode]&amp#27;[0m 
&amp#27;[38;5;173m[Xcode]&amp#27;[0m Analyze /Users/oikhlas/.appium/node_modules/appium-xcuitest-driver/node_modules/appium-webdriveragent/WebDriverAgentLib/FBApplication.m normal x86_64 (in target 'WebDriverAgentLib' from project 'WebDriverAgent')
&amp#27;[38;5;173m[Xcode]&amp#27;[0m     cd /Users/oikhlas/.appium/node_modules/appium-xcuitest-driver/node_modules/appium-webdriveragent
&amp#27;[38;5;173m[Xcode]&amp#27;[0m     /Applications/Xcode.app/Contents/Developer/Toolchains/XcodeDefault.xctoolchain/usr/bin/clang -x objective-c -target x86_64-apple-ios16.0-simulator -fmessage-length\=0 -fdiagnostics-show-note-include-stack -fmacro-backtrace-limit\=0 -std\=gnu99 -fobjc-arc -fmodules -gmodules -fmodules-cache-path\=/Users/oikhlas/Library/Developer/Xcode/DerivedData/ModuleCache.noindex -fmodules-prune-interval\=86400 -fmodules-prune-after\=345600 -fbuild-session-file\=/Users/oikhlas/Library/Developer/Xcode/DerivedData/ModuleCache.noindex/Session.modulevalidation -fmodules-validate-once-per-build-session -Wno-trigraphs -fpascal-strings -O0 -fno-common -Wmissing-field-initializers -Wno-missing-prototypes -Werror\=return-type -Wunreachable-code -Wquoted-include-in-framework-header -Wno-implicit-atomic-properties -Werror\=deprecated-objc-isa-usage -Wno-objc-interface-ivars -Werror\=objc-root-class -Warc-repeated-use-of-weak -Wno-arc-maybe-repeated-use-of-weak -Wimplicit-retain-self -Wduplicate-method-match -Wno-missing-braces -Wparentheses -Wswitch -Wunused-function -Wno-unused-label -Wunused-parameter -Wunused-variable -Wunused-value -Wempty-body -Wuninitialized -Wconditional-uninitialized -Wno-unknown-pragmas -pedantic -Wshadow -Wno-four-char-constants -Wconversion -Wconstant-conversion -Wint-conversion -Wbool-conversion -Wenum-conversion -Wfloat-conversion -Wnon-literal-null-conversion -Wobjc-literal-conversion -Wassign-enum -Wsign-compare -Wshorten-64-to-32 -Wpointer-sign -Wno-newline-eof -Wno-selector -Wno-strict-selector-match -Wundeclared-selector -Wdeprecated-implementations -Wno-implicit-fallthrough -DDEBUG\=1 -DOBJC_OLD_DISPATCH_PROTOTYPES\=0 -isysroot /Applications/Xcode.app/Contents/Developer/Platforms/iPhoneSimulator.platform/Developer/SDKs/iPhoneSimulator16.0.sdk -fasm-blocks -fstrict-aliasing -Wprotocol -Wdeprecated-declarations -g -Wno-sign-conversion -Winfinite-recursion -Wcomma -Wblock-capture-autoreleasing -Wstrict-prototypes -Wno-semicolon-before-method-body -fobjc-abi-version\=2 -fobjc-legacy-dispatch -D__clang_analyzer__ -Xclang -analyzer-output\=plist-multi-file -Xclang -analyzer-config -Xclang path-diagnostics-alternate\=true -Xclang -analyzer-config -Xclang report-in-main-source-file\=true -Xclang -analyzer-checker -Xclang optin.osx.cocoa.localizability.NonLocalizedStringChecker -Xclang -analyzer-checker -Xclang security.insecureAPI.UncheckedReturn -Xclang -analyzer-checker -Xclang security.insecureAPI.getpw -Xclang -analyzer-checker -Xclang security.insecureAPI.gets -Xclang -analyzer-checker -Xclang security.insecureAPI.mkstemp -Xclang -analyzer-checker -Xclang security.insecureAPI.mktemp -Xclang -analyzer-disable-checker -Xclang security.insecureAPI.rand -Xclang -analyzer-disable-checker -Xclang security.insecureAPI.strcpy -Xclang -analyzer-checker -Xclang security.insecureAPI.vfork -iquote /Users/oikhlas/Library/Developer/Xcode/DerivedData/WebDriverAgent-bcmeffsllcldukgyoimwiehwhvyz/Build/Intermediates.noindex/WebDriverAgent.build/Debug-iphonesimulator/WebDriverAgentLib.build/WebDriverAgentLib-generated-files.hmap -I/Users/oikhlas/Library/Developer/Xcode/DerivedData/WebDriverAgent-bcmeffsllcldukgyoimwiehwhvyz/Build/Intermediates.noindex/WebDriverAgent.build/Debug-iphonesimulator/WebDriverAgentLib.build/WebDriverAgentLib-own-target-headers.hmap -I/Users/oikhlas/Library/Developer/Xcode/DerivedData/WebDriverAgent-bcmeffsllcldukgyoimwiehwhvyz/Build/Intermediates.noindex/WebDriverAgent.build/Debug-iphonesimulator/WebDriverAgentLib.build/WebDriverAgentLib-all-target-headers.hmap -iquote /Users/oikhlas/Library/Developer/Xcode/DerivedData/WebDriverAgent-bcmeffsllcldukgyoimwiehwhvyz/Build/Intermediates.noindex/WebDriverAgent.build/Debug-iphonesimulator/WebDriverAgentLib.build/WebDriverAgentLib-project-headers.hmap -I/Users/oikhlas/Library/Developer/Xcode/DerivedData/WebDriverAgent-bcmeffsllcldukgyoimwiehwhvyz/Build/Products/Debug-iphonesimulator/include -I/Applications/Xcode.app/Contents/Developer/Platforms/iPhoneSimulator.platform/Developer/SDKs/iPhoneSimulator16.0.sdk/usr/include/libxml2 -I/Users/oikhlas/.appium/node_modules/appium-xcuitest-driver/node_modules/appium-webdriveragent/Modules -I/Users/oikhlas/Library/Developer/Xcode/DerivedData/WebDriverAgent-bcmeffsllcldukgyoimwiehwhvyz/Build/Intermediates.noindex/WebDriverAgent.build/Debug-iphonesimulator/WebDriverAgentLib.build/DerivedSources-normal/x86_64 -I/Users/oikhlas/Library/Developer/Xcode/DerivedData/WebDriverAgent-bcmeffsllcldukgyoimwiehwhvyz/Build/Intermediates.noindex/WebDriverAgent.build/Debug-iphonesimulator/WebDriverAgentLib.build/DerivedSources/x86_64 -I/Users/oikhlas/Library/Developer/Xcode/DerivedData/WebDriverAgent-bcmeffsllcldukgyoimwiehwhvyz/Build/Intermediates.noindex/WebDriverAgent.build/Debug-iphonesimulator/WebDriverAgentLib.build/DerivedSources -Weverything -Wno-objc-missing-property-synthesis -Wno-unused-macros -Wno-disabled-macro-expansion -Wno-gnu-statement-expression -Wno-language-extension-token -Wno-overriding-method-mismatch -Wno-missing-variable-declarations -Rno-module-build -Wno-auto-import -Wno-objc-interface-ivars -Wno-documentation-unknown-command -Wno-reserved-id-macro -Wno-unused-parameter -Wno-gnu-conditional-omitted-operand -Wno-explicit-ownership-type -Wno-date-time -Wno-cast-align -Wno-cstring-format-directive -Wno-double-promotion -Wno-partial-availability -Weverything -Wno-objc-missing-property-synthesis -Wno-unused-macros -Wno-disabled-macro-expansion -Wno-gnu-statement-expression -Wno-language-extension-token -Wno-overriding-method-mismatch -Wno-missing-variable-declarations -Rno-module-build -Wno-auto-import -Wno-objc-interface-ivars -Wno-documentation-unknown-command -Wno-reserved-id-macro -Wno-unused-parameter -Wno-gnu-conditional-omitted-operand -Wno-explicit-ownership-type -Wno-date-time -Wno-cast-align -Wno-cstring-format-directive -Wno-double-promotion -Wno-partial-availability -Wno-objc-messaging-id -Wno-direct-ivar-access -Wno-cast-qual -Wno-declaration-after-statement -F/Users/oikhlas/Library/Developer/Xcode/DerivedData/WebDriverAgent-bcmeffsllcldukgyoimwiehwhvyz/Build/Products/Debug-iphonesimulator -F/Applications/Xcode.app/Contents/Developer/Platforms/iPhoneSimulator.platform/Developer/Library/Frameworks -F/Applications/Xcode.app/Contents/Developer/Platforms/iPhoneSimulator.platform/Developer/Library/PrivateFrameworks -iframework /Applications/Xcode.app/Contents/Developer/Platforms/iPhoneSimulator.platform/Developer/SDKs/iPhoneSimulator16.0.sdk/Developer/Library/Frameworks -MMD -MT dependencies -MF /Users/oikhlas/Library/Developer/Xcode/DerivedData/WebDriverAgent-bcmeffsllcldukgyoimwiehwhvyz/Build/Intermediates.noindex/WebDriverAgent.build/Debug-iphonesimulator/WebDriverAgentLib.build/StaticAnalyzer/WebDriverAgent/WebDriverAgentLib/normal/x86_64/FBApplication.d --analyze /Users/oikhlas/.appium/node_modules/appium-xcuitest-driver/node_modules/appium-webdriveragent/WebDriverAgentLib/FBApplication.m -o /Users/oikhlas/Library/Developer/Xcode/DerivedData/WebDriverAgent-bcmeffsllcldukgyoimwiehwhvyz/Build/Intermediates.noindex/WebDriverAgent.build/Debug-iphonesimulator/WebDriverAgentLib.build/StaticAnalyzer/WebDriverAgent/WebDriverAgentLib/normal/x86_64/FBApplication.plist
&amp#27;[38;5;173m[Xcode]&amp#27;[0m 
&amp#27;[38;5;173m[Xcode]&amp#27;[0m 
&amp#27;[38;5;173m[Xcode]&amp#27;[0m Analyze /Users/oikhlas/.appium/node_modules/appium-xcuitest-driver/node_modules/appium-webdriveragent/WebDriverAgentLib/FBAlert.m normal x86_64 (in target 'WebDriverAgentLib' from project 'WebDriverAgent')
&amp#27;[38;5;173m[Xcode]&amp#27;[0m     cd /Users/oikhlas/.appium/node_modules/appium-xcuitest-driver/node_modules/appium-webdriveragent
&amp#27;[38;5;173m[Xcode]&amp#27;[0m     /Applications/Xcode.app/Contents/Developer/Toolchains/XcodeDefault.xctoolchain/usr/bin/clang -x objective-c -target x86_64-apple-ios16.0-simulator -fmessage-length\=0 -fdiagnostics-show-note-include-stack -fmacro-backtrace-limit\=0 -std\=gnu99 -fobjc-arc -fmodules -gmodules -fmodules-cache-path\=/Users/oikhlas/Library/Developer/Xcode/DerivedData/ModuleCache.noindex -fmodules-prune-interval\=86400 -fmodules-prune-after\=345600 -fbuild-session-file\=/Users/oikhlas/Library/Developer/Xcode/DerivedData/ModuleCache.noindex/Session.modulevalidation -fmodules-validate-once-per-build-session -Wno-trigraphs -fpascal-strings -O0 -fno-common -Wmissing-field-initializers -Wno-missing-prototypes -Werror\=return-type -Wunreachable-code -Wquoted-include-in-framework-header -Wno-implicit-atomic-properties -Werror\=deprecated-objc-isa-usage -Wno-objc-interface-ivars -Werror\=objc-root-class -Warc-repeated-use-of-weak -Wno-arc-maybe-repeated-use-of-weak -Wimplicit-retain-self -Wduplicate-method-match -Wno-missing-braces -Wparentheses -Wswitch -Wunused-function -Wno-unused-label -Wunused-parameter -Wunused-variable -Wunused-value -Wempty-body -Wuninitialized -Wconditional-uninitialized -Wno-unknown-pragmas -pedantic -Wshadow -Wno-four-char-constants -Wconversion -Wconstant-conversion -Wint-conversion -Wbool-conversion -Wenum-conversion -Wfloat-conversion -Wnon-literal-null-conversion -Wobjc-literal-conversion -Wassign-enum -Wsign-compare -Wshorten-64-to-32 -Wpointer-sign -Wno-newline-eof -Wno-selector -Wno-strict-selector-match -Wundeclared-selector -Wdeprecated-implementations -Wno-implicit-fallthrough -DDEBUG\=1 -DOBJC_OLD_DISPATCH_PROTOTYPES\=0 -isysroot /Applications/Xcode.app/Contents/Developer/Platforms/iPhoneSimulator.platform/Developer/SDKs/iPhoneSimulator16.0.sdk -fasm-blocks -fstrict-aliasing -Wprotocol -Wdeprecated-declarations -g -Wno-sign-conversion -Winfinite-recursion -Wcomma -Wblock-capture-autoreleasing -Wstrict-prototypes -Wno-semicolon-before-method-body -fobjc-abi-version\=2 -fobjc-legacy-dispatch -D__clang_analyzer__ -Xclang -analyzer-output\=plist-multi-file -Xclang -analyzer-config -Xclang path-diagnostics-alternate\=true -Xclang -analyzer-config -Xclang report-in-main-source-file\=true -Xclang -analyzer-checker -Xclang optin.osx.cocoa.localizability.NonLocalizedStringChecker -Xclang -analyzer-checker -Xclang security.insecureAPI.UncheckedReturn -Xclang -analyzer-checker -Xclang security.insecureAPI.getpw -Xclang -analyzer-checker -Xclang security.insecureAPI.gets -Xclang -analyzer-checker -Xclang security.insecureAPI.mkstemp -Xclang -analyzer-checker -Xclang security.insecureAPI.mktemp -Xclang -analyzer-disable-checker -Xclang security.insecureAPI.rand -Xclang -analyzer-disable-checker -Xclang security.insecureAPI.strcpy -Xclang -analyzer-checker -Xclang security.insecureAPI.vfork -iquote /Users/oikhlas/Library/Developer/Xcode/DerivedData/WebDriverAgent-bcmeffsllcldukgyoimwiehwhvyz/Build/Intermediates.noindex/WebDriverAgent.build/Debug-iphonesimulator/WebDriverAgentLib.build/WebDriverAgentLib-generated-files.hmap -I/Users/oikhlas/Library/Developer/Xcode/DerivedData/WebDriverAgent-bcmeffsllcldukgyoimwiehwhvyz/Build/Intermediates.noindex/WebDriverAgent.build/Debug-iphonesimulator/WebDriverAgentLib.build/WebDriverAgentLib-own-target-headers.hmap -I/Users/oikhlas/Library/Developer/Xcode/DerivedData/WebDriverAgent-bcmeffsllcldukgyoimwiehwhvyz/Build/Intermediates.noindex/WebDriverAgent.build/Debug-iphonesimulator/WebDriverAgentLib.build/WebDriverAgentLib-all-target-headers.hmap -iquote /Users/oikhlas/Library/Developer/Xcode/DerivedData/WebDriverAgent-bcmeffsllcldukgyoimwiehwhvyz/Build/Intermediates.noindex/WebDriverAgent.build/Debug-iphonesimulator/WebDriverAgentLib.build/WebDriverAgentLib-project-headers.hmap -I/Users/oikhlas/Library/Developer/Xcode/DerivedData/WebDriverAgent-bcmeffsllcldukgyoimwiehwhvyz/Build/Products/Debug-iphonesimulator/include -I/Applications/Xcode.app/Contents/Developer/Platforms/iPhoneSimulator.platform/Developer/SDKs/iPhoneSimulator16.0.sdk/usr/include/libxml2 -I/Users/oikhlas/.appium/node_modules/appium-xcuitest-driver/node_modules/appium-webdriveragent/Modules -I/Users/oikhlas/Library/Developer/Xcode/DerivedData/WebDriverAgent-bcmeffsllcldukgyoimwiehwhvyz/Build/Intermediates.noindex/WebDriverAgent.build/Debug-iphonesimulator/WebDriverAgentLib.build/DerivedSources-normal/x86_64 -I/Users/oikhlas/Library/Developer/Xcode/DerivedData/WebDriverAgent-bcmeffsllcldukgyoimwiehwhvyz/Build/Intermediates.noindex/WebDriverAgent.build/Debug-iphonesimulator/WebDriverAgentLib.build/DerivedSources/x86_64 -I/Users/oikhlas/Library/Developer/Xcode/DerivedData/WebDriverAgent-bcmeffsllcldukgyoimwiehwhvyz/Build/Intermediates.noindex/WebDriverAgent.build/Debug-iphonesimulator/WebDriverAgentLib.build/DerivedSources -Weverything -Wno-objc-missing-property-synthesis -Wno-unused-macros -Wno-disabled-macro-expansion -Wno-gnu-statement-expression -Wno-language-extension-token -Wno-overriding-method-mismatch -Wno-missing-variable-declarations -Rno-module-build -Wno-auto-import -Wno-objc-interface-ivars -Wno-documentation-unknown-command -Wno-reserved-id-macro -Wno-unused-parameter -Wno-gnu-conditional-omitted-operand -Wno-explicit-ownership-type -Wno-date-time -Wno-cast-align -Wno-cstring-format-directive -Wno-double-promotion -Wno-partial-availability -Weverything -Wno-objc-missing-property-synthesis -Wno-unused-macros -Wno-disabled-macro-expansion -Wno-gnu-statement-expression -Wno-language-extension-token -Wno-overriding-method-mismatch -Wno-missing-variable-declarations -Rno-module-build -Wno-auto-import -Wno-objc-interface-ivars -Wno-documentation-unknown-command -Wno-reserved-id-macro -Wno-unused-parameter -Wno-gnu-conditional-omitted-operand -Wno-explicit-ownership-type -Wno-date-time -Wno-cast-align -Wno-cstring-format-directive -Wno-double-promotion -Wno-partial-availability -Wno-objc-messaging-id -Wno-direct-ivar-access -Wno-cast-qual -Wno-declaration-after-statement -F/Users/oikhlas/Library/Developer/Xcode/DerivedData/WebDriverAgent-bcmeffsllcldukgyoimwiehwhvyz/Build/Products/Debug-iphonesimulator -F/Applications/Xcode.app/Contents/Developer/Platforms/iPhoneSimulator.platform/Developer/Library/Frameworks -F/Applications/Xcode.app/Contents/Developer/Platforms/iPhoneSimulator.platform/Developer/Library/PrivateFrameworks -iframework /Applications/Xcode.app/Contents/Developer/Platforms/iPhoneSimulator.platform/Developer/SDKs/iPhoneSimulator16.0.sdk/Developer/Library/Frameworks -MMD -MT dependencies -MF /Users/oikhlas/Library/Developer/Xcode/DerivedData/WebDriverAgent-bcmeffsllcldukgyoimwiehwhvyz/Build/Intermediates.noindex/WebDriverAgent.build/Debug-iphonesimulator/WebDriverAgentLib.build/StaticAnalyzer/WebDriverAgent/WebDriverAgentLib/normal/x86_64/FBAlert.d --analyze /Users/oikhlas/.appium/node_modules/appium-xcuitest-driver/node_modules/appium-webdriveragent/WebDriverAgentLib/FBAlert.m -o /Users/oikhlas/Library/Developer/Xcode/DerivedData/WebDriverAgent-bcmeffsllcldukgyoimwiehwhvyz/Build/Intermediates.noindex/WebDriverAgent.build/Debug-iphonesimulator/WebDriverAgentLib.build/StaticAnalyzer/WebDriverAgent/WebDriverAgentLib/normal/x86_64/FBAlert.plist
&amp#27;[38;5;173m[Xcode]&amp#27;[0m 
&amp#27;[38;5;173m[Xcode]&amp#27;[0m 
&amp#27;[38;5;173m[Xcode]&amp#27;[0m Analyze /Users/oikhlas/.appium/node_modules/appium-xcuitest-driver/node_modules/appium-webdriveragent/WebDriverAgentLib/Commands/FBUnknownCommands.m normal x86_64 (in target 'WebDriverAgentLib' from project 'WebDriverAgent')
&amp#27;[38;5;173m[Xcode]&amp#27;[0m     cd /Users/oikhlas/.appium/node_modules/appium-xcuitest-driver/node_modules/appium-webdriveragent
&amp#27;[38;5;173m[Xcode]&amp#27;[0m     /Applications/Xcode.app/Contents/Developer/Toolchains/XcodeDefault.xctoolchain/usr/bin/clang -x objective-c -target x86_64-apple-ios16.0-simulator -fmessage-length\=0 -fdiagnostics-show-note-include-stack -fmacro-backtrace-limit\=0 -std\=gnu99 -fobjc-arc -fmodules -gmodules -fmodules-cache-path\=/Users/oikhlas/Library/Developer/Xcode/DerivedData/ModuleCache.noindex -fmodules-prune-interval\=86400 -fmodules-prune-after\=345600 -fbuild-session-file\=/Users/oikhlas/Library/Developer/Xcode/DerivedData/ModuleCache.noindex/Session.modulevalidation -fmodules-validate-once-per-build-session -Wno-trigraphs -fpascal-strings -O0 -fno-common -Wmissing-field-initializers -Wno-missing-prototypes -Werror\=return-type -Wunreachable-code -Wquoted-include-in-framework-header -Wno-implicit-atomic-properties -Werror\=deprecated-objc-isa-usage -Wno-objc-interface-ivars -Werror\=objc-root-class -Warc-repeated-use-of-weak -Wno-arc-maybe-repeated-use-of-weak -Wimplicit-retain-self -Wduplicate-method-match -Wno-missing-braces -Wparentheses -Wswitch -Wunused-function -Wno-unused-label -Wunused-parameter -Wunused-variable -Wunused-value -Wempty-body -Wuninitialized -Wconditional-uninitialized -Wno-unknown-pragmas -pedantic -Wshadow -Wno-four-char-constants -Wconversion -Wconstant-conversion -Wint-conversion -Wbool-conversion -Wenum-conversion -Wfloat-conversion -Wnon-literal-null-conversion -Wobjc-literal-conversion -Wassign-enum -Wsign-compare -Wshorten-64-to-32 -Wpointer-sign -Wno-newline-eof -Wno-selector -Wno-strict-selector-match -Wundeclared-selector -Wdeprecated-implementations -Wno-implicit-fallthrough -DDEBUG\=1 -DOBJC_OLD_DISPATCH_PROTOTYPES\=0 -isysroot /Applications/Xcode.app/Contents/Developer/Platforms/iPhoneSimulator.platform/Developer/SDKs/iPhoneSimulator16.0.sdk -fasm-blocks -fstrict-aliasing -Wprotocol -Wdeprecated-declarations -g -Wno-sign-conversion -Winfinite-recursion -Wcomma -Wblock-capture-autoreleasing -Wstrict-prototypes -Wno-semicolon-before-method-body -fobjc-abi-version\=2 -fobjc-legacy-dispatch -D__clang_analyzer__ -Xclang -analyzer-output\=plist-multi-file -Xclang -analyzer-config -Xclang path-diagnostics-alternate\=true -Xclang -analyzer-config -Xclang report-in-main-source-file\=true -Xclang -analyzer-checker -Xclang optin.osx.cocoa.localizability.NonLocalizedStringChecker -Xclang -analyzer-checker -Xclang security.insecureAPI.UncheckedReturn -Xclang -analyzer-checker -Xclang security.insecureAPI.getpw -Xclang -analyzer-checker -Xclang security.insecureAPI.gets -Xclang -analyzer-checker -Xclang security.insecureAPI.mkstemp -Xclang -analyzer-checker -Xclang security.insecureAPI.mktemp -Xclang -analyzer-disable-checker -Xclang security.insecureAPI.rand -Xclang -analyzer-disable-checker -Xclang security.insecureAPI.strcpy -Xclang -analyzer-checker -Xclang security.insecureAPI.vfork -iquote /Users/oikhlas/Library/Developer/Xcode/DerivedData/WebDriverAgent-bcmeffsllcldukgyoimwiehwhvyz/Build/Intermediates.noindex/WebDriverAgent.build/Debug-iphonesimulator/WebDriverAgentLib.build/WebDriverAgentLib-generated-files.hmap -I/Users/oikhlas/Library/Developer/Xcode/DerivedData/WebDriverAgent-bcmeffsllcldukgyoimwiehwhvyz/Build/Intermediates.noindex/WebDriverAgent.build/Debug-iphonesimulator/WebDriverAgentLib.build/WebDriverAgentLib-own-target-headers.hmap -I/Users/oikhlas/Library/Developer/Xcode/DerivedData/WebDriverAgent-bcmeffsllcldukgyoimwiehwhvyz/Build/Intermediates.noindex/WebDriverAgent.build/Debug-iphonesimulator/WebDriverAgentLib.build/WebDriverAgentLib-all-target-headers.hmap -iquote /Users/oikhlas/Library/Developer/Xcode/DerivedData/WebDriverAgent-bcmeffsllcldukgyoimwiehwhvyz/Build/Intermediates.noindex/WebDriverAgent.build/Debug-iphonesimulator/WebDriverAgentLib.build/WebDriverAgentLib-project-headers.hmap -I/Users/oikhlas/Library/Developer/Xcode/DerivedData/WebDriverAgent-bcmeffsllcldukgyoimwiehwhvyz/Build/Products/Debug-iphonesimulator/include -I/Applications/Xcode.app/Contents/Developer/Platforms/iPhoneSimulator.platform/Developer/SDKs/iPhoneSimulator16.0.sdk/usr/include/libxml2 -I/Users/oikhlas/.appium/node_modules/appium-xcuitest-driver/node_modules/appium-webdriveragent/Modules -I/Users/oikhlas/Library/Developer/Xcode/DerivedData/WebDriverAgent-bcmeffsllcldukgyoimwiehwhvyz/Build/Intermediates.noindex/WebDriverAgent.build/Debug-iphonesimulator/WebDriverAgentLib.build/DerivedSources-normal/x86_64 -I/Users/oikhlas/Library/Developer/Xcode/DerivedData/WebDriverAgent-bcmeffsllcldukgyoimwiehwhvyz/Build/Intermediates.noindex/WebDriverAgent.build/Debug-iphonesimulator/WebDriverAgentLib.build/DerivedSources/x86_64 -I/Users/oikhlas/Library/Developer/Xcode/DerivedData/WebDriverAgent-bcmeffsllcldukgyoimwiehwhvyz/Build/Intermediates.noindex/WebDriverAgent.build/Debug-iphonesimulator/WebDriverAgentLib.build/DerivedSources -Weverything -Wno-objc-missing-property-synthesis -Wno-unused-macros -Wno-disabled-macro-expansion -Wno-gnu-statement-expression -Wno-language-extension-token -Wno-overriding-method-mismatch -Wno-missing-variable-declarations -Rno-module-build -Wno-auto-import -Wno-objc-interface-ivars -Wno-documentation-unknown-command -Wno-reserved-id-macro -Wno-unused-parameter -Wno-gnu-conditional-omitted-operand -Wno-explicit-ownership-type -Wno-date-time -Wno-cast-align -Wno-cstring-format-directive -Wno-double-promotion -Wno-partial-availability -Weverything -Wno-objc-missing-property-synthesis -Wno-unused-macros -Wno-disabled-macro-expansion -Wno-gnu-statement-expression -Wno-language-extension-token -Wno-overriding-method-mismatch -Wno-missing-variable-declarations -Rno-module-build -Wno-auto-import -Wno-objc-interface-ivars -Wno-documentation-unknown-command -Wno-reserved-id-macro -Wno-unused-parameter -Wno-gnu-conditional-omitted-operand -Wno-explicit-ownership-type -Wno-date-time -Wno-cast-align -Wno-cstring-format-directive -Wno-double-promotion -Wno-partial-availability -Wno-objc-messaging-id -Wno-direct-ivar-access -Wno-cast-qual -Wno-declaration-after-statement -F/Users/oikhlas/Library/Developer/Xcode/DerivedData/WebDriverAgent-bcmeffsllcldukgyoimwiehwhvyz/Build/Products/Debug-iphonesimulator -F/Applications/Xcode.app/Contents/Developer/Platforms/iPhoneSimulator.platform/Developer/Library/Frameworks -F/Applications/Xcode.app/Contents/Developer/Platforms/iPhoneSimulator.platform/Developer/Library/PrivateFrameworks -iframework /Applications/Xcode.app/Contents/Developer/Platforms/iPhoneSimulator.platform/Developer/SDKs/iPhoneSimulator16.0.sdk/Developer/Library/Frameworks -MMD -MT dependencies -MF /Users/oikhlas/Library/Developer/Xcode/DerivedData/WebDriverAgent-bcmeffsllcldukgyoimwiehwhvyz/Build/Intermediates.noindex/WebDriverAgent.build/Debug-iphonesimulator/WebDriverAgentLib.build/StaticAnalyzer/WebDriverAgent/WebDriverAgentLib/normal/x86_64/FBUnknownCommands.d --analyze /Users/oikhlas/.appium/node_modules/appium-xcuitest-driver/node_modules/appium-webdriveragent/WebDriverAgentLib/Commands/FBUnknownCommands.m -o /Users/oikhlas/Library/Developer/Xcode/DerivedData/WebDriverAgent-bcmeffsllcldukgyoimwiehwhvyz/Build/Intermediates.noindex/WebDriverAgent.build/Debug-iphonesimulator/WebDriverAgentLib.build/StaticAnalyzer/WebDriverAgent/WebDriverAgentLib/normal/x86_64/FBUnknownCommands.plist
&amp#27;[38;5;173m[Xcode]&amp#27;[0m 
&amp#27;[38;5;173m[Xcode]&amp#27;[0m 
&amp#27;[38;5;173m[Xcode]&amp#27;[0m Analyze /Users/oikhlas/.appium/node_modules/appium-xcuitest-driver/node_modules/appium-webdriveragent/WebDriverAgentLib/Commands/FBTouchIDCommands.m normal x86_64 (in target 'WebDriverAgentLib' from project 'WebDriverAgent')
&amp#27;[38;5;173m[Xcode]&amp#27;[0m     cd /Users/oikhlas/.appium/node_modules/appium-xcuitest-driver/node_modules/appium-webdriveragent
&amp#27;[38;5;173m[Xcode]&amp#27;[0m     /Applications/Xcode.app/Contents/Developer/Toolchains/XcodeDefault.xctoolchain/usr/bin/clang -x objective-c -target x86_64-apple-ios16.0-simulator -fmessage-length\=0 -fdiagnostics-show-note-include-stack -fmacro-backtrace-limit\=0 -std\=gnu99 -fobjc-arc -fmodules -gmodules -fmodules-cache-path\=/Users/oikhlas/Library/Developer/Xcode/DerivedData/ModuleCache.noindex -fmodules-prune-interval\=86400 -fmodules-prune-after\=345600 -fbuild-session-file\=/Users/oikhlas/Library/Developer/Xcode/DerivedData/ModuleCache.noindex/Session.modulevalidation -fmodules-validate-once-per-build-session -Wno-trigraphs -fpascal-strings -O0 -fno-common -Wmissing-field-initializers -Wno-missing-prototypes -Werror\=return-type -Wunreachable-code -Wquoted-include-in-framework-header -Wno-implicit-atomic-properties -Werror\=deprecated-objc-isa-usage -Wno-objc-interface-ivars -Werror\=objc-root-class -Warc-repeated-use-of-weak -Wno-arc-maybe-repeated-use-of-weak -Wimplicit-retain-self -Wduplicate-method-match -Wno-missing-braces -Wparentheses -Wswitch -Wunused-function -Wno-unused-label -Wunused-parameter -Wunused-variable -Wunused-value -Wempty-body -Wuninitialized -Wconditional-uninitialized -Wno-unknown-pragmas -pedantic -Wshadow -Wno-four-char-constants -Wconversion -Wconstant-conversion -Wint-conversion -Wbool-conversion -Wenum-conversion -Wfloat-conversion -Wnon-literal-null-conversion -Wobjc-literal-conversion -Wassign-enum -Wsign-compare -Wshorten-64-to-32 -Wpointer-sign -Wno-newline-eof -Wno-selector -Wno-strict-selector-match -Wundeclared-selector -Wdeprecated-implementations -Wno-implicit-fallthrough -DDEBUG\=1 -DOBJC_OLD_DISPATCH_PROTOTYPES\=0 -isysroot /Applications/Xcode.app/Contents/Developer/Platforms/iPhoneSimulator.platform/Developer/SDKs/iPhoneSimulator16.0.sdk -fasm-blocks -fstrict-aliasing -Wprotocol -Wdeprecated-declarations -g -Wno-sign-conversion -Winfinite-recursion -Wcomma -Wblock-capture-autoreleasing -Wstrict-prototypes -Wno-semicolon-before-method-body -fobjc-abi-version\=2 -fobjc-legacy-dispatch -D__clang_analyzer__ -Xclang -analyzer-output\=plist-multi-file -Xclang -analyzer-config -Xclang path-diagnostics-alternate\=true -Xclang -analyzer-config -Xclang report-in-main-source-file\=true -Xclang -analyzer-checker -Xclang optin.osx.cocoa.localizability.NonLocalizedStringChecker -Xclang -analyzer-checker -Xclang security.insecureAPI.UncheckedReturn -Xclang -analyzer-checker -Xclang security.insecureAPI.getpw -Xclang -analyzer-checker -Xclang security.insecureAPI.gets -Xclang -analyzer-checker -Xclang security.insecureAPI.mkstemp -Xclang -analyzer-checker -Xclang security.insecureAPI.mktemp -Xclang -analyzer-disable-checker -Xclang security.insecureAPI.rand -Xclang -analyzer-disable-checker -Xclang security.insecureAPI.strcpy -Xclang -analyzer-checker -Xclang security.insecureAPI.vfork -iquote /Users/oikhlas/Library/Developer/Xcode/DerivedData/WebDriverAgent-bcmeffsllcldukgyoimwiehwhvyz/Build/Intermediates.noindex/WebDriverAgent.build/Debug-iphonesimulator/WebDriverAgentLib.build/WebDriverAgentLib-generated-files.hmap -I/Users/oikhlas/Library/Developer/Xcode/DerivedData/WebDriverAgent-bcmeffsllcldukgyoimwiehwhvyz/Build/Intermediates.noindex/WebDriverAgent.build/Debug-iphonesimulator/WebDriverAgentLib.build/WebDriverAgentLib-own-target-headers.hmap -I/Users/oikhlas/Library/Developer/Xcode/DerivedData/WebDriverAgent-bcmeffsllcldukgyoimwiehwhvyz/Build/Intermediates.noindex/WebDriverAgent.build/Debug-iphonesimulator/WebDriverAgentLib.build/WebDriverAgentLib-all-target-headers.hmap -iquote /Users/oikhlas/Library/Developer/Xcode/DerivedData/WebDriverAgent-bcmeffsllcldukgyoimwiehwhvyz/Build/Intermediates.noindex/WebDriverAgent.build/Debug-iphonesimulator/WebDriverAgentLib.build/WebDriverAgentLib-project-headers.hmap -I/Users/oikhlas/Library/Developer/Xcode/DerivedData/WebDriverAgent-bcmeffsllcldukgyoimwiehwhvyz/Build/Products/Debug-iphonesimulator/include -I/Applications/Xcode.app/Contents/Developer/Platforms/iPhoneSimulator.platform/Developer/SDKs/iPhoneSimulator16.0.sdk/usr/include/libxml2 -I/Users/oikhlas/.appium/node_modules/appium-xcuitest-driver/node_modules/appium-webdriveragent/Modules -I/Users/oikhlas/Library/Developer/Xcode/DerivedData/WebDriverAgent-bcmeffsllcldukgyoimwiehwhvyz/Build/Intermediates.noindex/WebDriverAgent.build/Debug-iphonesimulator/WebDriverAgentLib.build/DerivedSources-normal/x86_64 -I/Users/oikhlas/Library/Developer/Xcode/DerivedData/WebDriverAgent-bcmeffsllcldukgyoimwiehwhvyz/Build/Intermediates.noindex/WebDriverAgent.build/Debug-iphonesimulator/WebDriverAgentLib.build/DerivedSources/x86_64 -I/Users/oikhlas/Library/Developer/Xcode/DerivedData/WebDriverAgent-bcmeffsllcldukgyoimwiehwhvyz/Build/Intermediates.noindex/WebDriverAgent.build/Debug-iphonesimulator/WebDriverAgentLib.build/DerivedSources -Weverything -Wno-objc-missing-property-synthesis -Wno-unused-macros -Wno-disabled-macro-expansion -Wno-gnu-statement-expression -Wno-language-extension-token -Wno-overriding-method-mismatch -Wno-missing-variable-declarations -Rno-module-build -Wno-auto-import -Wno-objc-interface-ivars -Wno-documentation-unknown-command -Wno-reserved-id-macro -Wno-unused-parameter -Wno-gnu-conditional-omitted-operand -Wno-explicit-ownership-type -Wno-date-time -Wno-cast-align -Wno-cstring-format-directive -Wno-double-promotion -Wno-partial-availability -Weverything -Wno-objc-missing-property-synthesis -Wno-unused-macros -Wno-disabled-macro-expansion -Wno-gnu-statement-expression -Wno-language-extension-token -Wno-overriding-method-mismatch -Wno-missing-variable-declarations -Rno-module-build -Wno-auto-import -Wno-objc-interface-ivars -Wno-documentation-unknown-command -Wno-reserved-id-macro -Wno-unused-parameter -Wno-gnu-conditional-omitted-operand -Wno-explicit-ownership-type -Wno-date-time -Wno-cast-align -Wno-cstring-format-directive -Wno-double-promotion -Wno-partial-availability -Wno-objc-messaging-id -Wno-direct-ivar-access -Wno-cast-qual -Wno-declaration-after-statement -F/Users/oikhlas/Library/Developer/Xcode/DerivedData/WebDriverAgent-bcmeffsllcldukgyoimwiehwhvyz/Build/Products/Debug-iphonesimulator -F/Applications/Xcode.app/Contents/Developer/Platforms/iPhoneSimulator.platform/Developer/Library/Frameworks -F/Applications/Xcode.app/Contents/Developer/Platforms/iPhoneSimulator.platform/Developer/Library/PrivateFrameworks -iframework /Applications/Xcode.app/Contents/Developer/Platforms/iPhoneSimulator.platform/Developer/SDKs/iPhoneSimulator16.0.sdk/Developer/Library/Frameworks -MMD -MT dependencies -MF /Users/oikhlas/Library/Developer/Xcode/DerivedData/WebDriverAgent-bcmeffsllcldukgyoimwiehwhvyz/Build/Intermediates.noindex/WebDriverAgent.build/Debug-iphonesimulator/WebDriverAgentLib.build/StaticAnalyzer/WebDriverAgent/WebDriverAgentLib/normal/x86_64/FBTouchIDCommands.d --analyze /Users/oikhlas/.appium/node_modules/appium-xcuitest-driver/node_modules/appium-webdriveragent/WebDriverAgentLib/Commands/FBTouchIDCommands.m -o /Users/oikhlas/Library/Developer/Xcode/DerivedData/WebDriverAgent-bcmeffsllcldukgyoimwiehwhvyz/Build/Intermediates.noindex/WebDriverAgent.build/Debug-iphonesimulator/WebDriverAgentLib.build/StaticAnalyzer/WebDriverAgent/WebDriverAgentLib/normal/x86_64/FBTouchIDCommands.plist
&amp#27;[38;5;173m[Xcode]&amp#27;[0m 
&amp#27;[38;5;173m[Xcode]&amp#27;[0m 
&amp#27;[38;5;173m[Xcode]&amp#27;[0m Analyze /Users/oikhlas/.appium/node_modules/appium-xcuitest-driver/node_modules/appium-webdriveragent/WebDriverAgentLib/Commands/FBTouchActionCommands.m normal x86_64 (in target 'WebDriverAgentLib' from project 'WebDriverAgent')
&amp#27;[38;5;173m[Xcode]&amp#27;[0m     cd /Users/oikhlas/.appium/node_modules/appium-xcuitest-driver/node_modules/appium-webdriveragent
&amp#27;[38;5;173m[Xcode]&amp#27;[0m     /Applications/Xcode.app/Contents/Developer/Toolchains/XcodeDefault.xctoolchain/usr/bin/clang -x objective-c -target x86_64-apple-ios16.0-simulator -fmessage-length\=0 -fdiagnostics-show-note-include-stack -fmacro-backtrace-limit\=0 -std\=gnu99 -fobjc-arc -fmodules -gmodules -fmodules-cache-path\=/Users/oikhlas/Library/Developer/Xcode/DerivedData/ModuleCache.noindex -fmodules-prune-interval\=86400 -fmodules-prune-after\=345600 -fbuild-session-file\=/Users/oikhlas/Library/Developer/Xcode/DerivedData/ModuleCache.noindex/Session.modulevalidation -fmodules-validate-once-per-build-session -Wno-trigraphs -fpascal-strings -O0 -fno-common -Wmissing-field-initializers -Wno-missing-prototypes -Werror\=return-type -Wunreachable-code -Wquoted-include-in-framework-header -Wno-implicit-atomic-properties -Werror\=deprecated-objc-isa-usage -Wno-objc-interface-ivars -Werror\=objc-root-class -Warc-repeated-use-of-weak -Wno-arc-maybe-repeated-use-of-weak -Wimplicit-retain-self -Wduplicate-method-match -Wno-missing-braces -Wparentheses -Wswitch -Wunused-function -Wno-unused-label -Wunused-parameter -Wunused-variable -Wunused-value -Wempty-body -Wuninitialized -Wconditional-uninitialized -Wno-unknown-pragmas -pedantic -Wshadow -Wno-four-char-constants -Wconversion -Wconstant-conversion -Wint-conversion -Wbool-conversion -Wenum-conversion -Wfloat-conversion -Wnon-literal-null-conversion -Wobjc-literal-conversion -Wassign-enum -Wsign-compare -Wshorten-64-to-32 -Wpointer-sign -Wno-newline-eof -Wno-selector -Wno-strict-selector-match -Wundeclared-selector -Wdeprecated-implementations -Wno-implicit-fallthrough -DDEBUG\=1 -DOBJC_OLD_DISPATCH_PROTOTYPES\=0 -isysroot /Applications/Xcode.app/Contents/Developer/Platforms/iPhoneSimulator.platform/Developer/SDKs/iPhoneSimulator16.0.sdk -fasm-blocks -fstrict-aliasing -Wprotocol -Wdeprecated-declarations -g -Wno-sign-conversion -Winfinite-recursion -Wcomma -Wblock-capture-autoreleasing -Wstrict-prototypes -Wno-semicolon-before-method-body -fobjc-abi-version\=2 -fobjc-legacy-dispatch -D__clang_analyzer__ -Xclang -analyzer-output\=plist-multi-file -Xclang -analyzer-config -Xclang path-diagnostics-alternate\=true -Xclang -analyzer-config -Xclang report-in-main-source-file\=true -Xclang -analyzer-checker -Xclang optin.osx.cocoa.localizability.NonLocalizedStringChecker -Xclang -analyzer-checker -Xclang security.insecureAPI.UncheckedReturn -Xclang -analyzer-checker -Xclang security.insecureAPI.getpw -Xclang -analyzer-checker -Xclang security.insecureAPI.gets -Xclang -analyzer-checker -Xclang security.insecureAPI.mkstemp -Xclang -analyzer-checker -Xclang security.insecureAPI.mktemp -Xclang -analyzer-disable-checker -Xclang security.insecureAPI.rand -Xclang -analyzer-disable-checker -Xclang security.insecureAPI.strcpy -Xclang -analyzer-checker -Xclang security.insecureAPI.vfork -iquote /Users/oikhlas/Library/Developer/Xcode/DerivedData/WebDriverAgent-bcmeffsllcldukgyoimwiehwhvyz/Build/Intermediates.noindex/WebDriverAgent.build/Debug-iphonesimulator/WebDriverAgentLib.build/WebDriverAgentLib-generated-files.hmap -I/Users/oikhlas/Library/Developer/Xcode/DerivedData/WebDriverAgent-bcmeffsllcldukgyoimwiehwhvyz/Build/Intermediates.noindex/WebDriverAgent.build/Debug-iphonesimulator/WebDriverAgentLib.build/WebDriverAgentLib-own-target-headers.hmap -I/Users/oikhlas/Library/Developer/Xcode/DerivedData/WebDriverAgent-bcmeffsllcldukgyoimwiehwhvyz/Build/Intermediates.noindex/WebDriverAgent.build/Debug-iphonesimulator/WebDriverAgentLib.build/WebDriverAgentLib-all-target-headers.hmap -iquote /Users/oikhlas/Library/Developer/Xcode/DerivedData/WebDriverAgent-bcmeffsllcldukgyoimwiehwhvyz/Build/Intermediates.noindex/WebDriverAgent.build/Debug-iphonesimulator/WebDriverAgentLib.build/WebDriverAgentLib-project-headers.hmap -I/Users/oikhlas/Library/Developer/Xcode/DerivedData/WebDriverAgent-bcmeffsllcldukgyoimwiehwhvyz/Build/Products/Debug-iphonesimulator/include -I/Applications/Xcode.app/Contents/Developer/Platforms/iPhoneSimulator.platform/Developer/SDKs/iPhoneSimulator16.0.sdk/usr/include/libxml2 -I/Users/oikhlas/.appium/node_modules/appium-xcuitest-driver/node_modules/appium-webdriveragent/Modules -I/Users/oikhlas/Library/Developer/Xcode/DerivedData/WebDriverAgent-bcmeffsllcldukgyoimwiehwhvyz/Build/Intermediates.noindex/WebDriverAgent.build/Debug-iphonesimulator/WebDriverAgentLib.build/DerivedSources-normal/x86_64 -I/Users/oikhlas/Library/Developer/Xcode/DerivedData/WebDriverAgent-bcmeffsllcldukgyoimwiehwhvyz/Build/Intermediates.noindex/WebDriverAgent.build/Debug-iphonesimulator/WebDriverAgentLib.build/DerivedSources/x86_64 -I/Users/oikhlas/Library/Developer/Xcode/DerivedData/WebDriverAgent-bcmeffsllcldukgyoimwiehwhvyz/Build/Intermediates.noindex/WebDriverAgent.build/Debug-iphonesimulator/WebDriverAgentLib.build/DerivedSources -Weverything -Wno-objc-missing-property-synthesis -Wno-unused-macros -Wno-disabled-macro-expansion -Wno-gnu-statement-expression -Wno-language-extension-token -Wno-overriding-method-mismatch -Wno-missing-variable-declarations -Rno-module-build -Wno-auto-import -Wno-objc-interface-ivars -Wno-documentation-unknown-command -Wno-reserved-id-macro -Wno-unused-parameter -Wno-gnu-conditional-omitted-operand -Wno-explicit-ownership-type -Wno-date-time -Wno-cast-align -Wno-cstring-format-directive -Wno-double-promotion -Wno-partial-availability -Weverything -Wno-objc-missing-property-synthesis -Wno-unused-macros -Wno-disabled-macro-expansion -Wno-gnu-statement-expression -Wno-language-extension-token -Wno-overriding-method-mismatch -Wno-missing-variable-declarations -Rno-module-build -Wno-auto-import -Wno-objc-interface-ivars -Wno-documentation-unknown-command -Wno-reserved-id-macro -Wno-unused-parameter -Wno-gnu-conditional-omitted-operand -Wno-explicit-ownership-type -Wno-date-time -Wno-cast-align -Wno-cstring-format-directive -Wno-double-promotion -Wno-partial-availability -Wno-objc-messaging-id -Wno-direct-ivar-access -Wno-cast-qual -Wno-declaration-after-statement -F/Users/oikhlas/Library/Developer/Xcode/DerivedData/WebDriverAgent-bcmeffsllcldukgyoimwiehwhvyz/Build/Products/Debug-iphonesimulator -F/Applications/Xcode.app/Contents/Developer/Platforms/iPhoneSimulator.platform/Developer/Library/Frameworks -F/Applications/Xcode.app/Contents/Developer/Platforms/iPhoneSimulator.platform/Developer/Library/PrivateFrameworks -iframework /Applications/Xcode.app/Contents/Developer/Platforms/iPhoneSimulator.platform/Developer/SDKs/iPhoneSimulator16.0.sdk/Developer/Library/Frameworks -MMD -MT dependencies -MF /Users/oikhlas/Library/Developer/Xcode/DerivedData/WebDriverAgent-bcmeffsllcldukgyoimwiehwhvyz/Build/Intermediates.noindex/WebDriverAgent.build/Debug-iphonesimulator/WebDriverAgentLib.build/StaticAnalyzer/WebDriverAgent/WebDriverAgentLib/normal/x86_64/FBTouchActionCommands.d --analyze /Users/oikhlas/.appium/node_modules/appium-xcuitest-driver/node_modules/appium-webdriveragent/WebDriverAgentLib/Commands/FBTouchActionCommands.m -o /Users/oikhlas/Library/Developer/Xcode/DerivedData/WebDriverAgent-bcmeffsllcldukgyoimwiehwhvyz/Build/Intermediates.noindex/WebDriverAgent.build/Debug-iphonesimulator/WebDriverAgentLib.build/StaticAnalyzer/WebDriverAgent/WebDriverAgentLib/normal/x86_64/FBTouchActionCommands.plist
&amp#27;[38;5;173m[Xcode]&amp#27;[0m 
&amp#27;[38;5;173m[Xcode]&amp#27;[0m 
&amp#27;[38;5;173m[Xcode]&amp#27;[0m Analyze /Users/oikhlas/.appium/node_modules/appium-xcuitest-driver/node_modules/appium-webdriveragent/WebDriverAgentLib/Commands/FBSessionCommands.m normal x86_64 (in target 'WebDriverAgentLib' from project 'WebDriverAgent')
&amp#27;[38;5;173m[Xcode]&amp#27;[0m     cd /Users/oikhlas/.appium/node_modules/appium-xcuitest-driver/node_modules/appium-webdriveragent
&amp#27;[38;5;173m[Xcode]&amp#27;[0m     /Applications/Xcode.app/Contents/Developer/Toolchains/XcodeDefault.xctoolchain/usr/bin/clang -x objective-c -target x86_64-apple-ios16.0-simulator -fmessage-length\=0 -fdiagnostics-show-note-include-stack -fmacro-backtrace-limit\=0 -std\=gnu99 -fobjc-arc -fmodules -gmodules -fmodules-cache-path\=/Users/oikhlas/Library/Developer/Xcode/DerivedData/ModuleCache.noindex -fmodules-prune-interval\=86400 -fmodules-prune-after\=345600 -fbuild-session-file\=/Users/oikhlas/Library/Developer/Xcode/DerivedData/ModuleCache.noindex/Session.modulevalidation -fmodules-validate-once-per-build-session -Wno-trigraphs -fpascal-strings -O0 -fno-common -Wmissing-field-initializers -Wno-missing-prototypes -Werror\=return-type -Wunreachable-code -Wquoted-include-in-framework-header -Wno-implicit-atomic-properties -Werror\=deprecated-objc-isa-usage -Wno-objc-interface-ivars -Werror\=objc-root-class -Warc-repeated-use-of-weak -Wno-arc-maybe-repeated-use-of-weak -Wimplicit-retain-self -Wduplicate-method-match -Wno-missing-braces -Wparentheses -Wswitch -Wunused-function -Wno-unused-label -Wunused-parameter -Wunused-variable -Wunused-value -Wempty-body -Wuninitialized -Wconditional-uninitialized -Wno-unknown-pragmas -pedantic -Wshadow -Wno-four-char-constants -Wconversion -Wconstant-conversion -Wint-conversion -Wbool-conversion -Wenum-conversion -Wfloat-conversion -Wnon-literal-null-conversion -Wobjc-literal-conversion -Wassign-enum -Wsign-compare -Wshorten-64-to-32 -Wpointer-sign -Wno-newline-eof -Wno-selector -Wno-strict-selector-match -Wundeclared-selector -Wdeprecated-implementations -Wno-implicit-fallthrough -DDEBUG\=1 -DOBJC_OLD_DISPATCH_PROTOTYPES\=0 -isysroot /Applications/Xcode.app/Contents/Developer/Platforms/iPhoneSimulator.platform/Developer/SDKs/iPhoneSimulator16.0.sdk -fasm-blocks -fstrict-aliasing -Wprotocol -Wdeprecated-declarations -g -Wno-sign-conversion -Winfinite-recursion -Wcomma -Wblock-capture-autoreleasing -Wstrict-prototypes -Wno-semicolon-before-method-body -fobjc-abi-version\=2 -fobjc-legacy-dispatch -D__clang_analyzer__ -Xclang -analyzer-output\=plist-multi-file -Xclang -analyzer-config -Xclang path-diagnostics-alternate\=true -Xclang -analyzer-config -Xclang report-in-main-source-file\=true -Xclang -analyzer-checker -Xclang optin.osx.cocoa.localizability.NonLocalizedStringChecker -Xclang -analyzer-checker -Xclang security.insecureAPI.UncheckedReturn -Xclang -analyzer-checker -Xclang security.insecureAPI.getpw -Xclang -analyzer-checker -Xclang security.insecureAPI.gets -Xclang -analyzer-checker -Xclang security.insecureAPI.mkstemp -Xclang -analyzer-checker -Xclang security.insecureAPI.mktemp -Xclang -analyzer-disable-checker -Xclang security.insecureAPI.rand -Xclang -analyzer-disable-checker -Xclang security.insecureAPI.strcpy -Xclang -analyzer-checker -Xclang security.insecureAPI.vfork -iquote /Users/oikhlas/Library/Developer/Xcode/DerivedData/WebDriverAgent-bcmeffsllcldukgyoimwiehwhvyz/Build/Intermediates.noindex/WebDriverAgent.build/Debug-iphonesimulator/WebDriverAgentLib.build/WebDriverAgentLib-generated-files.hmap -I/Users/oikhlas/Library/Developer/Xcode/DerivedData/WebDriverAgent-bcmeffsllcldukgyoimwiehwhvyz/Build/Intermediates.noindex/WebDriverAgent.build/Debug-iphonesimulator/WebDriverAgentLib.build/WebDriverAgentLib-own-target-headers.hmap -I/Users/oikhlas/Library/Developer/Xcode/DerivedData/WebDriverAgent-bcmeffsllcldukgyoimwiehwhvyz/Build/Intermediates.noindex/WebDriverAgent.build/Debug-iphonesimulator/WebDriverAgentLib.build/WebDriverAgentLib-all-target-headers.hmap -iquote /Users/oikhlas/Library/Developer/Xcode/DerivedData/WebDriverAgent-bcmeffsllcldukgyoimwiehwhvyz/Build/Intermediates.noindex/WebDriverAgent.build/Debug-iphonesimulator/WebDriverAgentLib.build/WebDriverAgentLib-project-headers.hmap -I/Users/oikhlas/Library/Developer/Xcode/DerivedData/WebDriverAgent-bcmeffsllcldukgyoimwiehwhvyz/Build/Products/Debug-iphonesimulator/include -I/Applications/Xcode.app/Contents/Developer/Platforms/iPhoneSimulator.platform/Developer/SDKs/iPhoneSimulator16.0.sdk/usr/include/libxml2 -I/Users/oikhlas/.appium/node_modules/appium-xcuitest-driver/node_modules/appium-webdriveragent/Modules -I/Users/oikhlas/Library/Developer/Xcode/DerivedData/WebDriverAgent-bcmeffsllcldukgyoimwiehwhvyz/Build/Intermediates.noindex/WebDriverAgent.build/Debug-iphonesimulator/WebDriverAgentLib.build/DerivedSources-normal/x86_64 -I/Users/oikhlas/Library/Developer/Xcode/DerivedData/WebDriverAgent-bcmeffsllcldukgyoimwiehwhvyz/Build/Intermediates.noindex/WebDriverAgent.build/Debug-iphonesimulator/WebDriverAgentLib.build/DerivedSources/x86_64 -I/Users/oikhlas/Library/Developer/Xcode/DerivedData/WebDriverAgent-bcmeffsllcldukgyoimwiehwhvyz/Build/Intermediates.noindex/WebDriverAgent.build/Debug-iphonesimulator/WebDriverAgentLib.build/DerivedSources -Weverything -Wno-objc-missing-property-synthesis -Wno-unused-macros -Wno-disabled-macro-expansion -Wno-gnu-statement-expression -Wno-language-extension-token -Wno-overriding-method-mismatch -Wno-missing-variable-declarations -Rno-module-build -Wno-auto-import -Wno-objc-interface-ivars -Wno-documentation-unknown-command -Wno-reserved-id-macro -Wno-unused-parameter -Wno-gnu-conditional-omitted-operand -Wno-explicit-ownership-type -Wno-date-time -Wno-cast-align -Wno-cstring-format-directive -Wno-double-promotion -Wno-partial-availability -Weverything -Wno-objc-missing-property-synthesis -Wno-unused-macros -Wno-disabled-macro-expansion -Wno-gnu-statement-expression -Wno-language-extension-token -Wno-overriding-method-mismatch -Wno-missing-variable-declarations -Rno-module-build -Wno-auto-import -Wno-objc-interface-ivars -Wno-documentation-unknown-command -Wno-reserved-id-macro -Wno-unused-parameter -Wno-gnu-conditional-omitted-operand -Wno-explicit-ownership-type -Wno-date-time -Wno-cast-align -Wno-cstring-format-directive -Wno-double-promotion -Wno-partial-availability -Wno-objc-messaging-id -Wno-direct-ivar-access -Wno-cast-qual -Wno-declaration-after-statement -F/Users/oikhlas/Library/Developer/Xcode/DerivedData/WebDriverAgent-bcmeffsllcldukgyoimwiehwhvyz/Build/Products/Debug-iphonesimulator -F/Applications/Xcode.app/Contents/Developer/Platforms/iPhoneSimulator.platform/Developer/Library/Frameworks -F/Applications/Xcode.app/Contents/Developer/Platforms/iPhoneSimulator.platform/Developer/Library/PrivateFrameworks -iframework /Applications/Xcode.app/Contents/Developer/Platforms/iPhoneSimulator.platform/Developer/SDKs/iPhoneSimulator16.0.sdk/Developer/Library/Frameworks -MMD -MT dependencies -MF /Users/oikhlas/Library/Developer/Xcode/DerivedData/WebDriverAgent-bcmeffsllcldukgyoimwiehwhvyz/Build/Intermediates.noindex/WebDriverAgent.build/Debug-iphonesimulator/WebDriverAgentLib.build/StaticAnalyzer/WebDriverAgent/WebDriverAgentLib/normal/x86_64/FBSessionCommands.d --analyze /Users/oikhlas/.appium/node_modules/appium-xcuitest-driver/node_modules/appium-webdriveragent/WebDriverAgentLib/Commands/FBSessionCommands.m -o /Users/oikhlas/Library/Developer/Xcode/DerivedData/WebDriverAgent-bcmeffsllcldukgyoimwiehwhvyz/Build/Intermediates.noindex/WebDriverAgent.build/Debug-iphonesimulator/WebDriverAgentLib.build/StaticAnalyzer/WebDriverAgent/WebDriverAgentLib/normal/x86_64/FBSessionCommands.plist
&amp#27;[38;5;173m[Xcode]&amp#27;[0m 
&amp#27;[38;5;173m[Xcode]&amp#27;[0m 
&amp#27;[38;5;173m[Xcode]&amp#27;[0m Analyze /Users/oikhlas/.appium/node_modules/appium-xcuitest-driver/node_modules/appium-webdriveragent/WebDriverAgentLib/Commands/FBScreenshotCommands.m normal x86_64 (in target 'WebDriverAgentLib' from project 'WebDriverAgent')
&amp#27;[38;5;173m[Xcode]&amp#27;[0m     cd /Users/oikhlas/.appium/node_modules/appium-xcuitest-driver/node_modules/appium-webdriveragent
&amp#27;[38;5;173m[Xcode]&amp#27;[0m     /Applications/Xcode.app/Contents/Developer/Toolchains/XcodeDefault.xctoolchain/usr/bin/clang -x objective-c -target x86_64-apple-ios16.0-simulator -fmessage-length\=0 -fdiagnostics-show-note-include-stack -fmacro-backtrace-limit\=0 -std\=gnu99 -fobjc-arc -fmodules -gmodules -fmodules-cache-path\=/Users/oikhlas/Library/Developer/Xcode/DerivedData/ModuleCache.noindex -fmodules-prune-interval\=86400 -fmodules-prune-after\=345600 -fbuild-session-file\=/Users/oikhlas/Library/Developer/Xcode/DerivedData/ModuleCache.noindex/Session.modulevalidation -fmodules-validate-once-per-build-session -Wno-trigraphs -fpascal-strings -O0 -fno-common -Wmissing-field-initializers -Wno-missing-prototypes -Werror\=return-type -Wunreachable-code -Wquoted-include-in-framework-header -Wno-implicit-atomic-properties -Werror\=deprecated-objc-isa-usage -Wno-objc-interface-ivars -Werror\=objc-root-class -Warc-repeated-use-of-weak -Wno-arc-maybe-repeated-use-of-weak -Wimplicit-retain-self -Wduplicate-method-match -Wno-missing-braces -Wparentheses -Wswitch -Wunused-function -Wno-unused-label -Wunused-parameter -Wunused-variable -Wunused-value -Wempty-body -Wuninitialized -Wconditional-uninitialized -Wno-unknown-pragmas -pedantic -Wshadow -Wno-four-char-constants -Wconversion -Wconstant-conversion -Wint-conversion -Wbool-conversion -Wenum-conversion -Wfloat-conversion -Wnon-literal-null-conversion -Wobjc-literal-conversion -Wassign-enum -Wsign-compare -Wshorten-64-to-32 -Wpointer-sign -Wno-newline-eof -Wno-selector -Wno-strict-selector-match -Wundeclared-selector -Wdeprecated-implementations -Wno-implicit-fallthrough -DDEBUG\=1 -DOBJC_OLD_DISPATCH_PROTOTYPES\=0 -isysroot /Applications/Xcode.app/Contents/Developer/Platforms/iPhoneSimulator.platform/Developer/SDKs/iPhoneSimulator16.0.sdk -fasm-blocks -fstrict-aliasing -Wprotocol -Wdeprecated-declarations -g -Wno-sign-conversion -Winfinite-recursion -Wcomma -Wblock-capture-autoreleasing -Wstrict-prototypes -Wno-semicolon-before-method-body -fobjc-abi-version\=2 -fobjc-legacy-dispatch -D__clang_analyzer__ -Xclang -analyzer-output\=plist-multi-file -Xclang -analyzer-config -Xclang path-diagnostics-alternate\=true -Xclang -analyzer-config -Xclang report-in-main-source-file\=true -Xclang -analyzer-checker -Xclang optin.osx.cocoa.localizability.NonLocalizedStringChecker -Xclang -analyzer-checker -Xclang security.insecureAPI.UncheckedReturn -Xclang -analyzer-checker -Xclang security.insecureAPI.getpw -Xclang -analyzer-checker -Xclang security.insecureAPI.gets -Xclang -analyzer-checker -Xclang security.insecureAPI.mkstemp -Xclang -analyzer-checker -Xclang security.insecureAPI.mktemp -Xclang -analyzer-disable-checker -Xclang security.insecureAPI.rand -Xclang -analyzer-disable-checker -Xclang security.insecureAPI.strcpy -Xclang -analyzer-checker -Xclang security.insecureAPI.vfork -iquote /Users/oikhlas/Library/Developer/Xcode/DerivedData/WebDriverAgent-bcmeffsllcldukgyoimwiehwhvyz/Build/Intermediates.noindex/WebDriverAgent.build/Debug-iphonesimulator/WebDriverAgentLib.build/WebDriverAgentLib-generated-files.hmap -I/Users/oikhlas/Library/Developer/Xcode/DerivedData/WebDriverAgent-bcmeffsllcldukgyoimwiehwhvyz/Build/Intermediates.noindex/WebDriverAgent.build/Debug-iphonesimulator/WebDriverAgentLib.build/WebDriverAgentLib-own-target-headers.hmap -I/Users/oikhlas/Library/Developer/Xcode/DerivedData/WebDriverAgent-bcmeffsllcldukgyoimwiehwhvyz/Build/Intermediates.noindex/WebDriverAgent.build/Debug-iphonesimulator/WebDriverAgentLib.build/WebDriverAgentLib-all-target-headers.hmap -iquote /Users/oikhlas/Library/Developer/Xcode/DerivedData/WebDriverAgent-bcmeffsllcldukgyoimwiehwhvyz/Build/Intermediates.noindex/WebDriverAgent.build/Debug-iphonesimulator/WebDriverAgentLib.build/WebDriverAgentLib-project-headers.hmap -I/Users/oikhlas/Library/Developer/Xcode/DerivedData/WebDriverAgent-bcmeffsllcldukgyoimwiehwhvyz/Build/Products/Debug-iphonesimulator/include -I/Applications/Xcode.app/Contents/Developer/Platforms/iPhoneSimulator.platform/Developer/SDKs/iPhoneSimulator16.0.sdk/usr/include/libxml2 -I/Users/oikhlas/.appium/node_modules/appium-xcuitest-driver/node_modules/appium-webdriveragent/Modules -I/Users/oikhlas/Library/Developer/Xcode/DerivedData/WebDriverAgent-bcmeffsllcldukgyoimwiehwhvyz/Build/Intermediates.noindex/WebDriverAgent.build/Debug-iphonesimulator/WebDriverAgentLib.build/DerivedSources-normal/x86_64 -I/Users/oikhlas/Library/Developer/Xcode/DerivedData/WebDriverAgent-bcmeffsllcldukgyoimwiehwhvyz/Build/Intermediates.noindex/WebDriverAgent.build/Debug-iphonesimulator/WebDriverAgentLib.build/DerivedSources/x86_64 -I/Users/oikhlas/Library/Developer/Xcode/DerivedData/WebDriverAgent-bcmeffsllcldukgyoimwiehwhvyz/Build/Intermediates.noindex/WebDriverAgent.build/Debug-iphonesimulator/WebDriverAgentLib.build/DerivedSources -Weverything -Wno-objc-missing-property-synthesis -Wno-unused-macros -Wno-disabled-macro-expansion -Wno-gnu-statement-expression -Wno-language-extension-token -Wno-overriding-method-mismatch -Wno-missing-variable-declarations -Rno-module-build -Wno-auto-import -Wno-objc-interface-ivars -Wno-documentation-unknown-command -Wno-reserved-id-macro -Wno-unused-parameter -Wno-gnu-conditional-omitted-operand -Wno-explicit-ownership-type -Wno-date-time -Wno-cast-align -Wno-cstring-format-directive -Wno-double-promotion -Wno-partial-availability -Weverything -Wno-objc-missing-property-synthesis -Wno-unused-macros -Wno-disabled-macro-expansion -Wno-gnu-statement-expression -Wno-language-extension-token -Wno-overriding-method-mismatch -Wno-missing-variable-declarations -Rno-module-build -Wno-auto-import -Wno-objc-interface-ivars -Wno-documentation-unknown-command -Wno-reserved-id-macro -Wno-unused-parameter -Wno-gnu-conditional-omitted-operand -Wno-explicit-ownership-type -Wno-date-time -Wno-cast-align -Wno-cstring-format-directive -Wno-double-promotion -Wno-partial-availability -Wno-objc-messaging-id -Wno-direct-ivar-access -Wno-cast-qual -Wno-declaration-after-statement -F/Users/oikhlas/Library/Developer/Xcode/DerivedData/WebDriverAgent-bcmeffsllcldukgyoimwiehwhvyz/Build/Products/Debug-iphonesimulator -F/Applications/Xcode.app/Contents/Developer/Platforms/iPhoneSimulator.platform/Developer/Library/Frameworks -F/Applications/Xcode.app/Contents/Developer/Platforms/iPhoneSimulator.platform/Developer/Library/PrivateFrameworks -iframework /Applications/Xcode.app/Contents/Developer/Platforms/iPhoneSimulator.platform/Developer/SDKs/iPhoneSimulator16.0.sdk/Developer/Library/Frameworks -MMD -MT dependencies -MF /Users/oikhlas/Library/Developer/Xcode/DerivedData/WebDriverAgent-bcmeffsllcldukgyoimwiehwhvyz/Build/Intermediates.noindex/WebDriverAgent.build/Debug-iphonesimulator/WebDriverAgentLib.build/StaticAnalyzer/WebDriverAgent/WebDriverAgentLib/normal/x86_64/FBScreenshotCommands.d --analyze /Users/oikhlas/.appium/node_modules/appium-xcuitest-driver/node_modules/appium-webdriveragent/WebDriverAgentLib/Commands/FBScreenshotCommands.m -o /Users/oikhlas/Library/Developer/Xcode/DerivedData/WebDriverAgent-bcmeffsllcldukgyoimwiehwhvyz/Build/Intermediates.noindex/WebDriverAgent.build/Debug-iphonesimulator/WebDriverAgentLib.build/StaticAnalyzer/WebDriverAgent/WebDriverAgentLib/normal/x86_64/FBScreenshotCommands.plist
&amp#27;[38;5;173m[Xcode]&amp#27;[0m 
&amp#27;[38;5;173m[Xcode]&amp#27;[0m 
&amp#27;[38;5;173m[Xcode]&amp#27;[0m Analyze /Users/oikhlas/.appium/node_modules/appium-xcuitest-driver/node_modules/appium-webdriveragent/WebDriverAgentLib/Commands/FBOrientationCommands.m normal x86_64 (in target 'WebDriverAgentLib' from project 'WebDriverAgent')
&amp#27;[38;5;173m[Xcode]&amp#27;[0m     cd /Users/oikhlas/.appium/node_modules/appium-xcuitest-driver/node_modules/appium-webdriveragent
&amp#27;[38;5;173m[Xcode]&amp#27;[0m     /Applications/Xcode.app/Contents/Developer/Toolchains/XcodeDefault.xctoolchain/usr/bin/clang -x objective-c -target x86_64-apple-ios16.0-simulator -fmessage-length\=0 -fdiagnostics-show-note-include-stack -fmacro-backtrace-limit\=0 -std\=gnu99 -fobjc-arc -fmodules -gmodules -fmodules-cache-path\=/Users/oikhlas/Library/Developer/Xcode/DerivedData/ModuleCache.noindex -fmodules-prune-interval\=86400 -fmodules-prune-after\=345600 -fbuild-session-file\=/Users/oikhlas/Library/Developer/Xcode/DerivedData/ModuleCache.noindex/Session.modulevalidation -fmodules-validate-once-per-build-session -Wno-trigraphs -fpascal-strings -O0 -fno-common -Wmissing-field-initializers -Wno-missing-prototypes -Werror\=return-type -Wunreachable-code -Wquoted-include-in-framework-header -Wno-implicit-atomic-properties -Werror\=deprecated-objc-isa-usage -Wno-objc-interface-ivars -Werror\=objc-root-class -Warc-repeated-use-of-weak -Wno-arc-maybe-repeated-use-of-weak -Wimplicit-retain-self -Wduplicate-method-match -Wno-missing-braces -Wparentheses -Wswitch -Wunused-function -Wno-unused-label -Wunused-parameter -Wunused-variable -Wunused-value -Wempty-body -Wuninitialized -Wconditional-uninitialized -Wno-unknown-pragmas -pedantic -Wshadow -Wno-four-char-constants -Wconversion -Wconstant-conversion -Wint-conversion -Wbool-conversion -Wenum-conversion -Wfloat-conversion -Wnon-literal-null-conversion -Wobjc-literal-conversion -Wassign-enum -Wsign-compare -Wshorten-64-to-32 -Wpointer-sign -Wno-newline-eof -Wno-selector -Wno-strict-selector-match -Wundeclared-selector -Wdeprecated-implementations -Wno-implicit-fallthrough -DDEBUG\=1 -DOBJC_OLD_DISPATCH_PROTOTYPES\=0 -isysroot /Applications/Xcode.app/Contents/Developer/Platforms/iPhoneSimulator.platform/Developer/SDKs/iPhoneSimulator16.0.sdk -fasm-blocks -fstrict-aliasing -Wprotocol -Wdeprecated-declarations -g -Wno-sign-conversion -Winfinite-recursion -Wcomma -Wblock-capture-autoreleasing -Wstrict-prototypes -Wno-semicolon-before-method-body -fobjc-abi-version\=2 -fobjc-legacy-dispatch -D__clang_analyzer__ -Xclang -analyzer-output\=plist-multi-file -Xclang -analyzer-config -Xclang path-diagnostics-alternate\=true -Xclang -analyzer-config -Xclang report-in-main-source-file\=true -Xclang -analyzer-checker -Xclang optin.osx.cocoa.localizability.NonLocalizedStringChecker -Xclang -analyzer-checker -Xclang security.insecureAPI.UncheckedReturn -Xclang -analyzer-checker -Xclang security.insecureAPI.getpw -Xclang -analyzer-checker -Xclang security.insecureAPI.gets -Xclang -analyzer-checker -Xclang security.insecureAPI.mkstemp -Xclang -analyzer-checker -Xclang security.insecureAPI.mktemp -Xclang -analyzer-disable-checker -Xclang security.insecureAPI.rand -Xclang -analyzer-disable-checker -Xclang security.insecureAPI.strcpy -Xclang -analyzer-checker -Xclang security.insecureAPI.vfork -iquote /Users/oikhlas/Library/Developer/Xcode/DerivedData/WebDriverAgent-bcmeffsllcldukgyoimwiehwhvyz/Build/Intermediates.noindex/WebDriverAgent.build/Debug-iphonesimulator/WebDriverAgentLib.build/WebDriverAgentLib-generated-files.hmap -I/Users/oikhlas/Library/Developer/Xcode/DerivedData/WebDriverAgent-bcmeffsllcldukgyoimwiehwhvyz/Build/Intermediates.noindex/WebDriverAgent.build/Debug-iphonesimulator/WebDriverAgentLib.build/WebDriverAgentLib-own-target-headers.hmap -I/Users/oikhlas/Library/Developer/Xcode/DerivedData/WebDriverAgent-bcmeffsllcldukgyoimwiehwhvyz/Build/Intermediates.noindex/WebDriverAgent.build/Debug-iphonesimulator/WebDriverAgentLib.build/WebDriverAgentLib-all-target-headers.hmap -iquote /Users/oikhlas/Library/Developer/Xcode/DerivedData/WebDriverAgent-bcmeffsllcldukgyoimwiehwhvyz/Build/Intermediates.noindex/WebDriverAgent.build/Debug-iphonesimulator/WebDriverAgentLib.build/WebDriverAgentLib-project-headers.hmap -I/Users/oikhlas/Library/Developer/Xcode/DerivedData/WebDriverAgent-bcmeffsllcldukgyoimwiehwhvyz/Build/Products/Debug-iphonesimulator/include -I/Applications/Xcode.app/Contents/Developer/Platforms/iPhoneSimulator.platform/Developer/SDKs/iPhoneSimulator16.0.sdk/usr/include/libxml2 -I/Users/oikhlas/.appium/node_modules/appium-xcuitest-driver/node_modules/appium-webdriveragent/Modules -I/Users/oikhlas/Library/Developer/Xcode/DerivedData/WebDriverAgent-bcmeffsllcldukgyoimwiehwhvyz/Build/Intermediates.noindex/WebDriverAgent.build/Debug-iphonesimulator/WebDriverAgentLib.build/DerivedSources-normal/x86_64 -I/Users/oikhlas/Library/Developer/Xcode/DerivedData/WebDriverAgent-bcmeffsllcldukgyoimwiehwhvyz/Build/Intermediates.noindex/WebDriverAgent.build/Debug-iphonesimulator/WebDriverAgentLib.build/DerivedSources/x86_64 -I/Users/oikhlas/Library/Developer/Xcode/DerivedData/WebDriverAgent-bcmeffsllcldukgyoimwiehwhvyz/Build/Intermediates.noindex/WebDriverAgent.build/Debug-iphonesimulator/WebDriverAgentLib.build/DerivedSources -Weverything -Wno-objc-missing-property-synthesis -Wno-unused-macros -Wno-disabled-macro-expansion -Wno-gnu-statement-expression -Wno-language-extension-token -Wno-overriding-method-mismatch -Wno-missing-variable-declarations -Rno-module-build -Wno-auto-import -Wno-objc-interface-ivars -Wno-documentation-unknown-command -Wno-reserved-id-macro -Wno-unused-parameter -Wno-gnu-conditional-omitted-operand -Wno-explicit-ownership-type -Wno-date-time -Wno-cast-align -Wno-cstring-format-directive -Wno-double-promotion -Wno-partial-availability -Weverything -Wno-objc-missing-property-synthesis -Wno-unused-macros -Wno-disabled-macro-expansion -Wno-gnu-statement-expression -Wno-language-extension-token -Wno-overriding-method-mismatch -Wno-missing-variable-declarations -Rno-module-build -Wno-auto-import -Wno-objc-interface-ivars -Wno-documentation-unknown-command -Wno-reserved-id-macro -Wno-unused-parameter -Wno-gnu-conditional-omitted-operand -Wno-explicit-ownership-type -Wno-date-time -Wno-cast-align -Wno-cstring-format-directive -Wno-double-promotion -Wno-partial-availability -Wno-objc-messaging-id -Wno-direct-ivar-access -Wno-cast-qual -Wno-declaration-after-statement -F/Users/oikhlas/Library/Developer/Xcode/DerivedData/WebDriverAgent-bcmeffsllcldukgyoimwiehwhvyz/Build/Products/Debug-iphonesimulator -F/Applications/Xcode.app/Contents/Developer/Platforms/iPhoneSimulator.platform/Developer/Library/Frameworks -F/Applications/Xcode.app/Contents/Developer/Platforms/iPhoneSimulator.platform/Developer/Library/PrivateFrameworks -iframework /Applications/Xcode.app/Contents/Developer/Platforms/iPhoneSimulator.platform/Developer/SDKs/iPhoneSimulator16.0.sdk/Developer/Library/Frameworks -MMD -MT dependencies -MF /Users/oikhlas/Library/Developer/Xcode/DerivedData/WebDriverAgent-bcmeffsllcldukgyoimwiehwhvyz/Build/Intermediates.noindex/WebDriverAgent.build/Debug-iphonesimulator/WebDriverAgentLib.build/StaticAnalyzer/WebDriverAgent/WebDriverAgentLib/normal/x86_64/FBOrientationCommands.d --analyze /Users/oikhlas/.appium/node_modules/appium-xcuitest-driver/node_modules/appium-webdriveragent/WebDriverAgentLib/Commands/FBOrientationCommands.m -o /Users/oikhlas/Library/Developer/Xcode/DerivedData/WebDriverAgent-bcmeffsllcldukgyoimwiehwhvyz/Build/Intermediates.noindex/WebDriverAgent.build/Debug-iphonesimulator/WebDriverAgentLib.build/StaticAnalyzer/WebDriverAgent/WebDriverAgentLib/normal/x86_64/FBOrientationCommands.plist
&amp#27;[38;5;173m[Xcode]&amp#27;[0m 
&amp#27;[38;5;173m[Xcode]&amp#27;[0m 
&amp#27;[38;5;173m[Xcode]&amp#27;[0m Analyze /Users/oikhlas/.appium/node_modules/appium-xcuitest-driver/node_modules/appium-webdriveragent/WebDriverAgentLib/Commands/FBFindElementCommands.m normal x86_64 (in target 'WebDriverAgentLib' from project 'WebDriverAgent')
&amp#27;[38;5;173m[Xcode]&amp#27;[0m     cd /Users/oikhlas/.appium/node_modules/appium-xcuitest-driver/node_modules/appium-webdriveragent
&amp#27;[38;5;173m[Xcode]&amp#27;[0m     /Applications/Xcode.app/Contents/Developer/Toolchains/XcodeDefault.xctoolchain/usr/bin/clang -x objective-c -target x86_64-apple-ios16.0-simulator -fmessage-length\=0 -fdiagnostics-show-note-include-stack -fmacro-backtrace-limit\=0 -std\=gnu99 -fobjc-arc -fmodules -gmodules -fmodules-cache-path\=/Users/oikhlas/Library/Developer/Xcode/DerivedData/ModuleCache.noindex -fmodules-prune-interval\=86400 -fmodules-prune-after\=345600 -fbuild-session-file\=/Users/oikhlas/Library/Developer/Xcode/DerivedData/ModuleCache.noindex/Session.modulevalidation -fmodules-validate-once-per-build-session -Wno-trigraphs -fpascal-strings -O0 -fno-common -Wmissing-field-initializers -Wno-missing-prototypes -Werror\=return-type -Wunreachable-code -Wquoted-include-in-framework-header -Wno-implicit-atomic-properties -Werror\=deprecated-objc-isa-usage -Wno-objc-interface-ivars -Werror\=objc-root-class -Warc-repeated-use-of-weak -Wno-arc-maybe-repeated-use-of-weak -Wimplicit-retain-self -Wduplicate-method-match -Wno-missing-braces -Wparentheses -Wswitch -Wunused-function -Wno-unused-label -Wunused-parameter -Wunused-variable -Wunused-value -Wempty-body -Wuninitialized -Wconditional-uninitialized -Wno-unknown-pragmas -pedantic -Wshadow -Wno-four-char-constants -Wconversion -Wconstant-conversion -Wint-conversion -Wbool-conversion -Wenum-conversion -Wfloat-conversion -Wnon-literal-null-conversion -Wobjc-literal-conversion -Wassign-enum -Wsign-compare -Wshorten-64-to-32 -Wpointer-sign -Wno-newline-eof -Wno-selector -Wno-strict-selector-match -Wundeclared-selector -Wdeprecated-implementations -Wno-implicit-fallthrough -DDEBUG\=1 -DOBJC_OLD_DISPATCH_PROTOTYPES\=0 -isysroot /Applications/Xcode.app/Contents/Developer/Platforms/iPhoneSimulator.platform/Developer/SDKs/iPhoneSimulator16.0.sdk -fasm-blocks -fstrict-aliasing -Wprotocol -Wdeprecated-declarations -g -Wno-sign-conversion -Winfinite-recursion -Wcomma -Wblock-capture-autoreleasing -Wstrict-prototypes -Wno-semicolon-before-method-body -fobjc-abi-version\=2 -fobjc-legacy-dispatch -D__clang_analyzer__ -Xclang -analyzer-output\=plist-multi-file -Xclang -analyzer-config -Xclang path-diagnostics-alternate\=true -Xclang -analyzer-config -Xclang report-in-main-source-file\=true -Xclang -analyzer-checker -Xclang optin.osx.cocoa.localizability.NonLocalizedStringChecker -Xclang -analyzer-checker -Xclang security.insecureAPI.UncheckedReturn -Xclang -analyzer-checker -Xclang security.insecureAPI.getpw -Xclang -analyzer-checker -Xclang security.insecureAPI.gets -Xclang -analyzer-checker -Xclang security.insecureAPI.mkstemp -Xclang -analyzer-checker -Xclang security.insecureAPI.mktemp -Xclang -analyzer-disable-checker -Xclang security.insecureAPI.rand -Xclang -analyzer-disable-checker -Xclang security.insecureAPI.strcpy -Xclang -analyzer-checker -Xclang security.insecureAPI.vfork -iquote /Users/oikhlas/Library/Developer/Xcode/DerivedData/WebDriverAgent-bcmeffsllcldukgyoimwiehwhvyz/Build/Intermediates.noindex/WebDriverAgent.build/Debug-iphonesimulator/WebDriverAgentLib.build/WebDriverAgentLib-generated-files.hmap -I/Users/oikhlas/Library/Developer/Xcode/DerivedData/WebDriverAgent-bcmeffsllcldukgyoimwiehwhvyz/Build/Intermediates.noindex/WebDriverAgent.build/Debug-iphonesimulator/WebDriverAgentLib.build/WebDriverAgentLib-own-target-headers.hmap -I/Users/oikhlas/Library/Developer/Xcode/DerivedData/WebDriverAgent-bcmeffsllcldukgyoimwiehwhvyz/Build/Intermediates.noindex/WebDriverAgent.build/Debug-iphonesimulator/WebDriverAgentLib.build/WebDriverAgentLib-all-target-headers.hmap -iquote /Users/oikhlas/Library/Developer/Xcode/DerivedData/WebDriverAgent-bcmeffsllcldukgyoimwiehwhvyz/Build/Intermediates.noindex/WebDriverAgent.build/Debug-iphonesimulator/WebDriverAgentLib.build/WebDriverAgentLib-project-headers.hmap -I/Users/oikhlas/Library/Developer/Xcode/DerivedData/WebDriverAgent-bcmeffsllcldukgyoimwiehwhvyz/Build/Products/Debug-iphonesimulator/include -I/Applications/Xcode.app/Contents/Developer/Platforms/iPhoneSimulator.platform/Developer/SDKs/iPhoneSimulator16.0.sdk/usr/include/libxml2 -I/Users/oikhlas/.appium/node_modules/appium-xcuitest-driver/node_modules/appium-webdriveragent/Modules -I/Users/oikhlas/Library/Developer/Xcode/DerivedData/WebDriverAgent-bcmeffsllcldukgyoimwiehwhvyz/Build/Intermediates.noindex/WebDriverAgent.build/Debug-iphonesimulator/WebDriverAgentLib.build/DerivedSources-normal/x86_64 -I/Users/oikhlas/Library/Developer/Xcode/DerivedData/WebDriverAgent-bcmeffsllcldukgyoimwiehwhvyz/Build/Intermediates.noindex/WebDriverAgent.build/Debug-iphonesimulator/WebDriverAgentLib.build/DerivedSources/x86_64 -I/Users/oikhlas/Library/Developer/Xcode/DerivedData/WebDriverAgent-bcmeffsllcldukgyoimwiehwhvyz/Build/Intermediates.noindex/WebDriverAgent.build/Debug-iphonesimulator/WebDriverAgentLib.build/DerivedSources -Weverything -Wno-objc-missing-property-synthesis -Wno-unused-macros -Wno-disabled-macro-expansion -Wno-gnu-statement-expression -Wno-language-extension-token -Wno-overriding-method-mismatch -Wno-missing-variable-declarations -Rno-module-build -Wno-auto-import -Wno-objc-interface-ivars -Wno-documentation-unknown-command -Wno-reserved-id-macro -Wno-unused-parameter -Wno-gnu-conditional-omitted-operand -Wno-explicit-ownership-type -Wno-date-time -Wno-cast-align -Wno-cstring-format-directive -Wno-double-promotion -Wno-partial-availability -Weverything -Wno-objc-missing-property-synthesis -Wno-unused-macros -Wno-disabled-macro-expansion -Wno-gnu-statement-expression -Wno-language-extension-token -Wno-overriding-method-mismatch -Wno-missing-variable-declarations -Rno-module-build -Wno-auto-import -Wno-objc-interface-ivars -Wno-documentation-unknown-command -Wno-reserved-id-macro -Wno-unused-parameter -Wno-gnu-conditional-omitted-operand -Wno-explicit-ownership-type -Wno-date-time -Wno-cast-align -Wno-cstring-format-directive -Wno-double-promotion -Wno-partial-availability -Wno-objc-messaging-id -Wno-direct-ivar-access -Wno-cast-qual -Wno-declaration-after-statement -F/Users/oikhlas/Library/Developer/Xcode/DerivedData/WebDriverAgent-bcmeffsllcldukgyoimwiehwhvyz/Build/Products/Debug-iphonesimulator -F/Applications/Xcode.app/Contents/Developer/Platforms/iPhoneSimulator.platform/Developer/Library/Frameworks -F/Applications/Xcode.app/Contents/Developer/Platforms/iPhoneSimulator.platform/Developer/Library/PrivateFrameworks -iframework /Applications/Xcode.app/Contents/Developer/Platforms/iPhoneSimulator.platform/Developer/SDKs/iPhoneSimulator16.0.sdk/Developer/Library/Frameworks -MMD -MT dependencies -MF /Users/oikhlas/Library/Developer/Xcode/DerivedData/WebDriverAgent-bcmeffsllcldukgyoimwiehwhvyz/Build/Intermediates.noindex/WebDriverAgent.build/Debug-iphonesimulator/WebDriverAgentLib.build/StaticAnalyzer/WebDriverAgent/WebDriverAgentLib/normal/x86_64/FBFindElementCommands.d --analyze /Users/oikhlas/.appium/node_modules/appium-xcuitest-driver/node_modules/appium-webdriveragent/WebDriverAgentLib/Commands/FBFindElementCommands.m -o /Users/oikhlas/Library/Developer/Xcode/DerivedData/WebDriverAgent-bcmeffsllcldukgyoimwiehwhvyz/Build/Intermediates.noindex/WebDriverAgent.build/Debug-iphonesimulator/WebDriverAgentLib.build/StaticAnalyzer/WebDriverAgent/WebDriverAgentLib/normal/x86_64/FBFindElementCommands.plist
&amp#27;[38;5;173m[Xcode]&amp#27;[0m 
&amp#27;[38;5;173m[Xcode]&amp#27;[0m 
&amp#27;[38;5;173m[Xcode]&amp#27;[0m Analyze /Users/oikhlas/.appium/node_modules/appium-xcuitest-driver/node_modules/appium-webdriveragent/WebDriverAgentLib/Commands/FBElementCommands.m normal x86_64 (in target 'WebDriverAgentLib' from project 'WebDriverAgent')
&amp#27;[38;5;173m[Xcode]&amp#27;[0m     cd /Users/oikhlas/.appium/node_modules/appium-xcuitest-driver/node_modules/appium-webdriveragent
&amp#27;[38;5;173m[Xcode]&amp#27;[0m     /Applications/Xcode.app/Contents/Developer/Toolchains/XcodeDefault.xctoolchain/usr/bin/clang -x objective-c -target x86_64-apple-ios16.0-simulator -fmessage-length\=0 -fdiagnostics-show-note-include-stack -fmacro-backtrace-limit\=0 -std\=gnu99 -fobjc-arc -fmodules -gmodules -fmodules-cache-path\=/Users/oikhlas/Library/Developer/Xcode/DerivedData/ModuleCache.noindex -fmodules-prune-interval\=86400 -fmodules-prune-after\=345600 -fbuild-session-file\=/Users/oikhlas/Library/Developer/Xcode/DerivedData/ModuleCache.noindex/Session.modulevalidation -fmodules-validate-once-per-build-session -Wno-trigraphs -fpascal-strings -O0 -fno-common -Wmissing-field-initializers -Wno-missing-prototypes -Werror\=return-type -Wunreachable-code -Wquoted-include-in-framework-header -Wno-implicit-atomic-properties -Werror\=deprecated-objc-isa-usage -Wno-objc-interface-ivars -Werror\=objc-root-class -Warc-repeated-use-of-weak -Wno-arc-maybe-repeated-use-of-weak -Wimplicit-retain-self -Wduplicate-method-match -Wno-missing-braces -Wparentheses -Wswitch -Wunused-function -Wno-unused-label -Wunused-parameter -Wunused-variable -Wunused-value -Wempty-body -Wuninitialized -Wconditional-uninitialized -Wno-unknown-pragmas -pedantic -Wshadow -Wno-four-char-constants -Wconversion -Wconstant-conversion -Wint-conversion -Wbool-conversion -Wenum-conversion -Wfloat-conversion -Wnon-literal-null-conversion -Wobjc-literal-conversion -Wassign-enum -Wsign-compare -Wshorten-64-to-32 -Wpointer-sign -Wno-newline-eof -Wno-selector -Wno-strict-selector-match -Wundeclared-selector -Wdeprecated-implementations -Wno-implicit-fallthrough -DDEBUG\=1 -DOBJC_OLD_DISPATCH_PROTOTYPES\=0 -isysroot /Applications/Xcode.app/Contents/Developer/Platforms/iPhoneSimulator.platform/Developer/SDKs/iPhoneSimulator16.0.sdk -fasm-blocks -fstrict-aliasing -Wprotocol -Wdeprecated-declarations -g -Wno-sign-conversion -Winfinite-recursion -Wcomma -Wblock-capture-autoreleasing -Wstrict-prototypes -Wno-semicolon-before-method-body -fobjc-abi-version\=2 -fobjc-legacy-dispatch -D__clang_analyzer__ -Xclang -analyzer-output\=plist-multi-file -Xclang -analyzer-config -Xclang path-diagnostics-alternate\=true -Xclang -analyzer-config -Xclang report-in-main-source-file\=true -Xclang -analyzer-checker -Xclang optin.osx.cocoa.localizability.NonLocalizedStringChecker -Xclang -analyzer-checker -Xclang security.insecureAPI.UncheckedReturn -Xclang -analyzer-checker -Xclang security.insecureAPI.getpw -Xclang -analyzer-checker -Xclang security.insecureAPI.gets -Xclang -analyzer-checker -Xclang security.insecureAPI.mkstemp -Xclang -analyzer-checker -Xclang security.insecureAPI.mktemp -Xclang -analyzer-disable-checker -Xclang security.insecureAPI.rand -Xclang -analyzer-disable-checker -Xclang security.insecureAPI.strcpy -Xclang -analyzer-checker -Xclang security.insecureAPI.vfork -iquote /Users/oikhlas/Library/Developer/Xcode/DerivedData/WebDriverAgent-bcmeffsllcldukgyoimwiehwhvyz/Build/Intermediates.noindex/WebDriverAgent.build/Debug-iphonesimulator/WebDriverAgentLib.build/WebDriverAgentLib-generated-files.hmap -I/Users/oikhlas/Library/Developer/Xcode/DerivedData/WebDriverAgent-bcmeffsllcldukgyoimwiehwhvyz/Build/Intermediates.noindex/WebDriverAgent.build/Debug-iphonesimulator/WebDriverAgentLib.build/WebDriverAgentLib-own-target-headers.hmap -I/Users/oikhlas/Library/Developer/Xcode/DerivedData/WebDriverAgent-bcmeffsllcldukgyoimwiehwhvyz/Build/Intermediates.noindex/WebDriverAgent.build/Debug-iphonesimulator/WebDriverAgentLib.build/WebDriverAgentLib-all-target-headers.hmap -iquote /Users/oikhlas/Library/Developer/Xcode/DerivedData/WebDriverAgent-bcmeffsllcldukgyoimwiehwhvyz/Build/Intermediates.noindex/WebDriverAgent.build/Debug-iphonesimulator/WebDriverAgentLib.build/WebDriverAgentLib-project-headers.hmap -I/Users/oikhlas/Library/Developer/Xcode/DerivedData/WebDriverAgent-bcmeffsllcldukgyoimwiehwhvyz/Build/Products/Debug-iphonesimulator/include -I/Applications/Xcode.app/Contents/Developer/Platforms/iPhoneSimulator.platform/Developer/SDKs/iPhoneSimulator16.0.sdk/usr/include/libxml2 -I/Users/oikhlas/.appium/node_modules/appium-xcuitest-driver/node_modules/appium-webdriveragent/Modules -I/Users/oikhlas/Library/Developer/Xcode/DerivedData/WebDriverAgent-bcmeffsllcldukgyoimwiehwhvyz/Build/Intermediates.noindex/WebDriverAgent.build/Debug-iphonesimulator/WebDriverAgentLib.build/DerivedSources-normal/x86_64 -I/Users/oikhlas/Library/Developer/Xcode/DerivedData/WebDriverAgent-bcmeffsllcldukgyoimwiehwhvyz/Build/Intermediates.noindex/WebDriverAgent.build/Debug-iphonesimulator/WebDriverAgentLib.build/DerivedSources/x86_64 -I/Users/oikhlas/Library/Developer/Xcode/DerivedData/WebDriverAgent-bcmeffsllcldukgyoimwiehwhvyz/Build/Intermediates.noindex/WebDriverAgent.build/Debug-iphonesimulator/WebDriverAgentLib.build/DerivedSources -Weverything -Wno-objc-missing-property-synthesis -Wno-unused-macros -Wno-disabled-macro-expansion -Wno-gnu-statement-expression -Wno-language-extension-token -Wno-overriding-method-mismatch -Wno-missing-variable-declarations -Rno-module-build -Wno-auto-import -Wno-objc-interface-ivars -Wno-documentation-unknown-command -Wno-reserved-id-macro -Wno-unused-parameter -Wno-gnu-conditional-omitted-operand -Wno-explicit-ownership-type -Wno-date-time -Wno-cast-align -Wno-cstring-format-directive -Wno-double-promotion -Wno-partial-availability -Weverything -Wno-objc-missing-property-synthesis -Wno-unused-macros -Wno-disabled-macro-expansion -Wno-gnu-statement-expression -Wno-language-extension-token -Wno-overriding-method-mismatch -Wno-missing-variable-declarations -Rno-module-build -Wno-auto-import -Wno-objc-interface-ivars -Wno-documentation-unknown-command -Wno-reserved-id-macro -Wno-unused-parameter -Wno-gnu-conditional-omitted-operand -Wno-explicit-ownership-type -Wno-date-time -Wno-cast-align -Wno-cstring-format-directive -Wno-double-promotion -Wno-partial-availability -Wno-objc-messaging-id -Wno-direct-ivar-access -Wno-cast-qual -Wno-declaration-after-statement -F/Users/oikhlas/Library/Developer/Xcode/DerivedData/WebDriverAgent-bcmeffsllcldukgyoimwiehwhvyz/Build/Products/Debug-iphonesimulator -F/Applications/Xcode.app/Contents/Developer/Platforms/iPhoneSimulator.platform/Developer/Library/Frameworks -F/Applications/Xcode.app/Contents/Developer/Platforms/iPhoneSimulator.platform/Developer/Library/PrivateFrameworks -iframework /Applications/Xcode.app/Contents/Developer/Platforms/iPhoneSimulator.platform/Developer/SDKs/iPhoneSimulator16.0.sdk/Developer/Library/Frameworks -MMD -MT dependencies -MF /Users/oikhlas/Library/Developer/Xcode/DerivedData/WebDriverAgent-bcmeffsllcldukgyoimwiehwhvyz/Build/Intermediates.noindex/WebDriverAgent.build/Debug-iphonesimulator/WebDriverAgentLib.build/StaticAnalyzer/WebDriverAgent/WebDriverAgentLib/normal/x86_64/FBElementCommands.d --analyze /Users/oikhlas/.appium/node_modules/appium-xcuitest-driver/node_modules/appium-webdriveragent/WebDriverAgentLib/Commands/FBElementCommands.m -o /Users/oikhlas/Library/Developer/Xcode/DerivedData/WebDriverAgent-bcmeffsllcldukgyoimwiehwhvyz/Build/Intermediates.noindex/WebDriverAgent.build/Debug-iphonesimulator/WebDriverAgentLib.build/StaticAnalyzer/WebDriverAgent/WebDriverAgentLib/normal/x86_64/FBElementCommands.plist
&amp#27;[38;5;173m[Xcode]&amp#27;[0m 
&amp#27;[38;5;173m[Xcode]&amp#27;[0m 
&amp#27;[38;5;173m[Xcode]&amp#27;[0m Analyze /Users/oikhlas/.appium/node_modules/appium-xcuitest-driver/node_modules/appium-webdriveragent/WebDriverAgentLib/Commands/FBDebugCommands.m normal x86_64 (in target 'WebDriverAgentLib' from project 'WebDriverAgent')
&amp#27;[38;5;173m[Xcode]&amp#27;[0m     cd /Users/oikhlas/.appium/node_modules/appium-xcuitest-driver/node_modules/appium-webdriveragent
&amp#27;[38;5;173m[Xcode]&amp#27;[0m     /Applications/Xcode.app/Contents/Developer/Toolchains/XcodeDefault.xctoolchain/usr/bin/clang -x objective-c -target x86_64-apple-ios16.0-simulator -fmessage-length\=0 -fdiagnostics-show-note-include-stack -fmacro-backtrace-limit\=0 -std\=gnu99 -fobjc-arc -fmodules -gmodules -fmodules-cache-path\=/Users/oikhlas/Library/Developer/Xcode/DerivedData/ModuleCache.noindex -fmodules-prune-interval\=86400 -fmodules-prune-after\=345600 -fbuild-session-file\=/Users/oikhlas/Library/Developer/Xcode/DerivedData/ModuleCache.noindex/Session.modulevalidation -fmodules-validate-once-per-build-session -Wno-trigraphs -fpascal-strings -O0 -fno-common -Wmissing-field-initializers -Wno-missing-prototypes -Werror\=return-type -Wunreachable-code -Wquoted-include-in-framework-header -Wno-implicit-atomic-properties -Werror\=deprecated-objc-isa-usage -Wno-objc-interface-ivars -Werror\=objc-root-class -Warc-repeated-use-of-weak -Wno-arc-maybe-repeated-use-of-weak -Wimplicit-retain-self -Wduplicate-method-match -Wno-missing-braces -Wparentheses -Wswitch -Wunused-function -Wno-unused-label -Wunused-parameter -Wunused-variable -Wunused-value -Wempty-body -Wuninitialized -Wconditional-uninitialized -Wno-unknown-pragmas -pedantic -Wshadow -Wno-four-char-constants -Wconversion -Wconstant-conversion -Wint-conversion -Wbool-conversion -Wenum-conversion -Wfloat-conversion -Wnon-literal-null-conversion -Wobjc-literal-conversion -Wassign-enum -Wsign-compare -Wshorten-64-to-32 -Wpointer-sign -Wno-newline-eof -Wno-selector -Wno-strict-selector-match -Wundeclared-selector -Wdeprecated-implementations -Wno-implicit-fallthrough -DDEBUG\=1 -DOBJC_OLD_DISPATCH_PROTOTYPES\=0 -isysroot /Applications/Xcode.app/Contents/Developer/Platforms/iPhoneSimulator.platform/Developer/SDKs/iPhoneSimulator16.0.sdk -fasm-blocks -fstrict-aliasing -Wprotocol -Wdeprecated-declarations -g -Wno-sign-conversion -Winfinite-recursion -Wcomma -Wblock-capture-autoreleasing -Wstrict-prototypes -Wno-semicolon-before-method-body -fobjc-abi-version\=2 -fobjc-legacy-dispatch -D__clang_analyzer__ -Xclang -analyzer-output\=plist-multi-file -Xclang -analyzer-config -Xclang path-diagnostics-alternate\=true -Xclang -analyzer-config -Xclang report-in-main-source-file\=true -Xclang -analyzer-checker -Xclang optin.osx.cocoa.localizability.NonLocalizedStringChecker -Xclang -analyzer-checker -Xclang security.insecureAPI.UncheckedReturn -Xclang -analyzer-checker -Xclang security.insecureAPI.getpw -Xclang -analyzer-checker -Xclang security.insecureAPI.gets -Xclang -analyzer-checker -Xclang security.insecureAPI.mkstemp -Xclang -analyzer-checker -Xclang security.insecureAPI.mktemp -Xclang -analyzer-disable-checker -Xclang security.insecureAPI.rand -Xclang -analyzer-disable-checker -Xclang security.insecureAPI.strcpy -Xclang -analyzer-checker -Xclang security.insecureAPI.vfork -iquote /Users/oikhlas/Library/Developer/Xcode/DerivedData/WebDriverAgent-bcmeffsllcldukgyoimwiehwhvyz/Build/Intermediates.noindex/WebDriverAgent.build/Debug-iphonesimulator/WebDriverAgentLib.build/WebDriverAgentLib-generated-files.hmap -I/Users/oikhlas/Library/Developer/Xcode/DerivedData/WebDriverAgent-bcmeffsllcldukgyoimwiehwhvyz/Build/Intermediates.noindex/WebDriverAgent.build/Debug-iphonesimulator/WebDriverAgentLib.build/WebDriverAgentLib-own-target-headers.hmap -I/Users/oikhlas/Library/Developer/Xcode/DerivedData/WebDriverAgent-bcmeffsllcldukgyoimwiehwhvyz/Build/Intermediates.noindex/WebDriverAgent.build/Debug-iphonesimulator/WebDriverAgentLib.build/WebDriverAgentLib-all-target-headers.hmap -iquote /Users/oikhlas/Library/Developer/Xcode/DerivedData/WebDriverAgent-bcmeffsllcldukgyoimwiehwhvyz/Build/Intermediates.noindex/WebDriverAgent.build/Debug-iphonesimulator/WebDriverAgentLib.build/WebDriverAgentLib-project-headers.hmap -I/Users/oikhlas/Library/Developer/Xcode/DerivedData/WebDriverAgent-bcmeffsllcldukgyoimwiehwhvyz/Build/Products/Debug-iphonesimulator/include -I/Applications/Xcode.app/Contents/Developer/Platforms/iPhoneSimulator.platform/Developer/SDKs/iPhoneSimulator16.0.sdk/usr/include/libxml2 -I/Users/oikhlas/.appium/node_modules/appium-xcuitest-driver/node_modules/appium-webdriveragent/Modules -I/Users/oikhlas/Library/Developer/Xcode/DerivedData/WebDriverAgent-bcmeffsllcldukgyoimwiehwhvyz/Build/Intermediates.noindex/WebDriverAgent.build/Debug-iphonesimulator/WebDriverAgentLib.build/DerivedSources-normal/x86_64 -I/Users/oikhlas/Library/Developer/Xcode/DerivedData/WebDriverAgent-bcmeffsllcldukgyoimwiehwhvyz/Build/Intermediates.noindex/WebDriverAgent.build/Debug-iphonesimulator/WebDriverAgentLib.build/DerivedSources/x86_64 -I/Users/oikhlas/Library/Developer/Xcode/DerivedData/WebDriverAgent-bcmeffsllcldukgyoimwiehwhvyz/Build/Intermediates.noindex/WebDriverAgent.build/Debug-iphonesimulator/WebDriverAgentLib.build/DerivedSources -Weverything -Wno-objc-missing-property-synthesis -Wno-unused-macros -Wno-disabled-macro-expansion -Wno-gnu-statement-expression -Wno-language-extension-token -Wno-overriding-method-mismatch -Wno-missing-variable-declarations -Rno-module-build -Wno-auto-import -Wno-objc-interface-ivars -Wno-documentation-unknown-command -Wno-reserved-id-macro -Wno-unused-parameter -Wno-gnu-conditional-omitted-operand -Wno-explicit-ownership-type -Wno-date-time -Wno-cast-align -Wno-cstring-format-directive -Wno-double-promotion -Wno-partial-availability -Weverything -Wno-objc-missing-property-synthesis -Wno-unused-macros -Wno-disabled-macro-expansion -Wno-gnu-statement-expression -Wno-language-extension-token -Wno-overriding-method-mismatch -Wno-missing-variable-declarations -Rno-module-build -Wno-auto-import -Wno-objc-interface-ivars -Wno-documentation-unknown-command -Wno-reserved-id-macro -Wno-unused-parameter -Wno-gnu-conditional-omitted-operand -Wno-explicit-ownership-type -Wno-date-time -Wno-cast-align -Wno-cstring-format-directive -Wno-double-promotion -Wno-partial-availability -Wno-objc-messaging-id -Wno-direct-ivar-access -Wno-cast-qual -Wno-declaration-after-statement -F/Users/oikhlas/Library/Developer/Xcode/DerivedData/WebDriverAgent-bcmeffsllcldukgyoimwiehwhvyz/Build/Products/Debug-iphonesimulator -F/Applications/Xcode.app/Contents/Developer/Platforms/iPhoneSimulator.platform/Developer/Library/Frameworks -F/Applications/Xcode.app/Contents/Developer/Platforms/iPhoneSimulator.platform/Developer/Library/PrivateFrameworks -iframework /Applications/Xcode.app/Contents/Developer/Platforms/iPhoneSimulator.platform/Developer/SDKs/iPhoneSimulator16.0.sdk/Developer/Library/Frameworks -MMD -MT dependencies -MF /Users/oikhlas/Library/Developer/Xcode/DerivedData/WebDriverAgent-bcmeffsllcldukgyoimwiehwhvyz/Build/Intermediates.noindex/WebDriverAgent.build/Debug-iphonesimulator/WebDriverAgentLib.build/StaticAnalyzer/WebDriverAgent/WebDriverAgentLib/normal/x86_64/FBDebugCommands.d --analyze /Users/oikhlas/.appium/node_modules/appium-xcuitest-driver/node_modules/appium-webdriveragent/WebDriverAgentLib/Commands/FBDebugCommands.m -o /Users/oikhlas/Library/Developer/Xcode/DerivedData/WebDriverAgent-bcmeffsllcldukgyoimwiehwhvyz/Build/Intermediates.noindex/WebDriverAgent.build/Debug-iphonesimulator/WebDriverAgentLib.build/StaticAnalyzer/WebDriverAgent/WebDriverAgentLib/normal/x86_64/FBDebugCommands.plist
&amp#27;[38;5;173m[Xcode]&amp#27;[0m 
&amp#27;[38;5;173m[Xcode]&amp#27;[0m 
&amp#27;[38;5;173m[Xcode]&amp#27;[0m Analyze /Users/oikhlas/.appium/node_modules/appium-xcuitest-driver/node_modules/appium-webdriveragent/WebDriverAgentLib/Commands/FBCustomCommands.m normal x86_64 (in target 'WebDriverAgentLib' from project 'WebDriverAgent')
&amp#27;[38;5;173m[Xcode]&amp#27;[0m     cd /Users/oikhlas/.appium/node_modules/appium-xcuitest-driver/node_modules/appium-webdriveragent
&amp#27;[38;5;173m[Xcode]&amp#27;[0m     /Applications/Xcode.app/Contents/Developer/Toolchains/XcodeDefault.xctoolchain/usr/bin/clang -x objective-c -target x86_64-apple-ios16.0-simulator -fmessage-length\=0 -fdiagnostics-show-note-include-stack -fmacro-backtrace-limit\=0 -std\=gnu99 -fobjc-arc -fmodules -gmodules -fmodules-cache-path\=/Users/oikhlas/Library/Developer/Xcode/DerivedData/ModuleCache.noindex -fmodules-prune-interval\=86400 -fmodules-prune-after\=345600 -fbuild-session-file\=/Users/oikhlas/Library/Developer/Xcode/DerivedData/ModuleCache.noindex/Session.modulevalidation -fmodules-validate-once-per-build-session -Wno-trigraphs -fpascal-strings -O0 -fno-common -Wmissing-field-initializers -Wno-missing-prototypes -Werror\=return-type -Wunreachable-code -Wquoted-include-in-framework-header -Wno-implicit-atomic-properties -Werror\=deprecated-objc-isa-usage -Wno-objc-interface-ivars -Werror\=objc-root-class -Warc-repeated-use-of-weak -Wno-arc-maybe-repeated-use-of-weak -Wimplicit-retain-self -Wduplicate-method-match -Wno-missing-braces -Wparentheses -Wswitch -Wunused-function -Wno-unused-label -Wunused-parameter -Wunused-variable -Wunused-value -Wempty-body -Wuninitialized -Wconditional-uninitialized -Wno-unknown-pragmas -pedantic -Wshadow -Wno-four-char-constants -Wconversion -Wconstant-conversion -Wint-conversion -Wbool-conversion -Wenum-conversion -Wfloat-conversion -Wnon-literal-null-conversion -Wobjc-literal-conversion -Wassign-enum -Wsign-compare -Wshorten-64-to-32 -Wpointer-sign -Wno-newline-eof -Wno-selector -Wno-strict-selector-match -Wundeclared-selector -Wdeprecated-implementations -Wno-implicit-fallthrough -DDEBUG\=1 -DOBJC_OLD_DISPATCH_PROTOTYPES\=0 -isysroot /Applications/Xcode.app/Contents/Developer/Platforms/iPhoneSimulator.platform/Developer/SDKs/iPhoneSimulator16.0.sdk -fasm-blocks -fstrict-aliasing -Wprotocol -Wdeprecated-declarations -g -Wno-sign-conversion -Winfinite-recursion -Wcomma -Wblock-capture-autoreleasing -Wstrict-prototypes -Wno-semicolon-before-method-body -fobjc-abi-version\=2 -fobjc-legacy-dispatch -D__clang_analyzer__ -Xclang -analyzer-output\=plist-multi-file -Xclang -analyzer-config -Xclang path-diagnostics-alternate\=true -Xclang -analyzer-config -Xclang report-in-main-source-file\=true -Xclang -analyzer-checker -Xclang optin.osx.cocoa.localizability.NonLocalizedStringChecker -Xclang -analyzer-checker -Xclang security.insecureAPI.UncheckedReturn -Xclang -analyzer-checker -Xclang security.insecureAPI.getpw -Xclang -analyzer-checker -Xclang security.insecureAPI.gets -Xclang -analyzer-checker -Xclang security.insecureAPI.mkstemp -Xclang -analyzer-checker -Xclang security.insecureAPI.mktemp -Xclang -analyzer-disable-checker -Xclang security.insecureAPI.rand -Xclang -analyzer-disable-checker -Xclang security.insecureAPI.strcpy -Xclang -analyzer-checker -Xclang security.insecureAPI.vfork -iquote /Users/oikhlas/Library/Developer/Xcode/DerivedData/WebDriverAgent-bcmeffsllcldukgyoimwiehwhvyz/Build/Intermediates.noindex/WebDriverAgent.build/Debug-iphonesimulator/WebDriverAgentLib.build/WebDriverAgentLib-generated-files.hmap -I/Users/oikhlas/Library/Developer/Xcode/DerivedData/WebDriverAgent-bcmeffsllcldukgyoimwiehwhvyz/Build/Intermediates.noindex/WebDriverAgent.build/Debug-iphonesimulator/WebDriverAgentLib.build/WebDriverAgentLib-own-target-headers.hmap -I/Users/oikhlas/Library/Developer/Xcode/DerivedData/WebDriverAgent-bcmeffsllcldukgyoimwiehwhvyz/Build/Intermediates.noindex/WebDriverAgent.build/Debug-iphonesimulator/WebDriverAgentLib.build/WebDriverAgentLib-all-target-headers.hmap -iquote /Users/oikhlas/Library/Developer/Xcode/DerivedData/WebDriverAgent-bcmeffsllcldukgyoimwiehwhvyz/Build/Intermediates.noindex/WebDriverAgent.build/Debug-iphonesimulator/WebDriverAgentLib.build/WebDriverAgentLib-project-headers.hmap -I/Users/oikhlas/Library/Developer/Xcode/DerivedData/WebDriverAgent-bcmeffsllcldukgyoimwiehwhvyz/Build/Products/Debug-iphonesimulator/include -I/Applications/Xcode.app/Contents/Developer/Platforms/iPhoneSimulator.platform/Developer/SDKs/iPhoneSimulator16.0.sdk/usr/include/libxml2 -I/Users/oikhlas/.appium/node_modules/appium-xcuitest-driver/node_modules/appium-webdriveragent/Modules -I/Users/oikhlas/Library/Developer/Xcode/DerivedData/WebDriverAgent-bcmeffsllcldukgyoimwiehwhvyz/Build/Intermediates.noindex/WebDriverAgent.build/Debug-iphonesimulator/WebDriverAgentLib.build/DerivedSources-normal/x86_64 -I/Users/oikhlas/Library/Developer/Xcode/DerivedData/WebDriverAgent-bcmeffsllcldukgyoimwiehwhvyz/Build/Intermediates.noindex/WebDriverAgent.build/Debug-iphonesimulator/WebDriverAgentLib.build/DerivedSources/x86_64 -I/Users/oikhlas/Library/Developer/Xcode/DerivedData/WebDriverAgent-bcmeffsllcldukgyoimwiehwhvyz/Build/Intermediates.noindex/WebDriverAgent.build/Debug-iphonesimulator/WebDriverAgentLib.build/DerivedSources -Weverything -Wno-objc-missing-property-synthesis -Wno-unused-macros -Wno-disabled-macro-expansion -Wno-gnu-statement-expression -Wno-language-extension-token -Wno-overriding-method-mismatch -Wno-missing-variable-declarations -Rno-module-build -Wno-auto-import -Wno-objc-interface-ivars -Wno-documentation-unknown-command -Wno-reserved-id-macro -Wno-unused-parameter -Wno-gnu-conditional-omitted-operand -Wno-explicit-ownership-type -Wno-date-time -Wno-cast-align -Wno-cstring-format-directive -Wno-double-promotion -Wno-partial-availability -Weverything -Wno-objc-missing-property-synthesis -Wno-unused-macros -Wno-disabled-macro-expansion -Wno-gnu-statement-expression -Wno-language-extension-token -Wno-overriding-method-mismatch -Wno-missing-variable-declarations -Rno-module-build -Wno-auto-import -Wno-objc-interface-ivars -Wno-documentation-unknown-command -Wno-reserved-id-macro -Wno-unused-parameter -Wno-gnu-conditional-omitted-operand -Wno-explicit-ownership-type -Wno-date-time -Wno-cast-align -Wno-cstring-format-directive -Wno-double-promotion -Wno-partial-availability -Wno-objc-messaging-id -Wno-direct-ivar-access -Wno-cast-qual -Wno-declaration-after-statement -F/Users/oikhlas/Library/Developer/Xcode/DerivedData/WebDriverAgent-bcmeffsllcldukgyoimwiehwhvyz/Build/Products/Debug-iphonesimulator -F/Applications/Xcode.app/Contents/Developer/Platforms/iPhoneSimulator.platform/Developer/Library/Frameworks -F/Applications/Xcode.app/Contents/Developer/Platforms/iPhoneSimulator.platform/Developer/Library/PrivateFrameworks -iframework /Applications/Xcode.app/Contents/Developer/Platforms/iPhoneSimulator.platform/Developer/SDKs/iPhoneSimulator16.0.sdk/Developer/Library/Frameworks -MMD -MT dependencies -MF /Users/oikhlas/Library/Developer/Xcode/DerivedData/WebDriverAgent-bcmeffsllcldukgyoimwiehwhvyz/Build/Intermediates.noindex/WebDriverAgent.build/Debug-iphonesimulator/WebDriverAgentLib.build/StaticAnalyzer/WebDriverAgent/WebDriverAgentLib/normal/x86_64/FBCustomCommands.d --analyze /Users/oikhlas/.appium/node_modules/appium-xcuitest-driver/node_modules/appium-webdriveragent/WebDriverAgentLib/Commands/FBCustomCommands.m -o /Users/oikhlas/Library/Developer/Xcode/DerivedData/WebDriverAgent-bcmeffsllcldukgyoimwiehwhvyz/Build/Intermediates.noindex/WebDriverAgent.build/Debug-iphonesimulator/WebDriverAgentLib.build/StaticAnalyzer/WebDriverAgent/WebDriverAgentLib/normal/x86_64/FBCustomCommands.plist
&amp#27;[38;5;173m[Xcode]&amp#27;[0m 
&amp#27;[38;5;173m[Xcode]&amp#27;[0m 
&amp#27;[38;5;173m[Xcode]&amp#27;[0m Analyze /Users/oikhlas/.appium/node_modules/appium-xcuitest-driver/node_modules/appium-webdriveragent/WebDriverAgentLib/Commands/FBAlertViewCommands.m normal x86_64 (in target 'WebDriverAgentLib' from project 'WebDriverAgent')
&amp#27;[38;5;173m[Xcode]&amp#27;[0m     cd /Users/oikhlas/.appium/node_modules/appium-xcuitest-driver/node_modules/appium-webdriveragent
&amp#27;[38;5;173m[Xcode]&amp#27;[0m     /Applications/Xcode.app/Contents/Developer/Toolchains/XcodeDefault.xctoolchain/usr/bin/clang -x objective-c -target x86_64-apple-ios16.0-simulator -fmessage-length\=0 -fdiagnostics-show-note-include-stack -fmacro-backtrace-limit\=0 -std\=gnu99 -fobjc-arc -fmodules -gmodules -fmodules-cache-path\=/Users/oikhlas/Library/Developer/Xcode/DerivedData/ModuleCache.noindex -fmodules-prune-interval\=86400 -fmodules-prune-after\=345600 -fbuild-session-file\=/Users/oikhlas/Library/Developer/Xcode/DerivedData/ModuleCache.noindex/Session.modulevalidation -fmodules-validate-once-per-build-session -Wno-trigraphs -fpascal-strings -O0 -fno-common -Wmissing-field-initializers -Wno-missing-prototypes -Werror\=return-type -Wunreachable-code -Wquoted-include-in-framework-header -Wno-implicit-atomic-properties -Werror\=deprecated-objc-isa-usage -Wno-objc-interface-ivars -Werror\=objc-root-class -Warc-repeated-use-of-weak -Wno-arc-maybe-repeated-use-of-weak -Wimplicit-retain-self -Wduplicate-method-match -Wno-missing-braces -Wparentheses -Wswitch -Wunused-function -Wno-unused-label -Wunused-parameter -Wunused-variable -Wunused-value -Wempty-body -Wuninitialized -Wconditional-uninitialized -Wno-unknown-pragmas -pedantic -Wshadow -Wno-four-char-constants -Wconversion -Wconstant-conversion -Wint-conversion -Wbool-conversion -Wenum-conversion -Wfloat-conversion -Wnon-literal-null-conversion -Wobjc-literal-conversion -Wassign-enum -Wsign-compare -Wshorten-64-to-32 -Wpointer-sign -Wno-newline-eof -Wno-selector -Wno-strict-selector-match -Wundeclared-selector -Wdeprecated-implementations -Wno-implicit-fallthrough -DDEBUG\=1 -DOBJC_OLD_DISPATCH_PROTOTYPES\=0 -isysroot /Applications/Xcode.app/Contents/Developer/Platforms/iPhoneSimulator.platform/Developer/SDKs/iPhoneSimulator16.0.sdk -fasm-blocks -fstrict-aliasing -Wprotocol -Wdeprecated-declarations -g -Wno-sign-conversion -Winfinite-recursion -Wcomma -Wblock-capture-autoreleasing -Wstrict-prototypes -Wno-semicolon-before-method-body -fobjc-abi-version\=2 -fobjc-legacy-dispatch -D__clang_analyzer__ -Xclang -analyzer-output\=plist-multi-file -Xclang -analyzer-config -Xclang path-diagnostics-alternate\=true -Xclang -analyzer-config -Xclang report-in-main-source-file\=true -Xclang -analyzer-checker -Xclang optin.osx.cocoa.localizability.NonLocalizedStringChecker -Xclang -analyzer-checker -Xclang security.insecureAPI.UncheckedReturn -Xclang -analyzer-checker -Xclang security.insecureAPI.getpw -Xclang -analyzer-checker -Xclang security.insecureAPI.gets -Xclang -analyzer-checker -Xclang security.insecureAPI.mkstemp -Xclang -analyzer-checker -Xclang security.insecureAPI.mktemp -Xclang -analyzer-disable-checker -Xclang security.insecureAPI.rand -Xclang -analyzer-disable-checker -Xclang security.insecureAPI.strcpy -Xclang -analyzer-checker -Xclang security.insecureAPI.vfork -iquote /Users/oikhlas/Library/Developer/Xcode/DerivedData/WebDriverAgent-bcmeffsllcldukgyoimwiehwhvyz/Build/Intermediates.noindex/WebDriverAgent.build/Debug-iphonesimulator/WebDriverAgentLib.build/WebDriverAgentLib-generated-files.hmap -I/Users/oikhlas/Library/Developer/Xcode/DerivedData/WebDriverAgent-bcmeffsllcldukgyoimwiehwhvyz/Build/Intermediates.noindex/WebDriverAgent.build/Debug-iphonesimulator/WebDriverAgentLib.build/WebDriverAgentLib-own-target-headers.hmap -I/Users/oikhlas/Library/Developer/Xcode/DerivedData/WebDriverAgent-bcmeffsllcldukgyoimwiehwhvyz/Build/Intermediates.noindex/WebDriverAgent.build/Debug-iphonesimulator/WebDriverAgentLib.build/WebDriverAgentLib-all-target-headers.hmap -iquote /Users/oikhlas/Library/Developer/Xcode/DerivedData/WebDriverAgent-bcmeffsllcldukgyoimwiehwhvyz/Build/Intermediates.noindex/WebDriverAgent.build/Debug-iphonesimulator/WebDriverAgentLib.build/WebDriverAgentLib-project-headers.hmap -I/Users/oikhlas/Library/Developer/Xcode/DerivedData/WebDriverAgent-bcmeffsllcldukgyoimwiehwhvyz/Build/Products/Debug-iphonesimulator/include -I/Applications/Xcode.app/Contents/Developer/Platforms/iPhoneSimulator.platform/Developer/SDKs/iPhoneSimulator16.0.sdk/usr/include/libxml2 -I/Users/oikhlas/.appium/node_modules/appium-xcuitest-driver/node_modules/appium-webdriveragent/Modules -I/Users/oikhlas/Library/Developer/Xcode/DerivedData/WebDriverAgent-bcmeffsllcldukgyoimwiehwhvyz/Build/Intermediates.noindex/WebDriverAgent.build/Debug-iphonesimulator/WebDriverAgentLib.build/DerivedSources-normal/x86_64 -I/Users/oikhlas/Library/Developer/Xcode/DerivedData/WebDriverAgent-bcmeffsllcldukgyoimwiehwhvyz/Build/Intermediates.noindex/WebDriverAgent.build/Debug-iphonesimulator/WebDriverAgentLib.build/DerivedSources/x86_64 -I/Users/oikhlas/Library/Developer/Xcode/DerivedData/WebDriverAgent-bcmeffsllcldukgyoimwiehwhvyz/Build/Intermediates.noindex/WebDriverAgent.build/Debug-iphonesimulator/WebDriverAgentLib.build/DerivedSources -Weverything -Wno-objc-missing-property-synthesis -Wno-unused-macros -Wno-disabled-macro-expansion -Wno-gnu-statement-expression -Wno-language-extension-token -Wno-overriding-method-mismatch -Wno-missing-variable-declarations -Rno-module-build -Wno-auto-import -Wno-objc-interface-ivars -Wno-documentation-unknown-command -Wno-reserved-id-macro -Wno-unused-parameter -Wno-gnu-conditional-omitted-operand -Wno-explicit-ownership-type -Wno-date-time -Wno-cast-align -Wno-cstring-format-directive -Wno-double-promotion -Wno-partial-availability -Weverything -Wno-objc-missing-property-synthesis -Wno-unused-macros -Wno-disabled-macro-expansion -Wno-gnu-statement-expression -Wno-language-extension-token -Wno-overriding-method-mismatch -Wno-missing-variable-declarations -Rno-module-build -Wno-auto-import -Wno-objc-interface-ivars -Wno-documentation-unknown-command -Wno-reserved-id-macro -Wno-unused-parameter -Wno-gnu-conditional-omitted-operand -Wno-explicit-ownership-type -Wno-date-time -Wno-cast-align -Wno-cstring-format-directive -Wno-double-promotion -Wno-partial-availability -Wno-objc-messaging-id -Wno-direct-ivar-access -Wno-cast-qual -Wno-declaration-after-statement -F/Users/oikhlas/Library/Developer/Xcode/DerivedData/WebDriverAgent-bcmeffsllcldukgyoimwiehwhvyz/Build/Products/Debug-iphonesimulator -F/Applications/Xcode.app/Contents/Developer/Platforms/iPhoneSimulator.platform/Developer/Library/Frameworks -F/Applications/Xcode.app/Contents/Developer/Platforms/iPhoneSimulator.platform/Developer/Library/PrivateFrameworks -iframework /Applications/Xcode.app/Contents/Developer/Platforms/iPhoneSimulator.platform/Developer/SDKs/iPhoneSimulator16.0.sdk/Developer/Library/Frameworks -MMD -MT dependencies -MF /Users/oikhlas/Library/Developer/Xcode/DerivedData/WebDriverAgent-bcmeffsllcldukgyoimwiehwhvyz/Build/Intermediates.noindex/WebDriverAgent.build/Debug-iphonesimulator/WebDriverAgentLib.build/StaticAnalyzer/WebDriverAgent/WebDriverAgentLib/normal/x86_64/FBAlertViewCommands.d --analyze /Users/oikhlas/.appium/node_modules/appium-xcuitest-driver/node_modules/appium-webdriveragent/WebDriverAgentLib/Commands/FBAlertViewCommands.m -o /Users/oikhlas/Library/Developer/Xcode/DerivedData/WebDriverAgent-bcmeffsllcldukgyoimwiehwhvyz/Build/Intermediates.noindex/WebDriverAgent.build/Debug-iphonesimulator/WebDriverAgentLib.build/StaticAnalyzer/WebDriverAgent/WebDriverAgentLib/normal/x86_64/FBAlertViewCommands.plist
&amp#27;[38;5;173m[Xcode]&amp#27;[0m 
&amp#27;[38;5;173m[Xcode]&amp#27;[0m 
&amp#27;[38;5;173m[Xcode]&amp#27;[0m Analyze /Users/oikhlas/.appium/node_modules/appium-xcuitest-driver/node_modules/appium-webdriveragent/WebDriverAgentLib/Categories/XCUIElementQuery+FBHelpers.m normal x86_64 (in target 'WebDriverAgentLib' from project 'WebDriverAgent')
&amp#27;[38;5;173m[Xcode]&amp#27;[0m     cd /Users/oikhlas/.appium/node_modules/appium-xcuitest-driver/node_modules/appium-webdriveragent
&amp#27;[38;5;173m[Xcode]&amp#27;[0m     /Applications/Xcode.app/Contents/Developer/Toolchains/XcodeDefault.xctoolchain/usr/bin/clang -x objective-c -target x86_64-apple-ios16.0-simulator -fmessage-length\=0 -fdiagnostics-show-note-include-stack -fmacro-backtrace-limit\=0 -std\=gnu99 -fobjc-arc -fmodules -gmodules -fmodules-cache-path\=/Users/oikhlas/Library/Developer/Xcode/DerivedData/ModuleCache.noindex -fmodules-prune-interval\=86400 -fmodules-prune-after\=345600 -fbuild-session-file\=/Users/oikhlas/Library/Developer/Xcode/DerivedData/ModuleCache.noindex/Session.modulevalidation -fmodules-validate-once-per-build-session -Wno-trigraphs -fpascal-strings -O0 -fno-common -Wmissing-field-initializers -Wno-missing-prototypes -Werror\=return-type -Wunreachable-code -Wquoted-include-in-framework-header -Wno-implicit-atomic-properties -Werror\=deprecated-objc-isa-usage -Wno-objc-interface-ivars -Werror\=objc-root-class -Warc-repeated-use-of-weak -Wno-arc-maybe-repeated-use-of-weak -Wimplicit-retain-self -Wduplicate-method-match -Wno-missing-braces -Wparentheses -Wswitch -Wunused-function -Wno-unused-label -Wunused-parameter -Wunused-variable -Wunused-value -Wempty-body -Wuninitialized -Wconditional-uninitialized -Wno-unknown-pragmas -pedantic -Wshadow -Wno-four-char-constants -Wconversion -Wconstant-conversion -Wint-conversion -Wbool-conversion -Wenum-conversion -Wfloat-conversion -Wnon-literal-null-conversion -Wobjc-literal-conversion -Wassign-enum -Wsign-compare -Wshorten-64-to-32 -Wpointer-sign -Wno-newline-eof -Wno-selector -Wno-strict-selector-match -Wundeclared-selector -Wdeprecated-implementations -Wno-implicit-fallthrough -DDEBUG\=1 -DOBJC_OLD_DISPATCH_PROTOTYPES\=0 -isysroot /Applications/Xcode.app/Contents/Developer/Platforms/iPhoneSimulator.platform/Developer/SDKs/iPhoneSimulator16.0.sdk -fasm-blocks -fstrict-aliasing -Wprotocol -Wdeprecated-declarations -g -Wno-sign-conversion -Winfinite-recursion -Wcomma -Wblock-capture-autoreleasing -Wstrict-prototypes -Wno-semicolon-before-method-body -fobjc-abi-version\=2 -fobjc-legacy-dispatch -D__clang_analyzer__ -Xclang -analyzer-output\=plist-multi-file -Xclang -analyzer-config -Xclang path-diagnostics-alternate\=true -Xclang -analyzer-config -Xclang report-in-main-source-file\=true -Xclang -analyzer-checker -Xclang optin.osx.cocoa.localizability.NonLocalizedStringChecker -Xclang -analyzer-checker -Xclang security.insecureAPI.UncheckedReturn -Xclang -analyzer-checker -Xclang security.insecureAPI.getpw -Xclang -analyzer-checker -Xclang security.insecureAPI.gets -Xclang -analyzer-checker -Xclang security.insecureAPI.mkstemp -Xclang -analyzer-checker -Xclang security.insecureAPI.mktemp -Xclang -analyzer-disable-checker -Xclang security.insecureAPI.rand -Xclang -analyzer-disable-checker -Xclang security.insecureAPI.strcpy -Xclang -analyzer-checker -Xclang security.insecureAPI.vfork -iquote /Users/oikhlas/Library/Developer/Xcode/DerivedData/WebDriverAgent-bcmeffsllcldukgyoimwiehwhvyz/Build/Intermediates.noindex/WebDriverAgent.build/Debug-iphonesimulator/WebDriverAgentLib.build/WebDriverAgentLib-generated-files.hmap -I/Users/oikhlas/Library/Developer/Xcode/DerivedData/WebDriverAgent-bcmeffsllcldukgyoimwiehwhvyz/Build/Intermediates.noindex/WebDriverAgent.build/Debug-iphonesimulator/WebDriverAgentLib.build/WebDriverAgentLib-own-target-headers.hmap -I/Users/oikhlas/Library/Developer/Xcode/DerivedData/WebDriverAgent-bcmeffsllcldukgyoimwiehwhvyz/Build/Intermediates.noindex/WebDriverAgent.build/Debug-iphonesimulator/WebDriverAgentLib.build/WebDriverAgentLib-all-target-headers.hmap -iquote /Users/oikhlas/Library/Developer/Xcode/DerivedData/WebDriverAgent-bcmeffsllcldukgyoimwiehwhvyz/Build/Intermediates.noindex/WebDriverAgent.build/Debug-iphonesimulator/WebDriverAgentLib.build/WebDriverAgentLib-project-headers.hmap -I/Users/oikhlas/Library/Developer/Xcode/DerivedData/WebDriverAgent-bcmeffsllcldukgyoimwiehwhvyz/Build/Products/Debug-iphonesimulator/include -I/Applications/Xcode.app/Contents/Developer/Platforms/iPhoneSimulator.platform/Developer/SDKs/iPhoneSimulator16.0.sdk/usr/include/libxml2 -I/Users/oikhlas/.appium/node_modules/appium-xcuitest-driver/node_modules/appium-webdriveragent/Modules -I/Users/oikhlas/Library/Developer/Xcode/DerivedData/WebDriverAgent-bcmeffsllcldukgyoimwiehwhvyz/Build/Intermediates.noindex/WebDriverAgent.build/Debug-iphonesimulator/WebDriverAgentLib.build/DerivedSources-normal/x86_64 -I/Users/oikhlas/Library/Developer/Xcode/DerivedData/WebDriverAgent-bcmeffsllcldukgyoimwiehwhvyz/Build/Intermediates.noindex/WebDriverAgent.build/Debug-iphonesimulator/WebDriverAgentLib.build/DerivedSources/x86_64 -I/Users/oikhlas/Library/Developer/Xcode/DerivedData/WebDriverAgent-bcmeffsllcldukgyoimwiehwhvyz/Build/Intermediates.noindex/WebDriverAgent.build/Debug-iphonesimulator/WebDriverAgentLib.build/DerivedSources -Weverything -Wno-objc-missing-property-synthesis -Wno-unused-macros -Wno-disabled-macro-expansion -Wno-gnu-statement-expression -Wno-language-extension-token -Wno-overriding-method-mismatch -Wno-missing-variable-declarations -Rno-module-build -Wno-auto-import -Wno-objc-interface-ivars -Wno-documentation-unknown-command -Wno-reserved-id-macro -Wno-unused-parameter -Wno-gnu-conditional-omitted-operand -Wno-explicit-ownership-type -Wno-date-time -Wno-cast-align -Wno-cstring-format-directive -Wno-double-promotion -Wno-partial-availability -Weverything -Wno-objc-missing-property-synthesis -Wno-unused-macros -Wno-disabled-macro-expansion -Wno-gnu-statement-expression -Wno-language-extension-token -Wno-overriding-method-mismatch -Wno-missing-variable-declarations -Rno-module-build -Wno-auto-import -Wno-objc-interface-ivars -Wno-documentation-unknown-command -Wno-reserved-id-macro -Wno-unused-parameter -Wno-gnu-conditional-omitted-operand -Wno-explicit-ownership-type -Wno-date-time -Wno-cast-align -Wno-cstring-format-directive -Wno-double-promotion -Wno-partial-availability -Wno-objc-messaging-id -Wno-direct-ivar-access -Wno-cast-qual -Wno-declaration-after-statement -F/Users/oikhlas/Library/Developer/Xcode/DerivedData/WebDriverAgent-bcmeffsllcldukgyoimwiehwhvyz/Build/Products/Debug-iphonesimulator -F/Applications/Xcode.app/Contents/Developer/Platforms/iPhoneSimulator.platform/Developer/Library/Frameworks -F/Applications/Xcode.app/Contents/Developer/Platforms/iPhoneSimulator.platform/Developer/Library/PrivateFrameworks -iframework /Applications/Xcode.app/Contents/Developer/Platforms/iPhoneSimulator.platform/Developer/SDKs/iPhoneSimulator16.0.sdk/Developer/Library/Frameworks -MMD -MT dependencies -MF /Users/oikhlas/Library/Developer/Xcode/DerivedData/WebDriverAgent-bcmeffsllcldukgyoimwiehwhvyz/Build/Intermediates.noindex/WebDriverAgent.build/Debug-iphonesimulator/WebDriverAgentLib.build/StaticAnalyzer/WebDriverAgent/WebDriverAgentLib/normal/x86_64/XCUIElementQuery+FBHelpers.d --analyze /Users/oikhlas/.appium/node_modules/appium-xcuitest-driver/node_modules/appium-webdriveragent/WebDriverAgentLib/Categories/XCUIElementQuery+FBHelpers.m -o /Users/oikhlas/Library/Developer/Xcode/DerivedData/WebDriverAgent-bcmeffsllcldukgyoimwiehwhvyz/Build/Intermediates.noindex/WebDriverAgent.build/Debug-iphonesimulator/WebDriverAgentLib.build/StaticAnalyzer/WebDriverAgent/WebDriverAgentLib/normal/x86_64/XCUIElementQuery+FBHelpers.plist
&amp#27;[38;5;173m[Xcode]&amp#27;[0m 
&amp#27;[38;5;173m[Xcode]&amp#27;[0m 
&amp#27;[38;5;173m[Xcode]&amp#27;[0m Analyze /Users/oikhlas/.appium/node_modules/appium-xcuitest-driver/node_modules/appium-webdriveragent/WebDriverAgentLib/Categories/XCUIElement+FBWebDriverAttributes.m normal x86_64 (in target 'WebDriverAgentLib' from project 'WebDriverAgent')
&amp#27;[38;5;173m[Xcode]&amp#27;[0m     cd /Users/oikhlas/.appium/node_modules/appium-xcuitest-driver/node_modules/appium-webdriveragent
&amp#27;[38;5;173m[Xcode]&amp#27;[0m     /Applications/Xcode.app/Contents/Developer/Toolchains/XcodeDefault.xctoolchain/usr/bin/clang -x objective-c -target x86_64-apple-ios16.0-simulator -fmessage-length\=0 -fdiagnostics-show-note-include-stack -fmacro-backtrace-limit\=0 -std\=gnu99 -fobjc-arc -fmodules -gmodules -fmodules-cache-path\=/Users/oikhlas/Library/Developer/Xcode/DerivedData/ModuleCache.noindex -fmodules-prune-interval\=86400 -fmodules-prune-after\=345600 -fbuild-session-file\=/Users/oikhlas/Library/Developer/Xcode/DerivedData/ModuleCache.noindex/Session.modulevalidation -fmodules-validate-once-per-build-session -Wno-trigraphs -fpascal-strings -O0 -fno-common -Wmissing-field-initializers -Wno-missing-prototypes -Werror\=return-type -Wunreachable-code -Wquoted-include-in-framework-header -Wno-implicit-atomic-properties -Werror\=deprecated-objc-isa-usage -Wno-objc-interface-ivars -Werror\=objc-root-class -Warc-repeated-use-of-weak -Wno-arc-maybe-repeated-use-of-weak -Wimplicit-retain-self -Wduplicate-method-match -Wno-missing-braces -Wparentheses -Wswitch -Wunused-function -Wno-unused-label -Wunused-parameter -Wunused-variable -Wunused-value -Wempty-body -Wuninitialized -Wconditional-uninitialized -Wno-unknown-pragmas -pedantic -Wshadow -Wno-four-char-constants -Wconversion -Wconstant-conversion -Wint-conversion -Wbool-conversion -Wenum-conversion -Wfloat-conversion -Wnon-literal-null-conversion -Wobjc-literal-conversion -Wassign-enum -Wsign-compare -Wshorten-64-to-32 -Wpointer-sign -Wno-newline-eof -Wno-selector -Wno-strict-selector-match -Wundeclared-selector -Wdeprecated-implementations -Wno-implicit-fallthrough -DDEBUG\=1 -DOBJC_OLD_DISPATCH_PROTOTYPES\=0 -isysroot /Applications/Xcode.app/Contents/Developer/Platforms/iPhoneSimulator.platform/Developer/SDKs/iPhoneSimulator16.0.sdk -fasm-blocks -fstrict-aliasing -Wprotocol -Wdeprecated-declarations -g -Wno-sign-conversion -Winfinite-recursion -Wcomma -Wblock-capture-autoreleasing -Wstrict-prototypes -Wno-semicolon-before-method-body -fobjc-abi-version\=2 -fobjc-legacy-dispatch -D__clang_analyzer__ -Xclang -analyzer-output\=plist-multi-file -Xclang -analyzer-config -Xclang path-diagnostics-alternate\=true -Xclang -analyzer-config -Xclang report-in-main-source-file\=true -Xclang -analyzer-checker -Xclang optin.osx.cocoa.localizability.NonLocalizedStringChecker -Xclang -analyzer-checker -Xclang security.insecureAPI.UncheckedReturn -Xclang -analyzer-checker -Xclang security.insecureAPI.getpw -Xclang -analyzer-checker -Xclang security.insecureAPI.gets -Xclang -analyzer-checker -Xclang security.insecureAPI.mkstemp -Xclang -analyzer-checker -Xclang security.insecureAPI.mktemp -Xclang -analyzer-disable-checker -Xclang security.insecureAPI.rand -Xclang -analyzer-disable-checker -Xclang security.insecureAPI.strcpy -Xclang -analyzer-checker -Xclang security.insecureAPI.vfork -iquote /Users/oikhlas/Library/Developer/Xcode/DerivedData/WebDriverAgent-bcmeffsllcldukgyoimwiehwhvyz/Build/Intermediates.noindex/WebDriverAgent.build/Debug-iphonesimulator/WebDriverAgentLib.build/WebDriverAgentLib-generated-files.hmap -I/Users/oikhlas/Library/Developer/Xcode/DerivedData/WebDriverAgent-bcmeffsllcldukgyoimwiehwhvyz/Build/Intermediates.noindex/WebDriverAgent.build/Debug-iphonesimulator/WebDriverAgentLib.build/WebDriverAgentLib-own-target-headers.hmap -I/Users/oikhlas/Library/Developer/Xcode/DerivedData/WebDriverAgent-bcmeffsllcldukgyoimwiehwhvyz/Build/Intermediates.noindex/WebDriverAgent.build/Debug-iphonesimulator/WebDriverAgentLib.build/WebDriverAgentLib-all-target-headers.hmap -iquote /Users/oikhlas/Library/Developer/Xcode/DerivedData/WebDriverAgent-bcmeffsllcldukgyoimwiehwhvyz/Build/Intermediates.noindex/WebDriverAgent.build/Debug-iphonesimulator/WebDriverAgentLib.build/WebDriverAgentLib-project-headers.hmap -I/Users/oikhlas/Library/Developer/Xcode/DerivedData/WebDriverAgent-bcmeffsllcldukgyoimwiehwhvyz/Build/Products/Debug-iphonesimulator/include -I/Applications/Xcode.app/Contents/Developer/Platforms/iPhoneSimulator.platform/Developer/SDKs/iPhoneSimulator16.0.sdk/usr/include/libxml2 -I/Users/oikhlas/.appium/node_modules/appium-xcuitest-driver/node_modules/appium-webdriveragent/Modules -I/Users/oikhlas/Library/Developer/Xcode/DerivedData/WebDriverAgent-bcmeffsllcldukgyoimwiehwhvyz/Build/Intermediates.noindex/WebDriverAgent.build/Debug-iphonesimulator/WebDriverAgentLib.build/DerivedSources-normal/x86_64 -I/Users/oikhlas/Library/Developer/Xcode/DerivedData/WebDriverAgent-bcmeffsllcldukgyoimwiehwhvyz/Build/Intermediates.noindex/WebDriverAgent.build/Debug-iphonesimulator/WebDriverAgentLib.build/DerivedSources/x86_64 -I/Users/oikhlas/Library/Developer/Xcode/DerivedData/WebDriverAgent-bcmeffsllcldukgyoimwiehwhvyz/Build/Intermediates.noindex/WebDriverAgent.build/Debug-iphonesimulator/WebDriverAgentLib.build/DerivedSources -Weverything -Wno-objc-missing-property-synthesis -Wno-unused-macros -Wno-disabled-macro-expansion -Wno-gnu-statement-expression -Wno-language-extension-token -Wno-overriding-method-mismatch -Wno-missing-variable-declarations -Rno-module-build -Wno-auto-import -Wno-objc-interface-ivars -Wno-documentation-unknown-command -Wno-reserved-id-macro -Wno-unused-parameter -Wno-gnu-conditional-omitted-operand -Wno-explicit-ownership-type -Wno-date-time -Wno-cast-align -Wno-cstring-format-directive -Wno-double-promotion -Wno-partial-availability -Weverything -Wno-objc-missing-property-synthesis -Wno-unused-macros -Wno-disabled-macro-expansion -Wno-gnu-statement-expression -Wno-language-extension-token -Wno-overriding-method-mismatch -Wno-missing-variable-declarations -Rno-module-build -Wno-auto-import -Wno-objc-interface-ivars -Wno-documentation-unknown-command -Wno-reserved-id-macro -Wno-unused-parameter -Wno-gnu-conditional-omitted-operand -Wno-explicit-ownership-type -Wno-date-time -Wno-cast-align -Wno-cstring-format-directive -Wno-double-promotion -Wno-partial-availability -Wno-objc-messaging-id -Wno-direct-ivar-access -Wno-cast-qual -Wno-declaration-after-statement -F/Users/oikhlas/Library/Developer/Xcode/DerivedData/WebDriverAgent-bcmeffsllcldukgyoimwiehwhvyz/Build/Products/Debug-iphonesimulator -F/Applications/Xcode.app/Contents/Developer/Platforms/iPhoneSimulator.platform/Developer/Library/Frameworks -F/Applications/Xcode.app/Contents/Developer/Platforms/iPhoneSimulator.platform/Developer/Library/PrivateFrameworks -iframework /Applications/Xcode.app/Contents/Developer/Platforms/iPhoneSimulator.platform/Developer/SDKs/iPhoneSimulator16.0.sdk/Developer/Library/Frameworks -MMD -MT dependencies -MF /Users/oikhlas/Library/Developer/Xcode/DerivedData/WebDriverAgent-bcmeffsllcldukgyoimwiehwhvyz/Build/Intermediates.noindex/WebDriverAgent.build/Debug-iphonesimulator/WebDriverAgentLib.build/StaticAnalyzer/WebDriverAgent/WebDriverAgentLib/normal/x86_64/XCUIElement+FBWebDriverAttributes.d --analyze /Users/oikhlas/.appium/node_modules/appium-xcuitest-driver/node_modules/appium-webdriveragent/WebDriverAgentLib/Categories/XCUIElement+FBWebDriverAttributes.m -o /Users/oikhlas/Library/Developer/Xcode/DerivedData/WebDriverAgent-bcmeffsllcldukgyoimwiehwhvyz/Build/Intermediates.noindex/WebDriverAgent.build/Debug-iphonesimulator/WebDriverAgentLib.build/StaticAnalyzer/WebDriverAgent/WebDriverAgentLib/normal/x86_64/XCUIElement+FBWebDriverAttributes.plist
&amp#27;[38;5;173m[Xcode]&amp#27;[0m 
&amp#27;[38;5;173m[Xcode]&amp#27;[0m 
&amp#27;[38;5;173m[Xcode]&amp#27;[0m Analyze /Users/oikhlas/.appium/node_modules/appium-xcuitest-driver/node_modules/appium-webdriveragent/WebDriverAgentLib/Categories/XCUIElement+FBUtilities.m normal x86_64 (in target 'WebDriverAgentLib' from project 'WebDriverAgent')
&amp#27;[38;5;173m[Xcode]&amp#27;[0m     cd /Users/oikhlas/.appium/node_modules/appium-xcuitest-driver/node_modules/appium-webdriveragent
&amp#27;[38;5;173m[Xcode]&amp#27;[0m     /Applications/Xcode.app/Contents/Developer/Toolchains/XcodeDefault.xctoolchain/usr/bin/clang -x objective-c -target x86_64-apple-ios16.0-simulator -fmessage-length\=0 -fdiagnostics-show-note-include-stack -fmacro-backtrace-limit\=0 -std\=gnu99 -fobjc-arc -fmodules -gmodules -fmodules-cache-path\=/Users/oikhlas/Library/Developer/Xcode/DerivedData/ModuleCache.noindex -fmodules-prune-interval\=86400 -fmodules-prune-after\=345600 -fbuild-session-file\=/Users/oikhlas/Library/Developer/Xcode/DerivedData/ModuleCache.noindex/Session.modulevalidation -fmodules-validate-once-per-build-session -Wno-trigraphs -fpascal-strings -O0 -fno-common -Wmissing-field-initializers -Wno-missing-prototypes -Werror\=return-type -Wunreachable-code -Wquoted-include-in-framework-header -Wno-implicit-atomic-properties -Werror\=deprecated-objc-isa-usage -Wno-objc-interface-ivars -Werror\=objc-root-class -Warc-repeated-use-of-weak -Wno-arc-maybe-repeated-use-of-weak -Wimplicit-retain-self -Wduplicate-method-match -Wno-missing-braces -Wparentheses -Wswitch -Wunused-function -Wno-unused-label -Wunused-parameter -Wunused-variable -Wunused-value -Wempty-body -Wuninitialized -Wconditional-uninitialized -Wno-unknown-pragmas -pedantic -Wshadow -Wno-four-char-constants -Wconversion -Wconstant-conversion -Wint-conversion -Wbool-conversion -Wenum-conversion -Wfloat-conversion -Wnon-literal-null-conversion -Wobjc-literal-conversion -Wassign-enum -Wsign-compare -Wshorten-64-to-32 -Wpointer-sign -Wno-newline-eof -Wno-selector -Wno-strict-selector-match -Wundeclared-selector -Wdeprecated-implementations -Wno-implicit-fallthrough -DDEBUG\=1 -DOBJC_OLD_DISPATCH_PROTOTYPES\=0 -isysroot /Applications/Xcode.app/Contents/Developer/Platforms/iPhoneSimulator.platform/Developer/SDKs/iPhoneSimulator16.0.sdk -fasm-blocks -fstrict-aliasing -Wprotocol -Wdeprecated-declarations -g -Wno-sign-conversion -Winfinite-recursion -Wcomma -Wblock-capture-autoreleasing -Wstrict-prototypes -Wno-semicolon-before-method-body -fobjc-abi-version\=2 -fobjc-legacy-dispatch -D__clang_analyzer__ -Xclang -analyzer-output\=plist-multi-file -Xclang -analyzer-config -Xclang path-diagnostics-alternate\=true -Xclang -analyzer-config -Xclang report-in-main-source-file\=true -Xclang -analyzer-checker -Xclang optin.osx.cocoa.localizability.NonLocalizedStringChecker -Xclang -analyzer-checker -Xclang security.insecureAPI.UncheckedReturn -Xclang -analyzer-checker -Xclang security.insecureAPI.getpw -Xclang -analyzer-checker -Xclang security.insecureAPI.gets -Xclang -analyzer-checker -Xclang security.insecureAPI.mkstemp -Xclang -analyzer-checker -Xclang security.insecureAPI.mktemp -Xclang -analyzer-disable-checker -Xclang security.insecureAPI.rand -Xclang -analyzer-disable-checker -Xclang security.insecureAPI.strcpy -Xclang -analyzer-checker -Xclang security.insecureAPI.vfork -iquote /Users/oikhlas/Library/Developer/Xcode/DerivedData/WebDriverAgent-bcmeffsllcldukgyoimwiehwhvyz/Build/Intermediates.noindex/WebDriverAgent.build/Debug-iphonesimulator/WebDriverAgentLib.build/WebDriverAgentLib-generated-files.hmap -I/Users/oikhlas/Library/Developer/Xcode/DerivedData/WebDriverAgent-bcmeffsllcldukgyoimwiehwhvyz/Build/Intermediates.noindex/WebDriverAgent.build/Debug-iphonesimulator/WebDriverAgentLib.build/WebDriverAgentLib-own-target-headers.hmap -I/Users/oikhlas/Library/Developer/Xcode/DerivedData/WebDriverAgent-bcmeffsllcldukgyoimwiehwhvyz/Build/Intermediates.noindex/WebDriverAgent.build/Debug-iphonesimulator/WebDriverAgentLib.build/WebDriverAgentLib-all-target-headers.hmap -iquote /Users/oikhlas/Library/Developer/Xcode/DerivedData/WebDriverAgent-bcmeffsllcldukgyoimwiehwhvyz/Build/Intermediates.noindex/WebDriverAgent.build/Debug-iphonesimulator/WebDriverAgentLib.build/WebDriverAgentLib-project-headers.hmap -I/Users/oikhlas/Library/Developer/Xcode/DerivedData/WebDriverAgent-bcmeffsllcldukgyoimwiehwhvyz/Build/Products/Debug-iphonesimulator/include -I/Applications/Xcode.app/Contents/Developer/Platforms/iPhoneSimulator.platform/Developer/SDKs/iPhoneSimulator16.0.sdk/usr/include/libxml2 -I/Users/oikhlas/.appium/node_modules/appium-xcuitest-driver/node_modules/appium-webdriveragent/Modules -I/Users/oikhlas/Library/Developer/Xcode/DerivedData/WebDriverAgent-bcmeffsllcldukgyoimwiehwhvyz/Build/Intermediates.noindex/WebDriverAgent.build/Debug-iphonesimulator/WebDriverAgentLib.build/DerivedSources-normal/x86_64 -I/Users/oikhlas/Library/Developer/Xcode/DerivedData/WebDriverAgent-bcmeffsllcldukgyoimwiehwhvyz/Build/Intermediates.noindex/WebDriverAgent.build/Debug-iphonesimulator/WebDriverAgentLib.build/DerivedSources/x86_64 -I/Users/oikhlas/Library/Developer/Xcode/DerivedData/WebDriverAgent-bcmeffsllcldukgyoimwiehwhvyz/Build/Intermediates.noindex/WebDriverAgent.build/Debug-iphonesimulator/WebDriverAgentLib.build/DerivedSources -Weverything -Wno-objc-missing-property-synthesis -Wno-unused-macros -Wno-disabled-macro-expansion -Wno-gnu-statement-expression -Wno-language-extension-token -Wno-overriding-method-mismatch -Wno-missing-variable-declarations -Rno-module-build -Wno-auto-import -Wno-objc-interface-ivars -Wno-documentation-unknown-command -Wno-reserved-id-macro -Wno-unused-parameter -Wno-gnu-conditional-omitted-operand -Wno-explicit-ownership-type -Wno-date-time -Wno-cast-align -Wno-cstring-format-directive -Wno-double-promotion -Wno-partial-availability -Weverything -Wno-objc-missing-property-synthesis -Wno-unused-macros -Wno-disabled-macro-expansion -Wno-gnu-statement-expression -Wno-language-extension-token -Wno-overriding-method-mismatch -Wno-missing-variable-declarations -Rno-module-build -Wno-auto-import -Wno-objc-interface-ivars -Wno-documentation-unknown-command -Wno-reserved-id-macro -Wno-unused-parameter -Wno-gnu-conditional-omitted-operand -Wno-explicit-ownership-type -Wno-date-time -Wno-cast-align -Wno-cstring-format-directive -Wno-double-promotion -Wno-partial-availability -Wno-objc-messaging-id -Wno-direct-ivar-access -Wno-cast-qual -Wno-declaration-after-statement -F/Users/oikhlas/Library/Developer/Xcode/DerivedData/WebDriverAgent-bcmeffsllcldukgyoimwiehwhvyz/Build/Products/Debug-iphonesimulator -F/Applications/Xcode.app/Contents/Developer/Platforms/iPhoneSimulator.platform/Developer/Library/Frameworks -F/Applications/Xcode.app/Contents/Developer/Platforms/iPhoneSimulator.platform/Developer/Library/PrivateFrameworks -iframework /Applications/Xcode.app/Contents/Developer/Platforms/iPhoneSimulator.platform/Developer/SDKs/iPhoneSimulator16.0.sdk/Developer/Library/Frameworks -MMD -MT dependencies -MF /Users/oikhlas/Library/Developer/Xcode/DerivedData/WebDriverAgent-bcmeffsllcldukgyoimwiehwhvyz/Build/Intermediates.noindex/WebDriverAgent.build/Debug-iphonesimulator/WebDriverAgentLib.build/StaticAnalyzer/WebDriverAgent/WebDriverAgentLib/normal/x86_64/XCUIElement+FBUtilities.d --analyze /Users/oikhlas/.appium/node_modules/appium-xcuitest-driver/node_modules/appium-webdriveragent/WebDriverAgentLib/Categories/XCUIElement+FBUtilities.m -o /Users/oikhlas/Library/Developer/Xcode/DerivedData/WebDriverAgent-bcmeffsllcldukgyoimwiehwhvyz/Build/Intermediates.noindex/WebDriverAgent.build/Debug-iphonesimulator/WebDriverAgentLib.build/StaticAnalyzer/WebDriverAgent/WebDriverAgentLib/normal/x86_64/XCUIElement+FBUtilities.plist
&amp#27;[38;5;173m[Xcode]&amp#27;[0m 
&amp#27;[38;5;173m[Xcode]&amp#27;[0m 
&amp#27;[38;5;173m[Xcode]&amp#27;[0m Analyze /Users/oikhlas/.appium/node_modules/appium-xcuitest-driver/node_modules/appium-webdriveragent/WebDriverAgentLib/Categories/XCUIElement+FBUID.m normal x86_64 (in target 'WebDriverAgentLib' from project 'WebDriverAgent')
&amp#27;[38;5;173m[Xcode]&amp#27;[0m     cd /Users/oikhlas/.appium/node_modules/appium-xcuitest-driver/node_modules/appium-webdriveragent
&amp#27;[38;5;173m[Xcode]&amp#27;[0m     /Applications/Xcode.app/Contents/Developer/Toolchains/XcodeDefault.xctoolchain/usr/bin/clang -x objective-c -target x86_64-apple-ios16.0-simulator -fmessage-length\=0 -fdiagnostics-show-note-include-stack -fmacro-backtrace-limit\=0 -std\=gnu99 -fobjc-arc -fmodules -gmodules -fmodules-cache-path\=/Users/oikhlas/Library/Developer/Xcode/DerivedData/ModuleCache.noindex -fmodules-prune-interval\=86400 -fmodules-prune-after\=345600 -fbuild-session-file\=/Users/oikhlas/Library/Developer/Xcode/DerivedData/ModuleCache.noindex/Session.modulevalidation -fmodules-validate-once-per-build-session -Wno-trigraphs -fpascal-strings -O0 -fno-common -Wmissing-field-initializers -Wno-missing-prototypes -Werror\=return-type -Wunreachable-code -Wquoted-include-in-framework-header -Wno-implicit-atomic-properties -Werror\=deprecated-objc-isa-usage -Wno-objc-interface-ivars -Werror\=objc-root-class -Warc-repeated-use-of-weak -Wno-arc-maybe-repeated-use-of-weak -Wimplicit-retain-self -Wduplicate-method-match -Wno-missing-braces -Wparentheses -Wswitch -Wunused-function -Wno-unused-label -Wunused-parameter -Wunused-variable -Wunused-value -Wempty-body -Wuninitialized -Wconditional-uninitialized -Wno-unknown-pragmas -pedantic -Wshadow -Wno-four-char-constants -Wconversion -Wconstant-conversion -Wint-conversion -Wbool-conversion -Wenum-conversion -Wfloat-conversion -Wnon-literal-null-conversion -Wobjc-literal-conversion -Wassign-enum -Wsign-compare -Wshorten-64-to-32 -Wpointer-sign -Wno-newline-eof -Wno-selector -Wno-strict-selector-match -Wundeclared-selector -Wdeprecated-implementations -Wno-implicit-fallthrough -DDEBUG\=1 -DOBJC_OLD_DISPATCH_PROTOTYPES\=0 -isysroot /Applications/Xcode.app/Contents/Developer/Platforms/iPhoneSimulator.platform/Developer/SDKs/iPhoneSimulator16.0.sdk -fasm-blocks -fstrict-aliasing -Wprotocol -Wdeprecated-declarations -g -Wno-sign-conversion -Winfinite-recursion -Wcomma -Wblock-capture-autoreleasing -Wstrict-prototypes -Wno-semicolon-before-method-body -fobjc-abi-version\=2 -fobjc-legacy-dispatch -D__clang_analyzer__ -Xclang -analyzer-output\=plist-multi-file -Xclang -analyzer-config -Xclang path-diagnostics-alternate\=true -Xclang -analyzer-config -Xclang report-in-main-source-file\=true -Xclang -analyzer-checker -Xclang optin.osx.cocoa.localizability.NonLocalizedStringChecker -Xclang -analyzer-checker -Xclang security.insecureAPI.UncheckedReturn -Xclang -analyzer-checker -Xclang security.insecureAPI.getpw -Xclang -analyzer-checker -Xclang security.insecureAPI.gets -Xclang -analyzer-checker -Xclang security.insecureAPI.mkstemp -Xclang -analyzer-checker -Xclang security.insecureAPI.mktemp -Xclang -analyzer-disable-checker -Xclang security.insecureAPI.rand -Xclang -analyzer-disable-checker -Xclang security.insecureAPI.strcpy -Xclang -analyzer-checker -Xclang security.insecureAPI.vfork -iquote /Users/oikhlas/Library/Developer/Xcode/DerivedData/WebDriverAgent-bcmeffsllcldukgyoimwiehwhvyz/Build/Intermediates.noindex/WebDriverAgent.build/Debug-iphonesimulator/WebDriverAgentLib.build/WebDriverAgentLib-generated-files.hmap -I/Users/oikhlas/Library/Developer/Xcode/DerivedData/WebDriverAgent-bcmeffsllcldukgyoimwiehwhvyz/Build/Intermediates.noindex/WebDriverAgent.build/Debug-iphonesimulator/WebDriverAgentLib.build/WebDriverAgentLib-own-target-headers.hmap -I/Users/oikhlas/Library/Developer/Xcode/DerivedData/WebDriverAgent-bcmeffsllcldukgyoimwiehwhvyz/Build/Intermediates.noindex/WebDriverAgent.build/Debug-iphonesimulator/WebDriverAgentLib.build/WebDriverAgentLib-all-target-headers.hmap -iquote /Users/oikhlas/Library/Developer/Xcode/DerivedData/WebDriverAgent-bcmeffsllcldukgyoimwiehwhvyz/Build/Intermediates.noindex/WebDriverAgent.build/Debug-iphonesimulator/WebDriverAgentLib.build/WebDriverAgentLib-project-headers.hmap -I/Users/oikhlas/Library/Developer/Xcode/DerivedData/WebDriverAgent-bcmeffsllcldukgyoimwiehwhvyz/Build/Products/Debug-iphonesimulator/include -I/Applications/Xcode.app/Contents/Developer/Platforms/iPhoneSimulator.platform/Developer/SDKs/iPhoneSimulator16.0.sdk/usr/include/libxml2 -I/Users/oikhlas/.appium/node_modules/appium-xcuitest-driver/node_modules/appium-webdriveragent/Modules -I/Users/oikhlas/Library/Developer/Xcode/DerivedData/WebDriverAgent-bcmeffsllcldukgyoimwiehwhvyz/Build/Intermediates.noindex/WebDriverAgent.build/Debug-iphonesimulator/WebDriverAgentLib.build/DerivedSources-normal/x86_64 -I/Users/oikhlas/Library/Developer/Xcode/DerivedData/WebDriverAgent-bcmeffsllcldukgyoimwiehwhvyz/Build/Intermediates.noindex/WebDriverAgent.build/Debug-iphonesimulator/WebDriverAgentLib.build/DerivedSources/x86_64 -I/Users/oikhlas/Library/Developer/Xcode/DerivedData/WebDriverAgent-bcmeffsllcldukgyoimwiehwhvyz/Build/Intermediates.noindex/WebDriverAgent.build/Debug-iphonesimulator/WebDriverAgentLib.build/DerivedSources -Weverything -Wno-objc-missing-property-synthesis -Wno-unused-macros -Wno-disabled-macro-expansion -Wno-gnu-statement-expression -Wno-language-extension-token -Wno-overriding-method-mismatch -Wno-missing-variable-declarations -Rno-module-build -Wno-auto-import -Wno-objc-interface-ivars -Wno-documentation-unknown-command -Wno-reserved-id-macro -Wno-unused-parameter -Wno-gnu-conditional-omitted-operand -Wno-explicit-ownership-type -Wno-date-time -Wno-cast-align -Wno-cstring-format-directive -Wno-double-promotion -Wno-partial-availability -Weverything -Wno-objc-missing-property-synthesis -Wno-unused-macros -Wno-disabled-macro-expansion -Wno-gnu-statement-expression -Wno-language-extension-token -Wno-overriding-method-mismatch -Wno-missing-variable-declarations -Rno-module-build -Wno-auto-import -Wno-objc-interface-ivars -Wno-documentation-unknown-command -Wno-reserved-id-macro -Wno-unused-parameter -Wno-gnu-conditional-omitted-operand -Wno-explicit-ownership-type -Wno-date-time -Wno-cast-align -Wno-cstring-format-directive -Wno-double-promotion -Wno-partial-availability -Wno-objc-messaging-id -Wno-direct-ivar-access -Wno-cast-qual -Wno-declaration-after-statement -F/Users/oikhlas/Library/Developer/Xcode/DerivedData/WebDriverAgent-bcmeffsllcldukgyoimwiehwhvyz/Build/Products/Debug-iphonesimulator -F/Applications/Xcode.app/Contents/Developer/Platforms/iPhoneSimulator.platform/Developer/Library/Frameworks -F/Applications/Xcode.app/Contents/Developer/Platforms/iPhoneSimulator.platform/Developer/Library/PrivateFrameworks -iframework /Applications/Xcode.app/Contents/Developer/Platforms/iPhoneSimulator.platform/Developer/SDKs/iPhoneSimulator16.0.sdk/Developer/Library/Frameworks -MMD -MT dependencies -MF /Users/oikhlas/Library/Developer/Xcode/DerivedData/WebDriverAgent-bcmeffsllcldukgyoimwiehwhvyz/Build/Intermediates.noindex/WebDriverAgent.build/Debug-iphonesimulator/WebDriverAgentLib.build/StaticAnalyzer/WebDriverAgent/WebDriverAgentLib/normal/x86_64/XCUIElement+FBUID.d --analyze /Users/oikhlas/.appium/node_modules/appium-xcuitest-driver/node_modules/appium-webdriveragent/WebDriverAgentLib/Categories/XCUIElement+FBUID.m -o /Users/oikhlas/Library/Developer/Xcode/DerivedData/WebDriverAgent-bcmeffsllcldukgyoimwiehwhvyz/Build/Intermediates.noindex/WebDriverAgent.build/Debug-iphonesimulator/WebDriverAgentLib.build/StaticAnalyzer/WebDriverAgent/WebDriverAgentLib/normal/x86_64/XCUIElement+FBUID.plist
&amp#27;[38;5;173m[Xcode]&amp#27;[0m 
&amp#27;[38;5;173m[Xcode]&amp#27;[0m 
&amp#27;[38;5;173m[Xcode]&amp#27;[0m Analyze /Users/oikhlas/.appium/node_modules/appium-xcuitest-driver/node_modules/appium-webdriveragent/WebDriverAgentLib/Categories/XCUIElement+FBTyping.m normal x86_64 (in target 'WebDriverAgentLib' from project 'WebDriverAgent')
&amp#27;[38;5;173m[Xcode]&amp#27;[0m     cd /Users/oikhlas/.appium/node_modules/appium-xcuitest-driver/node_modules/appium-webdriveragent
&amp#27;[38;5;173m[Xcode]&amp#27;[0m     /Applications/Xcode.app/Contents/Developer/Toolchains/XcodeDefault.xctoolchain/usr/bin/clang -x objective-c -target x86_64-apple-ios16.0-simulator -fmessage-length\=0 -fdiagnostics-show-note-include-stack -fmacro-backtrace-limit\=0 -std\=gnu99 -fobjc-arc -fmodules -gmodules -fmodules-cache-path\=/Users/oikhlas/Library/Developer/Xcode/DerivedData/ModuleCache.noindex -fmodules-prune-interval\=86400 -fmodules-prune-after\=345600 -fbuild-session-file\=/Users/oikhlas/Library/Developer/Xcode/DerivedData/ModuleCache.noindex/Session.modulevalidation -fmodules-validate-once-per-build-session -Wno-trigraphs -fpascal-strings -O0 -fno-common -Wmissing-field-initializers -Wno-missing-prototypes -Werror\=return-type -Wunreachable-code -Wquoted-include-in-framework-header -Wno-implicit-atomic-properties -Werror\=deprecated-objc-isa-usage -Wno-objc-interface-ivars -Werror\=objc-root-class -Warc-repeated-use-of-weak -Wno-arc-maybe-repeated-use-of-weak -Wimplicit-retain-self -Wduplicate-method-match -Wno-missing-braces -Wparentheses -Wswitch -Wunused-function -Wno-unused-label -Wunused-parameter -Wunused-variable -Wunused-value -Wempty-body -Wuninitialized -Wconditional-uninitialized -Wno-unknown-pragmas -pedantic -Wshadow -Wno-four-char-constants -Wconversion -Wconstant-conversion -Wint-conversion -Wbool-conversion -Wenum-conversion -Wfloat-conversion -Wnon-literal-null-conversion -Wobjc-literal-conversion -Wassign-enum -Wsign-compare -Wshorten-64-to-32 -Wpointer-sign -Wno-newline-eof -Wno-selector -Wno-strict-selector-match -Wundeclared-selector -Wdeprecated-implementations -Wno-implicit-fallthrough -DDEBUG\=1 -DOBJC_OLD_DISPATCH_PROTOTYPES\=0 -isysroot /Applications/Xcode.app/Contents/Developer/Platforms/iPhoneSimulator.platform/Developer/SDKs/iPhoneSimulator16.0.sdk -fasm-blocks -fstrict-aliasing -Wprotocol -Wdeprecated-declarations -g -Wno-sign-conversion -Winfinite-recursion -Wcomma -Wblock-capture-autoreleasing -Wstrict-prototypes -Wno-semicolon-before-method-body -fobjc-abi-version\=2 -fobjc-legacy-dispatch -D__clang_analyzer__ -Xclang -analyzer-output\=plist-multi-file -Xclang -analyzer-config -Xclang path-diagnostics-alternate\=true -Xclang -analyzer-config -Xclang report-in-main-source-file\=true -Xclang -analyzer-checker -Xclang optin.osx.cocoa.localizability.NonLocalizedStringChecker -Xclang -analyzer-checker -Xclang security.insecureAPI.UncheckedReturn -Xclang -analyzer-checker -Xclang security.insecureAPI.getpw -Xclang -analyzer-checker -Xclang security.insecureAPI.gets -Xclang -analyzer-checker -Xclang security.insecureAPI.mkstemp -Xclang -analyzer-checker -Xclang security.insecureAPI.mktemp -Xclang -analyzer-disable-checker -Xclang security.insecureAPI.rand -Xclang -analyzer-disable-checker -Xclang security.insecureAPI.strcpy -Xclang -analyzer-checker -Xclang security.insecureAPI.vfork -iquote /Users/oikhlas/Library/Developer/Xcode/DerivedData/WebDriverAgent-bcmeffsllcldukgyoimwiehwhvyz/Build/Intermediates.noindex/WebDriverAgent.build/Debug-iphonesimulator/WebDriverAgentLib.build/WebDriverAgentLib-generated-files.hmap -I/Users/oikhlas/Library/Developer/Xcode/DerivedData/WebDriverAgent-bcmeffsllcldukgyoimwiehwhvyz/Build/Intermediates.noindex/WebDriverAgent.build/Debug-iphonesimulator/WebDriverAgentLib.build/WebDriverAgentLib-own-target-headers.hmap -I/Users/oikhlas/Library/Developer/Xcode/DerivedData/WebDriverAgent-bcmeffsllcldukgyoimwiehwhvyz/Build/Intermediates.noindex/WebDriverAgent.build/Debug-iphonesimulator/WebDriverAgentLib.build/WebDriverAgentLib-all-target-headers.hmap -iquote /Users/oikhlas/Library/Developer/Xcode/DerivedData/WebDriverAgent-bcmeffsllcldukgyoimwiehwhvyz/Build/Intermediates.noindex/WebDriverAgent.build/Debug-iphonesimulator/WebDriverAgentLib.build/WebDriverAgentLib-project-headers.hmap -I/Users/oikhlas/Library/Developer/Xcode/DerivedData/WebDriverAgent-bcmeffsllcldukgyoimwiehwhvyz/Build/Products/Debug-iphonesimulator/include -I/Applications/Xcode.app/Contents/Developer/Platforms/iPhoneSimulator.platform/Developer/SDKs/iPhoneSimulator16.0.sdk/usr/include/libxml2 -I/Users/oikhlas/.appium/node_modules/appium-xcuitest-driver/node_modules/appium-webdriveragent/Modules -I/Users/oikhlas/Library/Developer/Xcode/DerivedData/WebDriverAgent-bcmeffsllcldukgyoimwiehwhvyz/Build/Intermediates.noindex/WebDriverAgent.build/Debug-iphonesimulator/WebDriverAgentLib.build/DerivedSources-normal/x86_64 -I/Users/oikhlas/Library/Developer/Xcode/DerivedData/WebDriverAgent-bcmeffsllcldukgyoimwiehwhvyz/Build/Intermediates.noindex/WebDriverAgent.build/Debug-iphonesimulator/WebDriverAgentLib.build/DerivedSources/x86_64 -I/Users/oikhlas/Library/Developer/Xcode/DerivedData/WebDriverAgent-bcmeffsllcldukgyoimwiehwhvyz/Build/Intermediates.noindex/WebDriverAgent.build/Debug-iphonesimulator/WebDriverAgentLib.build/DerivedSources -Weverything -Wno-objc-missing-property-synthesis -Wno-unused-macros -Wno-disabled-macro-expansion -Wno-gnu-statement-expression -Wno-language-extension-token -Wno-overriding-method-mismatch -Wno-missing-variable-declarations -Rno-module-build -Wno-auto-import -Wno-objc-interface-ivars -Wno-documentation-unknown-command -Wno-reserved-id-macro -Wno-unused-parameter -Wno-gnu-conditional-omitted-operand -Wno-explicit-ownership-type -Wno-date-time -Wno-cast-align -Wno-cstring-format-directive -Wno-double-promotion -Wno-partial-availability -Weverything -Wno-objc-missing-property-synthesis -Wno-unused-macros -Wno-disabled-macro-expansion -Wno-gnu-statement-expression -Wno-language-extension-token -Wno-overriding-method-mismatch -Wno-missing-variable-declarations -Rno-module-build -Wno-auto-import -Wno-objc-interface-ivars -Wno-documentation-unknown-command -Wno-reserved-id-macro -Wno-unused-parameter -Wno-gnu-conditional-omitted-operand -Wno-explicit-ownership-type -Wno-date-time -Wno-cast-align -Wno-cstring-format-directive -Wno-double-promotion -Wno-partial-availability -Wno-objc-messaging-id -Wno-direct-ivar-access -Wno-cast-qual -Wno-declaration-after-statement -F/Users/oikhlas/Library/Developer/Xcode/DerivedData/WebDriverAgent-bcmeffsllcldukgyoimwiehwhvyz/Build/Products/Debug-iphonesimulator -F/Applications/Xcode.app/Contents/Developer/Platforms/iPhoneSimulator.platform/Developer/Library/Frameworks -F/Applications/Xcode.app/Contents/Developer/Platforms/iPhoneSimulator.platform/Developer/Library/PrivateFrameworks -iframework /Applications/Xcode.app/Contents/Developer/Platforms/iPhoneSimulator.platform/Developer/SDKs/iPhoneSimulator16.0.sdk/Developer/Library/Frameworks -MMD -MT dependencies -MF /Users/oikhlas/Library/Developer/Xcode/DerivedData/WebDriverAgent-bcmeffsllcldukgyoimwiehwhvyz/Build/Intermediates.noindex/WebDriverAgent.build/Debug-iphonesimulator/WebDriverAgentLib.build/StaticAnalyzer/WebDriverAgent/WebDriverAgentLib/normal/x86_64/XCUIElement+FBTyping.d --analyze /Users/oikhlas/.appium/node_modules/appium-xcuitest-driver/node_modules/appium-webdriveragent/WebDriverAgentLib/Categories/XCUIElement+FBTyping.m -o /Users/oikhlas/Library/Developer/Xcode/DerivedData/WebDriverAgent-bcmeffsllcldukgyoimwiehwhvyz/Build/Intermediates.noindex/WebDriverAgent.build/Debug-iphonesimulator/WebDriverAgentLib.build/StaticAnalyzer/WebDriverAgent/WebDriverAgentLib/normal/x86_64/XCUIElement+FBTyping.plist
&amp#27;[38;5;173m[Xcode]&amp#27;[0m 
&amp#27;[38;5;173m[Xcode]&amp#27;[0m 
&amp#27;[38;5;173m[Xcode]&amp#27;[0m Analyze /Users/oikhlas/.appium/node_modules/appium-xcuitest-driver/node_modules/appium-webdriveragent/WebDriverAgentLib/Categories/XCUIElement+FBTVFocuse.m normal x86_64 (in target 'WebDriverAgentLib' from project 'WebDriverAgent')
&amp#27;[38;5;173m[Xcode]&amp#27;[0m     cd /Users/oikhlas/.appium/node_modules/appium-xcuitest-driver/node_modules/appium-webdriveragent
&amp#27;[38;5;173m[Xcode]&amp#27;[0m     /Applications/Xcode.app/Contents/Developer/Toolchains/XcodeDefault.xctoolchain/usr/bin/clang -x objective-c -target x86_64-apple-ios16.0-simulator -fmessage-length\=0 -fdiagnostics-show-note-include-stack -fmacro-backtrace-limit\=0 -std\=gnu99 -fobjc-arc -fmodules -gmodules -fmodules-cache-path\=/Users/oikhlas/Library/Developer/Xcode/DerivedData/ModuleCache.noindex -fmodules-prune-interval\=86400 -fmodules-prune-after\=345600 -fbuild-session-file\=/Users/oikhlas/Library/Developer/Xcode/DerivedData/ModuleCache.noindex/Session.modulevalidation -fmodules-validate-once-per-build-session -Wno-trigraphs -fpascal-strings -O0 -fno-common -Wmissing-field-initializers -Wno-missing-prototypes -Werror\=return-type -Wunreachable-code -Wquoted-include-in-framework-header -Wno-implicit-atomic-properties -Werror\=deprecated-objc-isa-usage -Wno-objc-interface-ivars -Werror\=objc-root-class -Warc-repeated-use-of-weak -Wno-arc-maybe-repeated-use-of-weak -Wimplicit-retain-self -Wduplicate-method-match -Wno-missing-braces -Wparentheses -Wswitch -Wunused-function -Wno-unused-label -Wunused-parameter -Wunused-variable -Wunused-value -Wempty-body -Wuninitialized -Wconditional-uninitialized -Wno-unknown-pragmas -pedantic -Wshadow -Wno-four-char-constants -Wconversion -Wconstant-conversion -Wint-conversion -Wbool-conversion -Wenum-conversion -Wfloat-conversion -Wnon-literal-null-conversion -Wobjc-literal-conversion -Wassign-enum -Wsign-compare -Wshorten-64-to-32 -Wpointer-sign -Wno-newline-eof -Wno-selector -Wno-strict-selector-match -Wundeclared-selector -Wdeprecated-implementations -Wno-implicit-fallthrough -DDEBUG\=1 -DOBJC_OLD_DISPATCH_PROTOTYPES\=0 -isysroot /Applications/Xcode.app/Contents/Developer/Platforms/iPhoneSimulator.platform/Developer/SDKs/iPhoneSimulator16.0.sdk -fasm-blocks -fstrict-aliasing -Wprotocol -Wdeprecated-declarations -g -Wno-sign-conversion -Winfinite-recursion -Wcomma -Wblock-capture-autoreleasing -Wstrict-prototypes -Wno-semicolon-before-method-body -fobjc-abi-version\=2 -fobjc-legacy-dispatch -D__clang_analyzer__ -Xclang -analyzer-output\=plist-multi-file -Xclang -analyzer-config -Xclang path-diagnostics-alternate\=true -Xclang -analyzer-config -Xclang report-in-main-source-file\=true -Xclang -analyzer-checker -Xclang optin.osx.cocoa.localizability.NonLocalizedStringChecker -Xclang -analyzer-checker -Xclang security.insecureAPI.UncheckedReturn -Xclang -analyzer-checker -Xclang security.insecureAPI.getpw -Xclang -analyzer-checker -Xclang security.insecureAPI.gets -Xclang -analyzer-checker -Xclang security.insecureAPI.mkstemp -Xclang -analyzer-checker -Xclang security.insecureAPI.mktemp -Xclang -analyzer-disable-checker -Xclang security.insecureAPI.rand -Xclang -analyzer-disable-checker -Xclang security.insecureAPI.strcpy -Xclang -analyzer-checker -Xclang security.insecureAPI.vfork -iquote /Users/oikhlas/Library/Developer/Xcode/DerivedData/WebDriverAgent-bcmeffsllcldukgyoimwiehwhvyz/Build/Intermediates.noindex/WebDriverAgent.build/Debug-iphonesimulator/WebDriverAgentLib.build/WebDriverAgentLib-generated-files.hmap -I/Users/oikhlas/Library/Developer/Xcode/DerivedData/WebDriverAgent-bcmeffsllcldukgyoimwiehwhvyz/Build/Intermediates.noindex/WebDriverAgent.build/Debug-iphonesimulator/WebDriverAgentLib.build/WebDriverAgentLib-own-target-headers.hmap -I/Users/oikhlas/Library/Developer/Xcode/DerivedData/WebDriverAgent-bcmeffsllcldukgyoimwiehwhvyz/Build/Intermediates.noindex/WebDriverAgent.build/Debug-iphonesimulator/WebDriverAgentLib.build/WebDriverAgentLib-all-target-headers.hmap -iquote /Users/oikhlas/Library/Developer/Xcode/DerivedData/WebDriverAgent-bcmeffsllcldukgyoimwiehwhvyz/Build/Intermediates.noindex/WebDriverAgent.build/Debug-iphonesimulator/WebDriverAgentLib.build/WebDriverAgentLib-project-headers.hmap -I/Users/oikhlas/Library/Developer/Xcode/DerivedData/WebDriverAgent-bcmeffsllcldukgyoimwiehwhvyz/Build/Products/Debug-iphonesimulator/include -I/Applications/Xcode.app/Contents/Developer/Platforms/iPhoneSimulator.platform/Developer/SDKs/iPhoneSimulator16.0.sdk/usr/include/libxml2 -I/Users/oikhlas/.appium/node_modules/appium-xcuitest-driver/node_modules/appium-webdriveragent/Modules -I/Users/oikhlas/Library/Developer/Xcode/DerivedData/WebDriverAgent-bcmeffsllcldukgyoimwiehwhvyz/Build/Intermediates.noindex/WebDriverAgent.build/Debug-iphonesimulator/WebDriverAgentLib.build/DerivedSources-normal/x86_64 -I/Users/oikhlas/Library/Developer/Xcode/DerivedData/WebDriverAgent-bcmeffsllcldukgyoimwiehwhvyz/Build/Intermediates.noindex/WebDriverAgent.build/Debug-iphonesimulator/WebDriverAgentLib.build/DerivedSources/x86_64 -I/Users/oikhlas/Library/Developer/Xcode/DerivedData/WebDriverAgent-bcmeffsllcldukgyoimwiehwhvyz/Build/Intermediates.noindex/WebDriverAgent.build/Debug-iphonesimulator/WebDriverAgentLib.build/DerivedSources -Weverything -Wno-objc-missing-property-synthesis -Wno-unused-macros -Wno-disabled-macro-expansion -Wno-gnu-statement-expression -Wno-language-extension-token -Wno-overriding-method-mismatch -Wno-missing-variable-declarations -Rno-module-build -Wno-auto-import -Wno-objc-interface-ivars -Wno-documentation-unknown-command -Wno-reserved-id-macro -Wno-unused-parameter -Wno-gnu-conditional-omitted-operand -Wno-explicit-ownership-type -Wno-date-time -Wno-cast-align -Wno-cstring-format-directive -Wno-double-promotion -Wno-partial-availability -Weverything -Wno-objc-missing-property-synthesis -Wno-unused-macros -Wno-disabled-macro-expansion -Wno-gnu-statement-expression -Wno-language-extension-token -Wno-overriding-method-mismatch -Wno-missing-variable-declarations -Rno-module-build -Wno-auto-import -Wno-objc-interface-ivars -Wno-documentation-unknown-command -Wno-reserved-id-macro -Wno-unused-parameter -Wno-gnu-conditional-omitted-operand -Wno-explicit-ownership-type -Wno-date-time -Wno-cast-align -Wno-cstring-format-directive -Wno-double-promotion -Wno-partial-availability -Wno-objc-messaging-id -Wno-direct-ivar-access -Wno-cast-qual -Wno-declaration-after-statement -F/Users/oikhlas/Library/Developer/Xcode/DerivedData/WebDriverAgent-bcmeffsllcldukgyoimwiehwhvyz/Build/Products/Debug-iphonesimulator -F/Applications/Xcode.app/Contents/Developer/Platforms/iPhoneSimulator.platform/Developer/Library/Frameworks -F/Applications/Xcode.app/Contents/Developer/Platforms/iPhoneSimulator.platform/Developer/Library/PrivateFrameworks -iframework /Applications/Xcode.app/Contents/Developer/Platforms/iPhoneSimulator.platform/Developer/SDKs/iPhoneSimulator16.0.sdk/Developer/Library/Frameworks -MMD -MT dependencies -MF /Users/oikhlas/Library/Developer/Xcode/DerivedData/WebDriverAgent-bcmeffsllcldukgyoimwiehwhvyz/Build/Intermediates.noindex/WebDriverAgent.build/Debug-iphonesimulator/WebDriverAgentLib.build/StaticAnalyzer/WebDriverAgent/WebDriverAgentLib/normal/x86_64/XCUIElement+FBTVFocuse.d --analyze /Users/oikhlas/.appium/node_modules/appium-xcuitest-driver/node_modules/appium-webdriveragent/WebDriverAgentLib/Categories/XCUIElement+FBTVFocuse.m -o /Users/oikhlas/Library/Developer/Xcode/DerivedData/WebDriverAgent-bcmeffsllcldukgyoimwiehwhvyz/Build/Intermediates.noindex/WebDriverAgent.build/Debug-iphonesimulator/WebDriverAgentLib.build/StaticAnalyzer/WebDriverAgent/WebDriverAgentLib/normal/x86_64/XCUIElement+FBTVFocuse.plist
&amp#27;[38;5;173m[Xcode]&amp#27;[0m 
&amp#27;[38;5;173m[Xcode]&amp#27;[0m 
&amp#27;[38;5;173m[Xcode]&amp#27;[0m Analyze /Users/oikhlas/.appium/node_modules/appium-xcuitest-driver/node_modules/appium-webdriveragent/WebDriverAgentLib/Categories/XCUIElement+FBSwiping.m normal x86_64 (in target 'WebDriverAgentLib' from project 'WebDriverAgent')
&amp#27;[38;5;173m[Xcode]&amp#27;[0m     cd /Users/oikhlas/.appium/node_modules/appium-xcuitest-driver/node_modules/appium-webdriveragent
&amp#27;[38;5;173m[Xcode]&amp#27;[0m     /Applications/Xcode.app/Contents/Developer/Toolchains/XcodeDefault.xctoolchain/usr/bin/clang -x objective-c -target x86_64-apple-ios16.0-simulator -fmessage-length\=0 -fdiagnostics-show-note-include-stack -fmacro-backtrace-limit\=0 -std\=gnu99 -fobjc-arc -fmodules -gmodules -fmodules-cache-path\=/Users/oikhlas/Library/Developer/Xcode/DerivedData/ModuleCache.noindex -fmodules-prune-interval\=86400 -fmodules-prune-after\=345600 -fbuild-session-file\=/Users/oikhlas/Library/Developer/Xcode/DerivedData/ModuleCache.noindex/Session.modulevalidation -fmodules-validate-once-per-build-session -Wno-trigraphs -fpascal-strings -O0 -fno-common -Wmissing-field-initializers -Wno-missing-prototypes -Werror\=return-type -Wunreachable-code -Wquoted-include-in-framework-header -Wno-implicit-atomic-properties -Werror\=deprecated-objc-isa-usage -Wno-objc-interface-ivars -Werror\=objc-root-class -Warc-repeated-use-of-weak -Wno-arc-maybe-repeated-use-of-weak -Wimplicit-retain-self -Wduplicate-method-match -Wno-missing-braces -Wparentheses -Wswitch -Wunused-function -Wno-unused-label -Wunused-parameter -Wunused-variable -Wunused-value -Wempty-body -Wuninitialized -Wconditional-uninitialized -Wno-unknown-pragmas -pedantic -Wshadow -Wno-four-char-constants -Wconversion -Wconstant-conversion -Wint-conversion -Wbool-conversion -Wenum-conversion -Wfloat-conversion -Wnon-literal-null-conversion -Wobjc-literal-conversion -Wassign-enum -Wsign-compare -Wshorten-64-to-32 -Wpointer-sign -Wno-newline-eof -Wno-selector -Wno-strict-selector-match -Wundeclared-selector -Wdeprecated-implementations -Wno-implicit-fallthrough -DDEBUG\=1 -DOBJC_OLD_DISPATCH_PROTOTYPES\=0 -isysroot /Applications/Xcode.app/Contents/Developer/Platforms/iPhoneSimulator.platform/Developer/SDKs/iPhoneSimulator16.0.sdk -fasm-blocks -fstrict-aliasing -Wprotocol -Wdeprecated-declarations -g -Wno-sign-conversion -Winfinite-recursion -Wcomma -Wblock-capture-autoreleasing -Wstrict-prototypes -Wno-semicolon-before-method-body -fobjc-abi-version\=2 -fobjc-legacy-dispatch -D__clang_analyzer__ -Xclang -analyzer-output\=plist-multi-file -Xclang -analyzer-config -Xclang path-diagnostics-alternate\=true -Xclang -analyzer-config -Xclang report-in-main-source-file\=true -Xclang -analyzer-checker -Xclang optin.osx.cocoa.localizability.NonLocalizedStringChecker -Xclang -analyzer-checker -Xclang security.insecureAPI.UncheckedReturn -Xclang -analyzer-checker -Xclang security.insecureAPI.getpw -Xclang -analyzer-checker -Xclang security.insecureAPI.gets -Xclang -analyzer-checker -Xclang security.insecureAPI.mkstemp -Xclang -analyzer-checker -Xclang security.insecureAPI.mktemp -Xclang -analyzer-disable-checker -Xclang security.insecureAPI.rand -Xclang -analyzer-disable-checker -Xclang security.insecureAPI.strcpy -Xclang -analyzer-checker -Xclang security.insecureAPI.vfork -iquote /Users/oikhlas/Library/Developer/Xcode/DerivedData/WebDriverAgent-bcmeffsllcldukgyoimwiehwhvyz/Build/Intermediates.noindex/WebDriverAgent.build/Debug-iphonesimulator/WebDriverAgentLib.build/WebDriverAgentLib-generated-files.hmap -I/Users/oikhlas/Library/Developer/Xcode/DerivedData/WebDriverAgent-bcmeffsllcldukgyoimwiehwhvyz/Build/Intermediates.noindex/WebDriverAgent.build/Debug-iphonesimulator/WebDriverAgentLib.build/WebDriverAgentLib-own-target-headers.hmap -I/Users/oikhlas/Library/Developer/Xcode/DerivedData/WebDriverAgent-bcmeffsllcldukgyoimwiehwhvyz/Build/Intermediates.noindex/WebDriverAgent.build/Debug-iphonesimulator/WebDriverAgentLib.build/WebDriverAgentLib-all-target-headers.hmap -iquote /Users/oikhlas/Library/Developer/Xcode/DerivedData/WebDriverAgent-bcmeffsllcldukgyoimwiehwhvyz/Build/Intermediates.noindex/WebDriverAgent.build/Debug-iphonesimulator/WebDriverAgentLib.build/WebDriverAgentLib-project-headers.hmap -I/Users/oikhlas/Library/Developer/Xcode/DerivedData/WebDriverAgent-bcmeffsllcldukgyoimwiehwhvyz/Build/Products/Debug-iphonesimulator/include -I/Applications/Xcode.app/Contents/Developer/Platforms/iPhoneSimulator.platform/Developer/SDKs/iPhoneSimulator16.0.sdk/usr/include/libxml2 -I/Users/oikhlas/.appium/node_modules/appium-xcuitest-driver/node_modules/appium-webdriveragent/Modules -I/Users/oikhlas/Library/Developer/Xcode/DerivedData/WebDriverAgent-bcmeffsllcldukgyoimwiehwhvyz/Build/Intermediates.noindex/WebDriverAgent.build/Debug-iphonesimulator/WebDriverAgentLib.build/DerivedSources-normal/x86_64 -I/Users/oikhlas/Library/Developer/Xcode/DerivedData/WebDriverAgent-bcmeffsllcldukgyoimwiehwhvyz/Build/Intermediates.noindex/WebDriverAgent.build/Debug-iphonesimulator/WebDriverAgentLib.build/DerivedSources/x86_64 -I/Users/oikhlas/Library/Developer/Xcode/DerivedData/WebDriverAgent-bcmeffsllcldukgyoimwiehwhvyz/Build/Intermediates.noindex/WebDriverAgent.build/Debug-iphonesimulator/WebDriverAgentLib.build/DerivedSources -Weverything -Wno-objc-missing-property-synthesis -Wno-unused-macros -Wno-disabled-macro-expansion -Wno-gnu-statement-expression -Wno-language-extension-token -Wno-overriding-method-mismatch -Wno-missing-variable-declarations -Rno-module-build -Wno-auto-import -Wno-objc-interface-ivars -Wno-documentation-unknown-command -Wno-reserved-id-macro -Wno-unused-parameter -Wno-gnu-conditional-omitted-operand -Wno-explicit-ownership-type -Wno-date-time -Wno-cast-align -Wno-cstring-format-directive -Wno-double-promotion -Wno-partial-availability -Weverything -Wno-objc-missing-property-synthesis -Wno-unused-macros -Wno-disabled-macro-expansion -Wno-gnu-statement-expression -Wno-language-extension-token -Wno-overriding-method-mismatch -Wno-missing-variable-declarations -Rno-module-build -Wno-auto-import -Wno-objc-interface-ivars -Wno-documentation-unknown-command -Wno-reserved-id-macro -Wno-unused-parameter -Wno-gnu-conditional-omitted-operand -Wno-explicit-ownership-type -Wno-date-time -Wno-cast-align -Wno-cstring-format-directive -Wno-double-promotion -Wno-partial-availability -Wno-objc-messaging-id -Wno-direct-ivar-access -Wno-cast-qual -Wno-declaration-after-statement -F/Users/oikhlas/Library/Developer/Xcode/DerivedData/WebDriverAgent-bcmeffsllcldukgyoimwiehwhvyz/Build/Products/Debug-iphonesimulator -F/Applications/Xcode.app/Contents/Developer/Platforms/iPhoneSimulator.platform/Developer/Library/Frameworks -F/Applications/Xcode.app/Contents/Developer/Platforms/iPhoneSimulator.platform/Developer/Library/PrivateFrameworks -iframework /Applications/Xcode.app/Contents/Developer/Platforms/iPhoneSimulator.platform/Developer/SDKs/iPhoneSimulator16.0.sdk/Developer/Library/Frameworks -MMD -MT dependencies -MF /Users/oikhlas/Library/Developer/Xcode/DerivedData/WebDriverAgent-bcmeffsllcldukgyoimwiehwhvyz/Build/Intermediates.noindex/WebDriverAgent.build/Debug-iphonesimulator/WebDriverAgentLib.build/StaticAnalyzer/WebDriverAgent/WebDriverAgentLib/normal/x86_64/XCUIElement+FBSwiping.d --analyze /Users/oikhlas/.appium/node_modules/appium-xcuitest-driver/node_modules/appium-webdriveragent/WebDriverAgentLib/Categories/XCUIElement+FBSwiping.m -o /Users/oikhlas/Library/Developer/Xcode/DerivedData/WebDriverAgent-bcmeffsllcldukgyoimwiehwhvyz/Build/Intermediates.noindex/WebDriverAgent.build/Debug-iphonesimulator/WebDriverAgentLib.build/StaticAnalyzer/WebDriverAgent/WebDriverAgentLib/normal/x86_64/XCUIElement+FBSwiping.plist
&amp#27;[38;5;173m[Xcode]&amp#27;[0m 
&amp#27;[38;5;173m[Xcode]&amp#27;[0m 
&amp#27;[38;5;173m[Xcode]&amp#27;[0m Analyze /Users/oikhlas/.appium/node_modules/appium-xcuitest-driver/node_modules/appium-webdriveragent/WebDriverAgentLib/Categories/XCUIElement+FBScrolling.m normal x86_64 (in target 'WebDriverAgentLib' from project 'WebDriverAgent')
&amp#27;[38;5;173m[Xcode]&amp#27;[0m     cd /Users/oikhlas/.appium/node_modules/appium-xcuitest-driver/node_modules/appium-webdriveragent
&amp#27;[38;5;173m[Xcode]&amp#27;[0m     /Applications/Xcode.app/Contents/Developer/Toolchains/XcodeDefault.xctoolchain/usr/bin/clang -x objective-c -target x86_64-apple-ios16.0-simulator -fmessage-length\=0 -fdiagnostics-show-note-include-stack -fmacro-backtrace-limit\=0 -std\=gnu99 -fobjc-arc -fmodules -gmodules -fmodules-cache-path\=/Users/oikhlas/Library/Developer/Xcode/DerivedData/ModuleCache.noindex -fmodules-prune-interval\=86400 -fmodules-prune-after\=345600 -fbuild-session-file\=/Users/oikhlas/Library/Developer/Xcode/DerivedData/ModuleCache.noindex/Session.modulevalidation -fmodules-validate-once-per-build-session -Wno-trigraphs -fpascal-strings -O0 -fno-common -Wmissing-field-initializers -Wno-missing-prototypes -Werror\=return-type -Wunreachable-code -Wquoted-include-in-framework-header -Wno-implicit-atomic-properties -Werror\=deprecated-objc-isa-usage -Wno-objc-interface-ivars -Werror\=objc-root-class -Warc-repeated-use-of-weak -Wno-arc-maybe-repeated-use-of-weak -Wimplicit-retain-self -Wduplicate-method-match -Wno-missing-braces -Wparentheses -Wswitch -Wunused-function -Wno-unused-label -Wunused-parameter -Wunused-variable -Wunused-value -Wempty-body -Wuninitialized -Wconditional-uninitialized -Wno-unknown-pragmas -pedantic -Wshadow -Wno-four-char-constants -Wconversion -Wconstant-conversion -Wint-conversion -Wbool-conversion -Wenum-conversion -Wfloat-conversion -Wnon-literal-null-conversion -Wobjc-literal-conversion -Wassign-enum -Wsign-compare -Wshorten-64-to-32 -Wpointer-sign -Wno-newline-eof -Wno-selector -Wno-strict-selector-match -Wundeclared-selector -Wdeprecated-implementations -Wno-implicit-fallthrough -DDEBUG\=1 -DOBJC_OLD_DISPATCH_PROTOTYPES\=0 -isysroot /Applications/Xcode.app/Contents/Developer/Platforms/iPhoneSimulator.platform/Developer/SDKs/iPhoneSimulator16.0.sdk -fasm-blocks -fstrict-aliasing -Wprotocol -Wdeprecated-declarations -g -Wno-sign-conversion -Winfinite-recursion -Wcomma -Wblock-capture-autoreleasing -Wstrict-prototypes -Wno-semicolon-before-method-body -fobjc-abi-version\=2 -fobjc-legacy-dispatch -D__clang_analyzer__ -Xclang -analyzer-output\=plist-multi-file -Xclang -analyzer-config -Xclang path-diagnostics-alternate\=true -Xclang -analyzer-config -Xclang report-in-main-source-file\=true -Xclang -analyzer-checker -Xclang optin.osx.cocoa.localizability.NonLocalizedStringChecker -Xclang -analyzer-checker -Xclang security.insecureAPI.UncheckedReturn -Xclang -analyzer-checker -Xclang security.insecureAPI.getpw -Xclang -analyzer-checker -Xclang security.insecureAPI.gets -Xclang -analyzer-checker -Xclang security.insecureAPI.mkstemp -Xclang -analyzer-checker -Xclang security.insecureAPI.mktemp -Xclang -analyzer-disable-checker -Xclang security.insecureAPI.rand -Xclang -analyzer-disable-checker -Xclang security.insecureAPI.strcpy -Xclang -analyzer-checker -Xclang security.insecureAPI.vfork -iquote /Users/oikhlas/Library/Developer/Xcode/DerivedData/WebDriverAgent-bcmeffsllcldukgyoimwiehwhvyz/Build/Intermediates.noindex/WebDriverAgent.build/Debug-iphonesimulator/WebDriverAgentLib.build/WebDriverAgentLib-generated-files.hmap -I/Users/oikhlas/Library/Developer/Xcode/DerivedData/WebDriverAgent-bcmeffsllcldukgyoimwiehwhvyz/Build/Intermediates.noindex/WebDriverAgent.build/Debug-iphonesimulator/WebDriverAgentLib.build/WebDriverAgentLib-own-target-headers.hmap -I/Users/oikhlas/Library/Developer/Xcode/DerivedData/WebDriverAgent-bcmeffsllcldukgyoimwiehwhvyz/Build/Intermediates.noindex/WebDriverAgent.build/Debug-iphonesimulator/WebDriverAgentLib.build/WebDriverAgentLib-all-target-headers.hmap -iquote /Users/oikhlas/Library/Developer/Xcode/DerivedData/WebDriverAgent-bcmeffsllcldukgyoimwiehwhvyz/Build/Intermediates.noindex/WebDriverAgent.build/Debug-iphonesimulator/WebDriverAgentLib.build/WebDriverAgentLib-project-headers.hmap -I/Users/oikhlas/Library/Developer/Xcode/DerivedData/WebDriverAgent-bcmeffsllcldukgyoimwiehwhvyz/Build/Products/Debug-iphonesimulator/include -I/Applications/Xcode.app/Contents/Developer/Platforms/iPhoneSimulator.platform/Developer/SDKs/iPhoneSimulator16.0.sdk/usr/include/libxml2 -I/Users/oikhlas/.appium/node_modules/appium-xcuitest-driver/node_modules/appium-webdriveragent/Modules -I/Users/oikhlas/Library/Developer/Xcode/DerivedData/WebDriverAgent-bcmeffsllcldukgyoimwiehwhvyz/Build/Intermediates.noindex/WebDriverAgent.build/Debug-iphonesimulator/WebDriverAgentLib.build/DerivedSources-normal/x86_64 -I/Users/oikhlas/Library/Developer/Xcode/DerivedData/WebDriverAgent-bcmeffsllcldukgyoimwiehwhvyz/Build/Intermediates.noindex/WebDriverAgent.build/Debug-iphonesimulator/WebDriverAgentLib.build/DerivedSources/x86_64 -I/Users/oikhlas/Library/Developer/Xcode/DerivedData/WebDriverAgent-bcmeffsllcldukgyoimwiehwhvyz/Build/Intermediates.noindex/WebDriverAgent.build/Debug-iphonesimulator/WebDriverAgentLib.build/DerivedSources -Weverything -Wno-objc-missing-property-synthesis -Wno-unused-macros -Wno-disabled-macro-expansion -Wno-gnu-statement-expression -Wno-language-extension-token -Wno-overriding-method-mismatch -Wno-missing-variable-declarations -Rno-module-build -Wno-auto-import -Wno-objc-interface-ivars -Wno-documentation-unknown-command -Wno-reserved-id-macro -Wno-unused-parameter -Wno-gnu-conditional-omitted-operand -Wno-explicit-ownership-type -Wno-date-time -Wno-cast-align -Wno-cstring-format-directive -Wno-double-promotion -Wno-partial-availability -Weverything -Wno-objc-missing-property-synthesis -Wno-unused-macros -Wno-disabled-macro-expansion -Wno-gnu-statement-expression -Wno-language-extension-token -Wno-overriding-method-mismatch -Wno-missing-variable-declarations -Rno-module-build -Wno-auto-import -Wno-objc-interface-ivars -Wno-documentation-unknown-command -Wno-reserved-id-macro -Wno-unused-parameter -Wno-gnu-conditional-omitted-operand -Wno-explicit-ownership-type -Wno-date-time -Wno-cast-align -Wno-cstring-format-directive -Wno-double-promotion -Wno-partial-availability -Wno-objc-messaging-id -Wno-direct-ivar-access -Wno-cast-qual -Wno-declaration-after-statement -F/Users/oikhlas/Library/Developer/Xcode/DerivedData/WebDriverAgent-bcmeffsllcldukgyoimwiehwhvyz/Build/Products/Debug-iphonesimulator -F/Applications/Xcode.app/Contents/Developer/Platforms/iPhoneSimulator.platform/Developer/Library/Frameworks -F/Applications/Xcode.app/Contents/Developer/Platforms/iPhoneSimulator.platform/Developer/Library/PrivateFrameworks -iframework /Applications/Xcode.app/Contents/Developer/Platforms/iPhoneSimulator.platform/Developer/SDKs/iPhoneSimulator16.0.sdk/Developer/Library/Frameworks -MMD -MT dependencies -MF /Users/oikhlas/Library/Developer/Xcode/DerivedData/WebDriverAgent-bcmeffsllcldukgyoimwiehwhvyz/Build/Intermediates.noindex/WebDriverAgent.build/Debug-iphonesimulator/WebDriverAgentLib.build/StaticAnalyzer/WebDriverAgent/WebDriverAgentLib/normal/x86_64/XCUIElement+FBScrolling.d --analyze /Users/oikhlas/.appium/node_modules/appium-xcuitest-driver/node_modules/appium-webdriveragent/WebDriverAgentLib/Categories/XCUIElement+FBScrolling.m -o /Users/oikhlas/Library/Developer/Xcode/DerivedData/WebDriverAgent-bcmeffsllcldukgyoimwiehwhvyz/Build/Intermediates.noindex/WebDriverAgent.build/Debug-iphonesimulator/WebDriverAgentLib.build/StaticAnalyzer/WebDriverAgent/WebDriverAgentLib/normal/x86_64/XCUIElement+FBScrolling.plist
&amp#27;[38;5;173m[Xcode]&amp#27;[0m 
&amp#27;[38;5;173m[Xcode]&amp#27;[0m 
&amp#27;[38;5;173m[Xcode]&amp#27;[0m Analyze /Users/oikhlas/.appium/node_modules/appium-xcuitest-driver/node_modules/appium-webdriveragent/WebDriverAgentLib/Categories/XCUIElement+FBResolve.m normal x86_64 (in target 'WebDriverAgentLib' from project 'WebDriverAgent')
&amp#27;[38;5;173m[Xcode]&amp#27;[0m     cd /Users/oikhlas/.appium/node_modules/appium-xcuitest-driver/node_modules/appium-webdriveragent
&amp#27;[38;5;173m[Xcode]&amp#27;[0m     /Applications/Xcode.app/Contents/Developer/Toolchains/XcodeDefault.xctoolchain/usr/bin/clang -x objective-c -target x86_64-apple-ios16.0-simulator -fmessage-length\=0 -fdiagnostics-show-note-include-stack -fmacro-backtrace-limit\=0 -std\=gnu99 -fobjc-arc -fmodules -gmodules -fmodules-cache-path\=/Users/oikhlas/Library/Developer/Xcode/DerivedData/ModuleCache.noindex -fmodules-prune-interval\=86400 -fmodules-prune-after\=345600 -fbuild-session-file\=/Users/oikhlas/Library/Developer/Xcode/DerivedData/ModuleCache.noindex/Session.modulevalidation -fmodules-validate-once-per-build-session -Wno-trigraphs -fpascal-strings -O0 -fno-common -Wmissing-field-initializers -Wno-missing-prototypes -Werror\=return-type -Wunreachable-code -Wquoted-include-in-framework-header -Wno-implicit-atomic-properties -Werror\=deprecated-objc-isa-usage -Wno-objc-interface-ivars -Werror\=objc-root-class -Warc-repeated-use-of-weak -Wno-arc-maybe-repeated-use-of-weak -Wimplicit-retain-self -Wduplicate-method-match -Wno-missing-braces -Wparentheses -Wswitch -Wunused-function -Wno-unused-label -Wunused-parameter -Wunused-variable -Wunused-value -Wempty-body -Wuninitialized -Wconditional-uninitialized -Wno-unknown-pragmas -pedantic -Wshadow -Wno-four-char-constants -Wconversion -Wconstant-conversion -Wint-conversion -Wbool-conversion -Wenum-conversion -Wfloat-conversion -Wnon-literal-null-conversion -Wobjc-literal-conversion -Wassign-enum -Wsign-compare -Wshorten-64-to-32 -Wpointer-sign -Wno-newline-eof -Wno-selector -Wno-strict-selector-match -Wundeclared-selector -Wdeprecated-implementations -Wno-implicit-fallthrough -DDEBUG\=1 -DOBJC_OLD_DISPATCH_PROTOTYPES\=0 -isysroot /Applications/Xcode.app/Contents/Developer/Platforms/iPhoneSimulator.platform/Developer/SDKs/iPhoneSimulator16.0.sdk -fasm-blocks -fstrict-aliasing -Wprotocol -Wdeprecated-declarations -g -Wno-sign-conversion -Winfinite-recursion -Wcomma -Wblock-capture-autoreleasing -Wstrict-prototypes -Wno-semicolon-before-method-body -fobjc-abi-version\=2 -fobjc-legacy-dispatch -D__clang_analyzer__ -Xclang -analyzer-output\=plist-multi-file -Xclang -analyzer-config -Xclang path-diagnostics-alternate\=true -Xclang -analyzer-config -Xclang report-in-main-source-file\=true -Xclang -analyzer-checker -Xclang optin.osx.cocoa.localizability.NonLocalizedStringChecker -Xclang -analyzer-checker -Xclang security.insecureAPI.UncheckedReturn -Xclang -analyzer-checker -Xclang security.insecureAPI.getpw -Xclang -analyzer-checker -Xclang security.insecureAPI.gets -Xclang -analyzer-checker -Xclang security.insecureAPI.mkstemp -Xclang -analyzer-checker -Xclang security.insecureAPI.mktemp -Xclang -analyzer-disable-checker -Xclang security.insecureAPI.rand -Xclang -analyzer-disable-checker -Xclang security.insecureAPI.strcpy -Xclang -analyzer-checker -Xclang security.insecureAPI.vfork -iquote /Users/oikhlas/Library/Developer/Xcode/DerivedData/WebDriverAgent-bcmeffsllcldukgyoimwiehwhvyz/Build/Intermediates.noindex/WebDriverAgent.build/Debug-iphonesimulator/WebDriverAgentLib.build/WebDriverAgentLib-generated-files.hmap -I/Users/oikhlas/Library/Developer/Xcode/DerivedData/WebDriverAgent-bcmeffsllcldukgyoimwiehwhvyz/Build/Intermediates.noindex/WebDriverAgent.build/Debug-iphonesimulator/WebDriverAgentLib.build/WebDriverAgentLib-own-target-headers.hmap -I/Users/oikhlas/Library/Developer/Xcode/DerivedData/WebDriverAgent-bcmeffsllcldukgyoimwiehwhvyz/Build/Intermediates.noindex/WebDriverAgent.build/Debug-iphonesimulator/WebDriverAgentLib.build/WebDriverAgentLib-all-target-headers.hmap -iquote /Users/oikhlas/Library/Developer/Xcode/DerivedData/WebDriverAgent-bcmeffsllcldukgyoimwiehwhvyz/Build/Intermediates.noindex/WebDriverAgent.build/Debug-iphonesimulator/WebDriverAgentLib.build/WebDriverAgentLib-project-headers.hmap -I/Users/oikhlas/Library/Developer/Xcode/DerivedData/WebDriverAgent-bcmeffsllcldukgyoimwiehwhvyz/Build/Products/Debug-iphonesimulator/include -I/Applications/Xcode.app/Contents/Developer/Platforms/iPhoneSimulator.platform/Developer/SDKs/iPhoneSimulator16.0.sdk/usr/include/libxml2 -I/Users/oikhlas/.appium/node_modules/appium-xcuitest-driver/node_modules/appium-webdriveragent/Modules -I/Users/oikhlas/Library/Developer/Xcode/DerivedData/WebDriverAgent-bcmeffsllcldukgyoimwiehwhvyz/Build/Intermediates.noindex/WebDriverAgent.build/Debug-iphonesimulator/WebDriverAgentLib.build/DerivedSources-normal/x86_64 -I/Users/oikhlas/Library/Developer/Xcode/DerivedData/WebDriverAgent-bcmeffsllcldukgyoimwiehwhvyz/Build/Intermediates.noindex/WebDriverAgent.build/Debug-iphonesimulator/WebDriverAgentLib.build/DerivedSources/x86_64 -I/Users/oikhlas/Library/Developer/Xcode/DerivedData/WebDriverAgent-bcmeffsllcldukgyoimwiehwhvyz/Build/Intermediates.noindex/WebDriverAgent.build/Debug-iphonesimulator/WebDriverAgentLib.build/DerivedSources -Weverything -Wno-objc-missing-property-synthesis -Wno-unused-macros -Wno-disabled-macro-expansion -Wno-gnu-statement-expression -Wno-language-extension-token -Wno-overriding-method-mismatch -Wno-missing-variable-declarations -Rno-module-build -Wno-auto-import -Wno-objc-interface-ivars -Wno-documentation-unknown-command -Wno-reserved-id-macro -Wno-unused-parameter -Wno-gnu-conditional-omitted-operand -Wno-explicit-ownership-type -Wno-date-time -Wno-cast-align -Wno-cstring-format-directive -Wno-double-promotion -Wno-partial-availability -Weverything -Wno-objc-missing-property-synthesis -Wno-unused-macros -Wno-disabled-macro-expansion -Wno-gnu-statement-expression -Wno-language-extension-token -Wno-overriding-method-mismatch -Wno-missing-variable-declarations -Rno-module-build -Wno-auto-import -Wno-objc-interface-ivars -Wno-documentation-unknown-command -Wno-reserved-id-macro -Wno-unused-parameter -Wno-gnu-conditional-omitted-operand -Wno-explicit-ownership-type -Wno-date-time -Wno-cast-align -Wno-cstring-format-directive -Wno-double-promotion -Wno-partial-availability -Wno-objc-messaging-id -Wno-direct-ivar-access -Wno-cast-qual -Wno-declaration-after-statement -F/Users/oikhlas/Library/Developer/Xcode/DerivedData/WebDriverAgent-bcmeffsllcldukgyoimwiehwhvyz/Build/Products/Debug-iphonesimulator -F/Applications/Xcode.app/Contents/Developer/Platforms/iPhoneSimulator.platform/Developer/Library/Frameworks -F/Applications/Xcode.app/Contents/Developer/Platforms/iPhoneSimulator.platform/Developer/Library/PrivateFrameworks -iframework /Applications/Xcode.app/Contents/Developer/Platforms/iPhoneSimulator.platform/Developer/SDKs/iPhoneSimulator16.0.sdk/Developer/Library/Frameworks -MMD -MT dependencies -MF /Users/oikhlas/Library/Developer/Xcode/DerivedData/WebDriverAgent-bcmeffsllcldukgyoimwiehwhvyz/Build/Intermediates.noindex/WebDriverAgent.build/Debug-iphonesimulator/WebDriverAgentLib.build/StaticAnalyzer/WebDriverAgent/WebDriverAgentLib/normal/x86_64/XCUIElement+FBResolve.d --analyze /Users/oikhlas/.appium/node_modules/appium-xcuitest-driver/node_modules/appium-webdriveragent/WebDriverAgentLib/Categories/XCUIElement+FBResolve.m -o /Users/oikhlas/Library/Developer/Xcode/DerivedData/WebDriverAgent-bcmeffsllcldukgyoimwiehwhvyz/Build/Intermediates.noindex/WebDriverAgent.build/Debug-iphonesimulator/WebDriverAgentLib.build/StaticAnalyzer/WebDriverAgent/WebDriverAgentLib/normal/x86_64/XCUIElement+FBResolve.plist
&amp#27;[38;5;173m[Xcode]&amp#27;[0m 
&amp#27;[38;5;173m[Xcode]&amp#27;[0m 
&amp#27;[38;5;173m[Xcode]&amp#27;[0m Analyze /Users/oikhlas/.appium/node_modules/appium-xcuitest-driver/node_modules/appium-webdriveragent/WebDriverAgentLib/Categories/XCUIElement+FBPickerWheel.m normal x86_64 (in target 'WebDriverAgentLib' from project 'WebDriverAgent')
&amp#27;[38;5;173m[Xcode]&amp#27;[0m     cd /Users/oikhlas/.appium/node_modules/appium-xcuitest-driver/node_modules/appium-webdriveragent
&amp#27;[38;5;173m[Xcode]&amp#27;[0m     /Applications/Xcode.app/Contents/Developer/Toolchains/XcodeDefault.xctoolchain/usr/bin/clang -x objective-c -target x86_64-apple-ios16.0-simulator -fmessage-length\=0 -fdiagnostics-show-note-include-stack -fmacro-backtrace-limit\=0 -std\=gnu99 -fobjc-arc -fmodules -gmodules -fmodules-cache-path\=/Users/oikhlas/Library/Developer/Xcode/DerivedData/ModuleCache.noindex -fmodules-prune-interval\=86400 -fmodules-prune-after\=345600 -fbuild-session-file\=/Users/oikhlas/Library/Developer/Xcode/DerivedData/ModuleCache.noindex/Session.modulevalidation -fmodules-validate-once-per-build-session -Wno-trigraphs -fpascal-strings -O0 -fno-common -Wmissing-field-initializers -Wno-missing-prototypes -Werror\=return-type -Wunreachable-code -Wquoted-include-in-framework-header -Wno-implicit-atomic-properties -Werror\=deprecated-objc-isa-usage -Wno-objc-interface-ivars -Werror\=objc-root-class -Warc-repeated-use-of-weak -Wno-arc-maybe-repeated-use-of-weak -Wimplicit-retain-self -Wduplicate-method-match -Wno-missing-braces -Wparentheses -Wswitch -Wunused-function -Wno-unused-label -Wunused-parameter -Wunused-variable -Wunused-value -Wempty-body -Wuninitialized -Wconditional-uninitialized -Wno-unknown-pragmas -pedantic -Wshadow -Wno-four-char-constants -Wconversion -Wconstant-conversion -Wint-conversion -Wbool-conversion -Wenum-conversion -Wfloat-conversion -Wnon-literal-null-conversion -Wobjc-literal-conversion -Wassign-enum -Wsign-compare -Wshorten-64-to-32 -Wpointer-sign -Wno-newline-eof -Wno-selector -Wno-strict-selector-match -Wundeclared-selector -Wdeprecated-implementations -Wno-implicit-fallthrough -DDEBUG\=1 -DOBJC_OLD_DISPATCH_PROTOTYPES\=0 -isysroot /Applications/Xcode.app/Contents/Developer/Platforms/iPhoneSimulator.platform/Developer/SDKs/iPhoneSimulator16.0.sdk -fasm-blocks -fstrict-aliasing -Wprotocol -Wdeprecated-declarations -g -Wno-sign-conversion -Winfinite-recursion -Wcomma -Wblock-capture-autoreleasing -Wstrict-prototypes -Wno-semicolon-before-method-body -fobjc-abi-version\=2 -fobjc-legacy-dispatch -D__clang_analyzer__ -Xclang -analyzer-output\=plist-multi-file -Xclang -analyzer-config -Xclang path-diagnostics-alternate\=true -Xclang -analyzer-config -Xclang report-in-main-source-file\=true -Xclang -analyzer-checker -Xclang optin.osx.cocoa.localizability.NonLocalizedStringChecker -Xclang -analyzer-checker -Xclang security.insecureAPI.UncheckedReturn -Xclang -analyzer-checker -Xclang security.insecureAPI.getpw -Xclang -analyzer-checker -Xclang security.insecureAPI.gets -Xclang -analyzer-checker -Xclang security.insecureAPI.mkstemp -Xclang -analyzer-checker -Xclang security.insecureAPI.mktemp -Xclang -analyzer-disable-checker -Xclang security.insecureAPI.rand -Xclang -analyzer-disable-checker -Xclang security.insecureAPI.strcpy -Xclang -analyzer-checker -Xclang security.insecureAPI.vfork -iquote /Users/oikhlas/Library/Developer/Xcode/DerivedData/WebDriverAgent-bcmeffsllcldukgyoimwiehwhvyz/Build/Intermediates.noindex/WebDriverAgent.build/Debug-iphonesimulator/WebDriverAgentLib.build/WebDriverAgentLib-generated-files.hmap -I/Users/oikhlas/Library/Developer/Xcode/DerivedData/WebDriverAgent-bcmeffsllcldukgyoimwiehwhvyz/Build/Intermediates.noindex/WebDriverAgent.build/Debug-iphonesimulator/WebDriverAgentLib.build/WebDriverAgentLib-own-target-headers.hmap -I/Users/oikhlas/Library/Developer/Xcode/DerivedData/WebDriverAgent-bcmeffsllcldukgyoimwiehwhvyz/Build/Intermediates.noindex/WebDriverAgent.build/Debug-iphonesimulator/WebDriverAgentLib.build/WebDriverAgentLib-all-target-headers.hmap -iquote /Users/oikhlas/Library/Developer/Xcode/DerivedData/WebDriverAgent-bcmeffsllcldukgyoimwiehwhvyz/Build/Intermediates.noindex/WebDriverAgent.build/Debug-iphonesimulator/WebDriverAgentLib.build/WebDriverAgentLib-project-headers.hmap -I/Users/oikhlas/Library/Developer/Xcode/DerivedData/WebDriverAgent-bcmeffsllcldukgyoimwiehwhvyz/Build/Products/Debug-iphonesimulator/include -I/Applications/Xcode.app/Contents/Developer/Platforms/iPhoneSimulator.platform/Developer/SDKs/iPhoneSimulator16.0.sdk/usr/include/libxml2 -I/Users/oikhlas/.appium/node_modules/appium-xcuitest-driver/node_modules/appium-webdriveragent/Modules -I/Users/oikhlas/Library/Developer/Xcode/DerivedData/WebDriverAgent-bcmeffsllcldukgyoimwiehwhvyz/Build/Intermediates.noindex/WebDriverAgent.build/Debug-iphonesimulator/WebDriverAgentLib.build/DerivedSources-normal/x86_64 -I/Users/oikhlas/Library/Developer/Xcode/DerivedData/WebDriverAgent-bcmeffsllcldukgyoimwiehwhvyz/Build/Intermediates.noindex/WebDriverAgent.build/Debug-iphonesimulator/WebDriverAgentLib.build/DerivedSources/x86_64 -I/Users/oikhlas/Library/Developer/Xcode/DerivedData/WebDriverAgent-bcmeffsllcldukgyoimwiehwhvyz/Build/Intermediates.noindex/WebDriverAgent.build/Debug-iphonesimulator/WebDriverAgentLib.build/DerivedSources -Weverything -Wno-objc-missing-property-synthesis -Wno-unused-macros -Wno-disabled-macro-expansion -Wno-gnu-statement-expression -Wno-language-extension-token -Wno-overriding-method-mismatch -Wno-missing-variable-declarations -Rno-module-build -Wno-auto-import -Wno-objc-interface-ivars -Wno-documentation-unknown-command -Wno-reserved-id-macro -Wno-unused-parameter -Wno-gnu-conditional-omitted-operand -Wno-explicit-ownership-type -Wno-date-time -Wno-cast-align -Wno-cstring-format-directive -Wno-double-promotion -Wno-partial-availability -Weverything -Wno-objc-missing-property-synthesis -Wno-unused-macros -Wno-disabled-macro-expansion -Wno-gnu-statement-expression -Wno-language-extension-token -Wno-overriding-method-mismatch -Wno-missing-variable-declarations -Rno-module-build -Wno-auto-import -Wno-objc-interface-ivars -Wno-documentation-unknown-command -Wno-reserved-id-macro -Wno-unused-parameter -Wno-gnu-conditional-omitted-operand -Wno-explicit-ownership-type -Wno-date-time -Wno-cast-align -Wno-cstring-format-directive -Wno-double-promotion -Wno-partial-availability -Wno-objc-messaging-id -Wno-direct-ivar-access -Wno-cast-qual -Wno-declaration-after-statement -F/Users/oikhlas/Library/Developer/Xcode/DerivedData/WebDriverAgent-bcmeffsllcldukgyoimwiehwhvyz/Build/Products/Debug-iphonesimulator -F/Applications/Xcode.app/Contents/Developer/Platforms/iPhoneSimulator.platform/Developer/Library/Frameworks -F/Applications/Xcode.app/Contents/Developer/Platforms/iPhoneSimulator.platform/Developer/Library/PrivateFrameworks -iframework /Applications/Xcode.app/Contents/Developer/Platforms/iPhoneSimulator.platform/Developer/SDKs/iPhoneSimulator16.0.sdk/Developer/Library/Frameworks -MMD -MT dependencies -MF /Users/oikhlas/Library/Developer/Xcode/DerivedData/WebDriverAgent-bcmeffsllcldukgyoimwiehwhvyz/Build/Intermediates.noindex/WebDriverAgent.build/Debug-iphonesimulator/WebDriverAgentLib.build/StaticAnalyzer/WebDriverAgent/WebDriverAgentLib/normal/x86_64/XCUIElement+FBPickerWheel.d --analyze /Users/oikhlas/.appium/node_modules/appium-xcuitest-driver/node_modules/appium-webdriveragent/WebDriverAgentLib/Categories/XCUIElement+FBPickerWheel.m -o /Users/oikhlas/Library/Developer/Xcode/DerivedData/WebDriverAgent-bcmeffsllcldukgyoimwiehwhvyz/Build/Intermediates.noindex/WebDriverAgent.build/Debug-iphonesimulator/WebDriverAgentLib.build/StaticAnalyzer/WebDriverAgent/WebDriverAgentLib/normal/x86_64/XCUIElement+FBPickerWheel.plist
&amp#27;[38;5;173m[Xcode]&amp#27;[0m 
&amp#27;[38;5;173m[Xcode]&amp#27;[0m 
&amp#27;[38;5;173m[Xcode]&amp#27;[0m Analyze /Users/oikhlas/.appium/node_modules/appium-xcuitest-driver/node_modules/appium-webdriveragent/WebDriverAgentLib/Categories/XCUIElement+FBIsVisible.m normal x86_64 (in target 'WebDriverAgentLib' from project 'WebDriverAgent')
&amp#27;[38;5;173m[Xcode]&amp#27;[0m     cd /Users/oikhlas/.appium/node_modules/appium-xcuitest-driver/node_modules/appium-webdriveragent
&amp#27;[38;5;173m[Xcode]&amp#27;[0m     /Applications/Xcode.app/Contents/Developer/Toolchains/XcodeDefault.xctoolchain/usr/bin/clang -x objective-c -target x86_64-apple-ios16.0-simulator -fmessage-length\=0 -fdiagnostics-show-note-include-stack -fmacro-backtrace-limit\=0 -std\=gnu99 -fobjc-arc -fmodules -gmodules -fmodules-cache-path\=/Users/oikhlas/Library/Developer/Xcode/DerivedData/ModuleCache.noindex -fmodules-prune-interval\=86400 -fmodules-prune-after\=345600 -fbuild-session-file\=/Users/oikhlas/Library/Developer/Xcode/DerivedData/ModuleCache.noindex/Session.modulevalidation -fmodules-validate-once-per-build-session -Wno-trigraphs -fpascal-strings -O0 -fno-common -Wmissing-field-initializers -Wno-missing-prototypes -Werror\=return-type -Wunreachable-code -Wquoted-include-in-framework-header -Wno-implicit-atomic-properties -Werror\=deprecated-objc-isa-usage -Wno-objc-interface-ivars -Werror\=objc-root-class -Warc-repeated-use-of-weak -Wno-arc-maybe-repeated-use-of-weak -Wimplicit-retain-self -Wduplicate-method-match -Wno-missing-braces -Wparentheses -Wswitch -Wunused-function -Wno-unused-label -Wunused-parameter -Wunused-variable -Wunused-value -Wempty-body -Wuninitialized -Wconditional-uninitialized -Wno-unknown-pragmas -pedantic -Wshadow -Wno-four-char-constants -Wconversion -Wconstant-conversion -Wint-conversion -Wbool-conversion -Wenum-conversion -Wfloat-conversion -Wnon-literal-null-conversion -Wobjc-literal-conversion -Wassign-enum -Wsign-compare -Wshorten-64-to-32 -Wpointer-sign -Wno-newline-eof -Wno-selector -Wno-strict-selector-match -Wundeclared-selector -Wdeprecated-implementations -Wno-implicit-fallthrough -DDEBUG\=1 -DOBJC_OLD_DISPATCH_PROTOTYPES\=0 -isysroot /Applications/Xcode.app/Contents/Developer/Platforms/iPhoneSimulator.platform/Developer/SDKs/iPhoneSimulator16.0.sdk -fasm-blocks -fstrict-aliasing -Wprotocol -Wdeprecated-declarations -g -Wno-sign-conversion -Winfinite-recursion -Wcomma -Wblock-capture-autoreleasing -Wstrict-prototypes -Wno-semicolon-before-method-body -fobjc-abi-version\=2 -fobjc-legacy-dispatch -D__clang_analyzer__ -Xclang -analyzer-output\=plist-multi-file -Xclang -analyzer-config -Xclang path-diagnostics-alternate\=true -Xclang -analyzer-config -Xclang report-in-main-source-file\=true -Xclang -analyzer-checker -Xclang optin.osx.cocoa.localizability.NonLocalizedStringChecker -Xclang -analyzer-checker -Xclang security.insecureAPI.UncheckedReturn -Xclang -analyzer-checker -Xclang security.insecureAPI.getpw -Xclang -analyzer-checker -Xclang security.insecureAPI.gets -Xclang -analyzer-checker -Xclang security.insecureAPI.mkstemp -Xclang -analyzer-checker -Xclang security.insecureAPI.mktemp -Xclang -analyzer-disable-checker -Xclang security.insecureAPI.rand -Xclang -analyzer-disable-checker -Xclang security.insecureAPI.strcpy -Xclang -analyzer-checker -Xclang security.insecureAPI.vfork -iquote /Users/oikhlas/Library/Developer/Xcode/DerivedData/WebDriverAgent-bcmeffsllcldukgyoimwiehwhvyz/Build/Intermediates.noindex/WebDriverAgent.build/Debug-iphonesimulator/WebDriverAgentLib.build/WebDriverAgentLib-generated-files.hmap -I/Users/oikhlas/Library/Developer/Xcode/DerivedData/WebDriverAgent-bcmeffsllcldukgyoimwiehwhvyz/Build/Intermediates.noindex/WebDriverAgent.build/Debug-iphonesimulator/WebDriverAgentLib.build/WebDriverAgentLib-own-target-headers.hmap -I/Users/oikhlas/Library/Developer/Xcode/DerivedData/WebDriverAgent-bcmeffsllcldukgyoimwiehwhvyz/Build/Intermediates.noindex/WebDriverAgent.build/Debug-iphonesimulator/WebDriverAgentLib.build/WebDriverAgentLib-all-target-headers.hmap -iquote /Users/oikhlas/Library/Developer/Xcode/DerivedData/WebDriverAgent-bcmeffsllcldukgyoimwiehwhvyz/Build/Intermediates.noindex/WebDriverAgent.build/Debug-iphonesimulator/WebDriverAgentLib.build/WebDriverAgentLib-project-headers.hmap -I/Users/oikhlas/Library/Developer/Xcode/DerivedData/WebDriverAgent-bcmeffsllcldukgyoimwiehwhvyz/Build/Products/Debug-iphonesimulator/include -I/Applications/Xcode.app/Contents/Developer/Platforms/iPhoneSimulator.platform/Developer/SDKs/iPhoneSimulator16.0.sdk/usr/include/libxml2 -I/Users/oikhlas/.appium/node_modules/appium-xcuitest-driver/node_modules/appium-webdriveragent/Modules -I/Users/oikhlas/Library/Developer/Xcode/DerivedData/WebDriverAgent-bcmeffsllcldukgyoimwiehwhvyz/Build/Intermediates.noindex/WebDriverAgent.build/Debug-iphonesimulator/WebDriverAgentLib.build/DerivedSources-normal/x86_64 -I/Users/oikhlas/Library/Developer/Xcode/DerivedData/WebDriverAgent-bcmeffsllcldukgyoimwiehwhvyz/Build/Intermediates.noindex/WebDriverAgent.build/Debug-iphonesimulator/WebDriverAgentLib.build/DerivedSources/x86_64 -I/Users/oikhlas/Library/Developer/Xcode/DerivedData/WebDriverAgent-bcmeffsllcldukgyoimwiehwhvyz/Build/Intermediates.noindex/WebDriverAgent.build/Debug-iphonesimulator/WebDriverAgentLib.build/DerivedSources -Weverything -Wno-objc-missing-property-synthesis -Wno-unused-macros -Wno-disabled-macro-expansion -Wno-gnu-statement-expression -Wno-language-extension-token -Wno-overriding-method-mismatch -Wno-missing-variable-declarations -Rno-module-build -Wno-auto-import -Wno-objc-interface-ivars -Wno-documentation-unknown-command -Wno-reserved-id-macro -Wno-unused-parameter -Wno-gnu-conditional-omitted-operand -Wno-explicit-ownership-type -Wno-date-time -Wno-cast-align -Wno-cstring-format-directive -Wno-double-promotion -Wno-partial-availability -Weverything -Wno-objc-missing-property-synthesis -Wno-unused-macros -Wno-disabled-macro-expansion -Wno-gnu-statement-expression -Wno-language-extension-token -Wno-overriding-method-mismatch -Wno-missing-variable-declarations -Rno-module-build -Wno-auto-import -Wno-objc-interface-ivars -Wno-documentation-unknown-command -Wno-reserved-id-macro -Wno-unused-parameter -Wno-gnu-conditional-omitted-operand -Wno-explicit-ownership-type -Wno-date-time -Wno-cast-align -Wno-cstring-format-directive -Wno-double-promotion -Wno-partial-availability -Wno-objc-messaging-id -Wno-direct-ivar-access -Wno-cast-qual -Wno-declaration-after-statement -F/Users/oikhlas/Library/Developer/Xcode/DerivedData/WebDriverAgent-bcmeffsllcldukgyoimwiehwhvyz/Build/Products/Debug-iphonesimulator -F/Applications/Xcode.app/Contents/Developer/Platforms/iPhoneSimulator.platform/Developer/Library/Frameworks -F/Applications/Xcode.app/Contents/Developer/Platforms/iPhoneSimulator.platform/Developer/Library/PrivateFrameworks -iframework /Applications/Xcode.app/Contents/Developer/Platforms/iPhoneSimulator.platform/Developer/SDKs/iPhoneSimulator16.0.sdk/Developer/Library/Frameworks -MMD -MT dependencies -MF /Users/oikhlas/Library/Developer/Xcode/DerivedData/WebDriverAgent-bcmeffsllcldukgyoimwiehwhvyz/Build/Intermediates.noindex/WebDriverAgent.build/Debug-iphonesimulator/WebDriverAgentLib.build/StaticAnalyzer/WebDriverAgent/WebDriverAgentLib/normal/x86_64/XCUIElement+FBIsVisible.d --analyze /Users/oikhlas/.appium/node_modules/appium-xcuitest-driver/node_modules/appium-webdriveragent/WebDriverAgentLib/Categories/XCUIElement+FBIsVisible.m -o /Users/oikhlas/Library/Developer/Xcode/DerivedData/WebDriverAgent-bcmeffsllcldukgyoimwiehwhvyz/Build/Intermediates.noindex/WebDriverAgent.build/Debug-iphonesimulator/WebDriverAgentLib.build/StaticAnalyzer/WebDriverAgent/WebDriverAgentLib/normal/x86_64/XCUIElement+FBIsVisible.plist
&amp#27;[38;5;173m[Xcode]&amp#27;[0m 
&amp#27;[38;5;173m[Xcode]&amp#27;[0m 
&amp#27;[38;5;173m[Xcode]&amp#27;[0m Analyze /Users/oikhlas/.appium/node_modules/appium-xcuitest-driver/node_modules/appium-webdriveragent/WebDriverAgentLib/Categories/XCUIElement+FBForceTouch.m normal x86_64 (in target 'WebDriverAgentLib' from project 'WebDriverAgent')
&amp#27;[38;5;173m[Xcode]&amp#27;[0m     cd /Users/oikhlas/.appium/node_modules/appium-xcuitest-driver/node_modules/appium-webdriveragent
&amp#27;[38;5;173m[Xcode]&amp#27;[0m     /Applications/Xcode.app/Contents/Developer/Toolchains/XcodeDefault.xctoolchain/usr/bin/clang -x objective-c -target x86_64-apple-ios16.0-simulator -fmessage-length\=0 -fdiagnostics-show-note-include-stack -fmacro-backtrace-limit\=0 -std\=gnu99 -fobjc-arc -fmodules -gmodules -fmodules-cache-path\=/Users/oikhlas/Library/Developer/Xcode/DerivedData/ModuleCache.noindex -fmodules-prune-interval\=86400 -fmodules-prune-after\=345600 -fbuild-session-file\=/Users/oikhlas/Library/Developer/Xcode/DerivedData/ModuleCache.noindex/Session.modulevalidation -fmodules-validate-once-per-build-session -Wno-trigraphs -fpascal-strings -O0 -fno-common -Wmissing-field-initializers -Wno-missing-prototypes -Werror\=return-type -Wunreachable-code -Wquoted-include-in-framework-header -Wno-implicit-atomic-properties -Werror\=deprecated-objc-isa-usage -Wno-objc-interface-ivars -Werror\=objc-root-class -Warc-repeated-use-of-weak -Wno-arc-maybe-repeated-use-of-weak -Wimplicit-retain-self -Wduplicate-method-match -Wno-missing-braces -Wparentheses -Wswitch -Wunused-function -Wno-unused-label -Wunused-parameter -Wunused-variable -Wunused-value -Wempty-body -Wuninitialized -Wconditional-uninitialized -Wno-unknown-pragmas -pedantic -Wshadow -Wno-four-char-constants -Wconversion -Wconstant-conversion -Wint-conversion -Wbool-conversion -Wenum-conversion -Wfloat-conversion -Wnon-literal-null-conversion -Wobjc-literal-conversion -Wassign-enum -Wsign-compare -Wshorten-64-to-32 -Wpointer-sign -Wno-newline-eof -Wno-selector -Wno-strict-selector-match -Wundeclared-selector -Wdeprecated-implementations -Wno-implicit-fallthrough -DDEBUG\=1 -DOBJC_OLD_DISPATCH_PROTOTYPES\=0 -isysroot /Applications/Xcode.app/Contents/Developer/Platforms/iPhoneSimulator.platform/Developer/SDKs/iPhoneSimulator16.0.sdk -fasm-blocks -fstrict-aliasing -Wprotocol -Wdeprecated-declarations -g -Wno-sign-conversion -Winfinite-recursion -Wcomma -Wblock-capture-autoreleasing -Wstrict-prototypes -Wno-semicolon-before-method-body -fobjc-abi-version\=2 -fobjc-legacy-dispatch -D__clang_analyzer__ -Xclang -analyzer-output\=plist-multi-file -Xclang -analyzer-config -Xclang path-diagnostics-alternate\=true -Xclang -analyzer-config -Xclang report-in-main-source-file\=true -Xclang -analyzer-checker -Xclang optin.osx.cocoa.localizability.NonLocalizedStringChecker -Xclang -analyzer-checker -Xclang security.insecureAPI.UncheckedReturn -Xclang -analyzer-checker -Xclang security.insecureAPI.getpw -Xclang -analyzer-checker -Xclang security.insecureAPI.gets -Xclang -analyzer-checker -Xclang security.insecureAPI.mkstemp -Xclang -analyzer-checker -Xclang security.insecureAPI.mktemp -Xclang -analyzer-disable-checker -Xclang security.insecureAPI.rand -Xclang -analyzer-disable-checker -Xclang security.insecureAPI.strcpy -Xclang -analyzer-checker -Xclang security.insecureAPI.vfork -iquote /Users/oikhlas/Library/Developer/Xcode/DerivedData/WebDriverAgent-bcmeffsllcldukgyoimwiehwhvyz/Build/Intermediates.noindex/WebDriverAgent.build/Debug-iphonesimulator/WebDriverAgentLib.build/WebDriverAgentLib-generated-files.hmap -I/Users/oikhlas/Library/Developer/Xcode/DerivedData/WebDriverAgent-bcmeffsllcldukgyoimwiehwhvyz/Build/Intermediates.noindex/WebDriverAgent.build/Debug-iphonesimulator/WebDriverAgentLib.build/WebDriverAgentLib-own-target-headers.hmap -I/Users/oikhlas/Library/Developer/Xcode/DerivedData/WebDriverAgent-bcmeffsllcldukgyoimwiehwhvyz/Build/Intermediates.noindex/WebDriverAgent.build/Debug-iphonesimulator/WebDriverAgentLib.build/WebDriverAgentLib-all-target-headers.hmap -iquote /Users/oikhlas/Library/Developer/Xcode/DerivedData/WebDriverAgent-bcmeffsllcldukgyoimwiehwhvyz/Build/Intermediates.noindex/WebDriverAgent.build/Debug-iphonesimulator/WebDriverAgentLib.build/WebDriverAgentLib-project-headers.hmap -I/Users/oikhlas/Library/Developer/Xcode/DerivedData/WebDriverAgent-bcmeffsllcldukgyoimwiehwhvyz/Build/Products/Debug-iphonesimulator/include -I/Applications/Xcode.app/Contents/Developer/Platforms/iPhoneSimulator.platform/Developer/SDKs/iPhoneSimulator16.0.sdk/usr/include/libxml2 -I/Users/oikhlas/.appium/node_modules/appium-xcuitest-driver/node_modules/appium-webdriveragent/Modules -I/Users/oikhlas/Library/Developer/Xcode/DerivedData/WebDriverAgent-bcmeffsllcldukgyoimwiehwhvyz/Build/Intermediates.noindex/WebDriverAgent.build/Debug-iphonesimulator/WebDriverAgentLib.build/DerivedSources-normal/x86_64 -I/Users/oikhlas/Library/Developer/Xcode/DerivedData/WebDriverAgent-bcmeffsllcldukgyoimwiehwhvyz/Build/Intermediates.noindex/WebDriverAgent.build/Debug-iphonesimulator/WebDriverAgentLib.build/DerivedSources/x86_64 -I/Users/oikhlas/Library/Developer/Xcode/DerivedData/WebDriverAgent-bcmeffsllcldukgyoimwiehwhvyz/Build/Intermediates.noindex/WebDriverAgent.build/Debug-iphonesimulator/WebDriverAgentLib.build/DerivedSources -Weverything -Wno-objc-missing-property-synthesis -Wno-unused-macros -Wno-disabled-macro-expansion -Wno-gnu-statement-expression -Wno-language-extension-token -Wno-overriding-method-mismatch -Wno-missing-variable-declarations -Rno-module-build -Wno-auto-import -Wno-objc-interface-ivars -Wno-documentation-unknown-command -Wno-reserved-id-macro -Wno-unused-parameter -Wno-gnu-conditional-omitted-operand -Wno-explicit-ownership-type -Wno-date-time -Wno-cast-align -Wno-cstring-format-directive -Wno-double-promotion -Wno-partial-availability -Weverything -Wno-objc-missing-property-synthesis -Wno-unused-macros -Wno-disabled-macro-expansion -Wno-gnu-statement-expression -Wno-language-extension-token -Wno-overriding-method-mismatch -Wno-missing-variable-declarations -Rno-module-build -Wno-auto-import -Wno-objc-interface-ivars -Wno-documentation-unknown-command -Wno-reserved-id-macro -Wno-unused-parameter -Wno-gnu-conditional-omitted-operand -Wno-explicit-ownership-type -Wno-date-time -Wno-cast-align -Wno-cstring-format-directive -Wno-double-promotion -Wno-partial-availability -Wno-objc-messaging-id -Wno-direct-ivar-access -Wno-cast-qual -Wno-declaration-after-statement -F/Users/oikhlas/Library/Developer/Xcode/DerivedData/WebDriverAgent-bcmeffsllcldukgyoimwiehwhvyz/Build/Products/Debug-iphonesimulator -F/Applications/Xcode.app/Contents/Developer/Platforms/iPhoneSimulator.platform/Developer/Library/Frameworks -F/Applications/Xcode.app/Contents/Developer/Platforms/iPhoneSimulator.platform/Developer/Library/PrivateFrameworks -iframework /Applications/Xcode.app/Contents/Developer/Platforms/iPhoneSimulator.platform/Developer/SDKs/iPhoneSimulator16.0.sdk/Developer/Library/Frameworks -MMD -MT dependencies -MF /Users/oikhlas/Library/Developer/Xcode/DerivedData/WebDriverAgent-bcmeffsllcldukgyoimwiehwhvyz/Build/Intermediates.noindex/WebDriverAgent.build/Debug-iphonesimulator/WebDriverAgentLib.build/StaticAnalyzer/WebDriverAgent/WebDriverAgentLib/normal/x86_64/XCUIElement+FBForceTouch.d --analyze /Users/oikhlas/.appium/node_modules/appium-xcuitest-driver/node_modules/appium-webdriveragent/WebDriverAgentLib/Categories/XCUIElement+FBForceTouch.m -o /Users/oikhlas/Library/Developer/Xcode/DerivedData/WebDriverAgent-bcmeffsllcldukgyoimwiehwhvyz/Build/Intermediates.noindex/WebDriverAgent.build/Debug-iphonesimulator/WebDriverAgentLib.build/StaticAnalyzer/WebDriverAgent/WebDriverAgentLib/normal/x86_64/XCUIElement+FBForceTouch.plist
&amp#27;[38;5;173m[Xcode]&amp#27;[0m 
&amp#27;[38;5;173m[Xcode]&amp#27;[0m 
&amp#27;[38;5;173m[Xcode]&amp#27;[0m Analyze /Users/oikhlas/.appium/node_modules/appium-xcuitest-driver/node_modules/appium-webdriveragent/WebDriverAgentLib/Categories/XCUIElement+FBFind.m normal x86_64 (in target 'WebDriverAgentLib' from project 'WebDriverAgent')
&amp#27;[38;5;173m[Xcode]&amp#27;[0m     cd /Users/oikhlas/.appium/node_modules/appium-xcuitest-driver/node_modules/appium-webdriveragent
&amp#27;[38;5;173m[Xcode]&amp#27;[0m     /Applications/Xcode.app/Contents/Developer/Toolchains/XcodeDefault.xctoolchain/usr/bin/clang -x objective-c -target x86_64-apple-ios16.0-simulator -fmessage-length\=0 -fdiagnostics-show-note-include-stack -fmacro-backtrace-limit\=0 -std\=gnu99 -fobjc-arc -fmodules -gmodules -fmodules-cache-path\=/Users/oikhlas/Library/Developer/Xcode/DerivedData/ModuleCache.noindex -fmodules-prune-interval\=86400 -fmodules-prune-after\=345600 -fbuild-session-file\=/Users/oikhlas/Library/Developer/Xcode/DerivedData/ModuleCache.noindex/Session.modulevalidation -fmodules-validate-once-per-build-session -Wno-trigraphs -fpascal-strings -O0 -fno-common -Wmissing-field-initializers -Wno-missing-prototypes -Werror\=return-type -Wunreachable-code -Wquoted-include-in-framework-header -Wno-implicit-atomic-properties -Werror\=deprecated-objc-isa-usage -Wno-objc-interface-ivars -Werror\=objc-root-class -Warc-repeated-use-of-weak -Wno-arc-maybe-repeated-use-of-weak -Wimplicit-retain-self -Wduplicate-method-match -Wno-missing-braces -Wparentheses -Wswitch -Wunused-function -Wno-unused-label -Wunused-parameter -Wunused-variable -Wunused-value -Wempty-body -Wuninitialized -Wconditional-uninitialized -Wno-unknown-pragmas -pedantic -Wshadow -Wno-four-char-constants -Wconversion -Wconstant-conversion -Wint-conversion -Wbool-conversion -Wenum-conversion -Wfloat-conversion -Wnon-literal-null-conversion -Wobjc-literal-conversion -Wassign-enum -Wsign-compare -Wshorten-64-to-32 -Wpointer-sign -Wno-newline-eof -Wno-selector -Wno-strict-selector-match -Wundeclared-selector -Wdeprecated-implementations -Wno-implicit-fallthrough -DDEBUG\=1 -DOBJC_OLD_DISPATCH_PROTOTYPES\=0 -isysroot /Applications/Xcode.app/Contents/Developer/Platforms/iPhoneSimulator.platform/Developer/SDKs/iPhoneSimulator16.0.sdk -fasm-blocks -fstrict-aliasing -Wprotocol -Wdeprecated-declarations -g -Wno-sign-conversion -Winfinite-recursion -Wcomma -Wblock-capture-autoreleasing -Wstrict-prototypes -Wno-semicolon-before-method-body -fobjc-abi-version\=2 -fobjc-legacy-dispatch -D__clang_analyzer__ -Xclang -analyzer-output\=plist-multi-file -Xclang -analyzer-config -Xclang path-diagnostics-alternate\=true -Xclang -analyzer-config -Xclang report-in-main-source-file\=true -Xclang -analyzer-checker -Xclang optin.osx.cocoa.localizability.NonLocalizedStringChecker -Xclang -analyzer-checker -Xclang security.insecureAPI.UncheckedReturn -Xclang -analyzer-checker -Xclang security.insecureAPI.getpw -Xclang -analyzer-checker -Xclang security.insecureAPI.gets -Xclang -analyzer-checker -Xclang security.insecureAPI.mkstemp -Xclang -analyzer-checker -Xclang security.insecureAPI.mktemp -Xclang -analyzer-disable-checker -Xclang security.insecureAPI.rand -Xclang -analyzer-disable-checker -Xclang security.insecureAPI.strcpy -Xclang -analyzer-checker -Xclang security.insecureAPI.vfork -iquote /Users/oikhlas/Library/Developer/Xcode/DerivedData/WebDriverAgent-bcmeffsllcldukgyoimwiehwhvyz/Build/Intermediates.noindex/WebDriverAgent.build/Debug-iphonesimulator/WebDriverAgentLib.build/WebDriverAgentLib-generated-files.hmap -I/Users/oikhlas/Library/Developer/Xcode/DerivedData/WebDriverAgent-bcmeffsllcldukgyoimwiehwhvyz/Build/Intermediates.noindex/WebDriverAgent.build/Debug-iphonesimulator/WebDriverAgentLib.build/WebDriverAgentLib-own-target-headers.hmap -I/Users/oikhlas/Library/Developer/Xcode/DerivedData/WebDriverAgent-bcmeffsllcldukgyoimwiehwhvyz/Build/Intermediates.noindex/WebDriverAgent.build/Debug-iphonesimulator/WebDriverAgentLib.build/WebDriverAgentLib-all-target-headers.hmap -iquote /Users/oikhlas/Library/Developer/Xcode/DerivedData/WebDriverAgent-bcmeffsllcldukgyoimwiehwhvyz/Build/Intermediates.noindex/WebDriverAgent.build/Debug-iphonesimulator/WebDriverAgentLib.build/WebDriverAgentLib-project-headers.hmap -I/Users/oikhlas/Library/Developer/Xcode/DerivedData/WebDriverAgent-bcmeffsllcldukgyoimwiehwhvyz/Build/Products/Debug-iphonesimulator/include -I/Applications/Xcode.app/Contents/Developer/Platforms/iPhoneSimulator.platform/Developer/SDKs/iPhoneSimulator16.0.sdk/usr/include/libxml2 -I/Users/oikhlas/.appium/node_modules/appium-xcuitest-driver/node_modules/appium-webdriveragent/Modules -I/Users/oikhlas/Library/Developer/Xcode/DerivedData/WebDriverAgent-bcmeffsllcldukgyoimwiehwhvyz/Build/Intermediates.noindex/WebDriverAgent.build/Debug-iphonesimulator/WebDriverAgentLib.build/DerivedSources-normal/x86_64 -I/Users/oikhlas/Library/Developer/Xcode/DerivedData/WebDriverAgent-bcmeffsllcldukgyoimwiehwhvyz/Build/Intermediates.noindex/WebDriverAgent.build/Debug-iphonesimulator/WebDriverAgentLib.build/DerivedSources/x86_64 -I/Users/oikhlas/Library/Developer/Xcode/DerivedData/WebDriverAgent-bcmeffsllcldukgyoimwiehwhvyz/Build/Intermediates.noindex/WebDriverAgent.build/Debug-iphonesimulator/WebDriverAgentLib.build/DerivedSources -Weverything -Wno-objc-missing-property-synthesis -Wno-unused-macros -Wno-disabled-macro-expansion -Wno-gnu-statement-expression -Wno-language-extension-token -Wno-overriding-method-mismatch -Wno-missing-variable-declarations -Rno-module-build -Wno-auto-import -Wno-objc-interface-ivars -Wno-documentation-unknown-command -Wno-reserved-id-macro -Wno-unused-parameter -Wno-gnu-conditional-omitted-operand -Wno-explicit-ownership-type -Wno-date-time -Wno-cast-align -Wno-cstring-format-directive -Wno-double-promotion -Wno-partial-availability -Weverything -Wno-objc-missing-property-synthesis -Wno-unused-macros -Wno-disabled-macro-expansion -Wno-gnu-statement-expression -Wno-language-extension-token -Wno-overriding-method-mismatch -Wno-missing-variable-declarations -Rno-module-build -Wno-auto-import -Wno-objc-interface-ivars -Wno-documentation-unknown-command -Wno-reserved-id-macro -Wno-unused-parameter -Wno-gnu-conditional-omitted-operand -Wno-explicit-ownership-type -Wno-date-time -Wno-cast-align -Wno-cstring-format-directive -Wno-double-promotion -Wno-partial-availability -Wno-objc-messaging-id -Wno-direct-ivar-access -Wno-cast-qual -Wno-declaration-after-statement -F/Users/oikhlas/Library/Developer/Xcode/DerivedData/WebDriverAgent-bcmeffsllcldukgyoimwiehwhvyz/Build/Products/Debug-iphonesimulator -F/Applications/Xcode.app/Contents/Developer/Platforms/iPhoneSimulator.platform/Developer/Library/Frameworks -F/Applications/Xcode.app/Contents/Developer/Platforms/iPhoneSimulator.platform/Developer/Library/PrivateFrameworks -iframework /Applications/Xcode.app/Contents/Developer/Platforms/iPhoneSimulator.platform/Developer/SDKs/iPhoneSimulator16.0.sdk/Developer/Library/Frameworks -MMD -MT dependencies -MF /Users/oikhlas/Library/Developer/Xcode/DerivedData/WebDriverAgent-bcmeffsllcldukgyoimwiehwhvyz/Build/Intermediates.noindex/WebDriverAgent.build/Debug-iphonesimulator/WebDriverAgentLib.build/StaticAnalyzer/WebDriverAgent/WebDriverAgentLib/normal/x86_64/XCUIElement+FBFind.d --analyze /Users/oikhlas/.appium/node_modules/appium-xcuitest-driver/node_modules/appium-webdriveragent/WebDriverAgentLib/Categories/XCUIElement+FBFind.m -o /Users/oikhlas/Library/Developer/Xcode/DerivedData/WebDriverAgent-bcmeffsllcldukgyoimwiehwhvyz/Build/Intermediates.noindex/WebDriverAgent.build/Debug-iphonesimulator/WebDriverAgentLib.build/StaticAnalyzer/WebDriverAgent/WebDriverAgentLib/normal/x86_64/XCUIElement+FBFind.plist
&amp#27;[38;5;173m[Xcode]&amp#27;[0m 
&amp#27;[38;5;173m[Xcode]&amp#27;[0m 
&amp#27;[38;5;173m[Xcode]&amp#27;[0m Analyze /Users/oikhlas/.appium/node_modules/appium-xcuitest-driver/node_modules/appium-webdriveragent/WebDriverAgentLib/Categories/XCUIElement+FBClassChain.m normal x86_64 (in target 'WebDriverAgentLib' from project 'WebDriverAgent')
&amp#27;[38;5;173m[Xcode]&amp#27;[0m     cd /Users/oikhlas/.appium/node_modules/appium-xcuitest-driver/node_modules/appium-webdriveragent
&amp#27;[38;5;173m[Xcode]&amp#27;[0m     /Applications/Xcode.app/Contents/Developer/Toolchains/XcodeDefault.xctoolchain/usr/bin/clang -x objective-c -target x86_64-apple-ios16.0-simulator -fmessage-length\=0 -fdiagnostics-show-note-include-stack -fmacro-backtrace-limit\=0 -std\=gnu99 -fobjc-arc -fmodules -gmodules -fmodules-cache-path\=/Users/oikhlas/Library/Developer/Xcode/DerivedData/ModuleCache.noindex -fmodules-prune-interval\=86400 -fmodules-prune-after\=345600 -fbuild-session-file\=/Users/oikhlas/Library/Developer/Xcode/DerivedData/ModuleCache.noindex/Session.modulevalidation -fmodules-validate-once-per-build-session -Wno-trigraphs -fpascal-strings -O0 -fno-common -Wmissing-field-initializers -Wno-missing-prototypes -Werror\=return-type -Wunreachable-code -Wquoted-include-in-framework-header -Wno-implicit-atomic-properties -Werror\=deprecated-objc-isa-usage -Wno-objc-interface-ivars -Werror\=objc-root-class -Warc-repeated-use-of-weak -Wno-arc-maybe-repeated-use-of-weak -Wimplicit-retain-self -Wduplicate-method-match -Wno-missing-braces -Wparentheses -Wswitch -Wunused-function -Wno-unused-label -Wunused-parameter -Wunused-variable -Wunused-value -Wempty-body -Wuninitialized -Wconditional-uninitialized -Wno-unknown-pragmas -pedantic -Wshadow -Wno-four-char-constants -Wconversion -Wconstant-conversion -Wint-conversion -Wbool-conversion -Wenum-conversion -Wfloat-conversion -Wnon-literal-null-conversion -Wobjc-literal-conversion -Wassign-enum -Wsign-compare -Wshorten-64-to-32 -Wpointer-sign -Wno-newline-eof -Wno-selector -Wno-strict-selector-match -Wundeclared-selector -Wdeprecated-implementations -Wno-implicit-fallthrough -DDEBUG\=1 -DOBJC_OLD_DISPATCH_PROTOTYPES\=0 -isysroot /Applications/Xcode.app/Contents/Developer/Platforms/iPhoneSimulator.platform/Developer/SDKs/iPhoneSimulator16.0.sdk -fasm-blocks -fstrict-aliasing -Wprotocol -Wdeprecated-declarations -g -Wno-sign-conversion -Winfinite-recursion -Wcomma -Wblock-capture-autoreleasing -Wstrict-prototypes -Wno-semicolon-before-method-body -fobjc-abi-version\=2 -fobjc-legacy-dispatch -D__clang_analyzer__ -Xclang -analyzer-output\=plist-multi-file -Xclang -analyzer-config -Xclang path-diagnostics-alternate\=true -Xclang -analyzer-config -Xclang report-in-main-source-file\=true -Xclang -analyzer-checker -Xclang optin.osx.cocoa.localizability.NonLocalizedStringChecker -Xclang -analyzer-checker -Xclang security.insecureAPI.UncheckedReturn -Xclang -analyzer-checker -Xclang security.insecureAPI.getpw -Xclang -analyzer-checker -Xclang security.insecureAPI.gets -Xclang -analyzer-checker -Xclang security.insecureAPI.mkstemp -Xclang -analyzer-checker -Xclang security.insecureAPI.mktemp -Xclang -analyzer-disable-checker -Xclang security.insecureAPI.rand -Xclang -analyzer-disable-checker -Xclang security.insecureAPI.strcpy -Xclang -analyzer-checker -Xclang security.insecureAPI.vfork -iquote /Users/oikhlas/Library/Developer/Xcode/DerivedData/WebDriverAgent-bcmeffsllcldukgyoimwiehwhvyz/Build/Intermediates.noindex/WebDriverAgent.build/Debug-iphonesimulator/WebDriverAgentLib.build/WebDriverAgentLib-generated-files.hmap -I/Users/oikhlas/Library/Developer/Xcode/DerivedData/WebDriverAgent-bcmeffsllcldukgyoimwiehwhvyz/Build/Intermediates.noindex/WebDriverAgent.build/Debug-iphonesimulator/WebDriverAgentLib.build/WebDriverAgentLib-own-target-headers.hmap -I/Users/oikhlas/Library/Developer/Xcode/DerivedData/WebDriverAgent-bcmeffsllcldukgyoimwiehwhvyz/Build/Intermediates.noindex/WebDriverAgent.build/Debug-iphonesimulator/WebDriverAgentLib.build/WebDriverAgentLib-all-target-headers.hmap -iquote /Users/oikhlas/Library/Developer/Xcode/DerivedData/WebDriverAgent-bcmeffsllcldukgyoimwiehwhvyz/Build/Intermediates.noindex/WebDriverAgent.build/Debug-iphonesimulator/WebDriverAgentLib.build/WebDriverAgentLib-project-headers.hmap -I/Users/oikhlas/Library/Developer/Xcode/DerivedData/WebDriverAgent-bcmeffsllcldukgyoimwiehwhvyz/Build/Products/Debug-iphonesimulator/include -I/Applications/Xcode.app/Contents/Developer/Platforms/iPhoneSimulator.platform/Developer/SDKs/iPhoneSimulator16.0.sdk/usr/include/libxml2 -I/Users/oikhlas/.appium/node_modules/appium-xcuitest-driver/node_modules/appium-webdriveragent/Modules -I/Users/oikhlas/Library/Developer/Xcode/DerivedData/WebDriverAgent-bcmeffsllcldukgyoimwiehwhvyz/Build/Intermediates.noindex/WebDriverAgent.build/Debug-iphonesimulator/WebDriverAgentLib.build/DerivedSources-normal/x86_64 -I/Users/oikhlas/Library/Developer/Xcode/DerivedData/WebDriverAgent-bcmeffsllcldukgyoimwiehwhvyz/Build/Intermediates.noindex/WebDriverAgent.build/Debug-iphonesimulator/WebDriverAgentLib.build/DerivedSources/x86_64 -I/Users/oikhlas/Library/Developer/Xcode/DerivedData/WebDriverAgent-bcmeffsllcldukgyoimwiehwhvyz/Build/Intermediates.noindex/WebDriverAgent.build/Debug-iphonesimulator/WebDriverAgentLib.build/DerivedSources -Weverything -Wno-objc-missing-property-synthesis -Wno-unused-macros -Wno-disabled-macro-expansion -Wno-gnu-statement-expression -Wno-language-extension-token -Wno-overriding-method-mismatch -Wno-missing-variable-declarations -Rno-module-build -Wno-auto-import -Wno-objc-interface-ivars -Wno-documentation-unknown-command -Wno-reserved-id-macro -Wno-unused-parameter -Wno-gnu-conditional-omitted-operand -Wno-explicit-ownership-type -Wno-date-time -Wno-cast-align -Wno-cstring-format-directive -Wno-double-promotion -Wno-partial-availability -Weverything -Wno-objc-missing-property-synthesis -Wno-unused-macros -Wno-disabled-macro-expansion -Wno-gnu-statement-expression -Wno-language-extension-token -Wno-overriding-method-mismatch -Wno-missing-variable-declarations -Rno-module-build -Wno-auto-import -Wno-objc-interface-ivars -Wno-documentation-unknown-command -Wno-reserved-id-macro -Wno-unused-parameter -Wno-gnu-conditional-omitted-operand -Wno-explicit-ownership-type -Wno-date-time -Wno-cast-align -Wno-cstring-format-directive -Wno-double-promotion -Wno-partial-availability -Wno-objc-messaging-id -Wno-direct-ivar-access -Wno-cast-qual -Wno-declaration-after-statement -F/Users/oikhlas/Library/Developer/Xcode/DerivedData/WebDriverAgent-bcmeffsllcldukgyoimwiehwhvyz/Build/Products/Debug-iphonesimulator -F/Applications/Xcode.app/Contents/Developer/Platforms/iPhoneSimulator.platform/Developer/Library/Frameworks -F/Applications/Xcode.app/Contents/Developer/Platforms/iPhoneSimulator.platform/Developer/Library/PrivateFrameworks -iframework /Applications/Xcode.app/Contents/Developer/Platforms/iPhoneSimulator.platform/Developer/SDKs/iPhoneSimulator16.0.sdk/Developer/Library/Frameworks -MMD -MT dependencies -MF /Users/oikhlas/Library/Developer/Xcode/DerivedData/WebDriverAgent-bcmeffsllcldukgyoimwiehwhvyz/Build/Intermediates.noindex/WebDriverAgent.build/Debug-iphonesimulator/WebDriverAgentLib.build/StaticAnalyzer/WebDriverAgent/WebDriverAgentLib/normal/x86_64/XCUIElement+FBClassChain.d --analyze /Users/oikhlas/.appium/node_modules/appium-xcuitest-driver/node_modules/appium-webdriveragent/WebDriverAgentLib/Categories/XCUIElement+FBClassChain.m -o /Users/oikhlas/Library/Developer/Xcode/DerivedData/WebDriverAgent-bcmeffsllcldukgyoimwiehwhvyz/Build/Intermediates.noindex/WebDriverAgent.build/Debug-iphonesimulator/WebDriverAgentLib.build/StaticAnalyzer/WebDriverAgent/WebDriverAgentLib/normal/x86_64/XCUIElement+FBClassChain.plist
&amp#27;[38;5;173m[Xcode]&amp#27;[0m 
&amp#27;[38;5;173m[Xcode]&amp#27;[0m 
&amp#27;[38;5;173m[Xcode]&amp#27;[0m Analyze /Users/oikhlas/.appium/node_modules/appium-xcuitest-driver/node_modules/appium-webdriveragent/WebDriverAgentLib/Categories/XCUIElement+FBAccessibility.m normal x86_64 (in target 'WebDriverAgentLib' from project 'WebDriverAgent')
&amp#27;[38;5;173m[Xcode]&amp#27;[0m     cd /Users/oikhlas/.appium/node_modules/appium-xcuitest-driver/node_modules/appium-webdriveragent
&amp#27;[38;5;173m[Xcode]&amp#27;[0m     /Applications/Xcode.app/Contents/Developer/Toolchains/XcodeDefault.xctoolchain/usr/bin/clang -x objective-c -target x86_64-apple-ios16.0-simulator -fmessage-length\=0 -fdiagnostics-show-note-include-stack -fmacro-backtrace-limit\=0 -std\=gnu99 -fobjc-arc -fmodules -gmodules -fmodules-cache-path\=/Users/oikhlas/Library/Developer/Xcode/DerivedData/ModuleCache.noindex -fmodules-prune-interval\=86400 -fmodules-prune-after\=345600 -fbuild-session-file\=/Users/oikhlas/Library/Developer/Xcode/DerivedData/ModuleCache.noindex/Session.modulevalidation -fmodules-validate-once-per-build-session -Wno-trigraphs -fpascal-strings -O0 -fno-common -Wmissing-field-initializers -Wno-missing-prototypes -Werror\=return-type -Wunreachable-code -Wquoted-include-in-framework-header -Wno-implicit-atomic-properties -Werror\=deprecated-objc-isa-usage -Wno-objc-interface-ivars -Werror\=objc-root-class -Warc-repeated-use-of-weak -Wno-arc-maybe-repeated-use-of-weak -Wimplicit-retain-self -Wduplicate-method-match -Wno-missing-braces -Wparentheses -Wswitch -Wunused-function -Wno-unused-label -Wunused-parameter -Wunused-variable -Wunused-value -Wempty-body -Wuninitialized -Wconditional-uninitialized -Wno-unknown-pragmas -pedantic -Wshadow -Wno-four-char-constants -Wconversion -Wconstant-conversion -Wint-conversion -Wbool-conversion -Wenum-conversion -Wfloat-conversion -Wnon-literal-null-conversion -Wobjc-literal-conversion -Wassign-enum -Wsign-compare -Wshorten-64-to-32 -Wpointer-sign -Wno-newline-eof -Wno-selector -Wno-strict-selector-match -Wundeclared-selector -Wdeprecated-implementations -Wno-implicit-fallthrough -DDEBUG\=1 -DOBJC_OLD_DISPATCH_PROTOTYPES\=0 -isysroot /Applications/Xcode.app/Contents/Developer/Platforms/iPhoneSimulator.platform/Developer/SDKs/iPhoneSimulator16.0.sdk -fasm-blocks -fstrict-aliasing -Wprotocol -Wdeprecated-declarations -g -Wno-sign-conversion -Winfinite-recursion -Wcomma -Wblock-capture-autoreleasing -Wstrict-prototypes -Wno-semicolon-before-method-body -fobjc-abi-version\=2 -fobjc-legacy-dispatch -D__clang_analyzer__ -Xclang -analyzer-output\=plist-multi-file -Xclang -analyzer-config -Xclang path-diagnostics-alternate\=true -Xclang -analyzer-config -Xclang report-in-main-source-file\=true -Xclang -analyzer-checker -Xclang optin.osx.cocoa.localizability.NonLocalizedStringChecker -Xclang -analyzer-checker -Xclang security.insecureAPI.UncheckedReturn -Xclang -analyzer-checker -Xclang security.insecureAPI.getpw -Xclang -analyzer-checker -Xclang security.insecureAPI.gets -Xclang -analyzer-checker -Xclang security.insecureAPI.mkstemp -Xclang -analyzer-checker -Xclang security.insecureAPI.mktemp -Xclang -analyzer-disable-checker -Xclang security.insecureAPI.rand -Xclang -analyzer-disable-checker -Xclang security.insecureAPI.strcpy -Xclang -analyzer-checker -Xclang security.insecureAPI.vfork -iquote /Users/oikhlas/Library/Developer/Xcode/DerivedData/WebDriverAgent-bcmeffsllcldukgyoimwiehwhvyz/Build/Intermediates.noindex/WebDriverAgent.build/Debug-iphonesimulator/WebDriverAgentLib.build/WebDriverAgentLib-generated-files.hmap -I/Users/oikhlas/Library/Developer/Xcode/DerivedData/WebDriverAgent-bcmeffsllcldukgyoimwiehwhvyz/Build/Intermediates.noindex/WebDriverAgent.build/Debug-iphonesimulator/WebDriverAgentLib.build/WebDriverAgentLib-own-target-headers.hmap -I/Users/oikhlas/Library/Developer/Xcode/DerivedData/WebDriverAgent-bcmeffsllcldukgyoimwiehwhvyz/Build/Intermediates.noindex/WebDriverAgent.build/Debug-iphonesimulator/WebDriverAgentLib.build/WebDriverAgentLib-all-target-headers.hmap -iquote /Users/oikhlas/Library/Developer/Xcode/DerivedData/WebDriverAgent-bcmeffsllcldukgyoimwiehwhvyz/Build/Intermediates.noindex/WebDriverAgent.build/Debug-iphonesimulator/WebDriverAgentLib.build/WebDriverAgentLib-project-headers.hmap -I/Users/oikhlas/Library/Developer/Xcode/DerivedData/WebDriverAgent-bcmeffsllcldukgyoimwiehwhvyz/Build/Products/Debug-iphonesimulator/include -I/Applications/Xcode.app/Contents/Developer/Platforms/iPhoneSimulator.platform/Developer/SDKs/iPhoneSimulator16.0.sdk/usr/include/libxml2 -I/Users/oikhlas/.appium/node_modules/appium-xcuitest-driver/node_modules/appium-webdriveragent/Modules -I/Users/oikhlas/Library/Developer/Xcode/DerivedData/WebDriverAgent-bcmeffsllcldukgyoimwiehwhvyz/Build/Intermediates.noindex/WebDriverAgent.build/Debug-iphonesimulator/WebDriverAgentLib.build/DerivedSources-normal/x86_64 -I/Users/oikhlas/Library/Developer/Xcode/DerivedData/WebDriverAgent-bcmeffsllcldukgyoimwiehwhvyz/Build/Intermediates.noindex/WebDriverAgent.build/Debug-iphonesimulator/WebDriverAgentLib.build/DerivedSources/x86_64 -I/Users/oikhlas/Library/Developer/Xcode/DerivedData/WebDriverAgent-bcmeffsllcldukgyoimwiehwhvyz/Build/Intermediates.noindex/WebDriverAgent.build/Debug-iphonesimulator/WebDriverAgentLib.build/DerivedSources -Weverything -Wno-objc-missing-property-synthesis -Wno-unused-macros -Wno-disabled-macro-expansion -Wno-gnu-statement-expression -Wno-language-extension-token -Wno-overriding-method-mismatch -Wno-missing-variable-declarations -Rno-module-build -Wno-auto-import -Wno-objc-interface-ivars -Wno-documentation-unknown-command -Wno-reserved-id-macro -Wno-unused-parameter -Wno-gnu-conditional-omitted-operand -Wno-explicit-ownership-type -Wno-date-time -Wno-cast-align -Wno-cstring-format-directive -Wno-double-promotion -Wno-partial-availability -Weverything -Wno-objc-missing-property-synthesis -Wno-unused-macros -Wno-disabled-macro-expansion -Wno-gnu-statement-expression -Wno-language-extension-token -Wno-overriding-method-mismatch -Wno-missing-variable-declarations -Rno-module-build -Wno-auto-import -Wno-objc-interface-ivars -Wno-documentation-unknown-command -Wno-reserved-id-macro -Wno-unused-parameter -Wno-gnu-conditional-omitted-operand -Wno-explicit-ownership-type -Wno-date-time -Wno-cast-align -Wno-cstring-format-directive -Wno-double-promotion -Wno-partial-availability -Wno-objc-messaging-id -Wno-direct-ivar-access -Wno-cast-qual -Wno-declaration-after-statement -F/Users/oikhlas/Library/Developer/Xcode/DerivedData/WebDriverAgent-bcmeffsllcldukgyoimwiehwhvyz/Build/Products/Debug-iphonesimulator -F/Applications/Xcode.app/Contents/Developer/Platforms/iPhoneSimulator.platform/Developer/Library/Frameworks -F/Applications/Xcode.app/Contents/Developer/Platforms/iPhoneSimulator.platform/Developer/Library/PrivateFrameworks -iframework /Applications/Xcode.app/Contents/Developer/Platforms/iPhoneSimulator.platform/Developer/SDKs/iPhoneSimulator16.0.sdk/Developer/Library/Frameworks -MMD -MT dependencies -MF /Users/oikhlas/Library/Developer/Xcode/DerivedData/WebDriverAgent-bcmeffsllcldukgyoimwiehwhvyz/Build/Intermediates.noindex/WebDriverAgent.build/Debug-iphonesimulator/WebDriverAgentLib.build/StaticAnalyzer/WebDriverAgent/WebDriverAgentLib/normal/x86_64/XCUIElement+FBAccessibility.d --analyze /Users/oikhlas/.appium/node_modules/appium-xcuitest-driver/node_modules/appium-webdriveragent/WebDriverAgentLib/Categories/XCUIElement+FBAccessibility.m -o /Users/oikhlas/Library/Developer/Xcode/DerivedData/WebDriverAgent-bcmeffsllcldukgyoimwiehwhvyz/Build/Intermediates.noindex/WebDriverAgent.build/Debug-iphonesimulator/WebDriverAgentLib.build/StaticAnalyzer/WebDriverAgent/WebDriverAgentLib/normal/x86_64/XCUIElement+FBAccessibility.plist
&amp#27;[38;5;173m[Xcode]&amp#27;[0m 
&amp#27;[38;5;173m[Xcode]&amp#27;[0m 
&amp#27;[38;5;173m[Xcode]&amp#27;[0m Analyze /Users/oikhlas/.appium/node_modules/appium-xcuitest-driver/node_modules/appium-webdriveragent/WebDriverAgentLib/Categories/XCUIDevice+FBRotation.m normal x86_64 (in target 'WebDriverAgentLib' from project 'WebDriverAgent')
&amp#27;[38;5;173m[Xcode]&amp#27;[0m     cd /Users/oikhlas/.appium/node_modules/appium-xcuitest-driver/node_modules/appium-webdriveragent
&amp#27;[38;5;173m[Xcode]&amp#27;[0m     /Applications/Xcode.app/Contents/Developer/Toolchains/XcodeDefault.xctoolchain/usr/bin/clang -x objective-c -target x86_64-apple-ios16.0-simulator -fmessage-length\=0 -fdiagnostics-show-note-include-stack -fmacro-backtrace-limit\=0 -std\=gnu99 -fobjc-arc -fmodules -gmodules -fmodules-cache-path\=/Users/oikhlas/Library/Developer/Xcode/DerivedData/ModuleCache.noindex -fmodules-prune-interval\=86400 -fmodules-prune-after\=345600 -fbuild-session-file\=/Users/oikhlas/Library/Developer/Xcode/DerivedData/ModuleCache.noindex/Session.modulevalidation -fmodules-validate-once-per-build-session -Wno-trigraphs -fpascal-strings -O0 -fno-common -Wmissing-field-initializers -Wno-missing-prototypes -Werror\=return-type -Wunreachable-code -Wquoted-include-in-framework-header -Wno-implicit-atomic-properties -Werror\=deprecated-objc-isa-usage -Wno-objc-interface-ivars -Werror\=objc-root-class -Warc-repeated-use-of-weak -Wno-arc-maybe-repeated-use-of-weak -Wimplicit-retain-self -Wduplicate-method-match -Wno-missing-braces -Wparentheses -Wswitch -Wunused-function -Wno-unused-label -Wunused-parameter -Wunused-variable -Wunused-value -Wempty-body -Wuninitialized -Wconditional-uninitialized -Wno-unknown-pragmas -pedantic -Wshadow -Wno-four-char-constants -Wconversion -Wconstant-conversion -Wint-conversion -Wbool-conversion -Wenum-conversion -Wfloat-conversion -Wnon-literal-null-conversion -Wobjc-literal-conversion -Wassign-enum -Wsign-compare -Wshorten-64-to-32 -Wpointer-sign -Wno-newline-eof -Wno-selector -Wno-strict-selector-match -Wundeclared-selector -Wdeprecated-implementations -Wno-implicit-fallthrough -DDEBUG\=1 -DOBJC_OLD_DISPATCH_PROTOTYPES\=0 -isysroot /Applications/Xcode.app/Contents/Developer/Platforms/iPhoneSimulator.platform/Developer/SDKs/iPhoneSimulator16.0.sdk -fasm-blocks -fstrict-aliasing -Wprotocol -Wdeprecated-declarations -g -Wno-sign-conversion -Winfinite-recursion -Wcomma -Wblock-capture-autoreleasing -Wstrict-prototypes -Wno-semicolon-before-method-body -fobjc-abi-version\=2 -fobjc-legacy-dispatch -D__clang_analyzer__ -Xclang -analyzer-output\=plist-multi-file -Xclang -analyzer-config -Xclang path-diagnostics-alternate\=true -Xclang -analyzer-config -Xclang report-in-main-source-file\=true -Xclang -analyzer-checker -Xclang optin.osx.cocoa.localizability.NonLocalizedStringChecker -Xclang -analyzer-checker -Xclang security.insecureAPI.UncheckedReturn -Xclang -analyzer-checker -Xclang security.insecureAPI.getpw -Xclang -analyzer-checker -Xclang security.insecureAPI.gets -Xclang -analyzer-checker -Xclang security.insecureAPI.mkstemp -Xclang -analyzer-checker -Xclang security.insecureAPI.mktemp -Xclang -analyzer-disable-checker -Xclang security.insecureAPI.rand -Xclang -analyzer-disable-checker -Xclang security.insecureAPI.strcpy -Xclang -analyzer-checker -Xclang security.insecureAPI.vfork -iquote /Users/oikhlas/Library/Developer/Xcode/DerivedData/WebDriverAgent-bcmeffsllcldukgyoimwiehwhvyz/Build/Intermediates.noindex/WebDriverAgent.build/Debug-iphonesimulator/WebDriverAgentLib.build/WebDriverAgentLib-generated-files.hmap -I/Users/oikhlas/Library/Developer/Xcode/DerivedData/WebDriverAgent-bcmeffsllcldukgyoimwiehwhvyz/Build/Intermediates.noindex/WebDriverAgent.build/Debug-iphonesimulator/WebDriverAgentLib.build/WebDriverAgentLib-own-target-headers.hmap -I/Users/oikhlas/Library/Developer/Xcode/DerivedData/WebDriverAgent-bcmeffsllcldukgyoimwiehwhvyz/Build/Intermediates.noindex/WebDriverAgent.build/Debug-iphonesimulator/WebDriverAgentLib.build/WebDriverAgentLib-all-target-headers.hmap -iquote /Users/oikhlas/Library/Developer/Xcode/DerivedData/WebDriverAgent-bcmeffsllcldukgyoimwiehwhvyz/Build/Intermediates.noindex/WebDriverAgent.build/Debug-iphonesimulator/WebDriverAgentLib.build/WebDriverAgentLib-project-headers.hmap -I/Users/oikhlas/Library/Developer/Xcode/DerivedData/WebDriverAgent-bcmeffsllcldukgyoimwiehwhvyz/Build/Products/Debug-iphonesimulator/include -I/Applications/Xcode.app/Contents/Developer/Platforms/iPhoneSimulator.platform/Developer/SDKs/iPhoneSimulator16.0.sdk/usr/include/libxml2 -I/Users/oikhlas/.appium/node_modules/appium-xcuitest-driver/node_modules/appium-webdriveragent/Modules -I/Users/oikhlas/Library/Developer/Xcode/DerivedData/WebDriverAgent-bcmeffsllcldukgyoimwiehwhvyz/Build/Intermediates.noindex/WebDriverAgent.build/Debug-iphonesimulator/WebDriverAgentLib.build/DerivedSources-normal/x86_64 -I/Users/oikhlas/Library/Developer/Xcode/DerivedData/WebDriverAgent-bcmeffsllcldukgyoimwiehwhvyz/Build/Intermediates.noindex/WebDriverAgent.build/Debug-iphonesimulator/WebDriverAgentLib.build/DerivedSources/x86_64 -I/Users/oikhlas/Library/Developer/Xcode/DerivedData/WebDriverAgent-bcmeffsllcldukgyoimwiehwhvyz/Build/Intermediates.noindex/WebDriverAgent.build/Debug-iphonesimulator/WebDriverAgentLib.build/DerivedSources -Weverything -Wno-objc-missing-property-synthesis -Wno-unused-macros -Wno-disabled-macro-expansion -Wno-gnu-statement-expression -Wno-language-extension-token -Wno-overriding-method-mismatch -Wno-missing-variable-declarations -Rno-module-build -Wno-auto-import -Wno-objc-interface-ivars -Wno-documentation-unknown-command -Wno-reserved-id-macro -Wno-unused-parameter -Wno-gnu-conditional-omitted-operand -Wno-explicit-ownership-type -Wno-date-time -Wno-cast-align -Wno-cstring-format-directive -Wno-double-promotion -Wno-partial-availability -Weverything -Wno-objc-missing-property-synthesis -Wno-unused-macros -Wno-disabled-macro-expansion -Wno-gnu-statement-expression -Wno-language-extension-token -Wno-overriding-method-mismatch -Wno-missing-variable-declarations -Rno-module-build -Wno-auto-import -Wno-objc-interface-ivars -Wno-documentation-unknown-command -Wno-reserved-id-macro -Wno-unused-parameter -Wno-gnu-conditional-omitted-operand -Wno-explicit-ownership-type -Wno-date-time -Wno-cast-align -Wno-cstring-format-directive -Wno-double-promotion -Wno-partial-availability -Wno-objc-messaging-id -Wno-direct-ivar-access -Wno-cast-qual -Wno-declaration-after-statement -F/Users/oikhlas/Library/Developer/Xcode/DerivedData/WebDriverAgent-bcmeffsllcldukgyoimwiehwhvyz/Build/Products/Debug-iphonesimulator -F/Applications/Xcode.app/Contents/Developer/Platforms/iPhoneSimulator.platform/Developer/Library/Frameworks -F/Applications/Xcode.app/Contents/Developer/Platforms/iPhoneSimulator.platform/Developer/Library/PrivateFrameworks -iframework /Applications/Xcode.app/Contents/Developer/Platforms/iPhoneSimulator.platform/Developer/SDKs/iPhoneSimulator16.0.sdk/Developer/Library/Frameworks -MMD -MT dependencies -MF /Users/oikhlas/Library/Developer/Xcode/DerivedData/WebDriverAgent-bcmeffsllcldukgyoimwiehwhvyz/Build/Intermediates.noindex/WebDriverAgent.build/Debug-iphonesimulator/WebDriverAgentLib.build/StaticAnalyzer/WebDriverAgent/WebDriverAgentLib/normal/x86_64/XCUIDevice+FBRotation.d --analyze /Users/oikhlas/.appium/node_modules/appium-xcuitest-driver/node_modules/appium-webdriveragent/WebDriverAgentLib/Categories/XCUIDevice+FBRotation.m -o /Users/oikhlas/Library/Developer/Xcode/DerivedData/WebDriverAgent-bcmeffsllcldukgyoimwiehwhvyz/Build/Intermediates.noindex/WebDriverAgent.build/Debug-iphonesimulator/WebDriverAgentLib.build/StaticAnalyzer/WebDriverAgent/WebDriverAgentLib/normal/x86_64/XCUIDevice+FBRotation.plist
&amp#27;[38;5;173m[Xcode]&amp#27;[0m 
&amp#27;[38;5;173m[Xcode]&amp#27;[0m 
&amp#27;[38;5;173m[Xcode]&amp#27;[0m Analyze /Users/oikhlas/.appium/node_modules/appium-xcuitest-driver/node_modules/appium-webdriveragent/WebDriverAgentLib/Categories/XCUIDevice+FBHelpers.m normal x86_64 (in target 'WebDriverAgentLib' from project 'WebDriverAgent')
&amp#27;[38;5;173m[Xcode]&amp#27;[0m     cd /Users/oikhlas/.appium/node_modules/appium-xcuitest-driver/node_modules/appium-webdriveragent
&amp#27;[38;5;173m[Xcode]&amp#27;[0m     /Applications/Xcode.app/Contents/Developer/Toolchains/XcodeDefault.xctoolchain/usr/bin/clang -x objective-c -target x86_64-apple-ios16.0-simulator -fmessage-length\=0 -fdiagnostics-show-note-include-stack -fmacro-backtrace-limit\=0 -std\=gnu99 -fobjc-arc -fmodules -gmodules -fmodules-cache-path\=/Users/oikhlas/Library/Developer/Xcode/DerivedData/ModuleCache.noindex -fmodules-prune-interval\=86400 -fmodules-prune-after\=345600 -fbuild-session-file\=/Users/oikhlas/Library/Developer/Xcode/DerivedData/ModuleCache.noindex/Session.modulevalidation -fmodules-validate-once-per-build-session -Wno-trigraphs -fpascal-strings -O0 -fno-common -Wmissing-field-initializers -Wno-missing-prototypes -Werror\=return-type -Wunreachable-code -Wquoted-include-in-framework-header -Wno-implicit-atomic-properties -Werror\=deprecated-objc-isa-usage -Wno-objc-interface-ivars -Werror\=objc-root-class -Warc-repeated-use-of-weak -Wno-arc-maybe-repeated-use-of-weak -Wimplicit-retain-self -Wduplicate-method-match -Wno-missing-braces -Wparentheses -Wswitch -Wunused-function -Wno-unused-label -Wunused-parameter -Wunused-variable -Wunused-value -Wempty-body -Wuninitialized -Wconditional-uninitialized -Wno-unknown-pragmas -pedantic -Wshadow -Wno-four-char-constants -Wconversion -Wconstant-conversion -Wint-conversion -Wbool-conversion -Wenum-conversion -Wfloat-conversion -Wnon-literal-null-conversion -Wobjc-literal-conversion -Wassign-enum -Wsign-compare -Wshorten-64-to-32 -Wpointer-sign -Wno-newline-eof -Wno-selector -Wno-strict-selector-match -Wundeclared-selector -Wdeprecated-implementations -Wno-implicit-fallthrough -DDEBUG\=1 -DOBJC_OLD_DISPATCH_PROTOTYPES\=0 -isysroot /Applications/Xcode.app/Contents/Developer/Platforms/iPhoneSimulator.platform/Developer/SDKs/iPhoneSimulator16.0.sdk -fasm-blocks -fstrict-aliasing -Wprotocol -Wdeprecated-declarations -g -Wno-sign-conversion -Winfinite-recursion -Wcomma -Wblock-capture-autoreleasing -Wstrict-prototypes -Wno-semicolon-before-method-body -fobjc-abi-version\=2 -fobjc-legacy-dispatch -D__clang_analyzer__ -Xclang -analyzer-output\=plist-multi-file -Xclang -analyzer-config -Xclang path-diagnostics-alternate\=true -Xclang -analyzer-config -Xclang report-in-main-source-file\=true -Xclang -analyzer-checker -Xclang optin.osx.cocoa.localizability.NonLocalizedStringChecker -Xclang -analyzer-checker -Xclang security.insecureAPI.UncheckedReturn -Xclang -analyzer-checker -Xclang security.insecureAPI.getpw -Xclang -analyzer-checker -Xclang security.insecureAPI.gets -Xclang -analyzer-checker -Xclang security.insecureAPI.mkstemp -Xclang -analyzer-checker -Xclang security.insecureAPI.mktemp -Xclang -analyzer-disable-checker -Xclang security.insecureAPI.rand -Xclang -analyzer-disable-checker -Xclang security.insecureAPI.strcpy -Xclang -analyzer-checker -Xclang security.insecureAPI.vfork -iquote /Users/oikhlas/Library/Developer/Xcode/DerivedData/WebDriverAgent-bcmeffsllcldukgyoimwiehwhvyz/Build/Intermediates.noindex/WebDriverAgent.build/Debug-iphonesimulator/WebDriverAgentLib.build/WebDriverAgentLib-generated-files.hmap -I/Users/oikhlas/Library/Developer/Xcode/DerivedData/WebDriverAgent-bcmeffsllcldukgyoimwiehwhvyz/Build/Intermediates.noindex/WebDriverAgent.build/Debug-iphonesimulator/WebDriverAgentLib.build/WebDriverAgentLib-own-target-headers.hmap -I/Users/oikhlas/Library/Developer/Xcode/DerivedData/WebDriverAgent-bcmeffsllcldukgyoimwiehwhvyz/Build/Intermediates.noindex/WebDriverAgent.build/Debug-iphonesimulator/WebDriverAgentLib.build/WebDriverAgentLib-all-target-headers.hmap -iquote /Users/oikhlas/Library/Developer/Xcode/DerivedData/WebDriverAgent-bcmeffsllcldukgyoimwiehwhvyz/Build/Intermediates.noindex/WebDriverAgent.build/Debug-iphonesimulator/WebDriverAgentLib.build/WebDriverAgentLib-project-headers.hmap -I/Users/oikhlas/Library/Developer/Xcode/DerivedData/WebDriverAgent-bcmeffsllcldukgyoimwiehwhvyz/Build/Products/Debug-iphonesimulator/include -I/Applications/Xcode.app/Contents/Developer/Platforms/iPhoneSimulator.platform/Developer/SDKs/iPhoneSimulator16.0.sdk/usr/include/libxml2 -I/Users/oikhlas/.appium/node_modules/appium-xcuitest-driver/node_modules/appium-webdriveragent/Modules -I/Users/oikhlas/Library/Developer/Xcode/DerivedData/WebDriverAgent-bcmeffsllcldukgyoimwiehwhvyz/Build/Intermediates.noindex/WebDriverAgent.build/Debug-iphonesimulator/WebDriverAgentLib.build/DerivedSources-normal/x86_64 -I/Users/oikhlas/Library/Developer/Xcode/DerivedData/WebDriverAgent-bcmeffsllcldukgyoimwiehwhvyz/Build/Intermediates.noindex/WebDriverAgent.build/Debug-iphonesimulator/WebDriverAgentLib.build/DerivedSources/x86_64 -I/Users/oikhlas/Library/Developer/Xcode/DerivedData/WebDriverAgent-bcmeffsllcldukgyoimwiehwhvyz/Build/Intermediates.noindex/WebDriverAgent.build/Debug-iphonesimulator/WebDriverAgentLib.build/DerivedSources -Weverything -Wno-objc-missing-property-synthesis -Wno-unused-macros -Wno-disabled-macro-expansion -Wno-gnu-statement-expression -Wno-language-extension-token -Wno-overriding-method-mismatch -Wno-missing-variable-declarations -Rno-module-build -Wno-auto-import -Wno-objc-interface-ivars -Wno-documentation-unknown-command -Wno-reserved-id-macro -Wno-unused-parameter -Wno-gnu-conditional-omitted-operand -Wno-explicit-ownership-type -Wno-date-time -Wno-cast-align -Wno-cstring-format-directive -Wno-double-promotion -Wno-partial-availability -Weverything -Wno-objc-missing-property-synthesis -Wno-unused-macros -Wno-disabled-macro-expansion -Wno-gnu-statement-expression -Wno-language-extension-token -Wno-overriding-method-mismatch -Wno-missing-variable-declarations -Rno-module-build -Wno-auto-import -Wno-objc-interface-ivars -Wno-documentation-unknown-command -Wno-reserved-id-macro -Wno-unused-parameter -Wno-gnu-conditional-omitted-operand -Wno-explicit-ownership-type -Wno-date-time -Wno-cast-align -Wno-cstring-format-directive -Wno-double-promotion -Wno-partial-availability -Wno-objc-messaging-id -Wno-direct-ivar-access -Wno-cast-qual -Wno-declaration-after-statement -F/Users/oikhlas/Library/Developer/Xcode/DerivedData/WebDriverAgent-bcmeffsllcldukgyoimwiehwhvyz/Build/Products/Debug-iphonesimulator -F/Applications/Xcode.app/Contents/Developer/Platforms/iPhoneSimulator.platform/Developer/Library/Frameworks -F/Applications/Xcode.app/Contents/Developer/Platforms/iPhoneSimulator.platform/Developer/Library/PrivateFrameworks -iframework /Applications/Xcode.app/Contents/Developer/Platforms/iPhoneSimulator.platform/Developer/SDKs/iPhoneSimulator16.0.sdk/Developer/Library/Frameworks -MMD -MT dependencies -MF /Users/oikhlas/Library/Developer/Xcode/DerivedData/WebDriverAgent-bcmeffsllcldukgyoimwiehwhvyz/Build/Intermediates.noindex/WebDriverAgent.build/Debug-iphonesimulator/WebDriverAgentLib.build/StaticAnalyzer/WebDriverAgent/WebDriverAgentLib/normal/x86_64/XCUIDevice+FBHelpers.d --analyze /Users/oikhlas/.appium/node_modules/appium-xcuitest-driver/node_modules/appium-webdriveragent/WebDriverAgentLib/Categories/XCUIDevice+FBHelpers.m -o /Users/oikhlas/Library/Developer/Xcode/DerivedData/WebDriverAgent-bcmeffsllcldukgyoimwiehwhvyz/Build/Intermediates.noindex/WebDriverAgent.build/Debug-iphonesimulator/WebDriverAgentLib.build/StaticAnalyzer/WebDriverAgent/WebDriverAgentLib/normal/x86_64/XCUIDevice+FBHelpers.plist
&amp#27;[38;5;173m[Xcode]&amp#27;[0m 
&amp#27;[38;5;173m[Xcode]&amp#27;[0m 
&amp#27;[38;5;173m[Xcode]&amp#27;[0m Analyze /Users/oikhlas/.appium/node_modules/appium-xcuitest-driver/node_modules/appium-webdriveragent/WebDriverAgentLib/Categories/XCUIDevice+FBHealthCheck.m normal x86_64 (in target 'WebDriverAgentLib' from project 'WebDriverAgent')
&amp#27;[38;5;173m[Xcode]&amp#27;[0m     cd /Users/oikhlas/.appium/node_modules/appium-xcuitest-driver/node_modules/appium-webdriveragent
&amp#27;[38;5;173m[Xcode]&amp#27;[0m     /Applications/Xcode.app/Contents/Developer/Toolchains/XcodeDefault.xctoolchain/usr/bin/clang -x objective-c -target x86_64-apple-ios16.0-simulator -fmessage-length\=0 -fdiagnostics-show-note-include-stack -fmacro-backtrace-limit\=0 -std\=gnu99 -fobjc-arc -fmodules -gmodules -fmodules-cache-path\=/Users/oikhlas/Library/Developer/Xcode/DerivedData/ModuleCache.noindex -fmodules-prune-interval\=86400 -fmodules-prune-after\=345600 -fbuild-session-file\=/Users/oikhlas/Library/Developer/Xcode/DerivedData/ModuleCache.noindex/Session.modulevalidation -fmodules-validate-once-per-build-session -Wno-trigraphs -fpascal-strings -O0 -fno-common -Wmissing-field-initializers -Wno-missing-prototypes -Werror\=return-type -Wunreachable-code -Wquoted-include-in-framework-header -Wno-implicit-atomic-properties -Werror\=deprecated-objc-isa-usage -Wno-objc-interface-ivars -Werror\=objc-root-class -Warc-repeated-use-of-weak -Wno-arc-maybe-repeated-use-of-weak -Wimplicit-retain-self -Wduplicate-method-match -Wno-missing-braces -Wparentheses -Wswitch -Wunused-function -Wno-unused-label -Wunused-parameter -Wunused-variable -Wunused-value -Wempty-body -Wuninitialized -Wconditional-uninitialized -Wno-unknown-pragmas -pedantic -Wshadow -Wno-four-char-constants -Wconversion -Wconstant-conversion -Wint-conversion -Wbool-conversion -Wenum-conversion -Wfloat-conversion -Wnon-literal-null-conversion -Wobjc-literal-conversion -Wassign-enum -Wsign-compare -Wshorten-64-to-32 -Wpointer-sign -Wno-newline-eof -Wno-selector -Wno-strict-selector-match -Wundeclared-selector -Wdeprecated-implementations -Wno-implicit-fallthrough -DDEBUG\=1 -DOBJC_OLD_DISPATCH_PROTOTYPES\=0 -isysroot /Applications/Xcode.app/Contents/Developer/Platforms/iPhoneSimulator.platform/Developer/SDKs/iPhoneSimulator16.0.sdk -fasm-blocks -fstrict-aliasing -Wprotocol -Wdeprecated-declarations -g -Wno-sign-conversion -Winfinite-recursion -Wcomma -Wblock-capture-autoreleasing -Wstrict-prototypes -Wno-semicolon-before-method-body -fobjc-abi-version\=2 -fobjc-legacy-dispatch -D__clang_analyzer__ -Xclang -analyzer-output\=plist-multi-file -Xclang -analyzer-config -Xclang path-diagnostics-alternate\=true -Xclang -analyzer-config -Xclang report-in-main-source-file\=true -Xclang -analyzer-checker -Xclang optin.osx.cocoa.localizability.NonLocalizedStringChecker -Xclang -analyzer-checker -Xclang security.insecureAPI.UncheckedReturn -Xclang -analyzer-checker -Xclang security.insecureAPI.getpw -Xclang -analyzer-checker -Xclang security.insecureAPI.gets -Xclang -analyzer-checker -Xclang security.insecureAPI.mkstemp -Xclang -analyzer-checker -Xclang security.insecureAPI.mktemp -Xclang -analyzer-disable-checker -Xclang security.insecureAPI.rand -Xclang -analyzer-disable-checker -Xclang security.insecureAPI.strcpy -Xclang -analyzer-checker -Xclang security.insecureAPI.vfork -iquote /Users/oikhlas/Library/Developer/Xcode/DerivedData/WebDriverAgent-bcmeffsllcldukgyoimwiehwhvyz/Build/Intermediates.noindex/WebDriverAgent.build/Debug-iphonesimulator/WebDriverAgentLib.build/WebDriverAgentLib-generated-files.hmap -I/Users/oikhlas/Library/Developer/Xcode/DerivedData/WebDriverAgent-bcmeffsllcldukgyoimwiehwhvyz/Build/Intermediates.noindex/WebDriverAgent.build/Debug-iphonesimulator/WebDriverAgentLib.build/WebDriverAgentLib-own-target-headers.hmap -I/Users/oikhlas/Library/Developer/Xcode/DerivedData/WebDriverAgent-bcmeffsllcldukgyoimwiehwhvyz/Build/Intermediates.noindex/WebDriverAgent.build/Debug-iphonesimulator/WebDriverAgentLib.build/WebDriverAgentLib-all-target-headers.hmap -iquote /Users/oikhlas/Library/Developer/Xcode/DerivedData/WebDriverAgent-bcmeffsllcldukgyoimwiehwhvyz/Build/Intermediates.noindex/WebDriverAgent.build/Debug-iphonesimulator/WebDriverAgentLib.build/WebDriverAgentLib-project-headers.hmap -I/Users/oikhlas/Library/Developer/Xcode/DerivedData/WebDriverAgent-bcmeffsllcldukgyoimwiehwhvyz/Build/Products/Debug-iphonesimulator/include -I/Applications/Xcode.app/Contents/Developer/Platforms/iPhoneSimulator.platform/Developer/SDKs/iPhoneSimulator16.0.sdk/usr/include/libxml2 -I/Users/oikhlas/.appium/node_modules/appium-xcuitest-driver/node_modules/appium-webdriveragent/Modules -I/Users/oikhlas/Library/Developer/Xcode/DerivedData/WebDriverAgent-bcmeffsllcldukgyoimwiehwhvyz/Build/Intermediates.noindex/WebDriverAgent.build/Debug-iphonesimulator/WebDriverAgentLib.build/DerivedSources-normal/x86_64 -I/Users/oikhlas/Library/Developer/Xcode/DerivedData/WebDriverAgent-bcmeffsllcldukgyoimwiehwhvyz/Build/Intermediates.noindex/WebDriverAgent.build/Debug-iphonesimulator/WebDriverAgentLib.build/DerivedSources/x86_64 -I/Users/oikhlas/Library/Developer/Xcode/DerivedData/WebDriverAgent-bcmeffsllcldukgyoimwiehwhvyz/Build/Intermediates.noindex/WebDriverAgent.build/Debug-iphonesimulator/WebDriverAgentLib.build/DerivedSources -Weverything -Wno-objc-missing-property-synthesis -Wno-unused-macros -Wno-disabled-macro-expansion -Wno-gnu-statement-expression -Wno-language-extension-token -Wno-overriding-method-mismatch -Wno-missing-variable-declarations -Rno-module-build -Wno-auto-import -Wno-objc-interface-ivars -Wno-documentation-unknown-command -Wno-reserved-id-macro -Wno-unused-parameter -Wno-gnu-conditional-omitted-operand -Wno-explicit-ownership-type -Wno-date-time -Wno-cast-align -Wno-cstring-format-directive -Wno-double-promotion -Wno-partial-availability -Weverything -Wno-objc-missing-property-synthesis -Wno-unused-macros -Wno-disabled-macro-expansion -Wno-gnu-statement-expression -Wno-language-extension-token -Wno-overriding-method-mismatch -Wno-missing-variable-declarations -Rno-module-build -Wno-auto-import -Wno-objc-interface-ivars -Wno-documentation-unknown-command -Wno-reserved-id-macro -Wno-unused-parameter -Wno-gnu-conditional-omitted-operand -Wno-explicit-ownership-type -Wno-date-time -Wno-cast-align -Wno-cstring-format-directive -Wno-double-promotion -Wno-partial-availability -Wno-objc-messaging-id -Wno-direct-ivar-access -Wno-cast-qual -Wno-declaration-after-statement -F/Users/oikhlas/Library/Developer/Xcode/DerivedData/WebDriverAgent-bcmeffsllcldukgyoimwiehwhvyz/Build/Products/Debug-iphonesimulator -F/Applications/Xcode.app/Contents/Developer/Platforms/iPhoneSimulator.platform/Developer/Library/Frameworks -F/Applications/Xcode.app/Contents/Developer/Platforms/iPhoneSimulator.platform/Developer/Library/PrivateFrameworks -iframework /Applications/Xcode.app/Contents/Developer/Platforms/iPhoneSimulator.platform/Developer/SDKs/iPhoneSimulator16.0.sdk/Developer/Library/Frameworks -MMD -MT dependencies -MF /Users/oikhlas/Library/Developer/Xcode/DerivedData/WebDriverAgent-bcmeffsllcldukgyoimwiehwhvyz/Build/Intermediates.noindex/WebDriverAgent.build/Debug-iphonesimulator/WebDriverAgentLib.build/StaticAnalyzer/WebDriverAgent/WebDriverAgentLib/normal/x86_64/XCUIDevice+FBHealthCheck.d --analyze /Users/oikhlas/.appium/node_modules/appium-xcuitest-driver/node_modules/appium-webdriveragent/WebDriverAgentLib/Categories/XCUIDevice+FBHealthCheck.m -o /Users/oikhlas/Library/Developer/Xcode/DerivedData/WebDriverAgent-bcmeffsllcldukgyoimwiehwhvyz/Build/Intermediates.noindex/WebDriverAgent.build/Debug-iphonesimulator/WebDriverAgentLib.build/StaticAnalyzer/WebDriverAgent/WebDriverAgentLib/normal/x86_64/XCUIDevice+FBHealthCheck.plist
&amp#27;[38;5;173m[Xcode]&amp#27;[0m 
&amp#27;[38;5;173m[Xcode]&amp#27;[0m 
&amp#27;[38;5;173m[Xcode]&amp#27;[0m Analyze /Users/oikhlas/.appium/node_modules/appium-xcuitest-driver/node_modules/appium-webdriveragent/WebDriverAgentLib/Categories/XCUIApplicationProcess+FBQuiescence.m normal x86_64 (in target 'WebDriverAgentLib' from project 'WebDriverAgent')
&amp#27;[38;5;173m[Xcode]&amp#27;[0m     cd /Users/oikhlas/.appium/node_modules/appium-xcuitest-driver/node_modules/appium-webdriveragent
&amp#27;[38;5;173m[Xcode]&amp#27;[0m     /Applications/Xcode.app/Contents/Developer/Toolchains/XcodeDefault.xctoolchain/usr/bin/clang -x objective-c -target x86_64-apple-ios16.0-simulator -fmessage-length\=0 -fdiagnostics-show-note-include-stack -fmacro-backtrace-limit\=0 -std\=gnu99 -fobjc-arc -fmodules -gmodules -fmodules-cache-path\=/Users/oikhlas/Library/Developer/Xcode/DerivedData/ModuleCache.noindex -fmodules-prune-interval\=86400 -fmodules-prune-after\=345600 -fbuild-session-file\=/Users/oikhlas/Library/Developer/Xcode/DerivedData/ModuleCache.noindex/Session.modulevalidation -fmodules-validate-once-per-build-session -Wno-trigraphs -fpascal-strings -O0 -fno-common -Wmissing-field-initializers -Wno-missing-prototypes -Werror\=return-type -Wunreachable-code -Wquoted-include-in-framework-header -Wno-implicit-atomic-properties -Werror\=deprecated-objc-isa-usage -Wno-objc-interface-ivars -Werror\=objc-root-class -Warc-repeated-use-of-weak -Wno-arc-maybe-repeated-use-of-weak -Wimplicit-retain-self -Wduplicate-method-match -Wno-missing-braces -Wparentheses -Wswitch -Wunused-function -Wno-unused-label -Wunused-parameter -Wunused-variable -Wunused-value -Wempty-body -Wuninitialized -Wconditional-uninitialized -Wno-unknown-pragmas -pedantic -Wshadow -Wno-four-char-constants -Wconversion -Wconstant-conversion -Wint-conversion -Wbool-conversion -Wenum-conversion -Wfloat-conversion -Wnon-literal-null-conversion -Wobjc-literal-conversion -Wassign-enum -Wsign-compare -Wshorten-64-to-32 -Wpointer-sign -Wno-newline-eof -Wno-selector -Wno-strict-selector-match -Wundeclared-selector -Wdeprecated-implementations -Wno-implicit-fallthrough -DDEBUG\=1 -DOBJC_OLD_DISPATCH_PROTOTYPES\=0 -isysroot /Applications/Xcode.app/Contents/Developer/Platforms/iPhoneSimulator.platform/Developer/SDKs/iPhoneSimulator16.0.sdk -fasm-blocks -fstrict-aliasing -Wprotocol -Wdeprecated-declarations -g -Wno-sign-conversion -Winfinite-recursion -Wcomma -Wblock-capture-autoreleasing -Wstrict-prototypes -Wno-semicolon-before-method-body -fobjc-abi-version\=2 -fobjc-legacy-dispatch -D__clang_analyzer__ -Xclang -analyzer-output\=plist-multi-file -Xclang -analyzer-config -Xclang path-diagnostics-alternate\=true -Xclang -analyzer-config -Xclang report-in-main-source-file\=true -Xclang -analyzer-checker -Xclang optin.osx.cocoa.localizability.NonLocalizedStringChecker -Xclang -analyzer-checker -Xclang security.insecureAPI.UncheckedReturn -Xclang -analyzer-checker -Xclang security.insecureAPI.getpw -Xclang -analyzer-checker -Xclang security.insecureAPI.gets -Xclang -analyzer-checker -Xclang security.insecureAPI.mkstemp -Xclang -analyzer-checker -Xclang security.insecureAPI.mktemp -Xclang -analyzer-disable-checker -Xclang security.insecureAPI.rand -Xclang -analyzer-disable-checker -Xclang security.insecureAPI.strcpy -Xclang -analyzer-checker -Xclang security.insecureAPI.vfork -iquote /Users/oikhlas/Library/Developer/Xcode/DerivedData/WebDriverAgent-bcmeffsllcldukgyoimwiehwhvyz/Build/Intermediates.noindex/WebDriverAgent.build/Debug-iphonesimulator/WebDriverAgentLib.build/WebDriverAgentLib-generated-files.hmap -I/Users/oikhlas/Library/Developer/Xcode/DerivedData/WebDriverAgent-bcmeffsllcldukgyoimwiehwhvyz/Build/Intermediates.noindex/WebDriverAgent.build/Debug-iphonesimulator/WebDriverAgentLib.build/WebDriverAgentLib-own-target-headers.hmap -I/Users/oikhlas/Library/Developer/Xcode/DerivedData/WebDriverAgent-bcmeffsllcldukgyoimwiehwhvyz/Build/Intermediates.noindex/WebDriverAgent.build/Debug-iphonesimulator/WebDriverAgentLib.build/WebDriverAgentLib-all-target-headers.hmap -iquote /Users/oikhlas/Library/Developer/Xcode/DerivedData/WebDriverAgent-bcmeffsllcldukgyoimwiehwhvyz/Build/Intermediates.noindex/WebDriverAgent.build/Debug-iphonesimulator/WebDriverAgentLib.build/WebDriverAgentLib-project-headers.hmap -I/Users/oikhlas/Library/Developer/Xcode/DerivedData/WebDriverAgent-bcmeffsllcldukgyoimwiehwhvyz/Build/Products/Debug-iphonesimulator/include -I/Applications/Xcode.app/Contents/Developer/Platforms/iPhoneSimulator.platform/Developer/SDKs/iPhoneSimulator16.0.sdk/usr/include/libxml2 -I/Users/oikhlas/.appium/node_modules/appium-xcuitest-driver/node_modules/appium-webdriveragent/Modules -I/Users/oikhlas/Library/Developer/Xcode/DerivedData/WebDriverAgent-bcmeffsllcldukgyoimwiehwhvyz/Build/Intermediates.noindex/WebDriverAgent.build/Debug-iphonesimulator/WebDriverAgentLib.build/DerivedSources-normal/x86_64 -I/Users/oikhlas/Library/Developer/Xcode/DerivedData/WebDriverAgent-bcmeffsllcldukgyoimwiehwhvyz/Build/Intermediates.noindex/WebDriverAgent.build/Debug-iphonesimulator/WebDriverAgentLib.build/DerivedSources/x86_64 -I/Users/oikhlas/Library/Developer/Xcode/DerivedData/WebDriverAgent-bcmeffsllcldukgyoimwiehwhvyz/Build/Intermediates.noindex/WebDriverAgent.build/Debug-iphonesimulator/WebDriverAgentLib.build/DerivedSources -Weverything -Wno-objc-missing-property-synthesis -Wno-unused-macros -Wno-disabled-macro-expansion -Wno-gnu-statement-expression -Wno-language-extension-token -Wno-overriding-method-mismatch -Wno-missing-variable-declarations -Rno-module-build -Wno-auto-import -Wno-objc-interface-ivars -Wno-documentation-unknown-command -Wno-reserved-id-macro -Wno-unused-parameter -Wno-gnu-conditional-omitted-operand -Wno-explicit-ownership-type -Wno-date-time -Wno-cast-align -Wno-cstring-format-directive -Wno-double-promotion -Wno-partial-availability -Weverything -Wno-objc-missing-property-synthesis -Wno-unused-macros -Wno-disabled-macro-expansion -Wno-gnu-statement-expression -Wno-language-extension-token -Wno-overriding-method-mismatch -Wno-missing-variable-declarations -Rno-module-build -Wno-auto-import -Wno-objc-interface-ivars -Wno-documentation-unknown-command -Wno-reserved-id-macro -Wno-unused-parameter -Wno-gnu-conditional-omitted-operand -Wno-explicit-ownership-type -Wno-date-time -Wno-cast-align -Wno-cstring-format-directive -Wno-double-promotion -Wno-partial-availability -Wno-objc-messaging-id -Wno-direct-ivar-access -Wno-cast-qual -Wno-declaration-after-statement -F/Users/oikhlas/Library/Developer/Xcode/DerivedData/WebDriverAgent-bcmeffsllcldukgyoimwiehwhvyz/Build/Products/Debug-iphonesimulator -F/Applications/Xcode.app/Contents/Developer/Platforms/iPhoneSimulator.platform/Developer/Library/Frameworks -F/Applications/Xcode.app/Contents/Developer/Platforms/iPhoneSimulator.platform/Developer/Library/PrivateFrameworks -iframework /Applications/Xcode.app/Contents/Developer/Platforms/iPhoneSimulator.platform/Developer/SDKs/iPhoneSimulator16.0.sdk/Developer/Library/Frameworks -MMD -MT dependencies -MF /Users/oikhlas/Library/Developer/Xcode/DerivedData/WebDriverAgent-bcmeffsllcldukgyoimwiehwhvyz/Build/Intermediates.noindex/WebDriverAgent.build/Debug-iphonesimulator/WebDriverAgentLib.build/StaticAnalyzer/WebDriverAgent/WebDriverAgentLib/normal/x86_64/XCUIApplicationProcess+FBQuiescence.d --analyze /Users/oikhlas/.appium/node_modules/appium-xcuitest-driver/node_modules/appium-webdriveragent/WebDriverAgentLib/Categories/XCUIApplicationProcess+FBQuiescence.m -o /Users/oikhlas/Library/Developer/Xcode/DerivedData/WebDriverAgent-bcmeffsllcldukgyoimwiehwhvyz/Build/Intermediates.noindex/WebDriverAgent.build/Debug-iphonesimulator/WebDriverAgentLib.build/StaticAnalyzer/WebDriverAgent/WebDriverAgentLib/normal/x86_64/XCUIApplicationProcess+FBQuiescence.plist
&amp#27;[38;5;173m[Xcode]&amp#27;[0m 
&amp#27;[38;5;173m[Xcode]&amp#27;[0m 
&amp#27;[38;5;173m[Xcode]&amp#27;[0m Analyze /Users/oikhlas/.appium/node_modules/appium-xcuitest-driver/node_modules/appium-webdriveragent/WebDriverAgentLib/Categories/XCUIApplication+FBUIInterruptions.m normal x86_64 (in target 'WebDriverAgentLib' from project 'WebDriverAgent')
&amp#27;[38;5;173m[Xcode]&amp#27;[0m     cd /Users/oikhlas/.appium/node_modules/appium-xcuitest-driver/node_modules/appium-webdriveragent
&amp#27;[38;5;173m[Xcode]&amp#27;[0m     /Applications/Xcode.app/Contents/Developer/Toolchains/XcodeDefault.xctoolchain/usr/bin/clang -x objective-c -target x86_64-apple-ios16.0-simulator -fmessage-length\=0 -fdiagnostics-show-note-include-stack -fmacro-backtrace-limit\=0 -std\=gnu99 -fobjc-arc -fmodules -gmodules -fmodules-cache-path\=/Users/oikhlas/Library/Developer/Xcode/DerivedData/ModuleCache.noindex -fmodules-prune-interval\=86400 -fmodules-prune-after\=345600 -fbuild-session-file\=/Users/oikhlas/Library/Developer/Xcode/DerivedData/ModuleCache.noindex/Session.modulevalidation -fmodules-validate-once-per-build-session -Wno-trigraphs -fpascal-strings -O0 -fno-common -Wmissing-field-initializers -Wno-missing-prototypes -Werror\=return-type -Wunreachable-code -Wquoted-include-in-framework-header -Wno-implicit-atomic-properties -Werror\=deprecated-objc-isa-usage -Wno-objc-interface-ivars -Werror\=objc-root-class -Warc-repeated-use-of-weak -Wno-arc-maybe-repeated-use-of-weak -Wimplicit-retain-self -Wduplicate-method-match -Wno-missing-braces -Wparentheses -Wswitch -Wunused-function -Wno-unused-label -Wunused-parameter -Wunused-variable -Wunused-value -Wempty-body -Wuninitialized -Wconditional-uninitialized -Wno-unknown-pragmas -pedantic -Wshadow -Wno-four-char-constants -Wconversion -Wconstant-conversion -Wint-conversion -Wbool-conversion -Wenum-conversion -Wfloat-conversion -Wnon-literal-null-conversion -Wobjc-literal-conversion -Wassign-enum -Wsign-compare -Wshorten-64-to-32 -Wpointer-sign -Wno-newline-eof -Wno-selector -Wno-strict-selector-match -Wundeclared-selector -Wdeprecated-implementations -Wno-implicit-fallthrough -DDEBUG\=1 -DOBJC_OLD_DISPATCH_PROTOTYPES\=0 -isysroot /Applications/Xcode.app/Contents/Developer/Platforms/iPhoneSimulator.platform/Developer/SDKs/iPhoneSimulator16.0.sdk -fasm-blocks -fstrict-aliasing -Wprotocol -Wdeprecated-declarations -g -Wno-sign-conversion -Winfinite-recursion -Wcomma -Wblock-capture-autoreleasing -Wstrict-prototypes -Wno-semicolon-before-method-body -fobjc-abi-version\=2 -fobjc-legacy-dispatch -D__clang_analyzer__ -Xclang -analyzer-output\=plist-multi-file -Xclang -analyzer-config -Xclang path-diagnostics-alternate\=true -Xclang -analyzer-config -Xclang report-in-main-source-file\=true -Xclang -analyzer-checker -Xclang optin.osx.cocoa.localizability.NonLocalizedStringChecker -Xclang -analyzer-checker -Xclang security.insecureAPI.UncheckedReturn -Xclang -analyzer-checker -Xclang security.insecureAPI.getpw -Xclang -analyzer-checker -Xclang security.insecureAPI.gets -Xclang -analyzer-checker -Xclang security.insecureAPI.mkstemp -Xclang -analyzer-checker -Xclang security.insecureAPI.mktemp -Xclang -analyzer-disable-checker -Xclang security.insecureAPI.rand -Xclang -analyzer-disable-checker -Xclang security.insecureAPI.strcpy -Xclang -analyzer-checker -Xclang security.insecureAPI.vfork -iquote /Users/oikhlas/Library/Developer/Xcode/DerivedData/WebDriverAgent-bcmeffsllcldukgyoimwiehwhvyz/Build/Intermediates.noindex/WebDriverAgent.build/Debug-iphonesimulator/WebDriverAgentLib.build/WebDriverAgentLib-generated-files.hmap -I/Users/oikhlas/Library/Developer/Xcode/DerivedData/WebDriverAgent-bcmeffsllcldukgyoimwiehwhvyz/Build/Intermediates.noindex/WebDriverAgent.build/Debug-iphonesimulator/WebDriverAgentLib.build/WebDriverAgentLib-own-target-headers.hmap -I/Users/oikhlas/Library/Developer/Xcode/DerivedData/WebDriverAgent-bcmeffsllcldukgyoimwiehwhvyz/Build/Intermediates.noindex/WebDriverAgent.build/Debug-iphonesimulator/WebDriverAgentLib.build/WebDriverAgentLib-all-target-headers.hmap -iquote /Users/oikhlas/Library/Developer/Xcode/DerivedData/WebDriverAgent-bcmeffsllcldukgyoimwiehwhvyz/Build/Intermediates.noindex/WebDriverAgent.build/Debug-iphonesimulator/WebDriverAgentLib.build/WebDriverAgentLib-project-headers.hmap -I/Users/oikhlas/Library/Developer/Xcode/DerivedData/WebDriverAgent-bcmeffsllcldukgyoimwiehwhvyz/Build/Products/Debug-iphonesimulator/include -I/Applications/Xcode.app/Contents/Developer/Platforms/iPhoneSimulator.platform/Developer/SDKs/iPhoneSimulator16.0.sdk/usr/include/libxml2 -I/Users/oikhlas/.appium/node_modules/appium-xcuitest-driver/node_modules/appium-webdriveragent/Modules -I/Users/oikhlas/Library/Developer/Xcode/DerivedData/WebDriverAgent-bcmeffsllcldukgyoimwiehwhvyz/Build/Intermediates.noindex/WebDriverAgent.build/Debug-iphonesimulator/WebDriverAgentLib.build/DerivedSources-normal/x86_64 -I/Users/oikhlas/Library/Developer/Xcode/DerivedData/WebDriverAgent-bcmeffsllcldukgyoimwiehwhvyz/Build/Intermediates.noindex/WebDriverAgent.build/Debug-iphonesimulator/WebDriverAgentLib.build/DerivedSources/x86_64 -I/Users/oikhlas/Library/Developer/Xcode/DerivedData/WebDriverAgent-bcmeffsllcldukgyoimwiehwhvyz/Build/Intermediates.noindex/WebDriverAgent.build/Debug-iphonesimulator/WebDriverAgentLib.build/DerivedSources -Weverything -Wno-objc-missing-property-synthesis -Wno-unused-macros -Wno-disabled-macro-expansion -Wno-gnu-statement-expression -Wno-language-extension-token -Wno-overriding-method-mismatch -Wno-missing-variable-declarations -Rno-module-build -Wno-auto-import -Wno-objc-interface-ivars -Wno-documentation-unknown-command -Wno-reserved-id-macro -Wno-unused-parameter -Wno-gnu-conditional-omitted-operand -Wno-explicit-ownership-type -Wno-date-time -Wno-cast-align -Wno-cstring-format-directive -Wno-double-promotion -Wno-partial-availability -Weverything -Wno-objc-missing-property-synthesis -Wno-unused-macros -Wno-disabled-macro-expansion -Wno-gnu-statement-expression -Wno-language-extension-token -Wno-overriding-method-mismatch -Wno-missing-variable-declarations -Rno-module-build -Wno-auto-import -Wno-objc-interface-ivars -Wno-documentation-unknown-command -Wno-reserved-id-macro -Wno-unused-parameter -Wno-gnu-conditional-omitted-operand -Wno-explicit-ownership-type -Wno-date-time -Wno-cast-align -Wno-cstring-format-directive -Wno-double-promotion -Wno-partial-availability -Wno-objc-messaging-id -Wno-direct-ivar-access -Wno-cast-qual -Wno-declaration-after-statement -F/Users/oikhlas/Library/Developer/Xcode/DerivedData/WebDriverAgent-bcmeffsllcldukgyoimwiehwhvyz/Build/Products/Debug-iphonesimulator -F/Applications/Xcode.app/Contents/Developer/Platforms/iPhoneSimulator.platform/Developer/Library/Frameworks -F/Applications/Xcode.app/Contents/Developer/Platforms/iPhoneSimulator.platform/Developer/Library/PrivateFrameworks -iframework /Applications/Xcode.app/Contents/Developer/Platforms/iPhoneSimulator.platform/Developer/SDKs/iPhoneSimulator16.0.sdk/Developer/Library/Frameworks -MMD -MT dependencies -MF /Users/oikhlas/Library/Developer/Xcode/DerivedData/WebDriverAgent-bcmeffsllcldukgyoimwiehwhvyz/Build/Intermediates.noindex/WebDriverAgent.build/Debug-iphonesimulator/WebDriverAgentLib.build/StaticAnalyzer/WebDriverAgent/WebDriverAgentLib/normal/x86_64/XCUIApplication+FBUIInterruptions.d --analyze /Users/oikhlas/.appium/node_modules/appium-xcuitest-driver/node_modules/appium-webdriveragent/WebDriverAgentLib/Categories/XCUIApplication+FBUIInterruptions.m -o /Users/oikhlas/Library/Developer/Xcode/DerivedData/WebDriverAgent-bcmeffsllcldukgyoimwiehwhvyz/Build/Intermediates.noindex/WebDriverAgent.build/Debug-iphonesimulator/WebDriverAgentLib.build/StaticAnalyzer/WebDriverAgent/WebDriverAgentLib/normal/x86_64/XCUIApplication+FBUIInterruptions.plist
&amp#27;[38;5;173m[Xcode]&amp#27;[0m 
&amp#27;[38;5;173m[Xcode]&amp#27;[0m 
&amp#27;[38;5;173m[Xcode]&amp#27;[0m Analyze /Users/oikhlas/.appium/node_modules/appium-xcuitest-driver/node_modules/appium-webdriveragent/WebDriverAgentLib/Categories/NSString+FBVisualLength.m normal x86_64 (in target 'WebDriverAgentLib' from project 'WebDriverAgent')
&amp#27;[38;5;173m[Xcode]&amp#27;[0m     cd /Users/oikhlas/.appium/node_modules/appium-xcuitest-driver/node_modules/appium-webdriveragent
&amp#27;[38;5;173m[Xcode]&amp#27;[0m     /Applications/Xcode.app/Contents/Developer/Toolchains/XcodeDefault.xctoolchain/usr/bin/clang -x objective-c -target x86_64-apple-ios16.0-simulator -fmessage-length\=0 -fdiagnostics-show-note-include-stack -fmacro-backtrace-limit\=0 -std\=gnu99 -fobjc-arc -fmodules -gmodules -fmodules-cache-path\=/Users/oikhlas/Library/Developer/Xcode/DerivedData/ModuleCache.noindex -fmodules-prune-interval\=86400 -fmodules-prune-after\=345600 -fbuild-session-file\=/Users/oikhlas/Library/Developer/Xcode/DerivedData/ModuleCache.noindex/Session.modulevalidation -fmodules-validate-once-per-build-session -Wno-trigraphs -fpascal-strings -O0 -fno-common -Wmissing-field-initializers -Wno-missing-prototypes -Werror\=return-type -Wunreachable-code -Wquoted-include-in-framework-header -Wno-implicit-atomic-properties -Werror\=deprecated-objc-isa-usage -Wno-objc-interface-ivars -Werror\=objc-root-class -Warc-repeated-use-of-weak -Wno-arc-maybe-repeated-use-of-weak -Wimplicit-retain-self -Wduplicate-method-match -Wno-missing-braces -Wparentheses -Wswitch -Wunused-function -Wno-unused-label -Wunused-parameter -Wunused-variable -Wunused-value -Wempty-body -Wuninitialized -Wconditional-uninitialized -Wno-unknown-pragmas -pedantic -Wshadow -Wno-four-char-constants -Wconversion -Wconstant-conversion -Wint-conversion -Wbool-conversion -Wenum-conversion -Wfloat-conversion -Wnon-literal-null-conversion -Wobjc-literal-conversion -Wassign-enum -Wsign-compare -Wshorten-64-to-32 -Wpointer-sign -Wno-newline-eof -Wno-selector -Wno-strict-selector-match -Wundeclared-selector -Wdeprecated-implementations -Wno-implicit-fallthrough -DDEBUG\=1 -DOBJC_OLD_DISPATCH_PROTOTYPES\=0 -isysroot /Applications/Xcode.app/Contents/Developer/Platforms/iPhoneSimulator.platform/Developer/SDKs/iPhoneSimulator16.0.sdk -fasm-blocks -fstrict-aliasing -Wprotocol -Wdeprecated-declarations -g -Wno-sign-conversion -Winfinite-recursion -Wcomma -Wblock-capture-autoreleasing -Wstrict-prototypes -Wno-semicolon-before-method-body -fobjc-abi-version\=2 -fobjc-legacy-dispatch -D__clang_analyzer__ -Xclang -analyzer-output\=plist-multi-file -Xclang -analyzer-config -Xclang path-diagnostics-alternate\=true -Xclang -analyzer-config -Xclang report-in-main-source-file\=true -Xclang -analyzer-checker -Xclang optin.osx.cocoa.localizability.NonLocalizedStringChecker -Xclang -analyzer-checker -Xclang security.insecureAPI.UncheckedReturn -Xclang -analyzer-checker -Xclang security.insecureAPI.getpw -Xclang -analyzer-checker -Xclang security.insecureAPI.gets -Xclang -analyzer-checker -Xclang security.insecureAPI.mkstemp -Xclang -analyzer-checker -Xclang security.insecureAPI.mktemp -Xclang -analyzer-disable-checker -Xclang security.insecureAPI.rand -Xclang -analyzer-disable-checker -Xclang security.insecureAPI.strcpy -Xclang -analyzer-checker -Xclang security.insecureAPI.vfork -iquote /Users/oikhlas/Library/Developer/Xcode/DerivedData/WebDriverAgent-bcmeffsllcldukgyoimwiehwhvyz/Build/Intermediates.noindex/WebDriverAgent.build/Debug-iphonesimulator/WebDriverAgentLib.build/WebDriverAgentLib-generated-files.hmap -I/Users/oikhlas/Library/Developer/Xcode/DerivedData/WebDriverAgent-bcmeffsllcldukgyoimwiehwhvyz/Build/Intermediates.noindex/WebDriverAgent.build/Debug-iphonesimulator/WebDriverAgentLib.build/WebDriverAgentLib-own-target-headers.hmap -I/Users/oikhlas/Library/Developer/Xcode/DerivedData/WebDriverAgent-bcmeffsllcldukgyoimwiehwhvyz/Build/Intermediates.noindex/WebDriverAgent.build/Debug-iphonesimulator/WebDriverAgentLib.build/WebDriverAgentLib-all-target-headers.hmap -iquote /Users/oikhlas/Library/Developer/Xcode/DerivedData/WebDriverAgent-bcmeffsllcldukgyoimwiehwhvyz/Build/Intermediates.noindex/WebDriverAgent.build/Debug-iphonesimulator/WebDriverAgentLib.build/WebDriverAgentLib-project-headers.hmap -I/Users/oikhlas/Library/Developer/Xcode/DerivedData/WebDriverAgent-bcmeffsllcldukgyoimwiehwhvyz/Build/Products/Debug-iphonesimulator/include -I/Applications/Xcode.app/Contents/Developer/Platforms/iPhoneSimulator.platform/Developer/SDKs/iPhoneSimulator16.0.sdk/usr/include/libxml2 -I/Users/oikhlas/.appium/node_modules/appium-xcuitest-driver/node_modules/appium-webdriveragent/Modules -I/Users/oikhlas/Library/Developer/Xcode/DerivedData/WebDriverAgent-bcmeffsllcldukgyoimwiehwhvyz/Build/Intermediates.noindex/WebDriverAgent.build/Debug-iphonesimulator/WebDriverAgentLib.build/DerivedSources-normal/x86_64 -I/Users/oikhlas/Library/Developer/Xcode/DerivedData/WebDriverAgent-bcmeffsllcldukgyoimwiehwhvyz/Build/Intermediates.noindex/WebDriverAgent.build/Debug-iphonesimulator/WebDriverAgentLib.build/DerivedSources/x86_64 -I/Users/oikhlas/Library/Developer/Xcode/DerivedData/WebDriverAgent-bcmeffsllcldukgyoimwiehwhvyz/Build/Intermediates.noindex/WebDriverAgent.build/Debug-iphonesimulator/WebDriverAgentLib.build/DerivedSources -Weverything -Wno-objc-missing-property-synthesis -Wno-unused-macros -Wno-disabled-macro-expansion -Wno-gnu-statement-expression -Wno-language-extension-token -Wno-overriding-method-mismatch -Wno-missing-variable-declarations -Rno-module-build -Wno-auto-import -Wno-objc-interface-ivars -Wno-documentation-unknown-command -Wno-reserved-id-macro -Wno-unused-parameter -Wno-gnu-conditional-omitted-operand -Wno-explicit-ownership-type -Wno-date-time -Wno-cast-align -Wno-cstring-format-directive -Wno-double-promotion -Wno-partial-availability -Weverything -Wno-objc-missing-property-synthesis -Wno-unused-macros -Wno-disabled-macro-expansion -Wno-gnu-statement-expression -Wno-language-extension-token -Wno-overriding-method-mismatch -Wno-missing-variable-declarations -Rno-module-build -Wno-auto-import -Wno-objc-interface-ivars -Wno-documentation-unknown-command -Wno-reserved-id-macro -Wno-unused-parameter -Wno-gnu-conditional-omitted-operand -Wno-explicit-ownership-type -Wno-date-time -Wno-cast-align -Wno-cstring-format-directive -Wno-double-promotion -Wno-partial-availability -Wno-objc-messaging-id -Wno-direct-ivar-access -Wno-cast-qual -Wno-declaration-after-statement -F/Users/oikhlas/Library/Developer/Xcode/DerivedData/WebDriverAgent-bcmeffsllcldukgyoimwiehwhvyz/Build/Products/Debug-iphonesimulator -F/Applications/Xcode.app/Contents/Developer/Platforms/iPhoneSimulator.platform/Developer/Library/Frameworks -F/Applications/Xcode.app/Contents/Developer/Platforms/iPhoneSimulator.platform/Developer/Library/PrivateFrameworks -iframework /Applications/Xcode.app/Contents/Developer/Platforms/iPhoneSimulator.platform/Developer/SDKs/iPhoneSimulator16.0.sdk/Developer/Library/Frameworks -MMD -MT dependencies -MF /Users/oikhlas/Library/Developer/Xcode/DerivedData/WebDriverAgent-bcmeffsllcldukgyoimwiehwhvyz/Build/Intermediates.noindex/WebDriverAgent.build/Debug-iphonesimulator/WebDriverAgentLib.build/StaticAnalyzer/WebDriverAgent/WebDriverAgentLib/normal/x86_64/NSString+FBVisualLength.d --analyze /Users/oikhlas/.appium/node_modules/appium-xcuitest-driver/node_modules/appium-webdriveragent/WebDriverAgentLib/Categories/NSString+FBVisualLength.m -o /Users/oikhlas/Library/Developer/Xcode/DerivedData/WebDriverAgent-bcmeffsllcldukgyoimwiehwhvyz/Build/Intermediates.noindex/WebDriverAgent.build/Debug-iphonesimulator/WebDriverAgentLib.build/StaticAnalyzer/WebDriverAgent/WebDriverAgentLib/normal/x86_64/NSString+FBVisualLength.plist
&amp#27;[38;5;173m[Xcode]&amp#27;[0m 
&amp#27;[38;5;173m[Xcode]&amp#27;[0m 
&amp#27;[38;5;173m[Xcode]&amp#27;[0m Analyze /Users/oikhlas/.appium/node_modules/appium-xcuitest-driver/node_modules/appium-webdriveragent/WebDriverAgentLib/Categories/NSExpression+FBFormat.m normal x86_64 (in target 'WebDriverAgentLib' from project 'WebDriverAgent')
&amp#27;[38;5;173m[Xcode]&amp#27;[0m     cd /Users/oikhlas/.appium/node_modules/appium-xcuitest-driver/node_modules/appium-webdriveragent
&amp#27;[38;5;173m[Xcode]&amp#27;[0m     /Applications/Xcode.app/Contents/Developer/Toolchains/XcodeDefault.xctoolchain/usr/bin/clang -x objective-c -target x86_64-apple-ios16.0-simulator -fmessage-length\=0 -fdiagnostics-show-note-include-stack -fmacro-backtrace-limit\=0 -std\=gnu99 -fobjc-arc -fmodules -gmodules -fmodules-cache-path\=/Users/oikhlas/Library/Developer/Xcode/DerivedData/ModuleCache.noindex -fmodules-prune-interval\=86400 -fmodules-prune-after\=345600 -fbuild-session-file\=/Users/oikhlas/Library/Developer/Xcode/DerivedData/ModuleCache.noindex/Session.modulevalidation -fmodules-validate-once-per-build-session -Wno-trigraphs -fpascal-strings -O0 -fno-common -Wmissing-field-initializers -Wno-missing-prototypes -Werror\=return-type -Wunreachable-code -Wquoted-include-in-framework-header -Wno-implicit-atomic-properties -Werror\=deprecated-objc-isa-usage -Wno-objc-interface-ivars -Werror\=objc-root-class -Warc-repeated-use-of-weak -Wno-arc-maybe-repeated-use-of-weak -Wimplicit-retain-self -Wduplicate-method-match -Wno-missing-braces -Wparentheses -Wswitch -Wunused-function -Wno-unused-label -Wunused-parameter -Wunused-variable -Wunused-value -Wempty-body -Wuninitialized -Wconditional-uninitialized -Wno-unknown-pragmas -pedantic -Wshadow -Wno-four-char-constants -Wconversion -Wconstant-conversion -Wint-conversion -Wbool-conversion -Wenum-conversion -Wfloat-conversion -Wnon-literal-null-conversion -Wobjc-literal-conversion -Wassign-enum -Wsign-compare -Wshorten-64-to-32 -Wpointer-sign -Wno-newline-eof -Wno-selector -Wno-strict-selector-match -Wundeclared-selector -Wdeprecated-implementations -Wno-implicit-fallthrough -DDEBUG\=1 -DOBJC_OLD_DISPATCH_PROTOTYPES\=0 -isysroot /Applications/Xcode.app/Contents/Developer/Platforms/iPhoneSimulator.platform/Developer/SDKs/iPhoneSimulator16.0.sdk -fasm-blocks -fstrict-aliasing -Wprotocol -Wdeprecated-declarations -g -Wno-sign-conversion -Winfinite-recursion -Wcomma -Wblock-capture-autoreleasing -Wstrict-prototypes -Wno-semicolon-before-method-body -fobjc-abi-version\=2 -fobjc-legacy-dispatch -D__clang_analyzer__ -Xclang -analyzer-output\=plist-multi-file -Xclang -analyzer-config -Xclang path-diagnostics-alternate\=true -Xclang -analyzer-config -Xclang report-in-main-source-file\=true -Xclang -analyzer-checker -Xclang optin.osx.cocoa.localizability.NonLocalizedStringChecker -Xclang -analyzer-checker -Xclang security.insecureAPI.UncheckedReturn -Xclang -analyzer-checker -Xclang security.insecureAPI.getpw -Xclang -analyzer-checker -Xclang security.insecureAPI.gets -Xclang -analyzer-checker -Xclang security.insecureAPI.mkstemp -Xclang -analyzer-checker -Xclang security.insecureAPI.mktemp -Xclang -analyzer-disable-checker -Xclang security.insecureAPI.rand -Xclang -analyzer-disable-checker -Xclang security.insecureAPI.strcpy -Xclang -analyzer-checker -Xclang security.insecureAPI.vfork -iquote /Users/oikhlas/Library/Developer/Xcode/DerivedData/WebDriverAgent-bcmeffsllcldukgyoimwiehwhvyz/Build/Intermediates.noindex/WebDriverAgent.build/Debug-iphonesimulator/WebDriverAgentLib.build/WebDriverAgentLib-generated-files.hmap -I/Users/oikhlas/Library/Developer/Xcode/DerivedData/WebDriverAgent-bcmeffsllcldukgyoimwiehwhvyz/Build/Intermediates.noindex/WebDriverAgent.build/Debug-iphonesimulator/WebDriverAgentLib.build/WebDriverAgentLib-own-target-headers.hmap -I/Users/oikhlas/Library/Developer/Xcode/DerivedData/WebDriverAgent-bcmeffsllcldukgyoimwiehwhvyz/Build/Intermediates.noindex/WebDriverAgent.build/Debug-iphonesimulator/WebDriverAgentLib.build/WebDriverAgentLib-all-target-headers.hmap -iquote /Users/oikhlas/Library/Developer/Xcode/DerivedData/WebDriverAgent-bcmeffsllcldukgyoimwiehwhvyz/Build/Intermediates.noindex/WebDriverAgent.build/Debug-iphonesimulator/WebDriverAgentLib.build/WebDriverAgentLib-project-headers.hmap -I/Users/oikhlas/Library/Developer/Xcode/DerivedData/WebDriverAgent-bcmeffsllcldukgyoimwiehwhvyz/Build/Products/Debug-iphonesimulator/include -I/Applications/Xcode.app/Contents/Developer/Platforms/iPhoneSimulator.platform/Developer/SDKs/iPhoneSimulator16.0.sdk/usr/include/libxml2 -I/Users/oikhlas/.appium/node_modules/appium-xcuitest-driver/node_modules/appium-webdriveragent/Modules -I/Users/oikhlas/Library/Developer/Xcode/DerivedData/WebDriverAgent-bcmeffsllcldukgyoimwiehwhvyz/Build/Intermediates.noindex/WebDriverAgent.build/Debug-iphonesimulator/WebDriverAgentLib.build/DerivedSources-normal/x86_64 -I/Users/oikhlas/Library/Developer/Xcode/DerivedData/WebDriverAgent-bcmeffsllcldukgyoimwiehwhvyz/Build/Intermediates.noindex/WebDriverAgent.build/Debug-iphonesimulator/WebDriverAgentLib.build/DerivedSources/x86_64 -I/Users/oikhlas/Library/Developer/Xcode/DerivedData/WebDriverAgent-bcmeffsllcldukgyoimwiehwhvyz/Build/Intermediates.noindex/WebDriverAgent.build/Debug-iphonesimulator/WebDriverAgentLib.build/DerivedSources -Weverything -Wno-objc-missing-property-synthesis -Wno-unused-macros -Wno-disabled-macro-expansion -Wno-gnu-statement-expression -Wno-language-extension-token -Wno-overriding-method-mismatch -Wno-missing-variable-declarations -Rno-module-build -Wno-auto-import -Wno-objc-interface-ivars -Wno-documentation-unknown-command -Wno-reserved-id-macro -Wno-unused-parameter -Wno-gnu-conditional-omitted-operand -Wno-explicit-ownership-type -Wno-date-time -Wno-cast-align -Wno-cstring-format-directive -Wno-double-promotion -Wno-partial-availability -Weverything -Wno-objc-missing-property-synthesis -Wno-unused-macros -Wno-disabled-macro-expansion -Wno-gnu-statement-expression -Wno-language-extension-token -Wno-overriding-method-mismatch -Wno-missing-variable-declarations -Rno-module-build -Wno-auto-import -Wno-objc-interface-ivars -Wno-documentation-unknown-command -Wno-reserved-id-macro -Wno-unused-parameter -Wno-gnu-conditional-omitted-operand -Wno-explicit-ownership-type -Wno-date-time -Wno-cast-align -Wno-cstring-format-directive -Wno-double-promotion -Wno-partial-availability -Wno-objc-messaging-id -Wno-direct-ivar-access -Wno-cast-qual -Wno-declaration-after-statement -F/Users/oikhlas/Library/Developer/Xcode/DerivedData/WebDriverAgent-bcmeffsllcldukgyoimwiehwhvyz/Build/Products/Debug-iphonesimulator -F/Applications/Xcode.app/Contents/Developer/Platforms/iPhoneSimulator.platform/Developer/Library/Frameworks -F/Applications/Xcode.app/Contents/Developer/Platforms/iPhoneSimulator.platform/Developer/Library/PrivateFrameworks -iframework /Applications/Xcode.app/Contents/Developer/Platforms/iPhoneSimulator.platform/Developer/SDKs/iPhoneSimulator16.0.sdk/Developer/Library/Frameworks -MMD -MT dependencies -MF /Users/oikhlas/Library/Developer/Xcode/DerivedData/WebDriverAgent-bcmeffsllcldukgyoimwiehwhvyz/Build/Intermediates.noindex/WebDriverAgent.build/Debug-iphonesimulator/WebDriverAgentLib.build/StaticAnalyzer/WebDriverAgent/WebDriverAgentLib/normal/x86_64/NSExpression+FBFormat.d --analyze /Users/oikhlas/.appium/node_modules/appium-xcuitest-driver/node_modules/appium-webdriveragent/WebDriverAgentLib/Categories/NSExpression+FBFormat.m -o /Users/oikhlas/Library/Developer/Xcode/DerivedData/WebDriverAgent-bcmeffsllcldukgyoimwiehwhvyz/Build/Intermediates.noindex/WebDriverAgent.build/Debug-iphonesimulator/WebDriverAgentLib.build/StaticAnalyzer/WebDriverAgent/WebDriverAgentLib/normal/x86_64/NSExpression+FBFormat.plist
&amp#27;[38;5;173m[Xcode]&amp#27;[0m 
&amp#27;[38;5;173m[Xcode]&amp#27;[0m 
&amp#27;[38;5;173m[Xcode]&amp#27;[0m Analyze /Users/oikhlas/.appium/node_modules/appium-xcuitest-driver/node_modules/appium-webdriveragent/WebDriverAgentLib/Categories/NSDictionary+FBUtf8SafeDictionary.m normal x86_64 (in target 'WebDriverAgentLib' from project 'WebDriverAgent')
&amp#27;[38;5;173m[Xcode]&amp#27;[0m     cd /Users/oikhlas/.appium/node_modules/appium-xcuitest-driver/node_modules/appium-webdriveragent
&amp#27;[38;5;173m[Xcode]&amp#27;[0m     /Applications/Xcode.app/Contents/Developer/Toolchains/XcodeDefault.xctoolchain/usr/bin/clang -x objective-c -target x86_64-apple-ios16.0-simulator -fmessage-length\=0 -fdiagnostics-show-note-include-stack -fmacro-backtrace-limit\=0 -std\=gnu99 -fobjc-arc -fmodules -gmodules -fmodules-cache-path\=/Users/oikhlas/Library/Developer/Xcode/DerivedData/ModuleCache.noindex -fmodules-prune-interval\=86400 -fmodules-prune-after\=345600 -fbuild-session-file\=/Users/oikhlas/Library/Developer/Xcode/DerivedData/ModuleCache.noindex/Session.modulevalidation -fmodules-validate-once-per-build-session -Wno-trigraphs -fpascal-strings -O0 -fno-common -Wmissing-field-initializers -Wno-missing-prototypes -Werror\=return-type -Wunreachable-code -Wquoted-include-in-framework-header -Wno-implicit-atomic-properties -Werror\=deprecated-objc-isa-usage -Wno-objc-interface-ivars -Werror\=objc-root-class -Warc-repeated-use-of-weak -Wno-arc-maybe-repeated-use-of-weak -Wimplicit-retain-self -Wduplicate-method-match -Wno-missing-braces -Wparentheses -Wswitch -Wunused-function -Wno-unused-label -Wunused-parameter -Wunused-variable -Wunused-value -Wempty-body -Wuninitialized -Wconditional-uninitialized -Wno-unknown-pragmas -pedantic -Wshadow -Wno-four-char-constants -Wconversion -Wconstant-conversion -Wint-conversion -Wbool-conversion -Wenum-conversion -Wfloat-conversion -Wnon-literal-null-conversion -Wobjc-literal-conversion -Wassign-enum -Wsign-compare -Wshorten-64-to-32 -Wpointer-sign -Wno-newline-eof -Wno-selector -Wno-strict-selector-match -Wundeclared-selector -Wdeprecated-implementations -Wno-implicit-fallthrough -DDEBUG\=1 -DOBJC_OLD_DISPATCH_PROTOTYPES\=0 -isysroot /Applications/Xcode.app/Contents/Developer/Platforms/iPhoneSimulator.platform/Developer/SDKs/iPhoneSimulator16.0.sdk -fasm-blocks -fstrict-aliasing -Wprotocol -Wdeprecated-declarations -g -Wno-sign-conversion -Winfinite-recursion -Wcomma -Wblock-capture-autoreleasing -Wstrict-prototypes -Wno-semicolon-before-method-body -fobjc-abi-version\=2 -fobjc-legacy-dispatch -D__clang_analyzer__ -Xclang -analyzer-output\=plist-multi-file -Xclang -analyzer-config -Xclang path-diagnostics-alternate\=true -Xclang -analyzer-config -Xclang report-in-main-source-file\=true -Xclang -analyzer-checker -Xclang optin.osx.cocoa.localizability.NonLocalizedStringChecker -Xclang -analyzer-checker -Xclang security.insecureAPI.UncheckedReturn -Xclang -analyzer-checker -Xclang security.insecureAPI.getpw -Xclang -analyzer-checker -Xclang security.insecureAPI.gets -Xclang -analyzer-checker -Xclang security.insecureAPI.mkstemp -Xclang -analyzer-checker -Xclang security.insecureAPI.mktemp -Xclang -analyzer-disable-checker -Xclang security.insecureAPI.rand -Xclang -analyzer-disable-checker -Xclang security.insecureAPI.strcpy -Xclang -analyzer-checker -Xclang security.insecureAPI.vfork -iquote /Users/oikhlas/Library/Developer/Xcode/DerivedData/WebDriverAgent-bcmeffsllcldukgyoimwiehwhvyz/Build/Intermediates.noindex/WebDriverAgent.build/Debug-iphonesimulator/WebDriverAgentLib.build/WebDriverAgentLib-generated-files.hmap -I/Users/oikhlas/Library/Developer/Xcode/DerivedData/WebDriverAgent-bcmeffsllcldukgyoimwiehwhvyz/Build/Intermediates.noindex/WebDriverAgent.build/Debug-iphonesimulator/WebDriverAgentLib.build/WebDriverAgentLib-own-target-headers.hmap -I/Users/oikhlas/Library/Developer/Xcode/DerivedData/WebDriverAgent-bcmeffsllcldukgyoimwiehwhvyz/Build/Intermediates.noindex/WebDriverAgent.build/Debug-iphonesimulator/WebDriverAgentLib.build/WebDriverAgentLib-all-target-headers.hmap -iquote /Users/oikhlas/Library/Developer/Xcode/DerivedData/WebDriverAgent-bcmeffsllcldukgyoimwiehwhvyz/Build/Intermediates.noindex/WebDriverAgent.build/Debug-iphonesimulator/WebDriverAgentLib.build/WebDriverAgentLib-project-headers.hmap -I/Users/oikhlas/Library/Developer/Xcode/DerivedData/WebDriverAgent-bcmeffsllcldukgyoimwiehwhvyz/Build/Products/Debug-iphonesimulator/include -I/Applications/Xcode.app/Contents/Developer/Platforms/iPhoneSimulator.platform/Developer/SDKs/iPhoneSimulator16.0.sdk/usr/include/libxml2 -I/Users/oikhlas/.appium/node_modules/appium-xcuitest-driver/node_modules/appium-webdriveragent/Modules -I/Users/oikhlas/Library/Developer/Xcode/DerivedData/WebDriverAgent-bcmeffsllcldukgyoimwiehwhvyz/Build/Intermediates.noindex/WebDriverAgent.build/Debug-iphonesimulator/WebDriverAgentLib.build/DerivedSources-normal/x86_64 -I/Users/oikhlas/Library/Developer/Xcode/DerivedData/WebDriverAgent-bcmeffsllcldukgyoimwiehwhvyz/Build/Intermediates.noindex/WebDriverAgent.build/Debug-iphonesimulator/WebDriverAgentLib.build/DerivedSources/x86_64 -I/Users/oikhlas/Library/Developer/Xcode/DerivedData/WebDriverAgent-bcmeffsllcldukgyoimwiehwhvyz/Build/Intermediates.noindex/WebDriverAgent.build/Debug-iphonesimulator/WebDriverAgentLib.build/DerivedSources -Weverything -Wno-objc-missing-property-synthesis -Wno-unused-macros -Wno-disabled-macro-expansion -Wno-gnu-statement-expression -Wno-language-extension-token -Wno-overriding-method-mismatch -Wno-missing-variable-declarations -Rno-module-build -Wno-auto-import -Wno-objc-interface-ivars -Wno-documentation-unknown-command -Wno-reserved-id-macro -Wno-unused-parameter -Wno-gnu-conditional-omitted-operand -Wno-explicit-ownership-type -Wno-date-time -Wno-cast-align -Wno-cstring-format-directive -Wno-double-promotion -Wno-partial-availability -Weverything -Wno-objc-missing-property-synthesis -Wno-unused-macros -Wno-disabled-macro-expansion -Wno-gnu-statement-expression -Wno-language-extension-token -Wno-overriding-method-mismatch -Wno-missing-variable-declarations -Rno-module-build -Wno-auto-import -Wno-objc-interface-ivars -Wno-documentation-unknown-command -Wno-reserved-id-macro -Wno-unused-parameter -Wno-gnu-conditional-omitted-operand -Wno-explicit-ownership-type -Wno-date-time -Wno-cast-align -Wno-cstring-format-directive -Wno-double-promotion -Wno-partial-availability -Wno-objc-messaging-id -Wno-direct-ivar-access -Wno-cast-qual -Wno-declaration-after-statement -F/Users/oikhlas/Library/Developer/Xcode/DerivedData/WebDriverAgent-bcmeffsllcldukgyoimwiehwhvyz/Build/Products/Debug-iphonesimulator -F/Applications/Xcode.app/Contents/Developer/Platforms/iPhoneSimulator.platform/Developer/Library/Frameworks -F/Applications/Xcode.app/Contents/Developer/Platforms/iPhoneSimulator.platform/Developer/Library/PrivateFrameworks -iframework /Applications/Xcode.app/Contents/Developer/Platforms/iPhoneSimulator.platform/Developer/SDKs/iPhoneSimulator16.0.sdk/Developer/Library/Frameworks -MMD -MT dependencies -MF /Users/oikhlas/Library/Developer/Xcode/DerivedData/WebDriverAgent-bcmeffsllcldukgyoimwiehwhvyz/Build/Intermediates.noindex/WebDriverAgent.build/Debug-iphonesimulator/WebDriverAgentLib.build/StaticAnalyzer/WebDriverAgent/WebDriverAgentLib/normal/x86_64/NSDictionary+FBUtf8SafeDictionary.d --analyze /Users/oikhlas/.appium/node_modules/appium-xcuitest-driver/node_modules/appium-webdriveragent/WebDriverAgentLib/Categories/NSDictionary+FBUtf8SafeDictionary.m -o /Users/oikhlas/Library/Developer/Xcode/DerivedData/WebDriverAgent-bcmeffsllcldukgyoimwiehwhvyz/Build/Intermediates.noindex/WebDriverAgent.build/Debug-iphonesimulator/WebDriverAgentLib.build/StaticAnalyzer/WebDriverAgent/WebDriverAgentLib/normal/x86_64/NSDictionary+FBUtf8SafeDictionary.plist
&amp#27;[38;5;173m[Xcode]&amp#27;[0m 
&amp#27;[38;5;173m[Xcode]&amp#27;[0m 
&amp#27;[38;5;173m[Xcode]&amp#27;[0m ** TEST BUILD INTERRUPTED **
&amp#27;[38;5;173m[Xcode]&amp#27;[0m 
&amp#27;[38;5;173m[Xcode]&amp#27;[0m 
&amp#27;[38;5;173m[Xcode]&amp#27;[0m ** BUILD INTERRUPTED **
&amp#27;[38;5;173m[Xcode]&amp#27;[0m 
&amp#27;[38;5;173m[Xcode]&amp#27;[0m xcodebuild exited with code 'null' and signal 'SIGTERM'
&amp#27;[38;5;-42m[XCUITestDriver@9d32 (dbe4db21)]&amp#27;[0m Beginning test with command 'xcodebuild build-for-testing test-without-building -project /Users/oikhlas/.appium/node_modules/appium-xcuitest-driver/node_modules/appium-webdriveragent/WebDriverAgent.xcodeproj -scheme WebDriverAgentRunner -derivedDataPath /Users/oikhlas/Library/Developer/Xcode/DerivedData/WebDriverAgent-bcmeffsllcldukgyoimwiehwhvyz -destination id=C2352445-7375-47D9-8C26-2C24AE0244BF IPHONEOS_DEPLOYMENT_TARGET=16.0 GCC_TREAT_WARNINGS_AS_ERRORS=0 COMPILER_INDEX_STORE_ENABLE=NO' in directory '/Users/oikhlas/.appium/node_modules/appium-xcuitest-driver/node_modules/appium-webdriveragent'
&amp#27;[38;5;-42m[XCUITestDriver@9d32 (dbe4db21)]&amp#27;[0m Output from xcodebuild will only be logged if any errors are present there. To change this, use 'showXcodeLog' desired capability
&amp#27;[38;5;-42m[XCUITestDriver@9d32 (dbe4db21)]&amp#27;[0m Waiting up to 20000ms for WebDriverAgent to start
&amp#27;[38;5;-42m[XCUITestDriver@9d32 (dbe4db21)]&amp#27;[0m Matched '/status' to command name 'getStatus'
&amp#27;[38;5;-42m[XCUITestDriver@9d32 (dbe4db21)]&amp#27;[0m Proxying [GET /status] to [GET http://127.0.0.1:8100/status] with no body
&amp#27;[38;5;-42m[XCUITestDriver@9d32 (dbe4db21)]&amp#27;[0m connect ECONNREFUSED 127.0.0.1:8100
&amp#27;[38;5;-42m[XCUITestDriver@9d32 (dbe4db21)]&amp#27;[0m Matched '/status' to command name 'getStatus'
&amp#27;[38;5;-42m[XCUITestDriver@9d32 (dbe4db21)]&amp#27;[0m Proxying [GET /status] to [GET http://127.0.0.1:8100/status] with no body
&amp#27;[38;5;-42m[XCUITestDriver@9d32 (dbe4db21)]&amp#27;[0m connect ECONNREFUSED 127.0.0.1:8100
&amp#27;[38;5;-42m[XCUITestDriver@9d32 (dbe4db21)]&amp#27;[0m Matched '/status' to command name 'getStatus'
&amp#27;[38;5;-42m[XCUITestDriver@9d32 (dbe4db21)]&amp#27;[0m Proxying [GET /status] to [GET http://127.0.0.1:8100/status] with no body
&amp#27;[38;5;-42m[XCUITestDriver@9d32 (dbe4db21)]&amp#27;[0m connect ECONNREFUSED 127.0.0.1:8100
&amp#27;[38;5;-42m[XCUITestDriver@9d32 (dbe4db21)]&amp#27;[0m Matched '/status' to command name 'getStatus'
&amp#27;[38;5;-42m[XCUITestDriver@9d32 (dbe4db21)]&amp#27;[0m Proxying [GET /status] to [GET http://127.0.0.1:8100/status] with no body
&amp#27;[38;5;-42m[XCUITestDriver@9d32 (dbe4db21)]&amp#27;[0m connect ECONNREFUSED 127.0.0.1:8100
&amp#27;[38;5;-42m[XCUITestDriver@9d32 (dbe4db21)]&amp#27;[0m Matched '/status' to command name 'getStatus'
&amp#27;[38;5;-42m[XCUITestDriver@9d32 (dbe4db21)]&amp#27;[0m Proxying [GET /status] to [GET http://127.0.0.1:8100/status] with no body
&amp#27;[38;5;-42m[XCUITestDriver@9d32 (dbe4db21)]&amp#27;[0m connect ECONNREFUSED 127.0.0.1:8100
&amp#27;[38;5;-42m[XCUITestDriver@9d32 (dbe4db21)]&amp#27;[0m Matched '/status' to command name 'getStatus'
&amp#27;[38;5;-42m[XCUITestDriver@9d32 (dbe4db21)]&amp#27;[0m Proxying [GET /status] to [GET http://127.0.0.1:8100/status] with no body
&amp#27;[38;5;-42m[XCUITestDriver@9d32 (dbe4db21)]&amp#27;[0m connect ECONNREFUSED 127.0.0.1:8100
&amp#27;[38;5;173m[Xcode]&amp#27;[0m 2024-11-05 15:48:45.691 xcodebuild[21303:211019]  DVTDownloadable: Unexpected error attempting to parse downloadable from index: Error Domain=DVTDownloadableErrors Code=16 "Unable to read in downloadable data. See underlying errors for details." UserInfo={DownloadablePlist={
&amp#27;[38;5;173m[Xcode]&amp#27;[0m     authentication = virtual;
&amp#27;[38;5;173m[Xcode]&amp#27;[0m     category = simulator;
&amp#27;[38;5;173m[Xcode]&amp#27;[0m     contentType = diskImage;
&amp#27;[38;5;173m[Xcode]&amp#27;[0m     dictionaryVersion = 2;
&amp#27;[38;5;173m[Xcode]&amp#27;[0m     fileSize = 7354535384;
&amp#27;[38;5;173m[Xcode]&amp#27;[0m     hostRequirements =     {
&amp#27;[38;5;173m[Xcode]&amp#27;[0m         minHostVersion = "13.4";
&amp#27;[38;5;173m[Xcode]&amp#27;[0m         minXcodeVersion = "15.0";
&amp#27;[38;5;173m[Xcode]&amp#27;[0m     };
&amp#27;[38;5;173m[Xcode]&amp#27;[0m     identifier = "com.apple.dmg.xrSimulatorSDK1_0_b1";
&amp#27;[38;5;173m[Xcode]&amp#27;[0m     name = "xrOS 1 beta Simulator Runtime";
&amp#27;[38;5;173m[Xcode]&amp#27;[0m     platform = "com.apple.platform.xros";
&amp#27;[38;5;173m[Xcode]&amp#27;[0m     simulatorVersion =     {
&amp#27;[38;5;173m[Xcode]&amp#27;[0m         buildUpdate = 21N5165g;
&amp#27;[38;5;173m[Xcode]&amp#27;[0m         version = "1.0";
&amp#27;[38;5;173m[Xcode]&amp#27;[0m     };
&amp#27;[38;5;173m[Xcode]&amp#27;[0m     source = "https://download.developer.apple.com/Developer_Tools/visionOS_1_beta/visionOS_1_beta_Simulator_Runtime.dmg";
&amp#27;[38;5;173m[Xcode]&amp#27;[0m     version = "1.0.0.1";
&amp#27;[38;5;173m[Xcode]&amp#27;[0m }, NSLocalizedDescription=Unable to read in downloadable data. See underlying errors for details., DVTUnderlyingErrorsKey=(
&amp#27;[38;5;173m[Xcode]&amp#27;[0m     "Error Domain=DVTDownloadableErrors Code=23 \"'com.apple.platform.xros' is an unknown platform identifier.\" UserInfo={NSLocalizedDescription='com.apple.platform.xros' is an unknown platform identifier.}"
&amp#27;[38;5;173m[Xcode]&amp#27;[0m )}
&amp#27;[38;5;173m[Xcode]&amp#27;[0m 
&amp#27;[38;5;173m[Xcode]&amp#27;[0m 
&amp#27;[38;5;173m[Xcode]&amp#27;[0m 
&amp#27;[38;5;173m[Xcode]&amp#27;[0m CompileC /Users/oikhlas/Library/Developer/Xcode/DerivedData/WebDriverAgent-bcmeffsllcldukgyoimwiehwhvyz/Build/Intermediates.noindex/WebDriverAgent.build/Debug-iphonesimulator/WebDriverAgentLib.build/Objects-normal/x86_64/FBApplication.o /Users/oikhlas/.appium/node_modules/appium-xcuitest-driver/node_modules/appium-webdriveragent/WebDriverAgentLib/FBApplication.m normal x86_64 objective-c com.apple.compilers.llvm.clang.1_0.compiler (in target 'WebDriverAgentLib' from project 'WebDriverAgent')
&amp#27;[38;5;173m[Xcode]&amp#27;[0m     cd /Users/oikhlas/.appium/node_modules/appium-xcuitest-driver/node_modules/appium-webdriveragent
&amp#27;[38;5;173m[Xcode]&amp#27;[0m     /Applications/Xcode.app/Contents/Developer/Toolchains/XcodeDefault.xctoolchain/usr/bin/clang -x objective-c -target x86_64-apple-ios16.0-simulator -fmessage-length\=0 -fdiagnostics-show-note-include-stack -fmacro-backtrace-limit\=0 -std\=gnu99 -fobjc-arc -fmodules -gmodules -fmodules-cache-path\=/Users/oikhlas/Library/Developer/Xcode/DerivedData/WebDriverAgent-bcmeffsllcldukgyoimwiehwhvyz/ModuleCache.noindex -fmodules-prune-interval\=86400 -fmodules-prune-after\=345600 -fbuild-session-file\=/Users/oikhlas/Library/Developer/Xcode/DerivedData/WebDriverAgent-bcmeffsllcldukgyoimwiehwhvyz/ModuleCache.noindex/Session.modulevalidation -fmodules-validate-once-per-build-session -Wno-trigraphs -fpascal-strings -O0 -fno-common -Wmissing-field-initializers -Wno-missing-prototypes -Werror\=return-type -Wunreachable-code -Wquoted-include-in-framework-header -Wno-implicit-atomic-properties -Werror\=deprecated-objc-isa-usage -Wno-objc-interface-ivars -Werror\=objc-root-class -Warc-repeated-use-of-weak -Wno-arc-maybe-repeated-use-of-weak -Wimplicit-retain-self -Wduplicate-method-match -Wno-missing-braces -Wparentheses -Wswitch -Wunused-function -Wno-unused-label -Wunused-parameter -Wunused-variable -Wunused-value -Wempty-body -Wuninitialized -Wconditional-uninitialized -Wno-unknown-pragmas -pedantic -Wshadow -Wno-four-char-constants -Wconversion -Wconstant-conversion -Wint-conversion -Wbool-conversion -Wenum-conversion -Wfloat-conversion -Wnon-literal-null-conversion -Wobjc-literal-conversion -Wassign-enum -Wsign-compare -Wshorten-64-to-32 -Wpointer-sign -Wno-newline-eof -Wno-selector -Wno-strict-selector-match -Wundeclared-selector -Wdeprecated-implementations -Wno-implicit-fallthrough -DDEBUG\=1 -DOBJC_OLD_DISPATCH_PROTOTYPES\=0 -isysroot /Applications/Xcode.app/Contents/Developer/Platforms/iPhoneSimulator.platform/Developer/SDKs/iPhoneSimulator16.0.sdk -fasm-blocks -fstrict-aliasing -Wprotocol -Wdeprecated-declarations -g -Wno-sign-conversion -Winfinite-recursion -Wcomma -Wblock-capture-autoreleasing -Wstrict-prototypes -Wno-semicolon-before-method-body -fobjc-abi-version\=2 -fobjc-legacy-dispatch -iquote /Users/oikhlas/Library/Developer/Xcode/DerivedData/WebDriverAgent-bcmeffsllcldukgyoimwiehwhvyz/Build/Intermediates.noindex/WebDriverAgent.build/Debug-iphonesimulator/WebDriverAgentLib.build/WebDriverAgentLib-generated-files.hmap -I/Users/oikhlas/Library/Developer/Xcode/DerivedData/WebDriverAgent-bcmeffsllcldukgyoimwiehwhvyz/Build/Intermediates.noindex/WebDriverAgent.build/Debug-iphonesimulator/WebDriverAgentLib.build/WebDriverAgentLib-own-target-headers.hmap -I/Users/oikhlas/Library/Developer/Xcode/DerivedData/WebDriverAgent-bcmeffsllcldukgyoimwiehwhvyz/Build/Intermediates.noindex/WebDriverAgent.build/Debug-iphonesimulator/WebDriverAgentLib.build/WebDriverAgentLib-all-target-headers.hmap -iquote /Users/oikhlas/Library/Developer/Xcode/DerivedData/WebDriverAgent-bcmeffsllcldukgyoimwiehwhvyz/Build/Intermediates.noindex/WebDriverAgent.build/Debug-iphonesimulator/WebDriverAgentLib.build/WebDriverAgentLib-project-headers.hmap -I/Users/oikhlas/Library/Developer/Xcode/DerivedData/WebDriverAgent-bcmeffsllcldukgyoimwiehwhvyz/Build/Products/Debug-iphonesimulator/include -I/Applications/Xcode.app/Contents/Developer/Platforms/iPhoneSimulator.platform/Developer/SDKs/iPhoneSimulator16.0.sdk/usr/include/libxml2 -I/Users/oikhlas/.appium/node_modules/appium-xcuitest-driver/node_modules/appium-webdriveragent/Modules -I/Users/oikhlas/Library/Developer/Xcode/DerivedData/WebDriverAgent-bcmeffsllcldukgyoimwiehwhvyz/Build/Intermediates.noindex/WebDriverAgent.build/Debug-iphonesimulator/WebDriverAgentLib.build/DerivedSources-normal/x86_64 -I/Users/oikhlas/Library/Developer/Xcode/DerivedData/WebDriverAgent-bcmeffsllcldukgyoimwiehwhvyz/Build/Intermediates.noindex/WebDriverAgent.build/Debug-iphonesimulator/WebDriverAgentLib.build/DerivedSources/x86_64 -I/Users/oikhlas/Library/Developer/Xcode/DerivedData/WebDriverAgent-bcmeffsllcldukgyoimwiehwhvyz/Build/Intermediates.noindex/WebDriverAgent.build/Debug-iphonesimulator/WebDriverAgentLib.build/DerivedSources -Weverything -Wno-objc-missing-property-synthesis -Wno-unused-macros -Wno-disabled-macro-expansion -Wno-gnu-statement-expression -Wno-language-extension-token -Wno-overriding-method-mismatch -Wno-missing-variable-declarations -Rno-module-build -Wno-auto-import -Wno-objc-interface-ivars -Wno-documentation-unknown-command -Wno-reserved-id-macro -Wno-unused-parameter -Wno-gnu-conditional-omitted-operand -Wno-explicit-ownership-type -Wno-date-time -Wno-cast-align -Wno-cstring-format-directive -Wno-double-promotion -Wno-partial-availability -Weverything -Wno-objc-missing-property-synthesis -Wno-unused-macros -Wno-disabled-macro-expansion -Wno-gnu-statement-expression -Wno-language-extension-token -Wno-overriding-method-mismatch -Wno-missing-variable-declarations -Rno-module-build -Wno-auto-import -Wno-objc-interface-ivars -Wno-documentation-unknown-command -Wno-reserved-id-macro -Wno-unused-parameter -Wno-gnu-conditional-omitted-operand -Wno-explicit-ownership-type -Wno-date-time -Wno-cast-align -Wno-cstring-format-directive -Wno-double-promotion -Wno-partial-availability -Wno-objc-messaging-id -Wno-direct-ivar-access -Wno-cast-qual -Wno-declaration-after-statement -F/Users/oikhlas/Library/Developer/Xcode/DerivedData/WebDriverAgent-bcmeffsllcldukgyoimwiehwhvyz/Build/Products/Debug-iphonesimulator -F/Applications/Xcode.app/Contents/Developer/Platforms/iPhoneSimulator.platform/Developer/Library/Frameworks -F/Applications/Xcode.app/Contents/Developer/Platforms/iPhoneSimulator.platform/Developer/Library/PrivateFrameworks -iframework /Applications/Xcode.app/Contents/Developer/Platforms/iPhoneSimulator.platform/Developer/SDKs/iPhoneSimulator16.0.sdk/Developer/Library/Frameworks -MMD -MT dependencies -MF /Users/oikhlas/Library/Developer/Xcode/DerivedData/WebDriverAgent-bcmeffsllcldukgyoimwiehwhvyz/Build/Intermediates.noindex/WebDriverAgent.build/Debug-iphonesimulator/WebDriverAgentLib.build/Objects-normal/x86_64/FBApplication.d --serialize-diagnostics /Users/oikhlas/Library/Developer/Xcode/DerivedData/WebDriverAgent-bcmeffsllcldukgyoimwiehwhvyz/Build/Intermediates.noindex/WebDriverAgent.build/Debug-iphonesimulator/WebDriverAgentLib.build/Objects-normal/x86_64/FBApplication.dia -c /Users/oikhlas/.appium/node_modules/appium-xcuitest-driver/node_modules/appium-webdriveragent/WebDriverAgentLib/FBApplication.m -o /Users/oikhlas/Library/Developer/Xcode/DerivedData/WebDriverAgent-bcmeffsllcldukgyoimwiehwhvyz/Build/Intermediates.noindex/WebDriverAgent.build/Debug-iphonesimulator/WebDriverAgentLib.build/Objects-normal/x86_64/FBApplication.o
&amp#27;[38;5;173m[Xcode]&amp#27;[0m 
&amp#27;[38;5;173m[Xcode]&amp#27;[0m 2024-11-05 15:48:45.727 xcodebuild[21303:211019]  DVTDownloadable: Unexpected error attempting to parse downloadable from index: Error Domain=DVTDownloadableErrors Code=16 "Unable to read in downloadable data. See underlying errors for details." UserInfo={DownloadablePlist={
&amp#27;[38;5;173m[Xcode]&amp#27;[0m     authentication = virtual;
&amp#27;[38;5;173m[Xcode]&amp#27;[0m     category = simulator;
&amp#27;[38;5;173m[Xcode]&amp#27;[0m     contentType = diskImage;
&amp#27;[38;5;173m[Xcode]&amp#27;[0m     dictionaryVersion = 2;
&amp#27;[38;5;173m[Xcode]&amp#27;[0m     fileSize = 7220726735;
&amp#27;[38;5;173m[Xcode]&amp#27;[0m     hostRequirements =     {
&amp#27;[38;5;173m[Xcode]&amp#27;[0m         minHostVersion = "13.4";
&amp#27;[38;5;173m[Xcode]&amp#27;[0m         minXcodeVersion = "15.0";
&amp#27;[38;5;173m[Xcode]&amp#27;[0m     };
&amp#27;[38;5;173m[Xcode]&amp#27;[0m     identifier = "com.apple.dmg.xrSimulatorSDK1_0_b2";
&amp#27;[38;5;173m[Xcode]&amp#27;[0m     name = "xrOS 1 beta 2 Simulator Runtime";
&amp#27;[38;5;173m[Xcode]&amp#27;[0m     platform = "com.apple.platform.xros";
&amp#27;[38;5;173m[Xcode]&amp#27;[0m     simulatorVersion =     {
&amp#27;[38;5;173m[Xcode]&amp#27;[0m         buildUpdate = 21N5207f;
&amp#27;[38;5;173m[Xcode]&amp#27;[0m         version = "1.0";
&amp#27;[38;5;173m[Xcode]&amp#27;[0m     };
&amp#27;[38;5;173m[Xcode]&amp#27;[0m     source = "https://download.developer.apple.com/Developer_Tools/visionOS_1_beta_2_Simulator_Runtime/visionOS_1_beta_2_Simulator_Runtime.dmg";
&amp#27;[38;5;173m[Xcode]&amp#27;[0m     version = "1.0.0.2";
&amp#27;[38;5;173m[Xcode]&amp#27;[0m }, NSLocalizedDescription=Unable to read in downloadable data. See underlying errors for details., DVTUnderlyingErrorsKey=(
&amp#27;[38;5;173m[Xcode]&amp#27;[0m     "Error Domain=DVTDownloadableErrors Code=23 \"'com.apple.platform.xros' is an unknown platform identifier.\" UserInfo={NSLocalizedDescription='com.apple.platform.xros' is an unknown platform identifier.}"
&amp#27;[38;5;173m[Xcode]&amp#27;[0m )}
&amp#27;[38;5;173m[Xcode]&amp#27;[0m 
&amp#27;[38;5;173m[Xcode]&amp#27;[0m 2024-11-05 15:48:45.729 xcodebuild[21303:211019]  DVTDownloadable: Unexpected error attempting to parse downloadable from index: Error Domain=DVTDownloadableErrors Code=16 "Unable to read in downloadable data. See underlying errors for details." UserInfo={DownloadablePlist={
&amp#27;[38;5;173m[Xcode]&amp#27;[0m     authentication = virtual;
&amp#27;[38;5;173m[Xcode]&amp#27;[0m     category = simulator;
&amp#27;[38;5;173m[Xcode]&amp#27;[0m     contentType = diskImage;
&amp#27;[38;5;173m[Xcode]&amp#27;[0m     dictionaryVersion = 2;
&amp#27;[38;5;173m[Xcode]&amp#27;[0m     fileSize = 7281422409;
&amp#27;[38;5;173m[Xcode]&amp#27;[0m     hostRequirements =     {
&amp#27;[38;5;173m[Xcode]&amp#27;[0m         minHostVersion = "13.4";
&amp#27;[38;5;173m[Xcode]&amp#27;[0m         minXcodeVersion = "15.0";
&amp#27;[38;5;173m[Xcode]&amp#27;[0m     };
&amp#27;[38;5;173m[Xcode]&amp#27;[0m     identifier = "com.apple.dmg.xrSimulatorSDK1_0_b3";
&amp#27;[38;5;173m[Xcode]&amp#27;[0m     name = "xrOS 1 beta 3 Simulator Runtime";
&amp#27;[38;5;173m[Xcode]&amp#27;[0m     platform = "com.apple.platform.xros";
&amp#27;[38;5;173m[Xcode]&amp#27;[0m     simulatorVersion =     {
&amp#27;[38;5;173m[Xcode]&amp#27;[0m         buildUpdate = 21N5233f;
&amp#27;[38;5;173m[Xcode]&amp#27;[0m         version = "1.0";
&amp#27;[38;5;173m[Xcode]&amp#27;[0m     };
&amp#27;[38;5;173m[Xcode]&amp#27;[0m     source = "https://download.developer.apple.com/Developer_Tools/visionOS_1_beta_3_Simulator_Runtime/visionOS_1_beta_3_Simulator_Runtime.dmg";
&amp#27;[38;5;173m[Xcode]&amp#27;[0m     version = "1.0.0.3";
&amp#27;[38;5;173m[Xcode]&amp#27;[0m }, NSLocalizedDescription=Unable to read in downloadable data. See underlying errors for details., DVTUnderlyingErrorsKey=(
&amp#27;[38;5;173m[Xcode]&amp#27;[0m     "Error Domain=DVTDownloadableErrors Code=23 \"'com.apple.platform.xros' is an unknown platform identifier.\" UserInfo={NSLocalizedDescription='com.apple.platform.xros' is an unknown platform identifier.}"
&amp#27;[38;5;173m[Xcode]&amp#27;[0m )}
&amp#27;[38;5;173m[Xcode]&amp#27;[0m 
&amp#27;[38;5;173m[Xcode]&amp#27;[0m 2024-11-05 15:48:45.730 xcodebuild[21303:211019]  DVTDownloadable: Unexpected error attempting to parse downloadable from index: Error Domain=DVTDownloadableErrors Code=16 "Unable to read in downloadable data. See underlying errors for details." UserInfo={DownloadablePlist={
&amp#27;[38;5;173m[Xcode]&amp#27;[0m     authentication = virtual;
&amp#27;[38;5;173m[Xcode]&amp#27;[0m     category = simulator;
&amp#27;[38;5;173m[Xcode]&amp#27;[0m     contentType = diskImage;
&amp#27;[38;5;173m[Xcode]&amp#27;[0m     dictionaryVersion = 2;
&amp#27;[38;5;173m[Xcode]&amp#27;[0m     fileSize = 7071092104;
&amp#27;[38;5;173m[Xcode]&amp#27;[0m     hostRequirements =     {
&amp#27;[38;5;173m[Xcode]&amp#27;[0m         minHostVersion = "13.4";
&amp#27;[38;5;173m[Xcode]&amp#27;[0m         minXcodeVersion = "15.0";
&amp#27;[38;5;173m[Xcode]&amp#27;[0m     };
&amp#27;[38;5;173m[Xcode]&amp#27;[0m     identifier = "com.apple.dmg.xrSimulatorSDK1_0_b4";
&amp#27;[38;5;173m[Xcode]&amp#27;[0m     name = "xrOS 1 beta 4 Simulator Runtime";
&amp#27;[38;5;173m[Xcode]&amp#27;[0m     platform = "com.apple.platform.xros";
&amp#27;[38;5;173m[Xcode]&amp#27;[0m     simulatorVersion =     {
&amp#27;[38;5;173m[Xcode]&amp#27;[0m         buildUpdate = 21N5259j;
&amp#27;[38;5;173m[Xcode]&amp#27;[0m         version = "1.0";
&amp#27;[38;5;173m[Xcode]&amp#27;[0m     };
&amp#27;[38;5;173m[Xcode]&amp#27;[0m     source = "https://download.developer.apple.com/Developer_Tools/visionOS_1_beta_4_Simulator_Runtime/visionOS_1_beta_4_Simulator_Runtime.dmg";
&amp#27;[38;5;173m[Xcode]&amp#27;[0m     version = "1.0.0.4";
&amp#27;[38;5;173m[Xcode]&amp#27;[0m }, NSLocalizedDescription=Unable to read in downloadable data. See underlying errors for details., DVTUnderlyingErrorsKey=(
&amp#27;[38;5;173m[Xcode]&amp#27;[0m     "Error Domain=DVTDownloadableErrors Code=23 \"'com.apple.platform.xros' is an unknown platform identifier.\" UserInfo={NSLocalizedDescription='com.apple.platform.xros' is an unknown platform identifier.}"
&amp#27;[38;5;173m[Xcode]&amp#27;[0m )}
&amp#27;[38;5;173m[Xcode]&amp#27;[0m 
&amp#27;[38;5;173m[Xcode]&amp#27;[0m 2024-11-05 15:48:45.732 xcodebuild[21303:211019]  DVTDownloadable: Unexpected error attempting to parse downloadable from index: Error Domain=DVTDownloadableErrors Code=16 "Unable to read in downloadable data. See underlying errors for details." UserInfo={DownloadablePlist={
&amp#27;[38;5;173m[Xcode]&amp#27;[0m     authentication = virtual;
&amp#27;[38;5;173m[Xcode]&amp#27;[0m     category = simulator;
&amp#27;[38;5;173m[Xcode]&amp#27;[0m     contentType = diskImage;
&amp#27;[38;5;173m[Xcode]&amp#27;[0m     dictionaryVersion = 2;
&amp#27;[38;5;173m[Xcode]&amp#27;[0m     fileSize = 7160992014;
&amp#27;[38;5;173m[Xcode]&amp#27;[0m     hostRequirements =     {
&amp#27;[38;5;173m[Xcode]&amp#27;[0m         minHostVersion = "13.4";
&amp#27;[38;5;173m[Xcode]&amp#27;[0m         minXcodeVersion = "15.0";
&amp#27;[38;5;173m[Xcode]&amp#27;[0m     };
&amp#27;[38;5;173m[Xcode]&amp#27;[0m     identifier = "com.apple.dmg.xrSimulatorSDK1_0_b6";
&amp#27;[38;5;173m[Xcode]&amp#27;[0m     name = "xrOS 1 beta 6 Simulator Runtime";
&amp#27;[38;5;173m[Xcode]&amp#27;[0m     platform = "com.apple.platform.xros";
&amp#27;[38;5;173m[Xcode]&amp#27;[0m     simulatorVersion =     {
&amp#27;[38;5;173m[Xcode]&amp#27;[0m         buildUpdate = 21N5300a;
&amp#27;[38;5;173m[Xcode]&amp#27;[0m         version = "1.0";
&amp#27;[38;5;173m[Xcode]&amp#27;[0m     };
&amp#27;[38;5;173m[Xcode]&amp#27;[0m     source = "https://download.developer.apple.com/Developer_Tools/visionOS_1_beta_6_Simulator_Runtime/visionOS_1_beta_6_Simulator_Runtime.dmg";
&amp#27;[38;5;173m[Xcode]&amp#27;[0m     version = "1.0.0.6";
&amp#27;[38;5;173m[Xcode]&amp#27;[0m }, NSLocalizedDescription=Unable to read in downloadable data. See underlying errors for details., DVTUnderlyingErrorsKey=(
&amp#27;[38;5;173m[Xcode]&amp#27;[0m     "Error Domain=DVTDownloadableErrors Code=23 \"'com.apple.platform.xros' is an unknown platform identifier.\" UserInfo={NSLocalizedDescription='com.apple.platform.xros' is an unknown platform identifier.}"
&amp#27;[38;5;173m[Xcode]&amp#27;[0m )}
&amp#27;[38;5;173m[Xcode]&amp#27;[0m 
&amp#27;[38;5;173m[Xcode]&amp#27;[0m 
&amp#27;[38;5;173m[Xcode]&amp#27;[0m 
&amp#27;[38;5;173m[Xcode]&amp#27;[0m CompileC /Users/oikhlas/Library/Developer/Xcode/DerivedData/WebDriverAgent-bcmeffsllcldukgyoimwiehwhvyz/Build/Intermediates.noindex/WebDriverAgent.build/Debug-iphonesimulator/WebDriverAgentLib.build/Objects-normal/x86_64/FBAppiumActionsSynthesizer.o /Users/oikhlas/.appium/node_modules/appium-xcuitest-driver/node_modules/appium-webdriveragent/WebDriverAgentLib/Utilities/FBAppiumActionsSynthesizer.m normal x86_64 objective-c com.apple.compilers.llvm.clang.1_0.compiler (in target 'WebDriverAgentLib' from project 'WebDriverAgent')
&amp#27;[38;5;173m[Xcode]&amp#27;[0m     cd /Users/oikhlas/.appium/node_modules/appium-xcuitest-driver/node_modules/appium-webdriveragent
&amp#27;[38;5;173m[Xcode]&amp#27;[0m     /Applications/Xcode.app/Contents/Developer/Toolchains/XcodeDefault.xctoolchain/usr/bin/clang -x objective-c -target x86_64-apple-ios16.0-simulator -fmessage-length\=0 -fdiagnostics-show-note-include-stack -fmacro-backtrace-limit\=0 -std\=gnu99 -fobjc-arc -fmodules -gmodules -fmodules-cache-path\=/Users/oikhlas/Library/Developer/Xcode/DerivedData/WebDriverAgent-bcmeffsllcldukgyoimwiehwhvyz/ModuleCache.noindex -fmodules-prune-interval\=86400 -fmodules-prune-after\=345600 -fbuild-session-file\=/Users/oikhlas/Library/Developer/Xcode/DerivedData/WebDriverAgent-bcmeffsllcldukgyoimwiehwhvyz/ModuleCache.noindex/Session.modulevalidation -fmodules-validate-once-per-build-session -Wno-trigraphs -fpascal-strings -O0 -fno-common -Wmissing-field-initializers -Wno-missing-prototypes -Werror\=return-type -Wunreachable-code -Wquoted-include-in-framework-header -Wno-implicit-atomic-properties -Werror\=deprecated-objc-isa-usage -Wno-objc-interface-ivars -Werror\=objc-root-class -Warc-repeated-use-of-weak -Wno-arc-maybe-repeated-use-of-weak -Wimplicit-retain-self -Wduplicate-method-match -Wno-missing-braces -Wparentheses -Wswitch -Wunused-function -Wno-unused-label -Wunused-parameter -Wunused-variable -Wunused-value -Wempty-body -Wuninitialized -Wconditional-uninitialized -Wno-unknown-pragmas -pedantic -Wshadow -Wno-four-char-constants -Wconversion -Wconstant-conversion -Wint-conversion -Wbool-conversion -Wenum-conversion -Wfloat-conversion -Wnon-literal-null-conversion -Wobjc-literal-conversion -Wassign-enum -Wsign-compare -Wshorten-64-to-32 -Wpointer-sign -Wno-newline-eof -Wno-selector -Wno-strict-selector-match -Wundeclared-selector -Wdeprecated-implementations -Wno-implicit-fallthrough -DDEBUG\=1 -DOBJC_OLD_DISPATCH_PROTOTYPES\=0 -isysroot /Applications/Xcode.app/Contents/Developer/Platforms/iPhoneSimulator.platform/Developer/SDKs/iPhoneSimulator16.0.sdk -fasm-blocks -fstrict-aliasing -Wprotocol -Wdeprecated-declarations -g -Wno-sign-conversion -Winfinite-recursion -Wcomma -Wblock-capture-autoreleasing -Wstrict-prototypes -Wno-semicolon-before-method-body -fobjc-abi-version\=2 -fobjc-legacy-dispatch -iquote /Users/oikhlas/Library/Developer/Xcode/DerivedData/WebDriverAgent-bcmeffsllcldukgyoimwiehwhvyz/Build/Intermediates.noindex/WebDriverAgent.build/Debug-iphonesimulator/WebDriverAgentLib.build/WebDriverAgentLib-generated-files.hmap -I/Users/oikhlas/Library/Developer/Xcode/DerivedData/WebDriverAgent-bcmeffsllcldukgyoimwiehwhvyz/Build/Intermediates.noindex/WebDriverAgent.build/Debug-iphonesimulator/WebDriverAgentLib.build/WebDriverAgentLib-own-target-headers.hmap -I/Users/oikhlas/Library/Developer/Xcode/DerivedData/WebDriverAgent-bcmeffsllcldukgyoimwiehwhvyz/Build/Intermediates.noindex/WebDriverAgent.build/Debug-iphonesimulator/WebDriverAgentLib.build/WebDriverAgentLib-all-target-headers.hmap -iquote /Users/oikhlas/Library/Developer/Xcode/DerivedData/WebDriverAgent-bcmeffsllcldukgyoimwiehwhvyz/Build/Intermediates.noindex/WebDriverAgent.build/Debug-iphonesimulator/WebDriverAgentLib.build/WebDriverAgentLib-project-headers.hmap -I/Users/oikhlas/Library/Developer/Xcode/DerivedData/WebDriverAgent-bcmeffsllcldukgyoimwiehwhvyz/Build/Products/Debug-iphonesimulator/include -I/Applications/Xcode.app/Contents/Developer/Platforms/iPhoneSimulator.platform/Developer/SDKs/iPhoneSimulator16.0.sdk/usr/include/libxml2 -I/Users/oikhlas/.appium/node_modules/appium-xcuitest-driver/node_modules/appium-webdriveragent/Modules -I/Users/oikhlas/Library/Developer/Xcode/DerivedData/WebDriverAgent-bcmeffsllcldukgyoimwiehwhvyz/Build/Intermediates.noindex/WebDriverAgent.build/Debug-iphonesimulator/WebDriverAgentLib.build/DerivedSources-normal/x86_64 -I/Users/oikhlas/Library/Developer/Xcode/DerivedData/WebDriverAgent-bcmeffsllcldukgyoimwiehwhvyz/Build/Intermediates.noindex/WebDriverAgent.build/Debug-iphonesimulator/WebDriverAgentLib.build/DerivedSources/x86_64 -I/Users/oikhlas/Library/Developer/Xcode/DerivedData/WebDriverAgent-bcmeffsllcldukgyoimwiehwhvyz/Build/Intermediates.noindex/WebDriverAgent.build/Debug-iphonesimulator/WebDriverAgentLib.build/DerivedSources -Weverything -Wno-objc-missing-property-synthesis -Wno-unused-macros -Wno-disabled-macro-expansion -Wno-gnu-statement-expression -Wno-language-extension-token -Wno-overriding-method-mismatch -Wno-missing-variable-declarations -Rno-module-build -Wno-auto-import -Wno-objc-interface-ivars -Wno-documentation-unknown-command -Wno-reserved-id-macro -Wno-unused-parameter -Wno-gnu-conditional-omitted-operand -Wno-explicit-ownership-type -Wno-date-time -Wno-cast-align -Wno-cstring-format-directive -Wno-double-promotion -Wno-partial-availability -Weverything -Wno-objc-missing-property-synthesis -Wno-unused-macros -Wno-disabled-macro-expansion -Wno-gnu-statement-expression -Wno-language-extension-token -Wno-overriding-method-mismatch -Wno-missing-variable-declarations -Rno-module-build -Wno-auto-import -Wno-objc-interface-ivars -Wno-documentation-unknown-command -Wno-reserved-id-macro -Wno-unused-parameter -Wno-gnu-conditional-omitted-operand -Wno-explicit-ownership-type -Wno-date-time -Wno-cast-align -Wno-cstring-format-directive -Wno-double-promotion -Wno-partial-availability -Wno-objc-messaging-id -Wno-direct-ivar-access -Wno-cast-qual -Wno-declaration-after-statement -F/Users/oikhlas/Library/Developer/Xcode/DerivedData/WebDriverAgent-bcmeffsllcldukgyoimwiehwhvyz/Build/Products/Debug-iphonesimulator -F/Applications/Xcode.app/Contents/Developer/Platforms/iPhoneSimulator.platform/Developer/Library/Frameworks -F/Applications/Xcode.app/Contents/Developer/Platforms/iPhoneSimulator.platform/Developer/Library/PrivateFrameworks -iframework /Applications/Xcode.app/Contents/Developer/Platforms/iPhoneSimulator.platform/Developer/SDKs/iPhoneSimulator16.0.sdk/Developer/Library/Frameworks -MMD -MT dependencies -MF /Users/oikhlas/Library/Developer/Xcode/DerivedData/WebDriverAgent-bcmeffsllcldukgyoimwiehwhvyz/Build/Intermediates.noindex/WebDriverAgent.build/Debug-iphonesimulator/WebDriverAgentLib.build/Objects-normal/x86_64/FBAppiumActionsSynthesizer.d --serialize-diagnostics /Users/oikhlas/Library/Developer/Xcode/DerivedData/WebDriverAgent-bcmeffsllcldukgyoimwiehwhvyz/Build/Intermediates.noindex/WebDriverAgent.build/Debug-iphonesimulator/WebDriverAgentLib.build/Objects-normal/x86_64/FBAppiumActionsSynthesizer.dia -c /Users/oikhlas/.appium/node_modules/appium-xcuitest-driver/node_modules/appium-webdriveragent/WebDriverAgentLib/Utilities/FBAppiumActionsSynthesizer.m -o /Users/oikhlas/Library/Developer/Xcode/DerivedData/WebDriverAgent-bcmeffsllcldukgyoimwiehwhvyz/Build/Intermediates.noindex/WebDriverAgent.build/Debug-iphonesimulator/WebDriverAgentLib.build/Objects-normal/x86_64/FBAppiumActionsSynthesizer.o
&amp#27;[38;5;173m[Xcode]&amp#27;[0m 
&amp#27;[38;5;173m[Xcode]&amp#27;[0m 
&amp#27;[38;5;173m[Xcode]&amp#27;[0m 
&amp#27;[38;5;173m[Xcode]&amp#27;[0m CompileC /Users/oikhlas/Library/Developer/Xcode/DerivedData/WebDriverAgent-bcmeffsllcldukgyoimwiehwhvyz/Build/Intermediates.noindex/WebDriverAgent.build/Debug-iphonesimulator/WebDriverAgentLib.build/Objects-normal/x86_64/FBAlertsMonitor.o /Users/oikhlas/.appium/node_modules/appium-xcuitest-driver/node_modules/appium-webdriveragent/WebDriverAgentLib/Utilities/FBAlertsMonitor.m normal x86_64 objective-c com.apple.compilers.llvm.clang.1_0.compiler (in target 'WebDriverAgentLib' from project 'WebDriverAgent')
&amp#27;[38;5;173m[Xcode]&amp#27;[0m     cd /Users/oikhlas/.appium/node_modules/appium-xcuitest-driver/node_modules/appium-webdriveragent
&amp#27;[38;5;173m[Xcode]&amp#27;[0m     /Applications/Xcode.app/Contents/Developer/Toolchains/XcodeDefault.xctoolchain/usr/bin/clang -x objective-c -target x86_64-apple-ios16.0-simulator -fmessage-length\=0 -fdiagnostics-show-note-include-stack -fmacro-backtrace-limit\=0 -std\=gnu99 -fobjc-arc -fmodules -gmodules -fmodules-cache-path\=/Users/oikhlas/Library/Developer/Xcode/DerivedData/WebDriverAgent-bcmeffsllcldukgyoimwiehwhvyz/ModuleCache.noindex -fmodules-prune-interval\=86400 -fmodules-prune-after\=345600 -fbuild-session-file\=/Users/oikhlas/Library/Developer/Xcode/DerivedData/WebDriverAgent-bcmeffsllcldukgyoimwiehwhvyz/ModuleCache.noindex/Session.modulevalidation -fmodules-validate-once-per-build-session -Wno-trigraphs -fpascal-strings -O0 -fno-common -Wmissing-field-initializers -Wno-missing-prototypes -Werror\=return-type -Wunreachable-code -Wquoted-include-in-framework-header -Wno-implicit-atomic-properties -Werror\=deprecated-objc-isa-usage -Wno-objc-interface-ivars -Werror\=objc-root-class -Warc-repeated-use-of-weak -Wno-arc-maybe-repeated-use-of-weak -Wimplicit-retain-self -Wduplicate-method-match -Wno-missing-braces -Wparentheses -Wswitch -Wunused-function -Wno-unused-label -Wunused-parameter -Wunused-variable -Wunused-value -Wempty-body -Wuninitialized -Wconditional-uninitialized -Wno-unknown-pragmas -pedantic -Wshadow -Wno-four-char-constants -Wconversion -Wconstant-conversion -Wint-conversion -Wbool-conversion -Wenum-conversion -Wfloat-conversion -Wnon-literal-null-conversion -Wobjc-literal-conversion -Wassign-enum -Wsign-compare -Wshorten-64-to-32 -Wpointer-sign -Wno-newline-eof -Wno-selector -Wno-strict-selector-match -Wundeclared-selector -Wdeprecated-implementations -Wno-implicit-fallthrough -DDEBUG\=1 -DOBJC_OLD_DISPATCH_PROTOTYPES\=0 -isysroot /Applications/Xcode.app/Contents/Developer/Platforms/iPhoneSimulator.platform/Developer/SDKs/iPhoneSimulator16.0.sdk -fasm-blocks -fstrict-aliasing -Wprotocol -Wdeprecated-declarations -g -Wno-sign-conversion -Winfinite-recursion -Wcomma -Wblock-capture-autoreleasing -Wstrict-prototypes -Wno-semicolon-before-method-body -fobjc-abi-version\=2 -fobjc-legacy-dispatch -iquote /Users/oikhlas/Library/Developer/Xcode/DerivedData/WebDriverAgent-bcmeffsllcldukgyoimwiehwhvyz/Build/Intermediates.noindex/WebDriverAgent.build/Debug-iphonesimulator/WebDriverAgentLib.build/WebDriverAgentLib-generated-files.hmap -I/Users/oikhlas/Library/Developer/Xcode/DerivedData/WebDriverAgent-bcmeffsllcldukgyoimwiehwhvyz/Build/Intermediates.noindex/WebDriverAgent.build/Debug-iphonesimulator/WebDriverAgentLib.build/WebDriverAgentLib-own-target-headers.hmap -I/Users/oikhlas/Library/Developer/Xcode/DerivedData/WebDriverAgent-bcmeffsllcldukgyoimwiehwhvyz/Build/Intermediates.noindex/WebDriverAgent.build/Debug-iphonesimulator/WebDriverAgentLib.build/WebDriverAgentLib-all-target-headers.hmap -iquote /Users/oikhlas/Library/Developer/Xcode/DerivedData/WebDriverAgent-bcmeffsllcldukgyoimwiehwhvyz/Build/Intermediates.noindex/WebDriverAgent.build/Debug-iphonesimulator/WebDriverAgentLib.build/WebDriverAgentLib-project-headers.hmap -I/Users/oikhlas/Library/Developer/Xcode/DerivedData/WebDriverAgent-bcmeffsllcldukgyoimwiehwhvyz/Build/Products/Debug-iphonesimulator/include -I/Applications/Xcode.app/Contents/Developer/Platforms/iPhoneSimulator.platform/Developer/SDKs/iPhoneSimulator16.0.sdk/usr/include/libxml2 -I/Users/oikhlas/.appium/node_modules/appium-xcuitest-driver/node_modules/appium-webdriveragent/Modules -I/Users/oikhlas/Library/Developer/Xcode/DerivedData/WebDriverAgent-bcmeffsllcldukgyoimwiehwhvyz/Build/Intermediates.noindex/WebDriverAgent.build/Debug-iphonesimulator/WebDriverAgentLib.build/DerivedSources-normal/x86_64 -I/Users/oikhlas/Library/Developer/Xcode/DerivedData/WebDriverAgent-bcmeffsllcldukgyoimwiehwhvyz/Build/Intermediates.noindex/WebDriverAgent.build/Debug-iphonesimulator/WebDriverAgentLib.build/DerivedSources/x86_64 -I/Users/oikhlas/Library/Developer/Xcode/DerivedData/WebDriverAgent-bcmeffsllcldukgyoimwiehwhvyz/Build/Intermediates.noindex/WebDriverAgent.build/Debug-iphonesimulator/WebDriverAgentLib.build/DerivedSources -Weverything -Wno-objc-missing-property-synthesis -Wno-unused-macros -Wno-disabled-macro-expansion -Wno-gnu-statement-expression -Wno-language-extension-token -Wno-overriding-method-mismatch -Wno-missing-variable-declarations -Rno-module-build -Wno-auto-import -Wno-objc-interface-ivars -Wno-documentation-unknown-command -Wno-reserved-id-macro -Wno-unused-parameter -Wno-gnu-conditional-omitted-operand -Wno-explicit-ownership-type -Wno-date-time -Wno-cast-align -Wno-cstring-format-directive -Wno-double-promotion -Wno-partial-availability -Weverything -Wno-objc-missing-property-synthesis -Wno-unused-macros -Wno-disabled-macro-expansion -Wno-gnu-statement-expression -Wno-language-extension-token -Wno-overriding-method-mismatch -Wno-missing-variable-declarations -Rno-module-build -Wno-auto-import -Wno-objc-interface-ivars -Wno-documentation-unknown-command -Wno-reserved-id-macro -Wno-unused-parameter -Wno-gnu-conditional-omitted-operand -Wno-explicit-ownership-type -Wno-date-time -Wno-cast-align -Wno-cstring-format-directive -Wno-double-promotion -Wno-partial-availability -Wno-objc-messaging-id -Wno-direct-ivar-access -Wno-cast-qual -Wno-declaration-after-statement -F/Users/oikhlas/Library/Developer/Xcode/DerivedData/WebDriverAgent-bcmeffsllcldukgyoimwiehwhvyz/Build/Products/Debug-iphonesimulator -F/Applications/Xcode.app/Contents/Developer/Platforms/iPhoneSimulator.platform/Developer/Library/Frameworks -F/Applications/Xcode.app/Contents/Developer/Platforms/iPhoneSimulator.platform/Developer/Library/PrivateFrameworks -iframework /Applications/Xcode.app/Contents/Developer/Platforms/iPhoneSimulator.platform/Developer/SDKs/iPhoneSimulator16.0.sdk/Developer/Library/Frameworks -MMD -MT dependencies -MF /Users/oikhlas/Library/Developer/Xcode/DerivedData/WebDriverAgent-bcmeffsllcldukgyoimwiehwhvyz/Build/Intermediates.noindex/WebDriverAgent.build/Debug-iphonesimulator/WebDriverAgentLib.build/Objects-normal/x86_64/FBAlertsMonitor.d --serialize-diagnostics /Users/oikhlas/Library/Developer/Xcode/DerivedData/WebDriverAgent-bcmeffsllcldukgyoimwiehwhvyz/Build/Intermediates.noindex/WebDriverAgent.build/Debug-iphonesimulator/WebDriverAgentLib.build/Objects-normal/x86_64/FBAlertsMonitor.dia -c /Users/oikhlas/.appium/node_modules/appium-xcuitest-driver/node_modules/appium-webdriveragent/WebDriverAgentLib/Utilities/FBAlertsMonitor.m -o /Users/oikhlas/Library/Developer/Xcode/DerivedData/WebDriverAgent-bcmeffsllcldukgyoimwiehwhvyz/Build/Intermediates.noindex/WebDriverAgent.build/Debug-iphonesimulator/WebDriverAgentLib.build/Objects-normal/x86_64/FBAlertsMonitor.o
&amp#27;[38;5;173m[Xcode]&amp#27;[0m 
&amp#27;[38;5;173m[Xcode]&amp#27;[0m 
&amp#27;[38;5;173m[Xcode]&amp#27;[0m CompileC /Users/oikhlas/Library/Developer/Xcode/DerivedData/WebDriverAgent-bcmeffsllcldukgyoimwiehwhvyz/Build/Intermediates.noindex/WebDriverAgent.build/Debug-iphonesimulator/WebDriverAgentLib.build/Objects-normal/x86_64/FBAlertViewCommands.o /Users/oikhlas/.appium/node_modules/appium-xcuitest-driver/node_modules/appium-webdriveragent/WebDriverAgentLib/Commands/FBAlertViewCommands.m normal x86_64 objective-c com.apple.compilers.llvm.clang.1_0.compiler (in target 'WebDriverAgentLib' from project 'WebDriverAgent')
&amp#27;[38;5;173m[Xcode]&amp#27;[0m     cd /Users/oikhlas/.appium/node_modules/appium-xcuitest-driver/node_modules/appium-webdriveragent
&amp#27;[38;5;173m[Xcode]&amp#27;[0m     /Applications/Xcode.app/Contents/Developer/Toolchains/XcodeDefault.xctoolchain/usr/bin/clang -x objective-c -target x86_64-apple-ios16.0-simulator -fmessage-length\=0 -fdiagnostics-show-note-include-stack -fmacro-backtrace-limit\=0 -std\=gnu99 -fobjc-arc -fmodules -gmodules -fmodules-cache-path\=/Users/oikhlas/Library/Developer/Xcode/DerivedData/WebDriverAgent-bcmeffsllcldukgyoimwiehwhvyz/ModuleCache.noindex -fmodules-prune-interval\=86400 -fmodules-prune-after\=345600 -fbuild-session-file\=/Users/oikhlas/Library/Developer/Xcode/DerivedData/WebDriverAgent-bcmeffsllcldukgyoimwiehwhvyz/ModuleCache.noindex/Session.modulevalidation -fmodules-validate-once-per-build-session -Wno-trigraphs -fpascal-strings -O0 -fno-common -Wmissing-field-initializers -Wno-missing-prototypes -Werror\=return-type -Wunreachable-code -Wquoted-include-in-framework-header -Wno-implicit-atomic-properties -Werror\=deprecated-objc-isa-usage -Wno-objc-interface-ivars -Werror\=objc-root-class -Warc-repeated-use-of-weak -Wno-arc-maybe-repeated-use-of-weak -Wimplicit-retain-self -Wduplicate-method-match -Wno-missing-braces -Wparentheses -Wswitch -Wunused-function -Wno-unused-label -Wunused-parameter -Wunused-variable -Wunused-value -Wempty-body -Wuninitialized -Wconditional-uninitialized -Wno-unknown-pragmas -pedantic -Wshadow -Wno-four-char-constants -Wconversion -Wconstant-conversion -Wint-conversion -Wbool-conversion -Wenum-conversion -Wfloat-conversion -Wnon-literal-null-conversion -Wobjc-literal-conversion -Wassign-enum -Wsign-compare -Wshorten-64-to-32 -Wpointer-sign -Wno-newline-eof -Wno-selector -Wno-strict-selector-match -Wundeclared-selector -Wdeprecated-implementations -Wno-implicit-fallthrough -DDEBUG\=1 -DOBJC_OLD_DISPATCH_PROTOTYPES\=0 -isysroot /Applications/Xcode.app/Contents/Developer/Platforms/iPhoneSimulator.platform/Developer/SDKs/iPhoneSimulator16.0.sdk -fasm-blocks -fstrict-aliasing -Wprotocol -Wdeprecated-declarations -g -Wno-sign-conversion -Winfinite-recursion -Wcomma -Wblock-capture-autoreleasing -Wstrict-prototypes -Wno-semicolon-before-method-body -fobjc-abi-version\=2 -fobjc-legacy-dispatch -iquote /Users/oikhlas/Library/Developer/Xcode/DerivedData/WebDriverAgent-bcmeffsllcldukgyoimwiehwhvyz/Build/Intermediates.noindex/WebDriverAgent.build/Debug-iphonesimulator/WebDriverAgentLib.build/WebDriverAgentLib-generated-files.hmap -I/Users/oikhlas/Library/Developer/Xcode/DerivedData/WebDriverAgent-bcmeffsllcldukgyoimwiehwhvyz/Build/Intermediates.noindex/WebDriverAgent.build/Debug-iphonesimulator/WebDriverAgentLib.build/WebDriverAgentLib-own-target-headers.hmap -I/Users/oikhlas/Library/Developer/Xcode/DerivedData/WebDriverAgent-bcmeffsllcldukgyoimwiehwhvyz/Build/Intermediates.noindex/WebDriverAgent.build/Debug-iphonesimulator/WebDriverAgentLib.build/WebDriverAgentLib-all-target-headers.hmap -iquote /Users/oikhlas/Library/Developer/Xcode/DerivedData/WebDriverAgent-bcmeffsllcldukgyoimwiehwhvyz/Build/Intermediates.noindex/WebDriverAgent.build/Debug-iphonesimulator/WebDriverAgentLib.build/WebDriverAgentLib-project-headers.hmap -I/Users/oikhlas/Library/Developer/Xcode/DerivedData/WebDriverAgent-bcmeffsllcldukgyoimwiehwhvyz/Build/Products/Debug-iphonesimulator/include -I/Applications/Xcode.app/Contents/Developer/Platforms/iPhoneSimulator.platform/Developer/SDKs/iPhoneSimulator16.0.sdk/usr/include/libxml2 -I/Users/oikhlas/.appium/node_modules/appium-xcuitest-driver/node_modules/appium-webdriveragent/Modules -I/Users/oikhlas/Library/Developer/Xcode/DerivedData/WebDriverAgent-bcmeffsllcldukgyoimwiehwhvyz/Build/Intermediates.noindex/WebDriverAgent.build/Debug-iphonesimulator/WebDriverAgentLib.build/DerivedSources-normal/x86_64 -I/Users/oikhlas/Library/Developer/Xcode/DerivedData/WebDriverAgent-bcmeffsllcldukgyoimwiehwhvyz/Build/Intermediates.noindex/WebDriverAgent.build/Debug-iphonesimulator/WebDriverAgentLib.build/DerivedSources/x86_64 -I/Users/oikhlas/Library/Developer/Xcode/DerivedData/WebDriverAgent-bcmeffsllcldukgyoimwiehwhvyz/Build/Intermediates.noindex/WebDriverAgent.build/Debug-iphonesimulator/WebDriverAgentLib.build/DerivedSources -Weverything -Wno-objc-missing-property-synthesis -Wno-unused-macros -Wno-disabled-macro-expansion -Wno-gnu-statement-expression -Wno-language-extension-token -Wno-overriding-method-mismatch -Wno-missing-variable-declarations -Rno-module-build -Wno-auto-import -Wno-objc-interface-ivars -Wno-documentation-unknown-command -Wno-reserved-id-macro -Wno-unused-parameter -Wno-gnu-conditional-omitted-operand -Wno-explicit-ownership-type -Wno-date-time -Wno-cast-align -Wno-cstring-format-directive -Wno-double-promotion -Wno-partial-availability -Weverything -Wno-objc-missing-property-synthesis -Wno-unused-macros -Wno-disabled-macro-expansion -Wno-gnu-statement-expression -Wno-language-extension-token -Wno-overriding-method-mismatch -Wno-missing-variable-declarations -Rno-module-build -Wno-auto-import -Wno-objc-interface-ivars -Wno-documentation-unknown-command -Wno-reserved-id-macro -Wno-unused-parameter -Wno-gnu-conditional-omitted-operand -Wno-explicit-ownership-type -Wno-date-time -Wno-cast-align -Wno-cstring-format-directive -Wno-double-promotion -Wno-partial-availability -Wno-objc-messaging-id -Wno-direct-ivar-access -Wno-cast-qual -Wno-declaration-after-statement -F/Users/oikhlas/Library/Developer/Xcode/DerivedData/WebDriverAgent-bcmeffsllcldukgyoimwiehwhvyz/Build/Products/Debug-iphonesimulator -F/Applications/Xcode.app/Contents/Developer/Platforms/iPhoneSimulator.platform/Developer/Library/Frameworks -F/Applications/Xcode.app/Contents/Developer/Platforms/iPhoneSimulator.platform/Developer/Library/PrivateFrameworks -iframework /Applications/Xcode.app/Contents/Developer/Platforms/iPhoneSimulator.platform/Developer/SDKs/iPhoneSimulator16.0.sdk/Developer/Library/Frameworks -MMD -MT dependencies -MF /Users/oikhlas/Library/Developer/Xcode/DerivedData/WebDriverAgent-bcmeffsllcldukgyoimwiehwhvyz/Build/Intermediates.noindex/WebDriverAgent.build/Debug-iphonesimulator/WebDriverAgentLib.build/Objects-normal/x86_64/FBAlertViewCommands.d --serialize-diagnostics /Users/oikhlas/Library/Developer/Xcode/DerivedData/WebDriverAgent-bcmeffsllcldukgyoimwiehwhvyz/Build/Intermediates.noindex/WebDriverAgent.build/Debug-iphonesimulator/WebDriverAgentLib.build/Objects-normal/x86_64/FBAlertViewCommands.dia -c /Users/oikhlas/.appium/node_modules/appium-xcuitest-driver/node_modules/appium-webdriveragent/WebDriverAgentLib/Commands/FBAlertViewCommands.m -o /Users/oikhlas/Library/Developer/Xcode/DerivedData/WebDriverAgent-bcmeffsllcldukgyoimwiehwhvyz/Build/Intermediates.noindex/WebDriverAgent.build/Debug-iphonesimulator/WebDriverAgentLib.build/Objects-normal/x86_64/FBAlertViewCommands.o
&amp#27;[38;5;173m[Xcode]&amp#27;[0m 
&amp#27;[38;5;173m[Xcode]&amp#27;[0m 
&amp#27;[38;5;173m[Xcode]&amp#27;[0m CompileC /Users/oikhlas/Library/Developer/Xcode/DerivedData/WebDriverAgent-bcmeffsllcldukgyoimwiehwhvyz/Build/Intermediates.noindex/WebDriverAgent.build/Debug-iphonesimulator/WebDriverAgentLib.build/Objects-normal/x86_64/FBAlert.o /Users/oikhlas/.appium/node_modules/appium-xcuitest-driver/node_modules/appium-webdriveragent/WebDriverAgentLib/FBAlert.m normal x86_64 objective-c com.apple.compilers.llvm.clang.1_0.compiler (in target 'WebDriverAgentLib' from project 'WebDriverAgent')
&amp#27;[38;5;173m[Xcode]&amp#27;[0m     cd /Users/oikhlas/.appium/node_modules/appium-xcuitest-driver/node_modules/appium-webdriveragent
&amp#27;[38;5;173m[Xcode]&amp#27;[0m     /Applications/Xcode.app/Contents/Developer/Toolchains/XcodeDefault.xctoolchain/usr/bin/clang -x objective-c -target x86_64-apple-ios16.0-simulator -fmessage-length\=0 -fdiagnostics-show-note-include-stack -fmacro-backtrace-limit\=0 -std\=gnu99 -fobjc-arc -fmodules -gmodules -fmodules-cache-path\=/Users/oikhlas/Library/Developer/Xcode/DerivedData/WebDriverAgent-bcmeffsllcldukgyoimwiehwhvyz/ModuleCache.noindex -fmodules-prune-interval\=86400 -fmodules-prune-after\=345600 -fbuild-session-file\=/Users/oikhlas/Library/Developer/Xcode/DerivedData/WebDriverAgent-bcmeffsllcldukgyoimwiehwhvyz/ModuleCache.noindex/Session.modulevalidation -fmodules-validate-once-per-build-session -Wno-trigraphs -fpascal-strings -O0 -fno-common -Wmissing-field-initializers -Wno-missing-prototypes -Werror\=return-type -Wunreachable-code -Wquoted-include-in-framework-header -Wno-implicit-atomic-properties -Werror\=deprecated-objc-isa-usage -Wno-objc-interface-ivars -Werror\=objc-root-class -Warc-repeated-use-of-weak -Wno-arc-maybe-repeated-use-of-weak -Wimplicit-retain-self -Wduplicate-method-match -Wno-missing-braces -Wparentheses -Wswitch -Wunused-function -Wno-unused-label -Wunused-parameter -Wunused-variable -Wunused-value -Wempty-body -Wuninitialized -Wconditional-uninitialized -Wno-unknown-pragmas -pedantic -Wshadow -Wno-four-char-constants -Wconversion -Wconstant-conversion -Wint-conversion -Wbool-conversion -Wenum-conversion -Wfloat-conversion -Wnon-literal-null-conversion -Wobjc-literal-conversion -Wassign-enum -Wsign-compare -Wshorten-64-to-32 -Wpointer-sign -Wno-newline-eof -Wno-selector -Wno-strict-selector-match -Wundeclared-selector -Wdeprecated-implementations -Wno-implicit-fallthrough -DDEBUG\=1 -DOBJC_OLD_DISPATCH_PROTOTYPES\=0 -isysroot /Applications/Xcode.app/Contents/Developer/Platforms/iPhoneSimulator.platform/Developer/SDKs/iPhoneSimulator16.0.sdk -fasm-blocks -fstrict-aliasing -Wprotocol -Wdeprecated-declarations -g -Wno-sign-conversion -Winfinite-recursion -Wcomma -Wblock-capture-autoreleasing -Wstrict-prototypes -Wno-semicolon-before-method-body -fobjc-abi-version\=2 -fobjc-legacy-dispatch -iquote /Users/oikhlas/Library/Developer/Xcode/DerivedData/WebDriverAgent-bcmeffsllcldukgyoimwiehwhvyz/Build/Intermediates.noindex/WebDriverAgent.build/Debug-iphonesimulator/WebDriverAgentLib.build/WebDriverAgentLib-generated-files.hmap -I/Users/oikhlas/Library/Developer/Xcode/DerivedData/WebDriverAgent-bcmeffsllcldukgyoimwiehwhvyz/Build/Intermediates.noindex/WebDriverAgent.build/Debug-iphonesimulator/WebDriverAgentLib.build/WebDriverAgentLib-own-target-headers.hmap -I/Users/oikhlas/Library/Developer/Xcode/DerivedData/WebDriverAgent-bcmeffsllcldukgyoimwiehwhvyz/Build/Intermediates.noindex/WebDriverAgent.build/Debug-iphonesimulator/WebDriverAgentLib.build/WebDriverAgentLib-all-target-headers.hmap -iquote /Users/oikhlas/Library/Developer/Xcode/DerivedData/WebDriverAgent-bcmeffsllcldukgyoimwiehwhvyz/Build/Intermediates.noindex/WebDriverAgent.build/Debug-iphonesimulator/WebDriverAgentLib.build/WebDriverAgentLib-project-headers.hmap -I/Users/oikhlas/Library/Developer/Xcode/DerivedData/WebDriverAgent-bcmeffsllcldukgyoimwiehwhvyz/Build/Products/Debug-iphonesimulator/include -I/Applications/Xcode.app/Contents/Developer/Platforms/iPhoneSimulator.platform/Developer/SDKs/iPhoneSimulator16.0.sdk/usr/include/libxml2 -I/Users/oikhlas/.appium/node_modules/appium-xcuitest-driver/node_modules/appium-webdriveragent/Modules -I/Users/oikhlas/Library/Developer/Xcode/DerivedData/WebDriverAgent-bcmeffsllcldukgyoimwiehwhvyz/Build/Intermediates.noindex/WebDriverAgent.build/Debug-iphonesimulator/WebDriverAgentLib.build/DerivedSources-normal/x86_64 -I/Users/oikhlas/Library/Developer/Xcode/DerivedData/WebDriverAgent-bcmeffsllcldukgyoimwiehwhvyz/Build/Intermediates.noindex/WebDriverAgent.build/Debug-iphonesimulator/WebDriverAgentLib.build/DerivedSources/x86_64 -I/Users/oikhlas/Library/Developer/Xcode/DerivedData/WebDriverAgent-bcmeffsllcldukgyoimwiehwhvyz/Build/Intermediates.noindex/WebDriverAgent.build/Debug-iphonesimulator/WebDriverAgentLib.build/DerivedSources -Weverything -Wno-objc-missing-property-synthesis -Wno-unused-macros -Wno-disabled-macro-expansion -Wno-gnu-statement-expression -Wno-language-extension-token -Wno-overriding-method-mismatch -Wno-missing-variable-declarations -Rno-module-build -Wno-auto-import -Wno-objc-interface-ivars -Wno-documentation-unknown-command -Wno-reserved-id-macro -Wno-unused-parameter -Wno-gnu-conditional-omitted-operand -Wno-explicit-ownership-type -Wno-date-time -Wno-cast-align -Wno-cstring-format-directive -Wno-double-promotion -Wno-partial-availability -Weverything -Wno-objc-missing-property-synthesis -Wno-unused-macros -Wno-disabled-macro-expansion -Wno-gnu-statement-expression -Wno-language-extension-token -Wno-overriding-method-mismatch -Wno-missing-variable-declarations -Rno-module-build -Wno-auto-import -Wno-objc-interface-ivars -Wno-documentation-unknown-command -Wno-reserved-id-macro -Wno-unused-parameter -Wno-gnu-conditional-omitted-operand -Wno-explicit-ownership-type -Wno-date-time -Wno-cast-align -Wno-cstring-format-directive -Wno-double-promotion -Wno-partial-availability -Wno-objc-messaging-id -Wno-direct-ivar-access -Wno-cast-qual -Wno-declaration-after-statement -F/Users/oikhlas/Library/Developer/Xcode/DerivedData/WebDriverAgent-bcmeffsllcldukgyoimwiehwhvyz/Build/Products/Debug-iphonesimulator -F/Applications/Xcode.app/Contents/Developer/Platforms/iPhoneSimulator.platform/Developer/Library/Frameworks -F/Applications/Xcode.app/Contents/Developer/Platforms/iPhoneSimulator.platform/Developer/Library/PrivateFrameworks -iframework /Applications/Xcode.app/Contents/Developer/Platforms/iPhoneSimulator.platform/Developer/SDKs/iPhoneSimulator16.0.sdk/Developer/Library/Frameworks -MMD -MT dependencies -MF /Users/oikhlas/Library/Developer/Xcode/DerivedData/WebDriverAgent-bcmeffsllcldukgyoimwiehwhvyz/Build/Intermediates.noindex/WebDriverAgent.build/Debug-iphonesimulator/WebDriverAgentLib.build/Objects-normal/x86_64/FBAlert.d --serialize-diagnostics /Users/oikhlas/Library/Developer/Xcode/DerivedData/WebDriverAgent-bcmeffsllcldukgyoimwiehwhvyz/Build/Intermediates.noindex/WebDriverAgent.build/Debug-iphonesimulator/WebDriverAgentLib.build/Objects-normal/x86_64/FBAlert.dia -c /Users/oikhlas/.appium/node_modules/appium-xcuitest-driver/node_modules/appium-webdriveragent/WebDriverAgentLib/FBAlert.m -o /Users/oikhlas/Library/Developer/Xcode/DerivedData/WebDriverAgent-bcmeffsllcldukgyoimwiehwhvyz/Build/Intermediates.noindex/WebDriverAgent.build/Debug-iphonesimulator/WebDriverAgentLib.build/Objects-normal/x86_64/FBAlert.o
&amp#27;[38;5;173m[Xcode]&amp#27;[0m 
&amp#27;[38;5;173m[Xcode]&amp#27;[0m 
&amp#27;[38;5;173m[Xcode]&amp#27;[0m 
&amp#27;[38;5;173m[Xcode]&amp#27;[0m CompileC /Users/oikhlas/Library/Developer/Xcode/DerivedData/WebDriverAgent-bcmeffsllcldukgyoimwiehwhvyz/Build/Intermediates.noindex/WebDriverAgent.build/Debug-iphonesimulator/WebDriverAgentLib.build/Objects-normal/x86_64/FBActiveAppDetectionPoint.o /Users/oikhlas/.appium/node_modules/appium-xcuitest-driver/node_modules/appium-webdriveragent/WebDriverAgentLib/Utilities/FBActiveAppDetectionPoint.m normal x86_64 objective-c com.apple.compilers.llvm.clang.1_0.compiler (in target 'WebDriverAgentLib' from project 'WebDriverAgent')
&amp#27;[38;5;173m[Xcode]&amp#27;[0m     cd /Users/oikhlas/.appium/node_modules/appium-xcuitest-driver/node_modules/appium-webdriveragent
&amp#27;[38;5;173m[Xcode]&amp#27;[0m     /Applications/Xcode.app/Contents/Developer/Toolchains/XcodeDefault.xctoolchain/usr/bin/clang -x objective-c -target x86_64-apple-ios16.0-simulator -fmessage-length\=0 -fdiagnostics-show-note-include-stack -fmacro-backtrace-limit\=0 -std\=gnu99 -fobjc-arc -fmodules -gmodules -fmodules-cache-path\=/Users/oikhlas/Library/Developer/Xcode/DerivedData/WebDriverAgent-bcmeffsllcldukgyoimwiehwhvyz/ModuleCache.noindex -fmodules-prune-interval\=86400 -fmodules-prune-after\=345600 -fbuild-session-file\=/Users/oikhlas/Library/Developer/Xcode/DerivedData/WebDriverAgent-bcmeffsllcldukgyoimwiehwhvyz/ModuleCache.noindex/Session.modulevalidation -fmodules-validate-once-per-build-session -Wno-trigraphs -fpascal-strings -O0 -fno-common -Wmissing-field-initializers -Wno-missing-prototypes -Werror\=return-type -Wunreachable-code -Wquoted-include-in-framework-header -Wno-implicit-atomic-properties -Werror\=deprecated-objc-isa-usage -Wno-objc-interface-ivars -Werror\=objc-root-class -Warc-repeated-use-of-weak -Wno-arc-maybe-repeated-use-of-weak -Wimplicit-retain-self -Wduplicate-method-match -Wno-missing-braces -Wparentheses -Wswitch -Wunused-function -Wno-unused-label -Wunused-parameter -Wunused-variable -Wunused-value -Wempty-body -Wuninitialized -Wconditional-uninitialized -Wno-unknown-pragmas -pedantic -Wshadow -Wno-four-char-constants -Wconversion -Wconstant-conversion -Wint-conversion -Wbool-conversion -Wenum-conversion -Wfloat-conversion -Wnon-literal-null-conversion -Wobjc-literal-conversion -Wassign-enum -Wsign-compare -Wshorten-64-to-32 -Wpointer-sign -Wno-newline-eof -Wno-selector -Wno-strict-selector-match -Wundeclared-selector -Wdeprecated-implementations -Wno-implicit-fallthrough -DDEBUG\=1 -DOBJC_OLD_DISPATCH_PROTOTYPES\=0 -isysroot /Applications/Xcode.app/Contents/Developer/Platforms/iPhoneSimulator.platform/Developer/SDKs/iPhoneSimulator16.0.sdk -fasm-blocks -fstrict-aliasing -Wprotocol -Wdeprecated-declarations -g -Wno-sign-conversion -Winfinite-recursion -Wcomma -Wblock-capture-autoreleasing -Wstrict-prototypes -Wno-semicolon-before-method-body -fobjc-abi-version\=2 -fobjc-legacy-dispatch -iquote /Users/oikhlas/Library/Developer/Xcode/DerivedData/WebDriverAgent-bcmeffsllcldukgyoimwiehwhvyz/Build/Intermediates.noindex/WebDriverAgent.build/Debug-iphonesimulator/WebDriverAgentLib.build/WebDriverAgentLib-generated-files.hmap -I/Users/oikhlas/Library/Developer/Xcode/DerivedData/WebDriverAgent-bcmeffsllcldukgyoimwiehwhvyz/Build/Intermediates.noindex/WebDriverAgent.build/Debug-iphonesimulator/WebDriverAgentLib.build/WebDriverAgentLib-own-target-headers.hmap -I/Users/oikhlas/Library/Developer/Xcode/DerivedData/WebDriverAgent-bcmeffsllcldukgyoimwiehwhvyz/Build/Intermediates.noindex/WebDriverAgent.build/Debug-iphonesimulator/WebDriverAgentLib.build/WebDriverAgentLib-all-target-headers.hmap -iquote /Users/oikhlas/Library/Developer/Xcode/DerivedData/WebDriverAgent-bcmeffsllcldukgyoimwiehwhvyz/Build/Intermediates.noindex/WebDriverAgent.build/Debug-iphonesimulator/WebDriverAgentLib.build/WebDriverAgentLib-project-headers.hmap -I/Users/oikhlas/Library/Developer/Xcode/DerivedData/WebDriverAgent-bcmeffsllcldukgyoimwiehwhvyz/Build/Products/Debug-iphonesimulator/include -I/Applications/Xcode.app/Contents/Developer/Platforms/iPhoneSimulator.platform/Developer/SDKs/iPhoneSimulator16.0.sdk/usr/include/libxml2 -I/Users/oikhlas/.appium/node_modules/appium-xcuitest-driver/node_modules/appium-webdriveragent/Modules -I/Users/oikhlas/Library/Developer/Xcode/DerivedData/WebDriverAgent-bcmeffsllcldukgyoimwiehwhvyz/Build/Intermediates.noindex/WebDriverAgent.build/Debug-iphonesimulator/WebDriverAgentLib.build/DerivedSources-normal/x86_64 -I/Users/oikhlas/Library/Developer/Xcode/DerivedData/WebDriverAgent-bcmeffsllcldukgyoimwiehwhvyz/Build/Intermediates.noindex/WebDriverAgent.build/Debug-iphonesimulator/WebDriverAgentLib.build/DerivedSources/x86_64 -I/Users/oikhlas/Library/Developer/Xcode/DerivedData/WebDriverAgent-bcmeffsllcldukgyoimwiehwhvyz/Build/Intermediates.noindex/WebDriverAgent.build/Debug-iphonesimulator/WebDriverAgentLib.build/DerivedSources -Weverything -Wno-objc-missing-property-synthesis -Wno-unused-macros -Wno-disabled-macro-expansion -Wno-gnu-statement-expression -Wno-language-extension-token -Wno-overriding-method-mismatch -Wno-missing-variable-declarations -Rno-module-build -Wno-auto-import -Wno-objc-interface-ivars -Wno-documentation-unknown-command -Wno-reserved-id-macro -Wno-unused-parameter -Wno-gnu-conditional-omitted-operand -Wno-explicit-ownership-type -Wno-date-time -Wno-cast-align -Wno-cstring-format-directive -Wno-double-promotion -Wno-partial-availability -Weverything -Wno-objc-missing-property-synthesis -Wno-unused-macros -Wno-disabled-macro-expansion -Wno-gnu-statement-expression -Wno-language-extension-token -Wno-overriding-method-mismatch -Wno-missing-variable-declarations -Rno-module-build -Wno-auto-import -Wno-objc-interface-ivars -Wno-documentation-unknown-command -Wno-reserved-id-macro -Wno-unused-parameter -Wno-gnu-conditional-omitted-operand -Wno-explicit-ownership-type -Wno-date-time -Wno-cast-align -Wno-cstring-format-directive -Wno-double-promotion -Wno-partial-availability -Wno-objc-messaging-id -Wno-direct-ivar-access -Wno-cast-qual -Wno-declaration-after-statement -F/Users/oikhlas/Library/Developer/Xcode/DerivedData/WebDriverAgent-bcmeffsllcldukgyoimwiehwhvyz/Build/Products/Debug-iphonesimulator -F/Applications/Xcode.app/Contents/Developer/Platforms/iPhoneSimulator.platform/Developer/Library/Frameworks -F/Applications/Xcode.app/Contents/Developer/Platforms/iPhoneSimulator.platform/Developer/Library/PrivateFrameworks -iframework /Applications/Xcode.app/Contents/Developer/Platforms/iPhoneSimulator.platform/Developer/SDKs/iPhoneSimulator16.0.sdk/Developer/Library/Frameworks -MMD -MT dependencies -MF /Users/oikhlas/Library/Developer/Xcode/DerivedData/WebDriverAgent-bcmeffsllcldukgyoimwiehwhvyz/Build/Intermediates.noindex/WebDriverAgent.build/Debug-iphonesimulator/WebDriverAgentLib.build/Objects-normal/x86_64/FBActiveAppDetectionPoint.d --serialize-diagnostics /Users/oikhlas/Library/Developer/Xcode/DerivedData/WebDriverAgent-bcmeffsllcldukgyoimwiehwhvyz/Build/Intermediates.noindex/WebDriverAgent.build/Debug-iphonesimulator/WebDriverAgentLib.build/Objects-normal/x86_64/FBActiveAppDetectionPoint.dia -c /Users/oikhlas/.appium/node_modules/appium-xcuitest-driver/node_modules/appium-webdriveragent/WebDriverAgentLib/Utilities/FBActiveAppDetectionPoint.m -o /Users/oikhlas/Library/Developer/Xcode/DerivedData/WebDriverAgent-bcmeffsllcldukgyoimwiehwhvyz/Build/Intermediates.noindex/WebDriverAgent.build/Debug-iphonesimulator/WebDriverAgentLib.build/Objects-normal/x86_64/FBActiveAppDetectionPoint.o
&amp#27;[38;5;173m[Xcode]&amp#27;[0m 
&amp#27;[38;5;173m[Xcode]&amp#27;[0m 
&amp#27;[38;5;173m[Xcode]&amp#27;[0m CompileC /Users/oikhlas/Library/Developer/Xcode/DerivedData/WebDriverAgent-bcmeffsllcldukgyoimwiehwhvyz/Build/Intermediates.noindex/WebDriverAgent.build/Debug-iphonesimulator/WebDriverAgentLib.build/Objects-normal/x86_64/DDRange.o /Users/oikhlas/.appium/node_modules/appium-xcuitest-driver/node_modules/appium-webdriveragent/WebDriverAgentLib/Vendor/CocoaHTTPServer/Categories/DDRange.m normal x86_64 objective-c com.apple.compilers.llvm.clang.1_0.compiler (in target 'WebDriverAgentLib' from project 'WebDriverAgent')
&amp#27;[38;5;173m[Xcode]&amp#27;[0m     cd /Users/oikhlas/.appium/node_modules/appium-xcuitest-driver/node_modules/appium-webdriveragent
&amp#27;[38;5;173m[Xcode]&amp#27;[0m     /Applications/Xcode.app/Contents/Developer/Toolchains/XcodeDefault.xctoolchain/usr/bin/clang -x objective-c -target x86_64-apple-ios16.0-simulator -fmessage-length\=0 -fdiagnostics-show-note-include-stack -fmacro-backtrace-limit\=0 -std\=gnu99 -fobjc-arc -fmodules -gmodules -fmodules-cache-path\=/Users/oikhlas/Library/Developer/Xcode/DerivedData/WebDriverAgent-bcmeffsllcldukgyoimwiehwhvyz/ModuleCache.noindex -fmodules-prune-interval\=86400 -fmodules-prune-after\=345600 -fbuild-session-file\=/Users/oikhlas/Library/Developer/Xcode/DerivedData/WebDriverAgent-bcmeffsllcldukgyoimwiehwhvyz/ModuleCache.noindex/Session.modulevalidation -fmodules-validate-once-per-build-session -Wno-trigraphs -fpascal-strings -O0 -fno-common -Wmissing-field-initializers -Wno-missing-prototypes -Werror\=return-type -Wunreachable-code -Wquoted-include-in-framework-header -Wno-implicit-atomic-properties -Werror\=deprecated-objc-isa-usage -Wno-objc-interface-ivars -Werror\=objc-root-class -Warc-repeated-use-of-weak -Wno-arc-maybe-repeated-use-of-weak -Wimplicit-retain-self -Wduplicate-method-match -Wno-missing-braces -Wparentheses -Wswitch -Wunused-function -Wno-unused-label -Wunused-parameter -Wunused-variable -Wunused-value -Wempty-body -Wuninitialized -Wconditional-uninitialized -Wno-unknown-pragmas -pedantic -Wshadow -Wno-four-char-constants -Wconversion -Wconstant-conversion -Wint-conversion -Wbool-conversion -Wenum-conversion -Wfloat-conversion -Wnon-literal-null-conversion -Wobjc-literal-conversion -Wassign-enum -Wsign-compare -Wshorten-64-to-32 -Wpointer-sign -Wno-newline-eof -Wno-selector -Wno-strict-selector-match -Wundeclared-selector -Wdeprecated-implementations -Wno-implicit-fallthrough -DDEBUG\=1 -DOBJC_OLD_DISPATCH_PROTOTYPES\=0 -isysroot /Applications/Xcode.app/Contents/Developer/Platforms/iPhoneSimulator.platform/Developer/SDKs/iPhoneSimulator16.0.sdk -fasm-blocks -fstrict-aliasing -Wprotocol -Wdeprecated-declarations -g -Wno-sign-conversion -Winfinite-recursion -Wcomma -Wblock-capture-autoreleasing -Wstrict-prototypes -Wno-semicolon-before-method-body -fobjc-abi-version\=2 -fobjc-legacy-dispatch -iquote /Users/oikhlas/Library/Developer/Xcode/DerivedData/WebDriverAgent-bcmeffsllcldukgyoimwiehwhvyz/Build/Intermediates.noindex/WebDriverAgent.build/Debug-iphonesimulator/WebDriverAgentLib.build/WebDriverAgentLib-generated-files.hmap -I/Users/oikhlas/Library/Developer/Xcode/DerivedData/WebDriverAgent-bcmeffsllcldukgyoimwiehwhvyz/Build/Intermediates.noindex/WebDriverAgent.build/Debug-iphonesimulator/WebDriverAgentLib.build/WebDriverAgentLib-own-target-headers.hmap -I/Users/oikhlas/Library/Developer/Xcode/DerivedData/WebDriverAgent-bcmeffsllcldukgyoimwiehwhvyz/Build/Intermediates.noindex/WebDriverAgent.build/Debug-iphonesimulator/WebDriverAgentLib.build/WebDriverAgentLib-all-target-headers.hmap -iquote /Users/oikhlas/Library/Developer/Xcode/DerivedData/WebDriverAgent-bcmeffsllcldukgyoimwiehwhvyz/Build/Intermediates.noindex/WebDriverAgent.build/Debug-iphonesimulator/WebDriverAgentLib.build/WebDriverAgentLib-project-headers.hmap -I/Users/oikhlas/Library/Developer/Xcode/DerivedData/WebDriverAgent-bcmeffsllcldukgyoimwiehwhvyz/Build/Products/Debug-iphonesimulator/include -I/Applications/Xcode.app/Contents/Developer/Platforms/iPhoneSimulator.platform/Developer/SDKs/iPhoneSimulator16.0.sdk/usr/include/libxml2 -I/Users/oikhlas/.appium/node_modules/appium-xcuitest-driver/node_modules/appium-webdriveragent/Modules -I/Users/oikhlas/Library/Developer/Xcode/DerivedData/WebDriverAgent-bcmeffsllcldukgyoimwiehwhvyz/Build/Intermediates.noindex/WebDriverAgent.build/Debug-iphonesimulator/WebDriverAgentLib.build/DerivedSources-normal/x86_64 -I/Users/oikhlas/Library/Developer/Xcode/DerivedData/WebDriverAgent-bcmeffsllcldukgyoimwiehwhvyz/Build/Intermediates.noindex/WebDriverAgent.build/Debug-iphonesimulator/WebDriverAgentLib.build/DerivedSources/x86_64 -I/Users/oikhlas/Library/Developer/Xcode/DerivedData/WebDriverAgent-bcmeffsllcldukgyoimwiehwhvyz/Build/Intermediates.noindex/WebDriverAgent.build/Debug-iphonesimulator/WebDriverAgentLib.build/DerivedSources -Weverything -Wno-objc-missing-property-synthesis -Wno-unused-macros -Wno-disabled-macro-expansion -Wno-gnu-statement-expression -Wno-language-extension-token -Wno-overriding-method-mismatch -Wno-missing-variable-declarations -Rno-module-build -Wno-auto-import -Wno-objc-interface-ivars -Wno-documentation-unknown-command -Wno-reserved-id-macro -Wno-unused-parameter -Wno-gnu-conditional-omitted-operand -Wno-explicit-ownership-type -Wno-date-time -Wno-cast-align -Wno-cstring-format-directive -Wno-double-promotion -Wno-partial-availability -Weverything -Wno-objc-missing-property-synthesis -Wno-unused-macros -Wno-disabled-macro-expansion -Wno-gnu-statement-expression -Wno-language-extension-token -Wno-overriding-method-mismatch -Wno-missing-variable-declarations -Rno-module-build -Wno-auto-import -Wno-objc-interface-ivars -Wno-documentation-unknown-command -Wno-reserved-id-macro -Wno-unused-parameter -Wno-gnu-conditional-omitted-operand -Wno-explicit-ownership-type -Wno-date-time -Wno-cast-align -Wno-cstring-format-directive -Wno-double-promotion -Wno-partial-availability -Wno-objc-messaging-id -Wno-direct-ivar-access -Wno-cast-qual -Wno-declaration-after-statement -F/Users/oikhlas/Library/Developer/Xcode/DerivedData/WebDriverAgent-bcmeffsllcldukgyoimwiehwhvyz/Build/Products/Debug-iphonesimulator -F/Applications/Xcode.app/Contents/Developer/Platforms/iPhoneSimulator.platform/Developer/Library/Frameworks -F/Applications/Xcode.app/Contents/Developer/Platforms/iPhoneSimulator.platform/Developer/Library/PrivateFrameworks -iframework /Applications/Xcode.app/Contents/Developer/Platforms/iPhoneSimulator.platform/Developer/SDKs/iPhoneSimulator16.0.sdk/Developer/Library/Frameworks -MMD -MT dependencies -MF /Users/oikhlas/Library/Developer/Xcode/DerivedData/WebDriverAgent-bcmeffsllcldukgyoimwiehwhvyz/Build/Intermediates.noindex/WebDriverAgent.build/Debug-iphonesimulator/WebDriverAgentLib.build/Objects-normal/x86_64/DDRange.d --serialize-diagnostics /Users/oikhlas/Library/Developer/Xcode/DerivedData/WebDriverAgent-bcmeffsllcldukgyoimwiehwhvyz/Build/Intermediates.noindex/WebDriverAgent.build/Debug-iphonesimulator/WebDriverAgentLib.build/Objects-normal/x86_64/DDRange.dia -c /Users/oikhlas/.appium/node_modules/appium-xcuitest-driver/node_modules/appium-webdriveragent/WebDriverAgentLib/Vendor/CocoaHTTPServer/Categories/DDRange.m -o /Users/oikhlas/Library/Developer/Xcode/DerivedData/WebDriverAgent-bcmeffsllcldukgyoimwiehwhvyz/Build/Intermediates.noindex/WebDriverAgent.build/Debug-iphonesimulator/WebDriverAgentLib.build/Objects-normal/x86_64/DDRange.o
&amp#27;[38;5;173m[Xcode]&amp#27;[0m 
&amp#27;[38;5;173m[Xcode]&amp#27;[0m 
&amp#27;[38;5;173m[Xcode]&amp#27;[0m CompileC /Users/oikhlas/Library/Developer/Xcode/DerivedData/WebDriverAgent-bcmeffsllcldukgyoimwiehwhvyz/Build/Intermediates.noindex/WebDriverAgent.build/Debug-iphonesimulator/WebDriverAgentLib.build/Objects-normal/x86_64/DDNumber.o /Users/oikhlas/.appium/node_modules/appium-xcuitest-driver/node_modules/appium-webdriveragent/WebDriverAgentLib/Vendor/CocoaHTTPServer/Categories/DDNumber.m normal x86_64 objective-c com.apple.compilers.llvm.clang.1_0.compiler (in target 'WebDriverAgentLib' from project 'WebDriverAgent')
&amp#27;[38;5;173m[Xcode]&amp#27;[0m     cd /Users/oikhlas/.appium/node_modules/appium-xcuitest-driver/node_modules/appium-webdriveragent
&amp#27;[38;5;173m[Xcode]&amp#27;[0m     /Applications/Xcode.app/Contents/Developer/Toolchains/XcodeDefault.xctoolchain/usr/bin/clang -x objective-c -target x86_64-apple-ios16.0-simulator -fmessage-length\=0 -fdiagnostics-show-note-include-stack -fmacro-backtrace-limit\=0 -std\=gnu99 -fobjc-arc -fmodules -gmodules -fmodules-cache-path\=/Users/oikhlas/Library/Developer/Xcode/DerivedData/WebDriverAgent-bcmeffsllcldukgyoimwiehwhvyz/ModuleCache.noindex -fmodules-prune-interval\=86400 -fmodules-prune-after\=345600 -fbuild-session-file\=/Users/oikhlas/Library/Developer/Xcode/DerivedData/WebDriverAgent-bcmeffsllcldukgyoimwiehwhvyz/ModuleCache.noindex/Session.modulevalidation -fmodules-validate-once-per-build-session -Wno-trigraphs -fpascal-strings -O0 -fno-common -Wmissing-field-initializers -Wno-missing-prototypes -Werror\=return-type -Wunreachable-code -Wquoted-include-in-framework-header -Wno-implicit-atomic-properties -Werror\=deprecated-objc-isa-usage -Wno-objc-interface-ivars -Werror\=objc-root-class -Warc-repeated-use-of-weak -Wno-arc-maybe-repeated-use-of-weak -Wimplicit-retain-self -Wduplicate-method-match -Wno-missing-braces -Wparentheses -Wswitch -Wunused-function -Wno-unused-label -Wunused-parameter -Wunused-variable -Wunused-value -Wempty-body -Wuninitialized -Wconditional-uninitialized -Wno-unknown-pragmas -pedantic -Wshadow -Wno-four-char-constants -Wconversion -Wconstant-conversion -Wint-conversion -Wbool-conversion -Wenum-conversion -Wfloat-conversion -Wnon-literal-null-conversion -Wobjc-literal-conversion -Wassign-enum -Wsign-compare -Wshorten-64-to-32 -Wpointer-sign -Wno-newline-eof -Wno-selector -Wno-strict-selector-match -Wundeclared-selector -Wdeprecated-implementations -Wno-implicit-fallthrough -DDEBUG\=1 -DOBJC_OLD_DISPATCH_PROTOTYPES\=0 -isysroot /Applications/Xcode.app/Contents/Developer/Platforms/iPhoneSimulator.platform/Developer/SDKs/iPhoneSimulator16.0.sdk -fasm-blocks -fstrict-aliasing -Wprotocol -Wdeprecated-declarations -g -Wno-sign-conversion -Winfinite-recursion -Wcomma -Wblock-capture-autoreleasing -Wstrict-prototypes -Wno-semicolon-before-method-body -fobjc-abi-version\=2 -fobjc-legacy-dispatch -iquote /Users/oikhlas/Library/Developer/Xcode/DerivedData/WebDriverAgent-bcmeffsllcldukgyoimwiehwhvyz/Build/Intermediates.noindex/WebDriverAgent.build/Debug-iphonesimulator/WebDriverAgentLib.build/WebDriverAgentLib-generated-files.hmap -I/Users/oikhlas/Library/Developer/Xcode/DerivedData/WebDriverAgent-bcmeffsllcldukgyoimwiehwhvyz/Build/Intermediates.noindex/WebDriverAgent.build/Debug-iphonesimulator/WebDriverAgentLib.build/WebDriverAgentLib-own-target-headers.hmap -I/Users/oikhlas/Library/Developer/Xcode/DerivedData/WebDriverAgent-bcmeffsllcldukgyoimwiehwhvyz/Build/Intermediates.noindex/WebDriverAgent.build/Debug-iphonesimulator/WebDriverAgentLib.build/WebDriverAgentLib-all-target-headers.hmap -iquote /Users/oikhlas/Library/Developer/Xcode/DerivedData/WebDriverAgent-bcmeffsllcldukgyoimwiehwhvyz/Build/Intermediates.noindex/WebDriverAgent.build/Debug-iphonesimulator/WebDriverAgentLib.build/WebDriverAgentLib-project-headers.hmap -I/Users/oikhlas/Library/Developer/Xcode/DerivedData/WebDriverAgent-bcmeffsllcldukgyoimwiehwhvyz/Build/Products/Debug-iphonesimulator/include -I/Applications/Xcode.app/Contents/Developer/Platforms/iPhoneSimulator.platform/Developer/SDKs/iPhoneSimulator16.0.sdk/usr/include/libxml2 -I/Users/oikhlas/.appium/node_modules/appium-xcuitest-driver/node_modules/appium-webdriveragent/Modules -I/Users/oikhlas/Library/Developer/Xcode/DerivedData/WebDriverAgent-bcmeffsllcldukgyoimwiehwhvyz/Build/Intermediates.noindex/WebDriverAgent.build/Debug-iphonesimulator/WebDriverAgentLib.build/DerivedSources-normal/x86_64 -I/Users/oikhlas/Library/Developer/Xcode/DerivedData/WebDriverAgent-bcmeffsllcldukgyoimwiehwhvyz/Build/Intermediates.noindex/WebDriverAgent.build/Debug-iphonesimulator/WebDriverAgentLib.build/DerivedSources/x86_64 -I/Users/oikhlas/Library/Developer/Xcode/DerivedData/WebDriverAgent-bcmeffsllcldukgyoimwiehwhvyz/Build/Intermediates.noindex/WebDriverAgent.build/Debug-iphonesimulator/WebDriverAgentLib.build/DerivedSources -Weverything -Wno-objc-missing-property-synthesis -Wno-unused-macros -Wno-disabled-macro-expansion -Wno-gnu-statement-expression -Wno-language-extension-token -Wno-overriding-method-mismatch -Wno-missing-variable-declarations -Rno-module-build -Wno-auto-import -Wno-objc-interface-ivars -Wno-documentation-unknown-command -Wno-reserved-id-macro -Wno-unused-parameter -Wno-gnu-conditional-omitted-operand -Wno-explicit-ownership-type -Wno-date-time -Wno-cast-align -Wno-cstring-format-directive -Wno-double-promotion -Wno-partial-availability -Weverything -Wno-objc-missing-property-synthesis -Wno-unused-macros -Wno-disabled-macro-expansion -Wno-gnu-statement-expression -Wno-language-extension-token -Wno-overriding-method-mismatch -Wno-missing-variable-declarations -Rno-module-build -Wno-auto-import -Wno-objc-interface-ivars -Wno-documentation-unknown-command -Wno-reserved-id-macro -Wno-unused-parameter -Wno-gnu-conditional-omitted-operand -Wno-explicit-ownership-type -Wno-date-time -Wno-cast-align -Wno-cstring-format-directive -Wno-double-promotion -Wno-partial-availability -Wno-objc-messaging-id -Wno-direct-ivar-access -Wno-cast-qual -Wno-declaration-after-statement -F/Users/oikhlas/Library/Developer/Xcode/DerivedData/WebDriverAgent-bcmeffsllcldukgyoimwiehwhvyz/Build/Products/Debug-iphonesimulator -F/Applications/Xcode.app/Contents/Developer/Platforms/iPhoneSimulator.platform/Developer/Library/Frameworks -F/Applications/Xcode.app/Contents/Developer/Platforms/iPhoneSimulator.platform/Developer/Library/PrivateFrameworks -iframework /Applications/Xcode.app/Contents/Developer/Platforms/iPhoneSimulator.platform/Developer/SDKs/iPhoneSimulator16.0.sdk/Developer/Library/Frameworks -MMD -MT dependencies -MF /Users/oikhlas/Library/Developer/Xcode/DerivedData/WebDriverAgent-bcmeffsllcldukgyoimwiehwhvyz/Build/Intermediates.noindex/WebDriverAgent.build/Debug-iphonesimulator/WebDriverAgentLib.build/Objects-normal/x86_64/DDNumber.d --serialize-diagnostics /Users/oikhlas/Library/Developer/Xcode/DerivedData/WebDriverAgent-bcmeffsllcldukgyoimwiehwhvyz/Build/Intermediates.noindex/WebDriverAgent.build/Debug-iphonesimulator/WebDriverAgentLib.build/Objects-normal/x86_64/DDNumber.dia -c /Users/oikhlas/.appium/node_modules/appium-xcuitest-driver/node_modules/appium-webdriveragent/WebDriverAgentLib/Vendor/CocoaHTTPServer/Categories/DDNumber.m -o /Users/oikhlas/Library/Developer/Xcode/DerivedData/WebDriverAgent-bcmeffsllcldukgyoimwiehwhvyz/Build/Intermediates.noindex/WebDriverAgent.build/Debug-iphonesimulator/WebDriverAgentLib.build/Objects-normal/x86_64/DDNumber.o
&amp#27;[38;5;173m[Xcode]&amp#27;[0m 
&amp#27;[38;5;173m[Xcode]&amp#27;[0m 
&amp#27;[38;5;173m[Xcode]&amp#27;[0m Ld /Users/oikhlas/Library/Developer/Xcode/DerivedData/WebDriverAgent-bcmeffsllcldukgyoimwiehwhvyz/Build/Products/Debug-iphonesimulator/WebDriverAgentLib.framework/WebDriverAgentLib normal (in target 'WebDriverAgentLib' from project 'WebDriverAgent')
&amp#27;[38;5;173m[Xcode]&amp#27;[0m     cd /Users/oikhlas/.appium/node_modules/appium-xcuitest-driver/node_modules/appium-webdriveragent
&amp#27;[38;5;173m[Xcode]&amp#27;[0m     /Applications/Xcode.app/Contents/Developer/Toolchains/XcodeDefault.xctoolchain/usr/bin/clang -target x86_64-apple-ios16.0-simulator -dynamiclib -isysroot /Applications/Xcode.app/Contents/Developer/Platforms/iPhoneSimulator.platform/Developer/SDKs/iPhoneSimulator16.0.sdk -L/Users/oikhlas/Library/Developer/Xcode/DerivedData/WebDriverAgent-bcmeffsllcldukgyoimwiehwhvyz/Build/Intermediates.noindex/EagerLinkingTBDs -L/Users/oikhlas/Library/Developer/Xcode/DerivedData/WebDriverAgent-bcmeffsllcldukgyoimwiehwhvyz/Build/Products/Debug-iphonesimulator -L/Applications/Xcode.app/Contents/Developer/Platforms/iPhoneSimulator.platform/Developer/usr/lib -F/Users/oikhlas/Library/Developer/Xcode/DerivedData/WebDriverAgent-bcmeffsllcldukgyoimwiehwhvyz/Build/Intermediates.noindex/EagerLinkingTBDs -F/Users/oikhlas/Library/Developer/Xcode/DerivedData/WebDriverAgent-bcmeffsllcldukgyoimwiehwhvyz/Build/Products/Debug-iphonesimulator -F/Applications/Xcode.app/Contents/Developer/Platforms/iPhoneSimulator.platform/Developer/Library/Frameworks -F/Applications/Xcode.app/Contents/Developer/Platforms/iPhoneSimulator.platform/Developer/Library/PrivateFrameworks -iframework /Applications/Xcode.app/Contents/Developer/Platforms/iPhoneSimulator.platform/Developer/Library/Frameworks -iframework /Applications/Xcode.app/Contents/Developer/Platforms/iPhoneSimulator.platform/Developer/SDKs/iPhoneSimulator16.0.sdk/Developer/Library/Frameworks -filelist /Users/oikhlas/Library/Developer/Xcode/DerivedData/WebDriverAgent-bcmeffsllcldukgyoimwiehwhvyz/Build/Intermediates.noindex/WebDriverAgent.build/Debug-iphonesimulator/WebDriverAgentLib.build/Objects-normal/x86_64/WebDriverAgentLib.LinkFileList -install_name @rpath/WebDriverAgentLib.framework/WebDriverAgentLib -Xlinker -rpath -Xlinker @executable_path/Frameworks -Xlinker -rpath -Xlinker @loader_path/Frameworks -Xlinker -rpath -Xlinker /Developer/Library/Frameworks -Xlinker -rpath -Xlinker /Developer/Library/PrivateFrameworks -Xlinker -rpath -Xlinker /System/Developer/Library/PrivateFrameworks -Xlinker -rpath -Xlinker /System/Developer/Library/Frameworks -dead_strip -Xlinker -object_path_lto -Xlinker /Users/oikhlas/Library/Developer/Xcode/DerivedData/WebDriverAgent-bcmeffsllcldukgyoimwiehwhvyz/Build/Intermediates.noindex/WebDriverAgent.build/Debug-iphonesimulator/WebDriverAgentLib.build/Objects-normal/x86_64/WebDriverAgentLib_lto.o -Xlinker -export_dynamic -Xlinker -no_deduplicate -Xlinker -objc_abi_version -Xlinker 2 -fobjc-arc -fobjc-link-runtime -lAccessibility -framework XCTest -lxml2 -Xlinker -no_adhoc_codesign -compatibility_version 1 -current_version 1 -Xlinker -dependency_info -Xlinker /Users/oikhlas/Library/Developer/Xcode/DerivedData/WebDriverAgent-bcmeffsllcldukgyoimwiehwhvyz/Build/Intermediates.noindex/WebDriverAgent.build/Debug-iphonesimulator/WebDriverAgentLib.build/Objects-normal/x86_64/WebDriverAgentLib_dependency_info.dat -o /Users/oikhlas/Library/Developer/Xcode/DerivedData/WebDriverAgent-bcmeffsllcldukgyoimwiehwhvyz/Build/Products/Debug-iphonesimulator/WebDriverAgentLib.framework/WebDriverAgentLib
&amp#27;[38;5;173m[Xcode]&amp#27;[0m 
&amp#27;[38;5;173m[Xcode]&amp#27;[0m 2024-11-05 15:48:45.829 xcodebuild[21303:211019]  DVTDownloadable: Unexpected error attempting to parse downloadable from index: Error Domain=DVTDownloadableErrors Code=16 "Unable to read in downloadable data. See underlying errors for details." UserInfo={DownloadablePlist={
&amp#27;[38;5;173m[Xcode]&amp#27;[0m     authentication = virtual;
&amp#27;[38;5;173m[Xcode]&amp#27;[0m     category = simulator;
&amp#27;[38;5;173m[Xcode]&amp#27;[0m     contentType = diskImage;
&amp#27;[38;5;173m[Xcode]&amp#27;[0m     dictionaryVersion = 2;
&amp#27;[38;5;173m[Xcode]&amp#27;[0m     fileSize = 7163594938;
&amp#27;[38;5;173m[Xcode]&amp#27;[0m     hostRequirements =     {
&amp#27;[38;5;173m[Xcode]&amp#27;[0m         minHostVersion = "13.4";
&amp#27;[38;5;173m[Xcode]&amp#27;[0m         minXcodeVersion = "15.0";
&amp#27;[38;5;173m[Xcode]&amp#27;[0m     };
&amp#27;[38;5;173m[Xcode]&amp#27;[0m     identifier = "com.apple.dmg.xrSimulatorSDK1_0";
&amp#27;[38;5;173m[Xcode]&amp#27;[0m     name = "xrOS 1 Simulator Runtime";
&amp#27;[38;5;173m[Xcode]&amp#27;[0m     platform = "com.apple.platform.xros";
&amp#27;[38;5;173m[Xcode]&amp#27;[0m     simulatorVersion =     {
&amp#27;[38;5;173m[Xcode]&amp#27;[0m         buildUpdate = 21N305;
&amp#27;[38;5;173m[Xcode]&amp#27;[0m         version = "1.0";
&amp#27;[38;5;173m[Xcode]&amp#27;[0m     };
&amp#27;[38;5;173m[Xcode]&amp#27;[0m     source = "https://download.developer.apple.com/Developer_Tools/visionOS_1_Simulator_Runtime/visionOS_1_Simulator_Runtime.dmg";
&amp#27;[38;5;173m[Xcode]&amp#27;[0m     version = "1.0.0.0";
&amp#27;[38;5;173m[Xcode]&amp#27;[0m }, NSLocalizedDescription=Unable to read in downloadable data. See underlying errors for details., DVTUnderlyingErrorsKey=(
&amp#27;[38;5;173m[Xcode]&amp#27;[0m     "Error Domain=DVTDownloadableErrors Code=23 \"'com.apple.platform.xros' is an unknown platform identifier.\" UserInfo={NSLocalizedDescription='com.apple.platform.xros' is an unknown platform identifier.}"
&amp#27;[38;5;173m[Xcode]&amp#27;[0m )}
&amp#27;[38;5;173m[Xcode]&amp#27;[0m 
&amp#27;[38;5;173m[Xcode]&amp#27;[0m 2024-11-05 15:48:45.830 xcodebuild[21303:211019]  DVTDownloadable: Unexpected error attempting to parse downloadable from index: Error Domain=DVTDownloadableErrors Code=16 "Unable to read in downloadable data. See underlying errors for details." UserInfo={DownloadablePlist={
&amp#27;[38;5;173m[Xcode]&amp#27;[0m     authentication = virtual;
&amp#27;[38;5;173m[Xcode]&amp#27;[0m     category = simulator;
&amp#27;[38;5;173m[Xcode]&amp#27;[0m     contentType = diskImage;
&amp#27;[38;5;173m[Xcode]&amp#27;[0m     dictionaryVersion = 2;
&amp#27;[38;5;173m[Xcode]&amp#27;[0m     fileSize = 6792905436;
&amp#27;[38;5;173m[Xcode]&amp#27;[0m     hostRequirements =     {
&amp#27;[38;5;173m[Xcode]&amp#27;[0m         minHostVersion = "13.4";
&amp#27;[38;5;173m[Xcode]&amp#27;[0m         minXcodeVersion = "15.0";
&amp#27;[38;5;173m[Xcode]&amp#27;[0m     };
&amp#27;[38;5;173m[Xcode]&amp#27;[0m     identifier = "com.apple.dmg.xrSimulatorSDK1_1_b1";
&amp#27;[38;5;173m[Xcode]&amp#27;[0m     name = "xrOS 1.1 beta Simulator Runtime";
&amp#27;[38;5;173m[Xcode]&amp#27;[0m     platform = "com.apple.platform.xros";
&amp#27;[38;5;173m[Xcode]&amp#27;[0m     simulatorVersion =     {
&amp#27;[38;5;173m[Xcode]&amp#27;[0m         buildUpdate = 21O5181e;
&amp#27;[38;5;173m[Xcode]&amp#27;[0m         version = "1.1";
&amp#27;[38;5;173m[Xcode]&amp#27;[0m     };
&amp#27;[38;5;173m[Xcode]&amp#27;[0m     source = "https://download.developer.apple.com/Developer_Tools/visionOS_1.1_beta_Simulator_Runtime/visionOS_1.1_beta_Simulator_Runtime.dmg";
&amp#27;[38;5;173m[Xcode]&amp#27;[0m     version = "1.1.0.1";
&amp#27;[38;5;173m[Xcode]&amp#27;[0m }, NSLocalizedDescription=Unable to read in downloadable data. See underlying errors for details., DVTUnderlyingErrorsKey=(
&amp#27;[38;5;173m[Xcode]&amp#27;[0m     "Error Domain=DVTDownloadableErrors Code=23 \"'com.apple.platform.xros' is an unknown platform identifier.\" UserInfo={NSLocalizedDescription='com.apple.platform.xros' is an unknown platform identifier.}"
&amp#27;[38;5;173m[Xcode]&amp#27;[0m )}
&amp#27;[38;5;173m[Xcode]&amp#27;[0m 
&amp#27;[38;5;173m[Xcode]&amp#27;[0m 2024-11-05 15:48:45.835 xcodebuild[21303:211019]  DVTDownloadable: Unexpected error attempting to parse downloadable from index: Error Domain=DVTDownloadableErrors Code=16 "Unable to read in downloadable data. See underlying errors for details." UserInfo={DownloadablePlist={
&amp#27;[38;5;173m[Xcode]&amp#27;[0m     authentication = virtual;
&amp#27;[38;5;173m[Xcode]&amp#27;[0m     category = simulator;
&amp#27;[38;5;173m[Xcode]&amp#27;[0m     contentType = diskImage;
&amp#27;[38;5;173m[Xcode]&amp#27;[0m     dictionaryVersion = 2;
&amp#27;[38;5;173m[Xcode]&amp#27;[0m     fileSize = 6790205536;
&amp#27;[38;5;173m[Xcode]&amp#27;[0m     hostRequirements =     {
&amp#27;[38;5;173m[Xcode]&amp#27;[0m         minHostVersion = "13.4";
&amp#27;[38;5;173m[Xcode]&amp#27;[0m         minXcodeVersion = "15.0";
&amp#27;[38;5;173m[Xcode]&amp#27;[0m     };
&amp#27;[38;5;173m[Xcode]&amp#27;[0m     identifier = "com.apple.dmg.xrSimulatorSDK1_1_b2";
&amp#27;[38;5;173m[Xcode]&amp#27;[0m     name = "xrOS 1.1 beta 2 Simulator Runtime";
&amp#27;[38;5;173m[Xcode]&amp#27;[0m     platform = "com.apple.platform.xros";
&amp#27;[38;5;173m[Xcode]&amp#27;[0m     simulatorVersion =     {
&amp#27;[38;5;173m[Xcode]&amp#27;[0m         buildUpdate = 21O5188c;
&amp#27;[38;5;173m[Xcode]&amp#27;[0m         version = "1.1";
&amp#27;[38;5;173m[Xcode]&amp#27;[0m     };
&amp#27;[38;5;173m[Xcode]&amp#27;[0m     source = "https://download.developer.apple.com/Developer_Tools/visionOS_1.1_beta_2_Simulator_Runtime/visionOS_1.1_beta_2_Simulator_Runtime.dmg";
&amp#27;[38;5;173m[Xcode]&amp#27;[0m     version = "1.1.0.2";
&amp#27;[38;5;173m[Xcode]&amp#27;[0m }, NSLocalizedDescription=Unable to read in downloadable data. See underlying errors for details., DVTUnderlyingErrorsKey=(
&amp#27;[38;5;173m[Xcode]&amp#27;[0m     "Error Domain=DVTDownloadableErrors Code=23 \"'com.apple.platform.xros' is an unknown platform identifier.\" UserInfo={NSLocalizedDescription='com.apple.platform.xros' is an unknown platform identifier.}"
&amp#27;[38;5;173m[Xcode]&amp#27;[0m )}
&amp#27;[38;5;173m[Xcode]&amp#27;[0m 
&amp#27;[38;5;173m[Xcode]&amp#27;[0m 2024-11-05 15:48:45.839 xcodebuild[21303:211019]  DVTDownloadable: Unexpected error attempting to parse downloadable from index: Error Domain=DVTDownloadableErrors Code=16 "Unable to read in downloadable data. See underlying errors for details." UserInfo={DownloadablePlist={
&amp#27;[38;5;173m[Xcode]&amp#27;[0m     authentication = virtual;
&amp#27;[38;5;173m[Xcode]&amp#27;[0m     category = simulator;
&amp#27;[38;5;173m[Xcode]&amp#27;[0m     contentType = diskImage;
&amp#27;[38;5;173m[Xcode]&amp#27;[0m     dictionaryVersion = 2;
&amp#27;[38;5;173m[Xcode]&amp#27;[0m     fileSize = 6796687016;
&amp#27;[38;5;173m[Xcode]&amp#27;[0m     hostRequirements =     {
&amp#27;[38;5;173m[Xcode]&amp#27;[0m         minHostVersion = "13.4";
&amp#27;[38;5;173m[Xcode]&amp#27;[0m         minXcodeVersion = "15.0";
&amp#27;[38;5;173m[Xcode]&amp#27;[0m     };
&amp#27;[38;5;173m[Xcode]&amp#27;[0m     identifier = "com.apple.dmg.xrSimulatorSDK1_1";
&amp#27;[38;5;173m[Xcode]&amp#27;[0m     name = "xrOS 1.1 Simulator Runtime";
&amp#27;[38;5;173m[Xcode]&amp#27;[0m     platform = "com.apple.platform.xros";
&amp#27;[38;5;173m[Xcode]&amp#27;[0m     simulatorVersion =     {
&amp#27;[38;5;173m[Xcode]&amp#27;[0m         buildUpdate = 21O209;
&amp#27;[38;5;173m[Xcode]&amp#27;[0m         version = "1.1";
&amp#27;[38;5;173m[Xcode]&amp#27;[0m     };
&amp#27;[38;5;173m[Xcode]&amp#27;[0m     source = "https://download.developer.apple.com/Developer_Tools/visionOS_1.1_Simulator_Runtime/visionOS_1.1_Simulator_Runtime.dmg";
&amp#27;[38;5;173m[Xcode]&amp#27;[0m     version = "1.1.0.0";
&amp#27;[38;5;173m[Xcode]&amp#27;[0m }, NSLocalizedDescription=Unable to read in downloadable data. See underlying errors for details., DVTUnderlyingErrorsKey=(
&amp#27;[38;5;173m[Xcode]&amp#27;[0m     "Error Domain=DVTDownloadableErrors Code=23 \"'com.apple.platform.xros' is an unknown platform identifier.\" UserInfo={NSLocalizedDescription='com.apple.platform.xros' is an unknown platform identifier.}"
&amp#27;[38;5;173m[Xcode]&amp#27;[0m )}
&amp#27;[38;5;173m[Xcode]&amp#27;[0m 
&amp#27;[38;5;173m[Xcode]&amp#27;[0m 2024-11-05 15:48:45.840 xcodebuild[21303:211019]  DVTDownloadable: Unexpected error attempting to parse downloadable from index: Error Domain=DVTDownloadableErrors Code=16 "Unable to read in downloadable data. See underlying errors for details." UserInfo={DownloadablePlist={
&amp#27;[38;5;173m[Xcode]&amp#27;[0m     authentication = virtual;
&amp#27;[38;5;173m[Xcode]&amp#27;[0m     category = simulator;
&amp#27;[38;5;173m[Xcode]&amp#27;[0m     contentType = diskImage;
&amp#27;[38;5;173m[Xcode]&amp#27;[0m     dictionaryVersion = 2;
&amp#27;[38;5;173m[Xcode]&amp#27;[0m     fileSize = 6930650472;
&amp#27;[38;5;173m[Xcode]&amp#27;[0m     identifier = "com.apple.dmg.xrSimulatorSDK1_2";
&amp#27;[38;5;173m[Xcode]&amp#27;[0m     name = "visionOS 1.2 Simulator Runtime";
&amp#27;[38;5;173m[Xcode]&amp#27;[0m     platform = "com.apple.platform.xros";
&amp#27;[38;5;173m[Xcode]&amp#27;[0m     simulatorVersion =     {
&amp#27;[38;5;173m[Xcode]&amp#27;[0m         buildUpdate = 21O5565d;
&amp#27;[38;5;173m[Xcode]&amp#27;[0m         version = "1.2";
&amp#27;[38;5;173m[Xcode]&amp#27;[0m     };
&amp#27;[38;5;173m[Xcode]&amp#27;[0m     source = "https://download.developer.apple.com/Developer_Tools/visionOS_1.2_Simulator_Runtime/visionOS_1.2_Simulator_Runtime.dmg";
&amp#27;[38;5;173m[Xcode]&amp#27;[0m     version = "1.2.0.0";
&amp#27;[38;5;173m[Xcode]&amp#27;[0m }, NSLocalizedDescription=Unable to read in downloadable data. See underlying errors for details., DVTUnderlyingErrorsKey=(
&amp#27;[38;5;173m[Xcode]&amp#27;[0m     "Error Domain=DVTDownloadableErrors Code=23 \"'com.apple.platform.xros' is an unknown platform identifier.\" UserInfo={NSLocalizedDescription='com.apple.platform.xros' is an unknown platform identifier.}"
&amp#27;[38;5;173m[Xcode]&amp#27;[0m )}
&amp#27;[38;5;173m[Xcode]&amp#27;[0m 
&amp#27;[38;5;173m[Xcode]&amp#27;[0m 2024-11-05 15:48:45.840 xcodebuild[21303:211019]  DVTDownloadable: Unexpected error attempting to parse downloadable from index: Error Domain=DVTDownloadableErrors Code=16 "Unable to read in downloadable data. See underlying errors for details." UserInfo={DownloadablePlist={
&amp#27;[38;5;173m[Xcode]&amp#27;[0m     category = simulator;
&amp#27;[38;5;173m[Xcode]&amp#27;[0m     contentType = cryptexDiskImage;
&amp#27;[38;5;173m[Xcode]&amp#27;[0m     dictionaryVersion = 2;
&amp#27;[38;5;173m[Xcode]&amp#27;[0m     downloadMethod = mobileAsset;
&amp#27;[38;5;173m[Xcode]&amp#27;[0m     fileSize = 8455760175;
&amp#27;[38;5;173m[Xcode]&amp#27;[0m     identifier = "com.apple.dmg.iPhoneSimulatorSDK18_0_b1";
&amp#27;[38;5;173m[Xcode]&amp#27;[0m     name = "iOS 18.0 beta Simulator Runtime";
&amp#27;[38;5;173m[Xcode]&amp#27;[0m     platform = "com.apple.platform.iphoneos";
&amp#27;[38;5;173m[Xcode]&amp#27;[0m     simulatorVersion =     {
&amp#27;[38;5;173m[Xcode]&amp#27;[0m         buildUpdate = 22A5282m;
&amp#27;[38;5;173m[Xcode]&amp#27;[0m         version = "18.0";
&amp#27;[38;5;173m[Xcode]&amp#27;[0m     };
&amp#27;[38;5;173m[Xcode]&amp#27;[0m     version = "18.0.0.1";
&amp#27;[38;5;173m[Xcode]&amp#27;[0m }, NSLocalizedDescription=Unable to read in downloadable data. See underlying errors for details., DVTUnderlyingErrorsKey=(
&amp#27;[38;5;173m[Xcode]&amp#27;[0m     "Error Domain=DVTDownloadableErrors Code=27 \"'cryptexDiskImage' is an unknown content type.\" UserInfo={NSLocalizedDescription='cryptexDiskImage' is an unknown content type.}"
&amp#27;[38;5;173m[Xcode]&amp#27;[0m )}
&amp#27;[38;5;173m[Xcode]&amp#27;[0m 
&amp#27;[38;5;173m[Xcode]&amp#27;[0m 2024-11-05 15:48:45.841 xcodebuild[21303:211019]  DVTDownloadable: Unexpected error attempting to parse downloadable from index: Error Domain=DVTDownloadableErrors Code=16 "Unable to read in downloadable data. See underlying errors for details." UserInfo={DownloadablePlist={
&amp#27;[38;5;173m[Xcode]&amp#27;[0m     category = simulator;
&amp#27;[38;5;173m[Xcode]&amp#27;[0m     contentType = cryptexDiskImage;
&amp#27;[38;5;173m[Xcode]&amp#27;[0m     dictionaryVersion = 2;
&amp#27;[38;5;173m[Xcode]&amp#27;[0m     downloadMethod = mobileAsset;
&amp#27;[38;5;173m[Xcode]&amp#27;[0m     fileSize = 4160787106;
&amp#27;[38;5;173m[Xcode]&amp#27;[0m     identifier = "com.apple.dmg.AppleTVSimulatorSDK18_0_b1";
&amp#27;[38;5;173m[Xcode]&amp#27;[0m     name = "tvOS 18.0 beta Simulator Runtime";
&amp#27;[38;5;173m[Xcode]&amp#27;[0m     platform = "com.apple.platform.appletvos";
&amp#27;[38;5;173m[Xcode]&amp#27;[0m     simulatorVersion =     {
&amp#27;[38;5;173m[Xcode]&amp#27;[0m         buildUpdate = 22J5290l;
&amp#27;[38;5;173m[Xcode]&amp#27;[0m         version = "18.0";
&amp#27;[38;5;173m[Xcode]&amp#27;[0m     };
&amp#27;[38;5;173m[Xcode]&amp#27;[0m     version = "18.0.0.1";
&amp#27;[38;5;173m[Xcode]&amp#27;[0m }, NSLocalizedDescription=Unable to read in downloadable data. See underlying errors for details., DVTUnderlyingErrorsKey=(
&amp#27;[38;5;173m[Xcode]&amp#27;[0m     "Error Domain=DVTDownloadableErrors Code=27 \"'cryptexDiskImage' is an unknown content type.\" UserInfo={NSLocalizedDescription='cryptexDiskImage' is an unknown content type.}"
&amp#27;[38;5;173m[Xcode]&amp#27;[0m )}
&amp#27;[38;5;173m[Xcode]&amp#27;[0m 
&amp#27;[38;5;173m[Xcode]&amp#27;[0m 2024-11-05 15:48:45.876 xcodebuild[21303:211019]  DVTDownloadable: Unexpected error attempting to parse downloadable from index: Error Domain=DVTDownloadableErrors Code=16 "Unable to read in downloadable data. See underlying errors for details." UserInfo={DownloadablePlist={
&amp#27;[38;5;173m[Xcode]&amp#27;[0m     category = simulator;
&amp#27;[38;5;173m[Xcode]&amp#27;[0m     contentType = cryptexDiskImage;
&amp#27;[38;5;173m[Xcode]&amp#27;[0m     dictionaryVersion = 2;
&amp#27;[38;5;173m[Xcode]&amp#27;[0m     downloadMethod = mobileAsset;
&amp#27;[38;5;173m[Xcode]&amp#27;[0m     fileSize = 8187324743;
&amp#27;[38;5;173m[Xcode]&amp#27;[0m     identifier = "com.apple.dmg.xrSimulatorSDK2_0_b1";
&amp#27;[38;5;173m[Xcode]&amp#27;[0m     name = "visionOS 2.0 beta Simulator Runtime";
&amp#27;[38;5;173m[Xcode]&amp#27;[0m     platform = "com.apple.platform.xros";
&amp#27;[38;5;173m[Xcode]&amp#27;[0m     simulatorVersion =     {
&amp#27;[38;5;173m[Xcode]&amp#27;[0m         buildUpdate = 22N5252m;
&amp#27;[38;5;173m[Xcode]&amp#27;[0m         version = "2.0";
&amp#27;[38;5;173m[Xcode]&amp#27;[0m     };
&amp#27;[38;5;173m[Xcode]&amp#27;[0m     version = "2.0.0.1";
&amp#27;[38;5;173m[Xcode]&amp#27;[0m }, NSLocalizedDescription=Unable to read in downloadable data. See underlying errors for details., DVTUnderlyingErrorsKey=(
&amp#27;[38;5;173m[Xcode]&amp#27;[0m     "Error Domain=DVTDownloadableErrors Code=27 \"'cryptexDiskImage' is an unknown content type.\" UserInfo={NSLocalizedDescription='cryptexDiskImage' is an unknown content type.}",
&amp#27;[38;5;173m[Xcode]&amp#27;[0m     "Error Domain=DVTDownloadableErrors Code=23 \"'com.apple.platform.xros' is an unknown platform identifier.\" UserInfo={NSLocalizedDescription='com.apple.platform.xros' is an unknown platform identifier.}"
&amp#27;[38;5;173m[Xcode]&amp#27;[0m )}
&amp#27;[38;5;173m[Xcode]&amp#27;[0m 
&amp#27;[38;5;173m[Xcode]&amp#27;[0m 2024-11-05 15:48:45.877 xcodebuild[21303:211019]  DVTDownloadable: Unexpected error attempting to parse downloadable from index: Error Domain=DVTDownloadableErrors Code=16 "Unable to read in downloadable data. See underlying errors for details." UserInfo={DownloadablePlist={
&amp#27;[38;5;173m[Xcode]&amp#27;[0m     category = simulator;
&amp#27;[38;5;173m[Xcode]&amp#27;[0m     contentType = cryptexDiskImage;
&amp#27;[38;5;173m[Xcode]&amp#27;[0m     dictionaryVersion = 2;
&amp#27;[38;5;173m[Xcode]&amp#27;[0m     downloadMethod = mobileAsset;
&amp#27;[38;5;173m[Xcode]&amp#27;[0m     fileSize = 4227895988;
&amp#27;[38;5;173m[Xcode]&amp#27;[0m     identifier = "com.apple.dmg.WatchSimulatorSDK11_0_b1";
&amp#27;[38;5;173m[Xcode]&amp#27;[0m     name = "watchOS 11.0 beta Simulator Runtime";
&amp#27;[38;5;173m[Xcode]&amp#27;[0m     platform = "com.apple.platform.watchos";
&amp#27;[38;5;173m[Xcode]&amp#27;[0m     simulatorVersion =     {
&amp#27;[38;5;173m[Xcode]&amp#27;[0m         buildUpdate = 22R5284o;
&amp#27;[38;5;173m[Xcode]&amp#27;[0m         version = "11.0";
&amp#27;[38;5;173m[Xcode]&amp#27;[0m     };
&amp#27;[38;5;173m[Xcode]&amp#27;[0m     version = "11.0.0.1";
&amp#27;[38;5;173m[Xcode]&amp#27;[0m }, NSLocalizedDescription=Unable to read in downloadable data. See underlying errors for details., DVTUnderlyingErrorsKey=(
&amp#27;[38;5;173m[Xcode]&amp#27;[0m     "Error Domain=DVTDownloadableErrors Code=27 \"'cryptexDiskImage' is an unknown content type.\" UserInfo={NSLocalizedDescription='cryptexDiskImage' is an unknown content type.}"
&amp#27;[38;5;173m[Xcode]&amp#27;[0m )}
&amp#27;[38;5;173m[Xcode]&amp#27;[0m 
&amp#27;[38;5;173m[Xcode]&amp#27;[0m 2024-11-05 15:48:45.878 xcodebuild[21303:211019]  DVTDownloadable: Unexpected error attempting to parse downloadable from index: Error Domain=DVTDownloadableErrors Code=16 "Unable to read in downloadable data. See underlying errors for details." UserInfo={DownloadablePlist={
&amp#27;[38;5;173m[Xcode]&amp#27;[0m     category = simulator;
&amp#27;[38;5;173m[Xcode]&amp#27;[0m     contentType = cryptexDiskImage;
&amp#27;[38;5;173m[Xcode]&amp#27;[0m     dictionaryVersion = 2;
&amp#27;[38;5;173m[Xcode]&amp#27;[0m     downloadMethod = mobileAsset;
&amp#27;[38;5;173m[Xcode]&amp#27;[0m     fileSize = 8254433558;
&amp#27;[38;5;173m[Xcode]&amp#27;[0m     identifier = "com.apple.dmg.iPhoneSimulatorSDK18_0_b2";
&amp#27;[38;5;173m[Xcode]&amp#27;[0m     name = "iOS 18.0 beta 2 Simulator Runtime";
&amp#27;[38;5;173m[Xcode]&amp#27;[0m     platform = "com.apple.platform.iphoneos";
&amp#27;[38;5;173m[Xcode]&amp#27;[0m     simulatorVersion =     {
&amp#27;[38;5;173m[Xcode]&amp#27;[0m         buildUpdate = 22A5297f;
&amp#27;[38;5;173m[Xcode]&amp#27;[0m         version = "18.0";
&amp#27;[38;5;173m[Xcode]&amp#27;[0m     };
&amp#27;[38;5;173m[Xcode]&amp#27;[0m     version = "18.0.0.2";
&amp#27;[38;5;173m[Xcode]&amp#27;[0m }, NSLocalizedDescription=Unable to read in downloadable data. See underlying errors for details., DVTUnderlyingErrorsKey=(
&amp#27;[38;5;173m[Xcode]&amp#27;[0m     "Error Domain=DVTDownloadableErrors Code=27 \"'cryptexDiskImage' is an unknown content type.\" UserInfo={NSLocalizedDescription='cryptexDiskImage' is an unknown content type.}"
&amp#27;[38;5;173m[Xcode]&amp#27;[0m )}
&amp#27;[38;5;173m[Xcode]&amp#27;[0m 
&amp#27;[38;5;173m[Xcode]&amp#27;[0m 2024-11-05 15:48:45.878 xcodebuild[21303:211019]  DVTDownloadable: Unexpected error attempting to parse downloadable from index: Error Domain=DVTDownloadableErrors Code=16 "Unable to read in downloadable data. See underlying errors for details." UserInfo={DownloadablePlist={
&amp#27;[38;5;173m[Xcode]&amp#27;[0m     category = simulator;
&amp#27;[38;5;173m[Xcode]&amp#27;[0m     contentType = cryptexDiskImage;
&amp#27;[38;5;173m[Xcode]&amp#27;[0m     dictionaryVersion = 2;
&amp#27;[38;5;173m[Xcode]&amp#27;[0m     downloadMethod = mobileAsset;
&amp#27;[38;5;173m[Xcode]&amp#27;[0m     fileSize = 4295004853;
&amp#27;[38;5;173m[Xcode]&amp#27;[0m     identifier = "com.apple.dmg.AppleTVSimulatorSDK18_0_b2";
&amp#27;[38;5;173m[Xcode]&amp#27;[0m     name = "tvOS 18.0 beta 2 Simulator Runtime";
&amp#27;[38;5;173m[Xcode]&amp#27;[0m     platform = "com.apple.platform.appletvos";
&amp#27;[38;5;173m[Xcode]&amp#27;[0m     simulatorVersion =     {
&amp#27;[38;5;173m[Xcode]&amp#27;[0m         buildUpdate = 22J5305e;
&amp#27;[38;5;173m[Xcode]&amp#27;[0m         version = "18.0";
&amp#27;[38;5;173m[Xcode]&amp#27;[0m     };
&amp#27;[38;5;173m[Xcode]&amp#27;[0m     version = "18.0.0.2";
&amp#27;[38;5;173m[Xcode]&amp#27;[0m }, NSLocalizedDescription=Unable to read in downloadable data. See underlying errors for details., DVTUnderlyingErrorsKey=(
&amp#27;[38;5;173m[Xcode]&amp#27;[0m     "Error Domain=DVTDownloadableErrors Code=27 \"'cryptexDiskImage' is an unknown content type.\" UserInfo={NSLocalizedDescription='cryptexDiskImage' is an unknown content type.}"
&amp#27;[38;5;173m[Xcode]&amp#27;[0m )}
&amp#27;[38;5;173m[Xcode]&amp#27;[0m 2024-11-05 15:48:45.879 xcodebuild[21303:211019]  DVTDownloadable: Unexpected error attempting to parse downloadable from index: Error Domain=DVTDownloadableErrors Code=16 "Unable to read in downloadable data. See underlying errors for details." UserInfo={DownloadablePlist={
&amp#27;[38;5;173m[Xcode]&amp#27;[0m     category = simulator;
&amp#27;[38;5;173m[Xcode]&amp#27;[0m     contentType = cryptexDiskImage;
&amp#27;[38;5;173m[Xcode]&amp#27;[0m     dictionaryVersion = 2;
&amp#27;[38;5;173m[Xcode]&amp#27;[0m     downloadMethod = mobileAsset;
&amp#27;[38;5;173m[Xcode]&amp#27;[0m     fileSize = 8254433594;
&amp#27;[38;5;173m[Xcode]&amp#27;[0m     identifier = "com.apple.dmg.xrSimulatorSDK2_0_b2";
&amp#27;[38;5;173m[Xcode]&amp#27;[0m     name = "visionOS 2.0 beta 2 Simulator Runtime";
&amp#27;[38;5;173m[Xcode]&amp#27;[0m     platform = "com.apple.platform.xros";
&amp#27;[38;5;173m[Xcode]&amp#27;[0m     simulatorVersion =     {
&amp#27;[38;5;173m[Xcode]&amp#27;[0m         buildUpdate = 22N5267g;
&amp#27;[38;5;173m[Xcode]&amp#27;[0m         version = "2.0";
&amp#27;[38;5;173m[Xcode]&amp#27;[0m     };
&amp#27;[38;5;173m[Xcode]&amp#27;[0m     version = "2.0.0.2";
&amp#27;[38;5;173m[Xcode]&amp#27;[0m }, NSLocalizedDescription=Unable to read in downloadable data. See underlying errors for details., DVTUnderlyingErrorsKey=(
&amp#27;[38;5;173m[Xcode]&amp#27;[0m     "Error Domain=DVTDownloadableErrors Code=27 \"'cryptexDiskImage' is an unknown content type.\" UserInfo={NSLocalizedDescription='cryptexDiskImage' is an unknown content type.}",
&amp#27;[38;5;173m[Xcode]&amp#27;[0m     "Error Domain=DVTDownloadableErrors Code=23 \"'com.apple.platform.xros' is an unknown platform identifier.\" UserInfo={NSLocalizedDescription='com.apple.platform.xros' is an unknown platform identifier.}"
&amp#27;[38;5;173m[Xcode]&amp#27;[0m )}
&amp#27;[38;5;173m[Xcode]&amp#27;[0m 
&amp#27;[38;5;173m[Xcode]&amp#27;[0m 2024-11-05 15:48:45.879 xcodebuild[21303:211019]  DVTDownloadable: Unexpected error attempting to parse downloadable from index: Error Domain=DVTDownloadableErrors Code=16 "Unable to read in downloadable data. See underlying errors for details." UserInfo={DownloadablePlist={
&amp#27;[38;5;173m[Xcode]&amp#27;[0m     category = simulator;
&amp#27;[38;5;173m[Xcode]&amp#27;[0m     contentType = cryptexDiskImage;
&amp#27;[38;5;173m[Xcode]&amp#27;[0m     dictionaryVersion = 2;
&amp#27;[38;5;173m[Xcode]&amp#27;[0m     downloadMethod = mobileAsset;
&amp#27;[38;5;173m[Xcode]&amp#27;[0m     fileSize = 4227895950;
&amp#27;[38;5;173m[Xcode]&amp#27;[0m     identifier = "com.apple.dmg.WatchSimulatorSDK11_0_b2";
&amp#27;[38;5;173m[Xcode]&amp#27;[0m     name = "watchOS 11.0 beta 2 Simulator Runtime";
&amp#27;[38;5;173m[Xcode]&amp#27;[0m     platform = "com.apple.platform.watchos";
&amp#27;[38;5;173m[Xcode]&amp#27;[0m     simulatorVersion =     {
&amp#27;[38;5;173m[Xcode]&amp#27;[0m         buildUpdate = 22R5299d;
&amp#27;[38;5;173m[Xcode]&amp#27;[0m         version = "11.0";
&amp#27;[38;5;173m[Xcode]&amp#27;[0m     };
&amp#27;[38;5;173m[Xcode]&amp#27;[0m     version = "11.0.0.2";
&amp#27;[38;5;173m[Xcode]&amp#27;[0m }, NSLocalizedDescription=Unable to read in downloadable data. See underlying errors for details., DVTUnderlyingErrorsKey=(
&amp#27;[38;5;173m[Xcode]&amp#27;[0m     "Error Domain=DVTDownloadableErrors Code=27 \"'cryptexDiskImage' is an unknown content type.\" UserInfo={NSLocalizedDescription='cryptexDiskImage' is an unknown content type.}"
&amp#27;[38;5;173m[Xcode]&amp#27;[0m )}
&amp#27;[38;5;173m[Xcode]&amp#27;[0m 2024-11-05 15:48:45.879 xcodebuild[21303:211019]  DVTDownloadable: Unexpected error attempting to parse downloadable from index: Error Domain=DVTDownloadableErrors Code=16 "Unable to read in downloadable data. See underlying errors for details." UserInfo={DownloadablePlist={
&amp#27;[38;5;173m[Xcode]&amp#27;[0m     category = simulator;
&amp#27;[38;5;173m[Xcode]&amp#27;[0m     contentType = cryptexDiskImage;
&amp#27;[38;5;173m[Xcode]&amp#27;[0m     dictionaryVersion = 2;
&amp#27;[38;5;173m[Xcode]&amp#27;[0m     downloadMethod = mobileAsset;
&amp#27;[38;5;173m[Xcode]&amp#27;[0m     fileSize = 8254433585;
&amp#27;[38;5;173m[Xcode]&amp#27;[0m     identifier = "com.apple.dmg.iPhoneSimulatorSDK18_0_b3";
&amp#27;[38;5;173m[Xcode]&amp#27;[0m     name = "iOS 18.0 beta 3 Simulator Runtime";
&amp#27;[38;5;173m[Xcode]&amp#27;[0m     platform = "com.apple.platform.iphoneos";
&amp#27;[38;5;173m[Xcode]&amp#27;[0m     simulatorVersion =     {
&amp#27;[38;5;173m[Xcode]&amp#27;[0m         buildUpdate = 22A5307f;
&amp#27;[38;5;173m[Xcode]&amp#27;[0m         version = "18.0";
&amp#27;[38;5;173m[Xcode]&amp#27;[0m     };
&amp#27;[38;5;173m[Xcode]&amp#27;[0m     version = "18.0.0.3";
&amp#27;[38;5;173m[Xcode]&amp#27;[0m }, NSLocalizedDescription=Unable to read in downloadable data. See underlying errors for details., DVTUnderlyingErrorsKey=(
&amp#27;[38;5;173m[Xcode]&amp#27;[0m     "Error Domain=DVTDownloadableErrors Code=27 \"'cryptexDiskImage' is an unknown content type.\" UserInfo={NSLocalizedDescription='cryptexDiskImage' is an unknown content type.}"
&amp#27;[38;5;173m[Xcode]&amp#27;[0m )}
&amp#27;[38;5;173m[Xcode]&amp#27;[0m 2024-11-05 15:48:45.879 xcodebuild[21303:211019]  DVTDownloadable: Unexpected error attempting to parse downloadable from index: Error Domain=DVTDownloadableErrors Code=16 "Unable to read in downloadable data. See underlying errors for details." UserInfo={DownloadablePlist={
&amp#27;[38;5;173m[Xcode]&amp#27;[0m     category = simulator;
&amp#27;[38;5;173m[Xcode]&amp#27;[0m     contentType = cryptexDiskImage;
&amp#27;[38;5;173m[Xcode]&amp#27;[0m     dictionaryVersion = 2;
&amp#27;[38;5;173m[Xcode]&amp#27;[0m     downloadMethod = mobileAsset;
&amp#27;[38;5;173m[Xcode]&amp#27;[0m     fileSize = 4227895970;
&amp#27;[38;5;173m[Xcode]&amp#27;[0m     identifier = "com.apple.dmg.AppleTVSimulatorSDK18_0_b3";
&amp#27;[38;5;173m[Xcode]&amp#27;[0m     name = "tvOS 18.0 beta 3 Simulator Runtime";
&amp#27;[38;5;173m[Xcode]&amp#27;[0m     platform = "com.apple.platform.appletvos";
&amp#27;[38;5;173m[Xcode]&amp#27;[0m     simulatorVersion =     {
&amp#27;[38;5;173m[Xcode]&amp#27;[0m         buildUpdate = 22J5315e;
&amp#27;[38;5;173m[Xcode]&amp#27;[0m         version = "18.0";
&amp#27;[38;5;173m[Xcode]&amp#27;[0m     };
&amp#27;[38;5;173m[Xcode]&amp#27;[0m     version = "18.0.0.3";
&amp#27;[38;5;173m[Xcode]&amp#27;[0m }, NSLocalizedDescription=Unable to read in downloadable data. See underlying errors for details., DVTUnderlyingErrorsKey=(
&amp#27;[38;5;173m[Xcode]&amp#27;[0m     "Error Domain=DVTDownloadableErrors Code=27 \"'cryptexDiskImage' is an unknown content type.\" UserInfo={NSLocalizedDescription='cryptexDiskImage' is an unknown content type.}"
&amp#27;[38;5;173m[Xcode]&amp#27;[0m )}
&amp#27;[38;5;173m[Xcode]&amp#27;[0m 2024-11-05 15:48:45.880 xcodebuild[21303:211019]  DVTDownloadable: Unexpected error attempting to parse downloadable from index: Error Domain=DVTDownloadableErrors Code=16 "Unable to read in downloadable data. See underlying errors for details." UserInfo={DownloadablePlist={
&amp#27;[38;5;173m[Xcode]&amp#27;[0m     category = simulator;
&amp#27;[38;5;173m[Xcode]&amp#27;[0m     contentType = cryptexDiskImage;
&amp#27;[38;5;173m[Xcode]&amp#27;[0m     dictionaryVersion = 2;
&amp#27;[38;5;173m[Xcode]&amp#27;[0m     downloadMethod = mobileAsset;
&amp#27;[38;5;173m[Xcode]&amp#27;[0m     fileSize = 8187324737;
&amp#27;[38;5;173m[Xcode]&amp#27;[0m     identifier = "com.apple.dmg.xrSimulatorSDK2_0_b3";
&amp#27;[38;5;173m[Xcode]&amp#27;[0m     name = "visionOS 2.0 beta 3 Simulator Runtime";
&amp#27;[38;5;173m[Xcode]&amp#27;[0m     platform = "com.apple.platform.xros";
&amp#27;[38;5;173m[Xcode]&amp#27;[0m     simulatorVersion =     {
&amp#27;[38;5;173m[Xcode]&amp#27;[0m         buildUpdate = 22N5277f;
&amp#27;[38;5;173m[Xcode]&amp#27;[0m         version = "2.0";
&amp#27;[38;5;173m[Xcode]&amp#27;[0m     };
&amp#27;[38;5;173m[Xcode]&amp#27;[0m     version = "2.0.0.3";
&amp#27;[38;5;173m[Xcode]&amp#27;[0m }, NSLocalizedDescription=Unable to read in downloadable data. See underlying errors for details., DVTUnderlyingErrorsKey=(
&amp#27;[38;5;173m[Xcode]&amp#27;[0m     "Error Domain=DVTDownloadableErrors Code=27 \"'cryptexDiskImage' is an unknown content type.\" UserInfo={NSLocalizedDescription='cryptexDiskImage' is an unknown content type.}",
&amp#27;[38;5;173m[Xcode]&amp#27;[0m     "Error Domain=DVTDownloadableErrors Code=23 \"'com.apple.platform.xros' is an unknown platform identifier.\" UserInfo={NSLocalizedDescription='com.apple.platform.xros' is an unknown platform identifier.}"
&amp#27;[38;5;173m[Xcode]&amp#27;[0m )}
&amp#27;[38;5;173m[Xcode]&amp#27;[0m 
&amp#27;[38;5;173m[Xcode]&amp#27;[0m 2024-11-05 15:48:45.883 xcodebuild[21303:211019]  DVTDownloadable: Unexpected error attempting to parse downloadable from index: Error Domain=DVTDownloadableErrors Code=16 "Unable to read in downloadable data. See underlying errors for details." UserInfo={DownloadablePlist={
&amp#27;[38;5;173m[Xcode]&amp#27;[0m     category = simulator;
&amp#27;[38;5;173m[Xcode]&amp#27;[0m     contentType = cryptexDiskImage;
&amp#27;[38;5;173m[Xcode]&amp#27;[0m     dictionaryVersion = 2;
&amp#27;[38;5;173m[Xcode]&amp#27;[0m     downloadMethod = mobileAsset;
&amp#27;[38;5;173m[Xcode]&amp#27;[0m     fileSize = 4227895999;
&amp#27;[38;5;173m[Xcode]&amp#27;[0m     identifier = "com.apple.dmg.WatchSimulatorSDK11_0_b3";
&amp#27;[38;5;173m[Xcode]&amp#27;[0m     name = "watchOS 11.0 beta 3 Simulator Runtime";
&amp#27;[38;5;173m[Xcode]&amp#27;[0m     platform = "com.apple.platform.watchos";
&amp#27;[38;5;173m[Xcode]&amp#27;[0m     simulatorVersion =     {
&amp#27;[38;5;173m[Xcode]&amp#27;[0m         buildUpdate = 22R5309f;
&amp#27;[38;5;173m[Xcode]&amp#27;[0m         version = "11.0";
&amp#27;[38;5;173m[Xcode]&amp#27;[0m     };
&amp#27;[38;5;173m[Xcode]&amp#27;[0m     version = "11.0.0.3";
&amp#27;[38;5;173m[Xcode]&amp#27;[0m }, NSLocalizedDescription=Unable to read in downloadable data. See underlying errors for details., DVTUnderlyingErrorsKey=(
&amp#27;[38;5;173m[Xcode]&amp#27;[0m     "Error Domain=DVTDownloadableErrors Code=27 \"'cryptexDiskImage' is an unknown content type.\" UserInfo={NSLocalizedDescription='cryptexDiskImage' is an unknown content type.}"
&amp#27;[38;5;173m[Xcode]&amp#27;[0m )}
&amp#27;[38;5;173m[Xcode]&amp#27;[0m 
&amp#27;[38;5;173m[Xcode]&amp#27;[0m 2024-11-05 15:48:45.885 xcodebuild[21303:211019]  DVTDownloadable: Unexpected error attempting to parse downloadable from index: Error Domain=DVTDownloadableErrors Code=16 "Unable to read in downloadable data. See underlying errors for details." UserInfo={DownloadablePlist={
&amp#27;[38;5;173m[Xcode]&amp#27;[0m     category = simulator;
&amp#27;[38;5;173m[Xcode]&amp#27;[0m     contentType = cryptexDiskImage;
&amp#27;[38;5;173m[Xcode]&amp#27;[0m     dictionaryVersion = 2;
&amp#27;[38;5;173m[Xcode]&amp#27;[0m     downloadMethod = mobileAsset;
&amp#27;[38;5;173m[Xcode]&amp#27;[0m     fileSize = 8589977924;
&amp#27;[38;5;173m[Xcode]&amp#27;[0m     identifier = "com.apple.dmg.iPhoneSimulatorSDK18_0_b4";
&amp#27;[38;5;173m[Xcode]&amp#27;[0m     name = "iOS 18.0 beta 4 Simulator Runtime";
&amp#27;[38;5;173m[Xcode]&amp#27;[0m     platform = "com.apple.platform.iphoneos";
&amp#27;[38;5;173m[Xcode]&amp#27;[0m     simulatorVersion =     {
&amp#27;[38;5;173m[Xcode]&amp#27;[0m         buildUpdate = 22A5316j;
&amp#27;[38;5;173m[Xcode]&amp#27;[0m         version = "18.0";
&amp#27;[38;5;173m[Xcode]&amp#27;[0m     };
&amp#27;[38;5;173m[Xcode]&amp#27;[0m     version = "18.0.0.4";
&amp#27;[38;5;173m[Xcode]&amp#27;[0m }, NSLocalizedDescription=Unable to read in downloadable data. See underlying errors for details., DVTUnderlyingErrorsKey=(
&amp#27;[38;5;173m[Xcode]&amp#27;[0m     "Error Domain=DVTDownloadableErrors Code=27 \"'cryptexDiskImage' is an unknown content type.\" UserInfo={NSLocalizedDescription='cryptexDiskImage' is an unknown content type.}"
&amp#27;[38;5;173m[Xcode]&amp#27;[0m )}
&amp#27;[38;5;173m[Xcode]&amp#27;[0m 
&amp#27;[38;5;173m[Xcode]&amp#27;[0m 2024-11-05 15:48:45.885 xcodebuild[21303:211019]  DVTDownloadable: Unexpected error attempting to parse downloadable from index: Error Domain=DVTDownloadableErrors Code=16 "Unable to read in downloadable data. See underlying errors for details." UserInfo={DownloadablePlist={
&amp#27;[38;5;173m[Xcode]&amp#27;[0m     category = simulator;
&amp#27;[38;5;173m[Xcode]&amp#27;[0m     contentType = cryptexDiskImage;
&amp#27;[38;5;173m[Xcode]&amp#27;[0m     dictionaryVersion = 2;
&amp#27;[38;5;173m[Xcode]&amp#27;[0m     downloadMethod = mobileAsset;
&amp#27;[38;5;173m[Xcode]&amp#27;[0m     fileSize = 4295004844;
&amp#27;[38;5;173m[Xcode]&amp#27;[0m     identifier = "com.apple.dmg.AppleTVSimulatorSDK18_0_b4";
&amp#27;[38;5;173m[Xcode]&amp#27;[0m     name = "tvOS 18.0 beta 4 Simulator Runtime";
&amp#27;[38;5;173m[Xcode]&amp#27;[0m     platform = "com.apple.platform.appletvos";
&amp#27;[38;5;173m[Xcode]&amp#27;[0m     simulatorVersion =     {
&amp#27;[38;5;173m[Xcode]&amp#27;[0m         buildUpdate = 22J5324f;
&amp#27;[38;5;173m[Xcode]&amp#27;[0m         version = "18.0";
&amp#27;[38;5;173m[Xcode]&amp#27;[0m     };
&amp#27;[38;5;173m[Xcode]&amp#27;[0m     version = "18.0.0.4";
&amp#27;[38;5;173m[Xcode]&amp#27;[0m }, NSLocalizedDescription=Unable to read in downloadable data. See underlying errors for details., DVTUnderlyingErrorsKey=(
&amp#27;[38;5;173m[Xcode]&amp#27;[0m     "Error Domain=DVTDownloadableErrors Code=27 \"'cryptexDiskImage' is an unknown content type.\" UserInfo={NSLocalizedDescription='cryptexDiskImage' is an unknown content type.}"
&amp#27;[38;5;173m[Xcode]&amp#27;[0m )}
&amp#27;[38;5;173m[Xcode]&amp#27;[0m 
&amp#27;[38;5;173m[Xcode]&amp#27;[0m 2024-11-05 15:48:45.886 xcodebuild[21303:211019]  DVTDownloadable: Unexpected error attempting to parse downloadable from index: Error Domain=DVTDownloadableErrors Code=16 "Unable to read in downloadable data. See underlying errors for details." UserInfo={DownloadablePlist={
&amp#27;[38;5;173m[Xcode]&amp#27;[0m     category = simulator;
&amp#27;[38;5;173m[Xcode]&amp#27;[0m     contentType = cryptexDiskImage;
&amp#27;[38;5;173m[Xcode]&amp#27;[0m     dictionaryVersion = 2;
&amp#27;[38;5;173m[Xcode]&amp#27;[0m     downloadMethod = mobileAsset;
&amp#27;[38;5;173m[Xcode]&amp#27;[0m     fileSize = 8522869036;
&amp#27;[38;5;173m[Xcode]&amp#27;[0m     identifier = "com.apple.dmg.xrSimulatorSDK2_0_b4";
&amp#27;[38;5;173m[Xcode]&amp#27;[0m     name = "visionOS 2.0 beta 4 Simulator Runtime";
&amp#27;[38;5;173m[Xcode]&amp#27;[0m     platform = "com.apple.platform.xros";
&amp#27;[38;5;173m[Xcode]&amp#27;[0m     simulatorVersion =     {
&amp#27;[38;5;173m[Xcode]&amp#27;[0m         buildUpdate = 22N5286g;
&amp#27;[38;5;173m[Xcode]&amp#27;[0m         version = "2.0";
&amp#27;[38;5;173m[Xcode]&amp#27;[0m     };
&amp#27;[38;5;173m[Xcode]&amp#27;[0m     version = "2.0.0.4";
&amp#27;[38;5;173m[Xcode]&amp#27;[0m }, NSLocalizedDescription=Unable to read in downloadable data. See underlying errors for details., DVTUnderlyingErrorsKey=(
&amp#27;[38;5;173m[Xcode]&amp#27;[0m     "Error Domain=DVTDownloadableErrors Code=27 \"'cryptexDiskImage' is an unknown content type.\" UserInfo={NSLocalizedDescription='cryptexDiskImage' is an unknown content type.}",
&amp#27;[38;5;173m[Xcode]&amp#27;[0m     "Error Domain=DVTDownloadableErrors Code=23 \"'com.apple.platform.xros' is an unknown platform identifier.\" UserInfo={NSLocalizedDescription='com.apple.platform.xros' is an unknown platform identifier.}"
&amp#27;[38;5;173m[Xcode]&amp#27;[0m )}
&amp#27;[38;5;173m[Xcode]&amp#27;[0m 2024-11-05 15:48:45.886 xcodebuild[21303:211019]  DVTDownloadable: Unexpected error attempting to parse downloadable from index: Error Domain=DVTDownloadableErrors Code=16 "Unable to read in downloadable data. See underlying errors for details." UserInfo={DownloadablePlist={
&amp#27;[38;5;173m[Xcode]&amp#27;[0m     category = simulator;
&amp#27;[38;5;173m[Xcode]&amp#27;[0m     contentType = cryptexDiskImage;
&amp#27;[38;5;173m[Xcode]&amp#27;[0m     dictionaryVersion = 2;
&amp#27;[38;5;173m[Xcode]&amp#27;[0m     downloadMethod = mobileAsset;
&amp#27;[38;5;173m[Xcode]&amp#27;[0m     fileSize = 4295004855;
&amp#27;[38;5;173m[Xcode]&amp#27;[0m     identifier = "com.apple.dmg.WatchSimulatorSDK11_0_b4";
&amp#27;[38;5;173m[Xcode]&amp#27;[0m     name = "watchOS 11.0 beta 4 Simulator Runtime";
&amp#27;[38;5;173m[Xcode]&amp#27;[0m     platform = "com.apple.platform.watchos";
&amp#27;[38;5;173m[Xcode]&amp#27;[0m     simulatorVersion =     {
&amp#27;[38;5;173m[Xcode]&amp#27;[0m         buildUpdate = 22R5318h;
&amp#27;[38;5;173m[Xcode]&amp#27;[0m         version = "11.0";
&amp#27;[38;5;173m[Xcode]&amp#27;[0m     };
&amp#27;[38;5;173m[Xcode]&amp#27;[0m     version = "11.0.0.4";
&amp#27;[38;5;173m[Xcode]&amp#27;[0m }, NSLocalizedDescription=Unable to read in downloadable data. See underlying errors for details., DVTUnderlyingErrorsKey=(
&amp#27;[38;5;173m[Xcode]&amp#27;[0m     "Error Domain=DVTDownloadableErrors Code=27 \"'cryptexDiskImage' is an unknown content type.\" UserInfo={NSLocalizedDescription='cryptexDiskImage' is an unknown content type.}"
&amp#27;[38;5;173m[Xcode]&amp#27;[0m )}
&amp#27;[38;5;173m[Xcode]&amp#27;[0m 2024-11-05 15:48:45.886 xcodebuild[21303:211019]  DVTDownloadable: Unexpected error attempting to parse downloadable from index: Error Domain=DVTDownloadableErrors Code=16 "Unable to read in downloadable data. See underlying errors for details." UserInfo={DownloadablePlist={
&amp#27;[38;5;173m[Xcode]&amp#27;[0m     category = simulator;
&amp#27;[38;5;173m[Xcode]&amp#27;[0m     contentType = cryptexDiskImage;
&amp#27;[38;5;173m[Xcode]&amp#27;[0m     dictionaryVersion = 2;
&amp#27;[38;5;173m[Xcode]&amp#27;[0m     downloadMethod = mobileAsset;
&amp#27;[38;5;173m[Xcode]&amp#27;[0m     fileSize = 8858435313;
&amp#27;[38;5;173m[Xcode]&amp#27;[0m     identifier = "com.apple.dmg.iPhoneSimulatorSDK18_0_b5";
&amp#27;[38;5;173m[Xcode]&amp#27;[0m     name = "iOS 18.0 beta 5 Simulator Runtime";
&amp#27;[38;5;173m[Xcode]&amp#27;[0m     platform = "com.apple.platform.iphoneos";
&amp#27;[38;5;173m[Xcode]&amp#27;[0m     simulatorVersion =     {
&amp#27;[38;5;173m[Xcode]&amp#27;[0m         buildUpdate = 22A5326g;
&amp#27;[38;5;173m[Xcode]&amp#27;[0m         version = "18.0";
&amp#27;[38;5;173m[Xcode]&amp#27;[0m     };
&amp#27;[38;5;173m[Xcode]&amp#27;[0m     version = "18.0.0.5";
&amp#27;[38;5;173m[Xcode]&amp#27;[0m }, NSLocalizedDescription=Unable to read in downloadable data. See underlying errors for details., DVTUnderlyingErrorsKey=(
&amp#27;[38;5;173m[Xcode]&amp#27;[0m     "Error Domain=DVTDownloadableErrors Code=27 \"'cryptexDiskImage' is an unknown content type.\" UserInfo={NSLocalizedDescription='cryptexDiskImage' is an unknown content type.}"
&amp#27;[38;5;173m[Xcode]&amp#27;[0m )}
&amp#27;[38;5;173m[Xcode]&amp#27;[0m 
&amp#27;[38;5;173m[Xcode]&amp#27;[0m 2024-11-05 15:48:45.887 xcodebuild[21303:211019]  DVTDownloadable: Unexpected error attempting to parse downloadable from index: Error Domain=DVTDownloadableErrors Code=16 "Unable to read in downloadable data. See underlying errors for details." UserInfo={DownloadablePlist={
&amp#27;[38;5;173m[Xcode]&amp#27;[0m     category = simulator;
&amp#27;[38;5;173m[Xcode]&amp#27;[0m     contentType = cryptexDiskImage;
&amp#27;[38;5;173m[Xcode]&amp#27;[0m     dictionaryVersion = 2;
&amp#27;[38;5;173m[Xcode]&amp#27;[0m     downloadMethod = mobileAsset;
&amp#27;[38;5;173m[Xcode]&amp#27;[0m     fileSize = 4160787113;
&amp#27;[38;5;173m[Xcode]&amp#27;[0m     identifier = "com.apple.dmg.AppleTVSimulatorSDK18_0_b5";
&amp#27;[38;5;173m[Xcode]&amp#27;[0m     name = "tvOS 18.0 beta 5 Simulator Runtime";
&amp#27;[38;5;173m[Xcode]&amp#27;[0m     platform = "com.apple.platform.appletvos";
&amp#27;[38;5;173m[Xcode]&amp#27;[0m     simulatorVersion =     {
&amp#27;[38;5;173m[Xcode]&amp#27;[0m         buildUpdate = 22J5335e;
&amp#27;[38;5;173m[Xcode]&amp#27;[0m         version = "18.0";
&amp#27;[38;5;173m[Xcode]&amp#27;[0m     };
&amp#27;[38;5;173m[Xcode]&amp#27;[0m     version = "18.0.0.5";
&amp#27;[38;5;173m[Xcode]&amp#27;[0m }, NSLocalizedDescription=Unable to read in downloadable data. See underlying errors for details., DVTUnderlyingErrorsKey=(
&amp#27;[38;5;173m[Xcode]&amp#27;[0m     "Error Domain=DVTDownloadableErrors Code=27 \"'cryptexDiskImage' is an unknown content type.\" UserInfo={NSLocalizedDescription='cryptexDiskImage' is an unknown content type.}"
&amp#27;[38;5;173m[Xcode]&amp#27;[0m )}
&amp#27;[38;5;173m[Xcode]&amp#27;[0m 2024-11-05 15:48:45.887 xcodebuild[21303:211019]  DVTDownloadable: Unexpected error attempting to parse downloadable from index: Error Domain=DVTDownloadableErrors Code=16 "Unable to read in downloadable data. See underlying errors for details." UserInfo={DownloadablePlist={
&amp#27;[38;5;173m[Xcode]&amp#27;[0m     category = simulator;
&amp#27;[38;5;173m[Xcode]&amp#27;[0m     contentType = cryptexDiskImage;
&amp#27;[38;5;173m[Xcode]&amp#27;[0m     dictionaryVersion = 2;
&amp#27;[38;5;173m[Xcode]&amp#27;[0m     downloadMethod = mobileAsset;
&amp#27;[38;5;173m[Xcode]&amp#27;[0m     fileSize = 8388651328;
&amp#27;[38;5;173m[Xcode]&amp#27;[0m     identifier = "com.apple.dmg.xrSimulatorSDK2_0_b5";
&amp#27;[38;5;173m[Xcode]&amp#27;[0m     name = "visionOS 2.0 beta 5 Simulator Runtime";
&amp#27;[38;5;173m[Xcode]&amp#27;[0m     platform = "com.apple.platform.xros";
&amp#27;[38;5;173m[Xcode]&amp#27;[0m     simulatorVersion =     {
&amp#27;[38;5;173m[Xcode]&amp#27;[0m         buildUpdate = 22N5297g;
&amp#27;[38;5;173m[Xcode]&amp#27;[0m         version = "2.0";
&amp#27;[38;5;173m[Xcode]&amp#27;[0m     };
&amp#27;[38;5;173m[Xcode]&amp#27;[0m     version = "2.0.0.5";
&amp#27;[38;5;173m[Xcode]&amp#27;[0m }, NSLocalizedDescription=Unable to read in downloadable data. See underlying errors for details., DVTUnderlyingErrorsKey=(
&amp#27;[38;5;173m[Xcode]&amp#27;[0m     "Error Domain=DVTDownloadableErrors Code=27 \"'cryptexDiskImage' is an unknown content type.\" UserInfo={NSLocalizedDescription='cryptexDiskImage' is an unknown content type.}",
&amp#27;[38;5;173m[Xcode]&amp#27;[0m     "Error Domain=DVTDownloadableErrors Code=23 \"'com.apple.platform.xros' is an unknown platform identifier.\" UserInfo={NSLocalizedDescription='com.apple.platform.xros' is an unknown platform identifier.}"
&amp#27;[38;5;173m[Xcode]&amp#27;[0m )}
&amp#27;[38;5;173m[Xcode]&amp#27;[0m 
&amp#27;[38;5;173m[Xcode]&amp#27;[0m 2024-11-05 15:48:45.926 xcodebuild[21303:211019]  DVTDownloadable: Unexpected error attempting to parse downloadable from index: Error Domain=DVTDownloadableErrors Code=16 "Unable to read in downloadable data. See underlying errors for details." UserInfo={DownloadablePlist={
&amp#27;[38;5;173m[Xcode]&amp#27;[0m     category = simulator;
&amp#27;[38;5;173m[Xcode]&amp#27;[0m     contentType = cryptexDiskImage;
&amp#27;[38;5;173m[Xcode]&amp#27;[0m     dictionaryVersion = 2;
&amp#27;[38;5;173m[Xcode]&amp#27;[0m     downloadMethod = mobileAsset;
&amp#27;[38;5;173m[Xcode]&amp#27;[0m     fileSize = 4227895988;
&amp#27;[38;5;173m[Xcode]&amp#27;[0m     identifier = "com.apple.dmg.WatchSimulatorSDK11_0_b5";
&amp#27;[38;5;173m[Xcode]&amp#27;[0m     name = "watchOS 11.0 beta 5 Simulator Runtime";
&amp#27;[38;5;173m[Xcode]&amp#27;[0m     platform = "com.apple.platform.watchos";
&amp#27;[38;5;173m[Xcode]&amp#27;[0m     simulatorVersion =     {
&amp#27;[38;5;173m[Xcode]&amp#27;[0m         buildUpdate = 22R5328f;
&amp#27;[38;5;173m[Xcode]&amp#27;[0m         version = "11.0";
&amp#27;[38;5;173m[Xcode]&amp#27;[0m     };
&amp#27;[38;5;173m[Xcode]&amp#27;[0m     version = "11.0.0.5";
&amp#27;[38;5;173m[Xcode]&amp#27;[0m }, NSLocalizedDescription=Unable to read in downloadable data. See underlying errors for details., DVTUnderlyingErrorsKey=(
&amp#27;[38;5;173m[Xcode]&amp#27;[0m     "Error Domain=DVTDownloadableErrors Code=27 \"'cryptexDiskImage' is an unknown content type.\" UserInfo={NSLocalizedDescription='cryptexDiskImage' is an unknown content type.}"
&amp#27;[38;5;173m[Xcode]&amp#27;[0m )}
&amp#27;[38;5;173m[Xcode]&amp#27;[0m 
&amp#27;[38;5;173m[Xcode]&amp#27;[0m 2024-11-05 15:48:45.927 xcodebuild[21303:211019]  DVTDownloadable: Unexpected error attempting to parse downloadable from index: Error Domain=DVTDownloadableErrors Code=16 "Unable to read in downloadable data. See underlying errors for details." UserInfo={DownloadablePlist={
&amp#27;[38;5;173m[Xcode]&amp#27;[0m     category = simulator;
&amp#27;[38;5;173m[Xcode]&amp#27;[0m     contentType = cryptexDiskImage;
&amp#27;[38;5;173m[Xcode]&amp#27;[0m     dictionaryVersion = 2;
&amp#27;[38;5;173m[Xcode]&amp#27;[0m     downloadMethod = mobileAsset;
&amp#27;[38;5;173m[Xcode]&amp#27;[0m     fileSize = 8858435409;
&amp#27;[38;5;173m[Xcode]&amp#27;[0m     identifier = "com.apple.dmg.iPhoneSimulatorSDK18_1_b2";
&amp#27;[38;5;173m[Xcode]&amp#27;[0m     name = "iOS 18.1 beta 2 Simulator Runtime";
&amp#27;[38;5;173m[Xcode]&amp#27;[0m     platform = "com.apple.platform.iphoneos";
&amp#27;[38;5;173m[Xcode]&amp#27;[0m     simulatorVersion =     {
&amp#27;[38;5;173m[Xcode]&amp#27;[0m         buildUpdate = 22B5023e;
&amp#27;[38;5;173m[Xcode]&amp#27;[0m         version = "18.1";
&amp#27;[38;5;173m[Xcode]&amp#27;[0m     };
&amp#27;[38;5;173m[Xcode]&amp#27;[0m     version = "18.1.0.2";
&amp#27;[38;5;173m[Xcode]&amp#27;[0m }, NSLocalizedDescription=Unable to read in downloadable data. See underlying errors for details., DVTUnderlyingErrorsKey=(
&amp#27;[38;5;173m[Xcode]&amp#27;[0m     "Error Domain=DVTDownloadableErrors Code=27 \"'cryptexDiskImage' is an unknown content type.\" UserInfo={NSLocalizedDescription='cryptexDiskImage' is an unknown content type.}"
&amp#27;[38;5;173m[Xcode]&amp#27;[0m )}
&amp#27;[38;5;173m[Xcode]&amp#27;[0m 2024-11-05 15:48:45.927 xcodebuild[21303:211019]  DVTDownloadable: Unexpected error attempting to parse downloadable from index: Error Domain=DVTDownloadableErrors Code=16 "Unable to read in downloadable data. See underlying errors for details." UserInfo={DownloadablePlist={
&amp#27;[38;5;173m[Xcode]&amp#27;[0m     category = simulator;
&amp#27;[38;5;173m[Xcode]&amp#27;[0m     contentType = cryptexDiskImage;
&amp#27;[38;5;173m[Xcode]&amp#27;[0m     dictionaryVersion = 2;
&amp#27;[38;5;173m[Xcode]&amp#27;[0m     downloadMethod = mobileAsset;
&amp#27;[38;5;173m[Xcode]&amp#27;[0m     fileSize = 8187324729;
&amp#27;[38;5;173m[Xcode]&amp#27;[0m     identifier = "com.apple.dmg.iPhoneSimulatorSDK18_0_b7";
&amp#27;[38;5;173m[Xcode]&amp#27;[0m     name = "iOS 18.0 beta 7 Simulator Runtime";
&amp#27;[38;5;173m[Xcode]&amp#27;[0m     platform = "com.apple.platform.iphoneos";
&amp#27;[38;5;173m[Xcode]&amp#27;[0m     simulatorVersion =     {
&amp#27;[38;5;173m[Xcode]&amp#27;[0m         buildUpdate = 22A5346a;
&amp#27;[38;5;173m[Xcode]&amp#27;[0m         version = "18.0";
&amp#27;[38;5;173m[Xcode]&amp#27;[0m     };
&amp#27;[38;5;173m[Xcode]&amp#27;[0m     version = "18.0.0.7";
&amp#27;[38;5;173m[Xcode]&amp#27;[0m }, NSLocalizedDescription=Unable to read in downloadable data. See underlying errors for details., DVTUnderlyingErrorsKey=(
&amp#27;[38;5;173m[Xcode]&amp#27;[0m     "Error Domain=DVTDownloadableErrors Code=27 \"'cryptexDiskImage' is an unknown content type.\" UserInfo={NSLocalizedDescription='cryptexDiskImage' is an unknown content type.}"
&amp#27;[38;5;173m[Xcode]&amp#27;[0m )}
&amp#27;[38;5;173m[Xcode]&amp#27;[0m 2024-11-05 15:48:45.927 xcodebuild[21303:211019]  DVTDownloadable: Unexpected error attempting to parse downloadable from index: Error Domain=DVTDownloadableErrors Code=16 "Unable to read in downloadable data. See underlying errors for details." UserInfo={DownloadablePlist={
&amp#27;[38;5;173m[Xcode]&amp#27;[0m     category = simulator;
&amp#27;[38;5;173m[Xcode]&amp#27;[0m     contentType = cryptexDiskImage;
&amp#27;[38;5;173m[Xcode]&amp#27;[0m     dictionaryVersion = 2;
&amp#27;[38;5;173m[Xcode]&amp#27;[0m     downloadMethod = mobileAsset;
&amp#27;[38;5;173m[Xcode]&amp#27;[0m     fileSize = 4160787095;
&amp#27;[38;5;173m[Xcode]&amp#27;[0m     identifier = "com.apple.dmg.AppleTVSimulatorSDK18_0_b7";
&amp#27;[38;5;173m[Xcode]&amp#27;[0m     name = "tvOS 18.0 beta 7 Simulator Runtime";
&amp#27;[38;5;173m[Xcode]&amp#27;[0m     platform = "com.apple.platform.appletvos";
&amp#27;[38;5;173m[Xcode]&amp#27;[0m     simulatorVersion =     {
&amp#27;[38;5;173m[Xcode]&amp#27;[0m         buildUpdate = 22J5352a;
&amp#27;[38;5;173m[Xcode]&amp#27;[0m         version = "18.0";
&amp#27;[38;5;173m[Xcode]&amp#27;[0m     };
&amp#27;[38;5;173m[Xcode]&amp#27;[0m     version = "18.0.0.7";
&amp#27;[38;5;173m[Xcode]&amp#27;[0m }, NSLocalizedDescription=Unable to read in downloadable data. See underlying errors for details., DVTUnderlyingErrorsKey=(
&amp#27;[38;5;173m[Xcode]&amp#27;[0m     "Error Domain=DVTDownloadableErrors Code=27 \"'cryptexDiskImage' is an unknown content type.\" UserInfo={NSLocalizedDescription='cryptexDiskImage' is an unknown content type.}"
&amp#27;[38;5;173m[Xcode]&amp#27;[0m )}
&amp#27;[38;5;173m[Xcode]&amp#27;[0m 
&amp#27;[38;5;173m[Xcode]&amp#27;[0m 2024-11-05 15:48:45.928 xcodebuild[21303:211019]  DVTDownloadable: Unexpected error attempting to parse downloadable from index: Error Domain=DVTDownloadableErrors Code=16 "Unable to read in downloadable data. See underlying errors for details." UserInfo={DownloadablePlist={
&amp#27;[38;5;173m[Xcode]&amp#27;[0m     category = simulator;
&amp#27;[38;5;173m[Xcode]&amp#27;[0m     contentType = cryptexDiskImage;
&amp#27;[38;5;173m[Xcode]&amp#27;[0m     dictionaryVersion = 2;
&amp#27;[38;5;173m[Xcode]&amp#27;[0m     downloadMethod = mobileAsset;
&amp#27;[38;5;173m[Xcode]&amp#27;[0m     fileSize = 8388673269;
&amp#27;[38;5;173m[Xcode]&amp#27;[0m     identifier = "com.apple.dmg.xrSimulatorSDK2_0_b7";
&amp#27;[38;5;173m[Xcode]&amp#27;[0m     name = "visionOS 2.0 beta 7 Simulator Runtime";
&amp#27;[38;5;173m[Xcode]&amp#27;[0m     platform = "com.apple.platform.xros";
&amp#27;[38;5;173m[Xcode]&amp#27;[0m     simulatorVersion =     {
&amp#27;[38;5;173m[Xcode]&amp#27;[0m         buildUpdate = 22N5314a;
&amp#27;[38;5;173m[Xcode]&amp#27;[0m         version = "2.0";
&amp#27;[38;5;173m[Xcode]&amp#27;[0m     };
&amp#27;[38;5;173m[Xcode]&amp#27;[0m     version = "2.0.0.7";
&amp#27;[38;5;173m[Xcode]&amp#27;[0m }, NSLocalizedDescription=Unable to read in downloadable data. See underlying errors for details., DVTUnderlyingErrorsKey=(
&amp#27;[38;5;173m[Xcode]&amp#27;[0m     "Error Domain=DVTDownloadableErrors Code=27 \"'cryptexDiskImage' is an unknown content type.\" UserInfo={NSLocalizedDescription='cryptexDiskImage' is an unknown content type.}",
&amp#27;[38;5;173m[Xcode]&amp#27;[0m     "Error Domain=DVTDownloadableErrors Code=23 \"'com.apple.platform.xros' is an unknown platform identifier.\" UserInfo={NSLocalizedDescription='com.apple.platform.xros' is an unknown platform identifier.}"
&amp#27;[38;5;173m[Xcode]&amp#27;[0m )}
&amp#27;[38;5;173m[Xcode]&amp#27;[0m 2024-11-05 15:48:45.928 xcodebuild[21303:211019]  DVTDownloadable: Unexpected error attempting to parse downloadable from index: Error Domain=DVTDownloadableErrors Code=16 "Unable to read in downloadable data. See underlying errors for details." UserInfo={DownloadablePlist={
&amp#27;[38;5;173m[Xcode]&amp#27;[0m     category = simulator;
&amp#27;[38;5;173m[Xcode]&amp#27;[0m     contentType = cryptexDiskImage;
&amp#27;[38;5;173m[Xcode]&amp#27;[0m     dictionaryVersion = 2;
&amp#27;[38;5;173m[Xcode]&amp#27;[0m     downloadMethod = mobileAsset;
&amp#27;[38;5;173m[Xcode]&amp#27;[0m     fileSize = 4227895989;
&amp#27;[38;5;173m[Xcode]&amp#27;[0m     identifier = "com.apple.dmg.WatchSimulatorSDK11_0_b7";
&amp#27;[38;5;173m[Xcode]&amp#27;[0m     name = "watchOS 11.0 beta 7 Simulator Runtime";
&amp#27;[38;5;173m[Xcode]&amp#27;[0m     platform = "com.apple.platform.watchos";
&amp#27;[38;5;173m[Xcode]&amp#27;[0m     simulatorVersion =     {
&amp#27;[38;5;173m[Xcode]&amp#27;[0m         buildUpdate = 22R5346a;
&amp#27;[38;5;173m[Xcode]&amp#27;[0m         version = "11.0";
&amp#27;[38;5;173m[Xcode]&amp#27;[0m     };
&amp#27;[38;5;173m[Xcode]&amp#27;[0m     version = "11.0.0.7";
&amp#27;[38;5;173m[Xcode]&amp#27;[0m }, NSLocalizedDescription=Unable to read in downloadable data. See underlying errors for details., DVTUnderlyingErrorsKey=(
&amp#27;[38;5;173m[Xcode]&amp#27;[0m     "Error Domain=DVTDownloadableErrors Code=27 \"'cryptexDiskImage' is an unknown content type.\" UserInfo={NSLocalizedDescription='cryptexDiskImage' is an unknown content type.}"
&amp#27;[38;5;173m[Xcode]&amp#27;[0m )}
&amp#27;[38;5;173m[Xcode]&amp#27;[0m 2024-11-05 15:48:45.928 xcodebuild[21303:211019]  DVTDownloadable: Unexpected error attempting to parse downloadable from index: Error Domain=DVTDownloadableErrors Code=16 "Unable to read in downloadable data. See underlying errors for details." UserInfo={DownloadablePlist={
&amp#27;[38;5;173m[Xcode]&amp#27;[0m     category = simulator;
&amp#27;[38;5;173m[Xcode]&amp#27;[0m     contentType = cryptexDiskImage;
&amp#27;[38;5;173m[Xcode]&amp#27;[0m     dictionaryVersion = 2;
&amp#27;[38;5;173m[Xcode]&amp#27;[0m     downloadMethod = mobileAsset;
&amp#27;[38;5;173m[Xcode]&amp#27;[0m     fileSize = 8388651290;
&amp#27;[38;5;173m[Xcode]&amp#27;[0m     identifier = "com.apple.dmg.iPhoneSimulatorSDK18_0";
&amp#27;[38;5;173m[Xcode]&amp#27;[0m     name = "iOS 18.0 Simulator Runtime";
&amp#27;[38;5;173m[Xcode]&amp#27;[0m     platform = "com.apple.platform.iphoneos";
&amp#27;[38;5;173m[Xcode]&amp#27;[0m     simulatorVersion =     {
&amp#27;[38;5;173m[Xcode]&amp#27;[0m         buildUpdate = 22A3351;
&amp#27;[38;5;173m[Xcode]&amp#27;[0m         version = "18.0";
&amp#27;[38;5;173m[Xcode]&amp#27;[0m     };
&amp#27;[38;5;173m[Xcode]&amp#27;[0m     version = "18.0.0.0";
&amp#27;[38;5;173m[Xcode]&amp#27;[0m }, NSLocalizedDescription=Unable to read in downloadable data. See underlying errors for details., DVTUnderlyingErrorsKey=(
&amp#27;[38;5;173m[Xcode]&amp#27;[0m     "Error Domain=DVTDownloadableErrors Code=27 \"'cryptexDiskImage' is an unknown content type.\" UserInfo={NSLocalizedDescription='cryptexDiskImage' is an unknown content type.}"
&amp#27;[38;5;173m[Xcode]&amp#27;[0m )}
&amp#27;[38;5;173m[Xcode]&amp#27;[0m 2024-11-05 15:48:45.929 xcodebuild[21303:211019]  DVTDownloadable: Unexpected error attempting to parse downloadable from index: Error Domain=DVTDownloadableErrors Code=16 "Unable to read in downloadable data. See underlying errors for details." UserInfo={DownloadablePlist={
&amp#27;[38;5;173m[Xcode]&amp#27;[0m     category = simulator;
&amp#27;[38;5;173m[Xcode]&amp#27;[0m     contentType = cryptexDiskImage;
&amp#27;[38;5;173m[Xcode]&amp#27;[0m     dictionaryVersion = 2;
&amp#27;[38;5;173m[Xcode]&amp#27;[0m     downloadMethod = mobileAsset;
&amp#27;[38;5;173m[Xcode]&amp#27;[0m     fileSize = 4227895959;
&amp#27;[38;5;173m[Xcode]&amp#27;[0m     identifier = "com.apple.dmg.AppleTVSimulatorSDK18_0";
&amp#27;[38;5;173m[Xcode]&amp#27;[0m     name = "tvOS 18.0 Simulator Runtime";
&amp#27;[38;5;173m[Xcode]&amp#27;[0m     platform = "com.apple.platform.appletvos";
&amp#27;[38;5;173m[Xcode]&amp#27;[0m     simulatorVersion =     {
&amp#27;[38;5;173m[Xcode]&amp#27;[0m         buildUpdate = 22J356;
&amp#27;[38;5;173m[Xcode]&amp#27;[0m         version = "18.0";
&amp#27;[38;5;173m[Xcode]&amp#27;[0m     };
&amp#27;[38;5;173m[Xcode]&amp#27;[0m     version = "18.0.0.0";
&amp#27;[38;5;173m[Xcode]&amp#27;[0m }, NSLocalizedDescription=Unable to read in downloadable data. See underlying errors for details., DVTUnderlyingErrorsKey=(
&amp#27;[38;5;173m[Xcode]&amp#27;[0m     "Error Domain=DVTDownloadableErrors Code=27 \"'cryptexDiskImage' is an unknown content type.\" UserInfo={NSLocalizedDescription='cryptexDiskImage' is an unknown content type.}"
&amp#27;[38;5;173m[Xcode]&amp#27;[0m )}
&amp#27;[38;5;173m[Xcode]&amp#27;[0m 2024-11-05 15:48:45.929 xcodebuild[21303:211019]  DVTDownloadable: Unexpected error attempting to parse downloadable from index: Error Domain=DVTDownloadableErrors Code=16 "Unable to read in downloadable data. See underlying errors for details." UserInfo={DownloadablePlist={
&amp#27;[38;5;173m[Xcode]&amp#27;[0m     category = simulator;
&amp#27;[38;5;173m[Xcode]&amp#27;[0m     contentType = cryptexDiskImage;
&amp#27;[38;5;173m[Xcode]&amp#27;[0m     dictionaryVersion = 2;
&amp#27;[38;5;173m[Xcode]&amp#27;[0m     downloadMethod = mobileAsset;
&amp#27;[38;5;173m[Xcode]&amp#27;[0m     fileSize = 8455760172;
&amp#27;[38;5;173m[Xcode]&amp#27;[0m     identifier = "com.apple.dmg.xrSimulatorSDK2_0";
&amp#27;[38;5;173m[Xcode]&amp#27;[0m     name = "visionOS 2.0 Simulator Runtime";
&amp#27;[38;5;173m[Xcode]&amp#27;[0m     platform = "com.apple.platform.xros";
&amp#27;[38;5;173m[Xcode]&amp#27;[0m     simulatorVersion =     {
&amp#27;[38;5;173m[Xcode]&amp#27;[0m         buildUpdate = 22N318;
&amp#27;[38;5;173m[Xcode]&amp#27;[0m         version = "2.0";
&amp#27;[38;5;173m[Xcode]&amp#27;[0m     };
&amp#27;[38;5;173m[Xcode]&amp#27;[0m     version = "2.0.0.0";
&amp#27;[38;5;173m[Xcode]&amp#27;[0m }, NSLocalizedDescription=Unable to read in downloadable data. See underlying errors for details., DVTUnderlyingErrorsKey=(
&amp#27;[38;5;173m[Xcode]&amp#27;[0m     "Error Domain=DVTDownloadableErrors Code=27 \"'cryptexDiskImage' is an unknown content type.\" UserInfo={NSLocalizedDescription='cryptexDiskImage' is an unknown content type.}",
&amp#27;[38;5;173m[Xcode]&amp#27;[0m     "Error Domain=DVTDownloadableErrors Code=23 \"'com.apple.platform.xros' is an unknown platform identifier.\" UserInfo={NSLocalizedDescription='com.apple.platform.xros' is an unknown platform identifier.}"
&amp#27;[38;5;173m[Xcode]&amp#27;[0m )}
&amp#27;[38;5;173m[Xcode]&amp#27;[0m 2024-11-05 15:48:45.930 xcodebuild[21303:211019]  DVTDownloadable: Unexpected error attempting to parse downloadable from index: Error Domain=DVTDownloadableErrors Code=16 "Unable to read in downloadable data. See underlying errors for details." UserInfo={DownloadablePlist={
&amp#27;[38;5;173m[Xcode]&amp#27;[0m     category = simulator;
&amp#27;[38;5;173m[Xcode]&amp#27;[0m     contentType = cryptexDiskImage;
&amp#27;[38;5;173m[Xcode]&amp#27;[0m     dictionaryVersion = 2;
&amp#27;[38;5;173m[Xcode]&amp#27;[0m     downloadMethod = mobileAsset;
&amp#27;[38;5;173m[Xcode]&amp#27;[0m     fileSize = 4496331408;
&amp#27;[38;5;173m[Xcode]&amp#27;[0m     identifier = "com.apple.dmg.WatchSimulatorSDK11_0";
&amp#27;[38;5;173m[Xcode]&amp#27;[0m     name = "watchOS 11.0 Simulator Runtime";
&amp#27;[38;5;173m[Xcode]&amp#27;[0m     platform = "com.apple.platform.watchos";
&amp#27;[38;5;173m[Xcode]&amp#27;[0m     simulatorVersion =     {
&amp#27;[38;5;173m[Xcode]&amp#27;[0m         buildUpdate = 22R349;
&amp#27;[38;5;173m[Xcode]&amp#27;[0m         version = "11.0";
&amp#27;[38;5;173m[Xcode]&amp#27;[0m     };
&amp#27;[38;5;173m[Xcode]&amp#27;[0m     version = "11.0.0.0";
&amp#27;[38;5;173m[Xcode]&amp#27;[0m }, NSLocalizedDescription=Unable to read in downloadable data. See underlying errors for details., DVTUnderlyingErrorsKey=(
&amp#27;[38;5;173m[Xcode]&amp#27;[0m     "Error Domain=DVTDownloadableErrors Code=27 \"'cryptexDiskImage' is an unknown content type.\" UserInfo={NSLocalizedDescription='cryptexDiskImage' is an unknown content type.}"
&amp#27;[38;5;173m[Xcode]&amp#27;[0m )}
&amp#27;[38;5;173m[Xcode]&amp#27;[0m 
&amp#27;[38;5;173m[Xcode]&amp#27;[0m 2024-11-05 15:48:45.930 xcodebuild[21303:211019]  DVTDownloadable: Unexpected error attempting to parse downloadable from index: Error Domain=DVTDownloadableErrors Code=16 "Unable to read in downloadable data. See underlying errors for details." UserInfo={DownloadablePlist={
&amp#27;[38;5;173m[Xcode]&amp#27;[0m     category = simulator;
&amp#27;[38;5;173m[Xcode]&amp#27;[0m     contentType = cryptexDiskImage;
&amp#27;[38;5;173m[Xcode]&amp#27;[0m     dictionaryVersion = 2;
&amp#27;[38;5;173m[Xcode]&amp#27;[0m     downloadMethod = mobileAsset;
&amp#27;[38;5;173m[Xcode]&amp#27;[0m     fileSize = 8992653148;
&amp#27;[38;5;173m[Xcode]&amp#27;[0m     identifier = "com.apple.dmg.iPhoneSimulatorSDK18_1_b4";
&amp#27;[38;5;173m[Xcode]&amp#27;[0m     name = "iOS 18.1 beta 4 Simulator Runtime";
&amp#27;[38;5;173m[Xcode]&amp#27;[0m     platform = "com.apple.platform.iphoneos";
&amp#27;[38;5;173m[Xcode]&amp#27;[0m     simulatorVersion =     {
&amp#27;[38;5;173m[Xcode]&amp#27;[0m         buildUpdate = 22B5045f;
&amp#27;[38;5;173m[Xcode]&amp#27;[0m         version = "18.1";
&amp#27;[38;5;173m[Xcode]&amp#27;[0m     };
&amp#27;[38;5;173m[Xcode]&amp#27;[0m     version = "18.1.0.4";
&amp#27;[38;5;173m[Xcode]&amp#27;[0m }, NSLocalizedDescription=Unable to read in downloadable data. See underlying errors for details., DVTUnderlyingErrorsKey=(
&amp#27;[38;5;173m[Xcode]&amp#27;[0m     "Error Domain=DVTDownloadableErrors Code=27 \"'cryptexDiskImage' is an unknown content type.\" UserInfo={NSLocalizedDescription='cryptexDiskImage' is an unknown content type.}"
&amp#27;[38;5;173m[Xcode]&amp#27;[0m )}
&amp#27;[38;5;173m[Xcode]&amp#27;[0m 2024-11-05 15:48:45.931 xcodebuild[21303:211019]  DVTDownloadable: Unexpected error attempting to parse downloadable from index: Error Domain=DVTDownloadableErrors Code=16 "Unable to read in downloadable data. See underlying errors for details." UserInfo={DownloadablePlist={
&amp#27;[38;5;173m[Xcode]&amp#27;[0m     category = simulator;
&amp#27;[38;5;173m[Xcode]&amp#27;[0m     contentType = cryptexDiskImage;
&amp#27;[38;5;173m[Xcode]&amp#27;[0m     dictionaryVersion = 2;
&amp#27;[38;5;173m[Xcode]&amp#27;[0m     downloadMethod = mobileAsset;
&amp#27;[38;5;173m[Xcode]&amp#27;[0m     fileSize = 4227895975;
&amp#27;[38;5;173m[Xcode]&amp#27;[0m     identifier = "com.apple.dmg.AppleTVSimulatorSDK18_1_b1";
&amp#27;[38;5;173m[Xcode]&amp#27;[0m     name = "tvOS 18.1 beta Simulator Runtime";
&amp#27;[38;5;173m[Xcode]&amp#27;[0m     platform = "com.apple.platform.appletvos";
&amp#27;[38;5;173m[Xcode]&amp#27;[0m     simulatorVersion =     {
&amp#27;[38;5;173m[Xcode]&amp#27;[0m         buildUpdate = 22J5543e;
&amp#27;[38;5;173m[Xcode]&amp#27;[0m         version = "18.1";
&amp#27;[38;5;173m[Xcode]&amp#27;[0m     };
&amp#27;[38;5;173m[Xcode]&amp#27;[0m     version = "18.1.0.1";
&amp#27;[38;5;173m[Xcode]&amp#27;[0m }, NSLocalizedDescription=Unable to read in downloadable data. See underlying errors for details., DVTUnderlyingErrorsKey=(
&amp#27;[38;5;173m[Xcode]&amp#27;[0m     "Error Domain=DVTDownloadableErrors Code=27 \"'cryptexDiskImage' is an unknown content type.\" UserInfo={NSLocalizedDescription='cryptexDiskImage' is an unknown content type.}"
&amp#27;[38;5;173m[Xcode]&amp#27;[0m )}
&amp#27;[38;5;173m[Xcode]&amp#27;[0m 2024-11-05 15:48:45.931 xcodebuild[21303:211019]  DVTDownloadable: Unexpected error attempting to parse downloadable from index: Error Domain=DVTDownloadableErrors Code=16 "Unable to read in downloadable data. See underlying errors for details." UserInfo={DownloadablePlist={
&amp#27;[38;5;173m[Xcode]&amp#27;[0m     category = simulator;
&amp#27;[38;5;173m[Xcode]&amp#27;[0m     contentType = cryptexDiskImage;
&amp#27;[38;5;173m[Xcode]&amp#27;[0m     dictionaryVersion = 2;
&amp#27;[38;5;173m[Xcode]&amp#27;[0m     downloadMethod = mobileAsset;
&amp#27;[38;5;173m[Xcode]&amp#27;[0m     fileSize = 8455783060;
&amp#27;[38;5;173m[Xcode]&amp#27;[0m     identifier = "com.apple.dmg.xrSimulatorSDK2_1_b1";
&amp#27;[38;5;173m[Xcode]&amp#27;[0m     name = "visionOS 2.1 beta Simulator Runtime";
&amp#27;[38;5;173m[Xcode]&amp#27;[0m     platform = "com.apple.platform.xros";
&amp#27;[38;5;173m[Xcode]&amp#27;[0m     simulatorVersion =     {
&amp#27;[38;5;173m[Xcode]&amp#27;[0m         buildUpdate = 22N5548c;
&amp#27;[38;5;173m[Xcode]&amp#27;[0m         version = "2.1";
&amp#27;[38;5;173m[Xcode]&amp#27;[0m     };
&amp#27;[38;5;173m[Xcode]&amp#27;[0m     version = "2.1.0.1";
&amp#27;[38;5;173m[Xcode]&amp#27;[0m }, NSLocalizedDescription=Unable to read in downloadable data. See underlying errors for details., DVTUnderlyingErrorsKey=(
&amp#27;[38;5;173m[Xcode]&amp#27;[0m     "Error Domain=DVTDownloadableErrors Code=27 \"'cryptexDiskImage' is an unknown content type.\" UserInfo={NSLocalizedDescription='cryptexDiskImage' is an unknown content type.}",
&amp#27;[38;5;173m[Xcode]&amp#27;[0m     "Error Domain=DVTDownloadableErrors Code=23 \"'com.apple.platform.xros' is an unknown platform identifier.\" UserInfo={NSLocalizedDescription='com.apple.platform.xros' is an unknown platform identifier.}"
&amp#27;[38;5;173m[Xcode]&amp#27;[0m )}
&amp#27;[38;5;173m[Xcode]&amp#27;[0m 2024-11-05 15:48:45.931 xcodebuild[21303:211019]  DVTDownloadable: Unexpected error attempting to parse downloadable from index: Error Domain=DVTDownloadableErrors Code=16 "Unable to read in downloadable data. See underlying errors for details." UserInfo={DownloadablePlist={
&amp#27;[38;5;173m[Xcode]&amp#27;[0m     category = simulator;
&amp#27;[38;5;173m[Xcode]&amp#27;[0m     contentType = cryptexDiskImage;
&amp#27;[38;5;173m[Xcode]&amp#27;[0m     dictionaryVersion = 2;
&amp#27;[38;5;173m[Xcode]&amp#27;[0m     downloadMethod = mobileAsset;
&amp#27;[38;5;173m[Xcode]&amp#27;[0m     fileSize = 4496331452;
&amp#27;[38;5;173m[Xcode]&amp#27;[0m     identifier = "com.apple.dmg.WatchSimulatorSDK11_1_b1";
&amp#27;[38;5;173m[Xcode]&amp#27;[0m     name = "watchOS 11.1 beta Simulator Runtime";
&amp#27;[38;5;173m[Xcode]&amp#27;[0m     platform = "com.apple.platform.watchos";
&amp#27;[38;5;173m[Xcode]&amp#27;[0m     simulatorVersion =     {
&amp#27;[38;5;173m[Xcode]&amp#27;[0m         buildUpdate = 22R5545f;
&amp#27;[38;5;173m[Xcode]&amp#27;[0m         version = "11.1";
&amp#27;[38;5;173m[Xcode]&amp#27;[0m     };
&amp#27;[38;5;173m[Xcode]&amp#27;[0m     version = "11.1.0.1";
&amp#27;[38;5;173m[Xcode]&amp#27;[0m }, NSLocalizedDescription=Unable to read in downloadable data. See underlying errors for details., DVTUnderlyingErrorsKey=(
&amp#27;[38;5;173m[Xcode]&amp#27;[0m     "Error Domain=DVTDownloadableErrors Code=27 \"'cryptexDiskImage' is an unknown content type.\" UserInfo={NSLocalizedDescription='cryptexDiskImage' is an unknown content type.}"
&amp#27;[38;5;173m[Xcode]&amp#27;[0m )}
&amp#27;[38;5;173m[Xcode]&amp#27;[0m 2024-11-05 15:48:45.931 xcodebuild[21303:211019]  DVTDownloadable: Unexpected error attempting to parse downloadable from index: Error Domain=DVTDownloadableErrors Code=16 "Unable to read in downloadable data. See underlying errors for details." UserInfo={DownloadablePlist={
&amp#27;[38;5;173m[Xcode]&amp#27;[0m     category = simulator;
&amp#27;[38;5;173m[Xcode]&amp#27;[0m     contentType = cryptexDiskImage;
&amp#27;[38;5;173m[Xcode]&amp#27;[0m     dictionaryVersion = 2;
&amp#27;[38;5;173m[Xcode]&amp#27;[0m     downloadMethod = mobileAsset;
&amp#27;[38;5;173m[Xcode]&amp#27;[0m     fileSize = 8522869038;
&amp#27;[38;5;173m[Xcode]&amp#27;[0m     identifier = "com.apple.dmg.iPhoneSimulatorSDK18_1_b6";
&amp#27;[38;5;173m[Xcode]&amp#27;[0m     name = "iOS 18.1 beta 6 Simulator Runtime";
&amp#27;[38;5;173m[Xcode]&amp#27;[0m     platform = "com.apple.platform.iphoneos";
&amp#27;[38;5;173m[Xcode]&amp#27;[0m     simulatorVersion =     {
&amp#27;[38;5;173m[Xcode]&amp#27;[0m         buildUpdate = 22B5069a;
&amp#27;[38;5;173m[Xcode]&amp#27;[0m         version = "18.1";
&amp#27;[38;5;173m[Xcode]&amp#27;[0m     };
&amp#27;[38;5;173m[Xcode]&amp#27;[0m     version = "18.1.0.6";
&amp#27;[38;5;173m[Xcode]&amp#27;[0m }, NSLocalizedDescription=Unable to read in downloadable data. See underlying errors for details., DVTUnderlyingErrorsKey=(
&amp#27;[38;5;173m[Xcode]&amp#27;[0m     "Error Domain=DVTDownloadableErrors Code=27 \"'cryptexDiskImage' is an unknown content type.\" UserInfo={NSLocalizedDescription='cryptexDiskImage' is an unknown content type.}"
&amp#27;[38;5;173m[Xcode]&amp#27;[0m )}
&amp#27;[38;5;173m[Xcode]&amp#27;[0m 2024-11-05 15:48:45.932 xcodebuild[21303:211019]  DVTDownloadable: Unexpected error attempting to parse downloadable from index: Error Domain=DVTDownloadableErrors Code=16 "Unable to read in downloadable data. See underlying errors for details." UserInfo={DownloadablePlist={
&amp#27;[38;5;173m[Xcode]&amp#27;[0m     category = simulator;
&amp#27;[38;5;173m[Xcode]&amp#27;[0m     contentType = cryptexDiskImage;
&amp#27;[38;5;173m[Xcode]&amp#27;[0m     dictionaryVersion = 2;
&amp#27;[38;5;173m[Xcode]&amp#27;[0m     downloadMethod = mobileAsset;
&amp#27;[38;5;173m[Xcode]&amp#27;[0m     fileSize = 4227895979;
&amp#27;[38;5;173m[Xcode]&amp#27;[0m     identifier = "com.apple.dmg.AppleTVSimulatorSDK18_1_b4";
&amp#27;[38;5;173m[Xcode]&amp#27;[0m     name = "tvOS 18.1 beta 4 Simulator Runtime";
&amp#27;[38;5;173m[Xcode]&amp#27;[0m     platform = "com.apple.platform.appletvos";
&amp#27;[38;5;173m[Xcode]&amp#27;[0m     simulatorVersion =     {
&amp#27;[38;5;173m[Xcode]&amp#27;[0m         buildUpdate = 22J5567a;
&amp#27;[38;5;173m[Xcode]&amp#27;[0m         version = "18.1";
&amp#27;[38;5;173m[Xcode]&amp#27;[0m     };
&amp#27;[38;5;173m[Xcode]&amp#27;[0m     version = "18.1.0.4";
&amp#27;[38;5;173m[Xcode]&amp#27;[0m }, NSLocalizedDescription=Unable to read in downloadable data. See underlying errors for details., DVTUnderlyingErrorsKey=(
&amp#27;[38;5;173m[Xcode]&amp#27;[0m     "Error Domain=DVTDownloadableErrors Code=27 \"'cryptexDiskImage' is an unknown content type.\" UserInfo={NSLocalizedDescription='cryptexDiskImage' is an unknown content type.}"
&amp#27;[38;5;173m[Xcode]&amp#27;[0m )}
&amp#27;[38;5;173m[Xcode]&amp#27;[0m 2024-11-05 15:48:45.932 xcodebuild[21303:211019]  DVTDownloadable: Unexpected error attempting to parse downloadable from index: Error Domain=DVTDownloadableErrors Code=16 "Unable to read in downloadable data. See underlying errors for details." UserInfo={DownloadablePlist={
&amp#27;[38;5;173m[Xcode]&amp#27;[0m     category = simulator;
&amp#27;[38;5;173m[Xcode]&amp#27;[0m     contentType = cryptexDiskImage;
&amp#27;[38;5;173m[Xcode]&amp#27;[0m     dictionaryVersion = 2;
&amp#27;[38;5;173m[Xcode]&amp#27;[0m     downloadMethod = mobileAsset;
&amp#27;[38;5;173m[Xcode]&amp#27;[0m     fileSize = 8455760207;
&amp#27;[38;5;173m[Xcode]&amp#27;[0m     identifier = "com.apple.dmg.xrSimulatorSDK2_1_b4";
&amp#27;[38;5;173m[Xcode]&amp#27;[0m     name = "visionOS 2.1 beta 4 Simulator Runtime";
&amp#27;[38;5;173m[Xcode]&amp#27;[0m     platform = "com.apple.platform.xros";
&amp#27;[38;5;173m[Xcode]&amp#27;[0m     simulatorVersion =     {
&amp#27;[38;5;173m[Xcode]&amp#27;[0m         buildUpdate = 22N5567a;
&amp#27;[38;5;173m[Xcode]&amp#27;[0m         version = "2.1";
&amp#27;[38;5;173m[Xcode]&amp#27;[0m     };
&amp#27;[38;5;173m[Xcode]&amp#27;[0m     version = "2.1.0.4";
&amp#27;[38;5;173m[Xcode]&amp#27;[0m }, NSLocalizedDescription=Unable to read in downloadable data. See underlying errors for details., DVTUnderlyingErrorsKey=(
&amp#27;[38;5;173m[Xcode]&amp#27;[0m     "Error Domain=DVTDownloadableErrors Code=27 \"'cryptexDiskImage' is an unknown content type.\" UserInfo={NSLocalizedDescription='cryptexDiskImage' is an unknown content type.}",
&amp#27;[38;5;173m[Xcode]&amp#27;[0m     "Error Domain=DVTDownloadableErrors Code=23 \"'com.apple.platform.xros' is an unknown platform identifier.\" UserInfo={NSLocalizedDescription='com.apple.platform.xros' is an unknown platform identifier.}"
&amp#27;[38;5;173m[Xcode]&amp#27;[0m )}
&amp#27;[38;5;173m[Xcode]&amp#27;[0m 
&amp#27;[38;5;173m[Xcode]&amp#27;[0m 2024-11-05 15:48:45.932 xcodebuild[21303:211019]  DVTDownloadable: Unexpected error attempting to parse downloadable from index: Error Domain=DVTDownloadableErrors Code=16 "Unable to read in downloadable data. See underlying errors for details." UserInfo={DownloadablePlist={
&amp#27;[38;5;173m[Xcode]&amp#27;[0m     category = simulator;
&amp#27;[38;5;173m[Xcode]&amp#27;[0m     contentType = cryptexDiskImage;
&amp#27;[38;5;173m[Xcode]&amp#27;[0m     dictionaryVersion = 2;
&amp#27;[38;5;173m[Xcode]&amp#27;[0m     downloadMethod = mobileAsset;
&amp#27;[38;5;173m[Xcode]&amp#27;[0m     fileSize = 4496331457;
&amp#27;[38;5;173m[Xcode]&amp#27;[0m     identifier = "com.apple.dmg.WatchSimulatorSDK11_1_b4";
&amp#27;[38;5;173m[Xcode]&amp#27;[0m     name = "watchOS 11.1 beta 4 Simulator Runtime";
&amp#27;[38;5;173m[Xcode]&amp#27;[0m     platform = "com.apple.platform.watchos";
&amp#27;[38;5;173m[Xcode]&amp#27;[0m     simulatorVersion =     {
&amp#27;[38;5;173m[Xcode]&amp#27;[0m         buildUpdate = 22R5569a;
&amp#27;[38;5;173m[Xcode]&amp#27;[0m         version = "11.1";
&amp#27;[38;5;173m[Xcode]&amp#27;[0m     };
&amp#27;[38;5;173m[Xcode]&amp#27;[0m     version = "11.1.0.4";
&amp#27;[38;5;173m[Xcode]&amp#27;[0m }, NSLocalizedDescription=Unable to read in downloadable data. See underlying errors for details., DVTUnderlyingErrorsKey=(
&amp#27;[38;5;173m[Xcode]&amp#27;[0m     "Error Domain=DVTDownloadableErrors Code=27 \"'cryptexDiskImage' is an unknown content type.\" UserInfo={NSLocalizedDescription='cryptexDiskImage' is an unknown content type.}"
&amp#27;[38;5;173m[Xcode]&amp#27;[0m )}
&amp#27;[38;5;173m[Xcode]&amp#27;[0m 2024-11-05 15:48:45.936 xcodebuild[21303:211019]  DVTDownloadable: Unexpected error attempting to parse downloadable from index: Error Domain=DVTDownloadableErrors Code=16 "Unable to read in downloadable data. See underlying errors for details." UserInfo={DownloadablePlist={
&amp#27;[38;5;173m[Xcode]&amp#27;[0m     category = simulator;
&amp#27;[38;5;173m[Xcode]&amp#27;[0m     contentType = cryptexDiskImage;
&amp#27;[38;5;173m[Xcode]&amp#27;[0m     dictionaryVersion = 2;
&amp#27;[38;5;173m[Xcode]&amp#27;[0m     downloadMethod = mobileAsset;
&amp#27;[38;5;173m[Xcode]&amp#27;[0m     fileSize = 8589978857;
&amp#27;[38;5;173m[Xcode]&amp#27;[0m     identifier = "com.apple.dmg.iPhoneSimulatorSDK18_1";
&amp#27;[38;5;173m[Xcode]&amp#27;[0m     name = "iOS 18.1 Simulator Runtime";
&amp#27;[38;5;173m[Xcode]&amp#27;[0m     platform = "com.apple.platform.iphoneos";
&amp#27;[38;5;173m[Xcode]&amp#27;[0m     simulatorVersion =     {
&amp#27;[38;5;173m[Xcode]&amp#27;[0m         buildUpdate = 22B81;
&amp#27;[38;5;173m[Xcode]&amp#27;[0m         version = "18.1";
&amp#27;[38;5;173m[Xcode]&amp#27;[0m     };
&amp#27;[38;5;173m[Xcode]&amp#27;[0m     version = "18.1.0.0";
&amp#27;[38;5;173m[Xcode]&amp#27;[0m }, NSLocalizedDescription=Unable to read in downloadable data. See underlying errors for details., DVTUnderlyingErrorsKey=(
&amp#27;[38;5;173m[Xcode]&amp#27;[0m     "Error Domain=DVTDownloadableErrors Code=27 \"'cryptexDiskImage' is an unknown content type.\" UserInfo={NSLocalizedDescription='cryptexDiskImage' is an unknown content type.}"
&amp#27;[38;5;173m[Xcode]&amp#27;[0m )}
&amp#27;[38;5;173m[Xcode]&amp#27;[0m 2024-11-05 15:48:45.936 xcodebuild[21303:211019]  DVTDownloadable: Unexpected error attempting to parse downloadable from index: Error Domain=DVTDownloadableErrors Code=16 "Unable to read in downloadable data. See underlying errors for details." UserInfo={DownloadablePlist={
&amp#27;[38;5;173m[Xcode]&amp#27;[0m     category = simulator;
&amp#27;[38;5;173m[Xcode]&amp#27;[0m     contentType = cryptexDiskImage;
&amp#27;[38;5;173m[Xcode]&amp#27;[0m     dictionaryVersion = 2;
&amp#27;[38;5;173m[Xcode]&amp#27;[0m     downloadMethod = mobileAsset;
&amp#27;[38;5;173m[Xcode]&amp#27;[0m     fileSize = 8724195656;
&amp#27;[38;5;173m[Xcode]&amp#27;[0m     identifier = "com.apple.dmg.iPhoneSimulatorSDK18_2_b1";
&amp#27;[38;5;173m[Xcode]&amp#27;[0m     name = "iOS 18.2 beta Simulator Runtime";
&amp#27;[38;5;173m[Xcode]&amp#27;[0m     platform = "com.apple.platform.iphoneos";
&amp#27;[38;5;173m[Xcode]&amp#27;[0m     simulatorVersion =     {
&amp#27;[38;5;173m[Xcode]&amp#27;[0m         buildUpdate = 22C5109p;
&amp#27;[38;5;173m[Xcode]&amp#27;[0m         version = "18.2";
&amp#27;[38;5;173m[Xcode]&amp#27;[0m     };
&amp#27;[38;5;173m[Xcode]&amp#27;[0m     version = "18.2.0.1";
&amp#27;[38;5;173m[Xcode]&amp#27;[0m }, NSLocalizedDescription=Unable to read in downloadable data. See underlying errors for details., DVTUnderlyingErrorsKey=(
&amp#27;[38;5;173m[Xcode]&amp#27;[0m     "Error Domain=DVTDownloadableErrors Code=27 \"'cryptexDiskImage' is an unknown content type.\" UserInfo={NSLocalizedDescription='cryptexDiskImage' is an unknown content type.}"
&amp#27;[38;5;173m[Xcode]&amp#27;[0m )}
&amp#27;[38;5;173m[Xcode]&amp#27;[0m 2024-11-05 15:48:45.938 xcodebuild[21303:211019]  DVTDownloadable: Unexpected error attempting to parse downloadable from index: Error Domain=DVTDownloadableErrors Code=16 "Unable to read in downloadable data. See underlying errors for details." UserInfo={DownloadablePlist={
&amp#27;[38;5;173m[Xcode]&amp#27;[0m     category = simulator;
&amp#27;[38;5;173m[Xcode]&amp#27;[0m     contentType = cryptexDiskImage;
&amp#27;[38;5;173m[Xcode]&amp#27;[0m     dictionaryVersion = 2;
&amp#27;[38;5;173m[Xcode]&amp#27;[0m     downloadMethod = mobileAsset;
&amp#27;[38;5;173m[Xcode]&amp#27;[0m     fileSize = 4227895964;
&amp#27;[38;5;173m[Xcode]&amp#27;[0m     identifier = "com.apple.dmg.AppleTVSimulatorSDK18_1";
&amp#27;[38;5;173m[Xcode]&amp#27;[0m     name = "tvOS 18.1 Simulator Runtime";
&amp#27;[38;5;173m[Xcode]&amp#27;[0m     platform = "com.apple.platform.appletvos";
&amp#27;[38;5;173m[Xcode]&amp#27;[0m     simulatorVersion =     {
&amp#27;[38;5;173m[Xcode]&amp#27;[0m         buildUpdate = 22J578;
&amp#27;[38;5;173m[Xcode]&amp#27;[0m         version = "18.1";
&amp#27;[38;5;173m[Xcode]&amp#27;[0m     };
&amp#27;[38;5;173m[Xcode]&amp#27;[0m     version = "18.1.0.0";
&amp#27;[38;5;173m[Xcode]&amp#27;[0m }, NSLocalizedDescription=Unable to read in downloadable data. See underlying errors for details., DVTUnderlyingErrorsKey=(
&amp#27;[38;5;173m[Xcode]&amp#27;[0m     "Error Domain=DVTDownloadableErrors Code=27 \"'cryptexDiskImage' is an unknown content type.\" UserInfo={NSLocalizedDescription='cryptexDiskImage' is an unknown content type.}"
&amp#27;[38;5;173m[Xcode]&amp#27;[0m )}
&amp#27;[38;5;173m[Xcode]&amp#27;[0m 2024-11-05 15:48:45.939 xcodebuild[21303:211019]  DVTDownloadable: Unexpected error attempting to parse downloadable from index: Error Domain=DVTDownloadableErrors Code=16 "Unable to read in downloadable data. See underlying errors for details." UserInfo={DownloadablePlist={
&amp#27;[38;5;173m[Xcode]&amp#27;[0m     category = simulator;
&amp#27;[38;5;173m[Xcode]&amp#27;[0m     contentType = cryptexDiskImage;
&amp#27;[38;5;173m[Xcode]&amp#27;[0m     dictionaryVersion = 2;
&amp#27;[38;5;173m[Xcode]&amp#27;[0m     downloadMethod = mobileAsset;
&amp#27;[38;5;173m[Xcode]&amp#27;[0m     fileSize = 8455782126;
&amp#27;[38;5;173m[Xcode]&amp#27;[0m     identifier = "com.apple.dmg.xrSimulatorSDK2_1";
&amp#27;[38;5;173m[Xcode]&amp#27;[0m     name = "visionOS 2.1 Simulator Runtime";
&amp#27;[38;5;173m[Xcode]&amp#27;[0m     platform = "com.apple.platform.xros";
&amp#27;[38;5;173m[Xcode]&amp#27;[0m     simulatorVersion =     {
&amp#27;[38;5;173m[Xcode]&amp#27;[0m         buildUpdate = 22N580;
&amp#27;[38;5;173m[Xcode]&amp#27;[0m         version = "2.1";
&amp#27;[38;5;173m[Xcode]&amp#27;[0m     };
&amp#27;[38;5;173m[Xcode]&amp#27;[0m     version = "2.1.0.0";
&amp#27;[38;5;173m[Xcode]&amp#27;[0m }, NSLocalizedDescription=Unable to read in downloadable data. See underlying errors for details., DVTUnderlyingErrorsKey=(
&amp#27;[38;5;173m[Xcode]&amp#27;[0m     "Error Domain=DVTDownloadableErrors Code=27 \"'cryptexDiskImage' is an unknown content type.\" UserInfo={NSLocalizedDescription='cryptexDiskImage' is an unknown content type.}",
&amp#27;[38;5;173m[Xcode]&amp#27;[0m     "Error Domain=DVTDownloadableErrors Code=23 \"'com.apple.platform.xros' is an unknown platform identifier.\" UserInfo={NSLocalizedDescription='com.apple.platform.xros' is an unknown platform identifier.}"
&amp#27;[38;5;173m[Xcode]&amp#27;[0m )}
&amp#27;[38;5;173m[Xcode]&amp#27;[0m 2024-11-05 15:48:45.939 xcodebuild[21303:211019]  DVTDownloadable: Unexpected error attempting to parse downloadable from index: Error Domain=DVTDownloadableErrors Code=16 "Unable to read in downloadable data. See underlying errors for details." UserInfo={DownloadablePlist={
&amp#27;[38;5;173m[Xcode]&amp#27;[0m     category = simulator;
&amp#27;[38;5;173m[Xcode]&amp#27;[0m     contentType = cryptexDiskImage;
&amp#27;[38;5;173m[Xcode]&amp#27;[0m     dictionaryVersion = 2;
&amp#27;[38;5;173m[Xcode]&amp#27;[0m     downloadMethod = mobileAsset;
&amp#27;[38;5;173m[Xcode]&amp#27;[0m     fileSize = 4496331455;
&amp#27;[38;5;173m[Xcode]&amp#27;[0m     identifier = "com.apple.dmg.WatchSimulatorSDK11_1";
&amp#27;[38;5;173m[Xcode]&amp#27;[0m     name = "watchOS 11.1 Simulator Runtime";
&amp#27;[38;5;173m[Xcode]&amp#27;[0m     platform = "com.apple.platform.watchos";
&amp#27;[38;5;173m[Xcode]&amp#27;[0m     simulatorVersion =     {
&amp#27;[38;5;173m[Xcode]&amp#27;[0m         buildUpdate = 22R581;
&amp#27;[38;5;173m[Xcode]&amp#27;[0m         version = "11.1";
&amp#27;[38;5;173m[Xcode]&amp#27;[0m     };
&amp#27;[38;5;173m[Xcode]&amp#27;[0m     version = "11.1.0.0";
&amp#27;[38;5;173m[Xcode]&amp#27;[0m }, NSLocalizedDescription=Unable to read in downloadable data. See underlying errors for details., DVTUnderlyingErrorsKey=(
&amp#27;[38;5;173m[Xcode]&amp#27;[0m     "Error Domain=DVTDownloadableErrors Code=27 \"'cryptexDiskImage' is an unknown content type.\" UserInfo={NSLocalizedDescription='cryptexDiskImage' is an unknown content type.}"
&amp#27;[38;5;173m[Xcode]&amp#27;[0m )}
&amp#27;[38;5;173m[Xcode]&amp#27;[0m 
&amp#27;[38;5;173m[Xcode]&amp#27;[0m 2024-11-05 15:48:45.940 xcodebuild[21303:211019]  DVTDownloadable: Unexpected error attempting to parse downloadable from index: Error Domain=DVTDownloadableErrors Code=16 "Unable to read in downloadable data. See underlying errors for details." UserInfo={DownloadablePlist={
&amp#27;[38;5;173m[Xcode]&amp#27;[0m     category = simulator;
&amp#27;[38;5;173m[Xcode]&amp#27;[0m     contentType = cryptexDiskImage;
&amp#27;[38;5;173m[Xcode]&amp#27;[0m     dictionaryVersion = 2;
&amp#27;[38;5;173m[Xcode]&amp#27;[0m     downloadMethod = mobileAsset;
&amp#27;[38;5;173m[Xcode]&amp#27;[0m     fileSize = 8724217657;
&amp#27;[38;5;173m[Xcode]&amp#27;[0m     identifier = "com.apple.dmg.iPhoneSimulatorSDK18_2_b2";
&amp#27;[38;5;173m[Xcode]&amp#27;[0m     name = "iOS 18.2 beta 2 Simulator Runtime";
&amp#27;[38;5;173m[Xcode]&amp#27;[0m     platform = "com.apple.platform.iphoneos";
&amp#27;[38;5;173m[Xcode]&amp#27;[0m     simulatorVersion =     {
&amp#27;[38;5;173m[Xcode]&amp#27;[0m         buildUpdate = 22C5125e;
&amp#27;[38;5;173m[Xcode]&amp#27;[0m         version = "18.2";
&amp#27;[38;5;173m[Xcode]&amp#27;[0m     };
&amp#27;[38;5;173m[Xcode]&amp#27;[0m     version = "18.2.0.2";
&amp#27;[38;5;173m[Xcode]&amp#27;[0m }, NSLocalizedDescription=Unable to read in downloadable data. See underlying errors for details., DVTUnderlyingErrorsKey=(
&amp#27;[38;5;173m[Xcode]&amp#27;[0m     "Error Domain=DVTDownloadableErrors Code=27 \"'cryptexDiskImage' is an unknown content type.\" UserInfo={NSLocalizedDescription='cryptexDiskImage' is an unknown content type.}"
&amp#27;[38;5;173m[Xcode]&amp#27;[0m )}
&amp#27;[38;5;173m[Xcode]&amp#27;[0m 2024-11-05 15:48:45.941 xcodebuild[21303:211019]  DVTDownloadable: Unexpected error attempting to parse downloadable from index: Error Domain=DVTDownloadableErrors Code=16 "Unable to read in downloadable data. See underlying errors for details." UserInfo={DownloadablePlist={
&amp#27;[38;5;173m[Xcode]&amp#27;[0m     category = simulator;
&amp#27;[38;5;173m[Xcode]&amp#27;[0m     contentType = cryptexDiskImage;
&amp#27;[38;5;173m[Xcode]&amp#27;[0m     dictionaryVersion = 2;
&amp#27;[38;5;173m[Xcode]&amp#27;[0m     downloadMethod = mobileAsset;
&amp#27;[38;5;173m[Xcode]&amp#27;[0m     fileSize = 4227895971;
&amp#27;[38;5;173m[Xcode]&amp#27;[0m     identifier = "com.apple.dmg.AppleTVSimulatorSDK18_2_b1";
&amp#27;[38;5;173m[Xcode]&amp#27;[0m     name = "tvOS 18.2 beta Simulator Runtime";
&amp#27;[38;5;173m[Xcode]&amp#27;[0m     platform = "com.apple.platform.appletvos";
&amp#27;[38;5;173m[Xcode]&amp#27;[0m     simulatorVersion =     {
&amp#27;[38;5;173m[Xcode]&amp#27;[0m         buildUpdate = 22K5132e;
&amp#27;[38;5;173m[Xcode]&amp#27;[0m         version = "18.2";
&amp#27;[38;5;173m[Xcode]&amp#27;[0m     };
&amp#27;[38;5;173m[Xcode]&amp#27;[0m     version = "18.2.0.1";
&amp#27;[38;5;173m[Xcode]&amp#27;[0m }, NSLocalizedDescription=Unable to read in downloadable data. See underlying errors for details., DVTUnderlyingErrorsKey=(
&amp#27;[38;5;173m[Xcode]&amp#27;[0m     "Error Domain=DVTDownloadableErrors Code=27 \"'cryptexDiskImage' is an unknown content type.\" UserInfo={NSLocalizedDescription='cryptexDiskImage' is an unknown content type.}"
&amp#27;[38;5;173m[Xcode]&amp#27;[0m )}
&amp#27;[38;5;173m[Xcode]&amp#27;[0m 2024-11-05 15:48:45.941 xcodebuild[21303:211019]  DVTDownloadable: Unexpected error attempting to parse downloadable from index: Error Domain=DVTDownloadableErrors Code=16 "Unable to read in downloadable data. See underlying errors for details." UserInfo={DownloadablePlist={
&amp#27;[38;5;173m[Xcode]&amp#27;[0m     category = simulator;
&amp#27;[38;5;173m[Xcode]&amp#27;[0m     contentType = cryptexDiskImage;
&amp#27;[38;5;173m[Xcode]&amp#27;[0m     dictionaryVersion = 2;
&amp#27;[38;5;173m[Xcode]&amp#27;[0m     downloadMethod = mobileAsset;
&amp#27;[38;5;173m[Xcode]&amp#27;[0m     fileSize = 8858435394;
&amp#27;[38;5;173m[Xcode]&amp#27;[0m     identifier = "com.apple.dmg.xrSimulatorSDK2_2_b1";
&amp#27;[38;5;173m[Xcode]&amp#27;[0m     name = "visionOS 2.2 beta Simulator Runtime";
&amp#27;[38;5;173m[Xcode]&amp#27;[0m     platform = "com.apple.platform.xros";
&amp#27;[38;5;173m[Xcode]&amp#27;[0m     simulatorVersion =     {
&amp#27;[38;5;173m[Xcode]&amp#27;[0m         buildUpdate = 22N5778f;
&amp#27;[38;5;173m[Xcode]&amp#27;[0m         version = "2.2";
&amp#27;[38;5;173m[Xcode]&amp#27;[0m     };
&amp#27;[38;5;173m[Xcode]&amp#27;[0m     version = "2.2.0.1";
&amp#27;[38;5;173m[Xcode]&amp#27;[0m }, NSLocalizedDescription=Unable to read in downloadable data. See underlying errors for details., DVTUnderlyingErrorsKey=(
&amp#27;[38;5;173m[Xcode]&amp#27;[0m     "Error Domain=DVTDownloadableErrors Code=27 \"'cryptexDiskImage' is an unknown content type.\" UserInfo={NSLocalizedDescription='cryptexDiskImage' is an unknown content type.}",
&amp#27;[38;5;173m[Xcode]&amp#27;[0m     "Error Domain=DVTDownloadableErrors Code=23 \"'com.apple.platform.xros' is an unknown platform identifier.\" UserInfo={NSLocalizedDescription='com.apple.platform.xros' is an unknown platform identifier.}"
&amp#27;[38;5;173m[Xcode]&amp#27;[0m )}
&amp#27;[38;5;173m[Xcode]&amp#27;[0m 
&amp#27;[38;5;173m[Xcode]&amp#27;[0m 2024-11-05 15:48:45.976 xcodebuild[21303:211019]  DVTDownloadable: Unexpected error attempting to parse downloadable from index: Error Domain=DVTDownloadableErrors Code=16 "Unable to read in downloadable data. See underlying errors for details." UserInfo={DownloadablePlist={
&amp#27;[38;5;173m[Xcode]&amp#27;[0m     category = simulator;
&amp#27;[38;5;173m[Xcode]&amp#27;[0m     contentType = cryptexDiskImage;
&amp#27;[38;5;173m[Xcode]&amp#27;[0m     dictionaryVersion = 2;
&amp#27;[38;5;173m[Xcode]&amp#27;[0m     downloadMethod = mobileAsset;
&amp#27;[38;5;173m[Xcode]&amp#27;[0m     fileSize = 4563440318;
&amp#27;[38;5;173m[Xcode]&amp#27;[0m     identifier = "com.apple.dmg.WatchSimulatorSDK11_2_b1";
&amp#27;[38;5;173m[Xcode]&amp#27;[0m     name = "watchOS 11.2 beta Simulator Runtime";
&amp#27;[38;5;173m[Xcode]&amp#27;[0m     platform = "com.apple.platform.watchos";
&amp#27;[38;5;173m[Xcode]&amp#27;[0m     simulatorVersion =     {
&amp#27;[38;5;173m[Xcode]&amp#27;[0m         buildUpdate = 22S5077c;
&amp#27;[38;5;173m[Xcode]&amp#27;[0m         version = "11.2";
&amp#27;[38;5;173m[Xcode]&amp#27;[0m     };
&amp#27;[38;5;173m[Xcode]&amp#27;[0m     version = "11.2.0.1";
&amp#27;[38;5;173m[Xcode]&amp#27;[0m }, NSLocalizedDescription=Unable to read in downloadable data. See underlying errors for details., DVTUnderlyingErrorsKey=(
&amp#27;[38;5;173m[Xcode]&amp#27;[0m     "Error Domain=DVTDownloadableErrors Code=27 \"'cryptexDiskImage' is an unknown content type.\" UserInfo={NSLocalizedDescription='cryptexDiskImage' is an unknown content type.}"
&amp#27;[38;5;173m[Xcode]&amp#27;[0m )}
&amp#27;[38;5;173m[Xcode]&amp#27;[0m 
&amp#27;[38;5;173m[Xcode]&amp#27;[0m 
&amp#27;[38;5;173m[Xcode]&amp#27;[0m 
&amp#27;[38;5;173m[Xcode]&amp#27;[0m ProcessInfoPlistFile /Users/oikhlas/Library/Developer/Xcode/DerivedData/WebDriverAgent-bcmeffsllcldukgyoimwiehwhvyz/Build/Products/Debug-iphonesimulator/WebDriverAgentLib.framework/Info.plist /Users/oikhlas/.appium/node_modules/appium-xcuitest-driver/node_modules/appium-webdriveragent/WebDriverAgentLib/Info.plist (in target 'WebDriverAgentLib' from project 'WebDriverAgent')
&amp#27;[38;5;173m[Xcode]&amp#27;[0m     cd /Users/oikhlas/.appium/node_modules/appium-xcuitest-driver/node_modules/appium-webdriveragent
&amp#27;[38;5;173m[Xcode]&amp#27;[0m     builtin-infoPlistUtility /Users/oikhlas/.appium/node_modules/appium-xcuitest-driver/node_modules/appium-webdriveragent/WebDriverAgentLib/Info.plist -producttype com.apple.product-type.framework -expandbuildsettings -format binary -platform iphonesimulator -o /Users/oikhlas/Library/Developer/Xcode/DerivedData/WebDriverAgent-bcmeffsllcldukgyoimwiehwhvyz/Build/Products/Debug-iphonesimulator/WebDriverAgentLib.framework/Info.plist
&amp#27;[38;5;173m[Xcode]&amp#27;[0m 
&amp#27;[38;5;173m[Xcode]&amp#27;[0m /Users/oikhlas/.appium/node_modules/appium-xcuitest-driver/node_modules/appium-webdriveragent/WebDriverAgent.xcodeproj: warning: User-supplied CFBundleIdentifier value 'com.facebook.wda.lib' in the Info.plist must be the same as the PRODUCT_BUNDLE_IDENTIFIER build setting value 'com.facebook.WebDriverAgentLib'. (in target 'WebDriverAgentLib' from project 'WebDriverAgent')
&amp#27;[38;5;173m[Xcode]&amp#27;[0m 
&amp#27;[38;5;173m[Xcode]&amp#27;[0m 
&amp#27;[38;5;173m[Xcode]&amp#27;[0m 
&amp#27;[38;5;173m[Xcode]&amp#27;[0m Analyze /Users/oikhlas/.appium/node_modules/appium-xcuitest-driver/node_modules/appium-webdriveragent/WebDriverAgentLib/Categories/FBXCElementSnapshotWrapper+Helpers.m normal x86_64 (in target 'WebDriverAgentLib' from project 'WebDriverAgent')
&amp#27;[38;5;173m[Xcode]&amp#27;[0m     cd /Users/oikhlas/.appium/node_modules/appium-xcuitest-driver/node_modules/appium-webdriveragent
&amp#27;[38;5;173m[Xcode]&amp#27;[0m     /Applications/Xcode.app/Contents/Developer/Toolchains/XcodeDefault.xctoolchain/usr/bin/clang -x objective-c -target x86_64-apple-ios16.0-simulator -fmessage-length\=0 -fdiagnostics-show-note-include-stack -fmacro-backtrace-limit\=0 -std\=gnu99 -fobjc-arc -fmodules -gmodules -fmodules-cache-path\=/Users/oikhlas/Library/Developer/Xcode/DerivedData/WebDriverAgent-bcmeffsllcldukgyoimwiehwhvyz/ModuleCache.noindex -fmodules-prune-interval\=86400 -fmodules-prune-after\=345600 -fbuild-session-file\=/Users/oikhlas/Library/Developer/Xcode/DerivedData/WebDriverAgent-bcmeffsllcldukgyoimwiehwhvyz/ModuleCache.noindex/Session.modulevalidation -fmodules-validate-once-per-build-session -Wno-trigraphs -fpascal-strings -O0 -fno-common -Wmissing-field-initializers -Wno-missing-prototypes -Werror\=return-type -Wunreachable-code -Wquoted-include-in-framework-header -Wno-implicit-atomic-properties -Werror\=deprecated-objc-isa-usage -Wno-objc-interface-ivars -Werror\=objc-root-class -Warc-repeated-use-of-weak -Wno-arc-maybe-repeated-use-of-weak -Wimplicit-retain-self -Wduplicate-method-match -Wno-missing-braces -Wparentheses -Wswitch -Wunused-function -Wno-unused-label -Wunused-parameter -Wunused-variable -Wunused-value -Wempty-body -Wuninitialized -Wconditional-uninitialized -Wno-unknown-pragmas -pedantic -Wshadow -Wno-four-char-constants -Wconversion -Wconstant-conversion -Wint-conversion -Wbool-conversion -Wenum-conversion -Wfloat-conversion -Wnon-literal-null-conversion -Wobjc-literal-conversion -Wassign-enum -Wsign-compare -Wshorten-64-to-32 -Wpointer-sign -Wno-newline-eof -Wno-selector -Wno-strict-selector-match -Wundeclared-selector -Wdeprecated-implementations -Wno-implicit-fallthrough -DDEBUG\=1 -DOBJC_OLD_DISPATCH_PROTOTYPES\=0 -isysroot /Applications/Xcode.app/Contents/Developer/Platforms/iPhoneSimulator.platform/Developer/SDKs/iPhoneSimulator16.0.sdk -fasm-blocks -fstrict-aliasing -Wprotocol -Wdeprecated-declarations -g -Wno-sign-conversion -Winfinite-recursion -Wcomma -Wblock-capture-autoreleasing -Wstrict-prototypes -Wno-semicolon-before-method-body -fobjc-abi-version\=2 -fobjc-legacy-dispatch -D__clang_analyzer__ -Xclang -analyzer-output\=plist-multi-file -Xclang -analyzer-config -Xclang path-diagnostics-alternate\=true -Xclang -analyzer-config -Xclang report-in-main-source-file\=true -Xclang -analyzer-checker -Xclang optin.osx.cocoa.localizability.NonLocalizedStringChecker -Xclang -analyzer-checker -Xclang security.insecureAPI.UncheckedReturn -Xclang -analyzer-checker -Xclang security.insecureAPI.getpw -Xclang -analyzer-checker -Xclang security.insecureAPI.gets -Xclang -analyzer-checker -Xclang security.insecureAPI.mkstemp -Xclang -analyzer-checker -Xclang security.insecureAPI.mktemp -Xclang -analyzer-disable-checker -Xclang security.insecureAPI.rand -Xclang -analyzer-disable-checker -Xclang security.insecureAPI.strcpy -Xclang -analyzer-checker -Xclang security.insecureAPI.vfork -iquote /Users/oikhlas/Library/Developer/Xcode/DerivedData/WebDriverAgent-bcmeffsllcldukgyoimwiehwhvyz/Build/Intermediates.noindex/WebDriverAgent.build/Debug-iphonesimulator/WebDriverAgentLib.build/WebDriverAgentLib-generated-files.hmap -I/Users/oikhlas/Library/Developer/Xcode/DerivedData/WebDriverAgent-bcmeffsllcldukgyoimwiehwhvyz/Build/Intermediates.noindex/WebDriverAgent.build/Debug-iphonesimulator/WebDriverAgentLib.build/WebDriverAgentLib-own-target-headers.hmap -I/Users/oikhlas/Library/Developer/Xcode/DerivedData/WebDriverAgent-bcmeffsllcldukgyoimwiehwhvyz/Build/Intermediates.noindex/WebDriverAgent.build/Debug-iphonesimulator/WebDriverAgentLib.build/WebDriverAgentLib-all-target-headers.hmap -iquote /Users/oikhlas/Library/Developer/Xcode/DerivedData/WebDriverAgent-bcmeffsllcldukgyoimwiehwhvyz/Build/Intermediates.noindex/WebDriverAgent.build/Debug-iphonesimulator/WebDriverAgentLib.build/WebDriverAgentLib-project-headers.hmap -I/Users/oikhlas/Library/Developer/Xcode/DerivedData/WebDriverAgent-bcmeffsllcldukgyoimwiehwhvyz/Build/Products/Debug-iphonesimulator/include -I/Applications/Xcode.app/Contents/Developer/Platforms/iPhoneSimulator.platform/Developer/SDKs/iPhoneSimulator16.0.sdk/usr/include/libxml2 -I/Users/oikhlas/.appium/node_modules/appium-xcuitest-driver/node_modules/appium-webdriveragent/Modules -I/Users/oikhlas/Library/Developer/Xcode/DerivedData/WebDriverAgent-bcmeffsllcldukgyoimwiehwhvyz/Build/Intermediates.noindex/WebDriverAgent.build/Debug-iphonesimulator/WebDriverAgentLib.build/DerivedSources-normal/x86_64 -I/Users/oikhlas/Library/Developer/Xcode/DerivedData/WebDriverAgent-bcmeffsllcldukgyoimwiehwhvyz/Build/Intermediates.noindex/WebDriverAgent.build/Debug-iphonesimulator/WebDriverAgentLib.build/DerivedSources/x86_64 -I/Users/oikhlas/Library/Developer/Xcode/DerivedData/WebDriverAgent-bcmeffsllcldukgyoimwiehwhvyz/Build/Intermediates.noindex/WebDriverAgent.build/Debug-iphonesimulator/WebDriverAgentLib.build/DerivedSources -Weverything -Wno-objc-missing-property-synthesis -Wno-unused-macros -Wno-disabled-macro-expansion -Wno-gnu-statement-expression -Wno-language-extension-token -Wno-overriding-method-mismatch -Wno-missing-variable-declarations -Rno-module-build -Wno-auto-import -Wno-objc-interface-ivars -Wno-documentation-unknown-command -Wno-reserved-id-macro -Wno-unused-parameter -Wno-gnu-conditional-omitted-operand -Wno-explicit-ownership-type -Wno-date-time -Wno-cast-align -Wno-cstring-format-directive -Wno-double-promotion -Wno-partial-availability -Weverything -Wno-objc-missing-property-synthesis -Wno-unused-macros -Wno-disabled-macro-expansion -Wno-gnu-statement-expression -Wno-language-extension-token -Wno-overriding-method-mismatch -Wno-missing-variable-declarations -Rno-module-build -Wno-auto-import -Wno-objc-interface-ivars -Wno-documentation-unknown-command -Wno-reserved-id-macro -Wno-unused-parameter -Wno-gnu-conditional-omitted-operand -Wno-explicit-ownership-type -Wno-date-time -Wno-cast-align -Wno-cstring-format-directive -Wno-double-promotion -Wno-partial-availability -Wno-objc-messaging-id -Wno-direct-ivar-access -Wno-cast-qual -Wno-declaration-after-statement -F/Users/oikhlas/Library/Developer/Xcode/DerivedData/WebDriverAgent-bcmeffsllcldukgyoimwiehwhvyz/Build/Products/Debug-iphonesimulator -F/Applications/Xcode.app/Contents/Developer/Platforms/iPhoneSimulator.platform/Developer/Library/Frameworks -F/Applications/Xcode.app/Contents/Developer/Platforms/iPhoneSimulator.platform/Developer/Library/PrivateFrameworks -iframework /Applications/Xcode.app/Contents/Developer/Platforms/iPhoneSimulator.platform/Developer/SDKs/iPhoneSimulator16.0.sdk/Developer/Library/Frameworks -MMD -MT dependencies -MF /Users/oikhlas/Library/Developer/Xcode/DerivedData/WebDriverAgent-bcmeffsllcldukgyoimwiehwhvyz/Build/Intermediates.noindex/WebDriverAgent.build/Debug-iphonesimulator/WebDriverAgentLib.build/StaticAnalyzer/WebDriverAgent/WebDriverAgentLib/normal/x86_64/FBXCElementSnapshotWrapper+Helpers.d --analyze /Users/oikhlas/.appium/node_modules/appium-xcuitest-driver/node_modules/appium-webdriveragent/WebDriverAgentLib/Categories/FBXCElementSnapshotWrapper+Helpers.m -o /Users/oikhlas/Library/Developer/Xcode/DerivedData/WebDriverAgent-bcmeffsllcldukgyoimwiehwhvyz/Build/Intermediates.noindex/WebDriverAgent.build/Debug-iphonesimulator/WebDriverAgentLib.build/StaticAnalyzer/WebDriverAgent/WebDriverAgentLib/normal/x86_64/FBXCElementSnapshotWrapper+Helpers.plist
&amp#27;[38;5;173m[Xcode]&amp#27;[0m 
&amp#27;[38;5;-42m[XCUITestDriver@9d32 (dbe4db21)]&amp#27;[0m Matched '/status' to command name 'getStatus'
&amp#27;[38;5;-42m[XCUITestDriver@9d32 (dbe4db21)]&amp#27;[0m Proxying [GET /status] to [GET http://127.0.0.1:8100/status] with no body
&amp#27;[38;5;-42m[XCUITestDriver@9d32 (dbe4db21)]&amp#27;[0m connect ECONNREFUSED 127.0.0.1:8100
&amp#27;[38;5;173m[Xcode]&amp#27;[0m 
&amp#27;[38;5;173m[Xcode]&amp#27;[0m 
&amp#27;[38;5;173m[Xcode]&amp#27;[0m Analyze /Users/oikhlas/.appium/node_modules/appium-xcuitest-driver/node_modules/appium-webdriveragent/WebDriverAgentLib/Categories/NSString+FBVisualLength.m normal x86_64 (in target 'WebDriverAgentLib' from project 'WebDriverAgent')
&amp#27;[38;5;173m[Xcode]&amp#27;[0m     cd /Users/oikhlas/.appium/node_modules/appium-xcuitest-driver/node_modules/appium-webdriveragent
&amp#27;[38;5;173m[Xcode]&amp#27;[0m     /Applications/Xcode.app/Contents/Developer/Toolchains/XcodeDefault.xctoolchain/usr/bin/clang -x objective-c -target x86_64-apple-ios16.0-simulator -fmessage-length\=0 -fdiagnostics-show-note-include-stack -fmacro-backtrace-limit\=0 -std\=gnu99 -fobjc-arc -fmodules -gmodules -fmodules-cache-path\=/Users/oikhlas/Library/Developer/Xcode/DerivedData/WebDriverAgent-bcmeffsllcldukgyoimwiehwhvyz/ModuleCache.noindex -fmodules-prune-interval\=86400 -fmodules-prune-after\=345600 -fbuild-session-file\=/Users/oikhlas/Library/Developer/Xcode/DerivedData/WebDriverAgent-bcmeffsllcldukgyoimwiehwhvyz/ModuleCache.noindex/Session.modulevalidation -fmodules-validate-once-per-build-session -Wno-trigraphs -fpascal-strings -O0 -fno-common -Wmissing-field-initializers -Wno-missing-prototypes -Werror\=return-type -Wunreachable-code -Wquoted-include-in-framework-header -Wno-implicit-atomic-properties -Werror\=deprecated-objc-isa-usage -Wno-objc-interface-ivars -Werror\=objc-root-class -Warc-repeated-use-of-weak -Wno-arc-maybe-repeated-use-of-weak -Wimplicit-retain-self -Wduplicate-method-match -Wno-missing-braces -Wparentheses -Wswitch -Wunused-function -Wno-unused-label -Wunused-parameter -Wunused-variable -Wunused-value -Wempty-body -Wuninitialized -Wconditional-uninitialized -Wno-unknown-pragmas -pedantic -Wshadow -Wno-four-char-constants -Wconversion -Wconstant-conversion -Wint-conversion -Wbool-conversion -Wenum-conversion -Wfloat-conversion -Wnon-literal-null-conversion -Wobjc-literal-conversion -Wassign-enum -Wsign-compare -Wshorten-64-to-32 -Wpointer-sign -Wno-newline-eof -Wno-selector -Wno-strict-selector-match -Wundeclared-selector -Wdeprecated-implementations -Wno-implicit-fallthrough -DDEBUG\=1 -DOBJC_OLD_DISPATCH_PROTOTYPES\=0 -isysroot /Applications/Xcode.app/Contents/Developer/Platforms/iPhoneSimulator.platform/Developer/SDKs/iPhoneSimulator16.0.sdk -fasm-blocks -fstrict-aliasing -Wprotocol -Wdeprecated-declarations -g -Wno-sign-conversion -Winfinite-recursion -Wcomma -Wblock-capture-autoreleasing -Wstrict-prototypes -Wno-semicolon-before-method-body -fobjc-abi-version\=2 -fobjc-legacy-dispatch -D__clang_analyzer__ -Xclang -analyzer-output\=plist-multi-file -Xclang -analyzer-config -Xclang path-diagnostics-alternate\=true -Xclang -analyzer-config -Xclang report-in-main-source-file\=true -Xclang -analyzer-checker -Xclang optin.osx.cocoa.localizability.NonLocalizedStringChecker -Xclang -analyzer-checker -Xclang security.insecureAPI.UncheckedReturn -Xclang -analyzer-checker -Xclang security.insecureAPI.getpw -Xclang -analyzer-checker -Xclang security.insecureAPI.gets -Xclang -analyzer-checker -Xclang security.insecureAPI.mkstemp -Xclang -analyzer-checker -Xclang security.insecureAPI.mktemp -Xclang -analyzer-disable-checker -Xclang security.insecureAPI.rand -Xclang -analyzer-disable-checker -Xclang security.insecureAPI.strcpy -Xclang -analyzer-checker -Xclang security.insecureAPI.vfork -iquote /Users/oikhlas/Library/Developer/Xcode/DerivedData/WebDriverAgent-bcmeffsllcldukgyoimwiehwhvyz/Build/Intermediates.noindex/WebDriverAgent.build/Debug-iphonesimulator/WebDriverAgentLib.build/WebDriverAgentLib-generated-files.hmap -I/Users/oikhlas/Library/Developer/Xcode/DerivedData/WebDriverAgent-bcmeffsllcldukgyoimwiehwhvyz/Build/Intermediates.noindex/WebDriverAgent.build/Debug-iphonesimulator/WebDriverAgentLib.build/WebDriverAgentLib-own-target-headers.hmap -I/Users/oikhlas/Library/Developer/Xcode/DerivedData/WebDriverAgent-bcmeffsllcldukgyoimwiehwhvyz/Build/Intermediates.noindex/WebDriverAgent.build/Debug-iphonesimulator/WebDriverAgentLib.build/WebDriverAgentLib-all-target-headers.hmap -iquote /Users/oikhlas/Library/Developer/Xcode/DerivedData/WebDriverAgent-bcmeffsllcldukgyoimwiehwhvyz/Build/Intermediates.noindex/WebDriverAgent.build/Debug-iphonesimulator/WebDriverAgentLib.build/WebDriverAgentLib-project-headers.hmap -I/Users/oikhlas/Library/Developer/Xcode/DerivedData/WebDriverAgent-bcmeffsllcldukgyoimwiehwhvyz/Build/Products/Debug-iphonesimulator/include -I/Applications/Xcode.app/Contents/Developer/Platforms/iPhoneSimulator.platform/Developer/SDKs/iPhoneSimulator16.0.sdk/usr/include/libxml2 -I/Users/oikhlas/.appium/node_modules/appium-xcuitest-driver/node_modules/appium-webdriveragent/Modules -I/Users/oikhlas/Library/Developer/Xcode/DerivedData/WebDriverAgent-bcmeffsllcldukgyoimwiehwhvyz/Build/Intermediates.noindex/WebDriverAgent.build/Debug-iphonesimulator/WebDriverAgentLib.build/DerivedSources-normal/x86_64 -I/Users/oikhlas/Library/Developer/Xcode/DerivedData/WebDriverAgent-bcmeffsllcldukgyoimwiehwhvyz/Build/Intermediates.noindex/WebDriverAgent.build/Debug-iphonesimulator/WebDriverAgentLib.build/DerivedSources/x86_64 -I/Users/oikhlas/Library/Developer/Xcode/DerivedData/WebDriverAgent-bcmeffsllcldukgyoimwiehwhvyz/Build/Intermediates.noindex/WebDriverAgent.build/Debug-iphonesimulator/WebDriverAgentLib.build/DerivedSources -Weverything -Wno-objc-missing-property-synthesis -Wno-unused-macros -Wno-disabled-macro-expansion -Wno-gnu-statement-expression -Wno-language-extension-token -Wno-overriding-method-mismatch -Wno-missing-variable-declarations -Rno-module-build -Wno-auto-import -Wno-objc-interface-ivars -Wno-documentation-unknown-command -Wno-reserved-id-macro -Wno-unused-parameter -Wno-gnu-conditional-omitted-operand -Wno-explicit-ownership-type -Wno-date-time -Wno-cast-align -Wno-cstring-format-directive -Wno-double-promotion -Wno-partial-availability -Weverything -Wno-objc-missing-property-synthesis -Wno-unused-macros -Wno-disabled-macro-expansion -Wno-gnu-statement-expression -Wno-language-extension-token -Wno-overriding-method-mismatch -Wno-missing-variable-declarations -Rno-module-build -Wno-auto-import -Wno-objc-interface-ivars -Wno-documentation-unknown-command -Wno-reserved-id-macro -Wno-unused-parameter -Wno-gnu-conditional-omitted-operand -Wno-explicit-ownership-type -Wno-date-time -Wno-cast-align -Wno-cstring-format-directive -Wno-double-promotion -Wno-partial-availability -Wno-objc-messaging-id -Wno-direct-ivar-access -Wno-cast-qual -Wno-declaration-after-statement -F/Users/oikhlas/Library/Developer/Xcode/DerivedData/WebDriverAgent-bcmeffsllcldukgyoimwiehwhvyz/Build/Products/Debug-iphonesimulator -F/Applications/Xcode.app/Contents/Developer/Platforms/iPhoneSimulator.platform/Developer/Library/Frameworks -F/Applications/Xcode.app/Contents/Developer/Platforms/iPhoneSimulator.platform/Developer/Library/PrivateFrameworks -iframework /Applications/Xcode.app/Contents/Developer/Platforms/iPhoneSimulator.platform/Developer/SDKs/iPhoneSimulator16.0.sdk/Developer/Library/Frameworks -MMD -MT dependencies -MF /Users/oikhlas/Library/Developer/Xcode/DerivedData/WebDriverAgent-bcmeffsllcldukgyoimwiehwhvyz/Build/Intermediates.noindex/WebDriverAgent.build/Debug-iphonesimulator/WebDriverAgentLib.build/StaticAnalyzer/WebDriverAgent/WebDriverAgentLib/normal/x86_64/NSString+FBVisualLength.d --analyze /Users/oikhlas/.appium/node_modules/appium-xcuitest-driver/node_modules/appium-webdriveragent/WebDriverAgentLib/Categories/NSString+FBVisualLength.m -o /Users/oikhlas/Library/Developer/Xcode/DerivedData/WebDriverAgent-bcmeffsllcldukgyoimwiehwhvyz/Build/Intermediates.noindex/WebDriverAgent.build/Debug-iphonesimulator/WebDriverAgentLib.build/StaticAnalyzer/WebDriverAgent/WebDriverAgentLib/normal/x86_64/NSString+FBVisualLength.plist
&amp#27;[38;5;173m[Xcode]&amp#27;[0m 
&amp#27;[38;5;-42m[XCUITestDriver@9d32 (dbe4db21)]&amp#27;[0m Matched '/status' to command name 'getStatus'
&amp#27;[38;5;-42m[XCUITestDriver@9d32 (dbe4db21)]&amp#27;[0m Proxying [GET /status] to [GET http://127.0.0.1:8100/status] with no body
&amp#27;[38;5;-42m[XCUITestDriver@9d32 (dbe4db21)]&amp#27;[0m connect ECONNREFUSED 127.0.0.1:8100
&amp#27;[38;5;173m[Xcode]&amp#27;[0m 
&amp#27;[38;5;173m[Xcode]&amp#27;[0m 
&amp#27;[38;5;173m[Xcode]&amp#27;[0m Analyze /Users/oikhlas/.appium/node_modules/appium-xcuitest-driver/node_modules/appium-webdriveragent/WebDriverAgentLib/Categories/NSExpression+FBFormat.m normal x86_64 (in target 'WebDriverAgentLib' from project 'WebDriverAgent')
&amp#27;[38;5;173m[Xcode]&amp#27;[0m     cd /Users/oikhlas/.appium/node_modules/appium-xcuitest-driver/node_modules/appium-webdriveragent
&amp#27;[38;5;173m[Xcode]&amp#27;[0m     /Applications/Xcode.app/Contents/Developer/Toolchains/XcodeDefault.xctoolchain/usr/bin/clang -x objective-c -target x86_64-apple-ios16.0-simulator -fmessage-length\=0 -fdiagnostics-show-note-include-stack -fmacro-backtrace-limit\=0 -std\=gnu99 -fobjc-arc -fmodules -gmodules -fmodules-cache-path\=/Users/oikhlas/Library/Developer/Xcode/DerivedData/WebDriverAgent-bcmeffsllcldukgyoimwiehwhvyz/ModuleCache.noindex -fmodules-prune-interval\=86400 -fmodules-prune-after\=345600 -fbuild-session-file\=/Users/oikhlas/Library/Developer/Xcode/DerivedData/WebDriverAgent-bcmeffsllcldukgyoimwiehwhvyz/ModuleCache.noindex/Session.modulevalidation -fmodules-validate-once-per-build-session -Wno-trigraphs -fpascal-strings -O0 -fno-common -Wmissing-field-initializers -Wno-missing-prototypes -Werror\=return-type -Wunreachable-code -Wquoted-include-in-framework-header -Wno-implicit-atomic-properties -Werror\=deprecated-objc-isa-usage -Wno-objc-interface-ivars -Werror\=objc-root-class -Warc-repeated-use-of-weak -Wno-arc-maybe-repeated-use-of-weak -Wimplicit-retain-self -Wduplicate-method-match -Wno-missing-braces -Wparentheses -Wswitch -Wunused-function -Wno-unused-label -Wunused-parameter -Wunused-variable -Wunused-value -Wempty-body -Wuninitialized -Wconditional-uninitialized -Wno-unknown-pragmas -pedantic -Wshadow -Wno-four-char-constants -Wconversion -Wconstant-conversion -Wint-conversion -Wbool-conversion -Wenum-conversion -Wfloat-conversion -Wnon-literal-null-conversion -Wobjc-literal-conversion -Wassign-enum -Wsign-compare -Wshorten-64-to-32 -Wpointer-sign -Wno-newline-eof -Wno-selector -Wno-strict-selector-match -Wundeclared-selector -Wdeprecated-implementations -Wno-implicit-fallthrough -DDEBUG\=1 -DOBJC_OLD_DISPATCH_PROTOTYPES\=0 -isysroot /Applications/Xcode.app/Contents/Developer/Platforms/iPhoneSimulator.platform/Developer/SDKs/iPhoneSimulator16.0.sdk -fasm-blocks -fstrict-aliasing -Wprotocol -Wdeprecated-declarations -g -Wno-sign-conversion -Winfinite-recursion -Wcomma -Wblock-capture-autoreleasing -Wstrict-prototypes -Wno-semicolon-before-method-body -fobjc-abi-version\=2 -fobjc-legacy-dispatch -D__clang_analyzer__ -Xclang -analyzer-output\=plist-multi-file -Xclang -analyzer-config -Xclang path-diagnostics-alternate\=true -Xclang -analyzer-config -Xclang report-in-main-source-file\=true -Xclang -analyzer-checker -Xclang optin.osx.cocoa.localizability.NonLocalizedStringChecker -Xclang -analyzer-checker -Xclang security.insecureAPI.UncheckedReturn -Xclang -analyzer-checker -Xclang security.insecureAPI.getpw -Xclang -analyzer-checker -Xclang security.insecureAPI.gets -Xclang -analyzer-checker -Xclang security.insecureAPI.mkstemp -Xclang -analyzer-checker -Xclang security.insecureAPI.mktemp -Xclang -analyzer-disable-checker -Xclang security.insecureAPI.rand -Xclang -analyzer-disable-checker -Xclang security.insecureAPI.strcpy -Xclang -analyzer-checker -Xclang security.insecureAPI.vfork -iquote /Users/oikhlas/Library/Developer/Xcode/DerivedData/WebDriverAgent-bcmeffsllcldukgyoimwiehwhvyz/Build/Intermediates.noindex/WebDriverAgent.build/Debug-iphonesimulator/WebDriverAgentLib.build/WebDriverAgentLib-generated-files.hmap -I/Users/oikhlas/Library/Developer/Xcode/DerivedData/WebDriverAgent-bcmeffsllcldukgyoimwiehwhvyz/Build/Intermediates.noindex/WebDriverAgent.build/Debug-iphonesimulator/WebDriverAgentLib.build/WebDriverAgentLib-own-target-headers.hmap -I/Users/oikhlas/Library/Developer/Xcode/DerivedData/WebDriverAgent-bcmeffsllcldukgyoimwiehwhvyz/Build/Intermediates.noindex/WebDriverAgent.build/Debug-iphonesimulator/WebDriverAgentLib.build/WebDriverAgentLib-all-target-headers.hmap -iquote /Users/oikhlas/Library/Developer/Xcode/DerivedData/WebDriverAgent-bcmeffsllcldukgyoimwiehwhvyz/Build/Intermediates.noindex/WebDriverAgent.build/Debug-iphonesimulator/WebDriverAgentLib.build/WebDriverAgentLib-project-headers.hmap -I/Users/oikhlas/Library/Developer/Xcode/DerivedData/WebDriverAgent-bcmeffsllcldukgyoimwiehwhvyz/Build/Products/Debug-iphonesimulator/include -I/Applications/Xcode.app/Contents/Developer/Platforms/iPhoneSimulator.platform/Developer/SDKs/iPhoneSimulator16.0.sdk/usr/include/libxml2 -I/Users/oikhlas/.appium/node_modules/appium-xcuitest-driver/node_modules/appium-webdriveragent/Modules -I/Users/oikhlas/Library/Developer/Xcode/DerivedData/WebDriverAgent-bcmeffsllcldukgyoimwiehwhvyz/Build/Intermediates.noindex/WebDriverAgent.build/Debug-iphonesimulator/WebDriverAgentLib.build/DerivedSources-normal/x86_64 -I/Users/oikhlas/Library/Developer/Xcode/DerivedData/WebDriverAgent-bcmeffsllcldukgyoimwiehwhvyz/Build/Intermediates.noindex/WebDriverAgent.build/Debug-iphonesimulator/WebDriverAgentLib.build/DerivedSources/x86_64 -I/Users/oikhlas/Library/Developer/Xcode/DerivedData/WebDriverAgent-bcmeffsllcldukgyoimwiehwhvyz/Build/Intermediates.noindex/WebDriverAgent.build/Debug-iphonesimulator/WebDriverAgentLib.build/DerivedSources -Weverything -Wno-objc-missing-property-synthesis -Wno-unused-macros -Wno-disabled-macro-expansion -Wno-gnu-statement-expression -Wno-language-extension-token -Wno-overriding-method-mismatch -Wno-missing-variable-declarations -Rno-module-build -Wno-auto-import -Wno-objc-interface-ivars -Wno-documentation-unknown-command -Wno-reserved-id-macro -Wno-unused-parameter -Wno-gnu-conditional-omitted-operand -Wno-explicit-ownership-type -Wno-date-time -Wno-cast-align -Wno-cstring-format-directive -Wno-double-promotion -Wno-partial-availability -Weverything -Wno-objc-missing-property-synthesis -Wno-unused-macros -Wno-disabled-macro-expansion -Wno-gnu-statement-expression -Wno-language-extension-token -Wno-overriding-method-mismatch -Wno-missing-variable-declarations -Rno-module-build -Wno-auto-import -Wno-objc-interface-ivars -Wno-documentation-unknown-command -Wno-reserved-id-macro -Wno-unused-parameter -Wno-gnu-conditional-omitted-operand -Wno-explicit-ownership-type -Wno-date-time -Wno-cast-align -Wno-cstring-format-directive -Wno-double-promotion -Wno-partial-availability -Wno-objc-messaging-id -Wno-direct-ivar-access -Wno-cast-qual -Wno-declaration-after-statement -F/Users/oikhlas/Library/Developer/Xcode/DerivedData/WebDriverAgent-bcmeffsllcldukgyoimwiehwhvyz/Build/Products/Debug-iphonesimulator -F/Applications/Xcode.app/Contents/Developer/Platforms/iPhoneSimulator.platform/Developer/Library/Frameworks -F/Applications/Xcode.app/Contents/Developer/Platforms/iPhoneSimulator.platform/Developer/Library/PrivateFrameworks -iframework /Applications/Xcode.app/Contents/Developer/Platforms/iPhoneSimulator.platform/Developer/SDKs/iPhoneSimulator16.0.sdk/Developer/Library/Frameworks -MMD -MT dependencies -MF /Users/oikhlas/Library/Developer/Xcode/DerivedData/WebDriverAgent-bcmeffsllcldukgyoimwiehwhvyz/Build/Intermediates.noindex/WebDriverAgent.build/Debug-iphonesimulator/WebDriverAgentLib.build/StaticAnalyzer/WebDriverAgent/WebDriverAgentLib/normal/x86_64/NSExpression+FBFormat.d --analyze /Users/oikhlas/.appium/node_modules/appium-xcuitest-driver/node_modules/appium-webdriveragent/WebDriverAgentLib/Categories/NSExpression+FBFormat.m -o /Users/oikhlas/Library/Developer/Xcode/DerivedData/WebDriverAgent-bcmeffsllcldukgyoimwiehwhvyz/Build/Intermediates.noindex/WebDriverAgent.build/Debug-iphonesimulator/WebDriverAgentLib.build/StaticAnalyzer/WebDriverAgent/WebDriverAgentLib/normal/x86_64/NSExpression+FBFormat.plist
&amp#27;[38;5;173m[Xcode]&amp#27;[0m 
&amp#27;[38;5;173m[Xcode]&amp#27;[0m 
&amp#27;[38;5;173m[Xcode]&amp#27;[0m 
&amp#27;[38;5;173m[Xcode]&amp#27;[0m Analyze /Users/oikhlas/.appium/node_modules/appium-xcuitest-driver/node_modules/appium-webdriveragent/WebDriverAgentLib/Categories/NSDictionary+FBUtf8SafeDictionary.m normal x86_64 (in target 'WebDriverAgentLib' from project 'WebDriverAgent')
&amp#27;[38;5;173m[Xcode]&amp#27;[0m     cd /Users/oikhlas/.appium/node_modules/appium-xcuitest-driver/node_modules/appium-webdriveragent
&amp#27;[38;5;173m[Xcode]&amp#27;[0m     /Applications/Xcode.app/Contents/Developer/Toolchains/XcodeDefault.xctoolchain/usr/bin/clang -x objective-c -target x86_64-apple-ios16.0-simulator -fmessage-length\=0 -fdiagnostics-show-note-include-stack -fmacro-backtrace-limit\=0 -std\=gnu99 -fobjc-arc -fmodules -gmodules -fmodules-cache-path\=/Users/oikhlas/Library/Developer/Xcode/DerivedData/WebDriverAgent-bcmeffsllcldukgyoimwiehwhvyz/ModuleCache.noindex -fmodules-prune-interval\=86400 -fmodules-prune-after\=345600 -fbuild-session-file\=/Users/oikhlas/Library/Developer/Xcode/DerivedData/WebDriverAgent-bcmeffsllcldukgyoimwiehwhvyz/ModuleCache.noindex/Session.modulevalidation -fmodules-validate-once-per-build-session -Wno-trigraphs -fpascal-strings -O0 -fno-common -Wmissing-field-initializers -Wno-missing-prototypes -Werror\=return-type -Wunreachable-code -Wquoted-include-in-framework-header -Wno-implicit-atomic-properties -Werror\=deprecated-objc-isa-usage -Wno-objc-interface-ivars -Werror\=objc-root-class -Warc-repeated-use-of-weak -Wno-arc-maybe-repeated-use-of-weak -Wimplicit-retain-self -Wduplicate-method-match -Wno-missing-braces -Wparentheses -Wswitch -Wunused-function -Wno-unused-label -Wunused-parameter -Wunused-variable -Wunused-value -Wempty-body -Wuninitialized -Wconditional-uninitialized -Wno-unknown-pragmas -pedantic -Wshadow -Wno-four-char-constants -Wconversion -Wconstant-conversion -Wint-conversion -Wbool-conversion -Wenum-conversion -Wfloat-conversion -Wnon-literal-null-conversion -Wobjc-literal-conversion -Wassign-enum -Wsign-compare -Wshorten-64-to-32 -Wpointer-sign -Wno-newline-eof -Wno-selector -Wno-strict-selector-match -Wundeclared-selector -Wdeprecated-implementations -Wno-implicit-fallthrough -DDEBUG\=1 -DOBJC_OLD_DISPATCH_PROTOTYPES\=0 -isysroot /Applications/Xcode.app/Contents/Developer/Platforms/iPhoneSimulator.platform/Developer/SDKs/iPhoneSimulator16.0.sdk -fasm-blocks -fstrict-aliasing -Wprotocol -Wdeprecated-declarations -g -Wno-sign-conversion -Winfinite-recursion -Wcomma -Wblock-capture-autoreleasing -Wstrict-prototypes -Wno-semicolon-before-method-body -fobjc-abi-version\=2 -fobjc-legacy-dispatch -D__clang_analyzer__ -Xclang -analyzer-output\=plist-multi-file -Xclang -analyzer-config -Xclang path-diagnostics-alternate\=true -Xclang -analyzer-config -Xclang report-in-main-source-file\=true -Xclang -analyzer-checker -Xclang optin.osx.cocoa.localizability.NonLocalizedStringChecker -Xclang -analyzer-checker -Xclang security.insecureAPI.UncheckedReturn -Xclang -analyzer-checker -Xclang security.insecureAPI.getpw -Xclang -analyzer-checker -Xclang security.insecureAPI.gets -Xclang -analyzer-checker -Xclang security.insecureAPI.mkstemp -Xclang -analyzer-checker -Xclang security.insecureAPI.mktemp -Xclang -analyzer-disable-checker -Xclang security.insecureAPI.rand -Xclang -analyzer-disable-checker -Xclang security.insecureAPI.strcpy -Xclang -analyzer-checker -Xclang security.insecureAPI.vfork -iquote /Users/oikhlas/Library/Developer/Xcode/DerivedData/WebDriverAgent-bcmeffsllcldukgyoimwiehwhvyz/Build/Intermediates.noindex/WebDriverAgent.build/Debug-iphonesimulator/WebDriverAgentLib.build/WebDriverAgentLib-generated-files.hmap -I/Users/oikhlas/Library/Developer/Xcode/DerivedData/WebDriverAgent-bcmeffsllcldukgyoimwiehwhvyz/Build/Intermediates.noindex/WebDriverAgent.build/Debug-iphonesimulator/WebDriverAgentLib.build/WebDriverAgentLib-own-target-headers.hmap -I/Users/oikhlas/Library/Developer/Xcode/DerivedData/WebDriverAgent-bcmeffsllcldukgyoimwiehwhvyz/Build/Intermediates.noindex/WebDriverAgent.build/Debug-iphonesimulator/WebDriverAgentLib.build/WebDriverAgentLib-all-target-headers.hmap -iquote /Users/oikhlas/Library/Developer/Xcode/DerivedData/WebDriverAgent-bcmeffsllcldukgyoimwiehwhvyz/Build/Intermediates.noindex/WebDriverAgent.build/Debug-iphonesimulator/WebDriverAgentLib.build/WebDriverAgentLib-project-headers.hmap -I/Users/oikhlas/Library/Developer/Xcode/DerivedData/WebDriverAgent-bcmeffsllcldukgyoimwiehwhvyz/Build/Products/Debug-iphonesimulator/include -I/Applications/Xcode.app/Contents/Developer/Platforms/iPhoneSimulator.platform/Developer/SDKs/iPhoneSimulator16.0.sdk/usr/include/libxml2 -I/Users/oikhlas/.appium/node_modules/appium-xcuitest-driver/node_modules/appium-webdriveragent/Modules -I/Users/oikhlas/Library/Developer/Xcode/DerivedData/WebDriverAgent-bcmeffsllcldukgyoimwiehwhvyz/Build/Intermediates.noindex/WebDriverAgent.build/Debug-iphonesimulator/WebDriverAgentLib.build/DerivedSources-normal/x86_64 -I/Users/oikhlas/Library/Developer/Xcode/DerivedData/WebDriverAgent-bcmeffsllcldukgyoimwiehwhvyz/Build/Intermediates.noindex/WebDriverAgent.build/Debug-iphonesimulator/WebDriverAgentLib.build/DerivedSources/x86_64 -I/Users/oikhlas/Library/Developer/Xcode/DerivedData/WebDriverAgent-bcmeffsllcldukgyoimwiehwhvyz/Build/Intermediates.noindex/WebDriverAgent.build/Debug-iphonesimulator/WebDriverAgentLib.build/DerivedSources -Weverything -Wno-objc-missing-property-synthesis -Wno-unused-macros -Wno-disabled-macro-expansion -Wno-gnu-statement-expression -Wno-language-extension-token -Wno-overriding-method-mismatch -Wno-missing-variable-declarations -Rno-module-build -Wno-auto-import -Wno-objc-interface-ivars -Wno-documentation-unknown-command -Wno-reserved-id-macro -Wno-unused-parameter -Wno-gnu-conditional-omitted-operand -Wno-explicit-ownership-type -Wno-date-time -Wno-cast-align -Wno-cstring-format-directive -Wno-double-promotion -Wno-partial-availability -Weverything -Wno-objc-missing-property-synthesis -Wno-unused-macros -Wno-disabled-macro-expansion -Wno-gnu-statement-expression -Wno-language-extension-token -Wno-overriding-method-mismatch -Wno-missing-variable-declarations -Rno-module-build -Wno-auto-import -Wno-objc-interface-ivars -Wno-documentation-unknown-command -Wno-reserved-id-macro -Wno-unused-parameter -Wno-gnu-conditional-omitted-operand -Wno-explicit-ownership-type -Wno-date-time -Wno-cast-align -Wno-cstring-format-directive -Wno-double-promotion -Wno-partial-availability -Wno-objc-messaging-id -Wno-direct-ivar-access -Wno-cast-qual -Wno-declaration-after-statement -F/Users/oikhlas/Library/Developer/Xcode/DerivedData/WebDriverAgent-bcmeffsllcldukgyoimwiehwhvyz/Build/Products/Debug-iphonesimulator -F/Applications/Xcode.app/Contents/Developer/Platforms/iPhoneSimulator.platform/Developer/Library/Frameworks -F/Applications/Xcode.app/Contents/Developer/Platforms/iPhoneSimulator.platform/Developer/Library/PrivateFrameworks -iframework /Applications/Xcode.app/Contents/Developer/Platforms/iPhoneSimulator.platform/Developer/SDKs/iPhoneSimulator16.0.sdk/Developer/Library/Frameworks -MMD -MT dependencies -MF /Users/oikhlas/Library/Developer/Xcode/DerivedData/WebDriverAgent-bcmeffsllcldukgyoimwiehwhvyz/Build/Intermediates.noindex/WebDriverAgent.build/Debug-iphonesimulator/WebDriverAgentLib.build/StaticAnalyzer/WebDriverAgent/WebDriverAgentLib/normal/x86_64/NSDictionary+FBUtf8SafeDictionary.d --analyze /Users/oikhlas/.appium/node_modules/appium-xcuitest-driver/node_modules/appium-webdriveragent/WebDriverAgentLib/Categories/NSDictionary+FBUtf8SafeDictionary.m -o /Users/oikhlas/Library/Developer/Xcode/DerivedData/WebDriverAgent-bcmeffsllcldukgyoimwiehwhvyz/Build/Intermediates.noindex/WebDriverAgent.build/Debug-iphonesimulator/WebDriverAgentLib.build/StaticAnalyzer/WebDriverAgent/WebDriverAgentLib/normal/x86_64/NSDictionary+FBUtf8SafeDictionary.plist
&amp#27;[38;5;173m[Xcode]&amp#27;[0m 
&amp#27;[38;5;173m[Xcode]&amp#27;[0m 
&amp#27;[38;5;173m[Xcode]&amp#27;[0m 
&amp#27;[38;5;173m[Xcode]&amp#27;[0m Analyze /Users/oikhlas/.appium/node_modules/appium-xcuitest-driver/node_modules/appium-webdriveragent/WebDriverAgentLib/Categories/XCTIssue+FBPatcher.m normal x86_64 (in target 'WebDriverAgentLib' from project 'WebDriverAgent')
&amp#27;[38;5;173m[Xcode]&amp#27;[0m     cd /Users/oikhlas/.appium/node_modules/appium-xcuitest-driver/node_modules/appium-webdriveragent
&amp#27;[38;5;173m[Xcode]&amp#27;[0m     /Applications/Xcode.app/Contents/Developer/Toolchains/XcodeDefault.xctoolchain/usr/bin/clang -x objective-c -target x86_64-apple-ios16.0-simulator -fmessage-length\=0 -fdiagnostics-show-note-include-stack -fmacro-backtrace-limit\=0 -std\=gnu99 -fobjc-arc -fmodules -gmodules -fmodules-cache-path\=/Users/oikhlas/Library/Developer/Xcode/DerivedData/WebDriverAgent-bcmeffsllcldukgyoimwiehwhvyz/ModuleCache.noindex -fmodules-prune-interval\=86400 -fmodules-prune-after\=345600 -fbuild-session-file\=/Users/oikhlas/Library/Developer/Xcode/DerivedData/WebDriverAgent-bcmeffsllcldukgyoimwiehwhvyz/ModuleCache.noindex/Session.modulevalidation -fmodules-validate-once-per-build-session -Wno-trigraphs -fpascal-strings -O0 -fno-common -Wmissing-field-initializers -Wno-missing-prototypes -Werror\=return-type -Wunreachable-code -Wquoted-include-in-framework-header -Wno-implicit-atomic-properties -Werror\=deprecated-objc-isa-usage -Wno-objc-interface-ivars -Werror\=objc-root-class -Warc-repeated-use-of-weak -Wno-arc-maybe-repeated-use-of-weak -Wimplicit-retain-self -Wduplicate-method-match -Wno-missing-braces -Wparentheses -Wswitch -Wunused-function -Wno-unused-label -Wunused-parameter -Wunused-variable -Wunused-value -Wempty-body -Wuninitialized -Wconditional-uninitialized -Wno-unknown-pragmas -pedantic -Wshadow -Wno-four-char-constants -Wconversion -Wconstant-conversion -Wint-conversion -Wbool-conversion -Wenum-conversion -Wfloat-conversion -Wnon-literal-null-conversion -Wobjc-literal-conversion -Wassign-enum -Wsign-compare -Wshorten-64-to-32 -Wpointer-sign -Wno-newline-eof -Wno-selector -Wno-strict-selector-match -Wundeclared-selector -Wdeprecated-implementations -Wno-implicit-fallthrough -DDEBUG\=1 -DOBJC_OLD_DISPATCH_PROTOTYPES\=0 -isysroot /Applications/Xcode.app/Contents/Developer/Platforms/iPhoneSimulator.platform/Developer/SDKs/iPhoneSimulator16.0.sdk -fasm-blocks -fstrict-aliasing -Wprotocol -Wdeprecated-declarations -g -Wno-sign-conversion -Winfinite-recursion -Wcomma -Wblock-capture-autoreleasing -Wstrict-prototypes -Wno-semicolon-before-method-body -fobjc-abi-version\=2 -fobjc-legacy-dispatch -D__clang_analyzer__ -Xclang -analyzer-output\=plist-multi-file -Xclang -analyzer-config -Xclang path-diagnostics-alternate\=true -Xclang -analyzer-config -Xclang report-in-main-source-file\=true -Xclang -analyzer-checker -Xclang optin.osx.cocoa.localizability.NonLocalizedStringChecker -Xclang -analyzer-checker -Xclang security.insecureAPI.UncheckedReturn -Xclang -analyzer-checker -Xclang security.insecureAPI.getpw -Xclang -analyzer-checker -Xclang security.insecureAPI.gets -Xclang -analyzer-checker -Xclang security.insecureAPI.mkstemp -Xclang -analyzer-checker -Xclang security.insecureAPI.mktemp -Xclang -analyzer-disable-checker -Xclang security.insecureAPI.rand -Xclang -analyzer-disable-checker -Xclang security.insecureAPI.strcpy -Xclang -analyzer-checker -Xclang security.insecureAPI.vfork -iquote /Users/oikhlas/Library/Developer/Xcode/DerivedData/WebDriverAgent-bcmeffsllcldukgyoimwiehwhvyz/Build/Intermediates.noindex/WebDriverAgent.build/Debug-iphonesimulator/WebDriverAgentLib.build/WebDriverAgentLib-generated-files.hmap -I/Users/oikhlas/Library/Developer/Xcode/DerivedData/WebDriverAgent-bcmeffsllcldukgyoimwiehwhvyz/Build/Intermediates.noindex/WebDriverAgent.build/Debug-iphonesimulator/WebDriverAgentLib.build/WebDriverAgentLib-own-target-headers.hmap -I/Users/oikhlas/Library/Developer/Xcode/DerivedData/WebDriverAgent-bcmeffsllcldukgyoimwiehwhvyz/Build/Intermediates.noindex/WebDriverAgent.build/Debug-iphonesimulator/WebDriverAgentLib.build/WebDriverAgentLib-all-target-headers.hmap -iquote /Users/oikhlas/Library/Developer/Xcode/DerivedData/WebDriverAgent-bcmeffsllcldukgyoimwiehwhvyz/Build/Intermediates.noindex/WebDriverAgent.build/Debug-iphonesimulator/WebDriverAgentLib.build/WebDriverAgentLib-project-headers.hmap -I/Users/oikhlas/Library/Developer/Xcode/DerivedData/WebDriverAgent-bcmeffsllcldukgyoimwiehwhvyz/Build/Products/Debug-iphonesimulator/include -I/Applications/Xcode.app/Contents/Developer/Platforms/iPhoneSimulator.platform/Developer/SDKs/iPhoneSimulator16.0.sdk/usr/include/libxml2 -I/Users/oikhlas/.appium/node_modules/appium-xcuitest-driver/node_modules/appium-webdriveragent/Modules -I/Users/oikhlas/Library/Developer/Xcode/DerivedData/WebDriverAgent-bcmeffsllcldukgyoimwiehwhvyz/Build/Intermediates.noindex/WebDriverAgent.build/Debug-iphonesimulator/WebDriverAgentLib.build/DerivedSources-normal/x86_64 -I/Users/oikhlas/Library/Developer/Xcode/DerivedData/WebDriverAgent-bcmeffsllcldukgyoimwiehwhvyz/Build/Intermediates.noindex/WebDriverAgent.build/Debug-iphonesimulator/WebDriverAgentLib.build/DerivedSources/x86_64 -I/Users/oikhlas/Library/Developer/Xcode/DerivedData/WebDriverAgent-bcmeffsllcldukgyoimwiehwhvyz/Build/Intermediates.noindex/WebDriverAgent.build/Debug-iphonesimulator/WebDriverAgentLib.build/DerivedSources -Weverything -Wno-objc-missing-property-synthesis -Wno-unused-macros -Wno-disabled-macro-expansion -Wno-gnu-statement-expression -Wno-language-extension-token -Wno-overriding-method-mismatch -Wno-missing-variable-declarations -Rno-module-build -Wno-auto-import -Wno-objc-interface-ivars -Wno-documentation-unknown-command -Wno-reserved-id-macro -Wno-unused-parameter -Wno-gnu-conditional-omitted-operand -Wno-explicit-ownership-type -Wno-date-time -Wno-cast-align -Wno-cstring-format-directive -Wno-double-promotion -Wno-partial-availability -Weverything -Wno-objc-missing-property-synthesis -Wno-unused-macros -Wno-disabled-macro-expansion -Wno-gnu-statement-expression -Wno-language-extension-token -Wno-overriding-method-mismatch -Wno-missing-variable-declarations -Rno-module-build -Wno-auto-import -Wno-objc-interface-ivars -Wno-documentation-unknown-command -Wno-reserved-id-macro -Wno-unused-parameter -Wno-gnu-conditional-omitted-operand -Wno-explicit-ownership-type -Wno-date-time -Wno-cast-align -Wno-cstring-format-directive -Wno-double-promotion -Wno-partial-availability -Wno-objc-messaging-id -Wno-direct-ivar-access -Wno-cast-qual -Wno-declaration-after-statement -F/Users/oikhlas/Library/Developer/Xcode/DerivedData/WebDriverAgent-bcmeffsllcldukgyoimwiehwhvyz/Build/Products/Debug-iphonesimulator -F/Applications/Xcode.app/Contents/Developer/Platforms/iPhoneSimulator.platform/Developer/Library/Frameworks -F/Applications/Xcode.app/Contents/Developer/Platforms/iPhoneSimulator.platform/Developer/Library/PrivateFrameworks -iframework /Applications/Xcode.app/Contents/Developer/Platforms/iPhoneSimulator.platform/Developer/SDKs/iPhoneSimulator16.0.sdk/Developer/Library/Frameworks -MMD -MT dependencies -MF /Users/oikhlas/Library/Developer/Xcode/DerivedData/WebDriverAgent-bcmeffsllcldukgyoimwiehwhvyz/Build/Intermediates.noindex/WebDriverAgent.build/Debug-iphonesimulator/WebDriverAgentLib.build/StaticAnalyzer/WebDriverAgent/WebDriverAgentLib/normal/x86_64/XCTIssue+FBPatcher.d --analyze /Users/oikhlas/.appium/node_modules/appium-xcuitest-driver/node_modules/appium-webdriveragent/WebDriverAgentLib/Categories/XCTIssue+FBPatcher.m -o /Users/oikhlas/Library/Developer/Xcode/DerivedData/WebDriverAgent-bcmeffsllcldukgyoimwiehwhvyz/Build/Intermediates.noindex/WebDriverAgent.build/Debug-iphonesimulator/WebDriverAgentLib.build/StaticAnalyzer/WebDriverAgent/WebDriverAgentLib/normal/x86_64/XCTIssue+FBPatcher.plist
&amp#27;[38;5;173m[Xcode]&amp#27;[0m 
&amp#27;[38;5;173m[Xcode]&amp#27;[0m 
&amp#27;[38;5;173m[Xcode]&amp#27;[0m 
&amp#27;[38;5;173m[Xcode]&amp#27;[0m Analyze /Users/oikhlas/.appium/node_modules/appium-xcuitest-driver/node_modules/appium-webdriveragent/WebDriverAgentLib/Categories/XCUIApplication+FBQuiescence.m normal x86_64 (in target 'WebDriverAgentLib' from project 'WebDriverAgent')
&amp#27;[38;5;173m[Xcode]&amp#27;[0m     cd /Users/oikhlas/.appium/node_modules/appium-xcuitest-driver/node_modules/appium-webdriveragent
&amp#27;[38;5;173m[Xcode]&amp#27;[0m     /Applications/Xcode.app/Contents/Developer/Toolchains/XcodeDefault.xctoolchain/usr/bin/clang -x objective-c -target x86_64-apple-ios16.0-simulator -fmessage-length\=0 -fdiagnostics-show-note-include-stack -fmacro-backtrace-limit\=0 -std\=gnu99 -fobjc-arc -fmodules -gmodules -fmodules-cache-path\=/Users/oikhlas/Library/Developer/Xcode/DerivedData/WebDriverAgent-bcmeffsllcldukgyoimwiehwhvyz/ModuleCache.noindex -fmodules-prune-interval\=86400 -fmodules-prune-after\=345600 -fbuild-session-file\=/Users/oikhlas/Library/Developer/Xcode/DerivedData/WebDriverAgent-bcmeffsllcldukgyoimwiehwhvyz/ModuleCache.noindex/Session.modulevalidation -fmodules-validate-once-per-build-session -Wno-trigraphs -fpascal-strings -O0 -fno-common -Wmissing-field-initializers -Wno-missing-prototypes -Werror\=return-type -Wunreachable-code -Wquoted-include-in-framework-header -Wno-implicit-atomic-properties -Werror\=deprecated-objc-isa-usage -Wno-objc-interface-ivars -Werror\=objc-root-class -Warc-repeated-use-of-weak -Wno-arc-maybe-repeated-use-of-weak -Wimplicit-retain-self -Wduplicate-method-match -Wno-missing-braces -Wparentheses -Wswitch -Wunused-function -Wno-unused-label -Wunused-parameter -Wunused-variable -Wunused-value -Wempty-body -Wuninitialized -Wconditional-uninitialized -Wno-unknown-pragmas -pedantic -Wshadow -Wno-four-char-constants -Wconversion -Wconstant-conversion -Wint-conversion -Wbool-conversion -Wenum-conversion -Wfloat-conversion -Wnon-literal-null-conversion -Wobjc-literal-conversion -Wassign-enum -Wsign-compare -Wshorten-64-to-32 -Wpointer-sign -Wno-newline-eof -Wno-selector -Wno-strict-selector-match -Wundeclared-selector -Wdeprecated-implementations -Wno-implicit-fallthrough -DDEBUG\=1 -DOBJC_OLD_DISPATCH_PROTOTYPES\=0 -isysroot /Applications/Xcode.app/Contents/Developer/Platforms/iPhoneSimulator.platform/Developer/SDKs/iPhoneSimulator16.0.sdk -fasm-blocks -fstrict-aliasing -Wprotocol -Wdeprecated-declarations -g -Wno-sign-conversion -Winfinite-recursion -Wcomma -Wblock-capture-autoreleasing -Wstrict-prototypes -Wno-semicolon-before-method-body -fobjc-abi-version\=2 -fobjc-legacy-dispatch -D__clang_analyzer__ -Xclang -analyzer-output\=plist-multi-file -Xclang -analyzer-config -Xclang path-diagnostics-alternate\=true -Xclang -analyzer-config -Xclang report-in-main-source-file\=true -Xclang -analyzer-checker -Xclang optin.osx.cocoa.localizability.NonLocalizedStringChecker -Xclang -analyzer-checker -Xclang security.insecureAPI.UncheckedReturn -Xclang -analyzer-checker -Xclang security.insecureAPI.getpw -Xclang -analyzer-checker -Xclang security.insecureAPI.gets -Xclang -analyzer-checker -Xclang security.insecureAPI.mkstemp -Xclang -analyzer-checker -Xclang security.insecureAPI.mktemp -Xclang -analyzer-disable-checker -Xclang security.insecureAPI.rand -Xclang -analyzer-disable-checker -Xclang security.insecureAPI.strcpy -Xclang -analyzer-checker -Xclang security.insecureAPI.vfork -iquote /Users/oikhlas/Library/Developer/Xcode/DerivedData/WebDriverAgent-bcmeffsllcldukgyoimwiehwhvyz/Build/Intermediates.noindex/WebDriverAgent.build/Debug-iphonesimulator/WebDriverAgentLib.build/WebDriverAgentLib-generated-files.hmap -I/Users/oikhlas/Library/Developer/Xcode/DerivedData/WebDriverAgent-bcmeffsllcldukgyoimwiehwhvyz/Build/Intermediates.noindex/WebDriverAgent.build/Debug-iphonesimulator/WebDriverAgentLib.build/WebDriverAgentLib-own-target-headers.hmap -I/Users/oikhlas/Library/Developer/Xcode/DerivedData/WebDriverAgent-bcmeffsllcldukgyoimwiehwhvyz/Build/Intermediates.noindex/WebDriverAgent.build/Debug-iphonesimulator/WebDriverAgentLib.build/WebDriverAgentLib-all-target-headers.hmap -iquote /Users/oikhlas/Library/Developer/Xcode/DerivedData/WebDriverAgent-bcmeffsllcldukgyoimwiehwhvyz/Build/Intermediates.noindex/WebDriverAgent.build/Debug-iphonesimulator/WebDriverAgentLib.build/WebDriverAgentLib-project-headers.hmap -I/Users/oikhlas/Library/Developer/Xcode/DerivedData/WebDriverAgent-bcmeffsllcldukgyoimwiehwhvyz/Build/Products/Debug-iphonesimulator/include -I/Applications/Xcode.app/Contents/Developer/Platforms/iPhoneSimulator.platform/Developer/SDKs/iPhoneSimulator16.0.sdk/usr/include/libxml2 -I/Users/oikhlas/.appium/node_modules/appium-xcuitest-driver/node_modules/appium-webdriveragent/Modules -I/Users/oikhlas/Library/Developer/Xcode/DerivedData/WebDriverAgent-bcmeffsllcldukgyoimwiehwhvyz/Build/Intermediates.noindex/WebDriverAgent.build/Debug-iphonesimulator/WebDriverAgentLib.build/DerivedSources-normal/x86_64 -I/Users/oikhlas/Library/Developer/Xcode/DerivedData/WebDriverAgent-bcmeffsllcldukgyoimwiehwhvyz/Build/Intermediates.noindex/WebDriverAgent.build/Debug-iphonesimulator/WebDriverAgentLib.build/DerivedSources/x86_64 -I/Users/oikhlas/Library/Developer/Xcode/DerivedData/WebDriverAgent-bcmeffsllcldukgyoimwiehwhvyz/Build/Intermediates.noindex/WebDriverAgent.build/Debug-iphonesimulator/WebDriverAgentLib.build/DerivedSources -Weverything -Wno-objc-missing-property-synthesis -Wno-unused-macros -Wno-disabled-macro-expansion -Wno-gnu-statement-expression -Wno-language-extension-token -Wno-overriding-method-mismatch -Wno-missing-variable-declarations -Rno-module-build -Wno-auto-import -Wno-objc-interface-ivars -Wno-documentation-unknown-command -Wno-reserved-id-macro -Wno-unused-parameter -Wno-gnu-conditional-omitted-operand -Wno-explicit-ownership-type -Wno-date-time -Wno-cast-align -Wno-cstring-format-directive -Wno-double-promotion -Wno-partial-availability -Weverything -Wno-objc-missing-property-synthesis -Wno-unused-macros -Wno-disabled-macro-expansion -Wno-gnu-statement-expression -Wno-language-extension-token -Wno-overriding-method-mismatch -Wno-missing-variable-declarations -Rno-module-build -Wno-auto-import -Wno-objc-interface-ivars -Wno-documentation-unknown-command -Wno-reserved-id-macro -Wno-unused-parameter -Wno-gnu-conditional-omitted-operand -Wno-explicit-ownership-type -Wno-date-time -Wno-cast-align -Wno-cstring-format-directive -Wno-double-promotion -Wno-partial-availability -Wno-objc-messaging-id -Wno-direct-ivar-access -Wno-cast-qual -Wno-declaration-after-statement -F/Users/oikhlas/Library/Developer/Xcode/DerivedData/WebDriverAgent-bcmeffsllcldukgyoimwiehwhvyz/Build/Products/Debug-iphonesimulator -F/Applications/Xcode.app/Contents/Developer/Platforms/iPhoneSimulator.platform/Developer/Library/Frameworks -F/Applications/Xcode.app/Contents/Developer/Platforms/iPhoneSimulator.platform/Developer/Library/PrivateFrameworks -iframework /Applications/Xcode.app/Contents/Developer/Platforms/iPhoneSimulator.platform/Developer/SDKs/iPhoneSimulator16.0.sdk/Developer/Library/Frameworks -MMD -MT dependencies -MF /Users/oikhlas/Library/Developer/Xcode/DerivedData/WebDriverAgent-bcmeffsllcldukgyoimwiehwhvyz/Build/Intermediates.noindex/WebDriverAgent.build/Debug-iphonesimulator/WebDriverAgentLib.build/StaticAnalyzer/WebDriverAgent/WebDriverAgentLib/normal/x86_64/XCUIApplication+FBQuiescence.d --analyze /Users/oikhlas/.appium/node_modules/appium-xcuitest-driver/node_modules/appium-webdriveragent/WebDriverAgentLib/Categories/XCUIApplication+FBQuiescence.m -o /Users/oikhlas/Library/Developer/Xcode/DerivedData/WebDriverAgent-bcmeffsllcldukgyoimwiehwhvyz/Build/Intermediates.noindex/WebDriverAgent.build/Debug-iphonesimulator/WebDriverAgentLib.build/StaticAnalyzer/WebDriverAgent/WebDriverAgentLib/normal/x86_64/XCUIApplication+FBQuiescence.plist
&amp#27;[38;5;173m[Xcode]&amp#27;[0m 
&amp#27;[38;5;173m[Xcode]&amp#27;[0m 
&amp#27;[38;5;173m[Xcode]&amp#27;[0m Analyze /Users/oikhlas/.appium/node_modules/appium-xcuitest-driver/node_modules/appium-webdriveragent/WebDriverAgentLib/Categories/XCUIApplication+FBHelpers.m normal x86_64 (in target 'WebDriverAgentLib' from project 'WebDriverAgent')
&amp#27;[38;5;173m[Xcode]&amp#27;[0m     cd /Users/oikhlas/.appium/node_modules/appium-xcuitest-driver/node_modules/appium-webdriveragent
&amp#27;[38;5;173m[Xcode]&amp#27;[0m     /Applications/Xcode.app/Contents/Developer/Toolchains/XcodeDefault.xctoolchain/usr/bin/clang -x objective-c -target x86_64-apple-ios16.0-simulator -fmessage-length\=0 -fdiagnostics-show-note-include-stack -fmacro-backtrace-limit\=0 -std\=gnu99 -fobjc-arc -fmodules -gmodules -fmodules-cache-path\=/Users/oikhlas/Library/Developer/Xcode/DerivedData/WebDriverAgent-bcmeffsllcldukgyoimwiehwhvyz/ModuleCache.noindex -fmodules-prune-interval\=86400 -fmodules-prune-after\=345600 -fbuild-session-file\=/Users/oikhlas/Library/Developer/Xcode/DerivedData/WebDriverAgent-bcmeffsllcldukgyoimwiehwhvyz/ModuleCache.noindex/Session.modulevalidation -fmodules-validate-once-per-build-session -Wno-trigraphs -fpascal-strings -O0 -fno-common -Wmissing-field-initializers -Wno-missing-prototypes -Werror\=return-type -Wunreachable-code -Wquoted-include-in-framework-header -Wno-implicit-atomic-properties -Werror\=deprecated-objc-isa-usage -Wno-objc-interface-ivars -Werror\=objc-root-class -Warc-repeated-use-of-weak -Wno-arc-maybe-repeated-use-of-weak -Wimplicit-retain-self -Wduplicate-method-match -Wno-missing-braces -Wparentheses -Wswitch -Wunused-function -Wno-unused-label -Wunused-parameter -Wunused-variable -Wunused-value -Wempty-body -Wuninitialized -Wconditional-uninitialized -Wno-unknown-pragmas -pedantic -Wshadow -Wno-four-char-constants -Wconversion -Wconstant-conversion -Wint-conversion -Wbool-conversion -Wenum-conversion -Wfloat-conversion -Wnon-literal-null-conversion -Wobjc-literal-conversion -Wassign-enum -Wsign-compare -Wshorten-64-to-32 -Wpointer-sign -Wno-newline-eof -Wno-selector -Wno-strict-selector-match -Wundeclared-selector -Wdeprecated-implementations -Wno-implicit-fallthrough -DDEBUG\=1 -DOBJC_OLD_DISPATCH_PROTOTYPES\=0 -isysroot /Applications/Xcode.app/Contents/Developer/Platforms/iPhoneSimulator.platform/Developer/SDKs/iPhoneSimulator16.0.sdk -fasm-blocks -fstrict-aliasing -Wprotocol -Wdeprecated-declarations -g -Wno-sign-conversion -Winfinite-recursion -Wcomma -Wblock-capture-autoreleasing -Wstrict-prototypes -Wno-semicolon-before-method-body -fobjc-abi-version\=2 -fobjc-legacy-dispatch -D__clang_analyzer__ -Xclang -analyzer-output\=plist-multi-file -Xclang -analyzer-config -Xclang path-diagnostics-alternate\=true -Xclang -analyzer-config -Xclang report-in-main-source-file\=true -Xclang -analyzer-checker -Xclang optin.osx.cocoa.localizability.NonLocalizedStringChecker -Xclang -analyzer-checker -Xclang security.insecureAPI.UncheckedReturn -Xclang -analyzer-checker -Xclang security.insecureAPI.getpw -Xclang -analyzer-checker -Xclang security.insecureAPI.gets -Xclang -analyzer-checker -Xclang security.insecureAPI.mkstemp -Xclang -analyzer-checker -Xclang security.insecureAPI.mktemp -Xclang -analyzer-disable-checker -Xclang security.insecureAPI.rand -Xclang -analyzer-disable-checker -Xclang security.insecureAPI.strcpy -Xclang -analyzer-checker -Xclang security.insecureAPI.vfork -iquote /Users/oikhlas/Library/Developer/Xcode/DerivedData/WebDriverAgent-bcmeffsllcldukgyoimwiehwhvyz/Build/Intermediates.noindex/WebDriverAgent.build/Debug-iphonesimulator/WebDriverAgentLib.build/WebDriverAgentLib-generated-files.hmap -I/Users/oikhlas/Library/Developer/Xcode/DerivedData/WebDriverAgent-bcmeffsllcldukgyoimwiehwhvyz/Build/Intermediates.noindex/WebDriverAgent.build/Debug-iphonesimulator/WebDriverAgentLib.build/WebDriverAgentLib-own-target-headers.hmap -I/Users/oikhlas/Library/Developer/Xcode/DerivedData/WebDriverAgent-bcmeffsllcldukgyoimwiehwhvyz/Build/Intermediates.noindex/WebDriverAgent.build/Debug-iphonesimulator/WebDriverAgentLib.build/WebDriverAgentLib-all-target-headers.hmap -iquote /Users/oikhlas/Library/Developer/Xcode/DerivedData/WebDriverAgent-bcmeffsllcldukgyoimwiehwhvyz/Build/Intermediates.noindex/WebDriverAgent.build/Debug-iphonesimulator/WebDriverAgentLib.build/WebDriverAgentLib-project-headers.hmap -I/Users/oikhlas/Library/Developer/Xcode/DerivedData/WebDriverAgent-bcmeffsllcldukgyoimwiehwhvyz/Build/Products/Debug-iphonesimulator/include -I/Applications/Xcode.app/Contents/Developer/Platforms/iPhoneSimulator.platform/Developer/SDKs/iPhoneSimulator16.0.sdk/usr/include/libxml2 -I/Users/oikhlas/.appium/node_modules/appium-xcuitest-driver/node_modules/appium-webdriveragent/Modules -I/Users/oikhlas/Library/Developer/Xcode/DerivedData/WebDriverAgent-bcmeffsllcldukgyoimwiehwhvyz/Build/Intermediates.noindex/WebDriverAgent.build/Debug-iphonesimulator/WebDriverAgentLib.build/DerivedSources-normal/x86_64 -I/Users/oikhlas/Library/Developer/Xcode/DerivedData/WebDriverAgent-bcmeffsllcldukgyoimwiehwhvyz/Build/Intermediates.noindex/WebDriverAgent.build/Debug-iphonesimulator/WebDriverAgentLib.build/DerivedSources/x86_64 -I/Users/oikhlas/Library/Developer/Xcode/DerivedData/WebDriverAgent-bcmeffsllcldukgyoimwiehwhvyz/Build/Intermediates.noindex/WebDriverAgent.build/Debug-iphonesimulator/WebDriverAgentLib.build/DerivedSources -Weverything -Wno-objc-missing-property-synthesis -Wno-unused-macros -Wno-disabled-macro-expansion -Wno-gnu-statement-expression -Wno-language-extension-token -Wno-overriding-method-mismatch -Wno-missing-variable-declarations -Rno-module-build -Wno-auto-import -Wno-objc-interface-ivars -Wno-documentation-unknown-command -Wno-reserved-id-macro -Wno-unused-parameter -Wno-gnu-conditional-omitted-operand -Wno-explicit-ownership-type -Wno-date-time -Wno-cast-align -Wno-cstring-format-directive -Wno-double-promotion -Wno-partial-availability -Weverything -Wno-objc-missing-property-synthesis -Wno-unused-macros -Wno-disabled-macro-expansion -Wno-gnu-statement-expression -Wno-language-extension-token -Wno-overriding-method-mismatch -Wno-missing-variable-declarations -Rno-module-build -Wno-auto-import -Wno-objc-interface-ivars -Wno-documentation-unknown-command -Wno-reserved-id-macro -Wno-unused-parameter -Wno-gnu-conditional-omitted-operand -Wno-explicit-ownership-type -Wno-date-time -Wno-cast-align -Wno-cstring-format-directive -Wno-double-promotion -Wno-partial-availability -Wno-objc-messaging-id -Wno-direct-ivar-access -Wno-cast-qual -Wno-declaration-after-statement -F/Users/oikhlas/Library/Developer/Xcode/DerivedData/WebDriverAgent-bcmeffsllcldukgyoimwiehwhvyz/Build/Products/Debug-iphonesimulator -F/Applications/Xcode.app/Contents/Developer/Platforms/iPhoneSimulator.platform/Developer/Library/Frameworks -F/Applications/Xcode.app/Contents/Developer/Platforms/iPhoneSimulator.platform/Developer/Library/PrivateFrameworks -iframework /Applications/Xcode.app/Contents/Developer/Platforms/iPhoneSimulator.platform/Developer/SDKs/iPhoneSimulator16.0.sdk/Developer/Library/Frameworks -MMD -MT dependencies -MF /Users/oikhlas/Library/Developer/Xcode/DerivedData/WebDriverAgent-bcmeffsllcldukgyoimwiehwhvyz/Build/Intermediates.noindex/WebDriverAgent.build/Debug-iphonesimulator/WebDriverAgentLib.build/StaticAnalyzer/WebDriverAgent/WebDriverAgentLib/normal/x86_64/XCUIApplication+FBHelpers.d --analyze /Users/oikhlas/.appium/node_modules/appium-xcuitest-driver/node_modules/appium-webdriveragent/WebDriverAgentLib/Categories/XCUIApplication+FBHelpers.m -o /Users/oikhlas/Library/Developer/Xcode/DerivedData/WebDriverAgent-bcmeffsllcldukgyoimwiehwhvyz/Build/Intermediates.noindex/WebDriverAgent.build/Debug-iphonesimulator/WebDriverAgentLib.build/StaticAnalyzer/WebDriverAgent/WebDriverAgentLib/normal/x86_64/XCUIApplication+FBHelpers.plist
&amp#27;[38;5;173m[Xcode]&amp#27;[0m 
&amp#27;[38;5;-42m[XCUITestDriver@9d32 (dbe4db21)]&amp#27;[0m Matched '/status' to command name 'getStatus'
&amp#27;[38;5;-42m[XCUITestDriver@9d32 (dbe4db21)]&amp#27;[0m Proxying [GET /status] to [GET http://127.0.0.1:8100/status] with no body
&amp#27;[38;5;-42m[XCUITestDriver@9d32 (dbe4db21)]&amp#27;[0m connect ECONNREFUSED 127.0.0.1:8100
&amp#27;[38;5;-42m[XCUITestDriver@9d32 (dbe4db21)]&amp#27;[0m Matched '/status' to command name 'getStatus'
&amp#27;[38;5;-42m[XCUITestDriver@9d32 (dbe4db21)]&amp#27;[0m Proxying [GET /status] to [GET http://127.0.0.1:8100/status] with no body
&amp#27;[38;5;-42m[XCUITestDriver@9d32 (dbe4db21)]&amp#27;[0m connect ECONNREFUSED 127.0.0.1:8100
&amp#27;[38;5;-42m[XCUITestDriver@9d32 (dbe4db21)]&amp#27;[0m Matched '/status' to command name 'getStatus'
&amp#27;[38;5;-42m[XCUITestDriver@9d32 (dbe4db21)]&amp#27;[0m Proxying [GET /status] to [GET http://127.0.0.1:8100/status] with no body
&amp#27;[38;5;-42m[XCUITestDriver@9d32 (dbe4db21)]&amp#27;[0m connect ECONNREFUSED 127.0.0.1:8100
&amp#27;[38;5;-42m[XCUITestDriver@9d32 (dbe4db21)]&amp#27;[0m Matched '/status' to command name 'getStatus'
&amp#27;[38;5;-42m[XCUITestDriver@9d32 (dbe4db21)]&amp#27;[0m Proxying [GET /status] to [GET http://127.0.0.1:8100/status] with no body
&amp#27;[38;5;-42m[XCUITestDriver@9d32 (dbe4db21)]&amp#27;[0m connect ECONNREFUSED 127.0.0.1:8100
&amp#27;[38;5;-42m[XCUITestDriver@9d32 (dbe4db21)]&amp#27;[0m Matched '/status' to command name 'getStatus'
&amp#27;[38;5;-42m[XCUITestDriver@9d32 (dbe4db21)]&amp#27;[0m Proxying [GET /status] to [GET http://127.0.0.1:8100/status] with no body
&amp#27;[38;5;-42m[XCUITestDriver@9d32 (dbe4db21)]&amp#27;[0m connect ECONNREFUSED 127.0.0.1:8100
&amp#27;[38;5;-42m[XCUITestDriver@9d32 (dbe4db21)]&amp#27;[0m Matched '/status' to command name 'getStatus'
&amp#27;[38;5;-42m[XCUITestDriver@9d32 (dbe4db21)]&amp#27;[0m Proxying [GET /status] to [GET http://127.0.0.1:8100/status] with no body
&amp#27;[38;5;-42m[XCUITestDriver@9d32 (dbe4db21)]&amp#27;[0m connect ECONNREFUSED 127.0.0.1:8100
&amp#27;[38;5;-42m[XCUITestDriver@9d32 (dbe4db21)]&amp#27;[0m Matched '/status' to command name 'getStatus'
&amp#27;[38;5;-42m[XCUITestDriver@9d32 (dbe4db21)]&amp#27;[0m Proxying [GET /status] to [GET http://127.0.0.1:8100/status] with no body
&amp#27;[38;5;-42m[XCUITestDriver@9d32 (dbe4db21)]&amp#27;[0m connect ECONNREFUSED 127.0.0.1:8100
&amp#27;[38;5;-42m[XCUITestDriver@9d32 (dbe4db21)]&amp#27;[0m Matched '/status' to command name 'getStatus'
&amp#27;[38;5;-42m[XCUITestDriver@9d32 (dbe4db21)]&amp#27;[0m Proxying [GET /status] to [GET http://127.0.0.1:8100/status] with no body
&amp#27;[38;5;-42m[XCUITestDriver@9d32 (dbe4db21)]&amp#27;[0m connect ECONNREFUSED 127.0.0.1:8100
&amp#27;[38;5;-42m[XCUITestDriver@9d32 (dbe4db21)]&amp#27;[0m Matched '/status' to command name 'getStatus'
&amp#27;[38;5;-42m[XCUITestDriver@9d32 (dbe4db21)]&amp#27;[0m Proxying [GET /status] to [GET http://127.0.0.1:8100/status] with no body
&amp#27;[38;5;-42m[XCUITestDriver@9d32 (dbe4db21)]&amp#27;[0m connect ECONNREFUSED 127.0.0.1:8100
&amp#27;[38;5;-42m[XCUITestDriver@9d32 (dbe4db21)]&amp#27;[0m Matched '/status' to command name 'getStatus'
&amp#27;[38;5;-42m[XCUITestDriver@9d32 (dbe4db21)]&amp#27;[0m Proxying [GET /status] to [GET http://127.0.0.1:8100/status] with no body
&amp#27;[38;5;-42m[XCUITestDriver@9d32 (dbe4db21)]&amp#27;[0m connect ECONNREFUSED 127.0.0.1:8100
&amp#27;[38;5;173m[Xcode]&amp#27;[0m 
&amp#27;[38;5;173m[Xcode]&amp#27;[0m Analyze /Users/oikhlas/.appium/node_modules/appium-xcuitest-driver/node_modules/appium-webdriveragent/WebDriverAgentLib/Categories/XCUIApplication+FBAlert.m normal x86_64 (in target 'WebDriverAgentLib' from project 'WebDriverAgent')
&amp#27;[38;5;173m[Xcode]&amp#27;[0m     cd /Users/oikhlas/.appium/node_modules/appium-xcuitest-driver/node_modules/appium-webdriveragent
&amp#27;[38;5;173m[Xcode]&amp#27;[0m     /Applications/Xcode.app/Contents/Developer/Toolchains/XcodeDefault.xctoolchain/usr/bin/clang -x objective-c -target x86_64-apple-ios16.0-simulator -fmessage-length\=0 -fdiagnostics-show-note-include-stack -fmacro-backtrace-limit\=0 -std\=gnu99 -fobjc-arc -fmodules -gmodules -fmodules-cache-path\=/Users/oikhlas/Library/Developer/Xcode/DerivedData/WebDriverAgent-bcmeffsllcldukgyoimwiehwhvyz/ModuleCache.noindex -fmodules-prune-interval\=86400 -fmodules-prune-after\=345600 -fbuild-session-file\=/Users/oikhlas/Library/Developer/Xcode/DerivedData/WebDriverAgent-bcmeffsllcldukgyoimwiehwhvyz/ModuleCache.noindex/Session.modulevalidation -fmodules-validate-once-per-build-session -Wno-trigraphs -fpascal-strings -O0 -fno-common -Wmissing-field-initializers -Wno-missing-prototypes -Werror\=return-type -Wunreachable-code -Wquoted-include-in-framework-header -Wno-implicit-atomic-properties -Werror\=deprecated-objc-isa-usage -Wno-objc-interface-ivars -Werror\=objc-root-class -Warc-repeated-use-of-weak -Wno-arc-maybe-repeated-use-of-weak -Wimplicit-retain-self -Wduplicate-method-match -Wno-missing-braces -Wparentheses -Wswitch -Wunused-function -Wno-unused-label -Wunused-parameter -Wunused-variable -Wunused-value -Wempty-body -Wuninitialized -Wconditional-uninitialized -Wno-unknown-pragmas -pedantic -Wshadow -Wno-four-char-constants -Wconversion -Wconstant-conversion -Wint-conversion -Wbool-conversion -Wenum-conversion -Wfloat-conversion -Wnon-literal-null-conversion -Wobjc-literal-conversion -Wassign-enum -Wsign-compare -Wshorten-64-to-32 -Wpointer-sign -Wno-newline-eof -Wno-selector -Wno-strict-selector-match -Wundeclared-selector -Wdeprecated-implementations -Wno-implicit-fallthrough -DDEBUG\=1 -DOBJC_OLD_DISPATCH_PROTOTYPES\=0 -isysroot /Applications/Xcode.app/Contents/Developer/Platforms/iPhoneSimulator.platform/Developer/SDKs/iPhoneSimulator16.0.sdk -fasm-blocks -fstrict-aliasing -Wprotocol -Wdeprecated-declarations -g -Wno-sign-conversion -Winfinite-recursion -Wcomma -Wblock-capture-autoreleasing -Wstrict-prototypes -Wno-semicolon-before-method-body -fobjc-abi-version\=2 -fobjc-legacy-dispatch -D__clang_analyzer__ -Xclang -analyzer-output\=plist-multi-file -Xclang -analyzer-config -Xclang path-diagnostics-alternate\=true -Xclang -analyzer-config -Xclang report-in-main-source-file\=true -Xclang -analyzer-checker -Xclang optin.osx.cocoa.localizability.NonLocalizedStringChecker -Xclang -analyzer-checker -Xclang security.insecureAPI.UncheckedReturn -Xclang -analyzer-checker -Xclang security.insecureAPI.getpw -Xclang -analyzer-checker -Xclang security.insecureAPI.gets -Xclang -analyzer-checker -Xclang security.insecureAPI.mkstemp -Xclang -analyzer-checker -Xclang security.insecureAPI.mktemp -Xclang -analyzer-disable-checker -Xclang security.insecureAPI.rand -Xclang -analyzer-disable-checker -Xclang security.insecureAPI.strcpy -Xclang -analyzer-checker -Xclang security.insecureAPI.vfork -iquote /Users/oikhlas/Library/Developer/Xcode/DerivedData/WebDriverAgent-bcmeffsllcldukgyoimwiehwhvyz/Build/Intermediates.noindex/WebDriverAgent.build/Debug-iphonesimulator/WebDriverAgentLib.build/WebDriverAgentLib-generated-files.hmap -I/Users/oikhlas/Library/Developer/Xcode/DerivedData/WebDriverAgent-bcmeffsllcldukgyoimwiehwhvyz/Build/Intermediates.noindex/WebDriverAgent.build/Debug-iphonesimulator/WebDriverAgentLib.build/WebDriverAgentLib-own-target-headers.hmap -I/Users/oikhlas/Library/Developer/Xcode/DerivedData/WebDriverAgent-bcmeffsllcldukgyoimwiehwhvyz/Build/Intermediates.noindex/WebDriverAgent.build/Debug-iphonesimulator/WebDriverAgentLib.build/WebDriverAgentLib-all-target-headers.hmap -iquote /Users/oikhlas/Library/Developer/Xcode/DerivedData/WebDriverAgent-bcmeffsllcldukgyoimwiehwhvyz/Build/Intermediates.noindex/WebDriverAgent.build/Debug-iphonesimulator/WebDriverAgentLib.build/WebDriverAgentLib-project-headers.hmap -I/Users/oikhlas/Library/Developer/Xcode/DerivedData/WebDriverAgent-bcmeffsllcldukgyoimwiehwhvyz/Build/Products/Debug-iphonesimulator/include -I/Applications/Xcode.app/Contents/Developer/Platforms/iPhoneSimulator.platform/Developer/SDKs/iPhoneSimulator16.0.sdk/usr/include/libxml2 -I/Users/oikhlas/.appium/node_modules/appium-xcuitest-driver/node_modules/appium-webdriveragent/Modules -I/Users/oikhlas/Library/Developer/Xcode/DerivedData/WebDriverAgent-bcmeffsllcldukgyoimwiehwhvyz/Build/Intermediates.noindex/WebDriverAgent.build/Debug-iphonesimulator/WebDriverAgentLib.build/DerivedSources-normal/x86_64 -I/Users/oikhlas/Library/Developer/Xcode/DerivedData/WebDriverAgent-bcmeffsllcldukgyoimwiehwhvyz/Build/Intermediates.noindex/WebDriverAgent.build/Debug-iphonesimulator/WebDriverAgentLib.build/DerivedSources/x86_64 -I/Users/oikhlas/Library/Developer/Xcode/DerivedData/WebDriverAgent-bcmeffsllcldukgyoimwiehwhvyz/Build/Intermediates.noindex/WebDriverAgent.build/Debug-iphonesimulator/WebDriverAgentLib.build/DerivedSources -Weverything -Wno-objc-missing-property-synthesis -Wno-unused-macros -Wno-disabled-macro-expansion -Wno-gnu-statement-expression -Wno-language-extension-token -Wno-overriding-method-mismatch -Wno-missing-variable-declarations -Rno-module-build -Wno-auto-import -Wno-objc-interface-ivars -Wno-documentation-unknown-command -Wno-reserved-id-macro -Wno-unused-parameter -Wno-gnu-conditional-omitted-operand -Wno-explicit-ownership-type -Wno-date-time -Wno-cast-align -Wno-cstring-format-directive -Wno-double-promotion -Wno-partial-availability -Weverything -Wno-objc-missing-property-synthesis -Wno-unused-macros -Wno-disabled-macro-expansion -Wno-gnu-statement-expression -Wno-language-extension-token -Wno-overriding-method-mismatch -Wno-missing-variable-declarations -Rno-module-build -Wno-auto-import -Wno-objc-interface-ivars -Wno-documentation-unknown-command -Wno-reserved-id-macro -Wno-unused-parameter -Wno-gnu-conditional-omitted-operand -Wno-explicit-ownership-type -Wno-date-time -Wno-cast-align -Wno-cstring-format-directive -Wno-double-promotion -Wno-partial-availability -Wno-objc-messaging-id -Wno-direct-ivar-access -Wno-cast-qual -Wno-declaration-after-statement -F/Users/oikhlas/Library/Developer/Xcode/DerivedData/WebDriverAgent-bcmeffsllcldukgyoimwiehwhvyz/Build/Products/Debug-iphonesimulator -F/Applications/Xcode.app/Contents/Developer/Platforms/iPhoneSimulator.platform/Developer/Library/Frameworks -F/Applications/Xcode.app/Contents/Developer/Platforms/iPhoneSimulator.platform/Developer/Library/PrivateFrameworks -iframework /Applications/Xcode.app/Contents/Developer/Platforms/iPhoneSimulator.platform/Developer/SDKs/iPhoneSimulator16.0.sdk/Developer/Library/Frameworks -MMD -MT dependencies -MF /Users/oikhlas/Library/Developer/Xcode/DerivedData/WebDriverAgent-bcmeffsllcldukgyoimwiehwhvyz/Build/Intermediates.noindex/WebDriverAgent.build/Debug-iphonesimulator/WebDriverAgentLib.build/StaticAnalyzer/WebDriverAgent/WebDriverAgentLib/normal/x86_64/XCUIApplication+FBAlert.d --analyze /Users/oikhlas/.appium/node_modules/appium-xcuitest-driver/node_modules/appium-webdriveragent/WebDriverAgentLib/Categories/XCUIApplication+FBAlert.m -o /Users/oikhlas/Library/Developer/Xcode/DerivedData/WebDriverAgent-bcmeffsllcldukgyoimwiehwhvyz/Build/Intermediates.noindex/WebDriverAgent.build/Debug-iphonesimulator/WebDriverAgentLib.build/StaticAnalyzer/WebDriverAgent/WebDriverAgentLib/normal/x86_64/XCUIApplication+FBAlert.plist
&amp#27;[38;5;173m[Xcode]&amp#27;[0m 
&amp#27;[38;5;173m[Xcode]&amp#27;[0m 
&amp#27;[38;5;173m[Xcode]&amp#27;[0m Analyze /Users/oikhlas/.appium/node_modules/appium-xcuitest-driver/node_modules/appium-webdriveragent/WebDriverAgentLib/Categories/XCUIApplication+FBTouchAction.m normal x86_64 (in target 'WebDriverAgentLib' from project 'WebDriverAgent')
&amp#27;[38;5;173m[Xcode]&amp#27;[0m     cd /Users/oikhlas/.appium/node_modules/appium-xcuitest-driver/node_modules/appium-webdriveragent
&amp#27;[38;5;173m[Xcode]&amp#27;[0m     /Applications/Xcode.app/Contents/Developer/Toolchains/XcodeDefault.xctoolchain/usr/bin/clang -x objective-c -target x86_64-apple-ios16.0-simulator -fmessage-length\=0 -fdiagnostics-show-note-include-stack -fmacro-backtrace-limit\=0 -std\=gnu99 -fobjc-arc -fmodules -gmodules -fmodules-cache-path\=/Users/oikhlas/Library/Developer/Xcode/DerivedData/WebDriverAgent-bcmeffsllcldukgyoimwiehwhvyz/ModuleCache.noindex -fmodules-prune-interval\=86400 -fmodules-prune-after\=345600 -fbuild-session-file\=/Users/oikhlas/Library/Developer/Xcode/DerivedData/WebDriverAgent-bcmeffsllcldukgyoimwiehwhvyz/ModuleCache.noindex/Session.modulevalidation -fmodules-validate-once-per-build-session -Wno-trigraphs -fpascal-strings -O0 -fno-common -Wmissing-field-initializers -Wno-missing-prototypes -Werror\=return-type -Wunreachable-code -Wquoted-include-in-framework-header -Wno-implicit-atomic-properties -Werror\=deprecated-objc-isa-usage -Wno-objc-interface-ivars -Werror\=objc-root-class -Warc-repeated-use-of-weak -Wno-arc-maybe-repeated-use-of-weak -Wimplicit-retain-self -Wduplicate-method-match -Wno-missing-braces -Wparentheses -Wswitch -Wunused-function -Wno-unused-label -Wunused-parameter -Wunused-variable -Wunused-value -Wempty-body -Wuninitialized -Wconditional-uninitialized -Wno-unknown-pragmas -pedantic -Wshadow -Wno-four-char-constants -Wconversion -Wconstant-conversion -Wint-conversion -Wbool-conversion -Wenum-conversion -Wfloat-conversion -Wnon-literal-null-conversion -Wobjc-literal-conversion -Wassign-enum -Wsign-compare -Wshorten-64-to-32 -Wpointer-sign -Wno-newline-eof -Wno-selector -Wno-strict-selector-match -Wundeclared-selector -Wdeprecated-implementations -Wno-implicit-fallthrough -DDEBUG\=1 -DOBJC_OLD_DISPATCH_PROTOTYPES\=0 -isysroot /Applications/Xcode.app/Contents/Developer/Platforms/iPhoneSimulator.platform/Developer/SDKs/iPhoneSimulator16.0.sdk -fasm-blocks -fstrict-aliasing -Wprotocol -Wdeprecated-declarations -g -Wno-sign-conversion -Winfinite-recursion -Wcomma -Wblock-capture-autoreleasing -Wstrict-prototypes -Wno-semicolon-before-method-body -fobjc-abi-version\=2 -fobjc-legacy-dispatch -D__clang_analyzer__ -Xclang -analyzer-output\=plist-multi-file -Xclang -analyzer-config -Xclang path-diagnostics-alternate\=true -Xclang -analyzer-config -Xclang report-in-main-source-file\=true -Xclang -analyzer-checker -Xclang optin.osx.cocoa.localizability.NonLocalizedStringChecker -Xclang -analyzer-checker -Xclang security.insecureAPI.UncheckedReturn -Xclang -analyzer-checker -Xclang security.insecureAPI.getpw -Xclang -analyzer-checker -Xclang security.insecureAPI.gets -Xclang -analyzer-checker -Xclang security.insecureAPI.mkstemp -Xclang -analyzer-checker -Xclang security.insecureAPI.mktemp -Xclang -analyzer-disable-checker -Xclang security.insecureAPI.rand -Xclang -analyzer-disable-checker -Xclang security.insecureAPI.strcpy -Xclang -analyzer-checker -Xclang security.insecureAPI.vfork -iquote /Users/oikhlas/Library/Developer/Xcode/DerivedData/WebDriverAgent-bcmeffsllcldukgyoimwiehwhvyz/Build/Intermediates.noindex/WebDriverAgent.build/Debug-iphonesimulator/WebDriverAgentLib.build/WebDriverAgentLib-generated-files.hmap -I/Users/oikhlas/Library/Developer/Xcode/DerivedData/WebDriverAgent-bcmeffsllcldukgyoimwiehwhvyz/Build/Intermediates.noindex/WebDriverAgent.build/Debug-iphonesimulator/WebDriverAgentLib.build/WebDriverAgentLib-own-target-headers.hmap -I/Users/oikhlas/Library/Developer/Xcode/DerivedData/WebDriverAgent-bcmeffsllcldukgyoimwiehwhvyz/Build/Intermediates.noindex/WebDriverAgent.build/Debug-iphonesimulator/WebDriverAgentLib.build/WebDriverAgentLib-all-target-headers.hmap -iquote /Users/oikhlas/Library/Developer/Xcode/DerivedData/WebDriverAgent-bcmeffsllcldukgyoimwiehwhvyz/Build/Intermediates.noindex/WebDriverAgent.build/Debug-iphonesimulator/WebDriverAgentLib.build/WebDriverAgentLib-project-headers.hmap -I/Users/oikhlas/Library/Developer/Xcode/DerivedData/WebDriverAgent-bcmeffsllcldukgyoimwiehwhvyz/Build/Products/Debug-iphonesimulator/include -I/Applications/Xcode.app/Contents/Developer/Platforms/iPhoneSimulator.platform/Developer/SDKs/iPhoneSimulator16.0.sdk/usr/include/libxml2 -I/Users/oikhlas/.appium/node_modules/appium-xcuitest-driver/node_modules/appium-webdriveragent/Modules -I/Users/oikhlas/Library/Developer/Xcode/DerivedData/WebDriverAgent-bcmeffsllcldukgyoimwiehwhvyz/Build/Intermediates.noindex/WebDriverAgent.build/Debug-iphonesimulator/WebDriverAgentLib.build/DerivedSources-normal/x86_64 -I/Users/oikhlas/Library/Developer/Xcode/DerivedData/WebDriverAgent-bcmeffsllcldukgyoimwiehwhvyz/Build/Intermediates.noindex/WebDriverAgent.build/Debug-iphonesimulator/WebDriverAgentLib.build/DerivedSources/x86_64 -I/Users/oikhlas/Library/Developer/Xcode/DerivedData/WebDriverAgent-bcmeffsllcldukgyoimwiehwhvyz/Build/Intermediates.noindex/WebDriverAgent.build/Debug-iphonesimulator/WebDriverAgentLib.build/DerivedSources -Weverything -Wno-objc-missing-property-synthesis -Wno-unused-macros -Wno-disabled-macro-expansion -Wno-gnu-statement-expression -Wno-language-extension-token -Wno-overriding-method-mismatch -Wno-missing-variable-declarations -Rno-module-build -Wno-auto-import -Wno-objc-interface-ivars -Wno-documentation-unknown-command -Wno-reserved-id-macro -Wno-unused-parameter -Wno-gnu-conditional-omitted-operand -Wno-explicit-ownership-type -Wno-date-time -Wno-cast-align -Wno-cstring-format-directive -Wno-double-promotion -Wno-partial-availability -Weverything -Wno-objc-missing-property-synthesis -Wno-unused-macros -Wno-disabled-macro-expansion -Wno-gnu-statement-expression -Wno-language-extension-token -Wno-overriding-method-mismatch -Wno-missing-variable-declarations -Rno-module-build -Wno-auto-import -Wno-objc-interface-ivars -Wno-documentation-unknown-command -Wno-reserved-id-macro -Wno-unused-parameter -Wno-gnu-conditional-omitted-operand -Wno-explicit-ownership-type -Wno-date-time -Wno-cast-align -Wno-cstring-format-directive -Wno-double-promotion -Wno-partial-availability -Wno-objc-messaging-id -Wno-direct-ivar-access -Wno-cast-qual -Wno-declaration-after-statement -F/Users/oikhlas/Library/Developer/Xcode/DerivedData/WebDriverAgent-bcmeffsllcldukgyoimwiehwhvyz/Build/Products/Debug-iphonesimulator -F/Applications/Xcode.app/Contents/Developer/Platforms/iPhoneSimulator.platform/Developer/Library/Frameworks -F/Applications/Xcode.app/Contents/Developer/Platforms/iPhoneSimulator.platform/Developer/Library/PrivateFrameworks -iframework /Applications/Xcode.app/Contents/Developer/Platforms/iPhoneSimulator.platform/Developer/SDKs/iPhoneSimulator16.0.sdk/Developer/Library/Frameworks -MMD -MT dependencies -MF /Users/oikhlas/Library/Developer/Xcode/DerivedData/WebDriverAgent-bcmeffsllcldukgyoimwiehwhvyz/Build/Intermediates.noindex/WebDriverAgent.build/Debug-iphonesimulator/WebDriverAgentLib.build/StaticAnalyzer/WebDriverAgent/WebDriverAgentLib/normal/x86_64/XCUIApplication+FBTouchAction.d --analyze /Users/oikhlas/.appium/node_modules/appium-xcuitest-driver/node_modules/appium-webdriveragent/WebDriverAgentLib/Categories/XCUIApplication+FBTouchAction.m -o /Users/oikhlas/Library/Developer/Xcode/DerivedData/WebDriverAgent-bcmeffsllcldukgyoimwiehwhvyz/Build/Intermediates.noindex/WebDriverAgent.build/Debug-iphonesimulator/WebDriverAgentLib.build/StaticAnalyzer/WebDriverAgent/WebDriverAgentLib/normal/x86_64/XCUIApplication+FBTouchAction.plist
&amp#27;[38;5;173m[Xcode]&amp#27;[0m 
&amp#27;[38;5;173m[Xcode]&amp#27;[0m 
&amp#27;[38;5;173m[Xcode]&amp#27;[0m Analyze /Users/oikhlas/Library/Developer/Xcode/DerivedData/WebDriverAgent-bcmeffsllcldukgyoimwiehwhvyz/Build/Intermediates.noindex/WebDriverAgent.build/Debug-iphonesimulator/WebDriverAgentLib.build/DerivedSources/WebDriverAgentLib_vers.c normal x86_64 (in target 'WebDriverAgentLib' from project 'WebDriverAgent')
&amp#27;[38;5;173m[Xcode]&amp#27;[0m     cd /Users/oikhlas/.appium/node_modules/appium-xcuitest-driver/node_modules/appium-webdriveragent
&amp#27;[38;5;173m[Xcode]&amp#27;[0m     /Applications/Xcode.app/Contents/Developer/Toolchains/XcodeDefault.xctoolchain/usr/bin/clang -x c -target x86_64-apple-ios16.0-simulator -fmessage-length\=0 -fdiagnostics-show-note-include-stack -fmacro-backtrace-limit\=0 -std\=gnu99 -fmodules -gmodules -fmodules-cache-path\=/Users/oikhlas/Library/Developer/Xcode/DerivedData/WebDriverAgent-bcmeffsllcldukgyoimwiehwhvyz/ModuleCache.noindex -fmodules-prune-interval\=86400 -fmodules-prune-after\=345600 -fbuild-session-file\=/Users/oikhlas/Library/Developer/Xcode/DerivedData/WebDriverAgent-bcmeffsllcldukgyoimwiehwhvyz/ModuleCache.noindex/Session.modulevalidation -fmodules-validate-once-per-build-session -Wno-trigraphs -fpascal-strings -O0 -fno-common -Wmissing-field-initializers -Wno-missing-prototypes -Werror\=return-type -Wunreachable-code -Wquoted-include-in-framework-header -Werror\=deprecated-objc-isa-usage -Werror\=objc-root-class -Wno-missing-braces -Wparentheses -Wswitch -Wunused-function -Wno-unused-label -Wunused-parameter -Wunused-variable -Wunused-value -Wempty-body -Wuninitialized -Wconditional-uninitialized -Wno-unknown-pragmas -pedantic -Wshadow -Wno-four-char-constants -Wconversion -Wconstant-conversion -Wint-conversion -Wbool-conversion -Wenum-conversion -Wfloat-conversion -Wnon-literal-null-conversion -Wobjc-literal-conversion -Wassign-enum -Wsign-compare -Wshorten-64-to-32 -Wpointer-sign -Wno-newline-eof -Wno-implicit-fallthrough -DDEBUG\=1 -isysroot /Applications/Xcode.app/Contents/Developer/Platforms/iPhoneSimulator.platform/Developer/SDKs/iPhoneSimulator16.0.sdk -fasm-blocks -fstrict-aliasing -Wdeprecated-declarations -g -Wno-sign-conversion -Winfinite-recursion -Wcomma -Wblock-capture-autoreleasing -Wstrict-prototypes -Wno-semicolon-before-method-body -D__clang_analyzer__ -Xclang -analyzer-output\=plist-multi-file -Xclang -analyzer-config -Xclang path-diagnostics-alternate\=true -Xclang -analyzer-config -Xclang report-in-main-source-file\=true -Xclang -analyzer-checker -Xclang optin.osx.cocoa.localizability.NonLocalizedStringChecker -Xclang -analyzer-checker -Xclang security.insecureAPI.UncheckedReturn -Xclang -analyzer-checker -Xclang security.insecureAPI.getpw -Xclang -analyzer-checker -Xclang security.insecureAPI.gets -Xclang -analyzer-checker -Xclang security.insecureAPI.mkstemp -Xclang -analyzer-checker -Xclang security.insecureAPI.mktemp -Xclang -analyzer-disable-checker -Xclang security.insecureAPI.rand -Xclang -analyzer-disable-checker -Xclang security.insecureAPI.strcpy -Xclang -analyzer-checker -Xclang security.insecureAPI.vfork -iquote /Users/oikhlas/Library/Developer/Xcode/DerivedData/WebDriverAgent-bcmeffsllcldukgyoimwiehwhvyz/Build/Intermediates.noindex/WebDriverAgent.build/Debug-iphonesimulator/WebDriverAgentLib.build/WebDriverAgentLib-generated-files.hmap -I/Users/oikhlas/Library/Developer/Xcode/DerivedData/WebDriverAgent-bcmeffsllcldukgyoimwiehwhvyz/Build/Intermediates.noindex/WebDriverAgent.build/Debug-iphonesimulator/WebDriverAgentLib.build/WebDriverAgentLib-own-target-headers.hmap -I/Users/oikhlas/Library/Developer/Xcode/DerivedData/WebDriverAgent-bcmeffsllcldukgyoimwiehwhvyz/Build/Intermediates.noindex/WebDriverAgent.build/Debug-iphonesimulator/WebDriverAgentLib.build/WebDriverAgentLib-all-target-headers.hmap -iquote /Users/oikhlas/Library/Developer/Xcode/DerivedData/WebDriverAgent-bcmeffsllcldukgyoimwiehwhvyz/Build/Intermediates.noindex/WebDriverAgent.build/Debug-iphonesimulator/WebDriverAgentLib.build/WebDriverAgentLib-project-headers.hmap -I/Users/oikhlas/Library/Developer/Xcode/DerivedData/WebDriverAgent-bcmeffsllcldukgyoimwiehwhvyz/Build/Products/Debug-iphonesimulator/include -I/Applications/Xcode.app/Contents/Developer/Platforms/iPhoneSimulator.platform/Developer/SDKs/iPhoneSimulator16.0.sdk/usr/include/libxml2 -I/Users/oikhlas/.appium/node_modules/appium-xcuitest-driver/node_modules/appium-webdriveragent/Modules -I/Users/oikhlas/Library/Developer/Xcode/DerivedData/WebDriverAgent-bcmeffsllcldukgyoimwiehwhvyz/Build/Intermediates.noindex/WebDriverAgent.build/Debug-iphonesimulator/WebDriverAgentLib.build/DerivedSources-normal/x86_64 -I/Users/oikhlas/Library/Developer/Xcode/DerivedData/WebDriverAgent-bcmeffsllcldukgyoimwiehwhvyz/Build/Intermediates.noindex/WebDriverAgent.build/Debug-iphonesimulator/WebDriverAgentLib.build/DerivedSources/x86_64 -I/Users/oikhlas/Library/Developer/Xcode/DerivedData/WebDriverAgent-bcmeffsllcldukgyoimwiehwhvyz/Build/Intermediates.noindex/WebDriverAgent.build/Debug-iphonesimulator/WebDriverAgentLib.build/DerivedSources -Weverything -Wno-objc-missing-property-synthesis -Wno-unused-macros -Wno-disabled-macro-expansion -Wno-gnu-statement-expression -Wno-language-extension-token -Wno-overriding-method-mismatch -Wno-missing-variable-declarations -Rno-module-build -Wno-auto-import -Wno-objc-interface-ivars -Wno-documentation-unknown-command -Wno-reserved-id-macro -Wno-unused-parameter -Wno-gnu-conditional-omitted-operand -Wno-explicit-ownership-type -Wno-date-time -Wno-cast-align -Wno-cstring-format-directive -Wno-double-promotion -Wno-partial-availability -Weverything -Wno-objc-missing-property-synthesis -Wno-unused-macros -Wno-disabled-macro-expansion -Wno-gnu-statement-expression -Wno-language-extension-token -Wno-overriding-method-mismatch -Wno-missing-variable-declarations -Rno-module-build -Wno-auto-import -Wno-objc-interface-ivars -Wno-documentation-unknown-command -Wno-reserved-id-macro -Wno-unused-parameter -Wno-gnu-conditional-omitted-operand -Wno-explicit-ownership-type -Wno-date-time -Wno-cast-align -Wno-cstring-format-directive -Wno-double-promotion -Wno-partial-availability -Wno-objc-messaging-id -Wno-direct-ivar-access -Wno-cast-qual -Wno-declaration-after-statement -F/Users/oikhlas/Library/Developer/Xcode/DerivedData/WebDriverAgent-bcmeffsllcldukgyoimwiehwhvyz/Build/Products/Debug-iphonesimulator -F/Applications/Xcode.app/Contents/Developer/Platforms/iPhoneSimulator.platform/Developer/Library/Frameworks -F/Applications/Xcode.app/Contents/Developer/Platforms/iPhoneSimulator.platform/Developer/Library/PrivateFrameworks -iframework /Applications/Xcode.app/Contents/Developer/Platforms/iPhoneSimulator.platform/Developer/SDKs/iPhoneSimulator16.0.sdk/Developer/Library/Frameworks -MMD -MT dependencies -MF /Users/oikhlas/Library/Developer/Xcode/DerivedData/WebDriverAgent-bcmeffsllcldukgyoimwiehwhvyz/Build/Intermediates.noindex/WebDriverAgent.build/Debug-iphonesimulator/WebDriverAgentLib.build/StaticAnalyzer/WebDriverAgent/WebDriverAgentLib/normal/x86_64/WebDriverAgentLib_vers.d --analyze /Users/oikhlas/Library/Developer/Xcode/DerivedData/WebDriverAgent-bcmeffsllcldukgyoimwiehwhvyz/Build/Intermediates.noindex/WebDriverAgent.build/Debug-iphonesimulator/WebDriverAgentLib.build/DerivedSources/WebDriverAgentLib_vers.c -o /Users/oikhlas/Library/Developer/Xcode/DerivedData/WebDriverAgent-bcmeffsllcldukgyoimwiehwhvyz/Build/Intermediates.noindex/WebDriverAgent.build/Debug-iphonesimulator/WebDriverAgentLib.build/StaticAnalyzer/WebDriverAgent/WebDriverAgentLib/normal/x86_64/WebDriverAgentLib_vers.plist
&amp#27;[38;5;173m[Xcode]&amp#27;[0m 
&amp#27;[38;5;173m[Xcode]&amp#27;[0m 
&amp#27;[38;5;173m[Xcode]&amp#27;[0m Analyze /Users/oikhlas/.appium/node_modules/appium-xcuitest-driver/node_modules/appium-webdriveragent/WebDriverAgentLib/Vendor/RoutingHTTPServer/RoutingHTTPServer.m normal x86_64 (in target 'WebDriverAgentLib' from project 'WebDriverAgent')
&amp#27;[38;5;173m[Xcode]&amp#27;[0m     cd /Users/oikhlas/.appium/node_modules/appium-xcuitest-driver/node_modules/appium-webdriveragent
&amp#27;[38;5;173m[Xcode]&amp#27;[0m     /Applications/Xcode.app/Contents/Developer/Toolchains/XcodeDefault.xctoolchain/usr/bin/clang -x objective-c -target x86_64-apple-ios16.0-simulator -fmessage-length\=0 -fdiagnostics-show-note-include-stack -fmacro-backtrace-limit\=0 -std\=gnu99 -fobjc-arc -fmodules -gmodules -fmodules-cache-path\=/Users/oikhlas/Library/Developer/Xcode/DerivedData/WebDriverAgent-bcmeffsllcldukgyoimwiehwhvyz/ModuleCache.noindex -fmodules-prune-interval\=86400 -fmodules-prune-after\=345600 -fbuild-session-file\=/Users/oikhlas/Library/Developer/Xcode/DerivedData/WebDriverAgent-bcmeffsllcldukgyoimwiehwhvyz/ModuleCache.noindex/Session.modulevalidation -fmodules-validate-once-per-build-session -Wno-trigraphs -fpascal-strings -O0 -fno-common -Wmissing-field-initializers -Wno-missing-prototypes -Werror\=return-type -Wunreachable-code -Wquoted-include-in-framework-header -Wno-implicit-atomic-properties -Werror\=deprecated-objc-isa-usage -Wno-objc-interface-ivars -Werror\=objc-root-class -Warc-repeated-use-of-weak -Wno-arc-maybe-repeated-use-of-weak -Wimplicit-retain-self -Wduplicate-method-match -Wno-missing-braces -Wparentheses -Wswitch -Wunused-function -Wno-unused-label -Wunused-parameter -Wunused-variable -Wunused-value -Wempty-body -Wuninitialized -Wconditional-uninitialized -Wno-unknown-pragmas -pedantic -Wshadow -Wno-four-char-constants -Wconversion -Wconstant-conversion -Wint-conversion -Wbool-conversion -Wenum-conversion -Wfloat-conversion -Wnon-literal-null-conversion -Wobjc-literal-conversion -Wassign-enum -Wsign-compare -Wshorten-64-to-32 -Wpointer-sign -Wno-newline-eof -Wno-selector -Wno-strict-selector-match -Wundeclared-selector -Wdeprecated-implementations -Wno-implicit-fallthrough -DDEBUG\=1 -DOBJC_OLD_DISPATCH_PROTOTYPES\=0 -isysroot /Applications/Xcode.app/Contents/Developer/Platforms/iPhoneSimulator.platform/Developer/SDKs/iPhoneSimulator16.0.sdk -fasm-blocks -fstrict-aliasing -Wprotocol -Wdeprecated-declarations -g -Wno-sign-conversion -Winfinite-recursion -Wcomma -Wblock-capture-autoreleasing -Wstrict-prototypes -Wno-semicolon-before-method-body -fobjc-abi-version\=2 -fobjc-legacy-dispatch -D__clang_analyzer__ -Xclang -analyzer-output\=plist-multi-file -Xclang -analyzer-config -Xclang path-diagnostics-alternate\=true -Xclang -analyzer-config -Xclang report-in-main-source-file\=true -Xclang -analyzer-checker -Xclang optin.osx.cocoa.localizability.NonLocalizedStringChecker -Xclang -analyzer-checker -Xclang security.insecureAPI.UncheckedReturn -Xclang -analyzer-checker -Xclang security.insecureAPI.getpw -Xclang -analyzer-checker -Xclang security.insecureAPI.gets -Xclang -analyzer-checker -Xclang security.insecureAPI.mkstemp -Xclang -analyzer-checker -Xclang security.insecureAPI.mktemp -Xclang -analyzer-disable-checker -Xclang security.insecureAPI.rand -Xclang -analyzer-disable-checker -Xclang security.insecureAPI.strcpy -Xclang -analyzer-checker -Xclang security.insecureAPI.vfork -iquote /Users/oikhlas/Library/Developer/Xcode/DerivedData/WebDriverAgent-bcmeffsllcldukgyoimwiehwhvyz/Build/Intermediates.noindex/WebDriverAgent.build/Debug-iphonesimulator/WebDriverAgentLib.build/WebDriverAgentLib-generated-files.hmap -I/Users/oikhlas/Library/Developer/Xcode/DerivedData/WebDriverAgent-bcmeffsllcldukgyoimwiehwhvyz/Build/Intermediates.noindex/WebDriverAgent.build/Debug-iphonesimulator/WebDriverAgentLib.build/WebDriverAgentLib-own-target-headers.hmap -I/Users/oikhlas/Library/Developer/Xcode/DerivedData/WebDriverAgent-bcmeffsllcldukgyoimwiehwhvyz/Build/Intermediates.noindex/WebDriverAgent.build/Debug-iphonesimulator/WebDriverAgentLib.build/WebDriverAgentLib-all-target-headers.hmap -iquote /Users/oikhlas/Library/Developer/Xcode/DerivedData/WebDriverAgent-bcmeffsllcldukgyoimwiehwhvyz/Build/Intermediates.noindex/WebDriverAgent.build/Debug-iphonesimulator/WebDriverAgentLib.build/WebDriverAgentLib-project-headers.hmap -I/Users/oikhlas/Library/Developer/Xcode/DerivedData/WebDriverAgent-bcmeffsllcldukgyoimwiehwhvyz/Build/Products/Debug-iphonesimulator/include -I/Applications/Xcode.app/Contents/Developer/Platforms/iPhoneSimulator.platform/Developer/SDKs/iPhoneSimulator16.0.sdk/usr/include/libxml2 -I/Users/oikhlas/.appium/node_modules/appium-xcuitest-driver/node_modules/appium-webdriveragent/Modules -I/Users/oikhlas/Library/Developer/Xcode/DerivedData/WebDriverAgent-bcmeffsllcldukgyoimwiehwhvyz/Build/Intermediates.noindex/WebDriverAgent.build/Debug-iphonesimulator/WebDriverAgentLib.build/DerivedSources-normal/x86_64 -I/Users/oikhlas/Library/Developer/Xcode/DerivedData/WebDriverAgent-bcmeffsllcldukgyoimwiehwhvyz/Build/Intermediates.noindex/WebDriverAgent.build/Debug-iphonesimulator/WebDriverAgentLib.build/DerivedSources/x86_64 -I/Users/oikhlas/Library/Developer/Xcode/DerivedData/WebDriverAgent-bcmeffsllcldukgyoimwiehwhvyz/Build/Intermediates.noindex/WebDriverAgent.build/Debug-iphonesimulator/WebDriverAgentLib.build/DerivedSources -Weverything -Wno-objc-missing-property-synthesis -Wno-unused-macros -Wno-disabled-macro-expansion -Wno-gnu-statement-expression -Wno-language-extension-token -Wno-overriding-method-mismatch -Wno-missing-variable-declarations -Rno-module-build -Wno-auto-import -Wno-objc-interface-ivars -Wno-documentation-unknown-command -Wno-reserved-id-macro -Wno-unused-parameter -Wno-gnu-conditional-omitted-operand -Wno-explicit-ownership-type -Wno-date-time -Wno-cast-align -Wno-cstring-format-directive -Wno-double-promotion -Wno-partial-availability -Weverything -Wno-objc-missing-property-synthesis -Wno-unused-macros -Wno-disabled-macro-expansion -Wno-gnu-statement-expression -Wno-language-extension-token -Wno-overriding-method-mismatch -Wno-missing-variable-declarations -Rno-module-build -Wno-auto-import -Wno-objc-interface-ivars -Wno-documentation-unknown-command -Wno-reserved-id-macro -Wno-unused-parameter -Wno-gnu-conditional-omitted-operand -Wno-explicit-ownership-type -Wno-date-time -Wno-cast-align -Wno-cstring-format-directive -Wno-double-promotion -Wno-partial-availability -Wno-objc-messaging-id -Wno-direct-ivar-access -Wno-cast-qual -Wno-declaration-after-statement -F/Users/oikhlas/Library/Developer/Xcode/DerivedData/WebDriverAgent-bcmeffsllcldukgyoimwiehwhvyz/Build/Products/Debug-iphonesimulator -F/Applications/Xcode.app/Contents/Developer/Platforms/iPhoneSimulator.platform/Developer/Library/Frameworks -F/Applications/Xcode.app/Contents/Developer/Platforms/iPhoneSimulator.platform/Developer/Library/PrivateFrameworks -iframework /Applications/Xcode.app/Contents/Developer/Platforms/iPhoneSimulator.platform/Developer/SDKs/iPhoneSimulator16.0.sdk/Developer/Library/Frameworks -MMD -MT dependencies -MF /Users/oikhlas/Library/Developer/Xcode/DerivedData/WebDriverAgent-bcmeffsllcldukgyoimwiehwhvyz/Build/Intermediates.noindex/WebDriverAgent.build/Debug-iphonesimulator/WebDriverAgentLib.build/StaticAnalyzer/WebDriverAgent/WebDriverAgentLib/normal/x86_64/RoutingHTTPServer.d --analyze /Users/oikhlas/.appium/node_modules/appium-xcuitest-driver/node_modules/appium-webdriveragent/WebDriverAgentLib/Vendor/RoutingHTTPServer/RoutingHTTPServer.m -o /Users/oikhlas/Library/Developer/Xcode/DerivedData/WebDriverAgent-bcmeffsllcldukgyoimwiehwhvyz/Build/Intermediates.noindex/WebDriverAgent.build/Debug-iphonesimulator/WebDriverAgentLib.build/StaticAnalyzer/WebDriverAgent/WebDriverAgentLib/normal/x86_64/RoutingHTTPServer.plist
&amp#27;[38;5;173m[Xcode]&amp#27;[0m 
&amp#27;[38;5;173m[Xcode]&amp#27;[0m 
&amp#27;[38;5;173m[Xcode]&amp#27;[0m Analyze /Users/oikhlas/.appium/node_modules/appium-xcuitest-driver/node_modules/appium-webdriveragent/WebDriverAgentLib/Vendor/RoutingHTTPServer/RoutingConnection.m normal x86_64 (in target 'WebDriverAgentLib' from project 'WebDriverAgent')
&amp#27;[38;5;173m[Xcode]&amp#27;[0m     cd /Users/oikhlas/.appium/node_modules/appium-xcuitest-driver/node_modules/appium-webdriveragent
&amp#27;[38;5;173m[Xcode]&amp#27;[0m     /Applications/Xcode.app/Contents/Developer/Toolchains/XcodeDefault.xctoolchain/usr/bin/clang -x objective-c -target x86_64-apple-ios16.0-simulator -fmessage-length\=0 -fdiagnostics-show-note-include-stack -fmacro-backtrace-limit\=0 -std\=gnu99 -fobjc-arc -fmodules -gmodules -fmodules-cache-path\=/Users/oikhlas/Library/Developer/Xcode/DerivedData/WebDriverAgent-bcmeffsllcldukgyoimwiehwhvyz/ModuleCache.noindex -fmodules-prune-interval\=86400 -fmodules-prune-after\=345600 -fbuild-session-file\=/Users/oikhlas/Library/Developer/Xcode/DerivedData/WebDriverAgent-bcmeffsllcldukgyoimwiehwhvyz/ModuleCache.noindex/Session.modulevalidation -fmodules-validate-once-per-build-session -Wno-trigraphs -fpascal-strings -O0 -fno-common -Wmissing-field-initializers -Wno-missing-prototypes -Werror\=return-type -Wunreachable-code -Wquoted-include-in-framework-header -Wno-implicit-atomic-properties -Werror\=deprecated-objc-isa-usage -Wno-objc-interface-ivars -Werror\=objc-root-class -Warc-repeated-use-of-weak -Wno-arc-maybe-repeated-use-of-weak -Wimplicit-retain-self -Wduplicate-method-match -Wno-missing-braces -Wparentheses -Wswitch -Wunused-function -Wno-unused-label -Wunused-parameter -Wunused-variable -Wunused-value -Wempty-body -Wuninitialized -Wconditional-uninitialized -Wno-unknown-pragmas -pedantic -Wshadow -Wno-four-char-constants -Wconversion -Wconstant-conversion -Wint-conversion -Wbool-conversion -Wenum-conversion -Wfloat-conversion -Wnon-literal-null-conversion -Wobjc-literal-conversion -Wassign-enum -Wsign-compare -Wshorten-64-to-32 -Wpointer-sign -Wno-newline-eof -Wno-selector -Wno-strict-selector-match -Wundeclared-selector -Wdeprecated-implementations -Wno-implicit-fallthrough -DDEBUG\=1 -DOBJC_OLD_DISPATCH_PROTOTYPES\=0 -isysroot /Applications/Xcode.app/Contents/Developer/Platforms/iPhoneSimulator.platform/Developer/SDKs/iPhoneSimulator16.0.sdk -fasm-blocks -fstrict-aliasing -Wprotocol -Wdeprecated-declarations -g -Wno-sign-conversion -Winfinite-recursion -Wcomma -Wblock-capture-autoreleasing -Wstrict-prototypes -Wno-semicolon-before-method-body -fobjc-abi-version\=2 -fobjc-legacy-dispatch -D__clang_analyzer__ -Xclang -analyzer-output\=plist-multi-file -Xclang -analyzer-config -Xclang path-diagnostics-alternate\=true -Xclang -analyzer-config -Xclang report-in-main-source-file\=true -Xclang -analyzer-checker -Xclang optin.osx.cocoa.localizability.NonLocalizedStringChecker -Xclang -analyzer-checker -Xclang security.insecureAPI.UncheckedReturn -Xclang -analyzer-checker -Xclang security.insecureAPI.getpw -Xclang -analyzer-checker -Xclang security.insecureAPI.gets -Xclang -analyzer-checker -Xclang security.insecureAPI.mkstemp -Xclang -analyzer-checker -Xclang security.insecureAPI.mktemp -Xclang -analyzer-disable-checker -Xclang security.insecureAPI.rand -Xclang -analyzer-disable-checker -Xclang security.insecureAPI.strcpy -Xclang -analyzer-checker -Xclang security.insecureAPI.vfork -iquote /Users/oikhlas/Library/Developer/Xcode/DerivedData/WebDriverAgent-bcmeffsllcldukgyoimwiehwhvyz/Build/Intermediates.noindex/WebDriverAgent.build/Debug-iphonesimulator/WebDriverAgentLib.build/WebDriverAgentLib-generated-files.hmap -I/Users/oikhlas/Library/Developer/Xcode/DerivedData/WebDriverAgent-bcmeffsllcldukgyoimwiehwhvyz/Build/Intermediates.noindex/WebDriverAgent.build/Debug-iphonesimulator/WebDriverAgentLib.build/WebDriverAgentLib-own-target-headers.hmap -I/Users/oikhlas/Library/Developer/Xcode/DerivedData/WebDriverAgent-bcmeffsllcldukgyoimwiehwhvyz/Build/Intermediates.noindex/WebDriverAgent.build/Debug-iphonesimulator/WebDriverAgentLib.build/WebDriverAgentLib-all-target-headers.hmap -iquote /Users/oikhlas/Library/Developer/Xcode/DerivedData/WebDriverAgent-bcmeffsllcldukgyoimwiehwhvyz/Build/Intermediates.noindex/WebDriverAgent.build/Debug-iphonesimulator/WebDriverAgentLib.build/WebDriverAgentLib-project-headers.hmap -I/Users/oikhlas/Library/Developer/Xcode/DerivedData/WebDriverAgent-bcmeffsllcldukgyoimwiehwhvyz/Build/Products/Debug-iphonesimulator/include -I/Applications/Xcode.app/Contents/Developer/Platforms/iPhoneSimulator.platform/Developer/SDKs/iPhoneSimulator16.0.sdk/usr/include/libxml2 -I/Users/oikhlas/.appium/node_modules/appium-xcuitest-driver/node_modules/appium-webdriveragent/Modules -I/Users/oikhlas/Library/Developer/Xcode/DerivedData/WebDriverAgent-bcmeffsllcldukgyoimwiehwhvyz/Build/Intermediates.noindex/WebDriverAgent.build/Debug-iphonesimulator/WebDriverAgentLib.build/DerivedSources-normal/x86_64 -I/Users/oikhlas/Library/Developer/Xcode/DerivedData/WebDriverAgent-bcmeffsllcldukgyoimwiehwhvyz/Build/Intermediates.noindex/WebDriverAgent.build/Debug-iphonesimulator/WebDriverAgentLib.build/DerivedSources/x86_64 -I/Users/oikhlas/Library/Developer/Xcode/DerivedData/WebDriverAgent-bcmeffsllcldukgyoimwiehwhvyz/Build/Intermediates.noindex/WebDriverAgent.build/Debug-iphonesimulator/WebDriverAgentLib.build/DerivedSources -Weverything -Wno-objc-missing-property-synthesis -Wno-unused-macros -Wno-disabled-macro-expansion -Wno-gnu-statement-expression -Wno-language-extension-token -Wno-overriding-method-mismatch -Wno-missing-variable-declarations -Rno-module-build -Wno-auto-import -Wno-objc-interface-ivars -Wno-documentation-unknown-command -Wno-reserved-id-macro -Wno-unused-parameter -Wno-gnu-conditional-omitted-operand -Wno-explicit-ownership-type -Wno-date-time -Wno-cast-align -Wno-cstring-format-directive -Wno-double-promotion -Wno-partial-availability -Weverything -Wno-objc-missing-property-synthesis -Wno-unused-macros -Wno-disabled-macro-expansion -Wno-gnu-statement-expression -Wno-language-extension-token -Wno-overriding-method-mismatch -Wno-missing-variable-declarations -Rno-module-build -Wno-auto-import -Wno-objc-interface-ivars -Wno-documentation-unknown-command -Wno-reserved-id-macro -Wno-unused-parameter -Wno-gnu-conditional-omitted-operand -Wno-explicit-ownership-type -Wno-date-time -Wno-cast-align -Wno-cstring-format-directive -Wno-double-promotion -Wno-partial-availability -Wno-objc-messaging-id -Wno-direct-ivar-access -Wno-cast-qual -Wno-declaration-after-statement -F/Users/oikhlas/Library/Developer/Xcode/DerivedData/WebDriverAgent-bcmeffsllcldukgyoimwiehwhvyz/Build/Products/Debug-iphonesimulator -F/Applications/Xcode.app/Contents/Developer/Platforms/iPhoneSimulator.platform/Developer/Library/Frameworks -F/Applications/Xcode.app/Contents/Developer/Platforms/iPhoneSimulator.platform/Developer/Library/PrivateFrameworks -iframework /Applications/Xcode.app/Contents/Developer/Platforms/iPhoneSimulator.platform/Developer/SDKs/iPhoneSimulator16.0.sdk/Developer/Library/Frameworks -MMD -MT dependencies -MF /Users/oikhlas/Library/Developer/Xcode/DerivedData/WebDriverAgent-bcmeffsllcldukgyoimwiehwhvyz/Build/Intermediates.noindex/WebDriverAgent.build/Debug-iphonesimulator/WebDriverAgentLib.build/StaticAnalyzer/WebDriverAgent/WebDriverAgentLib/normal/x86_64/RoutingConnection.d --analyze /Users/oikhlas/.appium/node_modules/appium-xcuitest-driver/node_modules/appium-webdriveragent/WebDriverAgentLib/Vendor/RoutingHTTPServer/RoutingConnection.m -o /Users/oikhlas/Library/Developer/Xcode/DerivedData/WebDriverAgent-bcmeffsllcldukgyoimwiehwhvyz/Build/Intermediates.noindex/WebDriverAgent.build/Debug-iphonesimulator/WebDriverAgentLib.build/StaticAnalyzer/WebDriverAgent/WebDriverAgentLib/normal/x86_64/RoutingConnection.plist
&amp#27;[38;5;173m[Xcode]&amp#27;[0m 
&amp#27;[38;5;173m[Xcode]&amp#27;[0m 
&amp#27;[38;5;173m[Xcode]&amp#27;[0m Analyze /Users/oikhlas/.appium/node_modules/appium-xcuitest-driver/node_modules/appium-webdriveragent/WebDriverAgentLib/Vendor/RoutingHTTPServer/RouteResponse.m normal x86_64 (in target 'WebDriverAgentLib' from project 'WebDriverAgent')
&amp#27;[38;5;173m[Xcode]&amp#27;[0m     cd /Users/oikhlas/.appium/node_modules/appium-xcuitest-driver/node_modules/appium-webdriveragent
&amp#27;[38;5;173m[Xcode]&amp#27;[0m     /Applications/Xcode.app/Contents/Developer/Toolchains/XcodeDefault.xctoolchain/usr/bin/clang -x objective-c -target x86_64-apple-ios16.0-simulator -fmessage-length\=0 -fdiagnostics-show-note-include-stack -fmacro-backtrace-limit\=0 -std\=gnu99 -fobjc-arc -fmodules -gmodules -fmodules-cache-path\=/Users/oikhlas/Library/Developer/Xcode/DerivedData/WebDriverAgent-bcmeffsllcldukgyoimwiehwhvyz/ModuleCache.noindex -fmodules-prune-interval\=86400 -fmodules-prune-after\=345600 -fbuild-session-file\=/Users/oikhlas/Library/Developer/Xcode/DerivedData/WebDriverAgent-bcmeffsllcldukgyoimwiehwhvyz/ModuleCache.noindex/Session.modulevalidation -fmodules-validate-once-per-build-session -Wno-trigraphs -fpascal-strings -O0 -fno-common -Wmissing-field-initializers -Wno-missing-prototypes -Werror\=return-type -Wunreachable-code -Wquoted-include-in-framework-header -Wno-implicit-atomic-properties -Werror\=deprecated-objc-isa-usage -Wno-objc-interface-ivars -Werror\=objc-root-class -Warc-repeated-use-of-weak -Wno-arc-maybe-repeated-use-of-weak -Wimplicit-retain-self -Wduplicate-method-match -Wno-missing-braces -Wparentheses -Wswitch -Wunused-function -Wno-unused-label -Wunused-parameter -Wunused-variable -Wunused-value -Wempty-body -Wuninitialized -Wconditional-uninitialized -Wno-unknown-pragmas -pedantic -Wshadow -Wno-four-char-constants -Wconversion -Wconstant-conversion -Wint-conversion -Wbool-conversion -Wenum-conversion -Wfloat-conversion -Wnon-literal-null-conversion -Wobjc-literal-conversion -Wassign-enum -Wsign-compare -Wshorten-64-to-32 -Wpointer-sign -Wno-newline-eof -Wno-selector -Wno-strict-selector-match -Wundeclared-selector -Wdeprecated-implementations -Wno-implicit-fallthrough -DDEBUG\=1 -DOBJC_OLD_DISPATCH_PROTOTYPES\=0 -isysroot /Applications/Xcode.app/Contents/Developer/Platforms/iPhoneSimulator.platform/Developer/SDKs/iPhoneSimulator16.0.sdk -fasm-blocks -fstrict-aliasing -Wprotocol -Wdeprecated-declarations -g -Wno-sign-conversion -Winfinite-recursion -Wcomma -Wblock-capture-autoreleasing -Wstrict-prototypes -Wno-semicolon-before-method-body -fobjc-abi-version\=2 -fobjc-legacy-dispatch -D__clang_analyzer__ -Xclang -analyzer-output\=plist-multi-file -Xclang -analyzer-config -Xclang path-diagnostics-alternate\=true -Xclang -analyzer-config -Xclang report-in-main-source-file\=true -Xclang -analyzer-checker -Xclang optin.osx.cocoa.localizability.NonLocalizedStringChecker -Xclang -analyzer-checker -Xclang security.insecureAPI.UncheckedReturn -Xclang -analyzer-checker -Xclang security.insecureAPI.getpw -Xclang -analyzer-checker -Xclang security.insecureAPI.gets -Xclang -analyzer-checker -Xclang security.insecureAPI.mkstemp -Xclang -analyzer-checker -Xclang security.insecureAPI.mktemp -Xclang -analyzer-disable-checker -Xclang security.insecureAPI.rand -Xclang -analyzer-disable-checker -Xclang security.insecureAPI.strcpy -Xclang -analyzer-checker -Xclang security.insecureAPI.vfork -iquote /Users/oikhlas/Library/Developer/Xcode/DerivedData/WebDriverAgent-bcmeffsllcldukgyoimwiehwhvyz/Build/Intermediates.noindex/WebDriverAgent.build/Debug-iphonesimulator/WebDriverAgentLib.build/WebDriverAgentLib-generated-files.hmap -I/Users/oikhlas/Library/Developer/Xcode/DerivedData/WebDriverAgent-bcmeffsllcldukgyoimwiehwhvyz/Build/Intermediates.noindex/WebDriverAgent.build/Debug-iphonesimulator/WebDriverAgentLib.build/WebDriverAgentLib-own-target-headers.hmap -I/Users/oikhlas/Library/Developer/Xcode/DerivedData/WebDriverAgent-bcmeffsllcldukgyoimwiehwhvyz/Build/Intermediates.noindex/WebDriverAgent.build/Debug-iphonesimulator/WebDriverAgentLib.build/WebDriverAgentLib-all-target-headers.hmap -iquote /Users/oikhlas/Library/Developer/Xcode/DerivedData/WebDriverAgent-bcmeffsllcldukgyoimwiehwhvyz/Build/Intermediates.noindex/WebDriverAgent.build/Debug-iphonesimulator/WebDriverAgentLib.build/WebDriverAgentLib-project-headers.hmap -I/Users/oikhlas/Library/Developer/Xcode/DerivedData/WebDriverAgent-bcmeffsllcldukgyoimwiehwhvyz/Build/Products/Debug-iphonesimulator/include -I/Applications/Xcode.app/Contents/Developer/Platforms/iPhoneSimulator.platform/Developer/SDKs/iPhoneSimulator16.0.sdk/usr/include/libxml2 -I/Users/oikhlas/.appium/node_modules/appium-xcuitest-driver/node_modules/appium-webdriveragent/Modules -I/Users/oikhlas/Library/Developer/Xcode/DerivedData/WebDriverAgent-bcmeffsllcldukgyoimwiehwhvyz/Build/Intermediates.noindex/WebDriverAgent.build/Debug-iphonesimulator/WebDriverAgentLib.build/DerivedSources-normal/x86_64 -I/Users/oikhlas/Library/Developer/Xcode/DerivedData/WebDriverAgent-bcmeffsllcldukgyoimwiehwhvyz/Build/Intermediates.noindex/WebDriverAgent.build/Debug-iphonesimulator/WebDriverAgentLib.build/DerivedSources/x86_64 -I/Users/oikhlas/Library/Developer/Xcode/DerivedData/WebDriverAgent-bcmeffsllcldukgyoimwiehwhvyz/Build/Intermediates.noindex/WebDriverAgent.build/Debug-iphonesimulator/WebDriverAgentLib.build/DerivedSources -Weverything -Wno-objc-missing-property-synthesis -Wno-unused-macros -Wno-disabled-macro-expansion -Wno-gnu-statement-expression -Wno-language-extension-token -Wno-overriding-method-mismatch -Wno-missing-variable-declarations -Rno-module-build -Wno-auto-import -Wno-objc-interface-ivars -Wno-documentation-unknown-command -Wno-reserved-id-macro -Wno-unused-parameter -Wno-gnu-conditional-omitted-operand -Wno-explicit-ownership-type -Wno-date-time -Wno-cast-align -Wno-cstring-format-directive -Wno-double-promotion -Wno-partial-availability -Weverything -Wno-objc-missing-property-synthesis -Wno-unused-macros -Wno-disabled-macro-expansion -Wno-gnu-statement-expression -Wno-language-extension-token -Wno-overriding-method-mismatch -Wno-missing-variable-declarations -Rno-module-build -Wno-auto-import -Wno-objc-interface-ivars -Wno-documentation-unknown-command -Wno-reserved-id-macro -Wno-unused-parameter -Wno-gnu-conditional-omitted-operand -Wno-explicit-ownership-type -Wno-date-time -Wno-cast-align -Wno-cstring-format-directive -Wno-double-promotion -Wno-partial-availability -Wno-objc-messaging-id -Wno-direct-ivar-access -Wno-cast-qual -Wno-declaration-after-statement -F/Users/oikhlas/Library/Developer/Xcode/DerivedData/WebDriverAgent-bcmeffsllcldukgyoimwiehwhvyz/Build/Products/Debug-iphonesimulator -F/Applications/Xcode.app/Contents/Developer/Platforms/iPhoneSimulator.platform/Developer/Library/Frameworks -F/Applications/Xcode.app/Contents/Developer/Platforms/iPhoneSimulator.platform/Developer/Library/PrivateFrameworks -iframework /Applications/Xcode.app/Contents/Developer/Platforms/iPhoneSimulator.platform/Developer/SDKs/iPhoneSimulator16.0.sdk/Developer/Library/Frameworks -MMD -MT dependencies -MF /Users/oikhlas/Library/Developer/Xcode/DerivedData/WebDriverAgent-bcmeffsllcldukgyoimwiehwhvyz/Build/Intermediates.noindex/WebDriverAgent.build/Debug-iphonesimulator/WebDriverAgentLib.build/StaticAnalyzer/WebDriverAgent/WebDriverAgentLib/normal/x86_64/RouteResponse.d --analyze /Users/oikhlas/.appium/node_modules/appium-xcuitest-driver/node_modules/appium-webdriveragent/WebDriverAgentLib/Vendor/RoutingHTTPServer/RouteResponse.m -o /Users/oikhlas/Library/Developer/Xcode/DerivedData/WebDriverAgent-bcmeffsllcldukgyoimwiehwhvyz/Build/Intermediates.noindex/WebDriverAgent.build/Debug-iphonesimulator/WebDriverAgentLib.build/StaticAnalyzer/WebDriverAgent/WebDriverAgentLib/normal/x86_64/RouteResponse.plist
&amp#27;[38;5;173m[Xcode]&amp#27;[0m 
&amp#27;[38;5;173m[Xcode]&amp#27;[0m 
&amp#27;[38;5;173m[Xcode]&amp#27;[0m Analyze /Users/oikhlas/.appium/node_modules/appium-xcuitest-driver/node_modules/appium-webdriveragent/WebDriverAgentLib/Vendor/RoutingHTTPServer/RouteRequest.m normal x86_64 (in target 'WebDriverAgentLib' from project 'WebDriverAgent')
&amp#27;[38;5;173m[Xcode]&amp#27;[0m     cd /Users/oikhlas/.appium/node_modules/appium-xcuitest-driver/node_modules/appium-webdriveragent
&amp#27;[38;5;173m[Xcode]&amp#27;[0m     /Applications/Xcode.app/Contents/Developer/Toolchains/XcodeDefault.xctoolchain/usr/bin/clang -x objective-c -target x86_64-apple-ios16.0-simulator -fmessage-length\=0 -fdiagnostics-show-note-include-stack -fmacro-backtrace-limit\=0 -std\=gnu99 -fobjc-arc -fmodules -gmodules -fmodules-cache-path\=/Users/oikhlas/Library/Developer/Xcode/DerivedData/WebDriverAgent-bcmeffsllcldukgyoimwiehwhvyz/ModuleCache.noindex -fmodules-prune-interval\=86400 -fmodules-prune-after\=345600 -fbuild-session-file\=/Users/oikhlas/Library/Developer/Xcode/DerivedData/WebDriverAgent-bcmeffsllcldukgyoimwiehwhvyz/ModuleCache.noindex/Session.modulevalidation -fmodules-validate-once-per-build-session -Wno-trigraphs -fpascal-strings -O0 -fno-common -Wmissing-field-initializers -Wno-missing-prototypes -Werror\=return-type -Wunreachable-code -Wquoted-include-in-framework-header -Wno-implicit-atomic-properties -Werror\=deprecated-objc-isa-usage -Wno-objc-interface-ivars -Werror\=objc-root-class -Warc-repeated-use-of-weak -Wno-arc-maybe-repeated-use-of-weak -Wimplicit-retain-self -Wduplicate-method-match -Wno-missing-braces -Wparentheses -Wswitch -Wunused-function -Wno-unused-label -Wunused-parameter -Wunused-variable -Wunused-value -Wempty-body -Wuninitialized -Wconditional-uninitialized -Wno-unknown-pragmas -pedantic -Wshadow -Wno-four-char-constants -Wconversion -Wconstant-conversion -Wint-conversion -Wbool-conversion -Wenum-conversion -Wfloat-conversion -Wnon-literal-null-conversion -Wobjc-literal-conversion -Wassign-enum -Wsign-compare -Wshorten-64-to-32 -Wpointer-sign -Wno-newline-eof -Wno-selector -Wno-strict-selector-match -Wundeclared-selector -Wdeprecated-implementations -Wno-implicit-fallthrough -DDEBUG\=1 -DOBJC_OLD_DISPATCH_PROTOTYPES\=0 -isysroot /Applications/Xcode.app/Contents/Developer/Platforms/iPhoneSimulator.platform/Developer/SDKs/iPhoneSimulator16.0.sdk -fasm-blocks -fstrict-aliasing -Wprotocol -Wdeprecated-declarations -g -Wno-sign-conversion -Winfinite-recursion -Wcomma -Wblock-capture-autoreleasing -Wstrict-prototypes -Wno-semicolon-before-method-body -fobjc-abi-version\=2 -fobjc-legacy-dispatch -D__clang_analyzer__ -Xclang -analyzer-output\=plist-multi-file -Xclang -analyzer-config -Xclang path-diagnostics-alternate\=true -Xclang -analyzer-config -Xclang report-in-main-source-file\=true -Xclang -analyzer-checker -Xclang optin.osx.cocoa.localizability.NonLocalizedStringChecker -Xclang -analyzer-checker -Xclang security.insecureAPI.UncheckedReturn -Xclang -analyzer-checker -Xclang security.insecureAPI.getpw -Xclang -analyzer-checker -Xclang security.insecureAPI.gets -Xclang -analyzer-checker -Xclang security.insecureAPI.mkstemp -Xclang -analyzer-checker -Xclang security.insecureAPI.mktemp -Xclang -analyzer-disable-checker -Xclang security.insecureAPI.rand -Xclang -analyzer-disable-checker -Xclang security.insecureAPI.strcpy -Xclang -analyzer-checker -Xclang security.insecureAPI.vfork -iquote /Users/oikhlas/Library/Developer/Xcode/DerivedData/WebDriverAgent-bcmeffsllcldukgyoimwiehwhvyz/Build/Intermediates.noindex/WebDriverAgent.build/Debug-iphonesimulator/WebDriverAgentLib.build/WebDriverAgentLib-generated-files.hmap -I/Users/oikhlas/Library/Developer/Xcode/DerivedData/WebDriverAgent-bcmeffsllcldukgyoimwiehwhvyz/Build/Intermediates.noindex/WebDriverAgent.build/Debug-iphonesimulator/WebDriverAgentLib.build/WebDriverAgentLib-own-target-headers.hmap -I/Users/oikhlas/Library/Developer/Xcode/DerivedData/WebDriverAgent-bcmeffsllcldukgyoimwiehwhvyz/Build/Intermediates.noindex/WebDriverAgent.build/Debug-iphonesimulator/WebDriverAgentLib.build/WebDriverAgentLib-all-target-headers.hmap -iquote /Users/oikhlas/Library/Developer/Xcode/DerivedData/WebDriverAgent-bcmeffsllcldukgyoimwiehwhvyz/Build/Intermediates.noindex/WebDriverAgent.build/Debug-iphonesimulator/WebDriverAgentLib.build/WebDriverAgentLib-project-headers.hmap -I/Users/oikhlas/Library/Developer/Xcode/DerivedData/WebDriverAgent-bcmeffsllcldukgyoimwiehwhvyz/Build/Products/Debug-iphonesimulator/include -I/Applications/Xcode.app/Contents/Developer/Platforms/iPhoneSimulator.platform/Developer/SDKs/iPhoneSimulator16.0.sdk/usr/include/libxml2 -I/Users/oikhlas/.appium/node_modules/appium-xcuitest-driver/node_modules/appium-webdriveragent/Modules -I/Users/oikhlas/Library/Developer/Xcode/DerivedData/WebDriverAgent-bcmeffsllcldukgyoimwiehwhvyz/Build/Intermediates.noindex/WebDriverAgent.build/Debug-iphonesimulator/WebDriverAgentLib.build/DerivedSources-normal/x86_64 -I/Users/oikhlas/Library/Developer/Xcode/DerivedData/WebDriverAgent-bcmeffsllcldukgyoimwiehwhvyz/Build/Intermediates.noindex/WebDriverAgent.build/Debug-iphonesimulator/WebDriverAgentLib.build/DerivedSources/x86_64 -I/Users/oikhlas/Library/Developer/Xcode/DerivedData/WebDriverAgent-bcmeffsllcldukgyoimwiehwhvyz/Build/Intermediates.noindex/WebDriverAgent.build/Debug-iphonesimulator/WebDriverAgentLib.build/DerivedSources -Weverything -Wno-objc-missing-property-synthesis -Wno-unused-macros -Wno-disabled-macro-expansion -Wno-gnu-statement-expression -Wno-language-extension-token -Wno-overriding-method-mismatch -Wno-missing-variable-declarations -Rno-module-build -Wno-auto-import -Wno-objc-interface-ivars -Wno-documentation-unknown-command -Wno-reserved-id-macro -Wno-unused-parameter -Wno-gnu-conditional-omitted-operand -Wno-explicit-ownership-type -Wno-date-time -Wno-cast-align -Wno-cstring-format-directive -Wno-double-promotion -Wno-partial-availability -Weverything -Wno-objc-missing-property-synthesis -Wno-unused-macros -Wno-disabled-macro-expansion -Wno-gnu-statement-expression -Wno-language-extension-token -Wno-overriding-method-mismatch -Wno-missing-variable-declarations -Rno-module-build -Wno-auto-import -Wno-objc-interface-ivars -Wno-documentation-unknown-command -Wno-reserved-id-macro -Wno-unused-parameter -Wno-gnu-conditional-omitted-operand -Wno-explicit-ownership-type -Wno-date-time -Wno-cast-align -Wno-cstring-format-directive -Wno-double-promotion -Wno-partial-availability -Wno-objc-messaging-id -Wno-direct-ivar-access -Wno-cast-qual -Wno-declaration-after-statement -F/Users/oikhlas/Library/Developer/Xcode/DerivedData/WebDriverAgent-bcmeffsllcldukgyoimwiehwhvyz/Build/Products/Debug-iphonesimulator -F/Applications/Xcode.app/Contents/Developer/Platforms/iPhoneSimulator.platform/Developer/Library/Frameworks -F/Applications/Xcode.app/Contents/Developer/Platforms/iPhoneSimulator.platform/Developer/Library/PrivateFrameworks -iframework /Applications/Xcode.app/Contents/Developer/Platforms/iPhoneSimulator.platform/Developer/SDKs/iPhoneSimulator16.0.sdk/Developer/Library/Frameworks -MMD -MT dependencies -MF /Users/oikhlas/Library/Developer/Xcode/DerivedData/WebDriverAgent-bcmeffsllcldukgyoimwiehwhvyz/Build/Intermediates.noindex/WebDriverAgent.build/Debug-iphonesimulator/WebDriverAgentLib.build/StaticAnalyzer/WebDriverAgent/WebDriverAgentLib/normal/x86_64/RouteRequest.d --analyze /Users/oikhlas/.appium/node_modules/appium-xcuitest-driver/node_modules/appium-webdriveragent/WebDriverAgentLib/Vendor/RoutingHTTPServer/RouteRequest.m -o /Users/oikhlas/Library/Developer/Xcode/DerivedData/WebDriverAgent-bcmeffsllcldukgyoimwiehwhvyz/Build/Intermediates.noindex/WebDriverAgent.build/Debug-iphonesimulator/WebDriverAgentLib.build/StaticAnalyzer/WebDriverAgent/WebDriverAgentLib/normal/x86_64/RouteRequest.plist
&amp#27;[38;5;173m[Xcode]&amp#27;[0m 
&amp#27;[38;5;173m[Xcode]&amp#27;[0m 
&amp#27;[38;5;173m[Xcode]&amp#27;[0m Analyze /Users/oikhlas/.appium/node_modules/appium-xcuitest-driver/node_modules/appium-webdriveragent/WebDriverAgentLib/Vendor/RoutingHTTPServer/Route.m normal x86_64 (in target 'WebDriverAgentLib' from project 'WebDriverAgent')
&amp#27;[38;5;173m[Xcode]&amp#27;[0m     cd /Users/oikhlas/.appium/node_modules/appium-xcuitest-driver/node_modules/appium-webdriveragent
&amp#27;[38;5;173m[Xcode]&amp#27;[0m     /Applications/Xcode.app/Contents/Developer/Toolchains/XcodeDefault.xctoolchain/usr/bin/clang -x objective-c -target x86_64-apple-ios16.0-simulator -fmessage-length\=0 -fdiagnostics-show-note-include-stack -fmacro-backtrace-limit\=0 -std\=gnu99 -fobjc-arc -fmodules -gmodules -fmodules-cache-path\=/Users/oikhlas/Library/Developer/Xcode/DerivedData/WebDriverAgent-bcmeffsllcldukgyoimwiehwhvyz/ModuleCache.noindex -fmodules-prune-interval\=86400 -fmodules-prune-after\=345600 -fbuild-session-file\=/Users/oikhlas/Library/Developer/Xcode/DerivedData/WebDriverAgent-bcmeffsllcldukgyoimwiehwhvyz/ModuleCache.noindex/Session.modulevalidation -fmodules-validate-once-per-build-session -Wno-trigraphs -fpascal-strings -O0 -fno-common -Wmissing-field-initializers -Wno-missing-prototypes -Werror\=return-type -Wunreachable-code -Wquoted-include-in-framework-header -Wno-implicit-atomic-properties -Werror\=deprecated-objc-isa-usage -Wno-objc-interface-ivars -Werror\=objc-root-class -Warc-repeated-use-of-weak -Wno-arc-maybe-repeated-use-of-weak -Wimplicit-retain-self -Wduplicate-method-match -Wno-missing-braces -Wparentheses -Wswitch -Wunused-function -Wno-unused-label -Wunused-parameter -Wunused-variable -Wunused-value -Wempty-body -Wuninitialized -Wconditional-uninitialized -Wno-unknown-pragmas -pedantic -Wshadow -Wno-four-char-constants -Wconversion -Wconstant-conversion -Wint-conversion -Wbool-conversion -Wenum-conversion -Wfloat-conversion -Wnon-literal-null-conversion -Wobjc-literal-conversion -Wassign-enum -Wsign-compare -Wshorten-64-to-32 -Wpointer-sign -Wno-newline-eof -Wno-selector -Wno-strict-selector-match -Wundeclared-selector -Wdeprecated-implementations -Wno-implicit-fallthrough -DDEBUG\=1 -DOBJC_OLD_DISPATCH_PROTOTYPES\=0 -isysroot /Applications/Xcode.app/Contents/Developer/Platforms/iPhoneSimulator.platform/Developer/SDKs/iPhoneSimulator16.0.sdk -fasm-blocks -fstrict-aliasing -Wprotocol -Wdeprecated-declarations -g -Wno-sign-conversion -Winfinite-recursion -Wcomma -Wblock-capture-autoreleasing -Wstrict-prototypes -Wno-semicolon-before-method-body -fobjc-abi-version\=2 -fobjc-legacy-dispatch -D__clang_analyzer__ -Xclang -analyzer-output\=plist-multi-file -Xclang -analyzer-config -Xclang path-diagnostics-alternate\=true -Xclang -analyzer-config -Xclang report-in-main-source-file\=true -Xclang -analyzer-checker -Xclang optin.osx.cocoa.localizability.NonLocalizedStringChecker -Xclang -analyzer-checker -Xclang security.insecureAPI.UncheckedReturn -Xclang -analyzer-checker -Xclang security.insecureAPI.getpw -Xclang -analyzer-checker -Xclang security.insecureAPI.gets -Xclang -analyzer-checker -Xclang security.insecureAPI.mkstemp -Xclang -analyzer-checker -Xclang security.insecureAPI.mktemp -Xclang -analyzer-disable-checker -Xclang security.insecureAPI.rand -Xclang -analyzer-disable-checker -Xclang security.insecureAPI.strcpy -Xclang -analyzer-checker -Xclang security.insecureAPI.vfork -iquote /Users/oikhlas/Library/Developer/Xcode/DerivedData/WebDriverAgent-bcmeffsllcldukgyoimwiehwhvyz/Build/Intermediates.noindex/WebDriverAgent.build/Debug-iphonesimulator/WebDriverAgentLib.build/WebDriverAgentLib-generated-files.hmap -I/Users/oikhlas/Library/Developer/Xcode/DerivedData/WebDriverAgent-bcmeffsllcldukgyoimwiehwhvyz/Build/Intermediates.noindex/WebDriverAgent.build/Debug-iphonesimulator/WebDriverAgentLib.build/WebDriverAgentLib-own-target-headers.hmap -I/Users/oikhlas/Library/Developer/Xcode/DerivedData/WebDriverAgent-bcmeffsllcldukgyoimwiehwhvyz/Build/Intermediates.noindex/WebDriverAgent.build/Debug-iphonesimulator/WebDriverAgentLib.build/WebDriverAgentLib-all-target-headers.hmap -iquote /Users/oikhlas/Library/Developer/Xcode/DerivedData/WebDriverAgent-bcmeffsllcldukgyoimwiehwhvyz/Build/Intermediates.noindex/WebDriverAgent.build/Debug-iphonesimulator/WebDriverAgentLib.build/WebDriverAgentLib-project-headers.hmap -I/Users/oikhlas/Library/Developer/Xcode/DerivedData/WebDriverAgent-bcmeffsllcldukgyoimwiehwhvyz/Build/Products/Debug-iphonesimulator/include -I/Applications/Xcode.app/Contents/Developer/Platforms/iPhoneSimulator.platform/Developer/SDKs/iPhoneSimulator16.0.sdk/usr/include/libxml2 -I/Users/oikhlas/.appium/node_modules/appium-xcuitest-driver/node_modules/appium-webdriveragent/Modules -I/Users/oikhlas/Library/Developer/Xcode/DerivedData/WebDriverAgent-bcmeffsllcldukgyoimwiehwhvyz/Build/Intermediates.noindex/WebDriverAgent.build/Debug-iphonesimulator/WebDriverAgentLib.build/DerivedSources-normal/x86_64 -I/Users/oikhlas/Library/Developer/Xcode/DerivedData/WebDriverAgent-bcmeffsllcldukgyoimwiehwhvyz/Build/Intermediates.noindex/WebDriverAgent.build/Debug-iphonesimulator/WebDriverAgentLib.build/DerivedSources/x86_64 -I/Users/oikhlas/Library/Developer/Xcode/DerivedData/WebDriverAgent-bcmeffsllcldukgyoimwiehwhvyz/Build/Intermediates.noindex/WebDriverAgent.build/Debug-iphonesimulator/WebDriverAgentLib.build/DerivedSources -Weverything -Wno-objc-missing-property-synthesis -Wno-unused-macros -Wno-disabled-macro-expansion -Wno-gnu-statement-expression -Wno-language-extension-token -Wno-overriding-method-mismatch -Wno-missing-variable-declarations -Rno-module-build -Wno-auto-import -Wno-objc-interface-ivars -Wno-documentation-unknown-command -Wno-reserved-id-macro -Wno-unused-parameter -Wno-gnu-conditional-omitted-operand -Wno-explicit-ownership-type -Wno-date-time -Wno-cast-align -Wno-cstring-format-directive -Wno-double-promotion -Wno-partial-availability -Weverything -Wno-objc-missing-property-synthesis -Wno-unused-macros -Wno-disabled-macro-expansion -Wno-gnu-statement-expression -Wno-language-extension-token -Wno-overriding-method-mismatch -Wno-missing-variable-declarations -Rno-module-build -Wno-auto-import -Wno-objc-interface-ivars -Wno-documentation-unknown-command -Wno-reserved-id-macro -Wno-unused-parameter -Wno-gnu-conditional-omitted-operand -Wno-explicit-ownership-type -Wno-date-time -Wno-cast-align -Wno-cstring-format-directive -Wno-double-promotion -Wno-partial-availability -Wno-objc-messaging-id -Wno-direct-ivar-access -Wno-cast-qual -Wno-declaration-after-statement -F/Users/oikhlas/Library/Developer/Xcode/DerivedData/WebDriverAgent-bcmeffsllcldukgyoimwiehwhvyz/Build/Products/Debug-iphonesimulator -F/Applications/Xcode.app/Contents/Developer/Platforms/iPhoneSimulator.platform/Developer/Library/Frameworks -F/Applications/Xcode.app/Contents/Developer/Platforms/iPhoneSimulator.platform/Developer/Library/PrivateFrameworks -iframework /Applications/Xcode.app/Contents/Developer/Platforms/iPhoneSimulator.platform/Developer/SDKs/iPhoneSimulator16.0.sdk/Developer/Library/Frameworks -MMD -MT dependencies -MF /Users/oikhlas/Library/Developer/Xcode/DerivedData/WebDriverAgent-bcmeffsllcldukgyoimwiehwhvyz/Build/Intermediates.noindex/WebDriverAgent.build/Debug-iphonesimulator/WebDriverAgentLib.build/StaticAnalyzer/WebDriverAgent/WebDriverAgentLib/normal/x86_64/Route.d --analyze /Users/oikhlas/.appium/node_modules/appium-xcuitest-driver/node_modules/appium-webdriveragent/WebDriverAgentLib/Vendor/RoutingHTTPServer/Route.m -o /Users/oikhlas/Library/Developer/Xcode/DerivedData/WebDriverAgent-bcmeffsllcldukgyoimwiehwhvyz/Build/Intermediates.noindex/WebDriverAgent.build/Debug-iphonesimulator/WebDriverAgentLib.build/StaticAnalyzer/WebDriverAgent/WebDriverAgentLib/normal/x86_64/Route.plist
&amp#27;[38;5;173m[Xcode]&amp#27;[0m 
&amp#27;[38;5;173m[Xcode]&amp#27;[0m 
&amp#27;[38;5;173m[Xcode]&amp#27;[0m Analyze /Users/oikhlas/.appium/node_modules/appium-xcuitest-driver/node_modules/appium-webdriveragent/WebDriverAgentLib/Vendor/RoutingHTTPServer/HTTPResponseProxy.m normal x86_64 (in target 'WebDriverAgentLib' from project 'WebDriverAgent')
&amp#27;[38;5;173m[Xcode]&amp#27;[0m     cd /Users/oikhlas/.appium/node_modules/appium-xcuitest-driver/node_modules/appium-webdriveragent
&amp#27;[38;5;173m[Xcode]&amp#27;[0m     /Applications/Xcode.app/Contents/Developer/Toolchains/XcodeDefault.xctoolchain/usr/bin/clang -x objective-c -target x86_64-apple-ios16.0-simulator -fmessage-length\=0 -fdiagnostics-show-note-include-stack -fmacro-backtrace-limit\=0 -std\=gnu99 -fobjc-arc -fmodules -gmodules -fmodules-cache-path\=/Users/oikhlas/Library/Developer/Xcode/DerivedData/WebDriverAgent-bcmeffsllcldukgyoimwiehwhvyz/ModuleCache.noindex -fmodules-prune-interval\=86400 -fmodules-prune-after\=345600 -fbuild-session-file\=/Users/oikhlas/Library/Developer/Xcode/DerivedData/WebDriverAgent-bcmeffsllcldukgyoimwiehwhvyz/ModuleCache.noindex/Session.modulevalidation -fmodules-validate-once-per-build-session -Wno-trigraphs -fpascal-strings -O0 -fno-common -Wmissing-field-initializers -Wno-missing-prototypes -Werror\=return-type -Wunreachable-code -Wquoted-include-in-framework-header -Wno-implicit-atomic-properties -Werror\=deprecated-objc-isa-usage -Wno-objc-interface-ivars -Werror\=objc-root-class -Warc-repeated-use-of-weak -Wno-arc-maybe-repeated-use-of-weak -Wimplicit-retain-self -Wduplicate-method-match -Wno-missing-braces -Wparentheses -Wswitch -Wunused-function -Wno-unused-label -Wunused-parameter -Wunused-variable -Wunused-value -Wempty-body -Wuninitialized -Wconditional-uninitialized -Wno-unknown-pragmas -pedantic -Wshadow -Wno-four-char-constants -Wconversion -Wconstant-conversion -Wint-conversion -Wbool-conversion -Wenum-conversion -Wfloat-conversion -Wnon-literal-null-conversion -Wobjc-literal-conversion -Wassign-enum -Wsign-compare -Wshorten-64-to-32 -Wpointer-sign -Wno-newline-eof -Wno-selector -Wno-strict-selector-match -Wundeclared-selector -Wdeprecated-implementations -Wno-implicit-fallthrough -DDEBUG\=1 -DOBJC_OLD_DISPATCH_PROTOTYPES\=0 -isysroot /Applications/Xcode.app/Contents/Developer/Platforms/iPhoneSimulator.platform/Developer/SDKs/iPhoneSimulator16.0.sdk -fasm-blocks -fstrict-aliasing -Wprotocol -Wdeprecated-declarations -g -Wno-sign-conversion -Winfinite-recursion -Wcomma -Wblock-capture-autoreleasing -Wstrict-prototypes -Wno-semicolon-before-method-body -fobjc-abi-version\=2 -fobjc-legacy-dispatch -D__clang_analyzer__ -Xclang -analyzer-output\=plist-multi-file -Xclang -analyzer-config -Xclang path-diagnostics-alternate\=true -Xclang -analyzer-config -Xclang report-in-main-source-file\=true -Xclang -analyzer-checker -Xclang optin.osx.cocoa.localizability.NonLocalizedStringChecker -Xclang -analyzer-checker -Xclang security.insecureAPI.UncheckedReturn -Xclang -analyzer-checker -Xclang security.insecureAPI.getpw -Xclang -analyzer-checker -Xclang security.insecureAPI.gets -Xclang -analyzer-checker -Xclang security.insecureAPI.mkstemp -Xclang -analyzer-checker -Xclang security.insecureAPI.mktemp -Xclang -analyzer-disable-checker -Xclang security.insecureAPI.rand -Xclang -analyzer-disable-checker -Xclang security.insecureAPI.strcpy -Xclang -analyzer-checker -Xclang security.insecureAPI.vfork -iquote /Users/oikhlas/Library/Developer/Xcode/DerivedData/WebDriverAgent-bcmeffsllcldukgyoimwiehwhvyz/Build/Intermediates.noindex/WebDriverAgent.build/Debug-iphonesimulator/WebDriverAgentLib.build/WebDriverAgentLib-generated-files.hmap -I/Users/oikhlas/Library/Developer/Xcode/DerivedData/WebDriverAgent-bcmeffsllcldukgyoimwiehwhvyz/Build/Intermediates.noindex/WebDriverAgent.build/Debug-iphonesimulator/WebDriverAgentLib.build/WebDriverAgentLib-own-target-headers.hmap -I/Users/oikhlas/Library/Developer/Xcode/DerivedData/WebDriverAgent-bcmeffsllcldukgyoimwiehwhvyz/Build/Intermediates.noindex/WebDriverAgent.build/Debug-iphonesimulator/WebDriverAgentLib.build/WebDriverAgentLib-all-target-headers.hmap -iquote /Users/oikhlas/Library/Developer/Xcode/DerivedData/WebDriverAgent-bcmeffsllcldukgyoimwiehwhvyz/Build/Intermediates.noindex/WebDriverAgent.build/Debug-iphonesimulator/WebDriverAgentLib.build/WebDriverAgentLib-project-headers.hmap -I/Users/oikhlas/Library/Developer/Xcode/DerivedData/WebDriverAgent-bcmeffsllcldukgyoimwiehwhvyz/Build/Products/Debug-iphonesimulator/include -I/Applications/Xcode.app/Contents/Developer/Platforms/iPhoneSimulator.platform/Developer/SDKs/iPhoneSimulator16.0.sdk/usr/include/libxml2 -I/Users/oikhlas/.appium/node_modules/appium-xcuitest-driver/node_modules/appium-webdriveragent/Modules -I/Users/oikhlas/Library/Developer/Xcode/DerivedData/WebDriverAgent-bcmeffsllcldukgyoimwiehwhvyz/Build/Intermediates.noindex/WebDriverAgent.build/Debug-iphonesimulator/WebDriverAgentLib.build/DerivedSources-normal/x86_64 -I/Users/oikhlas/Library/Developer/Xcode/DerivedData/WebDriverAgent-bcmeffsllcldukgyoimwiehwhvyz/Build/Intermediates.noindex/WebDriverAgent.build/Debug-iphonesimulator/WebDriverAgentLib.build/DerivedSources/x86_64 -I/Users/oikhlas/Library/Developer/Xcode/DerivedData/WebDriverAgent-bcmeffsllcldukgyoimwiehwhvyz/Build/Intermediates.noindex/WebDriverAgent.build/Debug-iphonesimulator/WebDriverAgentLib.build/DerivedSources -Weverything -Wno-objc-missing-property-synthesis -Wno-unused-macros -Wno-disabled-macro-expansion -Wno-gnu-statement-expression -Wno-language-extension-token -Wno-overriding-method-mismatch -Wno-missing-variable-declarations -Rno-module-build -Wno-auto-import -Wno-objc-interface-ivars -Wno-documentation-unknown-command -Wno-reserved-id-macro -Wno-unused-parameter -Wno-gnu-conditional-omitted-operand -Wno-explicit-ownership-type -Wno-date-time -Wno-cast-align -Wno-cstring-format-directive -Wno-double-promotion -Wno-partial-availability -Weverything -Wno-objc-missing-property-synthesis -Wno-unused-macros -Wno-disabled-macro-expansion -Wno-gnu-statement-expression -Wno-language-extension-token -Wno-overriding-method-mismatch -Wno-missing-variable-declarations -Rno-module-build -Wno-auto-import -Wno-objc-interface-ivars -Wno-documentation-unknown-command -Wno-reserved-id-macro -Wno-unused-parameter -Wno-gnu-conditional-omitted-operand -Wno-explicit-ownership-type -Wno-date-time -Wno-cast-align -Wno-cstring-format-directive -Wno-double-promotion -Wno-partial-availability -Wno-objc-messaging-id -Wno-direct-ivar-access -Wno-cast-qual -Wno-declaration-after-statement -F/Users/oikhlas/Library/Developer/Xcode/DerivedData/WebDriverAgent-bcmeffsllcldukgyoimwiehwhvyz/Build/Products/Debug-iphonesimulator -F/Applications/Xcode.app/Contents/Developer/Platforms/iPhoneSimulator.platform/Developer/Library/Frameworks -F/Applications/Xcode.app/Contents/Developer/Platforms/iPhoneSimulator.platform/Developer/Library/PrivateFrameworks -iframework /Applications/Xcode.app/Contents/Developer/Platforms/iPhoneSimulator.platform/Developer/SDKs/iPhoneSimulator16.0.sdk/Developer/Library/Frameworks -MMD -MT dependencies -MF /Users/oikhlas/Library/Developer/Xcode/DerivedData/WebDriverAgent-bcmeffsllcldukgyoimwiehwhvyz/Build/Intermediates.noindex/WebDriverAgent.build/Debug-iphonesimulator/WebDriverAgentLib.build/StaticAnalyzer/WebDriverAgent/WebDriverAgentLib/normal/x86_64/HTTPResponseProxy.d --analyze /Users/oikhlas/.appium/node_modules/appium-xcuitest-driver/node_modules/appium-webdriveragent/WebDriverAgentLib/Vendor/RoutingHTTPServer/HTTPResponseProxy.m -o /Users/oikhlas/Library/Developer/Xcode/DerivedData/WebDriverAgent-bcmeffsllcldukgyoimwiehwhvyz/Build/Intermediates.noindex/WebDriverAgent.build/Debug-iphonesimulator/WebDriverAgentLib.build/StaticAnalyzer/WebDriverAgent/WebDriverAgentLib/normal/x86_64/HTTPResponseProxy.plist
&amp#27;[38;5;173m[Xcode]&amp#27;[0m 
&amp#27;[38;5;173m[Xcode]&amp#27;[0m 
&amp#27;[38;5;173m[Xcode]&amp#27;[0m Analyze /Users/oikhlas/.appium/node_modules/appium-xcuitest-driver/node_modules/appium-webdriveragent/WebDriverAgentLib/Vendor/CocoaHTTPServer/Responses/HTTPErrorResponse.m normal x86_64 (in target 'WebDriverAgentLib' from project 'WebDriverAgent')
&amp#27;[38;5;173m[Xcode]&amp#27;[0m     cd /Users/oikhlas/.appium/node_modules/appium-xcuitest-driver/node_modules/appium-webdriveragent
&amp#27;[38;5;173m[Xcode]&amp#27;[0m     /Applications/Xcode.app/Contents/Developer/Toolchains/XcodeDefault.xctoolchain/usr/bin/clang -x objective-c -target x86_64-apple-ios16.0-simulator -fmessage-length\=0 -fdiagnostics-show-note-include-stack -fmacro-backtrace-limit\=0 -std\=gnu99 -fobjc-arc -fmodules -gmodules -fmodules-cache-path\=/Users/oikhlas/Library/Developer/Xcode/DerivedData/WebDriverAgent-bcmeffsllcldukgyoimwiehwhvyz/ModuleCache.noindex -fmodules-prune-interval\=86400 -fmodules-prune-after\=345600 -fbuild-session-file\=/Users/oikhlas/Library/Developer/Xcode/DerivedData/WebDriverAgent-bcmeffsllcldukgyoimwiehwhvyz/ModuleCache.noindex/Session.modulevalidation -fmodules-validate-once-per-build-session -Wno-trigraphs -fpascal-strings -O0 -fno-common -Wmissing-field-initializers -Wno-missing-prototypes -Werror\=return-type -Wunreachable-code -Wquoted-include-in-framework-header -Wno-implicit-atomic-properties -Werror\=deprecated-objc-isa-usage -Wno-objc-interface-ivars -Werror\=objc-root-class -Warc-repeated-use-of-weak -Wno-arc-maybe-repeated-use-of-weak -Wimplicit-retain-self -Wduplicate-method-match -Wno-missing-braces -Wparentheses -Wswitch -Wunused-function -Wno-unused-label -Wunused-parameter -Wunused-variable -Wunused-value -Wempty-body -Wuninitialized -Wconditional-uninitialized -Wno-unknown-pragmas -pedantic -Wshadow -Wno-four-char-constants -Wconversion -Wconstant-conversion -Wint-conversion -Wbool-conversion -Wenum-conversion -Wfloat-conversion -Wnon-literal-null-conversion -Wobjc-literal-conversion -Wassign-enum -Wsign-compare -Wshorten-64-to-32 -Wpointer-sign -Wno-newline-eof -Wno-selector -Wno-strict-selector-match -Wundeclared-selector -Wdeprecated-implementations -Wno-implicit-fallthrough -DDEBUG\=1 -DOBJC_OLD_DISPATCH_PROTOTYPES\=0 -isysroot /Applications/Xcode.app/Contents/Developer/Platforms/iPhoneSimulator.platform/Developer/SDKs/iPhoneSimulator16.0.sdk -fasm-blocks -fstrict-aliasing -Wprotocol -Wdeprecated-declarations -g -Wno-sign-conversion -Winfinite-recursion -Wcomma -Wblock-capture-autoreleasing -Wstrict-prototypes -Wno-semicolon-before-method-body -fobjc-abi-version\=2 -fobjc-legacy-dispatch -D__clang_analyzer__ -Xclang -analyzer-output\=plist-multi-file -Xclang -analyzer-config -Xclang path-diagnostics-alternate\=true -Xclang -analyzer-config -Xclang report-in-main-source-file\=true -Xclang -analyzer-checker -Xclang optin.osx.cocoa.localizability.NonLocalizedStringChecker -Xclang -analyzer-checker -Xclang security.insecureAPI.UncheckedReturn -Xclang -analyzer-checker -Xclang security.insecureAPI.getpw -Xclang -analyzer-checker -Xclang security.insecureAPI.gets -Xclang -analyzer-checker -Xclang security.insecureAPI.mkstemp -Xclang -analyzer-checker -Xclang security.insecureAPI.mktemp -Xclang -analyzer-disable-checker -Xclang security.insecureAPI.rand -Xclang -analyzer-disable-checker -Xclang security.insecureAPI.strcpy -Xclang -analyzer-checker -Xclang security.insecureAPI.vfork -iquote /Users/oikhlas/Library/Developer/Xcode/DerivedData/WebDriverAgent-bcmeffsllcldukgyoimwiehwhvyz/Build/Intermediates.noindex/WebDriverAgent.build/Debug-iphonesimulator/WebDriverAgentLib.build/WebDriverAgentLib-generated-files.hmap -I/Users/oikhlas/Library/Developer/Xcode/DerivedData/WebDriverAgent-bcmeffsllcldukgyoimwiehwhvyz/Build/Intermediates.noindex/WebDriverAgent.build/Debug-iphonesimulator/WebDriverAgentLib.build/WebDriverAgentLib-own-target-headers.hmap -I/Users/oikhlas/Library/Developer/Xcode/DerivedData/WebDriverAgent-bcmeffsllcldukgyoimwiehwhvyz/Build/Intermediates.noindex/WebDriverAgent.build/Debug-iphonesimulator/WebDriverAgentLib.build/WebDriverAgentLib-all-target-headers.hmap -iquote /Users/oikhlas/Library/Developer/Xcode/DerivedData/WebDriverAgent-bcmeffsllcldukgyoimwiehwhvyz/Build/Intermediates.noindex/WebDriverAgent.build/Debug-iphonesimulator/WebDriverAgentLib.build/WebDriverAgentLib-project-headers.hmap -I/Users/oikhlas/Library/Developer/Xcode/DerivedData/WebDriverAgent-bcmeffsllcldukgyoimwiehwhvyz/Build/Products/Debug-iphonesimulator/include -I/Applications/Xcode.app/Contents/Developer/Platforms/iPhoneSimulator.platform/Developer/SDKs/iPhoneSimulator16.0.sdk/usr/include/libxml2 -I/Users/oikhlas/.appium/node_modules/appium-xcuitest-driver/node_modules/appium-webdriveragent/Modules -I/Users/oikhlas/Library/Developer/Xcode/DerivedData/WebDriverAgent-bcmeffsllcldukgyoimwiehwhvyz/Build/Intermediates.noindex/WebDriverAgent.build/Debug-iphonesimulator/WebDriverAgentLib.build/DerivedSources-normal/x86_64 -I/Users/oikhlas/Library/Developer/Xcode/DerivedData/WebDriverAgent-bcmeffsllcldukgyoimwiehwhvyz/Build/Intermediates.noindex/WebDriverAgent.build/Debug-iphonesimulator/WebDriverAgentLib.build/DerivedSources/x86_64 -I/Users/oikhlas/Library/Developer/Xcode/DerivedData/WebDriverAgent-bcmeffsllcldukgyoimwiehwhvyz/Build/Intermediates.noindex/WebDriverAgent.build/Debug-iphonesimulator/WebDriverAgentLib.build/DerivedSources -Weverything -Wno-objc-missing-property-synthesis -Wno-unused-macros -Wno-disabled-macro-expansion -Wno-gnu-statement-expression -Wno-language-extension-token -Wno-overriding-method-mismatch -Wno-missing-variable-declarations -Rno-module-build -Wno-auto-import -Wno-objc-interface-ivars -Wno-documentation-unknown-command -Wno-reserved-id-macro -Wno-unused-parameter -Wno-gnu-conditional-omitted-operand -Wno-explicit-ownership-type -Wno-date-time -Wno-cast-align -Wno-cstring-format-directive -Wno-double-promotion -Wno-partial-availability -Weverything -Wno-objc-missing-property-synthesis -Wno-unused-macros -Wno-disabled-macro-expansion -Wno-gnu-statement-expression -Wno-language-extension-token -Wno-overriding-method-mismatch -Wno-missing-variable-declarations -Rno-module-build -Wno-auto-import -Wno-objc-interface-ivars -Wno-documentation-unknown-command -Wno-reserved-id-macro -Wno-unused-parameter -Wno-gnu-conditional-omitted-operand -Wno-explicit-ownership-type -Wno-date-time -Wno-cast-align -Wno-cstring-format-directive -Wno-double-promotion -Wno-partial-availability -Wno-objc-messaging-id -Wno-direct-ivar-access -Wno-cast-qual -Wno-declaration-after-statement -F/Users/oikhlas/Library/Developer/Xcode/DerivedData/WebDriverAgent-bcmeffsllcldukgyoimwiehwhvyz/Build/Products/Debug-iphonesimulator -F/Applications/Xcode.app/Contents/Developer/Platforms/iPhoneSimulator.platform/Developer/Library/Frameworks -F/Applications/Xcode.app/Contents/Developer/Platforms/iPhoneSimulator.platform/Developer/Library/PrivateFrameworks -iframework /Applications/Xcode.app/Contents/Developer/Platforms/iPhoneSimulator.platform/Developer/SDKs/iPhoneSimulator16.0.sdk/Developer/Library/Frameworks -MMD -MT dependencies -MF /Users/oikhlas/Library/Developer/Xcode/DerivedData/WebDriverAgent-bcmeffsllcldukgyoimwiehwhvyz/Build/Intermediates.noindex/WebDriverAgent.build/Debug-iphonesimulator/WebDriverAgentLib.build/StaticAnalyzer/WebDriverAgent/WebDriverAgentLib/normal/x86_64/HTTPErrorResponse.d --analyze /Users/oikhlas/.appium/node_modules/appium-xcuitest-driver/node_modules/appium-webdriveragent/WebDriverAgentLib/Vendor/CocoaHTTPServer/Responses/HTTPErrorResponse.m -o /Users/oikhlas/Library/Developer/Xcode/DerivedData/WebDriverAgent-bcmeffsllcldukgyoimwiehwhvyz/Build/Intermediates.noindex/WebDriverAgent.build/Debug-iphonesimulator/WebDriverAgentLib.build/StaticAnalyzer/WebDriverAgent/WebDriverAgentLib/normal/x86_64/HTTPErrorResponse.plist
&amp#27;[38;5;173m[Xcode]&amp#27;[0m 
&amp#27;[38;5;173m[Xcode]&amp#27;[0m 
&amp#27;[38;5;173m[Xcode]&amp#27;[0m Analyze /Users/oikhlas/.appium/node_modules/appium-xcuitest-driver/node_modules/appium-webdriveragent/WebDriverAgentLib/Vendor/CocoaHTTPServer/Responses/HTTPDataResponse.m normal x86_64 (in target 'WebDriverAgentLib' from project 'WebDriverAgent')
&amp#27;[38;5;173m[Xcode]&amp#27;[0m     cd /Users/oikhlas/.appium/node_modules/appium-xcuitest-driver/node_modules/appium-webdriveragent
&amp#27;[38;5;173m[Xcode]&amp#27;[0m     /Applications/Xcode.app/Contents/Developer/Toolchains/XcodeDefault.xctoolchain/usr/bin/clang -x objective-c -target x86_64-apple-ios16.0-simulator -fmessage-length\=0 -fdiagnostics-show-note-include-stack -fmacro-backtrace-limit\=0 -std\=gnu99 -fobjc-arc -fmodules -gmodules -fmodules-cache-path\=/Users/oikhlas/Library/Developer/Xcode/DerivedData/WebDriverAgent-bcmeffsllcldukgyoimwiehwhvyz/ModuleCache.noindex -fmodules-prune-interval\=86400 -fmodules-prune-after\=345600 -fbuild-session-file\=/Users/oikhlas/Library/Developer/Xcode/DerivedData/WebDriverAgent-bcmeffsllcldukgyoimwiehwhvyz/ModuleCache.noindex/Session.modulevalidation -fmodules-validate-once-per-build-session -Wno-trigraphs -fpascal-strings -O0 -fno-common -Wmissing-field-initializers -Wno-missing-prototypes -Werror\=return-type -Wunreachable-code -Wquoted-include-in-framework-header -Wno-implicit-atomic-properties -Werror\=deprecated-objc-isa-usage -Wno-objc-interface-ivars -Werror\=objc-root-class -Warc-repeated-use-of-weak -Wno-arc-maybe-repeated-use-of-weak -Wimplicit-retain-self -Wduplicate-method-match -Wno-missing-braces -Wparentheses -Wswitch -Wunused-function -Wno-unused-label -Wunused-parameter -Wunused-variable -Wunused-value -Wempty-body -Wuninitialized -Wconditional-uninitialized -Wno-unknown-pragmas -pedantic -Wshadow -Wno-four-char-constants -Wconversion -Wconstant-conversion -Wint-conversion -Wbool-conversion -Wenum-conversion -Wfloat-conversion -Wnon-literal-null-conversion -Wobjc-literal-conversion -Wassign-enum -Wsign-compare -Wshorten-64-to-32 -Wpointer-sign -Wno-newline-eof -Wno-selector -Wno-strict-selector-match -Wundeclared-selector -Wdeprecated-implementations -Wno-implicit-fallthrough -DDEBUG\=1 -DOBJC_OLD_DISPATCH_PROTOTYPES\=0 -isysroot /Applications/Xcode.app/Contents/Developer/Platforms/iPhoneSimulator.platform/Developer/SDKs/iPhoneSimulator16.0.sdk -fasm-blocks -fstrict-aliasing -Wprotocol -Wdeprecated-declarations -g -Wno-sign-conversion -Winfinite-recursion -Wcomma -Wblock-capture-autoreleasing -Wstrict-prototypes -Wno-semicolon-before-method-body -fobjc-abi-version\=2 -fobjc-legacy-dispatch -D__clang_analyzer__ -Xclang -analyzer-output\=plist-multi-file -Xclang -analyzer-config -Xclang path-diagnostics-alternate\=true -Xclang -analyzer-config -Xclang report-in-main-source-file\=true -Xclang -analyzer-checker -Xclang optin.osx.cocoa.localizability.NonLocalizedStringChecker -Xclang -analyzer-checker -Xclang security.insecureAPI.UncheckedReturn -Xclang -analyzer-checker -Xclang security.insecureAPI.getpw -Xclang -analyzer-checker -Xclang security.insecureAPI.gets -Xclang -analyzer-checker -Xclang security.insecureAPI.mkstemp -Xclang -analyzer-checker -Xclang security.insecureAPI.mktemp -Xclang -analyzer-disable-checker -Xclang security.insecureAPI.rand -Xclang -analyzer-disable-checker -Xclang security.insecureAPI.strcpy -Xclang -analyzer-checker -Xclang security.insecureAPI.vfork -iquote /Users/oikhlas/Library/Developer/Xcode/DerivedData/WebDriverAgent-bcmeffsllcldukgyoimwiehwhvyz/Build/Intermediates.noindex/WebDriverAgent.build/Debug-iphonesimulator/WebDriverAgentLib.build/WebDriverAgentLib-generated-files.hmap -I/Users/oikhlas/Library/Developer/Xcode/DerivedData/WebDriverAgent-bcmeffsllcldukgyoimwiehwhvyz/Build/Intermediates.noindex/WebDriverAgent.build/Debug-iphonesimulator/WebDriverAgentLib.build/WebDriverAgentLib-own-target-headers.hmap -I/Users/oikhlas/Library/Developer/Xcode/DerivedData/WebDriverAgent-bcmeffsllcldukgyoimwiehwhvyz/Build/Intermediates.noindex/WebDriverAgent.build/Debug-iphonesimulator/WebDriverAgentLib.build/WebDriverAgentLib-all-target-headers.hmap -iquote /Users/oikhlas/Library/Developer/Xcode/DerivedData/WebDriverAgent-bcmeffsllcldukgyoimwiehwhvyz/Build/Intermediates.noindex/WebDriverAgent.build/Debug-iphonesimulator/WebDriverAgentLib.build/WebDriverAgentLib-project-headers.hmap -I/Users/oikhlas/Library/Developer/Xcode/DerivedData/WebDriverAgent-bcmeffsllcldukgyoimwiehwhvyz/Build/Products/Debug-iphonesimulator/include -I/Applications/Xcode.app/Contents/Developer/Platforms/iPhoneSimulator.platform/Developer/SDKs/iPhoneSimulator16.0.sdk/usr/include/libxml2 -I/Users/oikhlas/.appium/node_modules/appium-xcuitest-driver/node_modules/appium-webdriveragent/Modules -I/Users/oikhlas/Library/Developer/Xcode/DerivedData/WebDriverAgent-bcmeffsllcldukgyoimwiehwhvyz/Build/Intermediates.noindex/WebDriverAgent.build/Debug-iphonesimulator/WebDriverAgentLib.build/DerivedSources-normal/x86_64 -I/Users/oikhlas/Library/Developer/Xcode/DerivedData/WebDriverAgent-bcmeffsllcldukgyoimwiehwhvyz/Build/Intermediates.noindex/WebDriverAgent.build/Debug-iphonesimulator/WebDriverAgentLib.build/DerivedSources/x86_64 -I/Users/oikhlas/Library/Developer/Xcode/DerivedData/WebDriverAgent-bcmeffsllcldukgyoimwiehwhvyz/Build/Intermediates.noindex/WebDriverAgent.build/Debug-iphonesimulator/WebDriverAgentLib.build/DerivedSources -Weverything -Wno-objc-missing-property-synthesis -Wno-unused-macros -Wno-disabled-macro-expansion -Wno-gnu-statement-expression -Wno-language-extension-token -Wno-overriding-method-mismatch -Wno-missing-variable-declarations -Rno-module-build -Wno-auto-import -Wno-objc-interface-ivars -Wno-documentation-unknown-command -Wno-reserved-id-macro -Wno-unused-parameter -Wno-gnu-conditional-omitted-operand -Wno-explicit-ownership-type -Wno-date-time -Wno-cast-align -Wno-cstring-format-directive -Wno-double-promotion -Wno-partial-availability -Weverything -Wno-objc-missing-property-synthesis -Wno-unused-macros -Wno-disabled-macro-expansion -Wno-gnu-statement-expression -Wno-language-extension-token -Wno-overriding-method-mismatch -Wno-missing-variable-declarations -Rno-module-build -Wno-auto-import -Wno-objc-interface-ivars -Wno-documentation-unknown-command -Wno-reserved-id-macro -Wno-unused-parameter -Wno-gnu-conditional-omitted-operand -Wno-explicit-ownership-type -Wno-date-time -Wno-cast-align -Wno-cstring-format-directive -Wno-double-promotion -Wno-partial-availability -Wno-objc-messaging-id -Wno-direct-ivar-access -Wno-cast-qual -Wno-declaration-after-statement -F/Users/oikhlas/Library/Developer/Xcode/DerivedData/WebDriverAgent-bcmeffsllcldukgyoimwiehwhvyz/Build/Products/Debug-iphonesimulator -F/Applications/Xcode.app/Contents/Developer/Platforms/iPhoneSimulator.platform/Developer/Library/Frameworks -F/Applications/Xcode.app/Contents/Developer/Platforms/iPhoneSimulator.platform/Developer/Library/PrivateFrameworks -iframework /Applications/Xcode.app/Contents/Developer/Platforms/iPhoneSimulator.platform/Developer/SDKs/iPhoneSimulator16.0.sdk/Developer/Library/Frameworks -MMD -MT dependencies -MF /Users/oikhlas/Library/Developer/Xcode/DerivedData/WebDriverAgent-bcmeffsllcldukgyoimwiehwhvyz/Build/Intermediates.noindex/WebDriverAgent.build/Debug-iphonesimulator/WebDriverAgentLib.build/StaticAnalyzer/WebDriverAgent/WebDriverAgentLib/normal/x86_64/HTTPDataResponse.d --analyze /Users/oikhlas/.appium/node_modules/appium-xcuitest-driver/node_modules/appium-webdriveragent/WebDriverAgentLib/Vendor/CocoaHTTPServer/Responses/HTTPDataResponse.m -o /Users/oikhlas/Library/Developer/Xcode/DerivedData/WebDriverAgent-bcmeffsllcldukgyoimwiehwhvyz/Build/Intermediates.noindex/WebDriverAgent.build/Debug-iphonesimulator/WebDriverAgentLib.build/StaticAnalyzer/WebDriverAgent/WebDriverAgentLib/normal/x86_64/HTTPDataResponse.plist
&amp#27;[38;5;173m[Xcode]&amp#27;[0m 
&amp#27;[38;5;173m[Xcode]&amp#27;[0m 
&amp#27;[38;5;173m[Xcode]&amp#27;[0m Analyze /Users/oikhlas/.appium/node_modules/appium-xcuitest-driver/node_modules/appium-webdriveragent/WebDriverAgentLib/Vendor/CocoaHTTPServer/HTTPServer.m normal x86_64 (in target 'WebDriverAgentLib' from project 'WebDriverAgent')
&amp#27;[38;5;173m[Xcode]&amp#27;[0m     cd /Users/oikhlas/.appium/node_modules/appium-xcuitest-driver/node_modules/appium-webdriveragent
&amp#27;[38;5;173m[Xcode]&amp#27;[0m     /Applications/Xcode.app/Contents/Developer/Toolchains/XcodeDefault.xctoolchain/usr/bin/clang -x objective-c -target x86_64-apple-ios16.0-simulator -fmessage-length\=0 -fdiagnostics-show-note-include-stack -fmacro-backtrace-limit\=0 -std\=gnu99 -fobjc-arc -fmodules -gmodules -fmodules-cache-path\=/Users/oikhlas/Library/Developer/Xcode/DerivedData/WebDriverAgent-bcmeffsllcldukgyoimwiehwhvyz/ModuleCache.noindex -fmodules-prune-interval\=86400 -fmodules-prune-after\=345600 -fbuild-session-file\=/Users/oikhlas/Library/Developer/Xcode/DerivedData/WebDriverAgent-bcmeffsllcldukgyoimwiehwhvyz/ModuleCache.noindex/Session.modulevalidation -fmodules-validate-once-per-build-session -Wno-trigraphs -fpascal-strings -O0 -fno-common -Wmissing-field-initializers -Wno-missing-prototypes -Werror\=return-type -Wunreachable-code -Wquoted-include-in-framework-header -Wno-implicit-atomic-properties -Werror\=deprecated-objc-isa-usage -Wno-objc-interface-ivars -Werror\=objc-root-class -Warc-repeated-use-of-weak -Wno-arc-maybe-repeated-use-of-weak -Wimplicit-retain-self -Wduplicate-method-match -Wno-missing-braces -Wparentheses -Wswitch -Wunused-function -Wno-unused-label -Wunused-parameter -Wunused-variable -Wunused-value -Wempty-body -Wuninitialized -Wconditional-uninitialized -Wno-unknown-pragmas -pedantic -Wshadow -Wno-four-char-constants -Wconversion -Wconstant-conversion -Wint-conversion -Wbool-conversion -Wenum-conversion -Wfloat-conversion -Wnon-literal-null-conversion -Wobjc-literal-conversion -Wassign-enum -Wsign-compare -Wshorten-64-to-32 -Wpointer-sign -Wno-newline-eof -Wno-selector -Wno-strict-selector-match -Wundeclared-selector -Wdeprecated-implementations -Wno-implicit-fallthrough -DDEBUG\=1 -DOBJC_OLD_DISPATCH_PROTOTYPES\=0 -isysroot /Applications/Xcode.app/Contents/Developer/Platforms/iPhoneSimulator.platform/Developer/SDKs/iPhoneSimulator16.0.sdk -fasm-blocks -fstrict-aliasing -Wprotocol -Wdeprecated-declarations -g -Wno-sign-conversion -Winfinite-recursion -Wcomma -Wblock-capture-autoreleasing -Wstrict-prototypes -Wno-semicolon-before-method-body -fobjc-abi-version\=2 -fobjc-legacy-dispatch -D__clang_analyzer__ -Xclang -analyzer-output\=plist-multi-file -Xclang -analyzer-config -Xclang path-diagnostics-alternate\=true -Xclang -analyzer-config -Xclang report-in-main-source-file\=true -Xclang -analyzer-checker -Xclang optin.osx.cocoa.localizability.NonLocalizedStringChecker -Xclang -analyzer-checker -Xclang security.insecureAPI.UncheckedReturn -Xclang -analyzer-checker -Xclang security.insecureAPI.getpw -Xclang -analyzer-checker -Xclang security.insecureAPI.gets -Xclang -analyzer-checker -Xclang security.insecureAPI.mkstemp -Xclang -analyzer-checker -Xclang security.insecureAPI.mktemp -Xclang -analyzer-disable-checker -Xclang security.insecureAPI.rand -Xclang -analyzer-disable-checker -Xclang security.insecureAPI.strcpy -Xclang -analyzer-checker -Xclang security.insecureAPI.vfork -iquote /Users/oikhlas/Library/Developer/Xcode/DerivedData/WebDriverAgent-bcmeffsllcldukgyoimwiehwhvyz/Build/Intermediates.noindex/WebDriverAgent.build/Debug-iphonesimulator/WebDriverAgentLib.build/WebDriverAgentLib-generated-files.hmap -I/Users/oikhlas/Library/Developer/Xcode/DerivedData/WebDriverAgent-bcmeffsllcldukgyoimwiehwhvyz/Build/Intermediates.noindex/WebDriverAgent.build/Debug-iphonesimulator/WebDriverAgentLib.build/WebDriverAgentLib-own-target-headers.hmap -I/Users/oikhlas/Library/Developer/Xcode/DerivedData/WebDriverAgent-bcmeffsllcldukgyoimwiehwhvyz/Build/Intermediates.noindex/WebDriverAgent.build/Debug-iphonesimulator/WebDriverAgentLib.build/WebDriverAgentLib-all-target-headers.hmap -iquote /Users/oikhlas/Library/Developer/Xcode/DerivedData/WebDriverAgent-bcmeffsllcldukgyoimwiehwhvyz/Build/Intermediates.noindex/WebDriverAgent.build/Debug-iphonesimulator/WebDriverAgentLib.build/WebDriverAgentLib-project-headers.hmap -I/Users/oikhlas/Library/Developer/Xcode/DerivedData/WebDriverAgent-bcmeffsllcldukgyoimwiehwhvyz/Build/Products/Debug-iphonesimulator/include -I/Applications/Xcode.app/Contents/Developer/Platforms/iPhoneSimulator.platform/Developer/SDKs/iPhoneSimulator16.0.sdk/usr/include/libxml2 -I/Users/oikhlas/.appium/node_modules/appium-xcuitest-driver/node_modules/appium-webdriveragent/Modules -I/Users/oikhlas/Library/Developer/Xcode/DerivedData/WebDriverAgent-bcmeffsllcldukgyoimwiehwhvyz/Build/Intermediates.noindex/WebDriverAgent.build/Debug-iphonesimulator/WebDriverAgentLib.build/DerivedSources-normal/x86_64 -I/Users/oikhlas/Library/Developer/Xcode/DerivedData/WebDriverAgent-bcmeffsllcldukgyoimwiehwhvyz/Build/Intermediates.noindex/WebDriverAgent.build/Debug-iphonesimulator/WebDriverAgentLib.build/DerivedSources/x86_64 -I/Users/oikhlas/Library/Developer/Xcode/DerivedData/WebDriverAgent-bcmeffsllcldukgyoimwiehwhvyz/Build/Intermediates.noindex/WebDriverAgent.build/Debug-iphonesimulator/WebDriverAgentLib.build/DerivedSources -Weverything -Wno-objc-missing-property-synthesis -Wno-unused-macros -Wno-disabled-macro-expansion -Wno-gnu-statement-expression -Wno-language-extension-token -Wno-overriding-method-mismatch -Wno-missing-variable-declarations -Rno-module-build -Wno-auto-import -Wno-objc-interface-ivars -Wno-documentation-unknown-command -Wno-reserved-id-macro -Wno-unused-parameter -Wno-gnu-conditional-omitted-operand -Wno-explicit-ownership-type -Wno-date-time -Wno-cast-align -Wno-cstring-format-directive -Wno-double-promotion -Wno-partial-availability -Weverything -Wno-objc-missing-property-synthesis -Wno-unused-macros -Wno-disabled-macro-expansion -Wno-gnu-statement-expression -Wno-language-extension-token -Wno-overriding-method-mismatch -Wno-missing-variable-declarations -Rno-module-build -Wno-auto-import -Wno-objc-interface-ivars -Wno-documentation-unknown-command -Wno-reserved-id-macro -Wno-unused-parameter -Wno-gnu-conditional-omitted-operand -Wno-explicit-ownership-type -Wno-date-time -Wno-cast-align -Wno-cstring-format-directive -Wno-double-promotion -Wno-partial-availability -Wno-objc-messaging-id -Wno-direct-ivar-access -Wno-cast-qual -Wno-declaration-after-statement -F/Users/oikhlas/Library/Developer/Xcode/DerivedData/WebDriverAgent-bcmeffsllcldukgyoimwiehwhvyz/Build/Products/Debug-iphonesimulator -F/Applications/Xcode.app/Contents/Developer/Platforms/iPhoneSimulator.platform/Developer/Library/Frameworks -F/Applications/Xcode.app/Contents/Developer/Platforms/iPhoneSimulator.platform/Developer/Library/PrivateFrameworks -iframework /Applications/Xcode.app/Contents/Developer/Platforms/iPhoneSimulator.platform/Developer/SDKs/iPhoneSimulator16.0.sdk/Developer/Library/Frameworks -MMD -MT dependencies -MF /Users/oikhlas/Library/Developer/Xcode/DerivedData/WebDriverAgent-bcmeffsllcldukgyoimwiehwhvyz/Build/Intermediates.noindex/WebDriverAgent.build/Debug-iphonesimulator/WebDriverAgentLib.build/StaticAnalyzer/WebDriverAgent/WebDriverAgentLib/normal/x86_64/HTTPServer.d --analyze /Users/oikhlas/.appium/node_modules/appium-xcuitest-driver/node_modules/appium-webdriveragent/WebDriverAgentLib/Vendor/CocoaHTTPServer/HTTPServer.m -o /Users/oikhlas/Library/Developer/Xcode/DerivedData/WebDriverAgent-bcmeffsllcldukgyoimwiehwhvyz/Build/Intermediates.noindex/WebDriverAgent.build/Debug-iphonesimulator/WebDriverAgentLib.build/StaticAnalyzer/WebDriverAgent/WebDriverAgentLib/normal/x86_64/HTTPServer.plist
&amp#27;[38;5;173m[Xcode]&amp#27;[0m 
&amp#27;[38;5;173m[Xcode]&amp#27;[0m 
&amp#27;[38;5;173m[Xcode]&amp#27;[0m Analyze /Users/oikhlas/.appium/node_modules/appium-xcuitest-driver/node_modules/appium-webdriveragent/WebDriverAgentLib/Vendor/CocoaHTTPServer/HTTPMessage.m normal x86_64 (in target 'WebDriverAgentLib' from project 'WebDriverAgent')
&amp#27;[38;5;173m[Xcode]&amp#27;[0m     cd /Users/oikhlas/.appium/node_modules/appium-xcuitest-driver/node_modules/appium-webdriveragent
&amp#27;[38;5;173m[Xcode]&amp#27;[0m     /Applications/Xcode.app/Contents/Developer/Toolchains/XcodeDefault.xctoolchain/usr/bin/clang -x objective-c -target x86_64-apple-ios16.0-simulator -fmessage-length\=0 -fdiagnostics-show-note-include-stack -fmacro-backtrace-limit\=0 -std\=gnu99 -fobjc-arc -fmodules -gmodules -fmodules-cache-path\=/Users/oikhlas/Library/Developer/Xcode/DerivedData/WebDriverAgent-bcmeffsllcldukgyoimwiehwhvyz/ModuleCache.noindex -fmodules-prune-interval\=86400 -fmodules-prune-after\=345600 -fbuild-session-file\=/Users/oikhlas/Library/Developer/Xcode/DerivedData/WebDriverAgent-bcmeffsllcldukgyoimwiehwhvyz/ModuleCache.noindex/Session.modulevalidation -fmodules-validate-once-per-build-session -Wno-trigraphs -fpascal-strings -O0 -fno-common -Wmissing-field-initializers -Wno-missing-prototypes -Werror\=return-type -Wunreachable-code -Wquoted-include-in-framework-header -Wno-implicit-atomic-properties -Werror\=deprecated-objc-isa-usage -Wno-objc-interface-ivars -Werror\=objc-root-class -Warc-repeated-use-of-weak -Wno-arc-maybe-repeated-use-of-weak -Wimplicit-retain-self -Wduplicate-method-match -Wno-missing-braces -Wparentheses -Wswitch -Wunused-function -Wno-unused-label -Wunused-parameter -Wunused-variable -Wunused-value -Wempty-body -Wuninitialized -Wconditional-uninitialized -Wno-unknown-pragmas -pedantic -Wshadow -Wno-four-char-constants -Wconversion -Wconstant-conversion -Wint-conversion -Wbool-conversion -Wenum-conversion -Wfloat-conversion -Wnon-literal-null-conversion -Wobjc-literal-conversion -Wassign-enum -Wsign-compare -Wshorten-64-to-32 -Wpointer-sign -Wno-newline-eof -Wno-selector -Wno-strict-selector-match -Wundeclared-selector -Wdeprecated-implementations -Wno-implicit-fallthrough -DDEBUG\=1 -DOBJC_OLD_DISPATCH_PROTOTYPES\=0 -isysroot /Applications/Xcode.app/Contents/Developer/Platforms/iPhoneSimulator.platform/Developer/SDKs/iPhoneSimulator16.0.sdk -fasm-blocks -fstrict-aliasing -Wprotocol -Wdeprecated-declarations -g -Wno-sign-conversion -Winfinite-recursion -Wcomma -Wblock-capture-autoreleasing -Wstrict-prototypes -Wno-semicolon-before-method-body -fobjc-abi-version\=2 -fobjc-legacy-dispatch -D__clang_analyzer__ -Xclang -analyzer-output\=plist-multi-file -Xclang -analyzer-config -Xclang path-diagnostics-alternate\=true -Xclang -analyzer-config -Xclang report-in-main-source-file\=true -Xclang -analyzer-checker -Xclang optin.osx.cocoa.localizability.NonLocalizedStringChecker -Xclang -analyzer-checker -Xclang security.insecureAPI.UncheckedReturn -Xclang -analyzer-checker -Xclang security.insecureAPI.getpw -Xclang -analyzer-checker -Xclang security.insecureAPI.gets -Xclang -analyzer-checker -Xclang security.insecureAPI.mkstemp -Xclang -analyzer-checker -Xclang security.insecureAPI.mktemp -Xclang -analyzer-disable-checker -Xclang security.insecureAPI.rand -Xclang -analyzer-disable-checker -Xclang security.insecureAPI.strcpy -Xclang -analyzer-checker -Xclang security.insecureAPI.vfork -iquote /Users/oikhlas/Library/Developer/Xcode/DerivedData/WebDriverAgent-bcmeffsllcldukgyoimwiehwhvyz/Build/Intermediates.noindex/WebDriverAgent.build/Debug-iphonesimulator/WebDriverAgentLib.build/WebDriverAgentLib-generated-files.hmap -I/Users/oikhlas/Library/Developer/Xcode/DerivedData/WebDriverAgent-bcmeffsllcldukgyoimwiehwhvyz/Build/Intermediates.noindex/WebDriverAgent.build/Debug-iphonesimulator/WebDriverAgentLib.build/WebDriverAgentLib-own-target-headers.hmap -I/Users/oikhlas/Library/Developer/Xcode/DerivedData/WebDriverAgent-bcmeffsllcldukgyoimwiehwhvyz/Build/Intermediates.noindex/WebDriverAgent.build/Debug-iphonesimulator/WebDriverAgentLib.build/WebDriverAgentLib-all-target-headers.hmap -iquote /Users/oikhlas/Library/Developer/Xcode/DerivedData/WebDriverAgent-bcmeffsllcldukgyoimwiehwhvyz/Build/Intermediates.noindex/WebDriverAgent.build/Debug-iphonesimulator/WebDriverAgentLib.build/WebDriverAgentLib-project-headers.hmap -I/Users/oikhlas/Library/Developer/Xcode/DerivedData/WebDriverAgent-bcmeffsllcldukgyoimwiehwhvyz/Build/Products/Debug-iphonesimulator/include -I/Applications/Xcode.app/Contents/Developer/Platforms/iPhoneSimulator.platform/Developer/SDKs/iPhoneSimulator16.0.sdk/usr/include/libxml2 -I/Users/oikhlas/.appium/node_modules/appium-xcuitest-driver/node_modules/appium-webdriveragent/Modules -I/Users/oikhlas/Library/Developer/Xcode/DerivedData/WebDriverAgent-bcmeffsllcldukgyoimwiehwhvyz/Build/Intermediates.noindex/WebDriverAgent.build/Debug-iphonesimulator/WebDriverAgentLib.build/DerivedSources-normal/x86_64 -I/Users/oikhlas/Library/Developer/Xcode/DerivedData/WebDriverAgent-bcmeffsllcldukgyoimwiehwhvyz/Build/Intermediates.noindex/WebDriverAgent.build/Debug-iphonesimulator/WebDriverAgentLib.build/DerivedSources/x86_64 -I/Users/oikhlas/Library/Developer/Xcode/DerivedData/WebDriverAgent-bcmeffsllcldukgyoimwiehwhvyz/Build/Intermediates.noindex/WebDriverAgent.build/Debug-iphonesimulator/WebDriverAgentLib.build/DerivedSources -Weverything -Wno-objc-missing-property-synthesis -Wno-unused-macros -Wno-disabled-macro-expansion -Wno-gnu-statement-expression -Wno-language-extension-token -Wno-overriding-method-mismatch -Wno-missing-variable-declarations -Rno-module-build -Wno-auto-import -Wno-objc-interface-ivars -Wno-documentation-unknown-command -Wno-reserved-id-macro -Wno-unused-parameter -Wno-gnu-conditional-omitted-operand -Wno-explicit-ownership-type -Wno-date-time -Wno-cast-align -Wno-cstring-format-directive -Wno-double-promotion -Wno-partial-availability -Weverything -Wno-objc-missing-property-synthesis -Wno-unused-macros -Wno-disabled-macro-expansion -Wno-gnu-statement-expression -Wno-language-extension-token -Wno-overriding-method-mismatch -Wno-missing-variable-declarations -Rno-module-build -Wno-auto-import -Wno-objc-interface-ivars -Wno-documentation-unknown-command -Wno-reserved-id-macro -Wno-unused-parameter -Wno-gnu-conditional-omitted-operand -Wno-explicit-ownership-type -Wno-date-time -Wno-cast-align -Wno-cstring-format-directive -Wno-double-promotion -Wno-partial-availability -Wno-objc-messaging-id -Wno-direct-ivar-access -Wno-cast-qual -Wno-declaration-after-statement -F/Users/oikhlas/Library/Developer/Xcode/DerivedData/WebDriverAgent-bcmeffsllcldukgyoimwiehwhvyz/Build/Products/Debug-iphonesimulator -F/Applications/Xcode.app/Contents/Developer/Platforms/iPhoneSimulator.platform/Developer/Library/Frameworks -F/Applications/Xcode.app/Contents/Developer/Platforms/iPhoneSimulator.platform/Developer/Library/PrivateFrameworks -iframework /Applications/Xcode.app/Contents/Developer/Platforms/iPhoneSimulator.platform/Developer/SDKs/iPhoneSimulator16.0.sdk/Developer/Library/Frameworks -MMD -MT dependencies -MF /Users/oikhlas/Library/Developer/Xcode/DerivedData/WebDriverAgent-bcmeffsllcldukgyoimwiehwhvyz/Build/Intermediates.noindex/WebDriverAgent.build/Debug-iphonesimulator/WebDriverAgentLib.build/StaticAnalyzer/WebDriverAgent/WebDriverAgentLib/normal/x86_64/HTTPMessage.d --analyze /Users/oikhlas/.appium/node_modules/appium-xcuitest-driver/node_modules/appium-webdriveragent/WebDriverAgentLib/Vendor/CocoaHTTPServer/HTTPMessage.m -o /Users/oikhlas/Library/Developer/Xcode/DerivedData/WebDriverAgent-bcmeffsllcldukgyoimwiehwhvyz/Build/Intermediates.noindex/WebDriverAgent.build/Debug-iphonesimulator/WebDriverAgentLib.build/StaticAnalyzer/WebDriverAgent/WebDriverAgentLib/normal/x86_64/HTTPMessage.plist
&amp#27;[38;5;173m[Xcode]&amp#27;[0m 
&amp#27;[38;5;173m[Xcode]&amp#27;[0m 
&amp#27;[38;5;173m[Xcode]&amp#27;[0m Analyze /Users/oikhlas/.appium/node_modules/appium-xcuitest-driver/node_modules/appium-webdriveragent/WebDriverAgentLib/Vendor/CocoaHTTPServer/HTTPConnection.m normal x86_64 (in target 'WebDriverAgentLib' from project 'WebDriverAgent')
&amp#27;[38;5;173m[Xcode]&amp#27;[0m     cd /Users/oikhlas/.appium/node_modules/appium-xcuitest-driver/node_modules/appium-webdriveragent
&amp#27;[38;5;173m[Xcode]&amp#27;[0m     /Applications/Xcode.app/Contents/Developer/Toolchains/XcodeDefault.xctoolchain/usr/bin/clang -x objective-c -target x86_64-apple-ios16.0-simulator -fmessage-length\=0 -fdiagnostics-show-note-include-stack -fmacro-backtrace-limit\=0 -std\=gnu99 -fobjc-arc -fmodules -gmodules -fmodules-cache-path\=/Users/oikhlas/Library/Developer/Xcode/DerivedData/WebDriverAgent-bcmeffsllcldukgyoimwiehwhvyz/ModuleCache.noindex -fmodules-prune-interval\=86400 -fmodules-prune-after\=345600 -fbuild-session-file\=/Users/oikhlas/Library/Developer/Xcode/DerivedData/WebDriverAgent-bcmeffsllcldukgyoimwiehwhvyz/ModuleCache.noindex/Session.modulevalidation -fmodules-validate-once-per-build-session -Wno-trigraphs -fpascal-strings -O0 -fno-common -Wmissing-field-initializers -Wno-missing-prototypes -Werror\=return-type -Wunreachable-code -Wquoted-include-in-framework-header -Wno-implicit-atomic-properties -Werror\=deprecated-objc-isa-usage -Wno-objc-interface-ivars -Werror\=objc-root-class -Warc-repeated-use-of-weak -Wno-arc-maybe-repeated-use-of-weak -Wimplicit-retain-self -Wduplicate-method-match -Wno-missing-braces -Wparentheses -Wswitch -Wunused-function -Wno-unused-label -Wunused-parameter -Wunused-variable -Wunused-value -Wempty-body -Wuninitialized -Wconditional-uninitialized -Wno-unknown-pragmas -pedantic -Wshadow -Wno-four-char-constants -Wconversion -Wconstant-conversion -Wint-conversion -Wbool-conversion -Wenum-conversion -Wfloat-conversion -Wnon-literal-null-conversion -Wobjc-literal-conversion -Wassign-enum -Wsign-compare -Wshorten-64-to-32 -Wpointer-sign -Wno-newline-eof -Wno-selector -Wno-strict-selector-match -Wundeclared-selector -Wdeprecated-implementations -Wno-implicit-fallthrough -DDEBUG\=1 -DOBJC_OLD_DISPATCH_PROTOTYPES\=0 -isysroot /Applications/Xcode.app/Contents/Developer/Platforms/iPhoneSimulator.platform/Developer/SDKs/iPhoneSimulator16.0.sdk -fasm-blocks -fstrict-aliasing -Wprotocol -Wdeprecated-declarations -g -Wno-sign-conversion -Winfinite-recursion -Wcomma -Wblock-capture-autoreleasing -Wstrict-prototypes -Wno-semicolon-before-method-body -fobjc-abi-version\=2 -fobjc-legacy-dispatch -D__clang_analyzer__ -Xclang -analyzer-output\=plist-multi-file -Xclang -analyzer-config -Xclang path-diagnostics-alternate\=true -Xclang -analyzer-config -Xclang report-in-main-source-file\=true -Xclang -analyzer-checker -Xclang optin.osx.cocoa.localizability.NonLocalizedStringChecker -Xclang -analyzer-checker -Xclang security.insecureAPI.UncheckedReturn -Xclang -analyzer-checker -Xclang security.insecureAPI.getpw -Xclang -analyzer-checker -Xclang security.insecureAPI.gets -Xclang -analyzer-checker -Xclang security.insecureAPI.mkstemp -Xclang -analyzer-checker -Xclang security.insecureAPI.mktemp -Xclang -analyzer-disable-checker -Xclang security.insecureAPI.rand -Xclang -analyzer-disable-checker -Xclang security.insecureAPI.strcpy -Xclang -analyzer-checker -Xclang security.insecureAPI.vfork -iquote /Users/oikhlas/Library/Developer/Xcode/DerivedData/WebDriverAgent-bcmeffsllcldukgyoimwiehwhvyz/Build/Intermediates.noindex/WebDriverAgent.build/Debug-iphonesimulator/WebDriverAgentLib.build/WebDriverAgentLib-generated-files.hmap -I/Users/oikhlas/Library/Developer/Xcode/DerivedData/WebDriverAgent-bcmeffsllcldukgyoimwiehwhvyz/Build/Intermediates.noindex/WebDriverAgent.build/Debug-iphonesimulator/WebDriverAgentLib.build/WebDriverAgentLib-own-target-headers.hmap -I/Users/oikhlas/Library/Developer/Xcode/DerivedData/WebDriverAgent-bcmeffsllcldukgyoimwiehwhvyz/Build/Intermediates.noindex/WebDriverAgent.build/Debug-iphonesimulator/WebDriverAgentLib.build/WebDriverAgentLib-all-target-headers.hmap -iquote /Users/oikhlas/Library/Developer/Xcode/DerivedData/WebDriverAgent-bcmeffsllcldukgyoimwiehwhvyz/Build/Intermediates.noindex/WebDriverAgent.build/Debug-iphonesimulator/WebDriverAgentLib.build/WebDriverAgentLib-project-headers.hmap -I/Users/oikhlas/Library/Developer/Xcode/DerivedData/WebDriverAgent-bcmeffsllcldukgyoimwiehwhvyz/Build/Products/Debug-iphonesimulator/include -I/Applications/Xcode.app/Contents/Developer/Platforms/iPhoneSimulator.platform/Developer/SDKs/iPhoneSimulator16.0.sdk/usr/include/libxml2 -I/Users/oikhlas/.appium/node_modules/appium-xcuitest-driver/node_modules/appium-webdriveragent/Modules -I/Users/oikhlas/Library/Developer/Xcode/DerivedData/WebDriverAgent-bcmeffsllcldukgyoimwiehwhvyz/Build/Intermediates.noindex/WebDriverAgent.build/Debug-iphonesimulator/WebDriverAgentLib.build/DerivedSources-normal/x86_64 -I/Users/oikhlas/Library/Developer/Xcode/DerivedData/WebDriverAgent-bcmeffsllcldukgyoimwiehwhvyz/Build/Intermediates.noindex/WebDriverAgent.build/Debug-iphonesimulator/WebDriverAgentLib.build/DerivedSources/x86_64 -I/Users/oikhlas/Library/Developer/Xcode/DerivedData/WebDriverAgent-bcmeffsllcldukgyoimwiehwhvyz/Build/Intermediates.noindex/WebDriverAgent.build/Debug-iphonesimulator/WebDriverAgentLib.build/DerivedSources -Weverything -Wno-objc-missing-property-synthesis -Wno-unused-macros -Wno-disabled-macro-expansion -Wno-gnu-statement-expression -Wno-language-extension-token -Wno-overriding-method-mismatch -Wno-missing-variable-declarations -Rno-module-build -Wno-auto-import -Wno-objc-interface-ivars -Wno-documentation-unknown-command -Wno-reserved-id-macro -Wno-unused-parameter -Wno-gnu-conditional-omitted-operand -Wno-explicit-ownership-type -Wno-date-time -Wno-cast-align -Wno-cstring-format-directive -Wno-double-promotion -Wno-partial-availability -Weverything -Wno-objc-missing-property-synthesis -Wno-unused-macros -Wno-disabled-macro-expansion -Wno-gnu-statement-expression -Wno-language-extension-token -Wno-overriding-method-mismatch -Wno-missing-variable-declarations -Rno-module-build -Wno-auto-import -Wno-objc-interface-ivars -Wno-documentation-unknown-command -Wno-reserved-id-macro -Wno-unused-parameter -Wno-gnu-conditional-omitted-operand -Wno-explicit-ownership-type -Wno-date-time -Wno-cast-align -Wno-cstring-format-directive -Wno-double-promotion -Wno-partial-availability -Wno-objc-messaging-id -Wno-direct-ivar-access -Wno-cast-qual -Wno-declaration-after-statement -F/Users/oikhlas/Library/Developer/Xcode/DerivedData/WebDriverAgent-bcmeffsllcldukgyoimwiehwhvyz/Build/Products/Debug-iphonesimulator -F/Applications/Xcode.app/Contents/Developer/Platforms/iPhoneSimulator.platform/Developer/Library/Frameworks -F/Applications/Xcode.app/Contents/Developer/Platforms/iPhoneSimulator.platform/Developer/Library/PrivateFrameworks -iframework /Applications/Xcode.app/Contents/Developer/Platforms/iPhoneSimulator.platform/Developer/SDKs/iPhoneSimulator16.0.sdk/Developer/Library/Frameworks -MMD -MT dependencies -MF /Users/oikhlas/Library/Developer/Xcode/DerivedData/WebDriverAgent-bcmeffsllcldukgyoimwiehwhvyz/Build/Intermediates.noindex/WebDriverAgent.build/Debug-iphonesimulator/WebDriverAgentLib.build/StaticAnalyzer/WebDriverAgent/WebDriverAgentLib/normal/x86_64/HTTPConnection.d --analyze /Users/oikhlas/.appium/node_modules/appium-xcuitest-driver/node_modules/appium-webdriveragent/WebDriverAgentLib/Vendor/CocoaHTTPServer/HTTPConnection.m -o /Users/oikhlas/Library/Developer/Xcode/DerivedData/WebDriverAgent-bcmeffsllcldukgyoimwiehwhvyz/Build/Intermediates.noindex/WebDriverAgent.build/Debug-iphonesimulator/WebDriverAgentLib.build/StaticAnalyzer/WebDriverAgent/WebDriverAgentLib/normal/x86_64/HTTPConnection.plist
&amp#27;[38;5;173m[Xcode]&amp#27;[0m 
&amp#27;[38;5;173m[Xcode]&amp#27;[0m 
&amp#27;[38;5;173m[Xcode]&amp#27;[0m Analyze /Users/oikhlas/.appium/node_modules/appium-xcuitest-driver/node_modules/appium-webdriveragent/WebDriverAgentLib/Vendor/CocoaHTTPServer/Categories/DDRange.m normal x86_64 (in target 'WebDriverAgentLib' from project 'WebDriverAgent')
&amp#27;[38;5;173m[Xcode]&amp#27;[0m     cd /Users/oikhlas/.appium/node_modules/appium-xcuitest-driver/node_modules/appium-webdriveragent
&amp#27;[38;5;173m[Xcode]&amp#27;[0m     /Applications/Xcode.app/Contents/Developer/Toolchains/XcodeDefault.xctoolchain/usr/bin/clang -x objective-c -target x86_64-apple-ios16.0-simulator -fmessage-length\=0 -fdiagnostics-show-note-include-stack -fmacro-backtrace-limit\=0 -std\=gnu99 -fobjc-arc -fmodules -gmodules -fmodules-cache-path\=/Users/oikhlas/Library/Developer/Xcode/DerivedData/WebDriverAgent-bcmeffsllcldukgyoimwiehwhvyz/ModuleCache.noindex -fmodules-prune-interval\=86400 -fmodules-prune-after\=345600 -fbuild-session-file\=/Users/oikhlas/Library/Developer/Xcode/DerivedData/WebDriverAgent-bcmeffsllcldukgyoimwiehwhvyz/ModuleCache.noindex/Session.modulevalidation -fmodules-validate-once-per-build-session -Wno-trigraphs -fpascal-strings -O0 -fno-common -Wmissing-field-initializers -Wno-missing-prototypes -Werror\=return-type -Wunreachable-code -Wquoted-include-in-framework-header -Wno-implicit-atomic-properties -Werror\=deprecated-objc-isa-usage -Wno-objc-interface-ivars -Werror\=objc-root-class -Warc-repeated-use-of-weak -Wno-arc-maybe-repeated-use-of-weak -Wimplicit-retain-self -Wduplicate-method-match -Wno-missing-braces -Wparentheses -Wswitch -Wunused-function -Wno-unused-label -Wunused-parameter -Wunused-variable -Wunused-value -Wempty-body -Wuninitialized -Wconditional-uninitialized -Wno-unknown-pragmas -pedantic -Wshadow -Wno-four-char-constants -Wconversion -Wconstant-conversion -Wint-conversion -Wbool-conversion -Wenum-conversion -Wfloat-conversion -Wnon-literal-null-conversion -Wobjc-literal-conversion -Wassign-enum -Wsign-compare -Wshorten-64-to-32 -Wpointer-sign -Wno-newline-eof -Wno-selector -Wno-strict-selector-match -Wundeclared-selector -Wdeprecated-implementations -Wno-implicit-fallthrough -DDEBUG\=1 -DOBJC_OLD_DISPATCH_PROTOTYPES\=0 -isysroot /Applications/Xcode.app/Contents/Developer/Platforms/iPhoneSimulator.platform/Developer/SDKs/iPhoneSimulator16.0.sdk -fasm-blocks -fstrict-aliasing -Wprotocol -Wdeprecated-declarations -g -Wno-sign-conversion -Winfinite-recursion -Wcomma -Wblock-capture-autoreleasing -Wstrict-prototypes -Wno-semicolon-before-method-body -fobjc-abi-version\=2 -fobjc-legacy-dispatch -D__clang_analyzer__ -Xclang -analyzer-output\=plist-multi-file -Xclang -analyzer-config -Xclang path-diagnostics-alternate\=true -Xclang -analyzer-config -Xclang report-in-main-source-file\=true -Xclang -analyzer-checker -Xclang optin.osx.cocoa.localizability.NonLocalizedStringChecker -Xclang -analyzer-checker -Xclang security.insecureAPI.UncheckedReturn -Xclang -analyzer-checker -Xclang security.insecureAPI.getpw -Xclang -analyzer-checker -Xclang security.insecureAPI.gets -Xclang -analyzer-checker -Xclang security.insecureAPI.mkstemp -Xclang -analyzer-checker -Xclang security.insecureAPI.mktemp -Xclang -analyzer-disable-checker -Xclang security.insecureAPI.rand -Xclang -analyzer-disable-checker -Xclang security.insecureAPI.strcpy -Xclang -analyzer-checker -Xclang security.insecureAPI.vfork -iquote /Users/oikhlas/Library/Developer/Xcode/DerivedData/WebDriverAgent-bcmeffsllcldukgyoimwiehwhvyz/Build/Intermediates.noindex/WebDriverAgent.build/Debug-iphonesimulator/WebDriverAgentLib.build/WebDriverAgentLib-generated-files.hmap -I/Users/oikhlas/Library/Developer/Xcode/DerivedData/WebDriverAgent-bcmeffsllcldukgyoimwiehwhvyz/Build/Intermediates.noindex/WebDriverAgent.build/Debug-iphonesimulator/WebDriverAgentLib.build/WebDriverAgentLib-own-target-headers.hmap -I/Users/oikhlas/Library/Developer/Xcode/DerivedData/WebDriverAgent-bcmeffsllcldukgyoimwiehwhvyz/Build/Intermediates.noindex/WebDriverAgent.build/Debug-iphonesimulator/WebDriverAgentLib.build/WebDriverAgentLib-all-target-headers.hmap -iquote /Users/oikhlas/Library/Developer/Xcode/DerivedData/WebDriverAgent-bcmeffsllcldukgyoimwiehwhvyz/Build/Intermediates.noindex/WebDriverAgent.build/Debug-iphonesimulator/WebDriverAgentLib.build/WebDriverAgentLib-project-headers.hmap -I/Users/oikhlas/Library/Developer/Xcode/DerivedData/WebDriverAgent-bcmeffsllcldukgyoimwiehwhvyz/Build/Products/Debug-iphonesimulator/include -I/Applications/Xcode.app/Contents/Developer/Platforms/iPhoneSimulator.platform/Developer/SDKs/iPhoneSimulator16.0.sdk/usr/include/libxml2 -I/Users/oikhlas/.appium/node_modules/appium-xcuitest-driver/node_modules/appium-webdriveragent/Modules -I/Users/oikhlas/Library/Developer/Xcode/DerivedData/WebDriverAgent-bcmeffsllcldukgyoimwiehwhvyz/Build/Intermediates.noindex/WebDriverAgent.build/Debug-iphonesimulator/WebDriverAgentLib.build/DerivedSources-normal/x86_64 -I/Users/oikhlas/Library/Developer/Xcode/DerivedData/WebDriverAgent-bcmeffsllcldukgyoimwiehwhvyz/Build/Intermediates.noindex/WebDriverAgent.build/Debug-iphonesimulator/WebDriverAgentLib.build/DerivedSources/x86_64 -I/Users/oikhlas/Library/Developer/Xcode/DerivedData/WebDriverAgent-bcmeffsllcldukgyoimwiehwhvyz/Build/Intermediates.noindex/WebDriverAgent.build/Debug-iphonesimulator/WebDriverAgentLib.build/DerivedSources -Weverything -Wno-objc-missing-property-synthesis -Wno-unused-macros -Wno-disabled-macro-expansion -Wno-gnu-statement-expression -Wno-language-extension-token -Wno-overriding-method-mismatch -Wno-missing-variable-declarations -Rno-module-build -Wno-auto-import -Wno-objc-interface-ivars -Wno-documentation-unknown-command -Wno-reserved-id-macro -Wno-unused-parameter -Wno-gnu-conditional-omitted-operand -Wno-explicit-ownership-type -Wno-date-time -Wno-cast-align -Wno-cstring-format-directive -Wno-double-promotion -Wno-partial-availability -Weverything -Wno-objc-missing-property-synthesis -Wno-unused-macros -Wno-disabled-macro-expansion -Wno-gnu-statement-expression -Wno-language-extension-token -Wno-overriding-method-mismatch -Wno-missing-variable-declarations -Rno-module-build -Wno-auto-import -Wno-objc-interface-ivars -Wno-documentation-unknown-command -Wno-reserved-id-macro -Wno-unused-parameter -Wno-gnu-conditional-omitted-operand -Wno-explicit-ownership-type -Wno-date-time -Wno-cast-align -Wno-cstring-format-directive -Wno-double-promotion -Wno-partial-availability -Wno-objc-messaging-id -Wno-direct-ivar-access -Wno-cast-qual -Wno-declaration-after-statement -F/Users/oikhlas/Library/Developer/Xcode/DerivedData/WebDriverAgent-bcmeffsllcldukgyoimwiehwhvyz/Build/Products/Debug-iphonesimulator -F/Applications/Xcode.app/Contents/Developer/Platforms/iPhoneSimulator.platform/Developer/Library/Frameworks -F/Applications/Xcode.app/Contents/Developer/Platforms/iPhoneSimulator.platform/Developer/Library/PrivateFrameworks -iframework /Applications/Xcode.app/Contents/Developer/Platforms/iPhoneSimulator.platform/Developer/SDKs/iPhoneSimulator16.0.sdk/Developer/Library/Frameworks -MMD -MT dependencies -MF /Users/oikhlas/Library/Developer/Xcode/DerivedData/WebDriverAgent-bcmeffsllcldukgyoimwiehwhvyz/Build/Intermediates.noindex/WebDriverAgent.build/Debug-iphonesimulator/WebDriverAgentLib.build/StaticAnalyzer/WebDriverAgent/WebDriverAgentLib/normal/x86_64/DDRange.d --analyze /Users/oikhlas/.appium/node_modules/appium-xcuitest-driver/node_modules/appium-webdriveragent/WebDriverAgentLib/Vendor/CocoaHTTPServer/Categories/DDRange.m -o /Users/oikhlas/Library/Developer/Xcode/DerivedData/WebDriverAgent-bcmeffsllcldukgyoimwiehwhvyz/Build/Intermediates.noindex/WebDriverAgent.build/Debug-iphonesimulator/WebDriverAgentLib.build/StaticAnalyzer/WebDriverAgent/WebDriverAgentLib/normal/x86_64/DDRange.plist
&amp#27;[38;5;173m[Xcode]&amp#27;[0m 
&amp#27;[38;5;173m[Xcode]&amp#27;[0m 
&amp#27;[38;5;173m[Xcode]&amp#27;[0m Analyze /Users/oikhlas/.appium/node_modules/appium-xcuitest-driver/node_modules/appium-webdriveragent/WebDriverAgentLib/Vendor/CocoaHTTPServer/Categories/DDNumber.m normal x86_64 (in target 'WebDriverAgentLib' from project 'WebDriverAgent')
&amp#27;[38;5;173m[Xcode]&amp#27;[0m     cd /Users/oikhlas/.appium/node_modules/appium-xcuitest-driver/node_modules/appium-webdriveragent
&amp#27;[38;5;173m[Xcode]&amp#27;[0m     /Applications/Xcode.app/Contents/Developer/Toolchains/XcodeDefault.xctoolchain/usr/bin/clang -x objective-c -target x86_64-apple-ios16.0-simulator -fmessage-length\=0 -fdiagnostics-show-note-include-stack -fmacro-backtrace-limit\=0 -std\=gnu99 -fobjc-arc -fmodules -gmodules -fmodules-cache-path\=/Users/oikhlas/Library/Developer/Xcode/DerivedData/WebDriverAgent-bcmeffsllcldukgyoimwiehwhvyz/ModuleCache.noindex -fmodules-prune-interval\=86400 -fmodules-prune-after\=345600 -fbuild-session-file\=/Users/oikhlas/Library/Developer/Xcode/DerivedData/WebDriverAgent-bcmeffsllcldukgyoimwiehwhvyz/ModuleCache.noindex/Session.modulevalidation -fmodules-validate-once-per-build-session -Wno-trigraphs -fpascal-strings -O0 -fno-common -Wmissing-field-initializers -Wno-missing-prototypes -Werror\=return-type -Wunreachable-code -Wquoted-include-in-framework-header -Wno-implicit-atomic-properties -Werror\=deprecated-objc-isa-usage -Wno-objc-interface-ivars -Werror\=objc-root-class -Warc-repeated-use-of-weak -Wno-arc-maybe-repeated-use-of-weak -Wimplicit-retain-self -Wduplicate-method-match -Wno-missing-braces -Wparentheses -Wswitch -Wunused-function -Wno-unused-label -Wunused-parameter -Wunused-variable -Wunused-value -Wempty-body -Wuninitialized -Wconditional-uninitialized -Wno-unknown-pragmas -pedantic -Wshadow -Wno-four-char-constants -Wconversion -Wconstant-conversion -Wint-conversion -Wbool-conversion -Wenum-conversion -Wfloat-conversion -Wnon-literal-null-conversion -Wobjc-literal-conversion -Wassign-enum -Wsign-compare -Wshorten-64-to-32 -Wpointer-sign -Wno-newline-eof -Wno-selector -Wno-strict-selector-match -Wundeclared-selector -Wdeprecated-implementations -Wno-implicit-fallthrough -DDEBUG\=1 -DOBJC_OLD_DISPATCH_PROTOTYPES\=0 -isysroot /Applications/Xcode.app/Contents/Developer/Platforms/iPhoneSimulator.platform/Developer/SDKs/iPhoneSimulator16.0.sdk -fasm-blocks -fstrict-aliasing -Wprotocol -Wdeprecated-declarations -g -Wno-sign-conversion -Winfinite-recursion -Wcomma -Wblock-capture-autoreleasing -Wstrict-prototypes -Wno-semicolon-before-method-body -fobjc-abi-version\=2 -fobjc-legacy-dispatch -D__clang_analyzer__ -Xclang -analyzer-output\=plist-multi-file -Xclang -analyzer-config -Xclang path-diagnostics-alternate\=true -Xclang -analyzer-config -Xclang report-in-main-source-file\=true -Xclang -analyzer-checker -Xclang optin.osx.cocoa.localizability.NonLocalizedStringChecker -Xclang -analyzer-checker -Xclang security.insecureAPI.UncheckedReturn -Xclang -analyzer-checker -Xclang security.insecureAPI.getpw -Xclang -analyzer-checker -Xclang security.insecureAPI.gets -Xclang -analyzer-checker -Xclang security.insecureAPI.mkstemp -Xclang -analyzer-checker -Xclang security.insecureAPI.mktemp -Xclang -analyzer-disable-checker -Xclang security.insecureAPI.rand -Xclang -analyzer-disable-checker -Xclang security.insecureAPI.strcpy -Xclang -analyzer-checker -Xclang security.insecureAPI.vfork -iquote /Users/oikhlas/Library/Developer/Xcode/DerivedData/WebDriverAgent-bcmeffsllcldukgyoimwiehwhvyz/Build/Intermediates.noindex/WebDriverAgent.build/Debug-iphonesimulator/WebDriverAgentLib.build/WebDriverAgentLib-generated-files.hmap -I/Users/oikhlas/Library/Developer/Xcode/DerivedData/WebDriverAgent-bcmeffsllcldukgyoimwiehwhvyz/Build/Intermediates.noindex/WebDriverAgent.build/Debug-iphonesimulator/WebDriverAgentLib.build/WebDriverAgentLib-own-target-headers.hmap -I/Users/oikhlas/Library/Developer/Xcode/DerivedData/WebDriverAgent-bcmeffsllcldukgyoimwiehwhvyz/Build/Intermediates.noindex/WebDriverAgent.build/Debug-iphonesimulator/WebDriverAgentLib.build/WebDriverAgentLib-all-target-headers.hmap -iquote /Users/oikhlas/Library/Developer/Xcode/DerivedData/WebDriverAgent-bcmeffsllcldukgyoimwiehwhvyz/Build/Intermediates.noindex/WebDriverAgent.build/Debug-iphonesimulator/WebDriverAgentLib.build/WebDriverAgentLib-project-headers.hmap -I/Users/oikhlas/Library/Developer/Xcode/DerivedData/WebDriverAgent-bcmeffsllcldukgyoimwiehwhvyz/Build/Products/Debug-iphonesimulator/include -I/Applications/Xcode.app/Contents/Developer/Platforms/iPhoneSimulator.platform/Developer/SDKs/iPhoneSimulator16.0.sdk/usr/include/libxml2 -I/Users/oikhlas/.appium/node_modules/appium-xcuitest-driver/node_modules/appium-webdriveragent/Modules -I/Users/oikhlas/Library/Developer/Xcode/DerivedData/WebDriverAgent-bcmeffsllcldukgyoimwiehwhvyz/Build/Intermediates.noindex/WebDriverAgent.build/Debug-iphonesimulator/WebDriverAgentLib.build/DerivedSources-normal/x86_64 -I/Users/oikhlas/Library/Developer/Xcode/DerivedData/WebDriverAgent-bcmeffsllcldukgyoimwiehwhvyz/Build/Intermediates.noindex/WebDriverAgent.build/Debug-iphonesimulator/WebDriverAgentLib.build/DerivedSources/x86_64 -I/Users/oikhlas/Library/Developer/Xcode/DerivedData/WebDriverAgent-bcmeffsllcldukgyoimwiehwhvyz/Build/Intermediates.noindex/WebDriverAgent.build/Debug-iphonesimulator/WebDriverAgentLib.build/DerivedSources -Weverything -Wno-objc-missing-property-synthesis -Wno-unused-macros -Wno-disabled-macro-expansion -Wno-gnu-statement-expression -Wno-language-extension-token -Wno-overriding-method-mismatch -Wno-missing-variable-declarations -Rno-module-build -Wno-auto-import -Wno-objc-interface-ivars -Wno-documentation-unknown-command -Wno-reserved-id-macro -Wno-unused-parameter -Wno-gnu-conditional-omitted-operand -Wno-explicit-ownership-type -Wno-date-time -Wno-cast-align -Wno-cstring-format-directive -Wno-double-promotion -Wno-partial-availability -Weverything -Wno-objc-missing-property-synthesis -Wno-unused-macros -Wno-disabled-macro-expansion -Wno-gnu-statement-expression -Wno-language-extension-token -Wno-overriding-method-mismatch -Wno-missing-variable-declarations -Rno-module-build -Wno-auto-import -Wno-objc-interface-ivars -Wno-documentation-unknown-command -Wno-reserved-id-macro -Wno-unused-parameter -Wno-gnu-conditional-omitted-operand -Wno-explicit-ownership-type -Wno-date-time -Wno-cast-align -Wno-cstring-format-directive -Wno-double-promotion -Wno-partial-availability -Wno-objc-messaging-id -Wno-direct-ivar-access -Wno-cast-qual -Wno-declaration-after-statement -F/Users/oikhlas/Library/Developer/Xcode/DerivedData/WebDriverAgent-bcmeffsllcldukgyoimwiehwhvyz/Build/Products/Debug-iphonesimulator -F/Applications/Xcode.app/Contents/Developer/Platforms/iPhoneSimulator.platform/Developer/Library/Frameworks -F/Applications/Xcode.app/Contents/Developer/Platforms/iPhoneSimulator.platform/Developer/Library/PrivateFrameworks -iframework /Applications/Xcode.app/Contents/Developer/Platforms/iPhoneSimulator.platform/Developer/SDKs/iPhoneSimulator16.0.sdk/Developer/Library/Frameworks -MMD -MT dependencies -MF /Users/oikhlas/Library/Developer/Xcode/DerivedData/WebDriverAgent-bcmeffsllcldukgyoimwiehwhvyz/Build/Intermediates.noindex/WebDriverAgent.build/Debug-iphonesimulator/WebDriverAgentLib.build/StaticAnalyzer/WebDriverAgent/WebDriverAgentLib/normal/x86_64/DDNumber.d --analyze /Users/oikhlas/.appium/node_modules/appium-xcuitest-driver/node_modules/appium-webdriveragent/WebDriverAgentLib/Vendor/CocoaHTTPServer/Categories/DDNumber.m -o /Users/oikhlas/Library/Developer/Xcode/DerivedData/WebDriverAgent-bcmeffsllcldukgyoimwiehwhvyz/Build/Intermediates.noindex/WebDriverAgent.build/Debug-iphonesimulator/WebDriverAgentLib.build/StaticAnalyzer/WebDriverAgent/WebDriverAgentLib/normal/x86_64/DDNumber.plist
&amp#27;[38;5;173m[Xcode]&amp#27;[0m 
&amp#27;[38;5;173m[Xcode]&amp#27;[0m 
&amp#27;[38;5;173m[Xcode]&amp#27;[0m Analyze /Users/oikhlas/.appium/node_modules/appium-xcuitest-driver/node_modules/appium-webdriveragent/WebDriverAgentLib/Utilities/XCUIApplicationProcessDelay.m normal x86_64 (in target 'WebDriverAgentLib' from project 'WebDriverAgent')
&amp#27;[38;5;173m[Xcode]&amp#27;[0m     cd /Users/oikhlas/.appium/node_modules/appium-xcuitest-driver/node_modules/appium-webdriveragent
&amp#27;[38;5;173m[Xcode]&amp#27;[0m     /Applications/Xcode.app/Contents/Developer/Toolchains/XcodeDefault.xctoolchain/usr/bin/clang -x objective-c -target x86_64-apple-ios16.0-simulator -fmessage-length\=0 -fdiagnostics-show-note-include-stack -fmacro-backtrace-limit\=0 -std\=gnu99 -fobjc-arc -fmodules -gmodules -fmodules-cache-path\=/Users/oikhlas/Library/Developer/Xcode/DerivedData/WebDriverAgent-bcmeffsllcldukgyoimwiehwhvyz/ModuleCache.noindex -fmodules-prune-interval\=86400 -fmodules-prune-after\=345600 -fbuild-session-file\=/Users/oikhlas/Library/Developer/Xcode/DerivedData/WebDriverAgent-bcmeffsllcldukgyoimwiehwhvyz/ModuleCache.noindex/Session.modulevalidation -fmodules-validate-once-per-build-session -Wno-trigraphs -fpascal-strings -O0 -fno-common -Wmissing-field-initializers -Wno-missing-prototypes -Werror\=return-type -Wunreachable-code -Wquoted-include-in-framework-header -Wno-implicit-atomic-properties -Werror\=deprecated-objc-isa-usage -Wno-objc-interface-ivars -Werror\=objc-root-class -Warc-repeated-use-of-weak -Wno-arc-maybe-repeated-use-of-weak -Wimplicit-retain-self -Wduplicate-method-match -Wno-missing-braces -Wparentheses -Wswitch -Wunused-function -Wno-unused-label -Wunused-parameter -Wunused-variable -Wunused-value -Wempty-body -Wuninitialized -Wconditional-uninitialized -Wno-unknown-pragmas -pedantic -Wshadow -Wno-four-char-constants -Wconversion -Wconstant-conversion -Wint-conversion -Wbool-conversion -Wenum-conversion -Wfloat-conversion -Wnon-literal-null-conversion -Wobjc-literal-conversion -Wassign-enum -Wsign-compare -Wshorten-64-to-32 -Wpointer-sign -Wno-newline-eof -Wno-selector -Wno-strict-selector-match -Wundeclared-selector -Wdeprecated-implementations -Wno-implicit-fallthrough -DDEBUG\=1 -DOBJC_OLD_DISPATCH_PROTOTYPES\=0 -isysroot /Applications/Xcode.app/Contents/Developer/Platforms/iPhoneSimulator.platform/Developer/SDKs/iPhoneSimulator16.0.sdk -fasm-blocks -fstrict-aliasing -Wprotocol -Wdeprecated-declarations -g -Wno-sign-conversion -Winfinite-recursion -Wcomma -Wblock-capture-autoreleasing -Wstrict-prototypes -Wno-semicolon-before-method-body -fobjc-abi-version\=2 -fobjc-legacy-dispatch -D__clang_analyzer__ -Xclang -analyzer-output\=plist-multi-file -Xclang -analyzer-config -Xclang path-diagnostics-alternate\=true -Xclang -analyzer-config -Xclang report-in-main-source-file\=true -Xclang -analyzer-checker -Xclang optin.osx.cocoa.localizability.NonLocalizedStringChecker -Xclang -analyzer-checker -Xclang security.insecureAPI.UncheckedReturn -Xclang -analyzer-checker -Xclang security.insecureAPI.getpw -Xclang -analyzer-checker -Xclang security.insecureAPI.gets -Xclang -analyzer-checker -Xclang security.insecureAPI.mkstemp -Xclang -analyzer-checker -Xclang security.insecureAPI.mktemp -Xclang -analyzer-disable-checker -Xclang security.insecureAPI.rand -Xclang -analyzer-disable-checker -Xclang security.insecureAPI.strcpy -Xclang -analyzer-checker -Xclang security.insecureAPI.vfork -iquote /Users/oikhlas/Library/Developer/Xcode/DerivedData/WebDriverAgent-bcmeffsllcldukgyoimwiehwhvyz/Build/Intermediates.noindex/WebDriverAgent.build/Debug-iphonesimulator/WebDriverAgentLib.build/WebDriverAgentLib-generated-files.hmap -I/Users/oikhlas/Library/Developer/Xcode/DerivedData/WebDriverAgent-bcmeffsllcldukgyoimwiehwhvyz/Build/Intermediates.noindex/WebDriverAgent.build/Debug-iphonesimulator/WebDriverAgentLib.build/WebDriverAgentLib-own-target-headers.hmap -I/Users/oikhlas/Library/Developer/Xcode/DerivedData/WebDriverAgent-bcmeffsllcldukgyoimwiehwhvyz/Build/Intermediates.noindex/WebDriverAgent.build/Debug-iphonesimulator/WebDriverAgentLib.build/WebDriverAgentLib-all-target-headers.hmap -iquote /Users/oikhlas/Library/Developer/Xcode/DerivedData/WebDriverAgent-bcmeffsllcldukgyoimwiehwhvyz/Build/Intermediates.noindex/WebDriverAgent.build/Debug-iphonesimulator/WebDriverAgentLib.build/WebDriverAgentLib-project-headers.hmap -I/Users/oikhlas/Library/Developer/Xcode/DerivedData/WebDriverAgent-bcmeffsllcldukgyoimwiehwhvyz/Build/Products/Debug-iphonesimulator/include -I/Applications/Xcode.app/Contents/Developer/Platforms/iPhoneSimulator.platform/Developer/SDKs/iPhoneSimulator16.0.sdk/usr/include/libxml2 -I/Users/oikhlas/.appium/node_modules/appium-xcuitest-driver/node_modules/appium-webdriveragent/Modules -I/Users/oikhlas/Library/Developer/Xcode/DerivedData/WebDriverAgent-bcmeffsllcldukgyoimwiehwhvyz/Build/Intermediates.noindex/WebDriverAgent.build/Debug-iphonesimulator/WebDriverAgentLib.build/DerivedSources-normal/x86_64 -I/Users/oikhlas/Library/Developer/Xcode/DerivedData/WebDriverAgent-bcmeffsllcldukgyoimwiehwhvyz/Build/Intermediates.noindex/WebDriverAgent.build/Debug-iphonesimulator/WebDriverAgentLib.build/DerivedSources/x86_64 -I/Users/oikhlas/Library/Developer/Xcode/DerivedData/WebDriverAgent-bcmeffsllcldukgyoimwiehwhvyz/Build/Intermediates.noindex/WebDriverAgent.build/Debug-iphonesimulator/WebDriverAgentLib.build/DerivedSources -Weverything -Wno-objc-missing-property-synthesis -Wno-unused-macros -Wno-disabled-macro-expansion -Wno-gnu-statement-expression -Wno-language-extension-token -Wno-overriding-method-mismatch -Wno-missing-variable-declarations -Rno-module-build -Wno-auto-import -Wno-objc-interface-ivars -Wno-documentation-unknown-command -Wno-reserved-id-macro -Wno-unused-parameter -Wno-gnu-conditional-omitted-operand -Wno-explicit-ownership-type -Wno-date-time -Wno-cast-align -Wno-cstring-format-directive -Wno-double-promotion -Wno-partial-availability -Weverything -Wno-objc-missing-property-synthesis -Wno-unused-macros -Wno-disabled-macro-expansion -Wno-gnu-statement-expression -Wno-language-extension-token -Wno-overriding-method-mismatch -Wno-missing-variable-declarations -Rno-module-build -Wno-auto-import -Wno-objc-interface-ivars -Wno-documentation-unknown-command -Wno-reserved-id-macro -Wno-unused-parameter -Wno-gnu-conditional-omitted-operand -Wno-explicit-ownership-type -Wno-date-time -Wno-cast-align -Wno-cstring-format-directive -Wno-double-promotion -Wno-partial-availability -Wno-objc-messaging-id -Wno-direct-ivar-access -Wno-cast-qual -Wno-declaration-after-statement -F/Users/oikhlas/Library/Developer/Xcode/DerivedData/WebDriverAgent-bcmeffsllcldukgyoimwiehwhvyz/Build/Products/Debug-iphonesimulator -F/Applications/Xcode.app/Contents/Developer/Platforms/iPhoneSimulator.platform/Developer/Library/Frameworks -F/Applications/Xcode.app/Contents/Developer/Platforms/iPhoneSimulator.platform/Developer/Library/PrivateFrameworks -iframework /Applications/Xcode.app/Contents/Developer/Platforms/iPhoneSimulator.platform/Developer/SDKs/iPhoneSimulator16.0.sdk/Developer/Library/Frameworks -MMD -MT dependencies -MF /Users/oikhlas/Library/Developer/Xcode/DerivedData/WebDriverAgent-bcmeffsllcldukgyoimwiehwhvyz/Build/Intermediates.noindex/WebDriverAgent.build/Debug-iphonesimulator/WebDriverAgentLib.build/StaticAnalyzer/WebDriverAgent/WebDriverAgentLib/normal/x86_64/XCUIApplicationProcessDelay.d --analyze /Users/oikhlas/.appium/node_modules/appium-xcuitest-driver/node_modules/appium-webdriveragent/WebDriverAgentLib/Utilities/XCUIApplicationProcessDelay.m -o /Users/oikhlas/Library/Developer/Xcode/DerivedData/WebDriverAgent-bcmeffsllcldukgyoimwiehwhvyz/Build/Intermediates.noindex/WebDriverAgent.build/Debug-iphonesimulator/WebDriverAgentLib.build/StaticAnalyzer/WebDriverAgent/WebDriverAgentLib/normal/x86_64/XCUIApplicationProcessDelay.plist
&amp#27;[38;5;173m[Xcode]&amp#27;[0m 
&amp#27;[38;5;173m[Xcode]&amp#27;[0m 
&amp#27;[38;5;173m[Xcode]&amp#27;[0m Analyze /Users/oikhlas/.appium/node_modules/appium-xcuitest-driver/node_modules/appium-webdriveragent/WebDriverAgentLib/Utilities/XCTestPrivateSymbols.m normal x86_64 (in target 'WebDriverAgentLib' from project 'WebDriverAgent')
&amp#27;[38;5;173m[Xcode]&amp#27;[0m     cd /Users/oikhlas/.appium/node_modules/appium-xcuitest-driver/node_modules/appium-webdriveragent
&amp#27;[38;5;173m[Xcode]&amp#27;[0m     /Applications/Xcode.app/Contents/Developer/Toolchains/XcodeDefault.xctoolchain/usr/bin/clang -x objective-c -target x86_64-apple-ios16.0-simulator -fmessage-length\=0 -fdiagnostics-show-note-include-stack -fmacro-backtrace-limit\=0 -std\=gnu99 -fobjc-arc -fmodules -gmodules -fmodules-cache-path\=/Users/oikhlas/Library/Developer/Xcode/DerivedData/WebDriverAgent-bcmeffsllcldukgyoimwiehwhvyz/ModuleCache.noindex -fmodules-prune-interval\=86400 -fmodules-prune-after\=345600 -fbuild-session-file\=/Users/oikhlas/Library/Developer/Xcode/DerivedData/WebDriverAgent-bcmeffsllcldukgyoimwiehwhvyz/ModuleCache.noindex/Session.modulevalidation -fmodules-validate-once-per-build-session -Wno-trigraphs -fpascal-strings -O0 -fno-common -Wmissing-field-initializers -Wno-missing-prototypes -Werror\=return-type -Wunreachable-code -Wquoted-include-in-framework-header -Wno-implicit-atomic-properties -Werror\=deprecated-objc-isa-usage -Wno-objc-interface-ivars -Werror\=objc-root-class -Warc-repeated-use-of-weak -Wno-arc-maybe-repeated-use-of-weak -Wimplicit-retain-self -Wduplicate-method-match -Wno-missing-braces -Wparentheses -Wswitch -Wunused-function -Wno-unused-label -Wunused-parameter -Wunused-variable -Wunused-value -Wempty-body -Wuninitialized -Wconditional-uninitialized -Wno-unknown-pragmas -pedantic -Wshadow -Wno-four-char-constants -Wconversion -Wconstant-conversion -Wint-conversion -Wbool-conversion -Wenum-conversion -Wfloat-conversion -Wnon-literal-null-conversion -Wobjc-literal-conversion -Wassign-enum -Wsign-compare -Wshorten-64-to-32 -Wpointer-sign -Wno-newline-eof -Wno-selector -Wno-strict-selector-match -Wundeclared-selector -Wdeprecated-implementations -Wno-implicit-fallthrough -DDEBUG\=1 -DOBJC_OLD_DISPATCH_PROTOTYPES\=0 -isysroot /Applications/Xcode.app/Contents/Developer/Platforms/iPhoneSimulator.platform/Developer/SDKs/iPhoneSimulator16.0.sdk -fasm-blocks -fstrict-aliasing -Wprotocol -Wdeprecated-declarations -g -Wno-sign-conversion -Winfinite-recursion -Wcomma -Wblock-capture-autoreleasing -Wstrict-prototypes -Wno-semicolon-before-method-body -fobjc-abi-version\=2 -fobjc-legacy-dispatch -D__clang_analyzer__ -Xclang -analyzer-output\=plist-multi-file -Xclang -analyzer-config -Xclang path-diagnostics-alternate\=true -Xclang -analyzer-config -Xclang report-in-main-source-file\=true -Xclang -analyzer-checker -Xclang optin.osx.cocoa.localizability.NonLocalizedStringChecker -Xclang -analyzer-checker -Xclang security.insecureAPI.UncheckedReturn -Xclang -analyzer-checker -Xclang security.insecureAPI.getpw -Xclang -analyzer-checker -Xclang security.insecureAPI.gets -Xclang -analyzer-checker -Xclang security.insecureAPI.mkstemp -Xclang -analyzer-checker -Xclang security.insecureAPI.mktemp -Xclang -analyzer-disable-checker -Xclang security.insecureAPI.rand -Xclang -analyzer-disable-checker -Xclang security.insecureAPI.strcpy -Xclang -analyzer-checker -Xclang security.insecureAPI.vfork -iquote /Users/oikhlas/Library/Developer/Xcode/DerivedData/WebDriverAgent-bcmeffsllcldukgyoimwiehwhvyz/Build/Intermediates.noindex/WebDriverAgent.build/Debug-iphonesimulator/WebDriverAgentLib.build/WebDriverAgentLib-generated-files.hmap -I/Users/oikhlas/Library/Developer/Xcode/DerivedData/WebDriverAgent-bcmeffsllcldukgyoimwiehwhvyz/Build/Intermediates.noindex/WebDriverAgent.build/Debug-iphonesimulator/WebDriverAgentLib.build/WebDriverAgentLib-own-target-headers.hmap -I/Users/oikhlas/Library/Developer/Xcode/DerivedData/WebDriverAgent-bcmeffsllcldukgyoimwiehwhvyz/Build/Intermediates.noindex/WebDriverAgent.build/Debug-iphonesimulator/WebDriverAgentLib.build/WebDriverAgentLib-all-target-headers.hmap -iquote /Users/oikhlas/Library/Developer/Xcode/DerivedData/WebDriverAgent-bcmeffsllcldukgyoimwiehwhvyz/Build/Intermediates.noindex/WebDriverAgent.build/Debug-iphonesimulator/WebDriverAgentLib.build/WebDriverAgentLib-project-headers.hmap -I/Users/oikhlas/Library/Developer/Xcode/DerivedData/WebDriverAgent-bcmeffsllcldukgyoimwiehwhvyz/Build/Products/Debug-iphonesimulator/include -I/Applications/Xcode.app/Contents/Developer/Platforms/iPhoneSimulator.platform/Developer/SDKs/iPhoneSimulator16.0.sdk/usr/include/libxml2 -I/Users/oikhlas/.appium/node_modules/appium-xcuitest-driver/node_modules/appium-webdriveragent/Modules -I/Users/oikhlas/Library/Developer/Xcode/DerivedData/WebDriverAgent-bcmeffsllcldukgyoimwiehwhvyz/Build/Intermediates.noindex/WebDriverAgent.build/Debug-iphonesimulator/WebDriverAgentLib.build/DerivedSources-normal/x86_64 -I/Users/oikhlas/Library/Developer/Xcode/DerivedData/WebDriverAgent-bcmeffsllcldukgyoimwiehwhvyz/Build/Intermediates.noindex/WebDriverAgent.build/Debug-iphonesimulator/WebDriverAgentLib.build/DerivedSources/x86_64 -I/Users/oikhlas/Library/Developer/Xcode/DerivedData/WebDriverAgent-bcmeffsllcldukgyoimwiehwhvyz/Build/Intermediates.noindex/WebDriverAgent.build/Debug-iphonesimulator/WebDriverAgentLib.build/DerivedSources -Weverything -Wno-objc-missing-property-synthesis -Wno-unused-macros -Wno-disabled-macro-expansion -Wno-gnu-statement-expression -Wno-language-extension-token -Wno-overriding-method-mismatch -Wno-missing-variable-declarations -Rno-module-build -Wno-auto-import -Wno-objc-interface-ivars -Wno-documentation-unknown-command -Wno-reserved-id-macro -Wno-unused-parameter -Wno-gnu-conditional-omitted-operand -Wno-explicit-ownership-type -Wno-date-time -Wno-cast-align -Wno-cstring-format-directive -Wno-double-promotion -Wno-partial-availability -Weverything -Wno-objc-missing-property-synthesis -Wno-unused-macros -Wno-disabled-macro-expansion -Wno-gnu-statement-expression -Wno-language-extension-token -Wno-overriding-method-mismatch -Wno-missing-variable-declarations -Rno-module-build -Wno-auto-import -Wno-objc-interface-ivars -Wno-documentation-unknown-command -Wno-reserved-id-macro -Wno-unused-parameter -Wno-gnu-conditional-omitted-operand -Wno-explicit-ownership-type -Wno-date-time -Wno-cast-align -Wno-cstring-format-directive -Wno-double-promotion -Wno-partial-availability -Wno-objc-messaging-id -Wno-direct-ivar-access -Wno-cast-qual -Wno-declaration-after-statement -F/Users/oikhlas/Library/Developer/Xcode/DerivedData/WebDriverAgent-bcmeffsllcldukgyoimwiehwhvyz/Build/Products/Debug-iphonesimulator -F/Applications/Xcode.app/Contents/Developer/Platforms/iPhoneSimulator.platform/Developer/Library/Frameworks -F/Applications/Xcode.app/Contents/Developer/Platforms/iPhoneSimulator.platform/Developer/Library/PrivateFrameworks -iframework /Applications/Xcode.app/Contents/Developer/Platforms/iPhoneSimulator.platform/Developer/SDKs/iPhoneSimulator16.0.sdk/Developer/Library/Frameworks -MMD -MT dependencies -MF /Users/oikhlas/Library/Developer/Xcode/DerivedData/WebDriverAgent-bcmeffsllcldukgyoimwiehwhvyz/Build/Intermediates.noindex/WebDriverAgent.build/Debug-iphonesimulator/WebDriverAgentLib.build/StaticAnalyzer/WebDriverAgent/WebDriverAgentLib/normal/x86_64/XCTestPrivateSymbols.d --analyze /Users/oikhlas/.appium/node_modules/appium-xcuitest-driver/node_modules/appium-webdriveragent/WebDriverAgentLib/Utilities/XCTestPrivateSymbols.m -o /Users/oikhlas/Library/Developer/Xcode/DerivedData/WebDriverAgent-bcmeffsllcldukgyoimwiehwhvyz/Build/Intermediates.noindex/WebDriverAgent.build/Debug-iphonesimulator/WebDriverAgentLib.build/StaticAnalyzer/WebDriverAgent/WebDriverAgentLib/normal/x86_64/XCTestPrivateSymbols.plist
&amp#27;[38;5;173m[Xcode]&amp#27;[0m 
&amp#27;[38;5;173m[Xcode]&amp#27;[0m 
&amp#27;[38;5;173m[Xcode]&amp#27;[0m Analyze /Users/oikhlas/.appium/node_modules/appium-xcuitest-driver/node_modules/appium-webdriveragent/WebDriverAgentLib/Utilities/NSPredicate+FBFormat.m normal x86_64 (in target 'WebDriverAgentLib' from project 'WebDriverAgent')
&amp#27;[38;5;173m[Xcode]&amp#27;[0m     cd /Users/oikhlas/.appium/node_modules/appium-xcuitest-driver/node_modules/appium-webdriveragent
&amp#27;[38;5;173m[Xcode]&amp#27;[0m     /Applications/Xcode.app/Contents/Developer/Toolchains/XcodeDefault.xctoolchain/usr/bin/clang -x objective-c -target x86_64-apple-ios16.0-simulator -fmessage-length\=0 -fdiagnostics-show-note-include-stack -fmacro-backtrace-limit\=0 -std\=gnu99 -fobjc-arc -fmodules -gmodules -fmodules-cache-path\=/Users/oikhlas/Library/Developer/Xcode/DerivedData/WebDriverAgent-bcmeffsllcldukgyoimwiehwhvyz/ModuleCache.noindex -fmodules-prune-interval\=86400 -fmodules-prune-after\=345600 -fbuild-session-file\=/Users/oikhlas/Library/Developer/Xcode/DerivedData/WebDriverAgent-bcmeffsllcldukgyoimwiehwhvyz/ModuleCache.noindex/Session.modulevalidation -fmodules-validate-once-per-build-session -Wno-trigraphs -fpascal-strings -O0 -fno-common -Wmissing-field-initializers -Wno-missing-prototypes -Werror\=return-type -Wunreachable-code -Wquoted-include-in-framework-header -Wno-implicit-atomic-properties -Werror\=deprecated-objc-isa-usage -Wno-objc-interface-ivars -Werror\=objc-root-class -Warc-repeated-use-of-weak -Wno-arc-maybe-repeated-use-of-weak -Wimplicit-retain-self -Wduplicate-method-match -Wno-missing-braces -Wparentheses -Wswitch -Wunused-function -Wno-unused-label -Wunused-parameter -Wunused-variable -Wunused-value -Wempty-body -Wuninitialized -Wconditional-uninitialized -Wno-unknown-pragmas -pedantic -Wshadow -Wno-four-char-constants -Wconversion -Wconstant-conversion -Wint-conversion -Wbool-conversion -Wenum-conversion -Wfloat-conversion -Wnon-literal-null-conversion -Wobjc-literal-conversion -Wassign-enum -Wsign-compare -Wshorten-64-to-32 -Wpointer-sign -Wno-newline-eof -Wno-selector -Wno-strict-selector-match -Wundeclared-selector -Wdeprecated-implementations -Wno-implicit-fallthrough -DDEBUG\=1 -DOBJC_OLD_DISPATCH_PROTOTYPES\=0 -isysroot /Applications/Xcode.app/Contents/Developer/Platforms/iPhoneSimulator.platform/Developer/SDKs/iPhoneSimulator16.0.sdk -fasm-blocks -fstrict-aliasing -Wprotocol -Wdeprecated-declarations -g -Wno-sign-conversion -Winfinite-recursion -Wcomma -Wblock-capture-autoreleasing -Wstrict-prototypes -Wno-semicolon-before-method-body -fobjc-abi-version\=2 -fobjc-legacy-dispatch -D__clang_analyzer__ -Xclang -analyzer-output\=plist-multi-file -Xclang -analyzer-config -Xclang path-diagnostics-alternate\=true -Xclang -analyzer-config -Xclang report-in-main-source-file\=true -Xclang -analyzer-checker -Xclang optin.osx.cocoa.localizability.NonLocalizedStringChecker -Xclang -analyzer-checker -Xclang security.insecureAPI.UncheckedReturn -Xclang -analyzer-checker -Xclang security.insecureAPI.getpw -Xclang -analyzer-checker -Xclang security.insecureAPI.gets -Xclang -analyzer-checker -Xclang security.insecureAPI.mkstemp -Xclang -analyzer-checker -Xclang security.insecureAPI.mktemp -Xclang -analyzer-disable-checker -Xclang security.insecureAPI.rand -Xclang -analyzer-disable-checker -Xclang security.insecureAPI.strcpy -Xclang -analyzer-checker -Xclang security.insecureAPI.vfork -iquote /Users/oikhlas/Library/Developer/Xcode/DerivedData/WebDriverAgent-bcmeffsllcldukgyoimwiehwhvyz/Build/Intermediates.noindex/WebDriverAgent.build/Debug-iphonesimulator/WebDriverAgentLib.build/WebDriverAgentLib-generated-files.hmap -I/Users/oikhlas/Library/Developer/Xcode/DerivedData/WebDriverAgent-bcmeffsllcldukgyoimwiehwhvyz/Build/Intermediates.noindex/WebDriverAgent.build/Debug-iphonesimulator/WebDriverAgentLib.build/WebDriverAgentLib-own-target-headers.hmap -I/Users/oikhlas/Library/Developer/Xcode/DerivedData/WebDriverAgent-bcmeffsllcldukgyoimwiehwhvyz/Build/Intermediates.noindex/WebDriverAgent.build/Debug-iphonesimulator/WebDriverAgentLib.build/WebDriverAgentLib-all-target-headers.hmap -iquote /Users/oikhlas/Library/Developer/Xcode/DerivedData/WebDriverAgent-bcmeffsllcldukgyoimwiehwhvyz/Build/Intermediates.noindex/WebDriverAgent.build/Debug-iphonesimulator/WebDriverAgentLib.build/WebDriverAgentLib-project-headers.hmap -I/Users/oikhlas/Library/Developer/Xcode/DerivedData/WebDriverAgent-bcmeffsllcldukgyoimwiehwhvyz/Build/Products/Debug-iphonesimulator/include -I/Applications/Xcode.app/Contents/Developer/Platforms/iPhoneSimulator.platform/Developer/SDKs/iPhoneSimulator16.0.sdk/usr/include/libxml2 -I/Users/oikhlas/.appium/node_modules/appium-xcuitest-driver/node_modules/appium-webdriveragent/Modules -I/Users/oikhlas/Library/Developer/Xcode/DerivedData/WebDriverAgent-bcmeffsllcldukgyoimwiehwhvyz/Build/Intermediates.noindex/WebDriverAgent.build/Debug-iphonesimulator/WebDriverAgentLib.build/DerivedSources-normal/x86_64 -I/Users/oikhlas/Library/Developer/Xcode/DerivedData/WebDriverAgent-bcmeffsllcldukgyoimwiehwhvyz/Build/Intermediates.noindex/WebDriverAgent.build/Debug-iphonesimulator/WebDriverAgentLib.build/DerivedSources/x86_64 -I/Users/oikhlas/Library/Developer/Xcode/DerivedData/WebDriverAgent-bcmeffsllcldukgyoimwiehwhvyz/Build/Intermediates.noindex/WebDriverAgent.build/Debug-iphonesimulator/WebDriverAgentLib.build/DerivedSources -Weverything -Wno-objc-missing-property-synthesis -Wno-unused-macros -Wno-disabled-macro-expansion -Wno-gnu-statement-expression -Wno-language-extension-token -Wno-overriding-method-mismatch -Wno-missing-variable-declarations -Rno-module-build -Wno-auto-import -Wno-objc-interface-ivars -Wno-documentation-unknown-command -Wno-reserved-id-macro -Wno-unused-parameter -Wno-gnu-conditional-omitted-operand -Wno-explicit-ownership-type -Wno-date-time -Wno-cast-align -Wno-cstring-format-directive -Wno-double-promotion -Wno-partial-availability -Weverything -Wno-objc-missing-property-synthesis -Wno-unused-macros -Wno-disabled-macro-expansion -Wno-gnu-statement-expression -Wno-language-extension-token -Wno-overriding-method-mismatch -Wno-missing-variable-declarations -Rno-module-build -Wno-auto-import -Wno-objc-interface-ivars -Wno-documentation-unknown-command -Wno-reserved-id-macro -Wno-unused-parameter -Wno-gnu-conditional-omitted-operand -Wno-explicit-ownership-type -Wno-date-time -Wno-cast-align -Wno-cstring-format-directive -Wno-double-promotion -Wno-partial-availability -Wno-objc-messaging-id -Wno-direct-ivar-access -Wno-cast-qual -Wno-declaration-after-statement -F/Users/oikhlas/Library/Developer/Xcode/DerivedData/WebDriverAgent-bcmeffsllcldukgyoimwiehwhvyz/Build/Products/Debug-iphonesimulator -F/Applications/Xcode.app/Contents/Developer/Platforms/iPhoneSimulator.platform/Developer/Library/Frameworks -F/Applications/Xcode.app/Contents/Developer/Platforms/iPhoneSimulator.platform/Developer/Library/PrivateFrameworks -iframework /Applications/Xcode.app/Contents/Developer/Platforms/iPhoneSimulator.platform/Developer/SDKs/iPhoneSimulator16.0.sdk/Developer/Library/Frameworks -MMD -MT dependencies -MF /Users/oikhlas/Library/Developer/Xcode/DerivedData/WebDriverAgent-bcmeffsllcldukgyoimwiehwhvyz/Build/Intermediates.noindex/WebDriverAgent.build/Debug-iphonesimulator/WebDriverAgentLib.build/StaticAnalyzer/WebDriverAgent/WebDriverAgentLib/normal/x86_64/NSPredicate+FBFormat.d --analyze /Users/oikhlas/.appium/node_modules/appium-xcuitest-driver/node_modules/appium-webdriveragent/WebDriverAgentLib/Utilities/NSPredicate+FBFormat.m -o /Users/oikhlas/Library/Developer/Xcode/DerivedData/WebDriverAgent-bcmeffsllcldukgyoimwiehwhvyz/Build/Intermediates.noindex/WebDriverAgent.build/Debug-iphonesimulator/WebDriverAgentLib.build/StaticAnalyzer/WebDriverAgent/WebDriverAgentLib/normal/x86_64/NSPredicate+FBFormat.plist
&amp#27;[38;5;173m[Xcode]&amp#27;[0m 
&amp#27;[38;5;173m[Xcode]&amp#27;[0m 
&amp#27;[38;5;173m[Xcode]&amp#27;[0m Analyze /Users/oikhlas/.appium/node_modules/appium-xcuitest-driver/node_modules/appium-webdriveragent/WebDriverAgentLib/Utilities/LRUCache/LRUCacheNode.m normal x86_64 (in target 'WebDriverAgentLib' from project 'WebDriverAgent')
&amp#27;[38;5;173m[Xcode]&amp#27;[0m     cd /Users/oikhlas/.appium/node_modules/appium-xcuitest-driver/node_modules/appium-webdriveragent
&amp#27;[38;5;173m[Xcode]&amp#27;[0m     /Applications/Xcode.app/Contents/Developer/Toolchains/XcodeDefault.xctoolchain/usr/bin/clang -x objective-c -target x86_64-apple-ios16.0-simulator -fmessage-length\=0 -fdiagnostics-show-note-include-stack -fmacro-backtrace-limit\=0 -std\=gnu99 -fobjc-arc -fmodules -gmodules -fmodules-cache-path\=/Users/oikhlas/Library/Developer/Xcode/DerivedData/WebDriverAgent-bcmeffsllcldukgyoimwiehwhvyz/ModuleCache.noindex -fmodules-prune-interval\=86400 -fmodules-prune-after\=345600 -fbuild-session-file\=/Users/oikhlas/Library/Developer/Xcode/DerivedData/WebDriverAgent-bcmeffsllcldukgyoimwiehwhvyz/ModuleCache.noindex/Session.modulevalidation -fmodules-validate-once-per-build-session -Wno-trigraphs -fpascal-strings -O0 -fno-common -Wmissing-field-initializers -Wno-missing-prototypes -Werror\=return-type -Wunreachable-code -Wquoted-include-in-framework-header -Wno-implicit-atomic-properties -Werror\=deprecated-objc-isa-usage -Wno-objc-interface-ivars -Werror\=objc-root-class -Warc-repeated-use-of-weak -Wno-arc-maybe-repeated-use-of-weak -Wimplicit-retain-self -Wduplicate-method-match -Wno-missing-braces -Wparentheses -Wswitch -Wunused-function -Wno-unused-label -Wunused-parameter -Wunused-variable -Wunused-value -Wempty-body -Wuninitialized -Wconditional-uninitialized -Wno-unknown-pragmas -pedantic -Wshadow -Wno-four-char-constants -Wconversion -Wconstant-conversion -Wint-conversion -Wbool-conversion -Wenum-conversion -Wfloat-conversion -Wnon-literal-null-conversion -Wobjc-literal-conversion -Wassign-enum -Wsign-compare -Wshorten-64-to-32 -Wpointer-sign -Wno-newline-eof -Wno-selector -Wno-strict-selector-match -Wundeclared-selector -Wdeprecated-implementations -Wno-implicit-fallthrough -DDEBUG\=1 -DOBJC_OLD_DISPATCH_PROTOTYPES\=0 -isysroot /Applications/Xcode.app/Contents/Developer/Platforms/iPhoneSimulator.platform/Developer/SDKs/iPhoneSimulator16.0.sdk -fasm-blocks -fstrict-aliasing -Wprotocol -Wdeprecated-declarations -g -Wno-sign-conversion -Winfinite-recursion -Wcomma -Wblock-capture-autoreleasing -Wstrict-prototypes -Wno-semicolon-before-method-body -fobjc-abi-version\=2 -fobjc-legacy-dispatch -D__clang_analyzer__ -Xclang -analyzer-output\=plist-multi-file -Xclang -analyzer-config -Xclang path-diagnostics-alternate\=true -Xclang -analyzer-config -Xclang report-in-main-source-file\=true -Xclang -analyzer-checker -Xclang optin.osx.cocoa.localizability.NonLocalizedStringChecker -Xclang -analyzer-checker -Xclang security.insecureAPI.UncheckedReturn -Xclang -analyzer-checker -Xclang security.insecureAPI.getpw -Xclang -analyzer-checker -Xclang security.insecureAPI.gets -Xclang -analyzer-checker -Xclang security.insecureAPI.mkstemp -Xclang -analyzer-checker -Xclang security.insecureAPI.mktemp -Xclang -analyzer-disable-checker -Xclang security.insecureAPI.rand -Xclang -analyzer-disable-checker -Xclang security.insecureAPI.strcpy -Xclang -analyzer-checker -Xclang security.insecureAPI.vfork -iquote /Users/oikhlas/Library/Developer/Xcode/DerivedData/WebDriverAgent-bcmeffsllcldukgyoimwiehwhvyz/Build/Intermediates.noindex/WebDriverAgent.build/Debug-iphonesimulator/WebDriverAgentLib.build/WebDriverAgentLib-generated-files.hmap -I/Users/oikhlas/Library/Developer/Xcode/DerivedData/WebDriverAgent-bcmeffsllcldukgyoimwiehwhvyz/Build/Intermediates.noindex/WebDriverAgent.build/Debug-iphonesimulator/WebDriverAgentLib.build/WebDriverAgentLib-own-target-headers.hmap -I/Users/oikhlas/Library/Developer/Xcode/DerivedData/WebDriverAgent-bcmeffsllcldukgyoimwiehwhvyz/Build/Intermediates.noindex/WebDriverAgent.build/Debug-iphonesimulator/WebDriverAgentLib.build/WebDriverAgentLib-all-target-headers.hmap -iquote /Users/oikhlas/Library/Developer/Xcode/DerivedData/WebDriverAgent-bcmeffsllcldukgyoimwiehwhvyz/Build/Intermediates.noindex/WebDriverAgent.build/Debug-iphonesimulator/WebDriverAgentLib.build/WebDriverAgentLib-project-headers.hmap -I/Users/oikhlas/Library/Developer/Xcode/DerivedData/WebDriverAgent-bcmeffsllcldukgyoimwiehwhvyz/Build/Products/Debug-iphonesimulator/include -I/Applications/Xcode.app/Contents/Developer/Platforms/iPhoneSimulator.platform/Developer/SDKs/iPhoneSimulator16.0.sdk/usr/include/libxml2 -I/Users/oikhlas/.appium/node_modules/appium-xcuitest-driver/node_modules/appium-webdriveragent/Modules -I/Users/oikhlas/Library/Developer/Xcode/DerivedData/WebDriverAgent-bcmeffsllcldukgyoimwiehwhvyz/Build/Intermediates.noindex/WebDriverAgent.build/Debug-iphonesimulator/WebDriverAgentLib.build/DerivedSources-normal/x86_64 -I/Users/oikhlas/Library/Developer/Xcode/DerivedData/WebDriverAgent-bcmeffsllcldukgyoimwiehwhvyz/Build/Intermediates.noindex/WebDriverAgent.build/Debug-iphonesimulator/WebDriverAgentLib.build/DerivedSources/x86_64 -I/Users/oikhlas/Library/Developer/Xcode/DerivedData/WebDriverAgent-bcmeffsllcldukgyoimwiehwhvyz/Build/Intermediates.noindex/WebDriverAgent.build/Debug-iphonesimulator/WebDriverAgentLib.build/DerivedSources -Weverything -Wno-objc-missing-property-synthesis -Wno-unused-macros -Wno-disabled-macro-expansion -Wno-gnu-statement-expression -Wno-language-extension-token -Wno-overriding-method-mismatch -Wno-missing-variable-declarations -Rno-module-build -Wno-auto-import -Wno-objc-interface-ivars -Wno-documentation-unknown-command -Wno-reserved-id-macro -Wno-unused-parameter -Wno-gnu-conditional-omitted-operand -Wno-explicit-ownership-type -Wno-date-time -Wno-cast-align -Wno-cstring-format-directive -Wno-double-promotion -Wno-partial-availability -Weverything -Wno-objc-missing-property-synthesis -Wno-unused-macros -Wno-disabled-macro-expansion -Wno-gnu-statement-expression -Wno-language-extension-token -Wno-overriding-method-mismatch -Wno-missing-variable-declarations -Rno-module-build -Wno-auto-import -Wno-objc-interface-ivars -Wno-documentation-unknown-command -Wno-reserved-id-macro -Wno-unused-parameter -Wno-gnu-conditional-omitted-operand -Wno-explicit-ownership-type -Wno-date-time -Wno-cast-align -Wno-cstring-format-directive -Wno-double-promotion -Wno-partial-availability -Wno-objc-messaging-id -Wno-direct-ivar-access -Wno-cast-qual -Wno-declaration-after-statement -F/Users/oikhlas/Library/Developer/Xcode/DerivedData/WebDriverAgent-bcmeffsllcldukgyoimwiehwhvyz/Build/Products/Debug-iphonesimulator -F/Applications/Xcode.app/Contents/Developer/Platforms/iPhoneSimulator.platform/Developer/Library/Frameworks -F/Applications/Xcode.app/Contents/Developer/Platforms/iPhoneSimulator.platform/Developer/Library/PrivateFrameworks -iframework /Applications/Xcode.app/Contents/Developer/Platforms/iPhoneSimulator.platform/Developer/SDKs/iPhoneSimulator16.0.sdk/Developer/Library/Frameworks -MMD -MT dependencies -MF /Users/oikhlas/Library/Developer/Xcode/DerivedData/WebDriverAgent-bcmeffsllcldukgyoimwiehwhvyz/Build/Intermediates.noindex/WebDriverAgent.build/Debug-iphonesimulator/WebDriverAgentLib.build/StaticAnalyzer/WebDriverAgent/WebDriverAgentLib/normal/x86_64/LRUCacheNode.d --analyze /Users/oikhlas/.appium/node_modules/appium-xcuitest-driver/node_modules/appium-webdriveragent/WebDriverAgentLib/Utilities/LRUCache/LRUCacheNode.m -o /Users/oikhlas/Library/Developer/Xcode/DerivedData/WebDriverAgent-bcmeffsllcldukgyoimwiehwhvyz/Build/Intermediates.noindex/WebDriverAgent.build/Debug-iphonesimulator/WebDriverAgentLib.build/StaticAnalyzer/WebDriverAgent/WebDriverAgentLib/normal/x86_64/LRUCacheNode.plist
&amp#27;[38;5;173m[Xcode]&amp#27;[0m 
&amp#27;[38;5;173m[Xcode]&amp#27;[0m 
&amp#27;[38;5;173m[Xcode]&amp#27;[0m Analyze /Users/oikhlas/.appium/node_modules/appium-xcuitest-driver/node_modules/appium-webdriveragent/WebDriverAgentLib/Utilities/LRUCache/LRUCache.m normal x86_64 (in target 'WebDriverAgentLib' from project 'WebDriverAgent')
&amp#27;[38;5;173m[Xcode]&amp#27;[0m     cd /Users/oikhlas/.appium/node_modules/appium-xcuitest-driver/node_modules/appium-webdriveragent
&amp#27;[38;5;173m[Xcode]&amp#27;[0m     /Applications/Xcode.app/Contents/Developer/Toolchains/XcodeDefault.xctoolchain/usr/bin/clang -x objective-c -target x86_64-apple-ios16.0-simulator -fmessage-length\=0 -fdiagnostics-show-note-include-stack -fmacro-backtrace-limit\=0 -std\=gnu99 -fobjc-arc -fmodules -gmodules -fmodules-cache-path\=/Users/oikhlas/Library/Developer/Xcode/DerivedData/WebDriverAgent-bcmeffsllcldukgyoimwiehwhvyz/ModuleCache.noindex -fmodules-prune-interval\=86400 -fmodules-prune-after\=345600 -fbuild-session-file\=/Users/oikhlas/Library/Developer/Xcode/DerivedData/WebDriverAgent-bcmeffsllcldukgyoimwiehwhvyz/ModuleCache.noindex/Session.modulevalidation -fmodules-validate-once-per-build-session -Wno-trigraphs -fpascal-strings -O0 -fno-common -Wmissing-field-initializers -Wno-missing-prototypes -Werror\=return-type -Wunreachable-code -Wquoted-include-in-framework-header -Wno-implicit-atomic-properties -Werror\=deprecated-objc-isa-usage -Wno-objc-interface-ivars -Werror\=objc-root-class -Warc-repeated-use-of-weak -Wno-arc-maybe-repeated-use-of-weak -Wimplicit-retain-self -Wduplicate-method-match -Wno-missing-braces -Wparentheses -Wswitch -Wunused-function -Wno-unused-label -Wunused-parameter -Wunused-variable -Wunused-value -Wempty-body -Wuninitialized -Wconditional-uninitialized -Wno-unknown-pragmas -pedantic -Wshadow -Wno-four-char-constants -Wconversion -Wconstant-conversion -Wint-conversion -Wbool-conversion -Wenum-conversion -Wfloat-conversion -Wnon-literal-null-conversion -Wobjc-literal-conversion -Wassign-enum -Wsign-compare -Wshorten-64-to-32 -Wpointer-sign -Wno-newline-eof -Wno-selector -Wno-strict-selector-match -Wundeclared-selector -Wdeprecated-implementations -Wno-implicit-fallthrough -DDEBUG\=1 -DOBJC_OLD_DISPATCH_PROTOTYPES\=0 -isysroot /Applications/Xcode.app/Contents/Developer/Platforms/iPhoneSimulator.platform/Developer/SDKs/iPhoneSimulator16.0.sdk -fasm-blocks -fstrict-aliasing -Wprotocol -Wdeprecated-declarations -g -Wno-sign-conversion -Winfinite-recursion -Wcomma -Wblock-capture-autoreleasing -Wstrict-prototypes -Wno-semicolon-before-method-body -fobjc-abi-version\=2 -fobjc-legacy-dispatch -D__clang_analyzer__ -Xclang -analyzer-output\=plist-multi-file -Xclang -analyzer-config -Xclang path-diagnostics-alternate\=true -Xclang -analyzer-config -Xclang report-in-main-source-file\=true -Xclang -analyzer-checker -Xclang optin.osx.cocoa.localizability.NonLocalizedStringChecker -Xclang -analyzer-checker -Xclang security.insecureAPI.UncheckedReturn -Xclang -analyzer-checker -Xclang security.insecureAPI.getpw -Xclang -analyzer-checker -Xclang security.insecureAPI.gets -Xclang -analyzer-checker -Xclang security.insecureAPI.mkstemp -Xclang -analyzer-checker -Xclang security.insecureAPI.mktemp -Xclang -analyzer-disable-checker -Xclang security.insecureAPI.rand -Xclang -analyzer-disable-checker -Xclang security.insecureAPI.strcpy -Xclang -analyzer-checker -Xclang security.insecureAPI.vfork -iquote /Users/oikhlas/Library/Developer/Xcode/DerivedData/WebDriverAgent-bcmeffsllcldukgyoimwiehwhvyz/Build/Intermediates.noindex/WebDriverAgent.build/Debug-iphonesimulator/WebDriverAgentLib.build/WebDriverAgentLib-generated-files.hmap -I/Users/oikhlas/Library/Developer/Xcode/DerivedData/WebDriverAgent-bcmeffsllcldukgyoimwiehwhvyz/Build/Intermediates.noindex/WebDriverAgent.build/Debug-iphonesimulator/WebDriverAgentLib.build/WebDriverAgentLib-own-target-headers.hmap -I/Users/oikhlas/Library/Developer/Xcode/DerivedData/WebDriverAgent-bcmeffsllcldukgyoimwiehwhvyz/Build/Intermediates.noindex/WebDriverAgent.build/Debug-iphonesimulator/WebDriverAgentLib.build/WebDriverAgentLib-all-target-headers.hmap -iquote /Users/oikhlas/Library/Developer/Xcode/DerivedData/WebDriverAgent-bcmeffsllcldukgyoimwiehwhvyz/Build/Intermediates.noindex/WebDriverAgent.build/Debug-iphonesimulator/WebDriverAgentLib.build/WebDriverAgentLib-project-headers.hmap -I/Users/oikhlas/Library/Developer/Xcode/DerivedData/WebDriverAgent-bcmeffsllcldukgyoimwiehwhvyz/Build/Products/Debug-iphonesimulator/include -I/Applications/Xcode.app/Contents/Developer/Platforms/iPhoneSimulator.platform/Developer/SDKs/iPhoneSimulator16.0.sdk/usr/include/libxml2 -I/Users/oikhlas/.appium/node_modules/appium-xcuitest-driver/node_modules/appium-webdriveragent/Modules -I/Users/oikhlas/Library/Developer/Xcode/DerivedData/WebDriverAgent-bcmeffsllcldukgyoimwiehwhvyz/Build/Intermediates.noindex/WebDriverAgent.build/Debug-iphonesimulator/WebDriverAgentLib.build/DerivedSources-normal/x86_64 -I/Users/oikhlas/Library/Developer/Xcode/DerivedData/WebDriverAgent-bcmeffsllcldukgyoimwiehwhvyz/Build/Intermediates.noindex/WebDriverAgent.build/Debug-iphonesimulator/WebDriverAgentLib.build/DerivedSources/x86_64 -I/Users/oikhlas/Library/Developer/Xcode/DerivedData/WebDriverAgent-bcmeffsllcldukgyoimwiehwhvyz/Build/Intermediates.noindex/WebDriverAgent.build/Debug-iphonesimulator/WebDriverAgentLib.build/DerivedSources -Weverything -Wno-objc-missing-property-synthesis -Wno-unused-macros -Wno-disabled-macro-expansion -Wno-gnu-statement-expression -Wno-language-extension-token -Wno-overriding-method-mismatch -Wno-missing-variable-declarations -Rno-module-build -Wno-auto-import -Wno-objc-interface-ivars -Wno-documentation-unknown-command -Wno-reserved-id-macro -Wno-unused-parameter -Wno-gnu-conditional-omitted-operand -Wno-explicit-ownership-type -Wno-date-time -Wno-cast-align -Wno-cstring-format-directive -Wno-double-promotion -Wno-partial-availability -Weverything -Wno-objc-missing-property-synthesis -Wno-unused-macros -Wno-disabled-macro-expansion -Wno-gnu-statement-expression -Wno-language-extension-token -Wno-overriding-method-mismatch -Wno-missing-variable-declarations -Rno-module-build -Wno-auto-import -Wno-objc-interface-ivars -Wno-documentation-unknown-command -Wno-reserved-id-macro -Wno-unused-parameter -Wno-gnu-conditional-omitted-operand -Wno-explicit-ownership-type -Wno-date-time -Wno-cast-align -Wno-cstring-format-directive -Wno-double-promotion -Wno-partial-availability -Wno-objc-messaging-id -Wno-direct-ivar-access -Wno-cast-qual -Wno-declaration-after-statement -F/Users/oikhlas/Library/Developer/Xcode/DerivedData/WebDriverAgent-bcmeffsllcldukgyoimwiehwhvyz/Build/Products/Debug-iphonesimulator -F/Applications/Xcode.app/Contents/Developer/Platforms/iPhoneSimulator.platform/Developer/Library/Frameworks -F/Applications/Xcode.app/Contents/Developer/Platforms/iPhoneSimulator.platform/Developer/Library/PrivateFrameworks -iframework /Applications/Xcode.app/Contents/Developer/Platforms/iPhoneSimulator.platform/Developer/SDKs/iPhoneSimulator16.0.sdk/Developer/Library/Frameworks -MMD -MT dependencies -MF /Users/oikhlas/Library/Developer/Xcode/DerivedData/WebDriverAgent-bcmeffsllcldukgyoimwiehwhvyz/Build/Intermediates.noindex/WebDriverAgent.build/Debug-iphonesimulator/WebDriverAgentLib.build/StaticAnalyzer/WebDriverAgent/WebDriverAgentLib/normal/x86_64/LRUCache.d --analyze /Users/oikhlas/.appium/node_modules/appium-xcuitest-driver/node_modules/appium-webdriveragent/WebDriverAgentLib/Utilities/LRUCache/LRUCache.m -o /Users/oikhlas/Library/Developer/Xcode/DerivedData/WebDriverAgent-bcmeffsllcldukgyoimwiehwhvyz/Build/Intermediates.noindex/WebDriverAgent.build/Debug-iphonesimulator/WebDriverAgentLib.build/StaticAnalyzer/WebDriverAgent/WebDriverAgentLib/normal/x86_64/LRUCache.plist
&amp#27;[38;5;173m[Xcode]&amp#27;[0m 
&amp#27;[38;5;173m[Xcode]&amp#27;[0m 
&amp#27;[38;5;173m[Xcode]&amp#27;[0m Analyze /Users/oikhlas/.appium/node_modules/appium-xcuitest-driver/node_modules/appium-webdriveragent/WebDriverAgentLib/Utilities/FBXPath.m normal x86_64 (in target 'WebDriverAgentLib' from project 'WebDriverAgent')
&amp#27;[38;5;173m[Xcode]&amp#27;[0m     cd /Users/oikhlas/.appium/node_modules/appium-xcuitest-driver/node_modules/appium-webdriveragent
&amp#27;[38;5;173m[Xcode]&amp#27;[0m     /Applications/Xcode.app/Contents/Developer/Toolchains/XcodeDefault.xctoolchain/usr/bin/clang -x objective-c -target x86_64-apple-ios16.0-simulator -fmessage-length\=0 -fdiagnostics-show-note-include-stack -fmacro-backtrace-limit\=0 -std\=gnu99 -fobjc-arc -fmodules -gmodules -fmodules-cache-path\=/Users/oikhlas/Library/Developer/Xcode/DerivedData/WebDriverAgent-bcmeffsllcldukgyoimwiehwhvyz/ModuleCache.noindex -fmodules-prune-interval\=86400 -fmodules-prune-after\=345600 -fbuild-session-file\=/Users/oikhlas/Library/Developer/Xcode/DerivedData/WebDriverAgent-bcmeffsllcldukgyoimwiehwhvyz/ModuleCache.noindex/Session.modulevalidation -fmodules-validate-once-per-build-session -Wno-trigraphs -fpascal-strings -O0 -fno-common -Wmissing-field-initializers -Wno-missing-prototypes -Werror\=return-type -Wunreachable-code -Wquoted-include-in-framework-header -Wno-implicit-atomic-properties -Werror\=deprecated-objc-isa-usage -Wno-objc-interface-ivars -Werror\=objc-root-class -Warc-repeated-use-of-weak -Wno-arc-maybe-repeated-use-of-weak -Wimplicit-retain-self -Wduplicate-method-match -Wno-missing-braces -Wparentheses -Wswitch -Wunused-function -Wno-unused-label -Wunused-parameter -Wunused-variable -Wunused-value -Wempty-body -Wuninitialized -Wconditional-uninitialized -Wno-unknown-pragmas -pedantic -Wshadow -Wno-four-char-constants -Wconversion -Wconstant-conversion -Wint-conversion -Wbool-conversion -Wenum-conversion -Wfloat-conversion -Wnon-literal-null-conversion -Wobjc-literal-conversion -Wassign-enum -Wsign-compare -Wshorten-64-to-32 -Wpointer-sign -Wno-newline-eof -Wno-selector -Wno-strict-selector-match -Wundeclared-selector -Wdeprecated-implementations -Wno-implicit-fallthrough -DDEBUG\=1 -DOBJC_OLD_DISPATCH_PROTOTYPES\=0 -isysroot /Applications/Xcode.app/Contents/Developer/Platforms/iPhoneSimulator.platform/Developer/SDKs/iPhoneSimulator16.0.sdk -fasm-blocks -fstrict-aliasing -Wprotocol -Wdeprecated-declarations -g -Wno-sign-conversion -Winfinite-recursion -Wcomma -Wblock-capture-autoreleasing -Wstrict-prototypes -Wno-semicolon-before-method-body -fobjc-abi-version\=2 -fobjc-legacy-dispatch -D__clang_analyzer__ -Xclang -analyzer-output\=plist-multi-file -Xclang -analyzer-config -Xclang path-diagnostics-alternate\=true -Xclang -analyzer-config -Xclang report-in-main-source-file\=true -Xclang -analyzer-checker -Xclang optin.osx.cocoa.localizability.NonLocalizedStringChecker -Xclang -analyzer-checker -Xclang security.insecureAPI.UncheckedReturn -Xclang -analyzer-checker -Xclang security.insecureAPI.getpw -Xclang -analyzer-checker -Xclang security.insecureAPI.gets -Xclang -analyzer-checker -Xclang security.insecureAPI.mkstemp -Xclang -analyzer-checker -Xclang security.insecureAPI.mktemp -Xclang -analyzer-disable-checker -Xclang security.insecureAPI.rand -Xclang -analyzer-disable-checker -Xclang security.insecureAPI.strcpy -Xclang -analyzer-checker -Xclang security.insecureAPI.vfork -iquote /Users/oikhlas/Library/Developer/Xcode/DerivedData/WebDriverAgent-bcmeffsllcldukgyoimwiehwhvyz/Build/Intermediates.noindex/WebDriverAgent.build/Debug-iphonesimulator/WebDriverAgentLib.build/WebDriverAgentLib-generated-files.hmap -I/Users/oikhlas/Library/Developer/Xcode/DerivedData/WebDriverAgent-bcmeffsllcldukgyoimwiehwhvyz/Build/Intermediates.noindex/WebDriverAgent.build/Debug-iphonesimulator/WebDriverAgentLib.build/WebDriverAgentLib-own-target-headers.hmap -I/Users/oikhlas/Library/Developer/Xcode/DerivedData/WebDriverAgent-bcmeffsllcldukgyoimwiehwhvyz/Build/Intermediates.noindex/WebDriverAgent.build/Debug-iphonesimulator/WebDriverAgentLib.build/WebDriverAgentLib-all-target-headers.hmap -iquote /Users/oikhlas/Library/Developer/Xcode/DerivedData/WebDriverAgent-bcmeffsllcldukgyoimwiehwhvyz/Build/Intermediates.noindex/WebDriverAgent.build/Debug-iphonesimulator/WebDriverAgentLib.build/WebDriverAgentLib-project-headers.hmap -I/Users/oikhlas/Library/Developer/Xcode/DerivedData/WebDriverAgent-bcmeffsllcldukgyoimwiehwhvyz/Build/Products/Debug-iphonesimulator/include -I/Applications/Xcode.app/Contents/Developer/Platforms/iPhoneSimulator.platform/Developer/SDKs/iPhoneSimulator16.0.sdk/usr/include/libxml2 -I/Users/oikhlas/.appium/node_modules/appium-xcuitest-driver/node_modules/appium-webdriveragent/Modules -I/Users/oikhlas/Library/Developer/Xcode/DerivedData/WebDriverAgent-bcmeffsllcldukgyoimwiehwhvyz/Build/Intermediates.noindex/WebDriverAgent.build/Debug-iphonesimulator/WebDriverAgentLib.build/DerivedSources-normal/x86_64 -I/Users/oikhlas/Library/Developer/Xcode/DerivedData/WebDriverAgent-bcmeffsllcldukgyoimwiehwhvyz/Build/Intermediates.noindex/WebDriverAgent.build/Debug-iphonesimulator/WebDriverAgentLib.build/DerivedSources/x86_64 -I/Users/oikhlas/Library/Developer/Xcode/DerivedData/WebDriverAgent-bcmeffsllcldukgyoimwiehwhvyz/Build/Intermediates.noindex/WebDriverAgent.build/Debug-iphonesimulator/WebDriverAgentLib.build/DerivedSources -Weverything -Wno-objc-missing-property-synthesis -Wno-unused-macros -Wno-disabled-macro-expansion -Wno-gnu-statement-expression -Wno-language-extension-token -Wno-overriding-method-mismatch -Wno-missing-variable-declarations -Rno-module-build -Wno-auto-import -Wno-objc-interface-ivars -Wno-documentation-unknown-command -Wno-reserved-id-macro -Wno-unused-parameter -Wno-gnu-conditional-omitted-operand -Wno-explicit-ownership-type -Wno-date-time -Wno-cast-align -Wno-cstring-format-directive -Wno-double-promotion -Wno-partial-availability -Weverything -Wno-objc-missing-property-synthesis -Wno-unused-macros -Wno-disabled-macro-expansion -Wno-gnu-statement-expression -Wno-language-extension-token -Wno-overriding-method-mismatch -Wno-missing-variable-declarations -Rno-module-build -Wno-auto-import -Wno-objc-interface-ivars -Wno-documentation-unknown-command -Wno-reserved-id-macro -Wno-unused-parameter -Wno-gnu-conditional-omitted-operand -Wno-explicit-ownership-type -Wno-date-time -Wno-cast-align -Wno-cstring-format-directive -Wno-double-promotion -Wno-partial-availability -Wno-objc-messaging-id -Wno-direct-ivar-access -Wno-cast-qual -Wno-declaration-after-statement -F/Users/oikhlas/Library/Developer/Xcode/DerivedData/WebDriverAgent-bcmeffsllcldukgyoimwiehwhvyz/Build/Products/Debug-iphonesimulator -F/Applications/Xcode.app/Contents/Developer/Platforms/iPhoneSimulator.platform/Developer/Library/Frameworks -F/Applications/Xcode.app/Contents/Developer/Platforms/iPhoneSimulator.platform/Developer/Library/PrivateFrameworks -iframework /Applications/Xcode.app/Contents/Developer/Platforms/iPhoneSimulator.platform/Developer/SDKs/iPhoneSimulator16.0.sdk/Developer/Library/Frameworks -MMD -MT dependencies -MF /Users/oikhlas/Library/Developer/Xcode/DerivedData/WebDriverAgent-bcmeffsllcldukgyoimwiehwhvyz/Build/Intermediates.noindex/WebDriverAgent.build/Debug-iphonesimulator/WebDriverAgentLib.build/StaticAnalyzer/WebDriverAgent/WebDriverAgentLib/normal/x86_64/FBXPath.d --analyze /Users/oikhlas/.appium/node_modules/appium-xcuitest-driver/node_modules/appium-webdriveragent/WebDriverAgentLib/Utilities/FBXPath.m -o /Users/oikhlas/Library/Developer/Xcode/DerivedData/WebDriverAgent-bcmeffsllcldukgyoimwiehwhvyz/Build/Intermediates.noindex/WebDriverAgent.build/Debug-iphonesimulator/WebDriverAgentLib.build/StaticAnalyzer/WebDriverAgent/WebDriverAgentLib/normal/x86_64/FBXPath.plist
&amp#27;[38;5;173m[Xcode]&amp#27;[0m 
&amp#27;[38;5;173m[Xcode]&amp#27;[0m 
&amp#27;[38;5;173m[Xcode]&amp#27;[0m 
&amp#27;[38;5;173m[Xcode]&amp#27;[0m Analyze /Users/oikhlas/.appium/node_modules/appium-xcuitest-driver/node_modules/appium-webdriveragent/WebDriverAgentLib/Utilities/FBXMLGenerationOptions.m normal x86_64 (in target 'WebDriverAgentLib' from project 'WebDriverAgent')
&amp#27;[38;5;173m[Xcode]&amp#27;[0m     cd /Users/oikhlas/.appium/node_modules/appium-xcuitest-driver/node_modules/appium-webdriveragent
&amp#27;[38;5;173m[Xcode]&amp#27;[0m     /Applications/Xcode.app/Contents/Developer/Toolchains/XcodeDefault.xctoolchain/usr/bin/clang -x objective-c -target x86_64-apple-ios16.0-simulator -fmessage-length\=0 -fdiagnostics-show-note-include-stack -fmacro-backtrace-limit\=0 -std\=gnu99 -fobjc-arc -fmodules -gmodules -fmodules-cache-path\=/Users/oikhlas/Library/Developer/Xcode/DerivedData/WebDriverAgent-bcmeffsllcldukgyoimwiehwhvyz/ModuleCache.noindex -fmodules-prune-interval\=86400 -fmodules-prune-after\=345600 -fbuild-session-file\=/Users/oikhlas/Library/Developer/Xcode/DerivedData/WebDriverAgent-bcmeffsllcldukgyoimwiehwhvyz/ModuleCache.noindex/Session.modulevalidation -fmodules-validate-once-per-build-session -Wno-trigraphs -fpascal-strings -O0 -fno-common -Wmissing-field-initializers -Wno-missing-prototypes -Werror\=return-type -Wunreachable-code -Wquoted-include-in-framework-header -Wno-implicit-atomic-properties -Werror\=deprecated-objc-isa-usage -Wno-objc-interface-ivars -Werror\=objc-root-class -Warc-repeated-use-of-weak -Wno-arc-maybe-repeated-use-of-weak -Wimplicit-retain-self -Wduplicate-method-match -Wno-missing-braces -Wparentheses -Wswitch -Wunused-function -Wno-unused-label -Wunused-parameter -Wunused-variable -Wunused-value -Wempty-body -Wuninitialized -Wconditional-uninitialized -Wno-unknown-pragmas -pedantic -Wshadow -Wno-four-char-constants -Wconversion -Wconstant-conversion -Wint-conversion -Wbool-conversion -Wenum-conversion -Wfloat-conversion -Wnon-literal-null-conversion -Wobjc-literal-conversion -Wassign-enum -Wsign-compare -Wshorten-64-to-32 -Wpointer-sign -Wno-newline-eof -Wno-selector -Wno-strict-selector-match -Wundeclared-selector -Wdeprecated-implementations -Wno-implicit-fallthrough -DDEBUG\=1 -DOBJC_OLD_DISPATCH_PROTOTYPES\=0 -isysroot /Applications/Xcode.app/Contents/Developer/Platforms/iPhoneSimulator.platform/Developer/SDKs/iPhoneSimulator16.0.sdk -fasm-blocks -fstrict-aliasing -Wprotocol -Wdeprecated-declarations -g -Wno-sign-conversion -Winfinite-recursion -Wcomma -Wblock-capture-autoreleasing -Wstrict-prototypes -Wno-semicolon-before-method-body -fobjc-abi-version\=2 -fobjc-legacy-dispatch -D__clang_analyzer__ -Xclang -analyzer-output\=plist-multi-file -Xclang -analyzer-config -Xclang path-diagnostics-alternate\=true -Xclang -analyzer-config -Xclang report-in-main-source-file\=true -Xclang -analyzer-checker -Xclang optin.osx.cocoa.localizability.NonLocalizedStringChecker -Xclang -analyzer-checker -Xclang security.insecureAPI.UncheckedReturn -Xclang -analyzer-checker -Xclang security.insecureAPI.getpw -Xclang -analyzer-checker -Xclang security.insecureAPI.gets -Xclang -analyzer-checker -Xclang security.insecureAPI.mkstemp -Xclang -analyzer-checker -Xclang security.insecureAPI.mktemp -Xclang -analyzer-disable-checker -Xclang security.insecureAPI.rand -Xclang -analyzer-disable-checker -Xclang security.insecureAPI.strcpy -Xclang -analyzer-checker -Xclang security.insecureAPI.vfork -iquote /Users/oikhlas/Library/Developer/Xcode/DerivedData/WebDriverAgent-bcmeffsllcldukgyoimwiehwhvyz/Build/Intermediates.noindex/WebDriverAgent.build/Debug-iphonesimulator/WebDriverAgentLib.build/WebDriverAgentLib-generated-files.hmap -I/Users/oikhlas/Library/Developer/Xcode/DerivedData/WebDriverAgent-bcmeffsllcldukgyoimwiehwhvyz/Build/Intermediates.noindex/WebDriverAgent.build/Debug-iphonesimulator/WebDriverAgentLib.build/WebDriverAgentLib-own-target-headers.hmap -I/Users/oikhlas/Library/Developer/Xcode/DerivedData/WebDriverAgent-bcmeffsllcldukgyoimwiehwhvyz/Build/Intermediates.noindex/WebDriverAgent.build/Debug-iphonesimulator/WebDriverAgentLib.build/WebDriverAgentLib-all-target-headers.hmap -iquote /Users/oikhlas/Library/Developer/Xcode/DerivedData/WebDriverAgent-bcmeffsllcldukgyoimwiehwhvyz/Build/Intermediates.noindex/WebDriverAgent.build/Debug-iphonesimulator/WebDriverAgentLib.build/WebDriverAgentLib-project-headers.hmap -I/Users/oikhlas/Library/Developer/Xcode/DerivedData/WebDriverAgent-bcmeffsllcldukgyoimwiehwhvyz/Build/Products/Debug-iphonesimulator/include -I/Applications/Xcode.app/Contents/Developer/Platforms/iPhoneSimulator.platform/Developer/SDKs/iPhoneSimulator16.0.sdk/usr/include/libxml2 -I/Users/oikhlas/.appium/node_modules/appium-xcuitest-driver/node_modules/appium-webdriveragent/Modules -I/Users/oikhlas/Library/Developer/Xcode/DerivedData/WebDriverAgent-bcmeffsllcldukgyoimwiehwhvyz/Build/Intermediates.noindex/WebDriverAgent.build/Debug-iphonesimulator/WebDriverAgentLib.build/DerivedSources-normal/x86_64 -I/Users/oikhlas/Library/Developer/Xcode/DerivedData/WebDriverAgent-bcmeffsllcldukgyoimwiehwhvyz/Build/Intermediates.noindex/WebDriverAgent.build/Debug-iphonesimulator/WebDriverAgentLib.build/DerivedSources/x86_64 -I/Users/oikhlas/Library/Developer/Xcode/DerivedData/WebDriverAgent-bcmeffsllcldukgyoimwiehwhvyz/Build/Intermediates.noindex/WebDriverAgent.build/Debug-iphonesimulator/WebDriverAgentLib.build/DerivedSources -Weverything -Wno-objc-missing-property-synthesis -Wno-unused-macros -Wno-disabled-macro-expansion -Wno-gnu-statement-expression -Wno-language-extension-token -Wno-overriding-method-mismatch -Wno-missing-variable-declarations -Rno-module-build -Wno-auto-import -Wno-objc-interface-ivars -Wno-documentation-unknown-command -Wno-reserved-id-macro -Wno-unused-parameter -Wno-gnu-conditional-omitted-operand -Wno-explicit-ownership-type -Wno-date-time -Wno-cast-align -Wno-cstring-format-directive -Wno-double-promotion -Wno-partial-availability -Weverything -Wno-objc-missing-property-synthesis -Wno-unused-macros -Wno-disabled-macro-expansion -Wno-gnu-statement-expression -Wno-language-extension-token -Wno-overriding-method-mismatch -Wno-missing-variable-declarations -Rno-module-build -Wno-auto-import -Wno-objc-interface-ivars -Wno-documentation-unknown-command -Wno-reserved-id-macro -Wno-unused-parameter -Wno-gnu-conditional-omitted-operand -Wno-explicit-ownership-type -Wno-date-time -Wno-cast-align -Wno-cstring-format-directive -Wno-double-promotion -Wno-partial-availability -Wno-objc-messaging-id -Wno-direct-ivar-access -Wno-cast-qual -Wno-declaration-after-statement -F/Users/oikhlas/Library/Developer/Xcode/DerivedData/WebDriverAgent-bcmeffsllcldukgyoimwiehwhvyz/Build/Products/Debug-iphonesimulator -F/Applications/Xcode.app/Contents/Developer/Platforms/iPhoneSimulator.platform/Developer/Library/Frameworks -F/Applications/Xcode.app/Contents/Developer/Platforms/iPhoneSimulator.platform/Developer/Library/PrivateFrameworks -iframework /Applications/Xcode.app/Contents/Developer/Platforms/iPhoneSimulator.platform/Developer/SDKs/iPhoneSimulator16.0.sdk/Developer/Library/Frameworks -MMD -MT dependencies -MF /Users/oikhlas/Library/Developer/Xcode/DerivedData/WebDriverAgent-bcmeffsllcldukgyoimwiehwhvyz/Build/Intermediates.noindex/WebDriverAgent.build/Debug-iphonesimulator/WebDriverAgentLib.build/StaticAnalyzer/WebDriverAgent/WebDriverAgentLib/normal/x86_64/FBXMLGenerationOptions.d --analyze /Users/oikhlas/.appium/node_modules/appium-xcuitest-driver/node_modules/appium-webdriveragent/WebDriverAgentLib/Utilities/FBXMLGenerationOptions.m -o /Users/oikhlas/Library/Developer/Xcode/DerivedData/WebDriverAgent-bcmeffsllcldukgyoimwiehwhvyz/Build/Intermediates.noindex/WebDriverAgent.build/Debug-iphonesimulator/WebDriverAgentLib.build/StaticAnalyzer/WebDriverAgent/WebDriverAgentLib/normal/x86_64/FBXMLGenerationOptions.plist
&amp#27;[38;5;173m[Xcode]&amp#27;[0m 
&amp#27;[38;5;173m[Xcode]&amp#27;[0m 
&amp#27;[38;5;173m[Xcode]&amp#27;[0m Analyze /Users/oikhlas/.appium/node_modules/appium-xcuitest-driver/node_modules/appium-webdriveragent/WebDriverAgentLib/Utilities/FBXCodeCompatibility.m normal x86_64 (in target 'WebDriverAgentLib' from project 'WebDriverAgent')
&amp#27;[38;5;173m[Xcode]&amp#27;[0m     cd /Users/oikhlas/.appium/node_modules/appium-xcuitest-driver/node_modules/appium-webdriveragent
&amp#27;[38;5;173m[Xcode]&amp#27;[0m     /Applications/Xcode.app/Contents/Developer/Toolchains/XcodeDefault.xctoolchain/usr/bin/clang -x objective-c -target x86_64-apple-ios16.0-simulator -fmessage-length\=0 -fdiagnostics-show-note-include-stack -fmacro-backtrace-limit\=0 -std\=gnu99 -fobjc-arc -fmodules -gmodules -fmodules-cache-path\=/Users/oikhlas/Library/Developer/Xcode/DerivedData/WebDriverAgent-bcmeffsllcldukgyoimwiehwhvyz/ModuleCache.noindex -fmodules-prune-interval\=86400 -fmodules-prune-after\=345600 -fbuild-session-file\=/Users/oikhlas/Library/Developer/Xcode/DerivedData/WebDriverAgent-bcmeffsllcldukgyoimwiehwhvyz/ModuleCache.noindex/Session.modulevalidation -fmodules-validate-once-per-build-session -Wno-trigraphs -fpascal-strings -O0 -fno-common -Wmissing-field-initializers -Wno-missing-prototypes -Werror\=return-type -Wunreachable-code -Wquoted-include-in-framework-header -Wno-implicit-atomic-properties -Werror\=deprecated-objc-isa-usage -Wno-objc-interface-ivars -Werror\=objc-root-class -Warc-repeated-use-of-weak -Wno-arc-maybe-repeated-use-of-weak -Wimplicit-retain-self -Wduplicate-method-match -Wno-missing-braces -Wparentheses -Wswitch -Wunused-function -Wno-unused-label -Wunused-parameter -Wunused-variable -Wunused-value -Wempty-body -Wuninitialized -Wconditional-uninitialized -Wno-unknown-pragmas -pedantic -Wshadow -Wno-four-char-constants -Wconversion -Wconstant-conversion -Wint-conversion -Wbool-conversion -Wenum-conversion -Wfloat-conversion -Wnon-literal-null-conversion -Wobjc-literal-conversion -Wassign-enum -Wsign-compare -Wshorten-64-to-32 -Wpointer-sign -Wno-newline-eof -Wno-selector -Wno-strict-selector-match -Wundeclared-selector -Wdeprecated-implementations -Wno-implicit-fallthrough -DDEBUG\=1 -DOBJC_OLD_DISPATCH_PROTOTYPES\=0 -isysroot /Applications/Xcode.app/Contents/Developer/Platforms/iPhoneSimulator.platform/Developer/SDKs/iPhoneSimulator16.0.sdk -fasm-blocks -fstrict-aliasing -Wprotocol -Wdeprecated-declarations -g -Wno-sign-conversion -Winfinite-recursion -Wcomma -Wblock-capture-autoreleasing -Wstrict-prototypes -Wno-semicolon-before-method-body -fobjc-abi-version\=2 -fobjc-legacy-dispatch -D__clang_analyzer__ -Xclang -analyzer-output\=plist-multi-file -Xclang -analyzer-config -Xclang path-diagnostics-alternate\=true -Xclang -analyzer-config -Xclang report-in-main-source-file\=true -Xclang -analyzer-checker -Xclang optin.osx.cocoa.localizability.NonLocalizedStringChecker -Xclang -analyzer-checker -Xclang security.insecureAPI.UncheckedReturn -Xclang -analyzer-checker -Xclang security.insecureAPI.getpw -Xclang -analyzer-checker -Xclang security.insecureAPI.gets -Xclang -analyzer-checker -Xclang security.insecureAPI.mkstemp -Xclang -analyzer-checker -Xclang security.insecureAPI.mktemp -Xclang -analyzer-disable-checker -Xclang security.insecureAPI.rand -Xclang -analyzer-disable-checker -Xclang security.insecureAPI.strcpy -Xclang -analyzer-checker -Xclang security.insecureAPI.vfork -iquote /Users/oikhlas/Library/Developer/Xcode/DerivedData/WebDriverAgent-bcmeffsllcldukgyoimwiehwhvyz/Build/Intermediates.noindex/WebDriverAgent.build/Debug-iphonesimulator/WebDriverAgentLib.build/WebDriverAgentLib-generated-files.hmap -I/Users/oikhlas/Library/Developer/Xcode/DerivedData/WebDriverAgent-bcmeffsllcldukgyoimwiehwhvyz/Build/Intermediates.noindex/WebDriverAgent.build/Debug-iphonesimulator/WebDriverAgentLib.build/WebDriverAgentLib-own-target-headers.hmap -I/Users/oikhlas/Library/Developer/Xcode/DerivedData/WebDriverAgent-bcmeffsllcldukgyoimwiehwhvyz/Build/Intermediates.noindex/WebDriverAgent.build/Debug-iphonesimulator/WebDriverAgentLib.build/WebDriverAgentLib-all-target-headers.hmap -iquote /Users/oikhlas/Library/Developer/Xcode/DerivedData/WebDriverAgent-bcmeffsllcldukgyoimwiehwhvyz/Build/Intermediates.noindex/WebDriverAgent.build/Debug-iphonesimulator/WebDriverAgentLib.build/WebDriverAgentLib-project-headers.hmap -I/Users/oikhlas/Library/Developer/Xcode/DerivedData/WebDriverAgent-bcmeffsllcldukgyoimwiehwhvyz/Build/Products/Debug-iphonesimulator/include -I/Applications/Xcode.app/Contents/Developer/Platforms/iPhoneSimulator.platform/Developer/SDKs/iPhoneSimulator16.0.sdk/usr/include/libxml2 -I/Users/oikhlas/.appium/node_modules/appium-xcuitest-driver/node_modules/appium-webdriveragent/Modules -I/Users/oikhlas/Library/Developer/Xcode/DerivedData/WebDriverAgent-bcmeffsllcldukgyoimwiehwhvyz/Build/Intermediates.noindex/WebDriverAgent.build/Debug-iphonesimulator/WebDriverAgentLib.build/DerivedSources-normal/x86_64 -I/Users/oikhlas/Library/Developer/Xcode/DerivedData/WebDriverAgent-bcmeffsllcldukgyoimwiehwhvyz/Build/Intermediates.noindex/WebDriverAgent.build/Debug-iphonesimulator/WebDriverAgentLib.build/DerivedSources/x86_64 -I/Users/oikhlas/Library/Developer/Xcode/DerivedData/WebDriverAgent-bcmeffsllcldukgyoimwiehwhvyz/Build/Intermediates.noindex/WebDriverAgent.build/Debug-iphonesimulator/WebDriverAgentLib.build/DerivedSources -Weverything -Wno-objc-missing-property-synthesis -Wno-unused-macros -Wno-disabled-macro-expansion -Wno-gnu-statement-expression -Wno-language-extension-token -Wno-overriding-method-mismatch -Wno-missing-variable-declarations -Rno-module-build -Wno-auto-import -Wno-objc-interface-ivars -Wno-documentation-unknown-command -Wno-reserved-id-macro -Wno-unused-parameter -Wno-gnu-conditional-omitted-operand -Wno-explicit-ownership-type -Wno-date-time -Wno-cast-align -Wno-cstring-format-directive -Wno-double-promotion -Wno-partial-availability -Weverything -Wno-objc-missing-property-synthesis -Wno-unused-macros -Wno-disabled-macro-expansion -Wno-gnu-statement-expression -Wno-language-extension-token -Wno-overriding-method-mismatch -Wno-missing-variable-declarations -Rno-module-build -Wno-auto-import -Wno-objc-interface-ivars -Wno-documentation-unknown-command -Wno-reserved-id-macro -Wno-unused-parameter -Wno-gnu-conditional-omitted-operand -Wno-explicit-ownership-type -Wno-date-time -Wno-cast-align -Wno-cstring-format-directive -Wno-double-promotion -Wno-partial-availability -Wno-objc-messaging-id -Wno-direct-ivar-access -Wno-cast-qual -Wno-declaration-after-statement -F/Users/oikhlas/Library/Developer/Xcode/DerivedData/WebDriverAgent-bcmeffsllcldukgyoimwiehwhvyz/Build/Products/Debug-iphonesimulator -F/Applications/Xcode.app/Contents/Developer/Platforms/iPhoneSimulator.platform/Developer/Library/Frameworks -F/Applications/Xcode.app/Contents/Developer/Platforms/iPhoneSimulator.platform/Developer/Library/PrivateFrameworks -iframework /Applications/Xcode.app/Contents/Developer/Platforms/iPhoneSimulator.platform/Developer/SDKs/iPhoneSimulator16.0.sdk/Developer/Library/Frameworks -MMD -MT dependencies -MF /Users/oikhlas/Library/Developer/Xcode/DerivedData/WebDriverAgent-bcmeffsllcldukgyoimwiehwhvyz/Build/Intermediates.noindex/WebDriverAgent.build/Debug-iphonesimulator/WebDriverAgentLib.build/StaticAnalyzer/WebDriverAgent/WebDriverAgentLib/normal/x86_64/FBXCodeCompatibility.d --analyze /Users/oikhlas/.appium/node_modules/appium-xcuitest-driver/node_modules/appium-webdriveragent/WebDriverAgentLib/Utilities/FBXCodeCompatibility.m -o /Users/oikhlas/Library/Developer/Xcode/DerivedData/WebDriverAgent-bcmeffsllcldukgyoimwiehwhvyz/Build/Intermediates.noindex/WebDriverAgent.build/Debug-iphonesimulator/WebDriverAgentLib.build/StaticAnalyzer/WebDriverAgent/WebDriverAgentLib/normal/x86_64/FBXCodeCompatibility.plist
&amp#27;[38;5;173m[Xcode]&amp#27;[0m 
&amp#27;[38;5;173m[Xcode]&amp#27;[0m 
&amp#27;[38;5;173m[Xcode]&amp#27;[0m Analyze /Users/oikhlas/.appium/node_modules/appium-xcuitest-driver/node_modules/appium-webdriveragent/WebDriverAgentLib/Utilities/FBXCTestDaemonsProxy.m normal x86_64 (in target 'WebDriverAgentLib' from project 'WebDriverAgent')
&amp#27;[38;5;173m[Xcode]&amp#27;[0m     cd /Users/oikhlas/.appium/node_modules/appium-xcuitest-driver/node_modules/appium-webdriveragent
&amp#27;[38;5;173m[Xcode]&amp#27;[0m     /Applications/Xcode.app/Contents/Developer/Toolchains/XcodeDefault.xctoolchain/usr/bin/clang -x objective-c -target x86_64-apple-ios16.0-simulator -fmessage-length\=0 -fdiagnostics-show-note-include-stack -fmacro-backtrace-limit\=0 -std\=gnu99 -fobjc-arc -fmodules -gmodules -fmodules-cache-path\=/Users/oikhlas/Library/Developer/Xcode/DerivedData/WebDriverAgent-bcmeffsllcldukgyoimwiehwhvyz/ModuleCache.noindex -fmodules-prune-interval\=86400 -fmodules-prune-after\=345600 -fbuild-session-file\=/Users/oikhlas/Library/Developer/Xcode/DerivedData/WebDriverAgent-bcmeffsllcldukgyoimwiehwhvyz/ModuleCache.noindex/Session.modulevalidation -fmodules-validate-once-per-build-session -Wno-trigraphs -fpascal-strings -O0 -fno-common -Wmissing-field-initializers -Wno-missing-prototypes -Werror\=return-type -Wunreachable-code -Wquoted-include-in-framework-header -Wno-implicit-atomic-properties -Werror\=deprecated-objc-isa-usage -Wno-objc-interface-ivars -Werror\=objc-root-class -Warc-repeated-use-of-weak -Wno-arc-maybe-repeated-use-of-weak -Wimplicit-retain-self -Wduplicate-method-match -Wno-missing-braces -Wparentheses -Wswitch -Wunused-function -Wno-unused-label -Wunused-parameter -Wunused-variable -Wunused-value -Wempty-body -Wuninitialized -Wconditional-uninitialized -Wno-unknown-pragmas -pedantic -Wshadow -Wno-four-char-constants -Wconversion -Wconstant-conversion -Wint-conversion -Wbool-conversion -Wenum-conversion -Wfloat-conversion -Wnon-literal-null-conversion -Wobjc-literal-conversion -Wassign-enum -Wsign-compare -Wshorten-64-to-32 -Wpointer-sign -Wno-newline-eof -Wno-selector -Wno-strict-selector-match -Wundeclared-selector -Wdeprecated-implementations -Wno-implicit-fallthrough -DDEBUG\=1 -DOBJC_OLD_DISPATCH_PROTOTYPES\=0 -isysroot /Applications/Xcode.app/Contents/Developer/Platforms/iPhoneSimulator.platform/Developer/SDKs/iPhoneSimulator16.0.sdk -fasm-blocks -fstrict-aliasing -Wprotocol -Wdeprecated-declarations -g -Wno-sign-conversion -Winfinite-recursion -Wcomma -Wblock-capture-autoreleasing -Wstrict-prototypes -Wno-semicolon-before-method-body -fobjc-abi-version\=2 -fobjc-legacy-dispatch -D__clang_analyzer__ -Xclang -analyzer-output\=plist-multi-file -Xclang -analyzer-config -Xclang path-diagnostics-alternate\=true -Xclang -analyzer-config -Xclang report-in-main-source-file\=true -Xclang -analyzer-checker -Xclang optin.osx.cocoa.localizability.NonLocalizedStringChecker -Xclang -analyzer-checker -Xclang security.insecureAPI.UncheckedReturn -Xclang -analyzer-checker -Xclang security.insecureAPI.getpw -Xclang -analyzer-checker -Xclang security.insecureAPI.gets -Xclang -analyzer-checker -Xclang security.insecureAPI.mkstemp -Xclang -analyzer-checker -Xclang security.insecureAPI.mktemp -Xclang -analyzer-disable-checker -Xclang security.insecureAPI.rand -Xclang -analyzer-disable-checker -Xclang security.insecureAPI.strcpy -Xclang -analyzer-checker -Xclang security.insecureAPI.vfork -iquote /Users/oikhlas/Library/Developer/Xcode/DerivedData/WebDriverAgent-bcmeffsllcldukgyoimwiehwhvyz/Build/Intermediates.noindex/WebDriverAgent.build/Debug-iphonesimulator/WebDriverAgentLib.build/WebDriverAgentLib-generated-files.hmap -I/Users/oikhlas/Library/Developer/Xcode/DerivedData/WebDriverAgent-bcmeffsllcldukgyoimwiehwhvyz/Build/Intermediates.noindex/WebDriverAgent.build/Debug-iphonesimulator/WebDriverAgentLib.build/WebDriverAgentLib-own-target-headers.hmap -I/Users/oikhlas/Library/Developer/Xcode/DerivedData/WebDriverAgent-bcmeffsllcldukgyoimwiehwhvyz/Build/Intermediates.noindex/WebDriverAgent.build/Debug-iphonesimulator/WebDriverAgentLib.build/WebDriverAgentLib-all-target-headers.hmap -iquote /Users/oikhlas/Library/Developer/Xcode/DerivedData/WebDriverAgent-bcmeffsllcldukgyoimwiehwhvyz/Build/Intermediates.noindex/WebDriverAgent.build/Debug-iphonesimulator/WebDriverAgentLib.build/WebDriverAgentLib-project-headers.hmap -I/Users/oikhlas/Library/Developer/Xcode/DerivedData/WebDriverAgent-bcmeffsllcldukgyoimwiehwhvyz/Build/Products/Debug-iphonesimulator/include -I/Applications/Xcode.app/Contents/Developer/Platforms/iPhoneSimulator.platform/Developer/SDKs/iPhoneSimulator16.0.sdk/usr/include/libxml2 -I/Users/oikhlas/.appium/node_modules/appium-xcuitest-driver/node_modules/appium-webdriveragent/Modules -I/Users/oikhlas/Library/Developer/Xcode/DerivedData/WebDriverAgent-bcmeffsllcldukgyoimwiehwhvyz/Build/Intermediates.noindex/WebDriverAgent.build/Debug-iphonesimulator/WebDriverAgentLib.build/DerivedSources-normal/x86_64 -I/Users/oikhlas/Library/Developer/Xcode/DerivedData/WebDriverAgent-bcmeffsllcldukgyoimwiehwhvyz/Build/Intermediates.noindex/WebDriverAgent.build/Debug-iphonesimulator/WebDriverAgentLib.build/DerivedSources/x86_64 -I/Users/oikhlas/Library/Developer/Xcode/DerivedData/WebDriverAgent-bcmeffsllcldukgyoimwiehwhvyz/Build/Intermediates.noindex/WebDriverAgent.build/Debug-iphonesimulator/WebDriverAgentLib.build/DerivedSources -Weverything -Wno-objc-missing-property-synthesis -Wno-unused-macros -Wno-disabled-macro-expansion -Wno-gnu-statement-expression -Wno-language-extension-token -Wno-overriding-method-mismatch -Wno-missing-variable-declarations -Rno-module-build -Wno-auto-import -Wno-objc-interface-ivars -Wno-documentation-unknown-command -Wno-reserved-id-macro -Wno-unused-parameter -Wno-gnu-conditional-omitted-operand -Wno-explicit-ownership-type -Wno-date-time -Wno-cast-align -Wno-cstring-format-directive -Wno-double-promotion -Wno-partial-availability -Weverything -Wno-objc-missing-property-synthesis -Wno-unused-macros -Wno-disabled-macro-expansion -Wno-gnu-statement-expression -Wno-language-extension-token -Wno-overriding-method-mismatch -Wno-missing-variable-declarations -Rno-module-build -Wno-auto-import -Wno-objc-interface-ivars -Wno-documentation-unknown-command -Wno-reserved-id-macro -Wno-unused-parameter -Wno-gnu-conditional-omitted-operand -Wno-explicit-ownership-type -Wno-date-time -Wno-cast-align -Wno-cstring-format-directive -Wno-double-promotion -Wno-partial-availability -Wno-objc-messaging-id -Wno-direct-ivar-access -Wno-cast-qual -Wno-declaration-after-statement -F/Users/oikhlas/Library/Developer/Xcode/DerivedData/WebDriverAgent-bcmeffsllcldukgyoimwiehwhvyz/Build/Products/Debug-iphonesimulator -F/Applications/Xcode.app/Contents/Developer/Platforms/iPhoneSimulator.platform/Developer/Library/Frameworks -F/Applications/Xcode.app/Contents/Developer/Platforms/iPhoneSimulator.platform/Developer/Library/PrivateFrameworks -iframework /Applications/Xcode.app/Contents/Developer/Platforms/iPhoneSimulator.platform/Developer/SDKs/iPhoneSimulator16.0.sdk/Developer/Library/Frameworks -MMD -MT dependencies -MF /Users/oikhlas/Library/Developer/Xcode/DerivedData/WebDriverAgent-bcmeffsllcldukgyoimwiehwhvyz/Build/Intermediates.noindex/WebDriverAgent.build/Debug-iphonesimulator/WebDriverAgentLib.build/StaticAnalyzer/WebDriverAgent/WebDriverAgentLib/normal/x86_64/FBXCTestDaemonsProxy.d --analyze /Users/oikhlas/.appium/node_modules/appium-xcuitest-driver/node_modules/appium-webdriveragent/WebDriverAgentLib/Utilities/FBXCTestDaemonsProxy.m -o /Users/oikhlas/Library/Developer/Xcode/DerivedData/WebDriverAgent-bcmeffsllcldukgyoimwiehwhvyz/Build/Intermediates.noindex/WebDriverAgent.build/Debug-iphonesimulator/WebDriverAgentLib.build/StaticAnalyzer/WebDriverAgent/WebDriverAgentLib/normal/x86_64/FBXCTestDaemonsProxy.plist
&amp#27;[38;5;173m[Xcode]&amp#27;[0m 
&amp#27;[38;5;173m[Xcode]&amp#27;[0m 
&amp#27;[38;5;173m[Xcode]&amp#27;[0m Analyze /Users/oikhlas/.appium/node_modules/appium-xcuitest-driver/node_modules/appium-webdriveragent/WebDriverAgentLib/Utilities/FBXCAXClientProxy.m normal x86_64 (in target 'WebDriverAgentLib' from project 'WebDriverAgent')
&amp#27;[38;5;173m[Xcode]&amp#27;[0m     cd /Users/oikhlas/.appium/node_modules/appium-xcuitest-driver/node_modules/appium-webdriveragent
&amp#27;[38;5;173m[Xcode]&amp#27;[0m     /Applications/Xcode.app/Contents/Developer/Toolchains/XcodeDefault.xctoolchain/usr/bin/clang -x objective-c -target x86_64-apple-ios16.0-simulator -fmessage-length\=0 -fdiagnostics-show-note-include-stack -fmacro-backtrace-limit\=0 -std\=gnu99 -fobjc-arc -fmodules -gmodules -fmodules-cache-path\=/Users/oikhlas/Library/Developer/Xcode/DerivedData/WebDriverAgent-bcmeffsllcldukgyoimwiehwhvyz/ModuleCache.noindex -fmodules-prune-interval\=86400 -fmodules-prune-after\=345600 -fbuild-session-file\=/Users/oikhlas/Library/Developer/Xcode/DerivedData/WebDriverAgent-bcmeffsllcldukgyoimwiehwhvyz/ModuleCache.noindex/Session.modulevalidation -fmodules-validate-once-per-build-session -Wno-trigraphs -fpascal-strings -O0 -fno-common -Wmissing-field-initializers -Wno-missing-prototypes -Werror\=return-type -Wunreachable-code -Wquoted-include-in-framework-header -Wno-implicit-atomic-properties -Werror\=deprecated-objc-isa-usage -Wno-objc-interface-ivars -Werror\=objc-root-class -Warc-repeated-use-of-weak -Wno-arc-maybe-repeated-use-of-weak -Wimplicit-retain-self -Wduplicate-method-match -Wno-missing-braces -Wparentheses -Wswitch -Wunused-function -Wno-unused-label -Wunused-parameter -Wunused-variable -Wunused-value -Wempty-body -Wuninitialized -Wconditional-uninitialized -Wno-unknown-pragmas -pedantic -Wshadow -Wno-four-char-constants -Wconversion -Wconstant-conversion -Wint-conversion -Wbool-conversion -Wenum-conversion -Wfloat-conversion -Wnon-literal-null-conversion -Wobjc-literal-conversion -Wassign-enum -Wsign-compare -Wshorten-64-to-32 -Wpointer-sign -Wno-newline-eof -Wno-selector -Wno-strict-selector-match -Wundeclared-selector -Wdeprecated-implementations -Wno-implicit-fallthrough -DDEBUG\=1 -DOBJC_OLD_DISPATCH_PROTOTYPES\=0 -isysroot /Applications/Xcode.app/Contents/Developer/Platforms/iPhoneSimulator.platform/Developer/SDKs/iPhoneSimulator16.0.sdk -fasm-blocks -fstrict-aliasing -Wprotocol -Wdeprecated-declarations -g -Wno-sign-conversion -Winfinite-recursion -Wcomma -Wblock-capture-autoreleasing -Wstrict-prototypes -Wno-semicolon-before-method-body -fobjc-abi-version\=2 -fobjc-legacy-dispatch -D__clang_analyzer__ -Xclang -analyzer-output\=plist-multi-file -Xclang -analyzer-config -Xclang path-diagnostics-alternate\=true -Xclang -analyzer-config -Xclang report-in-main-source-file\=true -Xclang -analyzer-checker -Xclang optin.osx.cocoa.localizability.NonLocalizedStringChecker -Xclang -analyzer-checker -Xclang security.insecureAPI.UncheckedReturn -Xclang -analyzer-checker -Xclang security.insecureAPI.getpw -Xclang -analyzer-checker -Xclang security.insecureAPI.gets -Xclang -analyzer-checker -Xclang security.insecureAPI.mkstemp -Xclang -analyzer-checker -Xclang security.insecureAPI.mktemp -Xclang -analyzer-disable-checker -Xclang security.insecureAPI.rand -Xclang -analyzer-disable-checker -Xclang security.insecureAPI.strcpy -Xclang -analyzer-checker -Xclang security.insecureAPI.vfork -iquote /Users/oikhlas/Library/Developer/Xcode/DerivedData/WebDriverAgent-bcmeffsllcldukgyoimwiehwhvyz/Build/Intermediates.noindex/WebDriverAgent.build/Debug-iphonesimulator/WebDriverAgentLib.build/WebDriverAgentLib-generated-files.hmap -I/Users/oikhlas/Library/Developer/Xcode/DerivedData/WebDriverAgent-bcmeffsllcldukgyoimwiehwhvyz/Build/Intermediates.noindex/WebDriverAgent.build/Debug-iphonesimulator/WebDriverAgentLib.build/WebDriverAgentLib-own-target-headers.hmap -I/Users/oikhlas/Library/Developer/Xcode/DerivedData/WebDriverAgent-bcmeffsllcldukgyoimwiehwhvyz/Build/Intermediates.noindex/WebDriverAgent.build/Debug-iphonesimulator/WebDriverAgentLib.build/WebDriverAgentLib-all-target-headers.hmap -iquote /Users/oikhlas/Library/Developer/Xcode/DerivedData/WebDriverAgent-bcmeffsllcldukgyoimwiehwhvyz/Build/Intermediates.noindex/WebDriverAgent.build/Debug-iphonesimulator/WebDriverAgentLib.build/WebDriverAgentLib-project-headers.hmap -I/Users/oikhlas/Library/Developer/Xcode/DerivedData/WebDriverAgent-bcmeffsllcldukgyoimwiehwhvyz/Build/Products/Debug-iphonesimulator/include -I/Applications/Xcode.app/Contents/Developer/Platforms/iPhoneSimulator.platform/Developer/SDKs/iPhoneSimulator16.0.sdk/usr/include/libxml2 -I/Users/oikhlas/.appium/node_modules/appium-xcuitest-driver/node_modules/appium-webdriveragent/Modules -I/Users/oikhlas/Library/Developer/Xcode/DerivedData/WebDriverAgent-bcmeffsllcldukgyoimwiehwhvyz/Build/Intermediates.noindex/WebDriverAgent.build/Debug-iphonesimulator/WebDriverAgentLib.build/DerivedSources-normal/x86_64 -I/Users/oikhlas/Library/Developer/Xcode/DerivedData/WebDriverAgent-bcmeffsllcldukgyoimwiehwhvyz/Build/Intermediates.noindex/WebDriverAgent.build/Debug-iphonesimulator/WebDriverAgentLib.build/DerivedSources/x86_64 -I/Users/oikhlas/Library/Developer/Xcode/DerivedData/WebDriverAgent-bcmeffsllcldukgyoimwiehwhvyz/Build/Intermediates.noindex/WebDriverAgent.build/Debug-iphonesimulator/WebDriverAgentLib.build/DerivedSources -Weverything -Wno-objc-missing-property-synthesis -Wno-unused-macros -Wno-disabled-macro-expansion -Wno-gnu-statement-expression -Wno-language-extension-token -Wno-overriding-method-mismatch -Wno-missing-variable-declarations -Rno-module-build -Wno-auto-import -Wno-objc-interface-ivars -Wno-documentation-unknown-command -Wno-reserved-id-macro -Wno-unused-parameter -Wno-gnu-conditional-omitted-operand -Wno-explicit-ownership-type -Wno-date-time -Wno-cast-align -Wno-cstring-format-directive -Wno-double-promotion -Wno-partial-availability -Weverything -Wno-objc-missing-property-synthesis -Wno-unused-macros -Wno-disabled-macro-expansion -Wno-gnu-statement-expression -Wno-language-extension-token -Wno-overriding-method-mismatch -Wno-missing-variable-declarations -Rno-module-build -Wno-auto-import -Wno-objc-interface-ivars -Wno-documentation-unknown-command -Wno-reserved-id-macro -Wno-unused-parameter -Wno-gnu-conditional-omitted-operand -Wno-explicit-ownership-type -Wno-date-time -Wno-cast-align -Wno-cstring-format-directive -Wno-double-promotion -Wno-partial-availability -Wno-objc-messaging-id -Wno-direct-ivar-access -Wno-cast-qual -Wno-declaration-after-statement -F/Users/oikhlas/Library/Developer/Xcode/DerivedData/WebDriverAgent-bcmeffsllcldukgyoimwiehwhvyz/Build/Products/Debug-iphonesimulator -F/Applications/Xcode.app/Contents/Developer/Platforms/iPhoneSimulator.platform/Developer/Library/Frameworks -F/Applications/Xcode.app/Contents/Developer/Platforms/iPhoneSimulator.platform/Developer/Library/PrivateFrameworks -iframework /Applications/Xcode.app/Contents/Developer/Platforms/iPhoneSimulator.platform/Developer/SDKs/iPhoneSimulator16.0.sdk/Developer/Library/Frameworks -MMD -MT dependencies -MF /Users/oikhlas/Library/Developer/Xcode/DerivedData/WebDriverAgent-bcmeffsllcldukgyoimwiehwhvyz/Build/Intermediates.noindex/WebDriverAgent.build/Debug-iphonesimulator/WebDriverAgentLib.build/StaticAnalyzer/WebDriverAgent/WebDriverAgentLib/normal/x86_64/FBXCAXClientProxy.d --analyze /Users/oikhlas/.appium/node_modules/appium-xcuitest-driver/node_modules/appium-webdriveragent/WebDriverAgentLib/Utilities/FBXCAXClientProxy.m -o /Users/oikhlas/Library/Developer/Xcode/DerivedData/WebDriverAgent-bcmeffsllcldukgyoimwiehwhvyz/Build/Intermediates.noindex/WebDriverAgent.build/Debug-iphonesimulator/WebDriverAgentLib.build/StaticAnalyzer/WebDriverAgent/WebDriverAgentLib/normal/x86_64/FBXCAXClientProxy.plist
&amp#27;[38;5;173m[Xcode]&amp#27;[0m 
&amp#27;[38;5;173m[Xcode]&amp#27;[0m 
&amp#27;[38;5;173m[Xcode]&amp#27;[0m Analyze /Users/oikhlas/.appium/node_modules/appium-xcuitest-driver/node_modules/appium-webdriveragent/WebDriverAgentLib/Utilities/FBW3CActionsSynthesizer.m normal x86_64 (in target 'WebDriverAgentLib' from project 'WebDriverAgent')
&amp#27;[38;5;173m[Xcode]&amp#27;[0m     cd /Users/oikhlas/.appium/node_modules/appium-xcuitest-driver/node_modules/appium-webdriveragent
&amp#27;[38;5;173m[Xcode]&amp#27;[0m     /Applications/Xcode.app/Contents/Developer/Toolchains/XcodeDefault.xctoolchain/usr/bin/clang -x objective-c -target x86_64-apple-ios16.0-simulator -fmessage-length\=0 -fdiagnostics-show-note-include-stack -fmacro-backtrace-limit\=0 -std\=gnu99 -fobjc-arc -fmodules -gmodules -fmodules-cache-path\=/Users/oikhlas/Library/Developer/Xcode/DerivedData/WebDriverAgent-bcmeffsllcldukgyoimwiehwhvyz/ModuleCache.noindex -fmodules-prune-interval\=86400 -fmodules-prune-after\=345600 -fbuild-session-file\=/Users/oikhlas/Library/Developer/Xcode/DerivedData/WebDriverAgent-bcmeffsllcldukgyoimwiehwhvyz/ModuleCache.noindex/Session.modulevalidation -fmodules-validate-once-per-build-session -Wno-trigraphs -fpascal-strings -O0 -fno-common -Wmissing-field-initializers -Wno-missing-prototypes -Werror\=return-type -Wunreachable-code -Wquoted-include-in-framework-header -Wno-implicit-atomic-properties -Werror\=deprecated-objc-isa-usage -Wno-objc-interface-ivars -Werror\=objc-root-class -Warc-repeated-use-of-weak -Wno-arc-maybe-repeated-use-of-weak -Wimplicit-retain-self -Wduplicate-method-match -Wno-missing-braces -Wparentheses -Wswitch -Wunused-function -Wno-unused-label -Wunused-parameter -Wunused-variable -Wunused-value -Wempty-body -Wuninitialized -Wconditional-uninitialized -Wno-unknown-pragmas -pedantic -Wshadow -Wno-four-char-constants -Wconversion -Wconstant-conversion -Wint-conversion -Wbool-conversion -Wenum-conversion -Wfloat-conversion -Wnon-literal-null-conversion -Wobjc-literal-conversion -Wassign-enum -Wsign-compare -Wshorten-64-to-32 -Wpointer-sign -Wno-newline-eof -Wno-selector -Wno-strict-selector-match -Wundeclared-selector -Wdeprecated-implementations -Wno-implicit-fallthrough -DDEBUG\=1 -DOBJC_OLD_DISPATCH_PROTOTYPES\=0 -isysroot /Applications/Xcode.app/Contents/Developer/Platforms/iPhoneSimulator.platform/Developer/SDKs/iPhoneSimulator16.0.sdk -fasm-blocks -fstrict-aliasing -Wprotocol -Wdeprecated-declarations -g -Wno-sign-conversion -Winfinite-recursion -Wcomma -Wblock-capture-autoreleasing -Wstrict-prototypes -Wno-semicolon-before-method-body -fobjc-abi-version\=2 -fobjc-legacy-dispatch -D__clang_analyzer__ -Xclang -analyzer-output\=plist-multi-file -Xclang -analyzer-config -Xclang path-diagnostics-alternate\=true -Xclang -analyzer-config -Xclang report-in-main-source-file\=true -Xclang -analyzer-checker -Xclang optin.osx.cocoa.localizability.NonLocalizedStringChecker -Xclang -analyzer-checker -Xclang security.insecureAPI.UncheckedReturn -Xclang -analyzer-checker -Xclang security.insecureAPI.getpw -Xclang -analyzer-checker -Xclang security.insecureAPI.gets -Xclang -analyzer-checker -Xclang security.insecureAPI.mkstemp -Xclang -analyzer-checker -Xclang security.insecureAPI.mktemp -Xclang -analyzer-disable-checker -Xclang security.insecureAPI.rand -Xclang -analyzer-disable-checker -Xclang security.insecureAPI.strcpy -Xclang -analyzer-checker -Xclang security.insecureAPI.vfork -iquote /Users/oikhlas/Library/Developer/Xcode/DerivedData/WebDriverAgent-bcmeffsllcldukgyoimwiehwhvyz/Build/Intermediates.noindex/WebDriverAgent.build/Debug-iphonesimulator/WebDriverAgentLib.build/WebDriverAgentLib-generated-files.hmap -I/Users/oikhlas/Library/Developer/Xcode/DerivedData/WebDriverAgent-bcmeffsllcldukgyoimwiehwhvyz/Build/Intermediates.noindex/WebDriverAgent.build/Debug-iphonesimulator/WebDriverAgentLib.build/WebDriverAgentLib-own-target-headers.hmap -I/Users/oikhlas/Library/Developer/Xcode/DerivedData/WebDriverAgent-bcmeffsllcldukgyoimwiehwhvyz/Build/Intermediates.noindex/WebDriverAgent.build/Debug-iphonesimulator/WebDriverAgentLib.build/WebDriverAgentLib-all-target-headers.hmap -iquote /Users/oikhlas/Library/Developer/Xcode/DerivedData/WebDriverAgent-bcmeffsllcldukgyoimwiehwhvyz/Build/Intermediates.noindex/WebDriverAgent.build/Debug-iphonesimulator/WebDriverAgentLib.build/WebDriverAgentLib-project-headers.hmap -I/Users/oikhlas/Library/Developer/Xcode/DerivedData/WebDriverAgent-bcmeffsllcldukgyoimwiehwhvyz/Build/Products/Debug-iphonesimulator/include -I/Applications/Xcode.app/Contents/Developer/Platforms/iPhoneSimulator.platform/Developer/SDKs/iPhoneSimulator16.0.sdk/usr/include/libxml2 -I/Users/oikhlas/.appium/node_modules/appium-xcuitest-driver/node_modules/appium-webdriveragent/Modules -I/Users/oikhlas/Library/Developer/Xcode/DerivedData/WebDriverAgent-bcmeffsllcldukgyoimwiehwhvyz/Build/Intermediates.noindex/WebDriverAgent.build/Debug-iphonesimulator/WebDriverAgentLib.build/DerivedSources-normal/x86_64 -I/Users/oikhlas/Library/Developer/Xcode/DerivedData/WebDriverAgent-bcmeffsllcldukgyoimwiehwhvyz/Build/Intermediates.noindex/WebDriverAgent.build/Debug-iphonesimulator/WebDriverAgentLib.build/DerivedSources/x86_64 -I/Users/oikhlas/Library/Developer/Xcode/DerivedData/WebDriverAgent-bcmeffsllcldukgyoimwiehwhvyz/Build/Intermediates.noindex/WebDriverAgent.build/Debug-iphonesimulator/WebDriverAgentLib.build/DerivedSources -Weverything -Wno-objc-missing-property-synthesis -Wno-unused-macros -Wno-disabled-macro-expansion -Wno-gnu-statement-expression -Wno-language-extension-token -Wno-overriding-method-mismatch -Wno-missing-variable-declarations -Rno-module-build -Wno-auto-import -Wno-objc-interface-ivars -Wno-documentation-unknown-command -Wno-reserved-id-macro -Wno-unused-parameter -Wno-gnu-conditional-omitted-operand -Wno-explicit-ownership-type -Wno-date-time -Wno-cast-align -Wno-cstring-format-directive -Wno-double-promotion -Wno-partial-availability -Weverything -Wno-objc-missing-property-synthesis -Wno-unused-macros -Wno-disabled-macro-expansion -Wno-gnu-statement-expression -Wno-language-extension-token -Wno-overriding-method-mismatch -Wno-missing-variable-declarations -Rno-module-build -Wno-auto-import -Wno-objc-interface-ivars -Wno-documentation-unknown-command -Wno-reserved-id-macro -Wno-unused-parameter -Wno-gnu-conditional-omitted-operand -Wno-explicit-ownership-type -Wno-date-time -Wno-cast-align -Wno-cstring-format-directive -Wno-double-promotion -Wno-partial-availability -Wno-objc-messaging-id -Wno-direct-ivar-access -Wno-cast-qual -Wno-declaration-after-statement -F/Users/oikhlas/Library/Developer/Xcode/DerivedData/WebDriverAgent-bcmeffsllcldukgyoimwiehwhvyz/Build/Products/Debug-iphonesimulator -F/Applications/Xcode.app/Contents/Developer/Platforms/iPhoneSimulator.platform/Developer/Library/Frameworks -F/Applications/Xcode.app/Contents/Developer/Platforms/iPhoneSimulator.platform/Developer/Library/PrivateFrameworks -iframework /Applications/Xcode.app/Contents/Developer/Platforms/iPhoneSimulator.platform/Developer/SDKs/iPhoneSimulator16.0.sdk/Developer/Library/Frameworks -MMD -MT dependencies -MF /Users/oikhlas/Library/Developer/Xcode/DerivedData/WebDriverAgent-bcmeffsllcldukgyoimwiehwhvyz/Build/Intermediates.noindex/WebDriverAgent.build/Debug-iphonesimulator/WebDriverAgentLib.build/StaticAnalyzer/WebDriverAgent/WebDriverAgentLib/normal/x86_64/FBW3CActionsSynthesizer.d --analyze /Users/oikhlas/.appium/node_modules/appium-xcuitest-driver/node_modules/appium-webdriveragent/WebDriverAgentLib/Utilities/FBW3CActionsSynthesizer.m -o /Users/oikhlas/Library/Developer/Xcode/DerivedData/WebDriverAgent-bcmeffsllcldukgyoimwiehwhvyz/Build/Intermediates.noindex/WebDriverAgent.build/Debug-iphonesimulator/WebDriverAgentLib.build/StaticAnalyzer/WebDriverAgent/WebDriverAgentLib/normal/x86_64/FBW3CActionsSynthesizer.plist
&amp#27;[38;5;173m[Xcode]&amp#27;[0m 
&amp#27;[38;5;-42m[XCUITestDriver@9d32 (dbe4db21)]&amp#27;[0m Matched '/status' to command name 'getStatus'
&amp#27;[38;5;-42m[XCUITestDriver@9d32 (dbe4db21)]&amp#27;[0m Proxying [GET /status] to [GET http://127.0.0.1:8100/status] with no body
&amp#27;[38;5;-42m[XCUITestDriver@9d32 (dbe4db21)]&amp#27;[0m connect ECONNREFUSED 127.0.0.1:8100
&amp#27;[38;5;-42m[XCUITestDriver@9d32 (dbe4db21)]&amp#27;[0m Matched '/status' to command name 'getStatus'
&amp#27;[38;5;-42m[XCUITestDriver@9d32 (dbe4db21)]&amp#27;[0m Proxying [GET /status] to [GET http://127.0.0.1:8100/status] with no body
&amp#27;[38;5;-42m[XCUITestDriver@9d32 (dbe4db21)]&amp#27;[0m connect ECONNREFUSED 127.0.0.1:8100
&amp#27;[38;5;-42m[XCUITestDriver@9d32 (dbe4db21)]&amp#27;[0m Matched '/status' to command name 'getStatus'
&amp#27;[38;5;-42m[XCUITestDriver@9d32 (dbe4db21)]&amp#27;[0m Proxying [GET /status] to [GET http://127.0.0.1:8100/status] with no body
&amp#27;[38;5;-42m[XCUITestDriver@9d32 (dbe4db21)]&amp#27;[0m connect ECONNREFUSED 127.0.0.1:8100
&amp#27;[38;5;-42m[XCUITestDriver@9d32 (dbe4db21)]&amp#27;[0m Matched '/status' to command name 'getStatus'
&amp#27;[38;5;-42m[XCUITestDriver@9d32 (dbe4db21)]&amp#27;[0m Proxying [GET /status] to [GET http://127.0.0.1:8100/status] with no body
&amp#27;[38;5;-42m[XCUITestDriver@9d32 (dbe4db21)]&amp#27;[0m connect ECONNREFUSED 127.0.0.1:8100
&amp#27;[38;5;-42m[XCUITestDriver@9d32 (dbe4db21)]&amp#27;[0m Matched '/status' to command name 'getStatus'
&amp#27;[38;5;-42m[XCUITestDriver@9d32 (dbe4db21)]&amp#27;[0m Proxying [GET /status] to [GET http://127.0.0.1:8100/status] with no body
&amp#27;[38;5;-42m[XCUITestDriver@9d32 (dbe4db21)]&amp#27;[0m connect ECONNREFUSED 127.0.0.1:8100
&amp#27;[38;5;173m[Xcode]&amp#27;[0m 
&amp#27;[38;5;173m[Xcode]&amp#27;[0m Analyze /Users/oikhlas/.appium/node_modules/appium-xcuitest-driver/node_modules/appium-webdriveragent/WebDriverAgentLib/Utilities/FBW3CActionsHelpers.m normal x86_64 (in target 'WebDriverAgentLib' from project 'WebDriverAgent')
&amp#27;[38;5;173m[Xcode]&amp#27;[0m     cd /Users/oikhlas/.appium/node_modules/appium-xcuitest-driver/node_modules/appium-webdriveragent
&amp#27;[38;5;173m[Xcode]&amp#27;[0m     /Applications/Xcode.app/Contents/Developer/Toolchains/XcodeDefault.xctoolchain/usr/bin/clang -x objective-c -target x86_64-apple-ios16.0-simulator -fmessage-length\=0 -fdiagnostics-show-note-include-stack -fmacro-backtrace-limit\=0 -std\=gnu99 -fobjc-arc -fmodules -gmodules -fmodules-cache-path\=/Users/oikhlas/Library/Developer/Xcode/DerivedData/WebDriverAgent-bcmeffsllcldukgyoimwiehwhvyz/ModuleCache.noindex -fmodules-prune-interval\=86400 -fmodules-prune-after\=345600 -fbuild-session-file\=/Users/oikhlas/Library/Developer/Xcode/DerivedData/WebDriverAgent-bcmeffsllcldukgyoimwiehwhvyz/ModuleCache.noindex/Session.modulevalidation -fmodules-validate-once-per-build-session -Wno-trigraphs -fpascal-strings -O0 -fno-common -Wmissing-field-initializers -Wno-missing-prototypes -Werror\=return-type -Wunreachable-code -Wquoted-include-in-framework-header -Wno-implicit-atomic-properties -Werror\=deprecated-objc-isa-usage -Wno-objc-interface-ivars -Werror\=objc-root-class -Warc-repeated-use-of-weak -Wno-arc-maybe-repeated-use-of-weak -Wimplicit-retain-self -Wduplicate-method-match -Wno-missing-braces -Wparentheses -Wswitch -Wunused-function -Wno-unused-label -Wunused-parameter -Wunused-variable -Wunused-value -Wempty-body -Wuninitialized -Wconditional-uninitialized -Wno-unknown-pragmas -pedantic -Wshadow -Wno-four-char-constants -Wconversion -Wconstant-conversion -Wint-conversion -Wbool-conversion -Wenum-conversion -Wfloat-conversion -Wnon-literal-null-conversion -Wobjc-literal-conversion -Wassign-enum -Wsign-compare -Wshorten-64-to-32 -Wpointer-sign -Wno-newline-eof -Wno-selector -Wno-strict-selector-match -Wundeclared-selector -Wdeprecated-implementations -Wno-implicit-fallthrough -DDEBUG\=1 -DOBJC_OLD_DISPATCH_PROTOTYPES\=0 -isysroot /Applications/Xcode.app/Contents/Developer/Platforms/iPhoneSimulator.platform/Developer/SDKs/iPhoneSimulator16.0.sdk -fasm-blocks -fstrict-aliasing -Wprotocol -Wdeprecated-declarations -g -Wno-sign-conversion -Winfinite-recursion -Wcomma -Wblock-capture-autoreleasing -Wstrict-prototypes -Wno-semicolon-before-method-body -fobjc-abi-version\=2 -fobjc-legacy-dispatch -D__clang_analyzer__ -Xclang -analyzer-output\=plist-multi-file -Xclang -analyzer-config -Xclang path-diagnostics-alternate\=true -Xclang -analyzer-config -Xclang report-in-main-source-file\=true -Xclang -analyzer-checker -Xclang optin.osx.cocoa.localizability.NonLocalizedStringChecker -Xclang -analyzer-checker -Xclang security.insecureAPI.UncheckedReturn -Xclang -analyzer-checker -Xclang security.insecureAPI.getpw -Xclang -analyzer-checker -Xclang security.insecureAPI.gets -Xclang -analyzer-checker -Xclang security.insecureAPI.mkstemp -Xclang -analyzer-checker -Xclang security.insecureAPI.mktemp -Xclang -analyzer-disable-checker -Xclang security.insecureAPI.rand -Xclang -analyzer-disable-checker -Xclang security.insecureAPI.strcpy -Xclang -analyzer-checker -Xclang security.insecureAPI.vfork -iquote /Users/oikhlas/Library/Developer/Xcode/DerivedData/WebDriverAgent-bcmeffsllcldukgyoimwiehwhvyz/Build/Intermediates.noindex/WebDriverAgent.build/Debug-iphonesimulator/WebDriverAgentLib.build/WebDriverAgentLib-generated-files.hmap -I/Users/oikhlas/Library/Developer/Xcode/DerivedData/WebDriverAgent-bcmeffsllcldukgyoimwiehwhvyz/Build/Intermediates.noindex/WebDriverAgent.build/Debug-iphonesimulator/WebDriverAgentLib.build/WebDriverAgentLib-own-target-headers.hmap -I/Users/oikhlas/Library/Developer/Xcode/DerivedData/WebDriverAgent-bcmeffsllcldukgyoimwiehwhvyz/Build/Intermediates.noindex/WebDriverAgent.build/Debug-iphonesimulator/WebDriverAgentLib.build/WebDriverAgentLib-all-target-headers.hmap -iquote /Users/oikhlas/Library/Developer/Xcode/DerivedData/WebDriverAgent-bcmeffsllcldukgyoimwiehwhvyz/Build/Intermediates.noindex/WebDriverAgent.build/Debug-iphonesimulator/WebDriverAgentLib.build/WebDriverAgentLib-project-headers.hmap -I/Users/oikhlas/Library/Developer/Xcode/DerivedData/WebDriverAgent-bcmeffsllcldukgyoimwiehwhvyz/Build/Products/Debug-iphonesimulator/include -I/Applications/Xcode.app/Contents/Developer/Platforms/iPhoneSimulator.platform/Developer/SDKs/iPhoneSimulator16.0.sdk/usr/include/libxml2 -I/Users/oikhlas/.appium/node_modules/appium-xcuitest-driver/node_modules/appium-webdriveragent/Modules -I/Users/oikhlas/Library/Developer/Xcode/DerivedData/WebDriverAgent-bcmeffsllcldukgyoimwiehwhvyz/Build/Intermediates.noindex/WebDriverAgent.build/Debug-iphonesimulator/WebDriverAgentLib.build/DerivedSources-normal/x86_64 -I/Users/oikhlas/Library/Developer/Xcode/DerivedData/WebDriverAgent-bcmeffsllcldukgyoimwiehwhvyz/Build/Intermediates.noindex/WebDriverAgent.build/Debug-iphonesimulator/WebDriverAgentLib.build/DerivedSources/x86_64 -I/Users/oikhlas/Library/Developer/Xcode/DerivedData/WebDriverAgent-bcmeffsllcldukgyoimwiehwhvyz/Build/Intermediates.noindex/WebDriverAgent.build/Debug-iphonesimulator/WebDriverAgentLib.build/DerivedSources -Weverything -Wno-objc-missing-property-synthesis -Wno-unused-macros -Wno-disabled-macro-expansion -Wno-gnu-statement-expression -Wno-language-extension-token -Wno-overriding-method-mismatch -Wno-missing-variable-declarations -Rno-module-build -Wno-auto-import -Wno-objc-interface-ivars -Wno-documentation-unknown-command -Wno-reserved-id-macro -Wno-unused-parameter -Wno-gnu-conditional-omitted-operand -Wno-explicit-ownership-type -Wno-date-time -Wno-cast-align -Wno-cstring-format-directive -Wno-double-promotion -Wno-partial-availability -Weverything -Wno-objc-missing-property-synthesis -Wno-unused-macros -Wno-disabled-macro-expansion -Wno-gnu-statement-expression -Wno-language-extension-token -Wno-overriding-method-mismatch -Wno-missing-variable-declarations -Rno-module-build -Wno-auto-import -Wno-objc-interface-ivars -Wno-documentation-unknown-command -Wno-reserved-id-macro -Wno-unused-parameter -Wno-gnu-conditional-omitted-operand -Wno-explicit-ownership-type -Wno-date-time -Wno-cast-align -Wno-cstring-format-directive -Wno-double-promotion -Wno-partial-availability -Wno-objc-messaging-id -Wno-direct-ivar-access -Wno-cast-qual -Wno-declaration-after-statement -F/Users/oikhlas/Library/Developer/Xcode/DerivedData/WebDriverAgent-bcmeffsllcldukgyoimwiehwhvyz/Build/Products/Debug-iphonesimulator -F/Applications/Xcode.app/Contents/Developer/Platforms/iPhoneSimulator.platform/Developer/Library/Frameworks -F/Applications/Xcode.app/Contents/Developer/Platforms/iPhoneSimulator.platform/Developer/Library/PrivateFrameworks -iframework /Applications/Xcode.app/Contents/Developer/Platforms/iPhoneSimulator.platform/Developer/SDKs/iPhoneSimulator16.0.sdk/Developer/Library/Frameworks -MMD -MT dependencies -MF /Users/oikhlas/Library/Developer/Xcode/DerivedData/WebDriverAgent-bcmeffsllcldukgyoimwiehwhvyz/Build/Intermediates.noindex/WebDriverAgent.build/Debug-iphonesimulator/WebDriverAgentLib.build/StaticAnalyzer/WebDriverAgent/WebDriverAgentLib/normal/x86_64/FBW3CActionsHelpers.d --analyze /Users/oikhlas/.appium/node_modules/appium-xcuitest-driver/node_modules/appium-webdriveragent/WebDriverAgentLib/Utilities/FBW3CActionsHelpers.m -o /Users/oikhlas/Library/Developer/Xcode/DerivedData/WebDriverAgent-bcmeffsllcldukgyoimwiehwhvyz/Build/Intermediates.noindex/WebDriverAgent.build/Debug-iphonesimulator/WebDriverAgentLib.build/StaticAnalyzer/WebDriverAgent/WebDriverAgentLib/normal/x86_64/FBW3CActionsHelpers.plist
&amp#27;[38;5;173m[Xcode]&amp#27;[0m 
&amp#27;[38;5;173m[Xcode]&amp#27;[0m 
&amp#27;[38;5;173m[Xcode]&amp#27;[0m Analyze /Users/oikhlas/.appium/node_modules/appium-xcuitest-driver/node_modules/appium-webdriveragent/WebDriverAgentLib/Utilities/FBUnattachedAppLauncher.m normal x86_64 (in target 'WebDriverAgentLib' from project 'WebDriverAgent')
&amp#27;[38;5;173m[Xcode]&amp#27;[0m     cd /Users/oikhlas/.appium/node_modules/appium-xcuitest-driver/node_modules/appium-webdriveragent
&amp#27;[38;5;173m[Xcode]&amp#27;[0m     /Applications/Xcode.app/Contents/Developer/Toolchains/XcodeDefault.xctoolchain/usr/bin/clang -x objective-c -target x86_64-apple-ios16.0-simulator -fmessage-length\=0 -fdiagnostics-show-note-include-stack -fmacro-backtrace-limit\=0 -std\=gnu99 -fobjc-arc -fmodules -gmodules -fmodules-cache-path\=/Users/oikhlas/Library/Developer/Xcode/DerivedData/WebDriverAgent-bcmeffsllcldukgyoimwiehwhvyz/ModuleCache.noindex -fmodules-prune-interval\=86400 -fmodules-prune-after\=345600 -fbuild-session-file\=/Users/oikhlas/Library/Developer/Xcode/DerivedData/WebDriverAgent-bcmeffsllcldukgyoimwiehwhvyz/ModuleCache.noindex/Session.modulevalidation -fmodules-validate-once-per-build-session -Wno-trigraphs -fpascal-strings -O0 -fno-common -Wmissing-field-initializers -Wno-missing-prototypes -Werror\=return-type -Wunreachable-code -Wquoted-include-in-framework-header -Wno-implicit-atomic-properties -Werror\=deprecated-objc-isa-usage -Wno-objc-interface-ivars -Werror\=objc-root-class -Warc-repeated-use-of-weak -Wno-arc-maybe-repeated-use-of-weak -Wimplicit-retain-self -Wduplicate-method-match -Wno-missing-braces -Wparentheses -Wswitch -Wunused-function -Wno-unused-label -Wunused-parameter -Wunused-variable -Wunused-value -Wempty-body -Wuninitialized -Wconditional-uninitialized -Wno-unknown-pragmas -pedantic -Wshadow -Wno-four-char-constants -Wconversion -Wconstant-conversion -Wint-conversion -Wbool-conversion -Wenum-conversion -Wfloat-conversion -Wnon-literal-null-conversion -Wobjc-literal-conversion -Wassign-enum -Wsign-compare -Wshorten-64-to-32 -Wpointer-sign -Wno-newline-eof -Wno-selector -Wno-strict-selector-match -Wundeclared-selector -Wdeprecated-implementations -Wno-implicit-fallthrough -DDEBUG\=1 -DOBJC_OLD_DISPATCH_PROTOTYPES\=0 -isysroot /Applications/Xcode.app/Contents/Developer/Platforms/iPhoneSimulator.platform/Developer/SDKs/iPhoneSimulator16.0.sdk -fasm-blocks -fstrict-aliasing -Wprotocol -Wdeprecated-declarations -g -Wno-sign-conversion -Winfinite-recursion -Wcomma -Wblock-capture-autoreleasing -Wstrict-prototypes -Wno-semicolon-before-method-body -fobjc-abi-version\=2 -fobjc-legacy-dispatch -D__clang_analyzer__ -Xclang -analyzer-output\=plist-multi-file -Xclang -analyzer-config -Xclang path-diagnostics-alternate\=true -Xclang -analyzer-config -Xclang report-in-main-source-file\=true -Xclang -analyzer-checker -Xclang optin.osx.cocoa.localizability.NonLocalizedStringChecker -Xclang -analyzer-checker -Xclang security.insecureAPI.UncheckedReturn -Xclang -analyzer-checker -Xclang security.insecureAPI.getpw -Xclang -analyzer-checker -Xclang security.insecureAPI.gets -Xclang -analyzer-checker -Xclang security.insecureAPI.mkstemp -Xclang -analyzer-checker -Xclang security.insecureAPI.mktemp -Xclang -analyzer-disable-checker -Xclang security.insecureAPI.rand -Xclang -analyzer-disable-checker -Xclang security.insecureAPI.strcpy -Xclang -analyzer-checker -Xclang security.insecureAPI.vfork -iquote /Users/oikhlas/Library/Developer/Xcode/DerivedData/WebDriverAgent-bcmeffsllcldukgyoimwiehwhvyz/Build/Intermediates.noindex/WebDriverAgent.build/Debug-iphonesimulator/WebDriverAgentLib.build/WebDriverAgentLib-generated-files.hmap -I/Users/oikhlas/Library/Developer/Xcode/DerivedData/WebDriverAgent-bcmeffsllcldukgyoimwiehwhvyz/Build/Intermediates.noindex/WebDriverAgent.build/Debug-iphonesimulator/WebDriverAgentLib.build/WebDriverAgentLib-own-target-headers.hmap -I/Users/oikhlas/Library/Developer/Xcode/DerivedData/WebDriverAgent-bcmeffsllcldukgyoimwiehwhvyz/Build/Intermediates.noindex/WebDriverAgent.build/Debug-iphonesimulator/WebDriverAgentLib.build/WebDriverAgentLib-all-target-headers.hmap -iquote /Users/oikhlas/Library/Developer/Xcode/DerivedData/WebDriverAgent-bcmeffsllcldukgyoimwiehwhvyz/Build/Intermediates.noindex/WebDriverAgent.build/Debug-iphonesimulator/WebDriverAgentLib.build/WebDriverAgentLib-project-headers.hmap -I/Users/oikhlas/Library/Developer/Xcode/DerivedData/WebDriverAgent-bcmeffsllcldukgyoimwiehwhvyz/Build/Products/Debug-iphonesimulator/include -I/Applications/Xcode.app/Contents/Developer/Platforms/iPhoneSimulator.platform/Developer/SDKs/iPhoneSimulator16.0.sdk/usr/include/libxml2 -I/Users/oikhlas/.appium/node_modules/appium-xcuitest-driver/node_modules/appium-webdriveragent/Modules -I/Users/oikhlas/Library/Developer/Xcode/DerivedData/WebDriverAgent-bcmeffsllcldukgyoimwiehwhvyz/Build/Intermediates.noindex/WebDriverAgent.build/Debug-iphonesimulator/WebDriverAgentLib.build/DerivedSources-normal/x86_64 -I/Users/oikhlas/Library/Developer/Xcode/DerivedData/WebDriverAgent-bcmeffsllcldukgyoimwiehwhvyz/Build/Intermediates.noindex/WebDriverAgent.build/Debug-iphonesimulator/WebDriverAgentLib.build/DerivedSources/x86_64 -I/Users/oikhlas/Library/Developer/Xcode/DerivedData/WebDriverAgent-bcmeffsllcldukgyoimwiehwhvyz/Build/Intermediates.noindex/WebDriverAgent.build/Debug-iphonesimulator/WebDriverAgentLib.build/DerivedSources -Weverything -Wno-objc-missing-property-synthesis -Wno-unused-macros -Wno-disabled-macro-expansion -Wno-gnu-statement-expression -Wno-language-extension-token -Wno-overriding-method-mismatch -Wno-missing-variable-declarations -Rno-module-build -Wno-auto-import -Wno-objc-interface-ivars -Wno-documentation-unknown-command -Wno-reserved-id-macro -Wno-unused-parameter -Wno-gnu-conditional-omitted-operand -Wno-explicit-ownership-type -Wno-date-time -Wno-cast-align -Wno-cstring-format-directive -Wno-double-promotion -Wno-partial-availability -Weverything -Wno-objc-missing-property-synthesis -Wno-unused-macros -Wno-disabled-macro-expansion -Wno-gnu-statement-expression -Wno-language-extension-token -Wno-overriding-method-mismatch -Wno-missing-variable-declarations -Rno-module-build -Wno-auto-import -Wno-objc-interface-ivars -Wno-documentation-unknown-command -Wno-reserved-id-macro -Wno-unused-parameter -Wno-gnu-conditional-omitted-operand -Wno-explicit-ownership-type -Wno-date-time -Wno-cast-align -Wno-cstring-format-directive -Wno-double-promotion -Wno-partial-availability -Wno-objc-messaging-id -Wno-direct-ivar-access -Wno-cast-qual -Wno-declaration-after-statement -F/Users/oikhlas/Library/Developer/Xcode/DerivedData/WebDriverAgent-bcmeffsllcldukgyoimwiehwhvyz/Build/Products/Debug-iphonesimulator -F/Applications/Xcode.app/Contents/Developer/Platforms/iPhoneSimulator.platform/Developer/Library/Frameworks -F/Applications/Xcode.app/Contents/Developer/Platforms/iPhoneSimulator.platform/Developer/Library/PrivateFrameworks -iframework /Applications/Xcode.app/Contents/Developer/Platforms/iPhoneSimulator.platform/Developer/SDKs/iPhoneSimulator16.0.sdk/Developer/Library/Frameworks -MMD -MT dependencies -MF /Users/oikhlas/Library/Developer/Xcode/DerivedData/WebDriverAgent-bcmeffsllcldukgyoimwiehwhvyz/Build/Intermediates.noindex/WebDriverAgent.build/Debug-iphonesimulator/WebDriverAgentLib.build/StaticAnalyzer/WebDriverAgent/WebDriverAgentLib/normal/x86_64/FBUnattachedAppLauncher.d --analyze /Users/oikhlas/.appium/node_modules/appium-xcuitest-driver/node_modules/appium-webdriveragent/WebDriverAgentLib/Utilities/FBUnattachedAppLauncher.m -o /Users/oikhlas/Library/Developer/Xcode/DerivedData/WebDriverAgent-bcmeffsllcldukgyoimwiehwhvyz/Build/Intermediates.noindex/WebDriverAgent.build/Debug-iphonesimulator/WebDriverAgentLib.build/StaticAnalyzer/WebDriverAgent/WebDriverAgentLib/normal/x86_64/FBUnattachedAppLauncher.plist
&amp#27;[38;5;173m[Xcode]&amp#27;[0m 
&amp#27;[38;5;173m[Xcode]&amp#27;[0m 
&amp#27;[38;5;173m[Xcode]&amp#27;[0m Analyze /Users/oikhlas/.appium/node_modules/appium-xcuitest-driver/node_modules/appium-webdriveragent/WebDriverAgentLib/Utilities/FBTVNavigationTracker.m normal x86_64 (in target 'WebDriverAgentLib' from project 'WebDriverAgent')
&amp#27;[38;5;173m[Xcode]&amp#27;[0m     cd /Users/oikhlas/.appium/node_modules/appium-xcuitest-driver/node_modules/appium-webdriveragent
&amp#27;[38;5;173m[Xcode]&amp#27;[0m     /Applications/Xcode.app/Contents/Developer/Toolchains/XcodeDefault.xctoolchain/usr/bin/clang -x objective-c -target x86_64-apple-ios16.0-simulator -fmessage-length\=0 -fdiagnostics-show-note-include-stack -fmacro-backtrace-limit\=0 -std\=gnu99 -fobjc-arc -fmodules -gmodules -fmodules-cache-path\=/Users/oikhlas/Library/Developer/Xcode/DerivedData/WebDriverAgent-bcmeffsllcldukgyoimwiehwhvyz/ModuleCache.noindex -fmodules-prune-interval\=86400 -fmodules-prune-after\=345600 -fbuild-session-file\=/Users/oikhlas/Library/Developer/Xcode/DerivedData/WebDriverAgent-bcmeffsllcldukgyoimwiehwhvyz/ModuleCache.noindex/Session.modulevalidation -fmodules-validate-once-per-build-session -Wno-trigraphs -fpascal-strings -O0 -fno-common -Wmissing-field-initializers -Wno-missing-prototypes -Werror\=return-type -Wunreachable-code -Wquoted-include-in-framework-header -Wno-implicit-atomic-properties -Werror\=deprecated-objc-isa-usage -Wno-objc-interface-ivars -Werror\=objc-root-class -Warc-repeated-use-of-weak -Wno-arc-maybe-repeated-use-of-weak -Wimplicit-retain-self -Wduplicate-method-match -Wno-missing-braces -Wparentheses -Wswitch -Wunused-function -Wno-unused-label -Wunused-parameter -Wunused-variable -Wunused-value -Wempty-body -Wuninitialized -Wconditional-uninitialized -Wno-unknown-pragmas -pedantic -Wshadow -Wno-four-char-constants -Wconversion -Wconstant-conversion -Wint-conversion -Wbool-conversion -Wenum-conversion -Wfloat-conversion -Wnon-literal-null-conversion -Wobjc-literal-conversion -Wassign-enum -Wsign-compare -Wshorten-64-to-32 -Wpointer-sign -Wno-newline-eof -Wno-selector -Wno-strict-selector-match -Wundeclared-selector -Wdeprecated-implementations -Wno-implicit-fallthrough -DDEBUG\=1 -DOBJC_OLD_DISPATCH_PROTOTYPES\=0 -isysroot /Applications/Xcode.app/Contents/Developer/Platforms/iPhoneSimulator.platform/Developer/SDKs/iPhoneSimulator16.0.sdk -fasm-blocks -fstrict-aliasing -Wprotocol -Wdeprecated-declarations -g -Wno-sign-conversion -Winfinite-recursion -Wcomma -Wblock-capture-autoreleasing -Wstrict-prototypes -Wno-semicolon-before-method-body -fobjc-abi-version\=2 -fobjc-legacy-dispatch -D__clang_analyzer__ -Xclang -analyzer-output\=plist-multi-file -Xclang -analyzer-config -Xclang path-diagnostics-alternate\=true -Xclang -analyzer-config -Xclang report-in-main-source-file\=true -Xclang -analyzer-checker -Xclang optin.osx.cocoa.localizability.NonLocalizedStringChecker -Xclang -analyzer-checker -Xclang security.insecureAPI.UncheckedReturn -Xclang -analyzer-checker -Xclang security.insecureAPI.getpw -Xclang -analyzer-checker -Xclang security.insecureAPI.gets -Xclang -analyzer-checker -Xclang security.insecureAPI.mkstemp -Xclang -analyzer-checker -Xclang security.insecureAPI.mktemp -Xclang -analyzer-disable-checker -Xclang security.insecureAPI.rand -Xclang -analyzer-disable-checker -Xclang security.insecureAPI.strcpy -Xclang -analyzer-checker -Xclang security.insecureAPI.vfork -iquote /Users/oikhlas/Library/Developer/Xcode/DerivedData/WebDriverAgent-bcmeffsllcldukgyoimwiehwhvyz/Build/Intermediates.noindex/WebDriverAgent.build/Debug-iphonesimulator/WebDriverAgentLib.build/WebDriverAgentLib-generated-files.hmap -I/Users/oikhlas/Library/Developer/Xcode/DerivedData/WebDriverAgent-bcmeffsllcldukgyoimwiehwhvyz/Build/Intermediates.noindex/WebDriverAgent.build/Debug-iphonesimulator/WebDriverAgentLib.build/WebDriverAgentLib-own-target-headers.hmap -I/Users/oikhlas/Library/Developer/Xcode/DerivedData/WebDriverAgent-bcmeffsllcldukgyoimwiehwhvyz/Build/Intermediates.noindex/WebDriverAgent.build/Debug-iphonesimulator/WebDriverAgentLib.build/WebDriverAgentLib-all-target-headers.hmap -iquote /Users/oikhlas/Library/Developer/Xcode/DerivedData/WebDriverAgent-bcmeffsllcldukgyoimwiehwhvyz/Build/Intermediates.noindex/WebDriverAgent.build/Debug-iphonesimulator/WebDriverAgentLib.build/WebDriverAgentLib-project-headers.hmap -I/Users/oikhlas/Library/Developer/Xcode/DerivedData/WebDriverAgent-bcmeffsllcldukgyoimwiehwhvyz/Build/Products/Debug-iphonesimulator/include -I/Applications/Xcode.app/Contents/Developer/Platforms/iPhoneSimulator.platform/Developer/SDKs/iPhoneSimulator16.0.sdk/usr/include/libxml2 -I/Users/oikhlas/.appium/node_modules/appium-xcuitest-driver/node_modules/appium-webdriveragent/Modules -I/Users/oikhlas/Library/Developer/Xcode/DerivedData/WebDriverAgent-bcmeffsllcldukgyoimwiehwhvyz/Build/Intermediates.noindex/WebDriverAgent.build/Debug-iphonesimulator/WebDriverAgentLib.build/DerivedSources-normal/x86_64 -I/Users/oikhlas/Library/Developer/Xcode/DerivedData/WebDriverAgent-bcmeffsllcldukgyoimwiehwhvyz/Build/Intermediates.noindex/WebDriverAgent.build/Debug-iphonesimulator/WebDriverAgentLib.build/DerivedSources/x86_64 -I/Users/oikhlas/Library/Developer/Xcode/DerivedData/WebDriverAgent-bcmeffsllcldukgyoimwiehwhvyz/Build/Intermediates.noindex/WebDriverAgent.build/Debug-iphonesimulator/WebDriverAgentLib.build/DerivedSources -Weverything -Wno-objc-missing-property-synthesis -Wno-unused-macros -Wno-disabled-macro-expansion -Wno-gnu-statement-expression -Wno-language-extension-token -Wno-overriding-method-mismatch -Wno-missing-variable-declarations -Rno-module-build -Wno-auto-import -Wno-objc-interface-ivars -Wno-documentation-unknown-command -Wno-reserved-id-macro -Wno-unused-parameter -Wno-gnu-conditional-omitted-operand -Wno-explicit-ownership-type -Wno-date-time -Wno-cast-align -Wno-cstring-format-directive -Wno-double-promotion -Wno-partial-availability -Weverything -Wno-objc-missing-property-synthesis -Wno-unused-macros -Wno-disabled-macro-expansion -Wno-gnu-statement-expression -Wno-language-extension-token -Wno-overriding-method-mismatch -Wno-missing-variable-declarations -Rno-module-build -Wno-auto-import -Wno-objc-interface-ivars -Wno-documentation-unknown-command -Wno-reserved-id-macro -Wno-unused-parameter -Wno-gnu-conditional-omitted-operand -Wno-explicit-ownership-type -Wno-date-time -Wno-cast-align -Wno-cstring-format-directive -Wno-double-promotion -Wno-partial-availability -Wno-objc-messaging-id -Wno-direct-ivar-access -Wno-cast-qual -Wno-declaration-after-statement -F/Users/oikhlas/Library/Developer/Xcode/DerivedData/WebDriverAgent-bcmeffsllcldukgyoimwiehwhvyz/Build/Products/Debug-iphonesimulator -F/Applications/Xcode.app/Contents/Developer/Platforms/iPhoneSimulator.platform/Developer/Library/Frameworks -F/Applications/Xcode.app/Contents/Developer/Platforms/iPhoneSimulator.platform/Developer/Library/PrivateFrameworks -iframework /Applications/Xcode.app/Contents/Developer/Platforms/iPhoneSimulator.platform/Developer/SDKs/iPhoneSimulator16.0.sdk/Developer/Library/Frameworks -MMD -MT dependencies -MF /Users/oikhlas/Library/Developer/Xcode/DerivedData/WebDriverAgent-bcmeffsllcldukgyoimwiehwhvyz/Build/Intermediates.noindex/WebDriverAgent.build/Debug-iphonesimulator/WebDriverAgentLib.build/StaticAnalyzer/WebDriverAgent/WebDriverAgentLib/normal/x86_64/FBTVNavigationTracker.d --analyze /Users/oikhlas/.appium/node_modules/appium-xcuitest-driver/node_modules/appium-webdriveragent/WebDriverAgentLib/Utilities/FBTVNavigationTracker.m -o /Users/oikhlas/Library/Developer/Xcode/DerivedData/WebDriverAgent-bcmeffsllcldukgyoimwiehwhvyz/Build/Intermediates.noindex/WebDriverAgent.build/Debug-iphonesimulator/WebDriverAgentLib.build/StaticAnalyzer/WebDriverAgent/WebDriverAgentLib/normal/x86_64/FBTVNavigationTracker.plist
&amp#27;[38;5;173m[Xcode]&amp#27;[0m 
&amp#27;[38;5;173m[Xcode]&amp#27;[0m 
&amp#27;[38;5;173m[Xcode]&amp#27;[0m Analyze /Users/oikhlas/.appium/node_modules/appium-xcuitest-driver/node_modules/appium-webdriveragent/WebDriverAgentLib/Utilities/FBSettings.m normal x86_64 (in target 'WebDriverAgentLib' from project 'WebDriverAgent')
&amp#27;[38;5;173m[Xcode]&amp#27;[0m     cd /Users/oikhlas/.appium/node_modules/appium-xcuitest-driver/node_modules/appium-webdriveragent
&amp#27;[38;5;173m[Xcode]&amp#27;[0m     /Applications/Xcode.app/Contents/Developer/Toolchains/XcodeDefault.xctoolchain/usr/bin/clang -x objective-c -target x86_64-apple-ios16.0-simulator -fmessage-length\=0 -fdiagnostics-show-note-include-stack -fmacro-backtrace-limit\=0 -std\=gnu99 -fobjc-arc -fmodules -gmodules -fmodules-cache-path\=/Users/oikhlas/Library/Developer/Xcode/DerivedData/WebDriverAgent-bcmeffsllcldukgyoimwiehwhvyz/ModuleCache.noindex -fmodules-prune-interval\=86400 -fmodules-prune-after\=345600 -fbuild-session-file\=/Users/oikhlas/Library/Developer/Xcode/DerivedData/WebDriverAgent-bcmeffsllcldukgyoimwiehwhvyz/ModuleCache.noindex/Session.modulevalidation -fmodules-validate-once-per-build-session -Wno-trigraphs -fpascal-strings -O0 -fno-common -Wmissing-field-initializers -Wno-missing-prototypes -Werror\=return-type -Wunreachable-code -Wquoted-include-in-framework-header -Wno-implicit-atomic-properties -Werror\=deprecated-objc-isa-usage -Wno-objc-interface-ivars -Werror\=objc-root-class -Warc-repeated-use-of-weak -Wno-arc-maybe-repeated-use-of-weak -Wimplicit-retain-self -Wduplicate-method-match -Wno-missing-braces -Wparentheses -Wswitch -Wunused-function -Wno-unused-label -Wunused-parameter -Wunused-variable -Wunused-value -Wempty-body -Wuninitialized -Wconditional-uninitialized -Wno-unknown-pragmas -pedantic -Wshadow -Wno-four-char-constants -Wconversion -Wconstant-conversion -Wint-conversion -Wbool-conversion -Wenum-conversion -Wfloat-conversion -Wnon-literal-null-conversion -Wobjc-literal-conversion -Wassign-enum -Wsign-compare -Wshorten-64-to-32 -Wpointer-sign -Wno-newline-eof -Wno-selector -Wno-strict-selector-match -Wundeclared-selector -Wdeprecated-implementations -Wno-implicit-fallthrough -DDEBUG\=1 -DOBJC_OLD_DISPATCH_PROTOTYPES\=0 -isysroot /Applications/Xcode.app/Contents/Developer/Platforms/iPhoneSimulator.platform/Developer/SDKs/iPhoneSimulator16.0.sdk -fasm-blocks -fstrict-aliasing -Wprotocol -Wdeprecated-declarations -g -Wno-sign-conversion -Winfinite-recursion -Wcomma -Wblock-capture-autoreleasing -Wstrict-prototypes -Wno-semicolon-before-method-body -fobjc-abi-version\=2 -fobjc-legacy-dispatch -D__clang_analyzer__ -Xclang -analyzer-output\=plist-multi-file -Xclang -analyzer-config -Xclang path-diagnostics-alternate\=true -Xclang -analyzer-config -Xclang report-in-main-source-file\=true -Xclang -analyzer-checker -Xclang optin.osx.cocoa.localizability.NonLocalizedStringChecker -Xclang -analyzer-checker -Xclang security.insecureAPI.UncheckedReturn -Xclang -analyzer-checker -Xclang security.insecureAPI.getpw -Xclang -analyzer-checker -Xclang security.insecureAPI.gets -Xclang -analyzer-checker -Xclang security.insecureAPI.mkstemp -Xclang -analyzer-checker -Xclang security.insecureAPI.mktemp -Xclang -analyzer-disable-checker -Xclang security.insecureAPI.rand -Xclang -analyzer-disable-checker -Xclang security.insecureAPI.strcpy -Xclang -analyzer-checker -Xclang security.insecureAPI.vfork -iquote /Users/oikhlas/Library/Developer/Xcode/DerivedData/WebDriverAgent-bcmeffsllcldukgyoimwiehwhvyz/Build/Intermediates.noindex/WebDriverAgent.build/Debug-iphonesimulator/WebDriverAgentLib.build/WebDriverAgentLib-generated-files.hmap -I/Users/oikhlas/Library/Developer/Xcode/DerivedData/WebDriverAgent-bcmeffsllcldukgyoimwiehwhvyz/Build/Intermediates.noindex/WebDriverAgent.build/Debug-iphonesimulator/WebDriverAgentLib.build/WebDriverAgentLib-own-target-headers.hmap -I/Users/oikhlas/Library/Developer/Xcode/DerivedData/WebDriverAgent-bcmeffsllcldukgyoimwiehwhvyz/Build/Intermediates.noindex/WebDriverAgent.build/Debug-iphonesimulator/WebDriverAgentLib.build/WebDriverAgentLib-all-target-headers.hmap -iquote /Users/oikhlas/Library/Developer/Xcode/DerivedData/WebDriverAgent-bcmeffsllcldukgyoimwiehwhvyz/Build/Intermediates.noindex/WebDriverAgent.build/Debug-iphonesimulator/WebDriverAgentLib.build/WebDriverAgentLib-project-headers.hmap -I/Users/oikhlas/Library/Developer/Xcode/DerivedData/WebDriverAgent-bcmeffsllcldukgyoimwiehwhvyz/Build/Products/Debug-iphonesimulator/include -I/Applications/Xcode.app/Contents/Developer/Platforms/iPhoneSimulator.platform/Developer/SDKs/iPhoneSimulator16.0.sdk/usr/include/libxml2 -I/Users/oikhlas/.appium/node_modules/appium-xcuitest-driver/node_modules/appium-webdriveragent/Modules -I/Users/oikhlas/Library/Developer/Xcode/DerivedData/WebDriverAgent-bcmeffsllcldukgyoimwiehwhvyz/Build/Intermediates.noindex/WebDriverAgent.build/Debug-iphonesimulator/WebDriverAgentLib.build/DerivedSources-normal/x86_64 -I/Users/oikhlas/Library/Developer/Xcode/DerivedData/WebDriverAgent-bcmeffsllcldukgyoimwiehwhvyz/Build/Intermediates.noindex/WebDriverAgent.build/Debug-iphonesimulator/WebDriverAgentLib.build/DerivedSources/x86_64 -I/Users/oikhlas/Library/Developer/Xcode/DerivedData/WebDriverAgent-bcmeffsllcldukgyoimwiehwhvyz/Build/Intermediates.noindex/WebDriverAgent.build/Debug-iphonesimulator/WebDriverAgentLib.build/DerivedSources -Weverything -Wno-objc-missing-property-synthesis -Wno-unused-macros -Wno-disabled-macro-expansion -Wno-gnu-statement-expression -Wno-language-extension-token -Wno-overriding-method-mismatch -Wno-missing-variable-declarations -Rno-module-build -Wno-auto-import -Wno-objc-interface-ivars -Wno-documentation-unknown-command -Wno-reserved-id-macro -Wno-unused-parameter -Wno-gnu-conditional-omitted-operand -Wno-explicit-ownership-type -Wno-date-time -Wno-cast-align -Wno-cstring-format-directive -Wno-double-promotion -Wno-partial-availability -Weverything -Wno-objc-missing-property-synthesis -Wno-unused-macros -Wno-disabled-macro-expansion -Wno-gnu-statement-expression -Wno-language-extension-token -Wno-overriding-method-mismatch -Wno-missing-variable-declarations -Rno-module-build -Wno-auto-import -Wno-objc-interface-ivars -Wno-documentation-unknown-command -Wno-reserved-id-macro -Wno-unused-parameter -Wno-gnu-conditional-omitted-operand -Wno-explicit-ownership-type -Wno-date-time -Wno-cast-align -Wno-cstring-format-directive -Wno-double-promotion -Wno-partial-availability -Wno-objc-messaging-id -Wno-direct-ivar-access -Wno-cast-qual -Wno-declaration-after-statement -F/Users/oikhlas/Library/Developer/Xcode/DerivedData/WebDriverAgent-bcmeffsllcldukgyoimwiehwhvyz/Build/Products/Debug-iphonesimulator -F/Applications/Xcode.app/Contents/Developer/Platforms/iPhoneSimulator.platform/Developer/Library/Frameworks -F/Applications/Xcode.app/Contents/Developer/Platforms/iPhoneSimulator.platform/Developer/Library/PrivateFrameworks -iframework /Applications/Xcode.app/Contents/Developer/Platforms/iPhoneSimulator.platform/Developer/SDKs/iPhoneSimulator16.0.sdk/Developer/Library/Frameworks -MMD -MT dependencies -MF /Users/oikhlas/Library/Developer/Xcode/DerivedData/WebDriverAgent-bcmeffsllcldukgyoimwiehwhvyz/Build/Intermediates.noindex/WebDriverAgent.build/Debug-iphonesimulator/WebDriverAgentLib.build/StaticAnalyzer/WebDriverAgent/WebDriverAgentLib/normal/x86_64/FBSettings.d --analyze /Users/oikhlas/.appium/node_modules/appium-xcuitest-driver/node_modules/appium-webdriveragent/WebDriverAgentLib/Utilities/FBSettings.m -o /Users/oikhlas/Library/Developer/Xcode/DerivedData/WebDriverAgent-bcmeffsllcldukgyoimwiehwhvyz/Build/Intermediates.noindex/WebDriverAgent.build/Debug-iphonesimulator/WebDriverAgentLib.build/StaticAnalyzer/WebDriverAgent/WebDriverAgentLib/normal/x86_64/FBSettings.plist
&amp#27;[38;5;173m[Xcode]&amp#27;[0m 
&amp#27;[38;5;173m[Xcode]&amp#27;[0m 
&amp#27;[38;5;173m[Xcode]&amp#27;[0m Analyze /Users/oikhlas/.appium/node_modules/appium-xcuitest-driver/node_modules/appium-webdriveragent/WebDriverAgentLib/Utilities/FBScreenshot.m normal x86_64 (in target 'WebDriverAgentLib' from project 'WebDriverAgent')
&amp#27;[38;5;173m[Xcode]&amp#27;[0m     cd /Users/oikhlas/.appium/node_modules/appium-xcuitest-driver/node_modules/appium-webdriveragent
&amp#27;[38;5;173m[Xcode]&amp#27;[0m     /Applications/Xcode.app/Contents/Developer/Toolchains/XcodeDefault.xctoolchain/usr/bin/clang -x objective-c -target x86_64-apple-ios16.0-simulator -fmessage-length\=0 -fdiagnostics-show-note-include-stack -fmacro-backtrace-limit\=0 -std\=gnu99 -fobjc-arc -fmodules -gmodules -fmodules-cache-path\=/Users/oikhlas/Library/Developer/Xcode/DerivedData/WebDriverAgent-bcmeffsllcldukgyoimwiehwhvyz/ModuleCache.noindex -fmodules-prune-interval\=86400 -fmodules-prune-after\=345600 -fbuild-session-file\=/Users/oikhlas/Library/Developer/Xcode/DerivedData/WebDriverAgent-bcmeffsllcldukgyoimwiehwhvyz/ModuleCache.noindex/Session.modulevalidation -fmodules-validate-once-per-build-session -Wno-trigraphs -fpascal-strings -O0 -fno-common -Wmissing-field-initializers -Wno-missing-prototypes -Werror\=return-type -Wunreachable-code -Wquoted-include-in-framework-header -Wno-implicit-atomic-properties -Werror\=deprecated-objc-isa-usage -Wno-objc-interface-ivars -Werror\=objc-root-class -Warc-repeated-use-of-weak -Wno-arc-maybe-repeated-use-of-weak -Wimplicit-retain-self -Wduplicate-method-match -Wno-missing-braces -Wparentheses -Wswitch -Wunused-function -Wno-unused-label -Wunused-parameter -Wunused-variable -Wunused-value -Wempty-body -Wuninitialized -Wconditional-uninitialized -Wno-unknown-pragmas -pedantic -Wshadow -Wno-four-char-constants -Wconversion -Wconstant-conversion -Wint-conversion -Wbool-conversion -Wenum-conversion -Wfloat-conversion -Wnon-literal-null-conversion -Wobjc-literal-conversion -Wassign-enum -Wsign-compare -Wshorten-64-to-32 -Wpointer-sign -Wno-newline-eof -Wno-selector -Wno-strict-selector-match -Wundeclared-selector -Wdeprecated-implementations -Wno-implicit-fallthrough -DDEBUG\=1 -DOBJC_OLD_DISPATCH_PROTOTYPES\=0 -isysroot /Applications/Xcode.app/Contents/Developer/Platforms/iPhoneSimulator.platform/Developer/SDKs/iPhoneSimulator16.0.sdk -fasm-blocks -fstrict-aliasing -Wprotocol -Wdeprecated-declarations -g -Wno-sign-conversion -Winfinite-recursion -Wcomma -Wblock-capture-autoreleasing -Wstrict-prototypes -Wno-semicolon-before-method-body -fobjc-abi-version\=2 -fobjc-legacy-dispatch -D__clang_analyzer__ -Xclang -analyzer-output\=plist-multi-file -Xclang -analyzer-config -Xclang path-diagnostics-alternate\=true -Xclang -analyzer-config -Xclang report-in-main-source-file\=true -Xclang -analyzer-checker -Xclang optin.osx.cocoa.localizability.NonLocalizedStringChecker -Xclang -analyzer-checker -Xclang security.insecureAPI.UncheckedReturn -Xclang -analyzer-checker -Xclang security.insecureAPI.getpw -Xclang -analyzer-checker -Xclang security.insecureAPI.gets -Xclang -analyzer-checker -Xclang security.insecureAPI.mkstemp -Xclang -analyzer-checker -Xclang security.insecureAPI.mktemp -Xclang -analyzer-disable-checker -Xclang security.insecureAPI.rand -Xclang -analyzer-disable-checker -Xclang security.insecureAPI.strcpy -Xclang -analyzer-checker -Xclang security.insecureAPI.vfork -iquote /Users/oikhlas/Library/Developer/Xcode/DerivedData/WebDriverAgent-bcmeffsllcldukgyoimwiehwhvyz/Build/Intermediates.noindex/WebDriverAgent.build/Debug-iphonesimulator/WebDriverAgentLib.build/WebDriverAgentLib-generated-files.hmap -I/Users/oikhlas/Library/Developer/Xcode/DerivedData/WebDriverAgent-bcmeffsllcldukgyoimwiehwhvyz/Build/Intermediates.noindex/WebDriverAgent.build/Debug-iphonesimulator/WebDriverAgentLib.build/WebDriverAgentLib-own-target-headers.hmap -I/Users/oikhlas/Library/Developer/Xcode/DerivedData/WebDriverAgent-bcmeffsllcldukgyoimwiehwhvyz/Build/Intermediates.noindex/WebDriverAgent.build/Debug-iphonesimulator/WebDriverAgentLib.build/WebDriverAgentLib-all-target-headers.hmap -iquote /Users/oikhlas/Library/Developer/Xcode/DerivedData/WebDriverAgent-bcmeffsllcldukgyoimwiehwhvyz/Build/Intermediates.noindex/WebDriverAgent.build/Debug-iphonesimulator/WebDriverAgentLib.build/WebDriverAgentLib-project-headers.hmap -I/Users/oikhlas/Library/Developer/Xcode/DerivedData/WebDriverAgent-bcmeffsllcldukgyoimwiehwhvyz/Build/Products/Debug-iphonesimulator/include -I/Applications/Xcode.app/Contents/Developer/Platforms/iPhoneSimulator.platform/Developer/SDKs/iPhoneSimulator16.0.sdk/usr/include/libxml2 -I/Users/oikhlas/.appium/node_modules/appium-xcuitest-driver/node_modules/appium-webdriveragent/Modules -I/Users/oikhlas/Library/Developer/Xcode/DerivedData/WebDriverAgent-bcmeffsllcldukgyoimwiehwhvyz/Build/Intermediates.noindex/WebDriverAgent.build/Debug-iphonesimulator/WebDriverAgentLib.build/DerivedSources-normal/x86_64 -I/Users/oikhlas/Library/Developer/Xcode/DerivedData/WebDriverAgent-bcmeffsllcldukgyoimwiehwhvyz/Build/Intermediates.noindex/WebDriverAgent.build/Debug-iphonesimulator/WebDriverAgentLib.build/DerivedSources/x86_64 -I/Users/oikhlas/Library/Developer/Xcode/DerivedData/WebDriverAgent-bcmeffsllcldukgyoimwiehwhvyz/Build/Intermediates.noindex/WebDriverAgent.build/Debug-iphonesimulator/WebDriverAgentLib.build/DerivedSources -Weverything -Wno-objc-missing-property-synthesis -Wno-unused-macros -Wno-disabled-macro-expansion -Wno-gnu-statement-expression -Wno-language-extension-token -Wno-overriding-method-mismatch -Wno-missing-variable-declarations -Rno-module-build -Wno-auto-import -Wno-objc-interface-ivars -Wno-documentation-unknown-command -Wno-reserved-id-macro -Wno-unused-parameter -Wno-gnu-conditional-omitted-operand -Wno-explicit-ownership-type -Wno-date-time -Wno-cast-align -Wno-cstring-format-directive -Wno-double-promotion -Wno-partial-availability -Weverything -Wno-objc-missing-property-synthesis -Wno-unused-macros -Wno-disabled-macro-expansion -Wno-gnu-statement-expression -Wno-language-extension-token -Wno-overriding-method-mismatch -Wno-missing-variable-declarations -Rno-module-build -Wno-auto-import -Wno-objc-interface-ivars -Wno-documentation-unknown-command -Wno-reserved-id-macro -Wno-unused-parameter -Wno-gnu-conditional-omitted-operand -Wno-explicit-ownership-type -Wno-date-time -Wno-cast-align -Wno-cstring-format-directive -Wno-double-promotion -Wno-partial-availability -Wno-objc-messaging-id -Wno-direct-ivar-access -Wno-cast-qual -Wno-declaration-after-statement -F/Users/oikhlas/Library/Developer/Xcode/DerivedData/WebDriverAgent-bcmeffsllcldukgyoimwiehwhvyz/Build/Products/Debug-iphonesimulator -F/Applications/Xcode.app/Contents/Developer/Platforms/iPhoneSimulator.platform/Developer/Library/Frameworks -F/Applications/Xcode.app/Contents/Developer/Platforms/iPhoneSimulator.platform/Developer/Library/PrivateFrameworks -iframework /Applications/Xcode.app/Contents/Developer/Platforms/iPhoneSimulator.platform/Developer/SDKs/iPhoneSimulator16.0.sdk/Developer/Library/Frameworks -MMD -MT dependencies -MF /Users/oikhlas/Library/Developer/Xcode/DerivedData/WebDriverAgent-bcmeffsllcldukgyoimwiehwhvyz/Build/Intermediates.noindex/WebDriverAgent.build/Debug-iphonesimulator/WebDriverAgentLib.build/StaticAnalyzer/WebDriverAgent/WebDriverAgentLib/normal/x86_64/FBScreenshot.d --analyze /Users/oikhlas/.appium/node_modules/appium-xcuitest-driver/node_modules/appium-webdriveragent/WebDriverAgentLib/Utilities/FBScreenshot.m -o /Users/oikhlas/Library/Developer/Xcode/DerivedData/WebDriverAgent-bcmeffsllcldukgyoimwiehwhvyz/Build/Intermediates.noindex/WebDriverAgent.build/Debug-iphonesimulator/WebDriverAgentLib.build/StaticAnalyzer/WebDriverAgent/WebDriverAgentLib/normal/x86_64/FBScreenshot.plist
&amp#27;[38;5;173m[Xcode]&amp#27;[0m 
&amp#27;[38;5;173m[Xcode]&amp#27;[0m 
&amp#27;[38;5;173m[Xcode]&amp#27;[0m Analyze /Users/oikhlas/.appium/node_modules/appium-xcuitest-driver/node_modules/appium-webdriveragent/WebDriverAgentLib/Utilities/FBScreen.m normal x86_64 (in target 'WebDriverAgentLib' from project 'WebDriverAgent')
&amp#27;[38;5;173m[Xcode]&amp#27;[0m     cd /Users/oikhlas/.appium/node_modules/appium-xcuitest-driver/node_modules/appium-webdriveragent
&amp#27;[38;5;173m[Xcode]&amp#27;[0m     /Applications/Xcode.app/Contents/Developer/Toolchains/XcodeDefault.xctoolchain/usr/bin/clang -x objective-c -target x86_64-apple-ios16.0-simulator -fmessage-length\=0 -fdiagnostics-show-note-include-stack -fmacro-backtrace-limit\=0 -std\=gnu99 -fobjc-arc -fmodules -gmodules -fmodules-cache-path\=/Users/oikhlas/Library/Developer/Xcode/DerivedData/WebDriverAgent-bcmeffsllcldukgyoimwiehwhvyz/ModuleCache.noindex -fmodules-prune-interval\=86400 -fmodules-prune-after\=345600 -fbuild-session-file\=/Users/oikhlas/Library/Developer/Xcode/DerivedData/WebDriverAgent-bcmeffsllcldukgyoimwiehwhvyz/ModuleCache.noindex/Session.modulevalidation -fmodules-validate-once-per-build-session -Wno-trigraphs -fpascal-strings -O0 -fno-common -Wmissing-field-initializers -Wno-missing-prototypes -Werror\=return-type -Wunreachable-code -Wquoted-include-in-framework-header -Wno-implicit-atomic-properties -Werror\=deprecated-objc-isa-usage -Wno-objc-interface-ivars -Werror\=objc-root-class -Warc-repeated-use-of-weak -Wno-arc-maybe-repeated-use-of-weak -Wimplicit-retain-self -Wduplicate-method-match -Wno-missing-braces -Wparentheses -Wswitch -Wunused-function -Wno-unused-label -Wunused-parameter -Wunused-variable -Wunused-value -Wempty-body -Wuninitialized -Wconditional-uninitialized -Wno-unknown-pragmas -pedantic -Wshadow -Wno-four-char-constants -Wconversion -Wconstant-conversion -Wint-conversion -Wbool-conversion -Wenum-conversion -Wfloat-conversion -Wnon-literal-null-conversion -Wobjc-literal-conversion -Wassign-enum -Wsign-compare -Wshorten-64-to-32 -Wpointer-sign -Wno-newline-eof -Wno-selector -Wno-strict-selector-match -Wundeclared-selector -Wdeprecated-implementations -Wno-implicit-fallthrough -DDEBUG\=1 -DOBJC_OLD_DISPATCH_PROTOTYPES\=0 -isysroot /Applications/Xcode.app/Contents/Developer/Platforms/iPhoneSimulator.platform/Developer/SDKs/iPhoneSimulator16.0.sdk -fasm-blocks -fstrict-aliasing -Wprotocol -Wdeprecated-declarations -g -Wno-sign-conversion -Winfinite-recursion -Wcomma -Wblock-capture-autoreleasing -Wstrict-prototypes -Wno-semicolon-before-method-body -fobjc-abi-version\=2 -fobjc-legacy-dispatch -D__clang_analyzer__ -Xclang -analyzer-output\=plist-multi-file -Xclang -analyzer-config -Xclang path-diagnostics-alternate\=true -Xclang -analyzer-config -Xclang report-in-main-source-file\=true -Xclang -analyzer-checker -Xclang optin.osx.cocoa.localizability.NonLocalizedStringChecker -Xclang -analyzer-checker -Xclang security.insecureAPI.UncheckedReturn -Xclang -analyzer-checker -Xclang security.insecureAPI.getpw -Xclang -analyzer-checker -Xclang security.insecureAPI.gets -Xclang -analyzer-checker -Xclang security.insecureAPI.mkstemp -Xclang -analyzer-checker -Xclang security.insecureAPI.mktemp -Xclang -analyzer-disable-checker -Xclang security.insecureAPI.rand -Xclang -analyzer-disable-checker -Xclang security.insecureAPI.strcpy -Xclang -analyzer-checker -Xclang security.insecureAPI.vfork -iquote /Users/oikhlas/Library/Developer/Xcode/DerivedData/WebDriverAgent-bcmeffsllcldukgyoimwiehwhvyz/Build/Intermediates.noindex/WebDriverAgent.build/Debug-iphonesimulator/WebDriverAgentLib.build/WebDriverAgentLib-generated-files.hmap -I/Users/oikhlas/Library/Developer/Xcode/DerivedData/WebDriverAgent-bcmeffsllcldukgyoimwiehwhvyz/Build/Intermediates.noindex/WebDriverAgent.build/Debug-iphonesimulator/WebDriverAgentLib.build/WebDriverAgentLib-own-target-headers.hmap -I/Users/oikhlas/Library/Developer/Xcode/DerivedData/WebDriverAgent-bcmeffsllcldukgyoimwiehwhvyz/Build/Intermediates.noindex/WebDriverAgent.build/Debug-iphonesimulator/WebDriverAgentLib.build/WebDriverAgentLib-all-target-headers.hmap -iquote /Users/oikhlas/Library/Developer/Xcode/DerivedData/WebDriverAgent-bcmeffsllcldukgyoimwiehwhvyz/Build/Intermediates.noindex/WebDriverAgent.build/Debug-iphonesimulator/WebDriverAgentLib.build/WebDriverAgentLib-project-headers.hmap -I/Users/oikhlas/Library/Developer/Xcode/DerivedData/WebDriverAgent-bcmeffsllcldukgyoimwiehwhvyz/Build/Products/Debug-iphonesimulator/include -I/Applications/Xcode.app/Contents/Developer/Platforms/iPhoneSimulator.platform/Developer/SDKs/iPhoneSimulator16.0.sdk/usr/include/libxml2 -I/Users/oikhlas/.appium/node_modules/appium-xcuitest-driver/node_modules/appium-webdriveragent/Modules -I/Users/oikhlas/Library/Developer/Xcode/DerivedData/WebDriverAgent-bcmeffsllcldukgyoimwiehwhvyz/Build/Intermediates.noindex/WebDriverAgent.build/Debug-iphonesimulator/WebDriverAgentLib.build/DerivedSources-normal/x86_64 -I/Users/oikhlas/Library/Developer/Xcode/DerivedData/WebDriverAgent-bcmeffsllcldukgyoimwiehwhvyz/Build/Intermediates.noindex/WebDriverAgent.build/Debug-iphonesimulator/WebDriverAgentLib.build/DerivedSources/x86_64 -I/Users/oikhlas/Library/Developer/Xcode/DerivedData/WebDriverAgent-bcmeffsllcldukgyoimwiehwhvyz/Build/Intermediates.noindex/WebDriverAgent.build/Debug-iphonesimulator/WebDriverAgentLib.build/DerivedSources -Weverything -Wno-objc-missing-property-synthesis -Wno-unused-macros -Wno-disabled-macro-expansion -Wno-gnu-statement-expression -Wno-language-extension-token -Wno-overriding-method-mismatch -Wno-missing-variable-declarations -Rno-module-build -Wno-auto-import -Wno-objc-interface-ivars -Wno-documentation-unknown-command -Wno-reserved-id-macro -Wno-unused-parameter -Wno-gnu-conditional-omitted-operand -Wno-explicit-ownership-type -Wno-date-time -Wno-cast-align -Wno-cstring-format-directive -Wno-double-promotion -Wno-partial-availability -Weverything -Wno-objc-missing-property-synthesis -Wno-unused-macros -Wno-disabled-macro-expansion -Wno-gnu-statement-expression -Wno-language-extension-token -Wno-overriding-method-mismatch -Wno-missing-variable-declarations -Rno-module-build -Wno-auto-import -Wno-objc-interface-ivars -Wno-documentation-unknown-command -Wno-reserved-id-macro -Wno-unused-parameter -Wno-gnu-conditional-omitted-operand -Wno-explicit-ownership-type -Wno-date-time -Wno-cast-align -Wno-cstring-format-directive -Wno-double-promotion -Wno-partial-availability -Wno-objc-messaging-id -Wno-direct-ivar-access -Wno-cast-qual -Wno-declaration-after-statement -F/Users/oikhlas/Library/Developer/Xcode/DerivedData/WebDriverAgent-bcmeffsllcldukgyoimwiehwhvyz/Build/Products/Debug-iphonesimulator -F/Applications/Xcode.app/Contents/Developer/Platforms/iPhoneSimulator.platform/Developer/Library/Frameworks -F/Applications/Xcode.app/Contents/Developer/Platforms/iPhoneSimulator.platform/Developer/Library/PrivateFrameworks -iframework /Applications/Xcode.app/Contents/Developer/Platforms/iPhoneSimulator.platform/Developer/SDKs/iPhoneSimulator16.0.sdk/Developer/Library/Frameworks -MMD -MT dependencies -MF /Users/oikhlas/Library/Developer/Xcode/DerivedData/WebDriverAgent-bcmeffsllcldukgyoimwiehwhvyz/Build/Intermediates.noindex/WebDriverAgent.build/Debug-iphonesimulator/WebDriverAgentLib.build/StaticAnalyzer/WebDriverAgent/WebDriverAgentLib/normal/x86_64/FBScreen.d --analyze /Users/oikhlas/.appium/node_modules/appium-xcuitest-driver/node_modules/appium-webdriveragent/WebDriverAgentLib/Utilities/FBScreen.m -o /Users/oikhlas/Library/Developer/Xcode/DerivedData/WebDriverAgent-bcmeffsllcldukgyoimwiehwhvyz/Build/Intermediates.noindex/WebDriverAgent.build/Debug-iphonesimulator/WebDriverAgentLib.build/StaticAnalyzer/WebDriverAgent/WebDriverAgentLib/normal/x86_64/FBScreen.plist
&amp#27;[38;5;173m[Xcode]&amp#27;[0m 
&amp#27;[38;5;173m[Xcode]&amp#27;[0m 
&amp#27;[38;5;173m[Xcode]&amp#27;[0m Analyze /Users/oikhlas/.appium/node_modules/appium-xcuitest-driver/node_modules/appium-webdriveragent/WebDriverAgentLib/Utilities/FBRuntimeUtils.m normal x86_64 (in target 'WebDriverAgentLib' from project 'WebDriverAgent')
&amp#27;[38;5;173m[Xcode]&amp#27;[0m     cd /Users/oikhlas/.appium/node_modules/appium-xcuitest-driver/node_modules/appium-webdriveragent
&amp#27;[38;5;173m[Xcode]&amp#27;[0m     /Applications/Xcode.app/Contents/Developer/Toolchains/XcodeDefault.xctoolchain/usr/bin/clang -x objective-c -target x86_64-apple-ios16.0-simulator -fmessage-length\=0 -fdiagnostics-show-note-include-stack -fmacro-backtrace-limit\=0 -std\=gnu99 -fobjc-arc -fmodules -gmodules -fmodules-cache-path\=/Users/oikhlas/Library/Developer/Xcode/DerivedData/WebDriverAgent-bcmeffsllcldukgyoimwiehwhvyz/ModuleCache.noindex -fmodules-prune-interval\=86400 -fmodules-prune-after\=345600 -fbuild-session-file\=/Users/oikhlas/Library/Developer/Xcode/DerivedData/WebDriverAgent-bcmeffsllcldukgyoimwiehwhvyz/ModuleCache.noindex/Session.modulevalidation -fmodules-validate-once-per-build-session -Wno-trigraphs -fpascal-strings -O0 -fno-common -Wmissing-field-initializers -Wno-missing-prototypes -Werror\=return-type -Wunreachable-code -Wquoted-include-in-framework-header -Wno-implicit-atomic-properties -Werror\=deprecated-objc-isa-usage -Wno-objc-interface-ivars -Werror\=objc-root-class -Warc-repeated-use-of-weak -Wno-arc-maybe-repeated-use-of-weak -Wimplicit-retain-self -Wduplicate-method-match -Wno-missing-braces -Wparentheses -Wswitch -Wunused-function -Wno-unused-label -Wunused-parameter -Wunused-variable -Wunused-value -Wempty-body -Wuninitialized -Wconditional-uninitialized -Wno-unknown-pragmas -pedantic -Wshadow -Wno-four-char-constants -Wconversion -Wconstant-conversion -Wint-conversion -Wbool-conversion -Wenum-conversion -Wfloat-conversion -Wnon-literal-null-conversion -Wobjc-literal-conversion -Wassign-enum -Wsign-compare -Wshorten-64-to-32 -Wpointer-sign -Wno-newline-eof -Wno-selector -Wno-strict-selector-match -Wundeclared-selector -Wdeprecated-implementations -Wno-implicit-fallthrough -DDEBUG\=1 -DOBJC_OLD_DISPATCH_PROTOTYPES\=0 -isysroot /Applications/Xcode.app/Contents/Developer/Platforms/iPhoneSimulator.platform/Developer/SDKs/iPhoneSimulator16.0.sdk -fasm-blocks -fstrict-aliasing -Wprotocol -Wdeprecated-declarations -g -Wno-sign-conversion -Winfinite-recursion -Wcomma -Wblock-capture-autoreleasing -Wstrict-prototypes -Wno-semicolon-before-method-body -fobjc-abi-version\=2 -fobjc-legacy-dispatch -D__clang_analyzer__ -Xclang -analyzer-output\=plist-multi-file -Xclang -analyzer-config -Xclang path-diagnostics-alternate\=true -Xclang -analyzer-config -Xclang report-in-main-source-file\=true -Xclang -analyzer-checker -Xclang optin.osx.cocoa.localizability.NonLocalizedStringChecker -Xclang -analyzer-checker -Xclang security.insecureAPI.UncheckedReturn -Xclang -analyzer-checker -Xclang security.insecureAPI.getpw -Xclang -analyzer-checker -Xclang security.insecureAPI.gets -Xclang -analyzer-checker -Xclang security.insecureAPI.mkstemp -Xclang -analyzer-checker -Xclang security.insecureAPI.mktemp -Xclang -analyzer-disable-checker -Xclang security.insecureAPI.rand -Xclang -analyzer-disable-checker -Xclang security.insecureAPI.strcpy -Xclang -analyzer-checker -Xclang security.insecureAPI.vfork -iquote /Users/oikhlas/Library/Developer/Xcode/DerivedData/WebDriverAgent-bcmeffsllcldukgyoimwiehwhvyz/Build/Intermediates.noindex/WebDriverAgent.build/Debug-iphonesimulator/WebDriverAgentLib.build/WebDriverAgentLib-generated-files.hmap -I/Users/oikhlas/Library/Developer/Xcode/DerivedData/WebDriverAgent-bcmeffsllcldukgyoimwiehwhvyz/Build/Intermediates.noindex/WebDriverAgent.build/Debug-iphonesimulator/WebDriverAgentLib.build/WebDriverAgentLib-own-target-headers.hmap -I/Users/oikhlas/Library/Developer/Xcode/DerivedData/WebDriverAgent-bcmeffsllcldukgyoimwiehwhvyz/Build/Intermediates.noindex/WebDriverAgent.build/Debug-iphonesimulator/WebDriverAgentLib.build/WebDriverAgentLib-all-target-headers.hmap -iquote /Users/oikhlas/Library/Developer/Xcode/DerivedData/WebDriverAgent-bcmeffsllcldukgyoimwiehwhvyz/Build/Intermediates.noindex/WebDriverAgent.build/Debug-iphonesimulator/WebDriverAgentLib.build/WebDriverAgentLib-project-headers.hmap -I/Users/oikhlas/Library/Developer/Xcode/DerivedData/WebDriverAgent-bcmeffsllcldukgyoimwiehwhvyz/Build/Products/Debug-iphonesimulator/include -I/Applications/Xcode.app/Contents/Developer/Platforms/iPhoneSimulator.platform/Developer/SDKs/iPhoneSimulator16.0.sdk/usr/include/libxml2 -I/Users/oikhlas/.appium/node_modules/appium-xcuitest-driver/node_modules/appium-webdriveragent/Modules -I/Users/oikhlas/Library/Developer/Xcode/DerivedData/WebDriverAgent-bcmeffsllcldukgyoimwiehwhvyz/Build/Intermediates.noindex/WebDriverAgent.build/Debug-iphonesimulator/WebDriverAgentLib.build/DerivedSources-normal/x86_64 -I/Users/oikhlas/Library/Developer/Xcode/DerivedData/WebDriverAgent-bcmeffsllcldukgyoimwiehwhvyz/Build/Intermediates.noindex/WebDriverAgent.build/Debug-iphonesimulator/WebDriverAgentLib.build/DerivedSources/x86_64 -I/Users/oikhlas/Library/Developer/Xcode/DerivedData/WebDriverAgent-bcmeffsllcldukgyoimwiehwhvyz/Build/Intermediates.noindex/WebDriverAgent.build/Debug-iphonesimulator/WebDriverAgentLib.build/DerivedSources -Weverything -Wno-objc-missing-property-synthesis -Wno-unused-macros -Wno-disabled-macro-expansion -Wno-gnu-statement-expression -Wno-language-extension-token -Wno-overriding-method-mismatch -Wno-missing-variable-declarations -Rno-module-build -Wno-auto-import -Wno-objc-interface-ivars -Wno-documentation-unknown-command -Wno-reserved-id-macro -Wno-unused-parameter -Wno-gnu-conditional-omitted-operand -Wno-explicit-ownership-type -Wno-date-time -Wno-cast-align -Wno-cstring-format-directive -Wno-double-promotion -Wno-partial-availability -Weverything -Wno-objc-missing-property-synthesis -Wno-unused-macros -Wno-disabled-macro-expansion -Wno-gnu-statement-expression -Wno-language-extension-token -Wno-overriding-method-mismatch -Wno-missing-variable-declarations -Rno-module-build -Wno-auto-import -Wno-objc-interface-ivars -Wno-documentation-unknown-command -Wno-reserved-id-macro -Wno-unused-parameter -Wno-gnu-conditional-omitted-operand -Wno-explicit-ownership-type -Wno-date-time -Wno-cast-align -Wno-cstring-format-directive -Wno-double-promotion -Wno-partial-availability -Wno-objc-messaging-id -Wno-direct-ivar-access -Wno-cast-qual -Wno-declaration-after-statement -F/Users/oikhlas/Library/Developer/Xcode/DerivedData/WebDriverAgent-bcmeffsllcldukgyoimwiehwhvyz/Build/Products/Debug-iphonesimulator -F/Applications/Xcode.app/Contents/Developer/Platforms/iPhoneSimulator.platform/Developer/Library/Frameworks -F/Applications/Xcode.app/Contents/Developer/Platforms/iPhoneSimulator.platform/Developer/Library/PrivateFrameworks -iframework /Applications/Xcode.app/Contents/Developer/Platforms/iPhoneSimulator.platform/Developer/SDKs/iPhoneSimulator16.0.sdk/Developer/Library/Frameworks -MMD -MT dependencies -MF /Users/oikhlas/Library/Developer/Xcode/DerivedData/WebDriverAgent-bcmeffsllcldukgyoimwiehwhvyz/Build/Intermediates.noindex/WebDriverAgent.build/Debug-iphonesimulator/WebDriverAgentLib.build/StaticAnalyzer/WebDriverAgent/WebDriverAgentLib/normal/x86_64/FBRuntimeUtils.d --analyze /Users/oikhlas/.appium/node_modules/appium-xcuitest-driver/node_modules/appium-webdriveragent/WebDriverAgentLib/Utilities/FBRuntimeUtils.m -o /Users/oikhlas/Library/Developer/Xcode/DerivedData/WebDriverAgent-bcmeffsllcldukgyoimwiehwhvyz/Build/Intermediates.noindex/WebDriverAgent.build/Debug-iphonesimulator/WebDriverAgentLib.build/StaticAnalyzer/WebDriverAgent/WebDriverAgentLib/normal/x86_64/FBRuntimeUtils.plist
&amp#27;[38;5;173m[Xcode]&amp#27;[0m 
&amp#27;[38;5;173m[Xcode]&amp#27;[0m 
&amp#27;[38;5;173m[Xcode]&amp#27;[0m Analyze /Users/oikhlas/.appium/node_modules/appium-xcuitest-driver/node_modules/appium-webdriveragent/WebDriverAgentLib/Utilities/FBRunLoopSpinner.m normal x86_64 (in target 'WebDriverAgentLib' from project 'WebDriverAgent')
&amp#27;[38;5;173m[Xcode]&amp#27;[0m     cd /Users/oikhlas/.appium/node_modules/appium-xcuitest-driver/node_modules/appium-webdriveragent
&amp#27;[38;5;173m[Xcode]&amp#27;[0m     /Applications/Xcode.app/Contents/Developer/Toolchains/XcodeDefault.xctoolchain/usr/bin/clang -x objective-c -target x86_64-apple-ios16.0-simulator -fmessage-length\=0 -fdiagnostics-show-note-include-stack -fmacro-backtrace-limit\=0 -std\=gnu99 -fobjc-arc -fmodules -gmodules -fmodules-cache-path\=/Users/oikhlas/Library/Developer/Xcode/DerivedData/WebDriverAgent-bcmeffsllcldukgyoimwiehwhvyz/ModuleCache.noindex -fmodules-prune-interval\=86400 -fmodules-prune-after\=345600 -fbuild-session-file\=/Users/oikhlas/Library/Developer/Xcode/DerivedData/WebDriverAgent-bcmeffsllcldukgyoimwiehwhvyz/ModuleCache.noindex/Session.modulevalidation -fmodules-validate-once-per-build-session -Wno-trigraphs -fpascal-strings -O0 -fno-common -Wmissing-field-initializers -Wno-missing-prototypes -Werror\=return-type -Wunreachable-code -Wquoted-include-in-framework-header -Wno-implicit-atomic-properties -Werror\=deprecated-objc-isa-usage -Wno-objc-interface-ivars -Werror\=objc-root-class -Warc-repeated-use-of-weak -Wno-arc-maybe-repeated-use-of-weak -Wimplicit-retain-self -Wduplicate-method-match -Wno-missing-braces -Wparentheses -Wswitch -Wunused-function -Wno-unused-label -Wunused-parameter -Wunused-variable -Wunused-value -Wempty-body -Wuninitialized -Wconditional-uninitialized -Wno-unknown-pragmas -pedantic -Wshadow -Wno-four-char-constants -Wconversion -Wconstant-conversion -Wint-conversion -Wbool-conversion -Wenum-conversion -Wfloat-conversion -Wnon-literal-null-conversion -Wobjc-literal-conversion -Wassign-enum -Wsign-compare -Wshorten-64-to-32 -Wpointer-sign -Wno-newline-eof -Wno-selector -Wno-strict-selector-match -Wundeclared-selector -Wdeprecated-implementations -Wno-implicit-fallthrough -DDEBUG\=1 -DOBJC_OLD_DISPATCH_PROTOTYPES\=0 -isysroot /Applications/Xcode.app/Contents/Developer/Platforms/iPhoneSimulator.platform/Developer/SDKs/iPhoneSimulator16.0.sdk -fasm-blocks -fstrict-aliasing -Wprotocol -Wdeprecated-declarations -g -Wno-sign-conversion -Winfinite-recursion -Wcomma -Wblock-capture-autoreleasing -Wstrict-prototypes -Wno-semicolon-before-method-body -fobjc-abi-version\=2 -fobjc-legacy-dispatch -D__clang_analyzer__ -Xclang -analyzer-output\=plist-multi-file -Xclang -analyzer-config -Xclang path-diagnostics-alternate\=true -Xclang -analyzer-config -Xclang report-in-main-source-file\=true -Xclang -analyzer-checker -Xclang optin.osx.cocoa.localizability.NonLocalizedStringChecker -Xclang -analyzer-checker -Xclang security.insecureAPI.UncheckedReturn -Xclang -analyzer-checker -Xclang security.insecureAPI.getpw -Xclang -analyzer-checker -Xclang security.insecureAPI.gets -Xclang -analyzer-checker -Xclang security.insecureAPI.mkstemp -Xclang -analyzer-checker -Xclang security.insecureAPI.mktemp -Xclang -analyzer-disable-checker -Xclang security.insecureAPI.rand -Xclang -analyzer-disable-checker -Xclang security.insecureAPI.strcpy -Xclang -analyzer-checker -Xclang security.insecureAPI.vfork -iquote /Users/oikhlas/Library/Developer/Xcode/DerivedData/WebDriverAgent-bcmeffsllcldukgyoimwiehwhvyz/Build/Intermediates.noindex/WebDriverAgent.build/Debug-iphonesimulator/WebDriverAgentLib.build/WebDriverAgentLib-generated-files.hmap -I/Users/oikhlas/Library/Developer/Xcode/DerivedData/WebDriverAgent-bcmeffsllcldukgyoimwiehwhvyz/Build/Intermediates.noindex/WebDriverAgent.build/Debug-iphonesimulator/WebDriverAgentLib.build/WebDriverAgentLib-own-target-headers.hmap -I/Users/oikhlas/Library/Developer/Xcode/DerivedData/WebDriverAgent-bcmeffsllcldukgyoimwiehwhvyz/Build/Intermediates.noindex/WebDriverAgent.build/Debug-iphonesimulator/WebDriverAgentLib.build/WebDriverAgentLib-all-target-headers.hmap -iquote /Users/oikhlas/Library/Developer/Xcode/DerivedData/WebDriverAgent-bcmeffsllcldukgyoimwiehwhvyz/Build/Intermediates.noindex/WebDriverAgent.build/Debug-iphonesimulator/WebDriverAgentLib.build/WebDriverAgentLib-project-headers.hmap -I/Users/oikhlas/Library/Developer/Xcode/DerivedData/WebDriverAgent-bcmeffsllcldukgyoimwiehwhvyz/Build/Products/Debug-iphonesimulator/include -I/Applications/Xcode.app/Contents/Developer/Platforms/iPhoneSimulator.platform/Developer/SDKs/iPhoneSimulator16.0.sdk/usr/include/libxml2 -I/Users/oikhlas/.appium/node_modules/appium-xcuitest-driver/node_modules/appium-webdriveragent/Modules -I/Users/oikhlas/Library/Developer/Xcode/DerivedData/WebDriverAgent-bcmeffsllcldukgyoimwiehwhvyz/Build/Intermediates.noindex/WebDriverAgent.build/Debug-iphonesimulator/WebDriverAgentLib.build/DerivedSources-normal/x86_64 -I/Users/oikhlas/Library/Developer/Xcode/DerivedData/WebDriverAgent-bcmeffsllcldukgyoimwiehwhvyz/Build/Intermediates.noindex/WebDriverAgent.build/Debug-iphonesimulator/WebDriverAgentLib.build/DerivedSources/x86_64 -I/Users/oikhlas/Library/Developer/Xcode/DerivedData/WebDriverAgent-bcmeffsllcldukgyoimwiehwhvyz/Build/Intermediates.noindex/WebDriverAgent.build/Debug-iphonesimulator/WebDriverAgentLib.build/DerivedSources -Weverything -Wno-objc-missing-property-synthesis -Wno-unused-macros -Wno-disabled-macro-expansion -Wno-gnu-statement-expression -Wno-language-extension-token -Wno-overriding-method-mismatch -Wno-missing-variable-declarations -Rno-module-build -Wno-auto-import -Wno-objc-interface-ivars -Wno-documentation-unknown-command -Wno-reserved-id-macro -Wno-unused-parameter -Wno-gnu-conditional-omitted-operand -Wno-explicit-ownership-type -Wno-date-time -Wno-cast-align -Wno-cstring-format-directive -Wno-double-promotion -Wno-partial-availability -Weverything -Wno-objc-missing-property-synthesis -Wno-unused-macros -Wno-disabled-macro-expansion -Wno-gnu-statement-expression -Wno-language-extension-token -Wno-overriding-method-mismatch -Wno-missing-variable-declarations -Rno-module-build -Wno-auto-import -Wno-objc-interface-ivars -Wno-documentation-unknown-command -Wno-reserved-id-macro -Wno-unused-parameter -Wno-gnu-conditional-omitted-operand -Wno-explicit-ownership-type -Wno-date-time -Wno-cast-align -Wno-cstring-format-directive -Wno-double-promotion -Wno-partial-availability -Wno-objc-messaging-id -Wno-direct-ivar-access -Wno-cast-qual -Wno-declaration-after-statement -F/Users/oikhlas/Library/Developer/Xcode/DerivedData/WebDriverAgent-bcmeffsllcldukgyoimwiehwhvyz/Build/Products/Debug-iphonesimulator -F/Applications/Xcode.app/Contents/Developer/Platforms/iPhoneSimulator.platform/Developer/Library/Frameworks -F/Applications/Xcode.app/Contents/Developer/Platforms/iPhoneSimulator.platform/Developer/Library/PrivateFrameworks -iframework /Applications/Xcode.app/Contents/Developer/Platforms/iPhoneSimulator.platform/Developer/SDKs/iPhoneSimulator16.0.sdk/Developer/Library/Frameworks -MMD -MT dependencies -MF /Users/oikhlas/Library/Developer/Xcode/DerivedData/WebDriverAgent-bcmeffsllcldukgyoimwiehwhvyz/Build/Intermediates.noindex/WebDriverAgent.build/Debug-iphonesimulator/WebDriverAgentLib.build/StaticAnalyzer/WebDriverAgent/WebDriverAgentLib/normal/x86_64/FBRunLoopSpinner.d --analyze /Users/oikhlas/.appium/node_modules/appium-xcuitest-driver/node_modules/appium-webdriveragent/WebDriverAgentLib/Utilities/FBRunLoopSpinner.m -o /Users/oikhlas/Library/Developer/Xcode/DerivedData/WebDriverAgent-bcmeffsllcldukgyoimwiehwhvyz/Build/Intermediates.noindex/WebDriverAgent.build/Debug-iphonesimulator/WebDriverAgentLib.build/StaticAnalyzer/WebDriverAgent/WebDriverAgentLib/normal/x86_64/FBRunLoopSpinner.plist
&amp#27;[38;5;173m[Xcode]&amp#27;[0m 
&amp#27;[38;5;173m[Xcode]&amp#27;[0m 
&amp#27;[38;5;173m[Xcode]&amp#27;[0m Analyze /Users/oikhlas/.appium/node_modules/appium-xcuitest-driver/node_modules/appium-webdriveragent/WebDriverAgentLib/Utilities/FBReflectionUtils.m normal x86_64 (in target 'WebDriverAgentLib' from project 'WebDriverAgent')
&amp#27;[38;5;173m[Xcode]&amp#27;[0m     cd /Users/oikhlas/.appium/node_modules/appium-xcuitest-driver/node_modules/appium-webdriveragent
&amp#27;[38;5;173m[Xcode]&amp#27;[0m     /Applications/Xcode.app/Contents/Developer/Toolchains/XcodeDefault.xctoolchain/usr/bin/clang -x objective-c -target x86_64-apple-ios16.0-simulator -fmessage-length\=0 -fdiagnostics-show-note-include-stack -fmacro-backtrace-limit\=0 -std\=gnu99 -fobjc-arc -fmodules -gmodules -fmodules-cache-path\=/Users/oikhlas/Library/Developer/Xcode/DerivedData/WebDriverAgent-bcmeffsllcldukgyoimwiehwhvyz/ModuleCache.noindex -fmodules-prune-interval\=86400 -fmodules-prune-after\=345600 -fbuild-session-file\=/Users/oikhlas/Library/Developer/Xcode/DerivedData/WebDriverAgent-bcmeffsllcldukgyoimwiehwhvyz/ModuleCache.noindex/Session.modulevalidation -fmodules-validate-once-per-build-session -Wno-trigraphs -fpascal-strings -O0 -fno-common -Wmissing-field-initializers -Wno-missing-prototypes -Werror\=return-type -Wunreachable-code -Wquoted-include-in-framework-header -Wno-implicit-atomic-properties -Werror\=deprecated-objc-isa-usage -Wno-objc-interface-ivars -Werror\=objc-root-class -Warc-repeated-use-of-weak -Wno-arc-maybe-repeated-use-of-weak -Wimplicit-retain-self -Wduplicate-method-match -Wno-missing-braces -Wparentheses -Wswitch -Wunused-function -Wno-unused-label -Wunused-parameter -Wunused-variable -Wunused-value -Wempty-body -Wuninitialized -Wconditional-uninitialized -Wno-unknown-pragmas -pedantic -Wshadow -Wno-four-char-constants -Wconversion -Wconstant-conversion -Wint-conversion -Wbool-conversion -Wenum-conversion -Wfloat-conversion -Wnon-literal-null-conversion -Wobjc-literal-conversion -Wassign-enum -Wsign-compare -Wshorten-64-to-32 -Wpointer-sign -Wno-newline-eof -Wno-selector -Wno-strict-selector-match -Wundeclared-selector -Wdeprecated-implementations -Wno-implicit-fallthrough -DDEBUG\=1 -DOBJC_OLD_DISPATCH_PROTOTYPES\=0 -isysroot /Applications/Xcode.app/Contents/Developer/Platforms/iPhoneSimulator.platform/Developer/SDKs/iPhoneSimulator16.0.sdk -fasm-blocks -fstrict-aliasing -Wprotocol -Wdeprecated-declarations -g -Wno-sign-conversion -Winfinite-recursion -Wcomma -Wblock-capture-autoreleasing -Wstrict-prototypes -Wno-semicolon-before-method-body -fobjc-abi-version\=2 -fobjc-legacy-dispatch -D__clang_analyzer__ -Xclang -analyzer-output\=plist-multi-file -Xclang -analyzer-config -Xclang path-diagnostics-alternate\=true -Xclang -analyzer-config -Xclang report-in-main-source-file\=true -Xclang -analyzer-checker -Xclang optin.osx.cocoa.localizability.NonLocalizedStringChecker -Xclang -analyzer-checker -Xclang security.insecureAPI.UncheckedReturn -Xclang -analyzer-checker -Xclang security.insecureAPI.getpw -Xclang -analyzer-checker -Xclang security.insecureAPI.gets -Xclang -analyzer-checker -Xclang security.insecureAPI.mkstemp -Xclang -analyzer-checker -Xclang security.insecureAPI.mktemp -Xclang -analyzer-disable-checker -Xclang security.insecureAPI.rand -Xclang -analyzer-disable-checker -Xclang security.insecureAPI.strcpy -Xclang -analyzer-checker -Xclang security.insecureAPI.vfork -iquote /Users/oikhlas/Library/Developer/Xcode/DerivedData/WebDriverAgent-bcmeffsllcldukgyoimwiehwhvyz/Build/Intermediates.noindex/WebDriverAgent.build/Debug-iphonesimulator/WebDriverAgentLib.build/WebDriverAgentLib-generated-files.hmap -I/Users/oikhlas/Library/Developer/Xcode/DerivedData/WebDriverAgent-bcmeffsllcldukgyoimwiehwhvyz/Build/Intermediates.noindex/WebDriverAgent.build/Debug-iphonesimulator/WebDriverAgentLib.build/WebDriverAgentLib-own-target-headers.hmap -I/Users/oikhlas/Library/Developer/Xcode/DerivedData/WebDriverAgent-bcmeffsllcldukgyoimwiehwhvyz/Build/Intermediates.noindex/WebDriverAgent.build/Debug-iphonesimulator/WebDriverAgentLib.build/WebDriverAgentLib-all-target-headers.hmap -iquote /Users/oikhlas/Library/Developer/Xcode/DerivedData/WebDriverAgent-bcmeffsllcldukgyoimwiehwhvyz/Build/Intermediates.noindex/WebDriverAgent.build/Debug-iphonesimulator/WebDriverAgentLib.build/WebDriverAgentLib-project-headers.hmap -I/Users/oikhlas/Library/Developer/Xcode/DerivedData/WebDriverAgent-bcmeffsllcldukgyoimwiehwhvyz/Build/Products/Debug-iphonesimulator/include -I/Applications/Xcode.app/Contents/Developer/Platforms/iPhoneSimulator.platform/Developer/SDKs/iPhoneSimulator16.0.sdk/usr/include/libxml2 -I/Users/oikhlas/.appium/node_modules/appium-xcuitest-driver/node_modules/appium-webdriveragent/Modules -I/Users/oikhlas/Library/Developer/Xcode/DerivedData/WebDriverAgent-bcmeffsllcldukgyoimwiehwhvyz/Build/Intermediates.noindex/WebDriverAgent.build/Debug-iphonesimulator/WebDriverAgentLib.build/DerivedSources-normal/x86_64 -I/Users/oikhlas/Library/Developer/Xcode/DerivedData/WebDriverAgent-bcmeffsllcldukgyoimwiehwhvyz/Build/Intermediates.noindex/WebDriverAgent.build/Debug-iphonesimulator/WebDriverAgentLib.build/DerivedSources/x86_64 -I/Users/oikhlas/Library/Developer/Xcode/DerivedData/WebDriverAgent-bcmeffsllcldukgyoimwiehwhvyz/Build/Intermediates.noindex/WebDriverAgent.build/Debug-iphonesimulator/WebDriverAgentLib.build/DerivedSources -Weverything -Wno-objc-missing-property-synthesis -Wno-unused-macros -Wno-disabled-macro-expansion -Wno-gnu-statement-expression -Wno-language-extension-token -Wno-overriding-method-mismatch -Wno-missing-variable-declarations -Rno-module-build -Wno-auto-import -Wno-objc-interface-ivars -Wno-documentation-unknown-command -Wno-reserved-id-macro -Wno-unused-parameter -Wno-gnu-conditional-omitted-operand -Wno-explicit-ownership-type -Wno-date-time -Wno-cast-align -Wno-cstring-format-directive -Wno-double-promotion -Wno-partial-availability -Weverything -Wno-objc-missing-property-synthesis -Wno-unused-macros -Wno-disabled-macro-expansion -Wno-gnu-statement-expression -Wno-language-extension-token -Wno-overriding-method-mismatch -Wno-missing-variable-declarations -Rno-module-build -Wno-auto-import -Wno-objc-interface-ivars -Wno-documentation-unknown-command -Wno-reserved-id-macro -Wno-unused-parameter -Wno-gnu-conditional-omitted-operand -Wno-explicit-ownership-type -Wno-date-time -Wno-cast-align -Wno-cstring-format-directive -Wno-double-promotion -Wno-partial-availability -Wno-objc-messaging-id -Wno-direct-ivar-access -Wno-cast-qual -Wno-declaration-after-statement -F/Users/oikhlas/Library/Developer/Xcode/DerivedData/WebDriverAgent-bcmeffsllcldukgyoimwiehwhvyz/Build/Products/Debug-iphonesimulator -F/Applications/Xcode.app/Contents/Developer/Platforms/iPhoneSimulator.platform/Developer/Library/Frameworks -F/Applications/Xcode.app/Contents/Developer/Platforms/iPhoneSimulator.platform/Developer/Library/PrivateFrameworks -iframework /Applications/Xcode.app/Contents/Developer/Platforms/iPhoneSimulator.platform/Developer/SDKs/iPhoneSimulator16.0.sdk/Developer/Library/Frameworks -MMD -MT dependencies -MF /Users/oikhlas/Library/Developer/Xcode/DerivedData/WebDriverAgent-bcmeffsllcldukgyoimwiehwhvyz/Build/Intermediates.noindex/WebDriverAgent.build/Debug-iphonesimulator/WebDriverAgentLib.build/StaticAnalyzer/WebDriverAgent/WebDriverAgentLib/normal/x86_64/FBReflectionUtils.d --analyze /Users/oikhlas/.appium/node_modules/appium-xcuitest-driver/node_modules/appium-webdriveragent/WebDriverAgentLib/Utilities/FBReflectionUtils.m -o /Users/oikhlas/Library/Developer/Xcode/DerivedData/WebDriverAgent-bcmeffsllcldukgyoimwiehwhvyz/Build/Intermediates.noindex/WebDriverAgent.build/Debug-iphonesimulator/WebDriverAgentLib.build/StaticAnalyzer/WebDriverAgent/WebDriverAgentLib/normal/x86_64/FBReflectionUtils.plist
&amp#27;[38;5;173m[Xcode]&amp#27;[0m 
&amp#27;[38;5;173m[Xcode]&amp#27;[0m 
&amp#27;[38;5;173m[Xcode]&amp#27;[0m Analyze /Users/oikhlas/.appium/node_modules/appium-xcuitest-driver/node_modules/appium-webdriveragent/WebDriverAgentLib/Utilities/FBProtocolHelpers.m normal x86_64 (in target 'WebDriverAgentLib' from project 'WebDriverAgent')
&amp#27;[38;5;173m[Xcode]&amp#27;[0m     cd /Users/oikhlas/.appium/node_modules/appium-xcuitest-driver/node_modules/appium-webdriveragent
&amp#27;[38;5;173m[Xcode]&amp#27;[0m     /Applications/Xcode.app/Contents/Developer/Toolchains/XcodeDefault.xctoolchain/usr/bin/clang -x objective-c -target x86_64-apple-ios16.0-simulator -fmessage-length\=0 -fdiagnostics-show-note-include-stack -fmacro-backtrace-limit\=0 -std\=gnu99 -fobjc-arc -fmodules -gmodules -fmodules-cache-path\=/Users/oikhlas/Library/Developer/Xcode/DerivedData/WebDriverAgent-bcmeffsllcldukgyoimwiehwhvyz/ModuleCache.noindex -fmodules-prune-interval\=86400 -fmodules-prune-after\=345600 -fbuild-session-file\=/Users/oikhlas/Library/Developer/Xcode/DerivedData/WebDriverAgent-bcmeffsllcldukgyoimwiehwhvyz/ModuleCache.noindex/Session.modulevalidation -fmodules-validate-once-per-build-session -Wno-trigraphs -fpascal-strings -O0 -fno-common -Wmissing-field-initializers -Wno-missing-prototypes -Werror\=return-type -Wunreachable-code -Wquoted-include-in-framework-header -Wno-implicit-atomic-properties -Werror\=deprecated-objc-isa-usage -Wno-objc-interface-ivars -Werror\=objc-root-class -Warc-repeated-use-of-weak -Wno-arc-maybe-repeated-use-of-weak -Wimplicit-retain-self -Wduplicate-method-match -Wno-missing-braces -Wparentheses -Wswitch -Wunused-function -Wno-unused-label -Wunused-parameter -Wunused-variable -Wunused-value -Wempty-body -Wuninitialized -Wconditional-uninitialized -Wno-unknown-pragmas -pedantic -Wshadow -Wno-four-char-constants -Wconversion -Wconstant-conversion -Wint-conversion -Wbool-conversion -Wenum-conversion -Wfloat-conversion -Wnon-literal-null-conversion -Wobjc-literal-conversion -Wassign-enum -Wsign-compare -Wshorten-64-to-32 -Wpointer-sign -Wno-newline-eof -Wno-selector -Wno-strict-selector-match -Wundeclared-selector -Wdeprecated-implementations -Wno-implicit-fallthrough -DDEBUG\=1 -DOBJC_OLD_DISPATCH_PROTOTYPES\=0 -isysroot /Applications/Xcode.app/Contents/Developer/Platforms/iPhoneSimulator.platform/Developer/SDKs/iPhoneSimulator16.0.sdk -fasm-blocks -fstrict-aliasing -Wprotocol -Wdeprecated-declarations -g -Wno-sign-conversion -Winfinite-recursion -Wcomma -Wblock-capture-autoreleasing -Wstrict-prototypes -Wno-semicolon-before-method-body -fobjc-abi-version\=2 -fobjc-legacy-dispatch -D__clang_analyzer__ -Xclang -analyzer-output\=plist-multi-file -Xclang -analyzer-config -Xclang path-diagnostics-alternate\=true -Xclang -analyzer-config -Xclang report-in-main-source-file\=true -Xclang -analyzer-checker -Xclang optin.osx.cocoa.localizability.NonLocalizedStringChecker -Xclang -analyzer-checker -Xclang security.insecureAPI.UncheckedReturn -Xclang -analyzer-checker -Xclang security.insecureAPI.getpw -Xclang -analyzer-checker -Xclang security.insecureAPI.gets -Xclang -analyzer-checker -Xclang security.insecureAPI.mkstemp -Xclang -analyzer-checker -Xclang security.insecureAPI.mktemp -Xclang -analyzer-disable-checker -Xclang security.insecureAPI.rand -Xclang -analyzer-disable-checker -Xclang security.insecureAPI.strcpy -Xclang -analyzer-checker -Xclang security.insecureAPI.vfork -iquote /Users/oikhlas/Library/Developer/Xcode/DerivedData/WebDriverAgent-bcmeffsllcldukgyoimwiehwhvyz/Build/Intermediates.noindex/WebDriverAgent.build/Debug-iphonesimulator/WebDriverAgentLib.build/WebDriverAgentLib-generated-files.hmap -I/Users/oikhlas/Library/Developer/Xcode/DerivedData/WebDriverAgent-bcmeffsllcldukgyoimwiehwhvyz/Build/Intermediates.noindex/WebDriverAgent.build/Debug-iphonesimulator/WebDriverAgentLib.build/WebDriverAgentLib-own-target-headers.hmap -I/Users/oikhlas/Library/Developer/Xcode/DerivedData/WebDriverAgent-bcmeffsllcldukgyoimwiehwhvyz/Build/Intermediates.noindex/WebDriverAgent.build/Debug-iphonesimulator/WebDriverAgentLib.build/WebDriverAgentLib-all-target-headers.hmap -iquote /Users/oikhlas/Library/Developer/Xcode/DerivedData/WebDriverAgent-bcmeffsllcldukgyoimwiehwhvyz/Build/Intermediates.noindex/WebDriverAgent.build/Debug-iphonesimulator/WebDriverAgentLib.build/WebDriverAgentLib-project-headers.hmap -I/Users/oikhlas/Library/Developer/Xcode/DerivedData/WebDriverAgent-bcmeffsllcldukgyoimwiehwhvyz/Build/Products/Debug-iphonesimulator/include -I/Applications/Xcode.app/Contents/Developer/Platforms/iPhoneSimulator.platform/Developer/SDKs/iPhoneSimulator16.0.sdk/usr/include/libxml2 -I/Users/oikhlas/.appium/node_modules/appium-xcuitest-driver/node_modules/appium-webdriveragent/Modules -I/Users/oikhlas/Library/Developer/Xcode/DerivedData/WebDriverAgent-bcmeffsllcldukgyoimwiehwhvyz/Build/Intermediates.noindex/WebDriverAgent.build/Debug-iphonesimulator/WebDriverAgentLib.build/DerivedSources-normal/x86_64 -I/Users/oikhlas/Library/Developer/Xcode/DerivedData/WebDriverAgent-bcmeffsllcldukgyoimwiehwhvyz/Build/Intermediates.noindex/WebDriverAgent.build/Debug-iphonesimulator/WebDriverAgentLib.build/DerivedSources/x86_64 -I/Users/oikhlas/Library/Developer/Xcode/DerivedData/WebDriverAgent-bcmeffsllcldukgyoimwiehwhvyz/Build/Intermediates.noindex/WebDriverAgent.build/Debug-iphonesimulator/WebDriverAgentLib.build/DerivedSources -Weverything -Wno-objc-missing-property-synthesis -Wno-unused-macros -Wno-disabled-macro-expansion -Wno-gnu-statement-expression -Wno-language-extension-token -Wno-overriding-method-mismatch -Wno-missing-variable-declarations -Rno-module-build -Wno-auto-import -Wno-objc-interface-ivars -Wno-documentation-unknown-command -Wno-reserved-id-macro -Wno-unused-parameter -Wno-gnu-conditional-omitted-operand -Wno-explicit-ownership-type -Wno-date-time -Wno-cast-align -Wno-cstring-format-directive -Wno-double-promotion -Wno-partial-availability -Weverything -Wno-objc-missing-property-synthesis -Wno-unused-macros -Wno-disabled-macro-expansion -Wno-gnu-statement-expression -Wno-language-extension-token -Wno-overriding-method-mismatch -Wno-missing-variable-declarations -Rno-module-build -Wno-auto-import -Wno-objc-interface-ivars -Wno-documentation-unknown-command -Wno-reserved-id-macro -Wno-unused-parameter -Wno-gnu-conditional-omitted-operand -Wno-explicit-ownership-type -Wno-date-time -Wno-cast-align -Wno-cstring-format-directive -Wno-double-promotion -Wno-partial-availability -Wno-objc-messaging-id -Wno-direct-ivar-access -Wno-cast-qual -Wno-declaration-after-statement -F/Users/oikhlas/Library/Developer/Xcode/DerivedData/WebDriverAgent-bcmeffsllcldukgyoimwiehwhvyz/Build/Products/Debug-iphonesimulator -F/Applications/Xcode.app/Contents/Developer/Platforms/iPhoneSimulator.platform/Developer/Library/Frameworks -F/Applications/Xcode.app/Contents/Developer/Platforms/iPhoneSimulator.platform/Developer/Library/PrivateFrameworks -iframework /Applications/Xcode.app/Contents/Developer/Platforms/iPhoneSimulator.platform/Developer/SDKs/iPhoneSimulator16.0.sdk/Developer/Library/Frameworks -MMD -MT dependencies -MF /Users/oikhlas/Library/Developer/Xcode/DerivedData/WebDriverAgent-bcmeffsllcldukgyoimwiehwhvyz/Build/Intermediates.noindex/WebDriverAgent.build/Debug-iphonesimulator/WebDriverAgentLib.build/StaticAnalyzer/WebDriverAgent/WebDriverAgentLib/normal/x86_64/FBProtocolHelpers.d --analyze /Users/oikhlas/.appium/node_modules/appium-xcuitest-driver/node_modules/appium-webdriveragent/WebDriverAgentLib/Utilities/FBProtocolHelpers.m -o /Users/oikhlas/Library/Developer/Xcode/DerivedData/WebDriverAgent-bcmeffsllcldukgyoimwiehwhvyz/Build/Intermediates.noindex/WebDriverAgent.build/Debug-iphonesimulator/WebDriverAgentLib.build/StaticAnalyzer/WebDriverAgent/WebDriverAgentLib/normal/x86_64/FBProtocolHelpers.plist
&amp#27;[38;5;173m[Xcode]&amp#27;[0m 
&amp#27;[38;5;173m[Xcode]&amp#27;[0m 
&amp#27;[38;5;173m[Xcode]&amp#27;[0m Analyze /Users/oikhlas/.appium/node_modules/appium-xcuitest-driver/node_modules/appium-webdriveragent/WebDriverAgentLib/Utilities/FBPasteboard.m normal x86_64 (in target 'WebDriverAgentLib' from project 'WebDriverAgent')
&amp#27;[38;5;173m[Xcode]&amp#27;[0m     cd /Users/oikhlas/.appium/node_modules/appium-xcuitest-driver/node_modules/appium-webdriveragent
&amp#27;[38;5;173m[Xcode]&amp#27;[0m     /Applications/Xcode.app/Contents/Developer/Toolchains/XcodeDefault.xctoolchain/usr/bin/clang -x objective-c -target x86_64-apple-ios16.0-simulator -fmessage-length\=0 -fdiagnostics-show-note-include-stack -fmacro-backtrace-limit\=0 -std\=gnu99 -fobjc-arc -fmodules -gmodules -fmodules-cache-path\=/Users/oikhlas/Library/Developer/Xcode/DerivedData/WebDriverAgent-bcmeffsllcldukgyoimwiehwhvyz/ModuleCache.noindex -fmodules-prune-interval\=86400 -fmodules-prune-after\=345600 -fbuild-session-file\=/Users/oikhlas/Library/Developer/Xcode/DerivedData/WebDriverAgent-bcmeffsllcldukgyoimwiehwhvyz/ModuleCache.noindex/Session.modulevalidation -fmodules-validate-once-per-build-session -Wno-trigraphs -fpascal-strings -O0 -fno-common -Wmissing-field-initializers -Wno-missing-prototypes -Werror\=return-type -Wunreachable-code -Wquoted-include-in-framework-header -Wno-implicit-atomic-properties -Werror\=deprecated-objc-isa-usage -Wno-objc-interface-ivars -Werror\=objc-root-class -Warc-repeated-use-of-weak -Wno-arc-maybe-repeated-use-of-weak -Wimplicit-retain-self -Wduplicate-method-match -Wno-missing-braces -Wparentheses -Wswitch -Wunused-function -Wno-unused-label -Wunused-parameter -Wunused-variable -Wunused-value -Wempty-body -Wuninitialized -Wconditional-uninitialized -Wno-unknown-pragmas -pedantic -Wshadow -Wno-four-char-constants -Wconversion -Wconstant-conversion -Wint-conversion -Wbool-conversion -Wenum-conversion -Wfloat-conversion -Wnon-literal-null-conversion -Wobjc-literal-conversion -Wassign-enum -Wsign-compare -Wshorten-64-to-32 -Wpointer-sign -Wno-newline-eof -Wno-selector -Wno-strict-selector-match -Wundeclared-selector -Wdeprecated-implementations -Wno-implicit-fallthrough -DDEBUG\=1 -DOBJC_OLD_DISPATCH_PROTOTYPES\=0 -isysroot /Applications/Xcode.app/Contents/Developer/Platforms/iPhoneSimulator.platform/Developer/SDKs/iPhoneSimulator16.0.sdk -fasm-blocks -fstrict-aliasing -Wprotocol -Wdeprecated-declarations -g -Wno-sign-conversion -Winfinite-recursion -Wcomma -Wblock-capture-autoreleasing -Wstrict-prototypes -Wno-semicolon-before-method-body -fobjc-abi-version\=2 -fobjc-legacy-dispatch -D__clang_analyzer__ -Xclang -analyzer-output\=plist-multi-file -Xclang -analyzer-config -Xclang path-diagnostics-alternate\=true -Xclang -analyzer-config -Xclang report-in-main-source-file\=true -Xclang -analyzer-checker -Xclang optin.osx.cocoa.localizability.NonLocalizedStringChecker -Xclang -analyzer-checker -Xclang security.insecureAPI.UncheckedReturn -Xclang -analyzer-checker -Xclang security.insecureAPI.getpw -Xclang -analyzer-checker -Xclang security.insecureAPI.gets -Xclang -analyzer-checker -Xclang security.insecureAPI.mkstemp -Xclang -analyzer-checker -Xclang security.insecureAPI.mktemp -Xclang -analyzer-disable-checker -Xclang security.insecureAPI.rand -Xclang -analyzer-disable-checker -Xclang security.insecureAPI.strcpy -Xclang -analyzer-checker -Xclang security.insecureAPI.vfork -iquote /Users/oikhlas/Library/Developer/Xcode/DerivedData/WebDriverAgent-bcmeffsllcldukgyoimwiehwhvyz/Build/Intermediates.noindex/WebDriverAgent.build/Debug-iphonesimulator/WebDriverAgentLib.build/WebDriverAgentLib-generated-files.hmap -I/Users/oikhlas/Library/Developer/Xcode/DerivedData/WebDriverAgent-bcmeffsllcldukgyoimwiehwhvyz/Build/Intermediates.noindex/WebDriverAgent.build/Debug-iphonesimulator/WebDriverAgentLib.build/WebDriverAgentLib-own-target-headers.hmap -I/Users/oikhlas/Library/Developer/Xcode/DerivedData/WebDriverAgent-bcmeffsllcldukgyoimwiehwhvyz/Build/Intermediates.noindex/WebDriverAgent.build/Debug-iphonesimulator/WebDriverAgentLib.build/WebDriverAgentLib-all-target-headers.hmap -iquote /Users/oikhlas/Library/Developer/Xcode/DerivedData/WebDriverAgent-bcmeffsllcldukgyoimwiehwhvyz/Build/Intermediates.noindex/WebDriverAgent.build/Debug-iphonesimulator/WebDriverAgentLib.build/WebDriverAgentLib-project-headers.hmap -I/Users/oikhlas/Library/Developer/Xcode/DerivedData/WebDriverAgent-bcmeffsllcldukgyoimwiehwhvyz/Build/Products/Debug-iphonesimulator/include -I/Applications/Xcode.app/Contents/Developer/Platforms/iPhoneSimulator.platform/Developer/SDKs/iPhoneSimulator16.0.sdk/usr/include/libxml2 -I/Users/oikhlas/.appium/node_modules/appium-xcuitest-driver/node_modules/appium-webdriveragent/Modules -I/Users/oikhlas/Library/Developer/Xcode/DerivedData/WebDriverAgent-bcmeffsllcldukgyoimwiehwhvyz/Build/Intermediates.noindex/WebDriverAgent.build/Debug-iphonesimulator/WebDriverAgentLib.build/DerivedSources-normal/x86_64 -I/Users/oikhlas/Library/Developer/Xcode/DerivedData/WebDriverAgent-bcmeffsllcldukgyoimwiehwhvyz/Build/Intermediates.noindex/WebDriverAgent.build/Debug-iphonesimulator/WebDriverAgentLib.build/DerivedSources/x86_64 -I/Users/oikhlas/Library/Developer/Xcode/DerivedData/WebDriverAgent-bcmeffsllcldukgyoimwiehwhvyz/Build/Intermediates.noindex/WebDriverAgent.build/Debug-iphonesimulator/WebDriverAgentLib.build/DerivedSources -Weverything -Wno-objc-missing-property-synthesis -Wno-unused-macros -Wno-disabled-macro-expansion -Wno-gnu-statement-expression -Wno-language-extension-token -Wno-overriding-method-mismatch -Wno-missing-variable-declarations -Rno-module-build -Wno-auto-import -Wno-objc-interface-ivars -Wno-documentation-unknown-command -Wno-reserved-id-macro -Wno-unused-parameter -Wno-gnu-conditional-omitted-operand -Wno-explicit-ownership-type -Wno-date-time -Wno-cast-align -Wno-cstring-format-directive -Wno-double-promotion -Wno-partial-availability -Weverything -Wno-objc-missing-property-synthesis -Wno-unused-macros -Wno-disabled-macro-expansion -Wno-gnu-statement-expression -Wno-language-extension-token -Wno-overriding-method-mismatch -Wno-missing-variable-declarations -Rno-module-build -Wno-auto-import -Wno-objc-interface-ivars -Wno-documentation-unknown-command -Wno-reserved-id-macro -Wno-unused-parameter -Wno-gnu-conditional-omitted-operand -Wno-explicit-ownership-type -Wno-date-time -Wno-cast-align -Wno-cstring-format-directive -Wno-double-promotion -Wno-partial-availability -Wno-objc-messaging-id -Wno-direct-ivar-access -Wno-cast-qual -Wno-declaration-after-statement -F/Users/oikhlas/Library/Developer/Xcode/DerivedData/WebDriverAgent-bcmeffsllcldukgyoimwiehwhvyz/Build/Products/Debug-iphonesimulator -F/Applications/Xcode.app/Contents/Developer/Platforms/iPhoneSimulator.platform/Developer/Library/Frameworks -F/Applications/Xcode.app/Contents/Developer/Platforms/iPhoneSimulator.platform/Developer/Library/PrivateFrameworks -iframework /Applications/Xcode.app/Contents/Developer/Platforms/iPhoneSimulator.platform/Developer/SDKs/iPhoneSimulator16.0.sdk/Developer/Library/Frameworks -MMD -MT dependencies -MF /Users/oikhlas/Library/Developer/Xcode/DerivedData/WebDriverAgent-bcmeffsllcldukgyoimwiehwhvyz/Build/Intermediates.noindex/WebDriverAgent.build/Debug-iphonesimulator/WebDriverAgentLib.build/StaticAnalyzer/WebDriverAgent/WebDriverAgentLib/normal/x86_64/FBPasteboard.d --analyze /Users/oikhlas/.appium/node_modules/appium-xcuitest-driver/node_modules/appium-webdriveragent/WebDriverAgentLib/Utilities/FBPasteboard.m -o /Users/oikhlas/Library/Developer/Xcode/DerivedData/WebDriverAgent-bcmeffsllcldukgyoimwiehwhvyz/Build/Intermediates.noindex/WebDriverAgent.build/Debug-iphonesimulator/WebDriverAgentLib.build/StaticAnalyzer/WebDriverAgent/WebDriverAgentLib/normal/x86_64/FBPasteboard.plist
&amp#27;[38;5;173m[Xcode]&amp#27;[0m 
&amp#27;[38;5;173m[Xcode]&amp#27;[0m 
&amp#27;[38;5;173m[Xcode]&amp#27;[0m Analyze /Users/oikhlas/.appium/node_modules/appium-xcuitest-driver/node_modules/appium-webdriveragent/WebDriverAgentLib/Utilities/FBNotificationsHelper.m normal x86_64 (in target 'WebDriverAgentLib' from project 'WebDriverAgent')
&amp#27;[38;5;173m[Xcode]&amp#27;[0m     cd /Users/oikhlas/.appium/node_modules/appium-xcuitest-driver/node_modules/appium-webdriveragent
&amp#27;[38;5;173m[Xcode]&amp#27;[0m     /Applications/Xcode.app/Contents/Developer/Toolchains/XcodeDefault.xctoolchain/usr/bin/clang -x objective-c -target x86_64-apple-ios16.0-simulator -fmessage-length\=0 -fdiagnostics-show-note-include-stack -fmacro-backtrace-limit\=0 -std\=gnu99 -fobjc-arc -fmodules -gmodules -fmodules-cache-path\=/Users/oikhlas/Library/Developer/Xcode/DerivedData/WebDriverAgent-bcmeffsllcldukgyoimwiehwhvyz/ModuleCache.noindex -fmodules-prune-interval\=86400 -fmodules-prune-after\=345600 -fbuild-session-file\=/Users/oikhlas/Library/Developer/Xcode/DerivedData/WebDriverAgent-bcmeffsllcldukgyoimwiehwhvyz/ModuleCache.noindex/Session.modulevalidation -fmodules-validate-once-per-build-session -Wno-trigraphs -fpascal-strings -O0 -fno-common -Wmissing-field-initializers -Wno-missing-prototypes -Werror\=return-type -Wunreachable-code -Wquoted-include-in-framework-header -Wno-implicit-atomic-properties -Werror\=deprecated-objc-isa-usage -Wno-objc-interface-ivars -Werror\=objc-root-class -Warc-repeated-use-of-weak -Wno-arc-maybe-repeated-use-of-weak -Wimplicit-retain-self -Wduplicate-method-match -Wno-missing-braces -Wparentheses -Wswitch -Wunused-function -Wno-unused-label -Wunused-parameter -Wunused-variable -Wunused-value -Wempty-body -Wuninitialized -Wconditional-uninitialized -Wno-unknown-pragmas -pedantic -Wshadow -Wno-four-char-constants -Wconversion -Wconstant-conversion -Wint-conversion -Wbool-conversion -Wenum-conversion -Wfloat-conversion -Wnon-literal-null-conversion -Wobjc-literal-conversion -Wassign-enum -Wsign-compare -Wshorten-64-to-32 -Wpointer-sign -Wno-newline-eof -Wno-selector -Wno-strict-selector-match -Wundeclared-selector -Wdeprecated-implementations -Wno-implicit-fallthrough -DDEBUG\=1 -DOBJC_OLD_DISPATCH_PROTOTYPES\=0 -isysroot /Applications/Xcode.app/Contents/Developer/Platforms/iPhoneSimulator.platform/Developer/SDKs/iPhoneSimulator16.0.sdk -fasm-blocks -fstrict-aliasing -Wprotocol -Wdeprecated-declarations -g -Wno-sign-conversion -Winfinite-recursion -Wcomma -Wblock-capture-autoreleasing -Wstrict-prototypes -Wno-semicolon-before-method-body -fobjc-abi-version\=2 -fobjc-legacy-dispatch -D__clang_analyzer__ -Xclang -analyzer-output\=plist-multi-file -Xclang -analyzer-config -Xclang path-diagnostics-alternate\=true -Xclang -analyzer-config -Xclang report-in-main-source-file\=true -Xclang -analyzer-checker -Xclang optin.osx.cocoa.localizability.NonLocalizedStringChecker -Xclang -analyzer-checker -Xclang security.insecureAPI.UncheckedReturn -Xclang -analyzer-checker -Xclang security.insecureAPI.getpw -Xclang -analyzer-checker -Xclang security.insecureAPI.gets -Xclang -analyzer-checker -Xclang security.insecureAPI.mkstemp -Xclang -analyzer-checker -Xclang security.insecureAPI.mktemp -Xclang -analyzer-disable-checker -Xclang security.insecureAPI.rand -Xclang -analyzer-disable-checker -Xclang security.insecureAPI.strcpy -Xclang -analyzer-checker -Xclang security.insecureAPI.vfork -iquote /Users/oikhlas/Library/Developer/Xcode/DerivedData/WebDriverAgent-bcmeffsllcldukgyoimwiehwhvyz/Build/Intermediates.noindex/WebDriverAgent.build/Debug-iphonesimulator/WebDriverAgentLib.build/WebDriverAgentLib-generated-files.hmap -I/Users/oikhlas/Library/Developer/Xcode/DerivedData/WebDriverAgent-bcmeffsllcldukgyoimwiehwhvyz/Build/Intermediates.noindex/WebDriverAgent.build/Debug-iphonesimulator/WebDriverAgentLib.build/WebDriverAgentLib-own-target-headers.hmap -I/Users/oikhlas/Library/Developer/Xcode/DerivedData/WebDriverAgent-bcmeffsllcldukgyoimwiehwhvyz/Build/Intermediates.noindex/WebDriverAgent.build/Debug-iphonesimulator/WebDriverAgentLib.build/WebDriverAgentLib-all-target-headers.hmap -iquote /Users/oikhlas/Library/Developer/Xcode/DerivedData/WebDriverAgent-bcmeffsllcldukgyoimwiehwhvyz/Build/Intermediates.noindex/WebDriverAgent.build/Debug-iphonesimulator/WebDriverAgentLib.build/WebDriverAgentLib-project-headers.hmap -I/Users/oikhlas/Library/Developer/Xcode/DerivedData/WebDriverAgent-bcmeffsllcldukgyoimwiehwhvyz/Build/Products/Debug-iphonesimulator/include -I/Applications/Xcode.app/Contents/Developer/Platforms/iPhoneSimulator.platform/Developer/SDKs/iPhoneSimulator16.0.sdk/usr/include/libxml2 -I/Users/oikhlas/.appium/node_modules/appium-xcuitest-driver/node_modules/appium-webdriveragent/Modules -I/Users/oikhlas/Library/Developer/Xcode/DerivedData/WebDriverAgent-bcmeffsllcldukgyoimwiehwhvyz/Build/Intermediates.noindex/WebDriverAgent.build/Debug-iphonesimulator/WebDriverAgentLib.build/DerivedSources-normal/x86_64 -I/Users/oikhlas/Library/Developer/Xcode/DerivedData/WebDriverAgent-bcmeffsllcldukgyoimwiehwhvyz/Build/Intermediates.noindex/WebDriverAgent.build/Debug-iphonesimulator/WebDriverAgentLib.build/DerivedSources/x86_64 -I/Users/oikhlas/Library/Developer/Xcode/DerivedData/WebDriverAgent-bcmeffsllcldukgyoimwiehwhvyz/Build/Intermediates.noindex/WebDriverAgent.build/Debug-iphonesimulator/WebDriverAgentLib.build/DerivedSources -Weverything -Wno-objc-missing-property-synthesis -Wno-unused-macros -Wno-disabled-macro-expansion -Wno-gnu-statement-expression -Wno-language-extension-token -Wno-overriding-method-mismatch -Wno-missing-variable-declarations -Rno-module-build -Wno-auto-import -Wno-objc-interface-ivars -Wno-documentation-unknown-command -Wno-reserved-id-macro -Wno-unused-parameter -Wno-gnu-conditional-omitted-operand -Wno-explicit-ownership-type -Wno-date-time -Wno-cast-align -Wno-cstring-format-directive -Wno-double-promotion -Wno-partial-availability -Weverything -Wno-objc-missing-property-synthesis -Wno-unused-macros -Wno-disabled-macro-expansion -Wno-gnu-statement-expression -Wno-language-extension-token -Wno-overriding-method-mismatch -Wno-missing-variable-declarations -Rno-module-build -Wno-auto-import -Wno-objc-interface-ivars -Wno-documentation-unknown-command -Wno-reserved-id-macro -Wno-unused-parameter -Wno-gnu-conditional-omitted-operand -Wno-explicit-ownership-type -Wno-date-time -Wno-cast-align -Wno-cstring-format-directive -Wno-double-promotion -Wno-partial-availability -Wno-objc-messaging-id -Wno-direct-ivar-access -Wno-cast-qual -Wno-declaration-after-statement -F/Users/oikhlas/Library/Developer/Xcode/DerivedData/WebDriverAgent-bcmeffsllcldukgyoimwiehwhvyz/Build/Products/Debug-iphonesimulator -F/Applications/Xcode.app/Contents/Developer/Platforms/iPhoneSimulator.platform/Developer/Library/Frameworks -F/Applications/Xcode.app/Contents/Developer/Platforms/iPhoneSimulator.platform/Developer/Library/PrivateFrameworks -iframework /Applications/Xcode.app/Contents/Developer/Platforms/iPhoneSimulator.platform/Developer/SDKs/iPhoneSimulator16.0.sdk/Developer/Library/Frameworks -MMD -MT dependencies -MF /Users/oikhlas/Library/Developer/Xcode/DerivedData/WebDriverAgent-bcmeffsllcldukgyoimwiehwhvyz/Build/Intermediates.noindex/WebDriverAgent.build/Debug-iphonesimulator/WebDriverAgentLib.build/StaticAnalyzer/WebDriverAgent/WebDriverAgentLib/normal/x86_64/FBNotificationsHelper.d --analyze /Users/oikhlas/.appium/node_modules/appium-xcuitest-driver/node_modules/appium-webdriveragent/WebDriverAgentLib/Utilities/FBNotificationsHelper.m -o /Users/oikhlas/Library/Developer/Xcode/DerivedData/WebDriverAgent-bcmeffsllcldukgyoimwiehwhvyz/Build/Intermediates.noindex/WebDriverAgent.build/Debug-iphonesimulator/WebDriverAgentLib.build/StaticAnalyzer/WebDriverAgent/WebDriverAgentLib/normal/x86_64/FBNotificationsHelper.plist
&amp#27;[38;5;173m[Xcode]&amp#27;[0m 
&amp#27;[38;5;173m[Xcode]&amp#27;[0m 
&amp#27;[38;5;173m[Xcode]&amp#27;[0m Analyze /Users/oikhlas/.appium/node_modules/appium-xcuitest-driver/node_modules/appium-webdriveragent/WebDriverAgentLib/Utilities/FBMjpegServer.m normal x86_64 (in target 'WebDriverAgentLib' from project 'WebDriverAgent')
&amp#27;[38;5;173m[Xcode]&amp#27;[0m     cd /Users/oikhlas/.appium/node_modules/appium-xcuitest-driver/node_modules/appium-webdriveragent
&amp#27;[38;5;173m[Xcode]&amp#27;[0m     /Applications/Xcode.app/Contents/Developer/Toolchains/XcodeDefault.xctoolchain/usr/bin/clang -x objective-c -target x86_64-apple-ios16.0-simulator -fmessage-length\=0 -fdiagnostics-show-note-include-stack -fmacro-backtrace-limit\=0 -std\=gnu99 -fobjc-arc -fmodules -gmodules -fmodules-cache-path\=/Users/oikhlas/Library/Developer/Xcode/DerivedData/WebDriverAgent-bcmeffsllcldukgyoimwiehwhvyz/ModuleCache.noindex -fmodules-prune-interval\=86400 -fmodules-prune-after\=345600 -fbuild-session-file\=/Users/oikhlas/Library/Developer/Xcode/DerivedData/WebDriverAgent-bcmeffsllcldukgyoimwiehwhvyz/ModuleCache.noindex/Session.modulevalidation -fmodules-validate-once-per-build-session -Wno-trigraphs -fpascal-strings -O0 -fno-common -Wmissing-field-initializers -Wno-missing-prototypes -Werror\=return-type -Wunreachable-code -Wquoted-include-in-framework-header -Wno-implicit-atomic-properties -Werror\=deprecated-objc-isa-usage -Wno-objc-interface-ivars -Werror\=objc-root-class -Warc-repeated-use-of-weak -Wno-arc-maybe-repeated-use-of-weak -Wimplicit-retain-self -Wduplicate-method-match -Wno-missing-braces -Wparentheses -Wswitch -Wunused-function -Wno-unused-label -Wunused-parameter -Wunused-variable -Wunused-value -Wempty-body -Wuninitialized -Wconditional-uninitialized -Wno-unknown-pragmas -pedantic -Wshadow -Wno-four-char-constants -Wconversion -Wconstant-conversion -Wint-conversion -Wbool-conversion -Wenum-conversion -Wfloat-conversion -Wnon-literal-null-conversion -Wobjc-literal-conversion -Wassign-enum -Wsign-compare -Wshorten-64-to-32 -Wpointer-sign -Wno-newline-eof -Wno-selector -Wno-strict-selector-match -Wundeclared-selector -Wdeprecated-implementations -Wno-implicit-fallthrough -DDEBUG\=1 -DOBJC_OLD_DISPATCH_PROTOTYPES\=0 -isysroot /Applications/Xcode.app/Contents/Developer/Platforms/iPhoneSimulator.platform/Developer/SDKs/iPhoneSimulator16.0.sdk -fasm-blocks -fstrict-aliasing -Wprotocol -Wdeprecated-declarations -g -Wno-sign-conversion -Winfinite-recursion -Wcomma -Wblock-capture-autoreleasing -Wstrict-prototypes -Wno-semicolon-before-method-body -fobjc-abi-version\=2 -fobjc-legacy-dispatch -D__clang_analyzer__ -Xclang -analyzer-output\=plist-multi-file -Xclang -analyzer-config -Xclang path-diagnostics-alternate\=true -Xclang -analyzer-config -Xclang report-in-main-source-file\=true -Xclang -analyzer-checker -Xclang optin.osx.cocoa.localizability.NonLocalizedStringChecker -Xclang -analyzer-checker -Xclang security.insecureAPI.UncheckedReturn -Xclang -analyzer-checker -Xclang security.insecureAPI.getpw -Xclang -analyzer-checker -Xclang security.insecureAPI.gets -Xclang -analyzer-checker -Xclang security.insecureAPI.mkstemp -Xclang -analyzer-checker -Xclang security.insecureAPI.mktemp -Xclang -analyzer-disable-checker -Xclang security.insecureAPI.rand -Xclang -analyzer-disable-checker -Xclang security.insecureAPI.strcpy -Xclang -analyzer-checker -Xclang security.insecureAPI.vfork -iquote /Users/oikhlas/Library/Developer/Xcode/DerivedData/WebDriverAgent-bcmeffsllcldukgyoimwiehwhvyz/Build/Intermediates.noindex/WebDriverAgent.build/Debug-iphonesimulator/WebDriverAgentLib.build/WebDriverAgentLib-generated-files.hmap -I/Users/oikhlas/Library/Developer/Xcode/DerivedData/WebDriverAgent-bcmeffsllcldukgyoimwiehwhvyz/Build/Intermediates.noindex/WebDriverAgent.build/Debug-iphonesimulator/WebDriverAgentLib.build/WebDriverAgentLib-own-target-headers.hmap -I/Users/oikhlas/Library/Developer/Xcode/DerivedData/WebDriverAgent-bcmeffsllcldukgyoimwiehwhvyz/Build/Intermediates.noindex/WebDriverAgent.build/Debug-iphonesimulator/WebDriverAgentLib.build/WebDriverAgentLib-all-target-headers.hmap -iquote /Users/oikhlas/Library/Developer/Xcode/DerivedData/WebDriverAgent-bcmeffsllcldukgyoimwiehwhvyz/Build/Intermediates.noindex/WebDriverAgent.build/Debug-iphonesimulator/WebDriverAgentLib.build/WebDriverAgentLib-project-headers.hmap -I/Users/oikhlas/Library/Developer/Xcode/DerivedData/WebDriverAgent-bcmeffsllcldukgyoimwiehwhvyz/Build/Products/Debug-iphonesimulator/include -I/Applications/Xcode.app/Contents/Developer/Platforms/iPhoneSimulator.platform/Developer/SDKs/iPhoneSimulator16.0.sdk/usr/include/libxml2 -I/Users/oikhlas/.appium/node_modules/appium-xcuitest-driver/node_modules/appium-webdriveragent/Modules -I/Users/oikhlas/Library/Developer/Xcode/DerivedData/WebDriverAgent-bcmeffsllcldukgyoimwiehwhvyz/Build/Intermediates.noindex/WebDriverAgent.build/Debug-iphonesimulator/WebDriverAgentLib.build/DerivedSources-normal/x86_64 -I/Users/oikhlas/Library/Developer/Xcode/DerivedData/WebDriverAgent-bcmeffsllcldukgyoimwiehwhvyz/Build/Intermediates.noindex/WebDriverAgent.build/Debug-iphonesimulator/WebDriverAgentLib.build/DerivedSources/x86_64 -I/Users/oikhlas/Library/Developer/Xcode/DerivedData/WebDriverAgent-bcmeffsllcldukgyoimwiehwhvyz/Build/Intermediates.noindex/WebDriverAgent.build/Debug-iphonesimulator/WebDriverAgentLib.build/DerivedSources -Weverything -Wno-objc-missing-property-synthesis -Wno-unused-macros -Wno-disabled-macro-expansion -Wno-gnu-statement-expression -Wno-language-extension-token -Wno-overriding-method-mismatch -Wno-missing-variable-declarations -Rno-module-build -Wno-auto-import -Wno-objc-interface-ivars -Wno-documentation-unknown-command -Wno-reserved-id-macro -Wno-unused-parameter -Wno-gnu-conditional-omitted-operand -Wno-explicit-ownership-type -Wno-date-time -Wno-cast-align -Wno-cstring-format-directive -Wno-double-promotion -Wno-partial-availability -Weverything -Wno-objc-missing-property-synthesis -Wno-unused-macros -Wno-disabled-macro-expansion -Wno-gnu-statement-expression -Wno-language-extension-token -Wno-overriding-method-mismatch -Wno-missing-variable-declarations -Rno-module-build -Wno-auto-import -Wno-objc-interface-ivars -Wno-documentation-unknown-command -Wno-reserved-id-macro -Wno-unused-parameter -Wno-gnu-conditional-omitted-operand -Wno-explicit-ownership-type -Wno-date-time -Wno-cast-align -Wno-cstring-format-directive -Wno-double-promotion -Wno-partial-availability -Wno-objc-messaging-id -Wno-direct-ivar-access -Wno-cast-qual -Wno-declaration-after-statement -F/Users/oikhlas/Library/Developer/Xcode/DerivedData/WebDriverAgent-bcmeffsllcldukgyoimwiehwhvyz/Build/Products/Debug-iphonesimulator -F/Applications/Xcode.app/Contents/Developer/Platforms/iPhoneSimulator.platform/Developer/Library/Frameworks -F/Applications/Xcode.app/Contents/Developer/Platforms/iPhoneSimulator.platform/Developer/Library/PrivateFrameworks -iframework /Applications/Xcode.app/Contents/Developer/Platforms/iPhoneSimulator.platform/Developer/SDKs/iPhoneSimulator16.0.sdk/Developer/Library/Frameworks -MMD -MT dependencies -MF /Users/oikhlas/Library/Developer/Xcode/DerivedData/WebDriverAgent-bcmeffsllcldukgyoimwiehwhvyz/Build/Intermediates.noindex/WebDriverAgent.build/Debug-iphonesimulator/WebDriverAgentLib.build/StaticAnalyzer/WebDriverAgent/WebDriverAgentLib/normal/x86_64/FBMjpegServer.d --analyze /Users/oikhlas/.appium/node_modules/appium-xcuitest-driver/node_modules/appium-webdriveragent/WebDriverAgentLib/Utilities/FBMjpegServer.m -o /Users/oikhlas/Library/Developer/Xcode/DerivedData/WebDriverAgent-bcmeffsllcldukgyoimwiehwhvyz/Build/Intermediates.noindex/WebDriverAgent.build/Debug-iphonesimulator/WebDriverAgentLib.build/StaticAnalyzer/WebDriverAgent/WebDriverAgentLib/normal/x86_64/FBMjpegServer.plist
&amp#27;[38;5;173m[Xcode]&amp#27;[0m 
&amp#27;[38;5;173m[Xcode]&amp#27;[0m 
&amp#27;[38;5;173m[Xcode]&amp#27;[0m Analyze /Users/oikhlas/.appium/node_modules/appium-xcuitest-driver/node_modules/appium-webdriveragent/WebDriverAgentLib/Utilities/FBMathUtils.m normal x86_64 (in target 'WebDriverAgentLib' from project 'WebDriverAgent')
&amp#27;[38;5;173m[Xcode]&amp#27;[0m     cd /Users/oikhlas/.appium/node_modules/appium-xcuitest-driver/node_modules/appium-webdriveragent
&amp#27;[38;5;173m[Xcode]&amp#27;[0m     /Applications/Xcode.app/Contents/Developer/Toolchains/XcodeDefault.xctoolchain/usr/bin/clang -x objective-c -target x86_64-apple-ios16.0-simulator -fmessage-length\=0 -fdiagnostics-show-note-include-stack -fmacro-backtrace-limit\=0 -std\=gnu99 -fobjc-arc -fmodules -gmodules -fmodules-cache-path\=/Users/oikhlas/Library/Developer/Xcode/DerivedData/WebDriverAgent-bcmeffsllcldukgyoimwiehwhvyz/ModuleCache.noindex -fmodules-prune-interval\=86400 -fmodules-prune-after\=345600 -fbuild-session-file\=/Users/oikhlas/Library/Developer/Xcode/DerivedData/WebDriverAgent-bcmeffsllcldukgyoimwiehwhvyz/ModuleCache.noindex/Session.modulevalidation -fmodules-validate-once-per-build-session -Wno-trigraphs -fpascal-strings -O0 -fno-common -Wmissing-field-initializers -Wno-missing-prototypes -Werror\=return-type -Wunreachable-code -Wquoted-include-in-framework-header -Wno-implicit-atomic-properties -Werror\=deprecated-objc-isa-usage -Wno-objc-interface-ivars -Werror\=objc-root-class -Warc-repeated-use-of-weak -Wno-arc-maybe-repeated-use-of-weak -Wimplicit-retain-self -Wduplicate-method-match -Wno-missing-braces -Wparentheses -Wswitch -Wunused-function -Wno-unused-label -Wunused-parameter -Wunused-variable -Wunused-value -Wempty-body -Wuninitialized -Wconditional-uninitialized -Wno-unknown-pragmas -pedantic -Wshadow -Wno-four-char-constants -Wconversion -Wconstant-conversion -Wint-conversion -Wbool-conversion -Wenum-conversion -Wfloat-conversion -Wnon-literal-null-conversion -Wobjc-literal-conversion -Wassign-enum -Wsign-compare -Wshorten-64-to-32 -Wpointer-sign -Wno-newline-eof -Wno-selector -Wno-strict-selector-match -Wundeclared-selector -Wdeprecated-implementations -Wno-implicit-fallthrough -DDEBUG\=1 -DOBJC_OLD_DISPATCH_PROTOTYPES\=0 -isysroot /Applications/Xcode.app/Contents/Developer/Platforms/iPhoneSimulator.platform/Developer/SDKs/iPhoneSimulator16.0.sdk -fasm-blocks -fstrict-aliasing -Wprotocol -Wdeprecated-declarations -g -Wno-sign-conversion -Winfinite-recursion -Wcomma -Wblock-capture-autoreleasing -Wstrict-prototypes -Wno-semicolon-before-method-body -fobjc-abi-version\=2 -fobjc-legacy-dispatch -D__clang_analyzer__ -Xclang -analyzer-output\=plist-multi-file -Xclang -analyzer-config -Xclang path-diagnostics-alternate\=true -Xclang -analyzer-config -Xclang report-in-main-source-file\=true -Xclang -analyzer-checker -Xclang optin.osx.cocoa.localizability.NonLocalizedStringChecker -Xclang -analyzer-checker -Xclang security.insecureAPI.UncheckedReturn -Xclang -analyzer-checker -Xclang security.insecureAPI.getpw -Xclang -analyzer-checker -Xclang security.insecureAPI.gets -Xclang -analyzer-checker -Xclang security.insecureAPI.mkstemp -Xclang -analyzer-checker -Xclang security.insecureAPI.mktemp -Xclang -analyzer-disable-checker -Xclang security.insecureAPI.rand -Xclang -analyzer-disable-checker -Xclang security.insecureAPI.strcpy -Xclang -analyzer-checker -Xclang security.insecureAPI.vfork -iquote /Users/oikhlas/Library/Developer/Xcode/DerivedData/WebDriverAgent-bcmeffsllcldukgyoimwiehwhvyz/Build/Intermediates.noindex/WebDriverAgent.build/Debug-iphonesimulator/WebDriverAgentLib.build/WebDriverAgentLib-generated-files.hmap -I/Users/oikhlas/Library/Developer/Xcode/DerivedData/WebDriverAgent-bcmeffsllcldukgyoimwiehwhvyz/Build/Intermediates.noindex/WebDriverAgent.build/Debug-iphonesimulator/WebDriverAgentLib.build/WebDriverAgentLib-own-target-headers.hmap -I/Users/oikhlas/Library/Developer/Xcode/DerivedData/WebDriverAgent-bcmeffsllcldukgyoimwiehwhvyz/Build/Intermediates.noindex/WebDriverAgent.build/Debug-iphonesimulator/WebDriverAgentLib.build/WebDriverAgentLib-all-target-headers.hmap -iquote /Users/oikhlas/Library/Developer/Xcode/DerivedData/WebDriverAgent-bcmeffsllcldukgyoimwiehwhvyz/Build/Intermediates.noindex/WebDriverAgent.build/Debug-iphonesimulator/WebDriverAgentLib.build/WebDriverAgentLib-project-headers.hmap -I/Users/oikhlas/Library/Developer/Xcode/DerivedData/WebDriverAgent-bcmeffsllcldukgyoimwiehwhvyz/Build/Products/Debug-iphonesimulator/include -I/Applications/Xcode.app/Contents/Developer/Platforms/iPhoneSimulator.platform/Developer/SDKs/iPhoneSimulator16.0.sdk/usr/include/libxml2 -I/Users/oikhlas/.appium/node_modules/appium-xcuitest-driver/node_modules/appium-webdriveragent/Modules -I/Users/oikhlas/Library/Developer/Xcode/DerivedData/WebDriverAgent-bcmeffsllcldukgyoimwiehwhvyz/Build/Intermediates.noindex/WebDriverAgent.build/Debug-iphonesimulator/WebDriverAgentLib.build/DerivedSources-normal/x86_64 -I/Users/oikhlas/Library/Developer/Xcode/DerivedData/WebDriverAgent-bcmeffsllcldukgyoimwiehwhvyz/Build/Intermediates.noindex/WebDriverAgent.build/Debug-iphonesimulator/WebDriverAgentLib.build/DerivedSources/x86_64 -I/Users/oikhlas/Library/Developer/Xcode/DerivedData/WebDriverAgent-bcmeffsllcldukgyoimwiehwhvyz/Build/Intermediates.noindex/WebDriverAgent.build/Debug-iphonesimulator/WebDriverAgentLib.build/DerivedSources -Weverything -Wno-objc-missing-property-synthesis -Wno-unused-macros -Wno-disabled-macro-expansion -Wno-gnu-statement-expression -Wno-language-extension-token -Wno-overriding-method-mismatch -Wno-missing-variable-declarations -Rno-module-build -Wno-auto-import -Wno-objc-interface-ivars -Wno-documentation-unknown-command -Wno-reserved-id-macro -Wno-unused-parameter -Wno-gnu-conditional-omitted-operand -Wno-explicit-ownership-type -Wno-date-time -Wno-cast-align -Wno-cstring-format-directive -Wno-double-promotion -Wno-partial-availability -Weverything -Wno-objc-missing-property-synthesis -Wno-unused-macros -Wno-disabled-macro-expansion -Wno-gnu-statement-expression -Wno-language-extension-token -Wno-overriding-method-mismatch -Wno-missing-variable-declarations -Rno-module-build -Wno-auto-import -Wno-objc-interface-ivars -Wno-documentation-unknown-command -Wno-reserved-id-macro -Wno-unused-parameter -Wno-gnu-conditional-omitted-operand -Wno-explicit-ownership-type -Wno-date-time -Wno-cast-align -Wno-cstring-format-directive -Wno-double-promotion -Wno-partial-availability -Wno-objc-messaging-id -Wno-direct-ivar-access -Wno-cast-qual -Wno-declaration-after-statement -F/Users/oikhlas/Library/Developer/Xcode/DerivedData/WebDriverAgent-bcmeffsllcldukgyoimwiehwhvyz/Build/Products/Debug-iphonesimulator -F/Applications/Xcode.app/Contents/Developer/Platforms/iPhoneSimulator.platform/Developer/Library/Frameworks -F/Applications/Xcode.app/Contents/Developer/Platforms/iPhoneSimulator.platform/Developer/Library/PrivateFrameworks -iframework /Applications/Xcode.app/Contents/Developer/Platforms/iPhoneSimulator.platform/Developer/SDKs/iPhoneSimulator16.0.sdk/Developer/Library/Frameworks -MMD -MT dependencies -MF /Users/oikhlas/Library/Developer/Xcode/DerivedData/WebDriverAgent-bcmeffsllcldukgyoimwiehwhvyz/Build/Intermediates.noindex/WebDriverAgent.build/Debug-iphonesimulator/WebDriverAgentLib.build/StaticAnalyzer/WebDriverAgent/WebDriverAgentLib/normal/x86_64/FBMathUtils.d --analyze /Users/oikhlas/.appium/node_modules/appium-xcuitest-driver/node_modules/appium-webdriveragent/WebDriverAgentLib/Utilities/FBMathUtils.m -o /Users/oikhlas/Library/Developer/Xcode/DerivedData/WebDriverAgent-bcmeffsllcldukgyoimwiehwhvyz/Build/Intermediates.noindex/WebDriverAgent.build/Debug-iphonesimulator/WebDriverAgentLib.build/StaticAnalyzer/WebDriverAgent/WebDriverAgentLib/normal/x86_64/FBMathUtils.plist
&amp#27;[38;5;173m[Xcode]&amp#27;[0m 
&amp#27;[38;5;173m[Xcode]&amp#27;[0m 
&amp#27;[38;5;173m[Xcode]&amp#27;[0m Analyze /Users/oikhlas/.appium/node_modules/appium-xcuitest-driver/node_modules/appium-webdriveragent/WebDriverAgentLib/Utilities/FBLogger.m normal x86_64 (in target 'WebDriverAgentLib' from project 'WebDriverAgent')
&amp#27;[38;5;173m[Xcode]&amp#27;[0m     cd /Users/oikhlas/.appium/node_modules/appium-xcuitest-driver/node_modules/appium-webdriveragent
&amp#27;[38;5;173m[Xcode]&amp#27;[0m     /Applications/Xcode.app/Contents/Developer/Toolchains/XcodeDefault.xctoolchain/usr/bin/clang -x objective-c -target x86_64-apple-ios16.0-simulator -fmessage-length\=0 -fdiagnostics-show-note-include-stack -fmacro-backtrace-limit\=0 -std\=gnu99 -fobjc-arc -fmodules -gmodules -fmodules-cache-path\=/Users/oikhlas/Library/Developer/Xcode/DerivedData/WebDriverAgent-bcmeffsllcldukgyoimwiehwhvyz/ModuleCache.noindex -fmodules-prune-interval\=86400 -fmodules-prune-after\=345600 -fbuild-session-file\=/Users/oikhlas/Library/Developer/Xcode/DerivedData/WebDriverAgent-bcmeffsllcldukgyoimwiehwhvyz/ModuleCache.noindex/Session.modulevalidation -fmodules-validate-once-per-build-session -Wno-trigraphs -fpascal-strings -O0 -fno-common -Wmissing-field-initializers -Wno-missing-prototypes -Werror\=return-type -Wunreachable-code -Wquoted-include-in-framework-header -Wno-implicit-atomic-properties -Werror\=deprecated-objc-isa-usage -Wno-objc-interface-ivars -Werror\=objc-root-class -Warc-repeated-use-of-weak -Wno-arc-maybe-repeated-use-of-weak -Wimplicit-retain-self -Wduplicate-method-match -Wno-missing-braces -Wparentheses -Wswitch -Wunused-function -Wno-unused-label -Wunused-parameter -Wunused-variable -Wunused-value -Wempty-body -Wuninitialized -Wconditional-uninitialized -Wno-unknown-pragmas -pedantic -Wshadow -Wno-four-char-constants -Wconversion -Wconstant-conversion -Wint-conversion -Wbool-conversion -Wenum-conversion -Wfloat-conversion -Wnon-literal-null-conversion -Wobjc-literal-conversion -Wassign-enum -Wsign-compare -Wshorten-64-to-32 -Wpointer-sign -Wno-newline-eof -Wno-selector -Wno-strict-selector-match -Wundeclared-selector -Wdeprecated-implementations -Wno-implicit-fallthrough -DDEBUG\=1 -DOBJC_OLD_DISPATCH_PROTOTYPES\=0 -isysroot /Applications/Xcode.app/Contents/Developer/Platforms/iPhoneSimulator.platform/Developer/SDKs/iPhoneSimulator16.0.sdk -fasm-blocks -fstrict-aliasing -Wprotocol -Wdeprecated-declarations -g -Wno-sign-conversion -Winfinite-recursion -Wcomma -Wblock-capture-autoreleasing -Wstrict-prototypes -Wno-semicolon-before-method-body -fobjc-abi-version\=2 -fobjc-legacy-dispatch -D__clang_analyzer__ -Xclang -analyzer-output\=plist-multi-file -Xclang -analyzer-config -Xclang path-diagnostics-alternate\=true -Xclang -analyzer-config -Xclang report-in-main-source-file\=true -Xclang -analyzer-checker -Xclang optin.osx.cocoa.localizability.NonLocalizedStringChecker -Xclang -analyzer-checker -Xclang security.insecureAPI.UncheckedReturn -Xclang -analyzer-checker -Xclang security.insecureAPI.getpw -Xclang -analyzer-checker -Xclang security.insecureAPI.gets -Xclang -analyzer-checker -Xclang security.insecureAPI.mkstemp -Xclang -analyzer-checker -Xclang security.insecureAPI.mktemp -Xclang -analyzer-disable-checker -Xclang security.insecureAPI.rand -Xclang -analyzer-disable-checker -Xclang security.insecureAPI.strcpy -Xclang -analyzer-checker -Xclang security.insecureAPI.vfork -iquote /Users/oikhlas/Library/Developer/Xcode/DerivedData/WebDriverAgent-bcmeffsllcldukgyoimwiehwhvyz/Build/Intermediates.noindex/WebDriverAgent.build/Debug-iphonesimulator/WebDriverAgentLib.build/WebDriverAgentLib-generated-files.hmap -I/Users/oikhlas/Library/Developer/Xcode/DerivedData/WebDriverAgent-bcmeffsllcldukgyoimwiehwhvyz/Build/Intermediates.noindex/WebDriverAgent.build/Debug-iphonesimulator/WebDriverAgentLib.build/WebDriverAgentLib-own-target-headers.hmap -I/Users/oikhlas/Library/Developer/Xcode/DerivedData/WebDriverAgent-bcmeffsllcldukgyoimwiehwhvyz/Build/Intermediates.noindex/WebDriverAgent.build/Debug-iphonesimulator/WebDriverAgentLib.build/WebDriverAgentLib-all-target-headers.hmap -iquote /Users/oikhlas/Library/Developer/Xcode/DerivedData/WebDriverAgent-bcmeffsllcldukgyoimwiehwhvyz/Build/Intermediates.noindex/WebDriverAgent.build/Debug-iphonesimulator/WebDriverAgentLib.build/WebDriverAgentLib-project-headers.hmap -I/Users/oikhlas/Library/Developer/Xcode/DerivedData/WebDriverAgent-bcmeffsllcldukgyoimwiehwhvyz/Build/Products/Debug-iphonesimulator/include -I/Applications/Xcode.app/Contents/Developer/Platforms/iPhoneSimulator.platform/Developer/SDKs/iPhoneSimulator16.0.sdk/usr/include/libxml2 -I/Users/oikhlas/.appium/node_modules/appium-xcuitest-driver/node_modules/appium-webdriveragent/Modules -I/Users/oikhlas/Library/Developer/Xcode/DerivedData/WebDriverAgent-bcmeffsllcldukgyoimwiehwhvyz/Build/Intermediates.noindex/WebDriverAgent.build/Debug-iphonesimulator/WebDriverAgentLib.build/DerivedSources-normal/x86_64 -I/Users/oikhlas/Library/Developer/Xcode/DerivedData/WebDriverAgent-bcmeffsllcldukgyoimwiehwhvyz/Build/Intermediates.noindex/WebDriverAgent.build/Debug-iphonesimulator/WebDriverAgentLib.build/DerivedSources/x86_64 -I/Users/oikhlas/Library/Developer/Xcode/DerivedData/WebDriverAgent-bcmeffsllcldukgyoimwiehwhvyz/Build/Intermediates.noindex/WebDriverAgent.build/Debug-iphonesimulator/WebDriverAgentLib.build/DerivedSources -Weverything -Wno-objc-missing-property-synthesis -Wno-unused-macros -Wno-disabled-macro-expansion -Wno-gnu-statement-expression -Wno-language-extension-token -Wno-overriding-method-mismatch -Wno-missing-variable-declarations -Rno-module-build -Wno-auto-import -Wno-objc-interface-ivars -Wno-documentation-unknown-command -Wno-reserved-id-macro -Wno-unused-parameter -Wno-gnu-conditional-omitted-operand -Wno-explicit-ownership-type -Wno-date-time -Wno-cast-align -Wno-cstring-format-directive -Wno-double-promotion -Wno-partial-availability -Weverything -Wno-objc-missing-property-synthesis -Wno-unused-macros -Wno-disabled-macro-expansion -Wno-gnu-statement-expression -Wno-language-extension-token -Wno-overriding-method-mismatch -Wno-missing-variable-declarations -Rno-module-build -Wno-auto-import -Wno-objc-interface-ivars -Wno-documentation-unknown-command -Wno-reserved-id-macro -Wno-unused-parameter -Wno-gnu-conditional-omitted-operand -Wno-explicit-ownership-type -Wno-date-time -Wno-cast-align -Wno-cstring-format-directive -Wno-double-promotion -Wno-partial-availability -Wno-objc-messaging-id -Wno-direct-ivar-access -Wno-cast-qual -Wno-declaration-after-statement -F/Users/oikhlas/Library/Developer/Xcode/DerivedData/WebDriverAgent-bcmeffsllcldukgyoimwiehwhvyz/Build/Products/Debug-iphonesimulator -F/Applications/Xcode.app/Contents/Developer/Platforms/iPhoneSimulator.platform/Developer/Library/Frameworks -F/Applications/Xcode.app/Contents/Developer/Platforms/iPhoneSimulator.platform/Developer/Library/PrivateFrameworks -iframework /Applications/Xcode.app/Contents/Developer/Platforms/iPhoneSimulator.platform/Developer/SDKs/iPhoneSimulator16.0.sdk/Developer/Library/Frameworks -MMD -MT dependencies -MF /Users/oikhlas/Library/Developer/Xcode/DerivedData/WebDriverAgent-bcmeffsllcldukgyoimwiehwhvyz/Build/Intermediates.noindex/WebDriverAgent.build/Debug-iphonesimulator/WebDriverAgentLib.build/StaticAnalyzer/WebDriverAgent/WebDriverAgentLib/normal/x86_64/FBLogger.d --analyze /Users/oikhlas/.appium/node_modules/appium-xcuitest-driver/node_modules/appium-webdriveragent/WebDriverAgentLib/Utilities/FBLogger.m -o /Users/oikhlas/Library/Developer/Xcode/DerivedData/WebDriverAgent-bcmeffsllcldukgyoimwiehwhvyz/Build/Intermediates.noindex/WebDriverAgent.build/Debug-iphonesimulator/WebDriverAgentLib.build/StaticAnalyzer/WebDriverAgent/WebDriverAgentLib/normal/x86_64/FBLogger.plist
&amp#27;[38;5;173m[Xcode]&amp#27;[0m 
&amp#27;[38;5;173m[Xcode]&amp#27;[0m 
&amp#27;[38;5;173m[Xcode]&amp#27;[0m Analyze /Users/oikhlas/.appium/node_modules/appium-xcuitest-driver/node_modules/appium-webdriveragent/WebDriverAgentLib/Utilities/FBKeyboard.m normal x86_64 (in target 'WebDriverAgentLib' from project 'WebDriverAgent')
&amp#27;[38;5;173m[Xcode]&amp#27;[0m     cd /Users/oikhlas/.appium/node_modules/appium-xcuitest-driver/node_modules/appium-webdriveragent
&amp#27;[38;5;173m[Xcode]&amp#27;[0m     /Applications/Xcode.app/Contents/Developer/Toolchains/XcodeDefault.xctoolchain/usr/bin/clang -x objective-c -target x86_64-apple-ios16.0-simulator -fmessage-length\=0 -fdiagnostics-show-note-include-stack -fmacro-backtrace-limit\=0 -std\=gnu99 -fobjc-arc -fmodules -gmodules -fmodules-cache-path\=/Users/oikhlas/Library/Developer/Xcode/DerivedData/WebDriverAgent-bcmeffsllcldukgyoimwiehwhvyz/ModuleCache.noindex -fmodules-prune-interval\=86400 -fmodules-prune-after\=345600 -fbuild-session-file\=/Users/oikhlas/Library/Developer/Xcode/DerivedData/WebDriverAgent-bcmeffsllcldukgyoimwiehwhvyz/ModuleCache.noindex/Session.modulevalidation -fmodules-validate-once-per-build-session -Wno-trigraphs -fpascal-strings -O0 -fno-common -Wmissing-field-initializers -Wno-missing-prototypes -Werror\=return-type -Wunreachable-code -Wquoted-include-in-framework-header -Wno-implicit-atomic-properties -Werror\=deprecated-objc-isa-usage -Wno-objc-interface-ivars -Werror\=objc-root-class -Warc-repeated-use-of-weak -Wno-arc-maybe-repeated-use-of-weak -Wimplicit-retain-self -Wduplicate-method-match -Wno-missing-braces -Wparentheses -Wswitch -Wunused-function -Wno-unused-label -Wunused-parameter -Wunused-variable -Wunused-value -Wempty-body -Wuninitialized -Wconditional-uninitialized -Wno-unknown-pragmas -pedantic -Wshadow -Wno-four-char-constants -Wconversion -Wconstant-conversion -Wint-conversion -Wbool-conversion -Wenum-conversion -Wfloat-conversion -Wnon-literal-null-conversion -Wobjc-literal-conversion -Wassign-enum -Wsign-compare -Wshorten-64-to-32 -Wpointer-sign -Wno-newline-eof -Wno-selector -Wno-strict-selector-match -Wundeclared-selector -Wdeprecated-implementations -Wno-implicit-fallthrough -DDEBUG\=1 -DOBJC_OLD_DISPATCH_PROTOTYPES\=0 -isysroot /Applications/Xcode.app/Contents/Developer/Platforms/iPhoneSimulator.platform/Developer/SDKs/iPhoneSimulator16.0.sdk -fasm-blocks -fstrict-aliasing -Wprotocol -Wdeprecated-declarations -g -Wno-sign-conversion -Winfinite-recursion -Wcomma -Wblock-capture-autoreleasing -Wstrict-prototypes -Wno-semicolon-before-method-body -fobjc-abi-version\=2 -fobjc-legacy-dispatch -D__clang_analyzer__ -Xclang -analyzer-output\=plist-multi-file -Xclang -analyzer-config -Xclang path-diagnostics-alternate\=true -Xclang -analyzer-config -Xclang report-in-main-source-file\=true -Xclang -analyzer-checker -Xclang optin.osx.cocoa.localizability.NonLocalizedStringChecker -Xclang -analyzer-checker -Xclang security.insecureAPI.UncheckedReturn -Xclang -analyzer-checker -Xclang security.insecureAPI.getpw -Xclang -analyzer-checker -Xclang security.insecureAPI.gets -Xclang -analyzer-checker -Xclang security.insecureAPI.mkstemp -Xclang -analyzer-checker -Xclang security.insecureAPI.mktemp -Xclang -analyzer-disable-checker -Xclang security.insecureAPI.rand -Xclang -analyzer-disable-checker -Xclang security.insecureAPI.strcpy -Xclang -analyzer-checker -Xclang security.insecureAPI.vfork -iquote /Users/oikhlas/Library/Developer/Xcode/DerivedData/WebDriverAgent-bcmeffsllcldukgyoimwiehwhvyz/Build/Intermediates.noindex/WebDriverAgent.build/Debug-iphonesimulator/WebDriverAgentLib.build/WebDriverAgentLib-generated-files.hmap -I/Users/oikhlas/Library/Developer/Xcode/DerivedData/WebDriverAgent-bcmeffsllcldukgyoimwiehwhvyz/Build/Intermediates.noindex/WebDriverAgent.build/Debug-iphonesimulator/WebDriverAgentLib.build/WebDriverAgentLib-own-target-headers.hmap -I/Users/oikhlas/Library/Developer/Xcode/DerivedData/WebDriverAgent-bcmeffsllcldukgyoimwiehwhvyz/Build/Intermediates.noindex/WebDriverAgent.build/Debug-iphonesimulator/WebDriverAgentLib.build/WebDriverAgentLib-all-target-headers.hmap -iquote /Users/oikhlas/Library/Developer/Xcode/DerivedData/WebDriverAgent-bcmeffsllcldukgyoimwiehwhvyz/Build/Intermediates.noindex/WebDriverAgent.build/Debug-iphonesimulator/WebDriverAgentLib.build/WebDriverAgentLib-project-headers.hmap -I/Users/oikhlas/Library/Developer/Xcode/DerivedData/WebDriverAgent-bcmeffsllcldukgyoimwiehwhvyz/Build/Products/Debug-iphonesimulator/include -I/Applications/Xcode.app/Contents/Developer/Platforms/iPhoneSimulator.platform/Developer/SDKs/iPhoneSimulator16.0.sdk/usr/include/libxml2 -I/Users/oikhlas/.appium/node_modules/appium-xcuitest-driver/node_modules/appium-webdriveragent/Modules -I/Users/oikhlas/Library/Developer/Xcode/DerivedData/WebDriverAgent-bcmeffsllcldukgyoimwiehwhvyz/Build/Intermediates.noindex/WebDriverAgent.build/Debug-iphonesimulator/WebDriverAgentLib.build/DerivedSources-normal/x86_64 -I/Users/oikhlas/Library/Developer/Xcode/DerivedData/WebDriverAgent-bcmeffsllcldukgyoimwiehwhvyz/Build/Intermediates.noindex/WebDriverAgent.build/Debug-iphonesimulator/WebDriverAgentLib.build/DerivedSources/x86_64 -I/Users/oikhlas/Library/Developer/Xcode/DerivedData/WebDriverAgent-bcmeffsllcldukgyoimwiehwhvyz/Build/Intermediates.noindex/WebDriverAgent.build/Debug-iphonesimulator/WebDriverAgentLib.build/DerivedSources -Weverything -Wno-objc-missing-property-synthesis -Wno-unused-macros -Wno-disabled-macro-expansion -Wno-gnu-statement-expression -Wno-language-extension-token -Wno-overriding-method-mismatch -Wno-missing-variable-declarations -Rno-module-build -Wno-auto-import -Wno-objc-interface-ivars -Wno-documentation-unknown-command -Wno-reserved-id-macro -Wno-unused-parameter -Wno-gnu-conditional-omitted-operand -Wno-explicit-ownership-type -Wno-date-time -Wno-cast-align -Wno-cstring-format-directive -Wno-double-promotion -Wno-partial-availability -Weverything -Wno-objc-missing-property-synthesis -Wno-unused-macros -Wno-disabled-macro-expansion -Wno-gnu-statement-expression -Wno-language-extension-token -Wno-overriding-method-mismatch -Wno-missing-variable-declarations -Rno-module-build -Wno-auto-import -Wno-objc-interface-ivars -Wno-documentation-unknown-command -Wno-reserved-id-macro -Wno-unused-parameter -Wno-gnu-conditional-omitted-operand -Wno-explicit-ownership-type -Wno-date-time -Wno-cast-align -Wno-cstring-format-directive -Wno-double-promotion -Wno-partial-availability -Wno-objc-messaging-id -Wno-direct-ivar-access -Wno-cast-qual -Wno-declaration-after-statement -F/Users/oikhlas/Library/Developer/Xcode/DerivedData/WebDriverAgent-bcmeffsllcldukgyoimwiehwhvyz/Build/Products/Debug-iphonesimulator -F/Applications/Xcode.app/Contents/Developer/Platforms/iPhoneSimulator.platform/Developer/Library/Frameworks -F/Applications/Xcode.app/Contents/Developer/Platforms/iPhoneSimulator.platform/Developer/Library/PrivateFrameworks -iframework /Applications/Xcode.app/Contents/Developer/Platforms/iPhoneSimulator.platform/Developer/SDKs/iPhoneSimulator16.0.sdk/Developer/Library/Frameworks -MMD -MT dependencies -MF /Users/oikhlas/Library/Developer/Xcode/DerivedData/WebDriverAgent-bcmeffsllcldukgyoimwiehwhvyz/Build/Intermediates.noindex/WebDriverAgent.build/Debug-iphonesimulator/WebDriverAgentLib.build/StaticAnalyzer/WebDriverAgent/WebDriverAgentLib/normal/x86_64/FBKeyboard.d --analyze /Users/oikhlas/.appium/node_modules/appium-xcuitest-driver/node_modules/appium-webdriveragent/WebDriverAgentLib/Utilities/FBKeyboard.m -o /Users/oikhlas/Library/Developer/Xcode/DerivedData/WebDriverAgent-bcmeffsllcldukgyoimwiehwhvyz/Build/Intermediates.noindex/WebDriverAgent.build/Debug-iphonesimulator/WebDriverAgentLib.build/StaticAnalyzer/WebDriverAgent/WebDriverAgentLib/normal/x86_64/FBKeyboard.plist
&amp#27;[38;5;173m[Xcode]&amp#27;[0m 
&amp#27;[38;5;173m[Xcode]&amp#27;[0m 
&amp#27;[38;5;173m[Xcode]&amp#27;[0m Analyze /Users/oikhlas/.appium/node_modules/appium-xcuitest-driver/node_modules/appium-webdriveragent/WebDriverAgentLib/Utilities/FBImageUtils.m normal x86_64 (in target 'WebDriverAgentLib' from project 'WebDriverAgent')
&amp#27;[38;5;173m[Xcode]&amp#27;[0m     cd /Users/oikhlas/.appium/node_modules/appium-xcuitest-driver/node_modules/appium-webdriveragent
&amp#27;[38;5;173m[Xcode]&amp#27;[0m     /Applications/Xcode.app/Contents/Developer/Toolchains/XcodeDefault.xctoolchain/usr/bin/clang -x objective-c -target x86_64-apple-ios16.0-simulator -fmessage-length\=0 -fdiagnostics-show-note-include-stack -fmacro-backtrace-limit\=0 -std\=gnu99 -fobjc-arc -fmodules -gmodules -fmodules-cache-path\=/Users/oikhlas/Library/Developer/Xcode/DerivedData/WebDriverAgent-bcmeffsllcldukgyoimwiehwhvyz/ModuleCache.noindex -fmodules-prune-interval\=86400 -fmodules-prune-after\=345600 -fbuild-session-file\=/Users/oikhlas/Library/Developer/Xcode/DerivedData/WebDriverAgent-bcmeffsllcldukgyoimwiehwhvyz/ModuleCache.noindex/Session.modulevalidation -fmodules-validate-once-per-build-session -Wno-trigraphs -fpascal-strings -O0 -fno-common -Wmissing-field-initializers -Wno-missing-prototypes -Werror\=return-type -Wunreachable-code -Wquoted-include-in-framework-header -Wno-implicit-atomic-properties -Werror\=deprecated-objc-isa-usage -Wno-objc-interface-ivars -Werror\=objc-root-class -Warc-repeated-use-of-weak -Wno-arc-maybe-repeated-use-of-weak -Wimplicit-retain-self -Wduplicate-method-match -Wno-missing-braces -Wparentheses -Wswitch -Wunused-function -Wno-unused-label -Wunused-parameter -Wunused-variable -Wunused-value -Wempty-body -Wuninitialized -Wconditional-uninitialized -Wno-unknown-pragmas -pedantic -Wshadow -Wno-four-char-constants -Wconversion -Wconstant-conversion -Wint-conversion -Wbool-conversion -Wenum-conversion -Wfloat-conversion -Wnon-literal-null-conversion -Wobjc-literal-conversion -Wassign-enum -Wsign-compare -Wshorten-64-to-32 -Wpointer-sign -Wno-newline-eof -Wno-selector -Wno-strict-selector-match -Wundeclared-selector -Wdeprecated-implementations -Wno-implicit-fallthrough -DDEBUG\=1 -DOBJC_OLD_DISPATCH_PROTOTYPES\=0 -isysroot /Applications/Xcode.app/Contents/Developer/Platforms/iPhoneSimulator.platform/Developer/SDKs/iPhoneSimulator16.0.sdk -fasm-blocks -fstrict-aliasing -Wprotocol -Wdeprecated-declarations -g -Wno-sign-conversion -Winfinite-recursion -Wcomma -Wblock-capture-autoreleasing -Wstrict-prototypes -Wno-semicolon-before-method-body -fobjc-abi-version\=2 -fobjc-legacy-dispatch -D__clang_analyzer__ -Xclang -analyzer-output\=plist-multi-file -Xclang -analyzer-config -Xclang path-diagnostics-alternate\=true -Xclang -analyzer-config -Xclang report-in-main-source-file\=true -Xclang -analyzer-checker -Xclang optin.osx.cocoa.localizability.NonLocalizedStringChecker -Xclang -analyzer-checker -Xclang security.insecureAPI.UncheckedReturn -Xclang -analyzer-checker -Xclang security.insecureAPI.getpw -Xclang -analyzer-checker -Xclang security.insecureAPI.gets -Xclang -analyzer-checker -Xclang security.insecureAPI.mkstemp -Xclang -analyzer-checker -Xclang security.insecureAPI.mktemp -Xclang -analyzer-disable-checker -Xclang security.insecureAPI.rand -Xclang -analyzer-disable-checker -Xclang security.insecureAPI.strcpy -Xclang -analyzer-checker -Xclang security.insecureAPI.vfork -iquote /Users/oikhlas/Library/Developer/Xcode/DerivedData/WebDriverAgent-bcmeffsllcldukgyoimwiehwhvyz/Build/Intermediates.noindex/WebDriverAgent.build/Debug-iphonesimulator/WebDriverAgentLib.build/WebDriverAgentLib-generated-files.hmap -I/Users/oikhlas/Library/Developer/Xcode/DerivedData/WebDriverAgent-bcmeffsllcldukgyoimwiehwhvyz/Build/Intermediates.noindex/WebDriverAgent.build/Debug-iphonesimulator/WebDriverAgentLib.build/WebDriverAgentLib-own-target-headers.hmap -I/Users/oikhlas/Library/Developer/Xcode/DerivedData/WebDriverAgent-bcmeffsllcldukgyoimwiehwhvyz/Build/Intermediates.noindex/WebDriverAgent.build/Debug-iphonesimulator/WebDriverAgentLib.build/WebDriverAgentLib-all-target-headers.hmap -iquote /Users/oikhlas/Library/Developer/Xcode/DerivedData/WebDriverAgent-bcmeffsllcldukgyoimwiehwhvyz/Build/Intermediates.noindex/WebDriverAgent.build/Debug-iphonesimulator/WebDriverAgentLib.build/WebDriverAgentLib-project-headers.hmap -I/Users/oikhlas/Library/Developer/Xcode/DerivedData/WebDriverAgent-bcmeffsllcldukgyoimwiehwhvyz/Build/Products/Debug-iphonesimulator/include -I/Applications/Xcode.app/Contents/Developer/Platforms/iPhoneSimulator.platform/Developer/SDKs/iPhoneSimulator16.0.sdk/usr/include/libxml2 -I/Users/oikhlas/.appium/node_modules/appium-xcuitest-driver/node_modules/appium-webdriveragent/Modules -I/Users/oikhlas/Library/Developer/Xcode/DerivedData/WebDriverAgent-bcmeffsllcldukgyoimwiehwhvyz/Build/Intermediates.noindex/WebDriverAgent.build/Debug-iphonesimulator/WebDriverAgentLib.build/DerivedSources-normal/x86_64 -I/Users/oikhlas/Library/Developer/Xcode/DerivedData/WebDriverAgent-bcmeffsllcldukgyoimwiehwhvyz/Build/Intermediates.noindex/WebDriverAgent.build/Debug-iphonesimulator/WebDriverAgentLib.build/DerivedSources/x86_64 -I/Users/oikhlas/Library/Developer/Xcode/DerivedData/WebDriverAgent-bcmeffsllcldukgyoimwiehwhvyz/Build/Intermediates.noindex/WebDriverAgent.build/Debug-iphonesimulator/WebDriverAgentLib.build/DerivedSources -Weverything -Wno-objc-missing-property-synthesis -Wno-unused-macros -Wno-disabled-macro-expansion -Wno-gnu-statement-expression -Wno-language-extension-token -Wno-overriding-method-mismatch -Wno-missing-variable-declarations -Rno-module-build -Wno-auto-import -Wno-objc-interface-ivars -Wno-documentation-unknown-command -Wno-reserved-id-macro -Wno-unused-parameter -Wno-gnu-conditional-omitted-operand -Wno-explicit-ownership-type -Wno-date-time -Wno-cast-align -Wno-cstring-format-directive -Wno-double-promotion -Wno-partial-availability -Weverything -Wno-objc-missing-property-synthesis -Wno-unused-macros -Wno-disabled-macro-expansion -Wno-gnu-statement-expression -Wno-language-extension-token -Wno-overriding-method-mismatch -Wno-missing-variable-declarations -Rno-module-build -Wno-auto-import -Wno-objc-interface-ivars -Wno-documentation-unknown-command -Wno-reserved-id-macro -Wno-unused-parameter -Wno-gnu-conditional-omitted-operand -Wno-explicit-ownership-type -Wno-date-time -Wno-cast-align -Wno-cstring-format-directive -Wno-double-promotion -Wno-partial-availability -Wno-objc-messaging-id -Wno-direct-ivar-access -Wno-cast-qual -Wno-declaration-after-statement -F/Users/oikhlas/Library/Developer/Xcode/DerivedData/WebDriverAgent-bcmeffsllcldukgyoimwiehwhvyz/Build/Products/Debug-iphonesimulator -F/Applications/Xcode.app/Contents/Developer/Platforms/iPhoneSimulator.platform/Developer/Library/Frameworks -F/Applications/Xcode.app/Contents/Developer/Platforms/iPhoneSimulator.platform/Developer/Library/PrivateFrameworks -iframework /Applications/Xcode.app/Contents/Developer/Platforms/iPhoneSimulator.platform/Developer/SDKs/iPhoneSimulator16.0.sdk/Developer/Library/Frameworks -MMD -MT dependencies -MF /Users/oikhlas/Library/Developer/Xcode/DerivedData/WebDriverAgent-bcmeffsllcldukgyoimwiehwhvyz/Build/Intermediates.noindex/WebDriverAgent.build/Debug-iphonesimulator/WebDriverAgentLib.build/StaticAnalyzer/WebDriverAgent/WebDriverAgentLib/normal/x86_64/FBImageUtils.d --analyze /Users/oikhlas/.appium/node_modules/appium-xcuitest-driver/node_modules/appium-webdriveragent/WebDriverAgentLib/Utilities/FBImageUtils.m -o /Users/oikhlas/Library/Developer/Xcode/DerivedData/WebDriverAgent-bcmeffsllcldukgyoimwiehwhvyz/Build/Intermediates.noindex/WebDriverAgent.build/Debug-iphonesimulator/WebDriverAgentLib.build/StaticAnalyzer/WebDriverAgent/WebDriverAgentLib/normal/x86_64/FBImageUtils.plist
&amp#27;[38;5;173m[Xcode]&amp#27;[0m 
&amp#27;[38;5;173m[Xcode]&amp#27;[0m 
&amp#27;[38;5;173m[Xcode]&amp#27;[0m Analyze /Users/oikhlas/.appium/node_modules/appium-xcuitest-driver/node_modules/appium-webdriveragent/WebDriverAgentLib/Utilities/FBImageProcessor.m normal x86_64 (in target 'WebDriverAgentLib' from project 'WebDriverAgent')
&amp#27;[38;5;173m[Xcode]&amp#27;[0m     cd /Users/oikhlas/.appium/node_modules/appium-xcuitest-driver/node_modules/appium-webdriveragent
&amp#27;[38;5;173m[Xcode]&amp#27;[0m     /Applications/Xcode.app/Contents/Developer/Toolchains/XcodeDefault.xctoolchain/usr/bin/clang -x objective-c -target x86_64-apple-ios16.0-simulator -fmessage-length\=0 -fdiagnostics-show-note-include-stack -fmacro-backtrace-limit\=0 -std\=gnu99 -fobjc-arc -fmodules -gmodules -fmodules-cache-path\=/Users/oikhlas/Library/Developer/Xcode/DerivedData/WebDriverAgent-bcmeffsllcldukgyoimwiehwhvyz/ModuleCache.noindex -fmodules-prune-interval\=86400 -fmodules-prune-after\=345600 -fbuild-session-file\=/Users/oikhlas/Library/Developer/Xcode/DerivedData/WebDriverAgent-bcmeffsllcldukgyoimwiehwhvyz/ModuleCache.noindex/Session.modulevalidation -fmodules-validate-once-per-build-session -Wno-trigraphs -fpascal-strings -O0 -fno-common -Wmissing-field-initializers -Wno-missing-prototypes -Werror\=return-type -Wunreachable-code -Wquoted-include-in-framework-header -Wno-implicit-atomic-properties -Werror\=deprecated-objc-isa-usage -Wno-objc-interface-ivars -Werror\=objc-root-class -Warc-repeated-use-of-weak -Wno-arc-maybe-repeated-use-of-weak -Wimplicit-retain-self -Wduplicate-method-match -Wno-missing-braces -Wparentheses -Wswitch -Wunused-function -Wno-unused-label -Wunused-parameter -Wunused-variable -Wunused-value -Wempty-body -Wuninitialized -Wconditional-uninitialized -Wno-unknown-pragmas -pedantic -Wshadow -Wno-four-char-constants -Wconversion -Wconstant-conversion -Wint-conversion -Wbool-conversion -Wenum-conversion -Wfloat-conversion -Wnon-literal-null-conversion -Wobjc-literal-conversion -Wassign-enum -Wsign-compare -Wshorten-64-to-32 -Wpointer-sign -Wno-newline-eof -Wno-selector -Wno-strict-selector-match -Wundeclared-selector -Wdeprecated-implementations -Wno-implicit-fallthrough -DDEBUG\=1 -DOBJC_OLD_DISPATCH_PROTOTYPES\=0 -isysroot /Applications/Xcode.app/Contents/Developer/Platforms/iPhoneSimulator.platform/Developer/SDKs/iPhoneSimulator16.0.sdk -fasm-blocks -fstrict-aliasing -Wprotocol -Wdeprecated-declarations -g -Wno-sign-conversion -Winfinite-recursion -Wcomma -Wblock-capture-autoreleasing -Wstrict-prototypes -Wno-semicolon-before-method-body -fobjc-abi-version\=2 -fobjc-legacy-dispatch -D__clang_analyzer__ -Xclang -analyzer-output\=plist-multi-file -Xclang -analyzer-config -Xclang path-diagnostics-alternate\=true -Xclang -analyzer-config -Xclang report-in-main-source-file\=true -Xclang -analyzer-checker -Xclang optin.osx.cocoa.localizability.NonLocalizedStringChecker -Xclang -analyzer-checker -Xclang security.insecureAPI.UncheckedReturn -Xclang -analyzer-checker -Xclang security.insecureAPI.getpw -Xclang -analyzer-checker -Xclang security.insecureAPI.gets -Xclang -analyzer-checker -Xclang security.insecureAPI.mkstemp -Xclang -analyzer-checker -Xclang security.insecureAPI.mktemp -Xclang -analyzer-disable-checker -Xclang security.insecureAPI.rand -Xclang -analyzer-disable-checker -Xclang security.insecureAPI.strcpy -Xclang -analyzer-checker -Xclang security.insecureAPI.vfork -iquote /Users/oikhlas/Library/Developer/Xcode/DerivedData/WebDriverAgent-bcmeffsllcldukgyoimwiehwhvyz/Build/Intermediates.noindex/WebDriverAgent.build/Debug-iphonesimulator/WebDriverAgentLib.build/WebDriverAgentLib-generated-files.hmap -I/Users/oikhlas/Library/Developer/Xcode/DerivedData/WebDriverAgent-bcmeffsllcldukgyoimwiehwhvyz/Build/Intermediates.noindex/WebDriverAgent.build/Debug-iphonesimulator/WebDriverAgentLib.build/WebDriverAgentLib-own-target-headers.hmap -I/Users/oikhlas/Library/Developer/Xcode/DerivedData/WebDriverAgent-bcmeffsllcldukgyoimwiehwhvyz/Build/Intermediates.noindex/WebDriverAgent.build/Debug-iphonesimulator/WebDriverAgentLib.build/WebDriverAgentLib-all-target-headers.hmap -iquote /Users/oikhlas/Library/Developer/Xcode/DerivedData/WebDriverAgent-bcmeffsllcldukgyoimwiehwhvyz/Build/Intermediates.noindex/WebDriverAgent.build/Debug-iphonesimulator/WebDriverAgentLib.build/WebDriverAgentLib-project-headers.hmap -I/Users/oikhlas/Library/Developer/Xcode/DerivedData/WebDriverAgent-bcmeffsllcldukgyoimwiehwhvyz/Build/Products/Debug-iphonesimulator/include -I/Applications/Xcode.app/Contents/Developer/Platforms/iPhoneSimulator.platform/Developer/SDKs/iPhoneSimulator16.0.sdk/usr/include/libxml2 -I/Users/oikhlas/.appium/node_modules/appium-xcuitest-driver/node_modules/appium-webdriveragent/Modules -I/Users/oikhlas/Library/Developer/Xcode/DerivedData/WebDriverAgent-bcmeffsllcldukgyoimwiehwhvyz/Build/Intermediates.noindex/WebDriverAgent.build/Debug-iphonesimulator/WebDriverAgentLib.build/DerivedSources-normal/x86_64 -I/Users/oikhlas/Library/Developer/Xcode/DerivedData/WebDriverAgent-bcmeffsllcldukgyoimwiehwhvyz/Build/Intermediates.noindex/WebDriverAgent.build/Debug-iphonesimulator/WebDriverAgentLib.build/DerivedSources/x86_64 -I/Users/oikhlas/Library/Developer/Xcode/DerivedData/WebDriverAgent-bcmeffsllcldukgyoimwiehwhvyz/Build/Intermediates.noindex/WebDriverAgent.build/Debug-iphonesimulator/WebDriverAgentLib.build/DerivedSources -Weverything -Wno-objc-missing-property-synthesis -Wno-unused-macros -Wno-disabled-macro-expansion -Wno-gnu-statement-expression -Wno-language-extension-token -Wno-overriding-method-mismatch -Wno-missing-variable-declarations -Rno-module-build -Wno-auto-import -Wno-objc-interface-ivars -Wno-documentation-unknown-command -Wno-reserved-id-macro -Wno-unused-parameter -Wno-gnu-conditional-omitted-operand -Wno-explicit-ownership-type -Wno-date-time -Wno-cast-align -Wno-cstring-format-directive -Wno-double-promotion -Wno-partial-availability -Weverything -Wno-objc-missing-property-synthesis -Wno-unused-macros -Wno-disabled-macro-expansion -Wno-gnu-statement-expression -Wno-language-extension-token -Wno-overriding-method-mismatch -Wno-missing-variable-declarations -Rno-module-build -Wno-auto-import -Wno-objc-interface-ivars -Wno-documentation-unknown-command -Wno-reserved-id-macro -Wno-unused-parameter -Wno-gnu-conditional-omitted-operand -Wno-explicit-ownership-type -Wno-date-time -Wno-cast-align -Wno-cstring-format-directive -Wno-double-promotion -Wno-partial-availability -Wno-objc-messaging-id -Wno-direct-ivar-access -Wno-cast-qual -Wno-declaration-after-statement -F/Users/oikhlas/Library/Developer/Xcode/DerivedData/WebDriverAgent-bcmeffsllcldukgyoimwiehwhvyz/Build/Products/Debug-iphonesimulator -F/Applications/Xcode.app/Contents/Developer/Platforms/iPhoneSimulator.platform/Developer/Library/Frameworks -F/Applications/Xcode.app/Contents/Developer/Platforms/iPhoneSimulator.platform/Developer/Library/PrivateFrameworks -iframework /Applications/Xcode.app/Contents/Developer/Platforms/iPhoneSimulator.platform/Developer/SDKs/iPhoneSimulator16.0.sdk/Developer/Library/Frameworks -MMD -MT dependencies -MF /Users/oikhlas/Library/Developer/Xcode/DerivedData/WebDriverAgent-bcmeffsllcldukgyoimwiehwhvyz/Build/Intermediates.noindex/WebDriverAgent.build/Debug-iphonesimulator/WebDriverAgentLib.build/StaticAnalyzer/WebDriverAgent/WebDriverAgentLib/normal/x86_64/FBImageProcessor.d --analyze /Users/oikhlas/.appium/node_modules/appium-xcuitest-driver/node_modules/appium-webdriveragent/WebDriverAgentLib/Utilities/FBImageProcessor.m -o /Users/oikhlas/Library/Developer/Xcode/DerivedData/WebDriverAgent-bcmeffsllcldukgyoimwiehwhvyz/Build/Intermediates.noindex/WebDriverAgent.build/Debug-iphonesimulator/WebDriverAgentLib.build/StaticAnalyzer/WebDriverAgent/WebDriverAgentLib/normal/x86_64/FBImageProcessor.plist
&amp#27;[38;5;173m[Xcode]&amp#27;[0m 
&amp#27;[38;5;173m[Xcode]&amp#27;[0m 
&amp#27;[38;5;173m[Xcode]&amp#27;[0m Analyze /Users/oikhlas/.appium/node_modules/appium-xcuitest-driver/node_modules/appium-webdriveragent/WebDriverAgentLib/Utilities/FBFailureProofTestCase.m normal x86_64 (in target 'WebDriverAgentLib' from project 'WebDriverAgent')
&amp#27;[38;5;173m[Xcode]&amp#27;[0m     cd /Users/oikhlas/.appium/node_modules/appium-xcuitest-driver/node_modules/appium-webdriveragent
&amp#27;[38;5;173m[Xcode]&amp#27;[0m     /Applications/Xcode.app/Contents/Developer/Toolchains/XcodeDefault.xctoolchain/usr/bin/clang -x objective-c -target x86_64-apple-ios16.0-simulator -fmessage-length\=0 -fdiagnostics-show-note-include-stack -fmacro-backtrace-limit\=0 -std\=gnu99 -fobjc-arc -fmodules -gmodules -fmodules-cache-path\=/Users/oikhlas/Library/Developer/Xcode/DerivedData/WebDriverAgent-bcmeffsllcldukgyoimwiehwhvyz/ModuleCache.noindex -fmodules-prune-interval\=86400 -fmodules-prune-after\=345600 -fbuild-session-file\=/Users/oikhlas/Library/Developer/Xcode/DerivedData/WebDriverAgent-bcmeffsllcldukgyoimwiehwhvyz/ModuleCache.noindex/Session.modulevalidation -fmodules-validate-once-per-build-session -Wno-trigraphs -fpascal-strings -O0 -fno-common -Wmissing-field-initializers -Wno-missing-prototypes -Werror\=return-type -Wunreachable-code -Wquoted-include-in-framework-header -Wno-implicit-atomic-properties -Werror\=deprecated-objc-isa-usage -Wno-objc-interface-ivars -Werror\=objc-root-class -Warc-repeated-use-of-weak -Wno-arc-maybe-repeated-use-of-weak -Wimplicit-retain-self -Wduplicate-method-match -Wno-missing-braces -Wparentheses -Wswitch -Wunused-function -Wno-unused-label -Wunused-parameter -Wunused-variable -Wunused-value -Wempty-body -Wuninitialized -Wconditional-uninitialized -Wno-unknown-pragmas -pedantic -Wshadow -Wno-four-char-constants -Wconversion -Wconstant-conversion -Wint-conversion -Wbool-conversion -Wenum-conversion -Wfloat-conversion -Wnon-literal-null-conversion -Wobjc-literal-conversion -Wassign-enum -Wsign-compare -Wshorten-64-to-32 -Wpointer-sign -Wno-newline-eof -Wno-selector -Wno-strict-selector-match -Wundeclared-selector -Wdeprecated-implementations -Wno-implicit-fallthrough -DDEBUG\=1 -DOBJC_OLD_DISPATCH_PROTOTYPES\=0 -isysroot /Applications/Xcode.app/Contents/Developer/Platforms/iPhoneSimulator.platform/Developer/SDKs/iPhoneSimulator16.0.sdk -fasm-blocks -fstrict-aliasing -Wprotocol -Wdeprecated-declarations -g -Wno-sign-conversion -Winfinite-recursion -Wcomma -Wblock-capture-autoreleasing -Wstrict-prototypes -Wno-semicolon-before-method-body -fobjc-abi-version\=2 -fobjc-legacy-dispatch -D__clang_analyzer__ -Xclang -analyzer-output\=plist-multi-file -Xclang -analyzer-config -Xclang path-diagnostics-alternate\=true -Xclang -analyzer-config -Xclang report-in-main-source-file\=true -Xclang -analyzer-checker -Xclang optin.osx.cocoa.localizability.NonLocalizedStringChecker -Xclang -analyzer-checker -Xclang security.insecureAPI.UncheckedReturn -Xclang -analyzer-checker -Xclang security.insecureAPI.getpw -Xclang -analyzer-checker -Xclang security.insecureAPI.gets -Xclang -analyzer-checker -Xclang security.insecureAPI.mkstemp -Xclang -analyzer-checker -Xclang security.insecureAPI.mktemp -Xclang -analyzer-disable-checker -Xclang security.insecureAPI.rand -Xclang -analyzer-disable-checker -Xclang security.insecureAPI.strcpy -Xclang -analyzer-checker -Xclang security.insecureAPI.vfork -iquote /Users/oikhlas/Library/Developer/Xcode/DerivedData/WebDriverAgent-bcmeffsllcldukgyoimwiehwhvyz/Build/Intermediates.noindex/WebDriverAgent.build/Debug-iphonesimulator/WebDriverAgentLib.build/WebDriverAgentLib-generated-files.hmap -I/Users/oikhlas/Library/Developer/Xcode/DerivedData/WebDriverAgent-bcmeffsllcldukgyoimwiehwhvyz/Build/Intermediates.noindex/WebDriverAgent.build/Debug-iphonesimulator/WebDriverAgentLib.build/WebDriverAgentLib-own-target-headers.hmap -I/Users/oikhlas/Library/Developer/Xcode/DerivedData/WebDriverAgent-bcmeffsllcldukgyoimwiehwhvyz/Build/Intermediates.noindex/WebDriverAgent.build/Debug-iphonesimulator/WebDriverAgentLib.build/WebDriverAgentLib-all-target-headers.hmap -iquote /Users/oikhlas/Library/Developer/Xcode/DerivedData/WebDriverAgent-bcmeffsllcldukgyoimwiehwhvyz/Build/Intermediates.noindex/WebDriverAgent.build/Debug-iphonesimulator/WebDriverAgentLib.build/WebDriverAgentLib-project-headers.hmap -I/Users/oikhlas/Library/Developer/Xcode/DerivedData/WebDriverAgent-bcmeffsllcldukgyoimwiehwhvyz/Build/Products/Debug-iphonesimulator/include -I/Applications/Xcode.app/Contents/Developer/Platforms/iPhoneSimulator.platform/Developer/SDKs/iPhoneSimulator16.0.sdk/usr/include/libxml2 -I/Users/oikhlas/.appium/node_modules/appium-xcuitest-driver/node_modules/appium-webdriveragent/Modules -I/Users/oikhlas/Library/Developer/Xcode/DerivedData/WebDriverAgent-bcmeffsllcldukgyoimwiehwhvyz/Build/Intermediates.noindex/WebDriverAgent.build/Debug-iphonesimulator/WebDriverAgentLib.build/DerivedSources-normal/x86_64 -I/Users/oikhlas/Library/Developer/Xcode/DerivedData/WebDriverAgent-bcmeffsllcldukgyoimwiehwhvyz/Build/Intermediates.noindex/WebDriverAgent.build/Debug-iphonesimulator/WebDriverAgentLib.build/DerivedSources/x86_64 -I/Users/oikhlas/Library/Developer/Xcode/DerivedData/WebDriverAgent-bcmeffsllcldukgyoimwiehwhvyz/Build/Intermediates.noindex/WebDriverAgent.build/Debug-iphonesimulator/WebDriverAgentLib.build/DerivedSources -Weverything -Wno-objc-missing-property-synthesis -Wno-unused-macros -Wno-disabled-macro-expansion -Wno-gnu-statement-expression -Wno-language-extension-token -Wno-overriding-method-mismatch -Wno-missing-variable-declarations -Rno-module-build -Wno-auto-import -Wno-objc-interface-ivars -Wno-documentation-unknown-command -Wno-reserved-id-macro -Wno-unused-parameter -Wno-gnu-conditional-omitted-operand -Wno-explicit-ownership-type -Wno-date-time -Wno-cast-align -Wno-cstring-format-directive -Wno-double-promotion -Wno-partial-availability -Weverything -Wno-objc-missing-property-synthesis -Wno-unused-macros -Wno-disabled-macro-expansion -Wno-gnu-statement-expression -Wno-language-extension-token -Wno-overriding-method-mismatch -Wno-missing-variable-declarations -Rno-module-build -Wno-auto-import -Wno-objc-interface-ivars -Wno-documentation-unknown-command -Wno-reserved-id-macro -Wno-unused-parameter -Wno-gnu-conditional-omitted-operand -Wno-explicit-ownership-type -Wno-date-time -Wno-cast-align -Wno-cstring-format-directive -Wno-double-promotion -Wno-partial-availability -Wno-objc-messaging-id -Wno-direct-ivar-access -Wno-cast-qual -Wno-declaration-after-statement -F/Users/oikhlas/Library/Developer/Xcode/DerivedData/WebDriverAgent-bcmeffsllcldukgyoimwiehwhvyz/Build/Products/Debug-iphonesimulator -F/Applications/Xcode.app/Contents/Developer/Platforms/iPhoneSimulator.platform/Developer/Library/Frameworks -F/Applications/Xcode.app/Contents/Developer/Platforms/iPhoneSimulator.platform/Developer/Library/PrivateFrameworks -iframework /Applications/Xcode.app/Contents/Developer/Platforms/iPhoneSimulator.platform/Developer/SDKs/iPhoneSimulator16.0.sdk/Developer/Library/Frameworks -MMD -MT dependencies -MF /Users/oikhlas/Library/Developer/Xcode/DerivedData/WebDriverAgent-bcmeffsllcldukgyoimwiehwhvyz/Build/Intermediates.noindex/WebDriverAgent.build/Debug-iphonesimulator/WebDriverAgentLib.build/StaticAnalyzer/WebDriverAgent/WebDriverAgentLib/normal/x86_64/FBFailureProofTestCase.d --analyze /Users/oikhlas/.appium/node_modules/appium-xcuitest-driver/node_modules/appium-webdriveragent/WebDriverAgentLib/Utilities/FBFailureProofTestCase.m -o /Users/oikhlas/Library/Developer/Xcode/DerivedData/WebDriverAgent-bcmeffsllcldukgyoimwiehwhvyz/Build/Intermediates.noindex/WebDriverAgent.build/Debug-iphonesimulator/WebDriverAgentLib.build/StaticAnalyzer/WebDriverAgent/WebDriverAgentLib/normal/x86_64/FBFailureProofTestCase.plist
&amp#27;[38;5;173m[Xcode]&amp#27;[0m 
&amp#27;[38;5;173m[Xcode]&amp#27;[0m 
&amp#27;[38;5;173m[Xcode]&amp#27;[0m Analyze /Users/oikhlas/.appium/node_modules/appium-xcuitest-driver/node_modules/appium-webdriveragent/WebDriverAgentLib/Utilities/FBErrorBuilder.m normal x86_64 (in target 'WebDriverAgentLib' from project 'WebDriverAgent')
&amp#27;[38;5;173m[Xcode]&amp#27;[0m     cd /Users/oikhlas/.appium/node_modules/appium-xcuitest-driver/node_modules/appium-webdriveragent
&amp#27;[38;5;173m[Xcode]&amp#27;[0m     /Applications/Xcode.app/Contents/Developer/Toolchains/XcodeDefault.xctoolchain/usr/bin/clang -x objective-c -target x86_64-apple-ios16.0-simulator -fmessage-length\=0 -fdiagnostics-show-note-include-stack -fmacro-backtrace-limit\=0 -std\=gnu99 -fobjc-arc -fmodules -gmodules -fmodules-cache-path\=/Users/oikhlas/Library/Developer/Xcode/DerivedData/WebDriverAgent-bcmeffsllcldukgyoimwiehwhvyz/ModuleCache.noindex -fmodules-prune-interval\=86400 -fmodules-prune-after\=345600 -fbuild-session-file\=/Users/oikhlas/Library/Developer/Xcode/DerivedData/WebDriverAgent-bcmeffsllcldukgyoimwiehwhvyz/ModuleCache.noindex/Session.modulevalidation -fmodules-validate-once-per-build-session -Wno-trigraphs -fpascal-strings -O0 -fno-common -Wmissing-field-initializers -Wno-missing-prototypes -Werror\=return-type -Wunreachable-code -Wquoted-include-in-framework-header -Wno-implicit-atomic-properties -Werror\=deprecated-objc-isa-usage -Wno-objc-interface-ivars -Werror\=objc-root-class -Warc-repeated-use-of-weak -Wno-arc-maybe-repeated-use-of-weak -Wimplicit-retain-self -Wduplicate-method-match -Wno-missing-braces -Wparentheses -Wswitch -Wunused-function -Wno-unused-label -Wunused-parameter -Wunused-variable -Wunused-value -Wempty-body -Wuninitialized -Wconditional-uninitialized -Wno-unknown-pragmas -pedantic -Wshadow -Wno-four-char-constants -Wconversion -Wconstant-conversion -Wint-conversion -Wbool-conversion -Wenum-conversion -Wfloat-conversion -Wnon-literal-null-conversion -Wobjc-literal-conversion -Wassign-enum -Wsign-compare -Wshorten-64-to-32 -Wpointer-sign -Wno-newline-eof -Wno-selector -Wno-strict-selector-match -Wundeclared-selector -Wdeprecated-implementations -Wno-implicit-fallthrough -DDEBUG\=1 -DOBJC_OLD_DISPATCH_PROTOTYPES\=0 -isysroot /Applications/Xcode.app/Contents/Developer/Platforms/iPhoneSimulator.platform/Developer/SDKs/iPhoneSimulator16.0.sdk -fasm-blocks -fstrict-aliasing -Wprotocol -Wdeprecated-declarations -g -Wno-sign-conversion -Winfinite-recursion -Wcomma -Wblock-capture-autoreleasing -Wstrict-prototypes -Wno-semicolon-before-method-body -fobjc-abi-version\=2 -fobjc-legacy-dispatch -D__clang_analyzer__ -Xclang -analyzer-output\=plist-multi-file -Xclang -analyzer-config -Xclang path-diagnostics-alternate\=true -Xclang -analyzer-config -Xclang report-in-main-source-file\=true -Xclang -analyzer-checker -Xclang optin.osx.cocoa.localizability.NonLocalizedStringChecker -Xclang -analyzer-checker -Xclang security.insecureAPI.UncheckedReturn -Xclang -analyzer-checker -Xclang security.insecureAPI.getpw -Xclang -analyzer-checker -Xclang security.insecureAPI.gets -Xclang -analyzer-checker -Xclang security.insecureAPI.mkstemp -Xclang -analyzer-checker -Xclang security.insecureAPI.mktemp -Xclang -analyzer-disable-checker -Xclang security.insecureAPI.rand -Xclang -analyzer-disable-checker -Xclang security.insecureAPI.strcpy -Xclang -analyzer-checker -Xclang security.insecureAPI.vfork -iquote /Users/oikhlas/Library/Developer/Xcode/DerivedData/WebDriverAgent-bcmeffsllcldukgyoimwiehwhvyz/Build/Intermediates.noindex/WebDriverAgent.build/Debug-iphonesimulator/WebDriverAgentLib.build/WebDriverAgentLib-generated-files.hmap -I/Users/oikhlas/Library/Developer/Xcode/DerivedData/WebDriverAgent-bcmeffsllcldukgyoimwiehwhvyz/Build/Intermediates.noindex/WebDriverAgent.build/Debug-iphonesimulator/WebDriverAgentLib.build/WebDriverAgentLib-own-target-headers.hmap -I/Users/oikhlas/Library/Developer/Xcode/DerivedData/WebDriverAgent-bcmeffsllcldukgyoimwiehwhvyz/Build/Intermediates.noindex/WebDriverAgent.build/Debug-iphonesimulator/WebDriverAgentLib.build/WebDriverAgentLib-all-target-headers.hmap -iquote /Users/oikhlas/Library/Developer/Xcode/DerivedData/WebDriverAgent-bcmeffsllcldukgyoimwiehwhvyz/Build/Intermediates.noindex/WebDriverAgent.build/Debug-iphonesimulator/WebDriverAgentLib.build/WebDriverAgentLib-project-headers.hmap -I/Users/oikhlas/Library/Developer/Xcode/DerivedData/WebDriverAgent-bcmeffsllcldukgyoimwiehwhvyz/Build/Products/Debug-iphonesimulator/include -I/Applications/Xcode.app/Contents/Developer/Platforms/iPhoneSimulator.platform/Developer/SDKs/iPhoneSimulator16.0.sdk/usr/include/libxml2 -I/Users/oikhlas/.appium/node_modules/appium-xcuitest-driver/node_modules/appium-webdriveragent/Modules -I/Users/oikhlas/Library/Developer/Xcode/DerivedData/WebDriverAgent-bcmeffsllcldukgyoimwiehwhvyz/Build/Intermediates.noindex/WebDriverAgent.build/Debug-iphonesimulator/WebDriverAgentLib.build/DerivedSources-normal/x86_64 -I/Users/oikhlas/Library/Developer/Xcode/DerivedData/WebDriverAgent-bcmeffsllcldukgyoimwiehwhvyz/Build/Intermediates.noindex/WebDriverAgent.build/Debug-iphonesimulator/WebDriverAgentLib.build/DerivedSources/x86_64 -I/Users/oikhlas/Library/Developer/Xcode/DerivedData/WebDriverAgent-bcmeffsllcldukgyoimwiehwhvyz/Build/Intermediates.noindex/WebDriverAgent.build/Debug-iphonesimulator/WebDriverAgentLib.build/DerivedSources -Weverything -Wno-objc-missing-property-synthesis -Wno-unused-macros -Wno-disabled-macro-expansion -Wno-gnu-statement-expression -Wno-language-extension-token -Wno-overriding-method-mismatch -Wno-missing-variable-declarations -Rno-module-build -Wno-auto-import -Wno-objc-interface-ivars -Wno-documentation-unknown-command -Wno-reserved-id-macro -Wno-unused-parameter -Wno-gnu-conditional-omitted-operand -Wno-explicit-ownership-type -Wno-date-time -Wno-cast-align -Wno-cstring-format-directive -Wno-double-promotion -Wno-partial-availability -Weverything -Wno-objc-missing-property-synthesis -Wno-unused-macros -Wno-disabled-macro-expansion -Wno-gnu-statement-expression -Wno-language-extension-token -Wno-overriding-method-mismatch -Wno-missing-variable-declarations -Rno-module-build -Wno-auto-import -Wno-objc-interface-ivars -Wno-documentation-unknown-command -Wno-reserved-id-macro -Wno-unused-parameter -Wno-gnu-conditional-omitted-operand -Wno-explicit-ownership-type -Wno-date-time -Wno-cast-align -Wno-cstring-format-directive -Wno-double-promotion -Wno-partial-availability -Wno-objc-messaging-id -Wno-direct-ivar-access -Wno-cast-qual -Wno-declaration-after-statement -F/Users/oikhlas/Library/Developer/Xcode/DerivedData/WebDriverAgent-bcmeffsllcldukgyoimwiehwhvyz/Build/Products/Debug-iphonesimulator -F/Applications/Xcode.app/Contents/Developer/Platforms/iPhoneSimulator.platform/Developer/Library/Frameworks -F/Applications/Xcode.app/Contents/Developer/Platforms/iPhoneSimulator.platform/Developer/Library/PrivateFrameworks -iframework /Applications/Xcode.app/Contents/Developer/Platforms/iPhoneSimulator.platform/Developer/SDKs/iPhoneSimulator16.0.sdk/Developer/Library/Frameworks -MMD -MT dependencies -MF /Users/oikhlas/Library/Developer/Xcode/DerivedData/WebDriverAgent-bcmeffsllcldukgyoimwiehwhvyz/Build/Intermediates.noindex/WebDriverAgent.build/Debug-iphonesimulator/WebDriverAgentLib.build/StaticAnalyzer/WebDriverAgent/WebDriverAgentLib/normal/x86_64/FBErrorBuilder.d --analyze /Users/oikhlas/.appium/node_modules/appium-xcuitest-driver/node_modules/appium-webdriveragent/WebDriverAgentLib/Utilities/FBErrorBuilder.m -o /Users/oikhlas/Library/Developer/Xcode/DerivedData/WebDriverAgent-bcmeffsllcldukgyoimwiehwhvyz/Build/Intermediates.noindex/WebDriverAgent.build/Debug-iphonesimulator/WebDriverAgentLib.build/StaticAnalyzer/WebDriverAgent/WebDriverAgentLib/normal/x86_64/FBErrorBuilder.plist
&amp#27;[38;5;173m[Xcode]&amp#27;[0m 
&amp#27;[38;5;173m[Xcode]&amp#27;[0m 
&amp#27;[38;5;173m[Xcode]&amp#27;[0m Analyze /Users/oikhlas/.appium/node_modules/appium-xcuitest-driver/node_modules/appium-webdriveragent/WebDriverAgentLib/Utilities/FBElementTypeTransformer.m normal x86_64 (in target 'WebDriverAgentLib' from project 'WebDriverAgent')
&amp#27;[38;5;173m[Xcode]&amp#27;[0m     cd /Users/oikhlas/.appium/node_modules/appium-xcuitest-driver/node_modules/appium-webdriveragent
&amp#27;[38;5;173m[Xcode]&amp#27;[0m     /Applications/Xcode.app/Contents/Developer/Toolchains/XcodeDefault.xctoolchain/usr/bin/clang -x objective-c -target x86_64-apple-ios16.0-simulator -fmessage-length\=0 -fdiagnostics-show-note-include-stack -fmacro-backtrace-limit\=0 -std\=gnu99 -fobjc-arc -fmodules -gmodules -fmodules-cache-path\=/Users/oikhlas/Library/Developer/Xcode/DerivedData/WebDriverAgent-bcmeffsllcldukgyoimwiehwhvyz/ModuleCache.noindex -fmodules-prune-interval\=86400 -fmodules-prune-after\=345600 -fbuild-session-file\=/Users/oikhlas/Library/Developer/Xcode/DerivedData/WebDriverAgent-bcmeffsllcldukgyoimwiehwhvyz/ModuleCache.noindex/Session.modulevalidation -fmodules-validate-once-per-build-session -Wno-trigraphs -fpascal-strings -O0 -fno-common -Wmissing-field-initializers -Wno-missing-prototypes -Werror\=return-type -Wunreachable-code -Wquoted-include-in-framework-header -Wno-implicit-atomic-properties -Werror\=deprecated-objc-isa-usage -Wno-objc-interface-ivars -Werror\=objc-root-class -Warc-repeated-use-of-weak -Wno-arc-maybe-repeated-use-of-weak -Wimplicit-retain-self -Wduplicate-method-match -Wno-missing-braces -Wparentheses -Wswitch -Wunused-function -Wno-unused-label -Wunused-parameter -Wunused-variable -Wunused-value -Wempty-body -Wuninitialized -Wconditional-uninitialized -Wno-unknown-pragmas -pedantic -Wshadow -Wno-four-char-constants -Wconversion -Wconstant-conversion -Wint-conversion -Wbool-conversion -Wenum-conversion -Wfloat-conversion -Wnon-literal-null-conversion -Wobjc-literal-conversion -Wassign-enum -Wsign-compare -Wshorten-64-to-32 -Wpointer-sign -Wno-newline-eof -Wno-selector -Wno-strict-selector-match -Wundeclared-selector -Wdeprecated-implementations -Wno-implicit-fallthrough -DDEBUG\=1 -DOBJC_OLD_DISPATCH_PROTOTYPES\=0 -isysroot /Applications/Xcode.app/Contents/Developer/Platforms/iPhoneSimulator.platform/Developer/SDKs/iPhoneSimulator16.0.sdk -fasm-blocks -fstrict-aliasing -Wprotocol -Wdeprecated-declarations -g -Wno-sign-conversion -Winfinite-recursion -Wcomma -Wblock-capture-autoreleasing -Wstrict-prototypes -Wno-semicolon-before-method-body -fobjc-abi-version\=2 -fobjc-legacy-dispatch -D__clang_analyzer__ -Xclang -analyzer-output\=plist-multi-file -Xclang -analyzer-config -Xclang path-diagnostics-alternate\=true -Xclang -analyzer-config -Xclang report-in-main-source-file\=true -Xclang -analyzer-checker -Xclang optin.osx.cocoa.localizability.NonLocalizedStringChecker -Xclang -analyzer-checker -Xclang security.insecureAPI.UncheckedReturn -Xclang -analyzer-checker -Xclang security.insecureAPI.getpw -Xclang -analyzer-checker -Xclang security.insecureAPI.gets -Xclang -analyzer-checker -Xclang security.insecureAPI.mkstemp -Xclang -analyzer-checker -Xclang security.insecureAPI.mktemp -Xclang -analyzer-disable-checker -Xclang security.insecureAPI.rand -Xclang -analyzer-disable-checker -Xclang security.insecureAPI.strcpy -Xclang -analyzer-checker -Xclang security.insecureAPI.vfork -iquote /Users/oikhlas/Library/Developer/Xcode/DerivedData/WebDriverAgent-bcmeffsllcldukgyoimwiehwhvyz/Build/Intermediates.noindex/WebDriverAgent.build/Debug-iphonesimulator/WebDriverAgentLib.build/WebDriverAgentLib-generated-files.hmap -I/Users/oikhlas/Library/Developer/Xcode/DerivedData/WebDriverAgent-bcmeffsllcldukgyoimwiehwhvyz/Build/Intermediates.noindex/WebDriverAgent.build/Debug-iphonesimulator/WebDriverAgentLib.build/WebDriverAgentLib-own-target-headers.hmap -I/Users/oikhlas/Library/Developer/Xcode/DerivedData/WebDriverAgent-bcmeffsllcldukgyoimwiehwhvyz/Build/Intermediates.noindex/WebDriverAgent.build/Debug-iphonesimulator/WebDriverAgentLib.build/WebDriverAgentLib-all-target-headers.hmap -iquote /Users/oikhlas/Library/Developer/Xcode/DerivedData/WebDriverAgent-bcmeffsllcldukgyoimwiehwhvyz/Build/Intermediates.noindex/WebDriverAgent.build/Debug-iphonesimulator/WebDriverAgentLib.build/WebDriverAgentLib-project-headers.hmap -I/Users/oikhlas/Library/Developer/Xcode/DerivedData/WebDriverAgent-bcmeffsllcldukgyoimwiehwhvyz/Build/Products/Debug-iphonesimulator/include -I/Applications/Xcode.app/Contents/Developer/Platforms/iPhoneSimulator.platform/Developer/SDKs/iPhoneSimulator16.0.sdk/usr/include/libxml2 -I/Users/oikhlas/.appium/node_modules/appium-xcuitest-driver/node_modules/appium-webdriveragent/Modules -I/Users/oikhlas/Library/Developer/Xcode/DerivedData/WebDriverAgent-bcmeffsllcldukgyoimwiehwhvyz/Build/Intermediates.noindex/WebDriverAgent.build/Debug-iphonesimulator/WebDriverAgentLib.build/DerivedSources-normal/x86_64 -I/Users/oikhlas/Library/Developer/Xcode/DerivedData/WebDriverAgent-bcmeffsllcldukgyoimwiehwhvyz/Build/Intermediates.noindex/WebDriverAgent.build/Debug-iphonesimulator/WebDriverAgentLib.build/DerivedSources/x86_64 -I/Users/oikhlas/Library/Developer/Xcode/DerivedData/WebDriverAgent-bcmeffsllcldukgyoimwiehwhvyz/Build/Intermediates.noindex/WebDriverAgent.build/Debug-iphonesimulator/WebDriverAgentLib.build/DerivedSources -Weverything -Wno-objc-missing-property-synthesis -Wno-unused-macros -Wno-disabled-macro-expansion -Wno-gnu-statement-expression -Wno-language-extension-token -Wno-overriding-method-mismatch -Wno-missing-variable-declarations -Rno-module-build -Wno-auto-import -Wno-objc-interface-ivars -Wno-documentation-unknown-command -Wno-reserved-id-macro -Wno-unused-parameter -Wno-gnu-conditional-omitted-operand -Wno-explicit-ownership-type -Wno-date-time -Wno-cast-align -Wno-cstring-format-directive -Wno-double-promotion -Wno-partial-availability -Weverything -Wno-objc-missing-property-synthesis -Wno-unused-macros -Wno-disabled-macro-expansion -Wno-gnu-statement-expression -Wno-language-extension-token -Wno-overriding-method-mismatch -Wno-missing-variable-declarations -Rno-module-build -Wno-auto-import -Wno-objc-interface-ivars -Wno-documentation-unknown-command -Wno-reserved-id-macro -Wno-unused-parameter -Wno-gnu-conditional-omitted-operand -Wno-explicit-ownership-type -Wno-date-time -Wno-cast-align -Wno-cstring-format-directive -Wno-double-promotion -Wno-partial-availability -Wno-objc-messaging-id -Wno-direct-ivar-access -Wno-cast-qual -Wno-declaration-after-statement -F/Users/oikhlas/Library/Developer/Xcode/DerivedData/WebDriverAgent-bcmeffsllcldukgyoimwiehwhvyz/Build/Products/Debug-iphonesimulator -F/Applications/Xcode.app/Contents/Developer/Platforms/iPhoneSimulator.platform/Developer/Library/Frameworks -F/Applications/Xcode.app/Contents/Developer/Platforms/iPhoneSimulator.platform/Developer/Library/PrivateFrameworks -iframework /Applications/Xcode.app/Contents/Developer/Platforms/iPhoneSimulator.platform/Developer/SDKs/iPhoneSimulator16.0.sdk/Developer/Library/Frameworks -MMD -MT dependencies -MF /Users/oikhlas/Library/Developer/Xcode/DerivedData/WebDriverAgent-bcmeffsllcldukgyoimwiehwhvyz/Build/Intermediates.noindex/WebDriverAgent.build/Debug-iphonesimulator/WebDriverAgentLib.build/StaticAnalyzer/WebDriverAgent/WebDriverAgentLib/normal/x86_64/FBElementTypeTransformer.d --analyze /Users/oikhlas/.appium/node_modules/appium-xcuitest-driver/node_modules/appium-webdriveragent/WebDriverAgentLib/Utilities/FBElementTypeTransformer.m -o /Users/oikhlas/Library/Developer/Xcode/DerivedData/WebDriverAgent-bcmeffsllcldukgyoimwiehwhvyz/Build/Intermediates.noindex/WebDriverAgent.build/Debug-iphonesimulator/WebDriverAgentLib.build/StaticAnalyzer/WebDriverAgent/WebDriverAgentLib/normal/x86_64/FBElementTypeTransformer.plist
&amp#27;[38;5;173m[Xcode]&amp#27;[0m 
&amp#27;[38;5;173m[Xcode]&amp#27;[0m 
&amp#27;[38;5;173m[Xcode]&amp#27;[0m Analyze /Users/oikhlas/.appium/node_modules/appium-xcuitest-driver/node_modules/appium-webdriveragent/WebDriverAgentLib/Utilities/FBDebugLogDelegateDecorator.m normal x86_64 (in target 'WebDriverAgentLib' from project 'WebDriverAgent')
&amp#27;[38;5;173m[Xcode]&amp#27;[0m     cd /Users/oikhlas/.appium/node_modules/appium-xcuitest-driver/node_modules/appium-webdriveragent
&amp#27;[38;5;173m[Xcode]&amp#27;[0m     /Applications/Xcode.app/Contents/Developer/Toolchains/XcodeDefault.xctoolchain/usr/bin/clang -x objective-c -target x86_64-apple-ios16.0-simulator -fmessage-length\=0 -fdiagnostics-show-note-include-stack -fmacro-backtrace-limit\=0 -std\=gnu99 -fobjc-arc -fmodules -gmodules -fmodules-cache-path\=/Users/oikhlas/Library/Developer/Xcode/DerivedData/WebDriverAgent-bcmeffsllcldukgyoimwiehwhvyz/ModuleCache.noindex -fmodules-prune-interval\=86400 -fmodules-prune-after\=345600 -fbuild-session-file\=/Users/oikhlas/Library/Developer/Xcode/DerivedData/WebDriverAgent-bcmeffsllcldukgyoimwiehwhvyz/ModuleCache.noindex/Session.modulevalidation -fmodules-validate-once-per-build-session -Wno-trigraphs -fpascal-strings -O0 -fno-common -Wmissing-field-initializers -Wno-missing-prototypes -Werror\=return-type -Wunreachable-code -Wquoted-include-in-framework-header -Wno-implicit-atomic-properties -Werror\=deprecated-objc-isa-usage -Wno-objc-interface-ivars -Werror\=objc-root-class -Warc-repeated-use-of-weak -Wno-arc-maybe-repeated-use-of-weak -Wimplicit-retain-self -Wduplicate-method-match -Wno-missing-braces -Wparentheses -Wswitch -Wunused-function -Wno-unused-label -Wunused-parameter -Wunused-variable -Wunused-value -Wempty-body -Wuninitialized -Wconditional-uninitialized -Wno-unknown-pragmas -pedantic -Wshadow -Wno-four-char-constants -Wconversion -Wconstant-conversion -Wint-conversion -Wbool-conversion -Wenum-conversion -Wfloat-conversion -Wnon-literal-null-conversion -Wobjc-literal-conversion -Wassign-enum -Wsign-compare -Wshorten-64-to-32 -Wpointer-sign -Wno-newline-eof -Wno-selector -Wno-strict-selector-match -Wundeclared-selector -Wdeprecated-implementations -Wno-implicit-fallthrough -DDEBUG\=1 -DOBJC_OLD_DISPATCH_PROTOTYPES\=0 -isysroot /Applications/Xcode.app/Contents/Developer/Platforms/iPhoneSimulator.platform/Developer/SDKs/iPhoneSimulator16.0.sdk -fasm-blocks -fstrict-aliasing -Wprotocol -Wdeprecated-declarations -g -Wno-sign-conversion -Winfinite-recursion -Wcomma -Wblock-capture-autoreleasing -Wstrict-prototypes -Wno-semicolon-before-method-body -fobjc-abi-version\=2 -fobjc-legacy-dispatch -D__clang_analyzer__ -Xclang -analyzer-output\=plist-multi-file -Xclang -analyzer-config -Xclang path-diagnostics-alternate\=true -Xclang -analyzer-config -Xclang report-in-main-source-file\=true -Xclang -analyzer-checker -Xclang optin.osx.cocoa.localizability.NonLocalizedStringChecker -Xclang -analyzer-checker -Xclang security.insecureAPI.UncheckedReturn -Xclang -analyzer-checker -Xclang security.insecureAPI.getpw -Xclang -analyzer-checker -Xclang security.insecureAPI.gets -Xclang -analyzer-checker -Xclang security.insecureAPI.mkstemp -Xclang -analyzer-checker -Xclang security.insecureAPI.mktemp -Xclang -analyzer-disable-checker -Xclang security.insecureAPI.rand -Xclang -analyzer-disable-checker -Xclang security.insecureAPI.strcpy -Xclang -analyzer-checker -Xclang security.insecureAPI.vfork -iquote /Users/oikhlas/Library/Developer/Xcode/DerivedData/WebDriverAgent-bcmeffsllcldukgyoimwiehwhvyz/Build/Intermediates.noindex/WebDriverAgent.build/Debug-iphonesimulator/WebDriverAgentLib.build/WebDriverAgentLib-generated-files.hmap -I/Users/oikhlas/Library/Developer/Xcode/DerivedData/WebDriverAgent-bcmeffsllcldukgyoimwiehwhvyz/Build/Intermediates.noindex/WebDriverAgent.build/Debug-iphonesimulator/WebDriverAgentLib.build/WebDriverAgentLib-own-target-headers.hmap -I/Users/oikhlas/Library/Developer/Xcode/DerivedData/WebDriverAgent-bcmeffsllcldukgyoimwiehwhvyz/Build/Intermediates.noindex/WebDriverAgent.build/Debug-iphonesimulator/WebDriverAgentLib.build/WebDriverAgentLib-all-target-headers.hmap -iquote /Users/oikhlas/Library/Developer/Xcode/DerivedData/WebDriverAgent-bcmeffsllcldukgyoimwiehwhvyz/Build/Intermediates.noindex/WebDriverAgent.build/Debug-iphonesimulator/WebDriverAgentLib.build/WebDriverAgentLib-project-headers.hmap -I/Users/oikhlas/Library/Developer/Xcode/DerivedData/WebDriverAgent-bcmeffsllcldukgyoimwiehwhvyz/Build/Products/Debug-iphonesimulator/include -I/Applications/Xcode.app/Contents/Developer/Platforms/iPhoneSimulator.platform/Developer/SDKs/iPhoneSimulator16.0.sdk/usr/include/libxml2 -I/Users/oikhlas/.appium/node_modules/appium-xcuitest-driver/node_modules/appium-webdriveragent/Modules -I/Users/oikhlas/Library/Developer/Xcode/DerivedData/WebDriverAgent-bcmeffsllcldukgyoimwiehwhvyz/Build/Intermediates.noindex/WebDriverAgent.build/Debug-iphonesimulator/WebDriverAgentLib.build/DerivedSources-normal/x86_64 -I/Users/oikhlas/Library/Developer/Xcode/DerivedData/WebDriverAgent-bcmeffsllcldukgyoimwiehwhvyz/Build/Intermediates.noindex/WebDriverAgent.build/Debug-iphonesimulator/WebDriverAgentLib.build/DerivedSources/x86_64 -I/Users/oikhlas/Library/Developer/Xcode/DerivedData/WebDriverAgent-bcmeffsllcldukgyoimwiehwhvyz/Build/Intermediates.noindex/WebDriverAgent.build/Debug-iphonesimulator/WebDriverAgentLib.build/DerivedSources -Weverything -Wno-objc-missing-property-synthesis -Wno-unused-macros -Wno-disabled-macro-expansion -Wno-gnu-statement-expression -Wno-language-extension-token -Wno-overriding-method-mismatch -Wno-missing-variable-declarations -Rno-module-build -Wno-auto-import -Wno-objc-interface-ivars -Wno-documentation-unknown-command -Wno-reserved-id-macro -Wno-unused-parameter -Wno-gnu-conditional-omitted-operand -Wno-explicit-ownership-type -Wno-date-time -Wno-cast-align -Wno-cstring-format-directive -Wno-double-promotion -Wno-partial-availability -Weverything -Wno-objc-missing-property-synthesis -Wno-unused-macros -Wno-disabled-macro-expansion -Wno-gnu-statement-expression -Wno-language-extension-token -Wno-overriding-method-mismatch -Wno-missing-variable-declarations -Rno-module-build -Wno-auto-import -Wno-objc-interface-ivars -Wno-documentation-unknown-command -Wno-reserved-id-macro -Wno-unused-parameter -Wno-gnu-conditional-omitted-operand -Wno-explicit-ownership-type -Wno-date-time -Wno-cast-align -Wno-cstring-format-directive -Wno-double-promotion -Wno-partial-availability -Wno-objc-messaging-id -Wno-direct-ivar-access -Wno-cast-qual -Wno-declaration-after-statement -F/Users/oikhlas/Library/Developer/Xcode/DerivedData/WebDriverAgent-bcmeffsllcldukgyoimwiehwhvyz/Build/Products/Debug-iphonesimulator -F/Applications/Xcode.app/Contents/Developer/Platforms/iPhoneSimulator.platform/Developer/Library/Frameworks -F/Applications/Xcode.app/Contents/Developer/Platforms/iPhoneSimulator.platform/Developer/Library/PrivateFrameworks -iframework /Applications/Xcode.app/Contents/Developer/Platforms/iPhoneSimulator.platform/Developer/SDKs/iPhoneSimulator16.0.sdk/Developer/Library/Frameworks -MMD -MT dependencies -MF /Users/oikhlas/Library/Developer/Xcode/DerivedData/WebDriverAgent-bcmeffsllcldukgyoimwiehwhvyz/Build/Intermediates.noindex/WebDriverAgent.build/Debug-iphonesimulator/WebDriverAgentLib.build/StaticAnalyzer/WebDriverAgent/WebDriverAgentLib/normal/x86_64/FBDebugLogDelegateDecorator.d --analyze /Users/oikhlas/.appium/node_modules/appium-xcuitest-driver/node_modules/appium-webdriveragent/WebDriverAgentLib/Utilities/FBDebugLogDelegateDecorator.m -o /Users/oikhlas/Library/Developer/Xcode/DerivedData/WebDriverAgent-bcmeffsllcldukgyoimwiehwhvyz/Build/Intermediates.noindex/WebDriverAgent.build/Debug-iphonesimulator/WebDriverAgentLib.build/StaticAnalyzer/WebDriverAgent/WebDriverAgentLib/normal/x86_64/FBDebugLogDelegateDecorator.plist
&amp#27;[38;5;173m[Xcode]&amp#27;[0m 
&amp#27;[38;5;173m[Xcode]&amp#27;[0m 
&amp#27;[38;5;173m[Xcode]&amp#27;[0m Analyze /Users/oikhlas/.appium/node_modules/appium-xcuitest-driver/node_modules/appium-webdriveragent/WebDriverAgentLib/Utilities/FBConfiguration.m normal x86_64 (in target 'WebDriverAgentLib' from project 'WebDriverAgent')
&amp#27;[38;5;173m[Xcode]&amp#27;[0m     cd /Users/oikhlas/.appium/node_modules/appium-xcuitest-driver/node_modules/appium-webdriveragent
&amp#27;[38;5;173m[Xcode]&amp#27;[0m     /Applications/Xcode.app/Contents/Developer/Toolchains/XcodeDefault.xctoolchain/usr/bin/clang -x objective-c -target x86_64-apple-ios16.0-simulator -fmessage-length\=0 -fdiagnostics-show-note-include-stack -fmacro-backtrace-limit\=0 -std\=gnu99 -fobjc-arc -fmodules -gmodules -fmodules-cache-path\=/Users/oikhlas/Library/Developer/Xcode/DerivedData/WebDriverAgent-bcmeffsllcldukgyoimwiehwhvyz/ModuleCache.noindex -fmodules-prune-interval\=86400 -fmodules-prune-after\=345600 -fbuild-session-file\=/Users/oikhlas/Library/Developer/Xcode/DerivedData/WebDriverAgent-bcmeffsllcldukgyoimwiehwhvyz/ModuleCache.noindex/Session.modulevalidation -fmodules-validate-once-per-build-session -Wno-trigraphs -fpascal-strings -O0 -fno-common -Wmissing-field-initializers -Wno-missing-prototypes -Werror\=return-type -Wunreachable-code -Wquoted-include-in-framework-header -Wno-implicit-atomic-properties -Werror\=deprecated-objc-isa-usage -Wno-objc-interface-ivars -Werror\=objc-root-class -Warc-repeated-use-of-weak -Wno-arc-maybe-repeated-use-of-weak -Wimplicit-retain-self -Wduplicate-method-match -Wno-missing-braces -Wparentheses -Wswitch -Wunused-function -Wno-unused-label -Wunused-parameter -Wunused-variable -Wunused-value -Wempty-body -Wuninitialized -Wconditional-uninitialized -Wno-unknown-pragmas -pedantic -Wshadow -Wno-four-char-constants -Wconversion -Wconstant-conversion -Wint-conversion -Wbool-conversion -Wenum-conversion -Wfloat-conversion -Wnon-literal-null-conversion -Wobjc-literal-conversion -Wassign-enum -Wsign-compare -Wshorten-64-to-32 -Wpointer-sign -Wno-newline-eof -Wno-selector -Wno-strict-selector-match -Wundeclared-selector -Wdeprecated-implementations -Wno-implicit-fallthrough -DDEBUG\=1 -DOBJC_OLD_DISPATCH_PROTOTYPES\=0 -isysroot /Applications/Xcode.app/Contents/Developer/Platforms/iPhoneSimulator.platform/Developer/SDKs/iPhoneSimulator16.0.sdk -fasm-blocks -fstrict-aliasing -Wprotocol -Wdeprecated-declarations -g -Wno-sign-conversion -Winfinite-recursion -Wcomma -Wblock-capture-autoreleasing -Wstrict-prototypes -Wno-semicolon-before-method-body -fobjc-abi-version\=2 -fobjc-legacy-dispatch -D__clang_analyzer__ -Xclang -analyzer-output\=plist-multi-file -Xclang -analyzer-config -Xclang path-diagnostics-alternate\=true -Xclang -analyzer-config -Xclang report-in-main-source-file\=true -Xclang -analyzer-checker -Xclang optin.osx.cocoa.localizability.NonLocalizedStringChecker -Xclang -analyzer-checker -Xclang security.insecureAPI.UncheckedReturn -Xclang -analyzer-checker -Xclang security.insecureAPI.getpw -Xclang -analyzer-checker -Xclang security.insecureAPI.gets -Xclang -analyzer-checker -Xclang security.insecureAPI.mkstemp -Xclang -analyzer-checker -Xclang security.insecureAPI.mktemp -Xclang -analyzer-disable-checker -Xclang security.insecureAPI.rand -Xclang -analyzer-disable-checker -Xclang security.insecureAPI.strcpy -Xclang -analyzer-checker -Xclang security.insecureAPI.vfork -iquote /Users/oikhlas/Library/Developer/Xcode/DerivedData/WebDriverAgent-bcmeffsllcldukgyoimwiehwhvyz/Build/Intermediates.noindex/WebDriverAgent.build/Debug-iphonesimulator/WebDriverAgentLib.build/WebDriverAgentLib-generated-files.hmap -I/Users/oikhlas/Library/Developer/Xcode/DerivedData/WebDriverAgent-bcmeffsllcldukgyoimwiehwhvyz/Build/Intermediates.noindex/WebDriverAgent.build/Debug-iphonesimulator/WebDriverAgentLib.build/WebDriverAgentLib-own-target-headers.hmap -I/Users/oikhlas/Library/Developer/Xcode/DerivedData/WebDriverAgent-bcmeffsllcldukgyoimwiehwhvyz/Build/Intermediates.noindex/WebDriverAgent.build/Debug-iphonesimulator/WebDriverAgentLib.build/WebDriverAgentLib-all-target-headers.hmap -iquote /Users/oikhlas/Library/Developer/Xcode/DerivedData/WebDriverAgent-bcmeffsllcldukgyoimwiehwhvyz/Build/Intermediates.noindex/WebDriverAgent.build/Debug-iphonesimulator/WebDriverAgentLib.build/WebDriverAgentLib-project-headers.hmap -I/Users/oikhlas/Library/Developer/Xcode/DerivedData/WebDriverAgent-bcmeffsllcldukgyoimwiehwhvyz/Build/Products/Debug-iphonesimulator/include -I/Applications/Xcode.app/Contents/Developer/Platforms/iPhoneSimulator.platform/Developer/SDKs/iPhoneSimulator16.0.sdk/usr/include/libxml2 -I/Users/oikhlas/.appium/node_modules/appium-xcuitest-driver/node_modules/appium-webdriveragent/Modules -I/Users/oikhlas/Library/Developer/Xcode/DerivedData/WebDriverAgent-bcmeffsllcldukgyoimwiehwhvyz/Build/Intermediates.noindex/WebDriverAgent.build/Debug-iphonesimulator/WebDriverAgentLib.build/DerivedSources-normal/x86_64 -I/Users/oikhlas/Library/Developer/Xcode/DerivedData/WebDriverAgent-bcmeffsllcldukgyoimwiehwhvyz/Build/Intermediates.noindex/WebDriverAgent.build/Debug-iphonesimulator/WebDriverAgentLib.build/DerivedSources/x86_64 -I/Users/oikhlas/Library/Developer/Xcode/DerivedData/WebDriverAgent-bcmeffsllcldukgyoimwiehwhvyz/Build/Intermediates.noindex/WebDriverAgent.build/Debug-iphonesimulator/WebDriverAgentLib.build/DerivedSources -Weverything -Wno-objc-missing-property-synthesis -Wno-unused-macros -Wno-disabled-macro-expansion -Wno-gnu-statement-expression -Wno-language-extension-token -Wno-overriding-method-mismatch -Wno-missing-variable-declarations -Rno-module-build -Wno-auto-import -Wno-objc-interface-ivars -Wno-documentation-unknown-command -Wno-reserved-id-macro -Wno-unused-parameter -Wno-gnu-conditional-omitted-operand -Wno-explicit-ownership-type -Wno-date-time -Wno-cast-align -Wno-cstring-format-directive -Wno-double-promotion -Wno-partial-availability -Weverything -Wno-objc-missing-property-synthesis -Wno-unused-macros -Wno-disabled-macro-expansion -Wno-gnu-statement-expression -Wno-language-extension-token -Wno-overriding-method-mismatch -Wno-missing-variable-declarations -Rno-module-build -Wno-auto-import -Wno-objc-interface-ivars -Wno-documentation-unknown-command -Wno-reserved-id-macro -Wno-unused-parameter -Wno-gnu-conditional-omitted-operand -Wno-explicit-ownership-type -Wno-date-time -Wno-cast-align -Wno-cstring-format-directive -Wno-double-promotion -Wno-partial-availability -Wno-objc-messaging-id -Wno-direct-ivar-access -Wno-cast-qual -Wno-declaration-after-statement -F/Users/oikhlas/Library/Developer/Xcode/DerivedData/WebDriverAgent-bcmeffsllcldukgyoimwiehwhvyz/Build/Products/Debug-iphonesimulator -F/Applications/Xcode.app/Contents/Developer/Platforms/iPhoneSimulator.platform/Developer/Library/Frameworks -F/Applications/Xcode.app/Contents/Developer/Platforms/iPhoneSimulator.platform/Developer/Library/PrivateFrameworks -iframework /Applications/Xcode.app/Contents/Developer/Platforms/iPhoneSimulator.platform/Developer/SDKs/iPhoneSimulator16.0.sdk/Developer/Library/Frameworks -MMD -MT dependencies -MF /Users/oikhlas/Library/Developer/Xcode/DerivedData/WebDriverAgent-bcmeffsllcldukgyoimwiehwhvyz/Build/Intermediates.noindex/WebDriverAgent.build/Debug-iphonesimulator/WebDriverAgentLib.build/StaticAnalyzer/WebDriverAgent/WebDriverAgentLib/normal/x86_64/FBConfiguration.d --analyze /Users/oikhlas/.appium/node_modules/appium-xcuitest-driver/node_modules/appium-webdriveragent/WebDriverAgentLib/Utilities/FBConfiguration.m -o /Users/oikhlas/Library/Developer/Xcode/DerivedData/WebDriverAgent-bcmeffsllcldukgyoimwiehwhvyz/Build/Intermediates.noindex/WebDriverAgent.build/Debug-iphonesimulator/WebDriverAgentLib.build/StaticAnalyzer/WebDriverAgent/WebDriverAgentLib/normal/x86_64/FBConfiguration.plist
&amp#27;[38;5;173m[Xcode]&amp#27;[0m 
&amp#27;[38;5;173m[Xcode]&amp#27;[0m 
&amp#27;[38;5;173m[Xcode]&amp#27;[0m Analyze /Users/oikhlas/.appium/node_modules/appium-xcuitest-driver/node_modules/appium-webdriveragent/WebDriverAgentLib/Utilities/FBClassChainQueryParser.m normal x86_64 (in target 'WebDriverAgentLib' from project 'WebDriverAgent')
&amp#27;[38;5;173m[Xcode]&amp#27;[0m     cd /Users/oikhlas/.appium/node_modules/appium-xcuitest-driver/node_modules/appium-webdriveragent
&amp#27;[38;5;173m[Xcode]&amp#27;[0m     /Applications/Xcode.app/Contents/Developer/Toolchains/XcodeDefault.xctoolchain/usr/bin/clang -x objective-c -target x86_64-apple-ios16.0-simulator -fmessage-length\=0 -fdiagnostics-show-note-include-stack -fmacro-backtrace-limit\=0 -std\=gnu99 -fobjc-arc -fmodules -gmodules -fmodules-cache-path\=/Users/oikhlas/Library/Developer/Xcode/DerivedData/WebDriverAgent-bcmeffsllcldukgyoimwiehwhvyz/ModuleCache.noindex -fmodules-prune-interval\=86400 -fmodules-prune-after\=345600 -fbuild-session-file\=/Users/oikhlas/Library/Developer/Xcode/DerivedData/WebDriverAgent-bcmeffsllcldukgyoimwiehwhvyz/ModuleCache.noindex/Session.modulevalidation -fmodules-validate-once-per-build-session -Wno-trigraphs -fpascal-strings -O0 -fno-common -Wmissing-field-initializers -Wno-missing-prototypes -Werror\=return-type -Wunreachable-code -Wquoted-include-in-framework-header -Wno-implicit-atomic-properties -Werror\=deprecated-objc-isa-usage -Wno-objc-interface-ivars -Werror\=objc-root-class -Warc-repeated-use-of-weak -Wno-arc-maybe-repeated-use-of-weak -Wimplicit-retain-self -Wduplicate-method-match -Wno-missing-braces -Wparentheses -Wswitch -Wunused-function -Wno-unused-label -Wunused-parameter -Wunused-variable -Wunused-value -Wempty-body -Wuninitialized -Wconditional-uninitialized -Wno-unknown-pragmas -pedantic -Wshadow -Wno-four-char-constants -Wconversion -Wconstant-conversion -Wint-conversion -Wbool-conversion -Wenum-conversion -Wfloat-conversion -Wnon-literal-null-conversion -Wobjc-literal-conversion -Wassign-enum -Wsign-compare -Wshorten-64-to-32 -Wpointer-sign -Wno-newline-eof -Wno-selector -Wno-strict-selector-match -Wundeclared-selector -Wdeprecated-implementations -Wno-implicit-fallthrough -DDEBUG\=1 -DOBJC_OLD_DISPATCH_PROTOTYPES\=0 -isysroot /Applications/Xcode.app/Contents/Developer/Platforms/iPhoneSimulator.platform/Developer/SDKs/iPhoneSimulator16.0.sdk -fasm-blocks -fstrict-aliasing -Wprotocol -Wdeprecated-declarations -g -Wno-sign-conversion -Winfinite-recursion -Wcomma -Wblock-capture-autoreleasing -Wstrict-prototypes -Wno-semicolon-before-method-body -fobjc-abi-version\=2 -fobjc-legacy-dispatch -D__clang_analyzer__ -Xclang -analyzer-output\=plist-multi-file -Xclang -analyzer-config -Xclang path-diagnostics-alternate\=true -Xclang -analyzer-config -Xclang report-in-main-source-file\=true -Xclang -analyzer-checker -Xclang optin.osx.cocoa.localizability.NonLocalizedStringChecker -Xclang -analyzer-checker -Xclang security.insecureAPI.UncheckedReturn -Xclang -analyzer-checker -Xclang security.insecureAPI.getpw -Xclang -analyzer-checker -Xclang security.insecureAPI.gets -Xclang -analyzer-checker -Xclang security.insecureAPI.mkstemp -Xclang -analyzer-checker -Xclang security.insecureAPI.mktemp -Xclang -analyzer-disable-checker -Xclang security.insecureAPI.rand -Xclang -analyzer-disable-checker -Xclang security.insecureAPI.strcpy -Xclang -analyzer-checker -Xclang security.insecureAPI.vfork -iquote /Users/oikhlas/Library/Developer/Xcode/DerivedData/WebDriverAgent-bcmeffsllcldukgyoimwiehwhvyz/Build/Intermediates.noindex/WebDriverAgent.build/Debug-iphonesimulator/WebDriverAgentLib.build/WebDriverAgentLib-generated-files.hmap -I/Users/oikhlas/Library/Developer/Xcode/DerivedData/WebDriverAgent-bcmeffsllcldukgyoimwiehwhvyz/Build/Intermediates.noindex/WebDriverAgent.build/Debug-iphonesimulator/WebDriverAgentLib.build/WebDriverAgentLib-own-target-headers.hmap -I/Users/oikhlas/Library/Developer/Xcode/DerivedData/WebDriverAgent-bcmeffsllcldukgyoimwiehwhvyz/Build/Intermediates.noindex/WebDriverAgent.build/Debug-iphonesimulator/WebDriverAgentLib.build/WebDriverAgentLib-all-target-headers.hmap -iquote /Users/oikhlas/Library/Developer/Xcode/DerivedData/WebDriverAgent-bcmeffsllcldukgyoimwiehwhvyz/Build/Intermediates.noindex/WebDriverAgent.build/Debug-iphonesimulator/WebDriverAgentLib.build/WebDriverAgentLib-project-headers.hmap -I/Users/oikhlas/Library/Developer/Xcode/DerivedData/WebDriverAgent-bcmeffsllcldukgyoimwiehwhvyz/Build/Products/Debug-iphonesimulator/include -I/Applications/Xcode.app/Contents/Developer/Platforms/iPhoneSimulator.platform/Developer/SDKs/iPhoneSimulator16.0.sdk/usr/include/libxml2 -I/Users/oikhlas/.appium/node_modules/appium-xcuitest-driver/node_modules/appium-webdriveragent/Modules -I/Users/oikhlas/Library/Developer/Xcode/DerivedData/WebDriverAgent-bcmeffsllcldukgyoimwiehwhvyz/Build/Intermediates.noindex/WebDriverAgent.build/Debug-iphonesimulator/WebDriverAgentLib.build/DerivedSources-normal/x86_64 -I/Users/oikhlas/Library/Developer/Xcode/DerivedData/WebDriverAgent-bcmeffsllcldukgyoimwiehwhvyz/Build/Intermediates.noindex/WebDriverAgent.build/Debug-iphonesimulator/WebDriverAgentLib.build/DerivedSources/x86_64 -I/Users/oikhlas/Library/Developer/Xcode/DerivedData/WebDriverAgent-bcmeffsllcldukgyoimwiehwhvyz/Build/Intermediates.noindex/WebDriverAgent.build/Debug-iphonesimulator/WebDriverAgentLib.build/DerivedSources -Weverything -Wno-objc-missing-property-synthesis -Wno-unused-macros -Wno-disabled-macro-expansion -Wno-gnu-statement-expression -Wno-language-extension-token -Wno-overriding-method-mismatch -Wno-missing-variable-declarations -Rno-module-build -Wno-auto-import -Wno-objc-interface-ivars -Wno-documentation-unknown-command -Wno-reserved-id-macro -Wno-unused-parameter -Wno-gnu-conditional-omitted-operand -Wno-explicit-ownership-type -Wno-date-time -Wno-cast-align -Wno-cstring-format-directive -Wno-double-promotion -Wno-partial-availability -Weverything -Wno-objc-missing-property-synthesis -Wno-unused-macros -Wno-disabled-macro-expansion -Wno-gnu-statement-expression -Wno-language-extension-token -Wno-overriding-method-mismatch -Wno-missing-variable-declarations -Rno-module-build -Wno-auto-import -Wno-objc-interface-ivars -Wno-documentation-unknown-command -Wno-reserved-id-macro -Wno-unused-parameter -Wno-gnu-conditional-omitted-operand -Wno-explicit-ownership-type -Wno-date-time -Wno-cast-align -Wno-cstring-format-directive -Wno-double-promotion -Wno-partial-availability -Wno-objc-messaging-id -Wno-direct-ivar-access -Wno-cast-qual -Wno-declaration-after-statement -F/Users/oikhlas/Library/Developer/Xcode/DerivedData/WebDriverAgent-bcmeffsllcldukgyoimwiehwhvyz/Build/Products/Debug-iphonesimulator -F/Applications/Xcode.app/Contents/Developer/Platforms/iPhoneSimulator.platform/Developer/Library/Frameworks -F/Applications/Xcode.app/Contents/Developer/Platforms/iPhoneSimulator.platform/Developer/Library/PrivateFrameworks -iframework /Applications/Xcode.app/Contents/Developer/Platforms/iPhoneSimulator.platform/Developer/SDKs/iPhoneSimulator16.0.sdk/Developer/Library/Frameworks -MMD -MT dependencies -MF /Users/oikhlas/Library/Developer/Xcode/DerivedData/WebDriverAgent-bcmeffsllcldukgyoimwiehwhvyz/Build/Intermediates.noindex/WebDriverAgent.build/Debug-iphonesimulator/WebDriverAgentLib.build/StaticAnalyzer/WebDriverAgent/WebDriverAgentLib/normal/x86_64/FBClassChainQueryParser.d --analyze /Users/oikhlas/.appium/node_modules/appium-xcuitest-driver/node_modules/appium-webdriveragent/WebDriverAgentLib/Utilities/FBClassChainQueryParser.m -o /Users/oikhlas/Library/Developer/Xcode/DerivedData/WebDriverAgent-bcmeffsllcldukgyoimwiehwhvyz/Build/Intermediates.noindex/WebDriverAgent.build/Debug-iphonesimulator/WebDriverAgentLib.build/StaticAnalyzer/WebDriverAgent/WebDriverAgentLib/normal/x86_64/FBClassChainQueryParser.plist
&amp#27;[38;5;173m[Xcode]&amp#27;[0m 
&amp#27;[38;5;-42m[XCUITestDriver@9d32 (dbe4db21)]&amp#27;[0m Matched '/status' to command name 'getStatus'
&amp#27;[38;5;-42m[XCUITestDriver@9d32 (dbe4db21)]&amp#27;[0m Proxying [GET /status] to [GET http://127.0.0.1:8100/status] with no body
&amp#27;[38;5;-42m[XCUITestDriver@9d32 (dbe4db21)]&amp#27;[0m connect ECONNREFUSED 127.0.0.1:8100
&amp#27;[38;5;-42m[XCUITestDriver@9d32 (dbe4db21)]&amp#27;[0m Matched '/status' to command name 'getStatus'
&amp#27;[38;5;-42m[XCUITestDriver@9d32 (dbe4db21)]&amp#27;[0m Proxying [GET /status] to [GET http://127.0.0.1:8100/status] with no body
&amp#27;[38;5;-42m[XCUITestDriver@9d32 (dbe4db21)]&amp#27;[0m connect ECONNREFUSED 127.0.0.1:8100
&amp#27;[38;5;-42m[XCUITestDriver@9d32 (dbe4db21)]&amp#27;[0m Matched '/status' to command name 'getStatus'
&amp#27;[38;5;-42m[XCUITestDriver@9d32 (dbe4db21)]&amp#27;[0m Proxying [GET /status] to [GET http://127.0.0.1:8100/status] with no body
&amp#27;[38;5;-42m[XCUITestDriver@9d32 (dbe4db21)]&amp#27;[0m connect ECONNREFUSED 127.0.0.1:8100
&amp#27;[38;5;-42m[XCUITestDriver@9d32 (dbe4db21)]&amp#27;[0m Matched '/status' to command name 'getStatus'
&amp#27;[38;5;-42m[XCUITestDriver@9d32 (dbe4db21)]&amp#27;[0m Proxying [GET /status] to [GET http://127.0.0.1:8100/status] with no body
&amp#27;[38;5;-42m[XCUITestDriver@9d32 (dbe4db21)]&amp#27;[0m connect ECONNREFUSED 127.0.0.1:8100
&amp#27;[38;5;-42m[XCUITestDriver@9d32 (dbe4db21)]&amp#27;[0m Matched '/status' to command name 'getStatus'
&amp#27;[38;5;-42m[XCUITestDriver@9d32 (dbe4db21)]&amp#27;[0m Proxying [GET /status] to [GET http://127.0.0.1:8100/status] with no body
&amp#27;[38;5;-42m[XCUITestDriver@9d32 (dbe4db21)]&amp#27;[0m connect ECONNREFUSED 127.0.0.1:8100
&amp#27;[38;5;-42m[XCUITestDriver@9d32 (dbe4db21)]&amp#27;[0m Matched '/status' to command name 'getStatus'
&amp#27;[38;5;-42m[XCUITestDriver@9d32 (dbe4db21)]&amp#27;[0m Proxying [GET /status] to [GET http://127.0.0.1:8100/status] with no body
&amp#27;[38;5;-42m[XCUITestDriver@9d32 (dbe4db21)]&amp#27;[0m connect ECONNREFUSED 127.0.0.1:8100
&amp#27;[38;5;-42m[XCUITestDriver@9d32 (dbe4db21)]&amp#27;[0m Matched '/status' to command name 'getStatus'
&amp#27;[38;5;-42m[XCUITestDriver@9d32 (dbe4db21)]&amp#27;[0m Proxying [GET /status] to [GET http://127.0.0.1:8100/status] with no body
&amp#27;[38;5;-42m[XCUITestDriver@9d32 (dbe4db21)]&amp#27;[0m connect ECONNREFUSED 127.0.0.1:8100
&amp#27;[38;5;173m[Xcode]&amp#27;[0m 
&amp#27;[38;5;173m[Xcode]&amp#27;[0m Analyze /Users/oikhlas/.appium/node_modules/appium-xcuitest-driver/node_modules/appium-webdriveragent/WebDriverAgentLib/Utilities/FBCapabilities.m normal x86_64 (in target 'WebDriverAgentLib' from project 'WebDriverAgent')
&amp#27;[38;5;173m[Xcode]&amp#27;[0m     cd /Users/oikhlas/.appium/node_modules/appium-xcuitest-driver/node_modules/appium-webdriveragent
&amp#27;[38;5;173m[Xcode]&amp#27;[0m     /Applications/Xcode.app/Contents/Developer/Toolchains/XcodeDefault.xctoolchain/usr/bin/clang -x objective-c -target x86_64-apple-ios16.0-simulator -fmessage-length\=0 -fdiagnostics-show-note-include-stack -fmacro-backtrace-limit\=0 -std\=gnu99 -fobjc-arc -fmodules -gmodules -fmodules-cache-path\=/Users/oikhlas/Library/Developer/Xcode/DerivedData/WebDriverAgent-bcmeffsllcldukgyoimwiehwhvyz/ModuleCache.noindex -fmodules-prune-interval\=86400 -fmodules-prune-after\=345600 -fbuild-session-file\=/Users/oikhlas/Library/Developer/Xcode/DerivedData/WebDriverAgent-bcmeffsllcldukgyoimwiehwhvyz/ModuleCache.noindex/Session.modulevalidation -fmodules-validate-once-per-build-session -Wno-trigraphs -fpascal-strings -O0 -fno-common -Wmissing-field-initializers -Wno-missing-prototypes -Werror\=return-type -Wunreachable-code -Wquoted-include-in-framework-header -Wno-implicit-atomic-properties -Werror\=deprecated-objc-isa-usage -Wno-objc-interface-ivars -Werror\=objc-root-class -Warc-repeated-use-of-weak -Wno-arc-maybe-repeated-use-of-weak -Wimplicit-retain-self -Wduplicate-method-match -Wno-missing-braces -Wparentheses -Wswitch -Wunused-function -Wno-unused-label -Wunused-parameter -Wunused-variable -Wunused-value -Wempty-body -Wuninitialized -Wconditional-uninitialized -Wno-unknown-pragmas -pedantic -Wshadow -Wno-four-char-constants -Wconversion -Wconstant-conversion -Wint-conversion -Wbool-conversion -Wenum-conversion -Wfloat-conversion -Wnon-literal-null-conversion -Wobjc-literal-conversion -Wassign-enum -Wsign-compare -Wshorten-64-to-32 -Wpointer-sign -Wno-newline-eof -Wno-selector -Wno-strict-selector-match -Wundeclared-selector -Wdeprecated-implementations -Wno-implicit-fallthrough -DDEBUG\=1 -DOBJC_OLD_DISPATCH_PROTOTYPES\=0 -isysroot /Applications/Xcode.app/Contents/Developer/Platforms/iPhoneSimulator.platform/Developer/SDKs/iPhoneSimulator16.0.sdk -fasm-blocks -fstrict-aliasing -Wprotocol -Wdeprecated-declarations -g -Wno-sign-conversion -Winfinite-recursion -Wcomma -Wblock-capture-autoreleasing -Wstrict-prototypes -Wno-semicolon-before-method-body -fobjc-abi-version\=2 -fobjc-legacy-dispatch -D__clang_analyzer__ -Xclang -analyzer-output\=plist-multi-file -Xclang -analyzer-config -Xclang path-diagnostics-alternate\=true -Xclang -analyzer-config -Xclang report-in-main-source-file\=true -Xclang -analyzer-checker -Xclang optin.osx.cocoa.localizability.NonLocalizedStringChecker -Xclang -analyzer-checker -Xclang security.insecureAPI.UncheckedReturn -Xclang -analyzer-checker -Xclang security.insecureAPI.getpw -Xclang -analyzer-checker -Xclang security.insecureAPI.gets -Xclang -analyzer-checker -Xclang security.insecureAPI.mkstemp -Xclang -analyzer-checker -Xclang security.insecureAPI.mktemp -Xclang -analyzer-disable-checker -Xclang security.insecureAPI.rand -Xclang -analyzer-disable-checker -Xclang security.insecureAPI.strcpy -Xclang -analyzer-checker -Xclang security.insecureAPI.vfork -iquote /Users/oikhlas/Library/Developer/Xcode/DerivedData/WebDriverAgent-bcmeffsllcldukgyoimwiehwhvyz/Build/Intermediates.noindex/WebDriverAgent.build/Debug-iphonesimulator/WebDriverAgentLib.build/WebDriverAgentLib-generated-files.hmap -I/Users/oikhlas/Library/Developer/Xcode/DerivedData/WebDriverAgent-bcmeffsllcldukgyoimwiehwhvyz/Build/Intermediates.noindex/WebDriverAgent.build/Debug-iphonesimulator/WebDriverAgentLib.build/WebDriverAgentLib-own-target-headers.hmap -I/Users/oikhlas/Library/Developer/Xcode/DerivedData/WebDriverAgent-bcmeffsllcldukgyoimwiehwhvyz/Build/Intermediates.noindex/WebDriverAgent.build/Debug-iphonesimulator/WebDriverAgentLib.build/WebDriverAgentLib-all-target-headers.hmap -iquote /Users/oikhlas/Library/Developer/Xcode/DerivedData/WebDriverAgent-bcmeffsllcldukgyoimwiehwhvyz/Build/Intermediates.noindex/WebDriverAgent.build/Debug-iphonesimulator/WebDriverAgentLib.build/WebDriverAgentLib-project-headers.hmap -I/Users/oikhlas/Library/Developer/Xcode/DerivedData/WebDriverAgent-bcmeffsllcldukgyoimwiehwhvyz/Build/Products/Debug-iphonesimulator/include -I/Applications/Xcode.app/Contents/Developer/Platforms/iPhoneSimulator.platform/Developer/SDKs/iPhoneSimulator16.0.sdk/usr/include/libxml2 -I/Users/oikhlas/.appium/node_modules/appium-xcuitest-driver/node_modules/appium-webdriveragent/Modules -I/Users/oikhlas/Library/Developer/Xcode/DerivedData/WebDriverAgent-bcmeffsllcldukgyoimwiehwhvyz/Build/Intermediates.noindex/WebDriverAgent.build/Debug-iphonesimulator/WebDriverAgentLib.build/DerivedSources-normal/x86_64 -I/Users/oikhlas/Library/Developer/Xcode/DerivedData/WebDriverAgent-bcmeffsllcldukgyoimwiehwhvyz/Build/Intermediates.noindex/WebDriverAgent.build/Debug-iphonesimulator/WebDriverAgentLib.build/DerivedSources/x86_64 -I/Users/oikhlas/Library/Developer/Xcode/DerivedData/WebDriverAgent-bcmeffsllcldukgyoimwiehwhvyz/Build/Intermediates.noindex/WebDriverAgent.build/Debug-iphonesimulator/WebDriverAgentLib.build/DerivedSources -Weverything -Wno-objc-missing-property-synthesis -Wno-unused-macros -Wno-disabled-macro-expansion -Wno-gnu-statement-expression -Wno-language-extension-token -Wno-overriding-method-mismatch -Wno-missing-variable-declarations -Rno-module-build -Wno-auto-import -Wno-objc-interface-ivars -Wno-documentation-unknown-command -Wno-reserved-id-macro -Wno-unused-parameter -Wno-gnu-conditional-omitted-operand -Wno-explicit-ownership-type -Wno-date-time -Wno-cast-align -Wno-cstring-format-directive -Wno-double-promotion -Wno-partial-availability -Weverything -Wno-objc-missing-property-synthesis -Wno-unused-macros -Wno-disabled-macro-expansion -Wno-gnu-statement-expression -Wno-language-extension-token -Wno-overriding-method-mismatch -Wno-missing-variable-declarations -Rno-module-build -Wno-auto-import -Wno-objc-interface-ivars -Wno-documentation-unknown-command -Wno-reserved-id-macro -Wno-unused-parameter -Wno-gnu-conditional-omitted-operand -Wno-explicit-ownership-type -Wno-date-time -Wno-cast-align -Wno-cstring-format-directive -Wno-double-promotion -Wno-partial-availability -Wno-objc-messaging-id -Wno-direct-ivar-access -Wno-cast-qual -Wno-declaration-after-statement -F/Users/oikhlas/Library/Developer/Xcode/DerivedData/WebDriverAgent-bcmeffsllcldukgyoimwiehwhvyz/Build/Products/Debug-iphonesimulator -F/Applications/Xcode.app/Contents/Developer/Platforms/iPhoneSimulator.platform/Developer/Library/Frameworks -F/Applications/Xcode.app/Contents/Developer/Platforms/iPhoneSimulator.platform/Developer/Library/PrivateFrameworks -iframework /Applications/Xcode.app/Contents/Developer/Platforms/iPhoneSimulator.platform/Developer/SDKs/iPhoneSimulator16.0.sdk/Developer/Library/Frameworks -MMD -MT dependencies -MF /Users/oikhlas/Library/Developer/Xcode/DerivedData/WebDriverAgent-bcmeffsllcldukgyoimwiehwhvyz/Build/Intermediates.noindex/WebDriverAgent.build/Debug-iphonesimulator/WebDriverAgentLib.build/StaticAnalyzer/WebDriverAgent/WebDriverAgentLib/normal/x86_64/FBCapabilities.d --analyze /Users/oikhlas/.appium/node_modules/appium-xcuitest-driver/node_modules/appium-webdriveragent/WebDriverAgentLib/Utilities/FBCapabilities.m -o /Users/oikhlas/Library/Developer/Xcode/DerivedData/WebDriverAgent-bcmeffsllcldukgyoimwiehwhvyz/Build/Intermediates.noindex/WebDriverAgent.build/Debug-iphonesimulator/WebDriverAgentLib.build/StaticAnalyzer/WebDriverAgent/WebDriverAgentLib/normal/x86_64/FBCapabilities.plist
&amp#27;[38;5;173m[Xcode]&amp#27;[0m 
&amp#27;[38;5;173m[Xcode]&amp#27;[0m 
&amp#27;[38;5;173m[Xcode]&amp#27;[0m Analyze /Users/oikhlas/.appium/node_modules/appium-xcuitest-driver/node_modules/appium-webdriveragent/WebDriverAgentLib/Utilities/FBBaseActionsSynthesizer.m normal x86_64 (in target 'WebDriverAgentLib' from project 'WebDriverAgent')
&amp#27;[38;5;173m[Xcode]&amp#27;[0m     cd /Users/oikhlas/.appium/node_modules/appium-xcuitest-driver/node_modules/appium-webdriveragent
&amp#27;[38;5;173m[Xcode]&amp#27;[0m     /Applications/Xcode.app/Contents/Developer/Toolchains/XcodeDefault.xctoolchain/usr/bin/clang -x objective-c -target x86_64-apple-ios16.0-simulator -fmessage-length\=0 -fdiagnostics-show-note-include-stack -fmacro-backtrace-limit\=0 -std\=gnu99 -fobjc-arc -fmodules -gmodules -fmodules-cache-path\=/Users/oikhlas/Library/Developer/Xcode/DerivedData/WebDriverAgent-bcmeffsllcldukgyoimwiehwhvyz/ModuleCache.noindex -fmodules-prune-interval\=86400 -fmodules-prune-after\=345600 -fbuild-session-file\=/Users/oikhlas/Library/Developer/Xcode/DerivedData/WebDriverAgent-bcmeffsllcldukgyoimwiehwhvyz/ModuleCache.noindex/Session.modulevalidation -fmodules-validate-once-per-build-session -Wno-trigraphs -fpascal-strings -O0 -fno-common -Wmissing-field-initializers -Wno-missing-prototypes -Werror\=return-type -Wunreachable-code -Wquoted-include-in-framework-header -Wno-implicit-atomic-properties -Werror\=deprecated-objc-isa-usage -Wno-objc-interface-ivars -Werror\=objc-root-class -Warc-repeated-use-of-weak -Wno-arc-maybe-repeated-use-of-weak -Wimplicit-retain-self -Wduplicate-method-match -Wno-missing-braces -Wparentheses -Wswitch -Wunused-function -Wno-unused-label -Wunused-parameter -Wunused-variable -Wunused-value -Wempty-body -Wuninitialized -Wconditional-uninitialized -Wno-unknown-pragmas -pedantic -Wshadow -Wno-four-char-constants -Wconversion -Wconstant-conversion -Wint-conversion -Wbool-conversion -Wenum-conversion -Wfloat-conversion -Wnon-literal-null-conversion -Wobjc-literal-conversion -Wassign-enum -Wsign-compare -Wshorten-64-to-32 -Wpointer-sign -Wno-newline-eof -Wno-selector -Wno-strict-selector-match -Wundeclared-selector -Wdeprecated-implementations -Wno-implicit-fallthrough -DDEBUG\=1 -DOBJC_OLD_DISPATCH_PROTOTYPES\=0 -isysroot /Applications/Xcode.app/Contents/Developer/Platforms/iPhoneSimulator.platform/Developer/SDKs/iPhoneSimulator16.0.sdk -fasm-blocks -fstrict-aliasing -Wprotocol -Wdeprecated-declarations -g -Wno-sign-conversion -Winfinite-recursion -Wcomma -Wblock-capture-autoreleasing -Wstrict-prototypes -Wno-semicolon-before-method-body -fobjc-abi-version\=2 -fobjc-legacy-dispatch -D__clang_analyzer__ -Xclang -analyzer-output\=plist-multi-file -Xclang -analyzer-config -Xclang path-diagnostics-alternate\=true -Xclang -analyzer-config -Xclang report-in-main-source-file\=true -Xclang -analyzer-checker -Xclang optin.osx.cocoa.localizability.NonLocalizedStringChecker -Xclang -analyzer-checker -Xclang security.insecureAPI.UncheckedReturn -Xclang -analyzer-checker -Xclang security.insecureAPI.getpw -Xclang -analyzer-checker -Xclang security.insecureAPI.gets -Xclang -analyzer-checker -Xclang security.insecureAPI.mkstemp -Xclang -analyzer-checker -Xclang security.insecureAPI.mktemp -Xclang -analyzer-disable-checker -Xclang security.insecureAPI.rand -Xclang -analyzer-disable-checker -Xclang security.insecureAPI.strcpy -Xclang -analyzer-checker -Xclang security.insecureAPI.vfork -iquote /Users/oikhlas/Library/Developer/Xcode/DerivedData/WebDriverAgent-bcmeffsllcldukgyoimwiehwhvyz/Build/Intermediates.noindex/WebDriverAgent.build/Debug-iphonesimulator/WebDriverAgentLib.build/WebDriverAgentLib-generated-files.hmap -I/Users/oikhlas/Library/Developer/Xcode/DerivedData/WebDriverAgent-bcmeffsllcldukgyoimwiehwhvyz/Build/Intermediates.noindex/WebDriverAgent.build/Debug-iphonesimulator/WebDriverAgentLib.build/WebDriverAgentLib-own-target-headers.hmap -I/Users/oikhlas/Library/Developer/Xcode/DerivedData/WebDriverAgent-bcmeffsllcldukgyoimwiehwhvyz/Build/Intermediates.noindex/WebDriverAgent.build/Debug-iphonesimulator/WebDriverAgentLib.build/WebDriverAgentLib-all-target-headers.hmap -iquote /Users/oikhlas/Library/Developer/Xcode/DerivedData/WebDriverAgent-bcmeffsllcldukgyoimwiehwhvyz/Build/Intermediates.noindex/WebDriverAgent.build/Debug-iphonesimulator/WebDriverAgentLib.build/WebDriverAgentLib-project-headers.hmap -I/Users/oikhlas/Library/Developer/Xcode/DerivedData/WebDriverAgent-bcmeffsllcldukgyoimwiehwhvyz/Build/Products/Debug-iphonesimulator/include -I/Applications/Xcode.app/Contents/Developer/Platforms/iPhoneSimulator.platform/Developer/SDKs/iPhoneSimulator16.0.sdk/usr/include/libxml2 -I/Users/oikhlas/.appium/node_modules/appium-xcuitest-driver/node_modules/appium-webdriveragent/Modules -I/Users/oikhlas/Library/Developer/Xcode/DerivedData/WebDriverAgent-bcmeffsllcldukgyoimwiehwhvyz/Build/Intermediates.noindex/WebDriverAgent.build/Debug-iphonesimulator/WebDriverAgentLib.build/DerivedSources-normal/x86_64 -I/Users/oikhlas/Library/Developer/Xcode/DerivedData/WebDriverAgent-bcmeffsllcldukgyoimwiehwhvyz/Build/Intermediates.noindex/WebDriverAgent.build/Debug-iphonesimulator/WebDriverAgentLib.build/DerivedSources/x86_64 -I/Users/oikhlas/Library/Developer/Xcode/DerivedData/WebDriverAgent-bcmeffsllcldukgyoimwiehwhvyz/Build/Intermediates.noindex/WebDriverAgent.build/Debug-iphonesimulator/WebDriverAgentLib.build/DerivedSources -Weverything -Wno-objc-missing-property-synthesis -Wno-unused-macros -Wno-disabled-macro-expansion -Wno-gnu-statement-expression -Wno-language-extension-token -Wno-overriding-method-mismatch -Wno-missing-variable-declarations -Rno-module-build -Wno-auto-import -Wno-objc-interface-ivars -Wno-documentation-unknown-command -Wno-reserved-id-macro -Wno-unused-parameter -Wno-gnu-conditional-omitted-operand -Wno-explicit-ownership-type -Wno-date-time -Wno-cast-align -Wno-cstring-format-directive -Wno-double-promotion -Wno-partial-availability -Weverything -Wno-objc-missing-property-synthesis -Wno-unused-macros -Wno-disabled-macro-expansion -Wno-gnu-statement-expression -Wno-language-extension-token -Wno-overriding-method-mismatch -Wno-missing-variable-declarations -Rno-module-build -Wno-auto-import -Wno-objc-interface-ivars -Wno-documentation-unknown-command -Wno-reserved-id-macro -Wno-unused-parameter -Wno-gnu-conditional-omitted-operand -Wno-explicit-ownership-type -Wno-date-time -Wno-cast-align -Wno-cstring-format-directive -Wno-double-promotion -Wno-partial-availability -Wno-objc-messaging-id -Wno-direct-ivar-access -Wno-cast-qual -Wno-declaration-after-statement -F/Users/oikhlas/Library/Developer/Xcode/DerivedData/WebDriverAgent-bcmeffsllcldukgyoimwiehwhvyz/Build/Products/Debug-iphonesimulator -F/Applications/Xcode.app/Contents/Developer/Platforms/iPhoneSimulator.platform/Developer/Library/Frameworks -F/Applications/Xcode.app/Contents/Developer/Platforms/iPhoneSimulator.platform/Developer/Library/PrivateFrameworks -iframework /Applications/Xcode.app/Contents/Developer/Platforms/iPhoneSimulator.platform/Developer/SDKs/iPhoneSimulator16.0.sdk/Developer/Library/Frameworks -MMD -MT dependencies -MF /Users/oikhlas/Library/Developer/Xcode/DerivedData/WebDriverAgent-bcmeffsllcldukgyoimwiehwhvyz/Build/Intermediates.noindex/WebDriverAgent.build/Debug-iphonesimulator/WebDriverAgentLib.build/StaticAnalyzer/WebDriverAgent/WebDriverAgentLib/normal/x86_64/FBBaseActionsSynthesizer.d --analyze /Users/oikhlas/.appium/node_modules/appium-xcuitest-driver/node_modules/appium-webdriveragent/WebDriverAgentLib/Utilities/FBBaseActionsSynthesizer.m -o /Users/oikhlas/Library/Developer/Xcode/DerivedData/WebDriverAgent-bcmeffsllcldukgyoimwiehwhvyz/Build/Intermediates.noindex/WebDriverAgent.build/Debug-iphonesimulator/WebDriverAgentLib.build/StaticAnalyzer/WebDriverAgent/WebDriverAgentLib/normal/x86_64/FBBaseActionsSynthesizer.plist
&amp#27;[38;5;173m[Xcode]&amp#27;[0m 
&amp#27;[38;5;173m[Xcode]&amp#27;[0m 
&amp#27;[38;5;173m[Xcode]&amp#27;[0m Analyze /Users/oikhlas/.appium/node_modules/appium-xcuitest-driver/node_modules/appium-webdriveragent/WebDriverAgentLib/Utilities/FBAppiumActionsSynthesizer.m normal x86_64 (in target 'WebDriverAgentLib' from project 'WebDriverAgent')
&amp#27;[38;5;173m[Xcode]&amp#27;[0m     cd /Users/oikhlas/.appium/node_modules/appium-xcuitest-driver/node_modules/appium-webdriveragent
&amp#27;[38;5;173m[Xcode]&amp#27;[0m     /Applications/Xcode.app/Contents/Developer/Toolchains/XcodeDefault.xctoolchain/usr/bin/clang -x objective-c -target x86_64-apple-ios16.0-simulator -fmessage-length\=0 -fdiagnostics-show-note-include-stack -fmacro-backtrace-limit\=0 -std\=gnu99 -fobjc-arc -fmodules -gmodules -fmodules-cache-path\=/Users/oikhlas/Library/Developer/Xcode/DerivedData/WebDriverAgent-bcmeffsllcldukgyoimwiehwhvyz/ModuleCache.noindex -fmodules-prune-interval\=86400 -fmodules-prune-after\=345600 -fbuild-session-file\=/Users/oikhlas/Library/Developer/Xcode/DerivedData/WebDriverAgent-bcmeffsllcldukgyoimwiehwhvyz/ModuleCache.noindex/Session.modulevalidation -fmodules-validate-once-per-build-session -Wno-trigraphs -fpascal-strings -O0 -fno-common -Wmissing-field-initializers -Wno-missing-prototypes -Werror\=return-type -Wunreachable-code -Wquoted-include-in-framework-header -Wno-implicit-atomic-properties -Werror\=deprecated-objc-isa-usage -Wno-objc-interface-ivars -Werror\=objc-root-class -Warc-repeated-use-of-weak -Wno-arc-maybe-repeated-use-of-weak -Wimplicit-retain-self -Wduplicate-method-match -Wno-missing-braces -Wparentheses -Wswitch -Wunused-function -Wno-unused-label -Wunused-parameter -Wunused-variable -Wunused-value -Wempty-body -Wuninitialized -Wconditional-uninitialized -Wno-unknown-pragmas -pedantic -Wshadow -Wno-four-char-constants -Wconversion -Wconstant-conversion -Wint-conversion -Wbool-conversion -Wenum-conversion -Wfloat-conversion -Wnon-literal-null-conversion -Wobjc-literal-conversion -Wassign-enum -Wsign-compare -Wshorten-64-to-32 -Wpointer-sign -Wno-newline-eof -Wno-selector -Wno-strict-selector-match -Wundeclared-selector -Wdeprecated-implementations -Wno-implicit-fallthrough -DDEBUG\=1 -DOBJC_OLD_DISPATCH_PROTOTYPES\=0 -isysroot /Applications/Xcode.app/Contents/Developer/Platforms/iPhoneSimulator.platform/Developer/SDKs/iPhoneSimulator16.0.sdk -fasm-blocks -fstrict-aliasing -Wprotocol -Wdeprecated-declarations -g -Wno-sign-conversion -Winfinite-recursion -Wcomma -Wblock-capture-autoreleasing -Wstrict-prototypes -Wno-semicolon-before-method-body -fobjc-abi-version\=2 -fobjc-legacy-dispatch -D__clang_analyzer__ -Xclang -analyzer-output\=plist-multi-file -Xclang -analyzer-config -Xclang path-diagnostics-alternate\=true -Xclang -analyzer-config -Xclang report-in-main-source-file\=true -Xclang -analyzer-checker -Xclang optin.osx.cocoa.localizability.NonLocalizedStringChecker -Xclang -analyzer-checker -Xclang security.insecureAPI.UncheckedReturn -Xclang -analyzer-checker -Xclang security.insecureAPI.getpw -Xclang -analyzer-checker -Xclang security.insecureAPI.gets -Xclang -analyzer-checker -Xclang security.insecureAPI.mkstemp -Xclang -analyzer-checker -Xclang security.insecureAPI.mktemp -Xclang -analyzer-disable-checker -Xclang security.insecureAPI.rand -Xclang -analyzer-disable-checker -Xclang security.insecureAPI.strcpy -Xclang -analyzer-checker -Xclang security.insecureAPI.vfork -iquote /Users/oikhlas/Library/Developer/Xcode/DerivedData/WebDriverAgent-bcmeffsllcldukgyoimwiehwhvyz/Build/Intermediates.noindex/WebDriverAgent.build/Debug-iphonesimulator/WebDriverAgentLib.build/WebDriverAgentLib-generated-files.hmap -I/Users/oikhlas/Library/Developer/Xcode/DerivedData/WebDriverAgent-bcmeffsllcldukgyoimwiehwhvyz/Build/Intermediates.noindex/WebDriverAgent.build/Debug-iphonesimulator/WebDriverAgentLib.build/WebDriverAgentLib-own-target-headers.hmap -I/Users/oikhlas/Library/Developer/Xcode/DerivedData/WebDriverAgent-bcmeffsllcldukgyoimwiehwhvyz/Build/Intermediates.noindex/WebDriverAgent.build/Debug-iphonesimulator/WebDriverAgentLib.build/WebDriverAgentLib-all-target-headers.hmap -iquote /Users/oikhlas/Library/Developer/Xcode/DerivedData/WebDriverAgent-bcmeffsllcldukgyoimwiehwhvyz/Build/Intermediates.noindex/WebDriverAgent.build/Debug-iphonesimulator/WebDriverAgentLib.build/WebDriverAgentLib-project-headers.hmap -I/Users/oikhlas/Library/Developer/Xcode/DerivedData/WebDriverAgent-bcmeffsllcldukgyoimwiehwhvyz/Build/Products/Debug-iphonesimulator/include -I/Applications/Xcode.app/Contents/Developer/Platforms/iPhoneSimulator.platform/Developer/SDKs/iPhoneSimulator16.0.sdk/usr/include/libxml2 -I/Users/oikhlas/.appium/node_modules/appium-xcuitest-driver/node_modules/appium-webdriveragent/Modules -I/Users/oikhlas/Library/Developer/Xcode/DerivedData/WebDriverAgent-bcmeffsllcldukgyoimwiehwhvyz/Build/Intermediates.noindex/WebDriverAgent.build/Debug-iphonesimulator/WebDriverAgentLib.build/DerivedSources-normal/x86_64 -I/Users/oikhlas/Library/Developer/Xcode/DerivedData/WebDriverAgent-bcmeffsllcldukgyoimwiehwhvyz/Build/Intermediates.noindex/WebDriverAgent.build/Debug-iphonesimulator/WebDriverAgentLib.build/DerivedSources/x86_64 -I/Users/oikhlas/Library/Developer/Xcode/DerivedData/WebDriverAgent-bcmeffsllcldukgyoimwiehwhvyz/Build/Intermediates.noindex/WebDriverAgent.build/Debug-iphonesimulator/WebDriverAgentLib.build/DerivedSources -Weverything -Wno-objc-missing-property-synthesis -Wno-unused-macros -Wno-disabled-macro-expansion -Wno-gnu-statement-expression -Wno-language-extension-token -Wno-overriding-method-mismatch -Wno-missing-variable-declarations -Rno-module-build -Wno-auto-import -Wno-objc-interface-ivars -Wno-documentation-unknown-command -Wno-reserved-id-macro -Wno-unused-parameter -Wno-gnu-conditional-omitted-operand -Wno-explicit-ownership-type -Wno-date-time -Wno-cast-align -Wno-cstring-format-directive -Wno-double-promotion -Wno-partial-availability -Weverything -Wno-objc-missing-property-synthesis -Wno-unused-macros -Wno-disabled-macro-expansion -Wno-gnu-statement-expression -Wno-language-extension-token -Wno-overriding-method-mismatch -Wno-missing-variable-declarations -Rno-module-build -Wno-auto-import -Wno-objc-interface-ivars -Wno-documentation-unknown-command -Wno-reserved-id-macro -Wno-unused-parameter -Wno-gnu-conditional-omitted-operand -Wno-explicit-ownership-type -Wno-date-time -Wno-cast-align -Wno-cstring-format-directive -Wno-double-promotion -Wno-partial-availability -Wno-objc-messaging-id -Wno-direct-ivar-access -Wno-cast-qual -Wno-declaration-after-statement -F/Users/oikhlas/Library/Developer/Xcode/DerivedData/WebDriverAgent-bcmeffsllcldukgyoimwiehwhvyz/Build/Products/Debug-iphonesimulator -F/Applications/Xcode.app/Contents/Developer/Platforms/iPhoneSimulator.platform/Developer/Library/Frameworks -F/Applications/Xcode.app/Contents/Developer/Platforms/iPhoneSimulator.platform/Developer/Library/PrivateFrameworks -iframework /Applications/Xcode.app/Contents/Developer/Platforms/iPhoneSimulator.platform/Developer/SDKs/iPhoneSimulator16.0.sdk/Developer/Library/Frameworks -MMD -MT dependencies -MF /Users/oikhlas/Library/Developer/Xcode/DerivedData/WebDriverAgent-bcmeffsllcldukgyoimwiehwhvyz/Build/Intermediates.noindex/WebDriverAgent.build/Debug-iphonesimulator/WebDriverAgentLib.build/StaticAnalyzer/WebDriverAgent/WebDriverAgentLib/normal/x86_64/FBAppiumActionsSynthesizer.d --analyze /Users/oikhlas/.appium/node_modules/appium-xcuitest-driver/node_modules/appium-webdriveragent/WebDriverAgentLib/Utilities/FBAppiumActionsSynthesizer.m -o /Users/oikhlas/Library/Developer/Xcode/DerivedData/WebDriverAgent-bcmeffsllcldukgyoimwiehwhvyz/Build/Intermediates.noindex/WebDriverAgent.build/Debug-iphonesimulator/WebDriverAgentLib.build/StaticAnalyzer/WebDriverAgent/WebDriverAgentLib/normal/x86_64/FBAppiumActionsSynthesizer.plist
&amp#27;[38;5;173m[Xcode]&amp#27;[0m 
&amp#27;[38;5;173m[Xcode]&amp#27;[0m 
&amp#27;[38;5;173m[Xcode]&amp#27;[0m Analyze /Users/oikhlas/.appium/node_modules/appium-xcuitest-driver/node_modules/appium-webdriveragent/WebDriverAgentLib/Utilities/FBAlertsMonitor.m normal x86_64 (in target 'WebDriverAgentLib' from project 'WebDriverAgent')
&amp#27;[38;5;173m[Xcode]&amp#27;[0m     cd /Users/oikhlas/.appium/node_modules/appium-xcuitest-driver/node_modules/appium-webdriveragent
&amp#27;[38;5;173m[Xcode]&amp#27;[0m     /Applications/Xcode.app/Contents/Developer/Toolchains/XcodeDefault.xctoolchain/usr/bin/clang -x objective-c -target x86_64-apple-ios16.0-simulator -fmessage-length\=0 -fdiagnostics-show-note-include-stack -fmacro-backtrace-limit\=0 -std\=gnu99 -fobjc-arc -fmodules -gmodules -fmodules-cache-path\=/Users/oikhlas/Library/Developer/Xcode/DerivedData/WebDriverAgent-bcmeffsllcldukgyoimwiehwhvyz/ModuleCache.noindex -fmodules-prune-interval\=86400 -fmodules-prune-after\=345600 -fbuild-session-file\=/Users/oikhlas/Library/Developer/Xcode/DerivedData/WebDriverAgent-bcmeffsllcldukgyoimwiehwhvyz/ModuleCache.noindex/Session.modulevalidation -fmodules-validate-once-per-build-session -Wno-trigraphs -fpascal-strings -O0 -fno-common -Wmissing-field-initializers -Wno-missing-prototypes -Werror\=return-type -Wunreachable-code -Wquoted-include-in-framework-header -Wno-implicit-atomic-properties -Werror\=deprecated-objc-isa-usage -Wno-objc-interface-ivars -Werror\=objc-root-class -Warc-repeated-use-of-weak -Wno-arc-maybe-repeated-use-of-weak -Wimplicit-retain-self -Wduplicate-method-match -Wno-missing-braces -Wparentheses -Wswitch -Wunused-function -Wno-unused-label -Wunused-parameter -Wunused-variable -Wunused-value -Wempty-body -Wuninitialized -Wconditional-uninitialized -Wno-unknown-pragmas -pedantic -Wshadow -Wno-four-char-constants -Wconversion -Wconstant-conversion -Wint-conversion -Wbool-conversion -Wenum-conversion -Wfloat-conversion -Wnon-literal-null-conversion -Wobjc-literal-conversion -Wassign-enum -Wsign-compare -Wshorten-64-to-32 -Wpointer-sign -Wno-newline-eof -Wno-selector -Wno-strict-selector-match -Wundeclared-selector -Wdeprecated-implementations -Wno-implicit-fallthrough -DDEBUG\=1 -DOBJC_OLD_DISPATCH_PROTOTYPES\=0 -isysroot /Applications/Xcode.app/Contents/Developer/Platforms/iPhoneSimulator.platform/Developer/SDKs/iPhoneSimulator16.0.sdk -fasm-blocks -fstrict-aliasing -Wprotocol -Wdeprecated-declarations -g -Wno-sign-conversion -Winfinite-recursion -Wcomma -Wblock-capture-autoreleasing -Wstrict-prototypes -Wno-semicolon-before-method-body -fobjc-abi-version\=2 -fobjc-legacy-dispatch -D__clang_analyzer__ -Xclang -analyzer-output\=plist-multi-file -Xclang -analyzer-config -Xclang path-diagnostics-alternate\=true -Xclang -analyzer-config -Xclang report-in-main-source-file\=true -Xclang -analyzer-checker -Xclang optin.osx.cocoa.localizability.NonLocalizedStringChecker -Xclang -analyzer-checker -Xclang security.insecureAPI.UncheckedReturn -Xclang -analyzer-checker -Xclang security.insecureAPI.getpw -Xclang -analyzer-checker -Xclang security.insecureAPI.gets -Xclang -analyzer-checker -Xclang security.insecureAPI.mkstemp -Xclang -analyzer-checker -Xclang security.insecureAPI.mktemp -Xclang -analyzer-disable-checker -Xclang security.insecureAPI.rand -Xclang -analyzer-disable-checker -Xclang security.insecureAPI.strcpy -Xclang -analyzer-checker -Xclang security.insecureAPI.vfork -iquote /Users/oikhlas/Library/Developer/Xcode/DerivedData/WebDriverAgent-bcmeffsllcldukgyoimwiehwhvyz/Build/Intermediates.noindex/WebDriverAgent.build/Debug-iphonesimulator/WebDriverAgentLib.build/WebDriverAgentLib-generated-files.hmap -I/Users/oikhlas/Library/Developer/Xcode/DerivedData/WebDriverAgent-bcmeffsllcldukgyoimwiehwhvyz/Build/Intermediates.noindex/WebDriverAgent.build/Debug-iphonesimulator/WebDriverAgentLib.build/WebDriverAgentLib-own-target-headers.hmap -I/Users/oikhlas/Library/Developer/Xcode/DerivedData/WebDriverAgent-bcmeffsllcldukgyoimwiehwhvyz/Build/Intermediates.noindex/WebDriverAgent.build/Debug-iphonesimulator/WebDriverAgentLib.build/WebDriverAgentLib-all-target-headers.hmap -iquote /Users/oikhlas/Library/Developer/Xcode/DerivedData/WebDriverAgent-bcmeffsllcldukgyoimwiehwhvyz/Build/Intermediates.noindex/WebDriverAgent.build/Debug-iphonesimulator/WebDriverAgentLib.build/WebDriverAgentLib-project-headers.hmap -I/Users/oikhlas/Library/Developer/Xcode/DerivedData/WebDriverAgent-bcmeffsllcldukgyoimwiehwhvyz/Build/Products/Debug-iphonesimulator/include -I/Applications/Xcode.app/Contents/Developer/Platforms/iPhoneSimulator.platform/Developer/SDKs/iPhoneSimulator16.0.sdk/usr/include/libxml2 -I/Users/oikhlas/.appium/node_modules/appium-xcuitest-driver/node_modules/appium-webdriveragent/Modules -I/Users/oikhlas/Library/Developer/Xcode/DerivedData/WebDriverAgent-bcmeffsllcldukgyoimwiehwhvyz/Build/Intermediates.noindex/WebDriverAgent.build/Debug-iphonesimulator/WebDriverAgentLib.build/DerivedSources-normal/x86_64 -I/Users/oikhlas/Library/Developer/Xcode/DerivedData/WebDriverAgent-bcmeffsllcldukgyoimwiehwhvyz/Build/Intermediates.noindex/WebDriverAgent.build/Debug-iphonesimulator/WebDriverAgentLib.build/DerivedSources/x86_64 -I/Users/oikhlas/Library/Developer/Xcode/DerivedData/WebDriverAgent-bcmeffsllcldukgyoimwiehwhvyz/Build/Intermediates.noindex/WebDriverAgent.build/Debug-iphonesimulator/WebDriverAgentLib.build/DerivedSources -Weverything -Wno-objc-missing-property-synthesis -Wno-unused-macros -Wno-disabled-macro-expansion -Wno-gnu-statement-expression -Wno-language-extension-token -Wno-overriding-method-mismatch -Wno-missing-variable-declarations -Rno-module-build -Wno-auto-import -Wno-objc-interface-ivars -Wno-documentation-unknown-command -Wno-reserved-id-macro -Wno-unused-parameter -Wno-gnu-conditional-omitted-operand -Wno-explicit-ownership-type -Wno-date-time -Wno-cast-align -Wno-cstring-format-directive -Wno-double-promotion -Wno-partial-availability -Weverything -Wno-objc-missing-property-synthesis -Wno-unused-macros -Wno-disabled-macro-expansion -Wno-gnu-statement-expression -Wno-language-extension-token -Wno-overriding-method-mismatch -Wno-missing-variable-declarations -Rno-module-build -Wno-auto-import -Wno-objc-interface-ivars -Wno-documentation-unknown-command -Wno-reserved-id-macro -Wno-unused-parameter -Wno-gnu-conditional-omitted-operand -Wno-explicit-ownership-type -Wno-date-time -Wno-cast-align -Wno-cstring-format-directive -Wno-double-promotion -Wno-partial-availability -Wno-objc-messaging-id -Wno-direct-ivar-access -Wno-cast-qual -Wno-declaration-after-statement -F/Users/oikhlas/Library/Developer/Xcode/DerivedData/WebDriverAgent-bcmeffsllcldukgyoimwiehwhvyz/Build/Products/Debug-iphonesimulator -F/Applications/Xcode.app/Contents/Developer/Platforms/iPhoneSimulator.platform/Developer/Library/Frameworks -F/Applications/Xcode.app/Contents/Developer/Platforms/iPhoneSimulator.platform/Developer/Library/PrivateFrameworks -iframework /Applications/Xcode.app/Contents/Developer/Platforms/iPhoneSimulator.platform/Developer/SDKs/iPhoneSimulator16.0.sdk/Developer/Library/Frameworks -MMD -MT dependencies -MF /Users/oikhlas/Library/Developer/Xcode/DerivedData/WebDriverAgent-bcmeffsllcldukgyoimwiehwhvyz/Build/Intermediates.noindex/WebDriverAgent.build/Debug-iphonesimulator/WebDriverAgentLib.build/StaticAnalyzer/WebDriverAgent/WebDriverAgentLib/normal/x86_64/FBAlertsMonitor.d --analyze /Users/oikhlas/.appium/node_modules/appium-xcuitest-driver/node_modules/appium-webdriveragent/WebDriverAgentLib/Utilities/FBAlertsMonitor.m -o /Users/oikhlas/Library/Developer/Xcode/DerivedData/WebDriverAgent-bcmeffsllcldukgyoimwiehwhvyz/Build/Intermediates.noindex/WebDriverAgent.build/Debug-iphonesimulator/WebDriverAgentLib.build/StaticAnalyzer/WebDriverAgent/WebDriverAgentLib/normal/x86_64/FBAlertsMonitor.plist
&amp#27;[38;5;173m[Xcode]&amp#27;[0m 
&amp#27;[38;5;173m[Xcode]&amp#27;[0m 
&amp#27;[38;5;173m[Xcode]&amp#27;[0m Analyze /Users/oikhlas/.appium/node_modules/appium-xcuitest-driver/node_modules/appium-webdriveragent/WebDriverAgentLib/Utilities/FBActiveAppDetectionPoint.m normal x86_64 (in target 'WebDriverAgentLib' from project 'WebDriverAgent')
&amp#27;[38;5;173m[Xcode]&amp#27;[0m     cd /Users/oikhlas/.appium/node_modules/appium-xcuitest-driver/node_modules/appium-webdriveragent
&amp#27;[38;5;173m[Xcode]&amp#27;[0m     /Applications/Xcode.app/Contents/Developer/Toolchains/XcodeDefault.xctoolchain/usr/bin/clang -x objective-c -target x86_64-apple-ios16.0-simulator -fmessage-length\=0 -fdiagnostics-show-note-include-stack -fmacro-backtrace-limit\=0 -std\=gnu99 -fobjc-arc -fmodules -gmodules -fmodules-cache-path\=/Users/oikhlas/Library/Developer/Xcode/DerivedData/WebDriverAgent-bcmeffsllcldukgyoimwiehwhvyz/ModuleCache.noindex -fmodules-prune-interval\=86400 -fmodules-prune-after\=345600 -fbuild-session-file\=/Users/oikhlas/Library/Developer/Xcode/DerivedData/WebDriverAgent-bcmeffsllcldukgyoimwiehwhvyz/ModuleCache.noindex/Session.modulevalidation -fmodules-validate-once-per-build-session -Wno-trigraphs -fpascal-strings -O0 -fno-common -Wmissing-field-initializers -Wno-missing-prototypes -Werror\=return-type -Wunreachable-code -Wquoted-include-in-framework-header -Wno-implicit-atomic-properties -Werror\=deprecated-objc-isa-usage -Wno-objc-interface-ivars -Werror\=objc-root-class -Warc-repeated-use-of-weak -Wno-arc-maybe-repeated-use-of-weak -Wimplicit-retain-self -Wduplicate-method-match -Wno-missing-braces -Wparentheses -Wswitch -Wunused-function -Wno-unused-label -Wunused-parameter -Wunused-variable -Wunused-value -Wempty-body -Wuninitialized -Wconditional-uninitialized -Wno-unknown-pragmas -pedantic -Wshadow -Wno-four-char-constants -Wconversion -Wconstant-conversion -Wint-conversion -Wbool-conversion -Wenum-conversion -Wfloat-conversion -Wnon-literal-null-conversion -Wobjc-literal-conversion -Wassign-enum -Wsign-compare -Wshorten-64-to-32 -Wpointer-sign -Wno-newline-eof -Wno-selector -Wno-strict-selector-match -Wundeclared-selector -Wdeprecated-implementations -Wno-implicit-fallthrough -DDEBUG\=1 -DOBJC_OLD_DISPATCH_PROTOTYPES\=0 -isysroot /Applications/Xcode.app/Contents/Developer/Platforms/iPhoneSimulator.platform/Developer/SDKs/iPhoneSimulator16.0.sdk -fasm-blocks -fstrict-aliasing -Wprotocol -Wdeprecated-declarations -g -Wno-sign-conversion -Winfinite-recursion -Wcomma -Wblock-capture-autoreleasing -Wstrict-prototypes -Wno-semicolon-before-method-body -fobjc-abi-version\=2 -fobjc-legacy-dispatch -D__clang_analyzer__ -Xclang -analyzer-output\=plist-multi-file -Xclang -analyzer-config -Xclang path-diagnostics-alternate\=true -Xclang -analyzer-config -Xclang report-in-main-source-file\=true -Xclang -analyzer-checker -Xclang optin.osx.cocoa.localizability.NonLocalizedStringChecker -Xclang -analyzer-checker -Xclang security.insecureAPI.UncheckedReturn -Xclang -analyzer-checker -Xclang security.insecureAPI.getpw -Xclang -analyzer-checker -Xclang security.insecureAPI.gets -Xclang -analyzer-checker -Xclang security.insecureAPI.mkstemp -Xclang -analyzer-checker -Xclang security.insecureAPI.mktemp -Xclang -analyzer-disable-checker -Xclang security.insecureAPI.rand -Xclang -analyzer-disable-checker -Xclang security.insecureAPI.strcpy -Xclang -analyzer-checker -Xclang security.insecureAPI.vfork -iquote /Users/oikhlas/Library/Developer/Xcode/DerivedData/WebDriverAgent-bcmeffsllcldukgyoimwiehwhvyz/Build/Intermediates.noindex/WebDriverAgent.build/Debug-iphonesimulator/WebDriverAgentLib.build/WebDriverAgentLib-generated-files.hmap -I/Users/oikhlas/Library/Developer/Xcode/DerivedData/WebDriverAgent-bcmeffsllcldukgyoimwiehwhvyz/Build/Intermediates.noindex/WebDriverAgent.build/Debug-iphonesimulator/WebDriverAgentLib.build/WebDriverAgentLib-own-target-headers.hmap -I/Users/oikhlas/Library/Developer/Xcode/DerivedData/WebDriverAgent-bcmeffsllcldukgyoimwiehwhvyz/Build/Intermediates.noindex/WebDriverAgent.build/Debug-iphonesimulator/WebDriverAgentLib.build/WebDriverAgentLib-all-target-headers.hmap -iquote /Users/oikhlas/Library/Developer/Xcode/DerivedData/WebDriverAgent-bcmeffsllcldukgyoimwiehwhvyz/Build/Intermediates.noindex/WebDriverAgent.build/Debug-iphonesimulator/WebDriverAgentLib.build/WebDriverAgentLib-project-headers.hmap -I/Users/oikhlas/Library/Developer/Xcode/DerivedData/WebDriverAgent-bcmeffsllcldukgyoimwiehwhvyz/Build/Products/Debug-iphonesimulator/include -I/Applications/Xcode.app/Contents/Developer/Platforms/iPhoneSimulator.platform/Developer/SDKs/iPhoneSimulator16.0.sdk/usr/include/libxml2 -I/Users/oikhlas/.appium/node_modules/appium-xcuitest-driver/node_modules/appium-webdriveragent/Modules -I/Users/oikhlas/Library/Developer/Xcode/DerivedData/WebDriverAgent-bcmeffsllcldukgyoimwiehwhvyz/Build/Intermediates.noindex/WebDriverAgent.build/Debug-iphonesimulator/WebDriverAgentLib.build/DerivedSources-normal/x86_64 -I/Users/oikhlas/Library/Developer/Xcode/DerivedData/WebDriverAgent-bcmeffsllcldukgyoimwiehwhvyz/Build/Intermediates.noindex/WebDriverAgent.build/Debug-iphonesimulator/WebDriverAgentLib.build/DerivedSources/x86_64 -I/Users/oikhlas/Library/Developer/Xcode/DerivedData/WebDriverAgent-bcmeffsllcldukgyoimwiehwhvyz/Build/Intermediates.noindex/WebDriverAgent.build/Debug-iphonesimulator/WebDriverAgentLib.build/DerivedSources -Weverything -Wno-objc-missing-property-synthesis -Wno-unused-macros -Wno-disabled-macro-expansion -Wno-gnu-statement-expression -Wno-language-extension-token -Wno-overriding-method-mismatch -Wno-missing-variable-declarations -Rno-module-build -Wno-auto-import -Wno-objc-interface-ivars -Wno-documentation-unknown-command -Wno-reserved-id-macro -Wno-unused-parameter -Wno-gnu-conditional-omitted-operand -Wno-explicit-ownership-type -Wno-date-time -Wno-cast-align -Wno-cstring-format-directive -Wno-double-promotion -Wno-partial-availability -Weverything -Wno-objc-missing-property-synthesis -Wno-unused-macros -Wno-disabled-macro-expansion -Wno-gnu-statement-expression -Wno-language-extension-token -Wno-overriding-method-mismatch -Wno-missing-variable-declarations -Rno-module-build -Wno-auto-import -Wno-objc-interface-ivars -Wno-documentation-unknown-command -Wno-reserved-id-macro -Wno-unused-parameter -Wno-gnu-conditional-omitted-operand -Wno-explicit-ownership-type -Wno-date-time -Wno-cast-align -Wno-cstring-format-directive -Wno-double-promotion -Wno-partial-availability -Wno-objc-messaging-id -Wno-direct-ivar-access -Wno-cast-qual -Wno-declaration-after-statement -F/Users/oikhlas/Library/Developer/Xcode/DerivedData/WebDriverAgent-bcmeffsllcldukgyoimwiehwhvyz/Build/Products/Debug-iphonesimulator -F/Applications/Xcode.app/Contents/Developer/Platforms/iPhoneSimulator.platform/Developer/Library/Frameworks -F/Applications/Xcode.app/Contents/Developer/Platforms/iPhoneSimulator.platform/Developer/Library/PrivateFrameworks -iframework /Applications/Xcode.app/Contents/Developer/Platforms/iPhoneSimulator.platform/Developer/SDKs/iPhoneSimulator16.0.sdk/Developer/Library/Frameworks -MMD -MT dependencies -MF /Users/oikhlas/Library/Developer/Xcode/DerivedData/WebDriverAgent-bcmeffsllcldukgyoimwiehwhvyz/Build/Intermediates.noindex/WebDriverAgent.build/Debug-iphonesimulator/WebDriverAgentLib.build/StaticAnalyzer/WebDriverAgent/WebDriverAgentLib/normal/x86_64/FBActiveAppDetectionPoint.d --analyze /Users/oikhlas/.appium/node_modules/appium-xcuitest-driver/node_modules/appium-webdriveragent/WebDriverAgentLib/Utilities/FBActiveAppDetectionPoint.m -o /Users/oikhlas/Library/Developer/Xcode/DerivedData/WebDriverAgent-bcmeffsllcldukgyoimwiehwhvyz/Build/Intermediates.noindex/WebDriverAgent.build/Debug-iphonesimulator/WebDriverAgentLib.build/StaticAnalyzer/WebDriverAgent/WebDriverAgentLib/normal/x86_64/FBActiveAppDetectionPoint.plist
&amp#27;[38;5;173m[Xcode]&amp#27;[0m 
&amp#27;[38;5;173m[Xcode]&amp#27;[0m 
&amp#27;[38;5;173m[Xcode]&amp#27;[0m Analyze /Users/oikhlas/.appium/node_modules/appium-xcuitest-driver/node_modules/appium-webdriveragent/WebDriverAgentLib/Routing/FBXCElementSnapshotWrapper.m normal x86_64 (in target 'WebDriverAgentLib' from project 'WebDriverAgent')
&amp#27;[38;5;173m[Xcode]&amp#27;[0m     cd /Users/oikhlas/.appium/node_modules/appium-xcuitest-driver/node_modules/appium-webdriveragent
&amp#27;[38;5;173m[Xcode]&amp#27;[0m     /Applications/Xcode.app/Contents/Developer/Toolchains/XcodeDefault.xctoolchain/usr/bin/clang -x objective-c -target x86_64-apple-ios16.0-simulator -fmessage-length\=0 -fdiagnostics-show-note-include-stack -fmacro-backtrace-limit\=0 -std\=gnu99 -fobjc-arc -fmodules -gmodules -fmodules-cache-path\=/Users/oikhlas/Library/Developer/Xcode/DerivedData/WebDriverAgent-bcmeffsllcldukgyoimwiehwhvyz/ModuleCache.noindex -fmodules-prune-interval\=86400 -fmodules-prune-after\=345600 -fbuild-session-file\=/Users/oikhlas/Library/Developer/Xcode/DerivedData/WebDriverAgent-bcmeffsllcldukgyoimwiehwhvyz/ModuleCache.noindex/Session.modulevalidation -fmodules-validate-once-per-build-session -Wno-trigraphs -fpascal-strings -O0 -fno-common -Wmissing-field-initializers -Wno-missing-prototypes -Werror\=return-type -Wunreachable-code -Wquoted-include-in-framework-header -Wno-implicit-atomic-properties -Werror\=deprecated-objc-isa-usage -Wno-objc-interface-ivars -Werror\=objc-root-class -Warc-repeated-use-of-weak -Wno-arc-maybe-repeated-use-of-weak -Wimplicit-retain-self -Wduplicate-method-match -Wno-missing-braces -Wparentheses -Wswitch -Wunused-function -Wno-unused-label -Wunused-parameter -Wunused-variable -Wunused-value -Wempty-body -Wuninitialized -Wconditional-uninitialized -Wno-unknown-pragmas -pedantic -Wshadow -Wno-four-char-constants -Wconversion -Wconstant-conversion -Wint-conversion -Wbool-conversion -Wenum-conversion -Wfloat-conversion -Wnon-literal-null-conversion -Wobjc-literal-conversion -Wassign-enum -Wsign-compare -Wshorten-64-to-32 -Wpointer-sign -Wno-newline-eof -Wno-selector -Wno-strict-selector-match -Wundeclared-selector -Wdeprecated-implementations -Wno-implicit-fallthrough -DDEBUG\=1 -DOBJC_OLD_DISPATCH_PROTOTYPES\=0 -isysroot /Applications/Xcode.app/Contents/Developer/Platforms/iPhoneSimulator.platform/Developer/SDKs/iPhoneSimulator16.0.sdk -fasm-blocks -fstrict-aliasing -Wprotocol -Wdeprecated-declarations -g -Wno-sign-conversion -Winfinite-recursion -Wcomma -Wblock-capture-autoreleasing -Wstrict-prototypes -Wno-semicolon-before-method-body -fobjc-abi-version\=2 -fobjc-legacy-dispatch -D__clang_analyzer__ -Xclang -analyzer-output\=plist-multi-file -Xclang -analyzer-config -Xclang path-diagnostics-alternate\=true -Xclang -analyzer-config -Xclang report-in-main-source-file\=true -Xclang -analyzer-checker -Xclang optin.osx.cocoa.localizability.NonLocalizedStringChecker -Xclang -analyzer-checker -Xclang security.insecureAPI.UncheckedReturn -Xclang -analyzer-checker -Xclang security.insecureAPI.getpw -Xclang -analyzer-checker -Xclang security.insecureAPI.gets -Xclang -analyzer-checker -Xclang security.insecureAPI.mkstemp -Xclang -analyzer-checker -Xclang security.insecureAPI.mktemp -Xclang -analyzer-disable-checker -Xclang security.insecureAPI.rand -Xclang -analyzer-disable-checker -Xclang security.insecureAPI.strcpy -Xclang -analyzer-checker -Xclang security.insecureAPI.vfork -iquote /Users/oikhlas/Library/Developer/Xcode/DerivedData/WebDriverAgent-bcmeffsllcldukgyoimwiehwhvyz/Build/Intermediates.noindex/WebDriverAgent.build/Debug-iphonesimulator/WebDriverAgentLib.build/WebDriverAgentLib-generated-files.hmap -I/Users/oikhlas/Library/Developer/Xcode/DerivedData/WebDriverAgent-bcmeffsllcldukgyoimwiehwhvyz/Build/Intermediates.noindex/WebDriverAgent.build/Debug-iphonesimulator/WebDriverAgentLib.build/WebDriverAgentLib-own-target-headers.hmap -I/Users/oikhlas/Library/Developer/Xcode/DerivedData/WebDriverAgent-bcmeffsllcldukgyoimwiehwhvyz/Build/Intermediates.noindex/WebDriverAgent.build/Debug-iphonesimulator/WebDriverAgentLib.build/WebDriverAgentLib-all-target-headers.hmap -iquote /Users/oikhlas/Library/Developer/Xcode/DerivedData/WebDriverAgent-bcmeffsllcldukgyoimwiehwhvyz/Build/Intermediates.noindex/WebDriverAgent.build/Debug-iphonesimulator/WebDriverAgentLib.build/WebDriverAgentLib-project-headers.hmap -I/Users/oikhlas/Library/Developer/Xcode/DerivedData/WebDriverAgent-bcmeffsllcldukgyoimwiehwhvyz/Build/Products/Debug-iphonesimulator/include -I/Applications/Xcode.app/Contents/Developer/Platforms/iPhoneSimulator.platform/Developer/SDKs/iPhoneSimulator16.0.sdk/usr/include/libxml2 -I/Users/oikhlas/.appium/node_modules/appium-xcuitest-driver/node_modules/appium-webdriveragent/Modules -I/Users/oikhlas/Library/Developer/Xcode/DerivedData/WebDriverAgent-bcmeffsllcldukgyoimwiehwhvyz/Build/Intermediates.noindex/WebDriverAgent.build/Debug-iphonesimulator/WebDriverAgentLib.build/DerivedSources-normal/x86_64 -I/Users/oikhlas/Library/Developer/Xcode/DerivedData/WebDriverAgent-bcmeffsllcldukgyoimwiehwhvyz/Build/Intermediates.noindex/WebDriverAgent.build/Debug-iphonesimulator/WebDriverAgentLib.build/DerivedSources/x86_64 -I/Users/oikhlas/Library/Developer/Xcode/DerivedData/WebDriverAgent-bcmeffsllcldukgyoimwiehwhvyz/Build/Intermediates.noindex/WebDriverAgent.build/Debug-iphonesimulator/WebDriverAgentLib.build/DerivedSources -Weverything -Wno-objc-missing-property-synthesis -Wno-unused-macros -Wno-disabled-macro-expansion -Wno-gnu-statement-expression -Wno-language-extension-token -Wno-overriding-method-mismatch -Wno-missing-variable-declarations -Rno-module-build -Wno-auto-import -Wno-objc-interface-ivars -Wno-documentation-unknown-command -Wno-reserved-id-macro -Wno-unused-parameter -Wno-gnu-conditional-omitted-operand -Wno-explicit-ownership-type -Wno-date-time -Wno-cast-align -Wno-cstring-format-directive -Wno-double-promotion -Wno-partial-availability -Weverything -Wno-objc-missing-property-synthesis -Wno-unused-macros -Wno-disabled-macro-expansion -Wno-gnu-statement-expression -Wno-language-extension-token -Wno-overriding-method-mismatch -Wno-missing-variable-declarations -Rno-module-build -Wno-auto-import -Wno-objc-interface-ivars -Wno-documentation-unknown-command -Wno-reserved-id-macro -Wno-unused-parameter -Wno-gnu-conditional-omitted-operand -Wno-explicit-ownership-type -Wno-date-time -Wno-cast-align -Wno-cstring-format-directive -Wno-double-promotion -Wno-partial-availability -Wno-objc-messaging-id -Wno-direct-ivar-access -Wno-cast-qual -Wno-declaration-after-statement -F/Users/oikhlas/Library/Developer/Xcode/DerivedData/WebDriverAgent-bcmeffsllcldukgyoimwiehwhvyz/Build/Products/Debug-iphonesimulator -F/Applications/Xcode.app/Contents/Developer/Platforms/iPhoneSimulator.platform/Developer/Library/Frameworks -F/Applications/Xcode.app/Contents/Developer/Platforms/iPhoneSimulator.platform/Developer/Library/PrivateFrameworks -iframework /Applications/Xcode.app/Contents/Developer/Platforms/iPhoneSimulator.platform/Developer/SDKs/iPhoneSimulator16.0.sdk/Developer/Library/Frameworks -MMD -MT dependencies -MF /Users/oikhlas/Library/Developer/Xcode/DerivedData/WebDriverAgent-bcmeffsllcldukgyoimwiehwhvyz/Build/Intermediates.noindex/WebDriverAgent.build/Debug-iphonesimulator/WebDriverAgentLib.build/StaticAnalyzer/WebDriverAgent/WebDriverAgentLib/normal/x86_64/FBXCElementSnapshotWrapper.d --analyze /Users/oikhlas/.appium/node_modules/appium-xcuitest-driver/node_modules/appium-webdriveragent/WebDriverAgentLib/Routing/FBXCElementSnapshotWrapper.m -o /Users/oikhlas/Library/Developer/Xcode/DerivedData/WebDriverAgent-bcmeffsllcldukgyoimwiehwhvyz/Build/Intermediates.noindex/WebDriverAgent.build/Debug-iphonesimulator/WebDriverAgentLib.build/StaticAnalyzer/WebDriverAgent/WebDriverAgentLib/normal/x86_64/FBXCElementSnapshotWrapper.plist
&amp#27;[38;5;173m[Xcode]&amp#27;[0m 
&amp#27;[38;5;173m[Xcode]&amp#27;[0m 
&amp#27;[38;5;173m[Xcode]&amp#27;[0m Analyze /Users/oikhlas/.appium/node_modules/appium-xcuitest-driver/node_modules/appium-webdriveragent/WebDriverAgentLib/Routing/FBXCElementSnapshot.m normal x86_64 (in target 'WebDriverAgentLib' from project 'WebDriverAgent')
&amp#27;[38;5;173m[Xcode]&amp#27;[0m     cd /Users/oikhlas/.appium/node_modules/appium-xcuitest-driver/node_modules/appium-webdriveragent
&amp#27;[38;5;173m[Xcode]&amp#27;[0m     /Applications/Xcode.app/Contents/Developer/Toolchains/XcodeDefault.xctoolchain/usr/bin/clang -x objective-c -target x86_64-apple-ios16.0-simulator -fmessage-length\=0 -fdiagnostics-show-note-include-stack -fmacro-backtrace-limit\=0 -std\=gnu99 -fobjc-arc -fmodules -gmodules -fmodules-cache-path\=/Users/oikhlas/Library/Developer/Xcode/DerivedData/WebDriverAgent-bcmeffsllcldukgyoimwiehwhvyz/ModuleCache.noindex -fmodules-prune-interval\=86400 -fmodules-prune-after\=345600 -fbuild-session-file\=/Users/oikhlas/Library/Developer/Xcode/DerivedData/WebDriverAgent-bcmeffsllcldukgyoimwiehwhvyz/ModuleCache.noindex/Session.modulevalidation -fmodules-validate-once-per-build-session -Wno-trigraphs -fpascal-strings -O0 -fno-common -Wmissing-field-initializers -Wno-missing-prototypes -Werror\=return-type -Wunreachable-code -Wquoted-include-in-framework-header -Wno-implicit-atomic-properties -Werror\=deprecated-objc-isa-usage -Wno-objc-interface-ivars -Werror\=objc-root-class -Warc-repeated-use-of-weak -Wno-arc-maybe-repeated-use-of-weak -Wimplicit-retain-self -Wduplicate-method-match -Wno-missing-braces -Wparentheses -Wswitch -Wunused-function -Wno-unused-label -Wunused-parameter -Wunused-variable -Wunused-value -Wempty-body -Wuninitialized -Wconditional-uninitialized -Wno-unknown-pragmas -pedantic -Wshadow -Wno-four-char-constants -Wconversion -Wconstant-conversion -Wint-conversion -Wbool-conversion -Wenum-conversion -Wfloat-conversion -Wnon-literal-null-conversion -Wobjc-literal-conversion -Wassign-enum -Wsign-compare -Wshorten-64-to-32 -Wpointer-sign -Wno-newline-eof -Wno-selector -Wno-strict-selector-match -Wundeclared-selector -Wdeprecated-implementations -Wno-implicit-fallthrough -DDEBUG\=1 -DOBJC_OLD_DISPATCH_PROTOTYPES\=0 -isysroot /Applications/Xcode.app/Contents/Developer/Platforms/iPhoneSimulator.platform/Developer/SDKs/iPhoneSimulator16.0.sdk -fasm-blocks -fstrict-aliasing -Wprotocol -Wdeprecated-declarations -g -Wno-sign-conversion -Winfinite-recursion -Wcomma -Wblock-capture-autoreleasing -Wstrict-prototypes -Wno-semicolon-before-method-body -fobjc-abi-version\=2 -fobjc-legacy-dispatch -D__clang_analyzer__ -Xclang -analyzer-output\=plist-multi-file -Xclang -analyzer-config -Xclang path-diagnostics-alternate\=true -Xclang -analyzer-config -Xclang report-in-main-source-file\=true -Xclang -analyzer-checker -Xclang optin.osx.cocoa.localizability.NonLocalizedStringChecker -Xclang -analyzer-checker -Xclang security.insecureAPI.UncheckedReturn -Xclang -analyzer-checker -Xclang security.insecureAPI.getpw -Xclang -analyzer-checker -Xclang security.insecureAPI.gets -Xclang -analyzer-checker -Xclang security.insecureAPI.mkstemp -Xclang -analyzer-checker -Xclang security.insecureAPI.mktemp -Xclang -analyzer-disable-checker -Xclang security.insecureAPI.rand -Xclang -analyzer-disable-checker -Xclang security.insecureAPI.strcpy -Xclang -analyzer-checker -Xclang security.insecureAPI.vfork -iquote /Users/oikhlas/Library/Developer/Xcode/DerivedData/WebDriverAgent-bcmeffsllcldukgyoimwiehwhvyz/Build/Intermediates.noindex/WebDriverAgent.build/Debug-iphonesimulator/WebDriverAgentLib.build/WebDriverAgentLib-generated-files.hmap -I/Users/oikhlas/Library/Developer/Xcode/DerivedData/WebDriverAgent-bcmeffsllcldukgyoimwiehwhvyz/Build/Intermediates.noindex/WebDriverAgent.build/Debug-iphonesimulator/WebDriverAgentLib.build/WebDriverAgentLib-own-target-headers.hmap -I/Users/oikhlas/Library/Developer/Xcode/DerivedData/WebDriverAgent-bcmeffsllcldukgyoimwiehwhvyz/Build/Intermediates.noindex/WebDriverAgent.build/Debug-iphonesimulator/WebDriverAgentLib.build/WebDriverAgentLib-all-target-headers.hmap -iquote /Users/oikhlas/Library/Developer/Xcode/DerivedData/WebDriverAgent-bcmeffsllcldukgyoimwiehwhvyz/Build/Intermediates.noindex/WebDriverAgent.build/Debug-iphonesimulator/WebDriverAgentLib.build/WebDriverAgentLib-project-headers.hmap -I/Users/oikhlas/Library/Developer/Xcode/DerivedData/WebDriverAgent-bcmeffsllcldukgyoimwiehwhvyz/Build/Products/Debug-iphonesimulator/include -I/Applications/Xcode.app/Contents/Developer/Platforms/iPhoneSimulator.platform/Developer/SDKs/iPhoneSimulator16.0.sdk/usr/include/libxml2 -I/Users/oikhlas/.appium/node_modules/appium-xcuitest-driver/node_modules/appium-webdriveragent/Modules -I/Users/oikhlas/Library/Developer/Xcode/DerivedData/WebDriverAgent-bcmeffsllcldukgyoimwiehwhvyz/Build/Intermediates.noindex/WebDriverAgent.build/Debug-iphonesimulator/WebDriverAgentLib.build/DerivedSources-normal/x86_64 -I/Users/oikhlas/Library/Developer/Xcode/DerivedData/WebDriverAgent-bcmeffsllcldukgyoimwiehwhvyz/Build/Intermediates.noindex/WebDriverAgent.build/Debug-iphonesimulator/WebDriverAgentLib.build/DerivedSources/x86_64 -I/Users/oikhlas/Library/Developer/Xcode/DerivedData/WebDriverAgent-bcmeffsllcldukgyoimwiehwhvyz/Build/Intermediates.noindex/WebDriverAgent.build/Debug-iphonesimulator/WebDriverAgentLib.build/DerivedSources -Weverything -Wno-objc-missing-property-synthesis -Wno-unused-macros -Wno-disabled-macro-expansion -Wno-gnu-statement-expression -Wno-language-extension-token -Wno-overriding-method-mismatch -Wno-missing-variable-declarations -Rno-module-build -Wno-auto-import -Wno-objc-interface-ivars -Wno-documentation-unknown-command -Wno-reserved-id-macro -Wno-unused-parameter -Wno-gnu-conditional-omitted-operand -Wno-explicit-ownership-type -Wno-date-time -Wno-cast-align -Wno-cstring-format-directive -Wno-double-promotion -Wno-partial-availability -Weverything -Wno-objc-missing-property-synthesis -Wno-unused-macros -Wno-disabled-macro-expansion -Wno-gnu-statement-expression -Wno-language-extension-token -Wno-overriding-method-mismatch -Wno-missing-variable-declarations -Rno-module-build -Wno-auto-import -Wno-objc-interface-ivars -Wno-documentation-unknown-command -Wno-reserved-id-macro -Wno-unused-parameter -Wno-gnu-conditional-omitted-operand -Wno-explicit-ownership-type -Wno-date-time -Wno-cast-align -Wno-cstring-format-directive -Wno-double-promotion -Wno-partial-availability -Wno-objc-messaging-id -Wno-direct-ivar-access -Wno-cast-qual -Wno-declaration-after-statement -F/Users/oikhlas/Library/Developer/Xcode/DerivedData/WebDriverAgent-bcmeffsllcldukgyoimwiehwhvyz/Build/Products/Debug-iphonesimulator -F/Applications/Xcode.app/Contents/Developer/Platforms/iPhoneSimulator.platform/Developer/Library/Frameworks -F/Applications/Xcode.app/Contents/Developer/Platforms/iPhoneSimulator.platform/Developer/Library/PrivateFrameworks -iframework /Applications/Xcode.app/Contents/Developer/Platforms/iPhoneSimulator.platform/Developer/SDKs/iPhoneSimulator16.0.sdk/Developer/Library/Frameworks -MMD -MT dependencies -MF /Users/oikhlas/Library/Developer/Xcode/DerivedData/WebDriverAgent-bcmeffsllcldukgyoimwiehwhvyz/Build/Intermediates.noindex/WebDriverAgent.build/Debug-iphonesimulator/WebDriverAgentLib.build/StaticAnalyzer/WebDriverAgent/WebDriverAgentLib/normal/x86_64/FBXCElementSnapshot.d --analyze /Users/oikhlas/.appium/node_modules/appium-xcuitest-driver/node_modules/appium-webdriveragent/WebDriverAgentLib/Routing/FBXCElementSnapshot.m -o /Users/oikhlas/Library/Developer/Xcode/DerivedData/WebDriverAgent-bcmeffsllcldukgyoimwiehwhvyz/Build/Intermediates.noindex/WebDriverAgent.build/Debug-iphonesimulator/WebDriverAgentLib.build/StaticAnalyzer/WebDriverAgent/WebDriverAgentLib/normal/x86_64/FBXCElementSnapshot.plist
&amp#27;[38;5;173m[Xcode]&amp#27;[0m 
&amp#27;[38;5;173m[Xcode]&amp#27;[0m 
&amp#27;[38;5;173m[Xcode]&amp#27;[0m Analyze /Users/oikhlas/.appium/node_modules/appium-xcuitest-driver/node_modules/appium-webdriveragent/WebDriverAgentLib/Routing/FBXCDeviceEvent.m normal x86_64 (in target 'WebDriverAgentLib' from project 'WebDriverAgent')
&amp#27;[38;5;173m[Xcode]&amp#27;[0m     cd /Users/oikhlas/.appium/node_modules/appium-xcuitest-driver/node_modules/appium-webdriveragent
&amp#27;[38;5;173m[Xcode]&amp#27;[0m     /Applications/Xcode.app/Contents/Developer/Toolchains/XcodeDefault.xctoolchain/usr/bin/clang -x objective-c -target x86_64-apple-ios16.0-simulator -fmessage-length\=0 -fdiagnostics-show-note-include-stack -fmacro-backtrace-limit\=0 -std\=gnu99 -fobjc-arc -fmodules -gmodules -fmodules-cache-path\=/Users/oikhlas/Library/Developer/Xcode/DerivedData/WebDriverAgent-bcmeffsllcldukgyoimwiehwhvyz/ModuleCache.noindex -fmodules-prune-interval\=86400 -fmodules-prune-after\=345600 -fbuild-session-file\=/Users/oikhlas/Library/Developer/Xcode/DerivedData/WebDriverAgent-bcmeffsllcldukgyoimwiehwhvyz/ModuleCache.noindex/Session.modulevalidation -fmodules-validate-once-per-build-session -Wno-trigraphs -fpascal-strings -O0 -fno-common -Wmissing-field-initializers -Wno-missing-prototypes -Werror\=return-type -Wunreachable-code -Wquoted-include-in-framework-header -Wno-implicit-atomic-properties -Werror\=deprecated-objc-isa-usage -Wno-objc-interface-ivars -Werror\=objc-root-class -Warc-repeated-use-of-weak -Wno-arc-maybe-repeated-use-of-weak -Wimplicit-retain-self -Wduplicate-method-match -Wno-missing-braces -Wparentheses -Wswitch -Wunused-function -Wno-unused-label -Wunused-parameter -Wunused-variable -Wunused-value -Wempty-body -Wuninitialized -Wconditional-uninitialized -Wno-unknown-pragmas -pedantic -Wshadow -Wno-four-char-constants -Wconversion -Wconstant-conversion -Wint-conversion -Wbool-conversion -Wenum-conversion -Wfloat-conversion -Wnon-literal-null-conversion -Wobjc-literal-conversion -Wassign-enum -Wsign-compare -Wshorten-64-to-32 -Wpointer-sign -Wno-newline-eof -Wno-selector -Wno-strict-selector-match -Wundeclared-selector -Wdeprecated-implementations -Wno-implicit-fallthrough -DDEBUG\=1 -DOBJC_OLD_DISPATCH_PROTOTYPES\=0 -isysroot /Applications/Xcode.app/Contents/Developer/Platforms/iPhoneSimulator.platform/Developer/SDKs/iPhoneSimulator16.0.sdk -fasm-blocks -fstrict-aliasing -Wprotocol -Wdeprecated-declarations -g -Wno-sign-conversion -Winfinite-recursion -Wcomma -Wblock-capture-autoreleasing -Wstrict-prototypes -Wno-semicolon-before-method-body -fobjc-abi-version\=2 -fobjc-legacy-dispatch -D__clang_analyzer__ -Xclang -analyzer-output\=plist-multi-file -Xclang -analyzer-config -Xclang path-diagnostics-alternate\=true -Xclang -analyzer-config -Xclang report-in-main-source-file\=true -Xclang -analyzer-checker -Xclang optin.osx.cocoa.localizability.NonLocalizedStringChecker -Xclang -analyzer-checker -Xclang security.insecureAPI.UncheckedReturn -Xclang -analyzer-checker -Xclang security.insecureAPI.getpw -Xclang -analyzer-checker -Xclang security.insecureAPI.gets -Xclang -analyzer-checker -Xclang security.insecureAPI.mkstemp -Xclang -analyzer-checker -Xclang security.insecureAPI.mktemp -Xclang -analyzer-disable-checker -Xclang security.insecureAPI.rand -Xclang -analyzer-disable-checker -Xclang security.insecureAPI.strcpy -Xclang -analyzer-checker -Xclang security.insecureAPI.vfork -iquote /Users/oikhlas/Library/Developer/Xcode/DerivedData/WebDriverAgent-bcmeffsllcldukgyoimwiehwhvyz/Build/Intermediates.noindex/WebDriverAgent.build/Debug-iphonesimulator/WebDriverAgentLib.build/WebDriverAgentLib-generated-files.hmap -I/Users/oikhlas/Library/Developer/Xcode/DerivedData/WebDriverAgent-bcmeffsllcldukgyoimwiehwhvyz/Build/Intermediates.noindex/WebDriverAgent.build/Debug-iphonesimulator/WebDriverAgentLib.build/WebDriverAgentLib-own-target-headers.hmap -I/Users/oikhlas/Library/Developer/Xcode/DerivedData/WebDriverAgent-bcmeffsllcldukgyoimwiehwhvyz/Build/Intermediates.noindex/WebDriverAgent.build/Debug-iphonesimulator/WebDriverAgentLib.build/WebDriverAgentLib-all-target-headers.hmap -iquote /Users/oikhlas/Library/Developer/Xcode/DerivedData/WebDriverAgent-bcmeffsllcldukgyoimwiehwhvyz/Build/Intermediates.noindex/WebDriverAgent.build/Debug-iphonesimulator/WebDriverAgentLib.build/WebDriverAgentLib-project-headers.hmap -I/Users/oikhlas/Library/Developer/Xcode/DerivedData/WebDriverAgent-bcmeffsllcldukgyoimwiehwhvyz/Build/Products/Debug-iphonesimulator/include -I/Applications/Xcode.app/Contents/Developer/Platforms/iPhoneSimulator.platform/Developer/SDKs/iPhoneSimulator16.0.sdk/usr/include/libxml2 -I/Users/oikhlas/.appium/node_modules/appium-xcuitest-driver/node_modules/appium-webdriveragent/Modules -I/Users/oikhlas/Library/Developer/Xcode/DerivedData/WebDriverAgent-bcmeffsllcldukgyoimwiehwhvyz/Build/Intermediates.noindex/WebDriverAgent.build/Debug-iphonesimulator/WebDriverAgentLib.build/DerivedSources-normal/x86_64 -I/Users/oikhlas/Library/Developer/Xcode/DerivedData/WebDriverAgent-bcmeffsllcldukgyoimwiehwhvyz/Build/Intermediates.noindex/WebDriverAgent.build/Debug-iphonesimulator/WebDriverAgentLib.build/DerivedSources/x86_64 -I/Users/oikhlas/Library/Developer/Xcode/DerivedData/WebDriverAgent-bcmeffsllcldukgyoimwiehwhvyz/Build/Intermediates.noindex/WebDriverAgent.build/Debug-iphonesimulator/WebDriverAgentLib.build/DerivedSources -Weverything -Wno-objc-missing-property-synthesis -Wno-unused-macros -Wno-disabled-macro-expansion -Wno-gnu-statement-expression -Wno-language-extension-token -Wno-overriding-method-mismatch -Wno-missing-variable-declarations -Rno-module-build -Wno-auto-import -Wno-objc-interface-ivars -Wno-documentation-unknown-command -Wno-reserved-id-macro -Wno-unused-parameter -Wno-gnu-conditional-omitted-operand -Wno-explicit-ownership-type -Wno-date-time -Wno-cast-align -Wno-cstring-format-directive -Wno-double-promotion -Wno-partial-availability -Weverything -Wno-objc-missing-property-synthesis -Wno-unused-macros -Wno-disabled-macro-expansion -Wno-gnu-statement-expression -Wno-language-extension-token -Wno-overriding-method-mismatch -Wno-missing-variable-declarations -Rno-module-build -Wno-auto-import -Wno-objc-interface-ivars -Wno-documentation-unknown-command -Wno-reserved-id-macro -Wno-unused-parameter -Wno-gnu-conditional-omitted-operand -Wno-explicit-ownership-type -Wno-date-time -Wno-cast-align -Wno-cstring-format-directive -Wno-double-promotion -Wno-partial-availability -Wno-objc-messaging-id -Wno-direct-ivar-access -Wno-cast-qual -Wno-declaration-after-statement -F/Users/oikhlas/Library/Developer/Xcode/DerivedData/WebDriverAgent-bcmeffsllcldukgyoimwiehwhvyz/Build/Products/Debug-iphonesimulator -F/Applications/Xcode.app/Contents/Developer/Platforms/iPhoneSimulator.platform/Developer/Library/Frameworks -F/Applications/Xcode.app/Contents/Developer/Platforms/iPhoneSimulator.platform/Developer/Library/PrivateFrameworks -iframework /Applications/Xcode.app/Contents/Developer/Platforms/iPhoneSimulator.platform/Developer/SDKs/iPhoneSimulator16.0.sdk/Developer/Library/Frameworks -MMD -MT dependencies -MF /Users/oikhlas/Library/Developer/Xcode/DerivedData/WebDriverAgent-bcmeffsllcldukgyoimwiehwhvyz/Build/Intermediates.noindex/WebDriverAgent.build/Debug-iphonesimulator/WebDriverAgentLib.build/StaticAnalyzer/WebDriverAgent/WebDriverAgentLib/normal/x86_64/FBXCDeviceEvent.d --analyze /Users/oikhlas/.appium/node_modules/appium-xcuitest-driver/node_modules/appium-webdriveragent/WebDriverAgentLib/Routing/FBXCDeviceEvent.m -o /Users/oikhlas/Library/Developer/Xcode/DerivedData/WebDriverAgent-bcmeffsllcldukgyoimwiehwhvyz/Build/Intermediates.noindex/WebDriverAgent.build/Debug-iphonesimulator/WebDriverAgentLib.build/StaticAnalyzer/WebDriverAgent/WebDriverAgentLib/normal/x86_64/FBXCDeviceEvent.plist
&amp#27;[38;5;173m[Xcode]&amp#27;[0m 
&amp#27;[38;5;173m[Xcode]&amp#27;[0m 
&amp#27;[38;5;173m[Xcode]&amp#27;[0m Analyze /Users/oikhlas/.appium/node_modules/appium-xcuitest-driver/node_modules/appium-webdriveragent/WebDriverAgentLib/Routing/FBXCAccessibilityElement.m normal x86_64 (in target 'WebDriverAgentLib' from project 'WebDriverAgent')
&amp#27;[38;5;173m[Xcode]&amp#27;[0m     cd /Users/oikhlas/.appium/node_modules/appium-xcuitest-driver/node_modules/appium-webdriveragent
&amp#27;[38;5;173m[Xcode]&amp#27;[0m     /Applications/Xcode.app/Contents/Developer/Toolchains/XcodeDefault.xctoolchain/usr/bin/clang -x objective-c -target x86_64-apple-ios16.0-simulator -fmessage-length\=0 -fdiagnostics-show-note-include-stack -fmacro-backtrace-limit\=0 -std\=gnu99 -fobjc-arc -fmodules -gmodules -fmodules-cache-path\=/Users/oikhlas/Library/Developer/Xcode/DerivedData/WebDriverAgent-bcmeffsllcldukgyoimwiehwhvyz/ModuleCache.noindex -fmodules-prune-interval\=86400 -fmodules-prune-after\=345600 -fbuild-session-file\=/Users/oikhlas/Library/Developer/Xcode/DerivedData/WebDriverAgent-bcmeffsllcldukgyoimwiehwhvyz/ModuleCache.noindex/Session.modulevalidation -fmodules-validate-once-per-build-session -Wno-trigraphs -fpascal-strings -O0 -fno-common -Wmissing-field-initializers -Wno-missing-prototypes -Werror\=return-type -Wunreachable-code -Wquoted-include-in-framework-header -Wno-implicit-atomic-properties -Werror\=deprecated-objc-isa-usage -Wno-objc-interface-ivars -Werror\=objc-root-class -Warc-repeated-use-of-weak -Wno-arc-maybe-repeated-use-of-weak -Wimplicit-retain-self -Wduplicate-method-match -Wno-missing-braces -Wparentheses -Wswitch -Wunused-function -Wno-unused-label -Wunused-parameter -Wunused-variable -Wunused-value -Wempty-body -Wuninitialized -Wconditional-uninitialized -Wno-unknown-pragmas -pedantic -Wshadow -Wno-four-char-constants -Wconversion -Wconstant-conversion -Wint-conversion -Wbool-conversion -Wenum-conversion -Wfloat-conversion -Wnon-literal-null-conversion -Wobjc-literal-conversion -Wassign-enum -Wsign-compare -Wshorten-64-to-32 -Wpointer-sign -Wno-newline-eof -Wno-selector -Wno-strict-selector-match -Wundeclared-selector -Wdeprecated-implementations -Wno-implicit-fallthrough -DDEBUG\=1 -DOBJC_OLD_DISPATCH_PROTOTYPES\=0 -isysroot /Applications/Xcode.app/Contents/Developer/Platforms/iPhoneSimulator.platform/Developer/SDKs/iPhoneSimulator16.0.sdk -fasm-blocks -fstrict-aliasing -Wprotocol -Wdeprecated-declarations -g -Wno-sign-conversion -Winfinite-recursion -Wcomma -Wblock-capture-autoreleasing -Wstrict-prototypes -Wno-semicolon-before-method-body -fobjc-abi-version\=2 -fobjc-legacy-dispatch -D__clang_analyzer__ -Xclang -analyzer-output\=plist-multi-file -Xclang -analyzer-config -Xclang path-diagnostics-alternate\=true -Xclang -analyzer-config -Xclang report-in-main-source-file\=true -Xclang -analyzer-checker -Xclang optin.osx.cocoa.localizability.NonLocalizedStringChecker -Xclang -analyzer-checker -Xclang security.insecureAPI.UncheckedReturn -Xclang -analyzer-checker -Xclang security.insecureAPI.getpw -Xclang -analyzer-checker -Xclang security.insecureAPI.gets -Xclang -analyzer-checker -Xclang security.insecureAPI.mkstemp -Xclang -analyzer-checker -Xclang security.insecureAPI.mktemp -Xclang -analyzer-disable-checker -Xclang security.insecureAPI.rand -Xclang -analyzer-disable-checker -Xclang security.insecureAPI.strcpy -Xclang -analyzer-checker -Xclang security.insecureAPI.vfork -iquote /Users/oikhlas/Library/Developer/Xcode/DerivedData/WebDriverAgent-bcmeffsllcldukgyoimwiehwhvyz/Build/Intermediates.noindex/WebDriverAgent.build/Debug-iphonesimulator/WebDriverAgentLib.build/WebDriverAgentLib-generated-files.hmap -I/Users/oikhlas/Library/Developer/Xcode/DerivedData/WebDriverAgent-bcmeffsllcldukgyoimwiehwhvyz/Build/Intermediates.noindex/WebDriverAgent.build/Debug-iphonesimulator/WebDriverAgentLib.build/WebDriverAgentLib-own-target-headers.hmap -I/Users/oikhlas/Library/Developer/Xcode/DerivedData/WebDriverAgent-bcmeffsllcldukgyoimwiehwhvyz/Build/Intermediates.noindex/WebDriverAgent.build/Debug-iphonesimulator/WebDriverAgentLib.build/WebDriverAgentLib-all-target-headers.hmap -iquote /Users/oikhlas/Library/Developer/Xcode/DerivedData/WebDriverAgent-bcmeffsllcldukgyoimwiehwhvyz/Build/Intermediates.noindex/WebDriverAgent.build/Debug-iphonesimulator/WebDriverAgentLib.build/WebDriverAgentLib-project-headers.hmap -I/Users/oikhlas/Library/Developer/Xcode/DerivedData/WebDriverAgent-bcmeffsllcldukgyoimwiehwhvyz/Build/Products/Debug-iphonesimulator/include -I/Applications/Xcode.app/Contents/Developer/Platforms/iPhoneSimulator.platform/Developer/SDKs/iPhoneSimulator16.0.sdk/usr/include/libxml2 -I/Users/oikhlas/.appium/node_modules/appium-xcuitest-driver/node_modules/appium-webdriveragent/Modules -I/Users/oikhlas/Library/Developer/Xcode/DerivedData/WebDriverAgent-bcmeffsllcldukgyoimwiehwhvyz/Build/Intermediates.noindex/WebDriverAgent.build/Debug-iphonesimulator/WebDriverAgentLib.build/DerivedSources-normal/x86_64 -I/Users/oikhlas/Library/Developer/Xcode/DerivedData/WebDriverAgent-bcmeffsllcldukgyoimwiehwhvyz/Build/Intermediates.noindex/WebDriverAgent.build/Debug-iphonesimulator/WebDriverAgentLib.build/DerivedSources/x86_64 -I/Users/oikhlas/Library/Developer/Xcode/DerivedData/WebDriverAgent-bcmeffsllcldukgyoimwiehwhvyz/Build/Intermediates.noindex/WebDriverAgent.build/Debug-iphonesimulator/WebDriverAgentLib.build/DerivedSources -Weverything -Wno-objc-missing-property-synthesis -Wno-unused-macros -Wno-disabled-macro-expansion -Wno-gnu-statement-expression -Wno-language-extension-token -Wno-overriding-method-mismatch -Wno-missing-variable-declarations -Rno-module-build -Wno-auto-import -Wno-objc-interface-ivars -Wno-documentation-unknown-command -Wno-reserved-id-macro -Wno-unused-parameter -Wno-gnu-conditional-omitted-operand -Wno-explicit-ownership-type -Wno-date-time -Wno-cast-align -Wno-cstring-format-directive -Wno-double-promotion -Wno-partial-availability -Weverything -Wno-objc-missing-property-synthesis -Wno-unused-macros -Wno-disabled-macro-expansion -Wno-gnu-statement-expression -Wno-language-extension-token -Wno-overriding-method-mismatch -Wno-missing-variable-declarations -Rno-module-build -Wno-auto-import -Wno-objc-interface-ivars -Wno-documentation-unknown-command -Wno-reserved-id-macro -Wno-unused-parameter -Wno-gnu-conditional-omitted-operand -Wno-explicit-ownership-type -Wno-date-time -Wno-cast-align -Wno-cstring-format-directive -Wno-double-promotion -Wno-partial-availability -Wno-objc-messaging-id -Wno-direct-ivar-access -Wno-cast-qual -Wno-declaration-after-statement -F/Users/oikhlas/Library/Developer/Xcode/DerivedData/WebDriverAgent-bcmeffsllcldukgyoimwiehwhvyz/Build/Products/Debug-iphonesimulator -F/Applications/Xcode.app/Contents/Developer/Platforms/iPhoneSimulator.platform/Developer/Library/Frameworks -F/Applications/Xcode.app/Contents/Developer/Platforms/iPhoneSimulator.platform/Developer/Library/PrivateFrameworks -iframework /Applications/Xcode.app/Contents/Developer/Platforms/iPhoneSimulator.platform/Developer/SDKs/iPhoneSimulator16.0.sdk/Developer/Library/Frameworks -MMD -MT dependencies -MF /Users/oikhlas/Library/Developer/Xcode/DerivedData/WebDriverAgent-bcmeffsllcldukgyoimwiehwhvyz/Build/Intermediates.noindex/WebDriverAgent.build/Debug-iphonesimulator/WebDriverAgentLib.build/StaticAnalyzer/WebDriverAgent/WebDriverAgentLib/normal/x86_64/FBXCAccessibilityElement.d --analyze /Users/oikhlas/.appium/node_modules/appium-xcuitest-driver/node_modules/appium-webdriveragent/WebDriverAgentLib/Routing/FBXCAccessibilityElement.m -o /Users/oikhlas/Library/Developer/Xcode/DerivedData/WebDriverAgent-bcmeffsllcldukgyoimwiehwhvyz/Build/Intermediates.noindex/WebDriverAgent.build/Debug-iphonesimulator/WebDriverAgentLib.build/StaticAnalyzer/WebDriverAgent/WebDriverAgentLib/normal/x86_64/FBXCAccessibilityElement.plist
&amp#27;[38;5;173m[Xcode]&amp#27;[0m 
&amp#27;[38;5;173m[Xcode]&amp#27;[0m 
&amp#27;[38;5;173m[Xcode]&amp#27;[0m Analyze /Users/oikhlas/.appium/node_modules/appium-xcuitest-driver/node_modules/appium-webdriveragent/WebDriverAgentLib/Routing/FBWebServer.m normal x86_64 (in target 'WebDriverAgentLib' from project 'WebDriverAgent')
&amp#27;[38;5;173m[Xcode]&amp#27;[0m     cd /Users/oikhlas/.appium/node_modules/appium-xcuitest-driver/node_modules/appium-webdriveragent
&amp#27;[38;5;173m[Xcode]&amp#27;[0m     /Applications/Xcode.app/Contents/Developer/Toolchains/XcodeDefault.xctoolchain/usr/bin/clang -x objective-c -target x86_64-apple-ios16.0-simulator -fmessage-length\=0 -fdiagnostics-show-note-include-stack -fmacro-backtrace-limit\=0 -std\=gnu99 -fobjc-arc -fmodules -gmodules -fmodules-cache-path\=/Users/oikhlas/Library/Developer/Xcode/DerivedData/WebDriverAgent-bcmeffsllcldukgyoimwiehwhvyz/ModuleCache.noindex -fmodules-prune-interval\=86400 -fmodules-prune-after\=345600 -fbuild-session-file\=/Users/oikhlas/Library/Developer/Xcode/DerivedData/WebDriverAgent-bcmeffsllcldukgyoimwiehwhvyz/ModuleCache.noindex/Session.modulevalidation -fmodules-validate-once-per-build-session -Wno-trigraphs -fpascal-strings -O0 -fno-common -Wmissing-field-initializers -Wno-missing-prototypes -Werror\=return-type -Wunreachable-code -Wquoted-include-in-framework-header -Wno-implicit-atomic-properties -Werror\=deprecated-objc-isa-usage -Wno-objc-interface-ivars -Werror\=objc-root-class -Warc-repeated-use-of-weak -Wno-arc-maybe-repeated-use-of-weak -Wimplicit-retain-self -Wduplicate-method-match -Wno-missing-braces -Wparentheses -Wswitch -Wunused-function -Wno-unused-label -Wunused-parameter -Wunused-variable -Wunused-value -Wempty-body -Wuninitialized -Wconditional-uninitialized -Wno-unknown-pragmas -pedantic -Wshadow -Wno-four-char-constants -Wconversion -Wconstant-conversion -Wint-conversion -Wbool-conversion -Wenum-conversion -Wfloat-conversion -Wnon-literal-null-conversion -Wobjc-literal-conversion -Wassign-enum -Wsign-compare -Wshorten-64-to-32 -Wpointer-sign -Wno-newline-eof -Wno-selector -Wno-strict-selector-match -Wundeclared-selector -Wdeprecated-implementations -Wno-implicit-fallthrough -DDEBUG\=1 -DOBJC_OLD_DISPATCH_PROTOTYPES\=0 -isysroot /Applications/Xcode.app/Contents/Developer/Platforms/iPhoneSimulator.platform/Developer/SDKs/iPhoneSimulator16.0.sdk -fasm-blocks -fstrict-aliasing -Wprotocol -Wdeprecated-declarations -g -Wno-sign-conversion -Winfinite-recursion -Wcomma -Wblock-capture-autoreleasing -Wstrict-prototypes -Wno-semicolon-before-method-body -fobjc-abi-version\=2 -fobjc-legacy-dispatch -D__clang_analyzer__ -Xclang -analyzer-output\=plist-multi-file -Xclang -analyzer-config -Xclang path-diagnostics-alternate\=true -Xclang -analyzer-config -Xclang report-in-main-source-file\=true -Xclang -analyzer-checker -Xclang optin.osx.cocoa.localizability.NonLocalizedStringChecker -Xclang -analyzer-checker -Xclang security.insecureAPI.UncheckedReturn -Xclang -analyzer-checker -Xclang security.insecureAPI.getpw -Xclang -analyzer-checker -Xclang security.insecureAPI.gets -Xclang -analyzer-checker -Xclang security.insecureAPI.mkstemp -Xclang -analyzer-checker -Xclang security.insecureAPI.mktemp -Xclang -analyzer-disable-checker -Xclang security.insecureAPI.rand -Xclang -analyzer-disable-checker -Xclang security.insecureAPI.strcpy -Xclang -analyzer-checker -Xclang security.insecureAPI.vfork -iquote /Users/oikhlas/Library/Developer/Xcode/DerivedData/WebDriverAgent-bcmeffsllcldukgyoimwiehwhvyz/Build/Intermediates.noindex/WebDriverAgent.build/Debug-iphonesimulator/WebDriverAgentLib.build/WebDriverAgentLib-generated-files.hmap -I/Users/oikhlas/Library/Developer/Xcode/DerivedData/WebDriverAgent-bcmeffsllcldukgyoimwiehwhvyz/Build/Intermediates.noindex/WebDriverAgent.build/Debug-iphonesimulator/WebDriverAgentLib.build/WebDriverAgentLib-own-target-headers.hmap -I/Users/oikhlas/Library/Developer/Xcode/DerivedData/WebDriverAgent-bcmeffsllcldukgyoimwiehwhvyz/Build/Intermediates.noindex/WebDriverAgent.build/Debug-iphonesimulator/WebDriverAgentLib.build/WebDriverAgentLib-all-target-headers.hmap -iquote /Users/oikhlas/Library/Developer/Xcode/DerivedData/WebDriverAgent-bcmeffsllcldukgyoimwiehwhvyz/Build/Intermediates.noindex/WebDriverAgent.build/Debug-iphonesimulator/WebDriverAgentLib.build/WebDriverAgentLib-project-headers.hmap -I/Users/oikhlas/Library/Developer/Xcode/DerivedData/WebDriverAgent-bcmeffsllcldukgyoimwiehwhvyz/Build/Products/Debug-iphonesimulator/include -I/Applications/Xcode.app/Contents/Developer/Platforms/iPhoneSimulator.platform/Developer/SDKs/iPhoneSimulator16.0.sdk/usr/include/libxml2 -I/Users/oikhlas/.appium/node_modules/appium-xcuitest-driver/node_modules/appium-webdriveragent/Modules -I/Users/oikhlas/Library/Developer/Xcode/DerivedData/WebDriverAgent-bcmeffsllcldukgyoimwiehwhvyz/Build/Intermediates.noindex/WebDriverAgent.build/Debug-iphonesimulator/WebDriverAgentLib.build/DerivedSources-normal/x86_64 -I/Users/oikhlas/Library/Developer/Xcode/DerivedData/WebDriverAgent-bcmeffsllcldukgyoimwiehwhvyz/Build/Intermediates.noindex/WebDriverAgent.build/Debug-iphonesimulator/WebDriverAgentLib.build/DerivedSources/x86_64 -I/Users/oikhlas/Library/Developer/Xcode/DerivedData/WebDriverAgent-bcmeffsllcldukgyoimwiehwhvyz/Build/Intermediates.noindex/WebDriverAgent.build/Debug-iphonesimulator/WebDriverAgentLib.build/DerivedSources -Weverything -Wno-objc-missing-property-synthesis -Wno-unused-macros -Wno-disabled-macro-expansion -Wno-gnu-statement-expression -Wno-language-extension-token -Wno-overriding-method-mismatch -Wno-missing-variable-declarations -Rno-module-build -Wno-auto-import -Wno-objc-interface-ivars -Wno-documentation-unknown-command -Wno-reserved-id-macro -Wno-unused-parameter -Wno-gnu-conditional-omitted-operand -Wno-explicit-ownership-type -Wno-date-time -Wno-cast-align -Wno-cstring-format-directive -Wno-double-promotion -Wno-partial-availability -Weverything -Wno-objc-missing-property-synthesis -Wno-unused-macros -Wno-disabled-macro-expansion -Wno-gnu-statement-expression -Wno-language-extension-token -Wno-overriding-method-mismatch -Wno-missing-variable-declarations -Rno-module-build -Wno-auto-import -Wno-objc-interface-ivars -Wno-documentation-unknown-command -Wno-reserved-id-macro -Wno-unused-parameter -Wno-gnu-conditional-omitted-operand -Wno-explicit-ownership-type -Wno-date-time -Wno-cast-align -Wno-cstring-format-directive -Wno-double-promotion -Wno-partial-availability -Wno-objc-messaging-id -Wno-direct-ivar-access -Wno-cast-qual -Wno-declaration-after-statement -F/Users/oikhlas/Library/Developer/Xcode/DerivedData/WebDriverAgent-bcmeffsllcldukgyoimwiehwhvyz/Build/Products/Debug-iphonesimulator -F/Applications/Xcode.app/Contents/Developer/Platforms/iPhoneSimulator.platform/Developer/Library/Frameworks -F/Applications/Xcode.app/Contents/Developer/Platforms/iPhoneSimulator.platform/Developer/Library/PrivateFrameworks -iframework /Applications/Xcode.app/Contents/Developer/Platforms/iPhoneSimulator.platform/Developer/SDKs/iPhoneSimulator16.0.sdk/Developer/Library/Frameworks -MMD -MT dependencies -MF /Users/oikhlas/Library/Developer/Xcode/DerivedData/WebDriverAgent-bcmeffsllcldukgyoimwiehwhvyz/Build/Intermediates.noindex/WebDriverAgent.build/Debug-iphonesimulator/WebDriverAgentLib.build/StaticAnalyzer/WebDriverAgent/WebDriverAgentLib/normal/x86_64/FBWebServer.d --analyze /Users/oikhlas/.appium/node_modules/appium-xcuitest-driver/node_modules/appium-webdriveragent/WebDriverAgentLib/Routing/FBWebServer.m -o /Users/oikhlas/Library/Developer/Xcode/DerivedData/WebDriverAgent-bcmeffsllcldukgyoimwiehwhvyz/Build/Intermediates.noindex/WebDriverAgent.build/Debug-iphonesimulator/WebDriverAgentLib.build/StaticAnalyzer/WebDriverAgent/WebDriverAgentLib/normal/x86_64/FBWebServer.plist
&amp#27;[38;5;173m[Xcode]&amp#27;[0m 
&amp#27;[38;5;173m[Xcode]&amp#27;[0m 
&amp#27;[38;5;173m[Xcode]&amp#27;[0m Analyze /Users/oikhlas/.appium/node_modules/appium-xcuitest-driver/node_modules/appium-webdriveragent/WebDriverAgentLib/Routing/FBTCPSocket.m normal x86_64 (in target 'WebDriverAgentLib' from project 'WebDriverAgent')
&amp#27;[38;5;173m[Xcode]&amp#27;[0m     cd /Users/oikhlas/.appium/node_modules/appium-xcuitest-driver/node_modules/appium-webdriveragent
&amp#27;[38;5;173m[Xcode]&amp#27;[0m     /Applications/Xcode.app/Contents/Developer/Toolchains/XcodeDefault.xctoolchain/usr/bin/clang -x objective-c -target x86_64-apple-ios16.0-simulator -fmessage-length\=0 -fdiagnostics-show-note-include-stack -fmacro-backtrace-limit\=0 -std\=gnu99 -fobjc-arc -fmodules -gmodules -fmodules-cache-path\=/Users/oikhlas/Library/Developer/Xcode/DerivedData/WebDriverAgent-bcmeffsllcldukgyoimwiehwhvyz/ModuleCache.noindex -fmodules-prune-interval\=86400 -fmodules-prune-after\=345600 -fbuild-session-file\=/Users/oikhlas/Library/Developer/Xcode/DerivedData/WebDriverAgent-bcmeffsllcldukgyoimwiehwhvyz/ModuleCache.noindex/Session.modulevalidation -fmodules-validate-once-per-build-session -Wno-trigraphs -fpascal-strings -O0 -fno-common -Wmissing-field-initializers -Wno-missing-prototypes -Werror\=return-type -Wunreachable-code -Wquoted-include-in-framework-header -Wno-implicit-atomic-properties -Werror\=deprecated-objc-isa-usage -Wno-objc-interface-ivars -Werror\=objc-root-class -Warc-repeated-use-of-weak -Wno-arc-maybe-repeated-use-of-weak -Wimplicit-retain-self -Wduplicate-method-match -Wno-missing-braces -Wparentheses -Wswitch -Wunused-function -Wno-unused-label -Wunused-parameter -Wunused-variable -Wunused-value -Wempty-body -Wuninitialized -Wconditional-uninitialized -Wno-unknown-pragmas -pedantic -Wshadow -Wno-four-char-constants -Wconversion -Wconstant-conversion -Wint-conversion -Wbool-conversion -Wenum-conversion -Wfloat-conversion -Wnon-literal-null-conversion -Wobjc-literal-conversion -Wassign-enum -Wsign-compare -Wshorten-64-to-32 -Wpointer-sign -Wno-newline-eof -Wno-selector -Wno-strict-selector-match -Wundeclared-selector -Wdeprecated-implementations -Wno-implicit-fallthrough -DDEBUG\=1 -DOBJC_OLD_DISPATCH_PROTOTYPES\=0 -isysroot /Applications/Xcode.app/Contents/Developer/Platforms/iPhoneSimulator.platform/Developer/SDKs/iPhoneSimulator16.0.sdk -fasm-blocks -fstrict-aliasing -Wprotocol -Wdeprecated-declarations -g -Wno-sign-conversion -Winfinite-recursion -Wcomma -Wblock-capture-autoreleasing -Wstrict-prototypes -Wno-semicolon-before-method-body -fobjc-abi-version\=2 -fobjc-legacy-dispatch -D__clang_analyzer__ -Xclang -analyzer-output\=plist-multi-file -Xclang -analyzer-config -Xclang path-diagnostics-alternate\=true -Xclang -analyzer-config -Xclang report-in-main-source-file\=true -Xclang -analyzer-checker -Xclang optin.osx.cocoa.localizability.NonLocalizedStringChecker -Xclang -analyzer-checker -Xclang security.insecureAPI.UncheckedReturn -Xclang -analyzer-checker -Xclang security.insecureAPI.getpw -Xclang -analyzer-checker -Xclang security.insecureAPI.gets -Xclang -analyzer-checker -Xclang security.insecureAPI.mkstemp -Xclang -analyzer-checker -Xclang security.insecureAPI.mktemp -Xclang -analyzer-disable-checker -Xclang security.insecureAPI.rand -Xclang -analyzer-disable-checker -Xclang security.insecureAPI.strcpy -Xclang -analyzer-checker -Xclang security.insecureAPI.vfork -iquote /Users/oikhlas/Library/Developer/Xcode/DerivedData/WebDriverAgent-bcmeffsllcldukgyoimwiehwhvyz/Build/Intermediates.noindex/WebDriverAgent.build/Debug-iphonesimulator/WebDriverAgentLib.build/WebDriverAgentLib-generated-files.hmap -I/Users/oikhlas/Library/Developer/Xcode/DerivedData/WebDriverAgent-bcmeffsllcldukgyoimwiehwhvyz/Build/Intermediates.noindex/WebDriverAgent.build/Debug-iphonesimulator/WebDriverAgentLib.build/WebDriverAgentLib-own-target-headers.hmap -I/Users/oikhlas/Library/Developer/Xcode/DerivedData/WebDriverAgent-bcmeffsllcldukgyoimwiehwhvyz/Build/Intermediates.noindex/WebDriverAgent.build/Debug-iphonesimulator/WebDriverAgentLib.build/WebDriverAgentLib-all-target-headers.hmap -iquote /Users/oikhlas/Library/Developer/Xcode/DerivedData/WebDriverAgent-bcmeffsllcldukgyoimwiehwhvyz/Build/Intermediates.noindex/WebDriverAgent.build/Debug-iphonesimulator/WebDriverAgentLib.build/WebDriverAgentLib-project-headers.hmap -I/Users/oikhlas/Library/Developer/Xcode/DerivedData/WebDriverAgent-bcmeffsllcldukgyoimwiehwhvyz/Build/Products/Debug-iphonesimulator/include -I/Applications/Xcode.app/Contents/Developer/Platforms/iPhoneSimulator.platform/Developer/SDKs/iPhoneSimulator16.0.sdk/usr/include/libxml2 -I/Users/oikhlas/.appium/node_modules/appium-xcuitest-driver/node_modules/appium-webdriveragent/Modules -I/Users/oikhlas/Library/Developer/Xcode/DerivedData/WebDriverAgent-bcmeffsllcldukgyoimwiehwhvyz/Build/Intermediates.noindex/WebDriverAgent.build/Debug-iphonesimulator/WebDriverAgentLib.build/DerivedSources-normal/x86_64 -I/Users/oikhlas/Library/Developer/Xcode/DerivedData/WebDriverAgent-bcmeffsllcldukgyoimwiehwhvyz/Build/Intermediates.noindex/WebDriverAgent.build/Debug-iphonesimulator/WebDriverAgentLib.build/DerivedSources/x86_64 -I/Users/oikhlas/Library/Developer/Xcode/DerivedData/WebDriverAgent-bcmeffsllcldukgyoimwiehwhvyz/Build/Intermediates.noindex/WebDriverAgent.build/Debug-iphonesimulator/WebDriverAgentLib.build/DerivedSources -Weverything -Wno-objc-missing-property-synthesis -Wno-unused-macros -Wno-disabled-macro-expansion -Wno-gnu-statement-expression -Wno-language-extension-token -Wno-overriding-method-mismatch -Wno-missing-variable-declarations -Rno-module-build -Wno-auto-import -Wno-objc-interface-ivars -Wno-documentation-unknown-command -Wno-reserved-id-macro -Wno-unused-parameter -Wno-gnu-conditional-omitted-operand -Wno-explicit-ownership-type -Wno-date-time -Wno-cast-align -Wno-cstring-format-directive -Wno-double-promotion -Wno-partial-availability -Weverything -Wno-objc-missing-property-synthesis -Wno-unused-macros -Wno-disabled-macro-expansion -Wno-gnu-statement-expression -Wno-language-extension-token -Wno-overriding-method-mismatch -Wno-missing-variable-declarations -Rno-module-build -Wno-auto-import -Wno-objc-interface-ivars -Wno-documentation-unknown-command -Wno-reserved-id-macro -Wno-unused-parameter -Wno-gnu-conditional-omitted-operand -Wno-explicit-ownership-type -Wno-date-time -Wno-cast-align -Wno-cstring-format-directive -Wno-double-promotion -Wno-partial-availability -Wno-objc-messaging-id -Wno-direct-ivar-access -Wno-cast-qual -Wno-declaration-after-statement -F/Users/oikhlas/Library/Developer/Xcode/DerivedData/WebDriverAgent-bcmeffsllcldukgyoimwiehwhvyz/Build/Products/Debug-iphonesimulator -F/Applications/Xcode.app/Contents/Developer/Platforms/iPhoneSimulator.platform/Developer/Library/Frameworks -F/Applications/Xcode.app/Contents/Developer/Platforms/iPhoneSimulator.platform/Developer/Library/PrivateFrameworks -iframework /Applications/Xcode.app/Contents/Developer/Platforms/iPhoneSimulator.platform/Developer/SDKs/iPhoneSimulator16.0.sdk/Developer/Library/Frameworks -MMD -MT dependencies -MF /Users/oikhlas/Library/Developer/Xcode/DerivedData/WebDriverAgent-bcmeffsllcldukgyoimwiehwhvyz/Build/Intermediates.noindex/WebDriverAgent.build/Debug-iphonesimulator/WebDriverAgentLib.build/StaticAnalyzer/WebDriverAgent/WebDriverAgentLib/normal/x86_64/FBTCPSocket.d --analyze /Users/oikhlas/.appium/node_modules/appium-xcuitest-driver/node_modules/appium-webdriveragent/WebDriverAgentLib/Routing/FBTCPSocket.m -o /Users/oikhlas/Library/Developer/Xcode/DerivedData/WebDriverAgent-bcmeffsllcldukgyoimwiehwhvyz/Build/Intermediates.noindex/WebDriverAgent.build/Debug-iphonesimulator/WebDriverAgentLib.build/StaticAnalyzer/WebDriverAgent/WebDriverAgentLib/normal/x86_64/FBTCPSocket.plist
&amp#27;[38;5;173m[Xcode]&amp#27;[0m 
&amp#27;[38;5;173m[Xcode]&amp#27;[0m 
&amp#27;[38;5;173m[Xcode]&amp#27;[0m Analyze /Users/oikhlas/.appium/node_modules/appium-xcuitest-driver/node_modules/appium-webdriveragent/WebDriverAgentLib/Routing/FBSession.m normal x86_64 (in target 'WebDriverAgentLib' from project 'WebDriverAgent')
&amp#27;[38;5;173m[Xcode]&amp#27;[0m     cd /Users/oikhlas/.appium/node_modules/appium-xcuitest-driver/node_modules/appium-webdriveragent
&amp#27;[38;5;173m[Xcode]&amp#27;[0m     /Applications/Xcode.app/Contents/Developer/Toolchains/XcodeDefault.xctoolchain/usr/bin/clang -x objective-c -target x86_64-apple-ios16.0-simulator -fmessage-length\=0 -fdiagnostics-show-note-include-stack -fmacro-backtrace-limit\=0 -std\=gnu99 -fobjc-arc -fmodules -gmodules -fmodules-cache-path\=/Users/oikhlas/Library/Developer/Xcode/DerivedData/WebDriverAgent-bcmeffsllcldukgyoimwiehwhvyz/ModuleCache.noindex -fmodules-prune-interval\=86400 -fmodules-prune-after\=345600 -fbuild-session-file\=/Users/oikhlas/Library/Developer/Xcode/DerivedData/WebDriverAgent-bcmeffsllcldukgyoimwiehwhvyz/ModuleCache.noindex/Session.modulevalidation -fmodules-validate-once-per-build-session -Wno-trigraphs -fpascal-strings -O0 -fno-common -Wmissing-field-initializers -Wno-missing-prototypes -Werror\=return-type -Wunreachable-code -Wquoted-include-in-framework-header -Wno-implicit-atomic-properties -Werror\=deprecated-objc-isa-usage -Wno-objc-interface-ivars -Werror\=objc-root-class -Warc-repeated-use-of-weak -Wno-arc-maybe-repeated-use-of-weak -Wimplicit-retain-self -Wduplicate-method-match -Wno-missing-braces -Wparentheses -Wswitch -Wunused-function -Wno-unused-label -Wunused-parameter -Wunused-variable -Wunused-value -Wempty-body -Wuninitialized -Wconditional-uninitialized -Wno-unknown-pragmas -pedantic -Wshadow -Wno-four-char-constants -Wconversion -Wconstant-conversion -Wint-conversion -Wbool-conversion -Wenum-conversion -Wfloat-conversion -Wnon-literal-null-conversion -Wobjc-literal-conversion -Wassign-enum -Wsign-compare -Wshorten-64-to-32 -Wpointer-sign -Wno-newline-eof -Wno-selector -Wno-strict-selector-match -Wundeclared-selector -Wdeprecated-implementations -Wno-implicit-fallthrough -DDEBUG\=1 -DOBJC_OLD_DISPATCH_PROTOTYPES\=0 -isysroot /Applications/Xcode.app/Contents/Developer/Platforms/iPhoneSimulator.platform/Developer/SDKs/iPhoneSimulator16.0.sdk -fasm-blocks -fstrict-aliasing -Wprotocol -Wdeprecated-declarations -g -Wno-sign-conversion -Winfinite-recursion -Wcomma -Wblock-capture-autoreleasing -Wstrict-prototypes -Wno-semicolon-before-method-body -fobjc-abi-version\=2 -fobjc-legacy-dispatch -D__clang_analyzer__ -Xclang -analyzer-output\=plist-multi-file -Xclang -analyzer-config -Xclang path-diagnostics-alternate\=true -Xclang -analyzer-config -Xclang report-in-main-source-file\=true -Xclang -analyzer-checker -Xclang optin.osx.cocoa.localizability.NonLocalizedStringChecker -Xclang -analyzer-checker -Xclang security.insecureAPI.UncheckedReturn -Xclang -analyzer-checker -Xclang security.insecureAPI.getpw -Xclang -analyzer-checker -Xclang security.insecureAPI.gets -Xclang -analyzer-checker -Xclang security.insecureAPI.mkstemp -Xclang -analyzer-checker -Xclang security.insecureAPI.mktemp -Xclang -analyzer-disable-checker -Xclang security.insecureAPI.rand -Xclang -analyzer-disable-checker -Xclang security.insecureAPI.strcpy -Xclang -analyzer-checker -Xclang security.insecureAPI.vfork -iquote /Users/oikhlas/Library/Developer/Xcode/DerivedData/WebDriverAgent-bcmeffsllcldukgyoimwiehwhvyz/Build/Intermediates.noindex/WebDriverAgent.build/Debug-iphonesimulator/WebDriverAgentLib.build/WebDriverAgentLib-generated-files.hmap -I/Users/oikhlas/Library/Developer/Xcode/DerivedData/WebDriverAgent-bcmeffsllcldukgyoimwiehwhvyz/Build/Intermediates.noindex/WebDriverAgent.build/Debug-iphonesimulator/WebDriverAgentLib.build/WebDriverAgentLib-own-target-headers.hmap -I/Users/oikhlas/Library/Developer/Xcode/DerivedData/WebDriverAgent-bcmeffsllcldukgyoimwiehwhvyz/Build/Intermediates.noindex/WebDriverAgent.build/Debug-iphonesimulator/WebDriverAgentLib.build/WebDriverAgentLib-all-target-headers.hmap -iquote /Users/oikhlas/Library/Developer/Xcode/DerivedData/WebDriverAgent-bcmeffsllcldukgyoimwiehwhvyz/Build/Intermediates.noindex/WebDriverAgent.build/Debug-iphonesimulator/WebDriverAgentLib.build/WebDriverAgentLib-project-headers.hmap -I/Users/oikhlas/Library/Developer/Xcode/DerivedData/WebDriverAgent-bcmeffsllcldukgyoimwiehwhvyz/Build/Products/Debug-iphonesimulator/include -I/Applications/Xcode.app/Contents/Developer/Platforms/iPhoneSimulator.platform/Developer/SDKs/iPhoneSimulator16.0.sdk/usr/include/libxml2 -I/Users/oikhlas/.appium/node_modules/appium-xcuitest-driver/node_modules/appium-webdriveragent/Modules -I/Users/oikhlas/Library/Developer/Xcode/DerivedData/WebDriverAgent-bcmeffsllcldukgyoimwiehwhvyz/Build/Intermediates.noindex/WebDriverAgent.build/Debug-iphonesimulator/WebDriverAgentLib.build/DerivedSources-normal/x86_64 -I/Users/oikhlas/Library/Developer/Xcode/DerivedData/WebDriverAgent-bcmeffsllcldukgyoimwiehwhvyz/Build/Intermediates.noindex/WebDriverAgent.build/Debug-iphonesimulator/WebDriverAgentLib.build/DerivedSources/x86_64 -I/Users/oikhlas/Library/Developer/Xcode/DerivedData/WebDriverAgent-bcmeffsllcldukgyoimwiehwhvyz/Build/Intermediates.noindex/WebDriverAgent.build/Debug-iphonesimulator/WebDriverAgentLib.build/DerivedSources -Weverything -Wno-objc-missing-property-synthesis -Wno-unused-macros -Wno-disabled-macro-expansion -Wno-gnu-statement-expression -Wno-language-extension-token -Wno-overriding-method-mismatch -Wno-missing-variable-declarations -Rno-module-build -Wno-auto-import -Wno-objc-interface-ivars -Wno-documentation-unknown-command -Wno-reserved-id-macro -Wno-unused-parameter -Wno-gnu-conditional-omitted-operand -Wno-explicit-ownership-type -Wno-date-time -Wno-cast-align -Wno-cstring-format-directive -Wno-double-promotion -Wno-partial-availability -Weverything -Wno-objc-missing-property-synthesis -Wno-unused-macros -Wno-disabled-macro-expansion -Wno-gnu-statement-expression -Wno-language-extension-token -Wno-overriding-method-mismatch -Wno-missing-variable-declarations -Rno-module-build -Wno-auto-import -Wno-objc-interface-ivars -Wno-documentation-unknown-command -Wno-reserved-id-macro -Wno-unused-parameter -Wno-gnu-conditional-omitted-operand -Wno-explicit-ownership-type -Wno-date-time -Wno-cast-align -Wno-cstring-format-directive -Wno-double-promotion -Wno-partial-availability -Wno-objc-messaging-id -Wno-direct-ivar-access -Wno-cast-qual -Wno-declaration-after-statement -F/Users/oikhlas/Library/Developer/Xcode/DerivedData/WebDriverAgent-bcmeffsllcldukgyoimwiehwhvyz/Build/Products/Debug-iphonesimulator -F/Applications/Xcode.app/Contents/Developer/Platforms/iPhoneSimulator.platform/Developer/Library/Frameworks -F/Applications/Xcode.app/Contents/Developer/Platforms/iPhoneSimulator.platform/Developer/Library/PrivateFrameworks -iframework /Applications/Xcode.app/Contents/Developer/Platforms/iPhoneSimulator.platform/Developer/SDKs/iPhoneSimulator16.0.sdk/Developer/Library/Frameworks -MMD -MT dependencies -MF /Users/oikhlas/Library/Developer/Xcode/DerivedData/WebDriverAgent-bcmeffsllcldukgyoimwiehwhvyz/Build/Intermediates.noindex/WebDriverAgent.build/Debug-iphonesimulator/WebDriverAgentLib.build/StaticAnalyzer/WebDriverAgent/WebDriverAgentLib/normal/x86_64/FBSession.d --analyze /Users/oikhlas/.appium/node_modules/appium-xcuitest-driver/node_modules/appium-webdriveragent/WebDriverAgentLib/Routing/FBSession.m -o /Users/oikhlas/Library/Developer/Xcode/DerivedData/WebDriverAgent-bcmeffsllcldukgyoimwiehwhvyz/Build/Intermediates.noindex/WebDriverAgent.build/Debug-iphonesimulator/WebDriverAgentLib.build/StaticAnalyzer/WebDriverAgent/WebDriverAgentLib/normal/x86_64/FBSession.plist
&amp#27;[38;5;173m[Xcode]&amp#27;[0m 
&amp#27;[38;5;173m[Xcode]&amp#27;[0m 
&amp#27;[38;5;173m[Xcode]&amp#27;[0m Analyze /Users/oikhlas/.appium/node_modules/appium-xcuitest-driver/node_modules/appium-webdriveragent/WebDriverAgentLib/Routing/FBRouteRequest.m normal x86_64 (in target 'WebDriverAgentLib' from project 'WebDriverAgent')
&amp#27;[38;5;173m[Xcode]&amp#27;[0m     cd /Users/oikhlas/.appium/node_modules/appium-xcuitest-driver/node_modules/appium-webdriveragent
&amp#27;[38;5;173m[Xcode]&amp#27;[0m     /Applications/Xcode.app/Contents/Developer/Toolchains/XcodeDefault.xctoolchain/usr/bin/clang -x objective-c -target x86_64-apple-ios16.0-simulator -fmessage-length\=0 -fdiagnostics-show-note-include-stack -fmacro-backtrace-limit\=0 -std\=gnu99 -fobjc-arc -fmodules -gmodules -fmodules-cache-path\=/Users/oikhlas/Library/Developer/Xcode/DerivedData/WebDriverAgent-bcmeffsllcldukgyoimwiehwhvyz/ModuleCache.noindex -fmodules-prune-interval\=86400 -fmodules-prune-after\=345600 -fbuild-session-file\=/Users/oikhlas/Library/Developer/Xcode/DerivedData/WebDriverAgent-bcmeffsllcldukgyoimwiehwhvyz/ModuleCache.noindex/Session.modulevalidation -fmodules-validate-once-per-build-session -Wno-trigraphs -fpascal-strings -O0 -fno-common -Wmissing-field-initializers -Wno-missing-prototypes -Werror\=return-type -Wunreachable-code -Wquoted-include-in-framework-header -Wno-implicit-atomic-properties -Werror\=deprecated-objc-isa-usage -Wno-objc-interface-ivars -Werror\=objc-root-class -Warc-repeated-use-of-weak -Wno-arc-maybe-repeated-use-of-weak -Wimplicit-retain-self -Wduplicate-method-match -Wno-missing-braces -Wparentheses -Wswitch -Wunused-function -Wno-unused-label -Wunused-parameter -Wunused-variable -Wunused-value -Wempty-body -Wuninitialized -Wconditional-uninitialized -Wno-unknown-pragmas -pedantic -Wshadow -Wno-four-char-constants -Wconversion -Wconstant-conversion -Wint-conversion -Wbool-conversion -Wenum-conversion -Wfloat-conversion -Wnon-literal-null-conversion -Wobjc-literal-conversion -Wassign-enum -Wsign-compare -Wshorten-64-to-32 -Wpointer-sign -Wno-newline-eof -Wno-selector -Wno-strict-selector-match -Wundeclared-selector -Wdeprecated-implementations -Wno-implicit-fallthrough -DDEBUG\=1 -DOBJC_OLD_DISPATCH_PROTOTYPES\=0 -isysroot /Applications/Xcode.app/Contents/Developer/Platforms/iPhoneSimulator.platform/Developer/SDKs/iPhoneSimulator16.0.sdk -fasm-blocks -fstrict-aliasing -Wprotocol -Wdeprecated-declarations -g -Wno-sign-conversion -Winfinite-recursion -Wcomma -Wblock-capture-autoreleasing -Wstrict-prototypes -Wno-semicolon-before-method-body -fobjc-abi-version\=2 -fobjc-legacy-dispatch -D__clang_analyzer__ -Xclang -analyzer-output\=plist-multi-file -Xclang -analyzer-config -Xclang path-diagnostics-alternate\=true -Xclang -analyzer-config -Xclang report-in-main-source-file\=true -Xclang -analyzer-checker -Xclang optin.osx.cocoa.localizability.NonLocalizedStringChecker -Xclang -analyzer-checker -Xclang security.insecureAPI.UncheckedReturn -Xclang -analyzer-checker -Xclang security.insecureAPI.getpw -Xclang -analyzer-checker -Xclang security.insecureAPI.gets -Xclang -analyzer-checker -Xclang security.insecureAPI.mkstemp -Xclang -analyzer-checker -Xclang security.insecureAPI.mktemp -Xclang -analyzer-disable-checker -Xclang security.insecureAPI.rand -Xclang -analyzer-disable-checker -Xclang security.insecureAPI.strcpy -Xclang -analyzer-checker -Xclang security.insecureAPI.vfork -iquote /Users/oikhlas/Library/Developer/Xcode/DerivedData/WebDriverAgent-bcmeffsllcldukgyoimwiehwhvyz/Build/Intermediates.noindex/WebDriverAgent.build/Debug-iphonesimulator/WebDriverAgentLib.build/WebDriverAgentLib-generated-files.hmap -I/Users/oikhlas/Library/Developer/Xcode/DerivedData/WebDriverAgent-bcmeffsllcldukgyoimwiehwhvyz/Build/Intermediates.noindex/WebDriverAgent.build/Debug-iphonesimulator/WebDriverAgentLib.build/WebDriverAgentLib-own-target-headers.hmap -I/Users/oikhlas/Library/Developer/Xcode/DerivedData/WebDriverAgent-bcmeffsllcldukgyoimwiehwhvyz/Build/Intermediates.noindex/WebDriverAgent.build/Debug-iphonesimulator/WebDriverAgentLib.build/WebDriverAgentLib-all-target-headers.hmap -iquote /Users/oikhlas/Library/Developer/Xcode/DerivedData/WebDriverAgent-bcmeffsllcldukgyoimwiehwhvyz/Build/Intermediates.noindex/WebDriverAgent.build/Debug-iphonesimulator/WebDriverAgentLib.build/WebDriverAgentLib-project-headers.hmap -I/Users/oikhlas/Library/Developer/Xcode/DerivedData/WebDriverAgent-bcmeffsllcldukgyoimwiehwhvyz/Build/Products/Debug-iphonesimulator/include -I/Applications/Xcode.app/Contents/Developer/Platforms/iPhoneSimulator.platform/Developer/SDKs/iPhoneSimulator16.0.sdk/usr/include/libxml2 -I/Users/oikhlas/.appium/node_modules/appium-xcuitest-driver/node_modules/appium-webdriveragent/Modules -I/Users/oikhlas/Library/Developer/Xcode/DerivedData/WebDriverAgent-bcmeffsllcldukgyoimwiehwhvyz/Build/Intermediates.noindex/WebDriverAgent.build/Debug-iphonesimulator/WebDriverAgentLib.build/DerivedSources-normal/x86_64 -I/Users/oikhlas/Library/Developer/Xcode/DerivedData/WebDriverAgent-bcmeffsllcldukgyoimwiehwhvyz/Build/Intermediates.noindex/WebDriverAgent.build/Debug-iphonesimulator/WebDriverAgentLib.build/DerivedSources/x86_64 -I/Users/oikhlas/Library/Developer/Xcode/DerivedData/WebDriverAgent-bcmeffsllcldukgyoimwiehwhvyz/Build/Intermediates.noindex/WebDriverAgent.build/Debug-iphonesimulator/WebDriverAgentLib.build/DerivedSources -Weverything -Wno-objc-missing-property-synthesis -Wno-unused-macros -Wno-disabled-macro-expansion -Wno-gnu-statement-expression -Wno-language-extension-token -Wno-overriding-method-mismatch -Wno-missing-variable-declarations -Rno-module-build -Wno-auto-import -Wno-objc-interface-ivars -Wno-documentation-unknown-command -Wno-reserved-id-macro -Wno-unused-parameter -Wno-gnu-conditional-omitted-operand -Wno-explicit-ownership-type -Wno-date-time -Wno-cast-align -Wno-cstring-format-directive -Wno-double-promotion -Wno-partial-availability -Weverything -Wno-objc-missing-property-synthesis -Wno-unused-macros -Wno-disabled-macro-expansion -Wno-gnu-statement-expression -Wno-language-extension-token -Wno-overriding-method-mismatch -Wno-missing-variable-declarations -Rno-module-build -Wno-auto-import -Wno-objc-interface-ivars -Wno-documentation-unknown-command -Wno-reserved-id-macro -Wno-unused-parameter -Wno-gnu-conditional-omitted-operand -Wno-explicit-ownership-type -Wno-date-time -Wno-cast-align -Wno-cstring-format-directive -Wno-double-promotion -Wno-partial-availability -Wno-objc-messaging-id -Wno-direct-ivar-access -Wno-cast-qual -Wno-declaration-after-statement -F/Users/oikhlas/Library/Developer/Xcode/DerivedData/WebDriverAgent-bcmeffsllcldukgyoimwiehwhvyz/Build/Products/Debug-iphonesimulator -F/Applications/Xcode.app/Contents/Developer/Platforms/iPhoneSimulator.platform/Developer/Library/Frameworks -F/Applications/Xcode.app/Contents/Developer/Platforms/iPhoneSimulator.platform/Developer/Library/PrivateFrameworks -iframework /Applications/Xcode.app/Contents/Developer/Platforms/iPhoneSimulator.platform/Developer/SDKs/iPhoneSimulator16.0.sdk/Developer/Library/Frameworks -MMD -MT dependencies -MF /Users/oikhlas/Library/Developer/Xcode/DerivedData/WebDriverAgent-bcmeffsllcldukgyoimwiehwhvyz/Build/Intermediates.noindex/WebDriverAgent.build/Debug-iphonesimulator/WebDriverAgentLib.build/StaticAnalyzer/WebDriverAgent/WebDriverAgentLib/normal/x86_64/FBRouteRequest.d --analyze /Users/oikhlas/.appium/node_modules/appium-xcuitest-driver/node_modules/appium-webdriveragent/WebDriverAgentLib/Routing/FBRouteRequest.m -o /Users/oikhlas/Library/Developer/Xcode/DerivedData/WebDriverAgent-bcmeffsllcldukgyoimwiehwhvyz/Build/Intermediates.noindex/WebDriverAgent.build/Debug-iphonesimulator/WebDriverAgentLib.build/StaticAnalyzer/WebDriverAgent/WebDriverAgentLib/normal/x86_64/FBRouteRequest.plist
&amp#27;[38;5;173m[Xcode]&amp#27;[0m 
&amp#27;[38;5;173m[Xcode]&amp#27;[0m 
&amp#27;[38;5;173m[Xcode]&amp#27;[0m Analyze /Users/oikhlas/.appium/node_modules/appium-xcuitest-driver/node_modules/appium-webdriveragent/WebDriverAgentLib/Routing/FBRoute.m normal x86_64 (in target 'WebDriverAgentLib' from project 'WebDriverAgent')
&amp#27;[38;5;173m[Xcode]&amp#27;[0m     cd /Users/oikhlas/.appium/node_modules/appium-xcuitest-driver/node_modules/appium-webdriveragent
&amp#27;[38;5;173m[Xcode]&amp#27;[0m     /Applications/Xcode.app/Contents/Developer/Toolchains/XcodeDefault.xctoolchain/usr/bin/clang -x objective-c -target x86_64-apple-ios16.0-simulator -fmessage-length\=0 -fdiagnostics-show-note-include-stack -fmacro-backtrace-limit\=0 -std\=gnu99 -fobjc-arc -fmodules -gmodules -fmodules-cache-path\=/Users/oikhlas/Library/Developer/Xcode/DerivedData/WebDriverAgent-bcmeffsllcldukgyoimwiehwhvyz/ModuleCache.noindex -fmodules-prune-interval\=86400 -fmodules-prune-after\=345600 -fbuild-session-file\=/Users/oikhlas/Library/Developer/Xcode/DerivedData/WebDriverAgent-bcmeffsllcldukgyoimwiehwhvyz/ModuleCache.noindex/Session.modulevalidation -fmodules-validate-once-per-build-session -Wno-trigraphs -fpascal-strings -O0 -fno-common -Wmissing-field-initializers -Wno-missing-prototypes -Werror\=return-type -Wunreachable-code -Wquoted-include-in-framework-header -Wno-implicit-atomic-properties -Werror\=deprecated-objc-isa-usage -Wno-objc-interface-ivars -Werror\=objc-root-class -Warc-repeated-use-of-weak -Wno-arc-maybe-repeated-use-of-weak -Wimplicit-retain-self -Wduplicate-method-match -Wno-missing-braces -Wparentheses -Wswitch -Wunused-function -Wno-unused-label -Wunused-parameter -Wunused-variable -Wunused-value -Wempty-body -Wuninitialized -Wconditional-uninitialized -Wno-unknown-pragmas -pedantic -Wshadow -Wno-four-char-constants -Wconversion -Wconstant-conversion -Wint-conversion -Wbool-conversion -Wenum-conversion -Wfloat-conversion -Wnon-literal-null-conversion -Wobjc-literal-conversion -Wassign-enum -Wsign-compare -Wshorten-64-to-32 -Wpointer-sign -Wno-newline-eof -Wno-selector -Wno-strict-selector-match -Wundeclared-selector -Wdeprecated-implementations -Wno-implicit-fallthrough -DDEBUG\=1 -DOBJC_OLD_DISPATCH_PROTOTYPES\=0 -isysroot /Applications/Xcode.app/Contents/Developer/Platforms/iPhoneSimulator.platform/Developer/SDKs/iPhoneSimulator16.0.sdk -fasm-blocks -fstrict-aliasing -Wprotocol -Wdeprecated-declarations -g -Wno-sign-conversion -Winfinite-recursion -Wcomma -Wblock-capture-autoreleasing -Wstrict-prototypes -Wno-semicolon-before-method-body -fobjc-abi-version\=2 -fobjc-legacy-dispatch -D__clang_analyzer__ -Xclang -analyzer-output\=plist-multi-file -Xclang -analyzer-config -Xclang path-diagnostics-alternate\=true -Xclang -analyzer-config -Xclang report-in-main-source-file\=true -Xclang -analyzer-checker -Xclang optin.osx.cocoa.localizability.NonLocalizedStringChecker -Xclang -analyzer-checker -Xclang security.insecureAPI.UncheckedReturn -Xclang -analyzer-checker -Xclang security.insecureAPI.getpw -Xclang -analyzer-checker -Xclang security.insecureAPI.gets -Xclang -analyzer-checker -Xclang security.insecureAPI.mkstemp -Xclang -analyzer-checker -Xclang security.insecureAPI.mktemp -Xclang -analyzer-disable-checker -Xclang security.insecureAPI.rand -Xclang -analyzer-disable-checker -Xclang security.insecureAPI.strcpy -Xclang -analyzer-checker -Xclang security.insecureAPI.vfork -iquote /Users/oikhlas/Library/Developer/Xcode/DerivedData/WebDriverAgent-bcmeffsllcldukgyoimwiehwhvyz/Build/Intermediates.noindex/WebDriverAgent.build/Debug-iphonesimulator/WebDriverAgentLib.build/WebDriverAgentLib-generated-files.hmap -I/Users/oikhlas/Library/Developer/Xcode/DerivedData/WebDriverAgent-bcmeffsllcldukgyoimwiehwhvyz/Build/Intermediates.noindex/WebDriverAgent.build/Debug-iphonesimulator/WebDriverAgentLib.build/WebDriverAgentLib-own-target-headers.hmap -I/Users/oikhlas/Library/Developer/Xcode/DerivedData/WebDriverAgent-bcmeffsllcldukgyoimwiehwhvyz/Build/Intermediates.noindex/WebDriverAgent.build/Debug-iphonesimulator/WebDriverAgentLib.build/WebDriverAgentLib-all-target-headers.hmap -iquote /Users/oikhlas/Library/Developer/Xcode/DerivedData/WebDriverAgent-bcmeffsllcldukgyoimwiehwhvyz/Build/Intermediates.noindex/WebDriverAgent.build/Debug-iphonesimulator/WebDriverAgentLib.build/WebDriverAgentLib-project-headers.hmap -I/Users/oikhlas/Library/Developer/Xcode/DerivedData/WebDriverAgent-bcmeffsllcldukgyoimwiehwhvyz/Build/Products/Debug-iphonesimulator/include -I/Applications/Xcode.app/Contents/Developer/Platforms/iPhoneSimulator.platform/Developer/SDKs/iPhoneSimulator16.0.sdk/usr/include/libxml2 -I/Users/oikhlas/.appium/node_modules/appium-xcuitest-driver/node_modules/appium-webdriveragent/Modules -I/Users/oikhlas/Library/Developer/Xcode/DerivedData/WebDriverAgent-bcmeffsllcldukgyoimwiehwhvyz/Build/Intermediates.noindex/WebDriverAgent.build/Debug-iphonesimulator/WebDriverAgentLib.build/DerivedSources-normal/x86_64 -I/Users/oikhlas/Library/Developer/Xcode/DerivedData/WebDriverAgent-bcmeffsllcldukgyoimwiehwhvyz/Build/Intermediates.noindex/WebDriverAgent.build/Debug-iphonesimulator/WebDriverAgentLib.build/DerivedSources/x86_64 -I/Users/oikhlas/Library/Developer/Xcode/DerivedData/WebDriverAgent-bcmeffsllcldukgyoimwiehwhvyz/Build/Intermediates.noindex/WebDriverAgent.build/Debug-iphonesimulator/WebDriverAgentLib.build/DerivedSources -Weverything -Wno-objc-missing-property-synthesis -Wno-unused-macros -Wno-disabled-macro-expansion -Wno-gnu-statement-expression -Wno-language-extension-token -Wno-overriding-method-mismatch -Wno-missing-variable-declarations -Rno-module-build -Wno-auto-import -Wno-objc-interface-ivars -Wno-documentation-unknown-command -Wno-reserved-id-macro -Wno-unused-parameter -Wno-gnu-conditional-omitted-operand -Wno-explicit-ownership-type -Wno-date-time -Wno-cast-align -Wno-cstring-format-directive -Wno-double-promotion -Wno-partial-availability -Weverything -Wno-objc-missing-property-synthesis -Wno-unused-macros -Wno-disabled-macro-expansion -Wno-gnu-statement-expression -Wno-language-extension-token -Wno-overriding-method-mismatch -Wno-missing-variable-declarations -Rno-module-build -Wno-auto-import -Wno-objc-interface-ivars -Wno-documentation-unknown-command -Wno-reserved-id-macro -Wno-unused-parameter -Wno-gnu-conditional-omitted-operand -Wno-explicit-ownership-type -Wno-date-time -Wno-cast-align -Wno-cstring-format-directive -Wno-double-promotion -Wno-partial-availability -Wno-objc-messaging-id -Wno-direct-ivar-access -Wno-cast-qual -Wno-declaration-after-statement -F/Users/oikhlas/Library/Developer/Xcode/DerivedData/WebDriverAgent-bcmeffsllcldukgyoimwiehwhvyz/Build/Products/Debug-iphonesimulator -F/Applications/Xcode.app/Contents/Developer/Platforms/iPhoneSimulator.platform/Developer/Library/Frameworks -F/Applications/Xcode.app/Contents/Developer/Platforms/iPhoneSimulator.platform/Developer/Library/PrivateFrameworks -iframework /Applications/Xcode.app/Contents/Developer/Platforms/iPhoneSimulator.platform/Developer/SDKs/iPhoneSimulator16.0.sdk/Developer/Library/Frameworks -MMD -MT dependencies -MF /Users/oikhlas/Library/Developer/Xcode/DerivedData/WebDriverAgent-bcmeffsllcldukgyoimwiehwhvyz/Build/Intermediates.noindex/WebDriverAgent.build/Debug-iphonesimulator/WebDriverAgentLib.build/StaticAnalyzer/WebDriverAgent/WebDriverAgentLib/normal/x86_64/FBRoute.d --analyze /Users/oikhlas/.appium/node_modules/appium-xcuitest-driver/node_modules/appium-webdriveragent/WebDriverAgentLib/Routing/FBRoute.m -o /Users/oikhlas/Library/Developer/Xcode/DerivedData/WebDriverAgent-bcmeffsllcldukgyoimwiehwhvyz/Build/Intermediates.noindex/WebDriverAgent.build/Debug-iphonesimulator/WebDriverAgentLib.build/StaticAnalyzer/WebDriverAgent/WebDriverAgentLib/normal/x86_64/FBRoute.plist
&amp#27;[38;5;173m[Xcode]&amp#27;[0m 
&amp#27;[38;5;173m[Xcode]&amp#27;[0m 
&amp#27;[38;5;173m[Xcode]&amp#27;[0m Analyze /Users/oikhlas/.appium/node_modules/appium-xcuitest-driver/node_modules/appium-webdriveragent/WebDriverAgentLib/Routing/FBResponsePayload.m normal x86_64 (in target 'WebDriverAgentLib' from project 'WebDriverAgent')
&amp#27;[38;5;173m[Xcode]&amp#27;[0m     cd /Users/oikhlas/.appium/node_modules/appium-xcuitest-driver/node_modules/appium-webdriveragent
&amp#27;[38;5;173m[Xcode]&amp#27;[0m     /Applications/Xcode.app/Contents/Developer/Toolchains/XcodeDefault.xctoolchain/usr/bin/clang -x objective-c -target x86_64-apple-ios16.0-simulator -fmessage-length\=0 -fdiagnostics-show-note-include-stack -fmacro-backtrace-limit\=0 -std\=gnu99 -fobjc-arc -fmodules -gmodules -fmodules-cache-path\=/Users/oikhlas/Library/Developer/Xcode/DerivedData/WebDriverAgent-bcmeffsllcldukgyoimwiehwhvyz/ModuleCache.noindex -fmodules-prune-interval\=86400 -fmodules-prune-after\=345600 -fbuild-session-file\=/Users/oikhlas/Library/Developer/Xcode/DerivedData/WebDriverAgent-bcmeffsllcldukgyoimwiehwhvyz/ModuleCache.noindex/Session.modulevalidation -fmodules-validate-once-per-build-session -Wno-trigraphs -fpascal-strings -O0 -fno-common -Wmissing-field-initializers -Wno-missing-prototypes -Werror\=return-type -Wunreachable-code -Wquoted-include-in-framework-header -Wno-implicit-atomic-properties -Werror\=deprecated-objc-isa-usage -Wno-objc-interface-ivars -Werror\=objc-root-class -Warc-repeated-use-of-weak -Wno-arc-maybe-repeated-use-of-weak -Wimplicit-retain-self -Wduplicate-method-match -Wno-missing-braces -Wparentheses -Wswitch -Wunused-function -Wno-unused-label -Wunused-parameter -Wunused-variable -Wunused-value -Wempty-body -Wuninitialized -Wconditional-uninitialized -Wno-unknown-pragmas -pedantic -Wshadow -Wno-four-char-constants -Wconversion -Wconstant-conversion -Wint-conversion -Wbool-conversion -Wenum-conversion -Wfloat-conversion -Wnon-literal-null-conversion -Wobjc-literal-conversion -Wassign-enum -Wsign-compare -Wshorten-64-to-32 -Wpointer-sign -Wno-newline-eof -Wno-selector -Wno-strict-selector-match -Wundeclared-selector -Wdeprecated-implementations -Wno-implicit-fallthrough -DDEBUG\=1 -DOBJC_OLD_DISPATCH_PROTOTYPES\=0 -isysroot /Applications/Xcode.app/Contents/Developer/Platforms/iPhoneSimulator.platform/Developer/SDKs/iPhoneSimulator16.0.sdk -fasm-blocks -fstrict-aliasing -Wprotocol -Wdeprecated-declarations -g -Wno-sign-conversion -Winfinite-recursion -Wcomma -Wblock-capture-autoreleasing -Wstrict-prototypes -Wno-semicolon-before-method-body -fobjc-abi-version\=2 -fobjc-legacy-dispatch -D__clang_analyzer__ -Xclang -analyzer-output\=plist-multi-file -Xclang -analyzer-config -Xclang path-diagnostics-alternate\=true -Xclang -analyzer-config -Xclang report-in-main-source-file\=true -Xclang -analyzer-checker -Xclang optin.osx.cocoa.localizability.NonLocalizedStringChecker -Xclang -analyzer-checker -Xclang security.insecureAPI.UncheckedReturn -Xclang -analyzer-checker -Xclang security.insecureAPI.getpw -Xclang -analyzer-checker -Xclang security.insecureAPI.gets -Xclang -analyzer-checker -Xclang security.insecureAPI.mkstemp -Xclang -analyzer-checker -Xclang security.insecureAPI.mktemp -Xclang -analyzer-disable-checker -Xclang security.insecureAPI.rand -Xclang -analyzer-disable-checker -Xclang security.insecureAPI.strcpy -Xclang -analyzer-checker -Xclang security.insecureAPI.vfork -iquote /Users/oikhlas/Library/Developer/Xcode/DerivedData/WebDriverAgent-bcmeffsllcldukgyoimwiehwhvyz/Build/Intermediates.noindex/WebDriverAgent.build/Debug-iphonesimulator/WebDriverAgentLib.build/WebDriverAgentLib-generated-files.hmap -I/Users/oikhlas/Library/Developer/Xcode/DerivedData/WebDriverAgent-bcmeffsllcldukgyoimwiehwhvyz/Build/Intermediates.noindex/WebDriverAgent.build/Debug-iphonesimulator/WebDriverAgentLib.build/WebDriverAgentLib-own-target-headers.hmap -I/Users/oikhlas/Library/Developer/Xcode/DerivedData/WebDriverAgent-bcmeffsllcldukgyoimwiehwhvyz/Build/Intermediates.noindex/WebDriverAgent.build/Debug-iphonesimulator/WebDriverAgentLib.build/WebDriverAgentLib-all-target-headers.hmap -iquote /Users/oikhlas/Library/Developer/Xcode/DerivedData/WebDriverAgent-bcmeffsllcldukgyoimwiehwhvyz/Build/Intermediates.noindex/WebDriverAgent.build/Debug-iphonesimulator/WebDriverAgentLib.build/WebDriverAgentLib-project-headers.hmap -I/Users/oikhlas/Library/Developer/Xcode/DerivedData/WebDriverAgent-bcmeffsllcldukgyoimwiehwhvyz/Build/Products/Debug-iphonesimulator/include -I/Applications/Xcode.app/Contents/Developer/Platforms/iPhoneSimulator.platform/Developer/SDKs/iPhoneSimulator16.0.sdk/usr/include/libxml2 -I/Users/oikhlas/.appium/node_modules/appium-xcuitest-driver/node_modules/appium-webdriveragent/Modules -I/Users/oikhlas/Library/Developer/Xcode/DerivedData/WebDriverAgent-bcmeffsllcldukgyoimwiehwhvyz/Build/Intermediates.noindex/WebDriverAgent.build/Debug-iphonesimulator/WebDriverAgentLib.build/DerivedSources-normal/x86_64 -I/Users/oikhlas/Library/Developer/Xcode/DerivedData/WebDriverAgent-bcmeffsllcldukgyoimwiehwhvyz/Build/Intermediates.noindex/WebDriverAgent.build/Debug-iphonesimulator/WebDriverAgentLib.build/DerivedSources/x86_64 -I/Users/oikhlas/Library/Developer/Xcode/DerivedData/WebDriverAgent-bcmeffsllcldukgyoimwiehwhvyz/Build/Intermediates.noindex/WebDriverAgent.build/Debug-iphonesimulator/WebDriverAgentLib.build/DerivedSources -Weverything -Wno-objc-missing-property-synthesis -Wno-unused-macros -Wno-disabled-macro-expansion -Wno-gnu-statement-expression -Wno-language-extension-token -Wno-overriding-method-mismatch -Wno-missing-variable-declarations -Rno-module-build -Wno-auto-import -Wno-objc-interface-ivars -Wno-documentation-unknown-command -Wno-reserved-id-macro -Wno-unused-parameter -Wno-gnu-conditional-omitted-operand -Wno-explicit-ownership-type -Wno-date-time -Wno-cast-align -Wno-cstring-format-directive -Wno-double-promotion -Wno-partial-availability -Weverything -Wno-objc-missing-property-synthesis -Wno-unused-macros -Wno-disabled-macro-expansion -Wno-gnu-statement-expression -Wno-language-extension-token -Wno-overriding-method-mismatch -Wno-missing-variable-declarations -Rno-module-build -Wno-auto-import -Wno-objc-interface-ivars -Wno-documentation-unknown-command -Wno-reserved-id-macro -Wno-unused-parameter -Wno-gnu-conditional-omitted-operand -Wno-explicit-ownership-type -Wno-date-time -Wno-cast-align -Wno-cstring-format-directive -Wno-double-promotion -Wno-partial-availability -Wno-objc-messaging-id -Wno-direct-ivar-access -Wno-cast-qual -Wno-declaration-after-statement -F/Users/oikhlas/Library/Developer/Xcode/DerivedData/WebDriverAgent-bcmeffsllcldukgyoimwiehwhvyz/Build/Products/Debug-iphonesimulator -F/Applications/Xcode.app/Contents/Developer/Platforms/iPhoneSimulator.platform/Developer/Library/Frameworks -F/Applications/Xcode.app/Contents/Developer/Platforms/iPhoneSimulator.platform/Developer/Library/PrivateFrameworks -iframework /Applications/Xcode.app/Contents/Developer/Platforms/iPhoneSimulator.platform/Developer/SDKs/iPhoneSimulator16.0.sdk/Developer/Library/Frameworks -MMD -MT dependencies -MF /Users/oikhlas/Library/Developer/Xcode/DerivedData/WebDriverAgent-bcmeffsllcldukgyoimwiehwhvyz/Build/Intermediates.noindex/WebDriverAgent.build/Debug-iphonesimulator/WebDriverAgentLib.build/StaticAnalyzer/WebDriverAgent/WebDriverAgentLib/normal/x86_64/FBResponsePayload.d --analyze /Users/oikhlas/.appium/node_modules/appium-xcuitest-driver/node_modules/appium-webdriveragent/WebDriverAgentLib/Routing/FBResponsePayload.m -o /Users/oikhlas/Library/Developer/Xcode/DerivedData/WebDriverAgent-bcmeffsllcldukgyoimwiehwhvyz/Build/Intermediates.noindex/WebDriverAgent.build/Debug-iphonesimulator/WebDriverAgentLib.build/StaticAnalyzer/WebDriverAgent/WebDriverAgentLib/normal/x86_64/FBResponsePayload.plist
&amp#27;[38;5;173m[Xcode]&amp#27;[0m 
&amp#27;[38;5;-42m[XCUITestDriver@9d32 (dbe4db21)]&amp#27;[0m Matched '/status' to command name 'getStatus'
&amp#27;[38;5;-42m[XCUITestDriver@9d32 (dbe4db21)]&amp#27;[0m Proxying [GET /status] to [GET http://127.0.0.1:8100/status] with no body
&amp#27;[38;5;-42m[XCUITestDriver@9d32 (dbe4db21)]&amp#27;[0m connect ECONNREFUSED 127.0.0.1:8100
&amp#27;[38;5;-42m[XCUITestDriver@9d32 (dbe4db21)]&amp#27;[0m Matched '/status' to command name 'getStatus'
&amp#27;[38;5;-42m[XCUITestDriver@9d32 (dbe4db21)]&amp#27;[0m Proxying [GET /status] to [GET http://127.0.0.1:8100/status] with no body
&amp#27;[38;5;-42m[XCUITestDriver@9d32 (dbe4db21)]&amp#27;[0m connect ECONNREFUSED 127.0.0.1:8100
&amp#27;[38;5;173m[Xcode]&amp#27;[0m 
&amp#27;[38;5;173m[Xcode]&amp#27;[0m 
&amp#27;[38;5;173m[Xcode]&amp#27;[0m Analyze /Users/oikhlas/.appium/node_modules/appium-xcuitest-driver/node_modules/appium-webdriveragent/WebDriverAgentLib/Routing/FBResponseJSONPayload.m normal x86_64 (in target 'WebDriverAgentLib' from project 'WebDriverAgent')
&amp#27;[38;5;173m[Xcode]&amp#27;[0m     cd /Users/oikhlas/.appium/node_modules/appium-xcuitest-driver/node_modules/appium-webdriveragent
&amp#27;[38;5;173m[Xcode]&amp#27;[0m     /Applications/Xcode.app/Contents/Developer/Toolchains/XcodeDefault.xctoolchain/usr/bin/clang -x objective-c -target x86_64-apple-ios16.0-simulator -fmessage-length\=0 -fdiagnostics-show-note-include-stack -fmacro-backtrace-limit\=0 -std\=gnu99 -fobjc-arc -fmodules -gmodules -fmodules-cache-path\=/Users/oikhlas/Library/Developer/Xcode/DerivedData/WebDriverAgent-bcmeffsllcldukgyoimwiehwhvyz/ModuleCache.noindex -fmodules-prune-interval\=86400 -fmodules-prune-after\=345600 -fbuild-session-file\=/Users/oikhlas/Library/Developer/Xcode/DerivedData/WebDriverAgent-bcmeffsllcldukgyoimwiehwhvyz/ModuleCache.noindex/Session.modulevalidation -fmodules-validate-once-per-build-session -Wno-trigraphs -fpascal-strings -O0 -fno-common -Wmissing-field-initializers -Wno-missing-prototypes -Werror\=return-type -Wunreachable-code -Wquoted-include-in-framework-header -Wno-implicit-atomic-properties -Werror\=deprecated-objc-isa-usage -Wno-objc-interface-ivars -Werror\=objc-root-class -Warc-repeated-use-of-weak -Wno-arc-maybe-repeated-use-of-weak -Wimplicit-retain-self -Wduplicate-method-match -Wno-missing-braces -Wparentheses -Wswitch -Wunused-function -Wno-unused-label -Wunused-parameter -Wunused-variable -Wunused-value -Wempty-body -Wuninitialized -Wconditional-uninitialized -Wno-unknown-pragmas -pedantic -Wshadow -Wno-four-char-constants -Wconversion -Wconstant-conversion -Wint-conversion -Wbool-conversion -Wenum-conversion -Wfloat-conversion -Wnon-literal-null-conversion -Wobjc-literal-conversion -Wassign-enum -Wsign-compare -Wshorten-64-to-32 -Wpointer-sign -Wno-newline-eof -Wno-selector -Wno-strict-selector-match -Wundeclared-selector -Wdeprecated-implementations -Wno-implicit-fallthrough -DDEBUG\=1 -DOBJC_OLD_DISPATCH_PROTOTYPES\=0 -isysroot /Applications/Xcode.app/Contents/Developer/Platforms/iPhoneSimulator.platform/Developer/SDKs/iPhoneSimulator16.0.sdk -fasm-blocks -fstrict-aliasing -Wprotocol -Wdeprecated-declarations -g -Wno-sign-conversion -Winfinite-recursion -Wcomma -Wblock-capture-autoreleasing -Wstrict-prototypes -Wno-semicolon-before-method-body -fobjc-abi-version\=2 -fobjc-legacy-dispatch -D__clang_analyzer__ -Xclang -analyzer-output\=plist-multi-file -Xclang -analyzer-config -Xclang path-diagnostics-alternate\=true -Xclang -analyzer-config -Xclang report-in-main-source-file\=true -Xclang -analyzer-checker -Xclang optin.osx.cocoa.localizability.NonLocalizedStringChecker -Xclang -analyzer-checker -Xclang security.insecureAPI.UncheckedReturn -Xclang -analyzer-checker -Xclang security.insecureAPI.getpw -Xclang -analyzer-checker -Xclang security.insecureAPI.gets -Xclang -analyzer-checker -Xclang security.insecureAPI.mkstemp -Xclang -analyzer-checker -Xclang security.insecureAPI.mktemp -Xclang -analyzer-disable-checker -Xclang security.insecureAPI.rand -Xclang -analyzer-disable-checker -Xclang security.insecureAPI.strcpy -Xclang -analyzer-checker -Xclang security.insecureAPI.vfork -iquote /Users/oikhlas/Library/Developer/Xcode/DerivedData/WebDriverAgent-bcmeffsllcldukgyoimwiehwhvyz/Build/Intermediates.noindex/WebDriverAgent.build/Debug-iphonesimulator/WebDriverAgentLib.build/WebDriverAgentLib-generated-files.hmap -I/Users/oikhlas/Library/Developer/Xcode/DerivedData/WebDriverAgent-bcmeffsllcldukgyoimwiehwhvyz/Build/Intermediates.noindex/WebDriverAgent.build/Debug-iphonesimulator/WebDriverAgentLib.build/WebDriverAgentLib-own-target-headers.hmap -I/Users/oikhlas/Library/Developer/Xcode/DerivedData/WebDriverAgent-bcmeffsllcldukgyoimwiehwhvyz/Build/Intermediates.noindex/WebDriverAgent.build/Debug-iphonesimulator/WebDriverAgentLib.build/WebDriverAgentLib-all-target-headers.hmap -iquote /Users/oikhlas/Library/Developer/Xcode/DerivedData/WebDriverAgent-bcmeffsllcldukgyoimwiehwhvyz/Build/Intermediates.noindex/WebDriverAgent.build/Debug-iphonesimulator/WebDriverAgentLib.build/WebDriverAgentLib-project-headers.hmap -I/Users/oikhlas/Library/Developer/Xcode/DerivedData/WebDriverAgent-bcmeffsllcldukgyoimwiehwhvyz/Build/Products/Debug-iphonesimulator/include -I/Applications/Xcode.app/Contents/Developer/Platforms/iPhoneSimulator.platform/Developer/SDKs/iPhoneSimulator16.0.sdk/usr/include/libxml2 -I/Users/oikhlas/.appium/node_modules/appium-xcuitest-driver/node_modules/appium-webdriveragent/Modules -I/Users/oikhlas/Library/Developer/Xcode/DerivedData/WebDriverAgent-bcmeffsllcldukgyoimwiehwhvyz/Build/Intermediates.noindex/WebDriverAgent.build/Debug-iphonesimulator/WebDriverAgentLib.build/DerivedSources-normal/x86_64 -I/Users/oikhlas/Library/Developer/Xcode/DerivedData/WebDriverAgent-bcmeffsllcldukgyoimwiehwhvyz/Build/Intermediates.noindex/WebDriverAgent.build/Debug-iphonesimulator/WebDriverAgentLib.build/DerivedSources/x86_64 -I/Users/oikhlas/Library/Developer/Xcode/DerivedData/WebDriverAgent-bcmeffsllcldukgyoimwiehwhvyz/Build/Intermediates.noindex/WebDriverAgent.build/Debug-iphonesimulator/WebDriverAgentLib.build/DerivedSources -Weverything -Wno-objc-missing-property-synthesis -Wno-unused-macros -Wno-disabled-macro-expansion -Wno-gnu-statement-expression -Wno-language-extension-token -Wno-overriding-method-mismatch -Wno-missing-variable-declarations -Rno-module-build -Wno-auto-import -Wno-objc-interface-ivars -Wno-documentation-unknown-command -Wno-reserved-id-macro -Wno-unused-parameter -Wno-gnu-conditional-omitted-operand -Wno-explicit-ownership-type -Wno-date-time -Wno-cast-align -Wno-cstring-format-directive -Wno-double-promotion -Wno-partial-availability -Weverything -Wno-objc-missing-property-synthesis -Wno-unused-macros -Wno-disabled-macro-expansion -Wno-gnu-statement-expression -Wno-language-extension-token -Wno-overriding-method-mismatch -Wno-missing-variable-declarations -Rno-module-build -Wno-auto-import -Wno-objc-interface-ivars -Wno-documentation-unknown-command -Wno-reserved-id-macro -Wno-unused-parameter -Wno-gnu-conditional-omitted-operand -Wno-explicit-ownership-type -Wno-date-time -Wno-cast-align -Wno-cstring-format-directive -Wno-double-promotion -Wno-partial-availability -Wno-objc-messaging-id -Wno-direct-ivar-access -Wno-cast-qual -Wno-declaration-after-statement -F/Users/oikhlas/Library/Developer/Xcode/DerivedData/WebDriverAgent-bcmeffsllcldukgyoimwiehwhvyz/Build/Products/Debug-iphonesimulator -F/Applications/Xcode.app/Contents/Developer/Platforms/iPhoneSimulator.platform/Developer/Library/Frameworks -F/Applications/Xcode.app/Contents/Developer/Platforms/iPhoneSimulator.platform/Developer/Library/PrivateFrameworks -iframework /Applications/Xcode.app/Contents/Developer/Platforms/iPhoneSimulator.platform/Developer/SDKs/iPhoneSimulator16.0.sdk/Developer/Library/Frameworks -MMD -MT dependencies -MF /Users/oikhlas/Library/Developer/Xcode/DerivedData/WebDriverAgent-bcmeffsllcldukgyoimwiehwhvyz/Build/Intermediates.noindex/WebDriverAgent.build/Debug-iphonesimulator/WebDriverAgentLib.build/StaticAnalyzer/WebDriverAgent/WebDriverAgentLib/normal/x86_64/FBResponseJSONPayload.d --analyze /Users/oikhlas/.appium/node_modules/appium-xcuitest-driver/node_modules/appium-webdriveragent/WebDriverAgentLib/Routing/FBResponseJSONPayload.m -o /Users/oikhlas/Library/Developer/Xcode/DerivedData/WebDriverAgent-bcmeffsllcldukgyoimwiehwhvyz/Build/Intermediates.noindex/WebDriverAgent.build/Debug-iphonesimulator/WebDriverAgentLib.build/StaticAnalyzer/WebDriverAgent/WebDriverAgentLib/normal/x86_64/FBResponseJSONPayload.plist
&amp#27;[38;5;173m[Xcode]&amp#27;[0m 
&amp#27;[38;5;173m[Xcode]&amp#27;[0m 
&amp#27;[38;5;173m[Xcode]&amp#27;[0m Analyze /Users/oikhlas/.appium/node_modules/appium-xcuitest-driver/node_modules/appium-webdriveragent/WebDriverAgentLib/Routing/FBExceptions.m normal x86_64 (in target 'WebDriverAgentLib' from project 'WebDriverAgent')
&amp#27;[38;5;173m[Xcode]&amp#27;[0m     cd /Users/oikhlas/.appium/node_modules/appium-xcuitest-driver/node_modules/appium-webdriveragent
&amp#27;[38;5;173m[Xcode]&amp#27;[0m     /Applications/Xcode.app/Contents/Developer/Toolchains/XcodeDefault.xctoolchain/usr/bin/clang -x objective-c -target x86_64-apple-ios16.0-simulator -fmessage-length\=0 -fdiagnostics-show-note-include-stack -fmacro-backtrace-limit\=0 -std\=gnu99 -fobjc-arc -fmodules -gmodules -fmodules-cache-path\=/Users/oikhlas/Library/Developer/Xcode/DerivedData/WebDriverAgent-bcmeffsllcldukgyoimwiehwhvyz/ModuleCache.noindex -fmodules-prune-interval\=86400 -fmodules-prune-after\=345600 -fbuild-session-file\=/Users/oikhlas/Library/Developer/Xcode/DerivedData/WebDriverAgent-bcmeffsllcldukgyoimwiehwhvyz/ModuleCache.noindex/Session.modulevalidation -fmodules-validate-once-per-build-session -Wno-trigraphs -fpascal-strings -O0 -fno-common -Wmissing-field-initializers -Wno-missing-prototypes -Werror\=return-type -Wunreachable-code -Wquoted-include-in-framework-header -Wno-implicit-atomic-properties -Werror\=deprecated-objc-isa-usage -Wno-objc-interface-ivars -Werror\=objc-root-class -Warc-repeated-use-of-weak -Wno-arc-maybe-repeated-use-of-weak -Wimplicit-retain-self -Wduplicate-method-match -Wno-missing-braces -Wparentheses -Wswitch -Wunused-function -Wno-unused-label -Wunused-parameter -Wunused-variable -Wunused-value -Wempty-body -Wuninitialized -Wconditional-uninitialized -Wno-unknown-pragmas -pedantic -Wshadow -Wno-four-char-constants -Wconversion -Wconstant-conversion -Wint-conversion -Wbool-conversion -Wenum-conversion -Wfloat-conversion -Wnon-literal-null-conversion -Wobjc-literal-conversion -Wassign-enum -Wsign-compare -Wshorten-64-to-32 -Wpointer-sign -Wno-newline-eof -Wno-selector -Wno-strict-selector-match -Wundeclared-selector -Wdeprecated-implementations -Wno-implicit-fallthrough -DDEBUG\=1 -DOBJC_OLD_DISPATCH_PROTOTYPES\=0 -isysroot /Applications/Xcode.app/Contents/Developer/Platforms/iPhoneSimulator.platform/Developer/SDKs/iPhoneSimulator16.0.sdk -fasm-blocks -fstrict-aliasing -Wprotocol -Wdeprecated-declarations -g -Wno-sign-conversion -Winfinite-recursion -Wcomma -Wblock-capture-autoreleasing -Wstrict-prototypes -Wno-semicolon-before-method-body -fobjc-abi-version\=2 -fobjc-legacy-dispatch -D__clang_analyzer__ -Xclang -analyzer-output\=plist-multi-file -Xclang -analyzer-config -Xclang path-diagnostics-alternate\=true -Xclang -analyzer-config -Xclang report-in-main-source-file\=true -Xclang -analyzer-checker -Xclang optin.osx.cocoa.localizability.NonLocalizedStringChecker -Xclang -analyzer-checker -Xclang security.insecureAPI.UncheckedReturn -Xclang -analyzer-checker -Xclang security.insecureAPI.getpw -Xclang -analyzer-checker -Xclang security.insecureAPI.gets -Xclang -analyzer-checker -Xclang security.insecureAPI.mkstemp -Xclang -analyzer-checker -Xclang security.insecureAPI.mktemp -Xclang -analyzer-disable-checker -Xclang security.insecureAPI.rand -Xclang -analyzer-disable-checker -Xclang security.insecureAPI.strcpy -Xclang -analyzer-checker -Xclang security.insecureAPI.vfork -iquote /Users/oikhlas/Library/Developer/Xcode/DerivedData/WebDriverAgent-bcmeffsllcldukgyoimwiehwhvyz/Build/Intermediates.noindex/WebDriverAgent.build/Debug-iphonesimulator/WebDriverAgentLib.build/WebDriverAgentLib-generated-files.hmap -I/Users/oikhlas/Library/Developer/Xcode/DerivedData/WebDriverAgent-bcmeffsllcldukgyoimwiehwhvyz/Build/Intermediates.noindex/WebDriverAgent.build/Debug-iphonesimulator/WebDriverAgentLib.build/WebDriverAgentLib-own-target-headers.hmap -I/Users/oikhlas/Library/Developer/Xcode/DerivedData/WebDriverAgent-bcmeffsllcldukgyoimwiehwhvyz/Build/Intermediates.noindex/WebDriverAgent.build/Debug-iphonesimulator/WebDriverAgentLib.build/WebDriverAgentLib-all-target-headers.hmap -iquote /Users/oikhlas/Library/Developer/Xcode/DerivedData/WebDriverAgent-bcmeffsllcldukgyoimwiehwhvyz/Build/Intermediates.noindex/WebDriverAgent.build/Debug-iphonesimulator/WebDriverAgentLib.build/WebDriverAgentLib-project-headers.hmap -I/Users/oikhlas/Library/Developer/Xcode/DerivedData/WebDriverAgent-bcmeffsllcldukgyoimwiehwhvyz/Build/Products/Debug-iphonesimulator/include -I/Applications/Xcode.app/Contents/Developer/Platforms/iPhoneSimulator.platform/Developer/SDKs/iPhoneSimulator16.0.sdk/usr/include/libxml2 -I/Users/oikhlas/.appium/node_modules/appium-xcuitest-driver/node_modules/appium-webdriveragent/Modules -I/Users/oikhlas/Library/Developer/Xcode/DerivedData/WebDriverAgent-bcmeffsllcldukgyoimwiehwhvyz/Build/Intermediates.noindex/WebDriverAgent.build/Debug-iphonesimulator/WebDriverAgentLib.build/DerivedSources-normal/x86_64 -I/Users/oikhlas/Library/Developer/Xcode/DerivedData/WebDriverAgent-bcmeffsllcldukgyoimwiehwhvyz/Build/Intermediates.noindex/WebDriverAgent.build/Debug-iphonesimulator/WebDriverAgentLib.build/DerivedSources/x86_64 -I/Users/oikhlas/Library/Developer/Xcode/DerivedData/WebDriverAgent-bcmeffsllcldukgyoimwiehwhvyz/Build/Intermediates.noindex/WebDriverAgent.build/Debug-iphonesimulator/WebDriverAgentLib.build/DerivedSources -Weverything -Wno-objc-missing-property-synthesis -Wno-unused-macros -Wno-disabled-macro-expansion -Wno-gnu-statement-expression -Wno-language-extension-token -Wno-overriding-method-mismatch -Wno-missing-variable-declarations -Rno-module-build -Wno-auto-import -Wno-objc-interface-ivars -Wno-documentation-unknown-command -Wno-reserved-id-macro -Wno-unused-parameter -Wno-gnu-conditional-omitted-operand -Wno-explicit-ownership-type -Wno-date-time -Wno-cast-align -Wno-cstring-format-directive -Wno-double-promotion -Wno-partial-availability -Weverything -Wno-objc-missing-property-synthesis -Wno-unused-macros -Wno-disabled-macro-expansion -Wno-gnu-statement-expression -Wno-language-extension-token -Wno-overriding-method-mismatch -Wno-missing-variable-declarations -Rno-module-build -Wno-auto-import -Wno-objc-interface-ivars -Wno-documentation-unknown-command -Wno-reserved-id-macro -Wno-unused-parameter -Wno-gnu-conditional-omitted-operand -Wno-explicit-ownership-type -Wno-date-time -Wno-cast-align -Wno-cstring-format-directive -Wno-double-promotion -Wno-partial-availability -Wno-objc-messaging-id -Wno-direct-ivar-access -Wno-cast-qual -Wno-declaration-after-statement -F/Users/oikhlas/Library/Developer/Xcode/DerivedData/WebDriverAgent-bcmeffsllcldukgyoimwiehwhvyz/Build/Products/Debug-iphonesimulator -F/Applications/Xcode.app/Contents/Developer/Platforms/iPhoneSimulator.platform/Developer/Library/Frameworks -F/Applications/Xcode.app/Contents/Developer/Platforms/iPhoneSimulator.platform/Developer/Library/PrivateFrameworks -iframework /Applications/Xcode.app/Contents/Developer/Platforms/iPhoneSimulator.platform/Developer/SDKs/iPhoneSimulator16.0.sdk/Developer/Library/Frameworks -MMD -MT dependencies -MF /Users/oikhlas/Library/Developer/Xcode/DerivedData/WebDriverAgent-bcmeffsllcldukgyoimwiehwhvyz/Build/Intermediates.noindex/WebDriverAgent.build/Debug-iphonesimulator/WebDriverAgentLib.build/StaticAnalyzer/WebDriverAgent/WebDriverAgentLib/normal/x86_64/FBExceptions.d --analyze /Users/oikhlas/.appium/node_modules/appium-xcuitest-driver/node_modules/appium-webdriveragent/WebDriverAgentLib/Routing/FBExceptions.m -o /Users/oikhlas/Library/Developer/Xcode/DerivedData/WebDriverAgent-bcmeffsllcldukgyoimwiehwhvyz/Build/Intermediates.noindex/WebDriverAgent.build/Debug-iphonesimulator/WebDriverAgentLib.build/StaticAnalyzer/WebDriverAgent/WebDriverAgentLib/normal/x86_64/FBExceptions.plist
&amp#27;[38;5;173m[Xcode]&amp#27;[0m 
&amp#27;[38;5;173m[Xcode]&amp#27;[0m 
&amp#27;[38;5;173m[Xcode]&amp#27;[0m Analyze /Users/oikhlas/.appium/node_modules/appium-xcuitest-driver/node_modules/appium-webdriveragent/WebDriverAgentLib/Routing/FBExceptionHandler.m normal x86_64 (in target 'WebDriverAgentLib' from project 'WebDriverAgent')
&amp#27;[38;5;173m[Xcode]&amp#27;[0m     cd /Users/oikhlas/.appium/node_modules/appium-xcuitest-driver/node_modules/appium-webdriveragent
&amp#27;[38;5;173m[Xcode]&amp#27;[0m     /Applications/Xcode.app/Contents/Developer/Toolchains/XcodeDefault.xctoolchain/usr/bin/clang -x objective-c -target x86_64-apple-ios16.0-simulator -fmessage-length\=0 -fdiagnostics-show-note-include-stack -fmacro-backtrace-limit\=0 -std\=gnu99 -fobjc-arc -fmodules -gmodules -fmodules-cache-path\=/Users/oikhlas/Library/Developer/Xcode/DerivedData/WebDriverAgent-bcmeffsllcldukgyoimwiehwhvyz/ModuleCache.noindex -fmodules-prune-interval\=86400 -fmodules-prune-after\=345600 -fbuild-session-file\=/Users/oikhlas/Library/Developer/Xcode/DerivedData/WebDriverAgent-bcmeffsllcldukgyoimwiehwhvyz/ModuleCache.noindex/Session.modulevalidation -fmodules-validate-once-per-build-session -Wno-trigraphs -fpascal-strings -O0 -fno-common -Wmissing-field-initializers -Wno-missing-prototypes -Werror\=return-type -Wunreachable-code -Wquoted-include-in-framework-header -Wno-implicit-atomic-properties -Werror\=deprecated-objc-isa-usage -Wno-objc-interface-ivars -Werror\=objc-root-class -Warc-repeated-use-of-weak -Wno-arc-maybe-repeated-use-of-weak -Wimplicit-retain-self -Wduplicate-method-match -Wno-missing-braces -Wparentheses -Wswitch -Wunused-function -Wno-unused-label -Wunused-parameter -Wunused-variable -Wunused-value -Wempty-body -Wuninitialized -Wconditional-uninitialized -Wno-unknown-pragmas -pedantic -Wshadow -Wno-four-char-constants -Wconversion -Wconstant-conversion -Wint-conversion -Wbool-conversion -Wenum-conversion -Wfloat-conversion -Wnon-literal-null-conversion -Wobjc-literal-conversion -Wassign-enum -Wsign-compare -Wshorten-64-to-32 -Wpointer-sign -Wno-newline-eof -Wno-selector -Wno-strict-selector-match -Wundeclared-selector -Wdeprecated-implementations -Wno-implicit-fallthrough -DDEBUG\=1 -DOBJC_OLD_DISPATCH_PROTOTYPES\=0 -isysroot /Applications/Xcode.app/Contents/Developer/Platforms/iPhoneSimulator.platform/Developer/SDKs/iPhoneSimulator16.0.sdk -fasm-blocks -fstrict-aliasing -Wprotocol -Wdeprecated-declarations -g -Wno-sign-conversion -Winfinite-recursion -Wcomma -Wblock-capture-autoreleasing -Wstrict-prototypes -Wno-semicolon-before-method-body -fobjc-abi-version\=2 -fobjc-legacy-dispatch -D__clang_analyzer__ -Xclang -analyzer-output\=plist-multi-file -Xclang -analyzer-config -Xclang path-diagnostics-alternate\=true -Xclang -analyzer-config -Xclang report-in-main-source-file\=true -Xclang -analyzer-checker -Xclang optin.osx.cocoa.localizability.NonLocalizedStringChecker -Xclang -analyzer-checker -Xclang security.insecureAPI.UncheckedReturn -Xclang -analyzer-checker -Xclang security.insecureAPI.getpw -Xclang -analyzer-checker -Xclang security.insecureAPI.gets -Xclang -analyzer-checker -Xclang security.insecureAPI.mkstemp -Xclang -analyzer-checker -Xclang security.insecureAPI.mktemp -Xclang -analyzer-disable-checker -Xclang security.insecureAPI.rand -Xclang -analyzer-disable-checker -Xclang security.insecureAPI.strcpy -Xclang -analyzer-checker -Xclang security.insecureAPI.vfork -iquote /Users/oikhlas/Library/Developer/Xcode/DerivedData/WebDriverAgent-bcmeffsllcldukgyoimwiehwhvyz/Build/Intermediates.noindex/WebDriverAgent.build/Debug-iphonesimulator/WebDriverAgentLib.build/WebDriverAgentLib-generated-files.hmap -I/Users/oikhlas/Library/Developer/Xcode/DerivedData/WebDriverAgent-bcmeffsllcldukgyoimwiehwhvyz/Build/Intermediates.noindex/WebDriverAgent.build/Debug-iphonesimulator/WebDriverAgentLib.build/WebDriverAgentLib-own-target-headers.hmap -I/Users/oikhlas/Library/Developer/Xcode/DerivedData/WebDriverAgent-bcmeffsllcldukgyoimwiehwhvyz/Build/Intermediates.noindex/WebDriverAgent.build/Debug-iphonesimulator/WebDriverAgentLib.build/WebDriverAgentLib-all-target-headers.hmap -iquote /Users/oikhlas/Library/Developer/Xcode/DerivedData/WebDriverAgent-bcmeffsllcldukgyoimwiehwhvyz/Build/Intermediates.noindex/WebDriverAgent.build/Debug-iphonesimulator/WebDriverAgentLib.build/WebDriverAgentLib-project-headers.hmap -I/Users/oikhlas/Library/Developer/Xcode/DerivedData/WebDriverAgent-bcmeffsllcldukgyoimwiehwhvyz/Build/Products/Debug-iphonesimulator/include -I/Applications/Xcode.app/Contents/Developer/Platforms/iPhoneSimulator.platform/Developer/SDKs/iPhoneSimulator16.0.sdk/usr/include/libxml2 -I/Users/oikhlas/.appium/node_modules/appium-xcuitest-driver/node_modules/appium-webdriveragent/Modules -I/Users/oikhlas/Library/Developer/Xcode/DerivedData/WebDriverAgent-bcmeffsllcldukgyoimwiehwhvyz/Build/Intermediates.noindex/WebDriverAgent.build/Debug-iphonesimulator/WebDriverAgentLib.build/DerivedSources-normal/x86_64 -I/Users/oikhlas/Library/Developer/Xcode/DerivedData/WebDriverAgent-bcmeffsllcldukgyoimwiehwhvyz/Build/Intermediates.noindex/WebDriverAgent.build/Debug-iphonesimulator/WebDriverAgentLib.build/DerivedSources/x86_64 -I/Users/oikhlas/Library/Developer/Xcode/DerivedData/WebDriverAgent-bcmeffsllcldukgyoimwiehwhvyz/Build/Intermediates.noindex/WebDriverAgent.build/Debug-iphonesimulator/WebDriverAgentLib.build/DerivedSources -Weverything -Wno-objc-missing-property-synthesis -Wno-unused-macros -Wno-disabled-macro-expansion -Wno-gnu-statement-expression -Wno-language-extension-token -Wno-overriding-method-mismatch -Wno-missing-variable-declarations -Rno-module-build -Wno-auto-import -Wno-objc-interface-ivars -Wno-documentation-unknown-command -Wno-reserved-id-macro -Wno-unused-parameter -Wno-gnu-conditional-omitted-operand -Wno-explicit-ownership-type -Wno-date-time -Wno-cast-align -Wno-cstring-format-directive -Wno-double-promotion -Wno-partial-availability -Weverything -Wno-objc-missing-property-synthesis -Wno-unused-macros -Wno-disabled-macro-expansion -Wno-gnu-statement-expression -Wno-language-extension-token -Wno-overriding-method-mismatch -Wno-missing-variable-declarations -Rno-module-build -Wno-auto-import -Wno-objc-interface-ivars -Wno-documentation-unknown-command -Wno-reserved-id-macro -Wno-unused-parameter -Wno-gnu-conditional-omitted-operand -Wno-explicit-ownership-type -Wno-date-time -Wno-cast-align -Wno-cstring-format-directive -Wno-double-promotion -Wno-partial-availability -Wno-objc-messaging-id -Wno-direct-ivar-access -Wno-cast-qual -Wno-declaration-after-statement -F/Users/oikhlas/Library/Developer/Xcode/DerivedData/WebDriverAgent-bcmeffsllcldukgyoimwiehwhvyz/Build/Products/Debug-iphonesimulator -F/Applications/Xcode.app/Contents/Developer/Platforms/iPhoneSimulator.platform/Developer/Library/Frameworks -F/Applications/Xcode.app/Contents/Developer/Platforms/iPhoneSimulator.platform/Developer/Library/PrivateFrameworks -iframework /Applications/Xcode.app/Contents/Developer/Platforms/iPhoneSimulator.platform/Developer/SDKs/iPhoneSimulator16.0.sdk/Developer/Library/Frameworks -MMD -MT dependencies -MF /Users/oikhlas/Library/Developer/Xcode/DerivedData/WebDriverAgent-bcmeffsllcldukgyoimwiehwhvyz/Build/Intermediates.noindex/WebDriverAgent.build/Debug-iphonesimulator/WebDriverAgentLib.build/StaticAnalyzer/WebDriverAgent/WebDriverAgentLib/normal/x86_64/FBExceptionHandler.d --analyze /Users/oikhlas/.appium/node_modules/appium-xcuitest-driver/node_modules/appium-webdriveragent/WebDriverAgentLib/Routing/FBExceptionHandler.m -o /Users/oikhlas/Library/Developer/Xcode/DerivedData/WebDriverAgent-bcmeffsllcldukgyoimwiehwhvyz/Build/Intermediates.noindex/WebDriverAgent.build/Debug-iphonesimulator/WebDriverAgentLib.build/StaticAnalyzer/WebDriverAgent/WebDriverAgentLib/normal/x86_64/FBExceptionHandler.plist
&amp#27;[38;5;173m[Xcode]&amp#27;[0m 
&amp#27;[38;5;173m[Xcode]&amp#27;[0m 
&amp#27;[38;5;173m[Xcode]&amp#27;[0m Analyze /Users/oikhlas/.appium/node_modules/appium-xcuitest-driver/node_modules/appium-webdriveragent/WebDriverAgentLib/Routing/FBElementUtils.m normal x86_64 (in target 'WebDriverAgentLib' from project 'WebDriverAgent')
&amp#27;[38;5;173m[Xcode]&amp#27;[0m     cd /Users/oikhlas/.appium/node_modules/appium-xcuitest-driver/node_modules/appium-webdriveragent
&amp#27;[38;5;173m[Xcode]&amp#27;[0m     /Applications/Xcode.app/Contents/Developer/Toolchains/XcodeDefault.xctoolchain/usr/bin/clang -x objective-c -target x86_64-apple-ios16.0-simulator -fmessage-length\=0 -fdiagnostics-show-note-include-stack -fmacro-backtrace-limit\=0 -std\=gnu99 -fobjc-arc -fmodules -gmodules -fmodules-cache-path\=/Users/oikhlas/Library/Developer/Xcode/DerivedData/WebDriverAgent-bcmeffsllcldukgyoimwiehwhvyz/ModuleCache.noindex -fmodules-prune-interval\=86400 -fmodules-prune-after\=345600 -fbuild-session-file\=/Users/oikhlas/Library/Developer/Xcode/DerivedData/WebDriverAgent-bcmeffsllcldukgyoimwiehwhvyz/ModuleCache.noindex/Session.modulevalidation -fmodules-validate-once-per-build-session -Wno-trigraphs -fpascal-strings -O0 -fno-common -Wmissing-field-initializers -Wno-missing-prototypes -Werror\=return-type -Wunreachable-code -Wquoted-include-in-framework-header -Wno-implicit-atomic-properties -Werror\=deprecated-objc-isa-usage -Wno-objc-interface-ivars -Werror\=objc-root-class -Warc-repeated-use-of-weak -Wno-arc-maybe-repeated-use-of-weak -Wimplicit-retain-self -Wduplicate-method-match -Wno-missing-braces -Wparentheses -Wswitch -Wunused-function -Wno-unused-label -Wunused-parameter -Wunused-variable -Wunused-value -Wempty-body -Wuninitialized -Wconditional-uninitialized -Wno-unknown-pragmas -pedantic -Wshadow -Wno-four-char-constants -Wconversion -Wconstant-conversion -Wint-conversion -Wbool-conversion -Wenum-conversion -Wfloat-conversion -Wnon-literal-null-conversion -Wobjc-literal-conversion -Wassign-enum -Wsign-compare -Wshorten-64-to-32 -Wpointer-sign -Wno-newline-eof -Wno-selector -Wno-strict-selector-match -Wundeclared-selector -Wdeprecated-implementations -Wno-implicit-fallthrough -DDEBUG\=1 -DOBJC_OLD_DISPATCH_PROTOTYPES\=0 -isysroot /Applications/Xcode.app/Contents/Developer/Platforms/iPhoneSimulator.platform/Developer/SDKs/iPhoneSimulator16.0.sdk -fasm-blocks -fstrict-aliasing -Wprotocol -Wdeprecated-declarations -g -Wno-sign-conversion -Winfinite-recursion -Wcomma -Wblock-capture-autoreleasing -Wstrict-prototypes -Wno-semicolon-before-method-body -fobjc-abi-version\=2 -fobjc-legacy-dispatch -D__clang_analyzer__ -Xclang -analyzer-output\=plist-multi-file -Xclang -analyzer-config -Xclang path-diagnostics-alternate\=true -Xclang -analyzer-config -Xclang report-in-main-source-file\=true -Xclang -analyzer-checker -Xclang optin.osx.cocoa.localizability.NonLocalizedStringChecker -Xclang -analyzer-checker -Xclang security.insecureAPI.UncheckedReturn -Xclang -analyzer-checker -Xclang security.insecureAPI.getpw -Xclang -analyzer-checker -Xclang security.insecureAPI.gets -Xclang -analyzer-checker -Xclang security.insecureAPI.mkstemp -Xclang -analyzer-checker -Xclang security.insecureAPI.mktemp -Xclang -analyzer-disable-checker -Xclang security.insecureAPI.rand -Xclang -analyzer-disable-checker -Xclang security.insecureAPI.strcpy -Xclang -analyzer-checker -Xclang security.insecureAPI.vfork -iquote /Users/oikhlas/Library/Developer/Xcode/DerivedData/WebDriverAgent-bcmeffsllcldukgyoimwiehwhvyz/Build/Intermediates.noindex/WebDriverAgent.build/Debug-iphonesimulator/WebDriverAgentLib.build/WebDriverAgentLib-generated-files.hmap -I/Users/oikhlas/Library/Developer/Xcode/DerivedData/WebDriverAgent-bcmeffsllcldukgyoimwiehwhvyz/Build/Intermediates.noindex/WebDriverAgent.build/Debug-iphonesimulator/WebDriverAgentLib.build/WebDriverAgentLib-own-target-headers.hmap -I/Users/oikhlas/Library/Developer/Xcode/DerivedData/WebDriverAgent-bcmeffsllcldukgyoimwiehwhvyz/Build/Intermediates.noindex/WebDriverAgent.build/Debug-iphonesimulator/WebDriverAgentLib.build/WebDriverAgentLib-all-target-headers.hmap -iquote /Users/oikhlas/Library/Developer/Xcode/DerivedData/WebDriverAgent-bcmeffsllcldukgyoimwiehwhvyz/Build/Intermediates.noindex/WebDriverAgent.build/Debug-iphonesimulator/WebDriverAgentLib.build/WebDriverAgentLib-project-headers.hmap -I/Users/oikhlas/Library/Developer/Xcode/DerivedData/WebDriverAgent-bcmeffsllcldukgyoimwiehwhvyz/Build/Products/Debug-iphonesimulator/include -I/Applications/Xcode.app/Contents/Developer/Platforms/iPhoneSimulator.platform/Developer/SDKs/iPhoneSimulator16.0.sdk/usr/include/libxml2 -I/Users/oikhlas/.appium/node_modules/appium-xcuitest-driver/node_modules/appium-webdriveragent/Modules -I/Users/oikhlas/Library/Developer/Xcode/DerivedData/WebDriverAgent-bcmeffsllcldukgyoimwiehwhvyz/Build/Intermediates.noindex/WebDriverAgent.build/Debug-iphonesimulator/WebDriverAgentLib.build/DerivedSources-normal/x86_64 -I/Users/oikhlas/Library/Developer/Xcode/DerivedData/WebDriverAgent-bcmeffsllcldukgyoimwiehwhvyz/Build/Intermediates.noindex/WebDriverAgent.build/Debug-iphonesimulator/WebDriverAgentLib.build/DerivedSources/x86_64 -I/Users/oikhlas/Library/Developer/Xcode/DerivedData/WebDriverAgent-bcmeffsllcldukgyoimwiehwhvyz/Build/Intermediates.noindex/WebDriverAgent.build/Debug-iphonesimulator/WebDriverAgentLib.build/DerivedSources -Weverything -Wno-objc-missing-property-synthesis -Wno-unused-macros -Wno-disabled-macro-expansion -Wno-gnu-statement-expression -Wno-language-extension-token -Wno-overriding-method-mismatch -Wno-missing-variable-declarations -Rno-module-build -Wno-auto-import -Wno-objc-interface-ivars -Wno-documentation-unknown-command -Wno-reserved-id-macro -Wno-unused-parameter -Wno-gnu-conditional-omitted-operand -Wno-explicit-ownership-type -Wno-date-time -Wno-cast-align -Wno-cstring-format-directive -Wno-double-promotion -Wno-partial-availability -Weverything -Wno-objc-missing-property-synthesis -Wno-unused-macros -Wno-disabled-macro-expansion -Wno-gnu-statement-expression -Wno-language-extension-token -Wno-overriding-method-mismatch -Wno-missing-variable-declarations -Rno-module-build -Wno-auto-import -Wno-objc-interface-ivars -Wno-documentation-unknown-command -Wno-reserved-id-macro -Wno-unused-parameter -Wno-gnu-conditional-omitted-operand -Wno-explicit-ownership-type -Wno-date-time -Wno-cast-align -Wno-cstring-format-directive -Wno-double-promotion -Wno-partial-availability -Wno-objc-messaging-id -Wno-direct-ivar-access -Wno-cast-qual -Wno-declaration-after-statement -F/Users/oikhlas/Library/Developer/Xcode/DerivedData/WebDriverAgent-bcmeffsllcldukgyoimwiehwhvyz/Build/Products/Debug-iphonesimulator -F/Applications/Xcode.app/Contents/Developer/Platforms/iPhoneSimulator.platform/Developer/Library/Frameworks -F/Applications/Xcode.app/Contents/Developer/Platforms/iPhoneSimulator.platform/Developer/Library/PrivateFrameworks -iframework /Applications/Xcode.app/Contents/Developer/Platforms/iPhoneSimulator.platform/Developer/SDKs/iPhoneSimulator16.0.sdk/Developer/Library/Frameworks -MMD -MT dependencies -MF /Users/oikhlas/Library/Developer/Xcode/DerivedData/WebDriverAgent-bcmeffsllcldukgyoimwiehwhvyz/Build/Intermediates.noindex/WebDriverAgent.build/Debug-iphonesimulator/WebDriverAgentLib.build/StaticAnalyzer/WebDriverAgent/WebDriverAgentLib/normal/x86_64/FBElementUtils.d --analyze /Users/oikhlas/.appium/node_modules/appium-xcuitest-driver/node_modules/appium-webdriveragent/WebDriverAgentLib/Routing/FBElementUtils.m -o /Users/oikhlas/Library/Developer/Xcode/DerivedData/WebDriverAgent-bcmeffsllcldukgyoimwiehwhvyz/Build/Intermediates.noindex/WebDriverAgent.build/Debug-iphonesimulator/WebDriverAgentLib.build/StaticAnalyzer/WebDriverAgent/WebDriverAgentLib/normal/x86_64/FBElementUtils.plist
&amp#27;[38;5;173m[Xcode]&amp#27;[0m 
&amp#27;[38;5;173m[Xcode]&amp#27;[0m 
&amp#27;[38;5;173m[Xcode]&amp#27;[0m Analyze /Users/oikhlas/.appium/node_modules/appium-xcuitest-driver/node_modules/appium-webdriveragent/WebDriverAgentLib/Routing/FBElementCache.m normal x86_64 (in target 'WebDriverAgentLib' from project 'WebDriverAgent')
&amp#27;[38;5;173m[Xcode]&amp#27;[0m     cd /Users/oikhlas/.appium/node_modules/appium-xcuitest-driver/node_modules/appium-webdriveragent
&amp#27;[38;5;173m[Xcode]&amp#27;[0m     /Applications/Xcode.app/Contents/Developer/Toolchains/XcodeDefault.xctoolchain/usr/bin/clang -x objective-c -target x86_64-apple-ios16.0-simulator -fmessage-length\=0 -fdiagnostics-show-note-include-stack -fmacro-backtrace-limit\=0 -std\=gnu99 -fobjc-arc -fmodules -gmodules -fmodules-cache-path\=/Users/oikhlas/Library/Developer/Xcode/DerivedData/WebDriverAgent-bcmeffsllcldukgyoimwiehwhvyz/ModuleCache.noindex -fmodules-prune-interval\=86400 -fmodules-prune-after\=345600 -fbuild-session-file\=/Users/oikhlas/Library/Developer/Xcode/DerivedData/WebDriverAgent-bcmeffsllcldukgyoimwiehwhvyz/ModuleCache.noindex/Session.modulevalidation -fmodules-validate-once-per-build-session -Wno-trigraphs -fpascal-strings -O0 -fno-common -Wmissing-field-initializers -Wno-missing-prototypes -Werror\=return-type -Wunreachable-code -Wquoted-include-in-framework-header -Wno-implicit-atomic-properties -Werror\=deprecated-objc-isa-usage -Wno-objc-interface-ivars -Werror\=objc-root-class -Warc-repeated-use-of-weak -Wno-arc-maybe-repeated-use-of-weak -Wimplicit-retain-self -Wduplicate-method-match -Wno-missing-braces -Wparentheses -Wswitch -Wunused-function -Wno-unused-label -Wunused-parameter -Wunused-variable -Wunused-value -Wempty-body -Wuninitialized -Wconditional-uninitialized -Wno-unknown-pragmas -pedantic -Wshadow -Wno-four-char-constants -Wconversion -Wconstant-conversion -Wint-conversion -Wbool-conversion -Wenum-conversion -Wfloat-conversion -Wnon-literal-null-conversion -Wobjc-literal-conversion -Wassign-enum -Wsign-compare -Wshorten-64-to-32 -Wpointer-sign -Wno-newline-eof -Wno-selector -Wno-strict-selector-match -Wundeclared-selector -Wdeprecated-implementations -Wno-implicit-fallthrough -DDEBUG\=1 -DOBJC_OLD_DISPATCH_PROTOTYPES\=0 -isysroot /Applications/Xcode.app/Contents/Developer/Platforms/iPhoneSimulator.platform/Developer/SDKs/iPhoneSimulator16.0.sdk -fasm-blocks -fstrict-aliasing -Wprotocol -Wdeprecated-declarations -g -Wno-sign-conversion -Winfinite-recursion -Wcomma -Wblock-capture-autoreleasing -Wstrict-prototypes -Wno-semicolon-before-method-body -fobjc-abi-version\=2 -fobjc-legacy-dispatch -D__clang_analyzer__ -Xclang -analyzer-output\=plist-multi-file -Xclang -analyzer-config -Xclang path-diagnostics-alternate\=true -Xclang -analyzer-config -Xclang report-in-main-source-file\=true -Xclang -analyzer-checker -Xclang optin.osx.cocoa.localizability.NonLocalizedStringChecker -Xclang -analyzer-checker -Xclang security.insecureAPI.UncheckedReturn -Xclang -analyzer-checker -Xclang security.insecureAPI.getpw -Xclang -analyzer-checker -Xclang security.insecureAPI.gets -Xclang -analyzer-checker -Xclang security.insecureAPI.mkstemp -Xclang -analyzer-checker -Xclang security.insecureAPI.mktemp -Xclang -analyzer-disable-checker -Xclang security.insecureAPI.rand -Xclang -analyzer-disable-checker -Xclang security.insecureAPI.strcpy -Xclang -analyzer-checker -Xclang security.insecureAPI.vfork -iquote /Users/oikhlas/Library/Developer/Xcode/DerivedData/WebDriverAgent-bcmeffsllcldukgyoimwiehwhvyz/Build/Intermediates.noindex/WebDriverAgent.build/Debug-iphonesimulator/WebDriverAgentLib.build/WebDriverAgentLib-generated-files.hmap -I/Users/oikhlas/Library/Developer/Xcode/DerivedData/WebDriverAgent-bcmeffsllcldukgyoimwiehwhvyz/Build/Intermediates.noindex/WebDriverAgent.build/Debug-iphonesimulator/WebDriverAgentLib.build/WebDriverAgentLib-own-target-headers.hmap -I/Users/oikhlas/Library/Developer/Xcode/DerivedData/WebDriverAgent-bcmeffsllcldukgyoimwiehwhvyz/Build/Intermediates.noindex/WebDriverAgent.build/Debug-iphonesimulator/WebDriverAgentLib.build/WebDriverAgentLib-all-target-headers.hmap -iquote /Users/oikhlas/Library/Developer/Xcode/DerivedData/WebDriverAgent-bcmeffsllcldukgyoimwiehwhvyz/Build/Intermediates.noindex/WebDriverAgent.build/Debug-iphonesimulator/WebDriverAgentLib.build/WebDriverAgentLib-project-headers.hmap -I/Users/oikhlas/Library/Developer/Xcode/DerivedData/WebDriverAgent-bcmeffsllcldukgyoimwiehwhvyz/Build/Products/Debug-iphonesimulator/include -I/Applications/Xcode.app/Contents/Developer/Platforms/iPhoneSimulator.platform/Developer/SDKs/iPhoneSimulator16.0.sdk/usr/include/libxml2 -I/Users/oikhlas/.appium/node_modules/appium-xcuitest-driver/node_modules/appium-webdriveragent/Modules -I/Users/oikhlas/Library/Developer/Xcode/DerivedData/WebDriverAgent-bcmeffsllcldukgyoimwiehwhvyz/Build/Intermediates.noindex/WebDriverAgent.build/Debug-iphonesimulator/WebDriverAgentLib.build/DerivedSources-normal/x86_64 -I/Users/oikhlas/Library/Developer/Xcode/DerivedData/WebDriverAgent-bcmeffsllcldukgyoimwiehwhvyz/Build/Intermediates.noindex/WebDriverAgent.build/Debug-iphonesimulator/WebDriverAgentLib.build/DerivedSources/x86_64 -I/Users/oikhlas/Library/Developer/Xcode/DerivedData/WebDriverAgent-bcmeffsllcldukgyoimwiehwhvyz/Build/Intermediates.noindex/WebDriverAgent.build/Debug-iphonesimulator/WebDriverAgentLib.build/DerivedSources -Weverything -Wno-objc-missing-property-synthesis -Wno-unused-macros -Wno-disabled-macro-expansion -Wno-gnu-statement-expression -Wno-language-extension-token -Wno-overriding-method-mismatch -Wno-missing-variable-declarations -Rno-module-build -Wno-auto-import -Wno-objc-interface-ivars -Wno-documentation-unknown-command -Wno-reserved-id-macro -Wno-unused-parameter -Wno-gnu-conditional-omitted-operand -Wno-explicit-ownership-type -Wno-date-time -Wno-cast-align -Wno-cstring-format-directive -Wno-double-promotion -Wno-partial-availability -Weverything -Wno-objc-missing-property-synthesis -Wno-unused-macros -Wno-disabled-macro-expansion -Wno-gnu-statement-expression -Wno-language-extension-token -Wno-overriding-method-mismatch -Wno-missing-variable-declarations -Rno-module-build -Wno-auto-import -Wno-objc-interface-ivars -Wno-documentation-unknown-command -Wno-reserved-id-macro -Wno-unused-parameter -Wno-gnu-conditional-omitted-operand -Wno-explicit-ownership-type -Wno-date-time -Wno-cast-align -Wno-cstring-format-directive -Wno-double-promotion -Wno-partial-availability -Wno-objc-messaging-id -Wno-direct-ivar-access -Wno-cast-qual -Wno-declaration-after-statement -F/Users/oikhlas/Library/Developer/Xcode/DerivedData/WebDriverAgent-bcmeffsllcldukgyoimwiehwhvyz/Build/Products/Debug-iphonesimulator -F/Applications/Xcode.app/Contents/Developer/Platforms/iPhoneSimulator.platform/Developer/Library/Frameworks -F/Applications/Xcode.app/Contents/Developer/Platforms/iPhoneSimulator.platform/Developer/Library/PrivateFrameworks -iframework /Applications/Xcode.app/Contents/Developer/Platforms/iPhoneSimulator.platform/Developer/SDKs/iPhoneSimulator16.0.sdk/Developer/Library/Frameworks -MMD -MT dependencies -MF /Users/oikhlas/Library/Developer/Xcode/DerivedData/WebDriverAgent-bcmeffsllcldukgyoimwiehwhvyz/Build/Intermediates.noindex/WebDriverAgent.build/Debug-iphonesimulator/WebDriverAgentLib.build/StaticAnalyzer/WebDriverAgent/WebDriverAgentLib/normal/x86_64/FBElementCache.d --analyze /Users/oikhlas/.appium/node_modules/appium-xcuitest-driver/node_modules/appium-webdriveragent/WebDriverAgentLib/Routing/FBElementCache.m -o /Users/oikhlas/Library/Developer/Xcode/DerivedData/WebDriverAgent-bcmeffsllcldukgyoimwiehwhvyz/Build/Intermediates.noindex/WebDriverAgent.build/Debug-iphonesimulator/WebDriverAgentLib.build/StaticAnalyzer/WebDriverAgent/WebDriverAgentLib/normal/x86_64/FBElementCache.plist
&amp#27;[38;5;173m[Xcode]&amp#27;[0m 
&amp#27;[38;5;173m[Xcode]&amp#27;[0m 
&amp#27;[38;5;173m[Xcode]&amp#27;[0m Analyze /Users/oikhlas/.appium/node_modules/appium-xcuitest-driver/node_modules/appium-webdriveragent/WebDriverAgentLib/Routing/FBCommandStatus.m normal x86_64 (in target 'WebDriverAgentLib' from project 'WebDriverAgent')
&amp#27;[38;5;173m[Xcode]&amp#27;[0m     cd /Users/oikhlas/.appium/node_modules/appium-xcuitest-driver/node_modules/appium-webdriveragent
&amp#27;[38;5;173m[Xcode]&amp#27;[0m     /Applications/Xcode.app/Contents/Developer/Toolchains/XcodeDefault.xctoolchain/usr/bin/clang -x objective-c -target x86_64-apple-ios16.0-simulator -fmessage-length\=0 -fdiagnostics-show-note-include-stack -fmacro-backtrace-limit\=0 -std\=gnu99 -fobjc-arc -fmodules -gmodules -fmodules-cache-path\=/Users/oikhlas/Library/Developer/Xcode/DerivedData/WebDriverAgent-bcmeffsllcldukgyoimwiehwhvyz/ModuleCache.noindex -fmodules-prune-interval\=86400 -fmodules-prune-after\=345600 -fbuild-session-file\=/Users/oikhlas/Library/Developer/Xcode/DerivedData/WebDriverAgent-bcmeffsllcldukgyoimwiehwhvyz/ModuleCache.noindex/Session.modulevalidation -fmodules-validate-once-per-build-session -Wno-trigraphs -fpascal-strings -O0 -fno-common -Wmissing-field-initializers -Wno-missing-prototypes -Werror\=return-type -Wunreachable-code -Wquoted-include-in-framework-header -Wno-implicit-atomic-properties -Werror\=deprecated-objc-isa-usage -Wno-objc-interface-ivars -Werror\=objc-root-class -Warc-repeated-use-of-weak -Wno-arc-maybe-repeated-use-of-weak -Wimplicit-retain-self -Wduplicate-method-match -Wno-missing-braces -Wparentheses -Wswitch -Wunused-function -Wno-unused-label -Wunused-parameter -Wunused-variable -Wunused-value -Wempty-body -Wuninitialized -Wconditional-uninitialized -Wno-unknown-pragmas -pedantic -Wshadow -Wno-four-char-constants -Wconversion -Wconstant-conversion -Wint-conversion -Wbool-conversion -Wenum-conversion -Wfloat-conversion -Wnon-literal-null-conversion -Wobjc-literal-conversion -Wassign-enum -Wsign-compare -Wshorten-64-to-32 -Wpointer-sign -Wno-newline-eof -Wno-selector -Wno-strict-selector-match -Wundeclared-selector -Wdeprecated-implementations -Wno-implicit-fallthrough -DDEBUG\=1 -DOBJC_OLD_DISPATCH_PROTOTYPES\=0 -isysroot /Applications/Xcode.app/Contents/Developer/Platforms/iPhoneSimulator.platform/Developer/SDKs/iPhoneSimulator16.0.sdk -fasm-blocks -fstrict-aliasing -Wprotocol -Wdeprecated-declarations -g -Wno-sign-conversion -Winfinite-recursion -Wcomma -Wblock-capture-autoreleasing -Wstrict-prototypes -Wno-semicolon-before-method-body -fobjc-abi-version\=2 -fobjc-legacy-dispatch -D__clang_analyzer__ -Xclang -analyzer-output\=plist-multi-file -Xclang -analyzer-config -Xclang path-diagnostics-alternate\=true -Xclang -analyzer-config -Xclang report-in-main-source-file\=true -Xclang -analyzer-checker -Xclang optin.osx.cocoa.localizability.NonLocalizedStringChecker -Xclang -analyzer-checker -Xclang security.insecureAPI.UncheckedReturn -Xclang -analyzer-checker -Xclang security.insecureAPI.getpw -Xclang -analyzer-checker -Xclang security.insecureAPI.gets -Xclang -analyzer-checker -Xclang security.insecureAPI.mkstemp -Xclang -analyzer-checker -Xclang security.insecureAPI.mktemp -Xclang -analyzer-disable-checker -Xclang security.insecureAPI.rand -Xclang -analyzer-disable-checker -Xclang security.insecureAPI.strcpy -Xclang -analyzer-checker -Xclang security.insecureAPI.vfork -iquote /Users/oikhlas/Library/Developer/Xcode/DerivedData/WebDriverAgent-bcmeffsllcldukgyoimwiehwhvyz/Build/Intermediates.noindex/WebDriverAgent.build/Debug-iphonesimulator/WebDriverAgentLib.build/WebDriverAgentLib-generated-files.hmap -I/Users/oikhlas/Library/Developer/Xcode/DerivedData/WebDriverAgent-bcmeffsllcldukgyoimwiehwhvyz/Build/Intermediates.noindex/WebDriverAgent.build/Debug-iphonesimulator/WebDriverAgentLib.build/WebDriverAgentLib-own-target-headers.hmap -I/Users/oikhlas/Library/Developer/Xcode/DerivedData/WebDriverAgent-bcmeffsllcldukgyoimwiehwhvyz/Build/Intermediates.noindex/WebDriverAgent.build/Debug-iphonesimulator/WebDriverAgentLib.build/WebDriverAgentLib-all-target-headers.hmap -iquote /Users/oikhlas/Library/Developer/Xcode/DerivedData/WebDriverAgent-bcmeffsllcldukgyoimwiehwhvyz/Build/Intermediates.noindex/WebDriverAgent.build/Debug-iphonesimulator/WebDriverAgentLib.build/WebDriverAgentLib-project-headers.hmap -I/Users/oikhlas/Library/Developer/Xcode/DerivedData/WebDriverAgent-bcmeffsllcldukgyoimwiehwhvyz/Build/Products/Debug-iphonesimulator/include -I/Applications/Xcode.app/Contents/Developer/Platforms/iPhoneSimulator.platform/Developer/SDKs/iPhoneSimulator16.0.sdk/usr/include/libxml2 -I/Users/oikhlas/.appium/node_modules/appium-xcuitest-driver/node_modules/appium-webdriveragent/Modules -I/Users/oikhlas/Library/Developer/Xcode/DerivedData/WebDriverAgent-bcmeffsllcldukgyoimwiehwhvyz/Build/Intermediates.noindex/WebDriverAgent.build/Debug-iphonesimulator/WebDriverAgentLib.build/DerivedSources-normal/x86_64 -I/Users/oikhlas/Library/Developer/Xcode/DerivedData/WebDriverAgent-bcmeffsllcldukgyoimwiehwhvyz/Build/Intermediates.noindex/WebDriverAgent.build/Debug-iphonesimulator/WebDriverAgentLib.build/DerivedSources/x86_64 -I/Users/oikhlas/Library/Developer/Xcode/DerivedData/WebDriverAgent-bcmeffsllcldukgyoimwiehwhvyz/Build/Intermediates.noindex/WebDriverAgent.build/Debug-iphonesimulator/WebDriverAgentLib.build/DerivedSources -Weverything -Wno-objc-missing-property-synthesis -Wno-unused-macros -Wno-disabled-macro-expansion -Wno-gnu-statement-expression -Wno-language-extension-token -Wno-overriding-method-mismatch -Wno-missing-variable-declarations -Rno-module-build -Wno-auto-import -Wno-objc-interface-ivars -Wno-documentation-unknown-command -Wno-reserved-id-macro -Wno-unused-parameter -Wno-gnu-conditional-omitted-operand -Wno-explicit-ownership-type -Wno-date-time -Wno-cast-align -Wno-cstring-format-directive -Wno-double-promotion -Wno-partial-availability -Weverything -Wno-objc-missing-property-synthesis -Wno-unused-macros -Wno-disabled-macro-expansion -Wno-gnu-statement-expression -Wno-language-extension-token -Wno-overriding-method-mismatch -Wno-missing-variable-declarations -Rno-module-build -Wno-auto-import -Wno-objc-interface-ivars -Wno-documentation-unknown-command -Wno-reserved-id-macro -Wno-unused-parameter -Wno-gnu-conditional-omitted-operand -Wno-explicit-ownership-type -Wno-date-time -Wno-cast-align -Wno-cstring-format-directive -Wno-double-promotion -Wno-partial-availability -Wno-objc-messaging-id -Wno-direct-ivar-access -Wno-cast-qual -Wno-declaration-after-statement -F/Users/oikhlas/Library/Developer/Xcode/DerivedData/WebDriverAgent-bcmeffsllcldukgyoimwiehwhvyz/Build/Products/Debug-iphonesimulator -F/Applications/Xcode.app/Contents/Developer/Platforms/iPhoneSimulator.platform/Developer/Library/Frameworks -F/Applications/Xcode.app/Contents/Developer/Platforms/iPhoneSimulator.platform/Developer/Library/PrivateFrameworks -iframework /Applications/Xcode.app/Contents/Developer/Platforms/iPhoneSimulator.platform/Developer/SDKs/iPhoneSimulator16.0.sdk/Developer/Library/Frameworks -MMD -MT dependencies -MF /Users/oikhlas/Library/Developer/Xcode/DerivedData/WebDriverAgent-bcmeffsllcldukgyoimwiehwhvyz/Build/Intermediates.noindex/WebDriverAgent.build/Debug-iphonesimulator/WebDriverAgentLib.build/StaticAnalyzer/WebDriverAgent/WebDriverAgentLib/normal/x86_64/FBCommandStatus.d --analyze /Users/oikhlas/.appium/node_modules/appium-xcuitest-driver/node_modules/appium-webdriveragent/WebDriverAgentLib/Routing/FBCommandStatus.m -o /Users/oikhlas/Library/Developer/Xcode/DerivedData/WebDriverAgent-bcmeffsllcldukgyoimwiehwhvyz/Build/Intermediates.noindex/WebDriverAgent.build/Debug-iphonesimulator/WebDriverAgentLib.build/StaticAnalyzer/WebDriverAgent/WebDriverAgentLib/normal/x86_64/FBCommandStatus.plist
&amp#27;[38;5;173m[Xcode]&amp#27;[0m 
&amp#27;[38;5;173m[Xcode]&amp#27;[0m 
&amp#27;[38;5;173m[Xcode]&amp#27;[0m Analyze /Users/oikhlas/.appium/node_modules/appium-xcuitest-driver/node_modules/appium-webdriveragent/WebDriverAgentLib/FBApplication.m normal x86_64 (in target 'WebDriverAgentLib' from project 'WebDriverAgent')
&amp#27;[38;5;173m[Xcode]&amp#27;[0m     cd /Users/oikhlas/.appium/node_modules/appium-xcuitest-driver/node_modules/appium-webdriveragent
&amp#27;[38;5;173m[Xcode]&amp#27;[0m     /Applications/Xcode.app/Contents/Developer/Toolchains/XcodeDefault.xctoolchain/usr/bin/clang -x objective-c -target x86_64-apple-ios16.0-simulator -fmessage-length\=0 -fdiagnostics-show-note-include-stack -fmacro-backtrace-limit\=0 -std\=gnu99 -fobjc-arc -fmodules -gmodules -fmodules-cache-path\=/Users/oikhlas/Library/Developer/Xcode/DerivedData/WebDriverAgent-bcmeffsllcldukgyoimwiehwhvyz/ModuleCache.noindex -fmodules-prune-interval\=86400 -fmodules-prune-after\=345600 -fbuild-session-file\=/Users/oikhlas/Library/Developer/Xcode/DerivedData/WebDriverAgent-bcmeffsllcldukgyoimwiehwhvyz/ModuleCache.noindex/Session.modulevalidation -fmodules-validate-once-per-build-session -Wno-trigraphs -fpascal-strings -O0 -fno-common -Wmissing-field-initializers -Wno-missing-prototypes -Werror\=return-type -Wunreachable-code -Wquoted-include-in-framework-header -Wno-implicit-atomic-properties -Werror\=deprecated-objc-isa-usage -Wno-objc-interface-ivars -Werror\=objc-root-class -Warc-repeated-use-of-weak -Wno-arc-maybe-repeated-use-of-weak -Wimplicit-retain-self -Wduplicate-method-match -Wno-missing-braces -Wparentheses -Wswitch -Wunused-function -Wno-unused-label -Wunused-parameter -Wunused-variable -Wunused-value -Wempty-body -Wuninitialized -Wconditional-uninitialized -Wno-unknown-pragmas -pedantic -Wshadow -Wno-four-char-constants -Wconversion -Wconstant-conversion -Wint-conversion -Wbool-conversion -Wenum-conversion -Wfloat-conversion -Wnon-literal-null-conversion -Wobjc-literal-conversion -Wassign-enum -Wsign-compare -Wshorten-64-to-32 -Wpointer-sign -Wno-newline-eof -Wno-selector -Wno-strict-selector-match -Wundeclared-selector -Wdeprecated-implementations -Wno-implicit-fallthrough -DDEBUG\=1 -DOBJC_OLD_DISPATCH_PROTOTYPES\=0 -isysroot /Applications/Xcode.app/Contents/Developer/Platforms/iPhoneSimulator.platform/Developer/SDKs/iPhoneSimulator16.0.sdk -fasm-blocks -fstrict-aliasing -Wprotocol -Wdeprecated-declarations -g -Wno-sign-conversion -Winfinite-recursion -Wcomma -Wblock-capture-autoreleasing -Wstrict-prototypes -Wno-semicolon-before-method-body -fobjc-abi-version\=2 -fobjc-legacy-dispatch -D__clang_analyzer__ -Xclang -analyzer-output\=plist-multi-file -Xclang -analyzer-config -Xclang path-diagnostics-alternate\=true -Xclang -analyzer-config -Xclang report-in-main-source-file\=true -Xclang -analyzer-checker -Xclang optin.osx.cocoa.localizability.NonLocalizedStringChecker -Xclang -analyzer-checker -Xclang security.insecureAPI.UncheckedReturn -Xclang -analyzer-checker -Xclang security.insecureAPI.getpw -Xclang -analyzer-checker -Xclang security.insecureAPI.gets -Xclang -analyzer-checker -Xclang security.insecureAPI.mkstemp -Xclang -analyzer-checker -Xclang security.insecureAPI.mktemp -Xclang -analyzer-disable-checker -Xclang security.insecureAPI.rand -Xclang -analyzer-disable-checker -Xclang security.insecureAPI.strcpy -Xclang -analyzer-checker -Xclang security.insecureAPI.vfork -iquote /Users/oikhlas/Library/Developer/Xcode/DerivedData/WebDriverAgent-bcmeffsllcldukgyoimwiehwhvyz/Build/Intermediates.noindex/WebDriverAgent.build/Debug-iphonesimulator/WebDriverAgentLib.build/WebDriverAgentLib-generated-files.hmap -I/Users/oikhlas/Library/Developer/Xcode/DerivedData/WebDriverAgent-bcmeffsllcldukgyoimwiehwhvyz/Build/Intermediates.noindex/WebDriverAgent.build/Debug-iphonesimulator/WebDriverAgentLib.build/WebDriverAgentLib-own-target-headers.hmap -I/Users/oikhlas/Library/Developer/Xcode/DerivedData/WebDriverAgent-bcmeffsllcldukgyoimwiehwhvyz/Build/Intermediates.noindex/WebDriverAgent.build/Debug-iphonesimulator/WebDriverAgentLib.build/WebDriverAgentLib-all-target-headers.hmap -iquote /Users/oikhlas/Library/Developer/Xcode/DerivedData/WebDriverAgent-bcmeffsllcldukgyoimwiehwhvyz/Build/Intermediates.noindex/WebDriverAgent.build/Debug-iphonesimulator/WebDriverAgentLib.build/WebDriverAgentLib-project-headers.hmap -I/Users/oikhlas/Library/Developer/Xcode/DerivedData/WebDriverAgent-bcmeffsllcldukgyoimwiehwhvyz/Build/Products/Debug-iphonesimulator/include -I/Applications/Xcode.app/Contents/Developer/Platforms/iPhoneSimulator.platform/Developer/SDKs/iPhoneSimulator16.0.sdk/usr/include/libxml2 -I/Users/oikhlas/.appium/node_modules/appium-xcuitest-driver/node_modules/appium-webdriveragent/Modules -I/Users/oikhlas/Library/Developer/Xcode/DerivedData/WebDriverAgent-bcmeffsllcldukgyoimwiehwhvyz/Build/Intermediates.noindex/WebDriverAgent.build/Debug-iphonesimulator/WebDriverAgentLib.build/DerivedSources-normal/x86_64 -I/Users/oikhlas/Library/Developer/Xcode/DerivedData/WebDriverAgent-bcmeffsllcldukgyoimwiehwhvyz/Build/Intermediates.noindex/WebDriverAgent.build/Debug-iphonesimulator/WebDriverAgentLib.build/DerivedSources/x86_64 -I/Users/oikhlas/Library/Developer/Xcode/DerivedData/WebDriverAgent-bcmeffsllcldukgyoimwiehwhvyz/Build/Intermediates.noindex/WebDriverAgent.build/Debug-iphonesimulator/WebDriverAgentLib.build/DerivedSources -Weverything -Wno-objc-missing-property-synthesis -Wno-unused-macros -Wno-disabled-macro-expansion -Wno-gnu-statement-expression -Wno-language-extension-token -Wno-overriding-method-mismatch -Wno-missing-variable-declarations -Rno-module-build -Wno-auto-import -Wno-objc-interface-ivars -Wno-documentation-unknown-command -Wno-reserved-id-macro -Wno-unused-parameter -Wno-gnu-conditional-omitted-operand -Wno-explicit-ownership-type -Wno-date-time -Wno-cast-align -Wno-cstring-format-directive -Wno-double-promotion -Wno-partial-availability -Weverything -Wno-objc-missing-property-synthesis -Wno-unused-macros -Wno-disabled-macro-expansion -Wno-gnu-statement-expression -Wno-language-extension-token -Wno-overriding-method-mismatch -Wno-missing-variable-declarations -Rno-module-build -Wno-auto-import -Wno-objc-interface-ivars -Wno-documentation-unknown-command -Wno-reserved-id-macro -Wno-unused-parameter -Wno-gnu-conditional-omitted-operand -Wno-explicit-ownership-type -Wno-date-time -Wno-cast-align -Wno-cstring-format-directive -Wno-double-promotion -Wno-partial-availability -Wno-objc-messaging-id -Wno-direct-ivar-access -Wno-cast-qual -Wno-declaration-after-statement -F/Users/oikhlas/Library/Developer/Xcode/DerivedData/WebDriverAgent-bcmeffsllcldukgyoimwiehwhvyz/Build/Products/Debug-iphonesimulator -F/Applications/Xcode.app/Contents/Developer/Platforms/iPhoneSimulator.platform/Developer/Library/Frameworks -F/Applications/Xcode.app/Contents/Developer/Platforms/iPhoneSimulator.platform/Developer/Library/PrivateFrameworks -iframework /Applications/Xcode.app/Contents/Developer/Platforms/iPhoneSimulator.platform/Developer/SDKs/iPhoneSimulator16.0.sdk/Developer/Library/Frameworks -MMD -MT dependencies -MF /Users/oikhlas/Library/Developer/Xcode/DerivedData/WebDriverAgent-bcmeffsllcldukgyoimwiehwhvyz/Build/Intermediates.noindex/WebDriverAgent.build/Debug-iphonesimulator/WebDriverAgentLib.build/StaticAnalyzer/WebDriverAgent/WebDriverAgentLib/normal/x86_64/FBApplication.d --analyze /Users/oikhlas/.appium/node_modules/appium-xcuitest-driver/node_modules/appium-webdriveragent/WebDriverAgentLib/FBApplication.m -o /Users/oikhlas/Library/Developer/Xcode/DerivedData/WebDriverAgent-bcmeffsllcldukgyoimwiehwhvyz/Build/Intermediates.noindex/WebDriverAgent.build/Debug-iphonesimulator/WebDriverAgentLib.build/StaticAnalyzer/WebDriverAgent/WebDriverAgentLib/normal/x86_64/FBApplication.plist
&amp#27;[38;5;173m[Xcode]&amp#27;[0m 
&amp#27;[38;5;173m[Xcode]&amp#27;[0m 
&amp#27;[38;5;173m[Xcode]&amp#27;[0m Analyze /Users/oikhlas/.appium/node_modules/appium-xcuitest-driver/node_modules/appium-webdriveragent/WebDriverAgentLib/FBAlert.m normal x86_64 (in target 'WebDriverAgentLib' from project 'WebDriverAgent')
&amp#27;[38;5;173m[Xcode]&amp#27;[0m     cd /Users/oikhlas/.appium/node_modules/appium-xcuitest-driver/node_modules/appium-webdriveragent
&amp#27;[38;5;173m[Xcode]&amp#27;[0m     /Applications/Xcode.app/Contents/Developer/Toolchains/XcodeDefault.xctoolchain/usr/bin/clang -x objective-c -target x86_64-apple-ios16.0-simulator -fmessage-length\=0 -fdiagnostics-show-note-include-stack -fmacro-backtrace-limit\=0 -std\=gnu99 -fobjc-arc -fmodules -gmodules -fmodules-cache-path\=/Users/oikhlas/Library/Developer/Xcode/DerivedData/WebDriverAgent-bcmeffsllcldukgyoimwiehwhvyz/ModuleCache.noindex -fmodules-prune-interval\=86400 -fmodules-prune-after\=345600 -fbuild-session-file\=/Users/oikhlas/Library/Developer/Xcode/DerivedData/WebDriverAgent-bcmeffsllcldukgyoimwiehwhvyz/ModuleCache.noindex/Session.modulevalidation -fmodules-validate-once-per-build-session -Wno-trigraphs -fpascal-strings -O0 -fno-common -Wmissing-field-initializers -Wno-missing-prototypes -Werror\=return-type -Wunreachable-code -Wquoted-include-in-framework-header -Wno-implicit-atomic-properties -Werror\=deprecated-objc-isa-usage -Wno-objc-interface-ivars -Werror\=objc-root-class -Warc-repeated-use-of-weak -Wno-arc-maybe-repeated-use-of-weak -Wimplicit-retain-self -Wduplicate-method-match -Wno-missing-braces -Wparentheses -Wswitch -Wunused-function -Wno-unused-label -Wunused-parameter -Wunused-variable -Wunused-value -Wempty-body -Wuninitialized -Wconditional-uninitialized -Wno-unknown-pragmas -pedantic -Wshadow -Wno-four-char-constants -Wconversion -Wconstant-conversion -Wint-conversion -Wbool-conversion -Wenum-conversion -Wfloat-conversion -Wnon-literal-null-conversion -Wobjc-literal-conversion -Wassign-enum -Wsign-compare -Wshorten-64-to-32 -Wpointer-sign -Wno-newline-eof -Wno-selector -Wno-strict-selector-match -Wundeclared-selector -Wdeprecated-implementations -Wno-implicit-fallthrough -DDEBUG\=1 -DOBJC_OLD_DISPATCH_PROTOTYPES\=0 -isysroot /Applications/Xcode.app/Contents/Developer/Platforms/iPhoneSimulator.platform/Developer/SDKs/iPhoneSimulator16.0.sdk -fasm-blocks -fstrict-aliasing -Wprotocol -Wdeprecated-declarations -g -Wno-sign-conversion -Winfinite-recursion -Wcomma -Wblock-capture-autoreleasing -Wstrict-prototypes -Wno-semicolon-before-method-body -fobjc-abi-version\=2 -fobjc-legacy-dispatch -D__clang_analyzer__ -Xclang -analyzer-output\=plist-multi-file -Xclang -analyzer-config -Xclang path-diagnostics-alternate\=true -Xclang -analyzer-config -Xclang report-in-main-source-file\=true -Xclang -analyzer-checker -Xclang optin.osx.cocoa.localizability.NonLocalizedStringChecker -Xclang -analyzer-checker -Xclang security.insecureAPI.UncheckedReturn -Xclang -analyzer-checker -Xclang security.insecureAPI.getpw -Xclang -analyzer-checker -Xclang security.insecureAPI.gets -Xclang -analyzer-checker -Xclang security.insecureAPI.mkstemp -Xclang -analyzer-checker -Xclang security.insecureAPI.mktemp -Xclang -analyzer-disable-checker -Xclang security.insecureAPI.rand -Xclang -analyzer-disable-checker -Xclang security.insecureAPI.strcpy -Xclang -analyzer-checker -Xclang security.insecureAPI.vfork -iquote /Users/oikhlas/Library/Developer/Xcode/DerivedData/WebDriverAgent-bcmeffsllcldukgyoimwiehwhvyz/Build/Intermediates.noindex/WebDriverAgent.build/Debug-iphonesimulator/WebDriverAgentLib.build/WebDriverAgentLib-generated-files.hmap -I/Users/oikhlas/Library/Developer/Xcode/DerivedData/WebDriverAgent-bcmeffsllcldukgyoimwiehwhvyz/Build/Intermediates.noindex/WebDriverAgent.build/Debug-iphonesimulator/WebDriverAgentLib.build/WebDriverAgentLib-own-target-headers.hmap -I/Users/oikhlas/Library/Developer/Xcode/DerivedData/WebDriverAgent-bcmeffsllcldukgyoimwiehwhvyz/Build/Intermediates.noindex/WebDriverAgent.build/Debug-iphonesimulator/WebDriverAgentLib.build/WebDriverAgentLib-all-target-headers.hmap -iquote /Users/oikhlas/Library/Developer/Xcode/DerivedData/WebDriverAgent-bcmeffsllcldukgyoimwiehwhvyz/Build/Intermediates.noindex/WebDriverAgent.build/Debug-iphonesimulator/WebDriverAgentLib.build/WebDriverAgentLib-project-headers.hmap -I/Users/oikhlas/Library/Developer/Xcode/DerivedData/WebDriverAgent-bcmeffsllcldukgyoimwiehwhvyz/Build/Products/Debug-iphonesimulator/include -I/Applications/Xcode.app/Contents/Developer/Platforms/iPhoneSimulator.platform/Developer/SDKs/iPhoneSimulator16.0.sdk/usr/include/libxml2 -I/Users/oikhlas/.appium/node_modules/appium-xcuitest-driver/node_modules/appium-webdriveragent/Modules -I/Users/oikhlas/Library/Developer/Xcode/DerivedData/WebDriverAgent-bcmeffsllcldukgyoimwiehwhvyz/Build/Intermediates.noindex/WebDriverAgent.build/Debug-iphonesimulator/WebDriverAgentLib.build/DerivedSources-normal/x86_64 -I/Users/oikhlas/Library/Developer/Xcode/DerivedData/WebDriverAgent-bcmeffsllcldukgyoimwiehwhvyz/Build/Intermediates.noindex/WebDriverAgent.build/Debug-iphonesimulator/WebDriverAgentLib.build/DerivedSources/x86_64 -I/Users/oikhlas/Library/Developer/Xcode/DerivedData/WebDriverAgent-bcmeffsllcldukgyoimwiehwhvyz/Build/Intermediates.noindex/WebDriverAgent.build/Debug-iphonesimulator/WebDriverAgentLib.build/DerivedSources -Weverything -Wno-objc-missing-property-synthesis -Wno-unused-macros -Wno-disabled-macro-expansion -Wno-gnu-statement-expression -Wno-language-extension-token -Wno-overriding-method-mismatch -Wno-missing-variable-declarations -Rno-module-build -Wno-auto-import -Wno-objc-interface-ivars -Wno-documentation-unknown-command -Wno-reserved-id-macro -Wno-unused-parameter -Wno-gnu-conditional-omitted-operand -Wno-explicit-ownership-type -Wno-date-time -Wno-cast-align -Wno-cstring-format-directive -Wno-double-promotion -Wno-partial-availability -Weverything -Wno-objc-missing-property-synthesis -Wno-unused-macros -Wno-disabled-macro-expansion -Wno-gnu-statement-expression -Wno-language-extension-token -Wno-overriding-method-mismatch -Wno-missing-variable-declarations -Rno-module-build -Wno-auto-import -Wno-objc-interface-ivars -Wno-documentation-unknown-command -Wno-reserved-id-macro -Wno-unused-parameter -Wno-gnu-conditional-omitted-operand -Wno-explicit-ownership-type -Wno-date-time -Wno-cast-align -Wno-cstring-format-directive -Wno-double-promotion -Wno-partial-availability -Wno-objc-messaging-id -Wno-direct-ivar-access -Wno-cast-qual -Wno-declaration-after-statement -F/Users/oikhlas/Library/Developer/Xcode/DerivedData/WebDriverAgent-bcmeffsllcldukgyoimwiehwhvyz/Build/Products/Debug-iphonesimulator -F/Applications/Xcode.app/Contents/Developer/Platforms/iPhoneSimulator.platform/Developer/Library/Frameworks -F/Applications/Xcode.app/Contents/Developer/Platforms/iPhoneSimulator.platform/Developer/Library/PrivateFrameworks -iframework /Applications/Xcode.app/Contents/Developer/Platforms/iPhoneSimulator.platform/Developer/SDKs/iPhoneSimulator16.0.sdk/Developer/Library/Frameworks -MMD -MT dependencies -MF /Users/oikhlas/Library/Developer/Xcode/DerivedData/WebDriverAgent-bcmeffsllcldukgyoimwiehwhvyz/Build/Intermediates.noindex/WebDriverAgent.build/Debug-iphonesimulator/WebDriverAgentLib.build/StaticAnalyzer/WebDriverAgent/WebDriverAgentLib/normal/x86_64/FBAlert.d --analyze /Users/oikhlas/.appium/node_modules/appium-xcuitest-driver/node_modules/appium-webdriveragent/WebDriverAgentLib/FBAlert.m -o /Users/oikhlas/Library/Developer/Xcode/DerivedData/WebDriverAgent-bcmeffsllcldukgyoimwiehwhvyz/Build/Intermediates.noindex/WebDriverAgent.build/Debug-iphonesimulator/WebDriverAgentLib.build/StaticAnalyzer/WebDriverAgent/WebDriverAgentLib/normal/x86_64/FBAlert.plist
&amp#27;[38;5;173m[Xcode]&amp#27;[0m 
&amp#27;[38;5;173m[Xcode]&amp#27;[0m 
&amp#27;[38;5;173m[Xcode]&amp#27;[0m Analyze /Users/oikhlas/.appium/node_modules/appium-xcuitest-driver/node_modules/appium-webdriveragent/WebDriverAgentLib/Commands/FBUnknownCommands.m normal x86_64 (in target 'WebDriverAgentLib' from project 'WebDriverAgent')
&amp#27;[38;5;173m[Xcode]&amp#27;[0m     cd /Users/oikhlas/.appium/node_modules/appium-xcuitest-driver/node_modules/appium-webdriveragent
&amp#27;[38;5;173m[Xcode]&amp#27;[0m     /Applications/Xcode.app/Contents/Developer/Toolchains/XcodeDefault.xctoolchain/usr/bin/clang -x objective-c -target x86_64-apple-ios16.0-simulator -fmessage-length\=0 -fdiagnostics-show-note-include-stack -fmacro-backtrace-limit\=0 -std\=gnu99 -fobjc-arc -fmodules -gmodules -fmodules-cache-path\=/Users/oikhlas/Library/Developer/Xcode/DerivedData/WebDriverAgent-bcmeffsllcldukgyoimwiehwhvyz/ModuleCache.noindex -fmodules-prune-interval\=86400 -fmodules-prune-after\=345600 -fbuild-session-file\=/Users/oikhlas/Library/Developer/Xcode/DerivedData/WebDriverAgent-bcmeffsllcldukgyoimwiehwhvyz/ModuleCache.noindex/Session.modulevalidation -fmodules-validate-once-per-build-session -Wno-trigraphs -fpascal-strings -O0 -fno-common -Wmissing-field-initializers -Wno-missing-prototypes -Werror\=return-type -Wunreachable-code -Wquoted-include-in-framework-header -Wno-implicit-atomic-properties -Werror\=deprecated-objc-isa-usage -Wno-objc-interface-ivars -Werror\=objc-root-class -Warc-repeated-use-of-weak -Wno-arc-maybe-repeated-use-of-weak -Wimplicit-retain-self -Wduplicate-method-match -Wno-missing-braces -Wparentheses -Wswitch -Wunused-function -Wno-unused-label -Wunused-parameter -Wunused-variable -Wunused-value -Wempty-body -Wuninitialized -Wconditional-uninitialized -Wno-unknown-pragmas -pedantic -Wshadow -Wno-four-char-constants -Wconversion -Wconstant-conversion -Wint-conversion -Wbool-conversion -Wenum-conversion -Wfloat-conversion -Wnon-literal-null-conversion -Wobjc-literal-conversion -Wassign-enum -Wsign-compare -Wshorten-64-to-32 -Wpointer-sign -Wno-newline-eof -Wno-selector -Wno-strict-selector-match -Wundeclared-selector -Wdeprecated-implementations -Wno-implicit-fallthrough -DDEBUG\=1 -DOBJC_OLD_DISPATCH_PROTOTYPES\=0 -isysroot /Applications/Xcode.app/Contents/Developer/Platforms/iPhoneSimulator.platform/Developer/SDKs/iPhoneSimulator16.0.sdk -fasm-blocks -fstrict-aliasing -Wprotocol -Wdeprecated-declarations -g -Wno-sign-conversion -Winfinite-recursion -Wcomma -Wblock-capture-autoreleasing -Wstrict-prototypes -Wno-semicolon-before-method-body -fobjc-abi-version\=2 -fobjc-legacy-dispatch -D__clang_analyzer__ -Xclang -analyzer-output\=plist-multi-file -Xclang -analyzer-config -Xclang path-diagnostics-alternate\=true -Xclang -analyzer-config -Xclang report-in-main-source-file\=true -Xclang -analyzer-checker -Xclang optin.osx.cocoa.localizability.NonLocalizedStringChecker -Xclang -analyzer-checker -Xclang security.insecureAPI.UncheckedReturn -Xclang -analyzer-checker -Xclang security.insecureAPI.getpw -Xclang -analyzer-checker -Xclang security.insecureAPI.gets -Xclang -analyzer-checker -Xclang security.insecureAPI.mkstemp -Xclang -analyzer-checker -Xclang security.insecureAPI.mktemp -Xclang -analyzer-disable-checker -Xclang security.insecureAPI.rand -Xclang -analyzer-disable-checker -Xclang security.insecureAPI.strcpy -Xclang -analyzer-checker -Xclang security.insecureAPI.vfork -iquote /Users/oikhlas/Library/Developer/Xcode/DerivedData/WebDriverAgent-bcmeffsllcldukgyoimwiehwhvyz/Build/Intermediates.noindex/WebDriverAgent.build/Debug-iphonesimulator/WebDriverAgentLib.build/WebDriverAgentLib-generated-files.hmap -I/Users/oikhlas/Library/Developer/Xcode/DerivedData/WebDriverAgent-bcmeffsllcldukgyoimwiehwhvyz/Build/Intermediates.noindex/WebDriverAgent.build/Debug-iphonesimulator/WebDriverAgentLib.build/WebDriverAgentLib-own-target-headers.hmap -I/Users/oikhlas/Library/Developer/Xcode/DerivedData/WebDriverAgent-bcmeffsllcldukgyoimwiehwhvyz/Build/Intermediates.noindex/WebDriverAgent.build/Debug-iphonesimulator/WebDriverAgentLib.build/WebDriverAgentLib-all-target-headers.hmap -iquote /Users/oikhlas/Library/Developer/Xcode/DerivedData/WebDriverAgent-bcmeffsllcldukgyoimwiehwhvyz/Build/Intermediates.noindex/WebDriverAgent.build/Debug-iphonesimulator/WebDriverAgentLib.build/WebDriverAgentLib-project-headers.hmap -I/Users/oikhlas/Library/Developer/Xcode/DerivedData/WebDriverAgent-bcmeffsllcldukgyoimwiehwhvyz/Build/Products/Debug-iphonesimulator/include -I/Applications/Xcode.app/Contents/Developer/Platforms/iPhoneSimulator.platform/Developer/SDKs/iPhoneSimulator16.0.sdk/usr/include/libxml2 -I/Users/oikhlas/.appium/node_modules/appium-xcuitest-driver/node_modules/appium-webdriveragent/Modules -I/Users/oikhlas/Library/Developer/Xcode/DerivedData/WebDriverAgent-bcmeffsllcldukgyoimwiehwhvyz/Build/Intermediates.noindex/WebDriverAgent.build/Debug-iphonesimulator/WebDriverAgentLib.build/DerivedSources-normal/x86_64 -I/Users/oikhlas/Library/Developer/Xcode/DerivedData/WebDriverAgent-bcmeffsllcldukgyoimwiehwhvyz/Build/Intermediates.noindex/WebDriverAgent.build/Debug-iphonesimulator/WebDriverAgentLib.build/DerivedSources/x86_64 -I/Users/oikhlas/Library/Developer/Xcode/DerivedData/WebDriverAgent-bcmeffsllcldukgyoimwiehwhvyz/Build/Intermediates.noindex/WebDriverAgent.build/Debug-iphonesimulator/WebDriverAgentLib.build/DerivedSources -Weverything -Wno-objc-missing-property-synthesis -Wno-unused-macros -Wno-disabled-macro-expansion -Wno-gnu-statement-expression -Wno-language-extension-token -Wno-overriding-method-mismatch -Wno-missing-variable-declarations -Rno-module-build -Wno-auto-import -Wno-objc-interface-ivars -Wno-documentation-unknown-command -Wno-reserved-id-macro -Wno-unused-parameter -Wno-gnu-conditional-omitted-operand -Wno-explicit-ownership-type -Wno-date-time -Wno-cast-align -Wno-cstring-format-directive -Wno-double-promotion -Wno-partial-availability -Weverything -Wno-objc-missing-property-synthesis -Wno-unused-macros -Wno-disabled-macro-expansion -Wno-gnu-statement-expression -Wno-language-extension-token -Wno-overriding-method-mismatch -Wno-missing-variable-declarations -Rno-module-build -Wno-auto-import -Wno-objc-interface-ivars -Wno-documentation-unknown-command -Wno-reserved-id-macro -Wno-unused-parameter -Wno-gnu-conditional-omitted-operand -Wno-explicit-ownership-type -Wno-date-time -Wno-cast-align -Wno-cstring-format-directive -Wno-double-promotion -Wno-partial-availability -Wno-objc-messaging-id -Wno-direct-ivar-access -Wno-cast-qual -Wno-declaration-after-statement -F/Users/oikhlas/Library/Developer/Xcode/DerivedData/WebDriverAgent-bcmeffsllcldukgyoimwiehwhvyz/Build/Products/Debug-iphonesimulator -F/Applications/Xcode.app/Contents/Developer/Platforms/iPhoneSimulator.platform/Developer/Library/Frameworks -F/Applications/Xcode.app/Contents/Developer/Platforms/iPhoneSimulator.platform/Developer/Library/PrivateFrameworks -iframework /Applications/Xcode.app/Contents/Developer/Platforms/iPhoneSimulator.platform/Developer/SDKs/iPhoneSimulator16.0.sdk/Developer/Library/Frameworks -MMD -MT dependencies -MF /Users/oikhlas/Library/Developer/Xcode/DerivedData/WebDriverAgent-bcmeffsllcldukgyoimwiehwhvyz/Build/Intermediates.noindex/WebDriverAgent.build/Debug-iphonesimulator/WebDriverAgentLib.build/StaticAnalyzer/WebDriverAgent/WebDriverAgentLib/normal/x86_64/FBUnknownCommands.d --analyze /Users/oikhlas/.appium/node_modules/appium-xcuitest-driver/node_modules/appium-webdriveragent/WebDriverAgentLib/Commands/FBUnknownCommands.m -o /Users/oikhlas/Library/Developer/Xcode/DerivedData/WebDriverAgent-bcmeffsllcldukgyoimwiehwhvyz/Build/Intermediates.noindex/WebDriverAgent.build/Debug-iphonesimulator/WebDriverAgentLib.build/StaticAnalyzer/WebDriverAgent/WebDriverAgentLib/normal/x86_64/FBUnknownCommands.plist
&amp#27;[38;5;173m[Xcode]&amp#27;[0m 
&amp#27;[38;5;173m[Xcode]&amp#27;[0m 
&amp#27;[38;5;173m[Xcode]&amp#27;[0m Analyze /Users/oikhlas/.appium/node_modules/appium-xcuitest-driver/node_modules/appium-webdriveragent/WebDriverAgentLib/Commands/FBTouchIDCommands.m normal x86_64 (in target 'WebDriverAgentLib' from project 'WebDriverAgent')
&amp#27;[38;5;173m[Xcode]&amp#27;[0m     cd /Users/oikhlas/.appium/node_modules/appium-xcuitest-driver/node_modules/appium-webdriveragent
&amp#27;[38;5;173m[Xcode]&amp#27;[0m     /Applications/Xcode.app/Contents/Developer/Toolchains/XcodeDefault.xctoolchain/usr/bin/clang -x objective-c -target x86_64-apple-ios16.0-simulator -fmessage-length\=0 -fdiagnostics-show-note-include-stack -fmacro-backtrace-limit\=0 -std\=gnu99 -fobjc-arc -fmodules -gmodules -fmodules-cache-path\=/Users/oikhlas/Library/Developer/Xcode/DerivedData/WebDriverAgent-bcmeffsllcldukgyoimwiehwhvyz/ModuleCache.noindex -fmodules-prune-interval\=86400 -fmodules-prune-after\=345600 -fbuild-session-file\=/Users/oikhlas/Library/Developer/Xcode/DerivedData/WebDriverAgent-bcmeffsllcldukgyoimwiehwhvyz/ModuleCache.noindex/Session.modulevalidation -fmodules-validate-once-per-build-session -Wno-trigraphs -fpascal-strings -O0 -fno-common -Wmissing-field-initializers -Wno-missing-prototypes -Werror\=return-type -Wunreachable-code -Wquoted-include-in-framework-header -Wno-implicit-atomic-properties -Werror\=deprecated-objc-isa-usage -Wno-objc-interface-ivars -Werror\=objc-root-class -Warc-repeated-use-of-weak -Wno-arc-maybe-repeated-use-of-weak -Wimplicit-retain-self -Wduplicate-method-match -Wno-missing-braces -Wparentheses -Wswitch -Wunused-function -Wno-unused-label -Wunused-parameter -Wunused-variable -Wunused-value -Wempty-body -Wuninitialized -Wconditional-uninitialized -Wno-unknown-pragmas -pedantic -Wshadow -Wno-four-char-constants -Wconversion -Wconstant-conversion -Wint-conversion -Wbool-conversion -Wenum-conversion -Wfloat-conversion -Wnon-literal-null-conversion -Wobjc-literal-conversion -Wassign-enum -Wsign-compare -Wshorten-64-to-32 -Wpointer-sign -Wno-newline-eof -Wno-selector -Wno-strict-selector-match -Wundeclared-selector -Wdeprecated-implementations -Wno-implicit-fallthrough -DDEBUG\=1 -DOBJC_OLD_DISPATCH_PROTOTYPES\=0 -isysroot /Applications/Xcode.app/Contents/Developer/Platforms/iPhoneSimulator.platform/Developer/SDKs/iPhoneSimulator16.0.sdk -fasm-blocks -fstrict-aliasing -Wprotocol -Wdeprecated-declarations -g -Wno-sign-conversion -Winfinite-recursion -Wcomma -Wblock-capture-autoreleasing -Wstrict-prototypes -Wno-semicolon-before-method-body -fobjc-abi-version\=2 -fobjc-legacy-dispatch -D__clang_analyzer__ -Xclang -analyzer-output\=plist-multi-file -Xclang -analyzer-config -Xclang path-diagnostics-alternate\=true -Xclang -analyzer-config -Xclang report-in-main-source-file\=true -Xclang -analyzer-checker -Xclang optin.osx.cocoa.localizability.NonLocalizedStringChecker -Xclang -analyzer-checker -Xclang security.insecureAPI.UncheckedReturn -Xclang -analyzer-checker -Xclang security.insecureAPI.getpw -Xclang -analyzer-checker -Xclang security.insecureAPI.gets -Xclang -analyzer-checker -Xclang security.insecureAPI.mkstemp -Xclang -analyzer-checker -Xclang security.insecureAPI.mktemp -Xclang -analyzer-disable-checker -Xclang security.insecureAPI.rand -Xclang -analyzer-disable-checker -Xclang security.insecureAPI.strcpy -Xclang -analyzer-checker -Xclang security.insecureAPI.vfork -iquote /Users/oikhlas/Library/Developer/Xcode/DerivedData/WebDriverAgent-bcmeffsllcldukgyoimwiehwhvyz/Build/Intermediates.noindex/WebDriverAgent.build/Debug-iphonesimulator/WebDriverAgentLib.build/WebDriverAgentLib-generated-files.hmap -I/Users/oikhlas/Library/Developer/Xcode/DerivedData/WebDriverAgent-bcmeffsllcldukgyoimwiehwhvyz/Build/Intermediates.noindex/WebDriverAgent.build/Debug-iphonesimulator/WebDriverAgentLib.build/WebDriverAgentLib-own-target-headers.hmap -I/Users/oikhlas/Library/Developer/Xcode/DerivedData/WebDriverAgent-bcmeffsllcldukgyoimwiehwhvyz/Build/Intermediates.noindex/WebDriverAgent.build/Debug-iphonesimulator/WebDriverAgentLib.build/WebDriverAgentLib-all-target-headers.hmap -iquote /Users/oikhlas/Library/Developer/Xcode/DerivedData/WebDriverAgent-bcmeffsllcldukgyoimwiehwhvyz/Build/Intermediates.noindex/WebDriverAgent.build/Debug-iphonesimulator/WebDriverAgentLib.build/WebDriverAgentLib-project-headers.hmap -I/Users/oikhlas/Library/Developer/Xcode/DerivedData/WebDriverAgent-bcmeffsllcldukgyoimwiehwhvyz/Build/Products/Debug-iphonesimulator/include -I/Applications/Xcode.app/Contents/Developer/Platforms/iPhoneSimulator.platform/Developer/SDKs/iPhoneSimulator16.0.sdk/usr/include/libxml2 -I/Users/oikhlas/.appium/node_modules/appium-xcuitest-driver/node_modules/appium-webdriveragent/Modules -I/Users/oikhlas/Library/Developer/Xcode/DerivedData/WebDriverAgent-bcmeffsllcldukgyoimwiehwhvyz/Build/Intermediates.noindex/WebDriverAgent.build/Debug-iphonesimulator/WebDriverAgentLib.build/DerivedSources-normal/x86_64 -I/Users/oikhlas/Library/Developer/Xcode/DerivedData/WebDriverAgent-bcmeffsllcldukgyoimwiehwhvyz/Build/Intermediates.noindex/WebDriverAgent.build/Debug-iphonesimulator/WebDriverAgentLib.build/DerivedSources/x86_64 -I/Users/oikhlas/Library/Developer/Xcode/DerivedData/WebDriverAgent-bcmeffsllcldukgyoimwiehwhvyz/Build/Intermediates.noindex/WebDriverAgent.build/Debug-iphonesimulator/WebDriverAgentLib.build/DerivedSources -Weverything -Wno-objc-missing-property-synthesis -Wno-unused-macros -Wno-disabled-macro-expansion -Wno-gnu-statement-expression -Wno-language-extension-token -Wno-overriding-method-mismatch -Wno-missing-variable-declarations -Rno-module-build -Wno-auto-import -Wno-objc-interface-ivars -Wno-documentation-unknown-command -Wno-reserved-id-macro -Wno-unused-parameter -Wno-gnu-conditional-omitted-operand -Wno-explicit-ownership-type -Wno-date-time -Wno-cast-align -Wno-cstring-format-directive -Wno-double-promotion -Wno-partial-availability -Weverything -Wno-objc-missing-property-synthesis -Wno-unused-macros -Wno-disabled-macro-expansion -Wno-gnu-statement-expression -Wno-language-extension-token -Wno-overriding-method-mismatch -Wno-missing-variable-declarations -Rno-module-build -Wno-auto-import -Wno-objc-interface-ivars -Wno-documentation-unknown-command -Wno-reserved-id-macro -Wno-unused-parameter -Wno-gnu-conditional-omitted-operand -Wno-explicit-ownership-type -Wno-date-time -Wno-cast-align -Wno-cstring-format-directive -Wno-double-promotion -Wno-partial-availability -Wno-objc-messaging-id -Wno-direct-ivar-access -Wno-cast-qual -Wno-declaration-after-statement -F/Users/oikhlas/Library/Developer/Xcode/DerivedData/WebDriverAgent-bcmeffsllcldukgyoimwiehwhvyz/Build/Products/Debug-iphonesimulator -F/Applications/Xcode.app/Contents/Developer/Platforms/iPhoneSimulator.platform/Developer/Library/Frameworks -F/Applications/Xcode.app/Contents/Developer/Platforms/iPhoneSimulator.platform/Developer/Library/PrivateFrameworks -iframework /Applications/Xcode.app/Contents/Developer/Platforms/iPhoneSimulator.platform/Developer/SDKs/iPhoneSimulator16.0.sdk/Developer/Library/Frameworks -MMD -MT dependencies -MF /Users/oikhlas/Library/Developer/Xcode/DerivedData/WebDriverAgent-bcmeffsllcldukgyoimwiehwhvyz/Build/Intermediates.noindex/WebDriverAgent.build/Debug-iphonesimulator/WebDriverAgentLib.build/StaticAnalyzer/WebDriverAgent/WebDriverAgentLib/normal/x86_64/FBTouchIDCommands.d --analyze /Users/oikhlas/.appium/node_modules/appium-xcuitest-driver/node_modules/appium-webdriveragent/WebDriverAgentLib/Commands/FBTouchIDCommands.m -o /Users/oikhlas/Library/Developer/Xcode/DerivedData/WebDriverAgent-bcmeffsllcldukgyoimwiehwhvyz/Build/Intermediates.noindex/WebDriverAgent.build/Debug-iphonesimulator/WebDriverAgentLib.build/StaticAnalyzer/WebDriverAgent/WebDriverAgentLib/normal/x86_64/FBTouchIDCommands.plist
&amp#27;[38;5;173m[Xcode]&amp#27;[0m 
&amp#27;[38;5;173m[Xcode]&amp#27;[0m 
&amp#27;[38;5;173m[Xcode]&amp#27;[0m Analyze /Users/oikhlas/.appium/node_modules/appium-xcuitest-driver/node_modules/appium-webdriveragent/WebDriverAgentLib/Commands/FBTouchActionCommands.m normal x86_64 (in target 'WebDriverAgentLib' from project 'WebDriverAgent')
&amp#27;[38;5;173m[Xcode]&amp#27;[0m     cd /Users/oikhlas/.appium/node_modules/appium-xcuitest-driver/node_modules/appium-webdriveragent
&amp#27;[38;5;173m[Xcode]&amp#27;[0m     /Applications/Xcode.app/Contents/Developer/Toolchains/XcodeDefault.xctoolchain/usr/bin/clang -x objective-c -target x86_64-apple-ios16.0-simulator -fmessage-length\=0 -fdiagnostics-show-note-include-stack -fmacro-backtrace-limit\=0 -std\=gnu99 -fobjc-arc -fmodules -gmodules -fmodules-cache-path\=/Users/oikhlas/Library/Developer/Xcode/DerivedData/WebDriverAgent-bcmeffsllcldukgyoimwiehwhvyz/ModuleCache.noindex -fmodules-prune-interval\=86400 -fmodules-prune-after\=345600 -fbuild-session-file\=/Users/oikhlas/Library/Developer/Xcode/DerivedData/WebDriverAgent-bcmeffsllcldukgyoimwiehwhvyz/ModuleCache.noindex/Session.modulevalidation -fmodules-validate-once-per-build-session -Wno-trigraphs -fpascal-strings -O0 -fno-common -Wmissing-field-initializers -Wno-missing-prototypes -Werror\=return-type -Wunreachable-code -Wquoted-include-in-framework-header -Wno-implicit-atomic-properties -Werror\=deprecated-objc-isa-usage -Wno-objc-interface-ivars -Werror\=objc-root-class -Warc-repeated-use-of-weak -Wno-arc-maybe-repeated-use-of-weak -Wimplicit-retain-self -Wduplicate-method-match -Wno-missing-braces -Wparentheses -Wswitch -Wunused-function -Wno-unused-label -Wunused-parameter -Wunused-variable -Wunused-value -Wempty-body -Wuninitialized -Wconditional-uninitialized -Wno-unknown-pragmas -pedantic -Wshadow -Wno-four-char-constants -Wconversion -Wconstant-conversion -Wint-conversion -Wbool-conversion -Wenum-conversion -Wfloat-conversion -Wnon-literal-null-conversion -Wobjc-literal-conversion -Wassign-enum -Wsign-compare -Wshorten-64-to-32 -Wpointer-sign -Wno-newline-eof -Wno-selector -Wno-strict-selector-match -Wundeclared-selector -Wdeprecated-implementations -Wno-implicit-fallthrough -DDEBUG\=1 -DOBJC_OLD_DISPATCH_PROTOTYPES\=0 -isysroot /Applications/Xcode.app/Contents/Developer/Platforms/iPhoneSimulator.platform/Developer/SDKs/iPhoneSimulator16.0.sdk -fasm-blocks -fstrict-aliasing -Wprotocol -Wdeprecated-declarations -g -Wno-sign-conversion -Winfinite-recursion -Wcomma -Wblock-capture-autoreleasing -Wstrict-prototypes -Wno-semicolon-before-method-body -fobjc-abi-version\=2 -fobjc-legacy-dispatch -D__clang_analyzer__ -Xclang -analyzer-output\=plist-multi-file -Xclang -analyzer-config -Xclang path-diagnostics-alternate\=true -Xclang -analyzer-config -Xclang report-in-main-source-file\=true -Xclang -analyzer-checker -Xclang optin.osx.cocoa.localizability.NonLocalizedStringChecker -Xclang -analyzer-checker -Xclang security.insecureAPI.UncheckedReturn -Xclang -analyzer-checker -Xclang security.insecureAPI.getpw -Xclang -analyzer-checker -Xclang security.insecureAPI.gets -Xclang -analyzer-checker -Xclang security.insecureAPI.mkstemp -Xclang -analyzer-checker -Xclang security.insecureAPI.mktemp -Xclang -analyzer-disable-checker -Xclang security.insecureAPI.rand -Xclang -analyzer-disable-checker -Xclang security.insecureAPI.strcpy -Xclang -analyzer-checker -Xclang security.insecureAPI.vfork -iquote /Users/oikhlas/Library/Developer/Xcode/DerivedData/WebDriverAgent-bcmeffsllcldukgyoimwiehwhvyz/Build/Intermediates.noindex/WebDriverAgent.build/Debug-iphonesimulator/WebDriverAgentLib.build/WebDriverAgentLib-generated-files.hmap -I/Users/oikhlas/Library/Developer/Xcode/DerivedData/WebDriverAgent-bcmeffsllcldukgyoimwiehwhvyz/Build/Intermediates.noindex/WebDriverAgent.build/Debug-iphonesimulator/WebDriverAgentLib.build/WebDriverAgentLib-own-target-headers.hmap -I/Users/oikhlas/Library/Developer/Xcode/DerivedData/WebDriverAgent-bcmeffsllcldukgyoimwiehwhvyz/Build/Intermediates.noindex/WebDriverAgent.build/Debug-iphonesimulator/WebDriverAgentLib.build/WebDriverAgentLib-all-target-headers.hmap -iquote /Users/oikhlas/Library/Developer/Xcode/DerivedData/WebDriverAgent-bcmeffsllcldukgyoimwiehwhvyz/Build/Intermediates.noindex/WebDriverAgent.build/Debug-iphonesimulator/WebDriverAgentLib.build/WebDriverAgentLib-project-headers.hmap -I/Users/oikhlas/Library/Developer/Xcode/DerivedData/WebDriverAgent-bcmeffsllcldukgyoimwiehwhvyz/Build/Products/Debug-iphonesimulator/include -I/Applications/Xcode.app/Contents/Developer/Platforms/iPhoneSimulator.platform/Developer/SDKs/iPhoneSimulator16.0.sdk/usr/include/libxml2 -I/Users/oikhlas/.appium/node_modules/appium-xcuitest-driver/node_modules/appium-webdriveragent/Modules -I/Users/oikhlas/Library/Developer/Xcode/DerivedData/WebDriverAgent-bcmeffsllcldukgyoimwiehwhvyz/Build/Intermediates.noindex/WebDriverAgent.build/Debug-iphonesimulator/WebDriverAgentLib.build/DerivedSources-normal/x86_64 -I/Users/oikhlas/Library/Developer/Xcode/DerivedData/WebDriverAgent-bcmeffsllcldukgyoimwiehwhvyz/Build/Intermediates.noindex/WebDriverAgent.build/Debug-iphonesimulator/WebDriverAgentLib.build/DerivedSources/x86_64 -I/Users/oikhlas/Library/Developer/Xcode/DerivedData/WebDriverAgent-bcmeffsllcldukgyoimwiehwhvyz/Build/Intermediates.noindex/WebDriverAgent.build/Debug-iphonesimulator/WebDriverAgentLib.build/DerivedSources -Weverything -Wno-objc-missing-property-synthesis -Wno-unused-macros -Wno-disabled-macro-expansion -Wno-gnu-statement-expression -Wno-language-extension-token -Wno-overriding-method-mismatch -Wno-missing-variable-declarations -Rno-module-build -Wno-auto-import -Wno-objc-interface-ivars -Wno-documentation-unknown-command -Wno-reserved-id-macro -Wno-unused-parameter -Wno-gnu-conditional-omitted-operand -Wno-explicit-ownership-type -Wno-date-time -Wno-cast-align -Wno-cstring-format-directive -Wno-double-promotion -Wno-partial-availability -Weverything -Wno-objc-missing-property-synthesis -Wno-unused-macros -Wno-disabled-macro-expansion -Wno-gnu-statement-expression -Wno-language-extension-token -Wno-overriding-method-mismatch -Wno-missing-variable-declarations -Rno-module-build -Wno-auto-import -Wno-objc-interface-ivars -Wno-documentation-unknown-command -Wno-reserved-id-macro -Wno-unused-parameter -Wno-gnu-conditional-omitted-operand -Wno-explicit-ownership-type -Wno-date-time -Wno-cast-align -Wno-cstring-format-directive -Wno-double-promotion -Wno-partial-availability -Wno-objc-messaging-id -Wno-direct-ivar-access -Wno-cast-qual -Wno-declaration-after-statement -F/Users/oikhlas/Library/Developer/Xcode/DerivedData/WebDriverAgent-bcmeffsllcldukgyoimwiehwhvyz/Build/Products/Debug-iphonesimulator -F/Applications/Xcode.app/Contents/Developer/Platforms/iPhoneSimulator.platform/Developer/Library/Frameworks -F/Applications/Xcode.app/Contents/Developer/Platforms/iPhoneSimulator.platform/Developer/Library/PrivateFrameworks -iframework /Applications/Xcode.app/Contents/Developer/Platforms/iPhoneSimulator.platform/Developer/SDKs/iPhoneSimulator16.0.sdk/Developer/Library/Frameworks -MMD -MT dependencies -MF /Users/oikhlas/Library/Developer/Xcode/DerivedData/WebDriverAgent-bcmeffsllcldukgyoimwiehwhvyz/Build/Intermediates.noindex/WebDriverAgent.build/Debug-iphonesimulator/WebDriverAgentLib.build/StaticAnalyzer/WebDriverAgent/WebDriverAgentLib/normal/x86_64/FBTouchActionCommands.d --analyze /Users/oikhlas/.appium/node_modules/appium-xcuitest-driver/node_modules/appium-webdriveragent/WebDriverAgentLib/Commands/FBTouchActionCommands.m -o /Users/oikhlas/Library/Developer/Xcode/DerivedData/WebDriverAgent-bcmeffsllcldukgyoimwiehwhvyz/Build/Intermediates.noindex/WebDriverAgent.build/Debug-iphonesimulator/WebDriverAgentLib.build/StaticAnalyzer/WebDriverAgent/WebDriverAgentLib/normal/x86_64/FBTouchActionCommands.plist
&amp#27;[38;5;173m[Xcode]&amp#27;[0m 
&amp#27;[38;5;173m[Xcode]&amp#27;[0m 
&amp#27;[38;5;173m[Xcode]&amp#27;[0m Analyze /Users/oikhlas/.appium/node_modules/appium-xcuitest-driver/node_modules/appium-webdriveragent/WebDriverAgentLib/Commands/FBSessionCommands.m normal x86_64 (in target 'WebDriverAgentLib' from project 'WebDriverAgent')
&amp#27;[38;5;173m[Xcode]&amp#27;[0m     cd /Users/oikhlas/.appium/node_modules/appium-xcuitest-driver/node_modules/appium-webdriveragent
&amp#27;[38;5;173m[Xcode]&amp#27;[0m     /Applications/Xcode.app/Contents/Developer/Toolchains/XcodeDefault.xctoolchain/usr/bin/clang -x objective-c -target x86_64-apple-ios16.0-simulator -fmessage-length\=0 -fdiagnostics-show-note-include-stack -fmacro-backtrace-limit\=0 -std\=gnu99 -fobjc-arc -fmodules -gmodules -fmodules-cache-path\=/Users/oikhlas/Library/Developer/Xcode/DerivedData/WebDriverAgent-bcmeffsllcldukgyoimwiehwhvyz/ModuleCache.noindex -fmodules-prune-interval\=86400 -fmodules-prune-after\=345600 -fbuild-session-file\=/Users/oikhlas/Library/Developer/Xcode/DerivedData/WebDriverAgent-bcmeffsllcldukgyoimwiehwhvyz/ModuleCache.noindex/Session.modulevalidation -fmodules-validate-once-per-build-session -Wno-trigraphs -fpascal-strings -O0 -fno-common -Wmissing-field-initializers -Wno-missing-prototypes -Werror\=return-type -Wunreachable-code -Wquoted-include-in-framework-header -Wno-implicit-atomic-properties -Werror\=deprecated-objc-isa-usage -Wno-objc-interface-ivars -Werror\=objc-root-class -Warc-repeated-use-of-weak -Wno-arc-maybe-repeated-use-of-weak -Wimplicit-retain-self -Wduplicate-method-match -Wno-missing-braces -Wparentheses -Wswitch -Wunused-function -Wno-unused-label -Wunused-parameter -Wunused-variable -Wunused-value -Wempty-body -Wuninitialized -Wconditional-uninitialized -Wno-unknown-pragmas -pedantic -Wshadow -Wno-four-char-constants -Wconversion -Wconstant-conversion -Wint-conversion -Wbool-conversion -Wenum-conversion -Wfloat-conversion -Wnon-literal-null-conversion -Wobjc-literal-conversion -Wassign-enum -Wsign-compare -Wshorten-64-to-32 -Wpointer-sign -Wno-newline-eof -Wno-selector -Wno-strict-selector-match -Wundeclared-selector -Wdeprecated-implementations -Wno-implicit-fallthrough -DDEBUG\=1 -DOBJC_OLD_DISPATCH_PROTOTYPES\=0 -isysroot /Applications/Xcode.app/Contents/Developer/Platforms/iPhoneSimulator.platform/Developer/SDKs/iPhoneSimulator16.0.sdk -fasm-blocks -fstrict-aliasing -Wprotocol -Wdeprecated-declarations -g -Wno-sign-conversion -Winfinite-recursion -Wcomma -Wblock-capture-autoreleasing -Wstrict-prototypes -Wno-semicolon-before-method-body -fobjc-abi-version\=2 -fobjc-legacy-dispatch -D__clang_analyzer__ -Xclang -analyzer-output\=plist-multi-file -Xclang -analyzer-config -Xclang path-diagnostics-alternate\=true -Xclang -analyzer-config -Xclang report-in-main-source-file\=true -Xclang -analyzer-checker -Xclang optin.osx.cocoa.localizability.NonLocalizedStringChecker -Xclang -analyzer-checker -Xclang security.insecureAPI.UncheckedReturn -Xclang -analyzer-checker -Xclang security.insecureAPI.getpw -Xclang -analyzer-checker -Xclang security.insecureAPI.gets -Xclang -analyzer-checker -Xclang security.insecureAPI.mkstemp -Xclang -analyzer-checker -Xclang security.insecureAPI.mktemp -Xclang -analyzer-disable-checker -Xclang security.insecureAPI.rand -Xclang -analyzer-disable-checker -Xclang security.insecureAPI.strcpy -Xclang -analyzer-checker -Xclang security.insecureAPI.vfork -iquote /Users/oikhlas/Library/Developer/Xcode/DerivedData/WebDriverAgent-bcmeffsllcldukgyoimwiehwhvyz/Build/Intermediates.noindex/WebDriverAgent.build/Debug-iphonesimulator/WebDriverAgentLib.build/WebDriverAgentLib-generated-files.hmap -I/Users/oikhlas/Library/Developer/Xcode/DerivedData/WebDriverAgent-bcmeffsllcldukgyoimwiehwhvyz/Build/Intermediates.noindex/WebDriverAgent.build/Debug-iphonesimulator/WebDriverAgentLib.build/WebDriverAgentLib-own-target-headers.hmap -I/Users/oikhlas/Library/Developer/Xcode/DerivedData/WebDriverAgent-bcmeffsllcldukgyoimwiehwhvyz/Build/Intermediates.noindex/WebDriverAgent.build/Debug-iphonesimulator/WebDriverAgentLib.build/WebDriverAgentLib-all-target-headers.hmap -iquote /Users/oikhlas/Library/Developer/Xcode/DerivedData/WebDriverAgent-bcmeffsllcldukgyoimwiehwhvyz/Build/Intermediates.noindex/WebDriverAgent.build/Debug-iphonesimulator/WebDriverAgentLib.build/WebDriverAgentLib-project-headers.hmap -I/Users/oikhlas/Library/Developer/Xcode/DerivedData/WebDriverAgent-bcmeffsllcldukgyoimwiehwhvyz/Build/Products/Debug-iphonesimulator/include -I/Applications/Xcode.app/Contents/Developer/Platforms/iPhoneSimulator.platform/Developer/SDKs/iPhoneSimulator16.0.sdk/usr/include/libxml2 -I/Users/oikhlas/.appium/node_modules/appium-xcuitest-driver/node_modules/appium-webdriveragent/Modules -I/Users/oikhlas/Library/Developer/Xcode/DerivedData/WebDriverAgent-bcmeffsllcldukgyoimwiehwhvyz/Build/Intermediates.noindex/WebDriverAgent.build/Debug-iphonesimulator/WebDriverAgentLib.build/DerivedSources-normal/x86_64 -I/Users/oikhlas/Library/Developer/Xcode/DerivedData/WebDriverAgent-bcmeffsllcldukgyoimwiehwhvyz/Build/Intermediates.noindex/WebDriverAgent.build/Debug-iphonesimulator/WebDriverAgentLib.build/DerivedSources/x86_64 -I/Users/oikhlas/Library/Developer/Xcode/DerivedData/WebDriverAgent-bcmeffsllcldukgyoimwiehwhvyz/Build/Intermediates.noindex/WebDriverAgent.build/Debug-iphonesimulator/WebDriverAgentLib.build/DerivedSources -Weverything -Wno-objc-missing-property-synthesis -Wno-unused-macros -Wno-disabled-macro-expansion -Wno-gnu-statement-expression -Wno-language-extension-token -Wno-overriding-method-mismatch -Wno-missing-variable-declarations -Rno-module-build -Wno-auto-import -Wno-objc-interface-ivars -Wno-documentation-unknown-command -Wno-reserved-id-macro -Wno-unused-parameter -Wno-gnu-conditional-omitted-operand -Wno-explicit-ownership-type -Wno-date-time -Wno-cast-align -Wno-cstring-format-directive -Wno-double-promotion -Wno-partial-availability -Weverything -Wno-objc-missing-property-synthesis -Wno-unused-macros -Wno-disabled-macro-expansion -Wno-gnu-statement-expression -Wno-language-extension-token -Wno-overriding-method-mismatch -Wno-missing-variable-declarations -Rno-module-build -Wno-auto-import -Wno-objc-interface-ivars -Wno-documentation-unknown-command -Wno-reserved-id-macro -Wno-unused-parameter -Wno-gnu-conditional-omitted-operand -Wno-explicit-ownership-type -Wno-date-time -Wno-cast-align -Wno-cstring-format-directive -Wno-double-promotion -Wno-partial-availability -Wno-objc-messaging-id -Wno-direct-ivar-access -Wno-cast-qual -Wno-declaration-after-statement -F/Users/oikhlas/Library/Developer/Xcode/DerivedData/WebDriverAgent-bcmeffsllcldukgyoimwiehwhvyz/Build/Products/Debug-iphonesimulator -F/Applications/Xcode.app/Contents/Developer/Platforms/iPhoneSimulator.platform/Developer/Library/Frameworks -F/Applications/Xcode.app/Contents/Developer/Platforms/iPhoneSimulator.platform/Developer/Library/PrivateFrameworks -iframework /Applications/Xcode.app/Contents/Developer/Platforms/iPhoneSimulator.platform/Developer/SDKs/iPhoneSimulator16.0.sdk/Developer/Library/Frameworks -MMD -MT dependencies -MF /Users/oikhlas/Library/Developer/Xcode/DerivedData/WebDriverAgent-bcmeffsllcldukgyoimwiehwhvyz/Build/Intermediates.noindex/WebDriverAgent.build/Debug-iphonesimulator/WebDriverAgentLib.build/StaticAnalyzer/WebDriverAgent/WebDriverAgentLib/normal/x86_64/FBSessionCommands.d --analyze /Users/oikhlas/.appium/node_modules/appium-xcuitest-driver/node_modules/appium-webdriveragent/WebDriverAgentLib/Commands/FBSessionCommands.m -o /Users/oikhlas/Library/Developer/Xcode/DerivedData/WebDriverAgent-bcmeffsllcldukgyoimwiehwhvyz/Build/Intermediates.noindex/WebDriverAgent.build/Debug-iphonesimulator/WebDriverAgentLib.build/StaticAnalyzer/WebDriverAgent/WebDriverAgentLib/normal/x86_64/FBSessionCommands.plist
&amp#27;[38;5;173m[Xcode]&amp#27;[0m 
&amp#27;[38;5;173m[Xcode]&amp#27;[0m 
&amp#27;[38;5;173m[Xcode]&amp#27;[0m Analyze /Users/oikhlas/.appium/node_modules/appium-xcuitest-driver/node_modules/appium-webdriveragent/WebDriverAgentLib/Commands/FBScreenshotCommands.m normal x86_64 (in target 'WebDriverAgentLib' from project 'WebDriverAgent')
&amp#27;[38;5;173m[Xcode]&amp#27;[0m     cd /Users/oikhlas/.appium/node_modules/appium-xcuitest-driver/node_modules/appium-webdriveragent
&amp#27;[38;5;173m[Xcode]&amp#27;[0m     /Applications/Xcode.app/Contents/Developer/Toolchains/XcodeDefault.xctoolchain/usr/bin/clang -x objective-c -target x86_64-apple-ios16.0-simulator -fmessage-length\=0 -fdiagnostics-show-note-include-stack -fmacro-backtrace-limit\=0 -std\=gnu99 -fobjc-arc -fmodules -gmodules -fmodules-cache-path\=/Users/oikhlas/Library/Developer/Xcode/DerivedData/WebDriverAgent-bcmeffsllcldukgyoimwiehwhvyz/ModuleCache.noindex -fmodules-prune-interval\=86400 -fmodules-prune-after\=345600 -fbuild-session-file\=/Users/oikhlas/Library/Developer/Xcode/DerivedData/WebDriverAgent-bcmeffsllcldukgyoimwiehwhvyz/ModuleCache.noindex/Session.modulevalidation -fmodules-validate-once-per-build-session -Wno-trigraphs -fpascal-strings -O0 -fno-common -Wmissing-field-initializers -Wno-missing-prototypes -Werror\=return-type -Wunreachable-code -Wquoted-include-in-framework-header -Wno-implicit-atomic-properties -Werror\=deprecated-objc-isa-usage -Wno-objc-interface-ivars -Werror\=objc-root-class -Warc-repeated-use-of-weak -Wno-arc-maybe-repeated-use-of-weak -Wimplicit-retain-self -Wduplicate-method-match -Wno-missing-braces -Wparentheses -Wswitch -Wunused-function -Wno-unused-label -Wunused-parameter -Wunused-variable -Wunused-value -Wempty-body -Wuninitialized -Wconditional-uninitialized -Wno-unknown-pragmas -pedantic -Wshadow -Wno-four-char-constants -Wconversion -Wconstant-conversion -Wint-conversion -Wbool-conversion -Wenum-conversion -Wfloat-conversion -Wnon-literal-null-conversion -Wobjc-literal-conversion -Wassign-enum -Wsign-compare -Wshorten-64-to-32 -Wpointer-sign -Wno-newline-eof -Wno-selector -Wno-strict-selector-match -Wundeclared-selector -Wdeprecated-implementations -Wno-implicit-fallthrough -DDEBUG\=1 -DOBJC_OLD_DISPATCH_PROTOTYPES\=0 -isysroot /Applications/Xcode.app/Contents/Developer/Platforms/iPhoneSimulator.platform/Developer/SDKs/iPhoneSimulator16.0.sdk -fasm-blocks -fstrict-aliasing -Wprotocol -Wdeprecated-declarations -g -Wno-sign-conversion -Winfinite-recursion -Wcomma -Wblock-capture-autoreleasing -Wstrict-prototypes -Wno-semicolon-before-method-body -fobjc-abi-version\=2 -fobjc-legacy-dispatch -D__clang_analyzer__ -Xclang -analyzer-output\=plist-multi-file -Xclang -analyzer-config -Xclang path-diagnostics-alternate\=true -Xclang -analyzer-config -Xclang report-in-main-source-file\=true -Xclang -analyzer-checker -Xclang optin.osx.cocoa.localizability.NonLocalizedStringChecker -Xclang -analyzer-checker -Xclang security.insecureAPI.UncheckedReturn -Xclang -analyzer-checker -Xclang security.insecureAPI.getpw -Xclang -analyzer-checker -Xclang security.insecureAPI.gets -Xclang -analyzer-checker -Xclang security.insecureAPI.mkstemp -Xclang -analyzer-checker -Xclang security.insecureAPI.mktemp -Xclang -analyzer-disable-checker -Xclang security.insecureAPI.rand -Xclang -analyzer-disable-checker -Xclang security.insecureAPI.strcpy -Xclang -analyzer-checker -Xclang security.insecureAPI.vfork -iquote /Users/oikhlas/Library/Developer/Xcode/DerivedData/WebDriverAgent-bcmeffsllcldukgyoimwiehwhvyz/Build/Intermediates.noindex/WebDriverAgent.build/Debug-iphonesimulator/WebDriverAgentLib.build/WebDriverAgentLib-generated-files.hmap -I/Users/oikhlas/Library/Developer/Xcode/DerivedData/WebDriverAgent-bcmeffsllcldukgyoimwiehwhvyz/Build/Intermediates.noindex/WebDriverAgent.build/Debug-iphonesimulator/WebDriverAgentLib.build/WebDriverAgentLib-own-target-headers.hmap -I/Users/oikhlas/Library/Developer/Xcode/DerivedData/WebDriverAgent-bcmeffsllcldukgyoimwiehwhvyz/Build/Intermediates.noindex/WebDriverAgent.build/Debug-iphonesimulator/WebDriverAgentLib.build/WebDriverAgentLib-all-target-headers.hmap -iquote /Users/oikhlas/Library/Developer/Xcode/DerivedData/WebDriverAgent-bcmeffsllcldukgyoimwiehwhvyz/Build/Intermediates.noindex/WebDriverAgent.build/Debug-iphonesimulator/WebDriverAgentLib.build/WebDriverAgentLib-project-headers.hmap -I/Users/oikhlas/Library/Developer/Xcode/DerivedData/WebDriverAgent-bcmeffsllcldukgyoimwiehwhvyz/Build/Products/Debug-iphonesimulator/include -I/Applications/Xcode.app/Contents/Developer/Platforms/iPhoneSimulator.platform/Developer/SDKs/iPhoneSimulator16.0.sdk/usr/include/libxml2 -I/Users/oikhlas/.appium/node_modules/appium-xcuitest-driver/node_modules/appium-webdriveragent/Modules -I/Users/oikhlas/Library/Developer/Xcode/DerivedData/WebDriverAgent-bcmeffsllcldukgyoimwiehwhvyz/Build/Intermediates.noindex/WebDriverAgent.build/Debug-iphonesimulator/WebDriverAgentLib.build/DerivedSources-normal/x86_64 -I/Users/oikhlas/Library/Developer/Xcode/DerivedData/WebDriverAgent-bcmeffsllcldukgyoimwiehwhvyz/Build/Intermediates.noindex/WebDriverAgent.build/Debug-iphonesimulator/WebDriverAgentLib.build/DerivedSources/x86_64 -I/Users/oikhlas/Library/Developer/Xcode/DerivedData/WebDriverAgent-bcmeffsllcldukgyoimwiehwhvyz/Build/Intermediates.noindex/WebDriverAgent.build/Debug-iphonesimulator/WebDriverAgentLib.build/DerivedSources -Weverything -Wno-objc-missing-property-synthesis -Wno-unused-macros -Wno-disabled-macro-expansion -Wno-gnu-statement-expression -Wno-language-extension-token -Wno-overriding-method-mismatch -Wno-missing-variable-declarations -Rno-module-build -Wno-auto-import -Wno-objc-interface-ivars -Wno-documentation-unknown-command -Wno-reserved-id-macro -Wno-unused-parameter -Wno-gnu-conditional-omitted-operand -Wno-explicit-ownership-type -Wno-date-time -Wno-cast-align -Wno-cstring-format-directive -Wno-double-promotion -Wno-partial-availability -Weverything -Wno-objc-missing-property-synthesis -Wno-unused-macros -Wno-disabled-macro-expansion -Wno-gnu-statement-expression -Wno-language-extension-token -Wno-overriding-method-mismatch -Wno-missing-variable-declarations -Rno-module-build -Wno-auto-import -Wno-objc-interface-ivars -Wno-documentation-unknown-command -Wno-reserved-id-macro -Wno-unused-parameter -Wno-gnu-conditional-omitted-operand -Wno-explicit-ownership-type -Wno-date-time -Wno-cast-align -Wno-cstring-format-directive -Wno-double-promotion -Wno-partial-availability -Wno-objc-messaging-id -Wno-direct-ivar-access -Wno-cast-qual -Wno-declaration-after-statement -F/Users/oikhlas/Library/Developer/Xcode/DerivedData/WebDriverAgent-bcmeffsllcldukgyoimwiehwhvyz/Build/Products/Debug-iphonesimulator -F/Applications/Xcode.app/Contents/Developer/Platforms/iPhoneSimulator.platform/Developer/Library/Frameworks -F/Applications/Xcode.app/Contents/Developer/Platforms/iPhoneSimulator.platform/Developer/Library/PrivateFrameworks -iframework /Applications/Xcode.app/Contents/Developer/Platforms/iPhoneSimulator.platform/Developer/SDKs/iPhoneSimulator16.0.sdk/Developer/Library/Frameworks -MMD -MT dependencies -MF /Users/oikhlas/Library/Developer/Xcode/DerivedData/WebDriverAgent-bcmeffsllcldukgyoimwiehwhvyz/Build/Intermediates.noindex/WebDriverAgent.build/Debug-iphonesimulator/WebDriverAgentLib.build/StaticAnalyzer/WebDriverAgent/WebDriverAgentLib/normal/x86_64/FBScreenshotCommands.d --analyze /Users/oikhlas/.appium/node_modules/appium-xcuitest-driver/node_modules/appium-webdriveragent/WebDriverAgentLib/Commands/FBScreenshotCommands.m -o /Users/oikhlas/Library/Developer/Xcode/DerivedData/WebDriverAgent-bcmeffsllcldukgyoimwiehwhvyz/Build/Intermediates.noindex/WebDriverAgent.build/Debug-iphonesimulator/WebDriverAgentLib.build/StaticAnalyzer/WebDriverAgent/WebDriverAgentLib/normal/x86_64/FBScreenshotCommands.plist
&amp#27;[38;5;173m[Xcode]&amp#27;[0m 
&amp#27;[38;5;173m[Xcode]&amp#27;[0m 
&amp#27;[38;5;173m[Xcode]&amp#27;[0m Analyze /Users/oikhlas/.appium/node_modules/appium-xcuitest-driver/node_modules/appium-webdriveragent/WebDriverAgentLib/Commands/FBOrientationCommands.m normal x86_64 (in target 'WebDriverAgentLib' from project 'WebDriverAgent')
&amp#27;[38;5;173m[Xcode]&amp#27;[0m     cd /Users/oikhlas/.appium/node_modules/appium-xcuitest-driver/node_modules/appium-webdriveragent
&amp#27;[38;5;173m[Xcode]&amp#27;[0m     /Applications/Xcode.app/Contents/Developer/Toolchains/XcodeDefault.xctoolchain/usr/bin/clang -x objective-c -target x86_64-apple-ios16.0-simulator -fmessage-length\=0 -fdiagnostics-show-note-include-stack -fmacro-backtrace-limit\=0 -std\=gnu99 -fobjc-arc -fmodules -gmodules -fmodules-cache-path\=/Users/oikhlas/Library/Developer/Xcode/DerivedData/WebDriverAgent-bcmeffsllcldukgyoimwiehwhvyz/ModuleCache.noindex -fmodules-prune-interval\=86400 -fmodules-prune-after\=345600 -fbuild-session-file\=/Users/oikhlas/Library/Developer/Xcode/DerivedData/WebDriverAgent-bcmeffsllcldukgyoimwiehwhvyz/ModuleCache.noindex/Session.modulevalidation -fmodules-validate-once-per-build-session -Wno-trigraphs -fpascal-strings -O0 -fno-common -Wmissing-field-initializers -Wno-missing-prototypes -Werror\=return-type -Wunreachable-code -Wquoted-include-in-framework-header -Wno-implicit-atomic-properties -Werror\=deprecated-objc-isa-usage -Wno-objc-interface-ivars -Werror\=objc-root-class -Warc-repeated-use-of-weak -Wno-arc-maybe-repeated-use-of-weak -Wimplicit-retain-self -Wduplicate-method-match -Wno-missing-braces -Wparentheses -Wswitch -Wunused-function -Wno-unused-label -Wunused-parameter -Wunused-variable -Wunused-value -Wempty-body -Wuninitialized -Wconditional-uninitialized -Wno-unknown-pragmas -pedantic -Wshadow -Wno-four-char-constants -Wconversion -Wconstant-conversion -Wint-conversion -Wbool-conversion -Wenum-conversion -Wfloat-conversion -Wnon-literal-null-conversion -Wobjc-literal-conversion -Wassign-enum -Wsign-compare -Wshorten-64-to-32 -Wpointer-sign -Wno-newline-eof -Wno-selector -Wno-strict-selector-match -Wundeclared-selector -Wdeprecated-implementations -Wno-implicit-fallthrough -DDEBUG\=1 -DOBJC_OLD_DISPATCH_PROTOTYPES\=0 -isysroot /Applications/Xcode.app/Contents/Developer/Platforms/iPhoneSimulator.platform/Developer/SDKs/iPhoneSimulator16.0.sdk -fasm-blocks -fstrict-aliasing -Wprotocol -Wdeprecated-declarations -g -Wno-sign-conversion -Winfinite-recursion -Wcomma -Wblock-capture-autoreleasing -Wstrict-prototypes -Wno-semicolon-before-method-body -fobjc-abi-version\=2 -fobjc-legacy-dispatch -D__clang_analyzer__ -Xclang -analyzer-output\=plist-multi-file -Xclang -analyzer-config -Xclang path-diagnostics-alternate\=true -Xclang -analyzer-config -Xclang report-in-main-source-file\=true -Xclang -analyzer-checker -Xclang optin.osx.cocoa.localizability.NonLocalizedStringChecker -Xclang -analyzer-checker -Xclang security.insecureAPI.UncheckedReturn -Xclang -analyzer-checker -Xclang security.insecureAPI.getpw -Xclang -analyzer-checker -Xclang security.insecureAPI.gets -Xclang -analyzer-checker -Xclang security.insecureAPI.mkstemp -Xclang -analyzer-checker -Xclang security.insecureAPI.mktemp -Xclang -analyzer-disable-checker -Xclang security.insecureAPI.rand -Xclang -analyzer-disable-checker -Xclang security.insecureAPI.strcpy -Xclang -analyzer-checker -Xclang security.insecureAPI.vfork -iquote /Users/oikhlas/Library/Developer/Xcode/DerivedData/WebDriverAgent-bcmeffsllcldukgyoimwiehwhvyz/Build/Intermediates.noindex/WebDriverAgent.build/Debug-iphonesimulator/WebDriverAgentLib.build/WebDriverAgentLib-generated-files.hmap -I/Users/oikhlas/Library/Developer/Xcode/DerivedData/WebDriverAgent-bcmeffsllcldukgyoimwiehwhvyz/Build/Intermediates.noindex/WebDriverAgent.build/Debug-iphonesimulator/WebDriverAgentLib.build/WebDriverAgentLib-own-target-headers.hmap -I/Users/oikhlas/Library/Developer/Xcode/DerivedData/WebDriverAgent-bcmeffsllcldukgyoimwiehwhvyz/Build/Intermediates.noindex/WebDriverAgent.build/Debug-iphonesimulator/WebDriverAgentLib.build/WebDriverAgentLib-all-target-headers.hmap -iquote /Users/oikhlas/Library/Developer/Xcode/DerivedData/WebDriverAgent-bcmeffsllcldukgyoimwiehwhvyz/Build/Intermediates.noindex/WebDriverAgent.build/Debug-iphonesimulator/WebDriverAgentLib.build/WebDriverAgentLib-project-headers.hmap -I/Users/oikhlas/Library/Developer/Xcode/DerivedData/WebDriverAgent-bcmeffsllcldukgyoimwiehwhvyz/Build/Products/Debug-iphonesimulator/include -I/Applications/Xcode.app/Contents/Developer/Platforms/iPhoneSimulator.platform/Developer/SDKs/iPhoneSimulator16.0.sdk/usr/include/libxml2 -I/Users/oikhlas/.appium/node_modules/appium-xcuitest-driver/node_modules/appium-webdriveragent/Modules -I/Users/oikhlas/Library/Developer/Xcode/DerivedData/WebDriverAgent-bcmeffsllcldukgyoimwiehwhvyz/Build/Intermediates.noindex/WebDriverAgent.build/Debug-iphonesimulator/WebDriverAgentLib.build/DerivedSources-normal/x86_64 -I/Users/oikhlas/Library/Developer/Xcode/DerivedData/WebDriverAgent-bcmeffsllcldukgyoimwiehwhvyz/Build/Intermediates.noindex/WebDriverAgent.build/Debug-iphonesimulator/WebDriverAgentLib.build/DerivedSources/x86_64 -I/Users/oikhlas/Library/Developer/Xcode/DerivedData/WebDriverAgent-bcmeffsllcldukgyoimwiehwhvyz/Build/Intermediates.noindex/WebDriverAgent.build/Debug-iphonesimulator/WebDriverAgentLib.build/DerivedSources -Weverything -Wno-objc-missing-property-synthesis -Wno-unused-macros -Wno-disabled-macro-expansion -Wno-gnu-statement-expression -Wno-language-extension-token -Wno-overriding-method-mismatch -Wno-missing-variable-declarations -Rno-module-build -Wno-auto-import -Wno-objc-interface-ivars -Wno-documentation-unknown-command -Wno-reserved-id-macro -Wno-unused-parameter -Wno-gnu-conditional-omitted-operand -Wno-explicit-ownership-type -Wno-date-time -Wno-cast-align -Wno-cstring-format-directive -Wno-double-promotion -Wno-partial-availability -Weverything -Wno-objc-missing-property-synthesis -Wno-unused-macros -Wno-disabled-macro-expansion -Wno-gnu-statement-expression -Wno-language-extension-token -Wno-overriding-method-mismatch -Wno-missing-variable-declarations -Rno-module-build -Wno-auto-import -Wno-objc-interface-ivars -Wno-documentation-unknown-command -Wno-reserved-id-macro -Wno-unused-parameter -Wno-gnu-conditional-omitted-operand -Wno-explicit-ownership-type -Wno-date-time -Wno-cast-align -Wno-cstring-format-directive -Wno-double-promotion -Wno-partial-availability -Wno-objc-messaging-id -Wno-direct-ivar-access -Wno-cast-qual -Wno-declaration-after-statement -F/Users/oikhlas/Library/Developer/Xcode/DerivedData/WebDriverAgent-bcmeffsllcldukgyoimwiehwhvyz/Build/Products/Debug-iphonesimulator -F/Applications/Xcode.app/Contents/Developer/Platforms/iPhoneSimulator.platform/Developer/Library/Frameworks -F/Applications/Xcode.app/Contents/Developer/Platforms/iPhoneSimulator.platform/Developer/Library/PrivateFrameworks -iframework /Applications/Xcode.app/Contents/Developer/Platforms/iPhoneSimulator.platform/Developer/SDKs/iPhoneSimulator16.0.sdk/Developer/Library/Frameworks -MMD -MT dependencies -MF /Users/oikhlas/Library/Developer/Xcode/DerivedData/WebDriverAgent-bcmeffsllcldukgyoimwiehwhvyz/Build/Intermediates.noindex/WebDriverAgent.build/Debug-iphonesimulator/WebDriverAgentLib.build/StaticAnalyzer/WebDriverAgent/WebDriverAgentLib/normal/x86_64/FBOrientationCommands.d --analyze /Users/oikhlas/.appium/node_modules/appium-xcuitest-driver/node_modules/appium-webdriveragent/WebDriverAgentLib/Commands/FBOrientationCommands.m -o /Users/oikhlas/Library/Developer/Xcode/DerivedData/WebDriverAgent-bcmeffsllcldukgyoimwiehwhvyz/Build/Intermediates.noindex/WebDriverAgent.build/Debug-iphonesimulator/WebDriverAgentLib.build/StaticAnalyzer/WebDriverAgent/WebDriverAgentLib/normal/x86_64/FBOrientationCommands.plist
&amp#27;[38;5;173m[Xcode]&amp#27;[0m 
&amp#27;[38;5;173m[Xcode]&amp#27;[0m 
&amp#27;[38;5;173m[Xcode]&amp#27;[0m Analyze /Users/oikhlas/.appium/node_modules/appium-xcuitest-driver/node_modules/appium-webdriveragent/WebDriverAgentLib/Commands/FBFindElementCommands.m normal x86_64 (in target 'WebDriverAgentLib' from project 'WebDriverAgent')
&amp#27;[38;5;173m[Xcode]&amp#27;[0m     cd /Users/oikhlas/.appium/node_modules/appium-xcuitest-driver/node_modules/appium-webdriveragent
&amp#27;[38;5;173m[Xcode]&amp#27;[0m     /Applications/Xcode.app/Contents/Developer/Toolchains/XcodeDefault.xctoolchain/usr/bin/clang -x objective-c -target x86_64-apple-ios16.0-simulator -fmessage-length\=0 -fdiagnostics-show-note-include-stack -fmacro-backtrace-limit\=0 -std\=gnu99 -fobjc-arc -fmodules -gmodules -fmodules-cache-path\=/Users/oikhlas/Library/Developer/Xcode/DerivedData/WebDriverAgent-bcmeffsllcldukgyoimwiehwhvyz/ModuleCache.noindex -fmodules-prune-interval\=86400 -fmodules-prune-after\=345600 -fbuild-session-file\=/Users/oikhlas/Library/Developer/Xcode/DerivedData/WebDriverAgent-bcmeffsllcldukgyoimwiehwhvyz/ModuleCache.noindex/Session.modulevalidation -fmodules-validate-once-per-build-session -Wno-trigraphs -fpascal-strings -O0 -fno-common -Wmissing-field-initializers -Wno-missing-prototypes -Werror\=return-type -Wunreachable-code -Wquoted-include-in-framework-header -Wno-implicit-atomic-properties -Werror\=deprecated-objc-isa-usage -Wno-objc-interface-ivars -Werror\=objc-root-class -Warc-repeated-use-of-weak -Wno-arc-maybe-repeated-use-of-weak -Wimplicit-retain-self -Wduplicate-method-match -Wno-missing-braces -Wparentheses -Wswitch -Wunused-function -Wno-unused-label -Wunused-parameter -Wunused-variable -Wunused-value -Wempty-body -Wuninitialized -Wconditional-uninitialized -Wno-unknown-pragmas -pedantic -Wshadow -Wno-four-char-constants -Wconversion -Wconstant-conversion -Wint-conversion -Wbool-conversion -Wenum-conversion -Wfloat-conversion -Wnon-literal-null-conversion -Wobjc-literal-conversion -Wassign-enum -Wsign-compare -Wshorten-64-to-32 -Wpointer-sign -Wno-newline-eof -Wno-selector -Wno-strict-selector-match -Wundeclared-selector -Wdeprecated-implementations -Wno-implicit-fallthrough -DDEBUG\=1 -DOBJC_OLD_DISPATCH_PROTOTYPES\=0 -isysroot /Applications/Xcode.app/Contents/Developer/Platforms/iPhoneSimulator.platform/Developer/SDKs/iPhoneSimulator16.0.sdk -fasm-blocks -fstrict-aliasing -Wprotocol -Wdeprecated-declarations -g -Wno-sign-conversion -Winfinite-recursion -Wcomma -Wblock-capture-autoreleasing -Wstrict-prototypes -Wno-semicolon-before-method-body -fobjc-abi-version\=2 -fobjc-legacy-dispatch -D__clang_analyzer__ -Xclang -analyzer-output\=plist-multi-file -Xclang -analyzer-config -Xclang path-diagnostics-alternate\=true -Xclang -analyzer-config -Xclang report-in-main-source-file\=true -Xclang -analyzer-checker -Xclang optin.osx.cocoa.localizability.NonLocalizedStringChecker -Xclang -analyzer-checker -Xclang security.insecureAPI.UncheckedReturn -Xclang -analyzer-checker -Xclang security.insecureAPI.getpw -Xclang -analyzer-checker -Xclang security.insecureAPI.gets -Xclang -analyzer-checker -Xclang security.insecureAPI.mkstemp -Xclang -analyzer-checker -Xclang security.insecureAPI.mktemp -Xclang -analyzer-disable-checker -Xclang security.insecureAPI.rand -Xclang -analyzer-disable-checker -Xclang security.insecureAPI.strcpy -Xclang -analyzer-checker -Xclang security.insecureAPI.vfork -iquote /Users/oikhlas/Library/Developer/Xcode/DerivedData/WebDriverAgent-bcmeffsllcldukgyoimwiehwhvyz/Build/Intermediates.noindex/WebDriverAgent.build/Debug-iphonesimulator/WebDriverAgentLib.build/WebDriverAgentLib-generated-files.hmap -I/Users/oikhlas/Library/Developer/Xcode/DerivedData/WebDriverAgent-bcmeffsllcldukgyoimwiehwhvyz/Build/Intermediates.noindex/WebDriverAgent.build/Debug-iphonesimulator/WebDriverAgentLib.build/WebDriverAgentLib-own-target-headers.hmap -I/Users/oikhlas/Library/Developer/Xcode/DerivedData/WebDriverAgent-bcmeffsllcldukgyoimwiehwhvyz/Build/Intermediates.noindex/WebDriverAgent.build/Debug-iphonesimulator/WebDriverAgentLib.build/WebDriverAgentLib-all-target-headers.hmap -iquote /Users/oikhlas/Library/Developer/Xcode/DerivedData/WebDriverAgent-bcmeffsllcldukgyoimwiehwhvyz/Build/Intermediates.noindex/WebDriverAgent.build/Debug-iphonesimulator/WebDriverAgentLib.build/WebDriverAgentLib-project-headers.hmap -I/Users/oikhlas/Library/Developer/Xcode/DerivedData/WebDriverAgent-bcmeffsllcldukgyoimwiehwhvyz/Build/Products/Debug-iphonesimulator/include -I/Applications/Xcode.app/Contents/Developer/Platforms/iPhoneSimulator.platform/Developer/SDKs/iPhoneSimulator16.0.sdk/usr/include/libxml2 -I/Users/oikhlas/.appium/node_modules/appium-xcuitest-driver/node_modules/appium-webdriveragent/Modules -I/Users/oikhlas/Library/Developer/Xcode/DerivedData/WebDriverAgent-bcmeffsllcldukgyoimwiehwhvyz/Build/Intermediates.noindex/WebDriverAgent.build/Debug-iphonesimulator/WebDriverAgentLib.build/DerivedSources-normal/x86_64 -I/Users/oikhlas/Library/Developer/Xcode/DerivedData/WebDriverAgent-bcmeffsllcldukgyoimwiehwhvyz/Build/Intermediates.noindex/WebDriverAgent.build/Debug-iphonesimulator/WebDriverAgentLib.build/DerivedSources/x86_64 -I/Users/oikhlas/Library/Developer/Xcode/DerivedData/WebDriverAgent-bcmeffsllcldukgyoimwiehwhvyz/Build/Intermediates.noindex/WebDriverAgent.build/Debug-iphonesimulator/WebDriverAgentLib.build/DerivedSources -Weverything -Wno-objc-missing-property-synthesis -Wno-unused-macros -Wno-disabled-macro-expansion -Wno-gnu-statement-expression -Wno-language-extension-token -Wno-overriding-method-mismatch -Wno-missing-variable-declarations -Rno-module-build -Wno-auto-import -Wno-objc-interface-ivars -Wno-documentation-unknown-command -Wno-reserved-id-macro -Wno-unused-parameter -Wno-gnu-conditional-omitted-operand -Wno-explicit-ownership-type -Wno-date-time -Wno-cast-align -Wno-cstring-format-directive -Wno-double-promotion -Wno-partial-availability -Weverything -Wno-objc-missing-property-synthesis -Wno-unused-macros -Wno-disabled-macro-expansion -Wno-gnu-statement-expression -Wno-language-extension-token -Wno-overriding-method-mismatch -Wno-missing-variable-declarations -Rno-module-build -Wno-auto-import -Wno-objc-interface-ivars -Wno-documentation-unknown-command -Wno-reserved-id-macro -Wno-unused-parameter -Wno-gnu-conditional-omitted-operand -Wno-explicit-ownership-type -Wno-date-time -Wno-cast-align -Wno-cstring-format-directive -Wno-double-promotion -Wno-partial-availability -Wno-objc-messaging-id -Wno-direct-ivar-access -Wno-cast-qual -Wno-declaration-after-statement -F/Users/oikhlas/Library/Developer/Xcode/DerivedData/WebDriverAgent-bcmeffsllcldukgyoimwiehwhvyz/Build/Products/Debug-iphonesimulator -F/Applications/Xcode.app/Contents/Developer/Platforms/iPhoneSimulator.platform/Developer/Library/Frameworks -F/Applications/Xcode.app/Contents/Developer/Platforms/iPhoneSimulator.platform/Developer/Library/PrivateFrameworks -iframework /Applications/Xcode.app/Contents/Developer/Platforms/iPhoneSimulator.platform/Developer/SDKs/iPhoneSimulator16.0.sdk/Developer/Library/Frameworks -MMD -MT dependencies -MF /Users/oikhlas/Library/Developer/Xcode/DerivedData/WebDriverAgent-bcmeffsllcldukgyoimwiehwhvyz/Build/Intermediates.noindex/WebDriverAgent.build/Debug-iphonesimulator/WebDriverAgentLib.build/StaticAnalyzer/WebDriverAgent/WebDriverAgentLib/normal/x86_64/FBFindElementCommands.d --analyze /Users/oikhlas/.appium/node_modules/appium-xcuitest-driver/node_modules/appium-webdriveragent/WebDriverAgentLib/Commands/FBFindElementCommands.m -o /Users/oikhlas/Library/Developer/Xcode/DerivedData/WebDriverAgent-bcmeffsllcldukgyoimwiehwhvyz/Build/Intermediates.noindex/WebDriverAgent.build/Debug-iphonesimulator/WebDriverAgentLib.build/StaticAnalyzer/WebDriverAgent/WebDriverAgentLib/normal/x86_64/FBFindElementCommands.plist
&amp#27;[38;5;173m[Xcode]&amp#27;[0m 
&amp#27;[38;5;173m[Xcode]&amp#27;[0m 
&amp#27;[38;5;173m[Xcode]&amp#27;[0m Analyze /Users/oikhlas/.appium/node_modules/appium-xcuitest-driver/node_modules/appium-webdriveragent/WebDriverAgentLib/Commands/FBElementCommands.m normal x86_64 (in target 'WebDriverAgentLib' from project 'WebDriverAgent')
&amp#27;[38;5;173m[Xcode]&amp#27;[0m     cd /Users/oikhlas/.appium/node_modules/appium-xcuitest-driver/node_modules/appium-webdriveragent
&amp#27;[38;5;173m[Xcode]&amp#27;[0m     /Applications/Xcode.app/Contents/Developer/Toolchains/XcodeDefault.xctoolchain/usr/bin/clang -x objective-c -target x86_64-apple-ios16.0-simulator -fmessage-length\=0 -fdiagnostics-show-note-include-stack -fmacro-backtrace-limit\=0 -std\=gnu99 -fobjc-arc -fmodules -gmodules -fmodules-cache-path\=/Users/oikhlas/Library/Developer/Xcode/DerivedData/WebDriverAgent-bcmeffsllcldukgyoimwiehwhvyz/ModuleCache.noindex -fmodules-prune-interval\=86400 -fmodules-prune-after\=345600 -fbuild-session-file\=/Users/oikhlas/Library/Developer/Xcode/DerivedData/WebDriverAgent-bcmeffsllcldukgyoimwiehwhvyz/ModuleCache.noindex/Session.modulevalidation -fmodules-validate-once-per-build-session -Wno-trigraphs -fpascal-strings -O0 -fno-common -Wmissing-field-initializers -Wno-missing-prototypes -Werror\=return-type -Wunreachable-code -Wquoted-include-in-framework-header -Wno-implicit-atomic-properties -Werror\=deprecated-objc-isa-usage -Wno-objc-interface-ivars -Werror\=objc-root-class -Warc-repeated-use-of-weak -Wno-arc-maybe-repeated-use-of-weak -Wimplicit-retain-self -Wduplicate-method-match -Wno-missing-braces -Wparentheses -Wswitch -Wunused-function -Wno-unused-label -Wunused-parameter -Wunused-variable -Wunused-value -Wempty-body -Wuninitialized -Wconditional-uninitialized -Wno-unknown-pragmas -pedantic -Wshadow -Wno-four-char-constants -Wconversion -Wconstant-conversion -Wint-conversion -Wbool-conversion -Wenum-conversion -Wfloat-conversion -Wnon-literal-null-conversion -Wobjc-literal-conversion -Wassign-enum -Wsign-compare -Wshorten-64-to-32 -Wpointer-sign -Wno-newline-eof -Wno-selector -Wno-strict-selector-match -Wundeclared-selector -Wdeprecated-implementations -Wno-implicit-fallthrough -DDEBUG\=1 -DOBJC_OLD_DISPATCH_PROTOTYPES\=0 -isysroot /Applications/Xcode.app/Contents/Developer/Platforms/iPhoneSimulator.platform/Developer/SDKs/iPhoneSimulator16.0.sdk -fasm-blocks -fstrict-aliasing -Wprotocol -Wdeprecated-declarations -g -Wno-sign-conversion -Winfinite-recursion -Wcomma -Wblock-capture-autoreleasing -Wstrict-prototypes -Wno-semicolon-before-method-body -fobjc-abi-version\=2 -fobjc-legacy-dispatch -D__clang_analyzer__ -Xclang -analyzer-output\=plist-multi-file -Xclang -analyzer-config -Xclang path-diagnostics-alternate\=true -Xclang -analyzer-config -Xclang report-in-main-source-file\=true -Xclang -analyzer-checker -Xclang optin.osx.cocoa.localizability.NonLocalizedStringChecker -Xclang -analyzer-checker -Xclang security.insecureAPI.UncheckedReturn -Xclang -analyzer-checker -Xclang security.insecureAPI.getpw -Xclang -analyzer-checker -Xclang security.insecureAPI.gets -Xclang -analyzer-checker -Xclang security.insecureAPI.mkstemp -Xclang -analyzer-checker -Xclang security.insecureAPI.mktemp -Xclang -analyzer-disable-checker -Xclang security.insecureAPI.rand -Xclang -analyzer-disable-checker -Xclang security.insecureAPI.strcpy -Xclang -analyzer-checker -Xclang security.insecureAPI.vfork -iquote /Users/oikhlas/Library/Developer/Xcode/DerivedData/WebDriverAgent-bcmeffsllcldukgyoimwiehwhvyz/Build/Intermediates.noindex/WebDriverAgent.build/Debug-iphonesimulator/WebDriverAgentLib.build/WebDriverAgentLib-generated-files.hmap -I/Users/oikhlas/Library/Developer/Xcode/DerivedData/WebDriverAgent-bcmeffsllcldukgyoimwiehwhvyz/Build/Intermediates.noindex/WebDriverAgent.build/Debug-iphonesimulator/WebDriverAgentLib.build/WebDriverAgentLib-own-target-headers.hmap -I/Users/oikhlas/Library/Developer/Xcode/DerivedData/WebDriverAgent-bcmeffsllcldukgyoimwiehwhvyz/Build/Intermediates.noindex/WebDriverAgent.build/Debug-iphonesimulator/WebDriverAgentLib.build/WebDriverAgentLib-all-target-headers.hmap -iquote /Users/oikhlas/Library/Developer/Xcode/DerivedData/WebDriverAgent-bcmeffsllcldukgyoimwiehwhvyz/Build/Intermediates.noindex/WebDriverAgent.build/Debug-iphonesimulator/WebDriverAgentLib.build/WebDriverAgentLib-project-headers.hmap -I/Users/oikhlas/Library/Developer/Xcode/DerivedData/WebDriverAgent-bcmeffsllcldukgyoimwiehwhvyz/Build/Products/Debug-iphonesimulator/include -I/Applications/Xcode.app/Contents/Developer/Platforms/iPhoneSimulator.platform/Developer/SDKs/iPhoneSimulator16.0.sdk/usr/include/libxml2 -I/Users/oikhlas/.appium/node_modules/appium-xcuitest-driver/node_modules/appium-webdriveragent/Modules -I/Users/oikhlas/Library/Developer/Xcode/DerivedData/WebDriverAgent-bcmeffsllcldukgyoimwiehwhvyz/Build/Intermediates.noindex/WebDriverAgent.build/Debug-iphonesimulator/WebDriverAgentLib.build/DerivedSources-normal/x86_64 -I/Users/oikhlas/Library/Developer/Xcode/DerivedData/WebDriverAgent-bcmeffsllcldukgyoimwiehwhvyz/Build/Intermediates.noindex/WebDriverAgent.build/Debug-iphonesimulator/WebDriverAgentLib.build/DerivedSources/x86_64 -I/Users/oikhlas/Library/Developer/Xcode/DerivedData/WebDriverAgent-bcmeffsllcldukgyoimwiehwhvyz/Build/Intermediates.noindex/WebDriverAgent.build/Debug-iphonesimulator/WebDriverAgentLib.build/DerivedSources -Weverything -Wno-objc-missing-property-synthesis -Wno-unused-macros -Wno-disabled-macro-expansion -Wno-gnu-statement-expression -Wno-language-extension-token -Wno-overriding-method-mismatch -Wno-missing-variable-declarations -Rno-module-build -Wno-auto-import -Wno-objc-interface-ivars -Wno-documentation-unknown-command -Wno-reserved-id-macro -Wno-unused-parameter -Wno-gnu-conditional-omitted-operand -Wno-explicit-ownership-type -Wno-date-time -Wno-cast-align -Wno-cstring-format-directive -Wno-double-promotion -Wno-partial-availability -Weverything -Wno-objc-missing-property-synthesis -Wno-unused-macros -Wno-disabled-macro-expansion -Wno-gnu-statement-expression -Wno-language-extension-token -Wno-overriding-method-mismatch -Wno-missing-variable-declarations -Rno-module-build -Wno-auto-import -Wno-objc-interface-ivars -Wno-documentation-unknown-command -Wno-reserved-id-macro -Wno-unused-parameter -Wno-gnu-conditional-omitted-operand -Wno-explicit-ownership-type -Wno-date-time -Wno-cast-align -Wno-cstring-format-directive -Wno-double-promotion -Wno-partial-availability -Wno-objc-messaging-id -Wno-direct-ivar-access -Wno-cast-qual -Wno-declaration-after-statement -F/Users/oikhlas/Library/Developer/Xcode/DerivedData/WebDriverAgent-bcmeffsllcldukgyoimwiehwhvyz/Build/Products/Debug-iphonesimulator -F/Applications/Xcode.app/Contents/Developer/Platforms/iPhoneSimulator.platform/Developer/Library/Frameworks -F/Applications/Xcode.app/Contents/Developer/Platforms/iPhoneSimulator.platform/Developer/Library/PrivateFrameworks -iframework /Applications/Xcode.app/Contents/Developer/Platforms/iPhoneSimulator.platform/Developer/SDKs/iPhoneSimulator16.0.sdk/Developer/Library/Frameworks -MMD -MT dependencies -MF /Users/oikhlas/Library/Developer/Xcode/DerivedData/WebDriverAgent-bcmeffsllcldukgyoimwiehwhvyz/Build/Intermediates.noindex/WebDriverAgent.build/Debug-iphonesimulator/WebDriverAgentLib.build/StaticAnalyzer/WebDriverAgent/WebDriverAgentLib/normal/x86_64/FBElementCommands.d --analyze /Users/oikhlas/.appium/node_modules/appium-xcuitest-driver/node_modules/appium-webdriveragent/WebDriverAgentLib/Commands/FBElementCommands.m -o /Users/oikhlas/Library/Developer/Xcode/DerivedData/WebDriverAgent-bcmeffsllcldukgyoimwiehwhvyz/Build/Intermediates.noindex/WebDriverAgent.build/Debug-iphonesimulator/WebDriverAgentLib.build/StaticAnalyzer/WebDriverAgent/WebDriverAgentLib/normal/x86_64/FBElementCommands.plist
&amp#27;[38;5;173m[Xcode]&amp#27;[0m 
&amp#27;[38;5;173m[Xcode]&amp#27;[0m 
&amp#27;[38;5;173m[Xcode]&amp#27;[0m Analyze /Users/oikhlas/.appium/node_modules/appium-xcuitest-driver/node_modules/appium-webdriveragent/WebDriverAgentLib/Commands/FBDebugCommands.m normal x86_64 (in target 'WebDriverAgentLib' from project 'WebDriverAgent')
&amp#27;[38;5;173m[Xcode]&amp#27;[0m     cd /Users/oikhlas/.appium/node_modules/appium-xcuitest-driver/node_modules/appium-webdriveragent
&amp#27;[38;5;173m[Xcode]&amp#27;[0m     /Applications/Xcode.app/Contents/Developer/Toolchains/XcodeDefault.xctoolchain/usr/bin/clang -x objective-c -target x86_64-apple-ios16.0-simulator -fmessage-length\=0 -fdiagnostics-show-note-include-stack -fmacro-backtrace-limit\=0 -std\=gnu99 -fobjc-arc -fmodules -gmodules -fmodules-cache-path\=/Users/oikhlas/Library/Developer/Xcode/DerivedData/WebDriverAgent-bcmeffsllcldukgyoimwiehwhvyz/ModuleCache.noindex -fmodules-prune-interval\=86400 -fmodules-prune-after\=345600 -fbuild-session-file\=/Users/oikhlas/Library/Developer/Xcode/DerivedData/WebDriverAgent-bcmeffsllcldukgyoimwiehwhvyz/ModuleCache.noindex/Session.modulevalidation -fmodules-validate-once-per-build-session -Wno-trigraphs -fpascal-strings -O0 -fno-common -Wmissing-field-initializers -Wno-missing-prototypes -Werror\=return-type -Wunreachable-code -Wquoted-include-in-framework-header -Wno-implicit-atomic-properties -Werror\=deprecated-objc-isa-usage -Wno-objc-interface-ivars -Werror\=objc-root-class -Warc-repeated-use-of-weak -Wno-arc-maybe-repeated-use-of-weak -Wimplicit-retain-self -Wduplicate-method-match -Wno-missing-braces -Wparentheses -Wswitch -Wunused-function -Wno-unused-label -Wunused-parameter -Wunused-variable -Wunused-value -Wempty-body -Wuninitialized -Wconditional-uninitialized -Wno-unknown-pragmas -pedantic -Wshadow -Wno-four-char-constants -Wconversion -Wconstant-conversion -Wint-conversion -Wbool-conversion -Wenum-conversion -Wfloat-conversion -Wnon-literal-null-conversion -Wobjc-literal-conversion -Wassign-enum -Wsign-compare -Wshorten-64-to-32 -Wpointer-sign -Wno-newline-eof -Wno-selector -Wno-strict-selector-match -Wundeclared-selector -Wdeprecated-implementations -Wno-implicit-fallthrough -DDEBUG\=1 -DOBJC_OLD_DISPATCH_PROTOTYPES\=0 -isysroot /Applications/Xcode.app/Contents/Developer/Platforms/iPhoneSimulator.platform/Developer/SDKs/iPhoneSimulator16.0.sdk -fasm-blocks -fstrict-aliasing -Wprotocol -Wdeprecated-declarations -g -Wno-sign-conversion -Winfinite-recursion -Wcomma -Wblock-capture-autoreleasing -Wstrict-prototypes -Wno-semicolon-before-method-body -fobjc-abi-version\=2 -fobjc-legacy-dispatch -D__clang_analyzer__ -Xclang -analyzer-output\=plist-multi-file -Xclang -analyzer-config -Xclang path-diagnostics-alternate\=true -Xclang -analyzer-config -Xclang report-in-main-source-file\=true -Xclang -analyzer-checker -Xclang optin.osx.cocoa.localizability.NonLocalizedStringChecker -Xclang -analyzer-checker -Xclang security.insecureAPI.UncheckedReturn -Xclang -analyzer-checker -Xclang security.insecureAPI.getpw -Xclang -analyzer-checker -Xclang security.insecureAPI.gets -Xclang -analyzer-checker -Xclang security.insecureAPI.mkstemp -Xclang -analyzer-checker -Xclang security.insecureAPI.mktemp -Xclang -analyzer-disable-checker -Xclang security.insecureAPI.rand -Xclang -analyzer-disable-checker -Xclang security.insecureAPI.strcpy -Xclang -analyzer-checker -Xclang security.insecureAPI.vfork -iquote /Users/oikhlas/Library/Developer/Xcode/DerivedData/WebDriverAgent-bcmeffsllcldukgyoimwiehwhvyz/Build/Intermediates.noindex/WebDriverAgent.build/Debug-iphonesimulator/WebDriverAgentLib.build/WebDriverAgentLib-generated-files.hmap -I/Users/oikhlas/Library/Developer/Xcode/DerivedData/WebDriverAgent-bcmeffsllcldukgyoimwiehwhvyz/Build/Intermediates.noindex/WebDriverAgent.build/Debug-iphonesimulator/WebDriverAgentLib.build/WebDriverAgentLib-own-target-headers.hmap -I/Users/oikhlas/Library/Developer/Xcode/DerivedData/WebDriverAgent-bcmeffsllcldukgyoimwiehwhvyz/Build/Intermediates.noindex/WebDriverAgent.build/Debug-iphonesimulator/WebDriverAgentLib.build/WebDriverAgentLib-all-target-headers.hmap -iquote /Users/oikhlas/Library/Developer/Xcode/DerivedData/WebDriverAgent-bcmeffsllcldukgyoimwiehwhvyz/Build/Intermediates.noindex/WebDriverAgent.build/Debug-iphonesimulator/WebDriverAgentLib.build/WebDriverAgentLib-project-headers.hmap -I/Users/oikhlas/Library/Developer/Xcode/DerivedData/WebDriverAgent-bcmeffsllcldukgyoimwiehwhvyz/Build/Products/Debug-iphonesimulator/include -I/Applications/Xcode.app/Contents/Developer/Platforms/iPhoneSimulator.platform/Developer/SDKs/iPhoneSimulator16.0.sdk/usr/include/libxml2 -I/Users/oikhlas/.appium/node_modules/appium-xcuitest-driver/node_modules/appium-webdriveragent/Modules -I/Users/oikhlas/Library/Developer/Xcode/DerivedData/WebDriverAgent-bcmeffsllcldukgyoimwiehwhvyz/Build/Intermediates.noindex/WebDriverAgent.build/Debug-iphonesimulator/WebDriverAgentLib.build/DerivedSources-normal/x86_64 -I/Users/oikhlas/Library/Developer/Xcode/DerivedData/WebDriverAgent-bcmeffsllcldukgyoimwiehwhvyz/Build/Intermediates.noindex/WebDriverAgent.build/Debug-iphonesimulator/WebDriverAgentLib.build/DerivedSources/x86_64 -I/Users/oikhlas/Library/Developer/Xcode/DerivedData/WebDriverAgent-bcmeffsllcldukgyoimwiehwhvyz/Build/Intermediates.noindex/WebDriverAgent.build/Debug-iphonesimulator/WebDriverAgentLib.build/DerivedSources -Weverything -Wno-objc-missing-property-synthesis -Wno-unused-macros -Wno-disabled-macro-expansion -Wno-gnu-statement-expression -Wno-language-extension-token -Wno-overriding-method-mismatch -Wno-missing-variable-declarations -Rno-module-build -Wno-auto-import -Wno-objc-interface-ivars -Wno-documentation-unknown-command -Wno-reserved-id-macro -Wno-unused-parameter -Wno-gnu-conditional-omitted-operand -Wno-explicit-ownership-type -Wno-date-time -Wno-cast-align -Wno-cstring-format-directive -Wno-double-promotion -Wno-partial-availability -Weverything -Wno-objc-missing-property-synthesis -Wno-unused-macros -Wno-disabled-macro-expansion -Wno-gnu-statement-expression -Wno-language-extension-token -Wno-overriding-method-mismatch -Wno-missing-variable-declarations -Rno-module-build -Wno-auto-import -Wno-objc-interface-ivars -Wno-documentation-unknown-command -Wno-reserved-id-macro -Wno-unused-parameter -Wno-gnu-conditional-omitted-operand -Wno-explicit-ownership-type -Wno-date-time -Wno-cast-align -Wno-cstring-format-directive -Wno-double-promotion -Wno-partial-availability -Wno-objc-messaging-id -Wno-direct-ivar-access -Wno-cast-qual -Wno-declaration-after-statement -F/Users/oikhlas/Library/Developer/Xcode/DerivedData/WebDriverAgent-bcmeffsllcldukgyoimwiehwhvyz/Build/Products/Debug-iphonesimulator -F/Applications/Xcode.app/Contents/Developer/Platforms/iPhoneSimulator.platform/Developer/Library/Frameworks -F/Applications/Xcode.app/Contents/Developer/Platforms/iPhoneSimulator.platform/Developer/Library/PrivateFrameworks -iframework /Applications/Xcode.app/Contents/Developer/Platforms/iPhoneSimulator.platform/Developer/SDKs/iPhoneSimulator16.0.sdk/Developer/Library/Frameworks -MMD -MT dependencies -MF /Users/oikhlas/Library/Developer/Xcode/DerivedData/WebDriverAgent-bcmeffsllcldukgyoimwiehwhvyz/Build/Intermediates.noindex/WebDriverAgent.build/Debug-iphonesimulator/WebDriverAgentLib.build/StaticAnalyzer/WebDriverAgent/WebDriverAgentLib/normal/x86_64/FBDebugCommands.d --analyze /Users/oikhlas/.appium/node_modules/appium-xcuitest-driver/node_modules/appium-webdriveragent/WebDriverAgentLib/Commands/FBDebugCommands.m -o /Users/oikhlas/Library/Developer/Xcode/DerivedData/WebDriverAgent-bcmeffsllcldukgyoimwiehwhvyz/Build/Intermediates.noindex/WebDriverAgent.build/Debug-iphonesimulator/WebDriverAgentLib.build/StaticAnalyzer/WebDriverAgent/WebDriverAgentLib/normal/x86_64/FBDebugCommands.plist
&amp#27;[38;5;173m[Xcode]&amp#27;[0m 
&amp#27;[38;5;173m[Xcode]&amp#27;[0m 
&amp#27;[38;5;173m[Xcode]&amp#27;[0m Analyze /Users/oikhlas/.appium/node_modules/appium-xcuitest-driver/node_modules/appium-webdriveragent/WebDriverAgentLib/Commands/FBCustomCommands.m normal x86_64 (in target 'WebDriverAgentLib' from project 'WebDriverAgent')
&amp#27;[38;5;173m[Xcode]&amp#27;[0m     cd /Users/oikhlas/.appium/node_modules/appium-xcuitest-driver/node_modules/appium-webdriveragent
&amp#27;[38;5;173m[Xcode]&amp#27;[0m     /Applications/Xcode.app/Contents/Developer/Toolchains/XcodeDefault.xctoolchain/usr/bin/clang -x objective-c -target x86_64-apple-ios16.0-simulator -fmessage-length\=0 -fdiagnostics-show-note-include-stack -fmacro-backtrace-limit\=0 -std\=gnu99 -fobjc-arc -fmodules -gmodules -fmodules-cache-path\=/Users/oikhlas/Library/Developer/Xcode/DerivedData/WebDriverAgent-bcmeffsllcldukgyoimwiehwhvyz/ModuleCache.noindex -fmodules-prune-interval\=86400 -fmodules-prune-after\=345600 -fbuild-session-file\=/Users/oikhlas/Library/Developer/Xcode/DerivedData/WebDriverAgent-bcmeffsllcldukgyoimwiehwhvyz/ModuleCache.noindex/Session.modulevalidation -fmodules-validate-once-per-build-session -Wno-trigraphs -fpascal-strings -O0 -fno-common -Wmissing-field-initializers -Wno-missing-prototypes -Werror\=return-type -Wunreachable-code -Wquoted-include-in-framework-header -Wno-implicit-atomic-properties -Werror\=deprecated-objc-isa-usage -Wno-objc-interface-ivars -Werror\=objc-root-class -Warc-repeated-use-of-weak -Wno-arc-maybe-repeated-use-of-weak -Wimplicit-retain-self -Wduplicate-method-match -Wno-missing-braces -Wparentheses -Wswitch -Wunused-function -Wno-unused-label -Wunused-parameter -Wunused-variable -Wunused-value -Wempty-body -Wuninitialized -Wconditional-uninitialized -Wno-unknown-pragmas -pedantic -Wshadow -Wno-four-char-constants -Wconversion -Wconstant-conversion -Wint-conversion -Wbool-conversion -Wenum-conversion -Wfloat-conversion -Wnon-literal-null-conversion -Wobjc-literal-conversion -Wassign-enum -Wsign-compare -Wshorten-64-to-32 -Wpointer-sign -Wno-newline-eof -Wno-selector -Wno-strict-selector-match -Wundeclared-selector -Wdeprecated-implementations -Wno-implicit-fallthrough -DDEBUG\=1 -DOBJC_OLD_DISPATCH_PROTOTYPES\=0 -isysroot /Applications/Xcode.app/Contents/Developer/Platforms/iPhoneSimulator.platform/Developer/SDKs/iPhoneSimulator16.0.sdk -fasm-blocks -fstrict-aliasing -Wprotocol -Wdeprecated-declarations -g -Wno-sign-conversion -Winfinite-recursion -Wcomma -Wblock-capture-autoreleasing -Wstrict-prototypes -Wno-semicolon-before-method-body -fobjc-abi-version\=2 -fobjc-legacy-dispatch -D__clang_analyzer__ -Xclang -analyzer-output\=plist-multi-file -Xclang -analyzer-config -Xclang path-diagnostics-alternate\=true -Xclang -analyzer-config -Xclang report-in-main-source-file\=true -Xclang -analyzer-checker -Xclang optin.osx.cocoa.localizability.NonLocalizedStringChecker -Xclang -analyzer-checker -Xclang security.insecureAPI.UncheckedReturn -Xclang -analyzer-checker -Xclang security.insecureAPI.getpw -Xclang -analyzer-checker -Xclang security.insecureAPI.gets -Xclang -analyzer-checker -Xclang security.insecureAPI.mkstemp -Xclang -analyzer-checker -Xclang security.insecureAPI.mktemp -Xclang -analyzer-disable-checker -Xclang security.insecureAPI.rand -Xclang -analyzer-disable-checker -Xclang security.insecureAPI.strcpy -Xclang -analyzer-checker -Xclang security.insecureAPI.vfork -iquote /Users/oikhlas/Library/Developer/Xcode/DerivedData/WebDriverAgent-bcmeffsllcldukgyoimwiehwhvyz/Build/Intermediates.noindex/WebDriverAgent.build/Debug-iphonesimulator/WebDriverAgentLib.build/WebDriverAgentLib-generated-files.hmap -I/Users/oikhlas/Library/Developer/Xcode/DerivedData/WebDriverAgent-bcmeffsllcldukgyoimwiehwhvyz/Build/Intermediates.noindex/WebDriverAgent.build/Debug-iphonesimulator/WebDriverAgentLib.build/WebDriverAgentLib-own-target-headers.hmap -I/Users/oikhlas/Library/Developer/Xcode/DerivedData/WebDriverAgent-bcmeffsllcldukgyoimwiehwhvyz/Build/Intermediates.noindex/WebDriverAgent.build/Debug-iphonesimulator/WebDriverAgentLib.build/WebDriverAgentLib-all-target-headers.hmap -iquote /Users/oikhlas/Library/Developer/Xcode/DerivedData/WebDriverAgent-bcmeffsllcldukgyoimwiehwhvyz/Build/Intermediates.noindex/WebDriverAgent.build/Debug-iphonesimulator/WebDriverAgentLib.build/WebDriverAgentLib-project-headers.hmap -I/Users/oikhlas/Library/Developer/Xcode/DerivedData/WebDriverAgent-bcmeffsllcldukgyoimwiehwhvyz/Build/Products/Debug-iphonesimulator/include -I/Applications/Xcode.app/Contents/Developer/Platforms/iPhoneSimulator.platform/Developer/SDKs/iPhoneSimulator16.0.sdk/usr/include/libxml2 -I/Users/oikhlas/.appium/node_modules/appium-xcuitest-driver/node_modules/appium-webdriveragent/Modules -I/Users/oikhlas/Library/Developer/Xcode/DerivedData/WebDriverAgent-bcmeffsllcldukgyoimwiehwhvyz/Build/Intermediates.noindex/WebDriverAgent.build/Debug-iphonesimulator/WebDriverAgentLib.build/DerivedSources-normal/x86_64 -I/Users/oikhlas/Library/Developer/Xcode/DerivedData/WebDriverAgent-bcmeffsllcldukgyoimwiehwhvyz/Build/Intermediates.noindex/WebDriverAgent.build/Debug-iphonesimulator/WebDriverAgentLib.build/DerivedSources/x86_64 -I/Users/oikhlas/Library/Developer/Xcode/DerivedData/WebDriverAgent-bcmeffsllcldukgyoimwiehwhvyz/Build/Intermediates.noindex/WebDriverAgent.build/Debug-iphonesimulator/WebDriverAgentLib.build/DerivedSources -Weverything -Wno-objc-missing-property-synthesis -Wno-unused-macros -Wno-disabled-macro-expansion -Wno-gnu-statement-expression -Wno-language-extension-token -Wno-overriding-method-mismatch -Wno-missing-variable-declarations -Rno-module-build -Wno-auto-import -Wno-objc-interface-ivars -Wno-documentation-unknown-command -Wno-reserved-id-macro -Wno-unused-parameter -Wno-gnu-conditional-omitted-operand -Wno-explicit-ownership-type -Wno-date-time -Wno-cast-align -Wno-cstring-format-directive -Wno-double-promotion -Wno-partial-availability -Weverything -Wno-objc-missing-property-synthesis -Wno-unused-macros -Wno-disabled-macro-expansion -Wno-gnu-statement-expression -Wno-language-extension-token -Wno-overriding-method-mismatch -Wno-missing-variable-declarations -Rno-module-build -Wno-auto-import -Wno-objc-interface-ivars -Wno-documentation-unknown-command -Wno-reserved-id-macro -Wno-unused-parameter -Wno-gnu-conditional-omitted-operand -Wno-explicit-ownership-type -Wno-date-time -Wno-cast-align -Wno-cstring-format-directive -Wno-double-promotion -Wno-partial-availability -Wno-objc-messaging-id -Wno-direct-ivar-access -Wno-cast-qual -Wno-declaration-after-statement -F/Users/oikhlas/Library/Developer/Xcode/DerivedData/WebDriverAgent-bcmeffsllcldukgyoimwiehwhvyz/Build/Products/Debug-iphonesimulator -F/Applications/Xcode.app/Contents/Developer/Platforms/iPhoneSimulator.platform/Developer/Library/Frameworks -F/Applications/Xcode.app/Contents/Developer/Platforms/iPhoneSimulator.platform/Developer/Library/PrivateFrameworks -iframework /Applications/Xcode.app/Contents/Developer/Platforms/iPhoneSimulator.platform/Developer/SDKs/iPhoneSimulator16.0.sdk/Developer/Library/Frameworks -MMD -MT dependencies -MF /Users/oikhlas/Library/Developer/Xcode/DerivedData/WebDriverAgent-bcmeffsllcldukgyoimwiehwhvyz/Build/Intermediates.noindex/WebDriverAgent.build/Debug-iphonesimulator/WebDriverAgentLib.build/StaticAnalyzer/WebDriverAgent/WebDriverAgentLib/normal/x86_64/FBCustomCommands.d --analyze /Users/oikhlas/.appium/node_modules/appium-xcuitest-driver/node_modules/appium-webdriveragent/WebDriverAgentLib/Commands/FBCustomCommands.m -o /Users/oikhlas/Library/Developer/Xcode/DerivedData/WebDriverAgent-bcmeffsllcldukgyoimwiehwhvyz/Build/Intermediates.noindex/WebDriverAgent.build/Debug-iphonesimulator/WebDriverAgentLib.build/StaticAnalyzer/WebDriverAgent/WebDriverAgentLib/normal/x86_64/FBCustomCommands.plist
&amp#27;[38;5;173m[Xcode]&amp#27;[0m 
&amp#27;[38;5;173m[Xcode]&amp#27;[0m 
&amp#27;[38;5;173m[Xcode]&amp#27;[0m Analyze /Users/oikhlas/.appium/node_modules/appium-xcuitest-driver/node_modules/appium-webdriveragent/WebDriverAgentLib/Commands/FBAlertViewCommands.m normal x86_64 (in target 'WebDriverAgentLib' from project 'WebDriverAgent')
&amp#27;[38;5;173m[Xcode]&amp#27;[0m     cd /Users/oikhlas/.appium/node_modules/appium-xcuitest-driver/node_modules/appium-webdriveragent
&amp#27;[38;5;173m[Xcode]&amp#27;[0m     /Applications/Xcode.app/Contents/Developer/Toolchains/XcodeDefault.xctoolchain/usr/bin/clang -x objective-c -target x86_64-apple-ios16.0-simulator -fmessage-length\=0 -fdiagnostics-show-note-include-stack -fmacro-backtrace-limit\=0 -std\=gnu99 -fobjc-arc -fmodules -gmodules -fmodules-cache-path\=/Users/oikhlas/Library/Developer/Xcode/DerivedData/WebDriverAgent-bcmeffsllcldukgyoimwiehwhvyz/ModuleCache.noindex -fmodules-prune-interval\=86400 -fmodules-prune-after\=345600 -fbuild-session-file\=/Users/oikhlas/Library/Developer/Xcode/DerivedData/WebDriverAgent-bcmeffsllcldukgyoimwiehwhvyz/ModuleCache.noindex/Session.modulevalidation -fmodules-validate-once-per-build-session -Wno-trigraphs -fpascal-strings -O0 -fno-common -Wmissing-field-initializers -Wno-missing-prototypes -Werror\=return-type -Wunreachable-code -Wquoted-include-in-framework-header -Wno-implicit-atomic-properties -Werror\=deprecated-objc-isa-usage -Wno-objc-interface-ivars -Werror\=objc-root-class -Warc-repeated-use-of-weak -Wno-arc-maybe-repeated-use-of-weak -Wimplicit-retain-self -Wduplicate-method-match -Wno-missing-braces -Wparentheses -Wswitch -Wunused-function -Wno-unused-label -Wunused-parameter -Wunused-variable -Wunused-value -Wempty-body -Wuninitialized -Wconditional-uninitialized -Wno-unknown-pragmas -pedantic -Wshadow -Wno-four-char-constants -Wconversion -Wconstant-conversion -Wint-conversion -Wbool-conversion -Wenum-conversion -Wfloat-conversion -Wnon-literal-null-conversion -Wobjc-literal-conversion -Wassign-enum -Wsign-compare -Wshorten-64-to-32 -Wpointer-sign -Wno-newline-eof -Wno-selector -Wno-strict-selector-match -Wundeclared-selector -Wdeprecated-implementations -Wno-implicit-fallthrough -DDEBUG\=1 -DOBJC_OLD_DISPATCH_PROTOTYPES\=0 -isysroot /Applications/Xcode.app/Contents/Developer/Platforms/iPhoneSimulator.platform/Developer/SDKs/iPhoneSimulator16.0.sdk -fasm-blocks -fstrict-aliasing -Wprotocol -Wdeprecated-declarations -g -Wno-sign-conversion -Winfinite-recursion -Wcomma -Wblock-capture-autoreleasing -Wstrict-prototypes -Wno-semicolon-before-method-body -fobjc-abi-version\=2 -fobjc-legacy-dispatch -D__clang_analyzer__ -Xclang -analyzer-output\=plist-multi-file -Xclang -analyzer-config -Xclang path-diagnostics-alternate\=true -Xclang -analyzer-config -Xclang report-in-main-source-file\=true -Xclang -analyzer-checker -Xclang optin.osx.cocoa.localizability.NonLocalizedStringChecker -Xclang -analyzer-checker -Xclang security.insecureAPI.UncheckedReturn -Xclang -analyzer-checker -Xclang security.insecureAPI.getpw -Xclang -analyzer-checker -Xclang security.insecureAPI.gets -Xclang -analyzer-checker -Xclang security.insecureAPI.mkstemp -Xclang -analyzer-checker -Xclang security.insecureAPI.mktemp -Xclang -analyzer-disable-checker -Xclang security.insecureAPI.rand -Xclang -analyzer-disable-checker -Xclang security.insecureAPI.strcpy -Xclang -analyzer-checker -Xclang security.insecureAPI.vfork -iquote /Users/oikhlas/Library/Developer/Xcode/DerivedData/WebDriverAgent-bcmeffsllcldukgyoimwiehwhvyz/Build/Intermediates.noindex/WebDriverAgent.build/Debug-iphonesimulator/WebDriverAgentLib.build/WebDriverAgentLib-generated-files.hmap -I/Users/oikhlas/Library/Developer/Xcode/DerivedData/WebDriverAgent-bcmeffsllcldukgyoimwiehwhvyz/Build/Intermediates.noindex/WebDriverAgent.build/Debug-iphonesimulator/WebDriverAgentLib.build/WebDriverAgentLib-own-target-headers.hmap -I/Users/oikhlas/Library/Developer/Xcode/DerivedData/WebDriverAgent-bcmeffsllcldukgyoimwiehwhvyz/Build/Intermediates.noindex/WebDriverAgent.build/Debug-iphonesimulator/WebDriverAgentLib.build/WebDriverAgentLib-all-target-headers.hmap -iquote /Users/oikhlas/Library/Developer/Xcode/DerivedData/WebDriverAgent-bcmeffsllcldukgyoimwiehwhvyz/Build/Intermediates.noindex/WebDriverAgent.build/Debug-iphonesimulator/WebDriverAgentLib.build/WebDriverAgentLib-project-headers.hmap -I/Users/oikhlas/Library/Developer/Xcode/DerivedData/WebDriverAgent-bcmeffsllcldukgyoimwiehwhvyz/Build/Products/Debug-iphonesimulator/include -I/Applications/Xcode.app/Contents/Developer/Platforms/iPhoneSimulator.platform/Developer/SDKs/iPhoneSimulator16.0.sdk/usr/include/libxml2 -I/Users/oikhlas/.appium/node_modules/appium-xcuitest-driver/node_modules/appium-webdriveragent/Modules -I/Users/oikhlas/Library/Developer/Xcode/DerivedData/WebDriverAgent-bcmeffsllcldukgyoimwiehwhvyz/Build/Intermediates.noindex/WebDriverAgent.build/Debug-iphonesimulator/WebDriverAgentLib.build/DerivedSources-normal/x86_64 -I/Users/oikhlas/Library/Developer/Xcode/DerivedData/WebDriverAgent-bcmeffsllcldukgyoimwiehwhvyz/Build/Intermediates.noindex/WebDriverAgent.build/Debug-iphonesimulator/WebDriverAgentLib.build/DerivedSources/x86_64 -I/Users/oikhlas/Library/Developer/Xcode/DerivedData/WebDriverAgent-bcmeffsllcldukgyoimwiehwhvyz/Build/Intermediates.noindex/WebDriverAgent.build/Debug-iphonesimulator/WebDriverAgentLib.build/DerivedSources -Weverything -Wno-objc-missing-property-synthesis -Wno-unused-macros -Wno-disabled-macro-expansion -Wno-gnu-statement-expression -Wno-language-extension-token -Wno-overriding-method-mismatch -Wno-missing-variable-declarations -Rno-module-build -Wno-auto-import -Wno-objc-interface-ivars -Wno-documentation-unknown-command -Wno-reserved-id-macro -Wno-unused-parameter -Wno-gnu-conditional-omitted-operand -Wno-explicit-ownership-type -Wno-date-time -Wno-cast-align -Wno-cstring-format-directive -Wno-double-promotion -Wno-partial-availability -Weverything -Wno-objc-missing-property-synthesis -Wno-unused-macros -Wno-disabled-macro-expansion -Wno-gnu-statement-expression -Wno-language-extension-token -Wno-overriding-method-mismatch -Wno-missing-variable-declarations -Rno-module-build -Wno-auto-import -Wno-objc-interface-ivars -Wno-documentation-unknown-command -Wno-reserved-id-macro -Wno-unused-parameter -Wno-gnu-conditional-omitted-operand -Wno-explicit-ownership-type -Wno-date-time -Wno-cast-align -Wno-cstring-format-directive -Wno-double-promotion -Wno-partial-availability -Wno-objc-messaging-id -Wno-direct-ivar-access -Wno-cast-qual -Wno-declaration-after-statement -F/Users/oikhlas/Library/Developer/Xcode/DerivedData/WebDriverAgent-bcmeffsllcldukgyoimwiehwhvyz/Build/Products/Debug-iphonesimulator -F/Applications/Xcode.app/Contents/Developer/Platforms/iPhoneSimulator.platform/Developer/Library/Frameworks -F/Applications/Xcode.app/Contents/Developer/Platforms/iPhoneSimulator.platform/Developer/Library/PrivateFrameworks -iframework /Applications/Xcode.app/Contents/Developer/Platforms/iPhoneSimulator.platform/Developer/SDKs/iPhoneSimulator16.0.sdk/Developer/Library/Frameworks -MMD -MT dependencies -MF /Users/oikhlas/Library/Developer/Xcode/DerivedData/WebDriverAgent-bcmeffsllcldukgyoimwiehwhvyz/Build/Intermediates.noindex/WebDriverAgent.build/Debug-iphonesimulator/WebDriverAgentLib.build/StaticAnalyzer/WebDriverAgent/WebDriverAgentLib/normal/x86_64/FBAlertViewCommands.d --analyze /Users/oikhlas/.appium/node_modules/appium-xcuitest-driver/node_modules/appium-webdriveragent/WebDriverAgentLib/Commands/FBAlertViewCommands.m -o /Users/oikhlas/Library/Developer/Xcode/DerivedData/WebDriverAgent-bcmeffsllcldukgyoimwiehwhvyz/Build/Intermediates.noindex/WebDriverAgent.build/Debug-iphonesimulator/WebDriverAgentLib.build/StaticAnalyzer/WebDriverAgent/WebDriverAgentLib/normal/x86_64/FBAlertViewCommands.plist
&amp#27;[38;5;173m[Xcode]&amp#27;[0m 
&amp#27;[38;5;173m[Xcode]&amp#27;[0m 
&amp#27;[38;5;173m[Xcode]&amp#27;[0m Analyze /Users/oikhlas/.appium/node_modules/appium-xcuitest-driver/node_modules/appium-webdriveragent/WebDriverAgentLib/Categories/XCUIElementQuery+FBHelpers.m normal x86_64 (in target 'WebDriverAgentLib' from project 'WebDriverAgent')
&amp#27;[38;5;173m[Xcode]&amp#27;[0m     cd /Users/oikhlas/.appium/node_modules/appium-xcuitest-driver/node_modules/appium-webdriveragent
&amp#27;[38;5;173m[Xcode]&amp#27;[0m     /Applications/Xcode.app/Contents/Developer/Toolchains/XcodeDefault.xctoolchain/usr/bin/clang -x objective-c -target x86_64-apple-ios16.0-simulator -fmessage-length\=0 -fdiagnostics-show-note-include-stack -fmacro-backtrace-limit\=0 -std\=gnu99 -fobjc-arc -fmodules -gmodules -fmodules-cache-path\=/Users/oikhlas/Library/Developer/Xcode/DerivedData/WebDriverAgent-bcmeffsllcldukgyoimwiehwhvyz/ModuleCache.noindex -fmodules-prune-interval\=86400 -fmodules-prune-after\=345600 -fbuild-session-file\=/Users/oikhlas/Library/Developer/Xcode/DerivedData/WebDriverAgent-bcmeffsllcldukgyoimwiehwhvyz/ModuleCache.noindex/Session.modulevalidation -fmodules-validate-once-per-build-session -Wno-trigraphs -fpascal-strings -O0 -fno-common -Wmissing-field-initializers -Wno-missing-prototypes -Werror\=return-type -Wunreachable-code -Wquoted-include-in-framework-header -Wno-implicit-atomic-properties -Werror\=deprecated-objc-isa-usage -Wno-objc-interface-ivars -Werror\=objc-root-class -Warc-repeated-use-of-weak -Wno-arc-maybe-repeated-use-of-weak -Wimplicit-retain-self -Wduplicate-method-match -Wno-missing-braces -Wparentheses -Wswitch -Wunused-function -Wno-unused-label -Wunused-parameter -Wunused-variable -Wunused-value -Wempty-body -Wuninitialized -Wconditional-uninitialized -Wno-unknown-pragmas -pedantic -Wshadow -Wno-four-char-constants -Wconversion -Wconstant-conversion -Wint-conversion -Wbool-conversion -Wenum-conversion -Wfloat-conversion -Wnon-literal-null-conversion -Wobjc-literal-conversion -Wassign-enum -Wsign-compare -Wshorten-64-to-32 -Wpointer-sign -Wno-newline-eof -Wno-selector -Wno-strict-selector-match -Wundeclared-selector -Wdeprecated-implementations -Wno-implicit-fallthrough -DDEBUG\=1 -DOBJC_OLD_DISPATCH_PROTOTYPES\=0 -isysroot /Applications/Xcode.app/Contents/Developer/Platforms/iPhoneSimulator.platform/Developer/SDKs/iPhoneSimulator16.0.sdk -fasm-blocks -fstrict-aliasing -Wprotocol -Wdeprecated-declarations -g -Wno-sign-conversion -Winfinite-recursion -Wcomma -Wblock-capture-autoreleasing -Wstrict-prototypes -Wno-semicolon-before-method-body -fobjc-abi-version\=2 -fobjc-legacy-dispatch -D__clang_analyzer__ -Xclang -analyzer-output\=plist-multi-file -Xclang -analyzer-config -Xclang path-diagnostics-alternate\=true -Xclang -analyzer-config -Xclang report-in-main-source-file\=true -Xclang -analyzer-checker -Xclang optin.osx.cocoa.localizability.NonLocalizedStringChecker -Xclang -analyzer-checker -Xclang security.insecureAPI.UncheckedReturn -Xclang -analyzer-checker -Xclang security.insecureAPI.getpw -Xclang -analyzer-checker -Xclang security.insecureAPI.gets -Xclang -analyzer-checker -Xclang security.insecureAPI.mkstemp -Xclang -analyzer-checker -Xclang security.insecureAPI.mktemp -Xclang -analyzer-disable-checker -Xclang security.insecureAPI.rand -Xclang -analyzer-disable-checker -Xclang security.insecureAPI.strcpy -Xclang -analyzer-checker -Xclang security.insecureAPI.vfork -iquote /Users/oikhlas/Library/Developer/Xcode/DerivedData/WebDriverAgent-bcmeffsllcldukgyoimwiehwhvyz/Build/Intermediates.noindex/WebDriverAgent.build/Debug-iphonesimulator/WebDriverAgentLib.build/WebDriverAgentLib-generated-files.hmap -I/Users/oikhlas/Library/Developer/Xcode/DerivedData/WebDriverAgent-bcmeffsllcldukgyoimwiehwhvyz/Build/Intermediates.noindex/WebDriverAgent.build/Debug-iphonesimulator/WebDriverAgentLib.build/WebDriverAgentLib-own-target-headers.hmap -I/Users/oikhlas/Library/Developer/Xcode/DerivedData/WebDriverAgent-bcmeffsllcldukgyoimwiehwhvyz/Build/Intermediates.noindex/WebDriverAgent.build/Debug-iphonesimulator/WebDriverAgentLib.build/WebDriverAgentLib-all-target-headers.hmap -iquote /Users/oikhlas/Library/Developer/Xcode/DerivedData/WebDriverAgent-bcmeffsllcldukgyoimwiehwhvyz/Build/Intermediates.noindex/WebDriverAgent.build/Debug-iphonesimulator/WebDriverAgentLib.build/WebDriverAgentLib-project-headers.hmap -I/Users/oikhlas/Library/Developer/Xcode/DerivedData/WebDriverAgent-bcmeffsllcldukgyoimwiehwhvyz/Build/Products/Debug-iphonesimulator/include -I/Applications/Xcode.app/Contents/Developer/Platforms/iPhoneSimulator.platform/Developer/SDKs/iPhoneSimulator16.0.sdk/usr/include/libxml2 -I/Users/oikhlas/.appium/node_modules/appium-xcuitest-driver/node_modules/appium-webdriveragent/Modules -I/Users/oikhlas/Library/Developer/Xcode/DerivedData/WebDriverAgent-bcmeffsllcldukgyoimwiehwhvyz/Build/Intermediates.noindex/WebDriverAgent.build/Debug-iphonesimulator/WebDriverAgentLib.build/DerivedSources-normal/x86_64 -I/Users/oikhlas/Library/Developer/Xcode/DerivedData/WebDriverAgent-bcmeffsllcldukgyoimwiehwhvyz/Build/Intermediates.noindex/WebDriverAgent.build/Debug-iphonesimulator/WebDriverAgentLib.build/DerivedSources/x86_64 -I/Users/oikhlas/Library/Developer/Xcode/DerivedData/WebDriverAgent-bcmeffsllcldukgyoimwiehwhvyz/Build/Intermediates.noindex/WebDriverAgent.build/Debug-iphonesimulator/WebDriverAgentLib.build/DerivedSources -Weverything -Wno-objc-missing-property-synthesis -Wno-unused-macros -Wno-disabled-macro-expansion -Wno-gnu-statement-expression -Wno-language-extension-token -Wno-overriding-method-mismatch -Wno-missing-variable-declarations -Rno-module-build -Wno-auto-import -Wno-objc-interface-ivars -Wno-documentation-unknown-command -Wno-reserved-id-macro -Wno-unused-parameter -Wno-gnu-conditional-omitted-operand -Wno-explicit-ownership-type -Wno-date-time -Wno-cast-align -Wno-cstring-format-directive -Wno-double-promotion -Wno-partial-availability -Weverything -Wno-objc-missing-property-synthesis -Wno-unused-macros -Wno-disabled-macro-expansion -Wno-gnu-statement-expression -Wno-language-extension-token -Wno-overriding-method-mismatch -Wno-missing-variable-declarations -Rno-module-build -Wno-auto-import -Wno-objc-interface-ivars -Wno-documentation-unknown-command -Wno-reserved-id-macro -Wno-unused-parameter -Wno-gnu-conditional-omitted-operand -Wno-explicit-ownership-type -Wno-date-time -Wno-cast-align -Wno-cstring-format-directive -Wno-double-promotion -Wno-partial-availability -Wno-objc-messaging-id -Wno-direct-ivar-access -Wno-cast-qual -Wno-declaration-after-statement -F/Users/oikhlas/Library/Developer/Xcode/DerivedData/WebDriverAgent-bcmeffsllcldukgyoimwiehwhvyz/Build/Products/Debug-iphonesimulator -F/Applications/Xcode.app/Contents/Developer/Platforms/iPhoneSimulator.platform/Developer/Library/Frameworks -F/Applications/Xcode.app/Contents/Developer/Platforms/iPhoneSimulator.platform/Developer/Library/PrivateFrameworks -iframework /Applications/Xcode.app/Contents/Developer/Platforms/iPhoneSimulator.platform/Developer/SDKs/iPhoneSimulator16.0.sdk/Developer/Library/Frameworks -MMD -MT dependencies -MF /Users/oikhlas/Library/Developer/Xcode/DerivedData/WebDriverAgent-bcmeffsllcldukgyoimwiehwhvyz/Build/Intermediates.noindex/WebDriverAgent.build/Debug-iphonesimulator/WebDriverAgentLib.build/StaticAnalyzer/WebDriverAgent/WebDriverAgentLib/normal/x86_64/XCUIElementQuery+FBHelpers.d --analyze /Users/oikhlas/.appium/node_modules/appium-xcuitest-driver/node_modules/appium-webdriveragent/WebDriverAgentLib/Categories/XCUIElementQuery+FBHelpers.m -o /Users/oikhlas/Library/Developer/Xcode/DerivedData/WebDriverAgent-bcmeffsllcldukgyoimwiehwhvyz/Build/Intermediates.noindex/WebDriverAgent.build/Debug-iphonesimulator/WebDriverAgentLib.build/StaticAnalyzer/WebDriverAgent/WebDriverAgentLib/normal/x86_64/XCUIElementQuery+FBHelpers.plist
&amp#27;[38;5;173m[Xcode]&amp#27;[0m 
&amp#27;[38;5;173m[Xcode]&amp#27;[0m 
&amp#27;[38;5;173m[Xcode]&amp#27;[0m Analyze /Users/oikhlas/.appium/node_modules/appium-xcuitest-driver/node_modules/appium-webdriveragent/WebDriverAgentLib/Categories/XCUIElement+FBWebDriverAttributes.m normal x86_64 (in target 'WebDriverAgentLib' from project 'WebDriverAgent')
&amp#27;[38;5;173m[Xcode]&amp#27;[0m     cd /Users/oikhlas/.appium/node_modules/appium-xcuitest-driver/node_modules/appium-webdriveragent
&amp#27;[38;5;173m[Xcode]&amp#27;[0m     /Applications/Xcode.app/Contents/Developer/Toolchains/XcodeDefault.xctoolchain/usr/bin/clang -x objective-c -target x86_64-apple-ios16.0-simulator -fmessage-length\=0 -fdiagnostics-show-note-include-stack -fmacro-backtrace-limit\=0 -std\=gnu99 -fobjc-arc -fmodules -gmodules -fmodules-cache-path\=/Users/oikhlas/Library/Developer/Xcode/DerivedData/WebDriverAgent-bcmeffsllcldukgyoimwiehwhvyz/ModuleCache.noindex -fmodules-prune-interval\=86400 -fmodules-prune-after\=345600 -fbuild-session-file\=/Users/oikhlas/Library/Developer/Xcode/DerivedData/WebDriverAgent-bcmeffsllcldukgyoimwiehwhvyz/ModuleCache.noindex/Session.modulevalidation -fmodules-validate-once-per-build-session -Wno-trigraphs -fpascal-strings -O0 -fno-common -Wmissing-field-initializers -Wno-missing-prototypes -Werror\=return-type -Wunreachable-code -Wquoted-include-in-framework-header -Wno-implicit-atomic-properties -Werror\=deprecated-objc-isa-usage -Wno-objc-interface-ivars -Werror\=objc-root-class -Warc-repeated-use-of-weak -Wno-arc-maybe-repeated-use-of-weak -Wimplicit-retain-self -Wduplicate-method-match -Wno-missing-braces -Wparentheses -Wswitch -Wunused-function -Wno-unused-label -Wunused-parameter -Wunused-variable -Wunused-value -Wempty-body -Wuninitialized -Wconditional-uninitialized -Wno-unknown-pragmas -pedantic -Wshadow -Wno-four-char-constants -Wconversion -Wconstant-conversion -Wint-conversion -Wbool-conversion -Wenum-conversion -Wfloat-conversion -Wnon-literal-null-conversion -Wobjc-literal-conversion -Wassign-enum -Wsign-compare -Wshorten-64-to-32 -Wpointer-sign -Wno-newline-eof -Wno-selector -Wno-strict-selector-match -Wundeclared-selector -Wdeprecated-implementations -Wno-implicit-fallthrough -DDEBUG\=1 -DOBJC_OLD_DISPATCH_PROTOTYPES\=0 -isysroot /Applications/Xcode.app/Contents/Developer/Platforms/iPhoneSimulator.platform/Developer/SDKs/iPhoneSimulator16.0.sdk -fasm-blocks -fstrict-aliasing -Wprotocol -Wdeprecated-declarations -g -Wno-sign-conversion -Winfinite-recursion -Wcomma -Wblock-capture-autoreleasing -Wstrict-prototypes -Wno-semicolon-before-method-body -fobjc-abi-version\=2 -fobjc-legacy-dispatch -D__clang_analyzer__ -Xclang -analyzer-output\=plist-multi-file -Xclang -analyzer-config -Xclang path-diagnostics-alternate\=true -Xclang -analyzer-config -Xclang report-in-main-source-file\=true -Xclang -analyzer-checker -Xclang optin.osx.cocoa.localizability.NonLocalizedStringChecker -Xclang -analyzer-checker -Xclang security.insecureAPI.UncheckedReturn -Xclang -analyzer-checker -Xclang security.insecureAPI.getpw -Xclang -analyzer-checker -Xclang security.insecureAPI.gets -Xclang -analyzer-checker -Xclang security.insecureAPI.mkstemp -Xclang -analyzer-checker -Xclang security.insecureAPI.mktemp -Xclang -analyzer-disable-checker -Xclang security.insecureAPI.rand -Xclang -analyzer-disable-checker -Xclang security.insecureAPI.strcpy -Xclang -analyzer-checker -Xclang security.insecureAPI.vfork -iquote /Users/oikhlas/Library/Developer/Xcode/DerivedData/WebDriverAgent-bcmeffsllcldukgyoimwiehwhvyz/Build/Intermediates.noindex/WebDriverAgent.build/Debug-iphonesimulator/WebDriverAgentLib.build/WebDriverAgentLib-generated-files.hmap -I/Users/oikhlas/Library/Developer/Xcode/DerivedData/WebDriverAgent-bcmeffsllcldukgyoimwiehwhvyz/Build/Intermediates.noindex/WebDriverAgent.build/Debug-iphonesimulator/WebDriverAgentLib.build/WebDriverAgentLib-own-target-headers.hmap -I/Users/oikhlas/Library/Developer/Xcode/DerivedData/WebDriverAgent-bcmeffsllcldukgyoimwiehwhvyz/Build/Intermediates.noindex/WebDriverAgent.build/Debug-iphonesimulator/WebDriverAgentLib.build/WebDriverAgentLib-all-target-headers.hmap -iquote /Users/oikhlas/Library/Developer/Xcode/DerivedData/WebDriverAgent-bcmeffsllcldukgyoimwiehwhvyz/Build/Intermediates.noindex/WebDriverAgent.build/Debug-iphonesimulator/WebDriverAgentLib.build/WebDriverAgentLib-project-headers.hmap -I/Users/oikhlas/Library/Developer/Xcode/DerivedData/WebDriverAgent-bcmeffsllcldukgyoimwiehwhvyz/Build/Products/Debug-iphonesimulator/include -I/Applications/Xcode.app/Contents/Developer/Platforms/iPhoneSimulator.platform/Developer/SDKs/iPhoneSimulator16.0.sdk/usr/include/libxml2 -I/Users/oikhlas/.appium/node_modules/appium-xcuitest-driver/node_modules/appium-webdriveragent/Modules -I/Users/oikhlas/Library/Developer/Xcode/DerivedData/WebDriverAgent-bcmeffsllcldukgyoimwiehwhvyz/Build/Intermediates.noindex/WebDriverAgent.build/Debug-iphonesimulator/WebDriverAgentLib.build/DerivedSources-normal/x86_64 -I/Users/oikhlas/Library/Developer/Xcode/DerivedData/WebDriverAgent-bcmeffsllcldukgyoimwiehwhvyz/Build/Intermediates.noindex/WebDriverAgent.build/Debug-iphonesimulator/WebDriverAgentLib.build/DerivedSources/x86_64 -I/Users/oikhlas/Library/Developer/Xcode/DerivedData/WebDriverAgent-bcmeffsllcldukgyoimwiehwhvyz/Build/Intermediates.noindex/WebDriverAgent.build/Debug-iphonesimulator/WebDriverAgentLib.build/DerivedSources -Weverything -Wno-objc-missing-property-synthesis -Wno-unused-macros -Wno-disabled-macro-expansion -Wno-gnu-statement-expression -Wno-language-extension-token -Wno-overriding-method-mismatch -Wno-missing-variable-declarations -Rno-module-build -Wno-auto-import -Wno-objc-interface-ivars -Wno-documentation-unknown-command -Wno-reserved-id-macro -Wno-unused-parameter -Wno-gnu-conditional-omitted-operand -Wno-explicit-ownership-type -Wno-date-time -Wno-cast-align -Wno-cstring-format-directive -Wno-double-promotion -Wno-partial-availability -Weverything -Wno-objc-missing-property-synthesis -Wno-unused-macros -Wno-disabled-macro-expansion -Wno-gnu-statement-expression -Wno-language-extension-token -Wno-overriding-method-mismatch -Wno-missing-variable-declarations -Rno-module-build -Wno-auto-import -Wno-objc-interface-ivars -Wno-documentation-unknown-command -Wno-reserved-id-macro -Wno-unused-parameter -Wno-gnu-conditional-omitted-operand -Wno-explicit-ownership-type -Wno-date-time -Wno-cast-align -Wno-cstring-format-directive -Wno-double-promotion -Wno-partial-availability -Wno-objc-messaging-id -Wno-direct-ivar-access -Wno-cast-qual -Wno-declaration-after-statement -F/Users/oikhlas/Library/Developer/Xcode/DerivedData/WebDriverAgent-bcmeffsllcldukgyoimwiehwhvyz/Build/Products/Debug-iphonesimulator -F/Applications/Xcode.app/Contents/Developer/Platforms/iPhoneSimulator.platform/Developer/Library/Frameworks -F/Applications/Xcode.app/Contents/Developer/Platforms/iPhoneSimulator.platform/Developer/Library/PrivateFrameworks -iframework /Applications/Xcode.app/Contents/Developer/Platforms/iPhoneSimulator.platform/Developer/SDKs/iPhoneSimulator16.0.sdk/Developer/Library/Frameworks -MMD -MT dependencies -MF /Users/oikhlas/Library/Developer/Xcode/DerivedData/WebDriverAgent-bcmeffsllcldukgyoimwiehwhvyz/Build/Intermediates.noindex/WebDriverAgent.build/Debug-iphonesimulator/WebDriverAgentLib.build/StaticAnalyzer/WebDriverAgent/WebDriverAgentLib/normal/x86_64/XCUIElement+FBWebDriverAttributes.d --analyze /Users/oikhlas/.appium/node_modules/appium-xcuitest-driver/node_modules/appium-webdriveragent/WebDriverAgentLib/Categories/XCUIElement+FBWebDriverAttributes.m -o /Users/oikhlas/Library/Developer/Xcode/DerivedData/WebDriverAgent-bcmeffsllcldukgyoimwiehwhvyz/Build/Intermediates.noindex/WebDriverAgent.build/Debug-iphonesimulator/WebDriverAgentLib.build/StaticAnalyzer/WebDriverAgent/WebDriverAgentLib/normal/x86_64/XCUIElement+FBWebDriverAttributes.plist
&amp#27;[38;5;173m[Xcode]&amp#27;[0m 
&amp#27;[38;5;173m[Xcode]&amp#27;[0m 
&amp#27;[38;5;173m[Xcode]&amp#27;[0m Analyze /Users/oikhlas/.appium/node_modules/appium-xcuitest-driver/node_modules/appium-webdriveragent/WebDriverAgentLib/Categories/XCUIElement+FBUtilities.m normal x86_64 (in target 'WebDriverAgentLib' from project 'WebDriverAgent')
&amp#27;[38;5;173m[Xcode]&amp#27;[0m     cd /Users/oikhlas/.appium/node_modules/appium-xcuitest-driver/node_modules/appium-webdriveragent
&amp#27;[38;5;173m[Xcode]&amp#27;[0m     /Applications/Xcode.app/Contents/Developer/Toolchains/XcodeDefault.xctoolchain/usr/bin/clang -x objective-c -target x86_64-apple-ios16.0-simulator -fmessage-length\=0 -fdiagnostics-show-note-include-stack -fmacro-backtrace-limit\=0 -std\=gnu99 -fobjc-arc -fmodules -gmodules -fmodules-cache-path\=/Users/oikhlas/Library/Developer/Xcode/DerivedData/WebDriverAgent-bcmeffsllcldukgyoimwiehwhvyz/ModuleCache.noindex -fmodules-prune-interval\=86400 -fmodules-prune-after\=345600 -fbuild-session-file\=/Users/oikhlas/Library/Developer/Xcode/DerivedData/WebDriverAgent-bcmeffsllcldukgyoimwiehwhvyz/ModuleCache.noindex/Session.modulevalidation -fmodules-validate-once-per-build-session -Wno-trigraphs -fpascal-strings -O0 -fno-common -Wmissing-field-initializers -Wno-missing-prototypes -Werror\=return-type -Wunreachable-code -Wquoted-include-in-framework-header -Wno-implicit-atomic-properties -Werror\=deprecated-objc-isa-usage -Wno-objc-interface-ivars -Werror\=objc-root-class -Warc-repeated-use-of-weak -Wno-arc-maybe-repeated-use-of-weak -Wimplicit-retain-self -Wduplicate-method-match -Wno-missing-braces -Wparentheses -Wswitch -Wunused-function -Wno-unused-label -Wunused-parameter -Wunused-variable -Wunused-value -Wempty-body -Wuninitialized -Wconditional-uninitialized -Wno-unknown-pragmas -pedantic -Wshadow -Wno-four-char-constants -Wconversion -Wconstant-conversion -Wint-conversion -Wbool-conversion -Wenum-conversion -Wfloat-conversion -Wnon-literal-null-conversion -Wobjc-literal-conversion -Wassign-enum -Wsign-compare -Wshorten-64-to-32 -Wpointer-sign -Wno-newline-eof -Wno-selector -Wno-strict-selector-match -Wundeclared-selector -Wdeprecated-implementations -Wno-implicit-fallthrough -DDEBUG\=1 -DOBJC_OLD_DISPATCH_PROTOTYPES\=0 -isysroot /Applications/Xcode.app/Contents/Developer/Platforms/iPhoneSimulator.platform/Developer/SDKs/iPhoneSimulator16.0.sdk -fasm-blocks -fstrict-aliasing -Wprotocol -Wdeprecated-declarations -g -Wno-sign-conversion -Winfinite-recursion -Wcomma -Wblock-capture-autoreleasing -Wstrict-prototypes -Wno-semicolon-before-method-body -fobjc-abi-version\=2 -fobjc-legacy-dispatch -D__clang_analyzer__ -Xclang -analyzer-output\=plist-multi-file -Xclang -analyzer-config -Xclang path-diagnostics-alternate\=true -Xclang -analyzer-config -Xclang report-in-main-source-file\=true -Xclang -analyzer-checker -Xclang optin.osx.cocoa.localizability.NonLocalizedStringChecker -Xclang -analyzer-checker -Xclang security.insecureAPI.UncheckedReturn -Xclang -analyzer-checker -Xclang security.insecureAPI.getpw -Xclang -analyzer-checker -Xclang security.insecureAPI.gets -Xclang -analyzer-checker -Xclang security.insecureAPI.mkstemp -Xclang -analyzer-checker -Xclang security.insecureAPI.mktemp -Xclang -analyzer-disable-checker -Xclang security.insecureAPI.rand -Xclang -analyzer-disable-checker -Xclang security.insecureAPI.strcpy -Xclang -analyzer-checker -Xclang security.insecureAPI.vfork -iquote /Users/oikhlas/Library/Developer/Xcode/DerivedData/WebDriverAgent-bcmeffsllcldukgyoimwiehwhvyz/Build/Intermediates.noindex/WebDriverAgent.build/Debug-iphonesimulator/WebDriverAgentLib.build/WebDriverAgentLib-generated-files.hmap -I/Users/oikhlas/Library/Developer/Xcode/DerivedData/WebDriverAgent-bcmeffsllcldukgyoimwiehwhvyz/Build/Intermediates.noindex/WebDriverAgent.build/Debug-iphonesimulator/WebDriverAgentLib.build/WebDriverAgentLib-own-target-headers.hmap -I/Users/oikhlas/Library/Developer/Xcode/DerivedData/WebDriverAgent-bcmeffsllcldukgyoimwiehwhvyz/Build/Intermediates.noindex/WebDriverAgent.build/Debug-iphonesimulator/WebDriverAgentLib.build/WebDriverAgentLib-all-target-headers.hmap -iquote /Users/oikhlas/Library/Developer/Xcode/DerivedData/WebDriverAgent-bcmeffsllcldukgyoimwiehwhvyz/Build/Intermediates.noindex/WebDriverAgent.build/Debug-iphonesimulator/WebDriverAgentLib.build/WebDriverAgentLib-project-headers.hmap -I/Users/oikhlas/Library/Developer/Xcode/DerivedData/WebDriverAgent-bcmeffsllcldukgyoimwiehwhvyz/Build/Products/Debug-iphonesimulator/include -I/Applications/Xcode.app/Contents/Developer/Platforms/iPhoneSimulator.platform/Developer/SDKs/iPhoneSimulator16.0.sdk/usr/include/libxml2 -I/Users/oikhlas/.appium/node_modules/appium-xcuitest-driver/node_modules/appium-webdriveragent/Modules -I/Users/oikhlas/Library/Developer/Xcode/DerivedData/WebDriverAgent-bcmeffsllcldukgyoimwiehwhvyz/Build/Intermediates.noindex/WebDriverAgent.build/Debug-iphonesimulator/WebDriverAgentLib.build/DerivedSources-normal/x86_64 -I/Users/oikhlas/Library/Developer/Xcode/DerivedData/WebDriverAgent-bcmeffsllcldukgyoimwiehwhvyz/Build/Intermediates.noindex/WebDriverAgent.build/Debug-iphonesimulator/WebDriverAgentLib.build/DerivedSources/x86_64 -I/Users/oikhlas/Library/Developer/Xcode/DerivedData/WebDriverAgent-bcmeffsllcldukgyoimwiehwhvyz/Build/Intermediates.noindex/WebDriverAgent.build/Debug-iphonesimulator/WebDriverAgentLib.build/DerivedSources -Weverything -Wno-objc-missing-property-synthesis -Wno-unused-macros -Wno-disabled-macro-expansion -Wno-gnu-statement-expression -Wno-language-extension-token -Wno-overriding-method-mismatch -Wno-missing-variable-declarations -Rno-module-build -Wno-auto-import -Wno-objc-interface-ivars -Wno-documentation-unknown-command -Wno-reserved-id-macro -Wno-unused-parameter -Wno-gnu-conditional-omitted-operand -Wno-explicit-ownership-type -Wno-date-time -Wno-cast-align -Wno-cstring-format-directive -Wno-double-promotion -Wno-partial-availability -Weverything -Wno-objc-missing-property-synthesis -Wno-unused-macros -Wno-disabled-macro-expansion -Wno-gnu-statement-expression -Wno-language-extension-token -Wno-overriding-method-mismatch -Wno-missing-variable-declarations -Rno-module-build -Wno-auto-import -Wno-objc-interface-ivars -Wno-documentation-unknown-command -Wno-reserved-id-macro -Wno-unused-parameter -Wno-gnu-conditional-omitted-operand -Wno-explicit-ownership-type -Wno-date-time -Wno-cast-align -Wno-cstring-format-directive -Wno-double-promotion -Wno-partial-availability -Wno-objc-messaging-id -Wno-direct-ivar-access -Wno-cast-qual -Wno-declaration-after-statement -F/Users/oikhlas/Library/Developer/Xcode/DerivedData/WebDriverAgent-bcmeffsllcldukgyoimwiehwhvyz/Build/Products/Debug-iphonesimulator -F/Applications/Xcode.app/Contents/Developer/Platforms/iPhoneSimulator.platform/Developer/Library/Frameworks -F/Applications/Xcode.app/Contents/Developer/Platforms/iPhoneSimulator.platform/Developer/Library/PrivateFrameworks -iframework /Applications/Xcode.app/Contents/Developer/Platforms/iPhoneSimulator.platform/Developer/SDKs/iPhoneSimulator16.0.sdk/Developer/Library/Frameworks -MMD -MT dependencies -MF /Users/oikhlas/Library/Developer/Xcode/DerivedData/WebDriverAgent-bcmeffsllcldukgyoimwiehwhvyz/Build/Intermediates.noindex/WebDriverAgent.build/Debug-iphonesimulator/WebDriverAgentLib.build/StaticAnalyzer/WebDriverAgent/WebDriverAgentLib/normal/x86_64/XCUIElement+FBUtilities.d --analyze /Users/oikhlas/.appium/node_modules/appium-xcuitest-driver/node_modules/appium-webdriveragent/WebDriverAgentLib/Categories/XCUIElement+FBUtilities.m -o /Users/oikhlas/Library/Developer/Xcode/DerivedData/WebDriverAgent-bcmeffsllcldukgyoimwiehwhvyz/Build/Intermediates.noindex/WebDriverAgent.build/Debug-iphonesimulator/WebDriverAgentLib.build/StaticAnalyzer/WebDriverAgent/WebDriverAgentLib/normal/x86_64/XCUIElement+FBUtilities.plist
&amp#27;[38;5;173m[Xcode]&amp#27;[0m 
&amp#27;[38;5;173m[Xcode]&amp#27;[0m 
&amp#27;[38;5;173m[Xcode]&amp#27;[0m Analyze /Users/oikhlas/.appium/node_modules/appium-xcuitest-driver/node_modules/appium-webdriveragent/WebDriverAgentLib/Categories/XCUIElement+FBUID.m normal x86_64 (in target 'WebDriverAgentLib' from project 'WebDriverAgent')
&amp#27;[38;5;173m[Xcode]&amp#27;[0m     cd /Users/oikhlas/.appium/node_modules/appium-xcuitest-driver/node_modules/appium-webdriveragent
&amp#27;[38;5;173m[Xcode]&amp#27;[0m     /Applications/Xcode.app/Contents/Developer/Toolchains/XcodeDefault.xctoolchain/usr/bin/clang -x objective-c -target x86_64-apple-ios16.0-simulator -fmessage-length\=0 -fdiagnostics-show-note-include-stack -fmacro-backtrace-limit\=0 -std\=gnu99 -fobjc-arc -fmodules -gmodules -fmodules-cache-path\=/Users/oikhlas/Library/Developer/Xcode/DerivedData/WebDriverAgent-bcmeffsllcldukgyoimwiehwhvyz/ModuleCache.noindex -fmodules-prune-interval\=86400 -fmodules-prune-after\=345600 -fbuild-session-file\=/Users/oikhlas/Library/Developer/Xcode/DerivedData/WebDriverAgent-bcmeffsllcldukgyoimwiehwhvyz/ModuleCache.noindex/Session.modulevalidation -fmodules-validate-once-per-build-session -Wno-trigraphs -fpascal-strings -O0 -fno-common -Wmissing-field-initializers -Wno-missing-prototypes -Werror\=return-type -Wunreachable-code -Wquoted-include-in-framework-header -Wno-implicit-atomic-properties -Werror\=deprecated-objc-isa-usage -Wno-objc-interface-ivars -Werror\=objc-root-class -Warc-repeated-use-of-weak -Wno-arc-maybe-repeated-use-of-weak -Wimplicit-retain-self -Wduplicate-method-match -Wno-missing-braces -Wparentheses -Wswitch -Wunused-function -Wno-unused-label -Wunused-parameter -Wunused-variable -Wunused-value -Wempty-body -Wuninitialized -Wconditional-uninitialized -Wno-unknown-pragmas -pedantic -Wshadow -Wno-four-char-constants -Wconversion -Wconstant-conversion -Wint-conversion -Wbool-conversion -Wenum-conversion -Wfloat-conversion -Wnon-literal-null-conversion -Wobjc-literal-conversion -Wassign-enum -Wsign-compare -Wshorten-64-to-32 -Wpointer-sign -Wno-newline-eof -Wno-selector -Wno-strict-selector-match -Wundeclared-selector -Wdeprecated-implementations -Wno-implicit-fallthrough -DDEBUG\=1 -DOBJC_OLD_DISPATCH_PROTOTYPES\=0 -isysroot /Applications/Xcode.app/Contents/Developer/Platforms/iPhoneSimulator.platform/Developer/SDKs/iPhoneSimulator16.0.sdk -fasm-blocks -fstrict-aliasing -Wprotocol -Wdeprecated-declarations -g -Wno-sign-conversion -Winfinite-recursion -Wcomma -Wblock-capture-autoreleasing -Wstrict-prototypes -Wno-semicolon-before-method-body -fobjc-abi-version\=2 -fobjc-legacy-dispatch -D__clang_analyzer__ -Xclang -analyzer-output\=plist-multi-file -Xclang -analyzer-config -Xclang path-diagnostics-alternate\=true -Xclang -analyzer-config -Xclang report-in-main-source-file\=true -Xclang -analyzer-checker -Xclang optin.osx.cocoa.localizability.NonLocalizedStringChecker -Xclang -analyzer-checker -Xclang security.insecureAPI.UncheckedReturn -Xclang -analyzer-checker -Xclang security.insecureAPI.getpw -Xclang -analyzer-checker -Xclang security.insecureAPI.gets -Xclang -analyzer-checker -Xclang security.insecureAPI.mkstemp -Xclang -analyzer-checker -Xclang security.insecureAPI.mktemp -Xclang -analyzer-disable-checker -Xclang security.insecureAPI.rand -Xclang -analyzer-disable-checker -Xclang security.insecureAPI.strcpy -Xclang -analyzer-checker -Xclang security.insecureAPI.vfork -iquote /Users/oikhlas/Library/Developer/Xcode/DerivedData/WebDriverAgent-bcmeffsllcldukgyoimwiehwhvyz/Build/Intermediates.noindex/WebDriverAgent.build/Debug-iphonesimulator/WebDriverAgentLib.build/WebDriverAgentLib-generated-files.hmap -I/Users/oikhlas/Library/Developer/Xcode/DerivedData/WebDriverAgent-bcmeffsllcldukgyoimwiehwhvyz/Build/Intermediates.noindex/WebDriverAgent.build/Debug-iphonesimulator/WebDriverAgentLib.build/WebDriverAgentLib-own-target-headers.hmap -I/Users/oikhlas/Library/Developer/Xcode/DerivedData/WebDriverAgent-bcmeffsllcldukgyoimwiehwhvyz/Build/Intermediates.noindex/WebDriverAgent.build/Debug-iphonesimulator/WebDriverAgentLib.build/WebDriverAgentLib-all-target-headers.hmap -iquote /Users/oikhlas/Library/Developer/Xcode/DerivedData/WebDriverAgent-bcmeffsllcldukgyoimwiehwhvyz/Build/Intermediates.noindex/WebDriverAgent.build/Debug-iphonesimulator/WebDriverAgentLib.build/WebDriverAgentLib-project-headers.hmap -I/Users/oikhlas/Library/Developer/Xcode/DerivedData/WebDriverAgent-bcmeffsllcldukgyoimwiehwhvyz/Build/Products/Debug-iphonesimulator/include -I/Applications/Xcode.app/Contents/Developer/Platforms/iPhoneSimulator.platform/Developer/SDKs/iPhoneSimulator16.0.sdk/usr/include/libxml2 -I/Users/oikhlas/.appium/node_modules/appium-xcuitest-driver/node_modules/appium-webdriveragent/Modules -I/Users/oikhlas/Library/Developer/Xcode/DerivedData/WebDriverAgent-bcmeffsllcldukgyoimwiehwhvyz/Build/Intermediates.noindex/WebDriverAgent.build/Debug-iphonesimulator/WebDriverAgentLib.build/DerivedSources-normal/x86_64 -I/Users/oikhlas/Library/Developer/Xcode/DerivedData/WebDriverAgent-bcmeffsllcldukgyoimwiehwhvyz/Build/Intermediates.noindex/WebDriverAgent.build/Debug-iphonesimulator/WebDriverAgentLib.build/DerivedSources/x86_64 -I/Users/oikhlas/Library/Developer/Xcode/DerivedData/WebDriverAgent-bcmeffsllcldukgyoimwiehwhvyz/Build/Intermediates.noindex/WebDriverAgent.build/Debug-iphonesimulator/WebDriverAgentLib.build/DerivedSources -Weverything -Wno-objc-missing-property-synthesis -Wno-unused-macros -Wno-disabled-macro-expansion -Wno-gnu-statement-expression -Wno-language-extension-token -Wno-overriding-method-mismatch -Wno-missing-variable-declarations -Rno-module-build -Wno-auto-import -Wno-objc-interface-ivars -Wno-documentation-unknown-command -Wno-reserved-id-macro -Wno-unused-parameter -Wno-gnu-conditional-omitted-operand -Wno-explicit-ownership-type -Wno-date-time -Wno-cast-align -Wno-cstring-format-directive -Wno-double-promotion -Wno-partial-availability -Weverything -Wno-objc-missing-property-synthesis -Wno-unused-macros -Wno-disabled-macro-expansion -Wno-gnu-statement-expression -Wno-language-extension-token -Wno-overriding-method-mismatch -Wno-missing-variable-declarations -Rno-module-build -Wno-auto-import -Wno-objc-interface-ivars -Wno-documentation-unknown-command -Wno-reserved-id-macro -Wno-unused-parameter -Wno-gnu-conditional-omitted-operand -Wno-explicit-ownership-type -Wno-date-time -Wno-cast-align -Wno-cstring-format-directive -Wno-double-promotion -Wno-partial-availability -Wno-objc-messaging-id -Wno-direct-ivar-access -Wno-cast-qual -Wno-declaration-after-statement -F/Users/oikhlas/Library/Developer/Xcode/DerivedData/WebDriverAgent-bcmeffsllcldukgyoimwiehwhvyz/Build/Products/Debug-iphonesimulator -F/Applications/Xcode.app/Contents/Developer/Platforms/iPhoneSimulator.platform/Developer/Library/Frameworks -F/Applications/Xcode.app/Contents/Developer/Platforms/iPhoneSimulator.platform/Developer/Library/PrivateFrameworks -iframework /Applications/Xcode.app/Contents/Developer/Platforms/iPhoneSimulator.platform/Developer/SDKs/iPhoneSimulator16.0.sdk/Developer/Library/Frameworks -MMD -MT dependencies -MF /Users/oikhlas/Library/Developer/Xcode/DerivedData/WebDriverAgent-bcmeffsllcldukgyoimwiehwhvyz/Build/Intermediates.noindex/WebDriverAgent.build/Debug-iphonesimulator/WebDriverAgentLib.build/StaticAnalyzer/WebDriverAgent/WebDriverAgentLib/normal/x86_64/XCUIElement+FBUID.d --analyze /Users/oikhlas/.appium/node_modules/appium-xcuitest-driver/node_modules/appium-webdriveragent/WebDriverAgentLib/Categories/XCUIElement+FBUID.m -o /Users/oikhlas/Library/Developer/Xcode/DerivedData/WebDriverAgent-bcmeffsllcldukgyoimwiehwhvyz/Build/Intermediates.noindex/WebDriverAgent.build/Debug-iphonesimulator/WebDriverAgentLib.build/StaticAnalyzer/WebDriverAgent/WebDriverAgentLib/normal/x86_64/XCUIElement+FBUID.plist
&amp#27;[38;5;173m[Xcode]&amp#27;[0m 
&amp#27;[38;5;173m[Xcode]&amp#27;[0m 
&amp#27;[38;5;173m[Xcode]&amp#27;[0m Analyze /Users/oikhlas/.appium/node_modules/appium-xcuitest-driver/node_modules/appium-webdriveragent/WebDriverAgentLib/Categories/XCUIElement+FBTyping.m normal x86_64 (in target 'WebDriverAgentLib' from project 'WebDriverAgent')
&amp#27;[38;5;173m[Xcode]&amp#27;[0m     cd /Users/oikhlas/.appium/node_modules/appium-xcuitest-driver/node_modules/appium-webdriveragent
&amp#27;[38;5;173m[Xcode]&amp#27;[0m     /Applications/Xcode.app/Contents/Developer/Toolchains/XcodeDefault.xctoolchain/usr/bin/clang -x objective-c -target x86_64-apple-ios16.0-simulator -fmessage-length\=0 -fdiagnostics-show-note-include-stack -fmacro-backtrace-limit\=0 -std\=gnu99 -fobjc-arc -fmodules -gmodules -fmodules-cache-path\=/Users/oikhlas/Library/Developer/Xcode/DerivedData/WebDriverAgent-bcmeffsllcldukgyoimwiehwhvyz/ModuleCache.noindex -fmodules-prune-interval\=86400 -fmodules-prune-after\=345600 -fbuild-session-file\=/Users/oikhlas/Library/Developer/Xcode/DerivedData/WebDriverAgent-bcmeffsllcldukgyoimwiehwhvyz/ModuleCache.noindex/Session.modulevalidation -fmodules-validate-once-per-build-session -Wno-trigraphs -fpascal-strings -O0 -fno-common -Wmissing-field-initializers -Wno-missing-prototypes -Werror\=return-type -Wunreachable-code -Wquoted-include-in-framework-header -Wno-implicit-atomic-properties -Werror\=deprecated-objc-isa-usage -Wno-objc-interface-ivars -Werror\=objc-root-class -Warc-repeated-use-of-weak -Wno-arc-maybe-repeated-use-of-weak -Wimplicit-retain-self -Wduplicate-method-match -Wno-missing-braces -Wparentheses -Wswitch -Wunused-function -Wno-unused-label -Wunused-parameter -Wunused-variable -Wunused-value -Wempty-body -Wuninitialized -Wconditional-uninitialized -Wno-unknown-pragmas -pedantic -Wshadow -Wno-four-char-constants -Wconversion -Wconstant-conversion -Wint-conversion -Wbool-conversion -Wenum-conversion -Wfloat-conversion -Wnon-literal-null-conversion -Wobjc-literal-conversion -Wassign-enum -Wsign-compare -Wshorten-64-to-32 -Wpointer-sign -Wno-newline-eof -Wno-selector -Wno-strict-selector-match -Wundeclared-selector -Wdeprecated-implementations -Wno-implicit-fallthrough -DDEBUG\=1 -DOBJC_OLD_DISPATCH_PROTOTYPES\=0 -isysroot /Applications/Xcode.app/Contents/Developer/Platforms/iPhoneSimulator.platform/Developer/SDKs/iPhoneSimulator16.0.sdk -fasm-blocks -fstrict-aliasing -Wprotocol -Wdeprecated-declarations -g -Wno-sign-conversion -Winfinite-recursion -Wcomma -Wblock-capture-autoreleasing -Wstrict-prototypes -Wno-semicolon-before-method-body -fobjc-abi-version\=2 -fobjc-legacy-dispatch -D__clang_analyzer__ -Xclang -analyzer-output\=plist-multi-file -Xclang -analyzer-config -Xclang path-diagnostics-alternate\=true -Xclang -analyzer-config -Xclang report-in-main-source-file\=true -Xclang -analyzer-checker -Xclang optin.osx.cocoa.localizability.NonLocalizedStringChecker -Xclang -analyzer-checker -Xclang security.insecureAPI.UncheckedReturn -Xclang -analyzer-checker -Xclang security.insecureAPI.getpw -Xclang -analyzer-checker -Xclang security.insecureAPI.gets -Xclang -analyzer-checker -Xclang security.insecureAPI.mkstemp -Xclang -analyzer-checker -Xclang security.insecureAPI.mktemp -Xclang -analyzer-disable-checker -Xclang security.insecureAPI.rand -Xclang -analyzer-disable-checker -Xclang security.insecureAPI.strcpy -Xclang -analyzer-checker -Xclang security.insecureAPI.vfork -iquote /Users/oikhlas/Library/Developer/Xcode/DerivedData/WebDriverAgent-bcmeffsllcldukgyoimwiehwhvyz/Build/Intermediates.noindex/WebDriverAgent.build/Debug-iphonesimulator/WebDriverAgentLib.build/WebDriverAgentLib-generated-files.hmap -I/Users/oikhlas/Library/Developer/Xcode/DerivedData/WebDriverAgent-bcmeffsllcldukgyoimwiehwhvyz/Build/Intermediates.noindex/WebDriverAgent.build/Debug-iphonesimulator/WebDriverAgentLib.build/WebDriverAgentLib-own-target-headers.hmap -I/Users/oikhlas/Library/Developer/Xcode/DerivedData/WebDriverAgent-bcmeffsllcldukgyoimwiehwhvyz/Build/Intermediates.noindex/WebDriverAgent.build/Debug-iphonesimulator/WebDriverAgentLib.build/WebDriverAgentLib-all-target-headers.hmap -iquote /Users/oikhlas/Library/Developer/Xcode/DerivedData/WebDriverAgent-bcmeffsllcldukgyoimwiehwhvyz/Build/Intermediates.noindex/WebDriverAgent.build/Debug-iphonesimulator/WebDriverAgentLib.build/WebDriverAgentLib-project-headers.hmap -I/Users/oikhlas/Library/Developer/Xcode/DerivedData/WebDriverAgent-bcmeffsllcldukgyoimwiehwhvyz/Build/Products/Debug-iphonesimulator/include -I/Applications/Xcode.app/Contents/Developer/Platforms/iPhoneSimulator.platform/Developer/SDKs/iPhoneSimulator16.0.sdk/usr/include/libxml2 -I/Users/oikhlas/.appium/node_modules/appium-xcuitest-driver/node_modules/appium-webdriveragent/Modules -I/Users/oikhlas/Library/Developer/Xcode/DerivedData/WebDriverAgent-bcmeffsllcldukgyoimwiehwhvyz/Build/Intermediates.noindex/WebDriverAgent.build/Debug-iphonesimulator/WebDriverAgentLib.build/DerivedSources-normal/x86_64 -I/Users/oikhlas/Library/Developer/Xcode/DerivedData/WebDriverAgent-bcmeffsllcldukgyoimwiehwhvyz/Build/Intermediates.noindex/WebDriverAgent.build/Debug-iphonesimulator/WebDriverAgentLib.build/DerivedSources/x86_64 -I/Users/oikhlas/Library/Developer/Xcode/DerivedData/WebDriverAgent-bcmeffsllcldukgyoimwiehwhvyz/Build/Intermediates.noindex/WebDriverAgent.build/Debug-iphonesimulator/WebDriverAgentLib.build/DerivedSources -Weverything -Wno-objc-missing-property-synthesis -Wno-unused-macros -Wno-disabled-macro-expansion -Wno-gnu-statement-expression -Wno-language-extension-token -Wno-overriding-method-mismatch -Wno-missing-variable-declarations -Rno-module-build -Wno-auto-import -Wno-objc-interface-ivars -Wno-documentation-unknown-command -Wno-reserved-id-macro -Wno-unused-parameter -Wno-gnu-conditional-omitted-operand -Wno-explicit-ownership-type -Wno-date-time -Wno-cast-align -Wno-cstring-format-directive -Wno-double-promotion -Wno-partial-availability -Weverything -Wno-objc-missing-property-synthesis -Wno-unused-macros -Wno-disabled-macro-expansion -Wno-gnu-statement-expression -Wno-language-extension-token -Wno-overriding-method-mismatch -Wno-missing-variable-declarations -Rno-module-build -Wno-auto-import -Wno-objc-interface-ivars -Wno-documentation-unknown-command -Wno-reserved-id-macro -Wno-unused-parameter -Wno-gnu-conditional-omitted-operand -Wno-explicit-ownership-type -Wno-date-time -Wno-cast-align -Wno-cstring-format-directive -Wno-double-promotion -Wno-partial-availability -Wno-objc-messaging-id -Wno-direct-ivar-access -Wno-cast-qual -Wno-declaration-after-statement -F/Users/oikhlas/Library/Developer/Xcode/DerivedData/WebDriverAgent-bcmeffsllcldukgyoimwiehwhvyz/Build/Products/Debug-iphonesimulator -F/Applications/Xcode.app/Contents/Developer/Platforms/iPhoneSimulator.platform/Developer/Library/Frameworks -F/Applications/Xcode.app/Contents/Developer/Platforms/iPhoneSimulator.platform/Developer/Library/PrivateFrameworks -iframework /Applications/Xcode.app/Contents/Developer/Platforms/iPhoneSimulator.platform/Developer/SDKs/iPhoneSimulator16.0.sdk/Developer/Library/Frameworks -MMD -MT dependencies -MF /Users/oikhlas/Library/Developer/Xcode/DerivedData/WebDriverAgent-bcmeffsllcldukgyoimwiehwhvyz/Build/Intermediates.noindex/WebDriverAgent.build/Debug-iphonesimulator/WebDriverAgentLib.build/StaticAnalyzer/WebDriverAgent/WebDriverAgentLib/normal/x86_64/XCUIElement+FBTyping.d --analyze /Users/oikhlas/.appium/node_modules/appium-xcuitest-driver/node_modules/appium-webdriveragent/WebDriverAgentLib/Categories/XCUIElement+FBTyping.m -o /Users/oikhlas/Library/Developer/Xcode/DerivedData/WebDriverAgent-bcmeffsllcldukgyoimwiehwhvyz/Build/Intermediates.noindex/WebDriverAgent.build/Debug-iphonesimulator/WebDriverAgentLib.build/StaticAnalyzer/WebDriverAgent/WebDriverAgentLib/normal/x86_64/XCUIElement+FBTyping.plist
&amp#27;[38;5;173m[Xcode]&amp#27;[0m 
&amp#27;[38;5;173m[Xcode]&amp#27;[0m 
&amp#27;[38;5;173m[Xcode]&amp#27;[0m Analyze /Users/oikhlas/.appium/node_modules/appium-xcuitest-driver/node_modules/appium-webdriveragent/WebDriverAgentLib/Categories/XCUIElement+FBTVFocuse.m normal x86_64 (in target 'WebDriverAgentLib' from project 'WebDriverAgent')
&amp#27;[38;5;173m[Xcode]&amp#27;[0m     cd /Users/oikhlas/.appium/node_modules/appium-xcuitest-driver/node_modules/appium-webdriveragent
&amp#27;[38;5;173m[Xcode]&amp#27;[0m     /Applications/Xcode.app/Contents/Developer/Toolchains/XcodeDefault.xctoolchain/usr/bin/clang -x objective-c -target x86_64-apple-ios16.0-simulator -fmessage-length\=0 -fdiagnostics-show-note-include-stack -fmacro-backtrace-limit\=0 -std\=gnu99 -fobjc-arc -fmodules -gmodules -fmodules-cache-path\=/Users/oikhlas/Library/Developer/Xcode/DerivedData/WebDriverAgent-bcmeffsllcldukgyoimwiehwhvyz/ModuleCache.noindex -fmodules-prune-interval\=86400 -fmodules-prune-after\=345600 -fbuild-session-file\=/Users/oikhlas/Library/Developer/Xcode/DerivedData/WebDriverAgent-bcmeffsllcldukgyoimwiehwhvyz/ModuleCache.noindex/Session.modulevalidation -fmodules-validate-once-per-build-session -Wno-trigraphs -fpascal-strings -O0 -fno-common -Wmissing-field-initializers -Wno-missing-prototypes -Werror\=return-type -Wunreachable-code -Wquoted-include-in-framework-header -Wno-implicit-atomic-properties -Werror\=deprecated-objc-isa-usage -Wno-objc-interface-ivars -Werror\=objc-root-class -Warc-repeated-use-of-weak -Wno-arc-maybe-repeated-use-of-weak -Wimplicit-retain-self -Wduplicate-method-match -Wno-missing-braces -Wparentheses -Wswitch -Wunused-function -Wno-unused-label -Wunused-parameter -Wunused-variable -Wunused-value -Wempty-body -Wuninitialized -Wconditional-uninitialized -Wno-unknown-pragmas -pedantic -Wshadow -Wno-four-char-constants -Wconversion -Wconstant-conversion -Wint-conversion -Wbool-conversion -Wenum-conversion -Wfloat-conversion -Wnon-literal-null-conversion -Wobjc-literal-conversion -Wassign-enum -Wsign-compare -Wshorten-64-to-32 -Wpointer-sign -Wno-newline-eof -Wno-selector -Wno-strict-selector-match -Wundeclared-selector -Wdeprecated-implementations -Wno-implicit-fallthrough -DDEBUG\=1 -DOBJC_OLD_DISPATCH_PROTOTYPES\=0 -isysroot /Applications/Xcode.app/Contents/Developer/Platforms/iPhoneSimulator.platform/Developer/SDKs/iPhoneSimulator16.0.sdk -fasm-blocks -fstrict-aliasing -Wprotocol -Wdeprecated-declarations -g -Wno-sign-conversion -Winfinite-recursion -Wcomma -Wblock-capture-autoreleasing -Wstrict-prototypes -Wno-semicolon-before-method-body -fobjc-abi-version\=2 -fobjc-legacy-dispatch -D__clang_analyzer__ -Xclang -analyzer-output\=plist-multi-file -Xclang -analyzer-config -Xclang path-diagnostics-alternate\=true -Xclang -analyzer-config -Xclang report-in-main-source-file\=true -Xclang -analyzer-checker -Xclang optin.osx.cocoa.localizability.NonLocalizedStringChecker -Xclang -analyzer-checker -Xclang security.insecureAPI.UncheckedReturn -Xclang -analyzer-checker -Xclang security.insecureAPI.getpw -Xclang -analyzer-checker -Xclang security.insecureAPI.gets -Xclang -analyzer-checker -Xclang security.insecureAPI.mkstemp -Xclang -analyzer-checker -Xclang security.insecureAPI.mktemp -Xclang -analyzer-disable-checker -Xclang security.insecureAPI.rand -Xclang -analyzer-disable-checker -Xclang security.insecureAPI.strcpy -Xclang -analyzer-checker -Xclang security.insecureAPI.vfork -iquote /Users/oikhlas/Library/Developer/Xcode/DerivedData/WebDriverAgent-bcmeffsllcldukgyoimwiehwhvyz/Build/Intermediates.noindex/WebDriverAgent.build/Debug-iphonesimulator/WebDriverAgentLib.build/WebDriverAgentLib-generated-files.hmap -I/Users/oikhlas/Library/Developer/Xcode/DerivedData/WebDriverAgent-bcmeffsllcldukgyoimwiehwhvyz/Build/Intermediates.noindex/WebDriverAgent.build/Debug-iphonesimulator/WebDriverAgentLib.build/WebDriverAgentLib-own-target-headers.hmap -I/Users/oikhlas/Library/Developer/Xcode/DerivedData/WebDriverAgent-bcmeffsllcldukgyoimwiehwhvyz/Build/Intermediates.noindex/WebDriverAgent.build/Debug-iphonesimulator/WebDriverAgentLib.build/WebDriverAgentLib-all-target-headers.hmap -iquote /Users/oikhlas/Library/Developer/Xcode/DerivedData/WebDriverAgent-bcmeffsllcldukgyoimwiehwhvyz/Build/Intermediates.noindex/WebDriverAgent.build/Debug-iphonesimulator/WebDriverAgentLib.build/WebDriverAgentLib-project-headers.hmap -I/Users/oikhlas/Library/Developer/Xcode/DerivedData/WebDriverAgent-bcmeffsllcldukgyoimwiehwhvyz/Build/Products/Debug-iphonesimulator/include -I/Applications/Xcode.app/Contents/Developer/Platforms/iPhoneSimulator.platform/Developer/SDKs/iPhoneSimulator16.0.sdk/usr/include/libxml2 -I/Users/oikhlas/.appium/node_modules/appium-xcuitest-driver/node_modules/appium-webdriveragent/Modules -I/Users/oikhlas/Library/Developer/Xcode/DerivedData/WebDriverAgent-bcmeffsllcldukgyoimwiehwhvyz/Build/Intermediates.noindex/WebDriverAgent.build/Debug-iphonesimulator/WebDriverAgentLib.build/DerivedSources-normal/x86_64 -I/Users/oikhlas/Library/Developer/Xcode/DerivedData/WebDriverAgent-bcmeffsllcldukgyoimwiehwhvyz/Build/Intermediates.noindex/WebDriverAgent.build/Debug-iphonesimulator/WebDriverAgentLib.build/DerivedSources/x86_64 -I/Users/oikhlas/Library/Developer/Xcode/DerivedData/WebDriverAgent-bcmeffsllcldukgyoimwiehwhvyz/Build/Intermediates.noindex/WebDriverAgent.build/Debug-iphonesimulator/WebDriverAgentLib.build/DerivedSources -Weverything -Wno-objc-missing-property-synthesis -Wno-unused-macros -Wno-disabled-macro-expansion -Wno-gnu-statement-expression -Wno-language-extension-token -Wno-overriding-method-mismatch -Wno-missing-variable-declarations -Rno-module-build -Wno-auto-import -Wno-objc-interface-ivars -Wno-documentation-unknown-command -Wno-reserved-id-macro -Wno-unused-parameter -Wno-gnu-conditional-omitted-operand -Wno-explicit-ownership-type -Wno-date-time -Wno-cast-align -Wno-cstring-format-directive -Wno-double-promotion -Wno-partial-availability -Weverything -Wno-objc-missing-property-synthesis -Wno-unused-macros -Wno-disabled-macro-expansion -Wno-gnu-statement-expression -Wno-language-extension-token -Wno-overriding-method-mismatch -Wno-missing-variable-declarations -Rno-module-build -Wno-auto-import -Wno-objc-interface-ivars -Wno-documentation-unknown-command -Wno-reserved-id-macro -Wno-unused-parameter -Wno-gnu-conditional-omitted-operand -Wno-explicit-ownership-type -Wno-date-time -Wno-cast-align -Wno-cstring-format-directive -Wno-double-promotion -Wno-partial-availability -Wno-objc-messaging-id -Wno-direct-ivar-access -Wno-cast-qual -Wno-declaration-after-statement -F/Users/oikhlas/Library/Developer/Xcode/DerivedData/WebDriverAgent-bcmeffsllcldukgyoimwiehwhvyz/Build/Products/Debug-iphonesimulator -F/Applications/Xcode.app/Contents/Developer/Platforms/iPhoneSimulator.platform/Developer/Library/Frameworks -F/Applications/Xcode.app/Contents/Developer/Platforms/iPhoneSimulator.platform/Developer/Library/PrivateFrameworks -iframework /Applications/Xcode.app/Contents/Developer/Platforms/iPhoneSimulator.platform/Developer/SDKs/iPhoneSimulator16.0.sdk/Developer/Library/Frameworks -MMD -MT dependencies -MF /Users/oikhlas/Library/Developer/Xcode/DerivedData/WebDriverAgent-bcmeffsllcldukgyoimwiehwhvyz/Build/Intermediates.noindex/WebDriverAgent.build/Debug-iphonesimulator/WebDriverAgentLib.build/StaticAnalyzer/WebDriverAgent/WebDriverAgentLib/normal/x86_64/XCUIElement+FBTVFocuse.d --analyze /Users/oikhlas/.appium/node_modules/appium-xcuitest-driver/node_modules/appium-webdriveragent/WebDriverAgentLib/Categories/XCUIElement+FBTVFocuse.m -o /Users/oikhlas/Library/Developer/Xcode/DerivedData/WebDriverAgent-bcmeffsllcldukgyoimwiehwhvyz/Build/Intermediates.noindex/WebDriverAgent.build/Debug-iphonesimulator/WebDriverAgentLib.build/StaticAnalyzer/WebDriverAgent/WebDriverAgentLib/normal/x86_64/XCUIElement+FBTVFocuse.plist
&amp#27;[38;5;173m[Xcode]&amp#27;[0m 
&amp#27;[38;5;173m[Xcode]&amp#27;[0m 
&amp#27;[38;5;173m[Xcode]&amp#27;[0m Analyze /Users/oikhlas/.appium/node_modules/appium-xcuitest-driver/node_modules/appium-webdriveragent/WebDriverAgentLib/Categories/XCUIElement+FBSwiping.m normal x86_64 (in target 'WebDriverAgentLib' from project 'WebDriverAgent')
&amp#27;[38;5;173m[Xcode]&amp#27;[0m     cd /Users/oikhlas/.appium/node_modules/appium-xcuitest-driver/node_modules/appium-webdriveragent
&amp#27;[38;5;173m[Xcode]&amp#27;[0m     /Applications/Xcode.app/Contents/Developer/Toolchains/XcodeDefault.xctoolchain/usr/bin/clang -x objective-c -target x86_64-apple-ios16.0-simulator -fmessage-length\=0 -fdiagnostics-show-note-include-stack -fmacro-backtrace-limit\=0 -std\=gnu99 -fobjc-arc -fmodules -gmodules -fmodules-cache-path\=/Users/oikhlas/Library/Developer/Xcode/DerivedData/WebDriverAgent-bcmeffsllcldukgyoimwiehwhvyz/ModuleCache.noindex -fmodules-prune-interval\=86400 -fmodules-prune-after\=345600 -fbuild-session-file\=/Users/oikhlas/Library/Developer/Xcode/DerivedData/WebDriverAgent-bcmeffsllcldukgyoimwiehwhvyz/ModuleCache.noindex/Session.modulevalidation -fmodules-validate-once-per-build-session -Wno-trigraphs -fpascal-strings -O0 -fno-common -Wmissing-field-initializers -Wno-missing-prototypes -Werror\=return-type -Wunreachable-code -Wquoted-include-in-framework-header -Wno-implicit-atomic-properties -Werror\=deprecated-objc-isa-usage -Wno-objc-interface-ivars -Werror\=objc-root-class -Warc-repeated-use-of-weak -Wno-arc-maybe-repeated-use-of-weak -Wimplicit-retain-self -Wduplicate-method-match -Wno-missing-braces -Wparentheses -Wswitch -Wunused-function -Wno-unused-label -Wunused-parameter -Wunused-variable -Wunused-value -Wempty-body -Wuninitialized -Wconditional-uninitialized -Wno-unknown-pragmas -pedantic -Wshadow -Wno-four-char-constants -Wconversion -Wconstant-conversion -Wint-conversion -Wbool-conversion -Wenum-conversion -Wfloat-conversion -Wnon-literal-null-conversion -Wobjc-literal-conversion -Wassign-enum -Wsign-compare -Wshorten-64-to-32 -Wpointer-sign -Wno-newline-eof -Wno-selector -Wno-strict-selector-match -Wundeclared-selector -Wdeprecated-implementations -Wno-implicit-fallthrough -DDEBUG\=1 -DOBJC_OLD_DISPATCH_PROTOTYPES\=0 -isysroot /Applications/Xcode.app/Contents/Developer/Platforms/iPhoneSimulator.platform/Developer/SDKs/iPhoneSimulator16.0.sdk -fasm-blocks -fstrict-aliasing -Wprotocol -Wdeprecated-declarations -g -Wno-sign-conversion -Winfinite-recursion -Wcomma -Wblock-capture-autoreleasing -Wstrict-prototypes -Wno-semicolon-before-method-body -fobjc-abi-version\=2 -fobjc-legacy-dispatch -D__clang_analyzer__ -Xclang -analyzer-output\=plist-multi-file -Xclang -analyzer-config -Xclang path-diagnostics-alternate\=true -Xclang -analyzer-config -Xclang report-in-main-source-file\=true -Xclang -analyzer-checker -Xclang optin.osx.cocoa.localizability.NonLocalizedStringChecker -Xclang -analyzer-checker -Xclang security.insecureAPI.UncheckedReturn -Xclang -analyzer-checker -Xclang security.insecureAPI.getpw -Xclang -analyzer-checker -Xclang security.insecureAPI.gets -Xclang -analyzer-checker -Xclang security.insecureAPI.mkstemp -Xclang -analyzer-checker -Xclang security.insecureAPI.mktemp -Xclang -analyzer-disable-checker -Xclang security.insecureAPI.rand -Xclang -analyzer-disable-checker -Xclang security.insecureAPI.strcpy -Xclang -analyzer-checker -Xclang security.insecureAPI.vfork -iquote /Users/oikhlas/Library/Developer/Xcode/DerivedData/WebDriverAgent-bcmeffsllcldukgyoimwiehwhvyz/Build/Intermediates.noindex/WebDriverAgent.build/Debug-iphonesimulator/WebDriverAgentLib.build/WebDriverAgentLib-generated-files.hmap -I/Users/oikhlas/Library/Developer/Xcode/DerivedData/WebDriverAgent-bcmeffsllcldukgyoimwiehwhvyz/Build/Intermediates.noindex/WebDriverAgent.build/Debug-iphonesimulator/WebDriverAgentLib.build/WebDriverAgentLib-own-target-headers.hmap -I/Users/oikhlas/Library/Developer/Xcode/DerivedData/WebDriverAgent-bcmeffsllcldukgyoimwiehwhvyz/Build/Intermediates.noindex/WebDriverAgent.build/Debug-iphonesimulator/WebDriverAgentLib.build/WebDriverAgentLib-all-target-headers.hmap -iquote /Users/oikhlas/Library/Developer/Xcode/DerivedData/WebDriverAgent-bcmeffsllcldukgyoimwiehwhvyz/Build/Intermediates.noindex/WebDriverAgent.build/Debug-iphonesimulator/WebDriverAgentLib.build/WebDriverAgentLib-project-headers.hmap -I/Users/oikhlas/Library/Developer/Xcode/DerivedData/WebDriverAgent-bcmeffsllcldukgyoimwiehwhvyz/Build/Products/Debug-iphonesimulator/include -I/Applications/Xcode.app/Contents/Developer/Platforms/iPhoneSimulator.platform/Developer/SDKs/iPhoneSimulator16.0.sdk/usr/include/libxml2 -I/Users/oikhlas/.appium/node_modules/appium-xcuitest-driver/node_modules/appium-webdriveragent/Modules -I/Users/oikhlas/Library/Developer/Xcode/DerivedData/WebDriverAgent-bcmeffsllcldukgyoimwiehwhvyz/Build/Intermediates.noindex/WebDriverAgent.build/Debug-iphonesimulator/WebDriverAgentLib.build/DerivedSources-normal/x86_64 -I/Users/oikhlas/Library/Developer/Xcode/DerivedData/WebDriverAgent-bcmeffsllcldukgyoimwiehwhvyz/Build/Intermediates.noindex/WebDriverAgent.build/Debug-iphonesimulator/WebDriverAgentLib.build/DerivedSources/x86_64 -I/Users/oikhlas/Library/Developer/Xcode/DerivedData/WebDriverAgent-bcmeffsllcldukgyoimwiehwhvyz/Build/Intermediates.noindex/WebDriverAgent.build/Debug-iphonesimulator/WebDriverAgentLib.build/DerivedSources -Weverything -Wno-objc-missing-property-synthesis -Wno-unused-macros -Wno-disabled-macro-expansion -Wno-gnu-statement-expression -Wno-language-extension-token -Wno-overriding-method-mismatch -Wno-missing-variable-declarations -Rno-module-build -Wno-auto-import -Wno-objc-interface-ivars -Wno-documentation-unknown-command -Wno-reserved-id-macro -Wno-unused-parameter -Wno-gnu-conditional-omitted-operand -Wno-explicit-ownership-type -Wno-date-time -Wno-cast-align -Wno-cstring-format-directive -Wno-double-promotion -Wno-partial-availability -Weverything -Wno-objc-missing-property-synthesis -Wno-unused-macros -Wno-disabled-macro-expansion -Wno-gnu-statement-expression -Wno-language-extension-token -Wno-overriding-method-mismatch -Wno-missing-variable-declarations -Rno-module-build -Wno-auto-import -Wno-objc-interface-ivars -Wno-documentation-unknown-command -Wno-reserved-id-macro -Wno-unused-parameter -Wno-gnu-conditional-omitted-operand -Wno-explicit-ownership-type -Wno-date-time -Wno-cast-align -Wno-cstring-format-directive -Wno-double-promotion -Wno-partial-availability -Wno-objc-messaging-id -Wno-direct-ivar-access -Wno-cast-qual -Wno-declaration-after-statement -F/Users/oikhlas/Library/Developer/Xcode/DerivedData/WebDriverAgent-bcmeffsllcldukgyoimwiehwhvyz/Build/Products/Debug-iphonesimulator -F/Applications/Xcode.app/Contents/Developer/Platforms/iPhoneSimulator.platform/Developer/Library/Frameworks -F/Applications/Xcode.app/Contents/Developer/Platforms/iPhoneSimulator.platform/Developer/Library/PrivateFrameworks -iframework /Applications/Xcode.app/Contents/Developer/Platforms/iPhoneSimulator.platform/Developer/SDKs/iPhoneSimulator16.0.sdk/Developer/Library/Frameworks -MMD -MT dependencies -MF /Users/oikhlas/Library/Developer/Xcode/DerivedData/WebDriverAgent-bcmeffsllcldukgyoimwiehwhvyz/Build/Intermediates.noindex/WebDriverAgent.build/Debug-iphonesimulator/WebDriverAgentLib.build/StaticAnalyzer/WebDriverAgent/WebDriverAgentLib/normal/x86_64/XCUIElement+FBSwiping.d --analyze /Users/oikhlas/.appium/node_modules/appium-xcuitest-driver/node_modules/appium-webdriveragent/WebDriverAgentLib/Categories/XCUIElement+FBSwiping.m -o /Users/oikhlas/Library/Developer/Xcode/DerivedData/WebDriverAgent-bcmeffsllcldukgyoimwiehwhvyz/Build/Intermediates.noindex/WebDriverAgent.build/Debug-iphonesimulator/WebDriverAgentLib.build/StaticAnalyzer/WebDriverAgent/WebDriverAgentLib/normal/x86_64/XCUIElement+FBSwiping.plist
&amp#27;[38;5;173m[Xcode]&amp#27;[0m 
&amp#27;[38;5;173m[Xcode]&amp#27;[0m 
&amp#27;[38;5;173m[Xcode]&amp#27;[0m Analyze /Users/oikhlas/.appium/node_modules/appium-xcuitest-driver/node_modules/appium-webdriveragent/WebDriverAgentLib/Categories/XCUIElement+FBScrolling.m normal x86_64 (in target 'WebDriverAgentLib' from project 'WebDriverAgent')
&amp#27;[38;5;173m[Xcode]&amp#27;[0m     cd /Users/oikhlas/.appium/node_modules/appium-xcuitest-driver/node_modules/appium-webdriveragent
&amp#27;[38;5;173m[Xcode]&amp#27;[0m     /Applications/Xcode.app/Contents/Developer/Toolchains/XcodeDefault.xctoolchain/usr/bin/clang -x objective-c -target x86_64-apple-ios16.0-simulator -fmessage-length\=0 -fdiagnostics-show-note-include-stack -fmacro-backtrace-limit\=0 -std\=gnu99 -fobjc-arc -fmodules -gmodules -fmodules-cache-path\=/Users/oikhlas/Library/Developer/Xcode/DerivedData/WebDriverAgent-bcmeffsllcldukgyoimwiehwhvyz/ModuleCache.noindex -fmodules-prune-interval\=86400 -fmodules-prune-after\=345600 -fbuild-session-file\=/Users/oikhlas/Library/Developer/Xcode/DerivedData/WebDriverAgent-bcmeffsllcldukgyoimwiehwhvyz/ModuleCache.noindex/Session.modulevalidation -fmodules-validate-once-per-build-session -Wno-trigraphs -fpascal-strings -O0 -fno-common -Wmissing-field-initializers -Wno-missing-prototypes -Werror\=return-type -Wunreachable-code -Wquoted-include-in-framework-header -Wno-implicit-atomic-properties -Werror\=deprecated-objc-isa-usage -Wno-objc-interface-ivars -Werror\=objc-root-class -Warc-repeated-use-of-weak -Wno-arc-maybe-repeated-use-of-weak -Wimplicit-retain-self -Wduplicate-method-match -Wno-missing-braces -Wparentheses -Wswitch -Wunused-function -Wno-unused-label -Wunused-parameter -Wunused-variable -Wunused-value -Wempty-body -Wuninitialized -Wconditional-uninitialized -Wno-unknown-pragmas -pedantic -Wshadow -Wno-four-char-constants -Wconversion -Wconstant-conversion -Wint-conversion -Wbool-conversion -Wenum-conversion -Wfloat-conversion -Wnon-literal-null-conversion -Wobjc-literal-conversion -Wassign-enum -Wsign-compare -Wshorten-64-to-32 -Wpointer-sign -Wno-newline-eof -Wno-selector -Wno-strict-selector-match -Wundeclared-selector -Wdeprecated-implementations -Wno-implicit-fallthrough -DDEBUG\=1 -DOBJC_OLD_DISPATCH_PROTOTYPES\=0 -isysroot /Applications/Xcode.app/Contents/Developer/Platforms/iPhoneSimulator.platform/Developer/SDKs/iPhoneSimulator16.0.sdk -fasm-blocks -fstrict-aliasing -Wprotocol -Wdeprecated-declarations -g -Wno-sign-conversion -Winfinite-recursion -Wcomma -Wblock-capture-autoreleasing -Wstrict-prototypes -Wno-semicolon-before-method-body -fobjc-abi-version\=2 -fobjc-legacy-dispatch -D__clang_analyzer__ -Xclang -analyzer-output\=plist-multi-file -Xclang -analyzer-config -Xclang path-diagnostics-alternate\=true -Xclang -analyzer-config -Xclang report-in-main-source-file\=true -Xclang -analyzer-checker -Xclang optin.osx.cocoa.localizability.NonLocalizedStringChecker -Xclang -analyzer-checker -Xclang security.insecureAPI.UncheckedReturn -Xclang -analyzer-checker -Xclang security.insecureAPI.getpw -Xclang -analyzer-checker -Xclang security.insecureAPI.gets -Xclang -analyzer-checker -Xclang security.insecureAPI.mkstemp -Xclang -analyzer-checker -Xclang security.insecureAPI.mktemp -Xclang -analyzer-disable-checker -Xclang security.insecureAPI.rand -Xclang -analyzer-disable-checker -Xclang security.insecureAPI.strcpy -Xclang -analyzer-checker -Xclang security.insecureAPI.vfork -iquote /Users/oikhlas/Library/Developer/Xcode/DerivedData/WebDriverAgent-bcmeffsllcldukgyoimwiehwhvyz/Build/Intermediates.noindex/WebDriverAgent.build/Debug-iphonesimulator/WebDriverAgentLib.build/WebDriverAgentLib-generated-files.hmap -I/Users/oikhlas/Library/Developer/Xcode/DerivedData/WebDriverAgent-bcmeffsllcldukgyoimwiehwhvyz/Build/Intermediates.noindex/WebDriverAgent.build/Debug-iphonesimulator/WebDriverAgentLib.build/WebDriverAgentLib-own-target-headers.hmap -I/Users/oikhlas/Library/Developer/Xcode/DerivedData/WebDriverAgent-bcmeffsllcldukgyoimwiehwhvyz/Build/Intermediates.noindex/WebDriverAgent.build/Debug-iphonesimulator/WebDriverAgentLib.build/WebDriverAgentLib-all-target-headers.hmap -iquote /Users/oikhlas/Library/Developer/Xcode/DerivedData/WebDriverAgent-bcmeffsllcldukgyoimwiehwhvyz/Build/Intermediates.noindex/WebDriverAgent.build/Debug-iphonesimulator/WebDriverAgentLib.build/WebDriverAgentLib-project-headers.hmap -I/Users/oikhlas/Library/Developer/Xcode/DerivedData/WebDriverAgent-bcmeffsllcldukgyoimwiehwhvyz/Build/Products/Debug-iphonesimulator/include -I/Applications/Xcode.app/Contents/Developer/Platforms/iPhoneSimulator.platform/Developer/SDKs/iPhoneSimulator16.0.sdk/usr/include/libxml2 -I/Users/oikhlas/.appium/node_modules/appium-xcuitest-driver/node_modules/appium-webdriveragent/Modules -I/Users/oikhlas/Library/Developer/Xcode/DerivedData/WebDriverAgent-bcmeffsllcldukgyoimwiehwhvyz/Build/Intermediates.noindex/WebDriverAgent.build/Debug-iphonesimulator/WebDriverAgentLib.build/DerivedSources-normal/x86_64 -I/Users/oikhlas/Library/Developer/Xcode/DerivedData/WebDriverAgent-bcmeffsllcldukgyoimwiehwhvyz/Build/Intermediates.noindex/WebDriverAgent.build/Debug-iphonesimulator/WebDriverAgentLib.build/DerivedSources/x86_64 -I/Users/oikhlas/Library/Developer/Xcode/DerivedData/WebDriverAgent-bcmeffsllcldukgyoimwiehwhvyz/Build/Intermediates.noindex/WebDriverAgent.build/Debug-iphonesimulator/WebDriverAgentLib.build/DerivedSources -Weverything -Wno-objc-missing-property-synthesis -Wno-unused-macros -Wno-disabled-macro-expansion -Wno-gnu-statement-expression -Wno-language-extension-token -Wno-overriding-method-mismatch -Wno-missing-variable-declarations -Rno-module-build -Wno-auto-import -Wno-objc-interface-ivars -Wno-documentation-unknown-command -Wno-reserved-id-macro -Wno-unused-parameter -Wno-gnu-conditional-omitted-operand -Wno-explicit-ownership-type -Wno-date-time -Wno-cast-align -Wno-cstring-format-directive -Wno-double-promotion -Wno-partial-availability -Weverything -Wno-objc-missing-property-synthesis -Wno-unused-macros -Wno-disabled-macro-expansion -Wno-gnu-statement-expression -Wno-language-extension-token -Wno-overriding-method-mismatch -Wno-missing-variable-declarations -Rno-module-build -Wno-auto-import -Wno-objc-interface-ivars -Wno-documentation-unknown-command -Wno-reserved-id-macro -Wno-unused-parameter -Wno-gnu-conditional-omitted-operand -Wno-explicit-ownership-type -Wno-date-time -Wno-cast-align -Wno-cstring-format-directive -Wno-double-promotion -Wno-partial-availability -Wno-objc-messaging-id -Wno-direct-ivar-access -Wno-cast-qual -Wno-declaration-after-statement -F/Users/oikhlas/Library/Developer/Xcode/DerivedData/WebDriverAgent-bcmeffsllcldukgyoimwiehwhvyz/Build/Products/Debug-iphonesimulator -F/Applications/Xcode.app/Contents/Developer/Platforms/iPhoneSimulator.platform/Developer/Library/Frameworks -F/Applications/Xcode.app/Contents/Developer/Platforms/iPhoneSimulator.platform/Developer/Library/PrivateFrameworks -iframework /Applications/Xcode.app/Contents/Developer/Platforms/iPhoneSimulator.platform/Developer/SDKs/iPhoneSimulator16.0.sdk/Developer/Library/Frameworks -MMD -MT dependencies -MF /Users/oikhlas/Library/Developer/Xcode/DerivedData/WebDriverAgent-bcmeffsllcldukgyoimwiehwhvyz/Build/Intermediates.noindex/WebDriverAgent.build/Debug-iphonesimulator/WebDriverAgentLib.build/StaticAnalyzer/WebDriverAgent/WebDriverAgentLib/normal/x86_64/XCUIElement+FBScrolling.d --analyze /Users/oikhlas/.appium/node_modules/appium-xcuitest-driver/node_modules/appium-webdriveragent/WebDriverAgentLib/Categories/XCUIElement+FBScrolling.m -o /Users/oikhlas/Library/Developer/Xcode/DerivedData/WebDriverAgent-bcmeffsllcldukgyoimwiehwhvyz/Build/Intermediates.noindex/WebDriverAgent.build/Debug-iphonesimulator/WebDriverAgentLib.build/StaticAnalyzer/WebDriverAgent/WebDriverAgentLib/normal/x86_64/XCUIElement+FBScrolling.plist
&amp#27;[38;5;173m[Xcode]&amp#27;[0m 
&amp#27;[38;5;173m[Xcode]&amp#27;[0m 
&amp#27;[38;5;173m[Xcode]&amp#27;[0m Analyze /Users/oikhlas/.appium/node_modules/appium-xcuitest-driver/node_modules/appium-webdriveragent/WebDriverAgentLib/Categories/XCUIElement+FBResolve.m normal x86_64 (in target 'WebDriverAgentLib' from project 'WebDriverAgent')
&amp#27;[38;5;173m[Xcode]&amp#27;[0m     cd /Users/oikhlas/.appium/node_modules/appium-xcuitest-driver/node_modules/appium-webdriveragent
&amp#27;[38;5;173m[Xcode]&amp#27;[0m     /Applications/Xcode.app/Contents/Developer/Toolchains/XcodeDefault.xctoolchain/usr/bin/clang -x objective-c -target x86_64-apple-ios16.0-simulator -fmessage-length\=0 -fdiagnostics-show-note-include-stack -fmacro-backtrace-limit\=0 -std\=gnu99 -fobjc-arc -fmodules -gmodules -fmodules-cache-path\=/Users/oikhlas/Library/Developer/Xcode/DerivedData/WebDriverAgent-bcmeffsllcldukgyoimwiehwhvyz/ModuleCache.noindex -fmodules-prune-interval\=86400 -fmodules-prune-after\=345600 -fbuild-session-file\=/Users/oikhlas/Library/Developer/Xcode/DerivedData/WebDriverAgent-bcmeffsllcldukgyoimwiehwhvyz/ModuleCache.noindex/Session.modulevalidation -fmodules-validate-once-per-build-session -Wno-trigraphs -fpascal-strings -O0 -fno-common -Wmissing-field-initializers -Wno-missing-prototypes -Werror\=return-type -Wunreachable-code -Wquoted-include-in-framework-header -Wno-implicit-atomic-properties -Werror\=deprecated-objc-isa-usage -Wno-objc-interface-ivars -Werror\=objc-root-class -Warc-repeated-use-of-weak -Wno-arc-maybe-repeated-use-of-weak -Wimplicit-retain-self -Wduplicate-method-match -Wno-missing-braces -Wparentheses -Wswitch -Wunused-function -Wno-unused-label -Wunused-parameter -Wunused-variable -Wunused-value -Wempty-body -Wuninitialized -Wconditional-uninitialized -Wno-unknown-pragmas -pedantic -Wshadow -Wno-four-char-constants -Wconversion -Wconstant-conversion -Wint-conversion -Wbool-conversion -Wenum-conversion -Wfloat-conversion -Wnon-literal-null-conversion -Wobjc-literal-conversion -Wassign-enum -Wsign-compare -Wshorten-64-to-32 -Wpointer-sign -Wno-newline-eof -Wno-selector -Wno-strict-selector-match -Wundeclared-selector -Wdeprecated-implementations -Wno-implicit-fallthrough -DDEBUG\=1 -DOBJC_OLD_DISPATCH_PROTOTYPES\=0 -isysroot /Applications/Xcode.app/Contents/Developer/Platforms/iPhoneSimulator.platform/Developer/SDKs/iPhoneSimulator16.0.sdk -fasm-blocks -fstrict-aliasing -Wprotocol -Wdeprecated-declarations -g -Wno-sign-conversion -Winfinite-recursion -Wcomma -Wblock-capture-autoreleasing -Wstrict-prototypes -Wno-semicolon-before-method-body -fobjc-abi-version\=2 -fobjc-legacy-dispatch -D__clang_analyzer__ -Xclang -analyzer-output\=plist-multi-file -Xclang -analyzer-config -Xclang path-diagnostics-alternate\=true -Xclang -analyzer-config -Xclang report-in-main-source-file\=true -Xclang -analyzer-checker -Xclang optin.osx.cocoa.localizability.NonLocalizedStringChecker -Xclang -analyzer-checker -Xclang security.insecureAPI.UncheckedReturn -Xclang -analyzer-checker -Xclang security.insecureAPI.getpw -Xclang -analyzer-checker -Xclang security.insecureAPI.gets -Xclang -analyzer-checker -Xclang security.insecureAPI.mkstemp -Xclang -analyzer-checker -Xclang security.insecureAPI.mktemp -Xclang -analyzer-disable-checker -Xclang security.insecureAPI.rand -Xclang -analyzer-disable-checker -Xclang security.insecureAPI.strcpy -Xclang -analyzer-checker -Xclang security.insecureAPI.vfork -iquote /Users/oikhlas/Library/Developer/Xcode/DerivedData/WebDriverAgent-bcmeffsllcldukgyoimwiehwhvyz/Build/Intermediates.noindex/WebDriverAgent.build/Debug-iphonesimulator/WebDriverAgentLib.build/WebDriverAgentLib-generated-files.hmap -I/Users/oikhlas/Library/Developer/Xcode/DerivedData/WebDriverAgent-bcmeffsllcldukgyoimwiehwhvyz/Build/Intermediates.noindex/WebDriverAgent.build/Debug-iphonesimulator/WebDriverAgentLib.build/WebDriverAgentLib-own-target-headers.hmap -I/Users/oikhlas/Library/Developer/Xcode/DerivedData/WebDriverAgent-bcmeffsllcldukgyoimwiehwhvyz/Build/Intermediates.noindex/WebDriverAgent.build/Debug-iphonesimulator/WebDriverAgentLib.build/WebDriverAgentLib-all-target-headers.hmap -iquote /Users/oikhlas/Library/Developer/Xcode/DerivedData/WebDriverAgent-bcmeffsllcldukgyoimwiehwhvyz/Build/Intermediates.noindex/WebDriverAgent.build/Debug-iphonesimulator/WebDriverAgentLib.build/WebDriverAgentLib-project-headers.hmap -I/Users/oikhlas/Library/Developer/Xcode/DerivedData/WebDriverAgent-bcmeffsllcldukgyoimwiehwhvyz/Build/Products/Debug-iphonesimulator/include -I/Applications/Xcode.app/Contents/Developer/Platforms/iPhoneSimulator.platform/Developer/SDKs/iPhoneSimulator16.0.sdk/usr/include/libxml2 -I/Users/oikhlas/.appium/node_modules/appium-xcuitest-driver/node_modules/appium-webdriveragent/Modules -I/Users/oikhlas/Library/Developer/Xcode/DerivedData/WebDriverAgent-bcmeffsllcldukgyoimwiehwhvyz/Build/Intermediates.noindex/WebDriverAgent.build/Debug-iphonesimulator/WebDriverAgentLib.build/DerivedSources-normal/x86_64 -I/Users/oikhlas/Library/Developer/Xcode/DerivedData/WebDriverAgent-bcmeffsllcldukgyoimwiehwhvyz/Build/Intermediates.noindex/WebDriverAgent.build/Debug-iphonesimulator/WebDriverAgentLib.build/DerivedSources/x86_64 -I/Users/oikhlas/Library/Developer/Xcode/DerivedData/WebDriverAgent-bcmeffsllcldukgyoimwiehwhvyz/Build/Intermediates.noindex/WebDriverAgent.build/Debug-iphonesimulator/WebDriverAgentLib.build/DerivedSources -Weverything -Wno-objc-missing-property-synthesis -Wno-unused-macros -Wno-disabled-macro-expansion -Wno-gnu-statement-expression -Wno-language-extension-token -Wno-overriding-method-mismatch -Wno-missing-variable-declarations -Rno-module-build -Wno-auto-import -Wno-objc-interface-ivars -Wno-documentation-unknown-command -Wno-reserved-id-macro -Wno-unused-parameter -Wno-gnu-conditional-omitted-operand -Wno-explicit-ownership-type -Wno-date-time -Wno-cast-align -Wno-cstring-format-directive -Wno-double-promotion -Wno-partial-availability -Weverything -Wno-objc-missing-property-synthesis -Wno-unused-macros -Wno-disabled-macro-expansion -Wno-gnu-statement-expression -Wno-language-extension-token -Wno-overriding-method-mismatch -Wno-missing-variable-declarations -Rno-module-build -Wno-auto-import -Wno-objc-interface-ivars -Wno-documentation-unknown-command -Wno-reserved-id-macro -Wno-unused-parameter -Wno-gnu-conditional-omitted-operand -Wno-explicit-ownership-type -Wno-date-time -Wno-cast-align -Wno-cstring-format-directive -Wno-double-promotion -Wno-partial-availability -Wno-objc-messaging-id -Wno-direct-ivar-access -Wno-cast-qual -Wno-declaration-after-statement -F/Users/oikhlas/Library/Developer/Xcode/DerivedData/WebDriverAgent-bcmeffsllcldukgyoimwiehwhvyz/Build/Products/Debug-iphonesimulator -F/Applications/Xcode.app/Contents/Developer/Platforms/iPhoneSimulator.platform/Developer/Library/Frameworks -F/Applications/Xcode.app/Contents/Developer/Platforms/iPhoneSimulator.platform/Developer/Library/PrivateFrameworks -iframework /Applications/Xcode.app/Contents/Developer/Platforms/iPhoneSimulator.platform/Developer/SDKs/iPhoneSimulator16.0.sdk/Developer/Library/Frameworks -MMD -MT dependencies -MF /Users/oikhlas/Library/Developer/Xcode/DerivedData/WebDriverAgent-bcmeffsllcldukgyoimwiehwhvyz/Build/Intermediates.noindex/WebDriverAgent.build/Debug-iphonesimulator/WebDriverAgentLib.build/StaticAnalyzer/WebDriverAgent/WebDriverAgentLib/normal/x86_64/XCUIElement+FBResolve.d --analyze /Users/oikhlas/.appium/node_modules/appium-xcuitest-driver/node_modules/appium-webdriveragent/WebDriverAgentLib/Categories/XCUIElement+FBResolve.m -o /Users/oikhlas/Library/Developer/Xcode/DerivedData/WebDriverAgent-bcmeffsllcldukgyoimwiehwhvyz/Build/Intermediates.noindex/WebDriverAgent.build/Debug-iphonesimulator/WebDriverAgentLib.build/StaticAnalyzer/WebDriverAgent/WebDriverAgentLib/normal/x86_64/XCUIElement+FBResolve.plist
&amp#27;[38;5;173m[Xcode]&amp#27;[0m 
&amp#27;[38;5;173m[Xcode]&amp#27;[0m 
&amp#27;[38;5;173m[Xcode]&amp#27;[0m Analyze /Users/oikhlas/.appium/node_modules/appium-xcuitest-driver/node_modules/appium-webdriveragent/WebDriverAgentLib/Categories/XCUIElement+FBPickerWheel.m normal x86_64 (in target 'WebDriverAgentLib' from project 'WebDriverAgent')
&amp#27;[38;5;173m[Xcode]&amp#27;[0m     cd /Users/oikhlas/.appium/node_modules/appium-xcuitest-driver/node_modules/appium-webdriveragent
&amp#27;[38;5;173m[Xcode]&amp#27;[0m     /Applications/Xcode.app/Contents/Developer/Toolchains/XcodeDefault.xctoolchain/usr/bin/clang -x objective-c -target x86_64-apple-ios16.0-simulator -fmessage-length\=0 -fdiagnostics-show-note-include-stack -fmacro-backtrace-limit\=0 -std\=gnu99 -fobjc-arc -fmodules -gmodules -fmodules-cache-path\=/Users/oikhlas/Library/Developer/Xcode/DerivedData/WebDriverAgent-bcmeffsllcldukgyoimwiehwhvyz/ModuleCache.noindex -fmodules-prune-interval\=86400 -fmodules-prune-after\=345600 -fbuild-session-file\=/Users/oikhlas/Library/Developer/Xcode/DerivedData/WebDriverAgent-bcmeffsllcldukgyoimwiehwhvyz/ModuleCache.noindex/Session.modulevalidation -fmodules-validate-once-per-build-session -Wno-trigraphs -fpascal-strings -O0 -fno-common -Wmissing-field-initializers -Wno-missing-prototypes -Werror\=return-type -Wunreachable-code -Wquoted-include-in-framework-header -Wno-implicit-atomic-properties -Werror\=deprecated-objc-isa-usage -Wno-objc-interface-ivars -Werror\=objc-root-class -Warc-repeated-use-of-weak -Wno-arc-maybe-repeated-use-of-weak -Wimplicit-retain-self -Wduplicate-method-match -Wno-missing-braces -Wparentheses -Wswitch -Wunused-function -Wno-unused-label -Wunused-parameter -Wunused-variable -Wunused-value -Wempty-body -Wuninitialized -Wconditional-uninitialized -Wno-unknown-pragmas -pedantic -Wshadow -Wno-four-char-constants -Wconversion -Wconstant-conversion -Wint-conversion -Wbool-conversion -Wenum-conversion -Wfloat-conversion -Wnon-literal-null-conversion -Wobjc-literal-conversion -Wassign-enum -Wsign-compare -Wshorten-64-to-32 -Wpointer-sign -Wno-newline-eof -Wno-selector -Wno-strict-selector-match -Wundeclared-selector -Wdeprecated-implementations -Wno-implicit-fallthrough -DDEBUG\=1 -DOBJC_OLD_DISPATCH_PROTOTYPES\=0 -isysroot /Applications/Xcode.app/Contents/Developer/Platforms/iPhoneSimulator.platform/Developer/SDKs/iPhoneSimulator16.0.sdk -fasm-blocks -fstrict-aliasing -Wprotocol -Wdeprecated-declarations -g -Wno-sign-conversion -Winfinite-recursion -Wcomma -Wblock-capture-autoreleasing -Wstrict-prototypes -Wno-semicolon-before-method-body -fobjc-abi-version\=2 -fobjc-legacy-dispatch -D__clang_analyzer__ -Xclang -analyzer-output\=plist-multi-file -Xclang -analyzer-config -Xclang path-diagnostics-alternate\=true -Xclang -analyzer-config -Xclang report-in-main-source-file\=true -Xclang -analyzer-checker -Xclang optin.osx.cocoa.localizability.NonLocalizedStringChecker -Xclang -analyzer-checker -Xclang security.insecureAPI.UncheckedReturn -Xclang -analyzer-checker -Xclang security.insecureAPI.getpw -Xclang -analyzer-checker -Xclang security.insecureAPI.gets -Xclang -analyzer-checker -Xclang security.insecureAPI.mkstemp -Xclang -analyzer-checker -Xclang security.insecureAPI.mktemp -Xclang -analyzer-disable-checker -Xclang security.insecureAPI.rand -Xclang -analyzer-disable-checker -Xclang security.insecureAPI.strcpy -Xclang -analyzer-checker -Xclang security.insecureAPI.vfork -iquote /Users/oikhlas/Library/Developer/Xcode/DerivedData/WebDriverAgent-bcmeffsllcldukgyoimwiehwhvyz/Build/Intermediates.noindex/WebDriverAgent.build/Debug-iphonesimulator/WebDriverAgentLib.build/WebDriverAgentLib-generated-files.hmap -I/Users/oikhlas/Library/Developer/Xcode/DerivedData/WebDriverAgent-bcmeffsllcldukgyoimwiehwhvyz/Build/Intermediates.noindex/WebDriverAgent.build/Debug-iphonesimulator/WebDriverAgentLib.build/WebDriverAgentLib-own-target-headers.hmap -I/Users/oikhlas/Library/Developer/Xcode/DerivedData/WebDriverAgent-bcmeffsllcldukgyoimwiehwhvyz/Build/Intermediates.noindex/WebDriverAgent.build/Debug-iphonesimulator/WebDriverAgentLib.build/WebDriverAgentLib-all-target-headers.hmap -iquote /Users/oikhlas/Library/Developer/Xcode/DerivedData/WebDriverAgent-bcmeffsllcldukgyoimwiehwhvyz/Build/Intermediates.noindex/WebDriverAgent.build/Debug-iphonesimulator/WebDriverAgentLib.build/WebDriverAgentLib-project-headers.hmap -I/Users/oikhlas/Library/Developer/Xcode/DerivedData/WebDriverAgent-bcmeffsllcldukgyoimwiehwhvyz/Build/Products/Debug-iphonesimulator/include -I/Applications/Xcode.app/Contents/Developer/Platforms/iPhoneSimulator.platform/Developer/SDKs/iPhoneSimulator16.0.sdk/usr/include/libxml2 -I/Users/oikhlas/.appium/node_modules/appium-xcuitest-driver/node_modules/appium-webdriveragent/Modules -I/Users/oikhlas/Library/Developer/Xcode/DerivedData/WebDriverAgent-bcmeffsllcldukgyoimwiehwhvyz/Build/Intermediates.noindex/WebDriverAgent.build/Debug-iphonesimulator/WebDriverAgentLib.build/DerivedSources-normal/x86_64 -I/Users/oikhlas/Library/Developer/Xcode/DerivedData/WebDriverAgent-bcmeffsllcldukgyoimwiehwhvyz/Build/Intermediates.noindex/WebDriverAgent.build/Debug-iphonesimulator/WebDriverAgentLib.build/DerivedSources/x86_64 -I/Users/oikhlas/Library/Developer/Xcode/DerivedData/WebDriverAgent-bcmeffsllcldukgyoimwiehwhvyz/Build/Intermediates.noindex/WebDriverAgent.build/Debug-iphonesimulator/WebDriverAgentLib.build/DerivedSources -Weverything -Wno-objc-missing-property-synthesis -Wno-unused-macros -Wno-disabled-macro-expansion -Wno-gnu-statement-expression -Wno-language-extension-token -Wno-overriding-method-mismatch -Wno-missing-variable-declarations -Rno-module-build -Wno-auto-import -Wno-objc-interface-ivars -Wno-documentation-unknown-command -Wno-reserved-id-macro -Wno-unused-parameter -Wno-gnu-conditional-omitted-operand -Wno-explicit-ownership-type -Wno-date-time -Wno-cast-align -Wno-cstring-format-directive -Wno-double-promotion -Wno-partial-availability -Weverything -Wno-objc-missing-property-synthesis -Wno-unused-macros -Wno-disabled-macro-expansion -Wno-gnu-statement-expression -Wno-language-extension-token -Wno-overriding-method-mismatch -Wno-missing-variable-declarations -Rno-module-build -Wno-auto-import -Wno-objc-interface-ivars -Wno-documentation-unknown-command -Wno-reserved-id-macro -Wno-unused-parameter -Wno-gnu-conditional-omitted-operand -Wno-explicit-ownership-type -Wno-date-time -Wno-cast-align -Wno-cstring-format-directive -Wno-double-promotion -Wno-partial-availability -Wno-objc-messaging-id -Wno-direct-ivar-access -Wno-cast-qual -Wno-declaration-after-statement -F/Users/oikhlas/Library/Developer/Xcode/DerivedData/WebDriverAgent-bcmeffsllcldukgyoimwiehwhvyz/Build/Products/Debug-iphonesimulator -F/Applications/Xcode.app/Contents/Developer/Platforms/iPhoneSimulator.platform/Developer/Library/Frameworks -F/Applications/Xcode.app/Contents/Developer/Platforms/iPhoneSimulator.platform/Developer/Library/PrivateFrameworks -iframework /Applications/Xcode.app/Contents/Developer/Platforms/iPhoneSimulator.platform/Developer/SDKs/iPhoneSimulator16.0.sdk/Developer/Library/Frameworks -MMD -MT dependencies -MF /Users/oikhlas/Library/Developer/Xcode/DerivedData/WebDriverAgent-bcmeffsllcldukgyoimwiehwhvyz/Build/Intermediates.noindex/WebDriverAgent.build/Debug-iphonesimulator/WebDriverAgentLib.build/StaticAnalyzer/WebDriverAgent/WebDriverAgentLib/normal/x86_64/XCUIElement+FBPickerWheel.d --analyze /Users/oikhlas/.appium/node_modules/appium-xcuitest-driver/node_modules/appium-webdriveragent/WebDriverAgentLib/Categories/XCUIElement+FBPickerWheel.m -o /Users/oikhlas/Library/Developer/Xcode/DerivedData/WebDriverAgent-bcmeffsllcldukgyoimwiehwhvyz/Build/Intermediates.noindex/WebDriverAgent.build/Debug-iphonesimulator/WebDriverAgentLib.build/StaticAnalyzer/WebDriverAgent/WebDriverAgentLib/normal/x86_64/XCUIElement+FBPickerWheel.plist
&amp#27;[38;5;173m[Xcode]&amp#27;[0m 
&amp#27;[38;5;173m[Xcode]&amp#27;[0m 
&amp#27;[38;5;173m[Xcode]&amp#27;[0m Analyze /Users/oikhlas/.appium/node_modules/appium-xcuitest-driver/node_modules/appium-webdriveragent/WebDriverAgentLib/Categories/XCUIElement+FBIsVisible.m normal x86_64 (in target 'WebDriverAgentLib' from project 'WebDriverAgent')
&amp#27;[38;5;173m[Xcode]&amp#27;[0m     cd /Users/oikhlas/.appium/node_modules/appium-xcuitest-driver/node_modules/appium-webdriveragent
&amp#27;[38;5;173m[Xcode]&amp#27;[0m     /Applications/Xcode.app/Contents/Developer/Toolchains/XcodeDefault.xctoolchain/usr/bin/clang -x objective-c -target x86_64-apple-ios16.0-simulator -fmessage-length\=0 -fdiagnostics-show-note-include-stack -fmacro-backtrace-limit\=0 -std\=gnu99 -fobjc-arc -fmodules -gmodules -fmodules-cache-path\=/Users/oikhlas/Library/Developer/Xcode/DerivedData/WebDriverAgent-bcmeffsllcldukgyoimwiehwhvyz/ModuleCache.noindex -fmodules-prune-interval\=86400 -fmodules-prune-after\=345600 -fbuild-session-file\=/Users/oikhlas/Library/Developer/Xcode/DerivedData/WebDriverAgent-bcmeffsllcldukgyoimwiehwhvyz/ModuleCache.noindex/Session.modulevalidation -fmodules-validate-once-per-build-session -Wno-trigraphs -fpascal-strings -O0 -fno-common -Wmissing-field-initializers -Wno-missing-prototypes -Werror\=return-type -Wunreachable-code -Wquoted-include-in-framework-header -Wno-implicit-atomic-properties -Werror\=deprecated-objc-isa-usage -Wno-objc-interface-ivars -Werror\=objc-root-class -Warc-repeated-use-of-weak -Wno-arc-maybe-repeated-use-of-weak -Wimplicit-retain-self -Wduplicate-method-match -Wno-missing-braces -Wparentheses -Wswitch -Wunused-function -Wno-unused-label -Wunused-parameter -Wunused-variable -Wunused-value -Wempty-body -Wuninitialized -Wconditional-uninitialized -Wno-unknown-pragmas -pedantic -Wshadow -Wno-four-char-constants -Wconversion -Wconstant-conversion -Wint-conversion -Wbool-conversion -Wenum-conversion -Wfloat-conversion -Wnon-literal-null-conversion -Wobjc-literal-conversion -Wassign-enum -Wsign-compare -Wshorten-64-to-32 -Wpointer-sign -Wno-newline-eof -Wno-selector -Wno-strict-selector-match -Wundeclared-selector -Wdeprecated-implementations -Wno-implicit-fallthrough -DDEBUG\=1 -DOBJC_OLD_DISPATCH_PROTOTYPES\=0 -isysroot /Applications/Xcode.app/Contents/Developer/Platforms/iPhoneSimulator.platform/Developer/SDKs/iPhoneSimulator16.0.sdk -fasm-blocks -fstrict-aliasing -Wprotocol -Wdeprecated-declarations -g -Wno-sign-conversion -Winfinite-recursion -Wcomma -Wblock-capture-autoreleasing -Wstrict-prototypes -Wno-semicolon-before-method-body -fobjc-abi-version\=2 -fobjc-legacy-dispatch -D__clang_analyzer__ -Xclang -analyzer-output\=plist-multi-file -Xclang -analyzer-config -Xclang path-diagnostics-alternate\=true -Xclang -analyzer-config -Xclang report-in-main-source-file\=true -Xclang -analyzer-checker -Xclang optin.osx.cocoa.localizability.NonLocalizedStringChecker -Xclang -analyzer-checker -Xclang security.insecureAPI.UncheckedReturn -Xclang -analyzer-checker -Xclang security.insecureAPI.getpw -Xclang -analyzer-checker -Xclang security.insecureAPI.gets -Xclang -analyzer-checker -Xclang security.insecureAPI.mkstemp -Xclang -analyzer-checker -Xclang security.insecureAPI.mktemp -Xclang -analyzer-disable-checker -Xclang security.insecureAPI.rand -Xclang -analyzer-disable-checker -Xclang security.insecureAPI.strcpy -Xclang -analyzer-checker -Xclang security.insecureAPI.vfork -iquote /Users/oikhlas/Library/Developer/Xcode/DerivedData/WebDriverAgent-bcmeffsllcldukgyoimwiehwhvyz/Build/Intermediates.noindex/WebDriverAgent.build/Debug-iphonesimulator/WebDriverAgentLib.build/WebDriverAgentLib-generated-files.hmap -I/Users/oikhlas/Library/Developer/Xcode/DerivedData/WebDriverAgent-bcmeffsllcldukgyoimwiehwhvyz/Build/Intermediates.noindex/WebDriverAgent.build/Debug-iphonesimulator/WebDriverAgentLib.build/WebDriverAgentLib-own-target-headers.hmap -I/Users/oikhlas/Library/Developer/Xcode/DerivedData/WebDriverAgent-bcmeffsllcldukgyoimwiehwhvyz/Build/Intermediates.noindex/WebDriverAgent.build/Debug-iphonesimulator/WebDriverAgentLib.build/WebDriverAgentLib-all-target-headers.hmap -iquote /Users/oikhlas/Library/Developer/Xcode/DerivedData/WebDriverAgent-bcmeffsllcldukgyoimwiehwhvyz/Build/Intermediates.noindex/WebDriverAgent.build/Debug-iphonesimulator/WebDriverAgentLib.build/WebDriverAgentLib-project-headers.hmap -I/Users/oikhlas/Library/Developer/Xcode/DerivedData/WebDriverAgent-bcmeffsllcldukgyoimwiehwhvyz/Build/Products/Debug-iphonesimulator/include -I/Applications/Xcode.app/Contents/Developer/Platforms/iPhoneSimulator.platform/Developer/SDKs/iPhoneSimulator16.0.sdk/usr/include/libxml2 -I/Users/oikhlas/.appium/node_modules/appium-xcuitest-driver/node_modules/appium-webdriveragent/Modules -I/Users/oikhlas/Library/Developer/Xcode/DerivedData/WebDriverAgent-bcmeffsllcldukgyoimwiehwhvyz/Build/Intermediates.noindex/WebDriverAgent.build/Debug-iphonesimulator/WebDriverAgentLib.build/DerivedSources-normal/x86_64 -I/Users/oikhlas/Library/Developer/Xcode/DerivedData/WebDriverAgent-bcmeffsllcldukgyoimwiehwhvyz/Build/Intermediates.noindex/WebDriverAgent.build/Debug-iphonesimulator/WebDriverAgentLib.build/DerivedSources/x86_64 -I/Users/oikhlas/Library/Developer/Xcode/DerivedData/WebDriverAgent-bcmeffsllcldukgyoimwiehwhvyz/Build/Intermediates.noindex/WebDriverAgent.build/Debug-iphonesimulator/WebDriverAgentLib.build/DerivedSources -Weverything -Wno-objc-missing-property-synthesis -Wno-unused-macros -Wno-disabled-macro-expansion -Wno-gnu-statement-expression -Wno-language-extension-token -Wno-overriding-method-mismatch -Wno-missing-variable-declarations -Rno-module-build -Wno-auto-import -Wno-objc-interface-ivars -Wno-documentation-unknown-command -Wno-reserved-id-macro -Wno-unused-parameter -Wno-gnu-conditional-omitted-operand -Wno-explicit-ownership-type -Wno-date-time -Wno-cast-align -Wno-cstring-format-directive -Wno-double-promotion -Wno-partial-availability -Weverything -Wno-objc-missing-property-synthesis -Wno-unused-macros -Wno-disabled-macro-expansion -Wno-gnu-statement-expression -Wno-language-extension-token -Wno-overriding-method-mismatch -Wno-missing-variable-declarations -Rno-module-build -Wno-auto-import -Wno-objc-interface-ivars -Wno-documentation-unknown-command -Wno-reserved-id-macro -Wno-unused-parameter -Wno-gnu-conditional-omitted-operand -Wno-explicit-ownership-type -Wno-date-time -Wno-cast-align -Wno-cstring-format-directive -Wno-double-promotion -Wno-partial-availability -Wno-objc-messaging-id -Wno-direct-ivar-access -Wno-cast-qual -Wno-declaration-after-statement -F/Users/oikhlas/Library/Developer/Xcode/DerivedData/WebDriverAgent-bcmeffsllcldukgyoimwiehwhvyz/Build/Products/Debug-iphonesimulator -F/Applications/Xcode.app/Contents/Developer/Platforms/iPhoneSimulator.platform/Developer/Library/Frameworks -F/Applications/Xcode.app/Contents/Developer/Platforms/iPhoneSimulator.platform/Developer/Library/PrivateFrameworks -iframework /Applications/Xcode.app/Contents/Developer/Platforms/iPhoneSimulator.platform/Developer/SDKs/iPhoneSimulator16.0.sdk/Developer/Library/Frameworks -MMD -MT dependencies -MF /Users/oikhlas/Library/Developer/Xcode/DerivedData/WebDriverAgent-bcmeffsllcldukgyoimwiehwhvyz/Build/Intermediates.noindex/WebDriverAgent.build/Debug-iphonesimulator/WebDriverAgentLib.build/StaticAnalyzer/WebDriverAgent/WebDriverAgentLib/normal/x86_64/XCUIElement+FBIsVisible.d --analyze /Users/oikhlas/.appium/node_modules/appium-xcuitest-driver/node_modules/appium-webdriveragent/WebDriverAgentLib/Categories/XCUIElement+FBIsVisible.m -o /Users/oikhlas/Library/Developer/Xcode/DerivedData/WebDriverAgent-bcmeffsllcldukgyoimwiehwhvyz/Build/Intermediates.noindex/WebDriverAgent.build/Debug-iphonesimulator/WebDriverAgentLib.build/StaticAnalyzer/WebDriverAgent/WebDriverAgentLib/normal/x86_64/XCUIElement+FBIsVisible.plist
&amp#27;[38;5;173m[Xcode]&amp#27;[0m 
&amp#27;[38;5;173m[Xcode]&amp#27;[0m 
&amp#27;[38;5;173m[Xcode]&amp#27;[0m Analyze /Users/oikhlas/.appium/node_modules/appium-xcuitest-driver/node_modules/appium-webdriveragent/WebDriverAgentLib/Categories/XCUIElement+FBForceTouch.m normal x86_64 (in target 'WebDriverAgentLib' from project 'WebDriverAgent')
&amp#27;[38;5;173m[Xcode]&amp#27;[0m     cd /Users/oikhlas/.appium/node_modules/appium-xcuitest-driver/node_modules/appium-webdriveragent
&amp#27;[38;5;173m[Xcode]&amp#27;[0m     /Applications/Xcode.app/Contents/Developer/Toolchains/XcodeDefault.xctoolchain/usr/bin/clang -x objective-c -target x86_64-apple-ios16.0-simulator -fmessage-length\=0 -fdiagnostics-show-note-include-stack -fmacro-backtrace-limit\=0 -std\=gnu99 -fobjc-arc -fmodules -gmodules -fmodules-cache-path\=/Users/oikhlas/Library/Developer/Xcode/DerivedData/WebDriverAgent-bcmeffsllcldukgyoimwiehwhvyz/ModuleCache.noindex -fmodules-prune-interval\=86400 -fmodules-prune-after\=345600 -fbuild-session-file\=/Users/oikhlas/Library/Developer/Xcode/DerivedData/WebDriverAgent-bcmeffsllcldukgyoimwiehwhvyz/ModuleCache.noindex/Session.modulevalidation -fmodules-validate-once-per-build-session -Wno-trigraphs -fpascal-strings -O0 -fno-common -Wmissing-field-initializers -Wno-missing-prototypes -Werror\=return-type -Wunreachable-code -Wquoted-include-in-framework-header -Wno-implicit-atomic-properties -Werror\=deprecated-objc-isa-usage -Wno-objc-interface-ivars -Werror\=objc-root-class -Warc-repeated-use-of-weak -Wno-arc-maybe-repeated-use-of-weak -Wimplicit-retain-self -Wduplicate-method-match -Wno-missing-braces -Wparentheses -Wswitch -Wunused-function -Wno-unused-label -Wunused-parameter -Wunused-variable -Wunused-value -Wempty-body -Wuninitialized -Wconditional-uninitialized -Wno-unknown-pragmas -pedantic -Wshadow -Wno-four-char-constants -Wconversion -Wconstant-conversion -Wint-conversion -Wbool-conversion -Wenum-conversion -Wfloat-conversion -Wnon-literal-null-conversion -Wobjc-literal-conversion -Wassign-enum -Wsign-compare -Wshorten-64-to-32 -Wpointer-sign -Wno-newline-eof -Wno-selector -Wno-strict-selector-match -Wundeclared-selector -Wdeprecated-implementations -Wno-implicit-fallthrough -DDEBUG\=1 -DOBJC_OLD_DISPATCH_PROTOTYPES\=0 -isysroot /Applications/Xcode.app/Contents/Developer/Platforms/iPhoneSimulator.platform/Developer/SDKs/iPhoneSimulator16.0.sdk -fasm-blocks -fstrict-aliasing -Wprotocol -Wdeprecated-declarations -g -Wno-sign-conversion -Winfinite-recursion -Wcomma -Wblock-capture-autoreleasing -Wstrict-prototypes -Wno-semicolon-before-method-body -fobjc-abi-version\=2 -fobjc-legacy-dispatch -D__clang_analyzer__ -Xclang -analyzer-output\=plist-multi-file -Xclang -analyzer-config -Xclang path-diagnostics-alternate\=true -Xclang -analyzer-config -Xclang report-in-main-source-file\=true -Xclang -analyzer-checker -Xclang optin.osx.cocoa.localizability.NonLocalizedStringChecker -Xclang -analyzer-checker -Xclang security.insecureAPI.UncheckedReturn -Xclang -analyzer-checker -Xclang security.insecureAPI.getpw -Xclang -analyzer-checker -Xclang security.insecureAPI.gets -Xclang -analyzer-checker -Xclang security.insecureAPI.mkstemp -Xclang -analyzer-checker -Xclang security.insecureAPI.mktemp -Xclang -analyzer-disable-checker -Xclang security.insecureAPI.rand -Xclang -analyzer-disable-checker -Xclang security.insecureAPI.strcpy -Xclang -analyzer-checker -Xclang security.insecureAPI.vfork -iquote /Users/oikhlas/Library/Developer/Xcode/DerivedData/WebDriverAgent-bcmeffsllcldukgyoimwiehwhvyz/Build/Intermediates.noindex/WebDriverAgent.build/Debug-iphonesimulator/WebDriverAgentLib.build/WebDriverAgentLib-generated-files.hmap -I/Users/oikhlas/Library/Developer/Xcode/DerivedData/WebDriverAgent-bcmeffsllcldukgyoimwiehwhvyz/Build/Intermediates.noindex/WebDriverAgent.build/Debug-iphonesimulator/WebDriverAgentLib.build/WebDriverAgentLib-own-target-headers.hmap -I/Users/oikhlas/Library/Developer/Xcode/DerivedData/WebDriverAgent-bcmeffsllcldukgyoimwiehwhvyz/Build/Intermediates.noindex/WebDriverAgent.build/Debug-iphonesimulator/WebDriverAgentLib.build/WebDriverAgentLib-all-target-headers.hmap -iquote /Users/oikhlas/Library/Developer/Xcode/DerivedData/WebDriverAgent-bcmeffsllcldukgyoimwiehwhvyz/Build/Intermediates.noindex/WebDriverAgent.build/Debug-iphonesimulator/WebDriverAgentLib.build/WebDriverAgentLib-project-headers.hmap -I/Users/oikhlas/Library/Developer/Xcode/DerivedData/WebDriverAgent-bcmeffsllcldukgyoimwiehwhvyz/Build/Products/Debug-iphonesimulator/include -I/Applications/Xcode.app/Contents/Developer/Platforms/iPhoneSimulator.platform/Developer/SDKs/iPhoneSimulator16.0.sdk/usr/include/libxml2 -I/Users/oikhlas/.appium/node_modules/appium-xcuitest-driver/node_modules/appium-webdriveragent/Modules -I/Users/oikhlas/Library/Developer/Xcode/DerivedData/WebDriverAgent-bcmeffsllcldukgyoimwiehwhvyz/Build/Intermediates.noindex/WebDriverAgent.build/Debug-iphonesimulator/WebDriverAgentLib.build/DerivedSources-normal/x86_64 -I/Users/oikhlas/Library/Developer/Xcode/DerivedData/WebDriverAgent-bcmeffsllcldukgyoimwiehwhvyz/Build/Intermediates.noindex/WebDriverAgent.build/Debug-iphonesimulator/WebDriverAgentLib.build/DerivedSources/x86_64 -I/Users/oikhlas/Library/Developer/Xcode/DerivedData/WebDriverAgent-bcmeffsllcldukgyoimwiehwhvyz/Build/Intermediates.noindex/WebDriverAgent.build/Debug-iphonesimulator/WebDriverAgentLib.build/DerivedSources -Weverything -Wno-objc-missing-property-synthesis -Wno-unused-macros -Wno-disabled-macro-expansion -Wno-gnu-statement-expression -Wno-language-extension-token -Wno-overriding-method-mismatch -Wno-missing-variable-declarations -Rno-module-build -Wno-auto-import -Wno-objc-interface-ivars -Wno-documentation-unknown-command -Wno-reserved-id-macro -Wno-unused-parameter -Wno-gnu-conditional-omitted-operand -Wno-explicit-ownership-type -Wno-date-time -Wno-cast-align -Wno-cstring-format-directive -Wno-double-promotion -Wno-partial-availability -Weverything -Wno-objc-missing-property-synthesis -Wno-unused-macros -Wno-disabled-macro-expansion -Wno-gnu-statement-expression -Wno-language-extension-token -Wno-overriding-method-mismatch -Wno-missing-variable-declarations -Rno-module-build -Wno-auto-import -Wno-objc-interface-ivars -Wno-documentation-unknown-command -Wno-reserved-id-macro -Wno-unused-parameter -Wno-gnu-conditional-omitted-operand -Wno-explicit-ownership-type -Wno-date-time -Wno-cast-align -Wno-cstring-format-directive -Wno-double-promotion -Wno-partial-availability -Wno-objc-messaging-id -Wno-direct-ivar-access -Wno-cast-qual -Wno-declaration-after-statement -F/Users/oikhlas/Library/Developer/Xcode/DerivedData/WebDriverAgent-bcmeffsllcldukgyoimwiehwhvyz/Build/Products/Debug-iphonesimulator -F/Applications/Xcode.app/Contents/Developer/Platforms/iPhoneSimulator.platform/Developer/Library/Frameworks -F/Applications/Xcode.app/Contents/Developer/Platforms/iPhoneSimulator.platform/Developer/Library/PrivateFrameworks -iframework /Applications/Xcode.app/Contents/Developer/Platforms/iPhoneSimulator.platform/Developer/SDKs/iPhoneSimulator16.0.sdk/Developer/Library/Frameworks -MMD -MT dependencies -MF /Users/oikhlas/Library/Developer/Xcode/DerivedData/WebDriverAgent-bcmeffsllcldukgyoimwiehwhvyz/Build/Intermediates.noindex/WebDriverAgent.build/Debug-iphonesimulator/WebDriverAgentLib.build/StaticAnalyzer/WebDriverAgent/WebDriverAgentLib/normal/x86_64/XCUIElement+FBForceTouch.d --analyze /Users/oikhlas/.appium/node_modules/appium-xcuitest-driver/node_modules/appium-webdriveragent/WebDriverAgentLib/Categories/XCUIElement+FBForceTouch.m -o /Users/oikhlas/Library/Developer/Xcode/DerivedData/WebDriverAgent-bcmeffsllcldukgyoimwiehwhvyz/Build/Intermediates.noindex/WebDriverAgent.build/Debug-iphonesimulator/WebDriverAgentLib.build/StaticAnalyzer/WebDriverAgent/WebDriverAgentLib/normal/x86_64/XCUIElement+FBForceTouch.plist
&amp#27;[38;5;173m[Xcode]&amp#27;[0m 
&amp#27;[38;5;173m[Xcode]&amp#27;[0m 
&amp#27;[38;5;173m[Xcode]&amp#27;[0m Analyze /Users/oikhlas/.appium/node_modules/appium-xcuitest-driver/node_modules/appium-webdriveragent/WebDriverAgentLib/Categories/XCUIElement+FBFind.m normal x86_64 (in target 'WebDriverAgentLib' from project 'WebDriverAgent')
&amp#27;[38;5;173m[Xcode]&amp#27;[0m     cd /Users/oikhlas/.appium/node_modules/appium-xcuitest-driver/node_modules/appium-webdriveragent
&amp#27;[38;5;173m[Xcode]&amp#27;[0m     /Applications/Xcode.app/Contents/Developer/Toolchains/XcodeDefault.xctoolchain/usr/bin/clang -x objective-c -target x86_64-apple-ios16.0-simulator -fmessage-length\=0 -fdiagnostics-show-note-include-stack -fmacro-backtrace-limit\=0 -std\=gnu99 -fobjc-arc -fmodules -gmodules -fmodules-cache-path\=/Users/oikhlas/Library/Developer/Xcode/DerivedData/WebDriverAgent-bcmeffsllcldukgyoimwiehwhvyz/ModuleCache.noindex -fmodules-prune-interval\=86400 -fmodules-prune-after\=345600 -fbuild-session-file\=/Users/oikhlas/Library/Developer/Xcode/DerivedData/WebDriverAgent-bcmeffsllcldukgyoimwiehwhvyz/ModuleCache.noindex/Session.modulevalidation -fmodules-validate-once-per-build-session -Wno-trigraphs -fpascal-strings -O0 -fno-common -Wmissing-field-initializers -Wno-missing-prototypes -Werror\=return-type -Wunreachable-code -Wquoted-include-in-framework-header -Wno-implicit-atomic-properties -Werror\=deprecated-objc-isa-usage -Wno-objc-interface-ivars -Werror\=objc-root-class -Warc-repeated-use-of-weak -Wno-arc-maybe-repeated-use-of-weak -Wimplicit-retain-self -Wduplicate-method-match -Wno-missing-braces -Wparentheses -Wswitch -Wunused-function -Wno-unused-label -Wunused-parameter -Wunused-variable -Wunused-value -Wempty-body -Wuninitialized -Wconditional-uninitialized -Wno-unknown-pragmas -pedantic -Wshadow -Wno-four-char-constants -Wconversion -Wconstant-conversion -Wint-conversion -Wbool-conversion -Wenum-conversion -Wfloat-conversion -Wnon-literal-null-conversion -Wobjc-literal-conversion -Wassign-enum -Wsign-compare -Wshorten-64-to-32 -Wpointer-sign -Wno-newline-eof -Wno-selector -Wno-strict-selector-match -Wundeclared-selector -Wdeprecated-implementations -Wno-implicit-fallthrough -DDEBUG\=1 -DOBJC_OLD_DISPATCH_PROTOTYPES\=0 -isysroot /Applications/Xcode.app/Contents/Developer/Platforms/iPhoneSimulator.platform/Developer/SDKs/iPhoneSimulator16.0.sdk -fasm-blocks -fstrict-aliasing -Wprotocol -Wdeprecated-declarations -g -Wno-sign-conversion -Winfinite-recursion -Wcomma -Wblock-capture-autoreleasing -Wstrict-prototypes -Wno-semicolon-before-method-body -fobjc-abi-version\=2 -fobjc-legacy-dispatch -D__clang_analyzer__ -Xclang -analyzer-output\=plist-multi-file -Xclang -analyzer-config -Xclang path-diagnostics-alternate\=true -Xclang -analyzer-config -Xclang report-in-main-source-file\=true -Xclang -analyzer-checker -Xclang optin.osx.cocoa.localizability.NonLocalizedStringChecker -Xclang -analyzer-checker -Xclang security.insecureAPI.UncheckedReturn -Xclang -analyzer-checker -Xclang security.insecureAPI.getpw -Xclang -analyzer-checker -Xclang security.insecureAPI.gets -Xclang -analyzer-checker -Xclang security.insecureAPI.mkstemp -Xclang -analyzer-checker -Xclang security.insecureAPI.mktemp -Xclang -analyzer-disable-checker -Xclang security.insecureAPI.rand -Xclang -analyzer-disable-checker -Xclang security.insecureAPI.strcpy -Xclang -analyzer-checker -Xclang security.insecureAPI.vfork -iquote /Users/oikhlas/Library/Developer/Xcode/DerivedData/WebDriverAgent-bcmeffsllcldukgyoimwiehwhvyz/Build/Intermediates.noindex/WebDriverAgent.build/Debug-iphonesimulator/WebDriverAgentLib.build/WebDriverAgentLib-generated-files.hmap -I/Users/oikhlas/Library/Developer/Xcode/DerivedData/WebDriverAgent-bcmeffsllcldukgyoimwiehwhvyz/Build/Intermediates.noindex/WebDriverAgent.build/Debug-iphonesimulator/WebDriverAgentLib.build/WebDriverAgentLib-own-target-headers.hmap -I/Users/oikhlas/Library/Developer/Xcode/DerivedData/WebDriverAgent-bcmeffsllcldukgyoimwiehwhvyz/Build/Intermediates.noindex/WebDriverAgent.build/Debug-iphonesimulator/WebDriverAgentLib.build/WebDriverAgentLib-all-target-headers.hmap -iquote /Users/oikhlas/Library/Developer/Xcode/DerivedData/WebDriverAgent-bcmeffsllcldukgyoimwiehwhvyz/Build/Intermediates.noindex/WebDriverAgent.build/Debug-iphonesimulator/WebDriverAgentLib.build/WebDriverAgentLib-project-headers.hmap -I/Users/oikhlas/Library/Developer/Xcode/DerivedData/WebDriverAgent-bcmeffsllcldukgyoimwiehwhvyz/Build/Products/Debug-iphonesimulator/include -I/Applications/Xcode.app/Contents/Developer/Platforms/iPhoneSimulator.platform/Developer/SDKs/iPhoneSimulator16.0.sdk/usr/include/libxml2 -I/Users/oikhlas/.appium/node_modules/appium-xcuitest-driver/node_modules/appium-webdriveragent/Modules -I/Users/oikhlas/Library/Developer/Xcode/DerivedData/WebDriverAgent-bcmeffsllcldukgyoimwiehwhvyz/Build/Intermediates.noindex/WebDriverAgent.build/Debug-iphonesimulator/WebDriverAgentLib.build/DerivedSources-normal/x86_64 -I/Users/oikhlas/Library/Developer/Xcode/DerivedData/WebDriverAgent-bcmeffsllcldukgyoimwiehwhvyz/Build/Intermediates.noindex/WebDriverAgent.build/Debug-iphonesimulator/WebDriverAgentLib.build/DerivedSources/x86_64 -I/Users/oikhlas/Library/Developer/Xcode/DerivedData/WebDriverAgent-bcmeffsllcldukgyoimwiehwhvyz/Build/Intermediates.noindex/WebDriverAgent.build/Debug-iphonesimulator/WebDriverAgentLib.build/DerivedSources -Weverything -Wno-objc-missing-property-synthesis -Wno-unused-macros -Wno-disabled-macro-expansion -Wno-gnu-statement-expression -Wno-language-extension-token -Wno-overriding-method-mismatch -Wno-missing-variable-declarations -Rno-module-build -Wno-auto-import -Wno-objc-interface-ivars -Wno-documentation-unknown-command -Wno-reserved-id-macro -Wno-unused-parameter -Wno-gnu-conditional-omitted-operand -Wno-explicit-ownership-type -Wno-date-time -Wno-cast-align -Wno-cstring-format-directive -Wno-double-promotion -Wno-partial-availability -Weverything -Wno-objc-missing-property-synthesis -Wno-unused-macros -Wno-disabled-macro-expansion -Wno-gnu-statement-expression -Wno-language-extension-token -Wno-overriding-method-mismatch -Wno-missing-variable-declarations -Rno-module-build -Wno-auto-import -Wno-objc-interface-ivars -Wno-documentation-unknown-command -Wno-reserved-id-macro -Wno-unused-parameter -Wno-gnu-conditional-omitted-operand -Wno-explicit-ownership-type -Wno-date-time -Wno-cast-align -Wno-cstring-format-directive -Wno-double-promotion -Wno-partial-availability -Wno-objc-messaging-id -Wno-direct-ivar-access -Wno-cast-qual -Wno-declaration-after-statement -F/Users/oikhlas/Library/Developer/Xcode/DerivedData/WebDriverAgent-bcmeffsllcldukgyoimwiehwhvyz/Build/Products/Debug-iphonesimulator -F/Applications/Xcode.app/Contents/Developer/Platforms/iPhoneSimulator.platform/Developer/Library/Frameworks -F/Applications/Xcode.app/Contents/Developer/Platforms/iPhoneSimulator.platform/Developer/Library/PrivateFrameworks -iframework /Applications/Xcode.app/Contents/Developer/Platforms/iPhoneSimulator.platform/Developer/SDKs/iPhoneSimulator16.0.sdk/Developer/Library/Frameworks -MMD -MT dependencies -MF /Users/oikhlas/Library/Developer/Xcode/DerivedData/WebDriverAgent-bcmeffsllcldukgyoimwiehwhvyz/Build/Intermediates.noindex/WebDriverAgent.build/Debug-iphonesimulator/WebDriverAgentLib.build/StaticAnalyzer/WebDriverAgent/WebDriverAgentLib/normal/x86_64/XCUIElement+FBFind.d --analyze /Users/oikhlas/.appium/node_modules/appium-xcuitest-driver/node_modules/appium-webdriveragent/WebDriverAgentLib/Categories/XCUIElement+FBFind.m -o /Users/oikhlas/Library/Developer/Xcode/DerivedData/WebDriverAgent-bcmeffsllcldukgyoimwiehwhvyz/Build/Intermediates.noindex/WebDriverAgent.build/Debug-iphonesimulator/WebDriverAgentLib.build/StaticAnalyzer/WebDriverAgent/WebDriverAgentLib/normal/x86_64/XCUIElement+FBFind.plist
&amp#27;[38;5;173m[Xcode]&amp#27;[0m 
&amp#27;[38;5;173m[Xcode]&amp#27;[0m 
&amp#27;[38;5;173m[Xcode]&amp#27;[0m Analyze /Users/oikhlas/.appium/node_modules/appium-xcuitest-driver/node_modules/appium-webdriveragent/WebDriverAgentLib/Categories/XCUIElement+FBCaching.m normal x86_64 (in target 'WebDriverAgentLib' from project 'WebDriverAgent')
&amp#27;[38;5;173m[Xcode]&amp#27;[0m     cd /Users/oikhlas/.appium/node_modules/appium-xcuitest-driver/node_modules/appium-webdriveragent
&amp#27;[38;5;173m[Xcode]&amp#27;[0m     /Applications/Xcode.app/Contents/Developer/Toolchains/XcodeDefault.xctoolchain/usr/bin/clang -x objective-c -target x86_64-apple-ios16.0-simulator -fmessage-length\=0 -fdiagnostics-show-note-include-stack -fmacro-backtrace-limit\=0 -std\=gnu99 -fobjc-arc -fmodules -gmodules -fmodules-cache-path\=/Users/oikhlas/Library/Developer/Xcode/DerivedData/WebDriverAgent-bcmeffsllcldukgyoimwiehwhvyz/ModuleCache.noindex -fmodules-prune-interval\=86400 -fmodules-prune-after\=345600 -fbuild-session-file\=/Users/oikhlas/Library/Developer/Xcode/DerivedData/WebDriverAgent-bcmeffsllcldukgyoimwiehwhvyz/ModuleCache.noindex/Session.modulevalidation -fmodules-validate-once-per-build-session -Wno-trigraphs -fpascal-strings -O0 -fno-common -Wmissing-field-initializers -Wno-missing-prototypes -Werror\=return-type -Wunreachable-code -Wquoted-include-in-framework-header -Wno-implicit-atomic-properties -Werror\=deprecated-objc-isa-usage -Wno-objc-interface-ivars -Werror\=objc-root-class -Warc-repeated-use-of-weak -Wno-arc-maybe-repeated-use-of-weak -Wimplicit-retain-self -Wduplicate-method-match -Wno-missing-braces -Wparentheses -Wswitch -Wunused-function -Wno-unused-label -Wunused-parameter -Wunused-variable -Wunused-value -Wempty-body -Wuninitialized -Wconditional-uninitialized -Wno-unknown-pragmas -pedantic -Wshadow -Wno-four-char-constants -Wconversion -Wconstant-conversion -Wint-conversion -Wbool-conversion -Wenum-conversion -Wfloat-conversion -Wnon-literal-null-conversion -Wobjc-literal-conversion -Wassign-enum -Wsign-compare -Wshorten-64-to-32 -Wpointer-sign -Wno-newline-eof -Wno-selector -Wno-strict-selector-match -Wundeclared-selector -Wdeprecated-implementations -Wno-implicit-fallthrough -DDEBUG\=1 -DOBJC_OLD_DISPATCH_PROTOTYPES\=0 -isysroot /Applications/Xcode.app/Contents/Developer/Platforms/iPhoneSimulator.platform/Developer/SDKs/iPhoneSimulator16.0.sdk -fasm-blocks -fstrict-aliasing -Wprotocol -Wdeprecated-declarations -g -Wno-sign-conversion -Winfinite-recursion -Wcomma -Wblock-capture-autoreleasing -Wstrict-prototypes -Wno-semicolon-before-method-body -fobjc-abi-version\=2 -fobjc-legacy-dispatch -D__clang_analyzer__ -Xclang -analyzer-output\=plist-multi-file -Xclang -analyzer-config -Xclang path-diagnostics-alternate\=true -Xclang -analyzer-config -Xclang report-in-main-source-file\=true -Xclang -analyzer-checker -Xclang optin.osx.cocoa.localizability.NonLocalizedStringChecker -Xclang -analyzer-checker -Xclang security.insecureAPI.UncheckedReturn -Xclang -analyzer-checker -Xclang security.insecureAPI.getpw -Xclang -analyzer-checker -Xclang security.insecureAPI.gets -Xclang -analyzer-checker -Xclang security.insecureAPI.mkstemp -Xclang -analyzer-checker -Xclang security.insecureAPI.mktemp -Xclang -analyzer-disable-checker -Xclang security.insecureAPI.rand -Xclang -analyzer-disable-checker -Xclang security.insecureAPI.strcpy -Xclang -analyzer-checker -Xclang security.insecureAPI.vfork -iquote /Users/oikhlas/Library/Developer/Xcode/DerivedData/WebDriverAgent-bcmeffsllcldukgyoimwiehwhvyz/Build/Intermediates.noindex/WebDriverAgent.build/Debug-iphonesimulator/WebDriverAgentLib.build/WebDriverAgentLib-generated-files.hmap -I/Users/oikhlas/Library/Developer/Xcode/DerivedData/WebDriverAgent-bcmeffsllcldukgyoimwiehwhvyz/Build/Intermediates.noindex/WebDriverAgent.build/Debug-iphonesimulator/WebDriverAgentLib.build/WebDriverAgentLib-own-target-headers.hmap -I/Users/oikhlas/Library/Developer/Xcode/DerivedData/WebDriverAgent-bcmeffsllcldukgyoimwiehwhvyz/Build/Intermediates.noindex/WebDriverAgent.build/Debug-iphonesimulator/WebDriverAgentLib.build/WebDriverAgentLib-all-target-headers.hmap -iquote /Users/oikhlas/Library/Developer/Xcode/DerivedData/WebDriverAgent-bcmeffsllcldukgyoimwiehwhvyz/Build/Intermediates.noindex/WebDriverAgent.build/Debug-iphonesimulator/WebDriverAgentLib.build/WebDriverAgentLib-project-headers.hmap -I/Users/oikhlas/Library/Developer/Xcode/DerivedData/WebDriverAgent-bcmeffsllcldukgyoimwiehwhvyz/Build/Products/Debug-iphonesimulator/include -I/Applications/Xcode.app/Contents/Developer/Platforms/iPhoneSimulator.platform/Developer/SDKs/iPhoneSimulator16.0.sdk/usr/include/libxml2 -I/Users/oikhlas/.appium/node_modules/appium-xcuitest-driver/node_modules/appium-webdriveragent/Modules -I/Users/oikhlas/Library/Developer/Xcode/DerivedData/WebDriverAgent-bcmeffsllcldukgyoimwiehwhvyz/Build/Intermediates.noindex/WebDriverAgent.build/Debug-iphonesimulator/WebDriverAgentLib.build/DerivedSources-normal/x86_64 -I/Users/oikhlas/Library/Developer/Xcode/DerivedData/WebDriverAgent-bcmeffsllcldukgyoimwiehwhvyz/Build/Intermediates.noindex/WebDriverAgent.build/Debug-iphonesimulator/WebDriverAgentLib.build/DerivedSources/x86_64 -I/Users/oikhlas/Library/Developer/Xcode/DerivedData/WebDriverAgent-bcmeffsllcldukgyoimwiehwhvyz/Build/Intermediates.noindex/WebDriverAgent.build/Debug-iphonesimulator/WebDriverAgentLib.build/DerivedSources -Weverything -Wno-objc-missing-property-synthesis -Wno-unused-macros -Wno-disabled-macro-expansion -Wno-gnu-statement-expression -Wno-language-extension-token -Wno-overriding-method-mismatch -Wno-missing-variable-declarations -Rno-module-build -Wno-auto-import -Wno-objc-interface-ivars -Wno-documentation-unknown-command -Wno-reserved-id-macro -Wno-unused-parameter -Wno-gnu-conditional-omitted-operand -Wno-explicit-ownership-type -Wno-date-time -Wno-cast-align -Wno-cstring-format-directive -Wno-double-promotion -Wno-partial-availability -Weverything -Wno-objc-missing-property-synthesis -Wno-unused-macros -Wno-disabled-macro-expansion -Wno-gnu-statement-expression -Wno-language-extension-token -Wno-overriding-method-mismatch -Wno-missing-variable-declarations -Rno-module-build -Wno-auto-import -Wno-objc-interface-ivars -Wno-documentation-unknown-command -Wno-reserved-id-macro -Wno-unused-parameter -Wno-gnu-conditional-omitted-operand -Wno-explicit-ownership-type -Wno-date-time -Wno-cast-align -Wno-cstring-format-directive -Wno-double-promotion -Wno-partial-availability -Wno-objc-messaging-id -Wno-direct-ivar-access -Wno-cast-qual -Wno-declaration-after-statement -F/Users/oikhlas/Library/Developer/Xcode/DerivedData/WebDriverAgent-bcmeffsllcldukgyoimwiehwhvyz/Build/Products/Debug-iphonesimulator -F/Applications/Xcode.app/Contents/Developer/Platforms/iPhoneSimulator.platform/Developer/Library/Frameworks -F/Applications/Xcode.app/Contents/Developer/Platforms/iPhoneSimulator.platform/Developer/Library/PrivateFrameworks -iframework /Applications/Xcode.app/Contents/Developer/Platforms/iPhoneSimulator.platform/Developer/SDKs/iPhoneSimulator16.0.sdk/Developer/Library/Frameworks -MMD -MT dependencies -MF /Users/oikhlas/Library/Developer/Xcode/DerivedData/WebDriverAgent-bcmeffsllcldukgyoimwiehwhvyz/Build/Intermediates.noindex/WebDriverAgent.build/Debug-iphonesimulator/WebDriverAgentLib.build/StaticAnalyzer/WebDriverAgent/WebDriverAgentLib/normal/x86_64/XCUIElement+FBCaching.d --analyze /Users/oikhlas/.appium/node_modules/appium-xcuitest-driver/node_modules/appium-webdriveragent/WebDriverAgentLib/Categories/XCUIElement+FBCaching.m -o /Users/oikhlas/Library/Developer/Xcode/DerivedData/WebDriverAgent-bcmeffsllcldukgyoimwiehwhvyz/Build/Intermediates.noindex/WebDriverAgent.build/Debug-iphonesimulator/WebDriverAgentLib.build/StaticAnalyzer/WebDriverAgent/WebDriverAgentLib/normal/x86_64/XCUIElement+FBCaching.plist
&amp#27;[38;5;173m[Xcode]&amp#27;[0m 
&amp#27;[38;5;173m[Xcode]&amp#27;[0m 
&amp#27;[38;5;173m[Xcode]&amp#27;[0m Analyze /Users/oikhlas/.appium/node_modules/appium-xcuitest-driver/node_modules/appium-webdriveragent/WebDriverAgentLib/Categories/XCUIElement+FBAccessibility.m normal x86_64 (in target 'WebDriverAgentLib' from project 'WebDriverAgent')
&amp#27;[38;5;173m[Xcode]&amp#27;[0m     cd /Users/oikhlas/.appium/node_modules/appium-xcuitest-driver/node_modules/appium-webdriveragent
&amp#27;[38;5;173m[Xcode]&amp#27;[0m     /Applications/Xcode.app/Contents/Developer/Toolchains/XcodeDefault.xctoolchain/usr/bin/clang -x objective-c -target x86_64-apple-ios16.0-simulator -fmessage-length\=0 -fdiagnostics-show-note-include-stack -fmacro-backtrace-limit\=0 -std\=gnu99 -fobjc-arc -fmodules -gmodules -fmodules-cache-path\=/Users/oikhlas/Library/Developer/Xcode/DerivedData/WebDriverAgent-bcmeffsllcldukgyoimwiehwhvyz/ModuleCache.noindex -fmodules-prune-interval\=86400 -fmodules-prune-after\=345600 -fbuild-session-file\=/Users/oikhlas/Library/Developer/Xcode/DerivedData/WebDriverAgent-bcmeffsllcldukgyoimwiehwhvyz/ModuleCache.noindex/Session.modulevalidation -fmodules-validate-once-per-build-session -Wno-trigraphs -fpascal-strings -O0 -fno-common -Wmissing-field-initializers -Wno-missing-prototypes -Werror\=return-type -Wunreachable-code -Wquoted-include-in-framework-header -Wno-implicit-atomic-properties -Werror\=deprecated-objc-isa-usage -Wno-objc-interface-ivars -Werror\=objc-root-class -Warc-repeated-use-of-weak -Wno-arc-maybe-repeated-use-of-weak -Wimplicit-retain-self -Wduplicate-method-match -Wno-missing-braces -Wparentheses -Wswitch -Wunused-function -Wno-unused-label -Wunused-parameter -Wunused-variable -Wunused-value -Wempty-body -Wuninitialized -Wconditional-uninitialized -Wno-unknown-pragmas -pedantic -Wshadow -Wno-four-char-constants -Wconversion -Wconstant-conversion -Wint-conversion -Wbool-conversion -Wenum-conversion -Wfloat-conversion -Wnon-literal-null-conversion -Wobjc-literal-conversion -Wassign-enum -Wsign-compare -Wshorten-64-to-32 -Wpointer-sign -Wno-newline-eof -Wno-selector -Wno-strict-selector-match -Wundeclared-selector -Wdeprecated-implementations -Wno-implicit-fallthrough -DDEBUG\=1 -DOBJC_OLD_DISPATCH_PROTOTYPES\=0 -isysroot /Applications/Xcode.app/Contents/Developer/Platforms/iPhoneSimulator.platform/Developer/SDKs/iPhoneSimulator16.0.sdk -fasm-blocks -fstrict-aliasing -Wprotocol -Wdeprecated-declarations -g -Wno-sign-conversion -Winfinite-recursion -Wcomma -Wblock-capture-autoreleasing -Wstrict-prototypes -Wno-semicolon-before-method-body -fobjc-abi-version\=2 -fobjc-legacy-dispatch -D__clang_analyzer__ -Xclang -analyzer-output\=plist-multi-file -Xclang -analyzer-config -Xclang path-diagnostics-alternate\=true -Xclang -analyzer-config -Xclang report-in-main-source-file\=true -Xclang -analyzer-checker -Xclang optin.osx.cocoa.localizability.NonLocalizedStringChecker -Xclang -analyzer-checker -Xclang security.insecureAPI.UncheckedReturn -Xclang -analyzer-checker -Xclang security.insecureAPI.getpw -Xclang -analyzer-checker -Xclang security.insecureAPI.gets -Xclang -analyzer-checker -Xclang security.insecureAPI.mkstemp -Xclang -analyzer-checker -Xclang security.insecureAPI.mktemp -Xclang -analyzer-disable-checker -Xclang security.insecureAPI.rand -Xclang -analyzer-disable-checker -Xclang security.insecureAPI.strcpy -Xclang -analyzer-checker -Xclang security.insecureAPI.vfork -iquote /Users/oikhlas/Library/Developer/Xcode/DerivedData/WebDriverAgent-bcmeffsllcldukgyoimwiehwhvyz/Build/Intermediates.noindex/WebDriverAgent.build/Debug-iphonesimulator/WebDriverAgentLib.build/WebDriverAgentLib-generated-files.hmap -I/Users/oikhlas/Library/Developer/Xcode/DerivedData/WebDriverAgent-bcmeffsllcldukgyoimwiehwhvyz/Build/Intermediates.noindex/WebDriverAgent.build/Debug-iphonesimulator/WebDriverAgentLib.build/WebDriverAgentLib-own-target-headers.hmap -I/Users/oikhlas/Library/Developer/Xcode/DerivedData/WebDriverAgent-bcmeffsllcldukgyoimwiehwhvyz/Build/Intermediates.noindex/WebDriverAgent.build/Debug-iphonesimulator/WebDriverAgentLib.build/WebDriverAgentLib-all-target-headers.hmap -iquote /Users/oikhlas/Library/Developer/Xcode/DerivedData/WebDriverAgent-bcmeffsllcldukgyoimwiehwhvyz/Build/Intermediates.noindex/WebDriverAgent.build/Debug-iphonesimulator/WebDriverAgentLib.build/WebDriverAgentLib-project-headers.hmap -I/Users/oikhlas/Library/Developer/Xcode/DerivedData/WebDriverAgent-bcmeffsllcldukgyoimwiehwhvyz/Build/Products/Debug-iphonesimulator/include -I/Applications/Xcode.app/Contents/Developer/Platforms/iPhoneSimulator.platform/Developer/SDKs/iPhoneSimulator16.0.sdk/usr/include/libxml2 -I/Users/oikhlas/.appium/node_modules/appium-xcuitest-driver/node_modules/appium-webdriveragent/Modules -I/Users/oikhlas/Library/Developer/Xcode/DerivedData/WebDriverAgent-bcmeffsllcldukgyoimwiehwhvyz/Build/Intermediates.noindex/WebDriverAgent.build/Debug-iphonesimulator/WebDriverAgentLib.build/DerivedSources-normal/x86_64 -I/Users/oikhlas/Library/Developer/Xcode/DerivedData/WebDriverAgent-bcmeffsllcldukgyoimwiehwhvyz/Build/Intermediates.noindex/WebDriverAgent.build/Debug-iphonesimulator/WebDriverAgentLib.build/DerivedSources/x86_64 -I/Users/oikhlas/Library/Developer/Xcode/DerivedData/WebDriverAgent-bcmeffsllcldukgyoimwiehwhvyz/Build/Intermediates.noindex/WebDriverAgent.build/Debug-iphonesimulator/WebDriverAgentLib.build/DerivedSources -Weverything -Wno-objc-missing-property-synthesis -Wno-unused-macros -Wno-disabled-macro-expansion -Wno-gnu-statement-expression -Wno-language-extension-token -Wno-overriding-method-mismatch -Wno-missing-variable-declarations -Rno-module-build -Wno-auto-import -Wno-objc-interface-ivars -Wno-documentation-unknown-command -Wno-reserved-id-macro -Wno-unused-parameter -Wno-gnu-conditional-omitted-operand -Wno-explicit-ownership-type -Wno-date-time -Wno-cast-align -Wno-cstring-format-directive -Wno-double-promotion -Wno-partial-availability -Weverything -Wno-objc-missing-property-synthesis -Wno-unused-macros -Wno-disabled-macro-expansion -Wno-gnu-statement-expression -Wno-language-extension-token -Wno-overriding-method-mismatch -Wno-missing-variable-declarations -Rno-module-build -Wno-auto-import -Wno-objc-interface-ivars -Wno-documentation-unknown-command -Wno-reserved-id-macro -Wno-unused-parameter -Wno-gnu-conditional-omitted-operand -Wno-explicit-ownership-type -Wno-date-time -Wno-cast-align -Wno-cstring-format-directive -Wno-double-promotion -Wno-partial-availability -Wno-objc-messaging-id -Wno-direct-ivar-access -Wno-cast-qual -Wno-declaration-after-statement -F/Users/oikhlas/Library/Developer/Xcode/DerivedData/WebDriverAgent-bcmeffsllcldukgyoimwiehwhvyz/Build/Products/Debug-iphonesimulator -F/Applications/Xcode.app/Contents/Developer/Platforms/iPhoneSimulator.platform/Developer/Library/Frameworks -F/Applications/Xcode.app/Contents/Developer/Platforms/iPhoneSimulator.platform/Developer/Library/PrivateFrameworks -iframework /Applications/Xcode.app/Contents/Developer/Platforms/iPhoneSimulator.platform/Developer/SDKs/iPhoneSimulator16.0.sdk/Developer/Library/Frameworks -MMD -MT dependencies -MF /Users/oikhlas/Library/Developer/Xcode/DerivedData/WebDriverAgent-bcmeffsllcldukgyoimwiehwhvyz/Build/Intermediates.noindex/WebDriverAgent.build/Debug-iphonesimulator/WebDriverAgentLib.build/StaticAnalyzer/WebDriverAgent/WebDriverAgentLib/normal/x86_64/XCUIElement+FBAccessibility.d --analyze /Users/oikhlas/.appium/node_modules/appium-xcuitest-driver/node_modules/appium-webdriveragent/WebDriverAgentLib/Categories/XCUIElement+FBAccessibility.m -o /Users/oikhlas/Library/Developer/Xcode/DerivedData/WebDriverAgent-bcmeffsllcldukgyoimwiehwhvyz/Build/Intermediates.noindex/WebDriverAgent.build/Debug-iphonesimulator/WebDriverAgentLib.build/StaticAnalyzer/WebDriverAgent/WebDriverAgentLib/normal/x86_64/XCUIElement+FBAccessibility.plist
&amp#27;[38;5;173m[Xcode]&amp#27;[0m 
&amp#27;[38;5;173m[Xcode]&amp#27;[0m 
&amp#27;[38;5;173m[Xcode]&amp#27;[0m Analyze /Users/oikhlas/.appium/node_modules/appium-xcuitest-driver/node_modules/appium-webdriveragent/WebDriverAgentLib/Categories/XCUIDevice+FBRotation.m normal x86_64 (in target 'WebDriverAgentLib' from project 'WebDriverAgent')
&amp#27;[38;5;173m[Xcode]&amp#27;[0m     cd /Users/oikhlas/.appium/node_modules/appium-xcuitest-driver/node_modules/appium-webdriveragent
&amp#27;[38;5;173m[Xcode]&amp#27;[0m     /Applications/Xcode.app/Contents/Developer/Toolchains/XcodeDefault.xctoolchain/usr/bin/clang -x objective-c -target x86_64-apple-ios16.0-simulator -fmessage-length\=0 -fdiagnostics-show-note-include-stack -fmacro-backtrace-limit\=0 -std\=gnu99 -fobjc-arc -fmodules -gmodules -fmodules-cache-path\=/Users/oikhlas/Library/Developer/Xcode/DerivedData/WebDriverAgent-bcmeffsllcldukgyoimwiehwhvyz/ModuleCache.noindex -fmodules-prune-interval\=86400 -fmodules-prune-after\=345600 -fbuild-session-file\=/Users/oikhlas/Library/Developer/Xcode/DerivedData/WebDriverAgent-bcmeffsllcldukgyoimwiehwhvyz/ModuleCache.noindex/Session.modulevalidation -fmodules-validate-once-per-build-session -Wno-trigraphs -fpascal-strings -O0 -fno-common -Wmissing-field-initializers -Wno-missing-prototypes -Werror\=return-type -Wunreachable-code -Wquoted-include-in-framework-header -Wno-implicit-atomic-properties -Werror\=deprecated-objc-isa-usage -Wno-objc-interface-ivars -Werror\=objc-root-class -Warc-repeated-use-of-weak -Wno-arc-maybe-repeated-use-of-weak -Wimplicit-retain-self -Wduplicate-method-match -Wno-missing-braces -Wparentheses -Wswitch -Wunused-function -Wno-unused-label -Wunused-parameter -Wunused-variable -Wunused-value -Wempty-body -Wuninitialized -Wconditional-uninitialized -Wno-unknown-pragmas -pedantic -Wshadow -Wno-four-char-constants -Wconversion -Wconstant-conversion -Wint-conversion -Wbool-conversion -Wenum-conversion -Wfloat-conversion -Wnon-literal-null-conversion -Wobjc-literal-conversion -Wassign-enum -Wsign-compare -Wshorten-64-to-32 -Wpointer-sign -Wno-newline-eof -Wno-selector -Wno-strict-selector-match -Wundeclared-selector -Wdeprecated-implementations -Wno-implicit-fallthrough -DDEBUG\=1 -DOBJC_OLD_DISPATCH_PROTOTYPES\=0 -isysroot /Applications/Xcode.app/Contents/Developer/Platforms/iPhoneSimulator.platform/Developer/SDKs/iPhoneSimulator16.0.sdk -fasm-blocks -fstrict-aliasing -Wprotocol -Wdeprecated-declarations -g -Wno-sign-conversion -Winfinite-recursion -Wcomma -Wblock-capture-autoreleasing -Wstrict-prototypes -Wno-semicolon-before-method-body -fobjc-abi-version\=2 -fobjc-legacy-dispatch -D__clang_analyzer__ -Xclang -analyzer-output\=plist-multi-file -Xclang -analyzer-config -Xclang path-diagnostics-alternate\=true -Xclang -analyzer-config -Xclang report-in-main-source-file\=true -Xclang -analyzer-checker -Xclang optin.osx.cocoa.localizability.NonLocalizedStringChecker -Xclang -analyzer-checker -Xclang security.insecureAPI.UncheckedReturn -Xclang -analyzer-checker -Xclang security.insecureAPI.getpw -Xclang -analyzer-checker -Xclang security.insecureAPI.gets -Xclang -analyzer-checker -Xclang security.insecureAPI.mkstemp -Xclang -analyzer-checker -Xclang security.insecureAPI.mktemp -Xclang -analyzer-disable-checker -Xclang security.insecureAPI.rand -Xclang -analyzer-disable-checker -Xclang security.insecureAPI.strcpy -Xclang -analyzer-checker -Xclang security.insecureAPI.vfork -iquote /Users/oikhlas/Library/Developer/Xcode/DerivedData/WebDriverAgent-bcmeffsllcldukgyoimwiehwhvyz/Build/Intermediates.noindex/WebDriverAgent.build/Debug-iphonesimulator/WebDriverAgentLib.build/WebDriverAgentLib-generated-files.hmap -I/Users/oikhlas/Library/Developer/Xcode/DerivedData/WebDriverAgent-bcmeffsllcldukgyoimwiehwhvyz/Build/Intermediates.noindex/WebDriverAgent.build/Debug-iphonesimulator/WebDriverAgentLib.build/WebDriverAgentLib-own-target-headers.hmap -I/Users/oikhlas/Library/Developer/Xcode/DerivedData/WebDriverAgent-bcmeffsllcldukgyoimwiehwhvyz/Build/Intermediates.noindex/WebDriverAgent.build/Debug-iphonesimulator/WebDriverAgentLib.build/WebDriverAgentLib-all-target-headers.hmap -iquote /Users/oikhlas/Library/Developer/Xcode/DerivedData/WebDriverAgent-bcmeffsllcldukgyoimwiehwhvyz/Build/Intermediates.noindex/WebDriverAgent.build/Debug-iphonesimulator/WebDriverAgentLib.build/WebDriverAgentLib-project-headers.hmap -I/Users/oikhlas/Library/Developer/Xcode/DerivedData/WebDriverAgent-bcmeffsllcldukgyoimwiehwhvyz/Build/Products/Debug-iphonesimulator/include -I/Applications/Xcode.app/Contents/Developer/Platforms/iPhoneSimulator.platform/Developer/SDKs/iPhoneSimulator16.0.sdk/usr/include/libxml2 -I/Users/oikhlas/.appium/node_modules/appium-xcuitest-driver/node_modules/appium-webdriveragent/Modules -I/Users/oikhlas/Library/Developer/Xcode/DerivedData/WebDriverAgent-bcmeffsllcldukgyoimwiehwhvyz/Build/Intermediates.noindex/WebDriverAgent.build/Debug-iphonesimulator/WebDriverAgentLib.build/DerivedSources-normal/x86_64 -I/Users/oikhlas/Library/Developer/Xcode/DerivedData/WebDriverAgent-bcmeffsllcldukgyoimwiehwhvyz/Build/Intermediates.noindex/WebDriverAgent.build/Debug-iphonesimulator/WebDriverAgentLib.build/DerivedSources/x86_64 -I/Users/oikhlas/Library/Developer/Xcode/DerivedData/WebDriverAgent-bcmeffsllcldukgyoimwiehwhvyz/Build/Intermediates.noindex/WebDriverAgent.build/Debug-iphonesimulator/WebDriverAgentLib.build/DerivedSources -Weverything -Wno-objc-missing-property-synthesis -Wno-unused-macros -Wno-disabled-macro-expansion -Wno-gnu-statement-expression -Wno-language-extension-token -Wno-overriding-method-mismatch -Wno-missing-variable-declarations -Rno-module-build -Wno-auto-import -Wno-objc-interface-ivars -Wno-documentation-unknown-command -Wno-reserved-id-macro -Wno-unused-parameter -Wno-gnu-conditional-omitted-operand -Wno-explicit-ownership-type -Wno-date-time -Wno-cast-align -Wno-cstring-format-directive -Wno-double-promotion -Wno-partial-availability -Weverything -Wno-objc-missing-property-synthesis -Wno-unused-macros -Wno-disabled-macro-expansion -Wno-gnu-statement-expression -Wno-language-extension-token -Wno-overriding-method-mismatch -Wno-missing-variable-declarations -Rno-module-build -Wno-auto-import -Wno-objc-interface-ivars -Wno-documentation-unknown-command -Wno-reserved-id-macro -Wno-unused-parameter -Wno-gnu-conditional-omitted-operand -Wno-explicit-ownership-type -Wno-date-time -Wno-cast-align -Wno-cstring-format-directive -Wno-double-promotion -Wno-partial-availability -Wno-objc-messaging-id -Wno-direct-ivar-access -Wno-cast-qual -Wno-declaration-after-statement -F/Users/oikhlas/Library/Developer/Xcode/DerivedData/WebDriverAgent-bcmeffsllcldukgyoimwiehwhvyz/Build/Products/Debug-iphonesimulator -F/Applications/Xcode.app/Contents/Developer/Platforms/iPhoneSimulator.platform/Developer/Library/Frameworks -F/Applications/Xcode.app/Contents/Developer/Platforms/iPhoneSimulator.platform/Developer/Library/PrivateFrameworks -iframework /Applications/Xcode.app/Contents/Developer/Platforms/iPhoneSimulator.platform/Developer/SDKs/iPhoneSimulator16.0.sdk/Developer/Library/Frameworks -MMD -MT dependencies -MF /Users/oikhlas/Library/Developer/Xcode/DerivedData/WebDriverAgent-bcmeffsllcldukgyoimwiehwhvyz/Build/Intermediates.noindex/WebDriverAgent.build/Debug-iphonesimulator/WebDriverAgentLib.build/StaticAnalyzer/WebDriverAgent/WebDriverAgentLib/normal/x86_64/XCUIDevice+FBRotation.d --analyze /Users/oikhlas/.appium/node_modules/appium-xcuitest-driver/node_modules/appium-webdriveragent/WebDriverAgentLib/Categories/XCUIDevice+FBRotation.m -o /Users/oikhlas/Library/Developer/Xcode/DerivedData/WebDriverAgent-bcmeffsllcldukgyoimwiehwhvyz/Build/Intermediates.noindex/WebDriverAgent.build/Debug-iphonesimulator/WebDriverAgentLib.build/StaticAnalyzer/WebDriverAgent/WebDriverAgentLib/normal/x86_64/XCUIDevice+FBRotation.plist
&amp#27;[38;5;173m[Xcode]&amp#27;[0m 
&amp#27;[38;5;173m[Xcode]&amp#27;[0m 
&amp#27;[38;5;173m[Xcode]&amp#27;[0m Analyze /Users/oikhlas/.appium/node_modules/appium-xcuitest-driver/node_modules/appium-webdriveragent/WebDriverAgentLib/Categories/XCUIDevice+FBHelpers.m normal x86_64 (in target 'WebDriverAgentLib' from project 'WebDriverAgent')
&amp#27;[38;5;173m[Xcode]&amp#27;[0m     cd /Users/oikhlas/.appium/node_modules/appium-xcuitest-driver/node_modules/appium-webdriveragent
&amp#27;[38;5;173m[Xcode]&amp#27;[0m     /Applications/Xcode.app/Contents/Developer/Toolchains/XcodeDefault.xctoolchain/usr/bin/clang -x objective-c -target x86_64-apple-ios16.0-simulator -fmessage-length\=0 -fdiagnostics-show-note-include-stack -fmacro-backtrace-limit\=0 -std\=gnu99 -fobjc-arc -fmodules -gmodules -fmodules-cache-path\=/Users/oikhlas/Library/Developer/Xcode/DerivedData/WebDriverAgent-bcmeffsllcldukgyoimwiehwhvyz/ModuleCache.noindex -fmodules-prune-interval\=86400 -fmodules-prune-after\=345600 -fbuild-session-file\=/Users/oikhlas/Library/Developer/Xcode/DerivedData/WebDriverAgent-bcmeffsllcldukgyoimwiehwhvyz/ModuleCache.noindex/Session.modulevalidation -fmodules-validate-once-per-build-session -Wno-trigraphs -fpascal-strings -O0 -fno-common -Wmissing-field-initializers -Wno-missing-prototypes -Werror\=return-type -Wunreachable-code -Wquoted-include-in-framework-header -Wno-implicit-atomic-properties -Werror\=deprecated-objc-isa-usage -Wno-objc-interface-ivars -Werror\=objc-root-class -Warc-repeated-use-of-weak -Wno-arc-maybe-repeated-use-of-weak -Wimplicit-retain-self -Wduplicate-method-match -Wno-missing-braces -Wparentheses -Wswitch -Wunused-function -Wno-unused-label -Wunused-parameter -Wunused-variable -Wunused-value -Wempty-body -Wuninitialized -Wconditional-uninitialized -Wno-unknown-pragmas -pedantic -Wshadow -Wno-four-char-constants -Wconversion -Wconstant-conversion -Wint-conversion -Wbool-conversion -Wenum-conversion -Wfloat-conversion -Wnon-literal-null-conversion -Wobjc-literal-conversion -Wassign-enum -Wsign-compare -Wshorten-64-to-32 -Wpointer-sign -Wno-newline-eof -Wno-selector -Wno-strict-selector-match -Wundeclared-selector -Wdeprecated-implementations -Wno-implicit-fallthrough -DDEBUG\=1 -DOBJC_OLD_DISPATCH_PROTOTYPES\=0 -isysroot /Applications/Xcode.app/Contents/Developer/Platforms/iPhoneSimulator.platform/Developer/SDKs/iPhoneSimulator16.0.sdk -fasm-blocks -fstrict-aliasing -Wprotocol -Wdeprecated-declarations -g -Wno-sign-conversion -Winfinite-recursion -Wcomma -Wblock-capture-autoreleasing -Wstrict-prototypes -Wno-semicolon-before-method-body -fobjc-abi-version\=2 -fobjc-legacy-dispatch -D__clang_analyzer__ -Xclang -analyzer-output\=plist-multi-file -Xclang -analyzer-config -Xclang path-diagnostics-alternate\=true -Xclang -analyzer-config -Xclang report-in-main-source-file\=true -Xclang -analyzer-checker -Xclang optin.osx.cocoa.localizability.NonLocalizedStringChecker -Xclang -analyzer-checker -Xclang security.insecureAPI.UncheckedReturn -Xclang -analyzer-checker -Xclang security.insecureAPI.getpw -Xclang -analyzer-checker -Xclang security.insecureAPI.gets -Xclang -analyzer-checker -Xclang security.insecureAPI.mkstemp -Xclang -analyzer-checker -Xclang security.insecureAPI.mktemp -Xclang -analyzer-disable-checker -Xclang security.insecureAPI.rand -Xclang -analyzer-disable-checker -Xclang security.insecureAPI.strcpy -Xclang -analyzer-checker -Xclang security.insecureAPI.vfork -iquote /Users/oikhlas/Library/Developer/Xcode/DerivedData/WebDriverAgent-bcmeffsllcldukgyoimwiehwhvyz/Build/Intermediates.noindex/WebDriverAgent.build/Debug-iphonesimulator/WebDriverAgentLib.build/WebDriverAgentLib-generated-files.hmap -I/Users/oikhlas/Library/Developer/Xcode/DerivedData/WebDriverAgent-bcmeffsllcldukgyoimwiehwhvyz/Build/Intermediates.noindex/WebDriverAgent.build/Debug-iphonesimulator/WebDriverAgentLib.build/WebDriverAgentLib-own-target-headers.hmap -I/Users/oikhlas/Library/Developer/Xcode/DerivedData/WebDriverAgent-bcmeffsllcldukgyoimwiehwhvyz/Build/Intermediates.noindex/WebDriverAgent.build/Debug-iphonesimulator/WebDriverAgentLib.build/WebDriverAgentLib-all-target-headers.hmap -iquote /Users/oikhlas/Library/Developer/Xcode/DerivedData/WebDriverAgent-bcmeffsllcldukgyoimwiehwhvyz/Build/Intermediates.noindex/WebDriverAgent.build/Debug-iphonesimulator/WebDriverAgentLib.build/WebDriverAgentLib-project-headers.hmap -I/Users/oikhlas/Library/Developer/Xcode/DerivedData/WebDriverAgent-bcmeffsllcldukgyoimwiehwhvyz/Build/Products/Debug-iphonesimulator/include -I/Applications/Xcode.app/Contents/Developer/Platforms/iPhoneSimulator.platform/Developer/SDKs/iPhoneSimulator16.0.sdk/usr/include/libxml2 -I/Users/oikhlas/.appium/node_modules/appium-xcuitest-driver/node_modules/appium-webdriveragent/Modules -I/Users/oikhlas/Library/Developer/Xcode/DerivedData/WebDriverAgent-bcmeffsllcldukgyoimwiehwhvyz/Build/Intermediates.noindex/WebDriverAgent.build/Debug-iphonesimulator/WebDriverAgentLib.build/DerivedSources-normal/x86_64 -I/Users/oikhlas/Library/Developer/Xcode/DerivedData/WebDriverAgent-bcmeffsllcldukgyoimwiehwhvyz/Build/Intermediates.noindex/WebDriverAgent.build/Debug-iphonesimulator/WebDriverAgentLib.build/DerivedSources/x86_64 -I/Users/oikhlas/Library/Developer/Xcode/DerivedData/WebDriverAgent-bcmeffsllcldukgyoimwiehwhvyz/Build/Intermediates.noindex/WebDriverAgent.build/Debug-iphonesimulator/WebDriverAgentLib.build/DerivedSources -Weverything -Wno-objc-missing-property-synthesis -Wno-unused-macros -Wno-disabled-macro-expansion -Wno-gnu-statement-expression -Wno-language-extension-token -Wno-overriding-method-mismatch -Wno-missing-variable-declarations -Rno-module-build -Wno-auto-import -Wno-objc-interface-ivars -Wno-documentation-unknown-command -Wno-reserved-id-macro -Wno-unused-parameter -Wno-gnu-conditional-omitted-operand -Wno-explicit-ownership-type -Wno-date-time -Wno-cast-align -Wno-cstring-format-directive -Wno-double-promotion -Wno-partial-availability -Weverything -Wno-objc-missing-property-synthesis -Wno-unused-macros -Wno-disabled-macro-expansion -Wno-gnu-statement-expression -Wno-language-extension-token -Wno-overriding-method-mismatch -Wno-missing-variable-declarations -Rno-module-build -Wno-auto-import -Wno-objc-interface-ivars -Wno-documentation-unknown-command -Wno-reserved-id-macro -Wno-unused-parameter -Wno-gnu-conditional-omitted-operand -Wno-explicit-ownership-type -Wno-date-time -Wno-cast-align -Wno-cstring-format-directive -Wno-double-promotion -Wno-partial-availability -Wno-objc-messaging-id -Wno-direct-ivar-access -Wno-cast-qual -Wno-declaration-after-statement -F/Users/oikhlas/Library/Developer/Xcode/DerivedData/WebDriverAgent-bcmeffsllcldukgyoimwiehwhvyz/Build/Products/Debug-iphonesimulator -F/Applications/Xcode.app/Contents/Developer/Platforms/iPhoneSimulator.platform/Developer/Library/Frameworks -F/Applications/Xcode.app/Contents/Developer/Platforms/iPhoneSimulator.platform/Developer/Library/PrivateFrameworks -iframework /Applications/Xcode.app/Contents/Developer/Platforms/iPhoneSimulator.platform/Developer/SDKs/iPhoneSimulator16.0.sdk/Developer/Library/Frameworks -MMD -MT dependencies -MF /Users/oikhlas/Library/Developer/Xcode/DerivedData/WebDriverAgent-bcmeffsllcldukgyoimwiehwhvyz/Build/Intermediates.noindex/WebDriverAgent.build/Debug-iphonesimulator/WebDriverAgentLib.build/StaticAnalyzer/WebDriverAgent/WebDriverAgentLib/normal/x86_64/XCUIDevice+FBHelpers.d --analyze /Users/oikhlas/.appium/node_modules/appium-xcuitest-driver/node_modules/appium-webdriveragent/WebDriverAgentLib/Categories/XCUIDevice+FBHelpers.m -o /Users/oikhlas/Library/Developer/Xcode/DerivedData/WebDriverAgent-bcmeffsllcldukgyoimwiehwhvyz/Build/Intermediates.noindex/WebDriverAgent.build/Debug-iphonesimulator/WebDriverAgentLib.build/StaticAnalyzer/WebDriverAgent/WebDriverAgentLib/normal/x86_64/XCUIDevice+FBHelpers.plist
&amp#27;[38;5;173m[Xcode]&amp#27;[0m 
&amp#27;[38;5;173m[Xcode]&amp#27;[0m 
&amp#27;[38;5;173m[Xcode]&amp#27;[0m Analyze /Users/oikhlas/.appium/node_modules/appium-xcuitest-driver/node_modules/appium-webdriveragent/WebDriverAgentLib/Categories/XCUIDevice+FBHealthCheck.m normal x86_64 (in target 'WebDriverAgentLib' from project 'WebDriverAgent')
&amp#27;[38;5;173m[Xcode]&amp#27;[0m     cd /Users/oikhlas/.appium/node_modules/appium-xcuitest-driver/node_modules/appium-webdriveragent
&amp#27;[38;5;173m[Xcode]&amp#27;[0m     /Applications/Xcode.app/Contents/Developer/Toolchains/XcodeDefault.xctoolchain/usr/bin/clang -x objective-c -target x86_64-apple-ios16.0-simulator -fmessage-length\=0 -fdiagnostics-show-note-include-stack -fmacro-backtrace-limit\=0 -std\=gnu99 -fobjc-arc -fmodules -gmodules -fmodules-cache-path\=/Users/oikhlas/Library/Developer/Xcode/DerivedData/WebDriverAgent-bcmeffsllcldukgyoimwiehwhvyz/ModuleCache.noindex -fmodules-prune-interval\=86400 -fmodules-prune-after\=345600 -fbuild-session-file\=/Users/oikhlas/Library/Developer/Xcode/DerivedData/WebDriverAgent-bcmeffsllcldukgyoimwiehwhvyz/ModuleCache.noindex/Session.modulevalidation -fmodules-validate-once-per-build-session -Wno-trigraphs -fpascal-strings -O0 -fno-common -Wmissing-field-initializers -Wno-missing-prototypes -Werror\=return-type -Wunreachable-code -Wquoted-include-in-framework-header -Wno-implicit-atomic-properties -Werror\=deprecated-objc-isa-usage -Wno-objc-interface-ivars -Werror\=objc-root-class -Warc-repeated-use-of-weak -Wno-arc-maybe-repeated-use-of-weak -Wimplicit-retain-self -Wduplicate-method-match -Wno-missing-braces -Wparentheses -Wswitch -Wunused-function -Wno-unused-label -Wunused-parameter -Wunused-variable -Wunused-value -Wempty-body -Wuninitialized -Wconditional-uninitialized -Wno-unknown-pragmas -pedantic -Wshadow -Wno-four-char-constants -Wconversion -Wconstant-conversion -Wint-conversion -Wbool-conversion -Wenum-conversion -Wfloat-conversion -Wnon-literal-null-conversion -Wobjc-literal-conversion -Wassign-enum -Wsign-compare -Wshorten-64-to-32 -Wpointer-sign -Wno-newline-eof -Wno-selector -Wno-strict-selector-match -Wundeclared-selector -Wdeprecated-implementations -Wno-implicit-fallthrough -DDEBUG\=1 -DOBJC_OLD_DISPATCH_PROTOTYPES\=0 -isysroot /Applications/Xcode.app/Contents/Developer/Platforms/iPhoneSimulator.platform/Developer/SDKs/iPhoneSimulator16.0.sdk -fasm-blocks -fstrict-aliasing -Wprotocol -Wdeprecated-declarations -g -Wno-sign-conversion -Winfinite-recursion -Wcomma -Wblock-capture-autoreleasing -Wstrict-prototypes -Wno-semicolon-before-method-body -fobjc-abi-version\=2 -fobjc-legacy-dispatch -D__clang_analyzer__ -Xclang -analyzer-output\=plist-multi-file -Xclang -analyzer-config -Xclang path-diagnostics-alternate\=true -Xclang -analyzer-config -Xclang report-in-main-source-file\=true -Xclang -analyzer-checker -Xclang optin.osx.cocoa.localizability.NonLocalizedStringChecker -Xclang -analyzer-checker -Xclang security.insecureAPI.UncheckedReturn -Xclang -analyzer-checker -Xclang security.insecureAPI.getpw -Xclang -analyzer-checker -Xclang security.insecureAPI.gets -Xclang -analyzer-checker -Xclang security.insecureAPI.mkstemp -Xclang -analyzer-checker -Xclang security.insecureAPI.mktemp -Xclang -analyzer-disable-checker -Xclang security.insecureAPI.rand -Xclang -analyzer-disable-checker -Xclang security.insecureAPI.strcpy -Xclang -analyzer-checker -Xclang security.insecureAPI.vfork -iquote /Users/oikhlas/Library/Developer/Xcode/DerivedData/WebDriverAgent-bcmeffsllcldukgyoimwiehwhvyz/Build/Intermediates.noindex/WebDriverAgent.build/Debug-iphonesimulator/WebDriverAgentLib.build/WebDriverAgentLib-generated-files.hmap -I/Users/oikhlas/Library/Developer/Xcode/DerivedData/WebDriverAgent-bcmeffsllcldukgyoimwiehwhvyz/Build/Intermediates.noindex/WebDriverAgent.build/Debug-iphonesimulator/WebDriverAgentLib.build/WebDriverAgentLib-own-target-headers.hmap -I/Users/oikhlas/Library/Developer/Xcode/DerivedData/WebDriverAgent-bcmeffsllcldukgyoimwiehwhvyz/Build/Intermediates.noindex/WebDriverAgent.build/Debug-iphonesimulator/WebDriverAgentLib.build/WebDriverAgentLib-all-target-headers.hmap -iquote /Users/oikhlas/Library/Developer/Xcode/DerivedData/WebDriverAgent-bcmeffsllcldukgyoimwiehwhvyz/Build/Intermediates.noindex/WebDriverAgent.build/Debug-iphonesimulator/WebDriverAgentLib.build/WebDriverAgentLib-project-headers.hmap -I/Users/oikhlas/Library/Developer/Xcode/DerivedData/WebDriverAgent-bcmeffsllcldukgyoimwiehwhvyz/Build/Products/Debug-iphonesimulator/include -I/Applications/Xcode.app/Contents/Developer/Platforms/iPhoneSimulator.platform/Developer/SDKs/iPhoneSimulator16.0.sdk/usr/include/libxml2 -I/Users/oikhlas/.appium/node_modules/appium-xcuitest-driver/node_modules/appium-webdriveragent/Modules -I/Users/oikhlas/Library/Developer/Xcode/DerivedData/WebDriverAgent-bcmeffsllcldukgyoimwiehwhvyz/Build/Intermediates.noindex/WebDriverAgent.build/Debug-iphonesimulator/WebDriverAgentLib.build/DerivedSources-normal/x86_64 -I/Users/oikhlas/Library/Developer/Xcode/DerivedData/WebDriverAgent-bcmeffsllcldukgyoimwiehwhvyz/Build/Intermediates.noindex/WebDriverAgent.build/Debug-iphonesimulator/WebDriverAgentLib.build/DerivedSources/x86_64 -I/Users/oikhlas/Library/Developer/Xcode/DerivedData/WebDriverAgent-bcmeffsllcldukgyoimwiehwhvyz/Build/Intermediates.noindex/WebDriverAgent.build/Debug-iphonesimulator/WebDriverAgentLib.build/DerivedSources -Weverything -Wno-objc-missing-property-synthesis -Wno-unused-macros -Wno-disabled-macro-expansion -Wno-gnu-statement-expression -Wno-language-extension-token -Wno-overriding-method-mismatch -Wno-missing-variable-declarations -Rno-module-build -Wno-auto-import -Wno-objc-interface-ivars -Wno-documentation-unknown-command -Wno-reserved-id-macro -Wno-unused-parameter -Wno-gnu-conditional-omitted-operand -Wno-explicit-ownership-type -Wno-date-time -Wno-cast-align -Wno-cstring-format-directive -Wno-double-promotion -Wno-partial-availability -Weverything -Wno-objc-missing-property-synthesis -Wno-unused-macros -Wno-disabled-macro-expansion -Wno-gnu-statement-expression -Wno-language-extension-token -Wno-overriding-method-mismatch -Wno-missing-variable-declarations -Rno-module-build -Wno-auto-import -Wno-objc-interface-ivars -Wno-documentation-unknown-command -Wno-reserved-id-macro -Wno-unused-parameter -Wno-gnu-conditional-omitted-operand -Wno-explicit-ownership-type -Wno-date-time -Wno-cast-align -Wno-cstring-format-directive -Wno-double-promotion -Wno-partial-availability -Wno-objc-messaging-id -Wno-direct-ivar-access -Wno-cast-qual -Wno-declaration-after-statement -F/Users/oikhlas/Library/Developer/Xcode/DerivedData/WebDriverAgent-bcmeffsllcldukgyoimwiehwhvyz/Build/Products/Debug-iphonesimulator -F/Applications/Xcode.app/Contents/Developer/Platforms/iPhoneSimulator.platform/Developer/Library/Frameworks -F/Applications/Xcode.app/Contents/Developer/Platforms/iPhoneSimulator.platform/Developer/Library/PrivateFrameworks -iframework /Applications/Xcode.app/Contents/Developer/Platforms/iPhoneSimulator.platform/Developer/SDKs/iPhoneSimulator16.0.sdk/Developer/Library/Frameworks -MMD -MT dependencies -MF /Users/oikhlas/Library/Developer/Xcode/DerivedData/WebDriverAgent-bcmeffsllcldukgyoimwiehwhvyz/Build/Intermediates.noindex/WebDriverAgent.build/Debug-iphonesimulator/WebDriverAgentLib.build/StaticAnalyzer/WebDriverAgent/WebDriverAgentLib/normal/x86_64/XCUIDevice+FBHealthCheck.d --analyze /Users/oikhlas/.appium/node_modules/appium-xcuitest-driver/node_modules/appium-webdriveragent/WebDriverAgentLib/Categories/XCUIDevice+FBHealthCheck.m -o /Users/oikhlas/Library/Developer/Xcode/DerivedData/WebDriverAgent-bcmeffsllcldukgyoimwiehwhvyz/Build/Intermediates.noindex/WebDriverAgent.build/Debug-iphonesimulator/WebDriverAgentLib.build/StaticAnalyzer/WebDriverAgent/WebDriverAgentLib/normal/x86_64/XCUIDevice+FBHealthCheck.plist
&amp#27;[38;5;173m[Xcode]&amp#27;[0m 
&amp#27;[38;5;173m[Xcode]&amp#27;[0m 
&amp#27;[38;5;173m[Xcode]&amp#27;[0m Analyze /Users/oikhlas/.appium/node_modules/appium-xcuitest-driver/node_modules/appium-webdriveragent/WebDriverAgentLib/Categories/XCUIApplicationProcess+FBQuiescence.m normal x86_64 (in target 'WebDriverAgentLib' from project 'WebDriverAgent')
&amp#27;[38;5;173m[Xcode]&amp#27;[0m     cd /Users/oikhlas/.appium/node_modules/appium-xcuitest-driver/node_modules/appium-webdriveragent
&amp#27;[38;5;173m[Xcode]&amp#27;[0m     /Applications/Xcode.app/Contents/Developer/Toolchains/XcodeDefault.xctoolchain/usr/bin/clang -x objective-c -target x86_64-apple-ios16.0-simulator -fmessage-length\=0 -fdiagnostics-show-note-include-stack -fmacro-backtrace-limit\=0 -std\=gnu99 -fobjc-arc -fmodules -gmodules -fmodules-cache-path\=/Users/oikhlas/Library/Developer/Xcode/DerivedData/WebDriverAgent-bcmeffsllcldukgyoimwiehwhvyz/ModuleCache.noindex -fmodules-prune-interval\=86400 -fmodules-prune-after\=345600 -fbuild-session-file\=/Users/oikhlas/Library/Developer/Xcode/DerivedData/WebDriverAgent-bcmeffsllcldukgyoimwiehwhvyz/ModuleCache.noindex/Session.modulevalidation -fmodules-validate-once-per-build-session -Wno-trigraphs -fpascal-strings -O0 -fno-common -Wmissing-field-initializers -Wno-missing-prototypes -Werror\=return-type -Wunreachable-code -Wquoted-include-in-framework-header -Wno-implicit-atomic-properties -Werror\=deprecated-objc-isa-usage -Wno-objc-interface-ivars -Werror\=objc-root-class -Warc-repeated-use-of-weak -Wno-arc-maybe-repeated-use-of-weak -Wimplicit-retain-self -Wduplicate-method-match -Wno-missing-braces -Wparentheses -Wswitch -Wunused-function -Wno-unused-label -Wunused-parameter -Wunused-variable -Wunused-value -Wempty-body -Wuninitialized -Wconditional-uninitialized -Wno-unknown-pragmas -pedantic -Wshadow -Wno-four-char-constants -Wconversion -Wconstant-conversion -Wint-conversion -Wbool-conversion -Wenum-conversion -Wfloat-conversion -Wnon-literal-null-conversion -Wobjc-literal-conversion -Wassign-enum -Wsign-compare -Wshorten-64-to-32 -Wpointer-sign -Wno-newline-eof -Wno-selector -Wno-strict-selector-match -Wundeclared-selector -Wdeprecated-implementations -Wno-implicit-fallthrough -DDEBUG\=1 -DOBJC_OLD_DISPATCH_PROTOTYPES\=0 -isysroot /Applications/Xcode.app/Contents/Developer/Platforms/iPhoneSimulator.platform/Developer/SDKs/iPhoneSimulator16.0.sdk -fasm-blocks -fstrict-aliasing -Wprotocol -Wdeprecated-declarations -g -Wno-sign-conversion -Winfinite-recursion -Wcomma -Wblock-capture-autoreleasing -Wstrict-prototypes -Wno-semicolon-before-method-body -fobjc-abi-version\=2 -fobjc-legacy-dispatch -D__clang_analyzer__ -Xclang -analyzer-output\=plist-multi-file -Xclang -analyzer-config -Xclang path-diagnostics-alternate\=true -Xclang -analyzer-config -Xclang report-in-main-source-file\=true -Xclang -analyzer-checker -Xclang optin.osx.cocoa.localizability.NonLocalizedStringChecker -Xclang -analyzer-checker -Xclang security.insecureAPI.UncheckedReturn -Xclang -analyzer-checker -Xclang security.insecureAPI.getpw -Xclang -analyzer-checker -Xclang security.insecureAPI.gets -Xclang -analyzer-checker -Xclang security.insecureAPI.mkstemp -Xclang -analyzer-checker -Xclang security.insecureAPI.mktemp -Xclang -analyzer-disable-checker -Xclang security.insecureAPI.rand -Xclang -analyzer-disable-checker -Xclang security.insecureAPI.strcpy -Xclang -analyzer-checker -Xclang security.insecureAPI.vfork -iquote /Users/oikhlas/Library/Developer/Xcode/DerivedData/WebDriverAgent-bcmeffsllcldukgyoimwiehwhvyz/Build/Intermediates.noindex/WebDriverAgent.build/Debug-iphonesimulator/WebDriverAgentLib.build/WebDriverAgentLib-generated-files.hmap -I/Users/oikhlas/Library/Developer/Xcode/DerivedData/WebDriverAgent-bcmeffsllcldukgyoimwiehwhvyz/Build/Intermediates.noindex/WebDriverAgent.build/Debug-iphonesimulator/WebDriverAgentLib.build/WebDriverAgentLib-own-target-headers.hmap -I/Users/oikhlas/Library/Developer/Xcode/DerivedData/WebDriverAgent-bcmeffsllcldukgyoimwiehwhvyz/Build/Intermediates.noindex/WebDriverAgent.build/Debug-iphonesimulator/WebDriverAgentLib.build/WebDriverAgentLib-all-target-headers.hmap -iquote /Users/oikhlas/Library/Developer/Xcode/DerivedData/WebDriverAgent-bcmeffsllcldukgyoimwiehwhvyz/Build/Intermediates.noindex/WebDriverAgent.build/Debug-iphonesimulator/WebDriverAgentLib.build/WebDriverAgentLib-project-headers.hmap -I/Users/oikhlas/Library/Developer/Xcode/DerivedData/WebDriverAgent-bcmeffsllcldukgyoimwiehwhvyz/Build/Products/Debug-iphonesimulator/include -I/Applications/Xcode.app/Contents/Developer/Platforms/iPhoneSimulator.platform/Developer/SDKs/iPhoneSimulator16.0.sdk/usr/include/libxml2 -I/Users/oikhlas/.appium/node_modules/appium-xcuitest-driver/node_modules/appium-webdriveragent/Modules -I/Users/oikhlas/Library/Developer/Xcode/DerivedData/WebDriverAgent-bcmeffsllcldukgyoimwiehwhvyz/Build/Intermediates.noindex/WebDriverAgent.build/Debug-iphonesimulator/WebDriverAgentLib.build/DerivedSources-normal/x86_64 -I/Users/oikhlas/Library/Developer/Xcode/DerivedData/WebDriverAgent-bcmeffsllcldukgyoimwiehwhvyz/Build/Intermediates.noindex/WebDriverAgent.build/Debug-iphonesimulator/WebDriverAgentLib.build/DerivedSources/x86_64 -I/Users/oikhlas/Library/Developer/Xcode/DerivedData/WebDriverAgent-bcmeffsllcldukgyoimwiehwhvyz/Build/Intermediates.noindex/WebDriverAgent.build/Debug-iphonesimulator/WebDriverAgentLib.build/DerivedSources -Weverything -Wno-objc-missing-property-synthesis -Wno-unused-macros -Wno-disabled-macro-expansion -Wno-gnu-statement-expression -Wno-language-extension-token -Wno-overriding-method-mismatch -Wno-missing-variable-declarations -Rno-module-build -Wno-auto-import -Wno-objc-interface-ivars -Wno-documentation-unknown-command -Wno-reserved-id-macro -Wno-unused-parameter -Wno-gnu-conditional-omitted-operand -Wno-explicit-ownership-type -Wno-date-time -Wno-cast-align -Wno-cstring-format-directive -Wno-double-promotion -Wno-partial-availability -Weverything -Wno-objc-missing-property-synthesis -Wno-unused-macros -Wno-disabled-macro-expansion -Wno-gnu-statement-expression -Wno-language-extension-token -Wno-overriding-method-mismatch -Wno-missing-variable-declarations -Rno-module-build -Wno-auto-import -Wno-objc-interface-ivars -Wno-documentation-unknown-command -Wno-reserved-id-macro -Wno-unused-parameter -Wno-gnu-conditional-omitted-operand -Wno-explicit-ownership-type -Wno-date-time -Wno-cast-align -Wno-cstring-format-directive -Wno-double-promotion -Wno-partial-availability -Wno-objc-messaging-id -Wno-direct-ivar-access -Wno-cast-qual -Wno-declaration-after-statement -F/Users/oikhlas/Library/Developer/Xcode/DerivedData/WebDriverAgent-bcmeffsllcldukgyoimwiehwhvyz/Build/Products/Debug-iphonesimulator -F/Applications/Xcode.app/Contents/Developer/Platforms/iPhoneSimulator.platform/Developer/Library/Frameworks -F/Applications/Xcode.app/Contents/Developer/Platforms/iPhoneSimulator.platform/Developer/Library/PrivateFrameworks -iframework /Applications/Xcode.app/Contents/Developer/Platforms/iPhoneSimulator.platform/Developer/SDKs/iPhoneSimulator16.0.sdk/Developer/Library/Frameworks -MMD -MT dependencies -MF /Users/oikhlas/Library/Developer/Xcode/DerivedData/WebDriverAgent-bcmeffsllcldukgyoimwiehwhvyz/Build/Intermediates.noindex/WebDriverAgent.build/Debug-iphonesimulator/WebDriverAgentLib.build/StaticAnalyzer/WebDriverAgent/WebDriverAgentLib/normal/x86_64/XCUIApplicationProcess+FBQuiescence.d --analyze /Users/oikhlas/.appium/node_modules/appium-xcuitest-driver/node_modules/appium-webdriveragent/WebDriverAgentLib/Categories/XCUIApplicationProcess+FBQuiescence.m -o /Users/oikhlas/Library/Developer/Xcode/DerivedData/WebDriverAgent-bcmeffsllcldukgyoimwiehwhvyz/Build/Intermediates.noindex/WebDriverAgent.build/Debug-iphonesimulator/WebDriverAgentLib.build/StaticAnalyzer/WebDriverAgent/WebDriverAgentLib/normal/x86_64/XCUIApplicationProcess+FBQuiescence.plist
&amp#27;[38;5;173m[Xcode]&amp#27;[0m 
&amp#27;[38;5;173m[Xcode]&amp#27;[0m 
&amp#27;[38;5;173m[Xcode]&amp#27;[0m Analyze /Users/oikhlas/.appium/node_modules/appium-xcuitest-driver/node_modules/appium-webdriveragent/WebDriverAgentLib/Categories/XCUIApplication+FBUIInterruptions.m normal x86_64 (in target 'WebDriverAgentLib' from project 'WebDriverAgent')
&amp#27;[38;5;173m[Xcode]&amp#27;[0m     cd /Users/oikhlas/.appium/node_modules/appium-xcuitest-driver/node_modules/appium-webdriveragent
&amp#27;[38;5;173m[Xcode]&amp#27;[0m     /Applications/Xcode.app/Contents/Developer/Toolchains/XcodeDefault.xctoolchain/usr/bin/clang -x objective-c -target x86_64-apple-ios16.0-simulator -fmessage-length\=0 -fdiagnostics-show-note-include-stack -fmacro-backtrace-limit\=0 -std\=gnu99 -fobjc-arc -fmodules -gmodules -fmodules-cache-path\=/Users/oikhlas/Library/Developer/Xcode/DerivedData/WebDriverAgent-bcmeffsllcldukgyoimwiehwhvyz/ModuleCache.noindex -fmodules-prune-interval\=86400 -fmodules-prune-after\=345600 -fbuild-session-file\=/Users/oikhlas/Library/Developer/Xcode/DerivedData/WebDriverAgent-bcmeffsllcldukgyoimwiehwhvyz/ModuleCache.noindex/Session.modulevalidation -fmodules-validate-once-per-build-session -Wno-trigraphs -fpascal-strings -O0 -fno-common -Wmissing-field-initializers -Wno-missing-prototypes -Werror\=return-type -Wunreachable-code -Wquoted-include-in-framework-header -Wno-implicit-atomic-properties -Werror\=deprecated-objc-isa-usage -Wno-objc-interface-ivars -Werror\=objc-root-class -Warc-repeated-use-of-weak -Wno-arc-maybe-repeated-use-of-weak -Wimplicit-retain-self -Wduplicate-method-match -Wno-missing-braces -Wparentheses -Wswitch -Wunused-function -Wno-unused-label -Wunused-parameter -Wunused-variable -Wunused-value -Wempty-body -Wuninitialized -Wconditional-uninitialized -Wno-unknown-pragmas -pedantic -Wshadow -Wno-four-char-constants -Wconversion -Wconstant-conversion -Wint-conversion -Wbool-conversion -Wenum-conversion -Wfloat-conversion -Wnon-literal-null-conversion -Wobjc-literal-conversion -Wassign-enum -Wsign-compare -Wshorten-64-to-32 -Wpointer-sign -Wno-newline-eof -Wno-selector -Wno-strict-selector-match -Wundeclared-selector -Wdeprecated-implementations -Wno-implicit-fallthrough -DDEBUG\=1 -DOBJC_OLD_DISPATCH_PROTOTYPES\=0 -isysroot /Applications/Xcode.app/Contents/Developer/Platforms/iPhoneSimulator.platform/Developer/SDKs/iPhoneSimulator16.0.sdk -fasm-blocks -fstrict-aliasing -Wprotocol -Wdeprecated-declarations -g -Wno-sign-conversion -Winfinite-recursion -Wcomma -Wblock-capture-autoreleasing -Wstrict-prototypes -Wno-semicolon-before-method-body -fobjc-abi-version\=2 -fobjc-legacy-dispatch -D__clang_analyzer__ -Xclang -analyzer-output\=plist-multi-file -Xclang -analyzer-config -Xclang path-diagnostics-alternate\=true -Xclang -analyzer-config -Xclang report-in-main-source-file\=true -Xclang -analyzer-checker -Xclang optin.osx.cocoa.localizability.NonLocalizedStringChecker -Xclang -analyzer-checker -Xclang security.insecureAPI.UncheckedReturn -Xclang -analyzer-checker -Xclang security.insecureAPI.getpw -Xclang -analyzer-checker -Xclang security.insecureAPI.gets -Xclang -analyzer-checker -Xclang security.insecureAPI.mkstemp -Xclang -analyzer-checker -Xclang security.insecureAPI.mktemp -Xclang -analyzer-disable-checker -Xclang security.insecureAPI.rand -Xclang -analyzer-disable-checker -Xclang security.insecureAPI.strcpy -Xclang -analyzer-checker -Xclang security.insecureAPI.vfork -iquote /Users/oikhlas/Library/Developer/Xcode/DerivedData/WebDriverAgent-bcmeffsllcldukgyoimwiehwhvyz/Build/Intermediates.noindex/WebDriverAgent.build/Debug-iphonesimulator/WebDriverAgentLib.build/WebDriverAgentLib-generated-files.hmap -I/Users/oikhlas/Library/Developer/Xcode/DerivedData/WebDriverAgent-bcmeffsllcldukgyoimwiehwhvyz/Build/Intermediates.noindex/WebDriverAgent.build/Debug-iphonesimulator/WebDriverAgentLib.build/WebDriverAgentLib-own-target-headers.hmap -I/Users/oikhlas/Library/Developer/Xcode/DerivedData/WebDriverAgent-bcmeffsllcldukgyoimwiehwhvyz/Build/Intermediates.noindex/WebDriverAgent.build/Debug-iphonesimulator/WebDriverAgentLib.build/WebDriverAgentLib-all-target-headers.hmap -iquote /Users/oikhlas/Library/Developer/Xcode/DerivedData/WebDriverAgent-bcmeffsllcldukgyoimwiehwhvyz/Build/Intermediates.noindex/WebDriverAgent.build/Debug-iphonesimulator/WebDriverAgentLib.build/WebDriverAgentLib-project-headers.hmap -I/Users/oikhlas/Library/Developer/Xcode/DerivedData/WebDriverAgent-bcmeffsllcldukgyoimwiehwhvyz/Build/Products/Debug-iphonesimulator/include -I/Applications/Xcode.app/Contents/Developer/Platforms/iPhoneSimulator.platform/Developer/SDKs/iPhoneSimulator16.0.sdk/usr/include/libxml2 -I/Users/oikhlas/.appium/node_modules/appium-xcuitest-driver/node_modules/appium-webdriveragent/Modules -I/Users/oikhlas/Library/Developer/Xcode/DerivedData/WebDriverAgent-bcmeffsllcldukgyoimwiehwhvyz/Build/Intermediates.noindex/WebDriverAgent.build/Debug-iphonesimulator/WebDriverAgentLib.build/DerivedSources-normal/x86_64 -I/Users/oikhlas/Library/Developer/Xcode/DerivedData/WebDriverAgent-bcmeffsllcldukgyoimwiehwhvyz/Build/Intermediates.noindex/WebDriverAgent.build/Debug-iphonesimulator/WebDriverAgentLib.build/DerivedSources/x86_64 -I/Users/oikhlas/Library/Developer/Xcode/DerivedData/WebDriverAgent-bcmeffsllcldukgyoimwiehwhvyz/Build/Intermediates.noindex/WebDriverAgent.build/Debug-iphonesimulator/WebDriverAgentLib.build/DerivedSources -Weverything -Wno-objc-missing-property-synthesis -Wno-unused-macros -Wno-disabled-macro-expansion -Wno-gnu-statement-expression -Wno-language-extension-token -Wno-overriding-method-mismatch -Wno-missing-variable-declarations -Rno-module-build -Wno-auto-import -Wno-objc-interface-ivars -Wno-documentation-unknown-command -Wno-reserved-id-macro -Wno-unused-parameter -Wno-gnu-conditional-omitted-operand -Wno-explicit-ownership-type -Wno-date-time -Wno-cast-align -Wno-cstring-format-directive -Wno-double-promotion -Wno-partial-availability -Weverything -Wno-objc-missing-property-synthesis -Wno-unused-macros -Wno-disabled-macro-expansion -Wno-gnu-statement-expression -Wno-language-extension-token -Wno-overriding-method-mismatch -Wno-missing-variable-declarations -Rno-module-build -Wno-auto-import -Wno-objc-interface-ivars -Wno-documentation-unknown-command -Wno-reserved-id-macro -Wno-unused-parameter -Wno-gnu-conditional-omitted-operand -Wno-explicit-ownership-type -Wno-date-time -Wno-cast-align -Wno-cstring-format-directive -Wno-double-promotion -Wno-partial-availability -Wno-objc-messaging-id -Wno-direct-ivar-access -Wno-cast-qual -Wno-declaration-after-statement -F/Users/oikhlas/Library/Developer/Xcode/DerivedData/WebDriverAgent-bcmeffsllcldukgyoimwiehwhvyz/Build/Products/Debug-iphonesimulator -F/Applications/Xcode.app/Contents/Developer/Platforms/iPhoneSimulator.platform/Developer/Library/Frameworks -F/Applications/Xcode.app/Contents/Developer/Platforms/iPhoneSimulator.platform/Developer/Library/PrivateFrameworks -iframework /Applications/Xcode.app/Contents/Developer/Platforms/iPhoneSimulator.platform/Developer/SDKs/iPhoneSimulator16.0.sdk/Developer/Library/Frameworks -MMD -MT dependencies -MF /Users/oikhlas/Library/Developer/Xcode/DerivedData/WebDriverAgent-bcmeffsllcldukgyoimwiehwhvyz/Build/Intermediates.noindex/WebDriverAgent.build/Debug-iphonesimulator/WebDriverAgentLib.build/StaticAnalyzer/WebDriverAgent/WebDriverAgentLib/normal/x86_64/XCUIApplication+FBUIInterruptions.d --analyze /Users/oikhlas/.appium/node_modules/appium-xcuitest-driver/node_modules/appium-webdriveragent/WebDriverAgentLib/Categories/XCUIApplication+FBUIInterruptions.m -o /Users/oikhlas/Library/Developer/Xcode/DerivedData/WebDriverAgent-bcmeffsllcldukgyoimwiehwhvyz/Build/Intermediates.noindex/WebDriverAgent.build/Debug-iphonesimulator/WebDriverAgentLib.build/StaticAnalyzer/WebDriverAgent/WebDriverAgentLib/normal/x86_64/XCUIApplication+FBUIInterruptions.plist
&amp#27;[38;5;173m[Xcode]&amp#27;[0m 
&amp#27;[38;5;173m[Xcode]&amp#27;[0m 
&amp#27;[38;5;173m[Xcode]&amp#27;[0m Analyze /Users/oikhlas/.appium/node_modules/appium-xcuitest-driver/node_modules/appium-webdriveragent/WebDriverAgentLib/Categories/XCAXClient_iOS+FBSnapshotReqParams.m normal x86_64 (in target 'WebDriverAgentLib' from project 'WebDriverAgent')
&amp#27;[38;5;173m[Xcode]&amp#27;[0m     cd /Users/oikhlas/.appium/node_modules/appium-xcuitest-driver/node_modules/appium-webdriveragent
&amp#27;[38;5;173m[Xcode]&amp#27;[0m     /Applications/Xcode.app/Contents/Developer/Toolchains/XcodeDefault.xctoolchain/usr/bin/clang -x objective-c -target x86_64-apple-ios16.0-simulator -fmessage-length\=0 -fdiagnostics-show-note-include-stack -fmacro-backtrace-limit\=0 -std\=gnu99 -fobjc-arc -fmodules -gmodules -fmodules-cache-path\=/Users/oikhlas/Library/Developer/Xcode/DerivedData/WebDriverAgent-bcmeffsllcldukgyoimwiehwhvyz/ModuleCache.noindex -fmodules-prune-interval\=86400 -fmodules-prune-after\=345600 -fbuild-session-file\=/Users/oikhlas/Library/Developer/Xcode/DerivedData/WebDriverAgent-bcmeffsllcldukgyoimwiehwhvyz/ModuleCache.noindex/Session.modulevalidation -fmodules-validate-once-per-build-session -Wno-trigraphs -fpascal-strings -O0 -fno-common -Wmissing-field-initializers -Wno-missing-prototypes -Werror\=return-type -Wunreachable-code -Wquoted-include-in-framework-header -Wno-implicit-atomic-properties -Werror\=deprecated-objc-isa-usage -Wno-objc-interface-ivars -Werror\=objc-root-class -Warc-repeated-use-of-weak -Wno-arc-maybe-repeated-use-of-weak -Wimplicit-retain-self -Wduplicate-method-match -Wno-missing-braces -Wparentheses -Wswitch -Wunused-function -Wno-unused-label -Wunused-parameter -Wunused-variable -Wunused-value -Wempty-body -Wuninitialized -Wconditional-uninitialized -Wno-unknown-pragmas -pedantic -Wshadow -Wno-four-char-constants -Wconversion -Wconstant-conversion -Wint-conversion -Wbool-conversion -Wenum-conversion -Wfloat-conversion -Wnon-literal-null-conversion -Wobjc-literal-conversion -Wassign-enum -Wsign-compare -Wshorten-64-to-32 -Wpointer-sign -Wno-newline-eof -Wno-selector -Wno-strict-selector-match -Wundeclared-selector -Wdeprecated-implementations -Wno-implicit-fallthrough -DDEBUG\=1 -DOBJC_OLD_DISPATCH_PROTOTYPES\=0 -isysroot /Applications/Xcode.app/Contents/Developer/Platforms/iPhoneSimulator.platform/Developer/SDKs/iPhoneSimulator16.0.sdk -fasm-blocks -fstrict-aliasing -Wprotocol -Wdeprecated-declarations -g -Wno-sign-conversion -Winfinite-recursion -Wcomma -Wblock-capture-autoreleasing -Wstrict-prototypes -Wno-semicolon-before-method-body -fobjc-abi-version\=2 -fobjc-legacy-dispatch -D__clang_analyzer__ -Xclang -analyzer-output\=plist-multi-file -Xclang -analyzer-config -Xclang path-diagnostics-alternate\=true -Xclang -analyzer-config -Xclang report-in-main-source-file\=true -Xclang -analyzer-checker -Xclang optin.osx.cocoa.localizability.NonLocalizedStringChecker -Xclang -analyzer-checker -Xclang security.insecureAPI.UncheckedReturn -Xclang -analyzer-checker -Xclang security.insecureAPI.getpw -Xclang -analyzer-checker -Xclang security.insecureAPI.gets -Xclang -analyzer-checker -Xclang security.insecureAPI.mkstemp -Xclang -analyzer-checker -Xclang security.insecureAPI.mktemp -Xclang -analyzer-disable-checker -Xclang security.insecureAPI.rand -Xclang -analyzer-disable-checker -Xclang security.insecureAPI.strcpy -Xclang -analyzer-checker -Xclang security.insecureAPI.vfork -iquote /Users/oikhlas/Library/Developer/Xcode/DerivedData/WebDriverAgent-bcmeffsllcldukgyoimwiehwhvyz/Build/Intermediates.noindex/WebDriverAgent.build/Debug-iphonesimulator/WebDriverAgentLib.build/WebDriverAgentLib-generated-files.hmap -I/Users/oikhlas/Library/Developer/Xcode/DerivedData/WebDriverAgent-bcmeffsllcldukgyoimwiehwhvyz/Build/Intermediates.noindex/WebDriverAgent.build/Debug-iphonesimulator/WebDriverAgentLib.build/WebDriverAgentLib-own-target-headers.hmap -I/Users/oikhlas/Library/Developer/Xcode/DerivedData/WebDriverAgent-bcmeffsllcldukgyoimwiehwhvyz/Build/Intermediates.noindex/WebDriverAgent.build/Debug-iphonesimulator/WebDriverAgentLib.build/WebDriverAgentLib-all-target-headers.hmap -iquote /Users/oikhlas/Library/Developer/Xcode/DerivedData/WebDriverAgent-bcmeffsllcldukgyoimwiehwhvyz/Build/Intermediates.noindex/WebDriverAgent.build/Debug-iphonesimulator/WebDriverAgentLib.build/WebDriverAgentLib-project-headers.hmap -I/Users/oikhlas/Library/Developer/Xcode/DerivedData/WebDriverAgent-bcmeffsllcldukgyoimwiehwhvyz/Build/Products/Debug-iphonesimulator/include -I/Applications/Xcode.app/Contents/Developer/Platforms/iPhoneSimulator.platform/Developer/SDKs/iPhoneSimulator16.0.sdk/usr/include/libxml2 -I/Users/oikhlas/.appium/node_modules/appium-xcuitest-driver/node_modules/appium-webdriveragent/Modules -I/Users/oikhlas/Library/Developer/Xcode/DerivedData/WebDriverAgent-bcmeffsllcldukgyoimwiehwhvyz/Build/Intermediates.noindex/WebDriverAgent.build/Debug-iphonesimulator/WebDriverAgentLib.build/DerivedSources-normal/x86_64 -I/Users/oikhlas/Library/Developer/Xcode/DerivedData/WebDriverAgent-bcmeffsllcldukgyoimwiehwhvyz/Build/Intermediates.noindex/WebDriverAgent.build/Debug-iphonesimulator/WebDriverAgentLib.build/DerivedSources/x86_64 -I/Users/oikhlas/Library/Developer/Xcode/DerivedData/WebDriverAgent-bcmeffsllcldukgyoimwiehwhvyz/Build/Intermediates.noindex/WebDriverAgent.build/Debug-iphonesimulator/WebDriverAgentLib.build/DerivedSources -Weverything -Wno-objc-missing-property-synthesis -Wno-unused-macros -Wno-disabled-macro-expansion -Wno-gnu-statement-expression -Wno-language-extension-token -Wno-overriding-method-mismatch -Wno-missing-variable-declarations -Rno-module-build -Wno-auto-import -Wno-objc-interface-ivars -Wno-documentation-unknown-command -Wno-reserved-id-macro -Wno-unused-parameter -Wno-gnu-conditional-omitted-operand -Wno-explicit-ownership-type -Wno-date-time -Wno-cast-align -Wno-cstring-format-directive -Wno-double-promotion -Wno-partial-availability -Weverything -Wno-objc-missing-property-synthesis -Wno-unused-macros -Wno-disabled-macro-expansion -Wno-gnu-statement-expression -Wno-language-extension-token -Wno-overriding-method-mismatch -Wno-missing-variable-declarations -Rno-module-build -Wno-auto-import -Wno-objc-interface-ivars -Wno-documentation-unknown-command -Wno-reserved-id-macro -Wno-unused-parameter -Wno-gnu-conditional-omitted-operand -Wno-explicit-ownership-type -Wno-date-time -Wno-cast-align -Wno-cstring-format-directive -Wno-double-promotion -Wno-partial-availability -Wno-objc-messaging-id -Wno-direct-ivar-access -Wno-cast-qual -Wno-declaration-after-statement -F/Users/oikhlas/Library/Developer/Xcode/DerivedData/WebDriverAgent-bcmeffsllcldukgyoimwiehwhvyz/Build/Products/Debug-iphonesimulator -F/Applications/Xcode.app/Contents/Developer/Platforms/iPhoneSimulator.platform/Developer/Library/Frameworks -F/Applications/Xcode.app/Contents/Developer/Platforms/iPhoneSimulator.platform/Developer/Library/PrivateFrameworks -iframework /Applications/Xcode.app/Contents/Developer/Platforms/iPhoneSimulator.platform/Developer/SDKs/iPhoneSimulator16.0.sdk/Developer/Library/Frameworks -MMD -MT dependencies -MF /Users/oikhlas/Library/Developer/Xcode/DerivedData/WebDriverAgent-bcmeffsllcldukgyoimwiehwhvyz/Build/Intermediates.noindex/WebDriverAgent.build/Debug-iphonesimulator/WebDriverAgentLib.build/StaticAnalyzer/WebDriverAgent/WebDriverAgentLib/normal/x86_64/XCAXClient_iOS+FBSnapshotReqParams.d --analyze /Users/oikhlas/.appium/node_modules/appium-xcuitest-driver/node_modules/appium-webdriveragent/WebDriverAgentLib/Categories/XCAXClient_iOS+FBSnapshotReqParams.m -o /Users/oikhlas/Library/Developer/Xcode/DerivedData/WebDriverAgent-bcmeffsllcldukgyoimwiehwhvyz/Build/Intermediates.noindex/WebDriverAgent.build/Debug-iphonesimulator/WebDriverAgentLib.build/StaticAnalyzer/WebDriverAgent/WebDriverAgentLib/normal/x86_64/XCAXClient_iOS+FBSnapshotReqParams.plist
&amp#27;[38;5;173m[Xcode]&amp#27;[0m 
&amp#27;[38;5;173m[Xcode]&amp#27;[0m 
&amp#27;[38;5;173m[Xcode]&amp#27;[0m Analyze /Users/oikhlas/.appium/node_modules/appium-xcuitest-driver/node_modules/appium-webdriveragent/WebDriverAgentLib/Categories/NSString+FBXMLSafeString.m normal x86_64 (in target 'WebDriverAgentLib' from project 'WebDriverAgent')
&amp#27;[38;5;173m[Xcode]&amp#27;[0m     cd /Users/oikhlas/.appium/node_modules/appium-xcuitest-driver/node_modules/appium-webdriveragent
&amp#27;[38;5;173m[Xcode]&amp#27;[0m     /Applications/Xcode.app/Contents/Developer/Toolchains/XcodeDefault.xctoolchain/usr/bin/clang -x objective-c -target x86_64-apple-ios16.0-simulator -fmessage-length\=0 -fdiagnostics-show-note-include-stack -fmacro-backtrace-limit\=0 -std\=gnu99 -fobjc-arc -fmodules -gmodules -fmodules-cache-path\=/Users/oikhlas/Library/Developer/Xcode/DerivedData/WebDriverAgent-bcmeffsllcldukgyoimwiehwhvyz/ModuleCache.noindex -fmodules-prune-interval\=86400 -fmodules-prune-after\=345600 -fbuild-session-file\=/Users/oikhlas/Library/Developer/Xcode/DerivedData/WebDriverAgent-bcmeffsllcldukgyoimwiehwhvyz/ModuleCache.noindex/Session.modulevalidation -fmodules-validate-once-per-build-session -Wno-trigraphs -fpascal-strings -O0 -fno-common -Wmissing-field-initializers -Wno-missing-prototypes -Werror\=return-type -Wunreachable-code -Wquoted-include-in-framework-header -Wno-implicit-atomic-properties -Werror\=deprecated-objc-isa-usage -Wno-objc-interface-ivars -Werror\=objc-root-class -Warc-repeated-use-of-weak -Wno-arc-maybe-repeated-use-of-weak -Wimplicit-retain-self -Wduplicate-method-match -Wno-missing-braces -Wparentheses -Wswitch -Wunused-function -Wno-unused-label -Wunused-parameter -Wunused-variable -Wunused-value -Wempty-body -Wuninitialized -Wconditional-uninitialized -Wno-unknown-pragmas -pedantic -Wshadow -Wno-four-char-constants -Wconversion -Wconstant-conversion -Wint-conversion -Wbool-conversion -Wenum-conversion -Wfloat-conversion -Wnon-literal-null-conversion -Wobjc-literal-conversion -Wassign-enum -Wsign-compare -Wshorten-64-to-32 -Wpointer-sign -Wno-newline-eof -Wno-selector -Wno-strict-selector-match -Wundeclared-selector -Wdeprecated-implementations -Wno-implicit-fallthrough -DDEBUG\=1 -DOBJC_OLD_DISPATCH_PROTOTYPES\=0 -isysroot /Applications/Xcode.app/Contents/Developer/Platforms/iPhoneSimulator.platform/Developer/SDKs/iPhoneSimulator16.0.sdk -fasm-blocks -fstrict-aliasing -Wprotocol -Wdeprecated-declarations -g -Wno-sign-conversion -Winfinite-recursion -Wcomma -Wblock-capture-autoreleasing -Wstrict-prototypes -Wno-semicolon-before-method-body -fobjc-abi-version\=2 -fobjc-legacy-dispatch -D__clang_analyzer__ -Xclang -analyzer-output\=plist-multi-file -Xclang -analyzer-config -Xclang path-diagnostics-alternate\=true -Xclang -analyzer-config -Xclang report-in-main-source-file\=true -Xclang -analyzer-checker -Xclang optin.osx.cocoa.localizability.NonLocalizedStringChecker -Xclang -analyzer-checker -Xclang security.insecureAPI.UncheckedReturn -Xclang -analyzer-checker -Xclang security.insecureAPI.getpw -Xclang -analyzer-checker -Xclang security.insecureAPI.gets -Xclang -analyzer-checker -Xclang security.insecureAPI.mkstemp -Xclang -analyzer-checker -Xclang security.insecureAPI.mktemp -Xclang -analyzer-disable-checker -Xclang security.insecureAPI.rand -Xclang -analyzer-disable-checker -Xclang security.insecureAPI.strcpy -Xclang -analyzer-checker -Xclang security.insecureAPI.vfork -iquote /Users/oikhlas/Library/Developer/Xcode/DerivedData/WebDriverAgent-bcmeffsllcldukgyoimwiehwhvyz/Build/Intermediates.noindex/WebDriverAgent.build/Debug-iphonesimulator/WebDriverAgentLib.build/WebDriverAgentLib-generated-files.hmap -I/Users/oikhlas/Library/Developer/Xcode/DerivedData/WebDriverAgent-bcmeffsllcldukgyoimwiehwhvyz/Build/Intermediates.noindex/WebDriverAgent.build/Debug-iphonesimulator/WebDriverAgentLib.build/WebDriverAgentLib-own-target-headers.hmap -I/Users/oikhlas/Library/Developer/Xcode/DerivedData/WebDriverAgent-bcmeffsllcldukgyoimwiehwhvyz/Build/Intermediates.noindex/WebDriverAgent.build/Debug-iphonesimulator/WebDriverAgentLib.build/WebDriverAgentLib-all-target-headers.hmap -iquote /Users/oikhlas/Library/Developer/Xcode/DerivedData/WebDriverAgent-bcmeffsllcldukgyoimwiehwhvyz/Build/Intermediates.noindex/WebDriverAgent.build/Debug-iphonesimulator/WebDriverAgentLib.build/WebDriverAgentLib-project-headers.hmap -I/Users/oikhlas/Library/Developer/Xcode/DerivedData/WebDriverAgent-bcmeffsllcldukgyoimwiehwhvyz/Build/Products/Debug-iphonesimulator/include -I/Applications/Xcode.app/Contents/Developer/Platforms/iPhoneSimulator.platform/Developer/SDKs/iPhoneSimulator16.0.sdk/usr/include/libxml2 -I/Users/oikhlas/.appium/node_modules/appium-xcuitest-driver/node_modules/appium-webdriveragent/Modules -I/Users/oikhlas/Library/Developer/Xcode/DerivedData/WebDriverAgent-bcmeffsllcldukgyoimwiehwhvyz/Build/Intermediates.noindex/WebDriverAgent.build/Debug-iphonesimulator/WebDriverAgentLib.build/DerivedSources-normal/x86_64 -I/Users/oikhlas/Library/Developer/Xcode/DerivedData/WebDriverAgent-bcmeffsllcldukgyoimwiehwhvyz/Build/Intermediates.noindex/WebDriverAgent.build/Debug-iphonesimulator/WebDriverAgentLib.build/DerivedSources/x86_64 -I/Users/oikhlas/Library/Developer/Xcode/DerivedData/WebDriverAgent-bcmeffsllcldukgyoimwiehwhvyz/Build/Intermediates.noindex/WebDriverAgent.build/Debug-iphonesimulator/WebDriverAgentLib.build/DerivedSources -Weverything -Wno-objc-missing-property-synthesis -Wno-unused-macros -Wno-disabled-macro-expansion -Wno-gnu-statement-expression -Wno-language-extension-token -Wno-overriding-method-mismatch -Wno-missing-variable-declarations -Rno-module-build -Wno-auto-import -Wno-objc-interface-ivars -Wno-documentation-unknown-command -Wno-reserved-id-macro -Wno-unused-parameter -Wno-gnu-conditional-omitted-operand -Wno-explicit-ownership-type -Wno-date-time -Wno-cast-align -Wno-cstring-format-directive -Wno-double-promotion -Wno-partial-availability -Weverything -Wno-objc-missing-property-synthesis -Wno-unused-macros -Wno-disabled-macro-expansion -Wno-gnu-statement-expression -Wno-language-extension-token -Wno-overriding-method-mismatch -Wno-missing-variable-declarations -Rno-module-build -Wno-auto-import -Wno-objc-interface-ivars -Wno-documentation-unknown-command -Wno-reserved-id-macro -Wno-unused-parameter -Wno-gnu-conditional-omitted-operand -Wno-explicit-ownership-type -Wno-date-time -Wno-cast-align -Wno-cstring-format-directive -Wno-double-promotion -Wno-partial-availability -Wno-objc-messaging-id -Wno-direct-ivar-access -Wno-cast-qual -Wno-declaration-after-statement -F/Users/oikhlas/Library/Developer/Xcode/DerivedData/WebDriverAgent-bcmeffsllcldukgyoimwiehwhvyz/Build/Products/Debug-iphonesimulator -F/Applications/Xcode.app/Contents/Developer/Platforms/iPhoneSimulator.platform/Developer/Library/Frameworks -F/Applications/Xcode.app/Contents/Developer/Platforms/iPhoneSimulator.platform/Developer/Library/PrivateFrameworks -iframework /Applications/Xcode.app/Contents/Developer/Platforms/iPhoneSimulator.platform/Developer/SDKs/iPhoneSimulator16.0.sdk/Developer/Library/Frameworks -MMD -MT dependencies -MF /Users/oikhlas/Library/Developer/Xcode/DerivedData/WebDriverAgent-bcmeffsllcldukgyoimwiehwhvyz/Build/Intermediates.noindex/WebDriverAgent.build/Debug-iphonesimulator/WebDriverAgentLib.build/StaticAnalyzer/WebDriverAgent/WebDriverAgentLib/normal/x86_64/NSString+FBXMLSafeString.d --analyze /Users/oikhlas/.appium/node_modules/appium-xcuitest-driver/node_modules/appium-webdriveragent/WebDriverAgentLib/Categories/NSString+FBXMLSafeString.m -o /Users/oikhlas/Library/Developer/Xcode/DerivedData/WebDriverAgent-bcmeffsllcldukgyoimwiehwhvyz/Build/Intermediates.noindex/WebDriverAgent.build/Debug-iphonesimulator/WebDriverAgentLib.build/StaticAnalyzer/WebDriverAgent/WebDriverAgentLib/normal/x86_64/NSString+FBXMLSafeString.plist
&amp#27;[38;5;173m[Xcode]&amp#27;[0m 
&amp#27;[38;5;173m[Xcode]&amp#27;[0m 
&amp#27;[38;5;173m[Xcode]&amp#27;[0m CodeSign /Users/oikhlas/Library/Developer/Xcode/DerivedData/WebDriverAgent-bcmeffsllcldukgyoimwiehwhvyz/Build/Products/Debug-iphonesimulator/WebDriverAgentLib.framework (in target 'WebDriverAgentLib' from project 'WebDriverAgent')
&amp#27;[38;5;173m[Xcode]&amp#27;[0m     cd /Users/oikhlas/.appium/node_modules/appium-xcuitest-driver/node_modules/appium-webdriveragent
&amp#27;[38;5;173m[Xcode]&amp#27;[0m     
&amp#27;[38;5;173m[Xcode]&amp#27;[0m     Signing Identity:     "-"
&amp#27;[38;5;173m[Xcode]&amp#27;[0m     
&amp#27;[38;5;173m[Xcode]&amp#27;[0m     /usr/bin/codesign --force --sign - --timestamp\=none --generate-entitlement-der /Users/oikhlas/Library/Developer/Xcode/DerivedData/WebDriverAgent-bcmeffsllcldukgyoimwiehwhvyz/Build/Products/Debug-iphonesimulator/WebDriverAgentLib.framework
&amp#27;[38;5;173m[Xcode]&amp#27;[0m 
&amp#27;[38;5;173m[Xcode]&amp#27;[0m 
&amp#27;[38;5;173m[Xcode]&amp#27;[0m 
&amp#27;[38;5;173m[Xcode]&amp#27;[0m Ld /Users/oikhlas/Library/Developer/Xcode/DerivedData/WebDriverAgent-bcmeffsllcldukgyoimwiehwhvyz/Build/Products/Debug-iphonesimulator/WebDriverAgentRunner-Runner.app/PlugIns/WebDriverAgentRunner.xctest/WebDriverAgentRunner normal (in target 'WebDriverAgentRunner' from project 'WebDriverAgent')
&amp#27;[38;5;173m[Xcode]&amp#27;[0m     cd /Users/oikhlas/.appium/node_modules/appium-xcuitest-driver/node_modules/appium-webdriveragent
&amp#27;[38;5;173m[Xcode]&amp#27;[0m     /Applications/Xcode.app/Contents/Developer/Toolchains/XcodeDefault.xctoolchain/usr/bin/clang -target x86_64-apple-ios16.0-simulator -bundle -isysroot /Applications/Xcode.app/Contents/Developer/Platforms/iPhoneSimulator.platform/Developer/SDKs/iPhoneSimulator16.0.sdk -L/Users/oikhlas/Library/Developer/Xcode/DerivedData/WebDriverAgent-bcmeffsllcldukgyoimwiehwhvyz/Build/Intermediates.noindex/EagerLinkingTBDs -L/Users/oikhlas/Library/Developer/Xcode/DerivedData/WebDriverAgent-bcmeffsllcldukgyoimwiehwhvyz/Build/Products/Debug-iphonesimulator -L/Applications/Xcode.app/Contents/Developer/Platforms/iPhoneSimulator.platform/Developer/usr/lib -F/Users/oikhlas/Library/Developer/Xcode/DerivedData/WebDriverAgent-bcmeffsllcldukgyoimwiehwhvyz/Build/Intermediates.noindex/EagerLinkingTBDs -F/Users/oikhlas/Library/Developer/Xcode/DerivedData/WebDriverAgent-bcmeffsllcldukgyoimwiehwhvyz/Build/Products/Debug-iphonesimulator -iframework /Applications/Xcode.app/Contents/Developer/Platforms/iPhoneSimulator.platform/Developer/Library/Frameworks -iframework /Applications/Xcode.app/Contents/Developer/Platforms/iPhoneSimulator.platform/Developer/SDKs/iPhoneSimulator16.0.sdk/Developer/Library/Frameworks -filelist /Users/oikhlas/Library/Developer/Xcode/DerivedData/WebDriverAgent-bcmeffsllcldukgyoimwiehwhvyz/Build/Intermediates.noindex/WebDriverAgent.build/Debug-iphonesimulator/WebDriverAgentRunner.build/Objects-normal/x86_64/WebDriverAgentRunner.LinkFileList -Xlinker -rpath -Xlinker @loader_path/Frameworks -Xlinker -rpath -Xlinker @executable_path/Frameworks -Xlinker -rpath -Xlinker @loader_path/Frameworks -Xlinker -rpath -Xlinker /Developer/Library/Frameworks -Xlinker -rpath -Xlinker /Developer/Library/PrivateFrameworks -Xlinker -rpath -Xlinker /System/Developer/Library/PrivateFrameworks -Xlinker -rpath -Xlinker /System/Developer/Library/Frameworks -dead_strip -Xlinker -object_path_lto -Xlinker /Users/oikhlas/Library/Developer/Xcode/DerivedData/WebDriverAgent-bcmeffsllcldukgyoimwiehwhvyz/Build/Intermediates.noindex/WebDriverAgent.build/Debug-iphonesimulator/WebDriverAgentRunner.build/Objects-normal/x86_64/WebDriverAgentRunner_lto.o -Xlinker -export_dynamic -Xlinker -no_deduplicate -Xlinker -objc_abi_version -Xlinker 2 -fobjc-arc -fobjc-link-runtime -all_load -framework XCTest -Xlinker -sectcreate -Xlinker __TEXT -Xlinker __entitlements -Xlinker /Users/oikhlas/Library/Developer/Xcode/DerivedData/WebDriverAgent-bcmeffsllcldukgyoimwiehwhvyz/Build/Intermediates.noindex/WebDriverAgent.build/Debug-iphonesimulator/WebDriverAgentRunner.build/WebDriverAgentRunner.xctest-Simulated.xcent -Xlinker -sectcreate -Xlinker __TEXT -Xlinker __ents_der -Xlinker /Users/oikhlas/Library/Developer/Xcode/DerivedData/WebDriverAgent-bcmeffsllcldukgyoimwiehwhvyz/Build/Intermediates.noindex/WebDriverAgent.build/Debug-iphonesimulator/WebDriverAgentRunner.build/WebDriverAgentRunner.xctest-Simulated.xcent.der -framework WebDriverAgentLib -lxml2 -Xlinker -no_adhoc_codesign -Xlinker -dependency_info -Xlinker /Users/oikhlas/Library/Developer/Xcode/DerivedData/WebDriverAgent-bcmeffsllcldukgyoimwiehwhvyz/Build/Intermediates.noindex/WebDriverAgent.build/Debug-iphonesimulator/WebDriverAgentRunner.build/Objects-normal/x86_64/WebDriverAgentRunner_dependency_info.dat -o /Users/oikhlas/Library/Developer/Xcode/DerivedData/WebDriverAgent-bcmeffsllcldukgyoimwiehwhvyz/Build/Products/Debug-iphonesimulator/WebDriverAgentRunner-Runner.app/PlugIns/WebDriverAgentRunner.xctest/WebDriverAgentRunner
&amp#27;[38;5;173m[Xcode]&amp#27;[0m 
&amp#27;[38;5;173m[Xcode]&amp#27;[0m 
&amp#27;[38;5;173m[Xcode]&amp#27;[0m 
&amp#27;[38;5;173m[Xcode]&amp#27;[0m Copy /Users/oikhlas/Library/Developer/Xcode/DerivedData/WebDriverAgent-bcmeffsllcldukgyoimwiehwhvyz/Build/Products/Debug-iphonesimulator/WebDriverAgentRunner-Runner.app/PlugIns/WebDriverAgentRunner.xctest/Frameworks/WebDriverAgentLib.framework /Users/oikhlas/Library/Developer/Xcode/DerivedData/WebDriverAgent-bcmeffsllcldukgyoimwiehwhvyz/Build/Products/Debug-iphonesimulator/WebDriverAgentLib.framework (in target 'WebDriverAgentRunner' from project 'WebDriverAgent')
&amp#27;[38;5;173m[Xcode]&amp#27;[0m     cd /Users/oikhlas/.appium/node_modules/appium-xcuitest-driver/node_modules/appium-webdriveragent
&amp#27;[38;5;173m[Xcode]&amp#27;[0m     builtin-copy -exclude .DS_Store -exclude CVS -exclude .svn -exclude .git -exclude .hg -exclude Headers -exclude PrivateHeaders -exclude Modules -exclude \*.tbd -resolve-src-symlinks /Users/oikhlas/Library/Developer/Xcode/DerivedData/WebDriverAgent-bcmeffsllcldukgyoimwiehwhvyz/Build/Products/Debug-iphonesimulator/WebDriverAgentLib.framework /Users/oikhlas/Library/Developer/Xcode/DerivedData/WebDriverAgent-bcmeffsllcldukgyoimwiehwhvyz/Build/Products/Debug-iphonesimulator/WebDriverAgentRunner-Runner.app/PlugIns/WebDriverAgentRunner.xctest/Frameworks
&amp#27;[38;5;173m[Xcode]&amp#27;[0m 
&amp#27;[38;5;173m[Xcode]&amp#27;[0m 
&amp#27;[38;5;173m[Xcode]&amp#27;[0m 
&amp#27;[38;5;173m[Xcode]&amp#27;[0m CodeSign /Users/oikhlas/Library/Developer/Xcode/DerivedData/WebDriverAgent-bcmeffsllcldukgyoimwiehwhvyz/Build/Products/Debug-iphonesimulator/WebDriverAgentRunner-Runner.app/PlugIns/WebDriverAgentRunner.xctest/Frameworks/WebDriverAgentLib.framework (in target 'WebDriverAgentRunner' from project 'WebDriverAgent')
&amp#27;[38;5;173m[Xcode]&amp#27;[0m     cd /Users/oikhlas/.appium/node_modules/appium-xcuitest-driver/node_modules/appium-webdriveragent
&amp#27;[38;5;173m[Xcode]&amp#27;[0m     
&amp#27;[38;5;173m[Xcode]&amp#27;[0m     Signing Identity:     "-"
&amp#27;[38;5;173m[Xcode]&amp#27;[0m     
&amp#27;[38;5;173m[Xcode]&amp#27;[0m     /usr/bin/codesign --force --sign - --timestamp\=none --preserve-metadata\=identifier,entitlements,flags --generate-entitlement-der /Users/oikhlas/Library/Developer/Xcode/DerivedData/WebDriverAgent-bcmeffsllcldukgyoimwiehwhvyz/Build/Products/Debug-iphonesimulator/WebDriverAgentRunner-Runner.app/PlugIns/WebDriverAgentRunner.xctest/Frameworks/WebDriverAgentLib.framework
&amp#27;[38;5;173m[Xcode]&amp#27;[0m 
&amp#27;[38;5;173m[Xcode]&amp#27;[0m /Users/oikhlas/Library/Developer/Xcode/DerivedData/WebDriverAgent-bcmeffsllcldukgyoimwiehwhvyz/Build/Products/Debug-iphonesimulator/WebDriverAgentRunner-Runner.app/PlugIns/WebDriverAgentRunner.xctest/Frameworks/WebDriverAgentLib.framework: replacing existing signature
&amp#27;[38;5;173m[Xcode]&amp#27;[0m 
&amp#27;[38;5;173m[Xcode]&amp#27;[0m 
&amp#27;[38;5;173m[Xcode]&amp#27;[0m 
&amp#27;[38;5;173m[Xcode]&amp#27;[0m CodeSign /Users/oikhlas/Library/Developer/Xcode/DerivedData/WebDriverAgent-bcmeffsllcldukgyoimwiehwhvyz/Build/Products/Debug-iphonesimulator/WebDriverAgentRunner-Runner.app/PlugIns/WebDriverAgentRunner.xctest (in target 'WebDriverAgentRunner' from project 'WebDriverAgent')
&amp#27;[38;5;173m[Xcode]&amp#27;[0m     cd /Users/oikhlas/.appium/node_modules/appium-xcuitest-driver/node_modules/appium-webdriveragent
&amp#27;[38;5;173m[Xcode]&amp#27;[0m     
&amp#27;[38;5;173m[Xcode]&amp#27;[0m     Signing Identity:     "-"
&amp#27;[38;5;173m[Xcode]&amp#27;[0m     
&amp#27;[38;5;173m[Xcode]&amp#27;[0m     /usr/bin/codesign --force --sign - --timestamp\=none --generate-entitlement-der /Users/oikhlas/Library/Developer/Xcode/DerivedData/WebDriverAgent-bcmeffsllcldukgyoimwiehwhvyz/Build/Products/Debug-iphonesimulator/WebDriverAgentRunner-Runner.app/PlugIns/WebDriverAgentRunner.xctest
&amp#27;[38;5;173m[Xcode]&amp#27;[0m 
&amp#27;[38;5;173m[Xcode]&amp#27;[0m 
&amp#27;[38;5;173m[Xcode]&amp#27;[0m 
&amp#27;[38;5;173m[Xcode]&amp#27;[0m CodeSign /Users/oikhlas/Library/Developer/Xcode/DerivedData/WebDriverAgent-bcmeffsllcldukgyoimwiehwhvyz/Build/Products/Debug-iphonesimulator/WebDriverAgentRunner-Runner.app (in target 'WebDriverAgentRunner' from project 'WebDriverAgent')
&amp#27;[38;5;173m[Xcode]&amp#27;[0m     cd /Users/oikhlas/.appium/node_modules/appium-xcuitest-driver/node_modules/appium-webdriveragent
&amp#27;[38;5;173m[Xcode]&amp#27;[0m     
&amp#27;[38;5;173m[Xcode]&amp#27;[0m     Signing Identity:     "-"
&amp#27;[38;5;173m[Xcode]&amp#27;[0m     
&amp#27;[38;5;173m[Xcode]&amp#27;[0m     /usr/bin/codesign --force --sign - --timestamp\=none --generate-entitlement-der /Users/oikhlas/Library/Developer/Xcode/DerivedData/WebDriverAgent-bcmeffsllcldukgyoimwiehwhvyz/Build/Products/Debug-iphonesimulator/WebDriverAgentRunner-Runner.app
&amp#27;[38;5;173m[Xcode]&amp#27;[0m 
&amp#27;[38;5;173m[Xcode]&amp#27;[0m /Users/oikhlas/Library/Developer/Xcode/DerivedData/WebDriverAgent-bcmeffsllcldukgyoimwiehwhvyz/Build/Products/Debug-iphonesimulator/WebDriverAgentRunner-Runner.app: replacing existing signature
&amp#27;[38;5;173m[Xcode]&amp#27;[0m 
&amp#27;[38;5;173m[Xcode]&amp#27;[0m 
&amp#27;[38;5;173m[Xcode]&amp#27;[0m 
&amp#27;[38;5;173m[Xcode]&amp#27;[0m ** TEST BUILD SUCCEEDED **
&amp#27;[38;5;173m[Xcode]&amp#27;[0m 
&amp#27;[38;5;173m[Xcode]&amp#27;[0m 
&amp#27;[38;5;-42m[XCUITestDriver@9d32 (dbe4db21)]&amp#27;[0m Matched '/status' to command name 'getStatus'
&amp#27;[38;5;-42m[XCUITestDriver@9d32 (dbe4db21)]&amp#27;[0m Proxying [GET /status] to [GET http://127.0.0.1:8100/status] with no body
&amp#27;[38;5;-42m[XCUITestDriver@9d32 (dbe4db21)]&amp#27;[0m connect ECONNREFUSED 127.0.0.1:8100
&amp#27;[38;5;173m[Xcode]&amp#27;[0m 2024-11-05 15:49:13.443693+0500 WebDriverAgentRunner-Runner[21804:212226] Running tests...
&amp#27;[38;5;173m[Xcode]&amp#27;[0m 
&amp#27;[38;5;-42m[XCUITestDriver@9d32 (dbe4db21)]&amp#27;[0m Matched '/status' to command name 'getStatus'
&amp#27;[38;5;-42m[XCUITestDriver@9d32 (dbe4db21)]&amp#27;[0m Proxying [GET /status] to [GET http://127.0.0.1:8100/status] with no body
&amp#27;[38;5;-42m[XCUITestDriver@9d32 (dbe4db21)]&amp#27;[0m connect ECONNREFUSED 127.0.0.1:8100
&amp#27;[38;5;173m[Xcode]&amp#27;[0m objc[21804]: Class SBFCARendererImageRepresentation is implemented in both /Applications/Xcode.app/Contents/Developer/Platforms/iPhoneOS.platform/Library/Developer/CoreSimulator/Profiles/Runtimes/iOS.simruntime/Contents/Resources/RuntimeRoot/System/Library/PrivateFrameworks/SpringBoardFoundation.framework/SpringBoardFoundation (0x105bca028) and /Applications/Xcode.app/Contents/Developer/Platforms/iPhoneOS.platform/Library/Developer/CoreSimulator/Profiles/Runtimes/iOS.simruntime/Contents/Resources/RuntimeRoot/System/Library/PrivateFrameworks/PaperBoardUI.framework/PaperBoardUI (0x105eb8218). One of the two will be used. Which one is undefined.
&amp#27;[38;5;173m[Xcode]&amp#27;[0m 
&amp#27;[38;5;173m[Xcode]&amp#27;[0m Test Suite 'All tests' started at 2024-11-05 15:49:13.925
&amp#27;[38;5;173m[Xcode]&amp#27;[0m 
&amp#27;[38;5;173m[Xcode]&amp#27;[0m Test Suite 'WebDriverAgentRunner.xctest' started at 2024-11-05 15:49:13.927
&amp#27;[38;5;173m[Xcode]&amp#27;[0m 
&amp#27;[38;5;173m[Xcode]&amp#27;[0m Test Suite 'UITestingUITests' started at 2024-11-05 15:49:13.927
&amp#27;[38;5;173m[Xcode]&amp#27;[0m     t =      nans Suite Set Up
&amp#27;[38;5;173m[Xcode]&amp#27;[0m 
&amp#27;[38;5;173m[Xcode]&amp#27;[0m Test Case '-[UITestingUITests testRunner]' started.
&amp#27;[38;5;173m[Xcode]&amp#27;[0m 
&amp#27;[38;5;173m[Xcode]&amp#27;[0m     t =     0.00s Start Test at 2024-11-05 15:49:13.970
&amp#27;[38;5;173m[Xcode]&amp#27;[0m 
&amp#27;[38;5;173m[Xcode]&amp#27;[0m     t =     0.00s Set Up
&amp#27;[38;5;173m[Xcode]&amp#27;[0m 
&amp#27;[38;5;173m[Xcode]&amp#27;[0m 2024-11-05 15:49:13.974926+0500 WebDriverAgentRunner-Runner[21804:212226] Built at Nov  5 2024 15:48:44
&amp#27;[38;5;173m[Xcode]&amp#27;[0m 
&amp#27;[38;5;173m[Xcode]&amp#27;[0m 2024-11-05 15:49:13.993512+0500 WebDriverAgentRunner-Runner[21804:212226] ServerURLHere->http://10.4.41.91:8100<-ServerURLHere
&amp#27;[38;5;173m[Xcode]&amp#27;[0m 
&amp#27;[38;5;-42m[XCUITestDriver@9d32 (dbe4db21)]&amp#27;[0m Matched '/status' to command name 'getStatus'
&amp#27;[38;5;-42m[XCUITestDriver@9d32 (dbe4db21)]&amp#27;[0m Proxying [GET /status] to [GET http://127.0.0.1:8100/status] with no body
&amp#27;[38;5;173m[Xcode]&amp#27;[0m 2024-11-05 15:49:14.463625+0500 WebDriverAgentRunner-Runner[21804:212226] Using singleton test manager
&amp#27;[38;5;173m[Xcode]&amp#27;[0m 
&amp#27;[38;5;-42m[XCUITestDriver@9d32 (dbe4db21)]&amp#27;[0m Got response with status 200: {"value":{"build":{"upgradedAt":"1729601145127","time":"Nov  5 2024 15:48:44","productBundleIdentifier":"com.facebook.WebDriverAgentRunner"},"os":{"testmanagerdVersion":28,"name":"iOS","sdkVersion":"16.0","version":"16.0"},"device":"iphone","ios":{"simulatorVersion":"16.0","ip":"10.4.41.91"},"message":"WebDriverAgent is ready to accept commands","state":"success","ready":true},"sessionId":null}
&amp#27;[38;5;-42m[XCUITestDriver@9d32 (dbe4db21)]&amp#27;[0m WebDriverAgent information:
&amp#27;[38;5;-42m[XCUITestDriver@9d32 (dbe4db21)]&amp#27;[0m {
&amp#27;[38;5;-42m[XCUITestDriver@9d32 (dbe4db21)]&amp#27;[0m   "build": {
&amp#27;[38;5;-42m[XCUITestDriver@9d32 (dbe4db21)]&amp#27;[0m     "upgradedAt": "1729601145127",
&amp#27;[38;5;-42m[XCUITestDriver@9d32 (dbe4db21)]&amp#27;[0m     "time": "Nov  5 2024 15:48:44",
&amp#27;[38;5;-42m[XCUITestDriver@9d32 (dbe4db21)]&amp#27;[0m     "productBundleIdentifier": "com.facebook.WebDriverAgentRunner"
&amp#27;[38;5;-42m[XCUITestDriver@9d32 (dbe4db21)]&amp#27;[0m   },
&amp#27;[38;5;-42m[XCUITestDriver@9d32 (dbe4db21)]&amp#27;[0m   "os": {
&amp#27;[38;5;-42m[XCUITestDriver@9d32 (dbe4db21)]&amp#27;[0m     "testmanagerdVersion": 28,
&amp#27;[38;5;-42m[XCUITestDriver@9d32 (dbe4db21)]&amp#27;[0m     "name": "iOS",
&amp#27;[38;5;-42m[XCUITestDriver@9d32 (dbe4db21)]&amp#27;[0m     "sdkVersion": "16.0",
&amp#27;[38;5;-42m[XCUITestDriver@9d32 (dbe4db21)]&amp#27;[0m     "version": "16.0"
&amp#27;[38;5;-42m[XCUITestDriver@9d32 (dbe4db21)]&amp#27;[0m   },
&amp#27;[38;5;-42m[XCUITestDriver@9d32 (dbe4db21)]&amp#27;[0m   "device": "iphone",
&amp#27;[38;5;-42m[XCUITestDriver@9d32 (dbe4db21)]&amp#27;[0m   "ios": {
&amp#27;[38;5;-42m[XCUITestDriver@9d32 (dbe4db21)]&amp#27;[0m     "simulatorVersion": "16.0",
&amp#27;[38;5;-42m[XCUITestDriver@9d32 (dbe4db21)]&amp#27;[0m     "ip": "10.4.41.91"
&amp#27;[38;5;-42m[XCUITestDriver@9d32 (dbe4db21)]&amp#27;[0m   },
&amp#27;[38;5;-42m[XCUITestDriver@9d32 (dbe4db21)]&amp#27;[0m   "message": "WebDriverAgent is ready to accept commands",
&amp#27;[38;5;-42m[XCUITestDriver@9d32 (dbe4db21)]&amp#27;[0m   "state": "success",
&amp#27;[38;5;-42m[XCUITestDriver@9d32 (dbe4db21)]&amp#27;[0m   "ready": true
&amp#27;[38;5;-42m[XCUITestDriver@9d32 (dbe4db21)]&amp#27;[0m }
&amp#27;[38;5;-42m[XCUITestDriver@9d32 (dbe4db21)]&amp#27;[0m WebDriverAgent successfully started after 35550ms
&amp#27;[38;5;-42m[XCUITestDriver@9d32 (dbe4db21)]&amp#27;[0m Event 'wdaSessionAttempted' logged at 1730803754570 (15:49:14 GMT+0500 (Pakistan Standard Time))
&amp#27;[38;5;-42m[XCUITestDriver@9d32 (dbe4db21)]&amp#27;[0m Sending createSession command to WDA
&amp#27;[38;5;-42m[XCUITestDriver@9d32 (dbe4db21)]&amp#27;[0m Matched '/session' to command name 'createSession'
&amp#27;[38;5;-42m[XCUITestDriver@9d32 (dbe4db21)]&amp#27;[0m Proxying [POST /session] to [POST http://127.0.0.1:8100/session] with body: {"capabilities":{"firstMatch":[{"bundleId":"com.example.apple-samplecode.UICatalog","arguments":[],"environment":{},"eventloopIdleDelaySec":0,"shouldWaitForQuiescence":true,"shouldUseTestManagerForVisibilityDetection":false,"maxTypingFrequency":60,"shouldUseSingletonTestManager":true,"shouldTerminateApp":true,"forceAppLaunch":true,"useNativeCachingStrategy":true,"forceSimulatorSoftwareKeyboardPresence":true}],"alwaysMatch":{}}}
&amp#27;[38;5;173m[Xcode]&amp#27;[0m     t =     0.64s Open com.example.apple-samplecode.UICatalog
&amp#27;[38;5;173m[Xcode]&amp#27;[0m 
&amp#27;[38;5;173m[Xcode]&amp#27;[0m     t =     0.64s     Launch com.example.apple-samplecode.UICatalog
&amp#27;[38;5;173m[Xcode]&amp#27;[0m 
&amp#27;[38;5;173m[Xcode]&amp#27;[0m     t =     0.72s         Setting up automation session
&amp#27;[38;5;173m[Xcode]&amp#27;[0m 
&amp#27;[38;5;173m[Xcode]&amp#27;[0m 2024-11-05 15:49:15.086584+0500 WebDriverAgentRunner-Runner[21804:212226] Waiting up to 10s until com.example.apple-samplecode.UICatalog is in idle state (including animations)
&amp#27;[38;5;173m[Xcode]&amp#27;[0m 
&amp#27;[38;5;173m[Xcode]&amp#27;[0m     t =     1.12s         Wait for com.example.apple-samplecode.UICatalog to idle
&amp#27;[38;5;173m[Xcode]&amp#27;[0m 
&amp#27;[38;5;-42m[XCUITestDriver@9d32 (dbe4db21)]&amp#27;[0m Got response with status 200: {"value":{"sessionId":"CE40ADAF-B139-4368-BB61-1EFAB337C153","capabilities":{"sdkVersion":"16.0","device":"iphone"}},"sessionId":"CE40ADAF-B139-4368-BB61-1EFAB337C153"}
&amp#27;[38;5;-42m[XCUITestDriver@9d32 (dbe4db21)]&amp#27;[0m Determined the downstream protocol as 'W3C'
&amp#27;[38;5;-42m[XCUITestDriver@9d32 (dbe4db21)]&amp#27;[0m Event 'wdaSessionStarted' logged at 1730803756300 (15:49:16 GMT+0500 (Pakistan Standard Time))
&amp#27;[38;5;-42m[XCUITestDriver@9d32 (dbe4db21)]&amp#27;[0m Event 'wdaStarted' logged at 1730803756300 (15:49:16 GMT+0500 (Pakistan Standard Time))
&amp#27;[38;5;123m[BaseDriver]&amp#27;[0m The value of 'elementResponseAttributes' setting did not change. Skipping the update for it
&amp#27;[38;5;123m[BaseDriver]&amp#27;[0m The value of 'shouldUseCompactResponses' setting did not change. Skipping the update for it
&amp#27;[38;5;170m[AppiumDriver@3207]&amp#27;[0m New XCUITestDriver session created successfully, session dbe4db21-e6a9-4d05-bdbb-cc788eb5635e added to master session list
&amp#27;[38;5;170m[AppiumDriver@3207]&amp#27;[0m Event 'newSessionStarted' logged at 1730803756302 (15:49:16 GMT+0500 (Pakistan Standard Time))
&amp#27;[38;5;-42m[XCUITestDriver@9d32 (dbe4db21)]&amp#27;[0m Cached the protocol value 'W3C' for the new session dbe4db21-e6a9-4d05-bdbb-cc788eb5635e
&amp#27;[38;5;-42m[XCUITestDriver@9d32 (dbe4db21)]&amp#27;[0m Responding to client with driver.createSession() result: {"capabilities":{"webStorageEnabled":false,"locationContextEnabled":false,"browserName":"","platform":"MAC","javascriptEnabled":true,"databaseEnabled":false,"takesScreenshot":true,"networkConnectionEnabled":false,"platformName":"IOS","wdaLaunchTimeout":20000,"deviceName":"iPhone 12 Pro","automationName":"XCuiTest","app":"/Users/oikhlas/Desktop/UIKitCatalog.app","platformVersion":"16.0","udid":"C2352445-7375-47D9-8C26-2C24AE0244BF"}}
&amp#27;[38;5;86m[HTTP]&amp#27;[0m <-- POST /session 200 82819 ms - 497 
&amp#27;[38;5;200m[dbe4db21]&amp#27;[0m&amp#27;[38;5;86m[HTTP]&amp#27;[0m &amp#27;[37m-->&amp#27;[39m &amp#27;[37mPOST&amp#27;[39m &amp#27;[37m/session/dbe4db21-e6a9-4d05-bdbb-cc788eb5635e/timeouts&amp#27;[39m {"implicit":10000}
&amp#27;[38;5;200m[dbe4db21]&amp#27;[0m&amp#27;[38;5;-42m[XCUITestDriver@9d32 (dbe4db21)]&amp#27;[0m Calling AppiumDriver.timeouts() with args: [null,null,null,null,10000,"dbe4db21-e6a9-4d05-bdbb-cc788eb5635e"]
&amp#27;[38;5;200m[dbe4db21]&amp#27;[0m&amp#27;[38;5;-42m[XCUITestDriver@9d32 (dbe4db21)]&amp#27;[0m Executing command 'timeouts'
&amp#27;[38;5;200m[dbe4db21]&amp#27;[0m&amp#27;[38;5;-42m[XCUITestDriver@9d32 (dbe4db21)]&amp#27;[0m W3C timeout argument: {"implicit":10000}}
&amp#27;[38;5;200m[dbe4db21]&amp#27;[0m&amp#27;[38;5;-42m[XCUITestDriver@9d32 (dbe4db21)]&amp#27;[0m Set implicit wait to 10000ms
&amp#27;[38;5;200m[dbe4db21]&amp#27;[0m&amp#27;[38;5;-42m[XCUITestDriver@9d32 (dbe4db21)]&amp#27;[0m Responding to client with driver.timeouts() result: null
&amp#27;[38;5;200m[dbe4db21]&amp#27;[0m&amp#27;[38;5;86m[HTTP]&amp#27;[0m <-- POST /session/dbe4db21-e6a9-4d05-bdbb-cc788eb5635e/timeouts 200 2 ms - 14 
&amp#27;[38;5;200m[dbe4db21]&amp#27;[0m&amp#27;[38;5;86m[HTTP]&amp#27;[0m &amp#27;[37m-->&amp#27;[39m &amp#27;[37mPOST&amp#27;[39m &amp#27;[37m/session/dbe4db21-e6a9-4d05-bdbb-cc788eb5635e/execute/sync&amp#27;[39m {"script":"return (function(arg){\nvar s=function(){\"use strict\";function t(t){return t&&t.__esModule&&Object.prototype.hasOwnProperty.call(t,\"default\")?t.default:t}var e=function(t){var e=(void 0===t?[]:t)[0],n=\"\",r=e.ownerDocument;if(!r)return n;for(var o=e;o!==r;){var a=Array.prototype.filter.call(o.parentNode.childNodes,(function(t){return t.tagName===o.tagName})).indexOf(o);n=\"/\"+o.tagName+\"[\"+(a+1)+\"]\"+n,o=o.parentNode}return n};return t((function(){var t,n,r;try{t=window.top.document===window.document||\"root-context\"===window.parent.document[\"applitools-marker\"]}catch(e){t=!1}try{n=!window.parent.document===window.document}catch(t){n=!0}if(!n)try{r=e([window.frameElement])}catch(t){r=null}return[document.documentElement,r,t,n]}))}();\nreturn s(arg)\n}).apply(null, arguments)","args":[null]}
&amp#27;[38;5;200m[dbe4db21]&amp#27;[0m&amp#27;[38;5;-42m[XCUITestDriver@9d32 (dbe4db21)]&amp#27;[0m Calling AppiumDriver.execute() with args: ["return (function(arg){\nvar s=function(){\"use strict\";function t(t){return t&&t.__esModule&&Object.prototype.hasOwnProperty.call(t,\"default\")?t.default:t}var e=function(t){var e=(void 0===t?[]:t)[0],n=\"\",r=e.ownerDocument;if(!r)return n;for(var o=e;o!==r;){var a=Array.prototype.filter.call(o.parentNode.childNodes,(function(t){return t.tagName===o.tagName})).indexOf(o);n=\"/\"+o.tagName+\"[\"+(a+1)+\"]\"+n,o=o.parentNode}return n};return t((function(){var t,n,r;try{t=window.top.document===window.document||\"root-context\"===window.parent.document[\"applitools-marker\"]}catch(e){t=!1}try{n=!window.parent.document===window.document}catch(t){n=!0}if(!n)try{r=e([window.frameElement])}catch(t){r=null}return[document.documentElement,r,t,n]}))}();\nreturn s(arg)\n}).apply(null, arguments)",[null],"dbe4db21-e6a9-4d05-bdbb-cc788eb5635e"]
&amp#27;[38;5;200m[dbe4db21]&amp#27;[0m&amp#27;[38;5;-42m[XCUITestDriver@9d32 (dbe4db21)]&amp#27;[0m Executing command 'execute'
&amp#27;[38;5;200m[dbe4db21]&amp#27;[0m&amp#27;[38;5;-42m[XCUITestDriver@9d32 (dbe4db21)]&amp#27;[0m Encountered internal error running command: NotImplementedError: Method is not implemented
&amp#27;[38;5;200m[dbe4db21]&amp#27;[0m&amp#27;[38;5;-42m[XCUITestDriver@9d32 (dbe4db21)]&amp#27;[0m     at XCUITestDriver.execute (/Users/oikhlas/.appium/node_modules/appium-xcuitest-driver/lib/commands/execute.js:124:13)
&amp#27;[38;5;200m[dbe4db21]&amp#27;[0m&amp#27;[38;5;-42m[XCUITestDriver@9d32 (dbe4db21)]&amp#27;[0m     at commandExecutor (/Users/oikhlas/node_modules/@appium/base-driver/lib/basedriver/driver.ts:107:18)
&amp#27;[38;5;200m[dbe4db21]&amp#27;[0m&amp#27;[38;5;-42m[XCUITestDriver@9d32 (dbe4db21)]&amp#27;[0m     at /Users/oikhlas/node_modules/async-lock/lib/index.js:171:12
&amp#27;[38;5;200m[dbe4db21]&amp#27;[0m&amp#27;[38;5;-42m[XCUITestDriver@9d32 (dbe4db21)]&amp#27;[0m     at AsyncLock._promiseTry (/Users/oikhlas/node_modules/async-lock/lib/index.js:304:31)
&amp#27;[38;5;200m[dbe4db21]&amp#27;[0m&amp#27;[38;5;-42m[XCUITestDriver@9d32 (dbe4db21)]&amp#27;[0m     at exec (/Users/oikhlas/node_modules/async-lock/lib/index.js:170:9)
&amp#27;[38;5;200m[dbe4db21]&amp#27;[0m&amp#27;[38;5;-42m[XCUITestDriver@9d32 (dbe4db21)]&amp#27;[0m     at AsyncLock.acquire (/Users/oikhlas/node_modules/async-lock/lib/index.js:187:3)
&amp#27;[38;5;200m[dbe4db21]&amp#27;[0m&amp#27;[38;5;-42m[XCUITestDriver@9d32 (dbe4db21)]&amp#27;[0m     at XCUITestDriver.executeCommand (/Users/oikhlas/node_modules/@appium/base-driver/lib/basedriver/driver.ts:123:39)
&amp#27;[38;5;200m[dbe4db21]&amp#27;[0m&amp#27;[38;5;-42m[XCUITestDriver@9d32 (dbe4db21)]&amp#27;[0m     at processTicksAndRejections (node:internal/process/task_queues:95:5)
&amp#27;[38;5;200m[dbe4db21]&amp#27;[0m&amp#27;[38;5;-42m[XCUITestDriver@9d32 (dbe4db21)]&amp#27;[0m     at XCUITestDriver.executeCommand (/Users/oikhlas/.appium/node_modules/appium-xcuitest-driver/lib/driver.js:1082:12)
&amp#27;[38;5;200m[dbe4db21]&amp#27;[0m&amp#27;[38;5;-42m[XCUITestDriver@9d32 (dbe4db21)]&amp#27;[0m     at defaultBehavior (/Users/oikhlas/.nvm/versions/node/v18.16.1/lib/node_modules/appium/lib/appium.js:1135:14)
&amp#27;[38;5;200m[dbe4db21]&amp#27;[0m&amp#27;[38;5;-42m[XCUITestDriver@9d32 (dbe4db21)]&amp#27;[0m     at AppiumDriver.executeWrappedCommand (/Users/oikhlas/.nvm/versions/node/v18.16.1/lib/node_modules/appium/lib/appium.js:1241:16)
&amp#27;[38;5;200m[dbe4db21]&amp#27;[0m&amp#27;[38;5;-42m[XCUITestDriver@9d32 (dbe4db21)]&amp#27;[0m     at AppiumDriver.executeCommand (/Users/oikhlas/.nvm/versions/node/v18.16.1/lib/node_modules/appium/lib/appium.js:1147:17)
&amp#27;[38;5;200m[dbe4db21]&amp#27;[0m&amp#27;[38;5;-42m[XCUITestDriver@9d32 (dbe4db21)]&amp#27;[0m     at asyncHandler (/Users/oikhlas/.nvm/versions/node/v18.16.1/lib/node_modules/appium/node_modules/@appium/base-driver/lib/protocol/protocol.js:387:19)
&amp#27;[38;5;200m[dbe4db21]&amp#27;[0m&amp#27;[38;5;86m[HTTP]&amp#27;[0m <-- POST /session/dbe4db21-e6a9-4d05-bdbb-cc788eb5635e/execute/sync 405 20 ms - 1529 
&amp#27;[38;5;200m[dbe4db21]&amp#27;[0m&amp#27;[38;5;86m[HTTP]&amp#27;[0m &amp#27;[37m-->&amp#27;[39m &amp#27;[37mGET&amp#27;[39m &amp#27;[37m/session/dbe4db21-e6a9-4d05-bdbb-cc788eb5635e/context&amp#27;[39m {}
&amp#27;[38;5;200m[dbe4db21]&amp#27;[0m&amp#27;[38;5;-42m[XCUITestDriver@9d32 (dbe4db21)]&amp#27;[0m Calling AppiumDriver.getCurrentContext() with args: ["dbe4db21-e6a9-4d05-bdbb-cc788eb5635e"]
&amp#27;[38;5;200m[dbe4db21]&amp#27;[0m&amp#27;[38;5;-42m[XCUITestDriver@9d32 (dbe4db21)]&amp#27;[0m Executing command 'getCurrentContext'
&amp#27;[38;5;200m[dbe4db21]&amp#27;[0m&amp#27;[38;5;-42m[XCUITestDriver@9d32 (dbe4db21)]&amp#27;[0m Responding to client with driver.getCurrentContext() result: "NATIVE_APP"
&amp#27;[38;5;200m[dbe4db21]&amp#27;[0m&amp#27;[38;5;86m[HTTP]&amp#27;[0m <-- GET /session/dbe4db21-e6a9-4d05-bdbb-cc788eb5635e/context 200 1 ms - 22 
&amp#27;[38;5;200m[dbe4db21]&amp#27;[0m&amp#27;[38;5;86m[HTTP]&amp#27;[0m &amp#27;[37m-->&amp#27;[39m &amp#27;[37mPOST&amp#27;[39m &amp#27;[37m/session/dbe4db21-e6a9-4d05-bdbb-cc788eb5635e/execute/sync&amp#27;[39m {"script":"return (function(arg){\nvar s=function(){\"use strict\";function t(t){return t&&t.__esModule&&Object.prototype.hasOwnProperty.call(t,\"default\")?t.default:t}var e=function(t){var e=(void 0===t?[]:t)[0],n=\"\",r=e.ownerDocument;if(!r)return n;for(var o=e;o!==r;){var a=Array.prototype.filter.call(o.parentNode.childNodes,(function(t){return t.tagName===o.tagName})).indexOf(o);n=\"/\"+o.tagName+\"[\"+(a+1)+\"]\"+n,o=o.parentNode}return n};return t((function(){var t,n,r;try{t=window.top.document===window.document||\"root-context\"===window.parent.document[\"applitools-marker\"]}catch(e){t=!1}try{n=!window.parent.document===window.document}catch(t){n=!0}if(!n)try{r=e([window.frameElement])}catch(t){r=null}return[document.documentElement,r,t,n]}))}();\nreturn s(arg)\n}).apply(null, arguments)","args":[null]}
&amp#27;[38;5;200m[dbe4db21]&amp#27;[0m&amp#27;[38;5;-42m[XCUITestDriver@9d32 (dbe4db21)]&amp#27;[0m Calling AppiumDriver.execute() with args: ["return (function(arg){\nvar s=function(){\"use strict\";function t(t){return t&&t.__esModule&&Object.prototype.hasOwnProperty.call(t,\"default\")?t.default:t}var e=function(t){var e=(void 0===t?[]:t)[0],n=\"\",r=e.ownerDocument;if(!r)return n;for(var o=e;o!==r;){var a=Array.prototype.filter.call(o.parentNode.childNodes,(function(t){return t.tagName===o.tagName})).indexOf(o);n=\"/\"+o.tagName+\"[\"+(a+1)+\"]\"+n,o=o.parentNode}return n};return t((function(){var t,n,r;try{t=window.top.document===window.document||\"root-context\"===window.parent.document[\"applitools-marker\"]}catch(e){t=!1}try{n=!window.parent.document===window.document}catch(t){n=!0}if(!n)try{r=e([window.frameElement])}catch(t){r=null}return[document.documentElement,r,t,n]}))}();\nreturn s(arg)\n}).apply(null, arguments)",[null],"dbe4db21-e6a9-4d05-bdbb-cc788eb5635e"]
&amp#27;[38;5;200m[dbe4db21]&amp#27;[0m&amp#27;[38;5;-42m[XCUITestDriver@9d32 (dbe4db21)]&amp#27;[0m Executing command 'execute'
&amp#27;[38;5;200m[dbe4db21]&amp#27;[0m&amp#27;[38;5;-42m[XCUITestDriver@9d32 (dbe4db21)]&amp#27;[0m Encountered internal error running command: NotImplementedError: Method is not implemented
&amp#27;[38;5;200m[dbe4db21]&amp#27;[0m&amp#27;[38;5;-42m[XCUITestDriver@9d32 (dbe4db21)]&amp#27;[0m     at XCUITestDriver.execute (/Users/oikhlas/.appium/node_modules/appium-xcuitest-driver/lib/commands/execute.js:124:13)
&amp#27;[38;5;200m[dbe4db21]&amp#27;[0m&amp#27;[38;5;-42m[XCUITestDriver@9d32 (dbe4db21)]&amp#27;[0m     at commandExecutor (/Users/oikhlas/node_modules/@appium/base-driver/lib/basedriver/driver.ts:107:18)
&amp#27;[38;5;200m[dbe4db21]&amp#27;[0m&amp#27;[38;5;-42m[XCUITestDriver@9d32 (dbe4db21)]&amp#27;[0m     at /Users/oikhlas/node_modules/async-lock/lib/index.js:171:12
&amp#27;[38;5;200m[dbe4db21]&amp#27;[0m&amp#27;[38;5;-42m[XCUITestDriver@9d32 (dbe4db21)]&amp#27;[0m     at AsyncLock._promiseTry (/Users/oikhlas/node_modules/async-lock/lib/index.js:304:31)
&amp#27;[38;5;200m[dbe4db21]&amp#27;[0m&amp#27;[38;5;-42m[XCUITestDriver@9d32 (dbe4db21)]&amp#27;[0m     at exec (/Users/oikhlas/node_modules/async-lock/lib/index.js:170:9)
&amp#27;[38;5;200m[dbe4db21]&amp#27;[0m&amp#27;[38;5;-42m[XCUITestDriver@9d32 (dbe4db21)]&amp#27;[0m     at AsyncLock.acquire (/Users/oikhlas/node_modules/async-lock/lib/index.js:187:3)
&amp#27;[38;5;200m[dbe4db21]&amp#27;[0m&amp#27;[38;5;-42m[XCUITestDriver@9d32 (dbe4db21)]&amp#27;[0m     at XCUITestDriver.executeCommand (/Users/oikhlas/node_modules/@appium/base-driver/lib/basedriver/driver.ts:123:39)
&amp#27;[38;5;200m[dbe4db21]&amp#27;[0m&amp#27;[38;5;-42m[XCUITestDriver@9d32 (dbe4db21)]&amp#27;[0m     at processTicksAndRejections (node:internal/process/task_queues:95:5)
&amp#27;[38;5;200m[dbe4db21]&amp#27;[0m&amp#27;[38;5;-42m[XCUITestDriver@9d32 (dbe4db21)]&amp#27;[0m     at XCUITestDriver.executeCommand (/Users/oikhlas/.appium/node_modules/appium-xcuitest-driver/lib/driver.js:1082:12)
&amp#27;[38;5;200m[dbe4db21]&amp#27;[0m&amp#27;[38;5;-42m[XCUITestDriver@9d32 (dbe4db21)]&amp#27;[0m     at defaultBehavior (/Users/oikhlas/.nvm/versions/node/v18.16.1/lib/node_modules/appium/lib/appium.js:1135:14)
&amp#27;[38;5;200m[dbe4db21]&amp#27;[0m&amp#27;[38;5;-42m[XCUITestDriver@9d32 (dbe4db21)]&amp#27;[0m     at AppiumDriver.executeWrappedCommand (/Users/oikhlas/.nvm/versions/node/v18.16.1/lib/node_modules/appium/lib/appium.js:1241:16)
&amp#27;[38;5;200m[dbe4db21]&amp#27;[0m&amp#27;[38;5;-42m[XCUITestDriver@9d32 (dbe4db21)]&amp#27;[0m     at AppiumDriver.executeCommand (/Users/oikhlas/.nvm/versions/node/v18.16.1/lib/node_modules/appium/lib/appium.js:1147:17)
&amp#27;[38;5;200m[dbe4db21]&amp#27;[0m&amp#27;[38;5;-42m[XCUITestDriver@9d32 (dbe4db21)]&amp#27;[0m     at asyncHandler (/Users/oikhlas/.nvm/versions/node/v18.16.1/lib/node_modules/appium/node_modules/@appium/base-driver/lib/protocol/protocol.js:387:19)
&amp#27;[38;5;200m[dbe4db21]&amp#27;[0m&amp#27;[38;5;86m[HTTP]&amp#27;[0m <-- POST /session/dbe4db21-e6a9-4d05-bdbb-cc788eb5635e/execute/sync 405 2 ms - 1529 
&amp#27;[38;5;200m[dbe4db21]&amp#27;[0m&amp#27;[38;5;86m[HTTP]&amp#27;[0m &amp#27;[37m-->&amp#27;[39m &amp#27;[37mGET&amp#27;[39m &amp#27;[37m/session/dbe4db21-e6a9-4d05-bdbb-cc788eb5635e/orientation&amp#27;[39m {}
&amp#27;[38;5;200m[dbe4db21]&amp#27;[0m&amp#27;[38;5;-42m[XCUITestDriver@9d32 (dbe4db21)]&amp#27;[0m Driver proxy active, passing request on via HTTP proxy
&amp#27;[38;5;200m[dbe4db21]&amp#27;[0m&amp#27;[38;5;-42m[XCUITestDriver@9d32 (dbe4db21)]&amp#27;[0m Executing command 'proxyReqRes'
&amp#27;[38;5;200m[dbe4db21]&amp#27;[0m&amp#27;[38;5;-42m[XCUITestDriver@9d32 (dbe4db21)]&amp#27;[0m Matched '/session/dbe4db21-e6a9-4d05-bdbb-cc788eb5635e/orientation' to command name 'getOrientation'
&amp#27;[38;5;200m[dbe4db21]&amp#27;[0m&amp#27;[38;5;-42m[XCUITestDriver@9d32 (dbe4db21)]&amp#27;[0m Proxying [GET /session/dbe4db21-e6a9-4d05-bdbb-cc788eb5635e/orientation] to [GET http://127.0.0.1:8100/session/CE40ADAF-B139-4368-BB61-1EFAB337C153/orientation] with no body
&amp#27;[38;5;173m[Xcode]&amp#27;[0m 2024-11-05 15:49:18.228652+0500 WebDriverAgentRunner-Runner[21804:212226] Getting the most recent active application (out of 1 total items)
&amp#27;[38;5;173m[Xcode]&amp#27;[0m 
&amp#27;[38;5;200m[dbe4db21]&amp#27;[0m&amp#27;[38;5;-42m[XCUITestDriver@9d32 (dbe4db21)]&amp#27;[0m Got response with status 200: {"value":"PORTRAIT","sessionId":"CE40ADAF-B139-4368-BB61-1EFAB337C153"}
&amp#27;[38;5;200m[dbe4db21]&amp#27;[0m&amp#27;[38;5;-42m[XCUITestDriver@9d32 (dbe4db21)]&amp#27;[0m Replacing sessionId CE40ADAF-B139-4368-BB61-1EFAB337C153 with dbe4db21-e6a9-4d05-bdbb-cc788eb5635e
&amp#27;[38;5;200m[dbe4db21]&amp#27;[0m&amp#27;[38;5;86m[HTTP]&amp#27;[0m <-- GET /session/dbe4db21-e6a9-4d05-bdbb-cc788eb5635e/orientation 200 21 ms - 71 
&amp#27;[38;5;200m[dbe4db21]&amp#27;[0m&amp#27;[38;5;86m[HTTP]&amp#27;[0m &amp#27;[37m-->&amp#27;[39m &amp#27;[37mGET&amp#27;[39m &amp#27;[37m/session/dbe4db21-e6a9-4d05-bdbb-cc788eb5635e/window/rect&amp#27;[39m {}
&amp#27;[38;5;200m[dbe4db21]&amp#27;[0m&amp#27;[38;5;-42m[XCUITestDriver@9d32 (dbe4db21)]&amp#27;[0m Calling AppiumDriver.getWindowRect() with args: ["dbe4db21-e6a9-4d05-bdbb-cc788eb5635e"]
&amp#27;[38;5;200m[dbe4db21]&amp#27;[0m&amp#27;[38;5;-42m[XCUITestDriver@9d32 (dbe4db21)]&amp#27;[0m Executing command 'getWindowRect'
&amp#27;[38;5;200m[dbe4db21]&amp#27;[0m&amp#27;[38;5;-42m[XCUITestDriver@9d32 (dbe4db21)]&amp#27;[0m Proxying [GET /window/size] to [GET http://127.0.0.1:8100/session/CE40ADAF-B139-4368-BB61-1EFAB337C153/window/size] with no body
&amp#27;[38;5;173m[Xcode]&amp#27;[0m 2024-11-05 15:49:18.264213+0500 WebDriverAgentRunner-Runner[21804:212226] Getting the most recent active application (out of 1 total items)
&amp#27;[38;5;173m[Xcode]&amp#27;[0m 
&amp#27;[38;5;173m[Xcode]&amp#27;[0m     t =     4.30s Requesting snapshot of accessibility hierarchy for app with pid 21811
&amp#27;[38;5;173m[Xcode]&amp#27;[0m 
&amp#27;[38;5;200m[dbe4db21]&amp#27;[0m&amp#27;[38;5;-42m[XCUITestDriver@9d32 (dbe4db21)]&amp#27;[0m Got response with status 200: {"value":{"width":390,"height":844},"sessionId":"CE40ADAF-B139-4368-BB61-1EFAB337C153"}
&amp#27;[38;5;200m[dbe4db21]&amp#27;[0m&amp#27;[38;5;-42m[XCUITestDriver@9d32 (dbe4db21)]&amp#27;[0m Responding to client with driver.getWindowRect() result: {"width":390,"height":844,"x":0,"y":0}
&amp#27;[38;5;200m[dbe4db21]&amp#27;[0m&amp#27;[38;5;86m[HTTP]&amp#27;[0m <-- GET /session/dbe4db21-e6a9-4d05-bdbb-cc788eb5635e/window/rect 200 172 ms - 48 
&amp#27;[38;5;200m[dbe4db21]&amp#27;[0m&amp#27;[38;5;86m[HTTP]&amp#27;[0m &amp#27;[37m-->&amp#27;[39m &amp#27;[37mPOST&amp#27;[39m &amp#27;[37m/session/dbe4db21-e6a9-4d05-bdbb-cc788eb5635e/execute/sync&amp#27;[39m {"script":"mobile:deviceScreenInfo","args":[null]}
&amp#27;[38;5;200m[dbe4db21]&amp#27;[0m&amp#27;[38;5;-42m[XCUITestDriver@9d32 (dbe4db21)]&amp#27;[0m Calling AppiumDriver.execute() with args: ["mobile:deviceScreenInfo",[null],"dbe4db21-e6a9-4d05-bdbb-cc788eb5635e"]
&amp#27;[38;5;200m[dbe4db21]&amp#27;[0m&amp#27;[38;5;-42m[XCUITestDriver@9d32 (dbe4db21)]&amp#27;[0m Executing command 'execute'
&amp#27;[38;5;200m[dbe4db21]&amp#27;[0m&amp#27;[38;5;-42m[XCUITestDriver@9d32 (dbe4db21)]&amp#27;[0m Proxying [GET /wda/screen] to [GET http://127.0.0.1:8100/session/CE40ADAF-B139-4368-BB61-1EFAB337C153/wda/screen] with no body
&amp#27;[38;5;173m[Xcode]&amp#27;[0m 2024-11-05 15:49:18.420897+0500 WebDriverAgentRunner-Runner[21804:212226] Getting the most recent active application (out of 1 total items)
&amp#27;[38;5;173m[Xcode]&amp#27;[0m 
&amp#27;[38;5;173m[Xcode]&amp#27;[0m     t =     4.46s Get all elements bound by index for: Descendants matching type StatusBar
&amp#27;[38;5;173m[Xcode]&amp#27;[0m 
&amp#27;[38;5;173m[Xcode]&amp#27;[0m     t =     4.47s     Requesting snapshot of accessibility hierarchy for app with pid 15230
&amp#27;[38;5;173m[Xcode]&amp#27;[0m 
&amp#27;[38;5;173m[Xcode]&amp#27;[0m     t =     4.50s     Find: Descendants matching type StatusBar
&amp#27;[38;5;173m[Xcode]&amp#27;[0m 
&amp#27;[38;5;173m[Xcode]&amp#27;[0m     t =     4.51s Find the StatusBar
&amp#27;[38;5;173m[Xcode]&amp#27;[0m 
&amp#27;[38;5;173m[Xcode]&amp#27;[0m     t =     4.51s     Requesting snapshot of accessibility hierarchy for app with pid 15230
&amp#27;[38;5;173m[Xcode]&amp#27;[0m 
&amp#27;[38;5;173m[Xcode]&amp#27;[0m     t =     4.54s     Find: Descendants matching type StatusBar
&amp#27;[38;5;173m[Xcode]&amp#27;[0m 
&amp#27;[38;5;173m[Xcode]&amp#27;[0m     t =     4.55s     Find: Element at index 0
&amp#27;[38;5;173m[Xcode]&amp#27;[0m 
&amp#27;[38;5;200m[dbe4db21]&amp#27;[0m&amp#27;[38;5;-42m[XCUITestDriver@9d32 (dbe4db21)]&amp#27;[0m Got response with status 200: {"value":{"statusBarSize":{"width":390,"height":47},"scale":3},"sessionId":"CE40ADAF-B139-4368-BB61-1EFAB337C153"}
&amp#27;[38;5;200m[dbe4db21]&amp#27;[0m&amp#27;[38;5;-42m[XCUITestDriver@9d32 (dbe4db21)]&amp#27;[0m Responding to client with driver.execute() result: {"statusBarSize":{"width":390,"height":47},"scale":3}
&amp#27;[38;5;200m[dbe4db21]&amp#27;[0m&amp#27;[38;5;86m[HTTP]&amp#27;[0m <-- POST /session/dbe4db21-e6a9-4d05-bdbb-cc788eb5635e/execute/sync 200 115 ms - 63 
&amp#27;[38;5;200m[dbe4db21]&amp#27;[0m&amp#27;[38;5;86m[HTTP]&amp#27;[0m &amp#27;[37m-->&amp#27;[39m &amp#27;[37mPOST&amp#27;[39m &amp#27;[37m/session/dbe4db21-e6a9-4d05-bdbb-cc788eb5635e/element&amp#27;[39m {"using":"-ios class chain","value":"**/XCUIElementTypeNavigationBar"}
&amp#27;[38;5;200m[dbe4db21]&amp#27;[0m&amp#27;[38;5;-42m[XCUITestDriver@9d32 (dbe4db21)]&amp#27;[0m Calling AppiumDriver.findElement() with args: ["-ios class chain","**/XCUIElementTypeNavigationBar","dbe4db21-e6a9-4d05-bdbb-cc788eb5635e"]
&amp#27;[38;5;200m[dbe4db21]&amp#27;[0m&amp#27;[38;5;-42m[XCUITestDriver@9d32 (dbe4db21)]&amp#27;[0m Executing command 'findElement'
&amp#27;[38;5;200m[dbe4db21]&amp#27;[0m&amp#27;[38;5;-42m[XCUITestDriver@9d32 (dbe4db21)]&amp#27;[0m Valid locator strategies for this request: xpath, id, name, class name, -ios predicate string, -ios class chain, accessibility id, css selector
&amp#27;[38;5;200m[dbe4db21]&amp#27;[0m&amp#27;[38;5;-42m[XCUITestDriver@9d32 (dbe4db21)]&amp#27;[0m Waiting up to 10000 ms for condition
&amp#27;[38;5;200m[dbe4db21]&amp#27;[0m&amp#27;[38;5;-42m[XCUITestDriver@9d32 (dbe4db21)]&amp#27;[0m Matched '/element' to command name 'findElement'
&amp#27;[38;5;200m[dbe4db21]&amp#27;[0m&amp#27;[38;5;-42m[XCUITestDriver@9d32 (dbe4db21)]&amp#27;[0m Proxying [POST /element] to [POST http://127.0.0.1:8100/session/CE40ADAF-B139-4368-BB61-1EFAB337C153/element] with body: {"using":"class chain","value":"**/XCUIElementTypeNavigationBar"}
&amp#27;[38;5;173m[Xcode]&amp#27;[0m 2024-11-05 15:49:18.537575+0500 WebDriverAgentRunner-Runner[21804:212226] Getting the most recent active application (out of 1 total items)
&amp#27;[38;5;173m[Xcode]&amp#27;[0m 
&amp#27;[38;5;173m[Xcode]&amp#27;[0m     t =     4.57s Get all elements bound by accessibility element for: Descendants matching type NavigationBar
&amp#27;[38;5;173m[Xcode]&amp#27;[0m 
&amp#27;[38;5;173m[Xcode]&amp#27;[0m     t =     4.57s     Requesting snapshot of accessibility hierarchy for app with pid 21811
&amp#27;[38;5;173m[Xcode]&amp#27;[0m 
&amp#27;[38;5;173m[Xcode]&amp#27;[0m     t =     4.64s     Find: Descendants matching type NavigationBar
&amp#27;[38;5;173m[Xcode]&amp#27;[0m 
&amp#27;[38;5;173m[Xcode]&amp#27;[0m     t =     4.66s Requesting snapshot of accessibility hierarchy for app with pid 21811
&amp#27;[38;5;173m[Xcode]&amp#27;[0m 
&amp#27;[38;5;173m[Xcode]&amp#27;[0m     t =     4.73s Find: Descendants matching type NavigationBar
&amp#27;[38;5;173m[Xcode]&amp#27;[0m 
&amp#27;[38;5;173m[Xcode]&amp#27;[0m     t =     4.74s Find: Identity Binding
&amp#27;[38;5;173m[Xcode]&amp#27;[0m 
&amp#27;[38;5;200m[dbe4db21]&amp#27;[0m&amp#27;[38;5;-42m[XCUITestDriver@9d32 (dbe4db21)]&amp#27;[0m Got response with status 200: {"value":{"ELEMENT":"0B000000-0000-0000-3355-000000000000","element-6066-11e4-a52e-4f735466cecf":"0B000000-0000-0000-3355-000000000000"},"sessionId":"CE40ADAF-B139-4368-BB61-1EFAB337C153"}
&amp#27;[38;5;200m[dbe4db21]&amp#27;[0m&amp#27;[38;5;-42m[XCUITestDriver@9d32 (dbe4db21)]&amp#27;[0m Responding to client with driver.findElement() result: {"element-6066-11e4-a52e-4f735466cecf":"0B000000-0000-0000-3355-000000000000","ELEMENT":"0B000000-0000-0000-3355-000000000000"}
&amp#27;[38;5;200m[dbe4db21]&amp#27;[0m&amp#27;[38;5;86m[HTTP]&amp#27;[0m <-- POST /session/dbe4db21-e6a9-4d05-bdbb-cc788eb5635e/element 200 184 ms - 137 
&amp#27;[38;5;200m[dbe4db21]&amp#27;[0m&amp#27;[38;5;86m[HTTP]&amp#27;[0m &amp#27;[37m-->&amp#27;[39m &amp#27;[37mGET&amp#27;[39m &amp#27;[37m/session/dbe4db21-e6a9-4d05-bdbb-cc788eb5635e/element/0B000000-0000-0000-3355-000000000000/rect&amp#27;[39m {}
&amp#27;[38;5;200m[dbe4db21]&amp#27;[0m&amp#27;[38;5;-42m[XCUITestDriver@9d32 (dbe4db21)]&amp#27;[0m Driver proxy active, passing request on via HTTP proxy
&amp#27;[38;5;200m[dbe4db21]&amp#27;[0m&amp#27;[38;5;-42m[XCUITestDriver@9d32 (dbe4db21)]&amp#27;[0m Executing command 'proxyReqRes'
&amp#27;[38;5;200m[dbe4db21]&amp#27;[0m&amp#27;[38;5;-42m[XCUITestDriver@9d32 (dbe4db21)]&amp#27;[0m Matched '/session/dbe4db21-e6a9-4d05-bdbb-cc788eb5635e/element/0B000000-0000-0000-3355-000000000000/rect' to command name 'getElementRect'
&amp#27;[38;5;200m[dbe4db21]&amp#27;[0m&amp#27;[38;5;-42m[XCUITestDriver@9d32 (dbe4db21)]&amp#27;[0m Proxying [GET /session/dbe4db21-e6a9-4d05-bdbb-cc788eb5635e/element/0B000000-0000-0000-3355-000000000000/rect] to [GET http://127.0.0.1:8100/session/CE40ADAF-B139-4368-BB61-1EFAB337C153/element/0B000000-0000-0000-3355-000000000000/rect] with no body
&amp#27;[38;5;173m[Xcode]&amp#27;[0m     t =     4.75s Requesting snapshot of accessibility hierarchy for app with pid 21811
&amp#27;[38;5;173m[Xcode]&amp#27;[0m 
&amp#27;[38;5;173m[Xcode]&amp#27;[0m     t =     4.83s Find: Descendants matching type NavigationBar
&amp#27;[38;5;173m[Xcode]&amp#27;[0m 
&amp#27;[38;5;173m[Xcode]&amp#27;[0m     t =     4.83s Find: Identity Binding
&amp#27;[38;5;173m[Xcode]&amp#27;[0m 
&amp#27;[38;5;200m[dbe4db21]&amp#27;[0m&amp#27;[38;5;-42m[XCUITestDriver@9d32 (dbe4db21)]&amp#27;[0m Got response with status 200: {"value":{"y":47,"x":0,"width":390,"height":44},"sessionId":"CE40ADAF-B139-4368-BB61-1EFAB337C153"}
&amp#27;[38;5;200m[dbe4db21]&amp#27;[0m&amp#27;[38;5;-42m[XCUITestDriver@9d32 (dbe4db21)]&amp#27;[0m Replacing sessionId CE40ADAF-B139-4368-BB61-1EFAB337C153 with dbe4db21-e6a9-4d05-bdbb-cc788eb5635e
&amp#27;[38;5;200m[dbe4db21]&amp#27;[0m&amp#27;[38;5;86m[HTTP]&amp#27;[0m <-- GET /session/dbe4db21-e6a9-4d05-bdbb-cc788eb5635e/element/0B000000-0000-0000-3355-000000000000/rect 200 97 ms - 99 
&amp#27;[38;5;200m[dbe4db21]&amp#27;[0m&amp#27;[38;5;86m[HTTP]&amp#27;[0m &amp#27;[37m-->&amp#27;[39m &amp#27;[37mPOST&amp#27;[39m &amp#27;[37m/session/dbe4db21-e6a9-4d05-bdbb-cc788eb5635e/element&amp#27;[39m {"using":"-ios class chain","value":"**/XCUIElementTypeTabBar"}
&amp#27;[38;5;200m[dbe4db21]&amp#27;[0m&amp#27;[38;5;-42m[XCUITestDriver@9d32 (dbe4db21)]&amp#27;[0m Calling AppiumDriver.findElement() with args: ["-ios class chain","**/XCUIElementTypeTabBar","dbe4db21-e6a9-4d05-bdbb-cc788eb5635e"]
&amp#27;[38;5;200m[dbe4db21]&amp#27;[0m&amp#27;[38;5;-42m[XCUITestDriver@9d32 (dbe4db21)]&amp#27;[0m Executing command 'findElement'
&amp#27;[38;5;200m[dbe4db21]&amp#27;[0m&amp#27;[38;5;-42m[XCUITestDriver@9d32 (dbe4db21)]&amp#27;[0m Valid locator strategies for this request: xpath, id, name, class name, -ios predicate string, -ios class chain, accessibility id, css selector
&amp#27;[38;5;200m[dbe4db21]&amp#27;[0m&amp#27;[38;5;-42m[XCUITestDriver@9d32 (dbe4db21)]&amp#27;[0m Waiting up to 10000 ms for condition
&amp#27;[38;5;200m[dbe4db21]&amp#27;[0m&amp#27;[38;5;-42m[XCUITestDriver@9d32 (dbe4db21)]&amp#27;[0m Matched '/element' to command name 'findElement'
&amp#27;[38;5;200m[dbe4db21]&amp#27;[0m&amp#27;[38;5;-42m[XCUITestDriver@9d32 (dbe4db21)]&amp#27;[0m Proxying [POST /element] to [POST http://127.0.0.1:8100/session/CE40ADAF-B139-4368-BB61-1EFAB337C153/element] with body: {"using":"class chain","value":"**/XCUIElementTypeTabBar"}
&amp#27;[38;5;173m[Xcode]&amp#27;[0m 2024-11-05 15:49:18.819060+0500 WebDriverAgentRunner-Runner[21804:212226] Getting the most recent active application (out of 1 total items)
&amp#27;[38;5;173m[Xcode]&amp#27;[0m 
&amp#27;[38;5;173m[Xcode]&amp#27;[0m     t =     4.85s Get all elements bound by accessibility element for: Descendants matching type TabBar
&amp#27;[38;5;173m[Xcode]&amp#27;[0m 
&amp#27;[38;5;173m[Xcode]&amp#27;[0m     t =     4.85s     Requesting snapshot of accessibility hierarchy for app with pid 21811
&amp#27;[38;5;173m[Xcode]&amp#27;[0m 
&amp#27;[38;5;173m[Xcode]&amp#27;[0m     t =     4.93s     Find: Descendants matching type TabBar
&amp#27;[38;5;173m[Xcode]&amp#27;[0m 
&amp#27;[38;5;200m[dbe4db21]&amp#27;[0m&amp#27;[38;5;-42m[XCUITestDriver@9d32 (dbe4db21)]&amp#27;[0m Got response with status 404: {"value":{"error":"no such element","message":"unable to find an element using 'class chain', value '**/XCUIElementTypeTabBar'","traceback":"(\n\t0   WebDriverAgentLib                   0x000000010471f162 FBNoSuchElementErrorResponseForRequest + 290\n\t1   WebDriverAgentLib                   0x000000010471ef3c +[FBFindElementCommands handleFindElement:] + 364\n\t2   WebDriverAgentLib                   0x00000001046e02ac -[FBRoute_TargetAction mountRequest:intoResponse:] + 172\n\t3   WebDriverAgentLib                   0x00000001046c8e73 __37-[FBWebServer registerRouteHandlers:]_block_invoke + 499\n\t4   WebDriverAgentLib                   0x000000010470375d -[RoutingHTTPServer handleRoute:withRequest:response:] + 189\n\t5   WebDriverAgentLib                   0x0000000104704551 __72-[RoutingHTTPServer routeMethod:withPath:parameters:request:connection:]_block_invoke + 65\n\t6   libdispatch.dylib                   0x00007ff80013ca3a _dispatch_client_callout + 8\n\t7   libdispatch.dylib                   0x0...
&amp#27;[38;5;200m[dbe4db21]&amp#27;[0m&amp#27;[38;5;123m[W3C]&amp#27;[0m Matched W3C error code 'no such element' to NoSuchElementError
&amp#27;[38;5;200m[dbe4db21]&amp#27;[0m&amp#27;[38;5;-42m[XCUITestDriver@9d32 (dbe4db21)]&amp#27;[0m Waited for 107 ms so far
&amp#27;[38;5;200m[dbe4db21]&amp#27;[0m&amp#27;[38;5;-42m[XCUITestDriver@9d32 (dbe4db21)]&amp#27;[0m Matched '/element' to command name 'findElement'
&amp#27;[38;5;200m[dbe4db21]&amp#27;[0m&amp#27;[38;5;-42m[XCUITestDriver@9d32 (dbe4db21)]&amp#27;[0m Proxying [POST /element] to [POST http://127.0.0.1:8100/session/CE40ADAF-B139-4368-BB61-1EFAB337C153/element] with body: {"using":"class chain","value":"**/XCUIElementTypeTabBar"}
&amp#27;[38;5;173m[Xcode]&amp#27;[0m 2024-11-05 15:49:19.429811+0500 WebDriverAgentRunner-Runner[21804:212226] Getting the most recent active application (out of 1 total items)
&amp#27;[38;5;173m[Xcode]&amp#27;[0m 
&amp#27;[38;5;173m[Xcode]&amp#27;[0m     t =     5.46s Get all elements bound by accessibility element for: Descendants matching type TabBar
&amp#27;[38;5;173m[Xcode]&amp#27;[0m 
&amp#27;[38;5;173m[Xcode]&amp#27;[0m     t =     5.46s     Requesting snapshot of accessibility hierarchy for app with pid 21811
&amp#27;[38;5;173m[Xcode]&amp#27;[0m 
&amp#27;[38;5;173m[Xcode]&amp#27;[0m     t =     5.53s     Find: Descendants matching type TabBar
&amp#27;[38;5;173m[Xcode]&amp#27;[0m 
&amp#27;[38;5;200m[dbe4db21]&amp#27;[0m&amp#27;[38;5;-42m[XCUITestDriver@9d32 (dbe4db21)]&amp#27;[0m Got response with status 404: {"value":{"error":"no such element","message":"unable to find an element using 'class chain', value '**/XCUIElementTypeTabBar'","traceback":"(\n\t0   WebDriverAgentLib                   0x000000010471f162 FBNoSuchElementErrorResponseForRequest + 290\n\t1   WebDriverAgentLib                   0x000000010471ef3c +[FBFindElementCommands handleFindElement:] + 364\n\t2   WebDriverAgentLib                   0x00000001046e02ac -[FBRoute_TargetAction mountRequest:intoResponse:] + 172\n\t3   WebDriverAgentLib                   0x00000001046c8e73 __37-[FBWebServer registerRouteHandlers:]_block_invoke + 499\n\t4   WebDriverAgentLib                   0x000000010470375d -[RoutingHTTPServer handleRoute:withRequest:response:] + 189\n\t5   WebDriverAgentLib                   0x0000000104704551 __72-[RoutingHTTPServer routeMethod:withPath:parameters:request:connection:]_block_invoke + 65\n\t6   libdispatch.dylib                   0x00007ff80013ca3a _dispatch_client_callout + 8\n\t7   libdispatch.dylib                   0x0...
&amp#27;[38;5;200m[dbe4db21]&amp#27;[0m&amp#27;[38;5;123m[W3C]&amp#27;[0m Matched W3C error code 'no such element' to NoSuchElementError
&amp#27;[38;5;200m[dbe4db21]&amp#27;[0m&amp#27;[38;5;-42m[XCUITestDriver@9d32 (dbe4db21)]&amp#27;[0m Waited for 696 ms so far
&amp#27;[38;5;200m[dbe4db21]&amp#27;[0m&amp#27;[38;5;-42m[XCUITestDriver@9d32 (dbe4db21)]&amp#27;[0m Matched '/element' to command name 'findElement'
&amp#27;[38;5;200m[dbe4db21]&amp#27;[0m&amp#27;[38;5;-42m[XCUITestDriver@9d32 (dbe4db21)]&amp#27;[0m Proxying [POST /element] to [POST http://127.0.0.1:8100/session/CE40ADAF-B139-4368-BB61-1EFAB337C153/element] with body: {"using":"class chain","value":"**/XCUIElementTypeTabBar"}
&amp#27;[38;5;173m[Xcode]&amp#27;[0m 2024-11-05 15:49:20.019459+0500 WebDriverAgentRunner-Runner[21804:212226] Getting the most recent active application (out of 1 total items)
&amp#27;[38;5;173m[Xcode]&amp#27;[0m 
&amp#27;[38;5;173m[Xcode]&amp#27;[0m     t =     6.05s Get all elements bound by accessibility element for: Descendants matching type TabBar
&amp#27;[38;5;173m[Xcode]&amp#27;[0m 
&amp#27;[38;5;173m[Xcode]&amp#27;[0m     t =     6.06s     Requesting snapshot of accessibility hierarchy for app with pid 21811
&amp#27;[38;5;173m[Xcode]&amp#27;[0m 
&amp#27;[38;5;173m[Xcode]&amp#27;[0m     t =     6.13s     Find: Descendants matching type TabBar
&amp#27;[38;5;173m[Xcode]&amp#27;[0m 
&amp#27;[38;5;200m[dbe4db21]&amp#27;[0m&amp#27;[38;5;-42m[XCUITestDriver@9d32 (dbe4db21)]&amp#27;[0m Got response with status 404: {"value":{"error":"no such element","message":"unable to find an element using 'class chain', value '**/XCUIElementTypeTabBar'","traceback":"(\n\t0   WebDriverAgentLib                   0x000000010471f162 FBNoSuchElementErrorResponseForRequest + 290\n\t1   WebDriverAgentLib                   0x000000010471ef3c +[FBFindElementCommands handleFindElement:] + 364\n\t2   WebDriverAgentLib                   0x00000001046e02ac -[FBRoute_TargetAction mountRequest:intoResponse:] + 172\n\t3   WebDriverAgentLib                   0x00000001046c8e73 __37-[FBWebServer registerRouteHandlers:]_block_invoke + 499\n\t4   WebDriverAgentLib                   0x000000010470375d -[RoutingHTTPServer handleRoute:withRequest:response:] + 189\n\t5   WebDriverAgentLib                   0x0000000104704551 __72-[RoutingHTTPServer routeMethod:withPath:parameters:request:connection:]_block_invoke + 65\n\t6   libdispatch.dylib                   0x00007ff80013ca3a _dispatch_client_callout + 8\n\t7   libdispatch.dylib                   0x0...
&amp#27;[38;5;200m[dbe4db21]&amp#27;[0m&amp#27;[38;5;123m[W3C]&amp#27;[0m Matched W3C error code 'no such element' to NoSuchElementError
&amp#27;[38;5;200m[dbe4db21]&amp#27;[0m&amp#27;[38;5;-42m[XCUITestDriver@9d32 (dbe4db21)]&amp#27;[0m Waited for 1294 ms so far
&amp#27;[38;5;200m[dbe4db21]&amp#27;[0m&amp#27;[38;5;-42m[XCUITestDriver@9d32 (dbe4db21)]&amp#27;[0m Matched '/element' to command name 'findElement'
&amp#27;[38;5;200m[dbe4db21]&amp#27;[0m&amp#27;[38;5;-42m[XCUITestDriver@9d32 (dbe4db21)]&amp#27;[0m Proxying [POST /element] to [POST http://127.0.0.1:8100/session/CE40ADAF-B139-4368-BB61-1EFAB337C153/element] with body: {"using":"class chain","value":"**/XCUIElementTypeTabBar"}
&amp#27;[38;5;173m[Xcode]&amp#27;[0m 2024-11-05 15:49:20.619595+0500 WebDriverAgentRunner-Runner[21804:212226] Getting the most recent active application (out of 1 total items)
&amp#27;[38;5;173m[Xcode]&amp#27;[0m 
&amp#27;[38;5;173m[Xcode]&amp#27;[0m     t =     6.65s Get all elements bound by accessibility element for: Descendants matching type TabBar
&amp#27;[38;5;173m[Xcode]&amp#27;[0m 
&amp#27;[38;5;173m[Xcode]&amp#27;[0m     t =     6.65s     Requesting snapshot of accessibility hierarchy for app with pid 21811
&amp#27;[38;5;173m[Xcode]&amp#27;[0m 
&amp#27;[38;5;173m[Xcode]&amp#27;[0m     t =     6.74s     Find: Descendants matching type TabBar
&amp#27;[38;5;173m[Xcode]&amp#27;[0m 
&amp#27;[38;5;200m[dbe4db21]&amp#27;[0m&amp#27;[38;5;-42m[XCUITestDriver@9d32 (dbe4db21)]&amp#27;[0m Got response with status 404: {"value":{"error":"no such element","message":"unable to find an element using 'class chain', value '**/XCUIElementTypeTabBar'","traceback":"(\n\t0   WebDriverAgentLib                   0x000000010471f162 FBNoSuchElementErrorResponseForRequest + 290\n\t1   WebDriverAgentLib                   0x000000010471ef3c +[FBFindElementCommands handleFindElement:] + 364\n\t2   WebDriverAgentLib                   0x00000001046e02ac -[FBRoute_TargetAction mountRequest:intoResponse:] + 172\n\t3   WebDriverAgentLib                   0x00000001046c8e73 __37-[FBWebServer registerRouteHandlers:]_block_invoke + 499\n\t4   WebDriverAgentLib                   0x000000010470375d -[RoutingHTTPServer handleRoute:withRequest:response:] + 189\n\t5   WebDriverAgentLib                   0x0000000104704551 __72-[RoutingHTTPServer routeMethod:withPath:parameters:request:connection:]_block_invoke + 65\n\t6   libdispatch.dylib                   0x00007ff80013ca3a _dispatch_client_callout + 8\n\t7   libdispatch.dylib                   0x0...
&amp#27;[38;5;200m[dbe4db21]&amp#27;[0m&amp#27;[38;5;123m[W3C]&amp#27;[0m Matched W3C error code 'no such element' to NoSuchElementError
&amp#27;[38;5;200m[dbe4db21]&amp#27;[0m&amp#27;[38;5;-42m[XCUITestDriver@9d32 (dbe4db21)]&amp#27;[0m Waited for 1902 ms so far
&amp#27;[38;5;200m[dbe4db21]&amp#27;[0m&amp#27;[38;5;-42m[XCUITestDriver@9d32 (dbe4db21)]&amp#27;[0m Matched '/element' to command name 'findElement'
&amp#27;[38;5;200m[dbe4db21]&amp#27;[0m&amp#27;[38;5;-42m[XCUITestDriver@9d32 (dbe4db21)]&amp#27;[0m Proxying [POST /element] to [POST http://127.0.0.1:8100/session/CE40ADAF-B139-4368-BB61-1EFAB337C153/element] with body: {"using":"class chain","value":"**/XCUIElementTypeTabBar"}
&amp#27;[38;5;173m[Xcode]&amp#27;[0m 2024-11-05 15:49:21.223804+0500 WebDriverAgentRunner-Runner[21804:212226] Getting the most recent active application (out of 1 total items)
&amp#27;[38;5;173m[Xcode]&amp#27;[0m 
&amp#27;[38;5;173m[Xcode]&amp#27;[0m     t =     7.26s Get all elements bound by accessibility element for: Descendants matching type TabBar
&amp#27;[38;5;173m[Xcode]&amp#27;[0m 
&amp#27;[38;5;173m[Xcode]&amp#27;[0m     t =     7.26s     Requesting snapshot of accessibility hierarchy for app with pid 21811
&amp#27;[38;5;173m[Xcode]&amp#27;[0m 
&amp#27;[38;5;173m[Xcode]&amp#27;[0m     t =     7.34s     Find: Descendants matching type TabBar
&amp#27;[38;5;173m[Xcode]&amp#27;[0m 
&amp#27;[38;5;200m[dbe4db21]&amp#27;[0m&amp#27;[38;5;-42m[XCUITestDriver@9d32 (dbe4db21)]&amp#27;[0m Got response with status 404: {"value":{"error":"no such element","message":"unable to find an element using 'class chain', value '**/XCUIElementTypeTabBar'","traceback":"(\n\t0   WebDriverAgentLib                   0x000000010471f162 FBNoSuchElementErrorResponseForRequest + 290\n\t1   WebDriverAgentLib                   0x000000010471ef3c +[FBFindElementCommands handleFindElement:] + 364\n\t2   WebDriverAgentLib                   0x00000001046e02ac -[FBRoute_TargetAction mountRequest:intoResponse:] + 172\n\t3   WebDriverAgentLib                   0x00000001046c8e73 __37-[FBWebServer registerRouteHandlers:]_block_invoke + 499\n\t4   WebDriverAgentLib                   0x000000010470375d -[RoutingHTTPServer handleRoute:withRequest:response:] + 189\n\t5   WebDriverAgentLib                   0x0000000104704551 __72-[RoutingHTTPServer routeMethod:withPath:parameters:request:connection:]_block_invoke + 65\n\t6   libdispatch.dylib                   0x00007ff80013ca3a _dispatch_client_callout + 8\n\t7   libdispatch.dylib                   0x0...
&amp#27;[38;5;200m[dbe4db21]&amp#27;[0m&amp#27;[38;5;123m[W3C]&amp#27;[0m Matched W3C error code 'no such element' to NoSuchElementError
&amp#27;[38;5;200m[dbe4db21]&amp#27;[0m&amp#27;[38;5;-42m[XCUITestDriver@9d32 (dbe4db21)]&amp#27;[0m Waited for 2502 ms so far
&amp#27;[38;5;200m[dbe4db21]&amp#27;[0m&amp#27;[38;5;-42m[XCUITestDriver@9d32 (dbe4db21)]&amp#27;[0m Matched '/element' to command name 'findElement'
&amp#27;[38;5;200m[dbe4db21]&amp#27;[0m&amp#27;[38;5;-42m[XCUITestDriver@9d32 (dbe4db21)]&amp#27;[0m Proxying [POST /element] to [POST http://127.0.0.1:8100/session/CE40ADAF-B139-4368-BB61-1EFAB337C153/element] with body: {"using":"class chain","value":"**/XCUIElementTypeTabBar"}
&amp#27;[38;5;173m[Xcode]&amp#27;[0m 2024-11-05 15:49:21.824719+0500 WebDriverAgentRunner-Runner[21804:212226] Getting the most recent active application (out of 1 total items)
&amp#27;[38;5;173m[Xcode]&amp#27;[0m 
&amp#27;[38;5;173m[Xcode]&amp#27;[0m     t =     7.86s Get all elements bound by accessibility element for: Descendants matching type TabBar
&amp#27;[38;5;173m[Xcode]&amp#27;[0m 
&amp#27;[38;5;173m[Xcode]&amp#27;[0m     t =     7.86s     Requesting snapshot of accessibility hierarchy for app with pid 21811
&amp#27;[38;5;173m[Xcode]&amp#27;[0m 
&amp#27;[38;5;173m[Xcode]&amp#27;[0m     t =     7.93s     Find: Descendants matching type TabBar
&amp#27;[38;5;173m[Xcode]&amp#27;[0m 
&amp#27;[38;5;200m[dbe4db21]&amp#27;[0m&amp#27;[38;5;-42m[XCUITestDriver@9d32 (dbe4db21)]&amp#27;[0m Got response with status 404: {"value":{"error":"no such element","message":"unable to find an element using 'class chain', value '**/XCUIElementTypeTabBar'","traceback":"(\n\t0   WebDriverAgentLib                   0x000000010471f162 FBNoSuchElementErrorResponseForRequest + 290\n\t1   WebDriverAgentLib                   0x000000010471ef3c +[FBFindElementCommands handleFindElement:] + 364\n\t2   WebDriverAgentLib                   0x00000001046e02ac -[FBRoute_TargetAction mountRequest:intoResponse:] + 172\n\t3   WebDriverAgentLib                   0x00000001046c8e73 __37-[FBWebServer registerRouteHandlers:]_block_invoke + 499\n\t4   WebDriverAgentLib                   0x000000010470375d -[RoutingHTTPServer handleRoute:withRequest:response:] + 189\n\t5   WebDriverAgentLib                   0x0000000104704551 __72-[RoutingHTTPServer routeMethod:withPath:parameters:request:connection:]_block_invoke + 65\n\t6   libdispatch.dylib                   0x00007ff80013ca3a _dispatch_client_callout + 8\n\t7   libdispatch.dylib                   0x0...
&amp#27;[38;5;200m[dbe4db21]&amp#27;[0m&amp#27;[38;5;123m[W3C]&amp#27;[0m Matched W3C error code 'no such element' to NoSuchElementError
&amp#27;[38;5;200m[dbe4db21]&amp#27;[0m&amp#27;[38;5;-42m[XCUITestDriver@9d32 (dbe4db21)]&amp#27;[0m Waited for 3091 ms so far
&amp#27;[38;5;200m[dbe4db21]&amp#27;[0m&amp#27;[38;5;-42m[XCUITestDriver@9d32 (dbe4db21)]&amp#27;[0m Matched '/element' to command name 'findElement'
&amp#27;[38;5;200m[dbe4db21]&amp#27;[0m&amp#27;[38;5;-42m[XCUITestDriver@9d32 (dbe4db21)]&amp#27;[0m Proxying [POST /element] to [POST http://127.0.0.1:8100/session/CE40ADAF-B139-4368-BB61-1EFAB337C153/element] with body: {"using":"class chain","value":"**/XCUIElementTypeTabBar"}
&amp#27;[38;5;173m[Xcode]&amp#27;[0m 2024-11-05 15:49:22.415251+0500 WebDriverAgentRunner-Runner[21804:212226] Getting the most recent active application (out of 1 total items)
&amp#27;[38;5;173m[Xcode]&amp#27;[0m 
&amp#27;[38;5;173m[Xcode]&amp#27;[0m     t =     8.45s Get all elements bound by accessibility element for: Descendants matching type TabBar
&amp#27;[38;5;173m[Xcode]&amp#27;[0m 
&amp#27;[38;5;173m[Xcode]&amp#27;[0m     t =     8.45s     Requesting snapshot of accessibility hierarchy for app with pid 21811
&amp#27;[38;5;173m[Xcode]&amp#27;[0m 
&amp#27;[38;5;173m[Xcode]&amp#27;[0m     t =     8.52s     Find: Descendants matching type TabBar
&amp#27;[38;5;173m[Xcode]&amp#27;[0m 
&amp#27;[38;5;200m[dbe4db21]&amp#27;[0m&amp#27;[38;5;-42m[XCUITestDriver@9d32 (dbe4db21)]&amp#27;[0m Got response with status 404: {"value":{"error":"no such element","message":"unable to find an element using 'class chain', value '**/XCUIElementTypeTabBar'","traceback":"(\n\t0   WebDriverAgentLib                   0x000000010471f162 FBNoSuchElementErrorResponseForRequest + 290\n\t1   WebDriverAgentLib                   0x000000010471ef3c +[FBFindElementCommands handleFindElement:] + 364\n\t2   WebDriverAgentLib                   0x00000001046e02ac -[FBRoute_TargetAction mountRequest:intoResponse:] + 172\n\t3   WebDriverAgentLib                   0x00000001046c8e73 __37-[FBWebServer registerRouteHandlers:]_block_invoke + 499\n\t4   WebDriverAgentLib                   0x000000010470375d -[RoutingHTTPServer handleRoute:withRequest:response:] + 189\n\t5   WebDriverAgentLib                   0x0000000104704551 __72-[RoutingHTTPServer routeMethod:withPath:parameters:request:connection:]_block_invoke + 65\n\t6   libdispatch.dylib                   0x00007ff80013ca3a _dispatch_client_callout + 8\n\t7   libdispatch.dylib                   0x0...
&amp#27;[38;5;200m[dbe4db21]&amp#27;[0m&amp#27;[38;5;123m[W3C]&amp#27;[0m Matched W3C error code 'no such element' to NoSuchElementError
&amp#27;[38;5;200m[dbe4db21]&amp#27;[0m&amp#27;[38;5;-42m[XCUITestDriver@9d32 (dbe4db21)]&amp#27;[0m Waited for 3681 ms so far
&amp#27;[38;5;200m[dbe4db21]&amp#27;[0m&amp#27;[38;5;-42m[XCUITestDriver@9d32 (dbe4db21)]&amp#27;[0m Matched '/element' to command name 'findElement'
&amp#27;[38;5;200m[dbe4db21]&amp#27;[0m&amp#27;[38;5;-42m[XCUITestDriver@9d32 (dbe4db21)]&amp#27;[0m Proxying [POST /element] to [POST http://127.0.0.1:8100/session/CE40ADAF-B139-4368-BB61-1EFAB337C153/element] with body: {"using":"class chain","value":"**/XCUIElementTypeTabBar"}
&amp#27;[38;5;173m[Xcode]&amp#27;[0m 2024-11-05 15:49:23.003290+0500 WebDriverAgentRunner-Runner[21804:212226] Getting the most recent active application (out of 1 total items)
&amp#27;[38;5;173m[Xcode]&amp#27;[0m 
&amp#27;[38;5;173m[Xcode]&amp#27;[0m     t =     9.04s Get all elements bound by accessibility element for: Descendants matching type TabBar
&amp#27;[38;5;173m[Xcode]&amp#27;[0m 
&amp#27;[38;5;173m[Xcode]&amp#27;[0m     t =     9.04s     Requesting snapshot of accessibility hierarchy for app with pid 21811
&amp#27;[38;5;173m[Xcode]&amp#27;[0m 
&amp#27;[38;5;173m[Xcode]&amp#27;[0m     t =     9.10s     Find: Descendants matching type TabBar
&amp#27;[38;5;173m[Xcode]&amp#27;[0m 
&amp#27;[38;5;200m[dbe4db21]&amp#27;[0m&amp#27;[38;5;-42m[XCUITestDriver@9d32 (dbe4db21)]&amp#27;[0m Got response with status 404: {"value":{"error":"no such element","message":"unable to find an element using 'class chain', value '**/XCUIElementTypeTabBar'","traceback":"(\n\t0   WebDriverAgentLib                   0x000000010471f162 FBNoSuchElementErrorResponseForRequest + 290\n\t1   WebDriverAgentLib                   0x000000010471ef3c +[FBFindElementCommands handleFindElement:] + 364\n\t2   WebDriverAgentLib                   0x00000001046e02ac -[FBRoute_TargetAction mountRequest:intoResponse:] + 172\n\t3   WebDriverAgentLib                   0x00000001046c8e73 __37-[FBWebServer registerRouteHandlers:]_block_invoke + 499\n\t4   WebDriverAgentLib                   0x000000010470375d -[RoutingHTTPServer handleRoute:withRequest:response:] + 189\n\t5   WebDriverAgentLib                   0x0000000104704551 __72-[RoutingHTTPServer routeMethod:withPath:parameters:request:connection:]_block_invoke + 65\n\t6   libdispatch.dylib                   0x00007ff80013ca3a _dispatch_client_callout + 8\n\t7   libdispatch.dylib                   0x0...
&amp#27;[38;5;200m[dbe4db21]&amp#27;[0m&amp#27;[38;5;123m[W3C]&amp#27;[0m Matched W3C error code 'no such element' to NoSuchElementError
&amp#27;[38;5;200m[dbe4db21]&amp#27;[0m&amp#27;[38;5;-42m[XCUITestDriver@9d32 (dbe4db21)]&amp#27;[0m Waited for 4268 ms so far
&amp#27;[38;5;200m[dbe4db21]&amp#27;[0m&amp#27;[38;5;-42m[XCUITestDriver@9d32 (dbe4db21)]&amp#27;[0m Matched '/element' to command name 'findElement'
&amp#27;[38;5;200m[dbe4db21]&amp#27;[0m&amp#27;[38;5;-42m[XCUITestDriver@9d32 (dbe4db21)]&amp#27;[0m Proxying [POST /element] to [POST http://127.0.0.1:8100/session/CE40ADAF-B139-4368-BB61-1EFAB337C153/element] with body: {"using":"class chain","value":"**/XCUIElementTypeTabBar"}
&amp#27;[38;5;173m[Xcode]&amp#27;[0m 2024-11-05 15:49:23.588195+0500 WebDriverAgentRunner-Runner[21804:212226] Getting the most recent active application (out of 1 total items)
&amp#27;[38;5;173m[Xcode]&amp#27;[0m 
&amp#27;[38;5;173m[Xcode]&amp#27;[0m     t =     9.62s Get all elements bound by accessibility element for: Descendants matching type TabBar
&amp#27;[38;5;173m[Xcode]&amp#27;[0m 
&amp#27;[38;5;173m[Xcode]&amp#27;[0m     t =     9.62s     Requesting snapshot of accessibility hierarchy for app with pid 21811
&amp#27;[38;5;173m[Xcode]&amp#27;[0m 
&amp#27;[38;5;173m[Xcode]&amp#27;[0m     t =     9.69s     Find: Descendants matching type TabBar
&amp#27;[38;5;173m[Xcode]&amp#27;[0m 
&amp#27;[38;5;200m[dbe4db21]&amp#27;[0m&amp#27;[38;5;-42m[XCUITestDriver@9d32 (dbe4db21)]&amp#27;[0m Got response with status 404: {"value":{"error":"no such element","message":"unable to find an element using 'class chain', value '**/XCUIElementTypeTabBar'","traceback":"(\n\t0   WebDriverAgentLib                   0x000000010471f162 FBNoSuchElementErrorResponseForRequest + 290\n\t1   WebDriverAgentLib                   0x000000010471ef3c +[FBFindElementCommands handleFindElement:] + 364\n\t2   WebDriverAgentLib                   0x00000001046e02ac -[FBRoute_TargetAction mountRequest:intoResponse:] + 172\n\t3   WebDriverAgentLib                   0x00000001046c8e73 __37-[FBWebServer registerRouteHandlers:]_block_invoke + 499\n\t4   WebDriverAgentLib                   0x000000010470375d -[RoutingHTTPServer handleRoute:withRequest:response:] + 189\n\t5   WebDriverAgentLib                   0x0000000104704551 __72-[RoutingHTTPServer routeMethod:withPath:parameters:request:connection:]_block_invoke + 65\n\t6   libdispatch.dylib                   0x00007ff80013ca3a _dispatch_client_callout + 8\n\t7   libdispatch.dylib                   0x0...
&amp#27;[38;5;200m[dbe4db21]&amp#27;[0m&amp#27;[38;5;123m[W3C]&amp#27;[0m Matched W3C error code 'no such element' to NoSuchElementError
&amp#27;[38;5;200m[dbe4db21]&amp#27;[0m&amp#27;[38;5;-42m[XCUITestDriver@9d32 (dbe4db21)]&amp#27;[0m Waited for 4858 ms so far
&amp#27;[38;5;200m[dbe4db21]&amp#27;[0m&amp#27;[38;5;-42m[XCUITestDriver@9d32 (dbe4db21)]&amp#27;[0m Matched '/element' to command name 'findElement'
&amp#27;[38;5;200m[dbe4db21]&amp#27;[0m&amp#27;[38;5;-42m[XCUITestDriver@9d32 (dbe4db21)]&amp#27;[0m Proxying [POST /element] to [POST http://127.0.0.1:8100/session/CE40ADAF-B139-4368-BB61-1EFAB337C153/element] with body: {"using":"class chain","value":"**/XCUIElementTypeTabBar"}
&amp#27;[38;5;173m[Xcode]&amp#27;[0m 2024-11-05 15:49:24.180030+0500 WebDriverAgentRunner-Runner[21804:212226] Getting the most recent active application (out of 1 total items)
&amp#27;[38;5;173m[Xcode]&amp#27;[0m 
&amp#27;[38;5;173m[Xcode]&amp#27;[0m     t =    10.21s Get all elements bound by accessibility element for: Descendants matching type TabBar
&amp#27;[38;5;173m[Xcode]&amp#27;[0m 
&amp#27;[38;5;173m[Xcode]&amp#27;[0m     t =    10.21s     Requesting snapshot of accessibility hierarchy for app with pid 21811
&amp#27;[38;5;173m[Xcode]&amp#27;[0m 
&amp#27;[38;5;173m[Xcode]&amp#27;[0m     t =    10.28s     Find: Descendants matching type TabBar
&amp#27;[38;5;173m[Xcode]&amp#27;[0m 
&amp#27;[38;5;200m[dbe4db21]&amp#27;[0m&amp#27;[38;5;-42m[XCUITestDriver@9d32 (dbe4db21)]&amp#27;[0m Got response with status 404: {"value":{"error":"no such element","message":"unable to find an element using 'class chain', value '**/XCUIElementTypeTabBar'","traceback":"(\n\t0   WebDriverAgentLib                   0x000000010471f162 FBNoSuchElementErrorResponseForRequest + 290\n\t1   WebDriverAgentLib                   0x000000010471ef3c +[FBFindElementCommands handleFindElement:] + 364\n\t2   WebDriverAgentLib                   0x00000001046e02ac -[FBRoute_TargetAction mountRequest:intoResponse:] + 172\n\t3   WebDriverAgentLib                   0x00000001046c8e73 __37-[FBWebServer registerRouteHandlers:]_block_invoke + 499\n\t4   WebDriverAgentLib                   0x000000010470375d -[RoutingHTTPServer handleRoute:withRequest:response:] + 189\n\t5   WebDriverAgentLib                   0x0000000104704551 __72-[RoutingHTTPServer routeMethod:withPath:parameters:request:connection:]_block_invoke + 65\n\t6   libdispatch.dylib                   0x00007ff80013ca3a _dispatch_client_callout + 8\n\t7   libdispatch.dylib                   0x0...
&amp#27;[38;5;200m[dbe4db21]&amp#27;[0m&amp#27;[38;5;123m[W3C]&amp#27;[0m Matched W3C error code 'no such element' to NoSuchElementError
&amp#27;[38;5;200m[dbe4db21]&amp#27;[0m&amp#27;[38;5;-42m[XCUITestDriver@9d32 (dbe4db21)]&amp#27;[0m Waited for 5446 ms so far
&amp#27;[38;5;200m[dbe4db21]&amp#27;[0m&amp#27;[38;5;-42m[XCUITestDriver@9d32 (dbe4db21)]&amp#27;[0m Matched '/element' to command name 'findElement'
&amp#27;[38;5;200m[dbe4db21]&amp#27;[0m&amp#27;[38;5;-42m[XCUITestDriver@9d32 (dbe4db21)]&amp#27;[0m Proxying [POST /element] to [POST http://127.0.0.1:8100/session/CE40ADAF-B139-4368-BB61-1EFAB337C153/element] with body: {"using":"class chain","value":"**/XCUIElementTypeTabBar"}
&amp#27;[38;5;173m[Xcode]&amp#27;[0m 2024-11-05 15:49:24.767711+0500 WebDriverAgentRunner-Runner[21804:212226] Getting the most recent active application (out of 1 total items)
&amp#27;[38;5;173m[Xcode]&amp#27;[0m 
&amp#27;[38;5;173m[Xcode]&amp#27;[0m     t =    10.80s Get all elements bound by accessibility element for: Descendants matching type TabBar
&amp#27;[38;5;173m[Xcode]&amp#27;[0m 
&amp#27;[38;5;173m[Xcode]&amp#27;[0m     t =    10.80s     Requesting snapshot of accessibility hierarchy for app with pid 21811
&amp#27;[38;5;173m[Xcode]&amp#27;[0m 
&amp#27;[38;5;173m[Xcode]&amp#27;[0m     t =    10.87s     Find: Descendants matching type TabBar
&amp#27;[38;5;173m[Xcode]&amp#27;[0m 
&amp#27;[38;5;200m[dbe4db21]&amp#27;[0m&amp#27;[38;5;-42m[XCUITestDriver@9d32 (dbe4db21)]&amp#27;[0m Got response with status 404: {"value":{"error":"no such element","message":"unable to find an element using 'class chain', value '**/XCUIElementTypeTabBar'","traceback":"(\n\t0   WebDriverAgentLib                   0x000000010471f162 FBNoSuchElementErrorResponseForRequest + 290\n\t1   WebDriverAgentLib                   0x000000010471ef3c +[FBFindElementCommands handleFindElement:] + 364\n\t2   WebDriverAgentLib                   0x00000001046e02ac -[FBRoute_TargetAction mountRequest:intoResponse:] + 172\n\t3   WebDriverAgentLib                   0x00000001046c8e73 __37-[FBWebServer registerRouteHandlers:]_block_invoke + 499\n\t4   WebDriverAgentLib                   0x000000010470375d -[RoutingHTTPServer handleRoute:withRequest:response:] + 189\n\t5   WebDriverAgentLib                   0x0000000104704551 __72-[RoutingHTTPServer routeMethod:withPath:parameters:request:connection:]_block_invoke + 65\n\t6   libdispatch.dylib                   0x00007ff80013ca3a _dispatch_client_callout + 8\n\t7   libdispatch.dylib                   0x0...
&amp#27;[38;5;200m[dbe4db21]&amp#27;[0m&amp#27;[38;5;123m[W3C]&amp#27;[0m Matched W3C error code 'no such element' to NoSuchElementError
&amp#27;[38;5;200m[dbe4db21]&amp#27;[0m&amp#27;[38;5;-42m[XCUITestDriver@9d32 (dbe4db21)]&amp#27;[0m Waited for 6035 ms so far
&amp#27;[38;5;200m[dbe4db21]&amp#27;[0m&amp#27;[38;5;-42m[XCUITestDriver@9d32 (dbe4db21)]&amp#27;[0m Matched '/element' to command name 'findElement'
&amp#27;[38;5;200m[dbe4db21]&amp#27;[0m&amp#27;[38;5;-42m[XCUITestDriver@9d32 (dbe4db21)]&amp#27;[0m Proxying [POST /element] to [POST http://127.0.0.1:8100/session/CE40ADAF-B139-4368-BB61-1EFAB337C153/element] with body: {"using":"class chain","value":"**/XCUIElementTypeTabBar"}
&amp#27;[38;5;173m[Xcode]&amp#27;[0m 2024-11-05 15:49:25.358943+0500 WebDriverAgentRunner-Runner[21804:212226] Getting the most recent active application (out of 1 total items)
&amp#27;[38;5;173m[Xcode]&amp#27;[0m 
&amp#27;[38;5;173m[Xcode]&amp#27;[0m     t =    11.39s Get all elements bound by accessibility element for: Descendants matching type TabBar
&amp#27;[38;5;173m[Xcode]&amp#27;[0m 
&amp#27;[38;5;173m[Xcode]&amp#27;[0m     t =    11.39s     Requesting snapshot of accessibility hierarchy for app with pid 21811
&amp#27;[38;5;173m[Xcode]&amp#27;[0m 
&amp#27;[38;5;173m[Xcode]&amp#27;[0m     t =    11.46s     Find: Descendants matching type TabBar
&amp#27;[38;5;173m[Xcode]&amp#27;[0m 
&amp#27;[38;5;200m[dbe4db21]&amp#27;[0m&amp#27;[38;5;-42m[XCUITestDriver@9d32 (dbe4db21)]&amp#27;[0m Got response with status 404: {"value":{"error":"no such element","message":"unable to find an element using 'class chain', value '**/XCUIElementTypeTabBar'","traceback":"(\n\t0   WebDriverAgentLib                   0x000000010471f162 FBNoSuchElementErrorResponseForRequest + 290\n\t1   WebDriverAgentLib                   0x000000010471ef3c +[FBFindElementCommands handleFindElement:] + 364\n\t2   WebDriverAgentLib                   0x00000001046e02ac -[FBRoute_TargetAction mountRequest:intoResponse:] + 172\n\t3   WebDriverAgentLib                   0x00000001046c8e73 __37-[FBWebServer registerRouteHandlers:]_block_invoke + 499\n\t4   WebDriverAgentLib                   0x000000010470375d -[RoutingHTTPServer handleRoute:withRequest:response:] + 189\n\t5   WebDriverAgentLib                   0x0000000104704551 __72-[RoutingHTTPServer routeMethod:withPath:parameters:request:connection:]_block_invoke + 65\n\t6   libdispatch.dylib                   0x00007ff80013ca3a _dispatch_client_callout + 8\n\t7   libdispatch.dylib                   0x0...
&amp#27;[38;5;200m[dbe4db21]&amp#27;[0m&amp#27;[38;5;123m[W3C]&amp#27;[0m Matched W3C error code 'no such element' to NoSuchElementError
&amp#27;[38;5;200m[dbe4db21]&amp#27;[0m&amp#27;[38;5;-42m[XCUITestDriver@9d32 (dbe4db21)]&amp#27;[0m Waited for 6628 ms so far
&amp#27;[38;5;200m[dbe4db21]&amp#27;[0m&amp#27;[38;5;-42m[XCUITestDriver@9d32 (dbe4db21)]&amp#27;[0m Matched '/element' to command name 'findElement'
&amp#27;[38;5;200m[dbe4db21]&amp#27;[0m&amp#27;[38;5;-42m[XCUITestDriver@9d32 (dbe4db21)]&amp#27;[0m Proxying [POST /element] to [POST http://127.0.0.1:8100/session/CE40ADAF-B139-4368-BB61-1EFAB337C153/element] with body: {"using":"class chain","value":"**/XCUIElementTypeTabBar"}
&amp#27;[38;5;173m[Xcode]&amp#27;[0m 2024-11-05 15:49:25.950925+0500 WebDriverAgentRunner-Runner[21804:212226] Getting the most recent active application (out of 1 total items)
&amp#27;[38;5;173m[Xcode]&amp#27;[0m 
&amp#27;[38;5;173m[Xcode]&amp#27;[0m     t =    11.98s Get all elements bound by accessibility element for: Descendants matching type TabBar
&amp#27;[38;5;173m[Xcode]&amp#27;[0m 
&amp#27;[38;5;173m[Xcode]&amp#27;[0m     t =    11.99s     Requesting snapshot of accessibility hierarchy for app with pid 21811
&amp#27;[38;5;173m[Xcode]&amp#27;[0m 
&amp#27;[38;5;173m[Xcode]&amp#27;[0m     t =    12.05s     Find: Descendants matching type TabBar
&amp#27;[38;5;173m[Xcode]&amp#27;[0m 
&amp#27;[38;5;200m[dbe4db21]&amp#27;[0m&amp#27;[38;5;-42m[XCUITestDriver@9d32 (dbe4db21)]&amp#27;[0m Got response with status 404: {"value":{"error":"no such element","message":"unable to find an element using 'class chain', value '**/XCUIElementTypeTabBar'","traceback":"(\n\t0   WebDriverAgentLib                   0x000000010471f162 FBNoSuchElementErrorResponseForRequest + 290\n\t1   WebDriverAgentLib                   0x000000010471ef3c +[FBFindElementCommands handleFindElement:] + 364\n\t2   WebDriverAgentLib                   0x00000001046e02ac -[FBRoute_TargetAction mountRequest:intoResponse:] + 172\n\t3   WebDriverAgentLib                   0x00000001046c8e73 __37-[FBWebServer registerRouteHandlers:]_block_invoke + 499\n\t4   WebDriverAgentLib                   0x000000010470375d -[RoutingHTTPServer handleRoute:withRequest:response:] + 189\n\t5   WebDriverAgentLib                   0x0000000104704551 __72-[RoutingHTTPServer routeMethod:withPath:parameters:request:connection:]_block_invoke + 65\n\t6   libdispatch.dylib                   0x00007ff80013ca3a _dispatch_client_callout + 8\n\t7   libdispatch.dylib                   0x0...
&amp#27;[38;5;200m[dbe4db21]&amp#27;[0m&amp#27;[38;5;123m[W3C]&amp#27;[0m Matched W3C error code 'no such element' to NoSuchElementError
&amp#27;[38;5;200m[dbe4db21]&amp#27;[0m&amp#27;[38;5;-42m[XCUITestDriver@9d32 (dbe4db21)]&amp#27;[0m Waited for 7217 ms so far
&amp#27;[38;5;200m[dbe4db21]&amp#27;[0m&amp#27;[38;5;-42m[XCUITestDriver@9d32 (dbe4db21)]&amp#27;[0m Matched '/element' to command name 'findElement'
&amp#27;[38;5;200m[dbe4db21]&amp#27;[0m&amp#27;[38;5;-42m[XCUITestDriver@9d32 (dbe4db21)]&amp#27;[0m Proxying [POST /element] to [POST http://127.0.0.1:8100/session/CE40ADAF-B139-4368-BB61-1EFAB337C153/element] with body: {"using":"class chain","value":"**/XCUIElementTypeTabBar"}
&amp#27;[38;5;173m[Xcode]&amp#27;[0m 2024-11-05 15:49:26.538717+0500 WebDriverAgentRunner-Runner[21804:212226] Getting the most recent active application (out of 1 total items)
&amp#27;[38;5;173m[Xcode]&amp#27;[0m 
&amp#27;[38;5;173m[Xcode]&amp#27;[0m     t =    12.57s Get all elements bound by accessibility element for: Descendants matching type TabBar
&amp#27;[38;5;173m[Xcode]&amp#27;[0m 
&amp#27;[38;5;173m[Xcode]&amp#27;[0m     t =    12.57s     Requesting snapshot of accessibility hierarchy for app with pid 21811
&amp#27;[38;5;173m[Xcode]&amp#27;[0m 
&amp#27;[38;5;173m[Xcode]&amp#27;[0m     t =    12.64s     Find: Descendants matching type TabBar
&amp#27;[38;5;173m[Xcode]&amp#27;[0m 
&amp#27;[38;5;200m[dbe4db21]&amp#27;[0m&amp#27;[38;5;-42m[XCUITestDriver@9d32 (dbe4db21)]&amp#27;[0m Got response with status 404: {"value":{"error":"no such element","message":"unable to find an element using 'class chain', value '**/XCUIElementTypeTabBar'","traceback":"(\n\t0   WebDriverAgentLib                   0x000000010471f162 FBNoSuchElementErrorResponseForRequest + 290\n\t1   WebDriverAgentLib                   0x000000010471ef3c +[FBFindElementCommands handleFindElement:] + 364\n\t2   WebDriverAgentLib                   0x00000001046e02ac -[FBRoute_TargetAction mountRequest:intoResponse:] + 172\n\t3   WebDriverAgentLib                   0x00000001046c8e73 __37-[FBWebServer registerRouteHandlers:]_block_invoke + 499\n\t4   WebDriverAgentLib                   0x000000010470375d -[RoutingHTTPServer handleRoute:withRequest:response:] + 189\n\t5   WebDriverAgentLib                   0x0000000104704551 __72-[RoutingHTTPServer routeMethod:withPath:parameters:request:connection:]_block_invoke + 65\n\t6   libdispatch.dylib                   0x00007ff80013ca3a _dispatch_client_callout + 8\n\t7   libdispatch.dylib                   0x0...
&amp#27;[38;5;200m[dbe4db21]&amp#27;[0m&amp#27;[38;5;123m[W3C]&amp#27;[0m Matched W3C error code 'no such element' to NoSuchElementError
&amp#27;[38;5;200m[dbe4db21]&amp#27;[0m&amp#27;[38;5;-42m[XCUITestDriver@9d32 (dbe4db21)]&amp#27;[0m Waited for 7806 ms so far
&amp#27;[38;5;200m[dbe4db21]&amp#27;[0m&amp#27;[38;5;-42m[XCUITestDriver@9d32 (dbe4db21)]&amp#27;[0m Matched '/element' to command name 'findElement'
&amp#27;[38;5;200m[dbe4db21]&amp#27;[0m&amp#27;[38;5;-42m[XCUITestDriver@9d32 (dbe4db21)]&amp#27;[0m Proxying [POST /element] to [POST http://127.0.0.1:8100/session/CE40ADAF-B139-4368-BB61-1EFAB337C153/element] with body: {"using":"class chain","value":"**/XCUIElementTypeTabBar"}
&amp#27;[38;5;173m[Xcode]&amp#27;[0m 2024-11-05 15:49:27.129172+0500 WebDriverAgentRunner-Runner[21804:212226] Getting the most recent active application (out of 1 total items)
&amp#27;[38;5;173m[Xcode]&amp#27;[0m 
&amp#27;[38;5;173m[Xcode]&amp#27;[0m     t =    13.16s Get all elements bound by accessibility element for: Descendants matching type TabBar
&amp#27;[38;5;173m[Xcode]&amp#27;[0m 
&amp#27;[38;5;173m[Xcode]&amp#27;[0m     t =    13.16s     Requesting snapshot of accessibility hierarchy for app with pid 21811
&amp#27;[38;5;173m[Xcode]&amp#27;[0m 
&amp#27;[38;5;173m[Xcode]&amp#27;[0m     t =    13.23s     Find: Descendants matching type TabBar
&amp#27;[38;5;173m[Xcode]&amp#27;[0m 
&amp#27;[38;5;200m[dbe4db21]&amp#27;[0m&amp#27;[38;5;-42m[XCUITestDriver@9d32 (dbe4db21)]&amp#27;[0m Got response with status 404: {"value":{"error":"no such element","message":"unable to find an element using 'class chain', value '**/XCUIElementTypeTabBar'","traceback":"(\n\t0   WebDriverAgentLib                   0x000000010471f162 FBNoSuchElementErrorResponseForRequest + 290\n\t1   WebDriverAgentLib                   0x000000010471ef3c +[FBFindElementCommands handleFindElement:] + 364\n\t2   WebDriverAgentLib                   0x00000001046e02ac -[FBRoute_TargetAction mountRequest:intoResponse:] + 172\n\t3   WebDriverAgentLib                   0x00000001046c8e73 __37-[FBWebServer registerRouteHandlers:]_block_invoke + 499\n\t4   WebDriverAgentLib                   0x000000010470375d -[RoutingHTTPServer handleRoute:withRequest:response:] + 189\n\t5   WebDriverAgentLib                   0x0000000104704551 __72-[RoutingHTTPServer routeMethod:withPath:parameters:request:connection:]_block_invoke + 65\n\t6   libdispatch.dylib                   0x00007ff80013ca3a _dispatch_client_callout + 8\n\t7   libdispatch.dylib                   0x0...
&amp#27;[38;5;200m[dbe4db21]&amp#27;[0m&amp#27;[38;5;123m[W3C]&amp#27;[0m Matched W3C error code 'no such element' to NoSuchElementError
&amp#27;[38;5;200m[dbe4db21]&amp#27;[0m&amp#27;[38;5;-42m[XCUITestDriver@9d32 (dbe4db21)]&amp#27;[0m Waited for 8397 ms so far
&amp#27;[38;5;200m[dbe4db21]&amp#27;[0m&amp#27;[38;5;-42m[XCUITestDriver@9d32 (dbe4db21)]&amp#27;[0m Matched '/element' to command name 'findElement'
&amp#27;[38;5;200m[dbe4db21]&amp#27;[0m&amp#27;[38;5;-42m[XCUITestDriver@9d32 (dbe4db21)]&amp#27;[0m Proxying [POST /element] to [POST http://127.0.0.1:8100/session/CE40ADAF-B139-4368-BB61-1EFAB337C153/element] with body: {"using":"class chain","value":"**/XCUIElementTypeTabBar"}
&amp#27;[38;5;173m[Xcode]&amp#27;[0m 2024-11-05 15:49:27.717665+0500 WebDriverAgentRunner-Runner[21804:212226] Getting the most recent active application (out of 1 total items)
&amp#27;[38;5;173m[Xcode]&amp#27;[0m 
&amp#27;[38;5;173m[Xcode]&amp#27;[0m     t =    13.75s Get all elements bound by accessibility element for: Descendants matching type TabBar
&amp#27;[38;5;173m[Xcode]&amp#27;[0m 
&amp#27;[38;5;173m[Xcode]&amp#27;[0m     t =    13.75s     Requesting snapshot of accessibility hierarchy for app with pid 21811
&amp#27;[38;5;173m[Xcode]&amp#27;[0m 
&amp#27;[38;5;173m[Xcode]&amp#27;[0m     t =    13.83s     Find: Descendants matching type TabBar
&amp#27;[38;5;173m[Xcode]&amp#27;[0m 
&amp#27;[38;5;200m[dbe4db21]&amp#27;[0m&amp#27;[38;5;-42m[XCUITestDriver@9d32 (dbe4db21)]&amp#27;[0m Got response with status 404: {"value":{"error":"no such element","message":"unable to find an element using 'class chain', value '**/XCUIElementTypeTabBar'","traceback":"(\n\t0   WebDriverAgentLib                   0x000000010471f162 FBNoSuchElementErrorResponseForRequest + 290\n\t1   WebDriverAgentLib                   0x000000010471ef3c +[FBFindElementCommands handleFindElement:] + 364\n\t2   WebDriverAgentLib                   0x00000001046e02ac -[FBRoute_TargetAction mountRequest:intoResponse:] + 172\n\t3   WebDriverAgentLib                   0x00000001046c8e73 __37-[FBWebServer registerRouteHandlers:]_block_invoke + 499\n\t4   WebDriverAgentLib                   0x000000010470375d -[RoutingHTTPServer handleRoute:withRequest:response:] + 189\n\t5   WebDriverAgentLib                   0x0000000104704551 __72-[RoutingHTTPServer routeMethod:withPath:parameters:request:connection:]_block_invoke + 65\n\t6   libdispatch.dylib                   0x00007ff80013ca3a _dispatch_client_callout + 8\n\t7   libdispatch.dylib                   0x0...
&amp#27;[38;5;200m[dbe4db21]&amp#27;[0m&amp#27;[38;5;123m[W3C]&amp#27;[0m Matched W3C error code 'no such element' to NoSuchElementError
&amp#27;[38;5;200m[dbe4db21]&amp#27;[0m&amp#27;[38;5;-42m[XCUITestDriver@9d32 (dbe4db21)]&amp#27;[0m Waited for 8993 ms so far
&amp#27;[38;5;200m[dbe4db21]&amp#27;[0m&amp#27;[38;5;-42m[XCUITestDriver@9d32 (dbe4db21)]&amp#27;[0m Matched '/element' to command name 'findElement'
&amp#27;[38;5;200m[dbe4db21]&amp#27;[0m&amp#27;[38;5;-42m[XCUITestDriver@9d32 (dbe4db21)]&amp#27;[0m Proxying [POST /element] to [POST http://127.0.0.1:8100/session/CE40ADAF-B139-4368-BB61-1EFAB337C153/element] with body: {"using":"class chain","value":"**/XCUIElementTypeTabBar"}
&amp#27;[38;5;173m[Xcode]&amp#27;[0m 2024-11-05 15:49:28.313494+0500 WebDriverAgentRunner-Runner[21804:212226] Getting the most recent active application (out of 1 total items)
&amp#27;[38;5;173m[Xcode]&amp#27;[0m 
&amp#27;[38;5;173m[Xcode]&amp#27;[0m     t =    14.35s Get all elements bound by accessibility element for: Descendants matching type TabBar
&amp#27;[38;5;173m[Xcode]&amp#27;[0m 
&amp#27;[38;5;173m[Xcode]&amp#27;[0m     t =    14.35s     Requesting snapshot of accessibility hierarchy for app with pid 21811
&amp#27;[38;5;173m[Xcode]&amp#27;[0m 
&amp#27;[38;5;173m[Xcode]&amp#27;[0m     t =    14.42s     Find: Descendants matching type TabBar
&amp#27;[38;5;173m[Xcode]&amp#27;[0m 
&amp#27;[38;5;200m[dbe4db21]&amp#27;[0m&amp#27;[38;5;-42m[XCUITestDriver@9d32 (dbe4db21)]&amp#27;[0m Got response with status 404: {"value":{"error":"no such element","message":"unable to find an element using 'class chain', value '**/XCUIElementTypeTabBar'","traceback":"(\n\t0   WebDriverAgentLib                   0x000000010471f162 FBNoSuchElementErrorResponseForRequest + 290\n\t1   WebDriverAgentLib                   0x000000010471ef3c +[FBFindElementCommands handleFindElement:] + 364\n\t2   WebDriverAgentLib                   0x00000001046e02ac -[FBRoute_TargetAction mountRequest:intoResponse:] + 172\n\t3   WebDriverAgentLib                   0x00000001046c8e73 __37-[FBWebServer registerRouteHandlers:]_block_invoke + 499\n\t4   WebDriverAgentLib                   0x000000010470375d -[RoutingHTTPServer handleRoute:withRequest:response:] + 189\n\t5   WebDriverAgentLib                   0x0000000104704551 __72-[RoutingHTTPServer routeMethod:withPath:parameters:request:connection:]_block_invoke + 65\n\t6   libdispatch.dylib                   0x00007ff80013ca3a _dispatch_client_callout + 8\n\t7   libdispatch.dylib                   0x0...
&amp#27;[38;5;200m[dbe4db21]&amp#27;[0m&amp#27;[38;5;123m[W3C]&amp#27;[0m Matched W3C error code 'no such element' to NoSuchElementError
&amp#27;[38;5;200m[dbe4db21]&amp#27;[0m&amp#27;[38;5;-42m[XCUITestDriver@9d32 (dbe4db21)]&amp#27;[0m Waited for 9587 ms so far
&amp#27;[38;5;200m[dbe4db21]&amp#27;[0m&amp#27;[38;5;-42m[XCUITestDriver@9d32 (dbe4db21)]&amp#27;[0m Matched '/element' to command name 'findElement'
&amp#27;[38;5;200m[dbe4db21]&amp#27;[0m&amp#27;[38;5;-42m[XCUITestDriver@9d32 (dbe4db21)]&amp#27;[0m Proxying [POST /element] to [POST http://127.0.0.1:8100/session/CE40ADAF-B139-4368-BB61-1EFAB337C153/element] with body: {"using":"class chain","value":"**/XCUIElementTypeTabBar"}
&amp#27;[38;5;173m[Xcode]&amp#27;[0m 2024-11-05 15:49:28.821024+0500 WebDriverAgentRunner-Runner[21804:212226] Getting the most recent active application (out of 1 total items)
&amp#27;[38;5;173m[Xcode]&amp#27;[0m 
&amp#27;[38;5;173m[Xcode]&amp#27;[0m     t =    14.85s Get all elements bound by accessibility element for: Descendants matching type TabBar
&amp#27;[38;5;173m[Xcode]&amp#27;[0m 
&amp#27;[38;5;173m[Xcode]&amp#27;[0m     t =    14.86s     Requesting snapshot of accessibility hierarchy for app with pid 21811
&amp#27;[38;5;173m[Xcode]&amp#27;[0m 
&amp#27;[38;5;173m[Xcode]&amp#27;[0m     t =    14.93s     Find: Descendants matching type TabBar
&amp#27;[38;5;173m[Xcode]&amp#27;[0m 
&amp#27;[38;5;200m[dbe4db21]&amp#27;[0m&amp#27;[38;5;-42m[XCUITestDriver@9d32 (dbe4db21)]&amp#27;[0m Got response with status 404: {"value":{"error":"no such element","message":"unable to find an element using 'class chain', value '**/XCUIElementTypeTabBar'","traceback":"(\n\t0   WebDriverAgentLib                   0x000000010471f162 FBNoSuchElementErrorResponseForRequest + 290\n\t1   WebDriverAgentLib                   0x000000010471ef3c +[FBFindElementCommands handleFindElement:] + 364\n\t2   WebDriverAgentLib                   0x00000001046e02ac -[FBRoute_TargetAction mountRequest:intoResponse:] + 172\n\t3   WebDriverAgentLib                   0x00000001046c8e73 __37-[FBWebServer registerRouteHandlers:]_block_invoke + 499\n\t4   WebDriverAgentLib                   0x000000010470375d -[RoutingHTTPServer handleRoute:withRequest:response:] + 189\n\t5   WebDriverAgentLib                   0x0000000104704551 __72-[RoutingHTTPServer routeMethod:withPath:parameters:request:connection:]_block_invoke + 65\n\t6   libdispatch.dylib                   0x00007ff80013ca3a _dispatch_client_callout + 8\n\t7   libdispatch.dylib                   0x0...
&amp#27;[38;5;200m[dbe4db21]&amp#27;[0m&amp#27;[38;5;123m[W3C]&amp#27;[0m Matched W3C error code 'no such element' to NoSuchElementError
&amp#27;[38;5;200m[dbe4db21]&amp#27;[0m&amp#27;[38;5;-42m[XCUITestDriver@9d32 (dbe4db21)]&amp#27;[0m Encountered internal error running command: NoSuchElementError: An element could not be located on the page using the given search parameters.
&amp#27;[38;5;200m[dbe4db21]&amp#27;[0m&amp#27;[38;5;-42m[XCUITestDriver@9d32 (dbe4db21)]&amp#27;[0m     at XCUITestDriver.doNativeFind (/Users/oikhlas/.appium/node_modules/appium-xcuitest-driver/lib/commands/find.js:143:13)
&amp#27;[38;5;200m[dbe4db21]&amp#27;[0m&amp#27;[38;5;-42m[XCUITestDriver@9d32 (dbe4db21)]&amp#27;[0m     at processTicksAndRejections (node:internal/process/task_queues:95:5)
&amp#27;[38;5;200m[dbe4db21]&amp#27;[0m&amp#27;[38;5;-42m[XCUITestDriver@9d32 (dbe4db21)]&amp#27;[0m     at XCUITestDriver.findNativeElementOrElements (/Users/oikhlas/.appium/node_modules/appium-xcuitest-driver/lib/commands/find.js:97:12)
&amp#27;[38;5;200m[dbe4db21]&amp#27;[0m&amp#27;[38;5;-42m[XCUITestDriver@9d32 (dbe4db21)]&amp#27;[0m     at XCUITestDriver.findElOrEls (/Users/oikhlas/.appium/node_modules/appium-xcuitest-driver/lib/commands/find.js:24:14)
&amp#27;[38;5;200m[dbe4db21]&amp#27;[0m&amp#27;[38;5;-42m[XCUITestDriver@9d32 (dbe4db21)]&amp#27;[0m     at XCUITestDriver.findElOrElsWithProcessing (/Users/oikhlas/node_modules/@appium/base-driver/lib/basedriver/commands/find.ts:60:12)
&amp#27;[38;5;200m[dbe4db21]&amp#27;[0m&amp#27;[38;5;-42m[XCUITestDriver@9d32 (dbe4db21)]&amp#27;[0m     at XCUITestDriver.findElement (/Users/oikhlas/node_modules/@appium/base-driver/lib/basedriver/commands/find.ts:75:12)
&amp#27;[38;5;200m[dbe4db21]&amp#27;[0m&amp#27;[38;5;86m[HTTP]&amp#27;[0m <-- POST /session/dbe4db21-e6a9-4d05-bdbb-cc788eb5635e/element 404 10093 ms - 964 
&amp#27;[38;5;200m[dbe4db21]&amp#27;[0m&amp#27;[38;5;86m[HTTP]&amp#27;[0m &amp#27;[37m-->&amp#27;[39m &amp#27;[37mPOST&amp#27;[39m &amp#27;[37m/session/dbe4db21-e6a9-4d05-bdbb-cc788eb5635e/execute/sync&amp#27;[39m {"script":"return (function(arg){\nvar s=function(){\"use strict\";function t(t){return t&&t.__esModule&&Object.prototype.hasOwnProperty.call(t,\"default\")?t.default:t}var e=function(t){var e=(void 0===t?[]:t)[0],n=\"\",r=e.ownerDocument;if(!r)return n;for(var o=e;o!==r;){var a=Array.prototype.filter.call(o.parentNode.childNodes,(function(t){return t.tagName===o.tagName})).indexOf(o);n=\"/\"+o.tagName+\"[\"+(a+1)+\"]\"+n,o=o.parentNode}return n};return t((function(){var t,n,r;try{t=window.top.document===window.document||\"root-context\"===window.parent.document[\"applitools-marker\"]}catch(e){t=!1}try{n=!window.parent.document===window.document}catch(t){n=!0}if(!n)try{r=e([window.frameElement])}catch(t){r=null}return[document.documentElement,r,t,n]}))}();\nreturn s(arg)\n}).apply(null, arguments)","args":[null]}
&amp#27;[38;5;200m[dbe4db21]&amp#27;[0m&amp#27;[38;5;-42m[XCUITestDriver@9d32 (dbe4db21)]&amp#27;[0m Calling AppiumDriver.execute() with args: ["return (function(arg){\nvar s=function(){\"use strict\";function t(t){return t&&t.__esModule&&Object.prototype.hasOwnProperty.call(t,\"default\")?t.default:t}var e=function(t){var e=(void 0===t?[]:t)[0],n=\"\",r=e.ownerDocument;if(!r)return n;for(var o=e;o!==r;){var a=Array.prototype.filter.call(o.parentNode.childNodes,(function(t){return t.tagName===o.tagName})).indexOf(o);n=\"/\"+o.tagName+\"[\"+(a+1)+\"]\"+n,o=o.parentNode}return n};return t((function(){var t,n,r;try{t=window.top.document===window.document||\"root-context\"===window.parent.document[\"applitools-marker\"]}catch(e){t=!1}try{n=!window.parent.document===window.document}catch(t){n=!0}if(!n)try{r=e([window.frameElement])}catch(t){r=null}return[document.documentElement,r,t,n]}))}();\nreturn s(arg)\n}).apply(null, arguments)",[null],"dbe4db21-e6a9-4d05-bdbb-cc788eb5635e"]
&amp#27;[38;5;200m[dbe4db21]&amp#27;[0m&amp#27;[38;5;-42m[XCUITestDriver@9d32 (dbe4db21)]&amp#27;[0m Executing command 'execute'
&amp#27;[38;5;200m[dbe4db21]&amp#27;[0m&amp#27;[38;5;-42m[XCUITestDriver@9d32 (dbe4db21)]&amp#27;[0m Encountered internal error running command: NotImplementedError: Method is not implemented
&amp#27;[38;5;200m[dbe4db21]&amp#27;[0m&amp#27;[38;5;-42m[XCUITestDriver@9d32 (dbe4db21)]&amp#27;[0m     at XCUITestDriver.execute (/Users/oikhlas/.appium/node_modules/appium-xcuitest-driver/lib/commands/execute.js:124:13)
&amp#27;[38;5;200m[dbe4db21]&amp#27;[0m&amp#27;[38;5;-42m[XCUITestDriver@9d32 (dbe4db21)]&amp#27;[0m     at commandExecutor (/Users/oikhlas/node_modules/@appium/base-driver/lib/basedriver/driver.ts:107:18)
&amp#27;[38;5;200m[dbe4db21]&amp#27;[0m&amp#27;[38;5;-42m[XCUITestDriver@9d32 (dbe4db21)]&amp#27;[0m     at /Users/oikhlas/node_modules/async-lock/lib/index.js:171:12
&amp#27;[38;5;200m[dbe4db21]&amp#27;[0m&amp#27;[38;5;-42m[XCUITestDriver@9d32 (dbe4db21)]&amp#27;[0m     at AsyncLock._promiseTry (/Users/oikhlas/node_modules/async-lock/lib/index.js:304:31)
&amp#27;[38;5;200m[dbe4db21]&amp#27;[0m&amp#27;[38;5;-42m[XCUITestDriver@9d32 (dbe4db21)]&amp#27;[0m     at exec (/Users/oikhlas/node_modules/async-lock/lib/index.js:170:9)
&amp#27;[38;5;200m[dbe4db21]&amp#27;[0m&amp#27;[38;5;-42m[XCUITestDriver@9d32 (dbe4db21)]&amp#27;[0m     at AsyncLock.acquire (/Users/oikhlas/node_modules/async-lock/lib/index.js:187:3)
&amp#27;[38;5;200m[dbe4db21]&amp#27;[0m&amp#27;[38;5;-42m[XCUITestDriver@9d32 (dbe4db21)]&amp#27;[0m     at XCUITestDriver.executeCommand (/Users/oikhlas/node_modules/@appium/base-driver/lib/basedriver/driver.ts:123:39)
&amp#27;[38;5;200m[dbe4db21]&amp#27;[0m&amp#27;[38;5;-42m[XCUITestDriver@9d32 (dbe4db21)]&amp#27;[0m     at processTicksAndRejections (node:internal/process/task_queues:95:5)
&amp#27;[38;5;200m[dbe4db21]&amp#27;[0m&amp#27;[38;5;-42m[XCUITestDriver@9d32 (dbe4db21)]&amp#27;[0m     at XCUITestDriver.executeCommand (/Users/oikhlas/.appium/node_modules/appium-xcuitest-driver/lib/driver.js:1082:12)
&amp#27;[38;5;200m[dbe4db21]&amp#27;[0m&amp#27;[38;5;-42m[XCUITestDriver@9d32 (dbe4db21)]&amp#27;[0m     at defaultBehavior (/Users/oikhlas/.nvm/versions/node/v18.16.1/lib/node_modules/appium/lib/appium.js:1135:14)
&amp#27;[38;5;200m[dbe4db21]&amp#27;[0m&amp#27;[38;5;-42m[XCUITestDriver@9d32 (dbe4db21)]&amp#27;[0m     at AppiumDriver.executeWrappedCommand (/Users/oikhlas/.nvm/versions/node/v18.16.1/lib/node_modules/appium/lib/appium.js:1241:16)
&amp#27;[38;5;200m[dbe4db21]&amp#27;[0m&amp#27;[38;5;-42m[XCUITestDriver@9d32 (dbe4db21)]&amp#27;[0m     at AppiumDriver.executeCommand (/Users/oikhlas/.nvm/versions/node/v18.16.1/lib/node_modules/appium/lib/appium.js:1147:17)
&amp#27;[38;5;200m[dbe4db21]&amp#27;[0m&amp#27;[38;5;-42m[XCUITestDriver@9d32 (dbe4db21)]&amp#27;[0m     at asyncHandler (/Users/oikhlas/.nvm/versions/node/v18.16.1/lib/node_modules/appium/node_modules/@appium/base-driver/lib/protocol/protocol.js:387:19)
&amp#27;[38;5;200m[dbe4db21]&amp#27;[0m&amp#27;[38;5;86m[HTTP]&amp#27;[0m <-- POST /session/dbe4db21-e6a9-4d05-bdbb-cc788eb5635e/execute/sync 405 2 ms - 1529 
&amp#27;[38;5;200m[dbe4db21]&amp#27;[0m&amp#27;[38;5;86m[HTTP]&amp#27;[0m &amp#27;[37m-->&amp#27;[39m &amp#27;[37mPOST&amp#27;[39m &amp#27;[37m/session/dbe4db21-e6a9-4d05-bdbb-cc788eb5635e/execute/sync&amp#27;[39m {"script":"return (function(arg){\nvar s=function(){\"use strict\";function t(t){return t&&t.__esModule&&Object.prototype.hasOwnProperty.call(t,\"default\")?t.default:t}var e=function(t){var e=(void 0===t?[]:t)[0],n=\"\",r=e.ownerDocument;if(!r)return n;for(var o=e;o!==r;){var a=Array.prototype.filter.call(o.parentNode.childNodes,(function(t){return t.tagName===o.tagName})).indexOf(o);n=\"/\"+o.tagName+\"[\"+(a+1)+\"]\"+n,o=o.parentNode}return n};return t((function(){var t,n,r;try{t=window.top.document===window.document||\"root-context\"===window.parent.document[\"applitools-marker\"]}catch(e){t=!1}try{n=!window.parent.document===window.document}catch(t){n=!0}if(!n)try{r=e([window.frameElement])}catch(t){r=null}return[document.documentElement,r,t,n]}))}();\nreturn s(arg)\n}).apply(null, arguments)","args":[null]}
&amp#27;[38;5;200m[dbe4db21]&amp#27;[0m&amp#27;[38;5;-42m[XCUITestDriver@9d32 (dbe4db21)]&amp#27;[0m Calling AppiumDriver.execute() with args: ["return (function(arg){\nvar s=function(){\"use strict\";function t(t){return t&&t.__esModule&&Object.prototype.hasOwnProperty.call(t,\"default\")?t.default:t}var e=function(t){var e=(void 0===t?[]:t)[0],n=\"\",r=e.ownerDocument;if(!r)return n;for(var o=e;o!==r;){var a=Array.prototype.filter.call(o.parentNode.childNodes,(function(t){return t.tagName===o.tagName})).indexOf(o);n=\"/\"+o.tagName+\"[\"+(a+1)+\"]\"+n,o=o.parentNode}return n};return t((function(){var t,n,r;try{t=window.top.document===window.document||\"root-context\"===window.parent.document[\"applitools-marker\"]}catch(e){t=!1}try{n=!window.parent.document===window.document}catch(t){n=!0}if(!n)try{r=e([window.frameElement])}catch(t){r=null}return[document.documentElement,r,t,n]}))}();\nreturn s(arg)\n}).apply(null, arguments)",[null],"dbe4db21-e6a9-4d05-bdbb-cc788eb5635e"]
&amp#27;[38;5;200m[dbe4db21]&amp#27;[0m&amp#27;[38;5;-42m[XCUITestDriver@9d32 (dbe4db21)]&amp#27;[0m Executing command 'execute'
&amp#27;[38;5;200m[dbe4db21]&amp#27;[0m&amp#27;[38;5;-42m[XCUITestDriver@9d32 (dbe4db21)]&amp#27;[0m Encountered internal error running command: NotImplementedError: Method is not implemented
&amp#27;[38;5;200m[dbe4db21]&amp#27;[0m&amp#27;[38;5;-42m[XCUITestDriver@9d32 (dbe4db21)]&amp#27;[0m     at XCUITestDriver.execute (/Users/oikhlas/.appium/node_modules/appium-xcuitest-driver/lib/commands/execute.js:124:13)
&amp#27;[38;5;200m[dbe4db21]&amp#27;[0m&amp#27;[38;5;-42m[XCUITestDriver@9d32 (dbe4db21)]&amp#27;[0m     at commandExecutor (/Users/oikhlas/node_modules/@appium/base-driver/lib/basedriver/driver.ts:107:18)
&amp#27;[38;5;200m[dbe4db21]&amp#27;[0m&amp#27;[38;5;-42m[XCUITestDriver@9d32 (dbe4db21)]&amp#27;[0m     at /Users/oikhlas/node_modules/async-lock/lib/index.js:171:12
&amp#27;[38;5;200m[dbe4db21]&amp#27;[0m&amp#27;[38;5;-42m[XCUITestDriver@9d32 (dbe4db21)]&amp#27;[0m     at AsyncLock._promiseTry (/Users/oikhlas/node_modules/async-lock/lib/index.js:304:31)
&amp#27;[38;5;200m[dbe4db21]&amp#27;[0m&amp#27;[38;5;-42m[XCUITestDriver@9d32 (dbe4db21)]&amp#27;[0m     at exec (/Users/oikhlas/node_modules/async-lock/lib/index.js:170:9)
&amp#27;[38;5;200m[dbe4db21]&amp#27;[0m&amp#27;[38;5;-42m[XCUITestDriver@9d32 (dbe4db21)]&amp#27;[0m     at AsyncLock.acquire (/Users/oikhlas/node_modules/async-lock/lib/index.js:187:3)
&amp#27;[38;5;200m[dbe4db21]&amp#27;[0m&amp#27;[38;5;-42m[XCUITestDriver@9d32 (dbe4db21)]&amp#27;[0m     at XCUITestDriver.executeCommand (/Users/oikhlas/node_modules/@appium/base-driver/lib/basedriver/driver.ts:123:39)
&amp#27;[38;5;200m[dbe4db21]&amp#27;[0m&amp#27;[38;5;-42m[XCUITestDriver@9d32 (dbe4db21)]&amp#27;[0m     at processTicksAndRejections (node:internal/process/task_queues:95:5)
&amp#27;[38;5;200m[dbe4db21]&amp#27;[0m&amp#27;[38;5;-42m[XCUITestDriver@9d32 (dbe4db21)]&amp#27;[0m     at XCUITestDriver.executeCommand (/Users/oikhlas/.appium/node_modules/appium-xcuitest-driver/lib/driver.js:1082:12)
&amp#27;[38;5;200m[dbe4db21]&amp#27;[0m&amp#27;[38;5;-42m[XCUITestDriver@9d32 (dbe4db21)]&amp#27;[0m     at defaultBehavior (/Users/oikhlas/.nvm/versions/node/v18.16.1/lib/node_modules/appium/lib/appium.js:1135:14)
&amp#27;[38;5;200m[dbe4db21]&amp#27;[0m&amp#27;[38;5;-42m[XCUITestDriver@9d32 (dbe4db21)]&amp#27;[0m     at AppiumDriver.executeWrappedCommand (/Users/oikhlas/.nvm/versions/node/v18.16.1/lib/node_modules/appium/lib/appium.js:1241:16)
&amp#27;[38;5;200m[dbe4db21]&amp#27;[0m&amp#27;[38;5;-42m[XCUITestDriver@9d32 (dbe4db21)]&amp#27;[0m     at AppiumDriver.executeCommand (/Users/oikhlas/.nvm/versions/node/v18.16.1/lib/node_modules/appium/lib/appium.js:1147:17)
&amp#27;[38;5;200m[dbe4db21]&amp#27;[0m&amp#27;[38;5;-42m[XCUITestDriver@9d32 (dbe4db21)]&amp#27;[0m     at asyncHandler (/Users/oikhlas/.nvm/versions/node/v18.16.1/lib/node_modules/appium/node_modules/@appium/base-driver/lib/protocol/protocol.js:387:19)
&amp#27;[38;5;200m[dbe4db21]&amp#27;[0m&amp#27;[38;5;86m[HTTP]&amp#27;[0m <-- POST /session/dbe4db21-e6a9-4d05-bdbb-cc788eb5635e/execute/sync 405 2 ms - 1529 
&amp#27;[38;5;200m[dbe4db21]&amp#27;[0m&amp#27;[38;5;86m[HTTP]&amp#27;[0m &amp#27;[37m-->&amp#27;[39m &amp#27;[37mGET&amp#27;[39m &amp#27;[37m/session/dbe4db21-e6a9-4d05-bdbb-cc788eb5635e/context&amp#27;[39m {}
&amp#27;[38;5;200m[dbe4db21]&amp#27;[0m&amp#27;[38;5;-42m[XCUITestDriver@9d32 (dbe4db21)]&amp#27;[0m Calling AppiumDriver.getCurrentContext() with args: ["dbe4db21-e6a9-4d05-bdbb-cc788eb5635e"]
&amp#27;[38;5;200m[dbe4db21]&amp#27;[0m&amp#27;[38;5;-42m[XCUITestDriver@9d32 (dbe4db21)]&amp#27;[0m Executing command 'getCurrentContext'
&amp#27;[38;5;200m[dbe4db21]&amp#27;[0m&amp#27;[38;5;-42m[XCUITestDriver@9d32 (dbe4db21)]&amp#27;[0m Responding to client with driver.getCurrentContext() result: "NATIVE_APP"
&amp#27;[38;5;200m[dbe4db21]&amp#27;[0m&amp#27;[38;5;86m[HTTP]&amp#27;[0m <-- GET /session/dbe4db21-e6a9-4d05-bdbb-cc788eb5635e/context 200 1 ms - 22 
&amp#27;[38;5;200m[dbe4db21]&amp#27;[0m&amp#27;[38;5;86m[HTTP]&amp#27;[0m &amp#27;[37m-->&amp#27;[39m &amp#27;[37mPOST&amp#27;[39m &amp#27;[37m/session/dbe4db21-e6a9-4d05-bdbb-cc788eb5635e/element&amp#27;[39m {"using":"xpath","value":"//*[@scrollable=\"true\"]"}
&amp#27;[38;5;200m[dbe4db21]&amp#27;[0m&amp#27;[38;5;-42m[XCUITestDriver@9d32 (dbe4db21)]&amp#27;[0m Calling AppiumDriver.findElement() with args: ["xpath","//*[@scrollable=\"true\"]","dbe4db21-e6a9-4d05-bdbb-cc788eb5635e"]
&amp#27;[38;5;200m[dbe4db21]&amp#27;[0m&amp#27;[38;5;-42m[XCUITestDriver@9d32 (dbe4db21)]&amp#27;[0m Executing command 'findElement'
&amp#27;[38;5;200m[dbe4db21]&amp#27;[0m&amp#27;[38;5;-42m[XCUITestDriver@9d32 (dbe4db21)]&amp#27;[0m Valid locator strategies for this request: xpath, id, name, class name, -ios predicate string, -ios class chain, accessibility id, css selector
&amp#27;[38;5;200m[dbe4db21]&amp#27;[0m&amp#27;[38;5;-42m[XCUITestDriver@9d32 (dbe4db21)]&amp#27;[0m Rewrote request for scrollable descendants to class chain format with selector '**/*[`type == "XCUIElementTypeScrollView" OR type == "XCUIElementTypeTable" OR type == "XCUIElementTypeCollectionView" OR type == "XCUIElementTypeWebView"`][1]'
&amp#27;[38;5;200m[dbe4db21]&amp#27;[0m&amp#27;[38;5;-42m[XCUITestDriver@9d32 (dbe4db21)]&amp#27;[0m Waiting up to 10000 ms for condition
&amp#27;[38;5;200m[dbe4db21]&amp#27;[0m&amp#27;[38;5;-42m[XCUITestDriver@9d32 (dbe4db21)]&amp#27;[0m Matched '/element' to command name 'findElement'
&amp#27;[38;5;200m[dbe4db21]&amp#27;[0m&amp#27;[38;5;-42m[XCUITestDriver@9d32 (dbe4db21)]&amp#27;[0m Proxying [POST /element] to [POST http://127.0.0.1:8100/session/CE40ADAF-B139-4368-BB61-1EFAB337C153/element] with body: {"using":"class chain","value":"**/*[`type == \"XCUIElementTypeScrollView\" OR type == \"XCUIElementTypeTable\" OR type == \"XCUIElementTypeCollectionView\" OR type == \"XCUIElementTypeWebView\"`][1]"}
&amp#27;[38;5;173m[Xcode]&amp#27;[0m 2024-11-05 15:49:28.953720+0500 WebDriverAgentRunner-Runner[21804:212226] Getting the most recent active application (out of 1 total items)
&amp#27;[38;5;173m[Xcode]&amp#27;[0m 
&amp#27;[38;5;173m[Xcode]&amp#27;[0m     t =    14.99s Get all elements bound by accessibility element for: Elements matching predicate 'BLOCKPREDICATE(0x60000215ee80)'
&amp#27;[38;5;173m[Xcode]&amp#27;[0m 
&amp#27;[38;5;173m[Xcode]&amp#27;[0m     t =    14.99s     Requesting snapshot of accessibility hierarchy for app with pid 21811
&amp#27;[38;5;173m[Xcode]&amp#27;[0m 
&amp#27;[38;5;173m[Xcode]&amp#27;[0m     t =    15.14s     Find: Descendants matching type Any
&amp#27;[38;5;173m[Xcode]&amp#27;[0m 
&amp#27;[38;5;173m[Xcode]&amp#27;[0m     t =    15.14s     Find: Elements matching predicate 'BLOCKPREDICATE(0x60000215ee80)'
&amp#27;[38;5;173m[Xcode]&amp#27;[0m 
&amp#27;[38;5;173m[Xcode]&amp#27;[0m     t =    15.16s Requesting snapshot of accessibility hierarchy for app with pid 21811
&amp#27;[38;5;173m[Xcode]&amp#27;[0m 
&amp#27;[38;5;173m[Xcode]&amp#27;[0m     t =    15.30s Find: Descendants matching type Any
&amp#27;[38;5;173m[Xcode]&amp#27;[0m 
&amp#27;[38;5;173m[Xcode]&amp#27;[0m     t =    15.30s Find: Elements matching predicate 'BLOCKPREDICATE(0x60000215ee80)'
&amp#27;[38;5;173m[Xcode]&amp#27;[0m 
&amp#27;[38;5;173m[Xcode]&amp#27;[0m     t =    15.31s Find: Identity Binding
&amp#27;[38;5;173m[Xcode]&amp#27;[0m 
&amp#27;[38;5;200m[dbe4db21]&amp#27;[0m&amp#27;[38;5;-42m[XCUITestDriver@9d32 (dbe4db21)]&amp#27;[0m Got response with status 200: {"value":{"ELEMENT":"0F000000-0000-0000-3355-000000000000","element-6066-11e4-a52e-4f735466cecf":"0F000000-0000-0000-3355-000000000000"},"sessionId":"CE40ADAF-B139-4368-BB61-1EFAB337C153"}
&amp#27;[38;5;200m[dbe4db21]&amp#27;[0m&amp#27;[38;5;-42m[XCUITestDriver@9d32 (dbe4db21)]&amp#27;[0m Responding to client with driver.findElement() result: {"element-6066-11e4-a52e-4f735466cecf":"0F000000-0000-0000-3355-000000000000","ELEMENT":"0F000000-0000-0000-3355-000000000000"}
&amp#27;[38;5;200m[dbe4db21]&amp#27;[0m&amp#27;[38;5;86m[HTTP]&amp#27;[0m <-- POST /session/dbe4db21-e6a9-4d05-bdbb-cc788eb5635e/element 200 342 ms - 137 
&amp#27;[38;5;200m[dbe4db21]&amp#27;[0m&amp#27;[38;5;86m[HTTP]&amp#27;[0m &amp#27;[37m-->&amp#27;[39m &amp#27;[37mGET&amp#27;[39m &amp#27;[37m/session/dbe4db21-e6a9-4d05-bdbb-cc788eb5635e/orientation&amp#27;[39m {}
&amp#27;[38;5;200m[dbe4db21]&amp#27;[0m&amp#27;[38;5;-42m[XCUITestDriver@9d32 (dbe4db21)]&amp#27;[0m Driver proxy active, passing request on via HTTP proxy
&amp#27;[38;5;200m[dbe4db21]&amp#27;[0m&amp#27;[38;5;-42m[XCUITestDriver@9d32 (dbe4db21)]&amp#27;[0m Executing command 'proxyReqRes'
&amp#27;[38;5;200m[dbe4db21]&amp#27;[0m&amp#27;[38;5;-42m[XCUITestDriver@9d32 (dbe4db21)]&amp#27;[0m Matched '/session/dbe4db21-e6a9-4d05-bdbb-cc788eb5635e/orientation' to command name 'getOrientation'
&amp#27;[38;5;200m[dbe4db21]&amp#27;[0m&amp#27;[38;5;-42m[XCUITestDriver@9d32 (dbe4db21)]&amp#27;[0m Proxying [GET /session/dbe4db21-e6a9-4d05-bdbb-cc788eb5635e/orientation] to [GET http://127.0.0.1:8100/session/CE40ADAF-B139-4368-BB61-1EFAB337C153/orientation] with no body
&amp#27;[38;5;173m[Xcode]&amp#27;[0m 2024-11-05 15:49:29.301545+0500 WebDriverAgentRunner-Runner[21804:212226] Getting the most recent active application (out of 1 total items)
&amp#27;[38;5;173m[Xcode]&amp#27;[0m 
&amp#27;[38;5;200m[dbe4db21]&amp#27;[0m&amp#27;[38;5;-42m[XCUITestDriver@9d32 (dbe4db21)]&amp#27;[0m Got response with status 200: {"value":"PORTRAIT","sessionId":"CE40ADAF-B139-4368-BB61-1EFAB337C153"}
&amp#27;[38;5;200m[dbe4db21]&amp#27;[0m&amp#27;[38;5;-42m[XCUITestDriver@9d32 (dbe4db21)]&amp#27;[0m Replacing sessionId CE40ADAF-B139-4368-BB61-1EFAB337C153 with dbe4db21-e6a9-4d05-bdbb-cc788eb5635e
&amp#27;[38;5;200m[dbe4db21]&amp#27;[0m&amp#27;[38;5;86m[HTTP]&amp#27;[0m <-- GET /session/dbe4db21-e6a9-4d05-bdbb-cc788eb5635e/orientation 200 10 ms - 71 
&amp#27;[38;5;200m[dbe4db21]&amp#27;[0m&amp#27;[38;5;86m[HTTP]&amp#27;[0m &amp#27;[37m-->&amp#27;[39m &amp#27;[37mGET&amp#27;[39m &amp#27;[37m/session/dbe4db21-e6a9-4d05-bdbb-cc788eb5635e/window/rect&amp#27;[39m {}
&amp#27;[38;5;200m[dbe4db21]&amp#27;[0m&amp#27;[38;5;-42m[XCUITestDriver@9d32 (dbe4db21)]&amp#27;[0m Calling AppiumDriver.getWindowRect() with args: ["dbe4db21-e6a9-4d05-bdbb-cc788eb5635e"]
&amp#27;[38;5;200m[dbe4db21]&amp#27;[0m&amp#27;[38;5;-42m[XCUITestDriver@9d32 (dbe4db21)]&amp#27;[0m Executing command 'getWindowRect'
&amp#27;[38;5;200m[dbe4db21]&amp#27;[0m&amp#27;[38;5;-42m[XCUITestDriver@9d32 (dbe4db21)]&amp#27;[0m Proxying [GET /window/size] to [GET http://127.0.0.1:8100/session/CE40ADAF-B139-4368-BB61-1EFAB337C153/window/size] with no body
&amp#27;[38;5;173m[Xcode]&amp#27;[0m 2024-11-05 15:49:29.326533+0500 WebDriverAgentRunner-Runner[21804:212226] Getting the most recent active application (out of 1 total items)
&amp#27;[38;5;173m[Xcode]&amp#27;[0m 
&amp#27;[38;5;173m[Xcode]&amp#27;[0m     t =    15.36s Requesting snapshot of accessibility hierarchy for app with pid 21811
&amp#27;[38;5;173m[Xcode]&amp#27;[0m 
&amp#27;[38;5;200m[dbe4db21]&amp#27;[0m&amp#27;[38;5;-42m[XCUITestDriver@9d32 (dbe4db21)]&amp#27;[0m Got response with status 200: {"value":{"width":390,"height":844},"sessionId":"CE40ADAF-B139-4368-BB61-1EFAB337C153"}
&amp#27;[38;5;200m[dbe4db21]&amp#27;[0m&amp#27;[38;5;-42m[XCUITestDriver@9d32 (dbe4db21)]&amp#27;[0m Responding to client with driver.getWindowRect() result: {"width":390,"height":844,"x":0,"y":0}
&amp#27;[38;5;200m[dbe4db21]&amp#27;[0m&amp#27;[38;5;86m[HTTP]&amp#27;[0m <-- GET /session/dbe4db21-e6a9-4d05-bdbb-cc788eb5635e/window/rect 200 93 ms - 48 
&amp#27;[38;5;200m[dbe4db21]&amp#27;[0m&amp#27;[38;5;86m[HTTP]&amp#27;[0m &amp#27;[37m-->&amp#27;[39m &amp#27;[37mPOST&amp#27;[39m &amp#27;[37m/session/dbe4db21-e6a9-4d05-bdbb-cc788eb5635e/execute/sync&amp#27;[39m {"script":"mobile:deviceScreenInfo","args":[null]}
&amp#27;[38;5;200m[dbe4db21]&amp#27;[0m&amp#27;[38;5;-42m[XCUITestDriver@9d32 (dbe4db21)]&amp#27;[0m Calling AppiumDriver.execute() with args: ["mobile:deviceScreenInfo",[null],"dbe4db21-e6a9-4d05-bdbb-cc788eb5635e"]
&amp#27;[38;5;200m[dbe4db21]&amp#27;[0m&amp#27;[38;5;-42m[XCUITestDriver@9d32 (dbe4db21)]&amp#27;[0m Executing command 'execute'
&amp#27;[38;5;200m[dbe4db21]&amp#27;[0m&amp#27;[38;5;-42m[XCUITestDriver@9d32 (dbe4db21)]&amp#27;[0m Responding to client with driver.execute() result: {"statusBarSize":{"width":390,"height":47},"scale":3}
&amp#27;[38;5;200m[dbe4db21]&amp#27;[0m&amp#27;[38;5;86m[HTTP]&amp#27;[0m <-- POST /session/dbe4db21-e6a9-4d05-bdbb-cc788eb5635e/execute/sync 200 1 ms - 63 
&amp#27;[38;5;200m[dbe4db21]&amp#27;[0m&amp#27;[38;5;86m[HTTP]&amp#27;[0m &amp#27;[37m-->&amp#27;[39m &amp#27;[37mPOST&amp#27;[39m &amp#27;[37m/session/dbe4db21-e6a9-4d05-bdbb-cc788eb5635e/element&amp#27;[39m {"using":"-ios class chain","value":"**/XCUIElementTypeNavigationBar"}
&amp#27;[38;5;200m[dbe4db21]&amp#27;[0m&amp#27;[38;5;-42m[XCUITestDriver@9d32 (dbe4db21)]&amp#27;[0m Calling AppiumDriver.findElement() with args: ["-ios class chain","**/XCUIElementTypeNavigationBar","dbe4db21-e6a9-4d05-bdbb-cc788eb5635e"]
&amp#27;[38;5;200m[dbe4db21]&amp#27;[0m&amp#27;[38;5;-42m[XCUITestDriver@9d32 (dbe4db21)]&amp#27;[0m Executing command 'findElement'
&amp#27;[38;5;200m[dbe4db21]&amp#27;[0m&amp#27;[38;5;-42m[XCUITestDriver@9d32 (dbe4db21)]&amp#27;[0m Valid locator strategies for this request: xpath, id, name, class name, -ios predicate string, -ios class chain, accessibility id, css selector
&amp#27;[38;5;200m[dbe4db21]&amp#27;[0m&amp#27;[38;5;-42m[XCUITestDriver@9d32 (dbe4db21)]&amp#27;[0m Waiting up to 10000 ms for condition
&amp#27;[38;5;200m[dbe4db21]&amp#27;[0m&amp#27;[38;5;-42m[XCUITestDriver@9d32 (dbe4db21)]&amp#27;[0m Matched '/element' to command name 'findElement'
&amp#27;[38;5;200m[dbe4db21]&amp#27;[0m&amp#27;[38;5;-42m[XCUITestDriver@9d32 (dbe4db21)]&amp#27;[0m Proxying [POST /element] to [POST http://127.0.0.1:8100/session/CE40ADAF-B139-4368-BB61-1EFAB337C153/element] with body: {"using":"class chain","value":"**/XCUIElementTypeNavigationBar"}
&amp#27;[38;5;173m[Xcode]&amp#27;[0m 2024-11-05 15:49:29.409139+0500 WebDriverAgentRunner-Runner[21804:212226] Getting the most recent active application (out of 1 total items)
&amp#27;[38;5;173m[Xcode]&amp#27;[0m 
&amp#27;[38;5;173m[Xcode]&amp#27;[0m     t =    15.44s Get all elements bound by accessibility element for: Descendants matching type NavigationBar
&amp#27;[38;5;173m[Xcode]&amp#27;[0m 
&amp#27;[38;5;173m[Xcode]&amp#27;[0m     t =    15.44s     Requesting snapshot of accessibility hierarchy for app with pid 21811
&amp#27;[38;5;173m[Xcode]&amp#27;[0m 
&amp#27;[38;5;173m[Xcode]&amp#27;[0m     t =    15.50s     Find: Descendants matching type NavigationBar
&amp#27;[38;5;173m[Xcode]&amp#27;[0m 
&amp#27;[38;5;173m[Xcode]&amp#27;[0m     t =    15.52s Requesting snapshot of accessibility hierarchy for app with pid 21811
&amp#27;[38;5;173m[Xcode]&amp#27;[0m 
&amp#27;[38;5;173m[Xcode]&amp#27;[0m     t =    15.58s Find: Descendants matching type NavigationBar
&amp#27;[38;5;173m[Xcode]&amp#27;[0m 
&amp#27;[38;5;173m[Xcode]&amp#27;[0m     t =    15.59s Find: Identity Binding
&amp#27;[38;5;173m[Xcode]&amp#27;[0m 
&amp#27;[38;5;200m[dbe4db21]&amp#27;[0m&amp#27;[38;5;-42m[XCUITestDriver@9d32 (dbe4db21)]&amp#27;[0m Got response with status 200: {"value":{"ELEMENT":"0B000000-0000-0000-3355-000000000000","element-6066-11e4-a52e-4f735466cecf":"0B000000-0000-0000-3355-000000000000"},"sessionId":"CE40ADAF-B139-4368-BB61-1EFAB337C153"}
&amp#27;[38;5;200m[dbe4db21]&amp#27;[0m&amp#27;[38;5;-42m[XCUITestDriver@9d32 (dbe4db21)]&amp#27;[0m Responding to client with driver.findElement() result: {"element-6066-11e4-a52e-4f735466cecf":"0B000000-0000-0000-3355-000000000000","ELEMENT":"0B000000-0000-0000-3355-000000000000"}
&amp#27;[38;5;200m[dbe4db21]&amp#27;[0m&amp#27;[38;5;86m[HTTP]&amp#27;[0m <-- POST /session/dbe4db21-e6a9-4d05-bdbb-cc788eb5635e/element 200 158 ms - 137 
&amp#27;[38;5;200m[dbe4db21]&amp#27;[0m&amp#27;[38;5;86m[HTTP]&amp#27;[0m &amp#27;[37m-->&amp#27;[39m &amp#27;[37mGET&amp#27;[39m &amp#27;[37m/session/dbe4db21-e6a9-4d05-bdbb-cc788eb5635e/element/0B000000-0000-0000-3355-000000000000/rect&amp#27;[39m {}
&amp#27;[38;5;200m[dbe4db21]&amp#27;[0m&amp#27;[38;5;-42m[XCUITestDriver@9d32 (dbe4db21)]&amp#27;[0m Driver proxy active, passing request on via HTTP proxy
&amp#27;[38;5;200m[dbe4db21]&amp#27;[0m&amp#27;[38;5;-42m[XCUITestDriver@9d32 (dbe4db21)]&amp#27;[0m Executing command 'proxyReqRes'
&amp#27;[38;5;200m[dbe4db21]&amp#27;[0m&amp#27;[38;5;-42m[XCUITestDriver@9d32 (dbe4db21)]&amp#27;[0m Matched '/session/dbe4db21-e6a9-4d05-bdbb-cc788eb5635e/element/0B000000-0000-0000-3355-000000000000/rect' to command name 'getElementRect'
&amp#27;[38;5;200m[dbe4db21]&amp#27;[0m&amp#27;[38;5;-42m[XCUITestDriver@9d32 (dbe4db21)]&amp#27;[0m Proxying [GET /session/dbe4db21-e6a9-4d05-bdbb-cc788eb5635e/element/0B000000-0000-0000-3355-000000000000/rect] to [GET http://127.0.0.1:8100/session/CE40ADAF-B139-4368-BB61-1EFAB337C153/element/0B000000-0000-0000-3355-000000000000/rect] with no body
&amp#27;[38;5;173m[Xcode]&amp#27;[0m     t =    15.60s Requesting snapshot of accessibility hierarchy for app with pid 21811
&amp#27;[38;5;173m[Xcode]&amp#27;[0m 
&amp#27;[38;5;173m[Xcode]&amp#27;[0m     t =    15.66s Find: Descendants matching type NavigationBar
&amp#27;[38;5;173m[Xcode]&amp#27;[0m 
&amp#27;[38;5;173m[Xcode]&amp#27;[0m     t =    15.67s Find: Identity Binding
&amp#27;[38;5;173m[Xcode]&amp#27;[0m 
&amp#27;[38;5;200m[dbe4db21]&amp#27;[0m&amp#27;[38;5;-42m[XCUITestDriver@9d32 (dbe4db21)]&amp#27;[0m Got response with status 200: {"value":{"y":47,"x":0,"width":390,"height":44},"sessionId":"CE40ADAF-B139-4368-BB61-1EFAB337C153"}
&amp#27;[38;5;200m[dbe4db21]&amp#27;[0m&amp#27;[38;5;-42m[XCUITestDriver@9d32 (dbe4db21)]&amp#27;[0m Replacing sessionId CE40ADAF-B139-4368-BB61-1EFAB337C153 with dbe4db21-e6a9-4d05-bdbb-cc788eb5635e
&amp#27;[38;5;200m[dbe4db21]&amp#27;[0m&amp#27;[38;5;86m[HTTP]&amp#27;[0m <-- GET /session/dbe4db21-e6a9-4d05-bdbb-cc788eb5635e/element/0B000000-0000-0000-3355-000000000000/rect 200 82 ms - 99 
&amp#27;[38;5;200m[dbe4db21]&amp#27;[0m&amp#27;[38;5;86m[HTTP]&amp#27;[0m &amp#27;[37m-->&amp#27;[39m &amp#27;[37mPOST&amp#27;[39m &amp#27;[37m/session/dbe4db21-e6a9-4d05-bdbb-cc788eb5635e/element&amp#27;[39m {"using":"-ios class chain","value":"**/XCUIElementTypeTabBar"}
&amp#27;[38;5;200m[dbe4db21]&amp#27;[0m&amp#27;[38;5;-42m[XCUITestDriver@9d32 (dbe4db21)]&amp#27;[0m Calling AppiumDriver.findElement() with args: ["-ios class chain","**/XCUIElementTypeTabBar","dbe4db21-e6a9-4d05-bdbb-cc788eb5635e"]
&amp#27;[38;5;200m[dbe4db21]&amp#27;[0m&amp#27;[38;5;-42m[XCUITestDriver@9d32 (dbe4db21)]&amp#27;[0m Executing command 'findElement'
&amp#27;[38;5;200m[dbe4db21]&amp#27;[0m&amp#27;[38;5;-42m[XCUITestDriver@9d32 (dbe4db21)]&amp#27;[0m Valid locator strategies for this request: xpath, id, name, class name, -ios predicate string, -ios class chain, accessibility id, css selector
&amp#27;[38;5;200m[dbe4db21]&amp#27;[0m&amp#27;[38;5;-42m[XCUITestDriver@9d32 (dbe4db21)]&amp#27;[0m Waiting up to 10000 ms for condition
&amp#27;[38;5;200m[dbe4db21]&amp#27;[0m&amp#27;[38;5;-42m[XCUITestDriver@9d32 (dbe4db21)]&amp#27;[0m Matched '/element' to command name 'findElement'
&amp#27;[38;5;200m[dbe4db21]&amp#27;[0m&amp#27;[38;5;-42m[XCUITestDriver@9d32 (dbe4db21)]&amp#27;[0m Proxying [POST /element] to [POST http://127.0.0.1:8100/session/CE40ADAF-B139-4368-BB61-1EFAB337C153/element] with body: {"using":"class chain","value":"**/XCUIElementTypeTabBar"}
&amp#27;[38;5;173m[Xcode]&amp#27;[0m 2024-11-05 15:49:29.653118+0500 WebDriverAgentRunner-Runner[21804:212226] Getting the most recent active application (out of 1 total items)
&amp#27;[38;5;173m[Xcode]&amp#27;[0m 
&amp#27;[38;5;173m[Xcode]&amp#27;[0m     t =    15.69s Get all elements bound by accessibility element for: Descendants matching type TabBar
&amp#27;[38;5;173m[Xcode]&amp#27;[0m 
&amp#27;[38;5;173m[Xcode]&amp#27;[0m     t =    15.69s     Requesting snapshot of accessibility hierarchy for app with pid 21811
&amp#27;[38;5;173m[Xcode]&amp#27;[0m 
&amp#27;[38;5;173m[Xcode]&amp#27;[0m     t =    15.75s     Find: Descendants matching type TabBar
&amp#27;[38;5;173m[Xcode]&amp#27;[0m 
&amp#27;[38;5;200m[dbe4db21]&amp#27;[0m&amp#27;[38;5;-42m[XCUITestDriver@9d32 (dbe4db21)]&amp#27;[0m Got response with status 404: {"value":{"error":"no such element","message":"unable to find an element using 'class chain', value '**/XCUIElementTypeTabBar'","traceback":"(\n\t0   WebDriverAgentLib                   0x000000010471f162 FBNoSuchElementErrorResponseForRequest + 290\n\t1   WebDriverAgentLib                   0x000000010471ef3c +[FBFindElementCommands handleFindElement:] + 364\n\t2   WebDriverAgentLib                   0x00000001046e02ac -[FBRoute_TargetAction mountRequest:intoResponse:] + 172\n\t3   WebDriverAgentLib                   0x00000001046c8e73 __37-[FBWebServer registerRouteHandlers:]_block_invoke + 499\n\t4   WebDriverAgentLib                   0x000000010470375d -[RoutingHTTPServer handleRoute:withRequest:response:] + 189\n\t5   WebDriverAgentLib                   0x0000000104704551 __72-[RoutingHTTPServer routeMethod:withPath:parameters:request:connection:]_block_invoke + 65\n\t6   libdispatch.dylib                   0x00007ff80013ca3a _dispatch_client_callout + 8\n\t7   libdispatch.dylib                   0x0...
&amp#27;[38;5;200m[dbe4db21]&amp#27;[0m&amp#27;[38;5;123m[W3C]&amp#27;[0m Matched W3C error code 'no such element' to NoSuchElementError
&amp#27;[38;5;200m[dbe4db21]&amp#27;[0m&amp#27;[38;5;-42m[XCUITestDriver@9d32 (dbe4db21)]&amp#27;[0m Waited for 78 ms so far
&amp#27;[38;5;200m[dbe4db21]&amp#27;[0m&amp#27;[38;5;-42m[XCUITestDriver@9d32 (dbe4db21)]&amp#27;[0m Matched '/element' to command name 'findElement'
&amp#27;[38;5;200m[dbe4db21]&amp#27;[0m&amp#27;[38;5;-42m[XCUITestDriver@9d32 (dbe4db21)]&amp#27;[0m Proxying [POST /element] to [POST http://127.0.0.1:8100/session/CE40ADAF-B139-4368-BB61-1EFAB337C153/element] with body: {"using":"class chain","value":"**/XCUIElementTypeTabBar"}
&amp#27;[38;5;173m[Xcode]&amp#27;[0m 2024-11-05 15:49:30.233563+0500 WebDriverAgentRunner-Runner[21804:212226] Getting the most recent active application (out of 1 total items)
&amp#27;[38;5;173m[Xcode]&amp#27;[0m 
&amp#27;[38;5;173m[Xcode]&amp#27;[0m     t =    16.27s Get all elements bound by accessibility element for: Descendants matching type TabBar
&amp#27;[38;5;173m[Xcode]&amp#27;[0m 
&amp#27;[38;5;173m[Xcode]&amp#27;[0m     t =    16.27s     Requesting snapshot of accessibility hierarchy for app with pid 21811
&amp#27;[38;5;173m[Xcode]&amp#27;[0m 
&amp#27;[38;5;173m[Xcode]&amp#27;[0m     t =    16.34s     Find: Descendants matching type TabBar
&amp#27;[38;5;173m[Xcode]&amp#27;[0m 
&amp#27;[38;5;200m[dbe4db21]&amp#27;[0m&amp#27;[38;5;-42m[XCUITestDriver@9d32 (dbe4db21)]&amp#27;[0m Got response with status 404: {"value":{"error":"no such element","message":"unable to find an element using 'class chain', value '**/XCUIElementTypeTabBar'","traceback":"(\n\t0   WebDriverAgentLib                   0x000000010471f162 FBNoSuchElementErrorResponseForRequest + 290\n\t1   WebDriverAgentLib                   0x000000010471ef3c +[FBFindElementCommands handleFindElement:] + 364\n\t2   WebDriverAgentLib                   0x00000001046e02ac -[FBRoute_TargetAction mountRequest:intoResponse:] + 172\n\t3   WebDriverAgentLib                   0x00000001046c8e73 __37-[FBWebServer registerRouteHandlers:]_block_invoke + 499\n\t4   WebDriverAgentLib                   0x000000010470375d -[RoutingHTTPServer handleRoute:withRequest:response:] + 189\n\t5   WebDriverAgentLib                   0x0000000104704551 __72-[RoutingHTTPServer routeMethod:withPath:parameters:request:connection:]_block_invoke + 65\n\t6   libdispatch.dylib                   0x00007ff80013ca3a _dispatch_client_callout + 8\n\t7   libdispatch.dylib                   0x0...
&amp#27;[38;5;200m[dbe4db21]&amp#27;[0m&amp#27;[38;5;123m[W3C]&amp#27;[0m Matched W3C error code 'no such element' to NoSuchElementError
&amp#27;[38;5;200m[dbe4db21]&amp#27;[0m&amp#27;[38;5;-42m[XCUITestDriver@9d32 (dbe4db21)]&amp#27;[0m Waited for 667 ms so far
&amp#27;[38;5;200m[dbe4db21]&amp#27;[0m&amp#27;[38;5;-42m[XCUITestDriver@9d32 (dbe4db21)]&amp#27;[0m Matched '/element' to command name 'findElement'
&amp#27;[38;5;200m[dbe4db21]&amp#27;[0m&amp#27;[38;5;-42m[XCUITestDriver@9d32 (dbe4db21)]&amp#27;[0m Proxying [POST /element] to [POST http://127.0.0.1:8100/session/CE40ADAF-B139-4368-BB61-1EFAB337C153/element] with body: {"using":"class chain","value":"**/XCUIElementTypeTabBar"}
&amp#27;[38;5;173m[Xcode]&amp#27;[0m 2024-11-05 15:49:30.823519+0500 WebDriverAgentRunner-Runner[21804:212226] Getting the most recent active application (out of 1 total items)
&amp#27;[38;5;173m[Xcode]&amp#27;[0m 
&amp#27;[38;5;173m[Xcode]&amp#27;[0m     t =    16.86s Get all elements bound by accessibility element for: Descendants matching type TabBar
&amp#27;[38;5;173m[Xcode]&amp#27;[0m 
&amp#27;[38;5;173m[Xcode]&amp#27;[0m     t =    16.86s     Requesting snapshot of accessibility hierarchy for app with pid 21811
&amp#27;[38;5;173m[Xcode]&amp#27;[0m 
&amp#27;[38;5;173m[Xcode]&amp#27;[0m     t =    16.92s     Find: Descendants matching type TabBar
&amp#27;[38;5;173m[Xcode]&amp#27;[0m 
&amp#27;[38;5;200m[dbe4db21]&amp#27;[0m&amp#27;[38;5;-42m[XCUITestDriver@9d32 (dbe4db21)]&amp#27;[0m Got response with status 404: {"value":{"error":"no such element","message":"unable to find an element using 'class chain', value '**/XCUIElementTypeTabBar'","traceback":"(\n\t0   WebDriverAgentLib                   0x000000010471f162 FBNoSuchElementErrorResponseForRequest + 290\n\t1   WebDriverAgentLib                   0x000000010471ef3c +[FBFindElementCommands handleFindElement:] + 364\n\t2   WebDriverAgentLib                   0x00000001046e02ac -[FBRoute_TargetAction mountRequest:intoResponse:] + 172\n\t3   WebDriverAgentLib                   0x00000001046c8e73 __37-[FBWebServer registerRouteHandlers:]_block_invoke + 499\n\t4   WebDriverAgentLib                   0x000000010470375d -[RoutingHTTPServer handleRoute:withRequest:response:] + 189\n\t5   WebDriverAgentLib                   0x0000000104704551 __72-[RoutingHTTPServer routeMethod:withPath:parameters:request:connection:]_block_invoke + 65\n\t6   libdispatch.dylib                   0x00007ff80013ca3a _dispatch_client_callout + 8\n\t7   libdispatch.dylib                   0x0...
&amp#27;[38;5;200m[dbe4db21]&amp#27;[0m&amp#27;[38;5;123m[W3C]&amp#27;[0m Matched W3C error code 'no such element' to NoSuchElementError
&amp#27;[38;5;200m[dbe4db21]&amp#27;[0m&amp#27;[38;5;-42m[XCUITestDriver@9d32 (dbe4db21)]&amp#27;[0m Waited for 1253 ms so far
&amp#27;[38;5;200m[dbe4db21]&amp#27;[0m&amp#27;[38;5;-42m[XCUITestDriver@9d32 (dbe4db21)]&amp#27;[0m Matched '/element' to command name 'findElement'
&amp#27;[38;5;200m[dbe4db21]&amp#27;[0m&amp#27;[38;5;-42m[XCUITestDriver@9d32 (dbe4db21)]&amp#27;[0m Proxying [POST /element] to [POST http://127.0.0.1:8100/session/CE40ADAF-B139-4368-BB61-1EFAB337C153/element] with body: {"using":"class chain","value":"**/XCUIElementTypeTabBar"}
&amp#27;[38;5;173m[Xcode]&amp#27;[0m 2024-11-05 15:49:31.410761+0500 WebDriverAgentRunner-Runner[21804:212226] Getting the most recent active application (out of 1 total items)
&amp#27;[38;5;173m[Xcode]&amp#27;[0m 
&amp#27;[38;5;173m[Xcode]&amp#27;[0m     t =    17.44s Get all elements bound by accessibility element for: Descendants matching type TabBar
&amp#27;[38;5;173m[Xcode]&amp#27;[0m 
&amp#27;[38;5;173m[Xcode]&amp#27;[0m     t =    17.45s     Requesting snapshot of accessibility hierarchy for app with pid 21811
&amp#27;[38;5;173m[Xcode]&amp#27;[0m 
&amp#27;[38;5;173m[Xcode]&amp#27;[0m     t =    17.52s     Find: Descendants matching type TabBar
&amp#27;[38;5;173m[Xcode]&amp#27;[0m 
&amp#27;[38;5;200m[dbe4db21]&amp#27;[0m&amp#27;[38;5;-42m[XCUITestDriver@9d32 (dbe4db21)]&amp#27;[0m Got response with status 404: {"value":{"error":"no such element","message":"unable to find an element using 'class chain', value '**/XCUIElementTypeTabBar'","traceback":"(\n\t0   WebDriverAgentLib                   0x000000010471f162 FBNoSuchElementErrorResponseForRequest + 290\n\t1   WebDriverAgentLib                   0x000000010471ef3c +[FBFindElementCommands handleFindElement:] + 364\n\t2   WebDriverAgentLib                   0x00000001046e02ac -[FBRoute_TargetAction mountRequest:intoResponse:] + 172\n\t3   WebDriverAgentLib                   0x00000001046c8e73 __37-[FBWebServer registerRouteHandlers:]_block_invoke + 499\n\t4   WebDriverAgentLib                   0x000000010470375d -[RoutingHTTPServer handleRoute:withRequest:response:] + 189\n\t5   WebDriverAgentLib                   0x0000000104704551 __72-[RoutingHTTPServer routeMethod:withPath:parameters:request:connection:]_block_invoke + 65\n\t6   libdispatch.dylib                   0x00007ff80013ca3a _dispatch_client_callout + 8\n\t7   libdispatch.dylib                   0x0...
&amp#27;[38;5;200m[dbe4db21]&amp#27;[0m&amp#27;[38;5;123m[W3C]&amp#27;[0m Matched W3C error code 'no such element' to NoSuchElementError
&amp#27;[38;5;200m[dbe4db21]&amp#27;[0m&amp#27;[38;5;-42m[XCUITestDriver@9d32 (dbe4db21)]&amp#27;[0m Waited for 1846 ms so far
&amp#27;[38;5;200m[dbe4db21]&amp#27;[0m&amp#27;[38;5;-42m[XCUITestDriver@9d32 (dbe4db21)]&amp#27;[0m Matched '/element' to command name 'findElement'
&amp#27;[38;5;200m[dbe4db21]&amp#27;[0m&amp#27;[38;5;-42m[XCUITestDriver@9d32 (dbe4db21)]&amp#27;[0m Proxying [POST /element] to [POST http://127.0.0.1:8100/session/CE40ADAF-B139-4368-BB61-1EFAB337C153/element] with body: {"using":"class chain","value":"**/XCUIElementTypeTabBar"}
&amp#27;[38;5;173m[Xcode]&amp#27;[0m 2024-11-05 15:49:32.001818+0500 WebDriverAgentRunner-Runner[21804:212226] Getting the most recent active application (out of 1 total items)
&amp#27;[38;5;173m[Xcode]&amp#27;[0m 
&amp#27;[38;5;173m[Xcode]&amp#27;[0m     t =    18.03s Get all elements bound by accessibility element for: Descendants matching type TabBar
&amp#27;[38;5;173m[Xcode]&amp#27;[0m 
&amp#27;[38;5;173m[Xcode]&amp#27;[0m     t =    18.04s     Requesting snapshot of accessibility hierarchy for app with pid 21811
&amp#27;[38;5;173m[Xcode]&amp#27;[0m 
&amp#27;[38;5;173m[Xcode]&amp#27;[0m     t =    18.11s     Find: Descendants matching type TabBar
&amp#27;[38;5;173m[Xcode]&amp#27;[0m 
&amp#27;[38;5;200m[dbe4db21]&amp#27;[0m&amp#27;[38;5;-42m[XCUITestDriver@9d32 (dbe4db21)]&amp#27;[0m Got response with status 404: {"value":{"error":"no such element","message":"unable to find an element using 'class chain', value '**/XCUIElementTypeTabBar'","traceback":"(\n\t0   WebDriverAgentLib                   0x000000010471f162 FBNoSuchElementErrorResponseForRequest + 290\n\t1   WebDriverAgentLib                   0x000000010471ef3c +[FBFindElementCommands handleFindElement:] + 364\n\t2   WebDriverAgentLib                   0x00000001046e02ac -[FBRoute_TargetAction mountRequest:intoResponse:] + 172\n\t3   WebDriverAgentLib                   0x00000001046c8e73 __37-[FBWebServer registerRouteHandlers:]_block_invoke + 499\n\t4   WebDriverAgentLib                   0x000000010470375d -[RoutingHTTPServer handleRoute:withRequest:response:] + 189\n\t5   WebDriverAgentLib                   0x0000000104704551 __72-[RoutingHTTPServer routeMethod:withPath:parameters:request:connection:]_block_invoke + 65\n\t6   libdispatch.dylib                   0x00007ff80013ca3a _dispatch_client_callout + 8\n\t7   libdispatch.dylib                   0x0...
&amp#27;[38;5;200m[dbe4db21]&amp#27;[0m&amp#27;[38;5;123m[W3C]&amp#27;[0m Matched W3C error code 'no such element' to NoSuchElementError
&amp#27;[38;5;200m[dbe4db21]&amp#27;[0m&amp#27;[38;5;-42m[XCUITestDriver@9d32 (dbe4db21)]&amp#27;[0m Waited for 2436 ms so far
&amp#27;[38;5;200m[dbe4db21]&amp#27;[0m&amp#27;[38;5;-42m[XCUITestDriver@9d32 (dbe4db21)]&amp#27;[0m Matched '/element' to command name 'findElement'
&amp#27;[38;5;200m[dbe4db21]&amp#27;[0m&amp#27;[38;5;-42m[XCUITestDriver@9d32 (dbe4db21)]&amp#27;[0m Proxying [POST /element] to [POST http://127.0.0.1:8100/session/CE40ADAF-B139-4368-BB61-1EFAB337C153/element] with body: {"using":"class chain","value":"**/XCUIElementTypeTabBar"}
&amp#27;[38;5;173m[Xcode]&amp#27;[0m 2024-11-05 15:49:32.594404+0500 WebDriverAgentRunner-Runner[21804:212226] Getting the most recent active application (out of 1 total items)
&amp#27;[38;5;173m[Xcode]&amp#27;[0m 
&amp#27;[38;5;173m[Xcode]&amp#27;[0m     t =    18.63s Get all elements bound by accessibility element for: Descendants matching type TabBar
&amp#27;[38;5;173m[Xcode]&amp#27;[0m 
&amp#27;[38;5;173m[Xcode]&amp#27;[0m     t =    18.63s     Requesting snapshot of accessibility hierarchy for app with pid 21811
&amp#27;[38;5;173m[Xcode]&amp#27;[0m 
&amp#27;[38;5;173m[Xcode]&amp#27;[0m     t =    18.70s     Find: Descendants matching type TabBar
&amp#27;[38;5;173m[Xcode]&amp#27;[0m 
&amp#27;[38;5;200m[dbe4db21]&amp#27;[0m&amp#27;[38;5;-42m[XCUITestDriver@9d32 (dbe4db21)]&amp#27;[0m Got response with status 404: {"value":{"error":"no such element","message":"unable to find an element using 'class chain', value '**/XCUIElementTypeTabBar'","traceback":"(\n\t0   WebDriverAgentLib                   0x000000010471f162 FBNoSuchElementErrorResponseForRequest + 290\n\t1   WebDriverAgentLib                   0x000000010471ef3c +[FBFindElementCommands handleFindElement:] + 364\n\t2   WebDriverAgentLib                   0x00000001046e02ac -[FBRoute_TargetAction mountRequest:intoResponse:] + 172\n\t3   WebDriverAgentLib                   0x00000001046c8e73 __37-[FBWebServer registerRouteHandlers:]_block_invoke + 499\n\t4   WebDriverAgentLib                   0x000000010470375d -[RoutingHTTPServer handleRoute:withRequest:response:] + 189\n\t5   WebDriverAgentLib                   0x0000000104704551 __72-[RoutingHTTPServer routeMethod:withPath:parameters:request:connection:]_block_invoke + 65\n\t6   libdispatch.dylib                   0x00007ff80013ca3a _dispatch_client_callout + 8\n\t7   libdispatch.dylib                   0x0...
&amp#27;[38;5;200m[dbe4db21]&amp#27;[0m&amp#27;[38;5;123m[W3C]&amp#27;[0m Matched W3C error code 'no such element' to NoSuchElementError
&amp#27;[38;5;200m[dbe4db21]&amp#27;[0m&amp#27;[38;5;-42m[XCUITestDriver@9d32 (dbe4db21)]&amp#27;[0m Waited for 3026 ms so far
&amp#27;[38;5;200m[dbe4db21]&amp#27;[0m&amp#27;[38;5;-42m[XCUITestDriver@9d32 (dbe4db21)]&amp#27;[0m Matched '/element' to command name 'findElement'
&amp#27;[38;5;200m[dbe4db21]&amp#27;[0m&amp#27;[38;5;-42m[XCUITestDriver@9d32 (dbe4db21)]&amp#27;[0m Proxying [POST /element] to [POST http://127.0.0.1:8100/session/CE40ADAF-B139-4368-BB61-1EFAB337C153/element] with body: {"using":"class chain","value":"**/XCUIElementTypeTabBar"}
&amp#27;[38;5;173m[Xcode]&amp#27;[0m 2024-11-05 15:49:33.184270+0500 WebDriverAgentRunner-Runner[21804:212226] Getting the most recent active application (out of 1 total items)
&amp#27;[38;5;173m[Xcode]&amp#27;[0m 
&amp#27;[38;5;173m[Xcode]&amp#27;[0m     t =    19.22s Get all elements bound by accessibility element for: Descendants matching type TabBar
&amp#27;[38;5;173m[Xcode]&amp#27;[0m 
&amp#27;[38;5;173m[Xcode]&amp#27;[0m     t =    19.22s     Requesting snapshot of accessibility hierarchy for app with pid 21811
&amp#27;[38;5;173m[Xcode]&amp#27;[0m 
&amp#27;[38;5;173m[Xcode]&amp#27;[0m     t =    19.29s     Find: Descendants matching type TabBar
&amp#27;[38;5;173m[Xcode]&amp#27;[0m 
&amp#27;[38;5;200m[dbe4db21]&amp#27;[0m&amp#27;[38;5;-42m[XCUITestDriver@9d32 (dbe4db21)]&amp#27;[0m Got response with status 404: {"value":{"error":"no such element","message":"unable to find an element using 'class chain', value '**/XCUIElementTypeTabBar'","traceback":"(\n\t0   WebDriverAgentLib                   0x000000010471f162 FBNoSuchElementErrorResponseForRequest + 290\n\t1   WebDriverAgentLib                   0x000000010471ef3c +[FBFindElementCommands handleFindElement:] + 364\n\t2   WebDriverAgentLib                   0x00000001046e02ac -[FBRoute_TargetAction mountRequest:intoResponse:] + 172\n\t3   WebDriverAgentLib                   0x00000001046c8e73 __37-[FBWebServer registerRouteHandlers:]_block_invoke + 499\n\t4   WebDriverAgentLib                   0x000000010470375d -[RoutingHTTPServer handleRoute:withRequest:response:] + 189\n\t5   WebDriverAgentLib                   0x0000000104704551 __72-[RoutingHTTPServer routeMethod:withPath:parameters:request:connection:]_block_invoke + 65\n\t6   libdispatch.dylib                   0x00007ff80013ca3a _dispatch_client_callout + 8\n\t7   libdispatch.dylib                   0x0...
&amp#27;[38;5;200m[dbe4db21]&amp#27;[0m&amp#27;[38;5;123m[W3C]&amp#27;[0m Matched W3C error code 'no such element' to NoSuchElementError
&amp#27;[38;5;200m[dbe4db21]&amp#27;[0m&amp#27;[38;5;-42m[XCUITestDriver@9d32 (dbe4db21)]&amp#27;[0m Waited for 3618 ms so far
&amp#27;[38;5;200m[dbe4db21]&amp#27;[0m&amp#27;[38;5;-42m[XCUITestDriver@9d32 (dbe4db21)]&amp#27;[0m Matched '/element' to command name 'findElement'
&amp#27;[38;5;200m[dbe4db21]&amp#27;[0m&amp#27;[38;5;-42m[XCUITestDriver@9d32 (dbe4db21)]&amp#27;[0m Proxying [POST /element] to [POST http://127.0.0.1:8100/session/CE40ADAF-B139-4368-BB61-1EFAB337C153/element] with body: {"using":"class chain","value":"**/XCUIElementTypeTabBar"}
&amp#27;[38;5;173m[Xcode]&amp#27;[0m 2024-11-05 15:49:33.776032+0500 WebDriverAgentRunner-Runner[21804:212226] Getting the most recent active application (out of 1 total items)
&amp#27;[38;5;173m[Xcode]&amp#27;[0m 
&amp#27;[38;5;173m[Xcode]&amp#27;[0m     t =    19.81s Get all elements bound by accessibility element for: Descendants matching type TabBar
&amp#27;[38;5;173m[Xcode]&amp#27;[0m 
&amp#27;[38;5;173m[Xcode]&amp#27;[0m     t =    19.81s     Requesting snapshot of accessibility hierarchy for app with pid 21811
&amp#27;[38;5;173m[Xcode]&amp#27;[0m 
&amp#27;[38;5;173m[Xcode]&amp#27;[0m     t =    19.88s     Find: Descendants matching type TabBar
&amp#27;[38;5;173m[Xcode]&amp#27;[0m 
&amp#27;[38;5;200m[dbe4db21]&amp#27;[0m&amp#27;[38;5;-42m[XCUITestDriver@9d32 (dbe4db21)]&amp#27;[0m Got response with status 404: {"value":{"error":"no such element","message":"unable to find an element using 'class chain', value '**/XCUIElementTypeTabBar'","traceback":"(\n\t0   WebDriverAgentLib                   0x000000010471f162 FBNoSuchElementErrorResponseForRequest + 290\n\t1   WebDriverAgentLib                   0x000000010471ef3c +[FBFindElementCommands handleFindElement:] + 364\n\t2   WebDriverAgentLib                   0x00000001046e02ac -[FBRoute_TargetAction mountRequest:intoResponse:] + 172\n\t3   WebDriverAgentLib                   0x00000001046c8e73 __37-[FBWebServer registerRouteHandlers:]_block_invoke + 499\n\t4   WebDriverAgentLib                   0x000000010470375d -[RoutingHTTPServer handleRoute:withRequest:response:] + 189\n\t5   WebDriverAgentLib                   0x0000000104704551 __72-[RoutingHTTPServer routeMethod:withPath:parameters:request:connection:]_block_invoke + 65\n\t6   libdispatch.dylib                   0x00007ff80013ca3a _dispatch_client_callout + 8\n\t7   libdispatch.dylib                   0x0...
&amp#27;[38;5;200m[dbe4db21]&amp#27;[0m&amp#27;[38;5;123m[W3C]&amp#27;[0m Matched W3C error code 'no such element' to NoSuchElementError
&amp#27;[38;5;200m[dbe4db21]&amp#27;[0m&amp#27;[38;5;-42m[XCUITestDriver@9d32 (dbe4db21)]&amp#27;[0m Waited for 4209 ms so far
&amp#27;[38;5;200m[dbe4db21]&amp#27;[0m&amp#27;[38;5;-42m[XCUITestDriver@9d32 (dbe4db21)]&amp#27;[0m Matched '/element' to command name 'findElement'
&amp#27;[38;5;200m[dbe4db21]&amp#27;[0m&amp#27;[38;5;-42m[XCUITestDriver@9d32 (dbe4db21)]&amp#27;[0m Proxying [POST /element] to [POST http://127.0.0.1:8100/session/CE40ADAF-B139-4368-BB61-1EFAB337C153/element] with body: {"using":"class chain","value":"**/XCUIElementTypeTabBar"}
&amp#27;[38;5;173m[Xcode]&amp#27;[0m 2024-11-05 15:49:34.365436+0500 WebDriverAgentRunner-Runner[21804:212226] Getting the most recent active application (out of 1 total items)
&amp#27;[38;5;173m[Xcode]&amp#27;[0m 
&amp#27;[38;5;173m[Xcode]&amp#27;[0m     t =    20.40s Get all elements bound by accessibility element for: Descendants matching type TabBar
&amp#27;[38;5;173m[Xcode]&amp#27;[0m 
&amp#27;[38;5;173m[Xcode]&amp#27;[0m     t =    20.40s     Requesting snapshot of accessibility hierarchy for app with pid 21811
&amp#27;[38;5;173m[Xcode]&amp#27;[0m 
&amp#27;[38;5;173m[Xcode]&amp#27;[0m     t =    20.47s     Find: Descendants matching type TabBar
&amp#27;[38;5;173m[Xcode]&amp#27;[0m 
&amp#27;[38;5;200m[dbe4db21]&amp#27;[0m&amp#27;[38;5;-42m[XCUITestDriver@9d32 (dbe4db21)]&amp#27;[0m Got response with status 404: {"value":{"error":"no such element","message":"unable to find an element using 'class chain', value '**/XCUIElementTypeTabBar'","traceback":"(\n\t0   WebDriverAgentLib                   0x000000010471f162 FBNoSuchElementErrorResponseForRequest + 290\n\t1   WebDriverAgentLib                   0x000000010471ef3c +[FBFindElementCommands handleFindElement:] + 364\n\t2   WebDriverAgentLib                   0x00000001046e02ac -[FBRoute_TargetAction mountRequest:intoResponse:] + 172\n\t3   WebDriverAgentLib                   0x00000001046c8e73 __37-[FBWebServer registerRouteHandlers:]_block_invoke + 499\n\t4   WebDriverAgentLib                   0x000000010470375d -[RoutingHTTPServer handleRoute:withRequest:response:] + 189\n\t5   WebDriverAgentLib                   0x0000000104704551 __72-[RoutingHTTPServer routeMethod:withPath:parameters:request:connection:]_block_invoke + 65\n\t6   libdispatch.dylib                   0x00007ff80013ca3a _dispatch_client_callout + 8\n\t7   libdispatch.dylib                   0x0...
&amp#27;[38;5;200m[dbe4db21]&amp#27;[0m&amp#27;[38;5;123m[W3C]&amp#27;[0m Matched W3C error code 'no such element' to NoSuchElementError
&amp#27;[38;5;200m[dbe4db21]&amp#27;[0m&amp#27;[38;5;-42m[XCUITestDriver@9d32 (dbe4db21)]&amp#27;[0m Waited for 4799 ms so far
&amp#27;[38;5;200m[dbe4db21]&amp#27;[0m&amp#27;[38;5;-42m[XCUITestDriver@9d32 (dbe4db21)]&amp#27;[0m Matched '/element' to command name 'findElement'
&amp#27;[38;5;200m[dbe4db21]&amp#27;[0m&amp#27;[38;5;-42m[XCUITestDriver@9d32 (dbe4db21)]&amp#27;[0m Proxying [POST /element] to [POST http://127.0.0.1:8100/session/CE40ADAF-B139-4368-BB61-1EFAB337C153/element] with body: {"using":"class chain","value":"**/XCUIElementTypeTabBar"}
&amp#27;[38;5;173m[Xcode]&amp#27;[0m 2024-11-05 15:49:34.955357+0500 WebDriverAgentRunner-Runner[21804:212226] Getting the most recent active application (out of 1 total items)
&amp#27;[38;5;173m[Xcode]&amp#27;[0m 
&amp#27;[38;5;173m[Xcode]&amp#27;[0m     t =    20.99s Get all elements bound by accessibility element for: Descendants matching type TabBar
&amp#27;[38;5;173m[Xcode]&amp#27;[0m 
&amp#27;[38;5;173m[Xcode]&amp#27;[0m     t =    20.99s     Requesting snapshot of accessibility hierarchy for app with pid 21811
&amp#27;[38;5;173m[Xcode]&amp#27;[0m 
&amp#27;[38;5;173m[Xcode]&amp#27;[0m     t =    21.06s     Find: Descendants matching type TabBar
&amp#27;[38;5;173m[Xcode]&amp#27;[0m 
&amp#27;[38;5;200m[dbe4db21]&amp#27;[0m&amp#27;[38;5;-42m[XCUITestDriver@9d32 (dbe4db21)]&amp#27;[0m Got response with status 404: {"value":{"error":"no such element","message":"unable to find an element using 'class chain', value '**/XCUIElementTypeTabBar'","traceback":"(\n\t0   WebDriverAgentLib                   0x000000010471f162 FBNoSuchElementErrorResponseForRequest + 290\n\t1   WebDriverAgentLib                   0x000000010471ef3c +[FBFindElementCommands handleFindElement:] + 364\n\t2   WebDriverAgentLib                   0x00000001046e02ac -[FBRoute_TargetAction mountRequest:intoResponse:] + 172\n\t3   WebDriverAgentLib                   0x00000001046c8e73 __37-[FBWebServer registerRouteHandlers:]_block_invoke + 499\n\t4   WebDriverAgentLib                   0x000000010470375d -[RoutingHTTPServer handleRoute:withRequest:response:] + 189\n\t5   WebDriverAgentLib                   0x0000000104704551 __72-[RoutingHTTPServer routeMethod:withPath:parameters:request:connection:]_block_invoke + 65\n\t6   libdispatch.dylib                   0x00007ff80013ca3a _dispatch_client_callout + 8\n\t7   libdispatch.dylib                   0x0...
&amp#27;[38;5;200m[dbe4db21]&amp#27;[0m&amp#27;[38;5;123m[W3C]&amp#27;[0m Matched W3C error code 'no such element' to NoSuchElementError
&amp#27;[38;5;200m[dbe4db21]&amp#27;[0m&amp#27;[38;5;-42m[XCUITestDriver@9d32 (dbe4db21)]&amp#27;[0m Waited for 5387 ms so far
&amp#27;[38;5;200m[dbe4db21]&amp#27;[0m&amp#27;[38;5;-42m[XCUITestDriver@9d32 (dbe4db21)]&amp#27;[0m Matched '/element' to command name 'findElement'
&amp#27;[38;5;200m[dbe4db21]&amp#27;[0m&amp#27;[38;5;-42m[XCUITestDriver@9d32 (dbe4db21)]&amp#27;[0m Proxying [POST /element] to [POST http://127.0.0.1:8100/session/CE40ADAF-B139-4368-BB61-1EFAB337C153/element] with body: {"using":"class chain","value":"**/XCUIElementTypeTabBar"}
&amp#27;[38;5;173m[Xcode]&amp#27;[0m 2024-11-05 15:49:35.542683+0500 WebDriverAgentRunner-Runner[21804:212226] Getting the most recent active application (out of 1 total items)
&amp#27;[38;5;173m[Xcode]&amp#27;[0m 
&amp#27;[38;5;173m[Xcode]&amp#27;[0m     t =    21.58s Get all elements bound by accessibility element for: Descendants matching type TabBar
&amp#27;[38;5;173m[Xcode]&amp#27;[0m 
&amp#27;[38;5;173m[Xcode]&amp#27;[0m     t =    21.58s     Requesting snapshot of accessibility hierarchy for app with pid 21811
&amp#27;[38;5;173m[Xcode]&amp#27;[0m 
&amp#27;[38;5;173m[Xcode]&amp#27;[0m     t =    21.65s     Find: Descendants matching type TabBar
&amp#27;[38;5;173m[Xcode]&amp#27;[0m 
&amp#27;[38;5;200m[dbe4db21]&amp#27;[0m&amp#27;[38;5;-42m[XCUITestDriver@9d32 (dbe4db21)]&amp#27;[0m Got response with status 404: {"value":{"error":"no such element","message":"unable to find an element using 'class chain', value '**/XCUIElementTypeTabBar'","traceback":"(\n\t0   WebDriverAgentLib                   0x000000010471f162 FBNoSuchElementErrorResponseForRequest + 290\n\t1   WebDriverAgentLib                   0x000000010471ef3c +[FBFindElementCommands handleFindElement:] + 364\n\t2   WebDriverAgentLib                   0x00000001046e02ac -[FBRoute_TargetAction mountRequest:intoResponse:] + 172\n\t3   WebDriverAgentLib                   0x00000001046c8e73 __37-[FBWebServer registerRouteHandlers:]_block_invoke + 499\n\t4   WebDriverAgentLib                   0x000000010470375d -[RoutingHTTPServer handleRoute:withRequest:response:] + 189\n\t5   WebDriverAgentLib                   0x0000000104704551 __72-[RoutingHTTPServer routeMethod:withPath:parameters:request:connection:]_block_invoke + 65\n\t6   libdispatch.dylib                   0x00007ff80013ca3a _dispatch_client_callout + 8\n\t7   libdispatch.dylib                   0x0...
&amp#27;[38;5;200m[dbe4db21]&amp#27;[0m&amp#27;[38;5;123m[W3C]&amp#27;[0m Matched W3C error code 'no such element' to NoSuchElementError
&amp#27;[38;5;200m[dbe4db21]&amp#27;[0m&amp#27;[38;5;-42m[XCUITestDriver@9d32 (dbe4db21)]&amp#27;[0m Waited for 5975 ms so far
&amp#27;[38;5;200m[dbe4db21]&amp#27;[0m&amp#27;[38;5;-42m[XCUITestDriver@9d32 (dbe4db21)]&amp#27;[0m Matched '/element' to command name 'findElement'
&amp#27;[38;5;200m[dbe4db21]&amp#27;[0m&amp#27;[38;5;-42m[XCUITestDriver@9d32 (dbe4db21)]&amp#27;[0m Proxying [POST /element] to [POST http://127.0.0.1:8100/session/CE40ADAF-B139-4368-BB61-1EFAB337C153/element] with body: {"using":"class chain","value":"**/XCUIElementTypeTabBar"}
&amp#27;[38;5;173m[Xcode]&amp#27;[0m 2024-11-05 15:49:36.133638+0500 WebDriverAgentRunner-Runner[21804:212226] Getting the most recent active application (out of 1 total items)
&amp#27;[38;5;173m[Xcode]&amp#27;[0m 
&amp#27;[38;5;173m[Xcode]&amp#27;[0m     t =    22.17s Get all elements bound by accessibility element for: Descendants matching type TabBar
&amp#27;[38;5;173m[Xcode]&amp#27;[0m 
&amp#27;[38;5;173m[Xcode]&amp#27;[0m     t =    22.17s     Requesting snapshot of accessibility hierarchy for app with pid 21811
&amp#27;[38;5;173m[Xcode]&amp#27;[0m 
&amp#27;[38;5;173m[Xcode]&amp#27;[0m     t =    22.24s     Find: Descendants matching type TabBar
&amp#27;[38;5;173m[Xcode]&amp#27;[0m 
&amp#27;[38;5;200m[dbe4db21]&amp#27;[0m&amp#27;[38;5;-42m[XCUITestDriver@9d32 (dbe4db21)]&amp#27;[0m Got response with status 404: {"value":{"error":"no such element","message":"unable to find an element using 'class chain', value '**/XCUIElementTypeTabBar'","traceback":"(\n\t0   WebDriverAgentLib                   0x000000010471f162 FBNoSuchElementErrorResponseForRequest + 290\n\t1   WebDriverAgentLib                   0x000000010471ef3c +[FBFindElementCommands handleFindElement:] + 364\n\t2   WebDriverAgentLib                   0x00000001046e02ac -[FBRoute_TargetAction mountRequest:intoResponse:] + 172\n\t3   WebDriverAgentLib                   0x00000001046c8e73 __37-[FBWebServer registerRouteHandlers:]_block_invoke + 499\n\t4   WebDriverAgentLib                   0x000000010470375d -[RoutingHTTPServer handleRoute:withRequest:response:] + 189\n\t5   WebDriverAgentLib                   0x0000000104704551 __72-[RoutingHTTPServer routeMethod:withPath:parameters:request:connection:]_block_invoke + 65\n\t6   libdispatch.dylib                   0x00007ff80013ca3a _dispatch_client_callout + 8\n\t7   libdispatch.dylib                   0x0...
&amp#27;[38;5;200m[dbe4db21]&amp#27;[0m&amp#27;[38;5;123m[W3C]&amp#27;[0m Matched W3C error code 'no such element' to NoSuchElementError
&amp#27;[38;5;200m[dbe4db21]&amp#27;[0m&amp#27;[38;5;-42m[XCUITestDriver@9d32 (dbe4db21)]&amp#27;[0m Waited for 6568 ms so far
&amp#27;[38;5;200m[dbe4db21]&amp#27;[0m&amp#27;[38;5;-42m[XCUITestDriver@9d32 (dbe4db21)]&amp#27;[0m Matched '/element' to command name 'findElement'
&amp#27;[38;5;200m[dbe4db21]&amp#27;[0m&amp#27;[38;5;-42m[XCUITestDriver@9d32 (dbe4db21)]&amp#27;[0m Proxying [POST /element] to [POST http://127.0.0.1:8100/session/CE40ADAF-B139-4368-BB61-1EFAB337C153/element] with body: {"using":"class chain","value":"**/XCUIElementTypeTabBar"}
&amp#27;[38;5;173m[Xcode]&amp#27;[0m 2024-11-05 15:49:36.725944+0500 WebDriverAgentRunner-Runner[21804:212226] Getting the most recent active application (out of 1 total items)
&amp#27;[38;5;173m[Xcode]&amp#27;[0m 
&amp#27;[38;5;173m[Xcode]&amp#27;[0m     t =    22.76s Get all elements bound by accessibility element for: Descendants matching type TabBar
&amp#27;[38;5;173m[Xcode]&amp#27;[0m 
&amp#27;[38;5;173m[Xcode]&amp#27;[0m     t =    22.76s     Requesting snapshot of accessibility hierarchy for app with pid 21811
&amp#27;[38;5;173m[Xcode]&amp#27;[0m 
&amp#27;[38;5;173m[Xcode]&amp#27;[0m     t =    22.83s     Find: Descendants matching type TabBar
&amp#27;[38;5;173m[Xcode]&amp#27;[0m 
&amp#27;[38;5;200m[dbe4db21]&amp#27;[0m&amp#27;[38;5;-42m[XCUITestDriver@9d32 (dbe4db21)]&amp#27;[0m Got response with status 404: {"value":{"error":"no such element","message":"unable to find an element using 'class chain', value '**/XCUIElementTypeTabBar'","traceback":"(\n\t0   WebDriverAgentLib                   0x000000010471f162 FBNoSuchElementErrorResponseForRequest + 290\n\t1   WebDriverAgentLib                   0x000000010471ef3c +[FBFindElementCommands handleFindElement:] + 364\n\t2   WebDriverAgentLib                   0x00000001046e02ac -[FBRoute_TargetAction mountRequest:intoResponse:] + 172\n\t3   WebDriverAgentLib                   0x00000001046c8e73 __37-[FBWebServer registerRouteHandlers:]_block_invoke + 499\n\t4   WebDriverAgentLib                   0x000000010470375d -[RoutingHTTPServer handleRoute:withRequest:response:] + 189\n\t5   WebDriverAgentLib                   0x0000000104704551 __72-[RoutingHTTPServer routeMethod:withPath:parameters:request:connection:]_block_invoke + 65\n\t6   libdispatch.dylib                   0x00007ff80013ca3a _dispatch_client_callout + 8\n\t7   libdispatch.dylib                   0x0...
&amp#27;[38;5;200m[dbe4db21]&amp#27;[0m&amp#27;[38;5;123m[W3C]&amp#27;[0m Matched W3C error code 'no such element' to NoSuchElementError
&amp#27;[38;5;200m[dbe4db21]&amp#27;[0m&amp#27;[38;5;-42m[XCUITestDriver@9d32 (dbe4db21)]&amp#27;[0m Waited for 7160 ms so far
&amp#27;[38;5;200m[dbe4db21]&amp#27;[0m&amp#27;[38;5;-42m[XCUITestDriver@9d32 (dbe4db21)]&amp#27;[0m Matched '/element' to command name 'findElement'
&amp#27;[38;5;200m[dbe4db21]&amp#27;[0m&amp#27;[38;5;-42m[XCUITestDriver@9d32 (dbe4db21)]&amp#27;[0m Proxying [POST /element] to [POST http://127.0.0.1:8100/session/CE40ADAF-B139-4368-BB61-1EFAB337C153/element] with body: {"using":"class chain","value":"**/XCUIElementTypeTabBar"}
&amp#27;[38;5;173m[Xcode]&amp#27;[0m 2024-11-05 15:49:37.317537+0500 WebDriverAgentRunner-Runner[21804:212226] Getting the most recent active application (out of 1 total items)
&amp#27;[38;5;173m[Xcode]&amp#27;[0m 
&amp#27;[38;5;173m[Xcode]&amp#27;[0m     t =    23.35s Get all elements bound by accessibility element for: Descendants matching type TabBar
&amp#27;[38;5;173m[Xcode]&amp#27;[0m 
&amp#27;[38;5;173m[Xcode]&amp#27;[0m     t =    23.35s     Requesting snapshot of accessibility hierarchy for app with pid 21811
&amp#27;[38;5;173m[Xcode]&amp#27;[0m 
&amp#27;[38;5;173m[Xcode]&amp#27;[0m     t =    23.42s     Find: Descendants matching type TabBar
&amp#27;[38;5;173m[Xcode]&amp#27;[0m 
&amp#27;[38;5;200m[dbe4db21]&amp#27;[0m&amp#27;[38;5;-42m[XCUITestDriver@9d32 (dbe4db21)]&amp#27;[0m Got response with status 404: {"value":{"error":"no such element","message":"unable to find an element using 'class chain', value '**/XCUIElementTypeTabBar'","traceback":"(\n\t0   WebDriverAgentLib                   0x000000010471f162 FBNoSuchElementErrorResponseForRequest + 290\n\t1   WebDriverAgentLib                   0x000000010471ef3c +[FBFindElementCommands handleFindElement:] + 364\n\t2   WebDriverAgentLib                   0x00000001046e02ac -[FBRoute_TargetAction mountRequest:intoResponse:] + 172\n\t3   WebDriverAgentLib                   0x00000001046c8e73 __37-[FBWebServer registerRouteHandlers:]_block_invoke + 499\n\t4   WebDriverAgentLib                   0x000000010470375d -[RoutingHTTPServer handleRoute:withRequest:response:] + 189\n\t5   WebDriverAgentLib                   0x0000000104704551 __72-[RoutingHTTPServer routeMethod:withPath:parameters:request:connection:]_block_invoke + 65\n\t6   libdispatch.dylib                   0x00007ff80013ca3a _dispatch_client_callout + 8\n\t7   libdispatch.dylib                   0x0...
&amp#27;[38;5;200m[dbe4db21]&amp#27;[0m&amp#27;[38;5;123m[W3C]&amp#27;[0m Matched W3C error code 'no such element' to NoSuchElementError
&amp#27;[38;5;200m[dbe4db21]&amp#27;[0m&amp#27;[38;5;-42m[XCUITestDriver@9d32 (dbe4db21)]&amp#27;[0m Waited for 7755 ms so far
&amp#27;[38;5;200m[dbe4db21]&amp#27;[0m&amp#27;[38;5;-42m[XCUITestDriver@9d32 (dbe4db21)]&amp#27;[0m Matched '/element' to command name 'findElement'
&amp#27;[38;5;200m[dbe4db21]&amp#27;[0m&amp#27;[38;5;-42m[XCUITestDriver@9d32 (dbe4db21)]&amp#27;[0m Proxying [POST /element] to [POST http://127.0.0.1:8100/session/CE40ADAF-B139-4368-BB61-1EFAB337C153/element] with body: {"using":"class chain","value":"**/XCUIElementTypeTabBar"}
&amp#27;[38;5;173m[Xcode]&amp#27;[0m 2024-11-05 15:49:37.910372+0500 WebDriverAgentRunner-Runner[21804:212226] Getting the most recent active application (out of 1 total items)
&amp#27;[38;5;173m[Xcode]&amp#27;[0m 
&amp#27;[38;5;173m[Xcode]&amp#27;[0m     t =    23.94s Get all elements bound by accessibility element for: Descendants matching type TabBar
&amp#27;[38;5;173m[Xcode]&amp#27;[0m 
&amp#27;[38;5;173m[Xcode]&amp#27;[0m     t =    23.94s     Requesting snapshot of accessibility hierarchy for app with pid 21811
&amp#27;[38;5;173m[Xcode]&amp#27;[0m 
&amp#27;[38;5;173m[Xcode]&amp#27;[0m     t =    24.01s     Find: Descendants matching type TabBar
&amp#27;[38;5;173m[Xcode]&amp#27;[0m 
&amp#27;[38;5;200m[dbe4db21]&amp#27;[0m&amp#27;[38;5;-42m[XCUITestDriver@9d32 (dbe4db21)]&amp#27;[0m Got response with status 404: {"value":{"error":"no such element","message":"unable to find an element using 'class chain', value '**/XCUIElementTypeTabBar'","traceback":"(\n\t0   WebDriverAgentLib                   0x000000010471f162 FBNoSuchElementErrorResponseForRequest + 290\n\t1   WebDriverAgentLib                   0x000000010471ef3c +[FBFindElementCommands handleFindElement:] + 364\n\t2   WebDriverAgentLib                   0x00000001046e02ac -[FBRoute_TargetAction mountRequest:intoResponse:] + 172\n\t3   WebDriverAgentLib                   0x00000001046c8e73 __37-[FBWebServer registerRouteHandlers:]_block_invoke + 499\n\t4   WebDriverAgentLib                   0x000000010470375d -[RoutingHTTPServer handleRoute:withRequest:response:] + 189\n\t5   WebDriverAgentLib                   0x0000000104704551 __72-[RoutingHTTPServer routeMethod:withPath:parameters:request:connection:]_block_invoke + 65\n\t6   libdispatch.dylib                   0x00007ff80013ca3a _dispatch_client_callout + 8\n\t7   libdispatch.dylib                   0x0...
&amp#27;[38;5;200m[dbe4db21]&amp#27;[0m&amp#27;[38;5;123m[W3C]&amp#27;[0m Matched W3C error code 'no such element' to NoSuchElementError
&amp#27;[38;5;200m[dbe4db21]&amp#27;[0m&amp#27;[38;5;-42m[XCUITestDriver@9d32 (dbe4db21)]&amp#27;[0m Waited for 8342 ms so far
&amp#27;[38;5;200m[dbe4db21]&amp#27;[0m&amp#27;[38;5;-42m[XCUITestDriver@9d32 (dbe4db21)]&amp#27;[0m Matched '/element' to command name 'findElement'
&amp#27;[38;5;200m[dbe4db21]&amp#27;[0m&amp#27;[38;5;-42m[XCUITestDriver@9d32 (dbe4db21)]&amp#27;[0m Proxying [POST /element] to [POST http://127.0.0.1:8100/session/CE40ADAF-B139-4368-BB61-1EFAB337C153/element] with body: {"using":"class chain","value":"**/XCUIElementTypeTabBar"}
&amp#27;[38;5;173m[Xcode]&amp#27;[0m 2024-11-05 15:49:38.500159+0500 WebDriverAgentRunner-Runner[21804:212226] Getting the most recent active application (out of 1 total items)
&amp#27;[38;5;173m[Xcode]&amp#27;[0m 
&amp#27;[38;5;173m[Xcode]&amp#27;[0m     t =    24.53s Get all elements bound by accessibility element for: Descendants matching type TabBar
&amp#27;[38;5;173m[Xcode]&amp#27;[0m 
&amp#27;[38;5;173m[Xcode]&amp#27;[0m     t =    24.53s     Requesting snapshot of accessibility hierarchy for app with pid 21811
&amp#27;[38;5;173m[Xcode]&amp#27;[0m 
&amp#27;[38;5;173m[Xcode]&amp#27;[0m     t =    24.61s     Find: Descendants matching type TabBar
&amp#27;[38;5;173m[Xcode]&amp#27;[0m 
&amp#27;[38;5;200m[dbe4db21]&amp#27;[0m&amp#27;[38;5;-42m[XCUITestDriver@9d32 (dbe4db21)]&amp#27;[0m Got response with status 404: {"value":{"error":"no such element","message":"unable to find an element using 'class chain', value '**/XCUIElementTypeTabBar'","traceback":"(\n\t0   WebDriverAgentLib                   0x000000010471f162 FBNoSuchElementErrorResponseForRequest + 290\n\t1   WebDriverAgentLib                   0x000000010471ef3c +[FBFindElementCommands handleFindElement:] + 364\n\t2   WebDriverAgentLib                   0x00000001046e02ac -[FBRoute_TargetAction mountRequest:intoResponse:] + 172\n\t3   WebDriverAgentLib                   0x00000001046c8e73 __37-[FBWebServer registerRouteHandlers:]_block_invoke + 499\n\t4   WebDriverAgentLib                   0x000000010470375d -[RoutingHTTPServer handleRoute:withRequest:response:] + 189\n\t5   WebDriverAgentLib                   0x0000000104704551 __72-[RoutingHTTPServer routeMethod:withPath:parameters:request:connection:]_block_invoke + 65\n\t6   libdispatch.dylib                   0x00007ff80013ca3a _dispatch_client_callout + 8\n\t7   libdispatch.dylib                   0x0...
&amp#27;[38;5;200m[dbe4db21]&amp#27;[0m&amp#27;[38;5;123m[W3C]&amp#27;[0m Matched W3C error code 'no such element' to NoSuchElementError
&amp#27;[38;5;200m[dbe4db21]&amp#27;[0m&amp#27;[38;5;-42m[XCUITestDriver@9d32 (dbe4db21)]&amp#27;[0m Waited for 8935 ms so far
&amp#27;[38;5;200m[dbe4db21]&amp#27;[0m&amp#27;[38;5;-42m[XCUITestDriver@9d32 (dbe4db21)]&amp#27;[0m Matched '/element' to command name 'findElement'
&amp#27;[38;5;200m[dbe4db21]&amp#27;[0m&amp#27;[38;5;-42m[XCUITestDriver@9d32 (dbe4db21)]&amp#27;[0m Proxying [POST /element] to [POST http://127.0.0.1:8100/session/CE40ADAF-B139-4368-BB61-1EFAB337C153/element] with body: {"using":"class chain","value":"**/XCUIElementTypeTabBar"}
&amp#27;[38;5;173m[Xcode]&amp#27;[0m 2024-11-05 15:49:39.093120+0500 WebDriverAgentRunner-Runner[21804:212226] Getting the most recent active application (out of 1 total items)
&amp#27;[38;5;173m[Xcode]&amp#27;[0m 
&amp#27;[38;5;173m[Xcode]&amp#27;[0m     t =    25.13s Get all elements bound by accessibility element for: Descendants matching type TabBar
&amp#27;[38;5;173m[Xcode]&amp#27;[0m 
&amp#27;[38;5;173m[Xcode]&amp#27;[0m     t =    25.13s     Requesting snapshot of accessibility hierarchy for app with pid 21811
&amp#27;[38;5;173m[Xcode]&amp#27;[0m 
&amp#27;[38;5;173m[Xcode]&amp#27;[0m     t =    25.20s     Find: Descendants matching type TabBar
&amp#27;[38;5;173m[Xcode]&amp#27;[0m 
&amp#27;[38;5;200m[dbe4db21]&amp#27;[0m&amp#27;[38;5;-42m[XCUITestDriver@9d32 (dbe4db21)]&amp#27;[0m Got response with status 404: {"value":{"error":"no such element","message":"unable to find an element using 'class chain', value '**/XCUIElementTypeTabBar'","traceback":"(\n\t0   WebDriverAgentLib                   0x000000010471f162 FBNoSuchElementErrorResponseForRequest + 290\n\t1   WebDriverAgentLib                   0x000000010471ef3c +[FBFindElementCommands handleFindElement:] + 364\n\t2   WebDriverAgentLib                   0x00000001046e02ac -[FBRoute_TargetAction mountRequest:intoResponse:] + 172\n\t3   WebDriverAgentLib                   0x00000001046c8e73 __37-[FBWebServer registerRouteHandlers:]_block_invoke + 499\n\t4   WebDriverAgentLib                   0x000000010470375d -[RoutingHTTPServer handleRoute:withRequest:response:] + 189\n\t5   WebDriverAgentLib                   0x0000000104704551 __72-[RoutingHTTPServer routeMethod:withPath:parameters:request:connection:]_block_invoke + 65\n\t6   libdispatch.dylib                   0x00007ff80013ca3a _dispatch_client_callout + 8\n\t7   libdispatch.dylib                   0x0...
&amp#27;[38;5;200m[dbe4db21]&amp#27;[0m&amp#27;[38;5;123m[W3C]&amp#27;[0m Matched W3C error code 'no such element' to NoSuchElementError
&amp#27;[38;5;200m[dbe4db21]&amp#27;[0m&amp#27;[38;5;-42m[XCUITestDriver@9d32 (dbe4db21)]&amp#27;[0m Waited for 9529 ms so far
&amp#27;[38;5;200m[dbe4db21]&amp#27;[0m&amp#27;[38;5;-42m[XCUITestDriver@9d32 (dbe4db21)]&amp#27;[0m Matched '/element' to command name 'findElement'
&amp#27;[38;5;200m[dbe4db21]&amp#27;[0m&amp#27;[38;5;-42m[XCUITestDriver@9d32 (dbe4db21)]&amp#27;[0m Proxying [POST /element] to [POST http://127.0.0.1:8100/session/CE40ADAF-B139-4368-BB61-1EFAB337C153/element] with body: {"using":"class chain","value":"**/XCUIElementTypeTabBar"}
&amp#27;[38;5;173m[Xcode]&amp#27;[0m 2024-11-05 15:49:39.654153+0500 WebDriverAgentRunner-Runner[21804:212226] Getting the most recent active application (out of 1 total items)
&amp#27;[38;5;173m[Xcode]&amp#27;[0m 
&amp#27;[38;5;173m[Xcode]&amp#27;[0m     t =    25.69s Get all elements bound by accessibility element for: Descendants matching type TabBar
&amp#27;[38;5;173m[Xcode]&amp#27;[0m 
&amp#27;[38;5;173m[Xcode]&amp#27;[0m     t =    25.69s     Requesting snapshot of accessibility hierarchy for app with pid 21811
&amp#27;[38;5;173m[Xcode]&amp#27;[0m 
&amp#27;[38;5;173m[Xcode]&amp#27;[0m     t =    25.76s     Find: Descendants matching type TabBar
&amp#27;[38;5;173m[Xcode]&amp#27;[0m 
&amp#27;[38;5;200m[dbe4db21]&amp#27;[0m&amp#27;[38;5;-42m[XCUITestDriver@9d32 (dbe4db21)]&amp#27;[0m Got response with status 404: {"value":{"error":"no such element","message":"unable to find an element using 'class chain', value '**/XCUIElementTypeTabBar'","traceback":"(\n\t0   WebDriverAgentLib                   0x000000010471f162 FBNoSuchElementErrorResponseForRequest + 290\n\t1   WebDriverAgentLib                   0x000000010471ef3c +[FBFindElementCommands handleFindElement:] + 364\n\t2   WebDriverAgentLib                   0x00000001046e02ac -[FBRoute_TargetAction mountRequest:intoResponse:] + 172\n\t3   WebDriverAgentLib                   0x00000001046c8e73 __37-[FBWebServer registerRouteHandlers:]_block_invoke + 499\n\t4   WebDriverAgentLib                   0x000000010470375d -[RoutingHTTPServer handleRoute:withRequest:response:] + 189\n\t5   WebDriverAgentLib                   0x0000000104704551 __72-[RoutingHTTPServer routeMethod:withPath:parameters:request:connection:]_block_invoke + 65\n\t6   libdispatch.dylib                   0x00007ff80013ca3a _dispatch_client_callout + 8\n\t7   libdispatch.dylib                   0x0...
&amp#27;[38;5;200m[dbe4db21]&amp#27;[0m&amp#27;[38;5;123m[W3C]&amp#27;[0m Matched W3C error code 'no such element' to NoSuchElementError
&amp#27;[38;5;200m[dbe4db21]&amp#27;[0m&amp#27;[38;5;-42m[XCUITestDriver@9d32 (dbe4db21)]&amp#27;[0m Encountered internal error running command: NoSuchElementError: An element could not be located on the page using the given search parameters.
&amp#27;[38;5;200m[dbe4db21]&amp#27;[0m&amp#27;[38;5;-42m[XCUITestDriver@9d32 (dbe4db21)]&amp#27;[0m     at XCUITestDriver.doNativeFind (/Users/oikhlas/.appium/node_modules/appium-xcuitest-driver/lib/commands/find.js:143:13)
&amp#27;[38;5;200m[dbe4db21]&amp#27;[0m&amp#27;[38;5;-42m[XCUITestDriver@9d32 (dbe4db21)]&amp#27;[0m     at processTicksAndRejections (node:internal/process/task_queues:95:5)
&amp#27;[38;5;200m[dbe4db21]&amp#27;[0m&amp#27;[38;5;-42m[XCUITestDriver@9d32 (dbe4db21)]&amp#27;[0m     at XCUITestDriver.findNativeElementOrElements (/Users/oikhlas/.appium/node_modules/appium-xcuitest-driver/lib/commands/find.js:97:12)
&amp#27;[38;5;200m[dbe4db21]&amp#27;[0m&amp#27;[38;5;-42m[XCUITestDriver@9d32 (dbe4db21)]&amp#27;[0m     at XCUITestDriver.findElOrEls (/Users/oikhlas/.appium/node_modules/appium-xcuitest-driver/lib/commands/find.js:24:14)
&amp#27;[38;5;200m[dbe4db21]&amp#27;[0m&amp#27;[38;5;-42m[XCUITestDriver@9d32 (dbe4db21)]&amp#27;[0m     at XCUITestDriver.findElOrElsWithProcessing (/Users/oikhlas/node_modules/@appium/base-driver/lib/basedriver/commands/find.ts:60:12)
&amp#27;[38;5;200m[dbe4db21]&amp#27;[0m&amp#27;[38;5;-42m[XCUITestDriver@9d32 (dbe4db21)]&amp#27;[0m     at XCUITestDriver.findElement (/Users/oikhlas/node_modules/@appium/base-driver/lib/basedriver/commands/find.ts:75:12)
&amp#27;[38;5;200m[dbe4db21]&amp#27;[0m&amp#27;[38;5;86m[HTTP]&amp#27;[0m <-- POST /session/dbe4db21-e6a9-4d05-bdbb-cc788eb5635e/element 404 10089 ms - 964 
&amp#27;[38;5;200m[dbe4db21]&amp#27;[0m&amp#27;[38;5;86m[HTTP]&amp#27;[0m &amp#27;[37m-->&amp#27;[39m &amp#27;[37mPOST&amp#27;[39m &amp#27;[37m/session/dbe4db21-e6a9-4d05-bdbb-cc788eb5635e/element&amp#27;[39m {"using":"name","value":"applitools_grab_scrollable_data_button"}
&amp#27;[38;5;200m[dbe4db21]&amp#27;[0m&amp#27;[38;5;-42m[XCUITestDriver@9d32 (dbe4db21)]&amp#27;[0m Calling AppiumDriver.findElement() with args: ["name","applitools_grab_scrollable_data_button","dbe4db21-e6a9-4d05-bdbb-cc788eb5635e"]
&amp#27;[38;5;200m[dbe4db21]&amp#27;[0m&amp#27;[38;5;-42m[XCUITestDriver@9d32 (dbe4db21)]&amp#27;[0m Executing command 'findElement'
&amp#27;[38;5;200m[dbe4db21]&amp#27;[0m&amp#27;[38;5;-42m[XCUITestDriver@9d32 (dbe4db21)]&amp#27;[0m Valid locator strategies for this request: xpath, id, name, class name, -ios predicate string, -ios class chain, accessibility id, css selector
&amp#27;[38;5;200m[dbe4db21]&amp#27;[0m&amp#27;[38;5;-42m[XCUITestDriver@9d32 (dbe4db21)]&amp#27;[0m Waiting up to 10000 ms for condition
&amp#27;[38;5;200m[dbe4db21]&amp#27;[0m&amp#27;[38;5;-42m[XCUITestDriver@9d32 (dbe4db21)]&amp#27;[0m Matched '/element' to command name 'findElement'
&amp#27;[38;5;200m[dbe4db21]&amp#27;[0m&amp#27;[38;5;-42m[XCUITestDriver@9d32 (dbe4db21)]&amp#27;[0m Proxying [POST /element] to [POST http://127.0.0.1:8100/session/CE40ADAF-B139-4368-BB61-1EFAB337C153/element] with body: {"using":"name","value":"applitools_grab_scrollable_data_button"}
&amp#27;[38;5;173m[Xcode]&amp#27;[0m 2024-11-05 15:49:39.849953+0500 WebDriverAgentRunner-Runner[21804:212226] Getting the most recent active application (out of 1 total items)
&amp#27;[38;5;173m[Xcode]&amp#27;[0m 
&amp#27;[38;5;173m[Xcode]&amp#27;[0m     t =    25.88s Get all elements bound by accessibility element for: Elements matching predicate 'BLOCKPREDICATE(0x60000216eeb0)'
&amp#27;[38;5;173m[Xcode]&amp#27;[0m 
&amp#27;[38;5;173m[Xcode]&amp#27;[0m     t =    25.88s     Requesting snapshot of accessibility hierarchy for app with pid 21811
&amp#27;[38;5;173m[Xcode]&amp#27;[0m 
&amp#27;[38;5;173m[Xcode]&amp#27;[0m     t =    26.02s     Find: Descendants matching type Any
&amp#27;[38;5;173m[Xcode]&amp#27;[0m 
&amp#27;[38;5;173m[Xcode]&amp#27;[0m     t =    26.02s     Find: Elements matching predicate 'BLOCKPREDICATE(0x60000216eeb0)'
&amp#27;[38;5;173m[Xcode]&amp#27;[0m 
&amp#27;[38;5;200m[dbe4db21]&amp#27;[0m&amp#27;[38;5;-42m[XCUITestDriver@9d32 (dbe4db21)]&amp#27;[0m Got response with status 404: {"value":{"error":"no such element","message":"unable to find an element using 'name', value 'applitools_grab_scrollable_data_button'","traceback":"(\n\t0   WebDriverAgentLib                   0x000000010471f162 FBNoSuchElementErrorResponseForRequest + 290\n\t1   WebDriverAgentLib                   0x000000010471ef3c +[FBFindElementCommands handleFindElement:] + 364\n\t2   WebDriverAgentLib                   0x00000001046e02ac -[FBRoute_TargetAction mountRequest:intoResponse:] + 172\n\t3   WebDriverAgentLib                   0x00000001046c8e73 __37-[FBWebServer registerRouteHandlers:]_block_invoke + 499\n\t4   WebDriverAgentLib                   0x000000010470375d -[RoutingHTTPServer handleRoute:withRequest:response:] + 189\n\t5   WebDriverAgentLib                   0x0000000104704551 __72-[RoutingHTTPServer routeMethod:withPath:parameters:request:connection:]_block_invoke + 65\n\t6   libdispatch.dylib                   0x00007ff80013ca3a _dispatch_client_callout + 8\n\t7   libdispatch.dylib               ...
&amp#27;[38;5;200m[dbe4db21]&amp#27;[0m&amp#27;[38;5;123m[W3C]&amp#27;[0m Matched W3C error code 'no such element' to NoSuchElementError
&amp#27;[38;5;200m[dbe4db21]&amp#27;[0m&amp#27;[38;5;-42m[XCUITestDriver@9d32 (dbe4db21)]&amp#27;[0m Waited for 161 ms so far
&amp#27;[38;5;200m[dbe4db21]&amp#27;[0m&amp#27;[38;5;-42m[XCUITestDriver@9d32 (dbe4db21)]&amp#27;[0m Matched '/element' to command name 'findElement'
&amp#27;[38;5;200m[dbe4db21]&amp#27;[0m&amp#27;[38;5;-42m[XCUITestDriver@9d32 (dbe4db21)]&amp#27;[0m Proxying [POST /element] to [POST http://127.0.0.1:8100/session/CE40ADAF-B139-4368-BB61-1EFAB337C153/element] with body: {"using":"name","value":"applitools_grab_scrollable_data_button"}
&amp#27;[38;5;173m[Xcode]&amp#27;[0m 2024-11-05 15:49:40.512147+0500 WebDriverAgentRunner-Runner[21804:212226] Getting the most recent active application (out of 1 total items)
&amp#27;[38;5;173m[Xcode]&amp#27;[0m 
&amp#27;[38;5;173m[Xcode]&amp#27;[0m     t =    26.54s Get all elements bound by accessibility element for: Elements matching predicate 'BLOCKPREDICATE(0x60000215ce40)'
&amp#27;[38;5;173m[Xcode]&amp#27;[0m 
&amp#27;[38;5;173m[Xcode]&amp#27;[0m     t =    26.55s     Requesting snapshot of accessibility hierarchy for app with pid 21811
&amp#27;[38;5;173m[Xcode]&amp#27;[0m 
&amp#27;[38;5;173m[Xcode]&amp#27;[0m     t =    26.69s     Find: Descendants matching type Any
&amp#27;[38;5;173m[Xcode]&amp#27;[0m 
&amp#27;[38;5;173m[Xcode]&amp#27;[0m     t =    26.69s     Find: Elements matching predicate 'BLOCKPREDICATE(0x60000215ce40)'
&amp#27;[38;5;173m[Xcode]&amp#27;[0m 
&amp#27;[38;5;200m[dbe4db21]&amp#27;[0m&amp#27;[38;5;-42m[XCUITestDriver@9d32 (dbe4db21)]&amp#27;[0m Got response with status 404: {"value":{"error":"no such element","message":"unable to find an element using 'name', value 'applitools_grab_scrollable_data_button'","traceback":"(\n\t0   WebDriverAgentLib                   0x000000010471f162 FBNoSuchElementErrorResponseForRequest + 290\n\t1   WebDriverAgentLib                   0x000000010471ef3c +[FBFindElementCommands handleFindElement:] + 364\n\t2   WebDriverAgentLib                   0x00000001046e02ac -[FBRoute_TargetAction mountRequest:intoResponse:] + 172\n\t3   WebDriverAgentLib                   0x00000001046c8e73 __37-[FBWebServer registerRouteHandlers:]_block_invoke + 499\n\t4   WebDriverAgentLib                   0x000000010470375d -[RoutingHTTPServer handleRoute:withRequest:response:] + 189\n\t5   WebDriverAgentLib                   0x0000000104704551 __72-[RoutingHTTPServer routeMethod:withPath:parameters:request:connection:]_block_invoke + 65\n\t6   libdispatch.dylib                   0x00007ff80013ca3a _dispatch_client_callout + 8\n\t7   libdispatch.dylib               ...
&amp#27;[38;5;200m[dbe4db21]&amp#27;[0m&amp#27;[38;5;123m[W3C]&amp#27;[0m Matched W3C error code 'no such element' to NoSuchElementError
&amp#27;[38;5;200m[dbe4db21]&amp#27;[0m&amp#27;[38;5;-42m[XCUITestDriver@9d32 (dbe4db21)]&amp#27;[0m Waited for 827 ms so far
&amp#27;[38;5;200m[dbe4db21]&amp#27;[0m&amp#27;[38;5;-42m[XCUITestDriver@9d32 (dbe4db21)]&amp#27;[0m Matched '/element' to command name 'findElement'
&amp#27;[38;5;200m[dbe4db21]&amp#27;[0m&amp#27;[38;5;-42m[XCUITestDriver@9d32 (dbe4db21)]&amp#27;[0m Proxying [POST /element] to [POST http://127.0.0.1:8100/session/CE40ADAF-B139-4368-BB61-1EFAB337C153/element] with body: {"using":"name","value":"applitools_grab_scrollable_data_button"}
&amp#27;[38;5;173m[Xcode]&amp#27;[0m 2024-11-05 15:49:41.177036+0500 WebDriverAgentRunner-Runner[21804:212226] Getting the most recent active application (out of 1 total items)
&amp#27;[38;5;173m[Xcode]&amp#27;[0m 
&amp#27;[38;5;173m[Xcode]&amp#27;[0m     t =    27.21s Get all elements bound by accessibility element for: Elements matching predicate 'BLOCKPREDICATE(0x600002163300)'
&amp#27;[38;5;173m[Xcode]&amp#27;[0m 
&amp#27;[38;5;173m[Xcode]&amp#27;[0m     t =    27.21s     Requesting snapshot of accessibility hierarchy for app with pid 21811
&amp#27;[38;5;173m[Xcode]&amp#27;[0m 
&amp#27;[38;5;173m[Xcode]&amp#27;[0m     t =    27.36s     Find: Descendants matching type Any
&amp#27;[38;5;173m[Xcode]&amp#27;[0m 
&amp#27;[38;5;173m[Xcode]&amp#27;[0m     t =    27.36s     Find: Elements matching predicate 'BLOCKPREDICATE(0x600002163300)'
&amp#27;[38;5;173m[Xcode]&amp#27;[0m 
&amp#27;[38;5;200m[dbe4db21]&amp#27;[0m&amp#27;[38;5;-42m[XCUITestDriver@9d32 (dbe4db21)]&amp#27;[0m Got response with status 404: {"value":{"error":"no such element","message":"unable to find an element using 'name', value 'applitools_grab_scrollable_data_button'","traceback":"(\n\t0   WebDriverAgentLib                   0x000000010471f162 FBNoSuchElementErrorResponseForRequest + 290\n\t1   WebDriverAgentLib                   0x000000010471ef3c +[FBFindElementCommands handleFindElement:] + 364\n\t2   WebDriverAgentLib                   0x00000001046e02ac -[FBRoute_TargetAction mountRequest:intoResponse:] + 172\n\t3   WebDriverAgentLib                   0x00000001046c8e73 __37-[FBWebServer registerRouteHandlers:]_block_invoke + 499\n\t4   WebDriverAgentLib                   0x000000010470375d -[RoutingHTTPServer handleRoute:withRequest:response:] + 189\n\t5   WebDriverAgentLib                   0x0000000104704551 __72-[RoutingHTTPServer routeMethod:withPath:parameters:request:connection:]_block_invoke + 65\n\t6   libdispatch.dylib                   0x00007ff80013ca3a _dispatch_client_callout + 8\n\t7   libdispatch.dylib               ...
&amp#27;[38;5;200m[dbe4db21]&amp#27;[0m&amp#27;[38;5;123m[W3C]&amp#27;[0m Matched W3C error code 'no such element' to NoSuchElementError
&amp#27;[38;5;200m[dbe4db21]&amp#27;[0m&amp#27;[38;5;-42m[XCUITestDriver@9d32 (dbe4db21)]&amp#27;[0m Waited for 1497 ms so far
&amp#27;[38;5;200m[dbe4db21]&amp#27;[0m&amp#27;[38;5;-42m[XCUITestDriver@9d32 (dbe4db21)]&amp#27;[0m Matched '/element' to command name 'findElement'
&amp#27;[38;5;200m[dbe4db21]&amp#27;[0m&amp#27;[38;5;-42m[XCUITestDriver@9d32 (dbe4db21)]&amp#27;[0m Proxying [POST /element] to [POST http://127.0.0.1:8100/session/CE40ADAF-B139-4368-BB61-1EFAB337C153/element] with body: {"using":"name","value":"applitools_grab_scrollable_data_button"}
&amp#27;[38;5;173m[Xcode]&amp#27;[0m 2024-11-05 15:49:41.850763+0500 WebDriverAgentRunner-Runner[21804:212226] Getting the most recent active application (out of 1 total items)
&amp#27;[38;5;173m[Xcode]&amp#27;[0m 
&amp#27;[38;5;173m[Xcode]&amp#27;[0m     t =    27.88s Get all elements bound by accessibility element for: Elements matching predicate 'BLOCKPREDICATE(0x60000216e1f0)'
&amp#27;[38;5;173m[Xcode]&amp#27;[0m 
&amp#27;[38;5;173m[Xcode]&amp#27;[0m     t =    27.88s     Requesting snapshot of accessibility hierarchy for app with pid 21811
&amp#27;[38;5;173m[Xcode]&amp#27;[0m 
&amp#27;[38;5;173m[Xcode]&amp#27;[0m     t =    28.02s     Find: Descendants matching type Any
&amp#27;[38;5;173m[Xcode]&amp#27;[0m 
&amp#27;[38;5;173m[Xcode]&amp#27;[0m     t =    28.02s     Find: Elements matching predicate 'BLOCKPREDICATE(0x60000216e1f0)'
&amp#27;[38;5;173m[Xcode]&amp#27;[0m 
&amp#27;[38;5;200m[dbe4db21]&amp#27;[0m&amp#27;[38;5;-42m[XCUITestDriver@9d32 (dbe4db21)]&amp#27;[0m Got response with status 404: {"value":{"error":"no such element","message":"unable to find an element using 'name', value 'applitools_grab_scrollable_data_button'","traceback":"(\n\t0   WebDriverAgentLib                   0x000000010471f162 FBNoSuchElementErrorResponseForRequest + 290\n\t1   WebDriverAgentLib                   0x000000010471ef3c +[FBFindElementCommands handleFindElement:] + 364\n\t2   WebDriverAgentLib                   0x00000001046e02ac -[FBRoute_TargetAction mountRequest:intoResponse:] + 172\n\t3   WebDriverAgentLib                   0x00000001046c8e73 __37-[FBWebServer registerRouteHandlers:]_block_invoke + 499\n\t4   WebDriverAgentLib                   0x000000010470375d -[RoutingHTTPServer handleRoute:withRequest:response:] + 189\n\t5   WebDriverAgentLib                   0x0000000104704551 __72-[RoutingHTTPServer routeMethod:withPath:parameters:request:connection:]_block_invoke + 65\n\t6   libdispatch.dylib                   0x00007ff80013ca3a _dispatch_client_callout + 8\n\t7   libdispatch.dylib               ...
&amp#27;[38;5;200m[dbe4db21]&amp#27;[0m&amp#27;[38;5;123m[W3C]&amp#27;[0m Matched W3C error code 'no such element' to NoSuchElementError
&amp#27;[38;5;200m[dbe4db21]&amp#27;[0m&amp#27;[38;5;-42m[XCUITestDriver@9d32 (dbe4db21)]&amp#27;[0m Waited for 2158 ms so far
&amp#27;[38;5;200m[dbe4db21]&amp#27;[0m&amp#27;[38;5;-42m[XCUITestDriver@9d32 (dbe4db21)]&amp#27;[0m Matched '/element' to command name 'findElement'
&amp#27;[38;5;200m[dbe4db21]&amp#27;[0m&amp#27;[38;5;-42m[XCUITestDriver@9d32 (dbe4db21)]&amp#27;[0m Proxying [POST /element] to [POST http://127.0.0.1:8100/session/CE40ADAF-B139-4368-BB61-1EFAB337C153/element] with body: {"using":"name","value":"applitools_grab_scrollable_data_button"}
&amp#27;[38;5;173m[Xcode]&amp#27;[0m 2024-11-05 15:49:42.510857+0500 WebDriverAgentRunner-Runner[21804:212226] Getting the most recent active application (out of 1 total items)
&amp#27;[38;5;173m[Xcode]&amp#27;[0m 
&amp#27;[38;5;173m[Xcode]&amp#27;[0m     t =    28.54s Get all elements bound by accessibility element for: Elements matching predicate 'BLOCKPREDICATE(0x600002147180)'
&amp#27;[38;5;173m[Xcode]&amp#27;[0m 
&amp#27;[38;5;173m[Xcode]&amp#27;[0m     t =    28.54s     Requesting snapshot of accessibility hierarchy for app with pid 21811
&amp#27;[38;5;173m[Xcode]&amp#27;[0m 
&amp#27;[38;5;173m[Xcode]&amp#27;[0m     t =    28.68s     Find: Descendants matching type Any
&amp#27;[38;5;173m[Xcode]&amp#27;[0m 
&amp#27;[38;5;173m[Xcode]&amp#27;[0m     t =    28.68s     Find: Elements matching predicate 'BLOCKPREDICATE(0x600002147180)'
&amp#27;[38;5;173m[Xcode]&amp#27;[0m 
&amp#27;[38;5;200m[dbe4db21]&amp#27;[0m&amp#27;[38;5;-42m[XCUITestDriver@9d32 (dbe4db21)]&amp#27;[0m Got response with status 404: {"value":{"error":"no such element","message":"unable to find an element using 'name', value 'applitools_grab_scrollable_data_button'","traceback":"(\n\t0   WebDriverAgentLib                   0x000000010471f162 FBNoSuchElementErrorResponseForRequest + 290\n\t1   WebDriverAgentLib                   0x000000010471ef3c +[FBFindElementCommands handleFindElement:] + 364\n\t2   WebDriverAgentLib                   0x00000001046e02ac -[FBRoute_TargetAction mountRequest:intoResponse:] + 172\n\t3   WebDriverAgentLib                   0x00000001046c8e73 __37-[FBWebServer registerRouteHandlers:]_block_invoke + 499\n\t4   WebDriverAgentLib                   0x000000010470375d -[RoutingHTTPServer handleRoute:withRequest:response:] + 189\n\t5   WebDriverAgentLib                   0x0000000104704551 __72-[RoutingHTTPServer routeMethod:withPath:parameters:request:connection:]_block_invoke + 65\n\t6   libdispatch.dylib                   0x00007ff80013ca3a _dispatch_client_callout + 8\n\t7   libdispatch.dylib               ...
&amp#27;[38;5;200m[dbe4db21]&amp#27;[0m&amp#27;[38;5;123m[W3C]&amp#27;[0m Matched W3C error code 'no such element' to NoSuchElementError
&amp#27;[38;5;200m[dbe4db21]&amp#27;[0m&amp#27;[38;5;-42m[XCUITestDriver@9d32 (dbe4db21)]&amp#27;[0m Waited for 2820 ms so far
&amp#27;[38;5;200m[dbe4db21]&amp#27;[0m&amp#27;[38;5;-42m[XCUITestDriver@9d32 (dbe4db21)]&amp#27;[0m Matched '/element' to command name 'findElement'
&amp#27;[38;5;200m[dbe4db21]&amp#27;[0m&amp#27;[38;5;-42m[XCUITestDriver@9d32 (dbe4db21)]&amp#27;[0m Proxying [POST /element] to [POST http://127.0.0.1:8100/session/CE40ADAF-B139-4368-BB61-1EFAB337C153/element] with body: {"using":"name","value":"applitools_grab_scrollable_data_button"}
&amp#27;[38;5;173m[Xcode]&amp#27;[0m 2024-11-05 15:49:43.172022+0500 WebDriverAgentRunner-Runner[21804:212226] Getting the most recent active application (out of 1 total items)
&amp#27;[38;5;173m[Xcode]&amp#27;[0m 
&amp#27;[38;5;173m[Xcode]&amp#27;[0m     t =    29.20s Get all elements bound by accessibility element for: Elements matching predicate 'BLOCKPREDICATE(0x6000020a55f0)'
&amp#27;[38;5;173m[Xcode]&amp#27;[0m 
&amp#27;[38;5;173m[Xcode]&amp#27;[0m     t =    29.21s     Requesting snapshot of accessibility hierarchy for app with pid 21811
&amp#27;[38;5;173m[Xcode]&amp#27;[0m 
&amp#27;[38;5;173m[Xcode]&amp#27;[0m     t =    29.34s     Find: Descendants matching type Any
&amp#27;[38;5;173m[Xcode]&amp#27;[0m 
&amp#27;[38;5;173m[Xcode]&amp#27;[0m     t =    29.35s     Find: Elements matching predicate 'BLOCKPREDICATE(0x6000020a55f0)'
&amp#27;[38;5;173m[Xcode]&amp#27;[0m 
&amp#27;[38;5;200m[dbe4db21]&amp#27;[0m&amp#27;[38;5;-42m[XCUITestDriver@9d32 (dbe4db21)]&amp#27;[0m Got response with status 404: {"value":{"error":"no such element","message":"unable to find an element using 'name', value 'applitools_grab_scrollable_data_button'","traceback":"(\n\t0   WebDriverAgentLib                   0x000000010471f162 FBNoSuchElementErrorResponseForRequest + 290\n\t1   WebDriverAgentLib                   0x000000010471ef3c +[FBFindElementCommands handleFindElement:] + 364\n\t2   WebDriverAgentLib                   0x00000001046e02ac -[FBRoute_TargetAction mountRequest:intoResponse:] + 172\n\t3   WebDriverAgentLib                   0x00000001046c8e73 __37-[FBWebServer registerRouteHandlers:]_block_invoke + 499\n\t4   WebDriverAgentLib                   0x000000010470375d -[RoutingHTTPServer handleRoute:withRequest:response:] + 189\n\t5   WebDriverAgentLib                   0x0000000104704551 __72-[RoutingHTTPServer routeMethod:withPath:parameters:request:connection:]_block_invoke + 65\n\t6   libdispatch.dylib                   0x00007ff80013ca3a _dispatch_client_callout + 8\n\t7   libdispatch.dylib               ...
&amp#27;[38;5;200m[dbe4db21]&amp#27;[0m&amp#27;[38;5;123m[W3C]&amp#27;[0m Matched W3C error code 'no such element' to NoSuchElementError
&amp#27;[38;5;200m[dbe4db21]&amp#27;[0m&amp#27;[38;5;-42m[XCUITestDriver@9d32 (dbe4db21)]&amp#27;[0m Waited for 3484 ms so far
&amp#27;[38;5;200m[dbe4db21]&amp#27;[0m&amp#27;[38;5;-42m[XCUITestDriver@9d32 (dbe4db21)]&amp#27;[0m Matched '/element' to command name 'findElement'
&amp#27;[38;5;200m[dbe4db21]&amp#27;[0m&amp#27;[38;5;-42m[XCUITestDriver@9d32 (dbe4db21)]&amp#27;[0m Proxying [POST /element] to [POST http://127.0.0.1:8100/session/CE40ADAF-B139-4368-BB61-1EFAB337C153/element] with body: {"using":"name","value":"applitools_grab_scrollable_data_button"}
&amp#27;[38;5;173m[Xcode]&amp#27;[0m 2024-11-05 15:49:43.837097+0500 WebDriverAgentRunner-Runner[21804:212226] Getting the most recent active application (out of 1 total items)
&amp#27;[38;5;173m[Xcode]&amp#27;[0m 
&amp#27;[38;5;173m[Xcode]&amp#27;[0m     t =    29.87s Get all elements bound by accessibility element for: Elements matching predicate 'BLOCKPREDICATE(0x60000216f9f0)'
&amp#27;[38;5;173m[Xcode]&amp#27;[0m 
&amp#27;[38;5;173m[Xcode]&amp#27;[0m     t =    29.87s     Requesting snapshot of accessibility hierarchy for app with pid 21811
&amp#27;[38;5;173m[Xcode]&amp#27;[0m 
&amp#27;[38;5;173m[Xcode]&amp#27;[0m     t =    30.01s     Find: Descendants matching type Any
&amp#27;[38;5;173m[Xcode]&amp#27;[0m 
&amp#27;[38;5;173m[Xcode]&amp#27;[0m     t =    30.01s     Find: Elements matching predicate 'BLOCKPREDICATE(0x60000216f9f0)'
&amp#27;[38;5;173m[Xcode]&amp#27;[0m 
&amp#27;[38;5;200m[dbe4db21]&amp#27;[0m&amp#27;[38;5;-42m[XCUITestDriver@9d32 (dbe4db21)]&amp#27;[0m Got response with status 404: {"value":{"error":"no such element","message":"unable to find an element using 'name', value 'applitools_grab_scrollable_data_button'","traceback":"(\n\t0   WebDriverAgentLib                   0x000000010471f162 FBNoSuchElementErrorResponseForRequest + 290\n\t1   WebDriverAgentLib                   0x000000010471ef3c +[FBFindElementCommands handleFindElement:] + 364\n\t2   WebDriverAgentLib                   0x00000001046e02ac -[FBRoute_TargetAction mountRequest:intoResponse:] + 172\n\t3   WebDriverAgentLib                   0x00000001046c8e73 __37-[FBWebServer registerRouteHandlers:]_block_invoke + 499\n\t4   WebDriverAgentLib                   0x000000010470375d -[RoutingHTTPServer handleRoute:withRequest:response:] + 189\n\t5   WebDriverAgentLib                   0x0000000104704551 __72-[RoutingHTTPServer routeMethod:withPath:parameters:request:connection:]_block_invoke + 65\n\t6   libdispatch.dylib                   0x00007ff80013ca3a _dispatch_client_callout + 8\n\t7   libdispatch.dylib               ...
&amp#27;[38;5;200m[dbe4db21]&amp#27;[0m&amp#27;[38;5;123m[W3C]&amp#27;[0m Matched W3C error code 'no such element' to NoSuchElementError
&amp#27;[38;5;200m[dbe4db21]&amp#27;[0m&amp#27;[38;5;-42m[XCUITestDriver@9d32 (dbe4db21)]&amp#27;[0m Waited for 4150 ms so far
&amp#27;[38;5;200m[dbe4db21]&amp#27;[0m&amp#27;[38;5;-42m[XCUITestDriver@9d32 (dbe4db21)]&amp#27;[0m Matched '/element' to command name 'findElement'
&amp#27;[38;5;200m[dbe4db21]&amp#27;[0m&amp#27;[38;5;-42m[XCUITestDriver@9d32 (dbe4db21)]&amp#27;[0m Proxying [POST /element] to [POST http://127.0.0.1:8100/session/CE40ADAF-B139-4368-BB61-1EFAB337C153/element] with body: {"using":"name","value":"applitools_grab_scrollable_data_button"}
&amp#27;[38;5;173m[Xcode]&amp#27;[0m 2024-11-05 15:49:44.504091+0500 WebDriverAgentRunner-Runner[21804:212226] Getting the most recent active application (out of 1 total items)
&amp#27;[38;5;173m[Xcode]&amp#27;[0m 
&amp#27;[38;5;173m[Xcode]&amp#27;[0m     t =    30.54s Get all elements bound by accessibility element for: Elements matching predicate 'BLOCKPREDICATE(0x6000020ab780)'
&amp#27;[38;5;173m[Xcode]&amp#27;[0m 
&amp#27;[38;5;173m[Xcode]&amp#27;[0m     t =    30.54s     Requesting snapshot of accessibility hierarchy for app with pid 21811
&amp#27;[38;5;173m[Xcode]&amp#27;[0m 
&amp#27;[38;5;173m[Xcode]&amp#27;[0m     t =    30.68s     Find: Descendants matching type Any
&amp#27;[38;5;173m[Xcode]&amp#27;[0m 
&amp#27;[38;5;173m[Xcode]&amp#27;[0m     t =    30.68s     Find: Elements matching predicate 'BLOCKPREDICATE(0x6000020ab780)'
&amp#27;[38;5;173m[Xcode]&amp#27;[0m 
&amp#27;[38;5;200m[dbe4db21]&amp#27;[0m&amp#27;[38;5;-42m[XCUITestDriver@9d32 (dbe4db21)]&amp#27;[0m Got response with status 404: {"value":{"error":"no such element","message":"unable to find an element using 'name', value 'applitools_grab_scrollable_data_button'","traceback":"(\n\t0   WebDriverAgentLib                   0x000000010471f162 FBNoSuchElementErrorResponseForRequest + 290\n\t1   WebDriverAgentLib                   0x000000010471ef3c +[FBFindElementCommands handleFindElement:] + 364\n\t2   WebDriverAgentLib                   0x00000001046e02ac -[FBRoute_TargetAction mountRequest:intoResponse:] + 172\n\t3   WebDriverAgentLib                   0x00000001046c8e73 __37-[FBWebServer registerRouteHandlers:]_block_invoke + 499\n\t4   WebDriverAgentLib                   0x000000010470375d -[RoutingHTTPServer handleRoute:withRequest:response:] + 189\n\t5   WebDriverAgentLib                   0x0000000104704551 __72-[RoutingHTTPServer routeMethod:withPath:parameters:request:connection:]_block_invoke + 65\n\t6   libdispatch.dylib                   0x00007ff80013ca3a _dispatch_client_callout + 8\n\t7   libdispatch.dylib               ...
&amp#27;[38;5;200m[dbe4db21]&amp#27;[0m&amp#27;[38;5;123m[W3C]&amp#27;[0m Matched W3C error code 'no such element' to NoSuchElementError
&amp#27;[38;5;200m[dbe4db21]&amp#27;[0m&amp#27;[38;5;-42m[XCUITestDriver@9d32 (dbe4db21)]&amp#27;[0m Waited for 4819 ms so far
&amp#27;[38;5;200m[dbe4db21]&amp#27;[0m&amp#27;[38;5;-42m[XCUITestDriver@9d32 (dbe4db21)]&amp#27;[0m Matched '/element' to command name 'findElement'
&amp#27;[38;5;200m[dbe4db21]&amp#27;[0m&amp#27;[38;5;-42m[XCUITestDriver@9d32 (dbe4db21)]&amp#27;[0m Proxying [POST /element] to [POST http://127.0.0.1:8100/session/CE40ADAF-B139-4368-BB61-1EFAB337C153/element] with body: {"using":"name","value":"applitools_grab_scrollable_data_button"}
&amp#27;[38;5;173m[Xcode]&amp#27;[0m 2024-11-05 15:49:45.173316+0500 WebDriverAgentRunner-Runner[21804:212226] Getting the most recent active application (out of 1 total items)
&amp#27;[38;5;173m[Xcode]&amp#27;[0m 
&amp#27;[38;5;173m[Xcode]&amp#27;[0m     t =    31.21s Get all elements bound by accessibility element for: Elements matching predicate 'BLOCKPREDICATE(0x60000215ecd0)'
&amp#27;[38;5;173m[Xcode]&amp#27;[0m 
&amp#27;[38;5;173m[Xcode]&amp#27;[0m     t =    31.21s     Requesting snapshot of accessibility hierarchy for app with pid 21811
&amp#27;[38;5;173m[Xcode]&amp#27;[0m 
&amp#27;[38;5;173m[Xcode]&amp#27;[0m     t =    31.36s     Find: Descendants matching type Any
&amp#27;[38;5;173m[Xcode]&amp#27;[0m 
&amp#27;[38;5;173m[Xcode]&amp#27;[0m     t =    31.36s     Find: Elements matching predicate 'BLOCKPREDICATE(0x60000215ecd0)'
&amp#27;[38;5;173m[Xcode]&amp#27;[0m 
&amp#27;[38;5;200m[dbe4db21]&amp#27;[0m&amp#27;[38;5;-42m[XCUITestDriver@9d32 (dbe4db21)]&amp#27;[0m Got response with status 404: {"value":{"error":"no such element","message":"unable to find an element using 'name', value 'applitools_grab_scrollable_data_button'","traceback":"(\n\t0   WebDriverAgentLib                   0x000000010471f162 FBNoSuchElementErrorResponseForRequest + 290\n\t1   WebDriverAgentLib                   0x000000010471ef3c +[FBFindElementCommands handleFindElement:] + 364\n\t2   WebDriverAgentLib                   0x00000001046e02ac -[FBRoute_TargetAction mountRequest:intoResponse:] + 172\n\t3   WebDriverAgentLib                   0x00000001046c8e73 __37-[FBWebServer registerRouteHandlers:]_block_invoke + 499\n\t4   WebDriverAgentLib                   0x000000010470375d -[RoutingHTTPServer handleRoute:withRequest:response:] + 189\n\t5   WebDriverAgentLib                   0x0000000104704551 __72-[RoutingHTTPServer routeMethod:withPath:parameters:request:connection:]_block_invoke + 65\n\t6   libdispatch.dylib                   0x00007ff80013ca3a _dispatch_client_callout + 8\n\t7   libdispatch.dylib               ...
&amp#27;[38;5;200m[dbe4db21]&amp#27;[0m&amp#27;[38;5;123m[W3C]&amp#27;[0m Matched W3C error code 'no such element' to NoSuchElementError
&amp#27;[38;5;200m[dbe4db21]&amp#27;[0m&amp#27;[38;5;-42m[XCUITestDriver@9d32 (dbe4db21)]&amp#27;[0m Waited for 5500 ms so far
&amp#27;[38;5;200m[dbe4db21]&amp#27;[0m&amp#27;[38;5;-42m[XCUITestDriver@9d32 (dbe4db21)]&amp#27;[0m Matched '/element' to command name 'findElement'
&amp#27;[38;5;200m[dbe4db21]&amp#27;[0m&amp#27;[38;5;-42m[XCUITestDriver@9d32 (dbe4db21)]&amp#27;[0m Proxying [POST /element] to [POST http://127.0.0.1:8100/session/CE40ADAF-B139-4368-BB61-1EFAB337C153/element] with body: {"using":"name","value":"applitools_grab_scrollable_data_button"}
&amp#27;[38;5;173m[Xcode]&amp#27;[0m 2024-11-05 15:49:45.851704+0500 WebDriverAgentRunner-Runner[21804:212226] Getting the most recent active application (out of 1 total items)
&amp#27;[38;5;173m[Xcode]&amp#27;[0m 
&amp#27;[38;5;173m[Xcode]&amp#27;[0m     t =    31.88s Get all elements bound by accessibility element for: Elements matching predicate 'BLOCKPREDICATE(0x6000021427c0)'
&amp#27;[38;5;173m[Xcode]&amp#27;[0m 
&amp#27;[38;5;173m[Xcode]&amp#27;[0m     t =    31.89s     Requesting snapshot of accessibility hierarchy for app with pid 21811
&amp#27;[38;5;173m[Xcode]&amp#27;[0m 
&amp#27;[38;5;173m[Xcode]&amp#27;[0m     t =    32.02s     Find: Descendants matching type Any
&amp#27;[38;5;173m[Xcode]&amp#27;[0m 
&amp#27;[38;5;173m[Xcode]&amp#27;[0m     t =    32.02s     Find: Elements matching predicate 'BLOCKPREDICATE(0x6000021427c0)'
&amp#27;[38;5;173m[Xcode]&amp#27;[0m 
&amp#27;[38;5;200m[dbe4db21]&amp#27;[0m&amp#27;[38;5;-42m[XCUITestDriver@9d32 (dbe4db21)]&amp#27;[0m Got response with status 404: {"value":{"error":"no such element","message":"unable to find an element using 'name', value 'applitools_grab_scrollable_data_button'","traceback":"(\n\t0   WebDriverAgentLib                   0x000000010471f162 FBNoSuchElementErrorResponseForRequest + 290\n\t1   WebDriverAgentLib                   0x000000010471ef3c +[FBFindElementCommands handleFindElement:] + 364\n\t2   WebDriverAgentLib                   0x00000001046e02ac -[FBRoute_TargetAction mountRequest:intoResponse:] + 172\n\t3   WebDriverAgentLib                   0x00000001046c8e73 __37-[FBWebServer registerRouteHandlers:]_block_invoke + 499\n\t4   WebDriverAgentLib                   0x000000010470375d -[RoutingHTTPServer handleRoute:withRequest:response:] + 189\n\t5   WebDriverAgentLib                   0x0000000104704551 __72-[RoutingHTTPServer routeMethod:withPath:parameters:request:connection:]_block_invoke + 65\n\t6   libdispatch.dylib                   0x00007ff80013ca3a _dispatch_client_callout + 8\n\t7   libdispatch.dylib               ...
&amp#27;[38;5;200m[dbe4db21]&amp#27;[0m&amp#27;[38;5;123m[W3C]&amp#27;[0m Matched W3C error code 'no such element' to NoSuchElementError
&amp#27;[38;5;200m[dbe4db21]&amp#27;[0m&amp#27;[38;5;-42m[XCUITestDriver@9d32 (dbe4db21)]&amp#27;[0m Waited for 6155 ms so far
&amp#27;[38;5;200m[dbe4db21]&amp#27;[0m&amp#27;[38;5;-42m[XCUITestDriver@9d32 (dbe4db21)]&amp#27;[0m Matched '/element' to command name 'findElement'
&amp#27;[38;5;200m[dbe4db21]&amp#27;[0m&amp#27;[38;5;-42m[XCUITestDriver@9d32 (dbe4db21)]&amp#27;[0m Proxying [POST /element] to [POST http://127.0.0.1:8100/session/CE40ADAF-B139-4368-BB61-1EFAB337C153/element] with body: {"using":"name","value":"applitools_grab_scrollable_data_button"}
&amp#27;[38;5;173m[Xcode]&amp#27;[0m 2024-11-05 15:49:46.506823+0500 WebDriverAgentRunner-Runner[21804:212226] Getting the most recent active application (out of 1 total items)
&amp#27;[38;5;173m[Xcode]&amp#27;[0m 
&amp#27;[38;5;173m[Xcode]&amp#27;[0m     t =    32.54s Get all elements bound by accessibility element for: Elements matching predicate 'BLOCKPREDICATE(0x60000217f1e0)'
&amp#27;[38;5;173m[Xcode]&amp#27;[0m 
&amp#27;[38;5;173m[Xcode]&amp#27;[0m     t =    32.54s     Requesting snapshot of accessibility hierarchy for app with pid 21811
&amp#27;[38;5;173m[Xcode]&amp#27;[0m 
&amp#27;[38;5;173m[Xcode]&amp#27;[0m     t =    32.67s     Find: Descendants matching type Any
&amp#27;[38;5;173m[Xcode]&amp#27;[0m 
&amp#27;[38;5;173m[Xcode]&amp#27;[0m     t =    32.67s     Find: Elements matching predicate 'BLOCKPREDICATE(0x60000217f1e0)'
&amp#27;[38;5;173m[Xcode]&amp#27;[0m 
&amp#27;[38;5;200m[dbe4db21]&amp#27;[0m&amp#27;[38;5;-42m[XCUITestDriver@9d32 (dbe4db21)]&amp#27;[0m Got response with status 404: {"value":{"error":"no such element","message":"unable to find an element using 'name', value 'applitools_grab_scrollable_data_button'","traceback":"(\n\t0   WebDriverAgentLib                   0x000000010471f162 FBNoSuchElementErrorResponseForRequest + 290\n\t1   WebDriverAgentLib                   0x000000010471ef3c +[FBFindElementCommands handleFindElement:] + 364\n\t2   WebDriverAgentLib                   0x00000001046e02ac -[FBRoute_TargetAction mountRequest:intoResponse:] + 172\n\t3   WebDriverAgentLib                   0x00000001046c8e73 __37-[FBWebServer registerRouteHandlers:]_block_invoke + 499\n\t4   WebDriverAgentLib                   0x000000010470375d -[RoutingHTTPServer handleRoute:withRequest:response:] + 189\n\t5   WebDriverAgentLib                   0x0000000104704551 __72-[RoutingHTTPServer routeMethod:withPath:parameters:request:connection:]_block_invoke + 65\n\t6   libdispatch.dylib                   0x00007ff80013ca3a _dispatch_client_callout + 8\n\t7   libdispatch.dylib               ...
&amp#27;[38;5;200m[dbe4db21]&amp#27;[0m&amp#27;[38;5;123m[W3C]&amp#27;[0m Matched W3C error code 'no such element' to NoSuchElementError
&amp#27;[38;5;200m[dbe4db21]&amp#27;[0m&amp#27;[38;5;-42m[XCUITestDriver@9d32 (dbe4db21)]&amp#27;[0m Waited for 6811 ms so far
&amp#27;[38;5;200m[dbe4db21]&amp#27;[0m&amp#27;[38;5;-42m[XCUITestDriver@9d32 (dbe4db21)]&amp#27;[0m Matched '/element' to command name 'findElement'
&amp#27;[38;5;200m[dbe4db21]&amp#27;[0m&amp#27;[38;5;-42m[XCUITestDriver@9d32 (dbe4db21)]&amp#27;[0m Proxying [POST /element] to [POST http://127.0.0.1:8100/session/CE40ADAF-B139-4368-BB61-1EFAB337C153/element] with body: {"using":"name","value":"applitools_grab_scrollable_data_button"}
&amp#27;[38;5;173m[Xcode]&amp#27;[0m 2024-11-05 15:49:47.163648+0500 WebDriverAgentRunner-Runner[21804:212226] Getting the most recent active application (out of 1 total items)
&amp#27;[38;5;173m[Xcode]&amp#27;[0m 
&amp#27;[38;5;173m[Xcode]&amp#27;[0m     t =    33.20s Get all elements bound by accessibility element for: Elements matching predicate 'BLOCKPREDICATE(0x600002101800)'
&amp#27;[38;5;173m[Xcode]&amp#27;[0m 
&amp#27;[38;5;173m[Xcode]&amp#27;[0m     t =    33.20s     Requesting snapshot of accessibility hierarchy for app with pid 21811
&amp#27;[38;5;173m[Xcode]&amp#27;[0m 
&amp#27;[38;5;173m[Xcode]&amp#27;[0m     t =    33.33s     Find: Descendants matching type Any
&amp#27;[38;5;173m[Xcode]&amp#27;[0m 
&amp#27;[38;5;173m[Xcode]&amp#27;[0m     t =    33.33s     Find: Elements matching predicate 'BLOCKPREDICATE(0x600002101800)'
&amp#27;[38;5;173m[Xcode]&amp#27;[0m 
&amp#27;[38;5;200m[dbe4db21]&amp#27;[0m&amp#27;[38;5;-42m[XCUITestDriver@9d32 (dbe4db21)]&amp#27;[0m Got response with status 404: {"value":{"error":"no such element","message":"unable to find an element using 'name', value 'applitools_grab_scrollable_data_button'","traceback":"(\n\t0   WebDriverAgentLib                   0x000000010471f162 FBNoSuchElementErrorResponseForRequest + 290\n\t1   WebDriverAgentLib                   0x000000010471ef3c +[FBFindElementCommands handleFindElement:] + 364\n\t2   WebDriverAgentLib                   0x00000001046e02ac -[FBRoute_TargetAction mountRequest:intoResponse:] + 172\n\t3   WebDriverAgentLib                   0x00000001046c8e73 __37-[FBWebServer registerRouteHandlers:]_block_invoke + 499\n\t4   WebDriverAgentLib                   0x000000010470375d -[RoutingHTTPServer handleRoute:withRequest:response:] + 189\n\t5   WebDriverAgentLib                   0x0000000104704551 __72-[RoutingHTTPServer routeMethod:withPath:parameters:request:connection:]_block_invoke + 65\n\t6   libdispatch.dylib                   0x00007ff80013ca3a _dispatch_client_callout + 8\n\t7   libdispatch.dylib               ...
&amp#27;[38;5;200m[dbe4db21]&amp#27;[0m&amp#27;[38;5;123m[W3C]&amp#27;[0m Matched W3C error code 'no such element' to NoSuchElementError
&amp#27;[38;5;200m[dbe4db21]&amp#27;[0m&amp#27;[38;5;-42m[XCUITestDriver@9d32 (dbe4db21)]&amp#27;[0m Waited for 7467 ms so far
&amp#27;[38;5;200m[dbe4db21]&amp#27;[0m&amp#27;[38;5;-42m[XCUITestDriver@9d32 (dbe4db21)]&amp#27;[0m Matched '/element' to command name 'findElement'
&amp#27;[38;5;200m[dbe4db21]&amp#27;[0m&amp#27;[38;5;-42m[XCUITestDriver@9d32 (dbe4db21)]&amp#27;[0m Proxying [POST /element] to [POST http://127.0.0.1:8100/session/CE40ADAF-B139-4368-BB61-1EFAB337C153/element] with body: {"using":"name","value":"applitools_grab_scrollable_data_button"}
&amp#27;[38;5;173m[Xcode]&amp#27;[0m 2024-11-05 15:49:47.820292+0500 WebDriverAgentRunner-Runner[21804:212226] Getting the most recent active application (out of 1 total items)
&amp#27;[38;5;173m[Xcode]&amp#27;[0m 
&amp#27;[38;5;173m[Xcode]&amp#27;[0m     t =    33.85s Get all elements bound by accessibility element for: Elements matching predicate 'BLOCKPREDICATE(0x6000020ab000)'
&amp#27;[38;5;173m[Xcode]&amp#27;[0m 
&amp#27;[38;5;173m[Xcode]&amp#27;[0m     t =    33.85s     Requesting snapshot of accessibility hierarchy for app with pid 21811
&amp#27;[38;5;173m[Xcode]&amp#27;[0m 
&amp#27;[38;5;173m[Xcode]&amp#27;[0m     t =    33.98s     Find: Descendants matching type Any
&amp#27;[38;5;173m[Xcode]&amp#27;[0m 
&amp#27;[38;5;173m[Xcode]&amp#27;[0m     t =    33.99s     Find: Elements matching predicate 'BLOCKPREDICATE(0x6000020ab000)'
&amp#27;[38;5;173m[Xcode]&amp#27;[0m 
&amp#27;[38;5;200m[dbe4db21]&amp#27;[0m&amp#27;[38;5;-42m[XCUITestDriver@9d32 (dbe4db21)]&amp#27;[0m Got response with status 404: {"value":{"error":"no such element","message":"unable to find an element using 'name', value 'applitools_grab_scrollable_data_button'","traceback":"(\n\t0   WebDriverAgentLib                   0x000000010471f162 FBNoSuchElementErrorResponseForRequest + 290\n\t1   WebDriverAgentLib                   0x000000010471ef3c +[FBFindElementCommands handleFindElement:] + 364\n\t2   WebDriverAgentLib                   0x00000001046e02ac -[FBRoute_TargetAction mountRequest:intoResponse:] + 172\n\t3   WebDriverAgentLib                   0x00000001046c8e73 __37-[FBWebServer registerRouteHandlers:]_block_invoke + 499\n\t4   WebDriverAgentLib                   0x000000010470375d -[RoutingHTTPServer handleRoute:withRequest:response:] + 189\n\t5   WebDriverAgentLib                   0x0000000104704551 __72-[RoutingHTTPServer routeMethod:withPath:parameters:request:connection:]_block_invoke + 65\n\t6   libdispatch.dylib                   0x00007ff80013ca3a _dispatch_client_callout + 8\n\t7   libdispatch.dylib               ...
&amp#27;[38;5;200m[dbe4db21]&amp#27;[0m&amp#27;[38;5;123m[W3C]&amp#27;[0m Matched W3C error code 'no such element' to NoSuchElementError
&amp#27;[38;5;200m[dbe4db21]&amp#27;[0m&amp#27;[38;5;-42m[XCUITestDriver@9d32 (dbe4db21)]&amp#27;[0m Waited for 8122 ms so far
&amp#27;[38;5;200m[dbe4db21]&amp#27;[0m&amp#27;[38;5;-42m[XCUITestDriver@9d32 (dbe4db21)]&amp#27;[0m Matched '/element' to command name 'findElement'
&amp#27;[38;5;200m[dbe4db21]&amp#27;[0m&amp#27;[38;5;-42m[XCUITestDriver@9d32 (dbe4db21)]&amp#27;[0m Proxying [POST /element] to [POST http://127.0.0.1:8100/session/CE40ADAF-B139-4368-BB61-1EFAB337C153/element] with body: {"using":"name","value":"applitools_grab_scrollable_data_button"}
&amp#27;[38;5;173m[Xcode]&amp#27;[0m 2024-11-05 15:49:48.475346+0500 WebDriverAgentRunner-Runner[21804:212226] Getting the most recent active application (out of 1 total items)
&amp#27;[38;5;173m[Xcode]&amp#27;[0m 
&amp#27;[38;5;173m[Xcode]&amp#27;[0m     t =    34.51s Get all elements bound by accessibility element for: Elements matching predicate 'BLOCKPREDICATE(0x600002147a20)'
&amp#27;[38;5;173m[Xcode]&amp#27;[0m 
&amp#27;[38;5;173m[Xcode]&amp#27;[0m     t =    34.51s     Requesting snapshot of accessibility hierarchy for app with pid 21811
&amp#27;[38;5;173m[Xcode]&amp#27;[0m 
&amp#27;[38;5;173m[Xcode]&amp#27;[0m     t =    34.64s     Find: Descendants matching type Any
&amp#27;[38;5;173m[Xcode]&amp#27;[0m 
&amp#27;[38;5;173m[Xcode]&amp#27;[0m     t =    34.64s     Find: Elements matching predicate 'BLOCKPREDICATE(0x600002147a20)'
&amp#27;[38;5;173m[Xcode]&amp#27;[0m 
&amp#27;[38;5;200m[dbe4db21]&amp#27;[0m&amp#27;[38;5;-42m[XCUITestDriver@9d32 (dbe4db21)]&amp#27;[0m Got response with status 404: {"value":{"error":"no such element","message":"unable to find an element using 'name', value 'applitools_grab_scrollable_data_button'","traceback":"(\n\t0   WebDriverAgentLib                   0x000000010471f162 FBNoSuchElementErrorResponseForRequest + 290\n\t1   WebDriverAgentLib                   0x000000010471ef3c +[FBFindElementCommands handleFindElement:] + 364\n\t2   WebDriverAgentLib                   0x00000001046e02ac -[FBRoute_TargetAction mountRequest:intoResponse:] + 172\n\t3   WebDriverAgentLib                   0x00000001046c8e73 __37-[FBWebServer registerRouteHandlers:]_block_invoke + 499\n\t4   WebDriverAgentLib                   0x000000010470375d -[RoutingHTTPServer handleRoute:withRequest:response:] + 189\n\t5   WebDriverAgentLib                   0x0000000104704551 __72-[RoutingHTTPServer routeMethod:withPath:parameters:request:connection:]_block_invoke + 65\n\t6   libdispatch.dylib                   0x00007ff80013ca3a _dispatch_client_callout + 8\n\t7   libdispatch.dylib               ...
&amp#27;[38;5;200m[dbe4db21]&amp#27;[0m&amp#27;[38;5;123m[W3C]&amp#27;[0m Matched W3C error code 'no such element' to NoSuchElementError
&amp#27;[38;5;200m[dbe4db21]&amp#27;[0m&amp#27;[38;5;-42m[XCUITestDriver@9d32 (dbe4db21)]&amp#27;[0m Waited for 8778 ms so far
&amp#27;[38;5;200m[dbe4db21]&amp#27;[0m&amp#27;[38;5;-42m[XCUITestDriver@9d32 (dbe4db21)]&amp#27;[0m Matched '/element' to command name 'findElement'
&amp#27;[38;5;200m[dbe4db21]&amp#27;[0m&amp#27;[38;5;-42m[XCUITestDriver@9d32 (dbe4db21)]&amp#27;[0m Proxying [POST /element] to [POST http://127.0.0.1:8100/session/CE40ADAF-B139-4368-BB61-1EFAB337C153/element] with body: {"using":"name","value":"applitools_grab_scrollable_data_button"}
&amp#27;[38;5;173m[Xcode]&amp#27;[0m 2024-11-05 15:49:49.130391+0500 WebDriverAgentRunner-Runner[21804:212226] Getting the most recent active application (out of 1 total items)
&amp#27;[38;5;173m[Xcode]&amp#27;[0m 
&amp#27;[38;5;173m[Xcode]&amp#27;[0m     t =    35.16s Get all elements bound by accessibility element for: Elements matching predicate 'BLOCKPREDICATE(0x60000215c450)'
&amp#27;[38;5;173m[Xcode]&amp#27;[0m 
&amp#27;[38;5;173m[Xcode]&amp#27;[0m     t =    35.16s     Requesting snapshot of accessibility hierarchy for app with pid 21811
&amp#27;[38;5;173m[Xcode]&amp#27;[0m 
&amp#27;[38;5;173m[Xcode]&amp#27;[0m     t =    35.30s     Find: Descendants matching type Any
&amp#27;[38;5;173m[Xcode]&amp#27;[0m 
&amp#27;[38;5;173m[Xcode]&amp#27;[0m     t =    35.30s     Find: Elements matching predicate 'BLOCKPREDICATE(0x60000215c450)'
&amp#27;[38;5;173m[Xcode]&amp#27;[0m 
&amp#27;[38;5;200m[dbe4db21]&amp#27;[0m&amp#27;[38;5;-42m[XCUITestDriver@9d32 (dbe4db21)]&amp#27;[0m Got response with status 404: {"value":{"error":"no such element","message":"unable to find an element using 'name', value 'applitools_grab_scrollable_data_button'","traceback":"(\n\t0   WebDriverAgentLib                   0x000000010471f162 FBNoSuchElementErrorResponseForRequest + 290\n\t1   WebDriverAgentLib                   0x000000010471ef3c +[FBFindElementCommands handleFindElement:] + 364\n\t2   WebDriverAgentLib                   0x00000001046e02ac -[FBRoute_TargetAction mountRequest:intoResponse:] + 172\n\t3   WebDriverAgentLib                   0x00000001046c8e73 __37-[FBWebServer registerRouteHandlers:]_block_invoke + 499\n\t4   WebDriverAgentLib                   0x000000010470375d -[RoutingHTTPServer handleRoute:withRequest:response:] + 189\n\t5   WebDriverAgentLib                   0x0000000104704551 __72-[RoutingHTTPServer routeMethod:withPath:parameters:request:connection:]_block_invoke + 65\n\t6   libdispatch.dylib                   0x00007ff80013ca3a _dispatch_client_callout + 8\n\t7   libdispatch.dylib               ...
&amp#27;[38;5;200m[dbe4db21]&amp#27;[0m&amp#27;[38;5;123m[W3C]&amp#27;[0m Matched W3C error code 'no such element' to NoSuchElementError
&amp#27;[38;5;200m[dbe4db21]&amp#27;[0m&amp#27;[38;5;-42m[XCUITestDriver@9d32 (dbe4db21)]&amp#27;[0m Waited for 9436 ms so far
&amp#27;[38;5;200m[dbe4db21]&amp#27;[0m&amp#27;[38;5;-42m[XCUITestDriver@9d32 (dbe4db21)]&amp#27;[0m Matched '/element' to command name 'findElement'
&amp#27;[38;5;200m[dbe4db21]&amp#27;[0m&amp#27;[38;5;-42m[XCUITestDriver@9d32 (dbe4db21)]&amp#27;[0m Proxying [POST /element] to [POST http://127.0.0.1:8100/session/CE40ADAF-B139-4368-BB61-1EFAB337C153/element] with body: {"using":"name","value":"applitools_grab_scrollable_data_button"}
&amp#27;[38;5;173m[Xcode]&amp#27;[0m 2024-11-05 15:49:49.789253+0500 WebDriverAgentRunner-Runner[21804:212226] Getting the most recent active application (out of 1 total items)
&amp#27;[38;5;173m[Xcode]&amp#27;[0m 
&amp#27;[38;5;173m[Xcode]&amp#27;[0m     t =    35.82s Get all elements bound by accessibility element for: Elements matching predicate 'BLOCKPREDICATE(0x6000021586f0)'
&amp#27;[38;5;173m[Xcode]&amp#27;[0m 
&amp#27;[38;5;173m[Xcode]&amp#27;[0m     t =    35.82s     Requesting snapshot of accessibility hierarchy for app with pid 21811
&amp#27;[38;5;173m[Xcode]&amp#27;[0m 
&amp#27;[38;5;173m[Xcode]&amp#27;[0m     t =    35.95s     Find: Descendants matching type Any
&amp#27;[38;5;173m[Xcode]&amp#27;[0m 
&amp#27;[38;5;173m[Xcode]&amp#27;[0m     t =    35.96s     Find: Elements matching predicate 'BLOCKPREDICATE(0x6000021586f0)'
&amp#27;[38;5;173m[Xcode]&amp#27;[0m 
&amp#27;[38;5;200m[dbe4db21]&amp#27;[0m&amp#27;[38;5;-42m[XCUITestDriver@9d32 (dbe4db21)]&amp#27;[0m Got response with status 404: {"value":{"error":"no such element","message":"unable to find an element using 'name', value 'applitools_grab_scrollable_data_button'","traceback":"(\n\t0   WebDriverAgentLib                   0x000000010471f162 FBNoSuchElementErrorResponseForRequest + 290\n\t1   WebDriverAgentLib                   0x000000010471ef3c +[FBFindElementCommands handleFindElement:] + 364\n\t2   WebDriverAgentLib                   0x00000001046e02ac -[FBRoute_TargetAction mountRequest:intoResponse:] + 172\n\t3   WebDriverAgentLib                   0x00000001046c8e73 __37-[FBWebServer registerRouteHandlers:]_block_invoke + 499\n\t4   WebDriverAgentLib                   0x000000010470375d -[RoutingHTTPServer handleRoute:withRequest:response:] + 189\n\t5   WebDriverAgentLib                   0x0000000104704551 __72-[RoutingHTTPServer routeMethod:withPath:parameters:request:connection:]_block_invoke + 65\n\t6   libdispatch.dylib                   0x00007ff80013ca3a _dispatch_client_callout + 8\n\t7   libdispatch.dylib               ...
&amp#27;[38;5;200m[dbe4db21]&amp#27;[0m&amp#27;[38;5;123m[W3C]&amp#27;[0m Matched W3C error code 'no such element' to NoSuchElementError
&amp#27;[38;5;200m[dbe4db21]&amp#27;[0m&amp#27;[38;5;-42m[XCUITestDriver@9d32 (dbe4db21)]&amp#27;[0m Encountered internal error running command: NoSuchElementError: An element could not be located on the page using the given search parameters.
&amp#27;[38;5;200m[dbe4db21]&amp#27;[0m&amp#27;[38;5;-42m[XCUITestDriver@9d32 (dbe4db21)]&amp#27;[0m     at XCUITestDriver.doNativeFind (/Users/oikhlas/.appium/node_modules/appium-xcuitest-driver/lib/commands/find.js:143:13)
&amp#27;[38;5;200m[dbe4db21]&amp#27;[0m&amp#27;[38;5;-42m[XCUITestDriver@9d32 (dbe4db21)]&amp#27;[0m     at processTicksAndRejections (node:internal/process/task_queues:95:5)
&amp#27;[38;5;200m[dbe4db21]&amp#27;[0m&amp#27;[38;5;-42m[XCUITestDriver@9d32 (dbe4db21)]&amp#27;[0m     at XCUITestDriver.findNativeElementOrElements (/Users/oikhlas/.appium/node_modules/appium-xcuitest-driver/lib/commands/find.js:97:12)
&amp#27;[38;5;200m[dbe4db21]&amp#27;[0m&amp#27;[38;5;-42m[XCUITestDriver@9d32 (dbe4db21)]&amp#27;[0m     at XCUITestDriver.findElOrEls (/Users/oikhlas/.appium/node_modules/appium-xcuitest-driver/lib/commands/find.js:24:14)
&amp#27;[38;5;200m[dbe4db21]&amp#27;[0m&amp#27;[38;5;-42m[XCUITestDriver@9d32 (dbe4db21)]&amp#27;[0m     at XCUITestDriver.findElOrElsWithProcessing (/Users/oikhlas/node_modules/@appium/base-driver/lib/basedriver/commands/find.ts:60:12)
&amp#27;[38;5;200m[dbe4db21]&amp#27;[0m&amp#27;[38;5;-42m[XCUITestDriver@9d32 (dbe4db21)]&amp#27;[0m     at XCUITestDriver.findElement (/Users/oikhlas/node_modules/@appium/base-driver/lib/basedriver/commands/find.ts:75:12)
&amp#27;[38;5;200m[dbe4db21]&amp#27;[0m&amp#27;[38;5;86m[HTTP]&amp#27;[0m <-- POST /session/dbe4db21-e6a9-4d05-bdbb-cc788eb5635e/element 404 10094 ms - 964 
&amp#27;[38;5;200m[dbe4db21]&amp#27;[0m&amp#27;[38;5;86m[HTTP]&amp#27;[0m &amp#27;[37m-->&amp#27;[39m &amp#27;[37mGET&amp#27;[39m &amp#27;[37m/session/dbe4db21-e6a9-4d05-bdbb-cc788eb5635e/element/0F000000-0000-0000-3355-000000000000/attribute/contentSize&amp#27;[39m {}
&amp#27;[38;5;200m[dbe4db21]&amp#27;[0m&amp#27;[38;5;-42m[XCUITestDriver@9d32 (dbe4db21)]&amp#27;[0m Calling AppiumDriver.getAttribute() with args: ["contentSize","0F000000-0000-0000-3355-000000000000","dbe4db21-e6a9-4d05-bdbb-cc788eb5635e"]
&amp#27;[38;5;200m[dbe4db21]&amp#27;[0m&amp#27;[38;5;-42m[XCUITestDriver@9d32 (dbe4db21)]&amp#27;[0m Executing command 'getAttribute'
&amp#27;[38;5;200m[dbe4db21]&amp#27;[0m&amp#27;[38;5;-42m[XCUITestDriver@9d32 (dbe4db21)]&amp#27;[0m Matched '/element/0F000000-0000-0000-3355-000000000000/attribute/type' to command name 'getAttribute'
&amp#27;[38;5;200m[dbe4db21]&amp#27;[0m&amp#27;[38;5;-42m[XCUITestDriver@9d32 (dbe4db21)]&amp#27;[0m Proxying [GET /element/0F000000-0000-0000-3355-000000000000/attribute/type] to [GET http://127.0.0.1:8100/session/CE40ADAF-B139-4368-BB61-1EFAB337C153/element/0F000000-0000-0000-3355-000000000000/attribute/type] with no body
&amp#27;[38;5;173m[Xcode]&amp#27;[0m     t =    35.98s Requesting snapshot of accessibility hierarchy for app with pid 21811
&amp#27;[38;5;173m[Xcode]&amp#27;[0m 
&amp#27;[38;5;173m[Xcode]&amp#27;[0m     t =    36.11s Find: Descendants matching type Any
&amp#27;[38;5;173m[Xcode]&amp#27;[0m 
&amp#27;[38;5;173m[Xcode]&amp#27;[0m     t =    36.11s Find: Elements matching predicate 'BLOCKPREDICATE(0x60000215ee80)'
&amp#27;[38;5;173m[Xcode]&amp#27;[0m 
&amp#27;[38;5;173m[Xcode]&amp#27;[0m     t =    36.11s Find: Identity Binding
&amp#27;[38;5;173m[Xcode]&amp#27;[0m 
&amp#27;[38;5;200m[dbe4db21]&amp#27;[0m&amp#27;[38;5;-42m[XCUITestDriver@9d32 (dbe4db21)]&amp#27;[0m Got response with status 200: {"value":"XCUIElementTypeTable","sessionId":"CE40ADAF-B139-4368-BB61-1EFAB337C153"}
&amp#27;[38;5;200m[dbe4db21]&amp#27;[0m&amp#27;[38;5;-42m[XCUITestDriver@9d32 (dbe4db21)]&amp#27;[0m Waiting up to 10000 ms for condition
&amp#27;[38;5;200m[dbe4db21]&amp#27;[0m&amp#27;[38;5;-42m[XCUITestDriver@9d32 (dbe4db21)]&amp#27;[0m Matched '/element/0F000000-0000-0000-3355-000000000000/elements' to command name 'findElementsFromElement'
&amp#27;[38;5;200m[dbe4db21]&amp#27;[0m&amp#27;[38;5;-42m[XCUITestDriver@9d32 (dbe4db21)]&amp#27;[0m Proxying [POST /element/0F000000-0000-0000-3355-000000000000/elements] to [POST http://127.0.0.1:8100/session/CE40ADAF-B139-4368-BB61-1EFAB337C153/element/0F000000-0000-0000-3355-000000000000/elements] with body: {"using":"class chain","value":"XCUIElementTypeCell"}
&amp#27;[38;5;173m[Xcode]&amp#27;[0m     t =    36.12s Requesting snapshot of accessibility hierarchy for app with pid 21811
&amp#27;[38;5;173m[Xcode]&amp#27;[0m 
&amp#27;[38;5;173m[Xcode]&amp#27;[0m     t =    36.25s Find: Descendants matching type Any
&amp#27;[38;5;173m[Xcode]&amp#27;[0m 
&amp#27;[38;5;173m[Xcode]&amp#27;[0m     t =    36.26s Find: Elements matching predicate 'BLOCKPREDICATE(0x60000215ee80)'
&amp#27;[38;5;173m[Xcode]&amp#27;[0m 
&amp#27;[38;5;173m[Xcode]&amp#27;[0m     t =    36.26s Find: Identity Binding
&amp#27;[38;5;173m[Xcode]&amp#27;[0m 
&amp#27;[38;5;173m[Xcode]&amp#27;[0m     t =    36.27s Get all elements bound by accessibility element for: Children matching type Cell
&amp#27;[38;5;173m[Xcode]&amp#27;[0m 
&amp#27;[38;5;173m[Xcode]&amp#27;[0m     t =    36.27s     Requesting snapshot of accessibility hierarchy for app with pid 21811
&amp#27;[38;5;173m[Xcode]&amp#27;[0m 
&amp#27;[38;5;173m[Xcode]&amp#27;[0m     t =    36.40s     Find: Descendants matching type Any
&amp#27;[38;5;173m[Xcode]&amp#27;[0m 
&amp#27;[38;5;173m[Xcode]&amp#27;[0m     t =    36.40s     Find: Elements matching predicate 'BLOCKPREDICATE(0x60000215ee80)'
&amp#27;[38;5;173m[Xcode]&amp#27;[0m 
&amp#27;[38;5;173m[Xcode]&amp#27;[0m     t =    36.41s     Find: Identity Binding
&amp#27;[38;5;173m[Xcode]&amp#27;[0m 
&amp#27;[38;5;173m[Xcode]&amp#27;[0m     t =    36.41s     Find: Children matching type Cell
&amp#27;[38;5;173m[Xcode]&amp#27;[0m 
&amp#27;[38;5;173m[Xcode]&amp#27;[0m     t =    36.45s Requesting snapshot of accessibility hierarchy for app with pid 21811
&amp#27;[38;5;173m[Xcode]&amp#27;[0m 
&amp#27;[38;5;173m[Xcode]&amp#27;[0m     t =    36.58s Find: Descendants matching type Any
&amp#27;[38;5;173m[Xcode]&amp#27;[0m 
&amp#27;[38;5;173m[Xcode]&amp#27;[0m     t =    36.58s Find: Elements matching predicate 'BLOCKPREDICATE(0x60000215ee80)'
&amp#27;[38;5;173m[Xcode]&amp#27;[0m 
&amp#27;[38;5;173m[Xcode]&amp#27;[0m     t =    36.59s Find: Identity Binding
&amp#27;[38;5;173m[Xcode]&amp#27;[0m 
&amp#27;[38;5;173m[Xcode]&amp#27;[0m     t =    36.59s Find: Children matching type Cell
&amp#27;[38;5;173m[Xcode]&amp#27;[0m 
&amp#27;[38;5;173m[Xcode]&amp#27;[0m     t =    36.59s Find: Identity Binding
&amp#27;[38;5;173m[Xcode]&amp#27;[0m 
&amp#27;[38;5;173m[Xcode]&amp#27;[0m     t =    36.60s Requesting snapshot of accessibility hierarchy for app with pid 21811
&amp#27;[38;5;173m[Xcode]&amp#27;[0m 
&amp#27;[38;5;173m[Xcode]&amp#27;[0m     t =    36.73s Find: Descendants matching type Any
&amp#27;[38;5;173m[Xcode]&amp#27;[0m 
&amp#27;[38;5;173m[Xcode]&amp#27;[0m     t =    36.74s Find: Elements matching predicate 'BLOCKPREDICATE(0x60000215ee80)'
&amp#27;[38;5;173m[Xcode]&amp#27;[0m 
&amp#27;[38;5;173m[Xcode]&amp#27;[0m     t =    36.74s Find: Identity Binding
&amp#27;[38;5;173m[Xcode]&amp#27;[0m 
&amp#27;[38;5;173m[Xcode]&amp#27;[0m     t =    36.74s Find: Children matching type Cell
&amp#27;[38;5;173m[Xcode]&amp#27;[0m 
&amp#27;[38;5;173m[Xcode]&amp#27;[0m     t =    36.74s Find: Identity Binding
&amp#27;[38;5;173m[Xcode]&amp#27;[0m 
&amp#27;[38;5;173m[Xcode]&amp#27;[0m     t =    36.75s Requesting snapshot of accessibility hierarchy for app with pid 21811
&amp#27;[38;5;173m[Xcode]&amp#27;[0m 
&amp#27;[38;5;173m[Xcode]&amp#27;[0m     t =    36.89s Find: Descendants matching type Any
&amp#27;[38;5;173m[Xcode]&amp#27;[0m 
&amp#27;[38;5;173m[Xcode]&amp#27;[0m     t =    36.89s Find: Elements matching predicate 'BLOCKPREDICATE(0x60000215ee80)'
&amp#27;[38;5;173m[Xcode]&amp#27;[0m 
&amp#27;[38;5;173m[Xcode]&amp#27;[0m     t =    36.90s Find: Identity Binding
&amp#27;[38;5;173m[Xcode]&amp#27;[0m 
&amp#27;[38;5;173m[Xcode]&amp#27;[0m     t =    36.90s Find: Children matching type Cell
&amp#27;[38;5;173m[Xcode]&amp#27;[0m 
&amp#27;[38;5;173m[Xcode]&amp#27;[0m     t =    36.90s Find: Identity Binding
&amp#27;[38;5;173m[Xcode]&amp#27;[0m 
&amp#27;[38;5;173m[Xcode]&amp#27;[0m     t =    36.91s Requesting snapshot of accessibility hierarchy for app with pid 21811
&amp#27;[38;5;173m[Xcode]&amp#27;[0m 
&amp#27;[38;5;173m[Xcode]&amp#27;[0m     t =    37.04s Find: Descendants matching type Any
&amp#27;[38;5;173m[Xcode]&amp#27;[0m 
&amp#27;[38;5;173m[Xcode]&amp#27;[0m     t =    37.04s Find: Elements matching predicate 'BLOCKPREDICATE(0x60000215ee80)'
&amp#27;[38;5;173m[Xcode]&amp#27;[0m 
&amp#27;[38;5;173m[Xcode]&amp#27;[0m     t =    37.05s Find: Identity Binding
&amp#27;[38;5;173m[Xcode]&amp#27;[0m 
&amp#27;[38;5;173m[Xcode]&amp#27;[0m     t =    37.05s Find: Children matching type Cell
&amp#27;[38;5;173m[Xcode]&amp#27;[0m 
&amp#27;[38;5;173m[Xcode]&amp#27;[0m     t =    37.05s Find: Identity Binding
&amp#27;[38;5;173m[Xcode]&amp#27;[0m 
&amp#27;[38;5;173m[Xcode]&amp#27;[0m     t =    37.06s Requesting snapshot of accessibility hierarchy for app with pid 21811
&amp#27;[38;5;173m[Xcode]&amp#27;[0m 
&amp#27;[38;5;173m[Xcode]&amp#27;[0m     t =    37.20s Find: Descendants matching type Any
&amp#27;[38;5;173m[Xcode]&amp#27;[0m 
&amp#27;[38;5;173m[Xcode]&amp#27;[0m     t =    37.20s Find: Elements matching predicate 'BLOCKPREDICATE(0x60000215ee80)'
&amp#27;[38;5;173m[Xcode]&amp#27;[0m 
&amp#27;[38;5;173m[Xcode]&amp#27;[0m     t =    37.20s Find: Identity Binding
&amp#27;[38;5;173m[Xcode]&amp#27;[0m 
&amp#27;[38;5;173m[Xcode]&amp#27;[0m     t =    37.21s Find: Children matching type Cell
&amp#27;[38;5;173m[Xcode]&amp#27;[0m 
&amp#27;[38;5;173m[Xcode]&amp#27;[0m     t =    37.21s Find: Identity Binding
&amp#27;[38;5;173m[Xcode]&amp#27;[0m 
&amp#27;[38;5;173m[Xcode]&amp#27;[0m     t =    37.22s Requesting snapshot of accessibility hierarchy for app with pid 21811
&amp#27;[38;5;173m[Xcode]&amp#27;[0m 
&amp#27;[38;5;173m[Xcode]&amp#27;[0m     t =    37.35s Find: Descendants matching type Any
&amp#27;[38;5;173m[Xcode]&amp#27;[0m 
&amp#27;[38;5;173m[Xcode]&amp#27;[0m     t =    37.35s Find: Elements matching predicate 'BLOCKPREDICATE(0x60000215ee80)'
&amp#27;[38;5;173m[Xcode]&amp#27;[0m 
&amp#27;[38;5;173m[Xcode]&amp#27;[0m     t =    37.36s Find: Identity Binding
&amp#27;[38;5;173m[Xcode]&amp#27;[0m 
&amp#27;[38;5;173m[Xcode]&amp#27;[0m     t =    37.36s Find: Children matching type Cell
&amp#27;[38;5;173m[Xcode]&amp#27;[0m 
&amp#27;[38;5;173m[Xcode]&amp#27;[0m     t =    37.36s Find: Identity Binding
&amp#27;[38;5;173m[Xcode]&amp#27;[0m 
&amp#27;[38;5;173m[Xcode]&amp#27;[0m     t =    37.37s Requesting snapshot of accessibility hierarchy for app with pid 21811
&amp#27;[38;5;173m[Xcode]&amp#27;[0m 
&amp#27;[38;5;173m[Xcode]&amp#27;[0m     t =    37.50s Find: Descendants matching type Any
&amp#27;[38;5;173m[Xcode]&amp#27;[0m 
&amp#27;[38;5;173m[Xcode]&amp#27;[0m     t =    37.51s Find: Elements matching predicate 'BLOCKPREDICATE(0x60000215ee80)'
&amp#27;[38;5;173m[Xcode]&amp#27;[0m 
&amp#27;[38;5;173m[Xcode]&amp#27;[0m     t =    37.51s Find: Identity Binding
&amp#27;[38;5;173m[Xcode]&amp#27;[0m 
&amp#27;[38;5;173m[Xcode]&amp#27;[0m     t =    37.51s Find: Children matching type Cell
&amp#27;[38;5;173m[Xcode]&amp#27;[0m 
&amp#27;[38;5;173m[Xcode]&amp#27;[0m     t =    37.51s Find: Identity Binding
&amp#27;[38;5;173m[Xcode]&amp#27;[0m 
&amp#27;[38;5;173m[Xcode]&amp#27;[0m     t =    37.52s Requesting snapshot of accessibility hierarchy for app with pid 21811
&amp#27;[38;5;173m[Xcode]&amp#27;[0m 
&amp#27;[38;5;173m[Xcode]&amp#27;[0m     t =    37.65s Find: Descendants matching type Any
&amp#27;[38;5;173m[Xcode]&amp#27;[0m 
&amp#27;[38;5;173m[Xcode]&amp#27;[0m     t =    37.66s Find: Elements matching predicate 'BLOCKPREDICATE(0x60000215ee80)'
&amp#27;[38;5;173m[Xcode]&amp#27;[0m 
&amp#27;[38;5;173m[Xcode]&amp#27;[0m     t =    37.66s Find: Identity Binding
&amp#27;[38;5;173m[Xcode]&amp#27;[0m 
&amp#27;[38;5;173m[Xcode]&amp#27;[0m     t =    37.66s Find: Children matching type Cell
&amp#27;[38;5;173m[Xcode]&amp#27;[0m 
&amp#27;[38;5;173m[Xcode]&amp#27;[0m     t =    37.66s Find: Identity Binding
&amp#27;[38;5;173m[Xcode]&amp#27;[0m 
&amp#27;[38;5;173m[Xcode]&amp#27;[0m     t =    37.67s Requesting snapshot of accessibility hierarchy for app with pid 21811
&amp#27;[38;5;173m[Xcode]&amp#27;[0m 
&amp#27;[38;5;173m[Xcode]&amp#27;[0m     t =    37.81s Find: Descendants matching type Any
&amp#27;[38;5;173m[Xcode]&amp#27;[0m 
&amp#27;[38;5;173m[Xcode]&amp#27;[0m     t =    37.81s Find: Elements matching predicate 'BLOCKPREDICATE(0x60000215ee80)'
&amp#27;[38;5;173m[Xcode]&amp#27;[0m 
&amp#27;[38;5;173m[Xcode]&amp#27;[0m     t =    37.82s Find: Identity Binding
&amp#27;[38;5;173m[Xcode]&amp#27;[0m 
&amp#27;[38;5;173m[Xcode]&amp#27;[0m     t =    37.82s Find: Children matching type Cell
&amp#27;[38;5;173m[Xcode]&amp#27;[0m 
&amp#27;[38;5;173m[Xcode]&amp#27;[0m     t =    37.82s Find: Identity Binding
&amp#27;[38;5;173m[Xcode]&amp#27;[0m 
&amp#27;[38;5;173m[Xcode]&amp#27;[0m     t =    37.83s Requesting snapshot of accessibility hierarchy for app with pid 21811
&amp#27;[38;5;173m[Xcode]&amp#27;[0m 
&amp#27;[38;5;173m[Xcode]&amp#27;[0m     t =    37.96s Find: Descendants matching type Any
&amp#27;[38;5;173m[Xcode]&amp#27;[0m 
&amp#27;[38;5;173m[Xcode]&amp#27;[0m     t =    37.96s Find: Elements matching predicate 'BLOCKPREDICATE(0x60000215ee80)'
&amp#27;[38;5;173m[Xcode]&amp#27;[0m 
&amp#27;[38;5;173m[Xcode]&amp#27;[0m     t =    37.97s Find: Identity Binding
&amp#27;[38;5;173m[Xcode]&amp#27;[0m 
&amp#27;[38;5;173m[Xcode]&amp#27;[0m     t =    37.97s Find: Children matching type Cell
&amp#27;[38;5;173m[Xcode]&amp#27;[0m 
&amp#27;[38;5;173m[Xcode]&amp#27;[0m     t =    37.97s Find: Identity Binding
&amp#27;[38;5;173m[Xcode]&amp#27;[0m 
&amp#27;[38;5;173m[Xcode]&amp#27;[0m     t =    37.98s Requesting snapshot of accessibility hierarchy for app with pid 21811
&amp#27;[38;5;173m[Xcode]&amp#27;[0m 
&amp#27;[38;5;173m[Xcode]&amp#27;[0m     t =    38.11s Find: Descendants matching type Any
&amp#27;[38;5;173m[Xcode]&amp#27;[0m 
&amp#27;[38;5;173m[Xcode]&amp#27;[0m     t =    38.11s Find: Elements matching predicate 'BLOCKPREDICATE(0x60000215ee80)'
&amp#27;[38;5;173m[Xcode]&amp#27;[0m 
&amp#27;[38;5;173m[Xcode]&amp#27;[0m     t =    38.12s Find: Identity Binding
&amp#27;[38;5;173m[Xcode]&amp#27;[0m 
&amp#27;[38;5;173m[Xcode]&amp#27;[0m     t =    38.12s Find: Children matching type Cell
&amp#27;[38;5;173m[Xcode]&amp#27;[0m 
&amp#27;[38;5;173m[Xcode]&amp#27;[0m     t =    38.12s Find: Identity Binding
&amp#27;[38;5;173m[Xcode]&amp#27;[0m 
&amp#27;[38;5;173m[Xcode]&amp#27;[0m     t =    38.13s Requesting snapshot of accessibility hierarchy for app with pid 21811
&amp#27;[38;5;173m[Xcode]&amp#27;[0m 
&amp#27;[38;5;173m[Xcode]&amp#27;[0m     t =    38.28s Find: Descendants matching type Any
&amp#27;[38;5;173m[Xcode]&amp#27;[0m 
&amp#27;[38;5;173m[Xcode]&amp#27;[0m     t =    38.29s Find: Elements matching predicate 'BLOCKPREDICATE(0x60000215ee80)'
&amp#27;[38;5;173m[Xcode]&amp#27;[0m 
&amp#27;[38;5;173m[Xcode]&amp#27;[0m     t =    38.29s Find: Identity Binding
&amp#27;[38;5;173m[Xcode]&amp#27;[0m 
&amp#27;[38;5;173m[Xcode]&amp#27;[0m     t =    38.30s Find: Children matching type Cell
&amp#27;[38;5;173m[Xcode]&amp#27;[0m 
&amp#27;[38;5;173m[Xcode]&amp#27;[0m     t =    38.30s Find: Identity Binding
&amp#27;[38;5;173m[Xcode]&amp#27;[0m 
&amp#27;[38;5;173m[Xcode]&amp#27;[0m     t =    38.31s Requesting snapshot of accessibility hierarchy for app with pid 21811
&amp#27;[38;5;173m[Xcode]&amp#27;[0m 
&amp#27;[38;5;173m[Xcode]&amp#27;[0m     t =    38.46s Find: Descendants matching type Any
&amp#27;[38;5;173m[Xcode]&amp#27;[0m 
&amp#27;[38;5;173m[Xcode]&amp#27;[0m     t =    38.47s Find: Elements matching predicate 'BLOCKPREDICATE(0x60000215ee80)'
&amp#27;[38;5;173m[Xcode]&amp#27;[0m 
&amp#27;[38;5;173m[Xcode]&amp#27;[0m     t =    38.47s Find: Identity Binding
&amp#27;[38;5;173m[Xcode]&amp#27;[0m 
&amp#27;[38;5;173m[Xcode]&amp#27;[0m     t =    38.48s Find: Children matching type Cell
&amp#27;[38;5;173m[Xcode]&amp#27;[0m 
&amp#27;[38;5;173m[Xcode]&amp#27;[0m     t =    38.48s Find: Identity Binding
&amp#27;[38;5;173m[Xcode]&amp#27;[0m 
&amp#27;[38;5;173m[Xcode]&amp#27;[0m     t =    38.49s Requesting snapshot of accessibility hierarchy for app with pid 21811
&amp#27;[38;5;173m[Xcode]&amp#27;[0m 
&amp#27;[38;5;173m[Xcode]&amp#27;[0m     t =    38.64s Find: Descendants matching type Any
&amp#27;[38;5;173m[Xcode]&amp#27;[0m 
&amp#27;[38;5;173m[Xcode]&amp#27;[0m     t =    38.64s Find: Elements matching predicate 'BLOCKPREDICATE(0x60000215ee80)'
&amp#27;[38;5;173m[Xcode]&amp#27;[0m 
&amp#27;[38;5;173m[Xcode]&amp#27;[0m     t =    38.65s Find: Identity Binding
&amp#27;[38;5;173m[Xcode]&amp#27;[0m 
&amp#27;[38;5;173m[Xcode]&amp#27;[0m     t =    38.65s Find: Children matching type Cell
&amp#27;[38;5;173m[Xcode]&amp#27;[0m 
&amp#27;[38;5;173m[Xcode]&amp#27;[0m     t =    38.65s Find: Identity Binding
&amp#27;[38;5;173m[Xcode]&amp#27;[0m 
&amp#27;[38;5;173m[Xcode]&amp#27;[0m     t =    38.66s Requesting snapshot of accessibility hierarchy for app with pid 21811
&amp#27;[38;5;173m[Xcode]&amp#27;[0m 
&amp#27;[38;5;173m[Xcode]&amp#27;[0m     t =    38.81s Find: Descendants matching type Any
&amp#27;[38;5;173m[Xcode]&amp#27;[0m 
&amp#27;[38;5;173m[Xcode]&amp#27;[0m     t =    38.81s Find: Elements matching predicate 'BLOCKPREDICATE(0x60000215ee80)'
&amp#27;[38;5;173m[Xcode]&amp#27;[0m 
&amp#27;[38;5;173m[Xcode]&amp#27;[0m     t =    38.82s Find: Identity Binding
&amp#27;[38;5;173m[Xcode]&amp#27;[0m 
&amp#27;[38;5;173m[Xcode]&amp#27;[0m     t =    38.82s Find: Children matching type Cell
&amp#27;[38;5;173m[Xcode]&amp#27;[0m 
&amp#27;[38;5;173m[Xcode]&amp#27;[0m     t =    38.82s Find: Identity Binding
&amp#27;[38;5;173m[Xcode]&amp#27;[0m 
&amp#27;[38;5;173m[Xcode]&amp#27;[0m     t =    38.83s Requesting snapshot of accessibility hierarchy for app with pid 21811
&amp#27;[38;5;173m[Xcode]&amp#27;[0m 
&amp#27;[38;5;173m[Xcode]&amp#27;[0m     t =    38.98s Find: Descendants matching type Any
&amp#27;[38;5;173m[Xcode]&amp#27;[0m 
&amp#27;[38;5;173m[Xcode]&amp#27;[0m     t =    38.98s Find: Elements matching predicate 'BLOCKPREDICATE(0x60000215ee80)'
&amp#27;[38;5;173m[Xcode]&amp#27;[0m 
&amp#27;[38;5;173m[Xcode]&amp#27;[0m     t =    38.99s Find: Identity Binding
&amp#27;[38;5;173m[Xcode]&amp#27;[0m 
&amp#27;[38;5;173m[Xcode]&amp#27;[0m     t =    38.99s Find: Children matching type Cell
&amp#27;[38;5;173m[Xcode]&amp#27;[0m 
&amp#27;[38;5;173m[Xcode]&amp#27;[0m     t =    38.99s Find: Identity Binding
&amp#27;[38;5;173m[Xcode]&amp#27;[0m 
&amp#27;[38;5;173m[Xcode]&amp#27;[0m     t =    39.00s Requesting snapshot of accessibility hierarchy for app with pid 21811
&amp#27;[38;5;173m[Xcode]&amp#27;[0m 
&amp#27;[38;5;173m[Xcode]&amp#27;[0m     t =    39.14s Find: Descendants matching type Any
&amp#27;[38;5;173m[Xcode]&amp#27;[0m 
&amp#27;[38;5;173m[Xcode]&amp#27;[0m     t =    39.15s Find: Elements matching predicate 'BLOCKPREDICATE(0x60000215ee80)'
&amp#27;[38;5;173m[Xcode]&amp#27;[0m 
&amp#27;[38;5;173m[Xcode]&amp#27;[0m     t =    39.15s Find: Identity Binding
&amp#27;[38;5;173m[Xcode]&amp#27;[0m 
&amp#27;[38;5;173m[Xcode]&amp#27;[0m     t =    39.15s Find: Children matching type Cell
&amp#27;[38;5;173m[Xcode]&amp#27;[0m 
&amp#27;[38;5;173m[Xcode]&amp#27;[0m     t =    39.15s Find: Identity Binding
&amp#27;[38;5;173m[Xcode]&amp#27;[0m 
&amp#27;[38;5;173m[Xcode]&amp#27;[0m     t =    39.16s Requesting snapshot of accessibility hierarchy for app with pid 21811
&amp#27;[38;5;173m[Xcode]&amp#27;[0m 
&amp#27;[38;5;173m[Xcode]&amp#27;[0m     t =    39.30s Find: Descendants matching type Any
&amp#27;[38;5;173m[Xcode]&amp#27;[0m 
&amp#27;[38;5;173m[Xcode]&amp#27;[0m     t =    39.30s Find: Elements matching predicate 'BLOCKPREDICATE(0x60000215ee80)'
&amp#27;[38;5;173m[Xcode]&amp#27;[0m 
&amp#27;[38;5;173m[Xcode]&amp#27;[0m     t =    39.30s Find: Identity Binding
&amp#27;[38;5;173m[Xcode]&amp#27;[0m 
&amp#27;[38;5;173m[Xcode]&amp#27;[0m     t =    39.30s Find: Children matching type Cell
&amp#27;[38;5;173m[Xcode]&amp#27;[0m 
&amp#27;[38;5;173m[Xcode]&amp#27;[0m     t =    39.31s Find: Identity Binding
&amp#27;[38;5;173m[Xcode]&amp#27;[0m 
&amp#27;[38;5;200m[dbe4db21]&amp#27;[0m&amp#27;[38;5;-42m[XCUITestDriver@9d32 (dbe4db21)]&amp#27;[0m Got response with status 200: {"value":[{"ELEMENT":"10000000-0000-0000-3355-000000000000","element-6066-11e4-a52e-4f735466cecf":"10000000-0000-0000-3355-000000000000"},{"ELEMENT":"11000000-0000-0000-3355-000000000000","element-6066-11e4-a52e-4f735466cecf":"11000000-0000-0000-3355-000000000000"},{"ELEMENT":"12000000-0000-0000-3355-000000000000","element-6066-11e4-a52e-4f735466cecf":"12000000-0000-0000-3355-000000000000"},{"ELEMENT":"13000000-0000-0000-3355-000000000000","element-6066-11e4-a52e-4f735466cecf":"13000000-0000-0000-3355-000000000000"},{"ELEMENT":"14000000-0000-0000-3355-000000000000","element-6066-11e4-a52e-4f735466cecf":"14000000-0000-0000-3355-000000000000"},{"ELEMENT":"15000000-0000-0000-3355-000000000000","element-6066-11e4-a52e-4f735466cecf":"15000000-0000-0000-3355-000000000000"},{"ELEMENT":"16000000-0000-0000-3355-000000000000","element-6066-11e4-a52e-4f735466cecf":"16000000-0000-0000-3355-000000000000"},{"ELEMENT":"17000000-0000-0000-3355-000000000000","element-6066-11e4-a52e-4f735466cecf":"17000000-0000-0000-3355-00...
&amp#27;[38;5;200m[dbe4db21]&amp#27;[0m&amp#27;[38;5;-42m[XCUITestDriver@9d32 (dbe4db21)]&amp#27;[0m Matched '/element/10000000-0000-0000-3355-000000000000/rect' to command name 'getElementRect'
&amp#27;[38;5;200m[dbe4db21]&amp#27;[0m&amp#27;[38;5;-42m[XCUITestDriver@9d32 (dbe4db21)]&amp#27;[0m Proxying [GET /element/10000000-0000-0000-3355-000000000000/rect] to [GET http://127.0.0.1:8100/session/CE40ADAF-B139-4368-BB61-1EFAB337C153/element/10000000-0000-0000-3355-000000000000/rect] with no body
&amp#27;[38;5;173m[Xcode]&amp#27;[0m     t =    39.34s Requesting snapshot of accessibility hierarchy for app with pid 21811
&amp#27;[38;5;173m[Xcode]&amp#27;[0m 
&amp#27;[38;5;173m[Xcode]&amp#27;[0m     t =    39.47s Find: Descendants matching type Any
&amp#27;[38;5;173m[Xcode]&amp#27;[0m 
&amp#27;[38;5;173m[Xcode]&amp#27;[0m     t =    39.47s Find: Elements matching predicate 'BLOCKPREDICATE(0x60000215ee80)'
&amp#27;[38;5;173m[Xcode]&amp#27;[0m 
&amp#27;[38;5;173m[Xcode]&amp#27;[0m     t =    39.48s Find: Identity Binding
&amp#27;[38;5;173m[Xcode]&amp#27;[0m 
&amp#27;[38;5;173m[Xcode]&amp#27;[0m     t =    39.48s Find: Children matching type Cell
&amp#27;[38;5;173m[Xcode]&amp#27;[0m 
&amp#27;[38;5;173m[Xcode]&amp#27;[0m     t =    39.48s Find: Identity Binding
&amp#27;[38;5;173m[Xcode]&amp#27;[0m 
&amp#27;[38;5;200m[dbe4db21]&amp#27;[0m&amp#27;[38;5;-42m[XCUITestDriver@9d32 (dbe4db21)]&amp#27;[0m Got response with status 200: {"value":{"y":91,"x":0,"width":390,"height":44},"sessionId":"CE40ADAF-B139-4368-BB61-1EFAB337C153"}
&amp#27;[38;5;200m[dbe4db21]&amp#27;[0m&amp#27;[38;5;-42m[XCUITestDriver@9d32 (dbe4db21)]&amp#27;[0m Matched '/element/21000000-0000-0000-3355-000000000000/rect' to command name 'getElementRect'
&amp#27;[38;5;200m[dbe4db21]&amp#27;[0m&amp#27;[38;5;-42m[XCUITestDriver@9d32 (dbe4db21)]&amp#27;[0m Proxying [GET /element/21000000-0000-0000-3355-000000000000/rect] to [GET http://127.0.0.1:8100/session/CE40ADAF-B139-4368-BB61-1EFAB337C153/element/21000000-0000-0000-3355-000000000000/rect] with no body
&amp#27;[38;5;173m[Xcode]&amp#27;[0m     t =    39.50s Requesting snapshot of accessibility hierarchy for app with pid 21811
&amp#27;[38;5;173m[Xcode]&amp#27;[0m 
&amp#27;[38;5;173m[Xcode]&amp#27;[0m     t =    39.64s Find: Descendants matching type Any
&amp#27;[38;5;173m[Xcode]&amp#27;[0m 
&amp#27;[38;5;173m[Xcode]&amp#27;[0m     t =    39.64s Find: Elements matching predicate 'BLOCKPREDICATE(0x60000215ee80)'
&amp#27;[38;5;173m[Xcode]&amp#27;[0m 
&amp#27;[38;5;173m[Xcode]&amp#27;[0m     t =    39.65s Find: Identity Binding
&amp#27;[38;5;173m[Xcode]&amp#27;[0m     t =    39.65s Find: Children matching type Cell
&amp#27;[38;5;173m[Xcode]&amp#27;[0m     t =    39.65s Find: Identity Binding
&amp#27;[38;5;173m[Xcode]&amp#27;[0m 
&amp#27;[38;5;200m[dbe4db21]&amp#27;[0m&amp#27;[38;5;-42m[XCUITestDriver@9d32 (dbe4db21)]&amp#27;[0m Got response with status 200: {"value":{"y":839,"x":0,"width":390,"height":44},"sessionId":"CE40ADAF-B139-4368-BB61-1EFAB337C153"}
&amp#27;[38;5;200m[dbe4db21]&amp#27;[0m&amp#27;[38;5;-42m[XCUITestDriver@9d32 (dbe4db21)]&amp#27;[0m Matched '/element/0F000000-0000-0000-3355-000000000000/rect' to command name 'getElementRect'
&amp#27;[38;5;200m[dbe4db21]&amp#27;[0m&amp#27;[38;5;-42m[XCUITestDriver@9d32 (dbe4db21)]&amp#27;[0m Proxying [GET /element/0F000000-0000-0000-3355-000000000000/rect] to [GET http://127.0.0.1:8100/session/CE40ADAF-B139-4368-BB61-1EFAB337C153/element/0F000000-0000-0000-3355-000000000000/rect] with no body
&amp#27;[38;5;173m[Xcode]&amp#27;[0m     t =    39.69s Requesting snapshot of accessibility hierarchy for app with pid 21811
&amp#27;[38;5;173m[Xcode]&amp#27;[0m 
&amp#27;[38;5;173m[Xcode]&amp#27;[0m     t =    39.83s Find: Descendants matching type Any
&amp#27;[38;5;173m[Xcode]&amp#27;[0m 
&amp#27;[38;5;173m[Xcode]&amp#27;[0m     t =    39.83s Find: Elements matching predicate 'BLOCKPREDICATE(0x60000215ee80)'
&amp#27;[38;5;173m[Xcode]&amp#27;[0m 
&amp#27;[38;5;173m[Xcode]&amp#27;[0m     t =    39.84s Find: Identity Binding
&amp#27;[38;5;173m[Xcode]&amp#27;[0m 
&amp#27;[38;5;200m[dbe4db21]&amp#27;[0m&amp#27;[38;5;-42m[XCUITestDriver@9d32 (dbe4db21)]&amp#27;[0m Got response with status 200: {"value":{"y":0,"x":0,"width":390,"height":844},"sessionId":"CE40ADAF-B139-4368-BB61-1EFAB337C153"}
&amp#27;[38;5;200m[dbe4db21]&amp#27;[0m&amp#27;[38;5;-42m[XCUITestDriver@9d32 (dbe4db21)]&amp#27;[0m Matched '/element/0F000000-0000-0000-3355-000000000000/rect' to command name 'getElementRect'
&amp#27;[38;5;200m[dbe4db21]&amp#27;[0m&amp#27;[38;5;-42m[XCUITestDriver@9d32 (dbe4db21)]&amp#27;[0m Proxying [GET /element/0F000000-0000-0000-3355-000000000000/rect] to [GET http://127.0.0.1:8100/session/CE40ADAF-B139-4368-BB61-1EFAB337C153/element/0F000000-0000-0000-3355-000000000000/rect] with no body
&amp#27;[38;5;173m[Xcode]&amp#27;[0m     t =    39.85s Requesting snapshot of accessibility hierarchy for app with pid 21811
&amp#27;[38;5;173m[Xcode]&amp#27;[0m 
&amp#27;[38;5;173m[Xcode]&amp#27;[0m     t =    39.98s Find: Descendants matching type Any
&amp#27;[38;5;173m[Xcode]&amp#27;[0m 
&amp#27;[38;5;173m[Xcode]&amp#27;[0m     t =    39.98s Find: Elements matching predicate 'BLOCKPREDICATE(0x60000215ee80)'
&amp#27;[38;5;173m[Xcode]&amp#27;[0m 
&amp#27;[38;5;173m[Xcode]&amp#27;[0m     t =    39.99s Find: Identity Binding
&amp#27;[38;5;173m[Xcode]&amp#27;[0m 
&amp#27;[38;5;200m[dbe4db21]&amp#27;[0m&amp#27;[38;5;-42m[XCUITestDriver@9d32 (dbe4db21)]&amp#27;[0m Got response with status 200: {"value":{"y":0,"x":0,"width":390,"height":844},"sessionId":"CE40ADAF-B139-4368-BB61-1EFAB337C153"}
&amp#27;[38;5;200m[dbe4db21]&amp#27;[0m&amp#27;[38;5;-42m[XCUITestDriver@9d32 (dbe4db21)]&amp#27;[0m Responding to client with driver.getAttribute() result: "{\"width\":390,\"height\":844,\"top\":0,\"left\":0,\"scrollableOffset\":792}"
&amp#27;[38;5;200m[dbe4db21]&amp#27;[0m&amp#27;[38;5;86m[HTTP]&amp#27;[0m <-- GET /session/dbe4db21-e6a9-4d05-bdbb-cc788eb5635e/element/0F000000-0000-0000-3355-000000000000/attribute/contentSize 200 4026 ms - 88 
&amp#27;[38;5;200m[dbe4db21]&amp#27;[0m&amp#27;[38;5;86m[HTTP]&amp#27;[0m &amp#27;[37m-->&amp#27;[39m &amp#27;[37mGET&amp#27;[39m &amp#27;[37m/session/dbe4db21-e6a9-4d05-bdbb-cc788eb5635e/screenshot&amp#27;[39m {}
&amp#27;[38;5;200m[dbe4db21]&amp#27;[0m&amp#27;[38;5;-42m[XCUITestDriver@9d32 (dbe4db21)]&amp#27;[0m Calling AppiumDriver.getScreenshot() with args: ["dbe4db21-e6a9-4d05-bdbb-cc788eb5635e"]
&amp#27;[38;5;200m[dbe4db21]&amp#27;[0m&amp#27;[38;5;-42m[XCUITestDriver@9d32 (dbe4db21)]&amp#27;[0m Executing command 'getScreenshot'
&amp#27;[38;5;200m[dbe4db21]&amp#27;[0m&amp#27;[38;5;-42m[XCUITestDriver@9d32 (dbe4db21)]&amp#27;[0m Taking screenshot with WDA
&amp#27;[38;5;200m[dbe4db21]&amp#27;[0m&amp#27;[38;5;-42m[XCUITestDriver@9d32 (dbe4db21)]&amp#27;[0m Matched '/screenshot' to command name 'getScreenshot'
&amp#27;[38;5;200m[dbe4db21]&amp#27;[0m&amp#27;[38;5;-42m[XCUITestDriver@9d32 (dbe4db21)]&amp#27;[0m Proxying [GET /screenshot] to [GET http://127.0.0.1:8100/session/CE40ADAF-B139-4368-BB61-1EFAB337C153/screenshot] with no body
&amp#27;[38;5;173m[Xcode]&amp#27;[0m 2024-11-05 15:49:53.971831+0500 WebDriverAgentRunner-Runner[21804:212226] The device under test does not support HEIC image encoding. Falling back to PNG
&amp#27;[38;5;173m[Xcode]&amp#27;[0m 
&amp#27;[38;5;200m[dbe4db21]&amp#27;[0m&amp#27;[38;5;-42m[XCUITestDriver@9d32 (dbe4db21)]&amp#27;[0m Got response with status 200: {"value":"iVBORw0KGgoAAAANSUhEUgAABJIAAAnkCAIAAADZI9xUAAAAAXNSR0IArs4c6QAAAERlWElmTU0AKgAAAAgAAgESAAMAAAABAAEAAIdpAAQAAAABAAAAJgAAAAAAAqACAAQAAAABAAAEkqADAAQAAAABAAAJ5AAAAAABhs8gAABAAElEQVR4AeydBbxdxbW4HwWKuxO0kEAI7u7uboGipWiBFij2h+JOKa6luLs7xYI7BAgQSIAgCe5S/l/Z702ns8/Z99g9cu93fu/Hmz2zZmbNN/ums/aaWTPazz///D/+JCABCUhAAhKQgAQkIAEJSKBdCfyqXRVTLwlIQAISkIAEJCABCUhAAhL4NwHNNt8DCUhAAhKQgAQkIAEJSEACbU1As62tp0flJCABCUhAAhKQgAQkIAEJaLb5DkhAAhKQgAQkIAEJSEACEmhrApptbT09KicBCUhAAhKQgAQkIAEJSECzzXdAAhKQgAQkIAEJSEACEpBAWxPQbGvr6VE5CUhAAhKQgAQkIAEJSEACmm2+AxKQgAQkIAEJSEACEpCABNqagGZbW0+PyklAAhKQgAQkIAEJSEACEtBs8x2QgAQkIAEJSEACEpCABCTQ1gQ029p6elROAhKQgAQkIAEJSEACEpCAZpvvgAQkIAEJSEACEpCABCQggbYmoNnW1tOjchKQgAQkIAEJSEACEpCABDTbfAckIAEJSEACEpCABCQgAQm0NQHNtraeHpWTgAQkIAEJSEACEpCABCSg2eY7IAEJSEACEpCABCQgAQlIoK0JaLa19fSonAQkIAEJSEACEpCABCQgAc023wEJSEACEpCABCQgAQlIQAJtTUCzra2nR+UkIAEJSEACEpCABCQgAQlotvkOSEACEpCABCQgAQlIQAISaGsCmm1tPT0qJwEJSEACEpCABCQgAQlIQLPNd0ACEpCABCQgAQlIQAISkEBbE9Bsa+vpUTkJSEACEpCABCQgAQlIQAKabb4DEpCABCQgAQl...
&amp#27;[38;5;200m[dbe4db21]&amp#27;[0m&amp#27;[38;5;-42m[XCUITestDriver@9d32 (dbe4db21)]&amp#27;[0m Responding to client with driver.getScreenshot() result: "iVBORw0KGgoAAAANSUhEUgAABJIAAAnkCAIAAADZI9xUAAAAAXNSR0IArs4c6QAAAERlWElmTU0AKgAAAAgAAgESAAMAAAABAAEAAIdpAAQAAAABAAAAJgAAAAAAAqACAAQAAAABAAAEkqADAAQAAAABAAAJ5AAAAAABhs8gAABAAElEQVR4AeydBbxdxbW4HwWKuxO0kEAI7u7uboGipWiBFij2h+JOKa6luLs7xYI7BAgQSIAgCe5S/l/Z702ns8/Z99g9cu93fu/Hmz2zZmbNN/ums/aaWTPazz///D/+JCABCUhAAhKQgAQkIAEJSKBdCfyqXRVTLwlIQAISkIAEJCABCUhAAhL4NwHNNt8DCUhAAhKQgAQkIAEJSEACbU1As62tp0flJCABCUhAAhKQgAQkIAEJaLb5DkhAAhKQgAQkIAEJSEACEmhrApptbT09KicBCUhAAhKQgAQkIAEJSECzzXdAAhKQgAQkIAEJSEACEpBAWxPQbGvr6VE5CUhAAhKQgAQkIAEJSEACmm2+AxKQgAQkIAEJSEACEpCABNqagGZbW0+PyklAAhKQgAQkIAEJSEACEtBs8x2QgAQkIAEJSEACEpCABCTQ1gQ029p6elROAhKQgAQkIAEJSEACEpCAZpvvgAQkIAEJSEACEpCABCQggbYmoNnW1tOjchKQgAQkIAEJSEACEpCABDTbfAckIAEJSEACEpCABCQgAQm0NQHNtraeHpWTgAQkIAEJSEACEpCABCSg2eY7IAEJSEACEpCABCQgAQlIoK0JaLa19fSonAQkIAEJSEACEpCABCQgAc023wEJSEACEpCABCQgAQlIQAJtTUCzra2nR+UkIAEJSEACEpCABCQgAQlotvkOSEACEpCABCQgAQlIQAISaGsCmm1tPT0qJwEJSEACEpCABCQgAQlIQLPNd0ACEpCABCQgAQlIQAISkEBbE9Bsa+vpUTkJSEACEpCABCQgAQlIQAKabb4DEpCABCQgAQlIQAISkIAE...
&amp#27;[38;5;200m[dbe4db21]&amp#27;[0m&amp#27;[38;5;86m[HTTP]&amp#27;[0m <-- GET /session/dbe4db21-e6a9-4d05-bdbb-cc788eb5635e/screenshot 200 147 ms - 338156 
&amp#27;[38;5;200m[dbe4db21]&amp#27;[0m&amp#27;[38;5;86m[HTTP]&amp#27;[0m &amp#27;[37m-->&amp#27;[39m &amp#27;[37mGET&amp#27;[39m &amp#27;[37m/session/dbe4db21-e6a9-4d05-bdbb-cc788eb5635e/element/0F000000-0000-0000-3355-000000000000/rect&amp#27;[39m {}
&amp#27;[38;5;200m[dbe4db21]&amp#27;[0m&amp#27;[38;5;-42m[XCUITestDriver@9d32 (dbe4db21)]&amp#27;[0m Driver proxy active, passing request on via HTTP proxy
&amp#27;[38;5;200m[dbe4db21]&amp#27;[0m&amp#27;[38;5;-42m[XCUITestDriver@9d32 (dbe4db21)]&amp#27;[0m Executing command 'proxyReqRes'
&amp#27;[38;5;200m[dbe4db21]&amp#27;[0m&amp#27;[38;5;-42m[XCUITestDriver@9d32 (dbe4db21)]&amp#27;[0m Matched '/session/dbe4db21-e6a9-4d05-bdbb-cc788eb5635e/element/0F000000-0000-0000-3355-000000000000/rect' to command name 'getElementRect'
&amp#27;[38;5;200m[dbe4db21]&amp#27;[0m&amp#27;[38;5;-42m[XCUITestDriver@9d32 (dbe4db21)]&amp#27;[0m Proxying [GET /session/dbe4db21-e6a9-4d05-bdbb-cc788eb5635e/element/0F000000-0000-0000-3355-000000000000/rect] to [GET http://127.0.0.1:8100/session/CE40ADAF-B139-4368-BB61-1EFAB337C153/element/0F000000-0000-0000-3355-000000000000/rect] with no body
&amp#27;[38;5;173m[Xcode]&amp#27;[0m     t =    40.16s Requesting snapshot of accessibility hierarchy for app with pid 21811
&amp#27;[38;5;173m[Xcode]&amp#27;[0m 
&amp#27;[38;5;173m[Xcode]&amp#27;[0m     t =    40.32s Find: Descendants matching type Any
&amp#27;[38;5;173m[Xcode]&amp#27;[0m 
&amp#27;[38;5;173m[Xcode]&amp#27;[0m     t =    40.32s Find: Elements matching predicate 'BLOCKPREDICATE(0x60000215ee80)'
&amp#27;[38;5;173m[Xcode]&amp#27;[0m 
&amp#27;[38;5;173m[Xcode]&amp#27;[0m     t =    40.33s Find: Identity Binding
&amp#27;[38;5;173m[Xcode]&amp#27;[0m 
&amp#27;[38;5;200m[dbe4db21]&amp#27;[0m&amp#27;[38;5;-42m[XCUITestDriver@9d32 (dbe4db21)]&amp#27;[0m Got response with status 200: {"value":{"y":0,"x":0,"width":390,"height":844},"sessionId":"CE40ADAF-B139-4368-BB61-1EFAB337C153"}
&amp#27;[38;5;200m[dbe4db21]&amp#27;[0m&amp#27;[38;5;-42m[XCUITestDriver@9d32 (dbe4db21)]&amp#27;[0m Replacing sessionId CE40ADAF-B139-4368-BB61-1EFAB337C153 with dbe4db21-e6a9-4d05-bdbb-cc788eb5635e
&amp#27;[38;5;200m[dbe4db21]&amp#27;[0m&amp#27;[38;5;86m[HTTP]&amp#27;[0m <-- GET /session/dbe4db21-e6a9-4d05-bdbb-cc788eb5635e/element/0F000000-0000-0000-3355-000000000000/rect 200 189 ms - 99 
&amp#27;[38;5;200m[dbe4db21]&amp#27;[0m&amp#27;[38;5;86m[HTTP]&amp#27;[0m &amp#27;[37m-->&amp#27;[39m &amp#27;[37mGET&amp#27;[39m &amp#27;[37m/session/dbe4db21-e6a9-4d05-bdbb-cc788eb5635e/element/0F000000-0000-0000-3355-000000000000/rect&amp#27;[39m {}
&amp#27;[38;5;200m[dbe4db21]&amp#27;[0m&amp#27;[38;5;-42m[XCUITestDriver@9d32 (dbe4db21)]&amp#27;[0m Driver proxy active, passing request on via HTTP proxy
&amp#27;[38;5;200m[dbe4db21]&amp#27;[0m&amp#27;[38;5;-42m[XCUITestDriver@9d32 (dbe4db21)]&amp#27;[0m Executing command 'proxyReqRes'
&amp#27;[38;5;200m[dbe4db21]&amp#27;[0m&amp#27;[38;5;-42m[XCUITestDriver@9d32 (dbe4db21)]&amp#27;[0m Matched '/session/dbe4db21-e6a9-4d05-bdbb-cc788eb5635e/element/0F000000-0000-0000-3355-000000000000/rect' to command name 'getElementRect'
&amp#27;[38;5;200m[dbe4db21]&amp#27;[0m&amp#27;[38;5;-42m[XCUITestDriver@9d32 (dbe4db21)]&amp#27;[0m Proxying [GET /session/dbe4db21-e6a9-4d05-bdbb-cc788eb5635e/element/0F000000-0000-0000-3355-000000000000/rect] to [GET http://127.0.0.1:8100/session/CE40ADAF-B139-4368-BB61-1EFAB337C153/element/0F000000-0000-0000-3355-000000000000/rect] with no body
&amp#27;[38;5;173m[Xcode]&amp#27;[0m     t =    40.35s Requesting snapshot of accessibility hierarchy for app with pid 21811
&amp#27;[38;5;173m[Xcode]&amp#27;[0m 
&amp#27;[38;5;173m[Xcode]&amp#27;[0m     t =    40.49s Find: Descendants matching type Any
&amp#27;[38;5;173m[Xcode]&amp#27;[0m 
&amp#27;[38;5;173m[Xcode]&amp#27;[0m     t =    40.49s Find: Elements matching predicate 'BLOCKPREDICATE(0x60000215ee80)'
&amp#27;[38;5;173m[Xcode]&amp#27;[0m 
&amp#27;[38;5;173m[Xcode]&amp#27;[0m     t =    40.50s Find: Identity Binding
&amp#27;[38;5;173m[Xcode]&amp#27;[0m 
&amp#27;[38;5;200m[dbe4db21]&amp#27;[0m&amp#27;[38;5;-42m[XCUITestDriver@9d32 (dbe4db21)]&amp#27;[0m Got response with status 200: {"value":{"y":0,"x":0,"width":390,"height":844},"sessionId":"CE40ADAF-B139-4368-BB61-1EFAB337C153"}
&amp#27;[38;5;200m[dbe4db21]&amp#27;[0m&amp#27;[38;5;-42m[XCUITestDriver@9d32 (dbe4db21)]&amp#27;[0m Replacing sessionId CE40ADAF-B139-4368-BB61-1EFAB337C153 with dbe4db21-e6a9-4d05-bdbb-cc788eb5635e
&amp#27;[38;5;200m[dbe4db21]&amp#27;[0m&amp#27;[38;5;86m[HTTP]&amp#27;[0m <-- GET /session/dbe4db21-e6a9-4d05-bdbb-cc788eb5635e/element/0F000000-0000-0000-3355-000000000000/rect 200 159 ms - 99 
&amp#27;[38;5;200m[dbe4db21]&amp#27;[0m&amp#27;[38;5;86m[HTTP]&amp#27;[0m &amp#27;[37m-->&amp#27;[39m &amp#27;[37mGET&amp#27;[39m &amp#27;[37m/session/dbe4db21-e6a9-4d05-bdbb-cc788eb5635e/element/0F000000-0000-0000-3355-000000000000/rect&amp#27;[39m {}
&amp#27;[38;5;200m[dbe4db21]&amp#27;[0m&amp#27;[38;5;-42m[XCUITestDriver@9d32 (dbe4db21)]&amp#27;[0m Driver proxy active, passing request on via HTTP proxy
&amp#27;[38;5;200m[dbe4db21]&amp#27;[0m&amp#27;[38;5;-42m[XCUITestDriver@9d32 (dbe4db21)]&amp#27;[0m Executing command 'proxyReqRes'
&amp#27;[38;5;200m[dbe4db21]&amp#27;[0m&amp#27;[38;5;-42m[XCUITestDriver@9d32 (dbe4db21)]&amp#27;[0m Matched '/session/dbe4db21-e6a9-4d05-bdbb-cc788eb5635e/element/0F000000-0000-0000-3355-000000000000/rect' to command name 'getElementRect'
&amp#27;[38;5;200m[dbe4db21]&amp#27;[0m&amp#27;[38;5;-42m[XCUITestDriver@9d32 (dbe4db21)]&amp#27;[0m Proxying [GET /session/dbe4db21-e6a9-4d05-bdbb-cc788eb5635e/element/0F000000-0000-0000-3355-000000000000/rect] to [GET http://127.0.0.1:8100/session/CE40ADAF-B139-4368-BB61-1EFAB337C153/element/0F000000-0000-0000-3355-000000000000/rect] with no body
&amp#27;[38;5;173m[Xcode]&amp#27;[0m     t =    40.52s Requesting snapshot of accessibility hierarchy for app with pid 21811
&amp#27;[38;5;173m[Xcode]&amp#27;[0m 
&amp#27;[38;5;173m[Xcode]&amp#27;[0m     t =    40.66s Find: Descendants matching type Any
&amp#27;[38;5;173m[Xcode]&amp#27;[0m 
&amp#27;[38;5;173m[Xcode]&amp#27;[0m     t =    40.66s Find: Elements matching predicate 'BLOCKPREDICATE(0x60000215ee80)'
&amp#27;[38;5;173m[Xcode]&amp#27;[0m 
&amp#27;[38;5;173m[Xcode]&amp#27;[0m     t =    40.67s Find: Identity Binding
&amp#27;[38;5;173m[Xcode]&amp#27;[0m 
&amp#27;[38;5;200m[dbe4db21]&amp#27;[0m&amp#27;[38;5;-42m[XCUITestDriver@9d32 (dbe4db21)]&amp#27;[0m Got response with status 200: {"value":{"y":0,"x":0,"width":390,"height":844},"sessionId":"CE40ADAF-B139-4368-BB61-1EFAB337C153"}
&amp#27;[38;5;200m[dbe4db21]&amp#27;[0m&amp#27;[38;5;-42m[XCUITestDriver@9d32 (dbe4db21)]&amp#27;[0m Replacing sessionId CE40ADAF-B139-4368-BB61-1EFAB337C153 with dbe4db21-e6a9-4d05-bdbb-cc788eb5635e
&amp#27;[38;5;200m[dbe4db21]&amp#27;[0m&amp#27;[38;5;86m[HTTP]&amp#27;[0m <-- GET /session/dbe4db21-e6a9-4d05-bdbb-cc788eb5635e/element/0F000000-0000-0000-3355-000000000000/rect 200 159 ms - 99 
&amp#27;[38;5;200m[dbe4db21]&amp#27;[0m&amp#27;[38;5;86m[HTTP]&amp#27;[0m &amp#27;[37m-->&amp#27;[39m &amp#27;[37mPOST&amp#27;[39m &amp#27;[37m/session/dbe4db21-e6a9-4d05-bdbb-cc788eb5635e/touch/perform&amp#27;[39m {"actions":[{"action":"press","options":{"x":5,"y":747}},{"action":"wait","options":{"ms":100}},{"action":"moveTo","options":{"x":5,"y":737}},{"action":"wait","options":{"ms":100}},{"action":"moveTo","options":{"x":5,"y":693}},{"action":"wait","options":{"ms":100}},{"action":"moveTo","options":{"x":6,"y":693}},{"action":"release","options":{}}]}
&amp#27;[38;5;200m[dbe4db21]&amp#27;[0m&amp#27;[38;5;-42m[XCUITestDriver@9d32 (dbe4db21)]&amp#27;[0m Calling AppiumDriver.performTouch() with args: [[{"action":"press","options":{"x":5,"y":747}},{"action":"wait","options":{"ms":100}},{"action":"moveTo","options":{"x":5,"y":737}},{"action":"wait","options":{"ms":100}},{"action":"moveTo","options":{"x":5,"y":693}},{"action":"wait","options":{"ms":100}},{"action":"moveTo","options":{"x":6,"y":693}},{"action":"release","options":{}}],"dbe4db21-e6a9-4d05-bdbb-cc788eb5635e"]
&amp#27;[38;5;200m[dbe4db21]&amp#27;[0m&amp#27;[38;5;-42m[XCUITestDriver@9d32 (dbe4db21)]&amp#27;[0m Executing command 'performTouch'
&amp#27;[38;5;200m[dbe4db21]&amp#27;[0m&amp#27;[38;5;-42m[XCUITestDriver@9d32 (dbe4db21)]&amp#27;[0m Received the following touch action: press(options={"x":5,"y":747})-wait(options={"ms":100})-moveTo(options={"x":5,"y":737})-wait(options={"ms":100})-moveTo(options={"x":5,"y":693})-wait(options={"ms":100})-moveTo(options={"x":6,"y":693})-release(options={})
&amp#27;[38;5;200m[dbe4db21]&amp#27;[0m&amp#27;[38;5;-42m[XCUITestDriver@9d32 (dbe4db21)]&amp#27;[0m Proxying [POST /wda/touch/perform] to [POST http://127.0.0.1:8100/session/CE40ADAF-B139-4368-BB61-1EFAB337C153/wda/touch/perform] with body: {"actions":[{"action":"press","options":{"x":5,"y":747}},{"action":"wait","options":{"ms":100}},{"action":"moveTo","options":{"x":5,"y":737}},{"action":"wait","options":{"ms":100}},{"action":"moveTo","options":{"x":5,"y":693}},{"action":"wait","options":{"ms":100}},{"action":"moveTo","options":{"x":6,"y":693}},{"action":"release","options":{}}]}
&amp#27;[38;5;173m[Xcode]&amp#27;[0m 2024-11-05 15:49:54.661414+0500 WebDriverAgentRunner-Runner[21804:212226] Getting the most recent active application (out of 1 total items)
&amp#27;[38;5;173m[Xcode]&amp#27;[0m 
&amp#27;[38;5;173m[Xcode]&amp#27;[0m     t =    40.69s Find the Application 'com.example.apple-samplecode.UICatalog'
&amp#27;[38;5;173m[Xcode]&amp#27;[0m 
&amp#27;[38;5;173m[Xcode]&amp#27;[0m     t =    40.70s     Requesting snapshot of accessibility hierarchy for app with pid 21811
&amp#27;[38;5;173m[Xcode]&amp#27;[0m 
&amp#27;[38;5;173m[Xcode]&amp#27;[0m     t =    40.77s Find the Application 'com.example.apple-samplecode.UICatalog'
&amp#27;[38;5;173m[Xcode]&amp#27;[0m 
&amp#27;[38;5;173m[Xcode]&amp#27;[0m     t =    40.77s     Requesting snapshot of accessibility hierarchy for app with pid 21811
&amp#27;[38;5;173m[Xcode]&amp#27;[0m 
&amp#27;[38;5;173m[Xcode]&amp#27;[0m     t =    40.84s Find the Application 'com.example.apple-samplecode.UICatalog'
&amp#27;[38;5;173m[Xcode]&amp#27;[0m 
&amp#27;[38;5;173m[Xcode]&amp#27;[0m     t =    40.84s     Requesting snapshot of accessibility hierarchy for app with pid 21811
&amp#27;[38;5;173m[Xcode]&amp#27;[0m 
&amp#27;[38;5;173m[Xcode]&amp#27;[0m     t =    40.91s Find the Application 'com.example.apple-samplecode.UICatalog'
&amp#27;[38;5;173m[Xcode]&amp#27;[0m 
&amp#27;[38;5;173m[Xcode]&amp#27;[0m     t =    40.91s     Requesting snapshot of accessibility hierarchy for app with pid 21811
&amp#27;[38;5;173m[Xcode]&amp#27;[0m 
&amp#27;[38;5;173m[Xcode]&amp#27;[0m 2024-11-05 15:49:55.577978+0500 WebDriverAgentRunner-Runner[21804:212226] Waiting up to 2s until com.example.apple-samplecode.UICatalog is in idle state (including animations)
&amp#27;[38;5;173m[Xcode]&amp#27;[0m 
&amp#27;[38;5;173m[Xcode]&amp#27;[0m     t =    41.61s Wait for com.example.apple-samplecode.UICatalog to idle
&amp#27;[38;5;173m[Xcode]&amp#27;[0m 
&amp#27;[38;5;200m[dbe4db21]&amp#27;[0m&amp#27;[38;5;-42m[XCUITestDriver@9d32 (dbe4db21)]&amp#27;[0m Got response with status 200: {"value":null,"sessionId":"CE40ADAF-B139-4368-BB61-1EFAB337C153"}
&amp#27;[38;5;200m[dbe4db21]&amp#27;[0m&amp#27;[38;5;-42m[XCUITestDriver@9d32 (dbe4db21)]&amp#27;[0m Responding to client with driver.performTouch() result: null
&amp#27;[38;5;200m[dbe4db21]&amp#27;[0m&amp#27;[38;5;86m[HTTP]&amp#27;[0m <-- POST /session/dbe4db21-e6a9-4d05-bdbb-cc788eb5635e/touch/perform 200 942 ms - 14 
&amp#27;[38;5;200m[dbe4db21]&amp#27;[0m&amp#27;[38;5;86m[HTTP]&amp#27;[0m &amp#27;[37m-->&amp#27;[39m &amp#27;[37mGET&amp#27;[39m &amp#27;[37m/session/dbe4db21-e6a9-4d05-bdbb-cc788eb5635e/element/0F000000-0000-0000-3355-000000000000/rect&amp#27;[39m {}
&amp#27;[38;5;200m[dbe4db21]&amp#27;[0m&amp#27;[38;5;-42m[XCUITestDriver@9d32 (dbe4db21)]&amp#27;[0m Driver proxy active, passing request on via HTTP proxy
&amp#27;[38;5;200m[dbe4db21]&amp#27;[0m&amp#27;[38;5;-42m[XCUITestDriver@9d32 (dbe4db21)]&amp#27;[0m Executing command 'proxyReqRes'
&amp#27;[38;5;200m[dbe4db21]&amp#27;[0m&amp#27;[38;5;-42m[XCUITestDriver@9d32 (dbe4db21)]&amp#27;[0m Matched '/session/dbe4db21-e6a9-4d05-bdbb-cc788eb5635e/element/0F000000-0000-0000-3355-000000000000/rect' to command name 'getElementRect'
&amp#27;[38;5;200m[dbe4db21]&amp#27;[0m&amp#27;[38;5;-42m[XCUITestDriver@9d32 (dbe4db21)]&amp#27;[0m Proxying [GET /session/dbe4db21-e6a9-4d05-bdbb-cc788eb5635e/element/0F000000-0000-0000-3355-000000000000/rect] to [GET http://127.0.0.1:8100/session/CE40ADAF-B139-4368-BB61-1EFAB337C153/element/0F000000-0000-0000-3355-000000000000/rect] with no body
&amp#27;[38;5;173m[Xcode]&amp#27;[0m     t =    41.63s Requesting snapshot of accessibility hierarchy for app with pid 21811
&amp#27;[38;5;173m[Xcode]&amp#27;[0m 
&amp#27;[38;5;173m[Xcode]&amp#27;[0m     t =    41.76s Find: Descendants matching type Any
&amp#27;[38;5;173m[Xcode]&amp#27;[0m 
&amp#27;[38;5;173m[Xcode]&amp#27;[0m     t =    41.77s Find: Elements matching predicate 'BLOCKPREDICATE(0x60000215ee80)'
&amp#27;[38;5;173m[Xcode]&amp#27;[0m 
&amp#27;[38;5;173m[Xcode]&amp#27;[0m     t =    41.77s Find: Identity Binding
&amp#27;[38;5;173m[Xcode]&amp#27;[0m 
&amp#27;[38;5;200m[dbe4db21]&amp#27;[0m&amp#27;[38;5;-42m[XCUITestDriver@9d32 (dbe4db21)]&amp#27;[0m Got response with status 200: {"value":{"y":0,"x":0,"width":390,"height":844},"sessionId":"CE40ADAF-B139-4368-BB61-1EFAB337C153"}
&amp#27;[38;5;200m[dbe4db21]&amp#27;[0m&amp#27;[38;5;-42m[XCUITestDriver@9d32 (dbe4db21)]&amp#27;[0m Replacing sessionId CE40ADAF-B139-4368-BB61-1EFAB337C153 with dbe4db21-e6a9-4d05-bdbb-cc788eb5635e
&amp#27;[38;5;200m[dbe4db21]&amp#27;[0m&amp#27;[38;5;86m[HTTP]&amp#27;[0m <-- GET /session/dbe4db21-e6a9-4d05-bdbb-cc788eb5635e/element/0F000000-0000-0000-3355-000000000000/rect 200 158 ms - 99 
&amp#27;[38;5;200m[dbe4db21]&amp#27;[0m&amp#27;[38;5;86m[HTTP]&amp#27;[0m &amp#27;[37m-->&amp#27;[39m &amp#27;[37mGET&amp#27;[39m &amp#27;[37m/session/dbe4db21-e6a9-4d05-bdbb-cc788eb5635e/element/0F000000-0000-0000-3355-000000000000/rect&amp#27;[39m {}
&amp#27;[38;5;200m[dbe4db21]&amp#27;[0m&amp#27;[38;5;-42m[XCUITestDriver@9d32 (dbe4db21)]&amp#27;[0m Driver proxy active, passing request on via HTTP proxy
&amp#27;[38;5;200m[dbe4db21]&amp#27;[0m&amp#27;[38;5;-42m[XCUITestDriver@9d32 (dbe4db21)]&amp#27;[0m Executing command 'proxyReqRes'
&amp#27;[38;5;200m[dbe4db21]&amp#27;[0m&amp#27;[38;5;-42m[XCUITestDriver@9d32 (dbe4db21)]&amp#27;[0m Matched '/session/dbe4db21-e6a9-4d05-bdbb-cc788eb5635e/element/0F000000-0000-0000-3355-000000000000/rect' to command name 'getElementRect'
&amp#27;[38;5;200m[dbe4db21]&amp#27;[0m&amp#27;[38;5;-42m[XCUITestDriver@9d32 (dbe4db21)]&amp#27;[0m Proxying [GET /session/dbe4db21-e6a9-4d05-bdbb-cc788eb5635e/element/0F000000-0000-0000-3355-000000000000/rect] to [GET http://127.0.0.1:8100/session/CE40ADAF-B139-4368-BB61-1EFAB337C153/element/0F000000-0000-0000-3355-000000000000/rect] with no body
&amp#27;[38;5;173m[Xcode]&amp#27;[0m     t =    41.79s Requesting snapshot of accessibility hierarchy for app with pid 21811
&amp#27;[38;5;173m[Xcode]&amp#27;[0m 
&amp#27;[38;5;173m[Xcode]&amp#27;[0m     t =    41.92s Find: Descendants matching type Any
&amp#27;[38;5;173m[Xcode]&amp#27;[0m 
&amp#27;[38;5;173m[Xcode]&amp#27;[0m     t =    41.92s Find: Elements matching predicate 'BLOCKPREDICATE(0x60000215ee80)'
&amp#27;[38;5;173m[Xcode]&amp#27;[0m 
&amp#27;[38;5;173m[Xcode]&amp#27;[0m     t =    41.93s Find: Identity Binding
&amp#27;[38;5;173m[Xcode]&amp#27;[0m 
&amp#27;[38;5;200m[dbe4db21]&amp#27;[0m&amp#27;[38;5;-42m[XCUITestDriver@9d32 (dbe4db21)]&amp#27;[0m Got response with status 200: {"value":{"y":0,"x":0,"width":390,"height":844},"sessionId":"CE40ADAF-B139-4368-BB61-1EFAB337C153"}
&amp#27;[38;5;200m[dbe4db21]&amp#27;[0m&amp#27;[38;5;-42m[XCUITestDriver@9d32 (dbe4db21)]&amp#27;[0m Replacing sessionId CE40ADAF-B139-4368-BB61-1EFAB337C153 with dbe4db21-e6a9-4d05-bdbb-cc788eb5635e
&amp#27;[38;5;200m[dbe4db21]&amp#27;[0m&amp#27;[38;5;86m[HTTP]&amp#27;[0m <-- GET /session/dbe4db21-e6a9-4d05-bdbb-cc788eb5635e/element/0F000000-0000-0000-3355-000000000000/rect 200 153 ms - 99 
&amp#27;[38;5;200m[dbe4db21]&amp#27;[0m&amp#27;[38;5;86m[HTTP]&amp#27;[0m &amp#27;[37m-->&amp#27;[39m &amp#27;[37mGET&amp#27;[39m &amp#27;[37m/session/dbe4db21-e6a9-4d05-bdbb-cc788eb5635e/screenshot&amp#27;[39m {}
&amp#27;[38;5;200m[dbe4db21]&amp#27;[0m&amp#27;[38;5;-42m[XCUITestDriver@9d32 (dbe4db21)]&amp#27;[0m Calling AppiumDriver.getScreenshot() with args: ["dbe4db21-e6a9-4d05-bdbb-cc788eb5635e"]
&amp#27;[38;5;200m[dbe4db21]&amp#27;[0m&amp#27;[38;5;-42m[XCUITestDriver@9d32 (dbe4db21)]&amp#27;[0m Executing command 'getScreenshot'
&amp#27;[38;5;200m[dbe4db21]&amp#27;[0m&amp#27;[38;5;-42m[XCUITestDriver@9d32 (dbe4db21)]&amp#27;[0m Taking screenshot with WDA
&amp#27;[38;5;200m[dbe4db21]&amp#27;[0m&amp#27;[38;5;-42m[XCUITestDriver@9d32 (dbe4db21)]&amp#27;[0m Matched '/screenshot' to command name 'getScreenshot'
&amp#27;[38;5;200m[dbe4db21]&amp#27;[0m&amp#27;[38;5;-42m[XCUITestDriver@9d32 (dbe4db21)]&amp#27;[0m Proxying [GET /screenshot] to [GET http://127.0.0.1:8100/session/CE40ADAF-B139-4368-BB61-1EFAB337C153/screenshot] with no body
&amp#27;[38;5;173m[Xcode]&amp#27;[0m 2024-11-05 15:49:56.012363+0500 WebDriverAgentRunner-Runner[21804:212226] The device under test does not support HEIC image encoding. Falling back to PNG
&amp#27;[38;5;173m[Xcode]&amp#27;[0m 
&amp#27;[38;5;200m[dbe4db21]&amp#27;[0m&amp#27;[38;5;-42m[XCUITestDriver@9d32 (dbe4db21)]&amp#27;[0m Got response with status 200: {"value":"iVBORw0KGgoAAAANSUhEUgAABJIAAAnkCAIAAADZI9xUAAAAAXNSR0IArs4c6QAAAERlWElmTU0AKgAAAAgAAgESAAMAAAABAAEAAIdpAAQAAAABAAAAJgAAAAAAAqACAAQAAAABAAAEkqADAAQAAAABAAAJ5AAAAAABhs8gAABAAElEQVR4Aey9CYAlVXX/392zsA8wA8gyLAoIIrIoqOBPQHZFFJGfGv+KSTTGROOKS9yTnwsqbiAxLmhCEheWIBBUhGgAFcEgOyqbgmyyyAwwM8DMdP+/n++5Va/e69c93T3dQy+nul/VrXvPPffc7z333HNe1avqXbp0aU/b1jswMNDbW7J0jBNye5zbO0BW30BPf2+P02QP9Cgtgqoep/y1cY6TqENapbDpUy3x7KFZ1yDfUlREPT39yT/xSf3J+YVFSfsQZjbtJ9rQueX6YkRy/R3wLGGSpP+Q/lVtJtI+rEH7QGigMCEihxiCVnyhqekTzU+FCu3xRW//wECf4gLlKhjo6VdsMX3iCy9b4OJpWcdMjrQGevuBrGzGjzPjo0iJqsRZEbZRP4IuQdUvwGT1Xc7OG7FVK4JTgOUa2omw2EW4m+tAKwO2kdeVv1mXnVjRbmmvLtF5i13yT3ya+llriRKpP8yO9vmb+KT9SfsZsyDtQ9qH9B/Sf0j/YWL9c3liig76HU7Yna8CZX/prJx+BWLEF8RhmGYZZoIDHXzqCMXhBsUKOnxxJ9bxaTF/B/odPRmOEq0GBAGHYlSuXxkBACg9B586Puojm4XdTBzdug7BG3XAyeEy010njIPDRJ8R90U4B52ydFWMa2ylKR0d3cFfIbM2SxljZv5kwTYOwSTO2LMl/8Qn9SdmZ86vsAlYi2pL+5D2Ie1D2ge7JZVRSPtQ/DcBkv6VQEj/01Njjfjn1jmFWlqjWaYVQkQU4hNClsr/1612lHNbXpDqQMwW8QAmzXXJmRb2TTNRV9LoE2GN4QAAh1dcmiJWcrFj2n7dzVj...
&amp#27;[38;5;200m[dbe4db21]&amp#27;[0m&amp#27;[38;5;-42m[XCUITestDriver@9d32 (dbe4db21)]&amp#27;[0m Responding to client with driver.getScreenshot() result: "iVBORw0KGgoAAAANSUhEUgAABJIAAAnkCAIAAADZI9xUAAAAAXNSR0IArs4c6QAAAERlWElmTU0AKgAAAAgAAgESAAMAAAABAAEAAIdpAAQAAAABAAAAJgAAAAAAAqACAAQAAAABAAAEkqADAAQAAAABAAAJ5AAAAAABhs8gAABAAElEQVR4Aey9CYAlVXX/392zsA8wA8gyLAoIIrIoqOBPQHZFFJGfGv+KSTTGROOKS9yTnwsqbiAxLmhCEheWIBBUhGgAFcEgOyqbgmyyyAwwM8DMdP+/n++5Va/e69c93T3dQy+nul/VrXvPPffc7z333HNe1avqXbp0aU/b1jswMNDbW7J0jBNye5zbO0BW30BPf2+P02QP9Cgtgqoep/y1cY6TqENapbDpUy3x7KFZ1yDfUlREPT39yT/xSf3J+YVFSfsQZjbtJ9rQueX6YkRy/R3wLGGSpP+Q/lVtJtI+rEH7QGigMCEihxiCVnyhqekTzU+FCu3xRW//wECf4gLlKhjo6VdsMX3iCy9b4OJpWcdMjrQGevuBrGzGjzPjo0iJqsRZEbZRP4IuQdUvwGT1Xc7OG7FVK4JTgOUa2omw2EW4m+tAKwO2kdeVv1mXnVjRbmmvLtF5i13yT3ya+llriRKpP8yO9vmb+KT9SfsZsyDtQ9qH9B/Sf0j/YWL9c3liig76HU7Yna8CZX/prJx+BWLEF8RhmGYZZoIDHXzqCMXhBsUKOnxxJ9bxaTF/B/odPRmOEq0GBAGHYlSuXxkBACg9B586Puojm4XdTBzdug7BG3XAyeEy010njIPDRJ8R90U4B52ydFWMa2ylKR0d3cFfIbM2SxljZv5kwTYOwSTO2LMl/8Qn9SdmZ86vsAlYi2pL+5D2Ie1D2ge7JZVRSPtQ/DcBkv6VQEj/01Njjfjn1jmFWlqjWaYVQkQU4hNClsr/1612lHNbXpDqQMwW8QAmzXXJmRb2TTNRV9LoE2GN4QAAh1dcmiJWcrFj2n7dzVjirwY+UYF4...
&amp#27;[38;5;200m[dbe4db21]&amp#27;[0m&amp#27;[38;5;86m[HTTP]&amp#27;[0m <-- GET /session/dbe4db21-e6a9-4d05-bdbb-cc788eb5635e/screenshot 200 144 ms - 446268 
&amp#27;[38;5;200m[dbe4db21]&amp#27;[0m&amp#27;[38;5;86m[HTTP]&amp#27;[0m &amp#27;[37m-->&amp#27;[39m &amp#27;[37mGET&amp#27;[39m &amp#27;[37m/session/dbe4db21-e6a9-4d05-bdbb-cc788eb5635e/element/0F000000-0000-0000-3355-000000000000/rect&amp#27;[39m {}
&amp#27;[38;5;200m[dbe4db21]&amp#27;[0m&amp#27;[38;5;-42m[XCUITestDriver@9d32 (dbe4db21)]&amp#27;[0m Driver proxy active, passing request on via HTTP proxy
&amp#27;[38;5;200m[dbe4db21]&amp#27;[0m&amp#27;[38;5;-42m[XCUITestDriver@9d32 (dbe4db21)]&amp#27;[0m Executing command 'proxyReqRes'
&amp#27;[38;5;200m[dbe4db21]&amp#27;[0m&amp#27;[38;5;-42m[XCUITestDriver@9d32 (dbe4db21)]&amp#27;[0m Matched '/session/dbe4db21-e6a9-4d05-bdbb-cc788eb5635e/element/0F000000-0000-0000-3355-000000000000/rect' to command name 'getElementRect'
&amp#27;[38;5;200m[dbe4db21]&amp#27;[0m&amp#27;[38;5;-42m[XCUITestDriver@9d32 (dbe4db21)]&amp#27;[0m Proxying [GET /session/dbe4db21-e6a9-4d05-bdbb-cc788eb5635e/element/0F000000-0000-0000-3355-000000000000/rect] to [GET http://127.0.0.1:8100/session/CE40ADAF-B139-4368-BB61-1EFAB337C153/element/0F000000-0000-0000-3355-000000000000/rect] with no body
&amp#27;[38;5;173m[Xcode]&amp#27;[0m     t =    42.19s Requesting snapshot of accessibility hierarchy for app with pid 21811
&amp#27;[38;5;173m[Xcode]&amp#27;[0m 
&amp#27;[38;5;173m[Xcode]&amp#27;[0m     t =    42.35s Find: Descendants matching type Any
&amp#27;[38;5;173m[Xcode]&amp#27;[0m 
&amp#27;[38;5;173m[Xcode]&amp#27;[0m     t =    42.36s Find: Elements matching predicate 'BLOCKPREDICATE(0x60000215ee80)'
&amp#27;[38;5;173m[Xcode]&amp#27;[0m 
&amp#27;[38;5;173m[Xcode]&amp#27;[0m     t =    42.36s Find: Identity Binding
&amp#27;[38;5;173m[Xcode]&amp#27;[0m 
&amp#27;[38;5;200m[dbe4db21]&amp#27;[0m&amp#27;[38;5;-42m[XCUITestDriver@9d32 (dbe4db21)]&amp#27;[0m Got response with status 200: {"value":{"y":0,"x":0,"width":390,"height":844},"sessionId":"CE40ADAF-B139-4368-BB61-1EFAB337C153"}
&amp#27;[38;5;200m[dbe4db21]&amp#27;[0m&amp#27;[38;5;-42m[XCUITestDriver@9d32 (dbe4db21)]&amp#27;[0m Replacing sessionId CE40ADAF-B139-4368-BB61-1EFAB337C153 with dbe4db21-e6a9-4d05-bdbb-cc788eb5635e
&amp#27;[38;5;200m[dbe4db21]&amp#27;[0m&amp#27;[38;5;86m[HTTP]&amp#27;[0m <-- GET /session/dbe4db21-e6a9-4d05-bdbb-cc788eb5635e/element/0F000000-0000-0000-3355-000000000000/rect 200 183 ms - 99 
&amp#27;[38;5;200m[dbe4db21]&amp#27;[0m&amp#27;[38;5;86m[HTTP]&amp#27;[0m &amp#27;[37m-->&amp#27;[39m &amp#27;[37mPOST&amp#27;[39m &amp#27;[37m/session/dbe4db21-e6a9-4d05-bdbb-cc788eb5635e/touch/perform&amp#27;[39m {"actions":[{"action":"press","options":{"x":5,"y":683}},{"action":"wait","options":{"ms":100}},{"action":"moveTo","options":{"x":5,"y":693}},{"action":"wait","options":{"ms":100}},{"action":"moveTo","options":{"x":5,"y":737}},{"action":"wait","options":{"ms":100}},{"action":"moveTo","options":{"x":6,"y":737}},{"action":"release","options":{}}]}
&amp#27;[38;5;200m[dbe4db21]&amp#27;[0m&amp#27;[38;5;-42m[XCUITestDriver@9d32 (dbe4db21)]&amp#27;[0m Calling AppiumDriver.performTouch() with args: [[{"action":"press","options":{"x":5,"y":683}},{"action":"wait","options":{"ms":100}},{"action":"moveTo","options":{"x":5,"y":693}},{"action":"wait","options":{"ms":100}},{"action":"moveTo","options":{"x":5,"y":737}},{"action":"wait","options":{"ms":100}},{"action":"moveTo","options":{"x":6,"y":737}},{"action":"release","options":{}}],"dbe4db21-e6a9-4d05-bdbb-cc788eb5635e"]
&amp#27;[38;5;200m[dbe4db21]&amp#27;[0m&amp#27;[38;5;-42m[XCUITestDriver@9d32 (dbe4db21)]&amp#27;[0m Executing command 'performTouch'
&amp#27;[38;5;200m[dbe4db21]&amp#27;[0m&amp#27;[38;5;-42m[XCUITestDriver@9d32 (dbe4db21)]&amp#27;[0m Received the following touch action: press(options={"x":5,"y":683})-wait(options={"ms":100})-moveTo(options={"x":5,"y":693})-wait(options={"ms":100})-moveTo(options={"x":5,"y":737})-wait(options={"ms":100})-moveTo(options={"x":6,"y":737})-release(options={})
&amp#27;[38;5;200m[dbe4db21]&amp#27;[0m&amp#27;[38;5;-42m[XCUITestDriver@9d32 (dbe4db21)]&amp#27;[0m Proxying [POST /wda/touch/perform] to [POST http://127.0.0.1:8100/session/CE40ADAF-B139-4368-BB61-1EFAB337C153/wda/touch/perform] with body: {"actions":[{"action":"press","options":{"x":5,"y":683}},{"action":"wait","options":{"ms":100}},{"action":"moveTo","options":{"x":5,"y":693}},{"action":"wait","options":{"ms":100}},{"action":"moveTo","options":{"x":5,"y":737}},{"action":"wait","options":{"ms":100}},{"action":"moveTo","options":{"x":6,"y":737}},{"action":"release","options":{}}]}
&amp#27;[38;5;173m[Xcode]&amp#27;[0m 2024-11-05 15:49:56.353609+0500 WebDriverAgentRunner-Runner[21804:212226] Getting the most recent active application (out of 1 total items)
&amp#27;[38;5;173m[Xcode]&amp#27;[0m 
&amp#27;[38;5;173m[Xcode]&amp#27;[0m     t =    42.39s Find the Application 'com.example.apple-samplecode.UICatalog'
&amp#27;[38;5;173m[Xcode]&amp#27;[0m 
&amp#27;[38;5;173m[Xcode]&amp#27;[0m     t =    42.39s     Requesting snapshot of accessibility hierarchy for app with pid 21811
&amp#27;[38;5;173m[Xcode]&amp#27;[0m 
&amp#27;[38;5;173m[Xcode]&amp#27;[0m     t =    42.46s Find the Application 'com.example.apple-samplecode.UICatalog'
&amp#27;[38;5;173m[Xcode]&amp#27;[0m 
&amp#27;[38;5;173m[Xcode]&amp#27;[0m     t =    42.46s     Requesting snapshot of accessibility hierarchy for app with pid 21811
&amp#27;[38;5;173m[Xcode]&amp#27;[0m 
&amp#27;[38;5;173m[Xcode]&amp#27;[0m     t =    42.53s Find the Application 'com.example.apple-samplecode.UICatalog'
&amp#27;[38;5;173m[Xcode]&amp#27;[0m 
&amp#27;[38;5;173m[Xcode]&amp#27;[0m     t =    42.53s     Requesting snapshot of accessibility hierarchy for app with pid 21811
&amp#27;[38;5;173m[Xcode]&amp#27;[0m 
&amp#27;[38;5;173m[Xcode]&amp#27;[0m     t =    42.61s Find the Application 'com.example.apple-samplecode.UICatalog'
&amp#27;[38;5;173m[Xcode]&amp#27;[0m 
&amp#27;[38;5;173m[Xcode]&amp#27;[0m     t =    42.61s     Requesting snapshot of accessibility hierarchy for app with pid 21811
&amp#27;[38;5;173m[Xcode]&amp#27;[0m 
&amp#27;[38;5;173m[Xcode]&amp#27;[0m 2024-11-05 15:49:57.269046+0500 WebDriverAgentRunner-Runner[21804:212226] Waiting up to 2s until com.example.apple-samplecode.UICatalog is in idle state (including animations)
&amp#27;[38;5;173m[Xcode]&amp#27;[0m 
&amp#27;[38;5;173m[Xcode]&amp#27;[0m     t =    43.30s Wait for com.example.apple-samplecode.UICatalog to idle
&amp#27;[38;5;173m[Xcode]&amp#27;[0m 
&amp#27;[38;5;200m[dbe4db21]&amp#27;[0m&amp#27;[38;5;-42m[XCUITestDriver@9d32 (dbe4db21)]&amp#27;[0m Got response with status 200: {"value":null,"sessionId":"CE40ADAF-B139-4368-BB61-1EFAB337C153"}
&amp#27;[38;5;200m[dbe4db21]&amp#27;[0m&amp#27;[38;5;-42m[XCUITestDriver@9d32 (dbe4db21)]&amp#27;[0m Responding to client with driver.performTouch() result: null
&amp#27;[38;5;200m[dbe4db21]&amp#27;[0m&amp#27;[38;5;86m[HTTP]&amp#27;[0m <-- POST /session/dbe4db21-e6a9-4d05-bdbb-cc788eb5635e/touch/perform 200 938 ms - 14 
&amp#27;[38;5;200m[dbe4db21]&amp#27;[0m&amp#27;[38;5;86m[HTTP]&amp#27;[0m &amp#27;[37m-->&amp#27;[39m &amp#27;[37mGET&amp#27;[39m &amp#27;[37m/session/dbe4db21-e6a9-4d05-bdbb-cc788eb5635e/element/0F000000-0000-0000-3355-000000000000/rect&amp#27;[39m {}
&amp#27;[38;5;200m[dbe4db21]&amp#27;[0m&amp#27;[38;5;-42m[XCUITestDriver@9d32 (dbe4db21)]&amp#27;[0m Driver proxy active, passing request on via HTTP proxy
&amp#27;[38;5;200m[dbe4db21]&amp#27;[0m&amp#27;[38;5;-42m[XCUITestDriver@9d32 (dbe4db21)]&amp#27;[0m Executing command 'proxyReqRes'
&amp#27;[38;5;200m[dbe4db21]&amp#27;[0m&amp#27;[38;5;-42m[XCUITestDriver@9d32 (dbe4db21)]&amp#27;[0m Matched '/session/dbe4db21-e6a9-4d05-bdbb-cc788eb5635e/element/0F000000-0000-0000-3355-000000000000/rect' to command name 'getElementRect'
&amp#27;[38;5;200m[dbe4db21]&amp#27;[0m&amp#27;[38;5;-42m[XCUITestDriver@9d32 (dbe4db21)]&amp#27;[0m Proxying [GET /session/dbe4db21-e6a9-4d05-bdbb-cc788eb5635e/element/0F000000-0000-0000-3355-000000000000/rect] to [GET http://127.0.0.1:8100/session/CE40ADAF-B139-4368-BB61-1EFAB337C153/element/0F000000-0000-0000-3355-000000000000/rect] with no body
&amp#27;[38;5;173m[Xcode]&amp#27;[0m     t =    43.32s Requesting snapshot of accessibility hierarchy for app with pid 21811
&amp#27;[38;5;173m[Xcode]&amp#27;[0m 
&amp#27;[38;5;173m[Xcode]&amp#27;[0m     t =    43.46s Find: Descendants matching type Any
&amp#27;[38;5;173m[Xcode]&amp#27;[0m 
&amp#27;[38;5;173m[Xcode]&amp#27;[0m     t =    43.46s Find: Elements matching predicate 'BLOCKPREDICATE(0x60000215ee80)'
&amp#27;[38;5;173m[Xcode]&amp#27;[0m 
&amp#27;[38;5;173m[Xcode]&amp#27;[0m     t =    43.47s Find: Identity Binding
&amp#27;[38;5;173m[Xcode]&amp#27;[0m 
&amp#27;[38;5;200m[dbe4db21]&amp#27;[0m&amp#27;[38;5;-42m[XCUITestDriver@9d32 (dbe4db21)]&amp#27;[0m Got response with status 200: {"value":{"y":0,"x":0,"width":390,"height":844},"sessionId":"CE40ADAF-B139-4368-BB61-1EFAB337C153"}
&amp#27;[38;5;200m[dbe4db21]&amp#27;[0m&amp#27;[38;5;-42m[XCUITestDriver@9d32 (dbe4db21)]&amp#27;[0m Replacing sessionId CE40ADAF-B139-4368-BB61-1EFAB337C153 with dbe4db21-e6a9-4d05-bdbb-cc788eb5635e
&amp#27;[38;5;200m[dbe4db21]&amp#27;[0m&amp#27;[38;5;86m[HTTP]&amp#27;[0m <-- GET /session/dbe4db21-e6a9-4d05-bdbb-cc788eb5635e/element/0F000000-0000-0000-3355-000000000000/rect 200 160 ms - 99 
&amp#27;[38;5;200m[dbe4db21]&amp#27;[0m&amp#27;[38;5;86m[HTTP]&amp#27;[0m &amp#27;[37m-->&amp#27;[39m &amp#27;[37mGET&amp#27;[39m &amp#27;[37m/session/dbe4db21-e6a9-4d05-bdbb-cc788eb5635e/context&amp#27;[39m {}
&amp#27;[38;5;200m[dbe4db21]&amp#27;[0m&amp#27;[38;5;-42m[XCUITestDriver@9d32 (dbe4db21)]&amp#27;[0m Calling AppiumDriver.getCurrentContext() with args: ["dbe4db21-e6a9-4d05-bdbb-cc788eb5635e"]
&amp#27;[38;5;200m[dbe4db21]&amp#27;[0m&amp#27;[38;5;-42m[XCUITestDriver@9d32 (dbe4db21)]&amp#27;[0m Executing command 'getCurrentContext'
&amp#27;[38;5;200m[dbe4db21]&amp#27;[0m&amp#27;[38;5;-42m[XCUITestDriver@9d32 (dbe4db21)]&amp#27;[0m Responding to client with driver.getCurrentContext() result: "NATIVE_APP"
&amp#27;[38;5;200m[dbe4db21]&amp#27;[0m&amp#27;[38;5;86m[HTTP]&amp#27;[0m <-- GET /session/dbe4db21-e6a9-4d05-bdbb-cc788eb5635e/context 200 1 ms - 22 
&amp#27;[38;5;200m[dbe4db21]&amp#27;[0m&amp#27;[38;5;86m[HTTP]&amp#27;[0m &amp#27;[37m-->&amp#27;[39m &amp#27;[37mPOST&amp#27;[39m &amp#27;[37m/session/dbe4db21-e6a9-4d05-bdbb-cc788eb5635e/element&amp#27;[39m {"value":"Alert Views","using":"accessibility id"}
&amp#27;[38;5;200m[dbe4db21]&amp#27;[0m&amp#27;[38;5;-42m[XCUITestDriver@9d32 (dbe4db21)]&amp#27;[0m Calling AppiumDriver.findElement() with args: ["accessibility id","Alert Views","dbe4db21-e6a9-4d05-bdbb-cc788eb5635e"]
&amp#27;[38;5;200m[dbe4db21]&amp#27;[0m&amp#27;[38;5;-42m[XCUITestDriver@9d32 (dbe4db21)]&amp#27;[0m Executing command 'findElement'
&amp#27;[38;5;200m[dbe4db21]&amp#27;[0m&amp#27;[38;5;-42m[XCUITestDriver@9d32 (dbe4db21)]&amp#27;[0m Valid locator strategies for this request: xpath, id, name, class name, -ios predicate string, -ios class chain, accessibility id, css selector
&amp#27;[38;5;200m[dbe4db21]&amp#27;[0m&amp#27;[38;5;-42m[XCUITestDriver@9d32 (dbe4db21)]&amp#27;[0m Waiting up to 10000 ms for condition
&amp#27;[38;5;200m[dbe4db21]&amp#27;[0m&amp#27;[38;5;-42m[XCUITestDriver@9d32 (dbe4db21)]&amp#27;[0m Matched '/element' to command name 'findElement'
&amp#27;[38;5;200m[dbe4db21]&amp#27;[0m&amp#27;[38;5;-42m[XCUITestDriver@9d32 (dbe4db21)]&amp#27;[0m Proxying [POST /element] to [POST http://127.0.0.1:8100/session/CE40ADAF-B139-4368-BB61-1EFAB337C153/element] with body: {"using":"accessibility id","value":"Alert Views"}
&amp#27;[38;5;173m[Xcode]&amp#27;[0m 2024-11-05 15:49:58.127057+0500 WebDriverAgentRunner-Runner[21804:212226] Getting the most recent active application (out of 1 total items)
&amp#27;[38;5;173m[Xcode]&amp#27;[0m 
&amp#27;[38;5;173m[Xcode]&amp#27;[0m     t =    44.16s Get all elements bound by accessibility element for: Elements matching predicate 'BLOCKPREDICATE(0x6000020e4300)'
&amp#27;[38;5;173m[Xcode]&amp#27;[0m 
&amp#27;[38;5;173m[Xcode]&amp#27;[0m     t =    44.16s     Requesting snapshot of accessibility hierarchy for app with pid 21811
&amp#27;[38;5;173m[Xcode]&amp#27;[0m 
&amp#27;[38;5;173m[Xcode]&amp#27;[0m     t =    44.32s     Find: Descendants matching type Any
&amp#27;[38;5;173m[Xcode]&amp#27;[0m 
&amp#27;[38;5;173m[Xcode]&amp#27;[0m     t =    44.32s     Find: Elements matching predicate 'BLOCKPREDICATE(0x6000020e4300)'
&amp#27;[38;5;173m[Xcode]&amp#27;[0m 
&amp#27;[38;5;173m[Xcode]&amp#27;[0m     t =    44.33s Requesting snapshot of accessibility hierarchy for app with pid 21811
&amp#27;[38;5;173m[Xcode]&amp#27;[0m 
&amp#27;[38;5;173m[Xcode]&amp#27;[0m     t =    44.53s Find: Descendants matching type Any
&amp#27;[38;5;173m[Xcode]&amp#27;[0m 
&amp#27;[38;5;173m[Xcode]&amp#27;[0m     t =    44.54s Find: Elements matching predicate 'BLOCKPREDICATE(0x6000020e4300)'
&amp#27;[38;5;173m[Xcode]&amp#27;[0m 
&amp#27;[38;5;173m[Xcode]&amp#27;[0m     t =    44.54s Find: Identity Binding
&amp#27;[38;5;173m[Xcode]&amp#27;[0m 
&amp#27;[38;5;200m[dbe4db21]&amp#27;[0m&amp#27;[38;5;-42m[XCUITestDriver@9d32 (dbe4db21)]&amp#27;[0m Got response with status 200: {"value":{"ELEMENT":"2A000000-0000-0000-3355-000000000000","element-6066-11e4-a52e-4f735466cecf":"2A000000-0000-0000-3355-000000000000"},"sessionId":"CE40ADAF-B139-4368-BB61-1EFAB337C153"}
&amp#27;[38;5;200m[dbe4db21]&amp#27;[0m&amp#27;[38;5;-42m[XCUITestDriver@9d32 (dbe4db21)]&amp#27;[0m Responding to client with driver.findElement() result: {"element-6066-11e4-a52e-4f735466cecf":"2A000000-0000-0000-3355-000000000000","ELEMENT":"2A000000-0000-0000-3355-000000000000"}
&amp#27;[38;5;200m[dbe4db21]&amp#27;[0m&amp#27;[38;5;86m[HTTP]&amp#27;[0m <-- POST /session/dbe4db21-e6a9-4d05-bdbb-cc788eb5635e/element 200 396 ms - 137 
&amp#27;[38;5;200m[dbe4db21]&amp#27;[0m&amp#27;[38;5;86m[HTTP]&amp#27;[0m &amp#27;[37m-->&amp#27;[39m &amp#27;[37mPOST&amp#27;[39m &amp#27;[37m/session/dbe4db21-e6a9-4d05-bdbb-cc788eb5635e/element/2A000000-0000-0000-3355-000000000000/click&amp#27;[39m {"id":"2A000000-0000-0000-3355-000000000000"}
&amp#27;[38;5;200m[dbe4db21]&amp#27;[0m&amp#27;[38;5;-42m[XCUITestDriver@9d32 (dbe4db21)]&amp#27;[0m Driver proxy active, passing request on via HTTP proxy
&amp#27;[38;5;200m[dbe4db21]&amp#27;[0m&amp#27;[38;5;-42m[XCUITestDriver@9d32 (dbe4db21)]&amp#27;[0m Executing command 'proxyReqRes'
&amp#27;[38;5;200m[dbe4db21]&amp#27;[0m&amp#27;[38;5;-42m[XCUITestDriver@9d32 (dbe4db21)]&amp#27;[0m Matched '/session/dbe4db21-e6a9-4d05-bdbb-cc788eb5635e/element/2A000000-0000-0000-3355-000000000000/click' to command name 'click'
&amp#27;[38;5;200m[dbe4db21]&amp#27;[0m&amp#27;[38;5;-42m[XCUITestDriver@9d32 (dbe4db21)]&amp#27;[0m Proxying [POST /session/dbe4db21-e6a9-4d05-bdbb-cc788eb5635e/element/2A000000-0000-0000-3355-000000000000/click] to [POST http://127.0.0.1:8100/session/CE40ADAF-B139-4368-BB61-1EFAB337C153/element/2A000000-0000-0000-3355-000000000000/click] with body: {"id":"2A000000-0000-0000-3355-000000000000"}
&amp#27;[38;5;173m[Xcode]&amp#27;[0m     t =    44.56s Requesting snapshot of accessibility hierarchy for app with pid 21811
&amp#27;[38;5;173m[Xcode]&amp#27;[0m 
&amp#27;[38;5;173m[Xcode]&amp#27;[0m     t =    44.71s Find: Descendants matching type Any
&amp#27;[38;5;173m[Xcode]&amp#27;[0m 
&amp#27;[38;5;173m[Xcode]&amp#27;[0m     t =    44.72s Find: Elements matching predicate 'BLOCKPREDICATE(0x6000020e4300)'
&amp#27;[38;5;173m[Xcode]&amp#27;[0m 
&amp#27;[38;5;173m[Xcode]&amp#27;[0m     t =    44.72s Find: Identity Binding
&amp#27;[38;5;173m[Xcode]&amp#27;[0m 
&amp#27;[38;5;173m[Xcode]&amp#27;[0m     t =    44.73s Tap "Alert Views" StaticText
&amp#27;[38;5;173m[Xcode]&amp#27;[0m 
&amp#27;[38;5;173m[Xcode]&amp#27;[0m 2024-11-05 15:49:58.697630+0500 WebDriverAgentRunner-Runner[21804:212226] Waiting up to 10s until com.example.apple-samplecode.UICatalog is in idle state (including animations)
&amp#27;[38;5;173m[Xcode]&amp#27;[0m 
&amp#27;[38;5;173m[Xcode]&amp#27;[0m     t =    44.73s     Wait for com.example.apple-samplecode.UICatalog to idle
&amp#27;[38;5;173m[Xcode]&amp#27;[0m 
&amp#27;[38;5;173m[Xcode]&amp#27;[0m     t =    44.74s     Find the "Alert Views" StaticText
&amp#27;[38;5;173m[Xcode]&amp#27;[0m 
&amp#27;[38;5;173m[Xcode]&amp#27;[0m     t =    44.74s         Requesting snapshot of accessibility hierarchy for app with pid 21811
&amp#27;[38;5;173m[Xcode]&amp#27;[0m 
&amp#27;[38;5;173m[Xcode]&amp#27;[0m     t =    44.89s         Find: Descendants matching type Any
&amp#27;[38;5;173m[Xcode]&amp#27;[0m 
&amp#27;[38;5;173m[Xcode]&amp#27;[0m     t =    44.89s         Find: Elements matching predicate 'BLOCKPREDICATE(0x6000020e4300)'
&amp#27;[38;5;173m[Xcode]&amp#27;[0m 
&amp#27;[38;5;173m[Xcode]&amp#27;[0m     t =    44.89s         Find: Identity Binding
&amp#27;[38;5;173m[Xcode]&amp#27;[0m 
&amp#27;[38;5;173m[Xcode]&amp#27;[0m     t =    44.90s Application is configured to skip UI interruption handling
&amp#27;[38;5;173m[Xcode]&amp#27;[0m 
&amp#27;[38;5;173m[Xcode]&amp#27;[0m     t =    44.90s     Synthesize event
&amp#27;[38;5;173m[Xcode]&amp#27;[0m 
&amp#27;[38;5;173m[Xcode]&amp#27;[0m 2024-11-05 15:49:59.166050+0500 WebDriverAgentRunner-Runner[21804:212226] Waiting up to 10s until com.example.apple-samplecode.UICatalog is in idle state (including animations)
&amp#27;[38;5;173m[Xcode]&amp#27;[0m 
&amp#27;[38;5;173m[Xcode]&amp#27;[0m     t =    45.20s     Wait for com.example.apple-samplecode.UICatalog to idle
&amp#27;[38;5;173m[Xcode]&amp#27;[0m 
&amp#27;[38;5;200m[dbe4db21]&amp#27;[0m&amp#27;[38;5;-42m[XCUITestDriver@9d32 (dbe4db21)]&amp#27;[0m Got response with status 200: {"value":null,"sessionId":"CE40ADAF-B139-4368-BB61-1EFAB337C153"}
&amp#27;[38;5;200m[dbe4db21]&amp#27;[0m&amp#27;[38;5;-42m[XCUITestDriver@9d32 (dbe4db21)]&amp#27;[0m Replacing sessionId CE40ADAF-B139-4368-BB61-1EFAB337C153 with dbe4db21-e6a9-4d05-bdbb-cc788eb5635e
&amp#27;[38;5;200m[dbe4db21]&amp#27;[0m&amp#27;[38;5;86m[HTTP]&amp#27;[0m <-- POST /session/dbe4db21-e6a9-4d05-bdbb-cc788eb5635e/element/2A000000-0000-0000-3355-000000000000/click 200 1056 ms - 65 
&amp#27;[38;5;200m[dbe4db21]&amp#27;[0m&amp#27;[38;5;86m[HTTP]&amp#27;[0m &amp#27;[37m-->&amp#27;[39m &amp#27;[37mPOST&amp#27;[39m &amp#27;[37m/session/dbe4db21-e6a9-4d05-bdbb-cc788eb5635e/execute/sync&amp#27;[39m {"script":"return (function(arg){\nvar s=function(){\"use strict\";function t(t){return t&&t.__esModule&&Object.prototype.hasOwnProperty.call(t,\"default\")?t.default:t}var e=function(t){var e=(void 0===t?[]:t)[0],n=\"\",r=e.ownerDocument;if(!r)return n;for(var o=e;o!==r;){var a=Array.prototype.filter.call(o.parentNode.childNodes,(function(t){return t.tagName===o.tagName})).indexOf(o);n=\"/\"+o.tagName+\"[\"+(a+1)+\"]\"+n,o=o.parentNode}return n};return t((function(){var t,n,r;try{t=window.top.document===window.document||\"root-context\"===window.parent.document[\"applitools-marker\"]}catch(e){t=!1}try{n=!window.parent.document===window.document}catch(t){n=!0}if(!n)try{r=e([window.frameElement])}catch(t){r=null}return[document.documentElement,r,t,n]}))}();\nreturn s(arg)\n}).apply(null, arguments)","args":[null]}
&amp#27;[38;5;200m[dbe4db21]&amp#27;[0m&amp#27;[38;5;-42m[XCUITestDriver@9d32 (dbe4db21)]&amp#27;[0m Calling AppiumDriver.execute() with args: ["return (function(arg){\nvar s=function(){\"use strict\";function t(t){return t&&t.__esModule&&Object.prototype.hasOwnProperty.call(t,\"default\")?t.default:t}var e=function(t){var e=(void 0===t?[]:t)[0],n=\"\",r=e.ownerDocument;if(!r)return n;for(var o=e;o!==r;){var a=Array.prototype.filter.call(o.parentNode.childNodes,(function(t){return t.tagName===o.tagName})).indexOf(o);n=\"/\"+o.tagName+\"[\"+(a+1)+\"]\"+n,o=o.parentNode}return n};return t((function(){var t,n,r;try{t=window.top.document===window.document||\"root-context\"===window.parent.document[\"applitools-marker\"]}catch(e){t=!1}try{n=!window.parent.document===window.document}catch(t){n=!0}if(!n)try{r=e([window.frameElement])}catch(t){r=null}return[document.documentElement,r,t,n]}))}();\nreturn s(arg)\n}).apply(null, arguments)",[null],"dbe4db21-e6a9-4d05-bdbb-cc788eb5635e"]
&amp#27;[38;5;200m[dbe4db21]&amp#27;[0m&amp#27;[38;5;-42m[XCUITestDriver@9d32 (dbe4db21)]&amp#27;[0m Executing command 'execute'
&amp#27;[38;5;200m[dbe4db21]&amp#27;[0m&amp#27;[38;5;-42m[XCUITestDriver@9d32 (dbe4db21)]&amp#27;[0m Encountered internal error running command: NotImplementedError: Method is not implemented
&amp#27;[38;5;200m[dbe4db21]&amp#27;[0m&amp#27;[38;5;-42m[XCUITestDriver@9d32 (dbe4db21)]&amp#27;[0m     at XCUITestDriver.execute (/Users/oikhlas/.appium/node_modules/appium-xcuitest-driver/lib/commands/execute.js:124:13)
&amp#27;[38;5;200m[dbe4db21]&amp#27;[0m&amp#27;[38;5;-42m[XCUITestDriver@9d32 (dbe4db21)]&amp#27;[0m     at commandExecutor (/Users/oikhlas/node_modules/@appium/base-driver/lib/basedriver/driver.ts:107:18)
&amp#27;[38;5;200m[dbe4db21]&amp#27;[0m&amp#27;[38;5;-42m[XCUITestDriver@9d32 (dbe4db21)]&amp#27;[0m     at /Users/oikhlas/node_modules/async-lock/lib/index.js:171:12
&amp#27;[38;5;200m[dbe4db21]&amp#27;[0m&amp#27;[38;5;-42m[XCUITestDriver@9d32 (dbe4db21)]&amp#27;[0m     at AsyncLock._promiseTry (/Users/oikhlas/node_modules/async-lock/lib/index.js:304:31)
&amp#27;[38;5;200m[dbe4db21]&amp#27;[0m&amp#27;[38;5;-42m[XCUITestDriver@9d32 (dbe4db21)]&amp#27;[0m     at exec (/Users/oikhlas/node_modules/async-lock/lib/index.js:170:9)
&amp#27;[38;5;200m[dbe4db21]&amp#27;[0m&amp#27;[38;5;-42m[XCUITestDriver@9d32 (dbe4db21)]&amp#27;[0m     at AsyncLock.acquire (/Users/oikhlas/node_modules/async-lock/lib/index.js:187:3)
&amp#27;[38;5;200m[dbe4db21]&amp#27;[0m&amp#27;[38;5;-42m[XCUITestDriver@9d32 (dbe4db21)]&amp#27;[0m     at XCUITestDriver.executeCommand (/Users/oikhlas/node_modules/@appium/base-driver/lib/basedriver/driver.ts:123:39)
&amp#27;[38;5;200m[dbe4db21]&amp#27;[0m&amp#27;[38;5;-42m[XCUITestDriver@9d32 (dbe4db21)]&amp#27;[0m     at processTicksAndRejections (node:internal/process/task_queues:95:5)
&amp#27;[38;5;200m[dbe4db21]&amp#27;[0m&amp#27;[38;5;-42m[XCUITestDriver@9d32 (dbe4db21)]&amp#27;[0m     at XCUITestDriver.executeCommand (/Users/oikhlas/.appium/node_modules/appium-xcuitest-driver/lib/driver.js:1082:12)
&amp#27;[38;5;200m[dbe4db21]&amp#27;[0m&amp#27;[38;5;-42m[XCUITestDriver@9d32 (dbe4db21)]&amp#27;[0m     at defaultBehavior (/Users/oikhlas/.nvm/versions/node/v18.16.1/lib/node_modules/appium/lib/appium.js:1135:14)
&amp#27;[38;5;200m[dbe4db21]&amp#27;[0m&amp#27;[38;5;-42m[XCUITestDriver@9d32 (dbe4db21)]&amp#27;[0m     at AppiumDriver.executeWrappedCommand (/Users/oikhlas/.nvm/versions/node/v18.16.1/lib/node_modules/appium/lib/appium.js:1241:16)
&amp#27;[38;5;200m[dbe4db21]&amp#27;[0m&amp#27;[38;5;-42m[XCUITestDriver@9d32 (dbe4db21)]&amp#27;[0m     at AppiumDriver.executeCommand (/Users/oikhlas/.nvm/versions/node/v18.16.1/lib/node_modules/appium/lib/appium.js:1147:17)
&amp#27;[38;5;200m[dbe4db21]&amp#27;[0m&amp#27;[38;5;-42m[XCUITestDriver@9d32 (dbe4db21)]&amp#27;[0m     at asyncHandler (/Users/oikhlas/.nvm/versions/node/v18.16.1/lib/node_modules/appium/node_modules/@appium/base-driver/lib/protocol/protocol.js:387:19)
&amp#27;[38;5;200m[dbe4db21]&amp#27;[0m&amp#27;[38;5;86m[HTTP]&amp#27;[0m <-- POST /session/dbe4db21-e6a9-4d05-bdbb-cc788eb5635e/execute/sync 405 2 ms - 1529 
&amp#27;[38;5;200m[dbe4db21]&amp#27;[0m&amp#27;[38;5;86m[HTTP]&amp#27;[0m &amp#27;[37m-->&amp#27;[39m &amp#27;[37mPOST&amp#27;[39m &amp#27;[37m/session/dbe4db21-e6a9-4d05-bdbb-cc788eb5635e/execute/sync&amp#27;[39m {"script":"return (function(arg){\nvar s=function(){\"use strict\";function t(t){return t&&t.__esModule&&Object.prototype.hasOwnProperty.call(t,\"default\")?t.default:t}var e=function(t){var e=(void 0===t?[]:t)[0],n=\"\",r=e.ownerDocument;if(!r)return n;for(var o=e;o!==r;){var a=Array.prototype.filter.call(o.parentNode.childNodes,(function(t){return t.tagName===o.tagName})).indexOf(o);n=\"/\"+o.tagName+\"[\"+(a+1)+\"]\"+n,o=o.parentNode}return n};return t((function(){var t,n,r;try{t=window.top.document===window.document||\"root-context\"===window.parent.document[\"applitools-marker\"]}catch(e){t=!1}try{n=!window.parent.document===window.document}catch(t){n=!0}if(!n)try{r=e([window.frameElement])}catch(t){r=null}return[document.documentElement,r,t,n]}))}();\nreturn s(arg)\n}).apply(null, arguments)","args":[null]}
&amp#27;[38;5;200m[dbe4db21]&amp#27;[0m&amp#27;[38;5;-42m[XCUITestDriver@9d32 (dbe4db21)]&amp#27;[0m Calling AppiumDriver.execute() with args: ["return (function(arg){\nvar s=function(){\"use strict\";function t(t){return t&&t.__esModule&&Object.prototype.hasOwnProperty.call(t,\"default\")?t.default:t}var e=function(t){var e=(void 0===t?[]:t)[0],n=\"\",r=e.ownerDocument;if(!r)return n;for(var o=e;o!==r;){var a=Array.prototype.filter.call(o.parentNode.childNodes,(function(t){return t.tagName===o.tagName})).indexOf(o);n=\"/\"+o.tagName+\"[\"+(a+1)+\"]\"+n,o=o.parentNode}return n};return t((function(){var t,n,r;try{t=window.top.document===window.document||\"root-context\"===window.parent.document[\"applitools-marker\"]}catch(e){t=!1}try{n=!window.parent.document===window.document}catch(t){n=!0}if(!n)try{r=e([window.frameElement])}catch(t){r=null}return[document.documentElement,r,t,n]}))}();\nreturn s(arg)\n}).apply(null, arguments)",[null],"dbe4db21-e6a9-4d05-bdbb-cc788eb5635e"]
&amp#27;[38;5;200m[dbe4db21]&amp#27;[0m&amp#27;[38;5;-42m[XCUITestDriver@9d32 (dbe4db21)]&amp#27;[0m Executing command 'execute'
&amp#27;[38;5;200m[dbe4db21]&amp#27;[0m&amp#27;[38;5;-42m[XCUITestDriver@9d32 (dbe4db21)]&amp#27;[0m Encountered internal error running command: NotImplementedError: Method is not implemented
&amp#27;[38;5;200m[dbe4db21]&amp#27;[0m&amp#27;[38;5;-42m[XCUITestDriver@9d32 (dbe4db21)]&amp#27;[0m     at XCUITestDriver.execute (/Users/oikhlas/.appium/node_modules/appium-xcuitest-driver/lib/commands/execute.js:124:13)
&amp#27;[38;5;200m[dbe4db21]&amp#27;[0m&amp#27;[38;5;-42m[XCUITestDriver@9d32 (dbe4db21)]&amp#27;[0m     at commandExecutor (/Users/oikhlas/node_modules/@appium/base-driver/lib/basedriver/driver.ts:107:18)
&amp#27;[38;5;200m[dbe4db21]&amp#27;[0m&amp#27;[38;5;-42m[XCUITestDriver@9d32 (dbe4db21)]&amp#27;[0m     at /Users/oikhlas/node_modules/async-lock/lib/index.js:171:12
&amp#27;[38;5;200m[dbe4db21]&amp#27;[0m&amp#27;[38;5;-42m[XCUITestDriver@9d32 (dbe4db21)]&amp#27;[0m     at AsyncLock._promiseTry (/Users/oikhlas/node_modules/async-lock/lib/index.js:304:31)
&amp#27;[38;5;200m[dbe4db21]&amp#27;[0m&amp#27;[38;5;-42m[XCUITestDriver@9d32 (dbe4db21)]&amp#27;[0m     at exec (/Users/oikhlas/node_modules/async-lock/lib/index.js:170:9)
&amp#27;[38;5;200m[dbe4db21]&amp#27;[0m&amp#27;[38;5;-42m[XCUITestDriver@9d32 (dbe4db21)]&amp#27;[0m     at AsyncLock.acquire (/Users/oikhlas/node_modules/async-lock/lib/index.js:187:3)
&amp#27;[38;5;200m[dbe4db21]&amp#27;[0m&amp#27;[38;5;-42m[XCUITestDriver@9d32 (dbe4db21)]&amp#27;[0m     at XCUITestDriver.executeCommand (/Users/oikhlas/node_modules/@appium/base-driver/lib/basedriver/driver.ts:123:39)
&amp#27;[38;5;200m[dbe4db21]&amp#27;[0m&amp#27;[38;5;-42m[XCUITestDriver@9d32 (dbe4db21)]&amp#27;[0m     at processTicksAndRejections (node:internal/process/task_queues:95:5)
&amp#27;[38;5;200m[dbe4db21]&amp#27;[0m&amp#27;[38;5;-42m[XCUITestDriver@9d32 (dbe4db21)]&amp#27;[0m     at XCUITestDriver.executeCommand (/Users/oikhlas/.appium/node_modules/appium-xcuitest-driver/lib/driver.js:1082:12)
&amp#27;[38;5;200m[dbe4db21]&amp#27;[0m&amp#27;[38;5;-42m[XCUITestDriver@9d32 (dbe4db21)]&amp#27;[0m     at defaultBehavior (/Users/oikhlas/.nvm/versions/node/v18.16.1/lib/node_modules/appium/lib/appium.js:1135:14)
&amp#27;[38;5;200m[dbe4db21]&amp#27;[0m&amp#27;[38;5;-42m[XCUITestDriver@9d32 (dbe4db21)]&amp#27;[0m     at AppiumDriver.executeWrappedCommand (/Users/oikhlas/.nvm/versions/node/v18.16.1/lib/node_modules/appium/lib/appium.js:1241:16)
&amp#27;[38;5;200m[dbe4db21]&amp#27;[0m&amp#27;[38;5;-42m[XCUITestDriver@9d32 (dbe4db21)]&amp#27;[0m     at AppiumDriver.executeCommand (/Users/oikhlas/.nvm/versions/node/v18.16.1/lib/node_modules/appium/lib/appium.js:1147:17)
&amp#27;[38;5;200m[dbe4db21]&amp#27;[0m&amp#27;[38;5;-42m[XCUITestDriver@9d32 (dbe4db21)]&amp#27;[0m     at asyncHandler (/Users/oikhlas/.nvm/versions/node/v18.16.1/lib/node_modules/appium/node_modules/@appium/base-driver/lib/protocol/protocol.js:387:19)
&amp#27;[38;5;200m[dbe4db21]&amp#27;[0m&amp#27;[38;5;86m[HTTP]&amp#27;[0m <-- POST /session/dbe4db21-e6a9-4d05-bdbb-cc788eb5635e/execute/sync 405 2 ms - 1529 
&amp#27;[38;5;200m[dbe4db21]&amp#27;[0m&amp#27;[38;5;86m[HTTP]&amp#27;[0m &amp#27;[37m-->&amp#27;[39m &amp#27;[37mGET&amp#27;[39m &amp#27;[37m/session/dbe4db21-e6a9-4d05-bdbb-cc788eb5635e/context&amp#27;[39m {}
&amp#27;[38;5;200m[dbe4db21]&amp#27;[0m&amp#27;[38;5;-42m[XCUITestDriver@9d32 (dbe4db21)]&amp#27;[0m Calling AppiumDriver.getCurrentContext() with args: ["dbe4db21-e6a9-4d05-bdbb-cc788eb5635e"]
&amp#27;[38;5;200m[dbe4db21]&amp#27;[0m&amp#27;[38;5;-42m[XCUITestDriver@9d32 (dbe4db21)]&amp#27;[0m Executing command 'getCurrentContext'
&amp#27;[38;5;200m[dbe4db21]&amp#27;[0m&amp#27;[38;5;-42m[XCUITestDriver@9d32 (dbe4db21)]&amp#27;[0m Responding to client with driver.getCurrentContext() result: "NATIVE_APP"
&amp#27;[38;5;200m[dbe4db21]&amp#27;[0m&amp#27;[38;5;86m[HTTP]&amp#27;[0m <-- GET /session/dbe4db21-e6a9-4d05-bdbb-cc788eb5635e/context 200 1 ms - 22 
&amp#27;[38;5;200m[dbe4db21]&amp#27;[0m&amp#27;[38;5;86m[HTTP]&amp#27;[0m &amp#27;[37m-->&amp#27;[39m &amp#27;[37mPOST&amp#27;[39m &amp#27;[37m/session/dbe4db21-e6a9-4d05-bdbb-cc788eb5635e/element&amp#27;[39m {"using":"xpath","value":"//*[@scrollable=\"true\"]"}
&amp#27;[38;5;200m[dbe4db21]&amp#27;[0m&amp#27;[38;5;-42m[XCUITestDriver@9d32 (dbe4db21)]&amp#27;[0m Calling AppiumDriver.findElement() with args: ["xpath","//*[@scrollable=\"true\"]","dbe4db21-e6a9-4d05-bdbb-cc788eb5635e"]
&amp#27;[38;5;200m[dbe4db21]&amp#27;[0m&amp#27;[38;5;-42m[XCUITestDriver@9d32 (dbe4db21)]&amp#27;[0m Executing command 'findElement'
&amp#27;[38;5;200m[dbe4db21]&amp#27;[0m&amp#27;[38;5;-42m[XCUITestDriver@9d32 (dbe4db21)]&amp#27;[0m Valid locator strategies for this request: xpath, id, name, class name, -ios predicate string, -ios class chain, accessibility id, css selector
&amp#27;[38;5;200m[dbe4db21]&amp#27;[0m&amp#27;[38;5;-42m[XCUITestDriver@9d32 (dbe4db21)]&amp#27;[0m Rewrote request for scrollable descendants to class chain format with selector '**/*[`type == "XCUIElementTypeScrollView" OR type == "XCUIElementTypeTable" OR type == "XCUIElementTypeCollectionView" OR type == "XCUIElementTypeWebView"`][1]'
&amp#27;[38;5;200m[dbe4db21]&amp#27;[0m&amp#27;[38;5;-42m[XCUITestDriver@9d32 (dbe4db21)]&amp#27;[0m Waiting up to 10000 ms for condition
&amp#27;[38;5;200m[dbe4db21]&amp#27;[0m&amp#27;[38;5;-42m[XCUITestDriver@9d32 (dbe4db21)]&amp#27;[0m Matched '/element' to command name 'findElement'
&amp#27;[38;5;200m[dbe4db21]&amp#27;[0m&amp#27;[38;5;-42m[XCUITestDriver@9d32 (dbe4db21)]&amp#27;[0m Proxying [POST /element] to [POST http://127.0.0.1:8100/session/CE40ADAF-B139-4368-BB61-1EFAB337C153/element] with body: {"using":"class chain","value":"**/*[`type == \"XCUIElementTypeScrollView\" OR type == \"XCUIElementTypeTable\" OR type == \"XCUIElementTypeCollectionView\" OR type == \"XCUIElementTypeWebView\"`][1]"}
&amp#27;[38;5;173m[Xcode]&amp#27;[0m 2024-11-05 15:49:59.803810+0500 WebDriverAgentRunner-Runner[21804:212226] Getting the most recent active application (out of 1 total items)
&amp#27;[38;5;173m[Xcode]&amp#27;[0m 
&amp#27;[38;5;173m[Xcode]&amp#27;[0m     t =    45.84s Get all elements bound by accessibility element for: Elements matching predicate 'BLOCKPREDICATE(0x600002080e40)'
&amp#27;[38;5;173m[Xcode]&amp#27;[0m 
&amp#27;[38;5;173m[Xcode]&amp#27;[0m     t =    45.84s     Requesting snapshot of accessibility hierarchy for app with pid 21811
&amp#27;[38;5;173m[Xcode]&amp#27;[0m 
&amp#27;[38;5;173m[Xcode]&amp#27;[0m     t =    45.93s     Find: Descendants matching type Any
&amp#27;[38;5;173m[Xcode]&amp#27;[0m 
&amp#27;[38;5;173m[Xcode]&amp#27;[0m     t =    45.93s     Find: Elements matching predicate 'BLOCKPREDICATE(0x600002080e40)'
&amp#27;[38;5;173m[Xcode]&amp#27;[0m 
&amp#27;[38;5;173m[Xcode]&amp#27;[0m     t =    45.94s Requesting snapshot of accessibility hierarchy for app with pid 21811
&amp#27;[38;5;173m[Xcode]&amp#27;[0m 
&amp#27;[38;5;173m[Xcode]&amp#27;[0m     t =    46.00s Find: Descendants matching type Any
&amp#27;[38;5;173m[Xcode]&amp#27;[0m 
&amp#27;[38;5;173m[Xcode]&amp#27;[0m     t =    46.00s Find: Elements matching predicate 'BLOCKPREDICATE(0x600002080e40)'
&amp#27;[38;5;173m[Xcode]&amp#27;[0m 
&amp#27;[38;5;173m[Xcode]&amp#27;[0m     t =    46.00s Find: Identity Binding
&amp#27;[38;5;173m[Xcode]&amp#27;[0m 
&amp#27;[38;5;200m[dbe4db21]&amp#27;[0m&amp#27;[38;5;-42m[XCUITestDriver@9d32 (dbe4db21)]&amp#27;[0m Got response with status 200: {"value":{"ELEMENT":"A3000000-0000-0000-3355-000000000000","element-6066-11e4-a52e-4f735466cecf":"A3000000-0000-0000-3355-000000000000"},"sessionId":"CE40ADAF-B139-4368-BB61-1EFAB337C153"}
&amp#27;[38;5;200m[dbe4db21]&amp#27;[0m&amp#27;[38;5;-42m[XCUITestDriver@9d32 (dbe4db21)]&amp#27;[0m Responding to client with driver.findElement() result: {"element-6066-11e4-a52e-4f735466cecf":"A3000000-0000-0000-3355-000000000000","ELEMENT":"A3000000-0000-0000-3355-000000000000"}
&amp#27;[38;5;200m[dbe4db21]&amp#27;[0m&amp#27;[38;5;86m[HTTP]&amp#27;[0m <-- POST /session/dbe4db21-e6a9-4d05-bdbb-cc788eb5635e/element 200 182 ms - 137 
&amp#27;[38;5;200m[dbe4db21]&amp#27;[0m&amp#27;[38;5;86m[HTTP]&amp#27;[0m &amp#27;[37m-->&amp#27;[39m &amp#27;[37mGET&amp#27;[39m &amp#27;[37m/session/dbe4db21-e6a9-4d05-bdbb-cc788eb5635e/orientation&amp#27;[39m {}
&amp#27;[38;5;200m[dbe4db21]&amp#27;[0m&amp#27;[38;5;-42m[XCUITestDriver@9d32 (dbe4db21)]&amp#27;[0m Driver proxy active, passing request on via HTTP proxy
&amp#27;[38;5;200m[dbe4db21]&amp#27;[0m&amp#27;[38;5;-42m[XCUITestDriver@9d32 (dbe4db21)]&amp#27;[0m Executing command 'proxyReqRes'
&amp#27;[38;5;200m[dbe4db21]&amp#27;[0m&amp#27;[38;5;-42m[XCUITestDriver@9d32 (dbe4db21)]&amp#27;[0m Matched '/session/dbe4db21-e6a9-4d05-bdbb-cc788eb5635e/orientation' to command name 'getOrientation'
&amp#27;[38;5;200m[dbe4db21]&amp#27;[0m&amp#27;[38;5;-42m[XCUITestDriver@9d32 (dbe4db21)]&amp#27;[0m Proxying [GET /session/dbe4db21-e6a9-4d05-bdbb-cc788eb5635e/orientation] to [GET http://127.0.0.1:8100/session/CE40ADAF-B139-4368-BB61-1EFAB337C153/orientation] with no body
&amp#27;[38;5;173m[Xcode]&amp#27;[0m 2024-11-05 15:49:59.987070+0500 WebDriverAgentRunner-Runner[21804:212226] Getting the most recent active application (out of 1 total items)
&amp#27;[38;5;173m[Xcode]&amp#27;[0m 
&amp#27;[38;5;200m[dbe4db21]&amp#27;[0m&amp#27;[38;5;-42m[XCUITestDriver@9d32 (dbe4db21)]&amp#27;[0m Got response with status 200: {"value":"PORTRAIT","sessionId":"CE40ADAF-B139-4368-BB61-1EFAB337C153"}
&amp#27;[38;5;200m[dbe4db21]&amp#27;[0m&amp#27;[38;5;-42m[XCUITestDriver@9d32 (dbe4db21)]&amp#27;[0m Replacing sessionId CE40ADAF-B139-4368-BB61-1EFAB337C153 with dbe4db21-e6a9-4d05-bdbb-cc788eb5635e
&amp#27;[38;5;200m[dbe4db21]&amp#27;[0m&amp#27;[38;5;86m[HTTP]&amp#27;[0m <-- GET /session/dbe4db21-e6a9-4d05-bdbb-cc788eb5635e/orientation 200 9 ms - 71 
&amp#27;[38;5;200m[dbe4db21]&amp#27;[0m&amp#27;[38;5;86m[HTTP]&amp#27;[0m &amp#27;[37m-->&amp#27;[39m &amp#27;[37mGET&amp#27;[39m &amp#27;[37m/session/dbe4db21-e6a9-4d05-bdbb-cc788eb5635e/window/rect&amp#27;[39m {}
&amp#27;[38;5;200m[dbe4db21]&amp#27;[0m&amp#27;[38;5;-42m[XCUITestDriver@9d32 (dbe4db21)]&amp#27;[0m Calling AppiumDriver.getWindowRect() with args: ["dbe4db21-e6a9-4d05-bdbb-cc788eb5635e"]
&amp#27;[38;5;200m[dbe4db21]&amp#27;[0m&amp#27;[38;5;-42m[XCUITestDriver@9d32 (dbe4db21)]&amp#27;[0m Executing command 'getWindowRect'
&amp#27;[38;5;200m[dbe4db21]&amp#27;[0m&amp#27;[38;5;-42m[XCUITestDriver@9d32 (dbe4db21)]&amp#27;[0m Proxying [GET /window/size] to [GET http://127.0.0.1:8100/session/CE40ADAF-B139-4368-BB61-1EFAB337C153/window/size] with no body
&amp#27;[38;5;173m[Xcode]&amp#27;[0m 2024-11-05 15:50:00.000879+0500 WebDriverAgentRunner-Runner[21804:212226] Getting the most recent active application (out of 1 total items)
&amp#27;[38;5;173m[Xcode]&amp#27;[0m 
&amp#27;[38;5;173m[Xcode]&amp#27;[0m     t =    46.03s Requesting snapshot of accessibility hierarchy for app with pid 21811
&amp#27;[38;5;173m[Xcode]&amp#27;[0m 
&amp#27;[38;5;200m[dbe4db21]&amp#27;[0m&amp#27;[38;5;-42m[XCUITestDriver@9d32 (dbe4db21)]&amp#27;[0m Got response with status 200: {"value":{"width":390,"height":844},"sessionId":"CE40ADAF-B139-4368-BB61-1EFAB337C153"}
&amp#27;[38;5;200m[dbe4db21]&amp#27;[0m&amp#27;[38;5;-42m[XCUITestDriver@9d32 (dbe4db21)]&amp#27;[0m Responding to client with driver.getWindowRect() result: {"width":390,"height":844,"x":0,"y":0}
&amp#27;[38;5;200m[dbe4db21]&amp#27;[0m&amp#27;[38;5;86m[HTTP]&amp#27;[0m <-- GET /session/dbe4db21-e6a9-4d05-bdbb-cc788eb5635e/window/rect 200 54 ms - 48 
&amp#27;[38;5;200m[dbe4db21]&amp#27;[0m&amp#27;[38;5;86m[HTTP]&amp#27;[0m &amp#27;[37m-->&amp#27;[39m &amp#27;[37mPOST&amp#27;[39m &amp#27;[37m/session/dbe4db21-e6a9-4d05-bdbb-cc788eb5635e/execute/sync&amp#27;[39m {"script":"mobile:deviceScreenInfo","args":[null]}
&amp#27;[38;5;200m[dbe4db21]&amp#27;[0m&amp#27;[38;5;-42m[XCUITestDriver@9d32 (dbe4db21)]&amp#27;[0m Calling AppiumDriver.execute() with args: ["mobile:deviceScreenInfo",[null],"dbe4db21-e6a9-4d05-bdbb-cc788eb5635e"]
&amp#27;[38;5;200m[dbe4db21]&amp#27;[0m&amp#27;[38;5;-42m[XCUITestDriver@9d32 (dbe4db21)]&amp#27;[0m Executing command 'execute'
&amp#27;[38;5;200m[dbe4db21]&amp#27;[0m&amp#27;[38;5;-42m[XCUITestDriver@9d32 (dbe4db21)]&amp#27;[0m Responding to client with driver.execute() result: {"statusBarSize":{"width":390,"height":47},"scale":3}
&amp#27;[38;5;200m[dbe4db21]&amp#27;[0m&amp#27;[38;5;86m[HTTP]&amp#27;[0m <-- POST /session/dbe4db21-e6a9-4d05-bdbb-cc788eb5635e/execute/sync 200 1 ms - 63 
&amp#27;[38;5;200m[dbe4db21]&amp#27;[0m&amp#27;[38;5;86m[HTTP]&amp#27;[0m &amp#27;[37m-->&amp#27;[39m &amp#27;[37mPOST&amp#27;[39m &amp#27;[37m/session/dbe4db21-e6a9-4d05-bdbb-cc788eb5635e/element&amp#27;[39m {"using":"-ios class chain","value":"**/XCUIElementTypeNavigationBar"}
&amp#27;[38;5;200m[dbe4db21]&amp#27;[0m&amp#27;[38;5;-42m[XCUITestDriver@9d32 (dbe4db21)]&amp#27;[0m Calling AppiumDriver.findElement() with args: ["-ios class chain","**/XCUIElementTypeNavigationBar","dbe4db21-e6a9-4d05-bdbb-cc788eb5635e"]
&amp#27;[38;5;200m[dbe4db21]&amp#27;[0m&amp#27;[38;5;-42m[XCUITestDriver@9d32 (dbe4db21)]&amp#27;[0m Executing command 'findElement'
&amp#27;[38;5;200m[dbe4db21]&amp#27;[0m&amp#27;[38;5;-42m[XCUITestDriver@9d32 (dbe4db21)]&amp#27;[0m Valid locator strategies for this request: xpath, id, name, class name, -ios predicate string, -ios class chain, accessibility id, css selector
&amp#27;[38;5;200m[dbe4db21]&amp#27;[0m&amp#27;[38;5;-42m[XCUITestDriver@9d32 (dbe4db21)]&amp#27;[0m Waiting up to 10000 ms for condition
&amp#27;[38;5;200m[dbe4db21]&amp#27;[0m&amp#27;[38;5;-42m[XCUITestDriver@9d32 (dbe4db21)]&amp#27;[0m Matched '/element' to command name 'findElement'
&amp#27;[38;5;200m[dbe4db21]&amp#27;[0m&amp#27;[38;5;-42m[XCUITestDriver@9d32 (dbe4db21)]&amp#27;[0m Proxying [POST /element] to [POST http://127.0.0.1:8100/session/CE40ADAF-B139-4368-BB61-1EFAB337C153/element] with body: {"using":"class chain","value":"**/XCUIElementTypeNavigationBar"}
&amp#27;[38;5;173m[Xcode]&amp#27;[0m 2024-11-05 15:50:00.055564+0500 WebDriverAgentRunner-Runner[21804:212226] Getting the most recent active application (out of 1 total items)
&amp#27;[38;5;173m[Xcode]&amp#27;[0m 
&amp#27;[38;5;173m[Xcode]&amp#27;[0m     t =    46.09s Get all elements bound by accessibility element for: Descendants matching type NavigationBar
&amp#27;[38;5;173m[Xcode]&amp#27;[0m 
&amp#27;[38;5;173m[Xcode]&amp#27;[0m     t =    46.09s     Requesting snapshot of accessibility hierarchy for app with pid 21811
&amp#27;[38;5;173m[Xcode]&amp#27;[0m 
&amp#27;[38;5;173m[Xcode]&amp#27;[0m     t =    46.12s     Find: Descendants matching type NavigationBar
&amp#27;[38;5;173m[Xcode]&amp#27;[0m 
&amp#27;[38;5;173m[Xcode]&amp#27;[0m     t =    46.13s Requesting snapshot of accessibility hierarchy for app with pid 21811
&amp#27;[38;5;173m[Xcode]&amp#27;[0m 
&amp#27;[38;5;173m[Xcode]&amp#27;[0m     t =    46.17s Find: Descendants matching type NavigationBar
&amp#27;[38;5;173m[Xcode]&amp#27;[0m 
&amp#27;[38;5;173m[Xcode]&amp#27;[0m     t =    46.17s Find: Identity Binding
&amp#27;[38;5;173m[Xcode]&amp#27;[0m 
&amp#27;[38;5;200m[dbe4db21]&amp#27;[0m&amp#27;[38;5;-42m[XCUITestDriver@9d32 (dbe4db21)]&amp#27;[0m Got response with status 200: {"value":{"ELEMENT":"0B000000-0000-0000-3355-000000000000","element-6066-11e4-a52e-4f735466cecf":"0B000000-0000-0000-3355-000000000000"},"sessionId":"CE40ADAF-B139-4368-BB61-1EFAB337C153"}
&amp#27;[38;5;200m[dbe4db21]&amp#27;[0m&amp#27;[38;5;-42m[XCUITestDriver@9d32 (dbe4db21)]&amp#27;[0m Responding to client with driver.findElement() result: {"element-6066-11e4-a52e-4f735466cecf":"0B000000-0000-0000-3355-000000000000","ELEMENT":"0B000000-0000-0000-3355-000000000000"}
&amp#27;[38;5;200m[dbe4db21]&amp#27;[0m&amp#27;[38;5;86m[HTTP]&amp#27;[0m <-- POST /session/dbe4db21-e6a9-4d05-bdbb-cc788eb5635e/element 200 93 ms - 137 
&amp#27;[38;5;200m[dbe4db21]&amp#27;[0m&amp#27;[38;5;86m[HTTP]&amp#27;[0m &amp#27;[37m-->&amp#27;[39m &amp#27;[37mGET&amp#27;[39m &amp#27;[37m/session/dbe4db21-e6a9-4d05-bdbb-cc788eb5635e/element/0B000000-0000-0000-3355-000000000000/rect&amp#27;[39m {}
&amp#27;[38;5;200m[dbe4db21]&amp#27;[0m&amp#27;[38;5;-42m[XCUITestDriver@9d32 (dbe4db21)]&amp#27;[0m Driver proxy active, passing request on via HTTP proxy
&amp#27;[38;5;200m[dbe4db21]&amp#27;[0m&amp#27;[38;5;-42m[XCUITestDriver@9d32 (dbe4db21)]&amp#27;[0m Executing command 'proxyReqRes'
&amp#27;[38;5;200m[dbe4db21]&amp#27;[0m&amp#27;[38;5;-42m[XCUITestDriver@9d32 (dbe4db21)]&amp#27;[0m Matched '/session/dbe4db21-e6a9-4d05-bdbb-cc788eb5635e/element/0B000000-0000-0000-3355-000000000000/rect' to command name 'getElementRect'
&amp#27;[38;5;200m[dbe4db21]&amp#27;[0m&amp#27;[38;5;-42m[XCUITestDriver@9d32 (dbe4db21)]&amp#27;[0m Proxying [GET /session/dbe4db21-e6a9-4d05-bdbb-cc788eb5635e/element/0B000000-0000-0000-3355-000000000000/rect] to [GET http://127.0.0.1:8100/session/CE40ADAF-B139-4368-BB61-1EFAB337C153/element/0B000000-0000-0000-3355-000000000000/rect] with no body
&amp#27;[38;5;173m[Xcode]&amp#27;[0m     t =    46.18s Requesting snapshot of accessibility hierarchy for app with pid 21811
&amp#27;[38;5;173m[Xcode]&amp#27;[0m 
&amp#27;[38;5;173m[Xcode]&amp#27;[0m     t =    46.21s Find: Descendants matching type NavigationBar
&amp#27;[38;5;173m[Xcode]&amp#27;[0m 
&amp#27;[38;5;173m[Xcode]&amp#27;[0m     t =    46.21s Find: Identity Binding
&amp#27;[38;5;173m[Xcode]&amp#27;[0m 
&amp#27;[38;5;200m[dbe4db21]&amp#27;[0m&amp#27;[38;5;-42m[XCUITestDriver@9d32 (dbe4db21)]&amp#27;[0m Got response with status 200: {"value":{"y":47,"x":0,"width":390,"height":44},"sessionId":"CE40ADAF-B139-4368-BB61-1EFAB337C153"}
&amp#27;[38;5;200m[dbe4db21]&amp#27;[0m&amp#27;[38;5;-42m[XCUITestDriver@9d32 (dbe4db21)]&amp#27;[0m Replacing sessionId CE40ADAF-B139-4368-BB61-1EFAB337C153 with dbe4db21-e6a9-4d05-bdbb-cc788eb5635e
&amp#27;[38;5;200m[dbe4db21]&amp#27;[0m&amp#27;[38;5;86m[HTTP]&amp#27;[0m <-- GET /session/dbe4db21-e6a9-4d05-bdbb-cc788eb5635e/element/0B000000-0000-0000-3355-000000000000/rect 200 45 ms - 99 
&amp#27;[38;5;200m[dbe4db21]&amp#27;[0m&amp#27;[38;5;86m[HTTP]&amp#27;[0m &amp#27;[37m-->&amp#27;[39m &amp#27;[37mPOST&amp#27;[39m &amp#27;[37m/session/dbe4db21-e6a9-4d05-bdbb-cc788eb5635e/element&amp#27;[39m {"using":"-ios class chain","value":"**/XCUIElementTypeTabBar"}
&amp#27;[38;5;200m[dbe4db21]&amp#27;[0m&amp#27;[38;5;-42m[XCUITestDriver@9d32 (dbe4db21)]&amp#27;[0m Calling AppiumDriver.findElement() with args: ["-ios class chain","**/XCUIElementTypeTabBar","dbe4db21-e6a9-4d05-bdbb-cc788eb5635e"]
&amp#27;[38;5;200m[dbe4db21]&amp#27;[0m&amp#27;[38;5;-42m[XCUITestDriver@9d32 (dbe4db21)]&amp#27;[0m Executing command 'findElement'
&amp#27;[38;5;200m[dbe4db21]&amp#27;[0m&amp#27;[38;5;-42m[XCUITestDriver@9d32 (dbe4db21)]&amp#27;[0m Valid locator strategies for this request: xpath, id, name, class name, -ios predicate string, -ios class chain, accessibility id, css selector
&amp#27;[38;5;200m[dbe4db21]&amp#27;[0m&amp#27;[38;5;-42m[XCUITestDriver@9d32 (dbe4db21)]&amp#27;[0m Waiting up to 10000 ms for condition
&amp#27;[38;5;200m[dbe4db21]&amp#27;[0m&amp#27;[38;5;-42m[XCUITestDriver@9d32 (dbe4db21)]&amp#27;[0m Matched '/element' to command name 'findElement'
&amp#27;[38;5;200m[dbe4db21]&amp#27;[0m&amp#27;[38;5;-42m[XCUITestDriver@9d32 (dbe4db21)]&amp#27;[0m Proxying [POST /element] to [POST http://127.0.0.1:8100/session/CE40ADAF-B139-4368-BB61-1EFAB337C153/element] with body: {"using":"class chain","value":"**/XCUIElementTypeTabBar"}
&amp#27;[38;5;173m[Xcode]&amp#27;[0m 2024-11-05 15:50:00.197172+0500 WebDriverAgentRunner-Runner[21804:212226] Getting the most recent active application (out of 1 total items)
&amp#27;[38;5;173m[Xcode]&amp#27;[0m 
&amp#27;[38;5;173m[Xcode]&amp#27;[0m     t =    46.23s Get all elements bound by accessibility element for: Descendants matching type TabBar
&amp#27;[38;5;173m[Xcode]&amp#27;[0m 
&amp#27;[38;5;173m[Xcode]&amp#27;[0m     t =    46.23s     Requesting snapshot of accessibility hierarchy for app with pid 21811
&amp#27;[38;5;173m[Xcode]&amp#27;[0m 
&amp#27;[38;5;173m[Xcode]&amp#27;[0m     t =    46.26s     Find: Descendants matching type TabBar
&amp#27;[38;5;173m[Xcode]&amp#27;[0m 
&amp#27;[38;5;200m[dbe4db21]&amp#27;[0m&amp#27;[38;5;-42m[XCUITestDriver@9d32 (dbe4db21)]&amp#27;[0m Got response with status 404: {"value":{"error":"no such element","message":"unable to find an element using 'class chain', value '**/XCUIElementTypeTabBar'","traceback":"(\n\t0   WebDriverAgentLib                   0x000000010471f162 FBNoSuchElementErrorResponseForRequest + 290\n\t1   WebDriverAgentLib                   0x000000010471ef3c +[FBFindElementCommands handleFindElement:] + 364\n\t2   WebDriverAgentLib                   0x00000001046e02ac -[FBRoute_TargetAction mountRequest:intoResponse:] + 172\n\t3   WebDriverAgentLib                   0x00000001046c8e73 __37-[FBWebServer registerRouteHandlers:]_block_invoke + 499\n\t4   WebDriverAgentLib                   0x000000010470375d -[RoutingHTTPServer handleRoute:withRequest:response:] + 189\n\t5   WebDriverAgentLib                   0x0000000104704551 __72-[RoutingHTTPServer routeMethod:withPath:parameters:request:connection:]_block_invoke + 65\n\t6   libdispatch.dylib                   0x00007ff80013ca3a _dispatch_client_callout + 8\n\t7   libdispatch.dylib                   0x0...
&amp#27;[38;5;200m[dbe4db21]&amp#27;[0m&amp#27;[38;5;123m[W3C]&amp#27;[0m Matched W3C error code 'no such element' to NoSuchElementError
&amp#27;[38;5;200m[dbe4db21]&amp#27;[0m&amp#27;[38;5;-42m[XCUITestDriver@9d32 (dbe4db21)]&amp#27;[0m Waited for 45 ms so far
&amp#27;[38;5;200m[dbe4db21]&amp#27;[0m&amp#27;[38;5;-42m[XCUITestDriver@9d32 (dbe4db21)]&amp#27;[0m Matched '/element' to command name 'findElement'
&amp#27;[38;5;200m[dbe4db21]&amp#27;[0m&amp#27;[38;5;-42m[XCUITestDriver@9d32 (dbe4db21)]&amp#27;[0m Proxying [POST /element] to [POST http://127.0.0.1:8100/session/CE40ADAF-B139-4368-BB61-1EFAB337C153/element] with body: {"using":"class chain","value":"**/XCUIElementTypeTabBar"}
&amp#27;[38;5;173m[Xcode]&amp#27;[0m 2024-11-05 15:50:00.745636+0500 WebDriverAgentRunner-Runner[21804:212226] Getting the most recent active application (out of 1 total items)
&amp#27;[38;5;173m[Xcode]&amp#27;[0m 
&amp#27;[38;5;173m[Xcode]&amp#27;[0m     t =    46.78s Get all elements bound by accessibility element for: Descendants matching type TabBar
&amp#27;[38;5;173m[Xcode]&amp#27;[0m 
&amp#27;[38;5;173m[Xcode]&amp#27;[0m     t =    46.78s     Requesting snapshot of accessibility hierarchy for app with pid 21811
&amp#27;[38;5;173m[Xcode]&amp#27;[0m 
&amp#27;[38;5;173m[Xcode]&amp#27;[0m     t =    46.82s     Find: Descendants matching type TabBar
&amp#27;[38;5;173m[Xcode]&amp#27;[0m 
&amp#27;[38;5;200m[dbe4db21]&amp#27;[0m&amp#27;[38;5;-42m[XCUITestDriver@9d32 (dbe4db21)]&amp#27;[0m Got response with status 404: {"value":{"error":"no such element","message":"unable to find an element using 'class chain', value '**/XCUIElementTypeTabBar'","traceback":"(\n\t0   WebDriverAgentLib                   0x000000010471f162 FBNoSuchElementErrorResponseForRequest + 290\n\t1   WebDriverAgentLib                   0x000000010471ef3c +[FBFindElementCommands handleFindElement:] + 364\n\t2   WebDriverAgentLib                   0x00000001046e02ac -[FBRoute_TargetAction mountRequest:intoResponse:] + 172\n\t3   WebDriverAgentLib                   0x00000001046c8e73 __37-[FBWebServer registerRouteHandlers:]_block_invoke + 499\n\t4   WebDriverAgentLib                   0x000000010470375d -[RoutingHTTPServer handleRoute:withRequest:response:] + 189\n\t5   WebDriverAgentLib                   0x0000000104704551 __72-[RoutingHTTPServer routeMethod:withPath:parameters:request:connection:]_block_invoke + 65\n\t6   libdispatch.dylib                   0x00007ff80013ca3a _dispatch_client_callout + 8\n\t7   libdispatch.dylib                   0x0...
&amp#27;[38;5;200m[dbe4db21]&amp#27;[0m&amp#27;[38;5;123m[W3C]&amp#27;[0m Matched W3C error code 'no such element' to NoSuchElementError
&amp#27;[38;5;200m[dbe4db21]&amp#27;[0m&amp#27;[38;5;-42m[XCUITestDriver@9d32 (dbe4db21)]&amp#27;[0m Waited for 601 ms so far
&amp#27;[38;5;200m[dbe4db21]&amp#27;[0m&amp#27;[38;5;-42m[XCUITestDriver@9d32 (dbe4db21)]&amp#27;[0m Matched '/element' to command name 'findElement'
&amp#27;[38;5;200m[dbe4db21]&amp#27;[0m&amp#27;[38;5;-42m[XCUITestDriver@9d32 (dbe4db21)]&amp#27;[0m Proxying [POST /element] to [POST http://127.0.0.1:8100/session/CE40ADAF-B139-4368-BB61-1EFAB337C153/element] with body: {"using":"class chain","value":"**/XCUIElementTypeTabBar"}
&amp#27;[38;5;173m[Xcode]&amp#27;[0m 2024-11-05 15:50:01.300170+0500 WebDriverAgentRunner-Runner[21804:212226] Getting the most recent active application (out of 1 total items)
&amp#27;[38;5;173m[Xcode]&amp#27;[0m 
&amp#27;[38;5;173m[Xcode]&amp#27;[0m     t =    47.33s Get all elements bound by accessibility element for: Descendants matching type TabBar
&amp#27;[38;5;173m[Xcode]&amp#27;[0m 
&amp#27;[38;5;173m[Xcode]&amp#27;[0m     t =    47.33s     Requesting snapshot of accessibility hierarchy for app with pid 21811
&amp#27;[38;5;173m[Xcode]&amp#27;[0m 
&amp#27;[38;5;173m[Xcode]&amp#27;[0m     t =    47.37s     Find: Descendants matching type TabBar
&amp#27;[38;5;173m[Xcode]&amp#27;[0m 
&amp#27;[38;5;200m[dbe4db21]&amp#27;[0m&amp#27;[38;5;-42m[XCUITestDriver@9d32 (dbe4db21)]&amp#27;[0m Got response with status 404: {"value":{"error":"no such element","message":"unable to find an element using 'class chain', value '**/XCUIElementTypeTabBar'","traceback":"(\n\t0   WebDriverAgentLib                   0x000000010471f162 FBNoSuchElementErrorResponseForRequest + 290\n\t1   WebDriverAgentLib                   0x000000010471ef3c +[FBFindElementCommands handleFindElement:] + 364\n\t2   WebDriverAgentLib                   0x00000001046e02ac -[FBRoute_TargetAction mountRequest:intoResponse:] + 172\n\t3   WebDriverAgentLib                   0x00000001046c8e73 __37-[FBWebServer registerRouteHandlers:]_block_invoke + 499\n\t4   WebDriverAgentLib                   0x000000010470375d -[RoutingHTTPServer handleRoute:withRequest:response:] + 189\n\t5   WebDriverAgentLib                   0x0000000104704551 __72-[RoutingHTTPServer routeMethod:withPath:parameters:request:connection:]_block_invoke + 65\n\t6   libdispatch.dylib                   0x00007ff80013ca3a _dispatch_client_callout + 8\n\t7   libdispatch.dylib                   0x0...
&amp#27;[38;5;200m[dbe4db21]&amp#27;[0m&amp#27;[38;5;123m[W3C]&amp#27;[0m Matched W3C error code 'no such element' to NoSuchElementError
&amp#27;[38;5;200m[dbe4db21]&amp#27;[0m&amp#27;[38;5;-42m[XCUITestDriver@9d32 (dbe4db21)]&amp#27;[0m Waited for 1155 ms so far
&amp#27;[38;5;200m[dbe4db21]&amp#27;[0m&amp#27;[38;5;-42m[XCUITestDriver@9d32 (dbe4db21)]&amp#27;[0m Matched '/element' to command name 'findElement'
&amp#27;[38;5;200m[dbe4db21]&amp#27;[0m&amp#27;[38;5;-42m[XCUITestDriver@9d32 (dbe4db21)]&amp#27;[0m Proxying [POST /element] to [POST http://127.0.0.1:8100/session/CE40ADAF-B139-4368-BB61-1EFAB337C153/element] with body: {"using":"class chain","value":"**/XCUIElementTypeTabBar"}
&amp#27;[38;5;173m[Xcode]&amp#27;[0m 2024-11-05 15:50:01.857386+0500 WebDriverAgentRunner-Runner[21804:212226] Getting the most recent active application (out of 1 total items)
&amp#27;[38;5;173m[Xcode]&amp#27;[0m 
&amp#27;[38;5;173m[Xcode]&amp#27;[0m     t =    47.89s Get all elements bound by accessibility element for: Descendants matching type TabBar
&amp#27;[38;5;173m[Xcode]&amp#27;[0m 
&amp#27;[38;5;173m[Xcode]&amp#27;[0m     t =    47.89s     Requesting snapshot of accessibility hierarchy for app with pid 21811
&amp#27;[38;5;173m[Xcode]&amp#27;[0m 
&amp#27;[38;5;173m[Xcode]&amp#27;[0m     t =    47.93s     Find: Descendants matching type TabBar
&amp#27;[38;5;173m[Xcode]&amp#27;[0m 
&amp#27;[38;5;200m[dbe4db21]&amp#27;[0m&amp#27;[38;5;-42m[XCUITestDriver@9d32 (dbe4db21)]&amp#27;[0m Got response with status 404: {"value":{"error":"no such element","message":"unable to find an element using 'class chain', value '**/XCUIElementTypeTabBar'","traceback":"(\n\t0   WebDriverAgentLib                   0x000000010471f162 FBNoSuchElementErrorResponseForRequest + 290\n\t1   WebDriverAgentLib                   0x000000010471ef3c +[FBFindElementCommands handleFindElement:] + 364\n\t2   WebDriverAgentLib                   0x00000001046e02ac -[FBRoute_TargetAction mountRequest:intoResponse:] + 172\n\t3   WebDriverAgentLib                   0x00000001046c8e73 __37-[FBWebServer registerRouteHandlers:]_block_invoke + 499\n\t4   WebDriverAgentLib                   0x000000010470375d -[RoutingHTTPServer handleRoute:withRequest:response:] + 189\n\t5   WebDriverAgentLib                   0x0000000104704551 __72-[RoutingHTTPServer routeMethod:withPath:parameters:request:connection:]_block_invoke + 65\n\t6   libdispatch.dylib                   0x00007ff80013ca3a _dispatch_client_callout + 8\n\t7   libdispatch.dylib                   0x0...
&amp#27;[38;5;200m[dbe4db21]&amp#27;[0m&amp#27;[38;5;123m[W3C]&amp#27;[0m Matched W3C error code 'no such element' to NoSuchElementError
&amp#27;[38;5;200m[dbe4db21]&amp#27;[0m&amp#27;[38;5;-42m[XCUITestDriver@9d32 (dbe4db21)]&amp#27;[0m Waited for 1712 ms so far
&amp#27;[38;5;200m[dbe4db21]&amp#27;[0m&amp#27;[38;5;-42m[XCUITestDriver@9d32 (dbe4db21)]&amp#27;[0m Matched '/element' to command name 'findElement'
&amp#27;[38;5;200m[dbe4db21]&amp#27;[0m&amp#27;[38;5;-42m[XCUITestDriver@9d32 (dbe4db21)]&amp#27;[0m Proxying [POST /element] to [POST http://127.0.0.1:8100/session/CE40ADAF-B139-4368-BB61-1EFAB337C153/element] with body: {"using":"class chain","value":"**/XCUIElementTypeTabBar"}
&amp#27;[38;5;173m[Xcode]&amp#27;[0m 2024-11-05 15:50:02.410840+0500 WebDriverAgentRunner-Runner[21804:212226] Getting the most recent active application (out of 1 total items)
&amp#27;[38;5;173m[Xcode]&amp#27;[0m 
&amp#27;[38;5;173m[Xcode]&amp#27;[0m     t =    48.44s Get all elements bound by accessibility element for: Descendants matching type TabBar
&amp#27;[38;5;173m[Xcode]&amp#27;[0m 
&amp#27;[38;5;173m[Xcode]&amp#27;[0m     t =    48.44s     Requesting snapshot of accessibility hierarchy for app with pid 21811
&amp#27;[38;5;173m[Xcode]&amp#27;[0m 
&amp#27;[38;5;173m[Xcode]&amp#27;[0m     t =    48.48s     Find: Descendants matching type TabBar
&amp#27;[38;5;173m[Xcode]&amp#27;[0m 
&amp#27;[38;5;200m[dbe4db21]&amp#27;[0m&amp#27;[38;5;-42m[XCUITestDriver@9d32 (dbe4db21)]&amp#27;[0m Got response with status 404: {"value":{"error":"no such element","message":"unable to find an element using 'class chain', value '**/XCUIElementTypeTabBar'","traceback":"(\n\t0   WebDriverAgentLib                   0x000000010471f162 FBNoSuchElementErrorResponseForRequest + 290\n\t1   WebDriverAgentLib                   0x000000010471ef3c +[FBFindElementCommands handleFindElement:] + 364\n\t2   WebDriverAgentLib                   0x00000001046e02ac -[FBRoute_TargetAction mountRequest:intoResponse:] + 172\n\t3   WebDriverAgentLib                   0x00000001046c8e73 __37-[FBWebServer registerRouteHandlers:]_block_invoke + 499\n\t4   WebDriverAgentLib                   0x000000010470375d -[RoutingHTTPServer handleRoute:withRequest:response:] + 189\n\t5   WebDriverAgentLib                   0x0000000104704551 __72-[RoutingHTTPServer routeMethod:withPath:parameters:request:connection:]_block_invoke + 65\n\t6   libdispatch.dylib                   0x00007ff80013ca3a _dispatch_client_callout + 8\n\t7   libdispatch.dylib                   0x0...
&amp#27;[38;5;200m[dbe4db21]&amp#27;[0m&amp#27;[38;5;123m[W3C]&amp#27;[0m Matched W3C error code 'no such element' to NoSuchElementError
&amp#27;[38;5;200m[dbe4db21]&amp#27;[0m&amp#27;[38;5;-42m[XCUITestDriver@9d32 (dbe4db21)]&amp#27;[0m Waited for 2266 ms so far
&amp#27;[38;5;200m[dbe4db21]&amp#27;[0m&amp#27;[38;5;-42m[XCUITestDriver@9d32 (dbe4db21)]&amp#27;[0m Matched '/element' to command name 'findElement'
&amp#27;[38;5;200m[dbe4db21]&amp#27;[0m&amp#27;[38;5;-42m[XCUITestDriver@9d32 (dbe4db21)]&amp#27;[0m Proxying [POST /element] to [POST http://127.0.0.1:8100/session/CE40ADAF-B139-4368-BB61-1EFAB337C153/element] with body: {"using":"class chain","value":"**/XCUIElementTypeTabBar"}
&amp#27;[38;5;173m[Xcode]&amp#27;[0m 2024-11-05 15:50:02.967945+0500 WebDriverAgentRunner-Runner[21804:212226] Getting the most recent active application (out of 1 total items)
&amp#27;[38;5;173m[Xcode]&amp#27;[0m 
&amp#27;[38;5;173m[Xcode]&amp#27;[0m     t =    49.00s Get all elements bound by accessibility element for: Descendants matching type TabBar
&amp#27;[38;5;173m[Xcode]&amp#27;[0m 
&amp#27;[38;5;173m[Xcode]&amp#27;[0m     t =    49.00s     Requesting snapshot of accessibility hierarchy for app with pid 21811
&amp#27;[38;5;173m[Xcode]&amp#27;[0m 
&amp#27;[38;5;173m[Xcode]&amp#27;[0m     t =    49.04s     Find: Descendants matching type TabBar
&amp#27;[38;5;173m[Xcode]&amp#27;[0m 
&amp#27;[38;5;200m[dbe4db21]&amp#27;[0m&amp#27;[38;5;-42m[XCUITestDriver@9d32 (dbe4db21)]&amp#27;[0m Got response with status 404: {"value":{"error":"no such element","message":"unable to find an element using 'class chain', value '**/XCUIElementTypeTabBar'","traceback":"(\n\t0   WebDriverAgentLib                   0x000000010471f162 FBNoSuchElementErrorResponseForRequest + 290\n\t1   WebDriverAgentLib                   0x000000010471ef3c +[FBFindElementCommands handleFindElement:] + 364\n\t2   WebDriverAgentLib                   0x00000001046e02ac -[FBRoute_TargetAction mountRequest:intoResponse:] + 172\n\t3   WebDriverAgentLib                   0x00000001046c8e73 __37-[FBWebServer registerRouteHandlers:]_block_invoke + 499\n\t4   WebDriverAgentLib                   0x000000010470375d -[RoutingHTTPServer handleRoute:withRequest:response:] + 189\n\t5   WebDriverAgentLib                   0x0000000104704551 __72-[RoutingHTTPServer routeMethod:withPath:parameters:request:connection:]_block_invoke + 65\n\t6   libdispatch.dylib                   0x00007ff80013ca3a _dispatch_client_callout + 8\n\t7   libdispatch.dylib                   0x0...
&amp#27;[38;5;200m[dbe4db21]&amp#27;[0m&amp#27;[38;5;123m[W3C]&amp#27;[0m Matched W3C error code 'no such element' to NoSuchElementError
&amp#27;[38;5;200m[dbe4db21]&amp#27;[0m&amp#27;[38;5;-42m[XCUITestDriver@9d32 (dbe4db21)]&amp#27;[0m Waited for 2824 ms so far
&amp#27;[38;5;200m[dbe4db21]&amp#27;[0m&amp#27;[38;5;-42m[XCUITestDriver@9d32 (dbe4db21)]&amp#27;[0m Matched '/element' to command name 'findElement'
&amp#27;[38;5;200m[dbe4db21]&amp#27;[0m&amp#27;[38;5;-42m[XCUITestDriver@9d32 (dbe4db21)]&amp#27;[0m Proxying [POST /element] to [POST http://127.0.0.1:8100/session/CE40ADAF-B139-4368-BB61-1EFAB337C153/element] with body: {"using":"class chain","value":"**/XCUIElementTypeTabBar"}
&amp#27;[38;5;173m[Xcode]&amp#27;[0m 2024-11-05 15:50:03.525630+0500 WebDriverAgentRunner-Runner[21804:212226] Getting the most recent active application (out of 1 total items)
&amp#27;[38;5;173m[Xcode]&amp#27;[0m 
&amp#27;[38;5;173m[Xcode]&amp#27;[0m     t =    49.56s Get all elements bound by accessibility element for: Descendants matching type TabBar
&amp#27;[38;5;173m[Xcode]&amp#27;[0m 
&amp#27;[38;5;173m[Xcode]&amp#27;[0m     t =    49.56s     Requesting snapshot of accessibility hierarchy for app with pid 21811
&amp#27;[38;5;173m[Xcode]&amp#27;[0m 
&amp#27;[38;5;173m[Xcode]&amp#27;[0m     t =    49.60s     Find: Descendants matching type TabBar
&amp#27;[38;5;173m[Xcode]&amp#27;[0m 
&amp#27;[38;5;200m[dbe4db21]&amp#27;[0m&amp#27;[38;5;-42m[XCUITestDriver@9d32 (dbe4db21)]&amp#27;[0m Got response with status 404: {"value":{"error":"no such element","message":"unable to find an element using 'class chain', value '**/XCUIElementTypeTabBar'","traceback":"(\n\t0   WebDriverAgentLib                   0x000000010471f162 FBNoSuchElementErrorResponseForRequest + 290\n\t1   WebDriverAgentLib                   0x000000010471ef3c +[FBFindElementCommands handleFindElement:] + 364\n\t2   WebDriverAgentLib                   0x00000001046e02ac -[FBRoute_TargetAction mountRequest:intoResponse:] + 172\n\t3   WebDriverAgentLib                   0x00000001046c8e73 __37-[FBWebServer registerRouteHandlers:]_block_invoke + 499\n\t4   WebDriverAgentLib                   0x000000010470375d -[RoutingHTTPServer handleRoute:withRequest:response:] + 189\n\t5   WebDriverAgentLib                   0x0000000104704551 __72-[RoutingHTTPServer routeMethod:withPath:parameters:request:connection:]_block_invoke + 65\n\t6   libdispatch.dylib                   0x00007ff80013ca3a _dispatch_client_callout + 8\n\t7   libdispatch.dylib                   0x0...
&amp#27;[38;5;200m[dbe4db21]&amp#27;[0m&amp#27;[38;5;123m[W3C]&amp#27;[0m Matched W3C error code 'no such element' to NoSuchElementError
&amp#27;[38;5;200m[dbe4db21]&amp#27;[0m&amp#27;[38;5;-42m[XCUITestDriver@9d32 (dbe4db21)]&amp#27;[0m Waited for 3381 ms so far
&amp#27;[38;5;200m[dbe4db21]&amp#27;[0m&amp#27;[38;5;-42m[XCUITestDriver@9d32 (dbe4db21)]&amp#27;[0m Matched '/element' to command name 'findElement'
&amp#27;[38;5;200m[dbe4db21]&amp#27;[0m&amp#27;[38;5;-42m[XCUITestDriver@9d32 (dbe4db21)]&amp#27;[0m Proxying [POST /element] to [POST http://127.0.0.1:8100/session/CE40ADAF-B139-4368-BB61-1EFAB337C153/element] with body: {"using":"class chain","value":"**/XCUIElementTypeTabBar"}
&amp#27;[38;5;173m[Xcode]&amp#27;[0m 2024-11-05 15:50:04.083056+0500 WebDriverAgentRunner-Runner[21804:212226] Getting the most recent active application (out of 1 total items)
&amp#27;[38;5;173m[Xcode]&amp#27;[0m 
&amp#27;[38;5;173m[Xcode]&amp#27;[0m     t =    50.12s Get all elements bound by accessibility element for: Descendants matching type TabBar
&amp#27;[38;5;173m[Xcode]&amp#27;[0m 
&amp#27;[38;5;173m[Xcode]&amp#27;[0m     t =    50.12s     Requesting snapshot of accessibility hierarchy for app with pid 21811
&amp#27;[38;5;173m[Xcode]&amp#27;[0m 
&amp#27;[38;5;173m[Xcode]&amp#27;[0m     t =    50.16s     Find: Descendants matching type TabBar
&amp#27;[38;5;173m[Xcode]&amp#27;[0m 
&amp#27;[38;5;200m[dbe4db21]&amp#27;[0m&amp#27;[38;5;-42m[XCUITestDriver@9d32 (dbe4db21)]&amp#27;[0m Got response with status 404: {"value":{"error":"no such element","message":"unable to find an element using 'class chain', value '**/XCUIElementTypeTabBar'","traceback":"(\n\t0   WebDriverAgentLib                   0x000000010471f162 FBNoSuchElementErrorResponseForRequest + 290\n\t1   WebDriverAgentLib                   0x000000010471ef3c +[FBFindElementCommands handleFindElement:] + 364\n\t2   WebDriverAgentLib                   0x00000001046e02ac -[FBRoute_TargetAction mountRequest:intoResponse:] + 172\n\t3   WebDriverAgentLib                   0x00000001046c8e73 __37-[FBWebServer registerRouteHandlers:]_block_invoke + 499\n\t4   WebDriverAgentLib                   0x000000010470375d -[RoutingHTTPServer handleRoute:withRequest:response:] + 189\n\t5   WebDriverAgentLib                   0x0000000104704551 __72-[RoutingHTTPServer routeMethod:withPath:parameters:request:connection:]_block_invoke + 65\n\t6   libdispatch.dylib                   0x00007ff80013ca3a _dispatch_client_callout + 8\n\t7   libdispatch.dylib                   0x0...
&amp#27;[38;5;200m[dbe4db21]&amp#27;[0m&amp#27;[38;5;123m[W3C]&amp#27;[0m Matched W3C error code 'no such element' to NoSuchElementError
&amp#27;[38;5;200m[dbe4db21]&amp#27;[0m&amp#27;[38;5;-42m[XCUITestDriver@9d32 (dbe4db21)]&amp#27;[0m Waited for 3939 ms so far
&amp#27;[38;5;200m[dbe4db21]&amp#27;[0m&amp#27;[38;5;-42m[XCUITestDriver@9d32 (dbe4db21)]&amp#27;[0m Matched '/element' to command name 'findElement'
&amp#27;[38;5;200m[dbe4db21]&amp#27;[0m&amp#27;[38;5;-42m[XCUITestDriver@9d32 (dbe4db21)]&amp#27;[0m Proxying [POST /element] to [POST http://127.0.0.1:8100/session/CE40ADAF-B139-4368-BB61-1EFAB337C153/element] with body: {"using":"class chain","value":"**/XCUIElementTypeTabBar"}
&amp#27;[38;5;173m[Xcode]&amp#27;[0m 2024-11-05 15:50:04.638020+0500 WebDriverAgentRunner-Runner[21804:212226] Getting the most recent active application (out of 1 total items)
&amp#27;[38;5;173m[Xcode]&amp#27;[0m 
&amp#27;[38;5;173m[Xcode]&amp#27;[0m     t =    50.67s Get all elements bound by accessibility element for: Descendants matching type TabBar
&amp#27;[38;5;173m[Xcode]&amp#27;[0m 
&amp#27;[38;5;173m[Xcode]&amp#27;[0m     t =    50.67s     Requesting snapshot of accessibility hierarchy for app with pid 21811
&amp#27;[38;5;173m[Xcode]&amp#27;[0m 
&amp#27;[38;5;173m[Xcode]&amp#27;[0m     t =    50.71s     Find: Descendants matching type TabBar
&amp#27;[38;5;173m[Xcode]&amp#27;[0m 
&amp#27;[38;5;200m[dbe4db21]&amp#27;[0m&amp#27;[38;5;-42m[XCUITestDriver@9d32 (dbe4db21)]&amp#27;[0m Got response with status 404: {"value":{"error":"no such element","message":"unable to find an element using 'class chain', value '**/XCUIElementTypeTabBar'","traceback":"(\n\t0   WebDriverAgentLib                   0x000000010471f162 FBNoSuchElementErrorResponseForRequest + 290\n\t1   WebDriverAgentLib                   0x000000010471ef3c +[FBFindElementCommands handleFindElement:] + 364\n\t2   WebDriverAgentLib                   0x00000001046e02ac -[FBRoute_TargetAction mountRequest:intoResponse:] + 172\n\t3   WebDriverAgentLib                   0x00000001046c8e73 __37-[FBWebServer registerRouteHandlers:]_block_invoke + 499\n\t4   WebDriverAgentLib                   0x000000010470375d -[RoutingHTTPServer handleRoute:withRequest:response:] + 189\n\t5   WebDriverAgentLib                   0x0000000104704551 __72-[RoutingHTTPServer routeMethod:withPath:parameters:request:connection:]_block_invoke + 65\n\t6   libdispatch.dylib                   0x00007ff80013ca3a _dispatch_client_callout + 8\n\t7   libdispatch.dylib                   0x0...
&amp#27;[38;5;200m[dbe4db21]&amp#27;[0m&amp#27;[38;5;123m[W3C]&amp#27;[0m Matched W3C error code 'no such element' to NoSuchElementError
&amp#27;[38;5;200m[dbe4db21]&amp#27;[0m&amp#27;[38;5;-42m[XCUITestDriver@9d32 (dbe4db21)]&amp#27;[0m Waited for 4494 ms so far
&amp#27;[38;5;200m[dbe4db21]&amp#27;[0m&amp#27;[38;5;-42m[XCUITestDriver@9d32 (dbe4db21)]&amp#27;[0m Matched '/element' to command name 'findElement'
&amp#27;[38;5;200m[dbe4db21]&amp#27;[0m&amp#27;[38;5;-42m[XCUITestDriver@9d32 (dbe4db21)]&amp#27;[0m Proxying [POST /element] to [POST http://127.0.0.1:8100/session/CE40ADAF-B139-4368-BB61-1EFAB337C153/element] with body: {"using":"class chain","value":"**/XCUIElementTypeTabBar"}
&amp#27;[38;5;173m[Xcode]&amp#27;[0m 2024-11-05 15:50:05.191843+0500 WebDriverAgentRunner-Runner[21804:212226] Getting the most recent active application (out of 1 total items)
&amp#27;[38;5;173m[Xcode]&amp#27;[0m 
&amp#27;[38;5;173m[Xcode]&amp#27;[0m     t =    51.22s Get all elements bound by accessibility element for: Descendants matching type TabBar
&amp#27;[38;5;173m[Xcode]&amp#27;[0m 
&amp#27;[38;5;173m[Xcode]&amp#27;[0m     t =    51.23s     Requesting snapshot of accessibility hierarchy for app with pid 21811
&amp#27;[38;5;173m[Xcode]&amp#27;[0m 
&amp#27;[38;5;173m[Xcode]&amp#27;[0m     t =    51.26s     Find: Descendants matching type TabBar
&amp#27;[38;5;173m[Xcode]&amp#27;[0m 
&amp#27;[38;5;200m[dbe4db21]&amp#27;[0m&amp#27;[38;5;-42m[XCUITestDriver@9d32 (dbe4db21)]&amp#27;[0m Got response with status 404: {"value":{"error":"no such element","message":"unable to find an element using 'class chain', value '**/XCUIElementTypeTabBar'","traceback":"(\n\t0   WebDriverAgentLib                   0x000000010471f162 FBNoSuchElementErrorResponseForRequest + 290\n\t1   WebDriverAgentLib                   0x000000010471ef3c +[FBFindElementCommands handleFindElement:] + 364\n\t2   WebDriverAgentLib                   0x00000001046e02ac -[FBRoute_TargetAction mountRequest:intoResponse:] + 172\n\t3   WebDriverAgentLib                   0x00000001046c8e73 __37-[FBWebServer registerRouteHandlers:]_block_invoke + 499\n\t4   WebDriverAgentLib                   0x000000010470375d -[RoutingHTTPServer handleRoute:withRequest:response:] + 189\n\t5   WebDriverAgentLib                   0x0000000104704551 __72-[RoutingHTTPServer routeMethod:withPath:parameters:request:connection:]_block_invoke + 65\n\t6   libdispatch.dylib                   0x00007ff80013ca3a _dispatch_client_callout + 8\n\t7   libdispatch.dylib                   0x0...
&amp#27;[38;5;200m[dbe4db21]&amp#27;[0m&amp#27;[38;5;123m[W3C]&amp#27;[0m Matched W3C error code 'no such element' to NoSuchElementError
&amp#27;[38;5;200m[dbe4db21]&amp#27;[0m&amp#27;[38;5;-42m[XCUITestDriver@9d32 (dbe4db21)]&amp#27;[0m Waited for 5046 ms so far
&amp#27;[38;5;200m[dbe4db21]&amp#27;[0m&amp#27;[38;5;-42m[XCUITestDriver@9d32 (dbe4db21)]&amp#27;[0m Matched '/element' to command name 'findElement'
&amp#27;[38;5;200m[dbe4db21]&amp#27;[0m&amp#27;[38;5;-42m[XCUITestDriver@9d32 (dbe4db21)]&amp#27;[0m Proxying [POST /element] to [POST http://127.0.0.1:8100/session/CE40ADAF-B139-4368-BB61-1EFAB337C153/element] with body: {"using":"class chain","value":"**/XCUIElementTypeTabBar"}
&amp#27;[38;5;173m[Xcode]&amp#27;[0m 2024-11-05 15:50:05.748569+0500 WebDriverAgentRunner-Runner[21804:212226] Getting the most recent active application (out of 1 total items)
&amp#27;[38;5;173m[Xcode]&amp#27;[0m 
&amp#27;[38;5;173m[Xcode]&amp#27;[0m     t =    51.78s Get all elements bound by accessibility element for: Descendants matching type TabBar
&amp#27;[38;5;173m[Xcode]&amp#27;[0m 
&amp#27;[38;5;173m[Xcode]&amp#27;[0m     t =    51.78s     Requesting snapshot of accessibility hierarchy for app with pid 21811
&amp#27;[38;5;173m[Xcode]&amp#27;[0m 
&amp#27;[38;5;173m[Xcode]&amp#27;[0m     t =    51.82s     Find: Descendants matching type TabBar
&amp#27;[38;5;173m[Xcode]&amp#27;[0m 
&amp#27;[38;5;200m[dbe4db21]&amp#27;[0m&amp#27;[38;5;-42m[XCUITestDriver@9d32 (dbe4db21)]&amp#27;[0m Got response with status 404: {"value":{"error":"no such element","message":"unable to find an element using 'class chain', value '**/XCUIElementTypeTabBar'","traceback":"(\n\t0   WebDriverAgentLib                   0x000000010471f162 FBNoSuchElementErrorResponseForRequest + 290\n\t1   WebDriverAgentLib                   0x000000010471ef3c +[FBFindElementCommands handleFindElement:] + 364\n\t2   WebDriverAgentLib                   0x00000001046e02ac -[FBRoute_TargetAction mountRequest:intoResponse:] + 172\n\t3   WebDriverAgentLib                   0x00000001046c8e73 __37-[FBWebServer registerRouteHandlers:]_block_invoke + 499\n\t4   WebDriverAgentLib                   0x000000010470375d -[RoutingHTTPServer handleRoute:withRequest:response:] + 189\n\t5   WebDriverAgentLib                   0x0000000104704551 __72-[RoutingHTTPServer routeMethod:withPath:parameters:request:connection:]_block_invoke + 65\n\t6   libdispatch.dylib                   0x00007ff80013ca3a _dispatch_client_callout + 8\n\t7   libdispatch.dylib                   0x0...
&amp#27;[38;5;200m[dbe4db21]&amp#27;[0m&amp#27;[38;5;123m[W3C]&amp#27;[0m Matched W3C error code 'no such element' to NoSuchElementError
&amp#27;[38;5;200m[dbe4db21]&amp#27;[0m&amp#27;[38;5;-42m[XCUITestDriver@9d32 (dbe4db21)]&amp#27;[0m Waited for 5606 ms so far
&amp#27;[38;5;200m[dbe4db21]&amp#27;[0m&amp#27;[38;5;-42m[XCUITestDriver@9d32 (dbe4db21)]&amp#27;[0m Matched '/element' to command name 'findElement'
&amp#27;[38;5;200m[dbe4db21]&amp#27;[0m&amp#27;[38;5;-42m[XCUITestDriver@9d32 (dbe4db21)]&amp#27;[0m Proxying [POST /element] to [POST http://127.0.0.1:8100/session/CE40ADAF-B139-4368-BB61-1EFAB337C153/element] with body: {"using":"class chain","value":"**/XCUIElementTypeTabBar"}
&amp#27;[38;5;173m[Xcode]&amp#27;[0m 2024-11-05 15:50:06.304306+0500 WebDriverAgentRunner-Runner[21804:212226] Getting the most recent active application (out of 1 total items)
&amp#27;[38;5;173m[Xcode]&amp#27;[0m 
&amp#27;[38;5;173m[Xcode]&amp#27;[0m     t =    52.34s Get all elements bound by accessibility element for: Descendants matching type TabBar
&amp#27;[38;5;173m[Xcode]&amp#27;[0m 
&amp#27;[38;5;173m[Xcode]&amp#27;[0m     t =    52.34s     Requesting snapshot of accessibility hierarchy for app with pid 21811
&amp#27;[38;5;173m[Xcode]&amp#27;[0m 
&amp#27;[38;5;173m[Xcode]&amp#27;[0m     t =    52.38s     Find: Descendants matching type TabBar
&amp#27;[38;5;173m[Xcode]&amp#27;[0m 
&amp#27;[38;5;200m[dbe4db21]&amp#27;[0m&amp#27;[38;5;-42m[XCUITestDriver@9d32 (dbe4db21)]&amp#27;[0m Got response with status 404: {"value":{"error":"no such element","message":"unable to find an element using 'class chain', value '**/XCUIElementTypeTabBar'","traceback":"(\n\t0   WebDriverAgentLib                   0x000000010471f162 FBNoSuchElementErrorResponseForRequest + 290\n\t1   WebDriverAgentLib                   0x000000010471ef3c +[FBFindElementCommands handleFindElement:] + 364\n\t2   WebDriverAgentLib                   0x00000001046e02ac -[FBRoute_TargetAction mountRequest:intoResponse:] + 172\n\t3   WebDriverAgentLib                   0x00000001046c8e73 __37-[FBWebServer registerRouteHandlers:]_block_invoke + 499\n\t4   WebDriverAgentLib                   0x000000010470375d -[RoutingHTTPServer handleRoute:withRequest:response:] + 189\n\t5   WebDriverAgentLib                   0x0000000104704551 __72-[RoutingHTTPServer routeMethod:withPath:parameters:request:connection:]_block_invoke + 65\n\t6   libdispatch.dylib                   0x00007ff80013ca3a _dispatch_client_callout + 8\n\t7   libdispatch.dylib                   0x0...
&amp#27;[38;5;200m[dbe4db21]&amp#27;[0m&amp#27;[38;5;123m[W3C]&amp#27;[0m Matched W3C error code 'no such element' to NoSuchElementError
&amp#27;[38;5;200m[dbe4db21]&amp#27;[0m&amp#27;[38;5;-42m[XCUITestDriver@9d32 (dbe4db21)]&amp#27;[0m Waited for 6160 ms so far
&amp#27;[38;5;200m[dbe4db21]&amp#27;[0m&amp#27;[38;5;-42m[XCUITestDriver@9d32 (dbe4db21)]&amp#27;[0m Matched '/element' to command name 'findElement'
&amp#27;[38;5;200m[dbe4db21]&amp#27;[0m&amp#27;[38;5;-42m[XCUITestDriver@9d32 (dbe4db21)]&amp#27;[0m Proxying [POST /element] to [POST http://127.0.0.1:8100/session/CE40ADAF-B139-4368-BB61-1EFAB337C153/element] with body: {"using":"class chain","value":"**/XCUIElementTypeTabBar"}
&amp#27;[38;5;173m[Xcode]&amp#27;[0m 2024-11-05 15:50:06.861078+0500 WebDriverAgentRunner-Runner[21804:212226] Getting the most recent active application (out of 1 total items)
&amp#27;[38;5;173m[Xcode]&amp#27;[0m 
&amp#27;[38;5;173m[Xcode]&amp#27;[0m     t =    52.89s Get all elements bound by accessibility element for: Descendants matching type TabBar
&amp#27;[38;5;173m[Xcode]&amp#27;[0m 
&amp#27;[38;5;173m[Xcode]&amp#27;[0m     t =    52.90s     Requesting snapshot of accessibility hierarchy for app with pid 21811
&amp#27;[38;5;173m[Xcode]&amp#27;[0m 
&amp#27;[38;5;173m[Xcode]&amp#27;[0m     t =    52.93s     Find: Descendants matching type TabBar
&amp#27;[38;5;173m[Xcode]&amp#27;[0m 
&amp#27;[38;5;200m[dbe4db21]&amp#27;[0m&amp#27;[38;5;-42m[XCUITestDriver@9d32 (dbe4db21)]&amp#27;[0m Got response with status 404: {"value":{"error":"no such element","message":"unable to find an element using 'class chain', value '**/XCUIElementTypeTabBar'","traceback":"(\n\t0   WebDriverAgentLib                   0x000000010471f162 FBNoSuchElementErrorResponseForRequest + 290\n\t1   WebDriverAgentLib                   0x000000010471ef3c +[FBFindElementCommands handleFindElement:] + 364\n\t2   WebDriverAgentLib                   0x00000001046e02ac -[FBRoute_TargetAction mountRequest:intoResponse:] + 172\n\t3   WebDriverAgentLib                   0x00000001046c8e73 __37-[FBWebServer registerRouteHandlers:]_block_invoke + 499\n\t4   WebDriverAgentLib                   0x000000010470375d -[RoutingHTTPServer handleRoute:withRequest:response:] + 189\n\t5   WebDriverAgentLib                   0x0000000104704551 __72-[RoutingHTTPServer routeMethod:withPath:parameters:request:connection:]_block_invoke + 65\n\t6   libdispatch.dylib                   0x00007ff80013ca3a _dispatch_client_callout + 8\n\t7   libdispatch.dylib                   0x0...
&amp#27;[38;5;200m[dbe4db21]&amp#27;[0m&amp#27;[38;5;123m[W3C]&amp#27;[0m Matched W3C error code 'no such element' to NoSuchElementError
&amp#27;[38;5;200m[dbe4db21]&amp#27;[0m&amp#27;[38;5;-42m[XCUITestDriver@9d32 (dbe4db21)]&amp#27;[0m Waited for 6716 ms so far
&amp#27;[38;5;200m[dbe4db21]&amp#27;[0m&amp#27;[38;5;-42m[XCUITestDriver@9d32 (dbe4db21)]&amp#27;[0m Matched '/element' to command name 'findElement'
&amp#27;[38;5;200m[dbe4db21]&amp#27;[0m&amp#27;[38;5;-42m[XCUITestDriver@9d32 (dbe4db21)]&amp#27;[0m Proxying [POST /element] to [POST http://127.0.0.1:8100/session/CE40ADAF-B139-4368-BB61-1EFAB337C153/element] with body: {"using":"class chain","value":"**/XCUIElementTypeTabBar"}
&amp#27;[38;5;173m[Xcode]&amp#27;[0m 2024-11-05 15:50:07.417899+0500 WebDriverAgentRunner-Runner[21804:212226] Getting the most recent active application (out of 1 total items)
&amp#27;[38;5;173m[Xcode]&amp#27;[0m 
&amp#27;[38;5;173m[Xcode]&amp#27;[0m     t =    53.45s Get all elements bound by accessibility element for: Descendants matching type TabBar
&amp#27;[38;5;173m[Xcode]&amp#27;[0m 
&amp#27;[38;5;173m[Xcode]&amp#27;[0m     t =    53.45s     Requesting snapshot of accessibility hierarchy for app with pid 21811
&amp#27;[38;5;173m[Xcode]&amp#27;[0m 
&amp#27;[38;5;173m[Xcode]&amp#27;[0m     t =    53.48s     Find: Descendants matching type TabBar
&amp#27;[38;5;173m[Xcode]&amp#27;[0m 
&amp#27;[38;5;200m[dbe4db21]&amp#27;[0m&amp#27;[38;5;-42m[XCUITestDriver@9d32 (dbe4db21)]&amp#27;[0m Got response with status 404: {"value":{"error":"no such element","message":"unable to find an element using 'class chain', value '**/XCUIElementTypeTabBar'","traceback":"(\n\t0   WebDriverAgentLib                   0x000000010471f162 FBNoSuchElementErrorResponseForRequest + 290\n\t1   WebDriverAgentLib                   0x000000010471ef3c +[FBFindElementCommands handleFindElement:] + 364\n\t2   WebDriverAgentLib                   0x00000001046e02ac -[FBRoute_TargetAction mountRequest:intoResponse:] + 172\n\t3   WebDriverAgentLib                   0x00000001046c8e73 __37-[FBWebServer registerRouteHandlers:]_block_invoke + 499\n\t4   WebDriverAgentLib                   0x000000010470375d -[RoutingHTTPServer handleRoute:withRequest:response:] + 189\n\t5   WebDriverAgentLib                   0x0000000104704551 __72-[RoutingHTTPServer routeMethod:withPath:parameters:request:connection:]_block_invoke + 65\n\t6   libdispatch.dylib                   0x00007ff80013ca3a _dispatch_client_callout + 8\n\t7   libdispatch.dylib                   0x0...
&amp#27;[38;5;200m[dbe4db21]&amp#27;[0m&amp#27;[38;5;123m[W3C]&amp#27;[0m Matched W3C error code 'no such element' to NoSuchElementError
&amp#27;[38;5;200m[dbe4db21]&amp#27;[0m&amp#27;[38;5;-42m[XCUITestDriver@9d32 (dbe4db21)]&amp#27;[0m Waited for 7267 ms so far
&amp#27;[38;5;200m[dbe4db21]&amp#27;[0m&amp#27;[38;5;-42m[XCUITestDriver@9d32 (dbe4db21)]&amp#27;[0m Matched '/element' to command name 'findElement'
&amp#27;[38;5;200m[dbe4db21]&amp#27;[0m&amp#27;[38;5;-42m[XCUITestDriver@9d32 (dbe4db21)]&amp#27;[0m Proxying [POST /element] to [POST http://127.0.0.1:8100/session/CE40ADAF-B139-4368-BB61-1EFAB337C153/element] with body: {"using":"class chain","value":"**/XCUIElementTypeTabBar"}
&amp#27;[38;5;173m[Xcode]&amp#27;[0m 2024-11-05 15:50:07.965505+0500 WebDriverAgentRunner-Runner[21804:212226] Getting the most recent active application (out of 1 total items)
&amp#27;[38;5;173m[Xcode]&amp#27;[0m 
&amp#27;[38;5;173m[Xcode]&amp#27;[0m     t =    54.00s Get all elements bound by accessibility element for: Descendants matching type TabBar
&amp#27;[38;5;173m[Xcode]&amp#27;[0m 
&amp#27;[38;5;173m[Xcode]&amp#27;[0m     t =    54.00s     Requesting snapshot of accessibility hierarchy for app with pid 21811
&amp#27;[38;5;173m[Xcode]&amp#27;[0m 
&amp#27;[38;5;173m[Xcode]&amp#27;[0m     t =    54.04s     Find: Descendants matching type TabBar
&amp#27;[38;5;173m[Xcode]&amp#27;[0m 
&amp#27;[38;5;200m[dbe4db21]&amp#27;[0m&amp#27;[38;5;-42m[XCUITestDriver@9d32 (dbe4db21)]&amp#27;[0m Got response with status 404: {"value":{"error":"no such element","message":"unable to find an element using 'class chain', value '**/XCUIElementTypeTabBar'","traceback":"(\n\t0   WebDriverAgentLib                   0x000000010471f162 FBNoSuchElementErrorResponseForRequest + 290\n\t1   WebDriverAgentLib                   0x000000010471ef3c +[FBFindElementCommands handleFindElement:] + 364\n\t2   WebDriverAgentLib                   0x00000001046e02ac -[FBRoute_TargetAction mountRequest:intoResponse:] + 172\n\t3   WebDriverAgentLib                   0x00000001046c8e73 __37-[FBWebServer registerRouteHandlers:]_block_invoke + 499\n\t4   WebDriverAgentLib                   0x000000010470375d -[RoutingHTTPServer handleRoute:withRequest:response:] + 189\n\t5   WebDriverAgentLib                   0x0000000104704551 __72-[RoutingHTTPServer routeMethod:withPath:parameters:request:connection:]_block_invoke + 65\n\t6   libdispatch.dylib                   0x00007ff80013ca3a _dispatch_client_callout + 8\n\t7   libdispatch.dylib                   0x0...
&amp#27;[38;5;200m[dbe4db21]&amp#27;[0m&amp#27;[38;5;123m[W3C]&amp#27;[0m Matched W3C error code 'no such element' to NoSuchElementError
&amp#27;[38;5;200m[dbe4db21]&amp#27;[0m&amp#27;[38;5;-42m[XCUITestDriver@9d32 (dbe4db21)]&amp#27;[0m Waited for 7819 ms so far
&amp#27;[38;5;200m[dbe4db21]&amp#27;[0m&amp#27;[38;5;-42m[XCUITestDriver@9d32 (dbe4db21)]&amp#27;[0m Matched '/element' to command name 'findElement'
&amp#27;[38;5;200m[dbe4db21]&amp#27;[0m&amp#27;[38;5;-42m[XCUITestDriver@9d32 (dbe4db21)]&amp#27;[0m Proxying [POST /element] to [POST http://127.0.0.1:8100/session/CE40ADAF-B139-4368-BB61-1EFAB337C153/element] with body: {"using":"class chain","value":"**/XCUIElementTypeTabBar"}
&amp#27;[38;5;173m[Xcode]&amp#27;[0m 2024-11-05 15:50:08.518654+0500 WebDriverAgentRunner-Runner[21804:212226] Getting the most recent active application (out of 1 total items)
&amp#27;[38;5;173m[Xcode]&amp#27;[0m 
&amp#27;[38;5;173m[Xcode]&amp#27;[0m     t =    54.55s Get all elements bound by accessibility element for: Descendants matching type TabBar
&amp#27;[38;5;173m[Xcode]&amp#27;[0m 
&amp#27;[38;5;173m[Xcode]&amp#27;[0m     t =    54.55s     Requesting snapshot of accessibility hierarchy for app with pid 21811
&amp#27;[38;5;173m[Xcode]&amp#27;[0m 
&amp#27;[38;5;173m[Xcode]&amp#27;[0m     t =    54.59s     Find: Descendants matching type TabBar
&amp#27;[38;5;173m[Xcode]&amp#27;[0m 
&amp#27;[38;5;200m[dbe4db21]&amp#27;[0m&amp#27;[38;5;-42m[XCUITestDriver@9d32 (dbe4db21)]&amp#27;[0m Got response with status 404: {"value":{"error":"no such element","message":"unable to find an element using 'class chain', value '**/XCUIElementTypeTabBar'","traceback":"(\n\t0   WebDriverAgentLib                   0x000000010471f162 FBNoSuchElementErrorResponseForRequest + 290\n\t1   WebDriverAgentLib                   0x000000010471ef3c +[FBFindElementCommands handleFindElement:] + 364\n\t2   WebDriverAgentLib                   0x00000001046e02ac -[FBRoute_TargetAction mountRequest:intoResponse:] + 172\n\t3   WebDriverAgentLib                   0x00000001046c8e73 __37-[FBWebServer registerRouteHandlers:]_block_invoke + 499\n\t4   WebDriverAgentLib                   0x000000010470375d -[RoutingHTTPServer handleRoute:withRequest:response:] + 189\n\t5   WebDriverAgentLib                   0x0000000104704551 __72-[RoutingHTTPServer routeMethod:withPath:parameters:request:connection:]_block_invoke + 65\n\t6   libdispatch.dylib                   0x00007ff80013ca3a _dispatch_client_callout + 8\n\t7   libdispatch.dylib                   0x0...
&amp#27;[38;5;200m[dbe4db21]&amp#27;[0m&amp#27;[38;5;123m[W3C]&amp#27;[0m Matched W3C error code 'no such element' to NoSuchElementError
&amp#27;[38;5;200m[dbe4db21]&amp#27;[0m&amp#27;[38;5;-42m[XCUITestDriver@9d32 (dbe4db21)]&amp#27;[0m Waited for 8375 ms so far
&amp#27;[38;5;200m[dbe4db21]&amp#27;[0m&amp#27;[38;5;-42m[XCUITestDriver@9d32 (dbe4db21)]&amp#27;[0m Matched '/element' to command name 'findElement'
&amp#27;[38;5;200m[dbe4db21]&amp#27;[0m&amp#27;[38;5;-42m[XCUITestDriver@9d32 (dbe4db21)]&amp#27;[0m Proxying [POST /element] to [POST http://127.0.0.1:8100/session/CE40ADAF-B139-4368-BB61-1EFAB337C153/element] with body: {"using":"class chain","value":"**/XCUIElementTypeTabBar"}
&amp#27;[38;5;173m[Xcode]&amp#27;[0m 2024-11-05 15:50:09.074465+0500 WebDriverAgentRunner-Runner[21804:212226] Getting the most recent active application (out of 1 total items)
&amp#27;[38;5;173m[Xcode]&amp#27;[0m 
&amp#27;[38;5;173m[Xcode]&amp#27;[0m     t =    55.11s Get all elements bound by accessibility element for: Descendants matching type TabBar
&amp#27;[38;5;173m[Xcode]&amp#27;[0m 
&amp#27;[38;5;173m[Xcode]&amp#27;[0m     t =    55.11s     Requesting snapshot of accessibility hierarchy for app with pid 21811
&amp#27;[38;5;173m[Xcode]&amp#27;[0m 
&amp#27;[38;5;173m[Xcode]&amp#27;[0m     t =    55.14s     Find: Descendants matching type TabBar
&amp#27;[38;5;173m[Xcode]&amp#27;[0m 
&amp#27;[38;5;200m[dbe4db21]&amp#27;[0m&amp#27;[38;5;-42m[XCUITestDriver@9d32 (dbe4db21)]&amp#27;[0m Got response with status 404: {"value":{"error":"no such element","message":"unable to find an element using 'class chain', value '**/XCUIElementTypeTabBar'","traceback":"(\n\t0   WebDriverAgentLib                   0x000000010471f162 FBNoSuchElementErrorResponseForRequest + 290\n\t1   WebDriverAgentLib                   0x000000010471ef3c +[FBFindElementCommands handleFindElement:] + 364\n\t2   WebDriverAgentLib                   0x00000001046e02ac -[FBRoute_TargetAction mountRequest:intoResponse:] + 172\n\t3   WebDriverAgentLib                   0x00000001046c8e73 __37-[FBWebServer registerRouteHandlers:]_block_invoke + 499\n\t4   WebDriverAgentLib                   0x000000010470375d -[RoutingHTTPServer handleRoute:withRequest:response:] + 189\n\t5   WebDriverAgentLib                   0x0000000104704551 __72-[RoutingHTTPServer routeMethod:withPath:parameters:request:connection:]_block_invoke + 65\n\t6   libdispatch.dylib                   0x00007ff80013ca3a _dispatch_client_callout + 8\n\t7   libdispatch.dylib                   0x0...
&amp#27;[38;5;200m[dbe4db21]&amp#27;[0m&amp#27;[38;5;123m[W3C]&amp#27;[0m Matched W3C error code 'no such element' to NoSuchElementError
&amp#27;[38;5;200m[dbe4db21]&amp#27;[0m&amp#27;[38;5;-42m[XCUITestDriver@9d32 (dbe4db21)]&amp#27;[0m Waited for 8928 ms so far
&amp#27;[38;5;200m[dbe4db21]&amp#27;[0m&amp#27;[38;5;-42m[XCUITestDriver@9d32 (dbe4db21)]&amp#27;[0m Matched '/element' to command name 'findElement'
&amp#27;[38;5;200m[dbe4db21]&amp#27;[0m&amp#27;[38;5;-42m[XCUITestDriver@9d32 (dbe4db21)]&amp#27;[0m Proxying [POST /element] to [POST http://127.0.0.1:8100/session/CE40ADAF-B139-4368-BB61-1EFAB337C153/element] with body: {"using":"class chain","value":"**/XCUIElementTypeTabBar"}
&amp#27;[38;5;173m[Xcode]&amp#27;[0m 2024-11-05 15:50:09.628217+0500 WebDriverAgentRunner-Runner[21804:212226] Getting the most recent active application (out of 1 total items)
&amp#27;[38;5;173m[Xcode]&amp#27;[0m 
&amp#27;[38;5;173m[Xcode]&amp#27;[0m     t =    55.66s Get all elements bound by accessibility element for: Descendants matching type TabBar
&amp#27;[38;5;173m[Xcode]&amp#27;[0m 
&amp#27;[38;5;173m[Xcode]&amp#27;[0m     t =    55.66s     Requesting snapshot of accessibility hierarchy for app with pid 21811
&amp#27;[38;5;173m[Xcode]&amp#27;[0m 
&amp#27;[38;5;173m[Xcode]&amp#27;[0m     t =    55.70s     Find: Descendants matching type TabBar
&amp#27;[38;5;173m[Xcode]&amp#27;[0m 
&amp#27;[38;5;200m[dbe4db21]&amp#27;[0m&amp#27;[38;5;-42m[XCUITestDriver@9d32 (dbe4db21)]&amp#27;[0m Got response with status 404: {"value":{"error":"no such element","message":"unable to find an element using 'class chain', value '**/XCUIElementTypeTabBar'","traceback":"(\n\t0   WebDriverAgentLib                   0x000000010471f162 FBNoSuchElementErrorResponseForRequest + 290\n\t1   WebDriverAgentLib                   0x000000010471ef3c +[FBFindElementCommands handleFindElement:] + 364\n\t2   WebDriverAgentLib                   0x00000001046e02ac -[FBRoute_TargetAction mountRequest:intoResponse:] + 172\n\t3   WebDriverAgentLib                   0x00000001046c8e73 __37-[FBWebServer registerRouteHandlers:]_block_invoke + 499\n\t4   WebDriverAgentLib                   0x000000010470375d -[RoutingHTTPServer handleRoute:withRequest:response:] + 189\n\t5   WebDriverAgentLib                   0x0000000104704551 __72-[RoutingHTTPServer routeMethod:withPath:parameters:request:connection:]_block_invoke + 65\n\t6   libdispatch.dylib                   0x00007ff80013ca3a _dispatch_client_callout + 8\n\t7   libdispatch.dylib                   0x0...
&amp#27;[38;5;200m[dbe4db21]&amp#27;[0m&amp#27;[38;5;123m[W3C]&amp#27;[0m Matched W3C error code 'no such element' to NoSuchElementError
&amp#27;[38;5;200m[dbe4db21]&amp#27;[0m&amp#27;[38;5;-42m[XCUITestDriver@9d32 (dbe4db21)]&amp#27;[0m Waited for 9484 ms so far
&amp#27;[38;5;200m[dbe4db21]&amp#27;[0m&amp#27;[38;5;-42m[XCUITestDriver@9d32 (dbe4db21)]&amp#27;[0m Matched '/element' to command name 'findElement'
&amp#27;[38;5;200m[dbe4db21]&amp#27;[0m&amp#27;[38;5;-42m[XCUITestDriver@9d32 (dbe4db21)]&amp#27;[0m Proxying [POST /element] to [POST http://127.0.0.1:8100/session/CE40ADAF-B139-4368-BB61-1EFAB337C153/element] with body: {"using":"class chain","value":"**/XCUIElementTypeTabBar"}
&amp#27;[38;5;173m[Xcode]&amp#27;[0m 2024-11-05 15:50:10.183031+0500 WebDriverAgentRunner-Runner[21804:212226] Getting the most recent active application (out of 1 total items)
&amp#27;[38;5;173m[Xcode]&amp#27;[0m 
&amp#27;[38;5;173m[Xcode]&amp#27;[0m     t =    56.22s Get all elements bound by accessibility element for: Descendants matching type TabBar
&amp#27;[38;5;173m[Xcode]&amp#27;[0m 
&amp#27;[38;5;173m[Xcode]&amp#27;[0m     t =    56.22s     Requesting snapshot of accessibility hierarchy for app with pid 21811
&amp#27;[38;5;173m[Xcode]&amp#27;[0m 
&amp#27;[38;5;173m[Xcode]&amp#27;[0m     t =    56.26s     Find: Descendants matching type TabBar
&amp#27;[38;5;173m[Xcode]&amp#27;[0m 
&amp#27;[38;5;200m[dbe4db21]&amp#27;[0m&amp#27;[38;5;-42m[XCUITestDriver@9d32 (dbe4db21)]&amp#27;[0m Got response with status 404: {"value":{"error":"no such element","message":"unable to find an element using 'class chain', value '**/XCUIElementTypeTabBar'","traceback":"(\n\t0   WebDriverAgentLib                   0x000000010471f162 FBNoSuchElementErrorResponseForRequest + 290\n\t1   WebDriverAgentLib                   0x000000010471ef3c +[FBFindElementCommands handleFindElement:] + 364\n\t2   WebDriverAgentLib                   0x00000001046e02ac -[FBRoute_TargetAction mountRequest:intoResponse:] + 172\n\t3   WebDriverAgentLib                   0x00000001046c8e73 __37-[FBWebServer registerRouteHandlers:]_block_invoke + 499\n\t4   WebDriverAgentLib                   0x000000010470375d -[RoutingHTTPServer handleRoute:withRequest:response:] + 189\n\t5   WebDriverAgentLib                   0x0000000104704551 __72-[RoutingHTTPServer routeMethod:withPath:parameters:request:connection:]_block_invoke + 65\n\t6   libdispatch.dylib                   0x00007ff80013ca3a _dispatch_client_callout + 8\n\t7   libdispatch.dylib                   0x0...
&amp#27;[38;5;200m[dbe4db21]&amp#27;[0m&amp#27;[38;5;123m[W3C]&amp#27;[0m Matched W3C error code 'no such element' to NoSuchElementError
&amp#27;[38;5;200m[dbe4db21]&amp#27;[0m&amp#27;[38;5;-42m[XCUITestDriver@9d32 (dbe4db21)]&amp#27;[0m Encountered internal error running command: NoSuchElementError: An element could not be located on the page using the given search parameters.
&amp#27;[38;5;200m[dbe4db21]&amp#27;[0m&amp#27;[38;5;-42m[XCUITestDriver@9d32 (dbe4db21)]&amp#27;[0m     at XCUITestDriver.doNativeFind (/Users/oikhlas/.appium/node_modules/appium-xcuitest-driver/lib/commands/find.js:143:13)
&amp#27;[38;5;200m[dbe4db21]&amp#27;[0m&amp#27;[38;5;-42m[XCUITestDriver@9d32 (dbe4db21)]&amp#27;[0m     at processTicksAndRejections (node:internal/process/task_queues:95:5)
&amp#27;[38;5;200m[dbe4db21]&amp#27;[0m&amp#27;[38;5;-42m[XCUITestDriver@9d32 (dbe4db21)]&amp#27;[0m     at XCUITestDriver.findNativeElementOrElements (/Users/oikhlas/.appium/node_modules/appium-xcuitest-driver/lib/commands/find.js:97:12)
&amp#27;[38;5;200m[dbe4db21]&amp#27;[0m&amp#27;[38;5;-42m[XCUITestDriver@9d32 (dbe4db21)]&amp#27;[0m     at XCUITestDriver.findElOrEls (/Users/oikhlas/.appium/node_modules/appium-xcuitest-driver/lib/commands/find.js:24:14)
&amp#27;[38;5;200m[dbe4db21]&amp#27;[0m&amp#27;[38;5;-42m[XCUITestDriver@9d32 (dbe4db21)]&amp#27;[0m     at XCUITestDriver.findElOrElsWithProcessing (/Users/oikhlas/node_modules/@appium/base-driver/lib/basedriver/commands/find.ts:60:12)
&amp#27;[38;5;200m[dbe4db21]&amp#27;[0m&amp#27;[38;5;-42m[XCUITestDriver@9d32 (dbe4db21)]&amp#27;[0m     at XCUITestDriver.findElement (/Users/oikhlas/node_modules/@appium/base-driver/lib/basedriver/commands/find.ts:75:12)
&amp#27;[38;5;200m[dbe4db21]&amp#27;[0m&amp#27;[38;5;86m[HTTP]&amp#27;[0m <-- POST /session/dbe4db21-e6a9-4d05-bdbb-cc788eb5635e/element 404 10040 ms - 964 
&amp#27;[38;5;200m[dbe4db21]&amp#27;[0m&amp#27;[38;5;86m[HTTP]&amp#27;[0m &amp#27;[37m-->&amp#27;[39m &amp#27;[37mPOST&amp#27;[39m &amp#27;[37m/session/dbe4db21-e6a9-4d05-bdbb-cc788eb5635e/element&amp#27;[39m {"using":"name","value":"applitools_grab_scrollable_data_button"}
&amp#27;[38;5;200m[dbe4db21]&amp#27;[0m&amp#27;[38;5;-42m[XCUITestDriver@9d32 (dbe4db21)]&amp#27;[0m Calling AppiumDriver.findElement() with args: ["name","applitools_grab_scrollable_data_button","dbe4db21-e6a9-4d05-bdbb-cc788eb5635e"]
&amp#27;[38;5;200m[dbe4db21]&amp#27;[0m&amp#27;[38;5;-42m[XCUITestDriver@9d32 (dbe4db21)]&amp#27;[0m Executing command 'findElement'
&amp#27;[38;5;200m[dbe4db21]&amp#27;[0m&amp#27;[38;5;-42m[XCUITestDriver@9d32 (dbe4db21)]&amp#27;[0m Valid locator strategies for this request: xpath, id, name, class name, -ios predicate string, -ios class chain, accessibility id, css selector
&amp#27;[38;5;200m[dbe4db21]&amp#27;[0m&amp#27;[38;5;-42m[XCUITestDriver@9d32 (dbe4db21)]&amp#27;[0m Waiting up to 10000 ms for condition
&amp#27;[38;5;200m[dbe4db21]&amp#27;[0m&amp#27;[38;5;-42m[XCUITestDriver@9d32 (dbe4db21)]&amp#27;[0m Matched '/element' to command name 'findElement'
&amp#27;[38;5;200m[dbe4db21]&amp#27;[0m&amp#27;[38;5;-42m[XCUITestDriver@9d32 (dbe4db21)]&amp#27;[0m Proxying [POST /element] to [POST http://127.0.0.1:8100/session/CE40ADAF-B139-4368-BB61-1EFAB337C153/element] with body: {"using":"name","value":"applitools_grab_scrollable_data_button"}
&amp#27;[38;5;173m[Xcode]&amp#27;[0m 2024-11-05 15:50:10.343221+0500 WebDriverAgentRunner-Runner[21804:212226] Getting the most recent active application (out of 1 total items)
&amp#27;[38;5;173m[Xcode]&amp#27;[0m 
&amp#27;[38;5;173m[Xcode]&amp#27;[0m     t =    56.38s Get all elements bound by accessibility element for: Elements matching predicate 'BLOCKPREDICATE(0x6000021dfd50)'
&amp#27;[38;5;173m[Xcode]&amp#27;[0m 
&amp#27;[38;5;173m[Xcode]&amp#27;[0m     t =    56.38s     Requesting snapshot of accessibility hierarchy for app with pid 21811
&amp#27;[38;5;173m[Xcode]&amp#27;[0m 
&amp#27;[38;5;173m[Xcode]&amp#27;[0m     t =    56.44s     Find: Descendants matching type Any
&amp#27;[38;5;173m[Xcode]&amp#27;[0m 
&amp#27;[38;5;173m[Xcode]&amp#27;[0m     t =    56.44s     Find: Elements matching predicate 'BLOCKPREDICATE(0x6000021dfd50)'
&amp#27;[38;5;173m[Xcode]&amp#27;[0m 
&amp#27;[38;5;200m[dbe4db21]&amp#27;[0m&amp#27;[38;5;-42m[XCUITestDriver@9d32 (dbe4db21)]&amp#27;[0m Got response with status 404: {"value":{"error":"no such element","message":"unable to find an element using 'name', value 'applitools_grab_scrollable_data_button'","traceback":"(\n\t0   WebDriverAgentLib                   0x000000010471f162 FBNoSuchElementErrorResponseForRequest + 290\n\t1   WebDriverAgentLib                   0x000000010471ef3c +[FBFindElementCommands handleFindElement:] + 364\n\t2   WebDriverAgentLib                   0x00000001046e02ac -[FBRoute_TargetAction mountRequest:intoResponse:] + 172\n\t3   WebDriverAgentLib                   0x00000001046c8e73 __37-[FBWebServer registerRouteHandlers:]_block_invoke + 499\n\t4   WebDriverAgentLib                   0x000000010470375d -[RoutingHTTPServer handleRoute:withRequest:response:] + 189\n\t5   WebDriverAgentLib                   0x0000000104704551 __72-[RoutingHTTPServer routeMethod:withPath:parameters:request:connection:]_block_invoke + 65\n\t6   libdispatch.dylib                   0x00007ff80013ca3a _dispatch_client_callout + 8\n\t7   libdispatch.dylib               ...
&amp#27;[38;5;200m[dbe4db21]&amp#27;[0m&amp#27;[38;5;123m[W3C]&amp#27;[0m Matched W3C error code 'no such element' to NoSuchElementError
&amp#27;[38;5;200m[dbe4db21]&amp#27;[0m&amp#27;[38;5;-42m[XCUITestDriver@9d32 (dbe4db21)]&amp#27;[0m Waited for 82 ms so far
&amp#27;[38;5;200m[dbe4db21]&amp#27;[0m&amp#27;[38;5;-42m[XCUITestDriver@9d32 (dbe4db21)]&amp#27;[0m Matched '/element' to command name 'findElement'
&amp#27;[38;5;200m[dbe4db21]&amp#27;[0m&amp#27;[38;5;-42m[XCUITestDriver@9d32 (dbe4db21)]&amp#27;[0m Proxying [POST /element] to [POST http://127.0.0.1:8100/session/CE40ADAF-B139-4368-BB61-1EFAB337C153/element] with body: {"using":"name","value":"applitools_grab_scrollable_data_button"}
&amp#27;[38;5;173m[Xcode]&amp#27;[0m 2024-11-05 15:50:10.927664+0500 WebDriverAgentRunner-Runner[21804:212226] Getting the most recent active application (out of 1 total items)
&amp#27;[38;5;173m[Xcode]&amp#27;[0m 
&amp#27;[38;5;173m[Xcode]&amp#27;[0m     t =    56.96s Get all elements bound by accessibility element for: Elements matching predicate 'BLOCKPREDICATE(0x60000215cc90)'
&amp#27;[38;5;173m[Xcode]&amp#27;[0m 
&amp#27;[38;5;173m[Xcode]&amp#27;[0m     t =    56.96s     Requesting snapshot of accessibility hierarchy for app with pid 21811
&amp#27;[38;5;173m[Xcode]&amp#27;[0m 
&amp#27;[38;5;173m[Xcode]&amp#27;[0m     t =    57.02s     Find: Descendants matching type Any
&amp#27;[38;5;173m[Xcode]&amp#27;[0m 
&amp#27;[38;5;173m[Xcode]&amp#27;[0m     t =    57.03s     Find: Elements matching predicate 'BLOCKPREDICATE(0x60000215cc90)'
&amp#27;[38;5;173m[Xcode]&amp#27;[0m 
&amp#27;[38;5;200m[dbe4db21]&amp#27;[0m&amp#27;[38;5;-42m[XCUITestDriver@9d32 (dbe4db21)]&amp#27;[0m Got response with status 404: {"value":{"error":"no such element","message":"unable to find an element using 'name', value 'applitools_grab_scrollable_data_button'","traceback":"(\n\t0   WebDriverAgentLib                   0x000000010471f162 FBNoSuchElementErrorResponseForRequest + 290\n\t1   WebDriverAgentLib                   0x000000010471ef3c +[FBFindElementCommands handleFindElement:] + 364\n\t2   WebDriverAgentLib                   0x00000001046e02ac -[FBRoute_TargetAction mountRequest:intoResponse:] + 172\n\t3   WebDriverAgentLib                   0x00000001046c8e73 __37-[FBWebServer registerRouteHandlers:]_block_invoke + 499\n\t4   WebDriverAgentLib                   0x000000010470375d -[RoutingHTTPServer handleRoute:withRequest:response:] + 189\n\t5   WebDriverAgentLib                   0x0000000104704551 __72-[RoutingHTTPServer routeMethod:withPath:parameters:request:connection:]_block_invoke + 65\n\t6   libdispatch.dylib                   0x00007ff80013ca3a _dispatch_client_callout + 8\n\t7   libdispatch.dylib               ...
&amp#27;[38;5;200m[dbe4db21]&amp#27;[0m&amp#27;[38;5;123m[W3C]&amp#27;[0m Matched W3C error code 'no such element' to NoSuchElementError
&amp#27;[38;5;200m[dbe4db21]&amp#27;[0m&amp#27;[38;5;-42m[XCUITestDriver@9d32 (dbe4db21)]&amp#27;[0m Waited for 665 ms so far
&amp#27;[38;5;200m[dbe4db21]&amp#27;[0m&amp#27;[38;5;-42m[XCUITestDriver@9d32 (dbe4db21)]&amp#27;[0m Matched '/element' to command name 'findElement'
&amp#27;[38;5;200m[dbe4db21]&amp#27;[0m&amp#27;[38;5;-42m[XCUITestDriver@9d32 (dbe4db21)]&amp#27;[0m Proxying [POST /element] to [POST http://127.0.0.1:8100/session/CE40ADAF-B139-4368-BB61-1EFAB337C153/element] with body: {"using":"name","value":"applitools_grab_scrollable_data_button"}
&amp#27;[38;5;173m[Xcode]&amp#27;[0m 2024-11-05 15:50:11.507592+0500 WebDriverAgentRunner-Runner[21804:212226] Getting the most recent active application (out of 1 total items)
&amp#27;[38;5;173m[Xcode]&amp#27;[0m 
&amp#27;[38;5;173m[Xcode]&amp#27;[0m     t =    57.54s Get all elements bound by accessibility element for: Elements matching predicate 'BLOCKPREDICATE(0x6000020b7f60)'
&amp#27;[38;5;173m[Xcode]&amp#27;[0m 
&amp#27;[38;5;173m[Xcode]&amp#27;[0m     t =    57.54s     Requesting snapshot of accessibility hierarchy for app with pid 21811
&amp#27;[38;5;173m[Xcode]&amp#27;[0m 
&amp#27;[38;5;173m[Xcode]&amp#27;[0m     t =    57.61s     Find: Descendants matching type Any
&amp#27;[38;5;173m[Xcode]&amp#27;[0m 
&amp#27;[38;5;173m[Xcode]&amp#27;[0m     t =    57.61s     Find: Elements matching predicate 'BLOCKPREDICATE(0x6000020b7f60)'
&amp#27;[38;5;173m[Xcode]&amp#27;[0m 
&amp#27;[38;5;200m[dbe4db21]&amp#27;[0m&amp#27;[38;5;-42m[XCUITestDriver@9d32 (dbe4db21)]&amp#27;[0m Got response with status 404: {"value":{"error":"no such element","message":"unable to find an element using 'name', value 'applitools_grab_scrollable_data_button'","traceback":"(\n\t0   WebDriverAgentLib                   0x000000010471f162 FBNoSuchElementErrorResponseForRequest + 290\n\t1   WebDriverAgentLib                   0x000000010471ef3c +[FBFindElementCommands handleFindElement:] + 364\n\t2   WebDriverAgentLib                   0x00000001046e02ac -[FBRoute_TargetAction mountRequest:intoResponse:] + 172\n\t3   WebDriverAgentLib                   0x00000001046c8e73 __37-[FBWebServer registerRouteHandlers:]_block_invoke + 499\n\t4   WebDriverAgentLib                   0x000000010470375d -[RoutingHTTPServer handleRoute:withRequest:response:] + 189\n\t5   WebDriverAgentLib                   0x0000000104704551 __72-[RoutingHTTPServer routeMethod:withPath:parameters:request:connection:]_block_invoke + 65\n\t6   libdispatch.dylib                   0x00007ff80013ca3a _dispatch_client_callout + 8\n\t7   libdispatch.dylib               ...
&amp#27;[38;5;200m[dbe4db21]&amp#27;[0m&amp#27;[38;5;123m[W3C]&amp#27;[0m Matched W3C error code 'no such element' to NoSuchElementError
&amp#27;[38;5;200m[dbe4db21]&amp#27;[0m&amp#27;[38;5;-42m[XCUITestDriver@9d32 (dbe4db21)]&amp#27;[0m Waited for 1247 ms so far
&amp#27;[38;5;200m[dbe4db21]&amp#27;[0m&amp#27;[38;5;-42m[XCUITestDriver@9d32 (dbe4db21)]&amp#27;[0m Matched '/element' to command name 'findElement'
&amp#27;[38;5;200m[dbe4db21]&amp#27;[0m&amp#27;[38;5;-42m[XCUITestDriver@9d32 (dbe4db21)]&amp#27;[0m Proxying [POST /element] to [POST http://127.0.0.1:8100/session/CE40ADAF-B139-4368-BB61-1EFAB337C153/element] with body: {"using":"name","value":"applitools_grab_scrollable_data_button"}
&amp#27;[38;5;173m[Xcode]&amp#27;[0m 2024-11-05 15:50:12.091237+0500 WebDriverAgentRunner-Runner[21804:212226] Getting the most recent active application (out of 1 total items)
&amp#27;[38;5;173m[Xcode]&amp#27;[0m 
&amp#27;[38;5;173m[Xcode]&amp#27;[0m     t =    58.12s Get all elements bound by accessibility element for: Elements matching predicate 'BLOCKPREDICATE(0x6000020b3ed0)'
&amp#27;[38;5;173m[Xcode]&amp#27;[0m 
&amp#27;[38;5;173m[Xcode]&amp#27;[0m     t =    58.13s     Requesting snapshot of accessibility hierarchy for app with pid 21811
&amp#27;[38;5;173m[Xcode]&amp#27;[0m 
&amp#27;[38;5;173m[Xcode]&amp#27;[0m     t =    58.19s     Find: Descendants matching type Any
&amp#27;[38;5;173m[Xcode]&amp#27;[0m 
&amp#27;[38;5;173m[Xcode]&amp#27;[0m     t =    58.19s     Find: Elements matching predicate 'BLOCKPREDICATE(0x6000020b3ed0)'
&amp#27;[38;5;173m[Xcode]&amp#27;[0m 
&amp#27;[38;5;200m[dbe4db21]&amp#27;[0m&amp#27;[38;5;-42m[XCUITestDriver@9d32 (dbe4db21)]&amp#27;[0m Got response with status 404: {"value":{"error":"no such element","message":"unable to find an element using 'name', value 'applitools_grab_scrollable_data_button'","traceback":"(\n\t0   WebDriverAgentLib                   0x000000010471f162 FBNoSuchElementErrorResponseForRequest + 290\n\t1   WebDriverAgentLib                   0x000000010471ef3c +[FBFindElementCommands handleFindElement:] + 364\n\t2   WebDriverAgentLib                   0x00000001046e02ac -[FBRoute_TargetAction mountRequest:intoResponse:] + 172\n\t3   WebDriverAgentLib                   0x00000001046c8e73 __37-[FBWebServer registerRouteHandlers:]_block_invoke + 499\n\t4   WebDriverAgentLib                   0x000000010470375d -[RoutingHTTPServer handleRoute:withRequest:response:] + 189\n\t5   WebDriverAgentLib                   0x0000000104704551 __72-[RoutingHTTPServer routeMethod:withPath:parameters:request:connection:]_block_invoke + 65\n\t6   libdispatch.dylib                   0x00007ff80013ca3a _dispatch_client_callout + 8\n\t7   libdispatch.dylib               ...
&amp#27;[38;5;200m[dbe4db21]&amp#27;[0m&amp#27;[38;5;123m[W3C]&amp#27;[0m Matched W3C error code 'no such element' to NoSuchElementError
&amp#27;[38;5;200m[dbe4db21]&amp#27;[0m&amp#27;[38;5;-42m[XCUITestDriver@9d32 (dbe4db21)]&amp#27;[0m Waited for 1830 ms so far
&amp#27;[38;5;200m[dbe4db21]&amp#27;[0m&amp#27;[38;5;-42m[XCUITestDriver@9d32 (dbe4db21)]&amp#27;[0m Matched '/element' to command name 'findElement'
&amp#27;[38;5;200m[dbe4db21]&amp#27;[0m&amp#27;[38;5;-42m[XCUITestDriver@9d32 (dbe4db21)]&amp#27;[0m Proxying [POST /element] to [POST http://127.0.0.1:8100/session/CE40ADAF-B139-4368-BB61-1EFAB337C153/element] with body: {"using":"name","value":"applitools_grab_scrollable_data_button"}
&amp#27;[38;5;173m[Xcode]&amp#27;[0m 2024-11-05 15:50:12.675563+0500 WebDriverAgentRunner-Runner[21804:212226] Getting the most recent active application (out of 1 total items)
&amp#27;[38;5;173m[Xcode]&amp#27;[0m 
&amp#27;[38;5;173m[Xcode]&amp#27;[0m     t =    58.71s Get all elements bound by accessibility element for: Elements matching predicate 'BLOCKPREDICATE(0x6000021c2190)'
&amp#27;[38;5;173m[Xcode]&amp#27;[0m 
&amp#27;[38;5;173m[Xcode]&amp#27;[0m     t =    58.71s     Requesting snapshot of accessibility hierarchy for app with pid 21811
&amp#27;[38;5;173m[Xcode]&amp#27;[0m 
&amp#27;[38;5;173m[Xcode]&amp#27;[0m     t =    58.77s     Find: Descendants matching type Any
&amp#27;[38;5;173m[Xcode]&amp#27;[0m 
&amp#27;[38;5;173m[Xcode]&amp#27;[0m     t =    58.77s     Find: Elements matching predicate 'BLOCKPREDICATE(0x6000021c2190)'
&amp#27;[38;5;173m[Xcode]&amp#27;[0m 
&amp#27;[38;5;200m[dbe4db21]&amp#27;[0m&amp#27;[38;5;-42m[XCUITestDriver@9d32 (dbe4db21)]&amp#27;[0m Got response with status 404: {"value":{"error":"no such element","message":"unable to find an element using 'name', value 'applitools_grab_scrollable_data_button'","traceback":"(\n\t0   WebDriverAgentLib                   0x000000010471f162 FBNoSuchElementErrorResponseForRequest + 290\n\t1   WebDriverAgentLib                   0x000000010471ef3c +[FBFindElementCommands handleFindElement:] + 364\n\t2   WebDriverAgentLib                   0x00000001046e02ac -[FBRoute_TargetAction mountRequest:intoResponse:] + 172\n\t3   WebDriverAgentLib                   0x00000001046c8e73 __37-[FBWebServer registerRouteHandlers:]_block_invoke + 499\n\t4   WebDriverAgentLib                   0x000000010470375d -[RoutingHTTPServer handleRoute:withRequest:response:] + 189\n\t5   WebDriverAgentLib                   0x0000000104704551 __72-[RoutingHTTPServer routeMethod:withPath:parameters:request:connection:]_block_invoke + 65\n\t6   libdispatch.dylib                   0x00007ff80013ca3a _dispatch_client_callout + 8\n\t7   libdispatch.dylib               ...
&amp#27;[38;5;200m[dbe4db21]&amp#27;[0m&amp#27;[38;5;123m[W3C]&amp#27;[0m Matched W3C error code 'no such element' to NoSuchElementError
&amp#27;[38;5;200m[dbe4db21]&amp#27;[0m&amp#27;[38;5;-42m[XCUITestDriver@9d32 (dbe4db21)]&amp#27;[0m Waited for 2413 ms so far
&amp#27;[38;5;200m[dbe4db21]&amp#27;[0m&amp#27;[38;5;-42m[XCUITestDriver@9d32 (dbe4db21)]&amp#27;[0m Matched '/element' to command name 'findElement'
&amp#27;[38;5;200m[dbe4db21]&amp#27;[0m&amp#27;[38;5;-42m[XCUITestDriver@9d32 (dbe4db21)]&amp#27;[0m Proxying [POST /element] to [POST http://127.0.0.1:8100/session/CE40ADAF-B139-4368-BB61-1EFAB337C153/element] with body: {"using":"name","value":"applitools_grab_scrollable_data_button"}
&amp#27;[38;5;173m[Xcode]&amp#27;[0m 2024-11-05 15:50:13.259340+0500 WebDriverAgentRunner-Runner[21804:212226] Getting the most recent active application (out of 1 total items)
&amp#27;[38;5;173m[Xcode]&amp#27;[0m 
&amp#27;[38;5;173m[Xcode]&amp#27;[0m     t =    59.29s Get all elements bound by accessibility element for: Elements matching predicate 'BLOCKPREDICATE(0x600002103de0)'
&amp#27;[38;5;173m[Xcode]&amp#27;[0m 
&amp#27;[38;5;173m[Xcode]&amp#27;[0m     t =    59.29s     Requesting snapshot of accessibility hierarchy for app with pid 21811
&amp#27;[38;5;173m[Xcode]&amp#27;[0m 
&amp#27;[38;5;173m[Xcode]&amp#27;[0m     t =    59.36s     Find: Descendants matching type Any
&amp#27;[38;5;173m[Xcode]&amp#27;[0m 
&amp#27;[38;5;173m[Xcode]&amp#27;[0m     t =    59.36s     Find: Elements matching predicate 'BLOCKPREDICATE(0x600002103de0)'
&amp#27;[38;5;173m[Xcode]&amp#27;[0m 
&amp#27;[38;5;200m[dbe4db21]&amp#27;[0m&amp#27;[38;5;-42m[XCUITestDriver@9d32 (dbe4db21)]&amp#27;[0m Got response with status 404: {"value":{"error":"no such element","message":"unable to find an element using 'name', value 'applitools_grab_scrollable_data_button'","traceback":"(\n\t0   WebDriverAgentLib                   0x000000010471f162 FBNoSuchElementErrorResponseForRequest + 290\n\t1   WebDriverAgentLib                   0x000000010471ef3c +[FBFindElementCommands handleFindElement:] + 364\n\t2   WebDriverAgentLib                   0x00000001046e02ac -[FBRoute_TargetAction mountRequest:intoResponse:] + 172\n\t3   WebDriverAgentLib                   0x00000001046c8e73 __37-[FBWebServer registerRouteHandlers:]_block_invoke + 499\n\t4   WebDriverAgentLib                   0x000000010470375d -[RoutingHTTPServer handleRoute:withRequest:response:] + 189\n\t5   WebDriverAgentLib                   0x0000000104704551 __72-[RoutingHTTPServer routeMethod:withPath:parameters:request:connection:]_block_invoke + 65\n\t6   libdispatch.dylib                   0x00007ff80013ca3a _dispatch_client_callout + 8\n\t7   libdispatch.dylib               ...
&amp#27;[38;5;200m[dbe4db21]&amp#27;[0m&amp#27;[38;5;123m[W3C]&amp#27;[0m Matched W3C error code 'no such element' to NoSuchElementError
&amp#27;[38;5;200m[dbe4db21]&amp#27;[0m&amp#27;[38;5;-42m[XCUITestDriver@9d32 (dbe4db21)]&amp#27;[0m Waited for 2998 ms so far
&amp#27;[38;5;200m[dbe4db21]&amp#27;[0m&amp#27;[38;5;-42m[XCUITestDriver@9d32 (dbe4db21)]&amp#27;[0m Matched '/element' to command name 'findElement'
&amp#27;[38;5;200m[dbe4db21]&amp#27;[0m&amp#27;[38;5;-42m[XCUITestDriver@9d32 (dbe4db21)]&amp#27;[0m Proxying [POST /element] to [POST http://127.0.0.1:8100/session/CE40ADAF-B139-4368-BB61-1EFAB337C153/element] with body: {"using":"name","value":"applitools_grab_scrollable_data_button"}
&amp#27;[38;5;173m[Xcode]&amp#27;[0m 2024-11-05 15:50:13.840971+0500 WebDriverAgentRunner-Runner[21804:212226] Getting the most recent active application (out of 1 total items)
&amp#27;[38;5;173m[Xcode]&amp#27;[0m 
&amp#27;[38;5;173m[Xcode]&amp#27;[0m     t =    59.87s Get all elements bound by accessibility element for: Elements matching predicate 'BLOCKPREDICATE(0x600002144180)'
&amp#27;[38;5;173m[Xcode]&amp#27;[0m 
&amp#27;[38;5;173m[Xcode]&amp#27;[0m     t =    59.87s     Requesting snapshot of accessibility hierarchy for app with pid 21811
&amp#27;[38;5;173m[Xcode]&amp#27;[0m 
&amp#27;[38;5;173m[Xcode]&amp#27;[0m     t =    59.94s     Find: Descendants matching type Any
&amp#27;[38;5;173m[Xcode]&amp#27;[0m 
&amp#27;[38;5;173m[Xcode]&amp#27;[0m     t =    59.94s     Find: Elements matching predicate 'BLOCKPREDICATE(0x600002144180)'
&amp#27;[38;5;173m[Xcode]&amp#27;[0m 
&amp#27;[38;5;200m[dbe4db21]&amp#27;[0m&amp#27;[38;5;-42m[XCUITestDriver@9d32 (dbe4db21)]&amp#27;[0m Got response with status 404: {"value":{"error":"no such element","message":"unable to find an element using 'name', value 'applitools_grab_scrollable_data_button'","traceback":"(\n\t0   WebDriverAgentLib                   0x000000010471f162 FBNoSuchElementErrorResponseForRequest + 290\n\t1   WebDriverAgentLib                   0x000000010471ef3c +[FBFindElementCommands handleFindElement:] + 364\n\t2   WebDriverAgentLib                   0x00000001046e02ac -[FBRoute_TargetAction mountRequest:intoResponse:] + 172\n\t3   WebDriverAgentLib                   0x00000001046c8e73 __37-[FBWebServer registerRouteHandlers:]_block_invoke + 499\n\t4   WebDriverAgentLib                   0x000000010470375d -[RoutingHTTPServer handleRoute:withRequest:response:] + 189\n\t5   WebDriverAgentLib                   0x0000000104704551 __72-[RoutingHTTPServer routeMethod:withPath:parameters:request:connection:]_block_invoke + 65\n\t6   libdispatch.dylib                   0x00007ff80013ca3a _dispatch_client_callout + 8\n\t7   libdispatch.dylib               ...
&amp#27;[38;5;200m[dbe4db21]&amp#27;[0m&amp#27;[38;5;123m[W3C]&amp#27;[0m Matched W3C error code 'no such element' to NoSuchElementError
&amp#27;[38;5;200m[dbe4db21]&amp#27;[0m&amp#27;[38;5;-42m[XCUITestDriver@9d32 (dbe4db21)]&amp#27;[0m Waited for 3579 ms so far
&amp#27;[38;5;200m[dbe4db21]&amp#27;[0m&amp#27;[38;5;-42m[XCUITestDriver@9d32 (dbe4db21)]&amp#27;[0m Matched '/element' to command name 'findElement'
&amp#27;[38;5;200m[dbe4db21]&amp#27;[0m&amp#27;[38;5;-42m[XCUITestDriver@9d32 (dbe4db21)]&amp#27;[0m Proxying [POST /element] to [POST http://127.0.0.1:8100/session/CE40ADAF-B139-4368-BB61-1EFAB337C153/element] with body: {"using":"name","value":"applitools_grab_scrollable_data_button"}
&amp#27;[38;5;173m[Xcode]&amp#27;[0m 2024-11-05 15:50:14.424585+0500 WebDriverAgentRunner-Runner[21804:212226] Getting the most recent active application (out of 1 total items)
&amp#27;[38;5;173m[Xcode]&amp#27;[0m 
&amp#27;[38;5;173m[Xcode]&amp#27;[0m     t =    60.46s Get all elements bound by accessibility element for: Elements matching predicate 'BLOCKPREDICATE(0x60000215b180)'
&amp#27;[38;5;173m[Xcode]&amp#27;[0m 
&amp#27;[38;5;173m[Xcode]&amp#27;[0m     t =    60.46s     Requesting snapshot of accessibility hierarchy for app with pid 21811
&amp#27;[38;5;173m[Xcode]&amp#27;[0m 
&amp#27;[38;5;173m[Xcode]&amp#27;[0m     t =    60.52s     Find: Descendants matching type Any
&amp#27;[38;5;173m[Xcode]&amp#27;[0m 
&amp#27;[38;5;173m[Xcode]&amp#27;[0m     t =    60.52s     Find: Elements matching predicate 'BLOCKPREDICATE(0x60000215b180)'
&amp#27;[38;5;173m[Xcode]&amp#27;[0m 
&amp#27;[38;5;200m[dbe4db21]&amp#27;[0m&amp#27;[38;5;-42m[XCUITestDriver@9d32 (dbe4db21)]&amp#27;[0m Got response with status 404: {"value":{"error":"no such element","message":"unable to find an element using 'name', value 'applitools_grab_scrollable_data_button'","traceback":"(\n\t0   WebDriverAgentLib                   0x000000010471f162 FBNoSuchElementErrorResponseForRequest + 290\n\t1   WebDriverAgentLib                   0x000000010471ef3c +[FBFindElementCommands handleFindElement:] + 364\n\t2   WebDriverAgentLib                   0x00000001046e02ac -[FBRoute_TargetAction mountRequest:intoResponse:] + 172\n\t3   WebDriverAgentLib                   0x00000001046c8e73 __37-[FBWebServer registerRouteHandlers:]_block_invoke + 499\n\t4   WebDriverAgentLib                   0x000000010470375d -[RoutingHTTPServer handleRoute:withRequest:response:] + 189\n\t5   WebDriverAgentLib                   0x0000000104704551 __72-[RoutingHTTPServer routeMethod:withPath:parameters:request:connection:]_block_invoke + 65\n\t6   libdispatch.dylib                   0x00007ff80013ca3a _dispatch_client_callout + 8\n\t7   libdispatch.dylib               ...
&amp#27;[38;5;200m[dbe4db21]&amp#27;[0m&amp#27;[38;5;123m[W3C]&amp#27;[0m Matched W3C error code 'no such element' to NoSuchElementError
&amp#27;[38;5;200m[dbe4db21]&amp#27;[0m&amp#27;[38;5;-42m[XCUITestDriver@9d32 (dbe4db21)]&amp#27;[0m Waited for 4163 ms so far
&amp#27;[38;5;200m[dbe4db21]&amp#27;[0m&amp#27;[38;5;-42m[XCUITestDriver@9d32 (dbe4db21)]&amp#27;[0m Matched '/element' to command name 'findElement'
&amp#27;[38;5;200m[dbe4db21]&amp#27;[0m&amp#27;[38;5;-42m[XCUITestDriver@9d32 (dbe4db21)]&amp#27;[0m Proxying [POST /element] to [POST http://127.0.0.1:8100/session/CE40ADAF-B139-4368-BB61-1EFAB337C153/element] with body: {"using":"name","value":"applitools_grab_scrollable_data_button"}
&amp#27;[38;5;173m[Xcode]&amp#27;[0m 2024-11-05 15:50:15.006370+0500 WebDriverAgentRunner-Runner[21804:212226] Getting the most recent active application (out of 1 total items)
&amp#27;[38;5;173m[Xcode]&amp#27;[0m 
&amp#27;[38;5;173m[Xcode]&amp#27;[0m     t =    61.04s Get all elements bound by accessibility element for: Elements matching predicate 'BLOCKPREDICATE(0x6000021409c0)'
&amp#27;[38;5;173m[Xcode]&amp#27;[0m 
&amp#27;[38;5;173m[Xcode]&amp#27;[0m     t =    61.04s     Requesting snapshot of accessibility hierarchy for app with pid 21811
&amp#27;[38;5;173m[Xcode]&amp#27;[0m 
&amp#27;[38;5;173m[Xcode]&amp#27;[0m     t =    61.10s     Find: Descendants matching type Any
&amp#27;[38;5;173m[Xcode]&amp#27;[0m 
&amp#27;[38;5;173m[Xcode]&amp#27;[0m     t =    61.10s     Find: Elements matching predicate 'BLOCKPREDICATE(0x6000021409c0)'
&amp#27;[38;5;173m[Xcode]&amp#27;[0m 
&amp#27;[38;5;200m[dbe4db21]&amp#27;[0m&amp#27;[38;5;-42m[XCUITestDriver@9d32 (dbe4db21)]&amp#27;[0m Got response with status 404: {"value":{"error":"no such element","message":"unable to find an element using 'name', value 'applitools_grab_scrollable_data_button'","traceback":"(\n\t0   WebDriverAgentLib                   0x000000010471f162 FBNoSuchElementErrorResponseForRequest + 290\n\t1   WebDriverAgentLib                   0x000000010471ef3c +[FBFindElementCommands handleFindElement:] + 364\n\t2   WebDriverAgentLib                   0x00000001046e02ac -[FBRoute_TargetAction mountRequest:intoResponse:] + 172\n\t3   WebDriverAgentLib                   0x00000001046c8e73 __37-[FBWebServer registerRouteHandlers:]_block_invoke + 499\n\t4   WebDriverAgentLib                   0x000000010470375d -[RoutingHTTPServer handleRoute:withRequest:response:] + 189\n\t5   WebDriverAgentLib                   0x0000000104704551 __72-[RoutingHTTPServer routeMethod:withPath:parameters:request:connection:]_block_invoke + 65\n\t6   libdispatch.dylib                   0x00007ff80013ca3a _dispatch_client_callout + 8\n\t7   libdispatch.dylib               ...
&amp#27;[38;5;200m[dbe4db21]&amp#27;[0m&amp#27;[38;5;123m[W3C]&amp#27;[0m Matched W3C error code 'no such element' to NoSuchElementError
&amp#27;[38;5;200m[dbe4db21]&amp#27;[0m&amp#27;[38;5;-42m[XCUITestDriver@9d32 (dbe4db21)]&amp#27;[0m Waited for 4744 ms so far
&amp#27;[38;5;200m[dbe4db21]&amp#27;[0m&amp#27;[38;5;-42m[XCUITestDriver@9d32 (dbe4db21)]&amp#27;[0m Matched '/element' to command name 'findElement'
&amp#27;[38;5;200m[dbe4db21]&amp#27;[0m&amp#27;[38;5;-42m[XCUITestDriver@9d32 (dbe4db21)]&amp#27;[0m Proxying [POST /element] to [POST http://127.0.0.1:8100/session/CE40ADAF-B139-4368-BB61-1EFAB337C153/element] with body: {"using":"name","value":"applitools_grab_scrollable_data_button"}
&amp#27;[38;5;173m[Xcode]&amp#27;[0m 2024-11-05 15:50:15.589203+0500 WebDriverAgentRunner-Runner[21804:212226] Getting the most recent active application (out of 1 total items)
&amp#27;[38;5;173m[Xcode]&amp#27;[0m 
&amp#27;[38;5;173m[Xcode]&amp#27;[0m     t =    61.62s Get all elements bound by accessibility element for: Elements matching predicate 'BLOCKPREDICATE(0x6000020b48d0)'
&amp#27;[38;5;173m[Xcode]&amp#27;[0m 
&amp#27;[38;5;173m[Xcode]&amp#27;[0m     t =    61.62s     Requesting snapshot of accessibility hierarchy for app with pid 21811
&amp#27;[38;5;173m[Xcode]&amp#27;[0m 
&amp#27;[38;5;173m[Xcode]&amp#27;[0m     t =    61.69s     Find: Descendants matching type Any
&amp#27;[38;5;173m[Xcode]&amp#27;[0m 
&amp#27;[38;5;173m[Xcode]&amp#27;[0m     t =    61.69s     Find: Elements matching predicate 'BLOCKPREDICATE(0x6000020b48d0)'
&amp#27;[38;5;173m[Xcode]&amp#27;[0m 
&amp#27;[38;5;200m[dbe4db21]&amp#27;[0m&amp#27;[38;5;-42m[XCUITestDriver@9d32 (dbe4db21)]&amp#27;[0m Got response with status 404: {"value":{"error":"no such element","message":"unable to find an element using 'name', value 'applitools_grab_scrollable_data_button'","traceback":"(\n\t0   WebDriverAgentLib                   0x000000010471f162 FBNoSuchElementErrorResponseForRequest + 290\n\t1   WebDriverAgentLib                   0x000000010471ef3c +[FBFindElementCommands handleFindElement:] + 364\n\t2   WebDriverAgentLib                   0x00000001046e02ac -[FBRoute_TargetAction mountRequest:intoResponse:] + 172\n\t3   WebDriverAgentLib                   0x00000001046c8e73 __37-[FBWebServer registerRouteHandlers:]_block_invoke + 499\n\t4   WebDriverAgentLib                   0x000000010470375d -[RoutingHTTPServer handleRoute:withRequest:response:] + 189\n\t5   WebDriverAgentLib                   0x0000000104704551 __72-[RoutingHTTPServer routeMethod:withPath:parameters:request:connection:]_block_invoke + 65\n\t6   libdispatch.dylib                   0x00007ff80013ca3a _dispatch_client_callout + 8\n\t7   libdispatch.dylib               ...
&amp#27;[38;5;200m[dbe4db21]&amp#27;[0m&amp#27;[38;5;123m[W3C]&amp#27;[0m Matched W3C error code 'no such element' to NoSuchElementError
&amp#27;[38;5;200m[dbe4db21]&amp#27;[0m&amp#27;[38;5;-42m[XCUITestDriver@9d32 (dbe4db21)]&amp#27;[0m Waited for 5328 ms so far
&amp#27;[38;5;200m[dbe4db21]&amp#27;[0m&amp#27;[38;5;-42m[XCUITestDriver@9d32 (dbe4db21)]&amp#27;[0m Matched '/element' to command name 'findElement'
&amp#27;[38;5;200m[dbe4db21]&amp#27;[0m&amp#27;[38;5;-42m[XCUITestDriver@9d32 (dbe4db21)]&amp#27;[0m Proxying [POST /element] to [POST http://127.0.0.1:8100/session/CE40ADAF-B139-4368-BB61-1EFAB337C153/element] with body: {"using":"name","value":"applitools_grab_scrollable_data_button"}
&amp#27;[38;5;173m[Xcode]&amp#27;[0m 2024-11-05 15:50:16.172953+0500 WebDriverAgentRunner-Runner[21804:212226] Getting the most recent active application (out of 1 total items)
&amp#27;[38;5;173m[Xcode]&amp#27;[0m 
&amp#27;[38;5;173m[Xcode]&amp#27;[0m     t =    62.21s Get all elements bound by accessibility element for: Elements matching predicate 'BLOCKPREDICATE(0x6000021169d0)'
&amp#27;[38;5;173m[Xcode]&amp#27;[0m 
&amp#27;[38;5;173m[Xcode]&amp#27;[0m     t =    62.21s     Requesting snapshot of accessibility hierarchy for app with pid 21811
&amp#27;[38;5;173m[Xcode]&amp#27;[0m 
&amp#27;[38;5;173m[Xcode]&amp#27;[0m     t =    62.27s     Find: Descendants matching type Any
&amp#27;[38;5;173m[Xcode]&amp#27;[0m 
&amp#27;[38;5;173m[Xcode]&amp#27;[0m     t =    62.27s     Find: Elements matching predicate 'BLOCKPREDICATE(0x6000021169d0)'
&amp#27;[38;5;173m[Xcode]&amp#27;[0m 
&amp#27;[38;5;200m[dbe4db21]&amp#27;[0m&amp#27;[38;5;-42m[XCUITestDriver@9d32 (dbe4db21)]&amp#27;[0m Got response with status 404: {"value":{"error":"no such element","message":"unable to find an element using 'name', value 'applitools_grab_scrollable_data_button'","traceback":"(\n\t0   WebDriverAgentLib                   0x000000010471f162 FBNoSuchElementErrorResponseForRequest + 290\n\t1   WebDriverAgentLib                   0x000000010471ef3c +[FBFindElementCommands handleFindElement:] + 364\n\t2   WebDriverAgentLib                   0x00000001046e02ac -[FBRoute_TargetAction mountRequest:intoResponse:] + 172\n\t3   WebDriverAgentLib                   0x00000001046c8e73 __37-[FBWebServer registerRouteHandlers:]_block_invoke + 499\n\t4   WebDriverAgentLib                   0x000000010470375d -[RoutingHTTPServer handleRoute:withRequest:response:] + 189\n\t5   WebDriverAgentLib                   0x0000000104704551 __72-[RoutingHTTPServer routeMethod:withPath:parameters:request:connection:]_block_invoke + 65\n\t6   libdispatch.dylib                   0x00007ff80013ca3a _dispatch_client_callout + 8\n\t7   libdispatch.dylib               ...
&amp#27;[38;5;200m[dbe4db21]&amp#27;[0m&amp#27;[38;5;123m[W3C]&amp#27;[0m Matched W3C error code 'no such element' to NoSuchElementError
&amp#27;[38;5;200m[dbe4db21]&amp#27;[0m&amp#27;[38;5;-42m[XCUITestDriver@9d32 (dbe4db21)]&amp#27;[0m Waited for 5912 ms so far
&amp#27;[38;5;200m[dbe4db21]&amp#27;[0m&amp#27;[38;5;-42m[XCUITestDriver@9d32 (dbe4db21)]&amp#27;[0m Matched '/element' to command name 'findElement'
&amp#27;[38;5;200m[dbe4db21]&amp#27;[0m&amp#27;[38;5;-42m[XCUITestDriver@9d32 (dbe4db21)]&amp#27;[0m Proxying [POST /element] to [POST http://127.0.0.1:8100/session/CE40ADAF-B139-4368-BB61-1EFAB337C153/element] with body: {"using":"name","value":"applitools_grab_scrollable_data_button"}
&amp#27;[38;5;173m[Xcode]&amp#27;[0m 2024-11-05 15:50:16.755912+0500 WebDriverAgentRunner-Runner[21804:212226] Getting the most recent active application (out of 1 total items)
&amp#27;[38;5;173m[Xcode]&amp#27;[0m 
&amp#27;[38;5;173m[Xcode]&amp#27;[0m     t =    62.79s Get all elements bound by accessibility element for: Elements matching predicate 'BLOCKPREDICATE(0x600002157240)'
&amp#27;[38;5;173m[Xcode]&amp#27;[0m 
&amp#27;[38;5;173m[Xcode]&amp#27;[0m     t =    62.79s     Requesting snapshot of accessibility hierarchy for app with pid 21811
&amp#27;[38;5;173m[Xcode]&amp#27;[0m 
&amp#27;[38;5;173m[Xcode]&amp#27;[0m     t =    62.85s     Find: Descendants matching type Any
&amp#27;[38;5;173m[Xcode]&amp#27;[0m 
&amp#27;[38;5;173m[Xcode]&amp#27;[0m     t =    62.85s     Find: Elements matching predicate 'BLOCKPREDICATE(0x600002157240)'
&amp#27;[38;5;173m[Xcode]&amp#27;[0m 
&amp#27;[38;5;200m[dbe4db21]&amp#27;[0m&amp#27;[38;5;-42m[XCUITestDriver@9d32 (dbe4db21)]&amp#27;[0m Got response with status 404: {"value":{"error":"no such element","message":"unable to find an element using 'name', value 'applitools_grab_scrollable_data_button'","traceback":"(\n\t0   WebDriverAgentLib                   0x000000010471f162 FBNoSuchElementErrorResponseForRequest + 290\n\t1   WebDriverAgentLib                   0x000000010471ef3c +[FBFindElementCommands handleFindElement:] + 364\n\t2   WebDriverAgentLib                   0x00000001046e02ac -[FBRoute_TargetAction mountRequest:intoResponse:] + 172\n\t3   WebDriverAgentLib                   0x00000001046c8e73 __37-[FBWebServer registerRouteHandlers:]_block_invoke + 499\n\t4   WebDriverAgentLib                   0x000000010470375d -[RoutingHTTPServer handleRoute:withRequest:response:] + 189\n\t5   WebDriverAgentLib                   0x0000000104704551 __72-[RoutingHTTPServer routeMethod:withPath:parameters:request:connection:]_block_invoke + 65\n\t6   libdispatch.dylib                   0x00007ff80013ca3a _dispatch_client_callout + 8\n\t7   libdispatch.dylib               ...
&amp#27;[38;5;200m[dbe4db21]&amp#27;[0m&amp#27;[38;5;123m[W3C]&amp#27;[0m Matched W3C error code 'no such element' to NoSuchElementError
&amp#27;[38;5;200m[dbe4db21]&amp#27;[0m&amp#27;[38;5;-42m[XCUITestDriver@9d32 (dbe4db21)]&amp#27;[0m Waited for 6488 ms so far
&amp#27;[38;5;200m[dbe4db21]&amp#27;[0m&amp#27;[38;5;-42m[XCUITestDriver@9d32 (dbe4db21)]&amp#27;[0m Matched '/element' to command name 'findElement'
&amp#27;[38;5;200m[dbe4db21]&amp#27;[0m&amp#27;[38;5;-42m[XCUITestDriver@9d32 (dbe4db21)]&amp#27;[0m Proxying [POST /element] to [POST http://127.0.0.1:8100/session/CE40ADAF-B139-4368-BB61-1EFAB337C153/element] with body: {"using":"name","value":"applitools_grab_scrollable_data_button"}
&amp#27;[38;5;173m[Xcode]&amp#27;[0m 2024-11-05 15:50:17.331241+0500 WebDriverAgentRunner-Runner[21804:212226] Getting the most recent active application (out of 1 total items)
&amp#27;[38;5;173m[Xcode]&amp#27;[0m 
&amp#27;[38;5;173m[Xcode]&amp#27;[0m     t =    63.36s Get all elements bound by accessibility element for: Elements matching predicate 'BLOCKPREDICATE(0x600002164f60)'
&amp#27;[38;5;173m[Xcode]&amp#27;[0m 
&amp#27;[38;5;173m[Xcode]&amp#27;[0m     t =    63.37s     Requesting snapshot of accessibility hierarchy for app with pid 21811
&amp#27;[38;5;173m[Xcode]&amp#27;[0m 
&amp#27;[38;5;173m[Xcode]&amp#27;[0m     t =    63.43s     Find: Descendants matching type Any
&amp#27;[38;5;173m[Xcode]&amp#27;[0m 
&amp#27;[38;5;173m[Xcode]&amp#27;[0m     t =    63.43s     Find: Elements matching predicate 'BLOCKPREDICATE(0x600002164f60)'
&amp#27;[38;5;173m[Xcode]&amp#27;[0m 
&amp#27;[38;5;200m[dbe4db21]&amp#27;[0m&amp#27;[38;5;-42m[XCUITestDriver@9d32 (dbe4db21)]&amp#27;[0m Got response with status 404: {"value":{"error":"no such element","message":"unable to find an element using 'name', value 'applitools_grab_scrollable_data_button'","traceback":"(\n\t0   WebDriverAgentLib                   0x000000010471f162 FBNoSuchElementErrorResponseForRequest + 290\n\t1   WebDriverAgentLib                   0x000000010471ef3c +[FBFindElementCommands handleFindElement:] + 364\n\t2   WebDriverAgentLib                   0x00000001046e02ac -[FBRoute_TargetAction mountRequest:intoResponse:] + 172\n\t3   WebDriverAgentLib                   0x00000001046c8e73 __37-[FBWebServer registerRouteHandlers:]_block_invoke + 499\n\t4   WebDriverAgentLib                   0x000000010470375d -[RoutingHTTPServer handleRoute:withRequest:response:] + 189\n\t5   WebDriverAgentLib                   0x0000000104704551 __72-[RoutingHTTPServer routeMethod:withPath:parameters:request:connection:]_block_invoke + 65\n\t6   libdispatch.dylib                   0x00007ff80013ca3a _dispatch_client_callout + 8\n\t7   libdispatch.dylib               ...
&amp#27;[38;5;200m[dbe4db21]&amp#27;[0m&amp#27;[38;5;123m[W3C]&amp#27;[0m Matched W3C error code 'no such element' to NoSuchElementError
&amp#27;[38;5;200m[dbe4db21]&amp#27;[0m&amp#27;[38;5;-42m[XCUITestDriver@9d32 (dbe4db21)]&amp#27;[0m Waited for 7069 ms so far
&amp#27;[38;5;200m[dbe4db21]&amp#27;[0m&amp#27;[38;5;-42m[XCUITestDriver@9d32 (dbe4db21)]&amp#27;[0m Matched '/element' to command name 'findElement'
&amp#27;[38;5;200m[dbe4db21]&amp#27;[0m&amp#27;[38;5;-42m[XCUITestDriver@9d32 (dbe4db21)]&amp#27;[0m Proxying [POST /element] to [POST http://127.0.0.1:8100/session/CE40ADAF-B139-4368-BB61-1EFAB337C153/element] with body: {"using":"name","value":"applitools_grab_scrollable_data_button"}
&amp#27;[38;5;173m[Xcode]&amp#27;[0m 2024-11-05 15:50:17.914402+0500 WebDriverAgentRunner-Runner[21804:212226] Getting the most recent active application (out of 1 total items)
&amp#27;[38;5;173m[Xcode]&amp#27;[0m 
&amp#27;[38;5;173m[Xcode]&amp#27;[0m     t =    63.95s Get all elements bound by accessibility element for: Elements matching predicate 'BLOCKPREDICATE(0x6000021c2670)'
&amp#27;[38;5;173m[Xcode]&amp#27;[0m 
&amp#27;[38;5;173m[Xcode]&amp#27;[0m     t =    63.95s     Requesting snapshot of accessibility hierarchy for app with pid 21811
&amp#27;[38;5;173m[Xcode]&amp#27;[0m 
&amp#27;[38;5;173m[Xcode]&amp#27;[0m     t =    64.01s     Find: Descendants matching type Any
&amp#27;[38;5;173m[Xcode]&amp#27;[0m 
&amp#27;[38;5;173m[Xcode]&amp#27;[0m     t =    64.01s     Find: Elements matching predicate 'BLOCKPREDICATE(0x6000021c2670)'
&amp#27;[38;5;173m[Xcode]&amp#27;[0m 
&amp#27;[38;5;200m[dbe4db21]&amp#27;[0m&amp#27;[38;5;-42m[XCUITestDriver@9d32 (dbe4db21)]&amp#27;[0m Got response with status 404: {"value":{"error":"no such element","message":"unable to find an element using 'name', value 'applitools_grab_scrollable_data_button'","traceback":"(\n\t0   WebDriverAgentLib                   0x000000010471f162 FBNoSuchElementErrorResponseForRequest + 290\n\t1   WebDriverAgentLib                   0x000000010471ef3c +[FBFindElementCommands handleFindElement:] + 364\n\t2   WebDriverAgentLib                   0x00000001046e02ac -[FBRoute_TargetAction mountRequest:intoResponse:] + 172\n\t3   WebDriverAgentLib                   0x00000001046c8e73 __37-[FBWebServer registerRouteHandlers:]_block_invoke + 499\n\t4   WebDriverAgentLib                   0x000000010470375d -[RoutingHTTPServer handleRoute:withRequest:response:] + 189\n\t5   WebDriverAgentLib                   0x0000000104704551 __72-[RoutingHTTPServer routeMethod:withPath:parameters:request:connection:]_block_invoke + 65\n\t6   libdispatch.dylib                   0x00007ff80013ca3a _dispatch_client_callout + 8\n\t7   libdispatch.dylib               ...
&amp#27;[38;5;200m[dbe4db21]&amp#27;[0m&amp#27;[38;5;123m[W3C]&amp#27;[0m Matched W3C error code 'no such element' to NoSuchElementError
&amp#27;[38;5;200m[dbe4db21]&amp#27;[0m&amp#27;[38;5;-42m[XCUITestDriver@9d32 (dbe4db21)]&amp#27;[0m Waited for 7652 ms so far
&amp#27;[38;5;200m[dbe4db21]&amp#27;[0m&amp#27;[38;5;-42m[XCUITestDriver@9d32 (dbe4db21)]&amp#27;[0m Matched '/element' to command name 'findElement'
&amp#27;[38;5;200m[dbe4db21]&amp#27;[0m&amp#27;[38;5;-42m[XCUITestDriver@9d32 (dbe4db21)]&amp#27;[0m Proxying [POST /element] to [POST http://127.0.0.1:8100/session/CE40ADAF-B139-4368-BB61-1EFAB337C153/element] with body: {"using":"name","value":"applitools_grab_scrollable_data_button"}
&amp#27;[38;5;173m[Xcode]&amp#27;[0m 2024-11-05 15:50:18.497910+0500 WebDriverAgentRunner-Runner[21804:212226] Getting the most recent active application (out of 1 total items)
&amp#27;[38;5;173m[Xcode]&amp#27;[0m 
&amp#27;[38;5;173m[Xcode]&amp#27;[0m     t =    64.53s Get all elements bound by accessibility element for: Elements matching predicate 'BLOCKPREDICATE(0x600002166d90)'
&amp#27;[38;5;173m[Xcode]&amp#27;[0m 
&amp#27;[38;5;173m[Xcode]&amp#27;[0m     t =    64.53s     Requesting snapshot of accessibility hierarchy for app with pid 21811
&amp#27;[38;5;173m[Xcode]&amp#27;[0m 
&amp#27;[38;5;173m[Xcode]&amp#27;[0m     t =    64.60s     Find: Descendants matching type Any
&amp#27;[38;5;173m[Xcode]&amp#27;[0m 
&amp#27;[38;5;173m[Xcode]&amp#27;[0m     t =    64.60s     Find: Elements matching predicate 'BLOCKPREDICATE(0x600002166d90)'
&amp#27;[38;5;173m[Xcode]&amp#27;[0m 
&amp#27;[38;5;200m[dbe4db21]&amp#27;[0m&amp#27;[38;5;-42m[XCUITestDriver@9d32 (dbe4db21)]&amp#27;[0m Got response with status 404: {"value":{"error":"no such element","message":"unable to find an element using 'name', value 'applitools_grab_scrollable_data_button'","traceback":"(\n\t0   WebDriverAgentLib                   0x000000010471f162 FBNoSuchElementErrorResponseForRequest + 290\n\t1   WebDriverAgentLib                   0x000000010471ef3c +[FBFindElementCommands handleFindElement:] + 364\n\t2   WebDriverAgentLib                   0x00000001046e02ac -[FBRoute_TargetAction mountRequest:intoResponse:] + 172\n\t3   WebDriverAgentLib                   0x00000001046c8e73 __37-[FBWebServer registerRouteHandlers:]_block_invoke + 499\n\t4   WebDriverAgentLib                   0x000000010470375d -[RoutingHTTPServer handleRoute:withRequest:response:] + 189\n\t5   WebDriverAgentLib                   0x0000000104704551 __72-[RoutingHTTPServer routeMethod:withPath:parameters:request:connection:]_block_invoke + 65\n\t6   libdispatch.dylib                   0x00007ff80013ca3a _dispatch_client_callout + 8\n\t7   libdispatch.dylib               ...
&amp#27;[38;5;200m[dbe4db21]&amp#27;[0m&amp#27;[38;5;123m[W3C]&amp#27;[0m Matched W3C error code 'no such element' to NoSuchElementError
&amp#27;[38;5;200m[dbe4db21]&amp#27;[0m&amp#27;[38;5;-42m[XCUITestDriver@9d32 (dbe4db21)]&amp#27;[0m Waited for 8238 ms so far
&amp#27;[38;5;200m[dbe4db21]&amp#27;[0m&amp#27;[38;5;-42m[XCUITestDriver@9d32 (dbe4db21)]&amp#27;[0m Matched '/element' to command name 'findElement'
&amp#27;[38;5;200m[dbe4db21]&amp#27;[0m&amp#27;[38;5;-42m[XCUITestDriver@9d32 (dbe4db21)]&amp#27;[0m Proxying [POST /element] to [POST http://127.0.0.1:8100/session/CE40ADAF-B139-4368-BB61-1EFAB337C153/element] with body: {"using":"name","value":"applitools_grab_scrollable_data_button"}
&amp#27;[38;5;173m[Xcode]&amp#27;[0m 2024-11-05 15:50:19.083317+0500 WebDriverAgentRunner-Runner[21804:212226] Getting the most recent active application (out of 1 total items)
&amp#27;[38;5;173m[Xcode]&amp#27;[0m 
&amp#27;[38;5;173m[Xcode]&amp#27;[0m     t =    65.12s Get all elements bound by accessibility element for: Elements matching predicate 'BLOCKPREDICATE(0x6000021afc30)'
&amp#27;[38;5;173m[Xcode]&amp#27;[0m 
&amp#27;[38;5;173m[Xcode]&amp#27;[0m     t =    65.12s     Requesting snapshot of accessibility hierarchy for app with pid 21811
&amp#27;[38;5;173m[Xcode]&amp#27;[0m 
&amp#27;[38;5;173m[Xcode]&amp#27;[0m     t =    65.18s     Find: Descendants matching type Any
&amp#27;[38;5;173m[Xcode]&amp#27;[0m 
&amp#27;[38;5;173m[Xcode]&amp#27;[0m     t =    65.18s     Find: Elements matching predicate 'BLOCKPREDICATE(0x6000021afc30)'
&amp#27;[38;5;173m[Xcode]&amp#27;[0m 
&amp#27;[38;5;200m[dbe4db21]&amp#27;[0m&amp#27;[38;5;-42m[XCUITestDriver@9d32 (dbe4db21)]&amp#27;[0m Got response with status 404: {"value":{"error":"no such element","message":"unable to find an element using 'name', value 'applitools_grab_scrollable_data_button'","traceback":"(\n\t0   WebDriverAgentLib                   0x000000010471f162 FBNoSuchElementErrorResponseForRequest + 290\n\t1   WebDriverAgentLib                   0x000000010471ef3c +[FBFindElementCommands handleFindElement:] + 364\n\t2   WebDriverAgentLib                   0x00000001046e02ac -[FBRoute_TargetAction mountRequest:intoResponse:] + 172\n\t3   WebDriverAgentLib                   0x00000001046c8e73 __37-[FBWebServer registerRouteHandlers:]_block_invoke + 499\n\t4   WebDriverAgentLib                   0x000000010470375d -[RoutingHTTPServer handleRoute:withRequest:response:] + 189\n\t5   WebDriverAgentLib                   0x0000000104704551 __72-[RoutingHTTPServer routeMethod:withPath:parameters:request:connection:]_block_invoke + 65\n\t6   libdispatch.dylib                   0x00007ff80013ca3a _dispatch_client_callout + 8\n\t7   libdispatch.dylib               ...
&amp#27;[38;5;200m[dbe4db21]&amp#27;[0m&amp#27;[38;5;123m[W3C]&amp#27;[0m Matched W3C error code 'no such element' to NoSuchElementError
&amp#27;[38;5;200m[dbe4db21]&amp#27;[0m&amp#27;[38;5;-42m[XCUITestDriver@9d32 (dbe4db21)]&amp#27;[0m Waited for 8824 ms so far
&amp#27;[38;5;200m[dbe4db21]&amp#27;[0m&amp#27;[38;5;-42m[XCUITestDriver@9d32 (dbe4db21)]&amp#27;[0m Matched '/element' to command name 'findElement'
&amp#27;[38;5;200m[dbe4db21]&amp#27;[0m&amp#27;[38;5;-42m[XCUITestDriver@9d32 (dbe4db21)]&amp#27;[0m Proxying [POST /element] to [POST http://127.0.0.1:8100/session/CE40ADAF-B139-4368-BB61-1EFAB337C153/element] with body: {"using":"name","value":"applitools_grab_scrollable_data_button"}
&amp#27;[38;5;173m[Xcode]&amp#27;[0m 2024-11-05 15:50:19.668235+0500 WebDriverAgentRunner-Runner[21804:212226] Getting the most recent active application (out of 1 total items)
&amp#27;[38;5;173m[Xcode]&amp#27;[0m 
&amp#27;[38;5;173m[Xcode]&amp#27;[0m     t =    65.70s Get all elements bound by accessibility element for: Elements matching predicate 'BLOCKPREDICATE(0x600002167570)'
&amp#27;[38;5;173m[Xcode]&amp#27;[0m 
&amp#27;[38;5;173m[Xcode]&amp#27;[0m     t =    65.70s     Requesting snapshot of accessibility hierarchy for app with pid 21811
&amp#27;[38;5;173m[Xcode]&amp#27;[0m 
&amp#27;[38;5;173m[Xcode]&amp#27;[0m     t =    65.77s     Find: Descendants matching type Any
&amp#27;[38;5;173m[Xcode]&amp#27;[0m 
&amp#27;[38;5;173m[Xcode]&amp#27;[0m     t =    65.77s     Find: Elements matching predicate 'BLOCKPREDICATE(0x600002167570)'
&amp#27;[38;5;173m[Xcode]&amp#27;[0m 
&amp#27;[38;5;200m[dbe4db21]&amp#27;[0m&amp#27;[38;5;-42m[XCUITestDriver@9d32 (dbe4db21)]&amp#27;[0m Got response with status 404: {"value":{"error":"no such element","message":"unable to find an element using 'name', value 'applitools_grab_scrollable_data_button'","traceback":"(\n\t0   WebDriverAgentLib                   0x000000010471f162 FBNoSuchElementErrorResponseForRequest + 290\n\t1   WebDriverAgentLib                   0x000000010471ef3c +[FBFindElementCommands handleFindElement:] + 364\n\t2   WebDriverAgentLib                   0x00000001046e02ac -[FBRoute_TargetAction mountRequest:intoResponse:] + 172\n\t3   WebDriverAgentLib                   0x00000001046c8e73 __37-[FBWebServer registerRouteHandlers:]_block_invoke + 499\n\t4   WebDriverAgentLib                   0x000000010470375d -[RoutingHTTPServer handleRoute:withRequest:response:] + 189\n\t5   WebDriverAgentLib                   0x0000000104704551 __72-[RoutingHTTPServer routeMethod:withPath:parameters:request:connection:]_block_invoke + 65\n\t6   libdispatch.dylib                   0x00007ff80013ca3a _dispatch_client_callout + 8\n\t7   libdispatch.dylib               ...
&amp#27;[38;5;200m[dbe4db21]&amp#27;[0m&amp#27;[38;5;123m[W3C]&amp#27;[0m Matched W3C error code 'no such element' to NoSuchElementError
&amp#27;[38;5;200m[dbe4db21]&amp#27;[0m&amp#27;[38;5;-42m[XCUITestDriver@9d32 (dbe4db21)]&amp#27;[0m Waited for 9407 ms so far
&amp#27;[38;5;200m[dbe4db21]&amp#27;[0m&amp#27;[38;5;-42m[XCUITestDriver@9d32 (dbe4db21)]&amp#27;[0m Matched '/element' to command name 'findElement'
&amp#27;[38;5;200m[dbe4db21]&amp#27;[0m&amp#27;[38;5;-42m[XCUITestDriver@9d32 (dbe4db21)]&amp#27;[0m Proxying [POST /element] to [POST http://127.0.0.1:8100/session/CE40ADAF-B139-4368-BB61-1EFAB337C153/element] with body: {"using":"name","value":"applitools_grab_scrollable_data_button"}
&amp#27;[38;5;173m[Xcode]&amp#27;[0m 2024-11-05 15:50:20.251281+0500 WebDriverAgentRunner-Runner[21804:212226] Getting the most recent active application (out of 1 total items)
&amp#27;[38;5;173m[Xcode]&amp#27;[0m 
&amp#27;[38;5;173m[Xcode]&amp#27;[0m     t =    66.28s Get all elements bound by accessibility element for: Elements matching predicate 'BLOCKPREDICATE(0x600002175110)'
&amp#27;[38;5;173m[Xcode]&amp#27;[0m 
&amp#27;[38;5;173m[Xcode]&amp#27;[0m     t =    66.29s     Requesting snapshot of accessibility hierarchy for app with pid 21811
&amp#27;[38;5;173m[Xcode]&amp#27;[0m 
&amp#27;[38;5;173m[Xcode]&amp#27;[0m     t =    66.35s     Find: Descendants matching type Any
&amp#27;[38;5;173m[Xcode]&amp#27;[0m 
&amp#27;[38;5;173m[Xcode]&amp#27;[0m     t =    66.35s     Find: Elements matching predicate 'BLOCKPREDICATE(0x600002175110)'
&amp#27;[38;5;173m[Xcode]&amp#27;[0m 
&amp#27;[38;5;200m[dbe4db21]&amp#27;[0m&amp#27;[38;5;-42m[XCUITestDriver@9d32 (dbe4db21)]&amp#27;[0m Got response with status 404: {"value":{"error":"no such element","message":"unable to find an element using 'name', value 'applitools_grab_scrollable_data_button'","traceback":"(\n\t0   WebDriverAgentLib                   0x000000010471f162 FBNoSuchElementErrorResponseForRequest + 290\n\t1   WebDriverAgentLib                   0x000000010471ef3c +[FBFindElementCommands handleFindElement:] + 364\n\t2   WebDriverAgentLib                   0x00000001046e02ac -[FBRoute_TargetAction mountRequest:intoResponse:] + 172\n\t3   WebDriverAgentLib                   0x00000001046c8e73 __37-[FBWebServer registerRouteHandlers:]_block_invoke + 499\n\t4   WebDriverAgentLib                   0x000000010470375d -[RoutingHTTPServer handleRoute:withRequest:response:] + 189\n\t5   WebDriverAgentLib                   0x0000000104704551 __72-[RoutingHTTPServer routeMethod:withPath:parameters:request:connection:]_block_invoke + 65\n\t6   libdispatch.dylib                   0x00007ff80013ca3a _dispatch_client_callout + 8\n\t7   libdispatch.dylib               ...
&amp#27;[38;5;200m[dbe4db21]&amp#27;[0m&amp#27;[38;5;123m[W3C]&amp#27;[0m Matched W3C error code 'no such element' to NoSuchElementError
&amp#27;[38;5;200m[dbe4db21]&amp#27;[0m&amp#27;[38;5;-42m[XCUITestDriver@9d32 (dbe4db21)]&amp#27;[0m Waited for 9989 ms so far
&amp#27;[38;5;200m[dbe4db21]&amp#27;[0m&amp#27;[38;5;-42m[XCUITestDriver@9d32 (dbe4db21)]&amp#27;[0m Matched '/element' to command name 'findElement'
&amp#27;[38;5;200m[dbe4db21]&amp#27;[0m&amp#27;[38;5;-42m[XCUITestDriver@9d32 (dbe4db21)]&amp#27;[0m Proxying [POST /element] to [POST http://127.0.0.1:8100/session/CE40ADAF-B139-4368-BB61-1EFAB337C153/element] with body: {"using":"name","value":"applitools_grab_scrollable_data_button"}
&amp#27;[38;5;173m[Xcode]&amp#27;[0m 2024-11-05 15:50:20.345765+0500 WebDriverAgentRunner-Runner[21804:212226] Getting the most recent active application (out of 1 total items)
&amp#27;[38;5;173m[Xcode]&amp#27;[0m 
&amp#27;[38;5;173m[Xcode]&amp#27;[0m     t =    66.38s Get all elements bound by accessibility element for: Elements matching predicate 'BLOCKPREDICATE(0x6000021c2be0)'
&amp#27;[38;5;173m[Xcode]&amp#27;[0m 
&amp#27;[38;5;173m[Xcode]&amp#27;[0m     t =    66.38s     Requesting snapshot of accessibility hierarchy for app with pid 21811
&amp#27;[38;5;173m[Xcode]&amp#27;[0m 
&amp#27;[38;5;173m[Xcode]&amp#27;[0m     t =    66.44s     Find: Descendants matching type Any
&amp#27;[38;5;173m[Xcode]&amp#27;[0m 
&amp#27;[38;5;173m[Xcode]&amp#27;[0m     t =    66.44s     Find: Elements matching predicate 'BLOCKPREDICATE(0x6000021c2be0)'
&amp#27;[38;5;173m[Xcode]&amp#27;[0m 
&amp#27;[38;5;200m[dbe4db21]&amp#27;[0m&amp#27;[38;5;-42m[XCUITestDriver@9d32 (dbe4db21)]&amp#27;[0m Got response with status 404: {"value":{"error":"no such element","message":"unable to find an element using 'name', value 'applitools_grab_scrollable_data_button'","traceback":"(\n\t0   WebDriverAgentLib                   0x000000010471f162 FBNoSuchElementErrorResponseForRequest + 290\n\t1   WebDriverAgentLib                   0x000000010471ef3c +[FBFindElementCommands handleFindElement:] + 364\n\t2   WebDriverAgentLib                   0x00000001046e02ac -[FBRoute_TargetAction mountRequest:intoResponse:] + 172\n\t3   WebDriverAgentLib                   0x00000001046c8e73 __37-[FBWebServer registerRouteHandlers:]_block_invoke + 499\n\t4   WebDriverAgentLib                   0x000000010470375d -[RoutingHTTPServer handleRoute:withRequest:response:] + 189\n\t5   WebDriverAgentLib                   0x0000000104704551 __72-[RoutingHTTPServer routeMethod:withPath:parameters:request:connection:]_block_invoke + 65\n\t6   libdispatch.dylib                   0x00007ff80013ca3a _dispatch_client_callout + 8\n\t7   libdispatch.dylib               ...
&amp#27;[38;5;200m[dbe4db21]&amp#27;[0m&amp#27;[38;5;123m[W3C]&amp#27;[0m Matched W3C error code 'no such element' to NoSuchElementError
&amp#27;[38;5;200m[dbe4db21]&amp#27;[0m&amp#27;[38;5;-42m[XCUITestDriver@9d32 (dbe4db21)]&amp#27;[0m Encountered internal error running command: NoSuchElementError: An element could not be located on the page using the given search parameters.
&amp#27;[38;5;200m[dbe4db21]&amp#27;[0m&amp#27;[38;5;-42m[XCUITestDriver@9d32 (dbe4db21)]&amp#27;[0m     at XCUITestDriver.doNativeFind (/Users/oikhlas/.appium/node_modules/appium-xcuitest-driver/lib/commands/find.js:143:13)
&amp#27;[38;5;200m[dbe4db21]&amp#27;[0m&amp#27;[38;5;-42m[XCUITestDriver@9d32 (dbe4db21)]&amp#27;[0m     at processTicksAndRejections (node:internal/process/task_queues:95:5)
&amp#27;[38;5;200m[dbe4db21]&amp#27;[0m&amp#27;[38;5;-42m[XCUITestDriver@9d32 (dbe4db21)]&amp#27;[0m     at XCUITestDriver.findNativeElementOrElements (/Users/oikhlas/.appium/node_modules/appium-xcuitest-driver/lib/commands/find.js:97:12)
&amp#27;[38;5;200m[dbe4db21]&amp#27;[0m&amp#27;[38;5;-42m[XCUITestDriver@9d32 (dbe4db21)]&amp#27;[0m     at XCUITestDriver.findElOrEls (/Users/oikhlas/.appium/node_modules/appium-xcuitest-driver/lib/commands/find.js:24:14)
&amp#27;[38;5;200m[dbe4db21]&amp#27;[0m&amp#27;[38;5;-42m[XCUITestDriver@9d32 (dbe4db21)]&amp#27;[0m     at XCUITestDriver.findElOrElsWithProcessing (/Users/oikhlas/node_modules/@appium/base-driver/lib/basedriver/commands/find.ts:60:12)
&amp#27;[38;5;200m[dbe4db21]&amp#27;[0m&amp#27;[38;5;-42m[XCUITestDriver@9d32 (dbe4db21)]&amp#27;[0m     at XCUITestDriver.findElement (/Users/oikhlas/node_modules/@appium/base-driver/lib/basedriver/commands/find.ts:75:12)
&amp#27;[38;5;200m[dbe4db21]&amp#27;[0m&amp#27;[38;5;86m[HTTP]&amp#27;[0m <-- POST /session/dbe4db21-e6a9-4d05-bdbb-cc788eb5635e/element 404 10080 ms - 964 
&amp#27;[38;5;200m[dbe4db21]&amp#27;[0m&amp#27;[38;5;86m[HTTP]&amp#27;[0m &amp#27;[37m-->&amp#27;[39m &amp#27;[37mGET&amp#27;[39m &amp#27;[37m/session/dbe4db21-e6a9-4d05-bdbb-cc788eb5635e/element/A3000000-0000-0000-3355-000000000000/attribute/contentSize&amp#27;[39m {}
&amp#27;[38;5;200m[dbe4db21]&amp#27;[0m&amp#27;[38;5;-42m[XCUITestDriver@9d32 (dbe4db21)]&amp#27;[0m Calling AppiumDriver.getAttribute() with args: ["contentSize","A3000000-0000-0000-3355-000000000000","dbe4db21-e6a9-4d05-bdbb-cc788eb5635e"]
&amp#27;[38;5;200m[dbe4db21]&amp#27;[0m&amp#27;[38;5;-42m[XCUITestDriver@9d32 (dbe4db21)]&amp#27;[0m Executing command 'getAttribute'
&amp#27;[38;5;200m[dbe4db21]&amp#27;[0m&amp#27;[38;5;-42m[XCUITestDriver@9d32 (dbe4db21)]&amp#27;[0m Matched '/element/A3000000-0000-0000-3355-000000000000/attribute/type' to command name 'getAttribute'
&amp#27;[38;5;200m[dbe4db21]&amp#27;[0m&amp#27;[38;5;-42m[XCUITestDriver@9d32 (dbe4db21)]&amp#27;[0m Proxying [GET /element/A3000000-0000-0000-3355-000000000000/attribute/type] to [GET http://127.0.0.1:8100/session/CE40ADAF-B139-4368-BB61-1EFAB337C153/element/A3000000-0000-0000-3355-000000000000/attribute/type] with no body
&amp#27;[38;5;173m[Xcode]&amp#27;[0m     t =    66.45s Requesting snapshot of accessibility hierarchy for app with pid 21811
&amp#27;[38;5;173m[Xcode]&amp#27;[0m 
&amp#27;[38;5;173m[Xcode]&amp#27;[0m     t =    66.51s Find: Descendants matching type Any
&amp#27;[38;5;173m[Xcode]&amp#27;[0m 
&amp#27;[38;5;173m[Xcode]&amp#27;[0m     t =    66.51s Find: Elements matching predicate 'BLOCKPREDICATE(0x600002080e40)'
&amp#27;[38;5;173m[Xcode]&amp#27;[0m 
&amp#27;[38;5;173m[Xcode]&amp#27;[0m     t =    66.51s Find: Identity Binding
&amp#27;[38;5;173m[Xcode]&amp#27;[0m 
&amp#27;[38;5;200m[dbe4db21]&amp#27;[0m&amp#27;[38;5;-42m[XCUITestDriver@9d32 (dbe4db21)]&amp#27;[0m Got response with status 200: {"value":"XCUIElementTypeTable","sessionId":"CE40ADAF-B139-4368-BB61-1EFAB337C153"}
&amp#27;[38;5;200m[dbe4db21]&amp#27;[0m&amp#27;[38;5;-42m[XCUITestDriver@9d32 (dbe4db21)]&amp#27;[0m Waiting up to 10000 ms for condition
&amp#27;[38;5;200m[dbe4db21]&amp#27;[0m&amp#27;[38;5;-42m[XCUITestDriver@9d32 (dbe4db21)]&amp#27;[0m Matched '/element/A3000000-0000-0000-3355-000000000000/elements' to command name 'findElementsFromElement'
&amp#27;[38;5;200m[dbe4db21]&amp#27;[0m&amp#27;[38;5;-42m[XCUITestDriver@9d32 (dbe4db21)]&amp#27;[0m Proxying [POST /element/A3000000-0000-0000-3355-000000000000/elements] to [POST http://127.0.0.1:8100/session/CE40ADAF-B139-4368-BB61-1EFAB337C153/element/A3000000-0000-0000-3355-000000000000/elements] with body: {"using":"class chain","value":"XCUIElementTypeCell"}
&amp#27;[38;5;173m[Xcode]&amp#27;[0m     t =    66.52s Requesting snapshot of accessibility hierarchy for app with pid 21811
&amp#27;[38;5;173m[Xcode]&amp#27;[0m 
&amp#27;[38;5;173m[Xcode]&amp#27;[0m     t =    66.58s Find: Descendants matching type Any
&amp#27;[38;5;173m[Xcode]&amp#27;[0m 
&amp#27;[38;5;173m[Xcode]&amp#27;[0m     t =    66.58s Find: Elements matching predicate 'BLOCKPREDICATE(0x600002080e40)'
&amp#27;[38;5;173m[Xcode]&amp#27;[0m 
&amp#27;[38;5;173m[Xcode]&amp#27;[0m     t =    66.58s Find: Identity Binding
&amp#27;[38;5;173m[Xcode]&amp#27;[0m 
&amp#27;[38;5;173m[Xcode]&amp#27;[0m     t =    66.58s Get all elements bound by accessibility element for: Children matching type Cell
&amp#27;[38;5;173m[Xcode]&amp#27;[0m 
&amp#27;[38;5;173m[Xcode]&amp#27;[0m     t =    66.58s     Requesting snapshot of accessibility hierarchy for app with pid 21811
&amp#27;[38;5;173m[Xcode]&amp#27;[0m 
&amp#27;[38;5;173m[Xcode]&amp#27;[0m     t =    66.64s     Find: Descendants matching type Any
&amp#27;[38;5;173m[Xcode]&amp#27;[0m 
&amp#27;[38;5;173m[Xcode]&amp#27;[0m     t =    66.64s     Find: Elements matching predicate 'BLOCKPREDICATE(0x600002080e40)'
&amp#27;[38;5;173m[Xcode]&amp#27;[0m 
&amp#27;[38;5;173m[Xcode]&amp#27;[0m     t =    66.65s     Find: Identity Binding
&amp#27;[38;5;173m[Xcode]&amp#27;[0m 
&amp#27;[38;5;173m[Xcode]&amp#27;[0m     t =    66.65s     Find: Children matching type Cell
&amp#27;[38;5;173m[Xcode]&amp#27;[0m 
&amp#27;[38;5;173m[Xcode]&amp#27;[0m     t =    66.66s Requesting snapshot of accessibility hierarchy for app with pid 21811
&amp#27;[38;5;173m[Xcode]&amp#27;[0m 
&amp#27;[38;5;173m[Xcode]&amp#27;[0m     t =    66.72s Find: Descendants matching type Any
&amp#27;[38;5;173m[Xcode]&amp#27;[0m 
&amp#27;[38;5;173m[Xcode]&amp#27;[0m     t =    66.72s Find: Elements matching predicate 'BLOCKPREDICATE(0x600002080e40)'
&amp#27;[38;5;173m[Xcode]&amp#27;[0m 
&amp#27;[38;5;173m[Xcode]&amp#27;[0m     t =    66.72s Find: Identity Binding
&amp#27;[38;5;173m[Xcode]&amp#27;[0m 
&amp#27;[38;5;173m[Xcode]&amp#27;[0m     t =    66.72s Find: Children matching type Cell
&amp#27;[38;5;173m[Xcode]&amp#27;[0m 
&amp#27;[38;5;173m[Xcode]&amp#27;[0m     t =    66.72s Find: Identity Binding
&amp#27;[38;5;173m[Xcode]&amp#27;[0m 
&amp#27;[38;5;173m[Xcode]&amp#27;[0m     t =    66.73s Requesting snapshot of accessibility hierarchy for app with pid 21811
&amp#27;[38;5;173m[Xcode]&amp#27;[0m 
&amp#27;[38;5;173m[Xcode]&amp#27;[0m     t =    66.79s Find: Descendants matching type Any
&amp#27;[38;5;173m[Xcode]&amp#27;[0m 
&amp#27;[38;5;173m[Xcode]&amp#27;[0m     t =    66.79s Find: Elements matching predicate 'BLOCKPREDICATE(0x600002080e40)'
&amp#27;[38;5;173m[Xcode]&amp#27;[0m 
&amp#27;[38;5;173m[Xcode]&amp#27;[0m     t =    66.79s Find: Identity Binding
&amp#27;[38;5;173m[Xcode]&amp#27;[0m 
&amp#27;[38;5;173m[Xcode]&amp#27;[0m     t =    66.79s Find: Children matching type Cell
&amp#27;[38;5;173m[Xcode]&amp#27;[0m 
&amp#27;[38;5;173m[Xcode]&amp#27;[0m     t =    66.79s Find: Identity Binding
&amp#27;[38;5;173m[Xcode]&amp#27;[0m 
&amp#27;[38;5;173m[Xcode]&amp#27;[0m     t =    66.80s Requesting snapshot of accessibility hierarchy for app with pid 21811
&amp#27;[38;5;173m[Xcode]&amp#27;[0m 
&amp#27;[38;5;173m[Xcode]&amp#27;[0m     t =    66.85s Find: Descendants matching type Any
&amp#27;[38;5;173m[Xcode]&amp#27;[0m 
&amp#27;[38;5;173m[Xcode]&amp#27;[0m     t =    66.85s Find: Elements matching predicate 'BLOCKPREDICATE(0x600002080e40)'
&amp#27;[38;5;173m[Xcode]&amp#27;[0m 
&amp#27;[38;5;173m[Xcode]&amp#27;[0m     t =    66.86s Find: Identity Binding
&amp#27;[38;5;173m[Xcode]&amp#27;[0m 
&amp#27;[38;5;173m[Xcode]&amp#27;[0m     t =    66.86s Find: Children matching type Cell
&amp#27;[38;5;173m[Xcode]&amp#27;[0m 
&amp#27;[38;5;173m[Xcode]&amp#27;[0m     t =    66.86s Find: Identity Binding
&amp#27;[38;5;173m[Xcode]&amp#27;[0m 
&amp#27;[38;5;173m[Xcode]&amp#27;[0m     t =    66.87s Requesting snapshot of accessibility hierarchy for app with pid 21811
&amp#27;[38;5;173m[Xcode]&amp#27;[0m 
&amp#27;[38;5;173m[Xcode]&amp#27;[0m     t =    66.92s Find: Descendants matching type Any
&amp#27;[38;5;173m[Xcode]&amp#27;[0m 
&amp#27;[38;5;173m[Xcode]&amp#27;[0m     t =    66.92s Find: Elements matching predicate 'BLOCKPREDICATE(0x600002080e40)'
&amp#27;[38;5;173m[Xcode]&amp#27;[0m 
&amp#27;[38;5;173m[Xcode]&amp#27;[0m     t =    66.93s Find: Identity Binding
&amp#27;[38;5;173m[Xcode]&amp#27;[0m 
&amp#27;[38;5;173m[Xcode]&amp#27;[0m     t =    66.93s Find: Children matching type Cell
&amp#27;[38;5;173m[Xcode]&amp#27;[0m 
&amp#27;[38;5;173m[Xcode]&amp#27;[0m     t =    66.93s Find: Identity Binding
&amp#27;[38;5;173m[Xcode]&amp#27;[0m 
&amp#27;[38;5;173m[Xcode]&amp#27;[0m     t =    66.93s Requesting snapshot of accessibility hierarchy for app with pid 21811
&amp#27;[38;5;173m[Xcode]&amp#27;[0m 
&amp#27;[38;5;173m[Xcode]&amp#27;[0m     t =    66.99s Find: Descendants matching type Any
&amp#27;[38;5;173m[Xcode]&amp#27;[0m 
&amp#27;[38;5;173m[Xcode]&amp#27;[0m     t =    66.99s Find: Elements matching predicate 'BLOCKPREDICATE(0x600002080e40)'
&amp#27;[38;5;173m[Xcode]&amp#27;[0m 
&amp#27;[38;5;173m[Xcode]&amp#27;[0m     t =    66.99s Find: Identity Binding
&amp#27;[38;5;173m[Xcode]&amp#27;[0m 
&amp#27;[38;5;173m[Xcode]&amp#27;[0m     t =    67.00s Find: Children matching type Cell
&amp#27;[38;5;173m[Xcode]&amp#27;[0m 
&amp#27;[38;5;173m[Xcode]&amp#27;[0m     t =    67.00s Find: Identity Binding
&amp#27;[38;5;173m[Xcode]&amp#27;[0m 
&amp#27;[38;5;173m[Xcode]&amp#27;[0m     t =    67.00s Requesting snapshot of accessibility hierarchy for app with pid 21811
&amp#27;[38;5;173m[Xcode]&amp#27;[0m 
&amp#27;[38;5;173m[Xcode]&amp#27;[0m     t =    67.07s Find: Descendants matching type Any
&amp#27;[38;5;173m[Xcode]&amp#27;[0m 
&amp#27;[38;5;173m[Xcode]&amp#27;[0m     t =    67.07s Find: Elements matching predicate 'BLOCKPREDICATE(0x600002080e40)'
&amp#27;[38;5;173m[Xcode]&amp#27;[0m 
&amp#27;[38;5;173m[Xcode]&amp#27;[0m     t =    67.08s Find: Identity Binding
&amp#27;[38;5;173m[Xcode]&amp#27;[0m 
&amp#27;[38;5;173m[Xcode]&amp#27;[0m     t =    67.08s Find: Children matching type Cell
&amp#27;[38;5;173m[Xcode]&amp#27;[0m 
&amp#27;[38;5;173m[Xcode]&amp#27;[0m     t =    67.08s Find: Identity Binding
&amp#27;[38;5;173m[Xcode]&amp#27;[0m 
&amp#27;[38;5;173m[Xcode]&amp#27;[0m     t =    67.08s Requesting snapshot of accessibility hierarchy for app with pid 21811
&amp#27;[38;5;173m[Xcode]&amp#27;[0m 
&amp#27;[38;5;173m[Xcode]&amp#27;[0m     t =    67.15s Find: Descendants matching type Any
&amp#27;[38;5;173m[Xcode]&amp#27;[0m 
&amp#27;[38;5;173m[Xcode]&amp#27;[0m     t =    67.15s Find: Elements matching predicate 'BLOCKPREDICATE(0x600002080e40)'
&amp#27;[38;5;173m[Xcode]&amp#27;[0m 
&amp#27;[38;5;173m[Xcode]&amp#27;[0m     t =    67.15s Find: Identity Binding
&amp#27;[38;5;173m[Xcode]&amp#27;[0m 
&amp#27;[38;5;173m[Xcode]&amp#27;[0m     t =    67.16s Find: Children matching type Cell
&amp#27;[38;5;173m[Xcode]&amp#27;[0m 
&amp#27;[38;5;173m[Xcode]&amp#27;[0m     t =    67.16s Find: Identity Binding
&amp#27;[38;5;173m[Xcode]&amp#27;[0m 
&amp#27;[38;5;200m[dbe4db21]&amp#27;[0m&amp#27;[38;5;-42m[XCUITestDriver@9d32 (dbe4db21)]&amp#27;[0m Got response with status 200: {"value":[{"ELEMENT":"A5000000-0000-0000-3355-000000000000","element-6066-11e4-a52e-4f735466cecf":"A5000000-0000-0000-3355-000000000000"},{"ELEMENT":"A6000000-0000-0000-3355-000000000000","element-6066-11e4-a52e-4f735466cecf":"A6000000-0000-0000-3355-000000000000"},{"ELEMENT":"A7000000-0000-0000-3355-000000000000","element-6066-11e4-a52e-4f735466cecf":"A7000000-0000-0000-3355-000000000000"},{"ELEMENT":"A8000000-0000-0000-3355-000000000000","element-6066-11e4-a52e-4f735466cecf":"A8000000-0000-0000-3355-000000000000"},{"ELEMENT":"A9000000-0000-0000-3355-000000000000","element-6066-11e4-a52e-4f735466cecf":"A9000000-0000-0000-3355-000000000000"},{"ELEMENT":"AB000000-0000-0000-3355-000000000000","element-6066-11e4-a52e-4f735466cecf":"AB000000-0000-0000-3355-000000000000"},{"ELEMENT":"AC000000-0000-0000-3355-000000000000","element-6066-11e4-a52e-4f735466cecf":"AC000000-0000-0000-3355-000000000000"}],"sessionId":"CE40ADAF-B139-4368-BB61-1EFAB337C153"}
&amp#27;[38;5;200m[dbe4db21]&amp#27;[0m&amp#27;[38;5;-42m[XCUITestDriver@9d32 (dbe4db21)]&amp#27;[0m Matched '/element/A5000000-0000-0000-3355-000000000000/rect' to command name 'getElementRect'
&amp#27;[38;5;200m[dbe4db21]&amp#27;[0m&amp#27;[38;5;-42m[XCUITestDriver@9d32 (dbe4db21)]&amp#27;[0m Proxying [GET /element/A5000000-0000-0000-3355-000000000000/rect] to [GET http://127.0.0.1:8100/session/CE40ADAF-B139-4368-BB61-1EFAB337C153/element/A5000000-0000-0000-3355-000000000000/rect] with no body
&amp#27;[38;5;173m[Xcode]&amp#27;[0m     t =    67.17s Requesting snapshot of accessibility hierarchy for app with pid 21811
&amp#27;[38;5;173m[Xcode]&amp#27;[0m 
&amp#27;[38;5;173m[Xcode]&amp#27;[0m     t =    67.24s Find: Descendants matching type Any
&amp#27;[38;5;173m[Xcode]&amp#27;[0m 
&amp#27;[38;5;173m[Xcode]&amp#27;[0m     t =    67.24s Find: Elements matching predicate 'BLOCKPREDICATE(0x600002080e40)'
&amp#27;[38;5;173m[Xcode]&amp#27;[0m 
&amp#27;[38;5;173m[Xcode]&amp#27;[0m     t =    67.24s Find: Identity Binding
&amp#27;[38;5;173m[Xcode]&amp#27;[0m 
&amp#27;[38;5;173m[Xcode]&amp#27;[0m     t =    67.25s Find: Children matching type Cell
&amp#27;[38;5;173m[Xcode]&amp#27;[0m 
&amp#27;[38;5;173m[Xcode]&amp#27;[0m     t =    67.25s Find: Identity Binding
&amp#27;[38;5;173m[Xcode]&amp#27;[0m 
&amp#27;[38;5;200m[dbe4db21]&amp#27;[0m&amp#27;[38;5;-42m[XCUITestDriver@9d32 (dbe4db21)]&amp#27;[0m Got response with status 200: {"value":{"y":146,"x":0,"width":390,"height":45},"sessionId":"CE40ADAF-B139-4368-BB61-1EFAB337C153"}
&amp#27;[38;5;200m[dbe4db21]&amp#27;[0m&amp#27;[38;5;-42m[XCUITestDriver@9d32 (dbe4db21)]&amp#27;[0m Matched '/element/AC000000-0000-0000-3355-000000000000/rect' to command name 'getElementRect'
&amp#27;[38;5;200m[dbe4db21]&amp#27;[0m&amp#27;[38;5;-42m[XCUITestDriver@9d32 (dbe4db21)]&amp#27;[0m Proxying [GET /element/AC000000-0000-0000-3355-000000000000/rect] to [GET http://127.0.0.1:8100/session/CE40ADAF-B139-4368-BB61-1EFAB337C153/element/AC000000-0000-0000-3355-000000000000/rect] with no body
&amp#27;[38;5;173m[Xcode]&amp#27;[0m     t =    67.26s Requesting snapshot of accessibility hierarchy for app with pid 21811
&amp#27;[38;5;173m[Xcode]&amp#27;[0m 
&amp#27;[38;5;173m[Xcode]&amp#27;[0m     t =    67.32s Find: Descendants matching type Any
&amp#27;[38;5;173m[Xcode]&amp#27;[0m 
&amp#27;[38;5;173m[Xcode]&amp#27;[0m     t =    67.32s Find: Elements matching predicate 'BLOCKPREDICATE(0x600002080e40)'
&amp#27;[38;5;173m[Xcode]&amp#27;[0m 
&amp#27;[38;5;173m[Xcode]&amp#27;[0m     t =    67.33s Find: Identity Binding
&amp#27;[38;5;173m[Xcode]&amp#27;[0m 
&amp#27;[38;5;173m[Xcode]&amp#27;[0m     t =    67.33s Find: Children matching type Cell
&amp#27;[38;5;173m[Xcode]&amp#27;[0m 
&amp#27;[38;5;173m[Xcode]&amp#27;[0m     t =    67.33s Find: Identity Binding
&amp#27;[38;5;173m[Xcode]&amp#27;[0m 
&amp#27;[38;5;200m[dbe4db21]&amp#27;[0m&amp#27;[38;5;-42m[XCUITestDriver@9d32 (dbe4db21)]&amp#27;[0m Got response with status 200: {"value":{"y":458,"x":0,"width":390,"height":45},"sessionId":"CE40ADAF-B139-4368-BB61-1EFAB337C153"}
&amp#27;[38;5;200m[dbe4db21]&amp#27;[0m&amp#27;[38;5;-42m[XCUITestDriver@9d32 (dbe4db21)]&amp#27;[0m Matched '/element/A3000000-0000-0000-3355-000000000000/rect' to command name 'getElementRect'
&amp#27;[38;5;200m[dbe4db21]&amp#27;[0m&amp#27;[38;5;-42m[XCUITestDriver@9d32 (dbe4db21)]&amp#27;[0m Proxying [GET /element/A3000000-0000-0000-3355-000000000000/rect] to [GET http://127.0.0.1:8100/session/CE40ADAF-B139-4368-BB61-1EFAB337C153/element/A3000000-0000-0000-3355-000000000000/rect] with no body
&amp#27;[38;5;173m[Xcode]&amp#27;[0m     t =    67.34s Requesting snapshot of accessibility hierarchy for app with pid 21811
&amp#27;[38;5;173m[Xcode]&amp#27;[0m 
&amp#27;[38;5;173m[Xcode]&amp#27;[0m     t =    67.41s Find: Descendants matching type Any
&amp#27;[38;5;173m[Xcode]&amp#27;[0m 
&amp#27;[38;5;173m[Xcode]&amp#27;[0m     t =    67.41s Find: Elements matching predicate 'BLOCKPREDICATE(0x600002080e40)'
&amp#27;[38;5;173m[Xcode]&amp#27;[0m 
&amp#27;[38;5;173m[Xcode]&amp#27;[0m     t =    67.41s Find: Identity Binding
&amp#27;[38;5;173m[Xcode]&amp#27;[0m 
&amp#27;[38;5;200m[dbe4db21]&amp#27;[0m&amp#27;[38;5;-42m[XCUITestDriver@9d32 (dbe4db21)]&amp#27;[0m Got response with status 200: {"value":{"y":0,"x":0,"width":390,"height":844},"sessionId":"CE40ADAF-B139-4368-BB61-1EFAB337C153"}
&amp#27;[38;5;200m[dbe4db21]&amp#27;[0m&amp#27;[38;5;-42m[XCUITestDriver@9d32 (dbe4db21)]&amp#27;[0m Matched '/element/A3000000-0000-0000-3355-000000000000/rect' to command name 'getElementRect'
&amp#27;[38;5;200m[dbe4db21]&amp#27;[0m&amp#27;[38;5;-42m[XCUITestDriver@9d32 (dbe4db21)]&amp#27;[0m Proxying [GET /element/A3000000-0000-0000-3355-000000000000/rect] to [GET http://127.0.0.1:8100/session/CE40ADAF-B139-4368-BB61-1EFAB337C153/element/A3000000-0000-0000-3355-000000000000/rect] with no body
&amp#27;[38;5;173m[Xcode]&amp#27;[0m     t =    67.42s Requesting snapshot of accessibility hierarchy for app with pid 21811
&amp#27;[38;5;173m[Xcode]&amp#27;[0m 
&amp#27;[38;5;173m[Xcode]&amp#27;[0m     t =    67.49s Find: Descendants matching type Any
&amp#27;[38;5;173m[Xcode]&amp#27;[0m 
&amp#27;[38;5;173m[Xcode]&amp#27;[0m     t =    67.49s Find: Elements matching predicate 'BLOCKPREDICATE(0x600002080e40)'
&amp#27;[38;5;173m[Xcode]&amp#27;[0m 
&amp#27;[38;5;173m[Xcode]&amp#27;[0m     t =    67.49s Find: Identity Binding
&amp#27;[38;5;173m[Xcode]&amp#27;[0m 
&amp#27;[38;5;200m[dbe4db21]&amp#27;[0m&amp#27;[38;5;-42m[XCUITestDriver@9d32 (dbe4db21)]&amp#27;[0m Got response with status 200: {"value":{"y":0,"x":0,"width":390,"height":844},"sessionId":"CE40ADAF-B139-4368-BB61-1EFAB337C153"}
&amp#27;[38;5;200m[dbe4db21]&amp#27;[0m&amp#27;[38;5;-42m[XCUITestDriver@9d32 (dbe4db21)]&amp#27;[0m Responding to client with driver.getAttribute() result: "{\"width\":390,\"height\":844,\"top\":0,\"left\":0,\"scrollableOffset\":357}"
&amp#27;[38;5;200m[dbe4db21]&amp#27;[0m&amp#27;[38;5;86m[HTTP]&amp#27;[0m <-- GET /session/dbe4db21-e6a9-4d05-bdbb-cc788eb5635e/element/A3000000-0000-0000-3355-000000000000/attribute/contentSize 200 1052 ms - 88 
&amp#27;[38;5;200m[dbe4db21]&amp#27;[0m&amp#27;[38;5;86m[HTTP]&amp#27;[0m &amp#27;[37m-->&amp#27;[39m &amp#27;[37mGET&amp#27;[39m &amp#27;[37m/session/dbe4db21-e6a9-4d05-bdbb-cc788eb5635e/screenshot&amp#27;[39m {}
&amp#27;[38;5;200m[dbe4db21]&amp#27;[0m&amp#27;[38;5;-42m[XCUITestDriver@9d32 (dbe4db21)]&amp#27;[0m Calling AppiumDriver.getScreenshot() with args: ["dbe4db21-e6a9-4d05-bdbb-cc788eb5635e"]
&amp#27;[38;5;200m[dbe4db21]&amp#27;[0m&amp#27;[38;5;-42m[XCUITestDriver@9d32 (dbe4db21)]&amp#27;[0m Executing command 'getScreenshot'
&amp#27;[38;5;200m[dbe4db21]&amp#27;[0m&amp#27;[38;5;-42m[XCUITestDriver@9d32 (dbe4db21)]&amp#27;[0m Taking screenshot with WDA
&amp#27;[38;5;200m[dbe4db21]&amp#27;[0m&amp#27;[38;5;-42m[XCUITestDriver@9d32 (dbe4db21)]&amp#27;[0m Matched '/screenshot' to command name 'getScreenshot'
&amp#27;[38;5;200m[dbe4db21]&amp#27;[0m&amp#27;[38;5;-42m[XCUITestDriver@9d32 (dbe4db21)]&amp#27;[0m Proxying [GET /screenshot] to [GET http://127.0.0.1:8100/session/CE40ADAF-B139-4368-BB61-1EFAB337C153/screenshot] with no body
&amp#27;[38;5;173m[Xcode]&amp#27;[0m 2024-11-05 15:50:21.475061+0500 WebDriverAgentRunner-Runner[21804:212226] The device under test does not support HEIC image encoding. Falling back to PNG
&amp#27;[38;5;173m[Xcode]&amp#27;[0m 
&amp#27;[38;5;200m[dbe4db21]&amp#27;[0m&amp#27;[38;5;-42m[XCUITestDriver@9d32 (dbe4db21)]&amp#27;[0m Got response with status 200: {"value":"iVBORw0KGgoAAAANSUhEUgAABJIAAAnkCAIAAADZI9xUAAAAAXNSR0IArs4c6QAAAERlWElmTU0AKgAAAAgAAgESAAMAAAABAAEAAIdpAAQAAAABAAAAJgAAAAAAAqACAAQAAAABAAAEkqADAAQAAAABAAAJ5AAAAAABhs8gAABAAElEQVR4AezdB3wWRf7H8XSQLiqIomLFBiigICJVpPcqqCjWs57t752edzYsp55dT+9soCIgvVelqGBDEBAQUAEVEJBekpD8v9yD+0xm93nyJJkkD+aTV153s7Ozs7PvfYL7e2Z2JnH79j0J/CCAAAIIIIAAAggggAACCMSrQFK8Nox2IYAAAggggAACCCCAAAIIHBAgbONzgAACCCCAAAIIIIAAAgjEtQBhW1zfHhqHAAIIIIAAAggggAACCBC28RlAAAEEEEAAAQQQQAABBOJagLAtrm8PjUMAAQQQQAABBBBAAAEECNv4DCCAAAIIIIAAAggggAACcS1A2BbXt4fGIYAAAggggAACCCCAAAKEbXwGEEAAAQQQQAABBBBAAIG4FiBsi+vbQ+MQQAABBBBAAAEEEEAAAcI2PgMIIIAAAggggAACCCCAQFwLELbF9e2hcQgggAACCCCAAAIIIIAAYRufAQQQQAABBBBAAAEEEEAgrgUI2+L69tA4BBBAAAEEEEAAAQQQQICwjc8AAggggAACCCCAAAIIIBDXAoRtcX17aBwCCCCAAAIIIIAAAgggQNjGZwABBBBAAAEEEEAAAQQQiGsBwra4vj00DgEEEEAAAQQQQAABBBAgbOMzgAACCCCAAAIIIIAAAgjEtQBhW1zfHhqHAAIIIIAAAggggAACCBC28RlAAAEEEEAAAQQQQAABBOJagLAtrm8PjUMAAQQQQAABBBBAAAEECNv4DCCAAAIIIIAAAggggAACcS1A2BbXt4fGIYAAAggggAACCCCAAAKEbXwGEEAAAQQQQAABBBBAAIG4FiBsi+vbQ+MQQAA...
&amp#27;[38;5;200m[dbe4db21]&amp#27;[0m&amp#27;[38;5;-42m[XCUITestDriver@9d32 (dbe4db21)]&amp#27;[0m Responding to client with driver.getScreenshot() result: "iVBORw0KGgoAAAANSUhEUgAABJIAAAnkCAIAAADZI9xUAAAAAXNSR0IArs4c6QAAAERlWElmTU0AKgAAAAgAAgESAAMAAAABAAEAAIdpAAQAAAABAAAAJgAAAAAAAqACAAQAAAABAAAEkqADAAQAAAABAAAJ5AAAAAABhs8gAABAAElEQVR4AezdB3wWRf7H8XSQLiqIomLFBiigICJVpPcqqCjWs57t752edzYsp55dT+9soCIgvVelqGBDEBAQUAEVEJBekpD8v9yD+0xm93nyJJkkD+aTV153s7Ozs7PvfYL7e2Z2JnH79j0J/CCAAAIIIIAAAggggAACCMSrQFK8Nox2IYAAAggggAACCCCAAAIIHBAgbONzgAACCCCAAAIIIIAAAgjEtQBhW1zfHhqHAAIIIIAAAggggAACCBC28RlAAAEEEEAAAQQQQAABBOJagLAtrm8PjUMAAQQQQAABBBBAAAEECNv4DCCAAAIIIIAAAggggAACcS1A2BbXt4fGIYAAAggggAACCCCAAAKEbXwGEEAAAQQQQAABBBBAAIG4FiBsi+vbQ+MQQAABBBBAAAEEEEAAAcI2PgMIIIAAAggggAACCCCAQFwLELbF9e2hcQgggAACCCCAAAIIIIAAYRufAQQQQAABBBBAAAEEEEAgrgUI2+L69tA4BBBAAAEEEEAAAQQQQICwjc8AAggggAACCCCAAAIIIBDXAoRtcX17aBwCCCCAAAIIIIAAAgggQNjGZwABBBBAAAEEEEAAAQQQiGsBwra4vj00DgEEEEAAAQQQQAABBBAgbOMzgAACCCCAAAIIIIAAAgjEtQBhW1zfHhqHAAIIIIAAAggggAACCBC28RlAAAEEEEAAAQQQQAABBOJagLAtrm8PjUMAAQQQQAABBBBAAAEECNv4DCCAAAIIIIAAAggggAACcS1A2BbXt4fGIYAAAggggAACCCCAAAKEbXwGEEAAAQQQQAABBBBAAIG4FiBsi+vbQ+MQQAABBBBAAAEE...
&amp#27;[38;5;200m[dbe4db21]&amp#27;[0m&amp#27;[38;5;86m[HTTP]&amp#27;[0m <-- GET /session/dbe4db21-e6a9-4d05-bdbb-cc788eb5635e/screenshot 200 128 ms - 151956 
&amp#27;[38;5;200m[dbe4db21]&amp#27;[0m&amp#27;[38;5;86m[HTTP]&amp#27;[0m &amp#27;[37m-->&amp#27;[39m &amp#27;[37mGET&amp#27;[39m &amp#27;[37m/session/dbe4db21-e6a9-4d05-bdbb-cc788eb5635e/element/A3000000-0000-0000-3355-000000000000/rect&amp#27;[39m {}
&amp#27;[38;5;200m[dbe4db21]&amp#27;[0m&amp#27;[38;5;-42m[XCUITestDriver@9d32 (dbe4db21)]&amp#27;[0m Driver proxy active, passing request on via HTTP proxy
&amp#27;[38;5;200m[dbe4db21]&amp#27;[0m&amp#27;[38;5;-42m[XCUITestDriver@9d32 (dbe4db21)]&amp#27;[0m Executing command 'proxyReqRes'
&amp#27;[38;5;200m[dbe4db21]&amp#27;[0m&amp#27;[38;5;-42m[XCUITestDriver@9d32 (dbe4db21)]&amp#27;[0m Matched '/session/dbe4db21-e6a9-4d05-bdbb-cc788eb5635e/element/A3000000-0000-0000-3355-000000000000/rect' to command name 'getElementRect'
&amp#27;[38;5;200m[dbe4db21]&amp#27;[0m&amp#27;[38;5;-42m[XCUITestDriver@9d32 (dbe4db21)]&amp#27;[0m Proxying [GET /session/dbe4db21-e6a9-4d05-bdbb-cc788eb5635e/element/A3000000-0000-0000-3355-000000000000/rect] to [GET http://127.0.0.1:8100/session/CE40ADAF-B139-4368-BB61-1EFAB337C153/element/A3000000-0000-0000-3355-000000000000/rect] with no body
&amp#27;[38;5;173m[Xcode]&amp#27;[0m     t =    67.64s Requesting snapshot of accessibility hierarchy for app with pid 21811
&amp#27;[38;5;173m[Xcode]&amp#27;[0m 
&amp#27;[38;5;173m[Xcode]&amp#27;[0m     t =    67.74s Find: Descendants matching type Any
&amp#27;[38;5;173m[Xcode]&amp#27;[0m 
&amp#27;[38;5;173m[Xcode]&amp#27;[0m     t =    67.74s Find: Elements matching predicate 'BLOCKPREDICATE(0x600002080e40)'
&amp#27;[38;5;173m[Xcode]&amp#27;[0m 
&amp#27;[38;5;173m[Xcode]&amp#27;[0m     t =    67.75s Find: Identity Binding
&amp#27;[38;5;173m[Xcode]&amp#27;[0m 
&amp#27;[38;5;200m[dbe4db21]&amp#27;[0m&amp#27;[38;5;-42m[XCUITestDriver@9d32 (dbe4db21)]&amp#27;[0m Got response with status 200: {"value":{"y":0,"x":0,"width":390,"height":844},"sessionId":"CE40ADAF-B139-4368-BB61-1EFAB337C153"}
&amp#27;[38;5;200m[dbe4db21]&amp#27;[0m&amp#27;[38;5;-42m[XCUITestDriver@9d32 (dbe4db21)]&amp#27;[0m Replacing sessionId CE40ADAF-B139-4368-BB61-1EFAB337C153 with dbe4db21-e6a9-4d05-bdbb-cc788eb5635e
&amp#27;[38;5;200m[dbe4db21]&amp#27;[0m&amp#27;[38;5;86m[HTTP]&amp#27;[0m <-- GET /session/dbe4db21-e6a9-4d05-bdbb-cc788eb5635e/element/A3000000-0000-0000-3355-000000000000/rect 200 131 ms - 99 
&amp#27;[38;5;200m[dbe4db21]&amp#27;[0m&amp#27;[38;5;86m[HTTP]&amp#27;[0m &amp#27;[37m-->&amp#27;[39m &amp#27;[37mGET&amp#27;[39m &amp#27;[37m/session/dbe4db21-e6a9-4d05-bdbb-cc788eb5635e/element/A3000000-0000-0000-3355-000000000000/rect&amp#27;[39m {}
&amp#27;[38;5;200m[dbe4db21]&amp#27;[0m&amp#27;[38;5;-42m[XCUITestDriver@9d32 (dbe4db21)]&amp#27;[0m Driver proxy active, passing request on via HTTP proxy
&amp#27;[38;5;200m[dbe4db21]&amp#27;[0m&amp#27;[38;5;-42m[XCUITestDriver@9d32 (dbe4db21)]&amp#27;[0m Executing command 'proxyReqRes'
&amp#27;[38;5;200m[dbe4db21]&amp#27;[0m&amp#27;[38;5;-42m[XCUITestDriver@9d32 (dbe4db21)]&amp#27;[0m Matched '/session/dbe4db21-e6a9-4d05-bdbb-cc788eb5635e/element/A3000000-0000-0000-3355-000000000000/rect' to command name 'getElementRect'
&amp#27;[38;5;200m[dbe4db21]&amp#27;[0m&amp#27;[38;5;-42m[XCUITestDriver@9d32 (dbe4db21)]&amp#27;[0m Proxying [GET /session/dbe4db21-e6a9-4d05-bdbb-cc788eb5635e/element/A3000000-0000-0000-3355-000000000000/rect] to [GET http://127.0.0.1:8100/session/CE40ADAF-B139-4368-BB61-1EFAB337C153/element/A3000000-0000-0000-3355-000000000000/rect] with no body
&amp#27;[38;5;173m[Xcode]&amp#27;[0m     t =    67.77s Requesting snapshot of accessibility hierarchy for app with pid 21811
&amp#27;[38;5;173m[Xcode]&amp#27;[0m 
&amp#27;[38;5;173m[Xcode]&amp#27;[0m     t =    67.84s Find: Descendants matching type Any
&amp#27;[38;5;173m[Xcode]&amp#27;[0m 
&amp#27;[38;5;173m[Xcode]&amp#27;[0m     t =    67.85s Find: Elements matching predicate 'BLOCKPREDICATE(0x600002080e40)'
&amp#27;[38;5;173m[Xcode]&amp#27;[0m 
&amp#27;[38;5;173m[Xcode]&amp#27;[0m     t =    67.86s Find: Identity Binding
&amp#27;[38;5;173m[Xcode]&amp#27;[0m 
&amp#27;[38;5;200m[dbe4db21]&amp#27;[0m&amp#27;[38;5;-42m[XCUITestDriver@9d32 (dbe4db21)]&amp#27;[0m Got response with status 200: {"value":{"y":0,"x":0,"width":390,"height":844},"sessionId":"CE40ADAF-B139-4368-BB61-1EFAB337C153"}
&amp#27;[38;5;200m[dbe4db21]&amp#27;[0m&amp#27;[38;5;-42m[XCUITestDriver@9d32 (dbe4db21)]&amp#27;[0m Replacing sessionId CE40ADAF-B139-4368-BB61-1EFAB337C153 with dbe4db21-e6a9-4d05-bdbb-cc788eb5635e
&amp#27;[38;5;200m[dbe4db21]&amp#27;[0m&amp#27;[38;5;86m[HTTP]&amp#27;[0m <-- GET /session/dbe4db21-e6a9-4d05-bdbb-cc788eb5635e/element/A3000000-0000-0000-3355-000000000000/rect 200 104 ms - 99 
&amp#27;[38;5;200m[dbe4db21]&amp#27;[0m&amp#27;[38;5;86m[HTTP]&amp#27;[0m &amp#27;[37m-->&amp#27;[39m &amp#27;[37mGET&amp#27;[39m &amp#27;[37m/session/dbe4db21-e6a9-4d05-bdbb-cc788eb5635e/element/A3000000-0000-0000-3355-000000000000/rect&amp#27;[39m {}
&amp#27;[38;5;200m[dbe4db21]&amp#27;[0m&amp#27;[38;5;-42m[XCUITestDriver@9d32 (dbe4db21)]&amp#27;[0m Driver proxy active, passing request on via HTTP proxy
&amp#27;[38;5;200m[dbe4db21]&amp#27;[0m&amp#27;[38;5;-42m[XCUITestDriver@9d32 (dbe4db21)]&amp#27;[0m Executing command 'proxyReqRes'
&amp#27;[38;5;200m[dbe4db21]&amp#27;[0m&amp#27;[38;5;-42m[XCUITestDriver@9d32 (dbe4db21)]&amp#27;[0m Matched '/session/dbe4db21-e6a9-4d05-bdbb-cc788eb5635e/element/A3000000-0000-0000-3355-000000000000/rect' to command name 'getElementRect'
&amp#27;[38;5;200m[dbe4db21]&amp#27;[0m&amp#27;[38;5;-42m[XCUITestDriver@9d32 (dbe4db21)]&amp#27;[0m Proxying [GET /session/dbe4db21-e6a9-4d05-bdbb-cc788eb5635e/element/A3000000-0000-0000-3355-000000000000/rect] to [GET http://127.0.0.1:8100/session/CE40ADAF-B139-4368-BB61-1EFAB337C153/element/A3000000-0000-0000-3355-000000000000/rect] with no body
&amp#27;[38;5;173m[Xcode]&amp#27;[0m     t =    67.88s Requesting snapshot of accessibility hierarchy for app with pid 21811
&amp#27;[38;5;173m[Xcode]&amp#27;[0m 
&amp#27;[38;5;173m[Xcode]&amp#27;[0m     t =    67.95s Find: Descendants matching type Any
&amp#27;[38;5;173m[Xcode]&amp#27;[0m 
&amp#27;[38;5;173m[Xcode]&amp#27;[0m     t =    67.95s Find: Elements matching predicate 'BLOCKPREDICATE(0x600002080e40)'
&amp#27;[38;5;173m[Xcode]&amp#27;[0m 
&amp#27;[38;5;173m[Xcode]&amp#27;[0m     t =    67.95s Find: Identity Binding
&amp#27;[38;5;173m[Xcode]&amp#27;[0m 
&amp#27;[38;5;200m[dbe4db21]&amp#27;[0m&amp#27;[38;5;-42m[XCUITestDriver@9d32 (dbe4db21)]&amp#27;[0m Got response with status 200: {"value":{"y":0,"x":0,"width":390,"height":844},"sessionId":"CE40ADAF-B139-4368-BB61-1EFAB337C153"}
&amp#27;[38;5;200m[dbe4db21]&amp#27;[0m&amp#27;[38;5;-42m[XCUITestDriver@9d32 (dbe4db21)]&amp#27;[0m Replacing sessionId CE40ADAF-B139-4368-BB61-1EFAB337C153 with dbe4db21-e6a9-4d05-bdbb-cc788eb5635e
&amp#27;[38;5;200m[dbe4db21]&amp#27;[0m&amp#27;[38;5;86m[HTTP]&amp#27;[0m <-- GET /session/dbe4db21-e6a9-4d05-bdbb-cc788eb5635e/element/A3000000-0000-0000-3355-000000000000/rect 200 85 ms - 99 
&amp#27;[38;5;200m[dbe4db21]&amp#27;[0m&amp#27;[38;5;86m[HTTP]&amp#27;[0m &amp#27;[37m-->&amp#27;[39m &amp#27;[37mPOST&amp#27;[39m &amp#27;[37m/session/dbe4db21-e6a9-4d05-bdbb-cc788eb5635e/touch/perform&amp#27;[39m {"actions":[{"action":"press","options":{"x":5,"y":747}},{"action":"wait","options":{"ms":100}},{"action":"moveTo","options":{"x":5,"y":737}},{"action":"wait","options":{"ms":100}},{"action":"moveTo","options":{"x":5,"y":693}},{"action":"wait","options":{"ms":100}},{"action":"moveTo","options":{"x":6,"y":693}},{"action":"release","options":{}}]}
&amp#27;[38;5;200m[dbe4db21]&amp#27;[0m&amp#27;[38;5;-42m[XCUITestDriver@9d32 (dbe4db21)]&amp#27;[0m Calling AppiumDriver.performTouch() with args: [[{"action":"press","options":{"x":5,"y":747}},{"action":"wait","options":{"ms":100}},{"action":"moveTo","options":{"x":5,"y":737}},{"action":"wait","options":{"ms":100}},{"action":"moveTo","options":{"x":5,"y":693}},{"action":"wait","options":{"ms":100}},{"action":"moveTo","options":{"x":6,"y":693}},{"action":"release","options":{}}],"dbe4db21-e6a9-4d05-bdbb-cc788eb5635e"]
&amp#27;[38;5;200m[dbe4db21]&amp#27;[0m&amp#27;[38;5;-42m[XCUITestDriver@9d32 (dbe4db21)]&amp#27;[0m Executing command 'performTouch'
&amp#27;[38;5;200m[dbe4db21]&amp#27;[0m&amp#27;[38;5;-42m[XCUITestDriver@9d32 (dbe4db21)]&amp#27;[0m Received the following touch action: press(options={"x":5,"y":747})-wait(options={"ms":100})-moveTo(options={"x":5,"y":737})-wait(options={"ms":100})-moveTo(options={"x":5,"y":693})-wait(options={"ms":100})-moveTo(options={"x":6,"y":693})-release(options={})
&amp#27;[38;5;200m[dbe4db21]&amp#27;[0m&amp#27;[38;5;-42m[XCUITestDriver@9d32 (dbe4db21)]&amp#27;[0m Proxying [POST /wda/touch/perform] to [POST http://127.0.0.1:8100/session/CE40ADAF-B139-4368-BB61-1EFAB337C153/wda/touch/perform] with body: {"actions":[{"action":"press","options":{"x":5,"y":747}},{"action":"wait","options":{"ms":100}},{"action":"moveTo","options":{"x":5,"y":737}},{"action":"wait","options":{"ms":100}},{"action":"moveTo","options":{"x":5,"y":693}},{"action":"wait","options":{"ms":100}},{"action":"moveTo","options":{"x":6,"y":693}},{"action":"release","options":{}}]}
&amp#27;[38;5;173m[Xcode]&amp#27;[0m 2024-11-05 15:50:21.944645+0500 WebDriverAgentRunner-Runner[21804:212226] Getting the most recent active application (out of 1 total items)
&amp#27;[38;5;173m[Xcode]&amp#27;[0m 
&amp#27;[38;5;173m[Xcode]&amp#27;[0m     t =    67.98s Find the Application 'com.example.apple-samplecode.UICatalog'
&amp#27;[38;5;173m[Xcode]&amp#27;[0m 
&amp#27;[38;5;173m[Xcode]&amp#27;[0m     t =    67.98s     Requesting snapshot of accessibility hierarchy for app with pid 21811
&amp#27;[38;5;173m[Xcode]&amp#27;[0m 
&amp#27;[38;5;173m[Xcode]&amp#27;[0m     t =    68.02s Find the Application 'com.example.apple-samplecode.UICatalog'
&amp#27;[38;5;173m[Xcode]&amp#27;[0m 
&amp#27;[38;5;173m[Xcode]&amp#27;[0m     t =    68.03s     Requesting snapshot of accessibility hierarchy for app with pid 21811
&amp#27;[38;5;173m[Xcode]&amp#27;[0m 
&amp#27;[38;5;173m[Xcode]&amp#27;[0m     t =    68.07s Find the Application 'com.example.apple-samplecode.UICatalog'
&amp#27;[38;5;173m[Xcode]&amp#27;[0m 
&amp#27;[38;5;173m[Xcode]&amp#27;[0m     t =    68.07s     Requesting snapshot of accessibility hierarchy for app with pid 21811
&amp#27;[38;5;173m[Xcode]&amp#27;[0m 
&amp#27;[38;5;173m[Xcode]&amp#27;[0m     t =    68.12s Find the Application 'com.example.apple-samplecode.UICatalog'
&amp#27;[38;5;173m[Xcode]&amp#27;[0m 
&amp#27;[38;5;173m[Xcode]&amp#27;[0m     t =    68.12s     Requesting snapshot of accessibility hierarchy for app with pid 21811
&amp#27;[38;5;173m[Xcode]&amp#27;[0m 
&amp#27;[38;5;173m[Xcode]&amp#27;[0m 2024-11-05 15:50:22.765617+0500 WebDriverAgentRunner-Runner[21804:212226] Waiting up to 2s until com.example.apple-samplecode.UICatalog is in idle state (including animations)
&amp#27;[38;5;173m[Xcode]&amp#27;[0m 
&amp#27;[38;5;173m[Xcode]&amp#27;[0m     t =    68.80s Wait for com.example.apple-samplecode.UICatalog to idle
&amp#27;[38;5;173m[Xcode]&amp#27;[0m 
&amp#27;[38;5;200m[dbe4db21]&amp#27;[0m&amp#27;[38;5;-42m[XCUITestDriver@9d32 (dbe4db21)]&amp#27;[0m Got response with status 200: {"value":null,"sessionId":"CE40ADAF-B139-4368-BB61-1EFAB337C153"}
&amp#27;[38;5;200m[dbe4db21]&amp#27;[0m&amp#27;[38;5;-42m[XCUITestDriver@9d32 (dbe4db21)]&amp#27;[0m Responding to client with driver.performTouch() result: null
&amp#27;[38;5;200m[dbe4db21]&amp#27;[0m&amp#27;[38;5;86m[HTTP]&amp#27;[0m <-- POST /session/dbe4db21-e6a9-4d05-bdbb-cc788eb5635e/touch/perform 200 925 ms - 14 
&amp#27;[38;5;200m[dbe4db21]&amp#27;[0m&amp#27;[38;5;86m[HTTP]&amp#27;[0m &amp#27;[37m-->&amp#27;[39m &amp#27;[37mGET&amp#27;[39m &amp#27;[37m/session/dbe4db21-e6a9-4d05-bdbb-cc788eb5635e/element/A3000000-0000-0000-3355-000000000000/rect&amp#27;[39m {}
&amp#27;[38;5;200m[dbe4db21]&amp#27;[0m&amp#27;[38;5;-42m[XCUITestDriver@9d32 (dbe4db21)]&amp#27;[0m Driver proxy active, passing request on via HTTP proxy
&amp#27;[38;5;200m[dbe4db21]&amp#27;[0m&amp#27;[38;5;-42m[XCUITestDriver@9d32 (dbe4db21)]&amp#27;[0m Executing command 'proxyReqRes'
&amp#27;[38;5;200m[dbe4db21]&amp#27;[0m&amp#27;[38;5;-42m[XCUITestDriver@9d32 (dbe4db21)]&amp#27;[0m Matched '/session/dbe4db21-e6a9-4d05-bdbb-cc788eb5635e/element/A3000000-0000-0000-3355-000000000000/rect' to command name 'getElementRect'
&amp#27;[38;5;200m[dbe4db21]&amp#27;[0m&amp#27;[38;5;-42m[XCUITestDriver@9d32 (dbe4db21)]&amp#27;[0m Proxying [GET /session/dbe4db21-e6a9-4d05-bdbb-cc788eb5635e/element/A3000000-0000-0000-3355-000000000000/rect] to [GET http://127.0.0.1:8100/session/CE40ADAF-B139-4368-BB61-1EFAB337C153/element/A3000000-0000-0000-3355-000000000000/rect] with no body
&amp#27;[38;5;173m[Xcode]&amp#27;[0m     t =    68.90s Requesting snapshot of accessibility hierarchy for app with pid 21811
&amp#27;[38;5;173m[Xcode]&amp#27;[0m 
&amp#27;[38;5;173m[Xcode]&amp#27;[0m     t =    68.96s Find: Descendants matching type Any
&amp#27;[38;5;173m[Xcode]&amp#27;[0m 
&amp#27;[38;5;173m[Xcode]&amp#27;[0m     t =    68.96s Find: Elements matching predicate 'BLOCKPREDICATE(0x600002080e40)'
&amp#27;[38;5;173m[Xcode]&amp#27;[0m 
&amp#27;[38;5;173m[Xcode]&amp#27;[0m     t =    68.96s Find: Identity Binding
&amp#27;[38;5;173m[Xcode]&amp#27;[0m 
&amp#27;[38;5;200m[dbe4db21]&amp#27;[0m&amp#27;[38;5;-42m[XCUITestDriver@9d32 (dbe4db21)]&amp#27;[0m Got response with status 200: {"value":{"y":0,"x":0,"width":390,"height":844},"sessionId":"CE40ADAF-B139-4368-BB61-1EFAB337C153"}
&amp#27;[38;5;200m[dbe4db21]&amp#27;[0m&amp#27;[38;5;-42m[XCUITestDriver@9d32 (dbe4db21)]&amp#27;[0m Replacing sessionId CE40ADAF-B139-4368-BB61-1EFAB337C153 with dbe4db21-e6a9-4d05-bdbb-cc788eb5635e
&amp#27;[38;5;200m[dbe4db21]&amp#27;[0m&amp#27;[38;5;86m[HTTP]&amp#27;[0m <-- GET /session/dbe4db21-e6a9-4d05-bdbb-cc788eb5635e/element/A3000000-0000-0000-3355-000000000000/rect 200 78 ms - 99 
&amp#27;[38;5;200m[dbe4db21]&amp#27;[0m&amp#27;[38;5;86m[HTTP]&amp#27;[0m &amp#27;[37m-->&amp#27;[39m &amp#27;[37mGET&amp#27;[39m &amp#27;[37m/session/dbe4db21-e6a9-4d05-bdbb-cc788eb5635e/element/A3000000-0000-0000-3355-000000000000/rect&amp#27;[39m {}
&amp#27;[38;5;200m[dbe4db21]&amp#27;[0m&amp#27;[38;5;-42m[XCUITestDriver@9d32 (dbe4db21)]&amp#27;[0m Driver proxy active, passing request on via HTTP proxy
&amp#27;[38;5;200m[dbe4db21]&amp#27;[0m&amp#27;[38;5;-42m[XCUITestDriver@9d32 (dbe4db21)]&amp#27;[0m Executing command 'proxyReqRes'
&amp#27;[38;5;200m[dbe4db21]&amp#27;[0m&amp#27;[38;5;-42m[XCUITestDriver@9d32 (dbe4db21)]&amp#27;[0m Matched '/session/dbe4db21-e6a9-4d05-bdbb-cc788eb5635e/element/A3000000-0000-0000-3355-000000000000/rect' to command name 'getElementRect'
&amp#27;[38;5;200m[dbe4db21]&amp#27;[0m&amp#27;[38;5;-42m[XCUITestDriver@9d32 (dbe4db21)]&amp#27;[0m Proxying [GET /session/dbe4db21-e6a9-4d05-bdbb-cc788eb5635e/element/A3000000-0000-0000-3355-000000000000/rect] to [GET http://127.0.0.1:8100/session/CE40ADAF-B139-4368-BB61-1EFAB337C153/element/A3000000-0000-0000-3355-000000000000/rect] with no body
&amp#27;[38;5;173m[Xcode]&amp#27;[0m     t =    68.98s Requesting snapshot of accessibility hierarchy for app with pid 21811
&amp#27;[38;5;173m[Xcode]&amp#27;[0m 
&amp#27;[38;5;173m[Xcode]&amp#27;[0m     t =    69.03s Find: Descendants matching type Any
&amp#27;[38;5;173m[Xcode]&amp#27;[0m 
&amp#27;[38;5;173m[Xcode]&amp#27;[0m     t =    69.03s Find: Elements matching predicate 'BLOCKPREDICATE(0x600002080e40)'
&amp#27;[38;5;173m[Xcode]&amp#27;[0m 
&amp#27;[38;5;173m[Xcode]&amp#27;[0m     t =    69.04s Find: Identity Binding
&amp#27;[38;5;173m[Xcode]&amp#27;[0m 
&amp#27;[38;5;200m[dbe4db21]&amp#27;[0m&amp#27;[38;5;-42m[XCUITestDriver@9d32 (dbe4db21)]&amp#27;[0m Got response with status 200: {"value":{"y":0,"x":0,"width":390,"height":844},"sessionId":"CE40ADAF-B139-4368-BB61-1EFAB337C153"}
&amp#27;[38;5;200m[dbe4db21]&amp#27;[0m&amp#27;[38;5;-42m[XCUITestDriver@9d32 (dbe4db21)]&amp#27;[0m Replacing sessionId CE40ADAF-B139-4368-BB61-1EFAB337C153 with dbe4db21-e6a9-4d05-bdbb-cc788eb5635e
&amp#27;[38;5;200m[dbe4db21]&amp#27;[0m&amp#27;[38;5;86m[HTTP]&amp#27;[0m <-- GET /session/dbe4db21-e6a9-4d05-bdbb-cc788eb5635e/element/A3000000-0000-0000-3355-000000000000/rect 200 73 ms - 99 
&amp#27;[38;5;200m[dbe4db21]&amp#27;[0m&amp#27;[38;5;86m[HTTP]&amp#27;[0m &amp#27;[37m-->&amp#27;[39m &amp#27;[37mGET&amp#27;[39m &amp#27;[37m/session/dbe4db21-e6a9-4d05-bdbb-cc788eb5635e/screenshot&amp#27;[39m {}
&amp#27;[38;5;200m[dbe4db21]&amp#27;[0m&amp#27;[38;5;-42m[XCUITestDriver@9d32 (dbe4db21)]&amp#27;[0m Calling AppiumDriver.getScreenshot() with args: ["dbe4db21-e6a9-4d05-bdbb-cc788eb5635e"]
&amp#27;[38;5;200m[dbe4db21]&amp#27;[0m&amp#27;[38;5;-42m[XCUITestDriver@9d32 (dbe4db21)]&amp#27;[0m Executing command 'getScreenshot'
&amp#27;[38;5;200m[dbe4db21]&amp#27;[0m&amp#27;[38;5;-42m[XCUITestDriver@9d32 (dbe4db21)]&amp#27;[0m Taking screenshot with WDA
&amp#27;[38;5;200m[dbe4db21]&amp#27;[0m&amp#27;[38;5;-42m[XCUITestDriver@9d32 (dbe4db21)]&amp#27;[0m Matched '/screenshot' to command name 'getScreenshot'
&amp#27;[38;5;200m[dbe4db21]&amp#27;[0m&amp#27;[38;5;-42m[XCUITestDriver@9d32 (dbe4db21)]&amp#27;[0m Proxying [GET /screenshot] to [GET http://127.0.0.1:8100/session/CE40ADAF-B139-4368-BB61-1EFAB337C153/screenshot] with no body
&amp#27;[38;5;173m[Xcode]&amp#27;[0m 2024-11-05 15:50:23.122594+0500 WebDriverAgentRunner-Runner[21804:212226] The device under test does not support HEIC image encoding. Falling back to PNG
&amp#27;[38;5;173m[Xcode]&amp#27;[0m 
&amp#27;[38;5;200m[dbe4db21]&amp#27;[0m&amp#27;[38;5;-42m[XCUITestDriver@9d32 (dbe4db21)]&amp#27;[0m Got response with status 200: {"value":"iVBORw0KGgoAAAANSUhEUgAABJIAAAnkCAIAAADZI9xUAAAAAXNSR0IArs4c6QAAAERlWElmTU0AKgAAAAgAAgESAAMAAAABAAEAAIdpAAQAAAABAAAAJgAAAAAAAqACAAQAAAABAAAEkqADAAQAAAABAAAJ5AAAAAABhs8gAABAAElEQVR4AezdB3wWRf7H8XSQLiqIomLFBiigICJVpPcqqCjWs57t752edzYsp55dT+9soCIgvVelqGBDEBAQUAEVEJBekpD8v9yD+0xm93nyJJkkD+aTV153s7Ozs7PvfYL7e2Z2JnH79j0J/CCAAAIIIIAAAggggAACCMSrQFK8Nox2IYAAAggggAACCCCAAAIIHBAgbONzgAACCCCAAAIIIIAAAgjEtQBhW1zfHhqHAAIIIIAAAggggAACCBC28RlAAAEEEEAAAQQQQAABBOJagLAtrm8PjUMAAQQQQAABBBBAAAEECNv4DCCAAAIIIIAAAggggAACcS1A2BbXt4fGIYAAAggggAACCCCAAAKEbXwGEEAAAQQQQAABBBBAAIG4FiBsi+vbQ+MQQAABBBBAAAEEEEAAAcI2PgMIIIAAAggggAACCCCAQFwLELbF9e2hcQgggAACCCCAAAIIIIAAYRufAQQQQAABBBBAAAEEEEAgrgUI2+L69tA4BBBAAAEEEEAAAQQQQICwjc8AAggggAACCCCAAAIIIBDXAoRtcX17aBwCCCCAAAIIIIAAAgggQNjGZwABBBBAAAEEEEAAAQQQiGsBwra4vj00DgEEEEAAAQQQQAABBBAgbOMzgAACCCCAAAIIIIAAAgjEtQBhW1zfHhqHAAIIIIAAAggggAACCBC28RlAAAEEEEAAAQQQQAABBOJagLAtrm8PjUMAAQQQQAABBBBAAAEECNv4DCCAAAIIIIAAAggggAACcS1A2BbXt4fGIYAAAggggAACCCCAAAKEbXwGEEAAAQQQQAABBBBAAIG4FiBsi+vbQ+MQQAA...
&amp#27;[38;5;200m[dbe4db21]&amp#27;[0m&amp#27;[38;5;-42m[XCUITestDriver@9d32 (dbe4db21)]&amp#27;[0m Responding to client with driver.getScreenshot() result: "iVBORw0KGgoAAAANSUhEUgAABJIAAAnkCAIAAADZI9xUAAAAAXNSR0IArs4c6QAAAERlWElmTU0AKgAAAAgAAgESAAMAAAABAAEAAIdpAAQAAAABAAAAJgAAAAAAAqACAAQAAAABAAAEkqADAAQAAAABAAAJ5AAAAAABhs8gAABAAElEQVR4AezdB3wWRf7H8XSQLiqIomLFBiigICJVpPcqqCjWs57t752edzYsp55dT+9soCIgvVelqGBDEBAQUAEVEJBekpD8v9yD+0xm93nyJJkkD+aTV153s7Ozs7PvfYL7e2Z2JnH79j0J/CCAAAIIIIAAAggggAACCMSrQFK8Nox2IYAAAggggAACCCCAAAIIHBAgbONzgAACCCCAAAIIIIAAAgjEtQBhW1zfHhqHAAIIIIAAAggggAACCBC28RlAAAEEEEAAAQQQQAABBOJagLAtrm8PjUMAAQQQQAABBBBAAAEECNv4DCCAAAIIIIAAAggggAACcS1A2BbXt4fGIYAAAggggAACCCCAAAKEbXwGEEAAAQQQQAABBBBAAIG4FiBsi+vbQ+MQQAABBBBAAAEEEEAAAcI2PgMIIIAAAggggAACCCCAQFwLELbF9e2hcQgggAACCCCAAAIIIIAAYRufAQQQQAABBBBAAAEEEEAgrgUI2+L69tA4BBBAAAEEEEAAAQQQQICwjc8AAggggAACCCCAAAIIIBDXAoRtcX17aBwCCCCAAAIIIIAAAgggQNjGZwABBBBAAAEEEEAAAQQQiGsBwra4vj00DgEEEEAAAQQQQAABBBAgbOMzgAACCCCAAAIIIIAAAgjEtQBhW1zfHhqHAAIIIIAAAggggAACCBC28RlAAAEEEEAAAQQQQAABBOJagLAtrm8PjUMAAQQQQAABBBBAAAEECNv4DCCAAAIIIIAAAggggAACcS1A2BbXt4fGIYAAAggggAACCCCAAAKEbXwGEEAAAQQQQAABBBBAAIG4FiBsi+vbQ+MQQAABBBBAAAEE...
&amp#27;[38;5;200m[dbe4db21]&amp#27;[0m&amp#27;[38;5;86m[HTTP]&amp#27;[0m <-- GET /session/dbe4db21-e6a9-4d05-bdbb-cc788eb5635e/screenshot 200 130 ms - 151956 
&amp#27;[38;5;200m[dbe4db21]&amp#27;[0m&amp#27;[38;5;86m[HTTP]&amp#27;[0m &amp#27;[37m-->&amp#27;[39m &amp#27;[37mGET&amp#27;[39m &amp#27;[37m/session/dbe4db21-e6a9-4d05-bdbb-cc788eb5635e/element/A3000000-0000-0000-3355-000000000000/rect&amp#27;[39m {}
&amp#27;[38;5;200m[dbe4db21]&amp#27;[0m&amp#27;[38;5;-42m[XCUITestDriver@9d32 (dbe4db21)]&amp#27;[0m Driver proxy active, passing request on via HTTP proxy
&amp#27;[38;5;200m[dbe4db21]&amp#27;[0m&amp#27;[38;5;-42m[XCUITestDriver@9d32 (dbe4db21)]&amp#27;[0m Executing command 'proxyReqRes'
&amp#27;[38;5;200m[dbe4db21]&amp#27;[0m&amp#27;[38;5;-42m[XCUITestDriver@9d32 (dbe4db21)]&amp#27;[0m Matched '/session/dbe4db21-e6a9-4d05-bdbb-cc788eb5635e/element/A3000000-0000-0000-3355-000000000000/rect' to command name 'getElementRect'
&amp#27;[38;5;200m[dbe4db21]&amp#27;[0m&amp#27;[38;5;-42m[XCUITestDriver@9d32 (dbe4db21)]&amp#27;[0m Proxying [GET /session/dbe4db21-e6a9-4d05-bdbb-cc788eb5635e/element/A3000000-0000-0000-3355-000000000000/rect] to [GET http://127.0.0.1:8100/session/CE40ADAF-B139-4368-BB61-1EFAB337C153/element/A3000000-0000-0000-3355-000000000000/rect] with no body
&amp#27;[38;5;173m[Xcode]&amp#27;[0m     t =    69.29s Requesting snapshot of accessibility hierarchy for app with pid 21811
&amp#27;[38;5;173m[Xcode]&amp#27;[0m 
&amp#27;[38;5;173m[Xcode]&amp#27;[0m     t =    69.35s Find: Descendants matching type Any
&amp#27;[38;5;173m[Xcode]&amp#27;[0m 
&amp#27;[38;5;173m[Xcode]&amp#27;[0m     t =    69.35s Find: Elements matching predicate 'BLOCKPREDICATE(0x600002080e40)'
&amp#27;[38;5;173m[Xcode]&amp#27;[0m 
&amp#27;[38;5;173m[Xcode]&amp#27;[0m     t =    69.36s Find: Identity Binding
&amp#27;[38;5;173m[Xcode]&amp#27;[0m 
&amp#27;[38;5;200m[dbe4db21]&amp#27;[0m&amp#27;[38;5;-42m[XCUITestDriver@9d32 (dbe4db21)]&amp#27;[0m Got response with status 200: {"value":{"y":0,"x":0,"width":390,"height":844},"sessionId":"CE40ADAF-B139-4368-BB61-1EFAB337C153"}
&amp#27;[38;5;200m[dbe4db21]&amp#27;[0m&amp#27;[38;5;-42m[XCUITestDriver@9d32 (dbe4db21)]&amp#27;[0m Replacing sessionId CE40ADAF-B139-4368-BB61-1EFAB337C153 with dbe4db21-e6a9-4d05-bdbb-cc788eb5635e
&amp#27;[38;5;200m[dbe4db21]&amp#27;[0m&amp#27;[38;5;86m[HTTP]&amp#27;[0m <-- GET /session/dbe4db21-e6a9-4d05-bdbb-cc788eb5635e/element/A3000000-0000-0000-3355-000000000000/rect 200 80 ms - 99 
&amp#27;[38;5;200m[dbe4db21]&amp#27;[0m&amp#27;[38;5;86m[HTTP]&amp#27;[0m &amp#27;[37m-->&amp#27;[39m &amp#27;[37mPOST&amp#27;[39m &amp#27;[37m/session/dbe4db21-e6a9-4d05-bdbb-cc788eb5635e/touch/perform&amp#27;[39m {"actions":[{"action":"press","options":{"x":5,"y":683}},{"action":"wait","options":{"ms":100}},{"action":"moveTo","options":{"x":5,"y":693}},{"action":"wait","options":{"ms":100}},{"action":"moveTo","options":{"x":5,"y":737}},{"action":"wait","options":{"ms":100}},{"action":"moveTo","options":{"x":6,"y":737}},{"action":"release","options":{}}]}
&amp#27;[38;5;200m[dbe4db21]&amp#27;[0m&amp#27;[38;5;-42m[XCUITestDriver@9d32 (dbe4db21)]&amp#27;[0m Calling AppiumDriver.performTouch() with args: [[{"action":"press","options":{"x":5,"y":683}},{"action":"wait","options":{"ms":100}},{"action":"moveTo","options":{"x":5,"y":693}},{"action":"wait","options":{"ms":100}},{"action":"moveTo","options":{"x":5,"y":737}},{"action":"wait","options":{"ms":100}},{"action":"moveTo","options":{"x":6,"y":737}},{"action":"release","options":{}}],"dbe4db21-e6a9-4d05-bdbb-cc788eb5635e"]
&amp#27;[38;5;200m[dbe4db21]&amp#27;[0m&amp#27;[38;5;-42m[XCUITestDriver@9d32 (dbe4db21)]&amp#27;[0m Executing command 'performTouch'
&amp#27;[38;5;200m[dbe4db21]&amp#27;[0m&amp#27;[38;5;-42m[XCUITestDriver@9d32 (dbe4db21)]&amp#27;[0m Received the following touch action: press(options={"x":5,"y":683})-wait(options={"ms":100})-moveTo(options={"x":5,"y":693})-wait(options={"ms":100})-moveTo(options={"x":5,"y":737})-wait(options={"ms":100})-moveTo(options={"x":6,"y":737})-release(options={})
&amp#27;[38;5;200m[dbe4db21]&amp#27;[0m&amp#27;[38;5;-42m[XCUITestDriver@9d32 (dbe4db21)]&amp#27;[0m Proxying [POST /wda/touch/perform] to [POST http://127.0.0.1:8100/session/CE40ADAF-B139-4368-BB61-1EFAB337C153/wda/touch/perform] with body: {"actions":[{"action":"press","options":{"x":5,"y":683}},{"action":"wait","options":{"ms":100}},{"action":"moveTo","options":{"x":5,"y":693}},{"action":"wait","options":{"ms":100}},{"action":"moveTo","options":{"x":5,"y":737}},{"action":"wait","options":{"ms":100}},{"action":"moveTo","options":{"x":6,"y":737}},{"action":"release","options":{}}]}
&amp#27;[38;5;173m[Xcode]&amp#27;[0m 2024-11-05 15:50:23.342405+0500 WebDriverAgentRunner-Runner[21804:212226] Getting the most recent active application (out of 1 total items)
&amp#27;[38;5;173m[Xcode]&amp#27;[0m 
&amp#27;[38;5;173m[Xcode]&amp#27;[0m     t =    69.38s Find the Application 'com.example.apple-samplecode.UICatalog'
&amp#27;[38;5;173m[Xcode]&amp#27;[0m 
&amp#27;[38;5;173m[Xcode]&amp#27;[0m     t =    69.38s     Requesting snapshot of accessibility hierarchy for app with pid 21811
&amp#27;[38;5;173m[Xcode]&amp#27;[0m 
&amp#27;[38;5;173m[Xcode]&amp#27;[0m     t =    69.42s Find the Application 'com.example.apple-samplecode.UICatalog'
&amp#27;[38;5;173m[Xcode]&amp#27;[0m 
&amp#27;[38;5;173m[Xcode]&amp#27;[0m     t =    69.42s     Requesting snapshot of accessibility hierarchy for app with pid 21811
&amp#27;[38;5;173m[Xcode]&amp#27;[0m 
&amp#27;[38;5;173m[Xcode]&amp#27;[0m     t =    69.46s Find the Application 'com.example.apple-samplecode.UICatalog'
&amp#27;[38;5;173m[Xcode]&amp#27;[0m 
&amp#27;[38;5;173m[Xcode]&amp#27;[0m     t =    69.46s     Requesting snapshot of accessibility hierarchy for app with pid 21811
&amp#27;[38;5;173m[Xcode]&amp#27;[0m 
&amp#27;[38;5;173m[Xcode]&amp#27;[0m     t =    69.50s Find the Application 'com.example.apple-samplecode.UICatalog'
&amp#27;[38;5;173m[Xcode]&amp#27;[0m 
&amp#27;[38;5;173m[Xcode]&amp#27;[0m     t =    69.50s     Requesting snapshot of accessibility hierarchy for app with pid 21811
&amp#27;[38;5;173m[Xcode]&amp#27;[0m 
&amp#27;[38;5;173m[Xcode]&amp#27;[0m 2024-11-05 15:50:24.125052+0500 WebDriverAgentRunner-Runner[21804:212226] Waiting up to 2s until com.example.apple-samplecode.UICatalog is in idle state (including animations)
&amp#27;[38;5;173m[Xcode]&amp#27;[0m 
&amp#27;[38;5;173m[Xcode]&amp#27;[0m     t =    70.16s Wait for com.example.apple-samplecode.UICatalog to idle
&amp#27;[38;5;173m[Xcode]&amp#27;[0m 
&amp#27;[38;5;200m[dbe4db21]&amp#27;[0m&amp#27;[38;5;-42m[XCUITestDriver@9d32 (dbe4db21)]&amp#27;[0m Got response with status 200: {"value":null,"sessionId":"CE40ADAF-B139-4368-BB61-1EFAB337C153"}
&amp#27;[38;5;200m[dbe4db21]&amp#27;[0m&amp#27;[38;5;-42m[XCUITestDriver@9d32 (dbe4db21)]&amp#27;[0m Responding to client with driver.performTouch() result: null
&amp#27;[38;5;200m[dbe4db21]&amp#27;[0m&amp#27;[38;5;86m[HTTP]&amp#27;[0m <-- POST /session/dbe4db21-e6a9-4d05-bdbb-cc788eb5635e/touch/perform 200 879 ms - 14 
&amp#27;[38;5;200m[dbe4db21]&amp#27;[0m&amp#27;[38;5;86m[HTTP]&amp#27;[0m &amp#27;[37m-->&amp#27;[39m &amp#27;[37mGET&amp#27;[39m &amp#27;[37m/session/dbe4db21-e6a9-4d05-bdbb-cc788eb5635e/element/A3000000-0000-0000-3355-000000000000/rect&amp#27;[39m {}
&amp#27;[38;5;200m[dbe4db21]&amp#27;[0m&amp#27;[38;5;-42m[XCUITestDriver@9d32 (dbe4db21)]&amp#27;[0m Driver proxy active, passing request on via HTTP proxy
&amp#27;[38;5;200m[dbe4db21]&amp#27;[0m&amp#27;[38;5;-42m[XCUITestDriver@9d32 (dbe4db21)]&amp#27;[0m Executing command 'proxyReqRes'
&amp#27;[38;5;200m[dbe4db21]&amp#27;[0m&amp#27;[38;5;-42m[XCUITestDriver@9d32 (dbe4db21)]&amp#27;[0m Matched '/session/dbe4db21-e6a9-4d05-bdbb-cc788eb5635e/element/A3000000-0000-0000-3355-000000000000/rect' to command name 'getElementRect'
&amp#27;[38;5;200m[dbe4db21]&amp#27;[0m&amp#27;[38;5;-42m[XCUITestDriver@9d32 (dbe4db21)]&amp#27;[0m Proxying [GET /session/dbe4db21-e6a9-4d05-bdbb-cc788eb5635e/element/A3000000-0000-0000-3355-000000000000/rect] to [GET http://127.0.0.1:8100/session/CE40ADAF-B139-4368-BB61-1EFAB337C153/element/A3000000-0000-0000-3355-000000000000/rect] with no body
&amp#27;[38;5;173m[Xcode]&amp#27;[0m     t =    70.25s Requesting snapshot of accessibility hierarchy for app with pid 21811
&amp#27;[38;5;173m[Xcode]&amp#27;[0m 
&amp#27;[38;5;173m[Xcode]&amp#27;[0m     t =    70.31s Find: Descendants matching type Any
&amp#27;[38;5;173m[Xcode]&amp#27;[0m 
&amp#27;[38;5;173m[Xcode]&amp#27;[0m     t =    70.31s Find: Elements matching predicate 'BLOCKPREDICATE(0x600002080e40)'
&amp#27;[38;5;173m[Xcode]&amp#27;[0m 
&amp#27;[38;5;173m[Xcode]&amp#27;[0m     t =    70.31s Find: Identity Binding
&amp#27;[38;5;173m[Xcode]&amp#27;[0m 
&amp#27;[38;5;200m[dbe4db21]&amp#27;[0m&amp#27;[38;5;-42m[XCUITestDriver@9d32 (dbe4db21)]&amp#27;[0m Got response with status 200: {"value":{"y":0,"x":0,"width":390,"height":844},"sessionId":"CE40ADAF-B139-4368-BB61-1EFAB337C153"}
&amp#27;[38;5;200m[dbe4db21]&amp#27;[0m&amp#27;[38;5;-42m[XCUITestDriver@9d32 (dbe4db21)]&amp#27;[0m Replacing sessionId CE40ADAF-B139-4368-BB61-1EFAB337C153 with dbe4db21-e6a9-4d05-bdbb-cc788eb5635e
&amp#27;[38;5;200m[dbe4db21]&amp#27;[0m&amp#27;[38;5;86m[HTTP]&amp#27;[0m <-- GET /session/dbe4db21-e6a9-4d05-bdbb-cc788eb5635e/element/A3000000-0000-0000-3355-000000000000/rect 200 76 ms - 99 
&amp#27;[38;5;200m[dbe4db21]&amp#27;[0m&amp#27;[38;5;86m[HTTP]&amp#27;[0m &amp#27;[37m-->&amp#27;[39m &amp#27;[37mGET&amp#27;[39m &amp#27;[37m/session/dbe4db21-e6a9-4d05-bdbb-cc788eb5635e/context&amp#27;[39m {}
&amp#27;[38;5;200m[dbe4db21]&amp#27;[0m&amp#27;[38;5;-42m[XCUITestDriver@9d32 (dbe4db21)]&amp#27;[0m Calling AppiumDriver.getCurrentContext() with args: ["dbe4db21-e6a9-4d05-bdbb-cc788eb5635e"]
&amp#27;[38;5;200m[dbe4db21]&amp#27;[0m&amp#27;[38;5;-42m[XCUITestDriver@9d32 (dbe4db21)]&amp#27;[0m Executing command 'getCurrentContext'
&amp#27;[38;5;200m[dbe4db21]&amp#27;[0m&amp#27;[38;5;-42m[XCUITestDriver@9d32 (dbe4db21)]&amp#27;[0m Responding to client with driver.getCurrentContext() result: "NATIVE_APP"
&amp#27;[38;5;200m[dbe4db21]&amp#27;[0m&amp#27;[38;5;86m[HTTP]&amp#27;[0m <-- GET /session/dbe4db21-e6a9-4d05-bdbb-cc788eb5635e/context 200 1 ms - 22 
&amp#27;[38;5;200m[dbe4db21]&amp#27;[0m&amp#27;[38;5;86m[HTTP]&amp#27;[0m &amp#27;[37m-->&amp#27;[39m &amp#27;[37mPOST&amp#27;[39m &amp#27;[37m/session/dbe4db21-e6a9-4d05-bdbb-cc788eb5635e/element&amp#27;[39m {"value":"**/XCUIElementTypeStaticText[`label == \"Text Entry\"`]","using":"-ios class chain"}
&amp#27;[38;5;200m[dbe4db21]&amp#27;[0m&amp#27;[38;5;-42m[XCUITestDriver@9d32 (dbe4db21)]&amp#27;[0m Calling AppiumDriver.findElement() with args: ["-ios class chain","**/XCUIElementTypeStaticText[`label == \"Text Entry\"`]","dbe4db21-e6a9-4d05-bdbb-cc788eb5635e"]
&amp#27;[38;5;200m[dbe4db21]&amp#27;[0m&amp#27;[38;5;-42m[XCUITestDriver@9d32 (dbe4db21)]&amp#27;[0m Executing command 'findElement'
&amp#27;[38;5;200m[dbe4db21]&amp#27;[0m&amp#27;[38;5;-42m[XCUITestDriver@9d32 (dbe4db21)]&amp#27;[0m Valid locator strategies for this request: xpath, id, name, class name, -ios predicate string, -ios class chain, accessibility id, css selector
&amp#27;[38;5;200m[dbe4db21]&amp#27;[0m&amp#27;[38;5;-42m[XCUITestDriver@9d32 (dbe4db21)]&amp#27;[0m Waiting up to 10000 ms for condition
&amp#27;[38;5;200m[dbe4db21]&amp#27;[0m&amp#27;[38;5;-42m[XCUITestDriver@9d32 (dbe4db21)]&amp#27;[0m Matched '/element' to command name 'findElement'
&amp#27;[38;5;200m[dbe4db21]&amp#27;[0m&amp#27;[38;5;-42m[XCUITestDriver@9d32 (dbe4db21)]&amp#27;[0m Proxying [POST /element] to [POST http://127.0.0.1:8100/session/CE40ADAF-B139-4368-BB61-1EFAB337C153/element] with body: {"using":"class chain","value":"**/XCUIElementTypeStaticText[`label == \"Text Entry\"`]"}
&amp#27;[38;5;173m[Xcode]&amp#27;[0m 2024-11-05 15:50:24.818316+0500 WebDriverAgentRunner-Runner[21804:212226] Getting the most recent active application (out of 1 total items)
&amp#27;[38;5;173m[Xcode]&amp#27;[0m 
&amp#27;[38;5;173m[Xcode]&amp#27;[0m     t =    70.85s Get all elements bound by accessibility element for: Elements matching predicate 'BLOCKPREDICATE(0x6000020c8a50)'
&amp#27;[38;5;173m[Xcode]&amp#27;[0m 
&amp#27;[38;5;173m[Xcode]&amp#27;[0m     t =    70.85s     Requesting snapshot of accessibility hierarchy for app with pid 21811
&amp#27;[38;5;173m[Xcode]&amp#27;[0m 
&amp#27;[38;5;173m[Xcode]&amp#27;[0m     t =    70.91s     Find: Descendants matching type StaticText
&amp#27;[38;5;173m[Xcode]&amp#27;[0m 
&amp#27;[38;5;173m[Xcode]&amp#27;[0m     t =    70.91s     Find: Elements matching predicate 'BLOCKPREDICATE(0x6000020c8a50)'
&amp#27;[38;5;173m[Xcode]&amp#27;[0m 
&amp#27;[38;5;173m[Xcode]&amp#27;[0m     t =    70.92s Requesting snapshot of accessibility hierarchy for app with pid 21811
&amp#27;[38;5;173m[Xcode]&amp#27;[0m 
&amp#27;[38;5;173m[Xcode]&amp#27;[0m     t =    70.97s Find: Descendants matching type StaticText
&amp#27;[38;5;173m[Xcode]&amp#27;[0m 
&amp#27;[38;5;173m[Xcode]&amp#27;[0m     t =    70.97s Find: Elements matching predicate 'BLOCKPREDICATE(0x6000020c8a50)'
&amp#27;[38;5;173m[Xcode]&amp#27;[0m 
&amp#27;[38;5;173m[Xcode]&amp#27;[0m     t =    70.98s Find: Identity Binding
&amp#27;[38;5;173m[Xcode]&amp#27;[0m 
&amp#27;[38;5;200m[dbe4db21]&amp#27;[0m&amp#27;[38;5;-42m[XCUITestDriver@9d32 (dbe4db21)]&amp#27;[0m Got response with status 200: {"value":{"ELEMENT":"BC000000-0000-0000-3355-000000000000","element-6066-11e4-a52e-4f735466cecf":"BC000000-0000-0000-3355-000000000000"},"sessionId":"CE40ADAF-B139-4368-BB61-1EFAB337C153"}
&amp#27;[38;5;200m[dbe4db21]&amp#27;[0m&amp#27;[38;5;-42m[XCUITestDriver@9d32 (dbe4db21)]&amp#27;[0m Responding to client with driver.findElement() result: {"element-6066-11e4-a52e-4f735466cecf":"BC000000-0000-0000-3355-000000000000","ELEMENT":"BC000000-0000-0000-3355-000000000000"}
&amp#27;[38;5;200m[dbe4db21]&amp#27;[0m&amp#27;[38;5;86m[HTTP]&amp#27;[0m <-- POST /session/dbe4db21-e6a9-4d05-bdbb-cc788eb5635e/element 200 137 ms - 137 
&amp#27;[38;5;200m[dbe4db21]&amp#27;[0m&amp#27;[38;5;86m[HTTP]&amp#27;[0m &amp#27;[37m-->&amp#27;[39m &amp#27;[37mPOST&amp#27;[39m &amp#27;[37m/session/dbe4db21-e6a9-4d05-bdbb-cc788eb5635e/element/BC000000-0000-0000-3355-000000000000/click&amp#27;[39m {"id":"BC000000-0000-0000-3355-000000000000"}
&amp#27;[38;5;200m[dbe4db21]&amp#27;[0m&amp#27;[38;5;-42m[XCUITestDriver@9d32 (dbe4db21)]&amp#27;[0m Driver proxy active, passing request on via HTTP proxy
&amp#27;[38;5;200m[dbe4db21]&amp#27;[0m&amp#27;[38;5;-42m[XCUITestDriver@9d32 (dbe4db21)]&amp#27;[0m Executing command 'proxyReqRes'
&amp#27;[38;5;200m[dbe4db21]&amp#27;[0m&amp#27;[38;5;-42m[XCUITestDriver@9d32 (dbe4db21)]&amp#27;[0m Matched '/session/dbe4db21-e6a9-4d05-bdbb-cc788eb5635e/element/BC000000-0000-0000-3355-000000000000/click' to command name 'click'
&amp#27;[38;5;200m[dbe4db21]&amp#27;[0m&amp#27;[38;5;-42m[XCUITestDriver@9d32 (dbe4db21)]&amp#27;[0m Proxying [POST /session/dbe4db21-e6a9-4d05-bdbb-cc788eb5635e/element/BC000000-0000-0000-3355-000000000000/click] to [POST http://127.0.0.1:8100/session/CE40ADAF-B139-4368-BB61-1EFAB337C153/element/BC000000-0000-0000-3355-000000000000/click] with body: {"id":"BC000000-0000-0000-3355-000000000000"}
&amp#27;[38;5;173m[Xcode]&amp#27;[0m     t =    70.99s Requesting snapshot of accessibility hierarchy for app with pid 21811
&amp#27;[38;5;173m[Xcode]&amp#27;[0m 
&amp#27;[38;5;173m[Xcode]&amp#27;[0m     t =    71.04s Find: Descendants matching type StaticText
&amp#27;[38;5;173m[Xcode]&amp#27;[0m 
&amp#27;[38;5;173m[Xcode]&amp#27;[0m     t =    71.05s Find: Elements matching predicate 'BLOCKPREDICATE(0x6000020c8a50)'
&amp#27;[38;5;173m[Xcode]&amp#27;[0m 
&amp#27;[38;5;173m[Xcode]&amp#27;[0m     t =    71.05s Find: Identity Binding
&amp#27;[38;5;173m[Xcode]&amp#27;[0m 
&amp#27;[38;5;173m[Xcode]&amp#27;[0m     t =    71.05s Tap "Text Entry" StaticText
&amp#27;[38;5;173m[Xcode]&amp#27;[0m 
&amp#27;[38;5;173m[Xcode]&amp#27;[0m 2024-11-05 15:50:25.022034+0500 WebDriverAgentRunner-Runner[21804:212226] Waiting up to 10s until com.example.apple-samplecode.UICatalog is in idle state (including animations)
&amp#27;[38;5;173m[Xcode]&amp#27;[0m 
&amp#27;[38;5;173m[Xcode]&amp#27;[0m     t =    71.05s     Wait for com.example.apple-samplecode.UICatalog to idle
&amp#27;[38;5;173m[Xcode]&amp#27;[0m 
&amp#27;[38;5;173m[Xcode]&amp#27;[0m     t =    71.06s     Find the "Text Entry" StaticText
&amp#27;[38;5;173m[Xcode]&amp#27;[0m 
&amp#27;[38;5;173m[Xcode]&amp#27;[0m     t =    71.06s         Requesting snapshot of accessibility hierarchy for app with pid 21811
&amp#27;[38;5;173m[Xcode]&amp#27;[0m 
&amp#27;[38;5;173m[Xcode]&amp#27;[0m     t =    71.12s         Find: Descendants matching type StaticText
&amp#27;[38;5;173m[Xcode]&amp#27;[0m 
&amp#27;[38;5;173m[Xcode]&amp#27;[0m     t =    71.12s         Find: Elements matching predicate 'BLOCKPREDICATE(0x6000020c8a50)'
&amp#27;[38;5;173m[Xcode]&amp#27;[0m 
&amp#27;[38;5;173m[Xcode]&amp#27;[0m     t =    71.12s         Find: Identity Binding
&amp#27;[38;5;173m[Xcode]&amp#27;[0m 
&amp#27;[38;5;173m[Xcode]&amp#27;[0m     t =    71.13s Application is configured to skip UI interruption handling
&amp#27;[38;5;173m[Xcode]&amp#27;[0m 
&amp#27;[38;5;173m[Xcode]&amp#27;[0m     t =    71.13s     Synthesize event
&amp#27;[38;5;173m[Xcode]&amp#27;[0m 
&amp#27;[38;5;173m[Xcode]&amp#27;[0m 2024-11-05 15:50:25.391986+0500 WebDriverAgentRunner-Runner[21804:212226] Waiting up to 10s until com.example.apple-samplecode.UICatalog is in idle state (including animations)
&amp#27;[38;5;173m[Xcode]&amp#27;[0m 
&amp#27;[38;5;173m[Xcode]&amp#27;[0m     t =    71.42s     Wait for com.example.apple-samplecode.UICatalog to idle
&amp#27;[38;5;173m[Xcode]&amp#27;[0m 
&amp#27;[38;5;200m[dbe4db21]&amp#27;[0m&amp#27;[38;5;-42m[XCUITestDriver@9d32 (dbe4db21)]&amp#27;[0m Got response with status 200: {"value":null,"sessionId":"CE40ADAF-B139-4368-BB61-1EFAB337C153"}
&amp#27;[38;5;200m[dbe4db21]&amp#27;[0m&amp#27;[38;5;-42m[XCUITestDriver@9d32 (dbe4db21)]&amp#27;[0m Replacing sessionId CE40ADAF-B139-4368-BB61-1EFAB337C153 with dbe4db21-e6a9-4d05-bdbb-cc788eb5635e
&amp#27;[38;5;200m[dbe4db21]&amp#27;[0m&amp#27;[38;5;86m[HTTP]&amp#27;[0m <-- POST /session/dbe4db21-e6a9-4d05-bdbb-cc788eb5635e/element/BC000000-0000-0000-3355-000000000000/click 200 624 ms - 65 
&amp#27;[38;5;200m[dbe4db21]&amp#27;[0m&amp#27;[38;5;86m[HTTP]&amp#27;[0m &amp#27;[37m-->&amp#27;[39m &amp#27;[37mGET&amp#27;[39m &amp#27;[37m/session/dbe4db21-e6a9-4d05-bdbb-cc788eb5635e/context&amp#27;[39m {}
&amp#27;[38;5;200m[dbe4db21]&amp#27;[0m&amp#27;[38;5;-42m[XCUITestDriver@9d32 (dbe4db21)]&amp#27;[0m Calling AppiumDriver.getCurrentContext() with args: ["dbe4db21-e6a9-4d05-bdbb-cc788eb5635e"]
&amp#27;[38;5;200m[dbe4db21]&amp#27;[0m&amp#27;[38;5;-42m[XCUITestDriver@9d32 (dbe4db21)]&amp#27;[0m Executing command 'getCurrentContext'
&amp#27;[38;5;200m[dbe4db21]&amp#27;[0m&amp#27;[38;5;-42m[XCUITestDriver@9d32 (dbe4db21)]&amp#27;[0m Responding to client with driver.getCurrentContext() result: "NATIVE_APP"
&amp#27;[38;5;200m[dbe4db21]&amp#27;[0m&amp#27;[38;5;86m[HTTP]&amp#27;[0m <-- GET /session/dbe4db21-e6a9-4d05-bdbb-cc788eb5635e/context 200 1 ms - 22 
&amp#27;[38;5;200m[dbe4db21]&amp#27;[0m&amp#27;[38;5;86m[HTTP]&amp#27;[0m &amp#27;[37m-->&amp#27;[39m &amp#27;[37mPOST&amp#27;[39m &amp#27;[37m/session/dbe4db21-e6a9-4d05-bdbb-cc788eb5635e/element&amp#27;[39m {"value":"**/XCUIElementTypeTextField","using":"-ios class chain"}
&amp#27;[38;5;200m[dbe4db21]&amp#27;[0m&amp#27;[38;5;-42m[XCUITestDriver@9d32 (dbe4db21)]&amp#27;[0m Calling AppiumDriver.findElement() with args: ["-ios class chain","**/XCUIElementTypeTextField","dbe4db21-e6a9-4d05-bdbb-cc788eb5635e"]
&amp#27;[38;5;200m[dbe4db21]&amp#27;[0m&amp#27;[38;5;-42m[XCUITestDriver@9d32 (dbe4db21)]&amp#27;[0m Executing command 'findElement'
&amp#27;[38;5;200m[dbe4db21]&amp#27;[0m&amp#27;[38;5;-42m[XCUITestDriver@9d32 (dbe4db21)]&amp#27;[0m Valid locator strategies for this request: xpath, id, name, class name, -ios predicate string, -ios class chain, accessibility id, css selector
&amp#27;[38;5;200m[dbe4db21]&amp#27;[0m&amp#27;[38;5;-42m[XCUITestDriver@9d32 (dbe4db21)]&amp#27;[0m Waiting up to 10000 ms for condition
&amp#27;[38;5;200m[dbe4db21]&amp#27;[0m&amp#27;[38;5;-42m[XCUITestDriver@9d32 (dbe4db21)]&amp#27;[0m Matched '/element' to command name 'findElement'
&amp#27;[38;5;200m[dbe4db21]&amp#27;[0m&amp#27;[38;5;-42m[XCUITestDriver@9d32 (dbe4db21)]&amp#27;[0m Proxying [POST /element] to [POST http://127.0.0.1:8100/session/CE40ADAF-B139-4368-BB61-1EFAB337C153/element] with body: {"using":"class chain","value":"**/XCUIElementTypeTextField"}
&amp#27;[38;5;173m[Xcode]&amp#27;[0m 2024-11-05 15:50:25.608539+0500 WebDriverAgentRunner-Runner[21804:212226] Getting the most recent active application (out of 1 total items)
&amp#27;[38;5;173m[Xcode]&amp#27;[0m 
&amp#27;[38;5;173m[Xcode]&amp#27;[0m     t =    71.64s Get all elements bound by accessibility element for: Descendants matching type TextField
&amp#27;[38;5;173m[Xcode]&amp#27;[0m 
&amp#27;[38;5;173m[Xcode]&amp#27;[0m     t =    71.64s     Requesting snapshot of accessibility hierarchy for app with pid 21811
&amp#27;[38;5;173m[Xcode]&amp#27;[0m 
&amp#27;[38;5;173m[Xcode]&amp#27;[0m     t =    71.83s     Find: Descendants matching type TextField
&amp#27;[38;5;173m[Xcode]&amp#27;[0m 
&amp#27;[38;5;173m[Xcode]&amp#27;[0m     t =    71.84s Requesting snapshot of accessibility hierarchy for app with pid 21811
&amp#27;[38;5;173m[Xcode]&amp#27;[0m 
&amp#27;[38;5;173m[Xcode]&amp#27;[0m     t =    71.91s Find: Descendants matching type TextField
&amp#27;[38;5;173m[Xcode]&amp#27;[0m 
&amp#27;[38;5;173m[Xcode]&amp#27;[0m     t =    71.91s Find: Identity Binding
&amp#27;[38;5;173m[Xcode]&amp#27;[0m 
&amp#27;[38;5;200m[dbe4db21]&amp#27;[0m&amp#27;[38;5;-42m[XCUITestDriver@9d32 (dbe4db21)]&amp#27;[0m Got response with status 200: {"value":{"ELEMENT":"37010000-0000-0000-3355-000000000000","element-6066-11e4-a52e-4f735466cecf":"37010000-0000-0000-3355-000000000000"},"sessionId":"CE40ADAF-B139-4368-BB61-1EFAB337C153"}
&amp#27;[38;5;200m[dbe4db21]&amp#27;[0m&amp#27;[38;5;-42m[XCUITestDriver@9d32 (dbe4db21)]&amp#27;[0m Responding to client with driver.findElement() result: {"element-6066-11e4-a52e-4f735466cecf":"37010000-0000-0000-3355-000000000000","ELEMENT":"37010000-0000-0000-3355-000000000000"}
&amp#27;[38;5;200m[dbe4db21]&amp#27;[0m&amp#27;[38;5;86m[HTTP]&amp#27;[0m <-- POST /session/dbe4db21-e6a9-4d05-bdbb-cc788eb5635e/element 200 289 ms - 137 
&amp#27;[38;5;200m[dbe4db21]&amp#27;[0m&amp#27;[38;5;86m[HTTP]&amp#27;[0m &amp#27;[37m-->&amp#27;[39m &amp#27;[37mPOST&amp#27;[39m &amp#27;[37m/session/dbe4db21-e6a9-4d05-bdbb-cc788eb5635e/element/37010000-0000-0000-3355-000000000000/value&amp#27;[39m {"text":"Hello","value":["H","e","l","l","o"],"id":"37010000-0000-0000-3355-000000000000"}
&amp#27;[38;5;200m[dbe4db21]&amp#27;[0m&amp#27;[38;5;-42m[XCUITestDriver@9d32 (dbe4db21)]&amp#27;[0m Calling AppiumDriver.setValue() with args: [["H","e","l","l","o"],"37010000-0000-0000-3355-000000000000","dbe4db21-e6a9-4d05-bdbb-cc788eb5635e"]
&amp#27;[38;5;200m[dbe4db21]&amp#27;[0m&amp#27;[38;5;-42m[XCUITestDriver@9d32 (dbe4db21)]&amp#27;[0m Executing command 'setValue'
&amp#27;[38;5;200m[dbe4db21]&amp#27;[0m&amp#27;[38;5;-42m[XCUITestDriver@9d32 (dbe4db21)]&amp#27;[0m Matched '/element/37010000-0000-0000-3355-000000000000/value' to command name 'setValue'
&amp#27;[38;5;200m[dbe4db21]&amp#27;[0m&amp#27;[38;5;-42m[XCUITestDriver@9d32 (dbe4db21)]&amp#27;[0m Added 'text' property "Hello" to 'setValue' request body
&amp#27;[38;5;200m[dbe4db21]&amp#27;[0m&amp#27;[38;5;-42m[XCUITestDriver@9d32 (dbe4db21)]&amp#27;[0m Proxying [POST /element/37010000-0000-0000-3355-000000000000/value] to [POST http://127.0.0.1:8100/session/CE40ADAF-B139-4368-BB61-1EFAB337C153/element/37010000-0000-0000-3355-000000000000/value] with body: {"value":["H","e","l","l","o"],"text":"Hello"}
&amp#27;[38;5;173m[Xcode]&amp#27;[0m     t =    71.93s Requesting snapshot of accessibility hierarchy for app with pid 21811
&amp#27;[38;5;173m[Xcode]&amp#27;[0m 
&amp#27;[38;5;173m[Xcode]&amp#27;[0m     t =    72.00s Find: Descendants matching type TextField
&amp#27;[38;5;173m[Xcode]&amp#27;[0m 
&amp#27;[38;5;173m[Xcode]&amp#27;[0m     t =    72.00s Find: Identity Binding
&amp#27;[38;5;173m[Xcode]&amp#27;[0m 
&amp#27;[38;5;200m[dbe4db21]&amp#27;[0m&amp#27;[38;5;-42m[XCUITestDriver@9d32 (dbe4db21)]&amp#27;[0m Got response with status 200: {"value":null,"sessionId":"CE40ADAF-B139-4368-BB61-1EFAB337C153"}
&amp#27;[38;5;200m[dbe4db21]&amp#27;[0m&amp#27;[38;5;-42m[XCUITestDriver@9d32 (dbe4db21)]&amp#27;[0m Responding to client with driver.setValue() result: null
&amp#27;[38;5;200m[dbe4db21]&amp#27;[0m&amp#27;[38;5;86m[HTTP]&amp#27;[0m <-- POST /session/dbe4db21-e6a9-4d05-bdbb-cc788eb5635e/element/37010000-0000-0000-3355-000000000000/value 200 396 ms - 14 
&amp#27;[38;5;200m[dbe4db21]&amp#27;[0m&amp#27;[38;5;86m[HTTP]&amp#27;[0m &amp#27;[37m-->&amp#27;[39m &amp#27;[37mGET&amp#27;[39m &amp#27;[37m/session/dbe4db21-e6a9-4d05-bdbb-cc788eb5635e/context&amp#27;[39m {}
&amp#27;[38;5;200m[dbe4db21]&amp#27;[0m&amp#27;[38;5;-42m[XCUITestDriver@9d32 (dbe4db21)]&amp#27;[0m Calling AppiumDriver.getCurrentContext() with args: ["dbe4db21-e6a9-4d05-bdbb-cc788eb5635e"]
&amp#27;[38;5;200m[dbe4db21]&amp#27;[0m&amp#27;[38;5;-42m[XCUITestDriver@9d32 (dbe4db21)]&amp#27;[0m Executing command 'getCurrentContext'
&amp#27;[38;5;200m[dbe4db21]&amp#27;[0m&amp#27;[38;5;-42m[XCUITestDriver@9d32 (dbe4db21)]&amp#27;[0m Responding to client with driver.getCurrentContext() result: "NATIVE_APP"
&amp#27;[38;5;200m[dbe4db21]&amp#27;[0m&amp#27;[38;5;86m[HTTP]&amp#27;[0m <-- GET /session/dbe4db21-e6a9-4d05-bdbb-cc788eb5635e/context 200 1 ms - 22 
&amp#27;[38;5;200m[dbe4db21]&amp#27;[0m&amp#27;[38;5;86m[HTTP]&amp#27;[0m &amp#27;[37m-->&amp#27;[39m &amp#27;[37mPOST&amp#27;[39m &amp#27;[37m/session/dbe4db21-e6a9-4d05-bdbb-cc788eb5635e/element&amp#27;[39m {"value":"**/XCUIElementTypeButton[`label == \"OK\"`]","using":"-ios class chain"}
&amp#27;[38;5;200m[dbe4db21]&amp#27;[0m&amp#27;[38;5;-42m[XCUITestDriver@9d32 (dbe4db21)]&amp#27;[0m Calling AppiumDriver.findElement() with args: ["-ios class chain","**/XCUIElementTypeButton[`label == \"OK\"`]","dbe4db21-e6a9-4d05-bdbb-cc788eb5635e"]
&amp#27;[38;5;200m[dbe4db21]&amp#27;[0m&amp#27;[38;5;-42m[XCUITestDriver@9d32 (dbe4db21)]&amp#27;[0m Executing command 'findElement'
&amp#27;[38;5;200m[dbe4db21]&amp#27;[0m&amp#27;[38;5;-42m[XCUITestDriver@9d32 (dbe4db21)]&amp#27;[0m Valid locator strategies for this request: xpath, id, name, class name, -ios predicate string, -ios class chain, accessibility id, css selector
&amp#27;[38;5;200m[dbe4db21]&amp#27;[0m&amp#27;[38;5;-42m[XCUITestDriver@9d32 (dbe4db21)]&amp#27;[0m Waiting up to 10000 ms for condition
&amp#27;[38;5;200m[dbe4db21]&amp#27;[0m&amp#27;[38;5;-42m[XCUITestDriver@9d32 (dbe4db21)]&amp#27;[0m Matched '/element' to command name 'findElement'
&amp#27;[38;5;200m[dbe4db21]&amp#27;[0m&amp#27;[38;5;-42m[XCUITestDriver@9d32 (dbe4db21)]&amp#27;[0m Proxying [POST /element] to [POST http://127.0.0.1:8100/session/CE40ADAF-B139-4368-BB61-1EFAB337C153/element] with body: {"using":"class chain","value":"**/XCUIElementTypeButton[`label == \"OK\"`]"}
&amp#27;[38;5;173m[Xcode]&amp#27;[0m 2024-11-05 15:50:26.305530+0500 WebDriverAgentRunner-Runner[21804:212226] Getting the most recent active application (out of 1 total items)
&amp#27;[38;5;173m[Xcode]&amp#27;[0m 
&amp#27;[38;5;173m[Xcode]&amp#27;[0m     t =    72.34s Get all elements bound by accessibility element for: Elements matching predicate 'BLOCKPREDICATE(0x6000021c3150)'
&amp#27;[38;5;173m[Xcode]&amp#27;[0m 
&amp#27;[38;5;173m[Xcode]&amp#27;[0m     t =    72.34s     Requesting snapshot of accessibility hierarchy for app with pid 21811
&amp#27;[38;5;173m[Xcode]&amp#27;[0m 
&amp#27;[38;5;173m[Xcode]&amp#27;[0m     t =    72.50s     Find: Descendants matching type Button
&amp#27;[38;5;173m[Xcode]&amp#27;[0m 
&amp#27;[38;5;173m[Xcode]&amp#27;[0m     t =    72.50s     Find: Elements matching predicate 'BLOCKPREDICATE(0x6000021c3150)'
&amp#27;[38;5;173m[Xcode]&amp#27;[0m 
&amp#27;[38;5;173m[Xcode]&amp#27;[0m     t =    72.51s Requesting snapshot of accessibility hierarchy for app with pid 21811
&amp#27;[38;5;173m[Xcode]&amp#27;[0m 
&amp#27;[38;5;173m[Xcode]&amp#27;[0m     t =    72.64s Find: Descendants matching type Button
&amp#27;[38;5;173m[Xcode]&amp#27;[0m 
&amp#27;[38;5;173m[Xcode]&amp#27;[0m     t =    72.65s Find: Elements matching predicate 'BLOCKPREDICATE(0x6000021c3150)'
&amp#27;[38;5;173m[Xcode]&amp#27;[0m 
&amp#27;[38;5;173m[Xcode]&amp#27;[0m     t =    72.65s Find: Identity Binding
&amp#27;[38;5;173m[Xcode]&amp#27;[0m 
&amp#27;[38;5;200m[dbe4db21]&amp#27;[0m&amp#27;[38;5;-42m[XCUITestDriver@9d32 (dbe4db21)]&amp#27;[0m Got response with status 200: {"value":{"ELEMENT":"2C010000-0000-0000-3355-000000000000","element-6066-11e4-a52e-4f735466cecf":"2C010000-0000-0000-3355-000000000000"},"sessionId":"CE40ADAF-B139-4368-BB61-1EFAB337C153"}
&amp#27;[38;5;200m[dbe4db21]&amp#27;[0m&amp#27;[38;5;-42m[XCUITestDriver@9d32 (dbe4db21)]&amp#27;[0m Responding to client with driver.findElement() result: {"element-6066-11e4-a52e-4f735466cecf":"2C010000-0000-0000-3355-000000000000","ELEMENT":"2C010000-0000-0000-3355-000000000000"}
&amp#27;[38;5;200m[dbe4db21]&amp#27;[0m&amp#27;[38;5;86m[HTTP]&amp#27;[0m <-- POST /session/dbe4db21-e6a9-4d05-bdbb-cc788eb5635e/element 200 324 ms - 137 
&amp#27;[38;5;200m[dbe4db21]&amp#27;[0m&amp#27;[38;5;86m[HTTP]&amp#27;[0m &amp#27;[37m-->&amp#27;[39m &amp#27;[37mPOST&amp#27;[39m &amp#27;[37m/session/dbe4db21-e6a9-4d05-bdbb-cc788eb5635e/element/2C010000-0000-0000-3355-000000000000/click&amp#27;[39m {"id":"2C010000-0000-0000-3355-000000000000"}
&amp#27;[38;5;200m[dbe4db21]&amp#27;[0m&amp#27;[38;5;-42m[XCUITestDriver@9d32 (dbe4db21)]&amp#27;[0m Driver proxy active, passing request on via HTTP proxy
&amp#27;[38;5;200m[dbe4db21]&amp#27;[0m&amp#27;[38;5;-42m[XCUITestDriver@9d32 (dbe4db21)]&amp#27;[0m Executing command 'proxyReqRes'
&amp#27;[38;5;200m[dbe4db21]&amp#27;[0m&amp#27;[38;5;-42m[XCUITestDriver@9d32 (dbe4db21)]&amp#27;[0m Matched '/session/dbe4db21-e6a9-4d05-bdbb-cc788eb5635e/element/2C010000-0000-0000-3355-000000000000/click' to command name 'click'
&amp#27;[38;5;200m[dbe4db21]&amp#27;[0m&amp#27;[38;5;-42m[XCUITestDriver@9d32 (dbe4db21)]&amp#27;[0m Proxying [POST /session/dbe4db21-e6a9-4d05-bdbb-cc788eb5635e/element/2C010000-0000-0000-3355-000000000000/click] to [POST http://127.0.0.1:8100/session/CE40ADAF-B139-4368-BB61-1EFAB337C153/element/2C010000-0000-0000-3355-000000000000/click] with body: {"id":"2C010000-0000-0000-3355-000000000000"}
&amp#27;[38;5;173m[Xcode]&amp#27;[0m     t =    72.66s Requesting snapshot of accessibility hierarchy for app with pid 21811
&amp#27;[38;5;173m[Xcode]&amp#27;[0m 
&amp#27;[38;5;173m[Xcode]&amp#27;[0m     t =    72.79s Find: Descendants matching type Button
&amp#27;[38;5;173m[Xcode]&amp#27;[0m 
&amp#27;[38;5;173m[Xcode]&amp#27;[0m     t =    72.79s Find: Elements matching predicate 'BLOCKPREDICATE(0x6000021c3150)'
&amp#27;[38;5;173m[Xcode]&amp#27;[0m 
&amp#27;[38;5;173m[Xcode]&amp#27;[0m     t =    72.80s Find: Identity Binding
&amp#27;[38;5;173m[Xcode]&amp#27;[0m 
&amp#27;[38;5;173m[Xcode]&amp#27;[0m     t =    72.80s Tap "OK" Button
&amp#27;[38;5;173m[Xcode]&amp#27;[0m 
&amp#27;[38;5;173m[Xcode]&amp#27;[0m 2024-11-05 15:50:26.773843+0500 WebDriverAgentRunner-Runner[21804:212226] Waiting up to 10s until com.example.apple-samplecode.UICatalog is in idle state (including animations)
&amp#27;[38;5;173m[Xcode]&amp#27;[0m 
&amp#27;[38;5;173m[Xcode]&amp#27;[0m     t =    72.80s     Wait for com.example.apple-samplecode.UICatalog to idle
&amp#27;[38;5;173m[Xcode]&amp#27;[0m 
&amp#27;[38;5;173m[Xcode]&amp#27;[0m     t =    72.81s     Find the "OK" Button
&amp#27;[38;5;173m[Xcode]&amp#27;[0m 
&amp#27;[38;5;173m[Xcode]&amp#27;[0m     t =    72.81s         Requesting snapshot of accessibility hierarchy for app with pid 21811
&amp#27;[38;5;173m[Xcode]&amp#27;[0m 
&amp#27;[38;5;173m[Xcode]&amp#27;[0m     t =    72.94s         Find: Descendants matching type Button
&amp#27;[38;5;173m[Xcode]&amp#27;[0m 
&amp#27;[38;5;173m[Xcode]&amp#27;[0m     t =    72.95s         Find: Elements matching predicate 'BLOCKPREDICATE(0x6000021c3150)'
&amp#27;[38;5;173m[Xcode]&amp#27;[0m 
&amp#27;[38;5;173m[Xcode]&amp#27;[0m     t =    72.95s         Find: Identity Binding
&amp#27;[38;5;173m[Xcode]&amp#27;[0m 
&amp#27;[38;5;173m[Xcode]&amp#27;[0m     t =    72.95s Application is configured to skip UI interruption handling
&amp#27;[38;5;173m[Xcode]&amp#27;[0m 
&amp#27;[38;5;173m[Xcode]&amp#27;[0m     t =    72.95s     Synthesize event
&amp#27;[38;5;173m[Xcode]&amp#27;[0m 
&amp#27;[38;5;173m[Xcode]&amp#27;[0m 2024-11-05 15:50:27.216588+0500 WebDriverAgentRunner-Runner[21804:212226] Waiting up to 10s until com.example.apple-samplecode.UICatalog is in idle state (including animations)
&amp#27;[38;5;173m[Xcode]&amp#27;[0m 
&amp#27;[38;5;173m[Xcode]&amp#27;[0m     t =    73.25s     Wait for com.example.apple-samplecode.UICatalog to idle
&amp#27;[38;5;173m[Xcode]&amp#27;[0m 
&amp#27;[38;5;200m[dbe4db21]&amp#27;[0m&amp#27;[38;5;-42m[XCUITestDriver@9d32 (dbe4db21)]&amp#27;[0m Got response with status 200: {"value":null,"sessionId":"CE40ADAF-B139-4368-BB61-1EFAB337C153"}
&amp#27;[38;5;200m[dbe4db21]&amp#27;[0m&amp#27;[38;5;-42m[XCUITestDriver@9d32 (dbe4db21)]&amp#27;[0m Replacing sessionId CE40ADAF-B139-4368-BB61-1EFAB337C153 with dbe4db21-e6a9-4d05-bdbb-cc788eb5635e
&amp#27;[38;5;200m[dbe4db21]&amp#27;[0m&amp#27;[38;5;86m[HTTP]&amp#27;[0m <-- POST /session/dbe4db21-e6a9-4d05-bdbb-cc788eb5635e/element/2C010000-0000-0000-3355-000000000000/click 200 927 ms - 65 
&amp#27;[38;5;200m[dbe4db21]&amp#27;[0m&amp#27;[38;5;86m[HTTP]&amp#27;[0m &amp#27;[37m-->&amp#27;[39m &amp#27;[37mGET&amp#27;[39m &amp#27;[37m/session/dbe4db21-e6a9-4d05-bdbb-cc788eb5635e/context&amp#27;[39m {}
&amp#27;[38;5;200m[dbe4db21]&amp#27;[0m&amp#27;[38;5;-42m[XCUITestDriver@9d32 (dbe4db21)]&amp#27;[0m Calling AppiumDriver.getCurrentContext() with args: ["dbe4db21-e6a9-4d05-bdbb-cc788eb5635e"]
&amp#27;[38;5;200m[dbe4db21]&amp#27;[0m&amp#27;[38;5;-42m[XCUITestDriver@9d32 (dbe4db21)]&amp#27;[0m Executing command 'getCurrentContext'
&amp#27;[38;5;200m[dbe4db21]&amp#27;[0m&amp#27;[38;5;-42m[XCUITestDriver@9d32 (dbe4db21)]&amp#27;[0m Responding to client with driver.getCurrentContext() result: "NATIVE_APP"
&amp#27;[38;5;200m[dbe4db21]&amp#27;[0m&amp#27;[38;5;86m[HTTP]&amp#27;[0m <-- GET /session/dbe4db21-e6a9-4d05-bdbb-cc788eb5635e/context 200 1 ms - 22 
&amp#27;[38;5;200m[dbe4db21]&amp#27;[0m&amp#27;[38;5;86m[HTTP]&amp#27;[0m &amp#27;[37m-->&amp#27;[39m &amp#27;[37mPOST&amp#27;[39m &amp#27;[37m/session/dbe4db21-e6a9-4d05-bdbb-cc788eb5635e/element&amp#27;[39m {"value":"label == \"Confirm / Cancel\"","using":"-ios predicate string"}
&amp#27;[38;5;200m[dbe4db21]&amp#27;[0m&amp#27;[38;5;-42m[XCUITestDriver@9d32 (dbe4db21)]&amp#27;[0m Calling AppiumDriver.findElement() with args: ["-ios predicate string","label == \"Confirm / Cancel\"","dbe4db21-e6a9-4d05-bdbb-cc788eb5635e"]
&amp#27;[38;5;200m[dbe4db21]&amp#27;[0m&amp#27;[38;5;-42m[XCUITestDriver@9d32 (dbe4db21)]&amp#27;[0m Executing command 'findElement'
&amp#27;[38;5;200m[dbe4db21]&amp#27;[0m&amp#27;[38;5;-42m[XCUITestDriver@9d32 (dbe4db21)]&amp#27;[0m Valid locator strategies for this request: xpath, id, name, class name, -ios predicate string, -ios class chain, accessibility id, css selector
&amp#27;[38;5;200m[dbe4db21]&amp#27;[0m&amp#27;[38;5;-42m[XCUITestDriver@9d32 (dbe4db21)]&amp#27;[0m Waiting up to 10000 ms for condition
&amp#27;[38;5;200m[dbe4db21]&amp#27;[0m&amp#27;[38;5;-42m[XCUITestDriver@9d32 (dbe4db21)]&amp#27;[0m Matched '/element' to command name 'findElement'
&amp#27;[38;5;200m[dbe4db21]&amp#27;[0m&amp#27;[38;5;-42m[XCUITestDriver@9d32 (dbe4db21)]&amp#27;[0m Proxying [POST /element] to [POST http://127.0.0.1:8100/session/CE40ADAF-B139-4368-BB61-1EFAB337C153/element] with body: {"using":"predicate string","value":"label == \"Confirm / Cancel\""}
&amp#27;[38;5;173m[Xcode]&amp#27;[0m 2024-11-05 15:50:27.573745+0500 WebDriverAgentRunner-Runner[21804:212226] Getting the most recent active application (out of 1 total items)
&amp#27;[38;5;173m[Xcode]&amp#27;[0m 
&amp#27;[38;5;173m[Xcode]&amp#27;[0m     t =    73.61s Get all elements bound by accessibility element for: Elements matching predicate 'BLOCKPREDICATE(0x600002142f70)'
&amp#27;[38;5;173m[Xcode]&amp#27;[0m 
&amp#27;[38;5;173m[Xcode]&amp#27;[0m     t =    73.61s     Requesting snapshot of accessibility hierarchy for app with pid 21811
&amp#27;[38;5;173m[Xcode]&amp#27;[0m 
&amp#27;[38;5;173m[Xcode]&amp#27;[0m     t =    73.68s     Find: Descendants matching type Any
&amp#27;[38;5;173m[Xcode]&amp#27;[0m 
&amp#27;[38;5;173m[Xcode]&amp#27;[0m     t =    73.68s     Find: Elements matching predicate 'BLOCKPREDICATE(0x600002142f70)'
&amp#27;[38;5;173m[Xcode]&amp#27;[0m 
&amp#27;[38;5;173m[Xcode]&amp#27;[0m     t =    73.69s Requesting snapshot of accessibility hierarchy for app with pid 21811
&amp#27;[38;5;173m[Xcode]&amp#27;[0m 
&amp#27;[38;5;173m[Xcode]&amp#27;[0m     t =    73.76s Find: Descendants matching type Any
&amp#27;[38;5;173m[Xcode]&amp#27;[0m 
&amp#27;[38;5;173m[Xcode]&amp#27;[0m     t =    73.76s Find: Elements matching predicate 'BLOCKPREDICATE(0x600002142f70)'
&amp#27;[38;5;173m[Xcode]&amp#27;[0m 
&amp#27;[38;5;173m[Xcode]&amp#27;[0m     t =    73.76s Find: Identity Binding
&amp#27;[38;5;173m[Xcode]&amp#27;[0m 
&amp#27;[38;5;200m[dbe4db21]&amp#27;[0m&amp#27;[38;5;-42m[XCUITestDriver@9d32 (dbe4db21)]&amp#27;[0m Got response with status 200: {"value":{"ELEMENT":"C6000000-0000-0000-3355-000000000000","element-6066-11e4-a52e-4f735466cecf":"C6000000-0000-0000-3355-000000000000"},"sessionId":"CE40ADAF-B139-4368-BB61-1EFAB337C153"}
&amp#27;[38;5;200m[dbe4db21]&amp#27;[0m&amp#27;[38;5;-42m[XCUITestDriver@9d32 (dbe4db21)]&amp#27;[0m Responding to client with driver.findElement() result: {"element-6066-11e4-a52e-4f735466cecf":"C6000000-0000-0000-3355-000000000000","ELEMENT":"C6000000-0000-0000-3355-000000000000"}
&amp#27;[38;5;200m[dbe4db21]&amp#27;[0m&amp#27;[38;5;86m[HTTP]&amp#27;[0m <-- POST /session/dbe4db21-e6a9-4d05-bdbb-cc788eb5635e/element 200 177 ms - 137 
&amp#27;[38;5;200m[dbe4db21]&amp#27;[0m&amp#27;[38;5;86m[HTTP]&amp#27;[0m &amp#27;[37m-->&amp#27;[39m &amp#27;[37mPOST&amp#27;[39m &amp#27;[37m/session/dbe4db21-e6a9-4d05-bdbb-cc788eb5635e/element/C6000000-0000-0000-3355-000000000000/click&amp#27;[39m {"id":"C6000000-0000-0000-3355-000000000000"}
&amp#27;[38;5;200m[dbe4db21]&amp#27;[0m&amp#27;[38;5;-42m[XCUITestDriver@9d32 (dbe4db21)]&amp#27;[0m Driver proxy active, passing request on via HTTP proxy
&amp#27;[38;5;200m[dbe4db21]&amp#27;[0m&amp#27;[38;5;-42m[XCUITestDriver@9d32 (dbe4db21)]&amp#27;[0m Executing command 'proxyReqRes'
&amp#27;[38;5;200m[dbe4db21]&amp#27;[0m&amp#27;[38;5;-42m[XCUITestDriver@9d32 (dbe4db21)]&amp#27;[0m Matched '/session/dbe4db21-e6a9-4d05-bdbb-cc788eb5635e/element/C6000000-0000-0000-3355-000000000000/click' to command name 'click'
&amp#27;[38;5;200m[dbe4db21]&amp#27;[0m&amp#27;[38;5;-42m[XCUITestDriver@9d32 (dbe4db21)]&amp#27;[0m Proxying [POST /session/dbe4db21-e6a9-4d05-bdbb-cc788eb5635e/element/C6000000-0000-0000-3355-000000000000/click] to [POST http://127.0.0.1:8100/session/CE40ADAF-B139-4368-BB61-1EFAB337C153/element/C6000000-0000-0000-3355-000000000000/click] with body: {"id":"C6000000-0000-0000-3355-000000000000"}
&amp#27;[38;5;173m[Xcode]&amp#27;[0m     t =    73.78s Requesting snapshot of accessibility hierarchy for app with pid 21811
&amp#27;[38;5;173m[Xcode]&amp#27;[0m 
&amp#27;[38;5;173m[Xcode]&amp#27;[0m     t =    73.84s Find: Descendants matching type Any
&amp#27;[38;5;173m[Xcode]&amp#27;[0m 
&amp#27;[38;5;173m[Xcode]&amp#27;[0m     t =    73.85s Find: Elements matching predicate 'BLOCKPREDICATE(0x600002142f70)'
&amp#27;[38;5;173m[Xcode]&amp#27;[0m 
&amp#27;[38;5;173m[Xcode]&amp#27;[0m     t =    73.85s Find: Identity Binding
&amp#27;[38;5;173m[Xcode]&amp#27;[0m 
&amp#27;[38;5;173m[Xcode]&amp#27;[0m     t =    73.85s Tap "Confirm / Cancel" StaticText
&amp#27;[38;5;173m[Xcode]&amp#27;[0m 
&amp#27;[38;5;173m[Xcode]&amp#27;[0m 2024-11-05 15:50:27.824106+0500 WebDriverAgentRunner-Runner[21804:212226] Waiting up to 10s until com.example.apple-samplecode.UICatalog is in idle state (including animations)
&amp#27;[38;5;173m[Xcode]&amp#27;[0m 
&amp#27;[38;5;173m[Xcode]&amp#27;[0m     t =    73.86s     Wait for com.example.apple-samplecode.UICatalog to idle
&amp#27;[38;5;173m[Xcode]&amp#27;[0m 
&amp#27;[38;5;173m[Xcode]&amp#27;[0m     t =    73.86s     Find the "Confirm / Cancel" StaticText
&amp#27;[38;5;173m[Xcode]&amp#27;[0m 
&amp#27;[38;5;173m[Xcode]&amp#27;[0m     t =    73.86s         Requesting snapshot of accessibility hierarchy for app with pid 21811
&amp#27;[38;5;173m[Xcode]&amp#27;[0m 
&amp#27;[38;5;173m[Xcode]&amp#27;[0m     t =    73.93s         Find: Descendants matching type Any
&amp#27;[38;5;173m[Xcode]&amp#27;[0m 
&amp#27;[38;5;173m[Xcode]&amp#27;[0m     t =    73.94s         Find: Elements matching predicate 'BLOCKPREDICATE(0x600002142f70)'
&amp#27;[38;5;173m[Xcode]&amp#27;[0m 
&amp#27;[38;5;173m[Xcode]&amp#27;[0m     t =    73.94s         Find: Identity Binding
&amp#27;[38;5;173m[Xcode]&amp#27;[0m 
&amp#27;[38;5;173m[Xcode]&amp#27;[0m     t =    73.94s Application is configured to skip UI interruption handling
&amp#27;[38;5;173m[Xcode]&amp#27;[0m 
&amp#27;[38;5;173m[Xcode]&amp#27;[0m     t =    73.95s     Synthesize event
&amp#27;[38;5;173m[Xcode]&amp#27;[0m 
&amp#27;[38;5;173m[Xcode]&amp#27;[0m 2024-11-05 15:50:28.206957+0500 WebDriverAgentRunner-Runner[21804:212226] Waiting up to 10s until com.example.apple-samplecode.UICatalog is in idle state (including animations)
&amp#27;[38;5;173m[Xcode]&amp#27;[0m 
&amp#27;[38;5;173m[Xcode]&amp#27;[0m     t =    74.24s     Wait for com.example.apple-samplecode.UICatalog to idle
&amp#27;[38;5;173m[Xcode]&amp#27;[0m 
&amp#27;[38;5;200m[dbe4db21]&amp#27;[0m&amp#27;[38;5;-42m[XCUITestDriver@9d32 (dbe4db21)]&amp#27;[0m Got response with status 200: {"value":null,"sessionId":"CE40ADAF-B139-4368-BB61-1EFAB337C153"}
&amp#27;[38;5;200m[dbe4db21]&amp#27;[0m&amp#27;[38;5;-42m[XCUITestDriver@9d32 (dbe4db21)]&amp#27;[0m Replacing sessionId CE40ADAF-B139-4368-BB61-1EFAB337C153 with dbe4db21-e6a9-4d05-bdbb-cc788eb5635e
&amp#27;[38;5;200m[dbe4db21]&amp#27;[0m&amp#27;[38;5;86m[HTTP]&amp#27;[0m <-- POST /session/dbe4db21-e6a9-4d05-bdbb-cc788eb5635e/element/C6000000-0000-0000-3355-000000000000/click 200 783 ms - 65 
&amp#27;[38;5;200m[dbe4db21]&amp#27;[0m&amp#27;[38;5;86m[HTTP]&amp#27;[0m &amp#27;[37m-->&amp#27;[39m &amp#27;[37mGET&amp#27;[39m &amp#27;[37m/session/dbe4db21-e6a9-4d05-bdbb-cc788eb5635e/context&amp#27;[39m {}
&amp#27;[38;5;200m[dbe4db21]&amp#27;[0m&amp#27;[38;5;-42m[XCUITestDriver@9d32 (dbe4db21)]&amp#27;[0m Calling AppiumDriver.getCurrentContext() with args: ["dbe4db21-e6a9-4d05-bdbb-cc788eb5635e"]
&amp#27;[38;5;200m[dbe4db21]&amp#27;[0m&amp#27;[38;5;-42m[XCUITestDriver@9d32 (dbe4db21)]&amp#27;[0m Executing command 'getCurrentContext'
&amp#27;[38;5;200m[dbe4db21]&amp#27;[0m&amp#27;[38;5;-42m[XCUITestDriver@9d32 (dbe4db21)]&amp#27;[0m Responding to client with driver.getCurrentContext() result: "NATIVE_APP"
&amp#27;[38;5;200m[dbe4db21]&amp#27;[0m&amp#27;[38;5;86m[HTTP]&amp#27;[0m <-- GET /session/dbe4db21-e6a9-4d05-bdbb-cc788eb5635e/context 200 1 ms - 22 
&amp#27;[38;5;200m[dbe4db21]&amp#27;[0m&amp#27;[38;5;86m[HTTP]&amp#27;[0m &amp#27;[37m-->&amp#27;[39m &amp#27;[37mPOST&amp#27;[39m &amp#27;[37m/session/dbe4db21-e6a9-4d05-bdbb-cc788eb5635e/element&amp#27;[39m {"value":"type == 'XCUIElementTypeStaticText' AND value BEGINSWITH[c] 'A message'","using":"-ios predicate string"}
&amp#27;[38;5;200m[dbe4db21]&amp#27;[0m&amp#27;[38;5;-42m[XCUITestDriver@9d32 (dbe4db21)]&amp#27;[0m Calling AppiumDriver.findElement() with args: ["-ios predicate string","type == 'XCUIElementTypeStaticText' AND value BEGINSWITH[c] 'A message'","dbe4db21-e6a9-4d05-bdbb-cc788eb5635e"]
&amp#27;[38;5;200m[dbe4db21]&amp#27;[0m&amp#27;[38;5;-42m[XCUITestDriver@9d32 (dbe4db21)]&amp#27;[0m Executing command 'findElement'
&amp#27;[38;5;200m[dbe4db21]&amp#27;[0m&amp#27;[38;5;-42m[XCUITestDriver@9d32 (dbe4db21)]&amp#27;[0m Valid locator strategies for this request: xpath, id, name, class name, -ios predicate string, -ios class chain, accessibility id, css selector
&amp#27;[38;5;200m[dbe4db21]&amp#27;[0m&amp#27;[38;5;-42m[XCUITestDriver@9d32 (dbe4db21)]&amp#27;[0m Waiting up to 10000 ms for condition
&amp#27;[38;5;200m[dbe4db21]&amp#27;[0m&amp#27;[38;5;-42m[XCUITestDriver@9d32 (dbe4db21)]&amp#27;[0m Matched '/element' to command name 'findElement'
&amp#27;[38;5;200m[dbe4db21]&amp#27;[0m&amp#27;[38;5;-42m[XCUITestDriver@9d32 (dbe4db21)]&amp#27;[0m Proxying [POST /element] to [POST http://127.0.0.1:8100/session/CE40ADAF-B139-4368-BB61-1EFAB337C153/element] with body: {"using":"predicate string","value":"type == 'XCUIElementTypeStaticText' AND value BEGINSWITH[c] 'A message'"}
&amp#27;[38;5;173m[Xcode]&amp#27;[0m 2024-11-05 15:50:28.537051+0500 WebDriverAgentRunner-Runner[21804:212226] Getting the most recent active application (out of 1 total items)
&amp#27;[38;5;173m[Xcode]&amp#27;[0m 
&amp#27;[38;5;173m[Xcode]&amp#27;[0m     t =    74.57s Get all elements bound by accessibility element for: Elements matching predicate 'BLOCKPREDICATE(0x600002158c00)'
&amp#27;[38;5;173m[Xcode]&amp#27;[0m 
&amp#27;[38;5;173m[Xcode]&amp#27;[0m     t =    74.57s     Requesting snapshot of accessibility hierarchy for app with pid 21811
&amp#27;[38;5;173m[Xcode]&amp#27;[0m 
&amp#27;[38;5;173m[Xcode]&amp#27;[0m     t =    74.67s     Find: Descendants matching type Any
&amp#27;[38;5;173m[Xcode]&amp#27;[0m 
&amp#27;[38;5;173m[Xcode]&amp#27;[0m     t =    74.67s     Find: Elements matching predicate 'BLOCKPREDICATE(0x600002158c00)'
&amp#27;[38;5;173m[Xcode]&amp#27;[0m 
&amp#27;[38;5;173m[Xcode]&amp#27;[0m     t =    74.68s Requesting snapshot of accessibility hierarchy for app with pid 21811
&amp#27;[38;5;173m[Xcode]&amp#27;[0m 
&amp#27;[38;5;173m[Xcode]&amp#27;[0m     t =    74.78s Find: Descendants matching type Any
&amp#27;[38;5;173m[Xcode]&amp#27;[0m 
&amp#27;[38;5;173m[Xcode]&amp#27;[0m     t =    74.78s Find: Elements matching predicate 'BLOCKPREDICATE(0x600002158c00)'
&amp#27;[38;5;173m[Xcode]&amp#27;[0m 
&amp#27;[38;5;173m[Xcode]&amp#27;[0m     t =    74.78s Find: Identity Binding
&amp#27;[38;5;173m[Xcode]&amp#27;[0m 
&amp#27;[38;5;200m[dbe4db21]&amp#27;[0m&amp#27;[38;5;-42m[XCUITestDriver@9d32 (dbe4db21)]&amp#27;[0m Got response with status 200: {"value":{"ELEMENT":"60010000-0000-0000-3355-000000000000","element-6066-11e4-a52e-4f735466cecf":"60010000-0000-0000-3355-000000000000"},"sessionId":"CE40ADAF-B139-4368-BB61-1EFAB337C153"}
&amp#27;[38;5;200m[dbe4db21]&amp#27;[0m&amp#27;[38;5;-42m[XCUITestDriver@9d32 (dbe4db21)]&amp#27;[0m Responding to client with driver.findElement() result: {"element-6066-11e4-a52e-4f735466cecf":"60010000-0000-0000-3355-000000000000","ELEMENT":"60010000-0000-0000-3355-000000000000"}
&amp#27;[38;5;200m[dbe4db21]&amp#27;[0m&amp#27;[38;5;86m[HTTP]&amp#27;[0m <-- POST /session/dbe4db21-e6a9-4d05-bdbb-cc788eb5635e/element 200 239 ms - 137 
&amp#27;[38;5;200m[dbe4db21]&amp#27;[0m&amp#27;[38;5;86m[HTTP]&amp#27;[0m &amp#27;[37m-->&amp#27;[39m &amp#27;[37mGET&amp#27;[39m &amp#27;[37m/session/dbe4db21-e6a9-4d05-bdbb-cc788eb5635e/element/60010000-0000-0000-3355-000000000000/text&amp#27;[39m {}
&amp#27;[38;5;200m[dbe4db21]&amp#27;[0m&amp#27;[38;5;-42m[XCUITestDriver@9d32 (dbe4db21)]&amp#27;[0m Driver proxy active, passing request on via HTTP proxy
&amp#27;[38;5;200m[dbe4db21]&amp#27;[0m&amp#27;[38;5;-42m[XCUITestDriver@9d32 (dbe4db21)]&amp#27;[0m Executing command 'proxyReqRes'
&amp#27;[38;5;200m[dbe4db21]&amp#27;[0m&amp#27;[38;5;-42m[XCUITestDriver@9d32 (dbe4db21)]&amp#27;[0m Matched '/session/dbe4db21-e6a9-4d05-bdbb-cc788eb5635e/element/60010000-0000-0000-3355-000000000000/text' to command name 'getText'
&amp#27;[38;5;200m[dbe4db21]&amp#27;[0m&amp#27;[38;5;-42m[XCUITestDriver@9d32 (dbe4db21)]&amp#27;[0m Proxying [GET /session/dbe4db21-e6a9-4d05-bdbb-cc788eb5635e/element/60010000-0000-0000-3355-000000000000/text] to [GET http://127.0.0.1:8100/session/CE40ADAF-B139-4368-BB61-1EFAB337C153/element/60010000-0000-0000-3355-000000000000/text] with no body
&amp#27;[38;5;173m[Xcode]&amp#27;[0m     t =    74.81s Requesting snapshot of accessibility hierarchy for app with pid 21811
&amp#27;[38;5;173m[Xcode]&amp#27;[0m 
&amp#27;[38;5;173m[Xcode]&amp#27;[0m     t =    74.89s Find: Descendants matching type Any
&amp#27;[38;5;173m[Xcode]&amp#27;[0m 
&amp#27;[38;5;173m[Xcode]&amp#27;[0m     t =    74.90s Find: Elements matching predicate 'BLOCKPREDICATE(0x600002158c00)'
&amp#27;[38;5;173m[Xcode]&amp#27;[0m 
&amp#27;[38;5;173m[Xcode]&amp#27;[0m     t =    74.90s Find: Identity Binding
&amp#27;[38;5;173m[Xcode]&amp#27;[0m 
&amp#27;[38;5;200m[dbe4db21]&amp#27;[0m&amp#27;[38;5;-42m[XCUITestDriver@9d32 (dbe4db21)]&amp#27;[0m Got response with status 200: {"value":"A message should be a short, complete sentence.","sessionId":"CE40ADAF-B139-4368-BB61-1EFAB337C153"}
&amp#27;[38;5;200m[dbe4db21]&amp#27;[0m&amp#27;[38;5;-42m[XCUITestDriver@9d32 (dbe4db21)]&amp#27;[0m Replacing sessionId CE40ADAF-B139-4368-BB61-1EFAB337C153 with dbe4db21-e6a9-4d05-bdbb-cc788eb5635e
&amp#27;[38;5;200m[dbe4db21]&amp#27;[0m&amp#27;[38;5;86m[HTTP]&amp#27;[0m <-- GET /session/dbe4db21-e6a9-4d05-bdbb-cc788eb5635e/element/60010000-0000-0000-3355-000000000000/text 200 100 ms - 110 
&amp#27;[38;5;200m[dbe4db21]&amp#27;[0m&amp#27;[38;5;86m[HTTP]&amp#27;[0m &amp#27;[37m-->&amp#27;[39m &amp#27;[37mPOST&amp#27;[39m &amp#27;[37m/session/dbe4db21-e6a9-4d05-bdbb-cc788eb5635e/execute/sync&amp#27;[39m {"script":"return (function(arg){\nvar s=function(){\"use strict\";function t(t){return t&&t.__esModule&&Object.prototype.hasOwnProperty.call(t,\"default\")?t.default:t}var e=function(t){var e=(void 0===t?[]:t)[0],n=\"\",r=e.ownerDocument;if(!r)return n;for(var o=e;o!==r;){var a=Array.prototype.filter.call(o.parentNode.childNodes,(function(t){return t.tagName===o.tagName})).indexOf(o);n=\"/\"+o.tagName+\"[\"+(a+1)+\"]\"+n,o=o.parentNode}return n};return t((function(){var t,n,r;try{t=window.top.document===window.document||\"root-context\"===window.parent.document[\"applitools-marker\"]}catch(e){t=!1}try{n=!window.parent.document===window.document}catch(t){n=!0}if(!n)try{r=e([window.frameElement])}catch(t){r=null}return[document.documentElement,r,t,n]}))}();\nreturn s(arg)\n}).apply(null, arguments)","args":[null]}
&amp#27;[38;5;200m[dbe4db21]&amp#27;[0m&amp#27;[38;5;-42m[XCUITestDriver@9d32 (dbe4db21)]&amp#27;[0m Calling AppiumDriver.execute() with args: ["return (function(arg){\nvar s=function(){\"use strict\";function t(t){return t&&t.__esModule&&Object.prototype.hasOwnProperty.call(t,\"default\")?t.default:t}var e=function(t){var e=(void 0===t?[]:t)[0],n=\"\",r=e.ownerDocument;if(!r)return n;for(var o=e;o!==r;){var a=Array.prototype.filter.call(o.parentNode.childNodes,(function(t){return t.tagName===o.tagName})).indexOf(o);n=\"/\"+o.tagName+\"[\"+(a+1)+\"]\"+n,o=o.parentNode}return n};return t((function(){var t,n,r;try{t=window.top.document===window.document||\"root-context\"===window.parent.document[\"applitools-marker\"]}catch(e){t=!1}try{n=!window.parent.document===window.document}catch(t){n=!0}if(!n)try{r=e([window.frameElement])}catch(t){r=null}return[document.documentElement,r,t,n]}))}();\nreturn s(arg)\n}).apply(null, arguments)",[null],"dbe4db21-e6a9-4d05-bdbb-cc788eb5635e"]
&amp#27;[38;5;200m[dbe4db21]&amp#27;[0m&amp#27;[38;5;-42m[XCUITestDriver@9d32 (dbe4db21)]&amp#27;[0m Executing command 'execute'
&amp#27;[38;5;200m[dbe4db21]&amp#27;[0m&amp#27;[38;5;-42m[XCUITestDriver@9d32 (dbe4db21)]&amp#27;[0m Encountered internal error running command: NotImplementedError: Method is not implemented
&amp#27;[38;5;200m[dbe4db21]&amp#27;[0m&amp#27;[38;5;-42m[XCUITestDriver@9d32 (dbe4db21)]&amp#27;[0m     at XCUITestDriver.execute (/Users/oikhlas/.appium/node_modules/appium-xcuitest-driver/lib/commands/execute.js:124:13)
&amp#27;[38;5;200m[dbe4db21]&amp#27;[0m&amp#27;[38;5;-42m[XCUITestDriver@9d32 (dbe4db21)]&amp#27;[0m     at commandExecutor (/Users/oikhlas/node_modules/@appium/base-driver/lib/basedriver/driver.ts:107:18)
&amp#27;[38;5;200m[dbe4db21]&amp#27;[0m&amp#27;[38;5;-42m[XCUITestDriver@9d32 (dbe4db21)]&amp#27;[0m     at /Users/oikhlas/node_modules/async-lock/lib/index.js:171:12
&amp#27;[38;5;200m[dbe4db21]&amp#27;[0m&amp#27;[38;5;-42m[XCUITestDriver@9d32 (dbe4db21)]&amp#27;[0m     at AsyncLock._promiseTry (/Users/oikhlas/node_modules/async-lock/lib/index.js:304:31)
&amp#27;[38;5;200m[dbe4db21]&amp#27;[0m&amp#27;[38;5;-42m[XCUITestDriver@9d32 (dbe4db21)]&amp#27;[0m     at exec (/Users/oikhlas/node_modules/async-lock/lib/index.js:170:9)
&amp#27;[38;5;200m[dbe4db21]&amp#27;[0m&amp#27;[38;5;-42m[XCUITestDriver@9d32 (dbe4db21)]&amp#27;[0m     at AsyncLock.acquire (/Users/oikhlas/node_modules/async-lock/lib/index.js:187:3)
&amp#27;[38;5;200m[dbe4db21]&amp#27;[0m&amp#27;[38;5;-42m[XCUITestDriver@9d32 (dbe4db21)]&amp#27;[0m     at XCUITestDriver.executeCommand (/Users/oikhlas/node_modules/@appium/base-driver/lib/basedriver/driver.ts:123:39)
&amp#27;[38;5;200m[dbe4db21]&amp#27;[0m&amp#27;[38;5;-42m[XCUITestDriver@9d32 (dbe4db21)]&amp#27;[0m     at processTicksAndRejections (node:internal/process/task_queues:95:5)
&amp#27;[38;5;200m[dbe4db21]&amp#27;[0m&amp#27;[38;5;-42m[XCUITestDriver@9d32 (dbe4db21)]&amp#27;[0m     at XCUITestDriver.executeCommand (/Users/oikhlas/.appium/node_modules/appium-xcuitest-driver/lib/driver.js:1082:12)
&amp#27;[38;5;200m[dbe4db21]&amp#27;[0m&amp#27;[38;5;-42m[XCUITestDriver@9d32 (dbe4db21)]&amp#27;[0m     at defaultBehavior (/Users/oikhlas/.nvm/versions/node/v18.16.1/lib/node_modules/appium/lib/appium.js:1135:14)
&amp#27;[38;5;200m[dbe4db21]&amp#27;[0m&amp#27;[38;5;-42m[XCUITestDriver@9d32 (dbe4db21)]&amp#27;[0m     at AppiumDriver.executeWrappedCommand (/Users/oikhlas/.nvm/versions/node/v18.16.1/lib/node_modules/appium/lib/appium.js:1241:16)
&amp#27;[38;5;200m[dbe4db21]&amp#27;[0m&amp#27;[38;5;-42m[XCUITestDriver@9d32 (dbe4db21)]&amp#27;[0m     at AppiumDriver.executeCommand (/Users/oikhlas/.nvm/versions/node/v18.16.1/lib/node_modules/appium/lib/appium.js:1147:17)
&amp#27;[38;5;200m[dbe4db21]&amp#27;[0m&amp#27;[38;5;-42m[XCUITestDriver@9d32 (dbe4db21)]&amp#27;[0m     at asyncHandler (/Users/oikhlas/.nvm/versions/node/v18.16.1/lib/node_modules/appium/node_modules/@appium/base-driver/lib/protocol/protocol.js:387:19)
&amp#27;[38;5;200m[dbe4db21]&amp#27;[0m&amp#27;[38;5;86m[HTTP]&amp#27;[0m <-- POST /session/dbe4db21-e6a9-4d05-bdbb-cc788eb5635e/execute/sync 405 1 ms - 1529 
&amp#27;[38;5;200m[dbe4db21]&amp#27;[0m&amp#27;[38;5;86m[HTTP]&amp#27;[0m &amp#27;[37m-->&amp#27;[39m &amp#27;[37mPOST&amp#27;[39m &amp#27;[37m/session/dbe4db21-e6a9-4d05-bdbb-cc788eb5635e/execute/sync&amp#27;[39m {"script":"return (function(arg){\nvar s=function(){\"use strict\";function t(t){return t&&t.__esModule&&Object.prototype.hasOwnProperty.call(t,\"default\")?t.default:t}var e=function(t){var e=(void 0===t?[]:t)[0],n=\"\",r=e.ownerDocument;if(!r)return n;for(var o=e;o!==r;){var a=Array.prototype.filter.call(o.parentNode.childNodes,(function(t){return t.tagName===o.tagName})).indexOf(o);n=\"/\"+o.tagName+\"[\"+(a+1)+\"]\"+n,o=o.parentNode}return n};return t((function(){var t,n,r;try{t=window.top.document===window.document||\"root-context\"===window.parent.document[\"applitools-marker\"]}catch(e){t=!1}try{n=!window.parent.document===window.document}catch(t){n=!0}if(!n)try{r=e([window.frameElement])}catch(t){r=null}return[document.documentElement,r,t,n]}))}();\nreturn s(arg)\n}).apply(null, arguments)","args":[null]}
&amp#27;[38;5;200m[dbe4db21]&amp#27;[0m&amp#27;[38;5;-42m[XCUITestDriver@9d32 (dbe4db21)]&amp#27;[0m Calling AppiumDriver.execute() with args: ["return (function(arg){\nvar s=function(){\"use strict\";function t(t){return t&&t.__esModule&&Object.prototype.hasOwnProperty.call(t,\"default\")?t.default:t}var e=function(t){var e=(void 0===t?[]:t)[0],n=\"\",r=e.ownerDocument;if(!r)return n;for(var o=e;o!==r;){var a=Array.prototype.filter.call(o.parentNode.childNodes,(function(t){return t.tagName===o.tagName})).indexOf(o);n=\"/\"+o.tagName+\"[\"+(a+1)+\"]\"+n,o=o.parentNode}return n};return t((function(){var t,n,r;try{t=window.top.document===window.document||\"root-context\"===window.parent.document[\"applitools-marker\"]}catch(e){t=!1}try{n=!window.parent.document===window.document}catch(t){n=!0}if(!n)try{r=e([window.frameElement])}catch(t){r=null}return[document.documentElement,r,t,n]}))}();\nreturn s(arg)\n}).apply(null, arguments)",[null],"dbe4db21-e6a9-4d05-bdbb-cc788eb5635e"]
&amp#27;[38;5;200m[dbe4db21]&amp#27;[0m&amp#27;[38;5;-42m[XCUITestDriver@9d32 (dbe4db21)]&amp#27;[0m Executing command 'execute'
&amp#27;[38;5;200m[dbe4db21]&amp#27;[0m&amp#27;[38;5;-42m[XCUITestDriver@9d32 (dbe4db21)]&amp#27;[0m Encountered internal error running command: NotImplementedError: Method is not implemented
&amp#27;[38;5;200m[dbe4db21]&amp#27;[0m&amp#27;[38;5;-42m[XCUITestDriver@9d32 (dbe4db21)]&amp#27;[0m     at XCUITestDriver.execute (/Users/oikhlas/.appium/node_modules/appium-xcuitest-driver/lib/commands/execute.js:124:13)
&amp#27;[38;5;200m[dbe4db21]&amp#27;[0m&amp#27;[38;5;-42m[XCUITestDriver@9d32 (dbe4db21)]&amp#27;[0m     at commandExecutor (/Users/oikhlas/node_modules/@appium/base-driver/lib/basedriver/driver.ts:107:18)
&amp#27;[38;5;200m[dbe4db21]&amp#27;[0m&amp#27;[38;5;-42m[XCUITestDriver@9d32 (dbe4db21)]&amp#27;[0m     at /Users/oikhlas/node_modules/async-lock/lib/index.js:171:12
&amp#27;[38;5;200m[dbe4db21]&amp#27;[0m&amp#27;[38;5;-42m[XCUITestDriver@9d32 (dbe4db21)]&amp#27;[0m     at AsyncLock._promiseTry (/Users/oikhlas/node_modules/async-lock/lib/index.js:304:31)
&amp#27;[38;5;200m[dbe4db21]&amp#27;[0m&amp#27;[38;5;-42m[XCUITestDriver@9d32 (dbe4db21)]&amp#27;[0m     at exec (/Users/oikhlas/node_modules/async-lock/lib/index.js:170:9)
&amp#27;[38;5;200m[dbe4db21]&amp#27;[0m&amp#27;[38;5;-42m[XCUITestDriver@9d32 (dbe4db21)]&amp#27;[0m     at AsyncLock.acquire (/Users/oikhlas/node_modules/async-lock/lib/index.js:187:3)
&amp#27;[38;5;200m[dbe4db21]&amp#27;[0m&amp#27;[38;5;-42m[XCUITestDriver@9d32 (dbe4db21)]&amp#27;[0m     at XCUITestDriver.executeCommand (/Users/oikhlas/node_modules/@appium/base-driver/lib/basedriver/driver.ts:123:39)
&amp#27;[38;5;200m[dbe4db21]&amp#27;[0m&amp#27;[38;5;-42m[XCUITestDriver@9d32 (dbe4db21)]&amp#27;[0m     at processTicksAndRejections (node:internal/process/task_queues:95:5)
&amp#27;[38;5;200m[dbe4db21]&amp#27;[0m&amp#27;[38;5;-42m[XCUITestDriver@9d32 (dbe4db21)]&amp#27;[0m     at XCUITestDriver.executeCommand (/Users/oikhlas/.appium/node_modules/appium-xcuitest-driver/lib/driver.js:1082:12)
&amp#27;[38;5;200m[dbe4db21]&amp#27;[0m&amp#27;[38;5;-42m[XCUITestDriver@9d32 (dbe4db21)]&amp#27;[0m     at defaultBehavior (/Users/oikhlas/.nvm/versions/node/v18.16.1/lib/node_modules/appium/lib/appium.js:1135:14)
&amp#27;[38;5;200m[dbe4db21]&amp#27;[0m&amp#27;[38;5;-42m[XCUITestDriver@9d32 (dbe4db21)]&amp#27;[0m     at AppiumDriver.executeWrappedCommand (/Users/oikhlas/.nvm/versions/node/v18.16.1/lib/node_modules/appium/lib/appium.js:1241:16)
&amp#27;[38;5;200m[dbe4db21]&amp#27;[0m&amp#27;[38;5;-42m[XCUITestDriver@9d32 (dbe4db21)]&amp#27;[0m     at AppiumDriver.executeCommand (/Users/oikhlas/.nvm/versions/node/v18.16.1/lib/node_modules/appium/lib/appium.js:1147:17)
&amp#27;[38;5;200m[dbe4db21]&amp#27;[0m&amp#27;[38;5;-42m[XCUITestDriver@9d32 (dbe4db21)]&amp#27;[0m     at asyncHandler (/Users/oikhlas/.nvm/versions/node/v18.16.1/lib/node_modules/appium/node_modules/@appium/base-driver/lib/protocol/protocol.js:387:19)
&amp#27;[38;5;200m[dbe4db21]&amp#27;[0m&amp#27;[38;5;86m[HTTP]&amp#27;[0m <-- POST /session/dbe4db21-e6a9-4d05-bdbb-cc788eb5635e/execute/sync 405 1 ms - 1529 
&amp#27;[38;5;200m[dbe4db21]&amp#27;[0m&amp#27;[38;5;86m[HTTP]&amp#27;[0m &amp#27;[37m-->&amp#27;[39m &amp#27;[37mGET&amp#27;[39m &amp#27;[37m/session/dbe4db21-e6a9-4d05-bdbb-cc788eb5635e/context&amp#27;[39m {}
&amp#27;[38;5;200m[dbe4db21]&amp#27;[0m&amp#27;[38;5;-42m[XCUITestDriver@9d32 (dbe4db21)]&amp#27;[0m Calling AppiumDriver.getCurrentContext() with args: ["dbe4db21-e6a9-4d05-bdbb-cc788eb5635e"]
&amp#27;[38;5;200m[dbe4db21]&amp#27;[0m&amp#27;[38;5;-42m[XCUITestDriver@9d32 (dbe4db21)]&amp#27;[0m Executing command 'getCurrentContext'
&amp#27;[38;5;200m[dbe4db21]&amp#27;[0m&amp#27;[38;5;-42m[XCUITestDriver@9d32 (dbe4db21)]&amp#27;[0m Responding to client with driver.getCurrentContext() result: "NATIVE_APP"
&amp#27;[38;5;200m[dbe4db21]&amp#27;[0m&amp#27;[38;5;86m[HTTP]&amp#27;[0m <-- GET /session/dbe4db21-e6a9-4d05-bdbb-cc788eb5635e/context 200 1 ms - 22 
&amp#27;[38;5;200m[dbe4db21]&amp#27;[0m&amp#27;[38;5;86m[HTTP]&amp#27;[0m &amp#27;[37m-->&amp#27;[39m &amp#27;[37mPOST&amp#27;[39m &amp#27;[37m/session/dbe4db21-e6a9-4d05-bdbb-cc788eb5635e/element&amp#27;[39m {"using":"xpath","value":"//*[@scrollable=\"true\"]"}
&amp#27;[38;5;200m[dbe4db21]&amp#27;[0m&amp#27;[38;5;-42m[XCUITestDriver@9d32 (dbe4db21)]&amp#27;[0m Calling AppiumDriver.findElement() with args: ["xpath","//*[@scrollable=\"true\"]","dbe4db21-e6a9-4d05-bdbb-cc788eb5635e"]
&amp#27;[38;5;200m[dbe4db21]&amp#27;[0m&amp#27;[38;5;-42m[XCUITestDriver@9d32 (dbe4db21)]&amp#27;[0m Executing command 'findElement'
&amp#27;[38;5;200m[dbe4db21]&amp#27;[0m&amp#27;[38;5;-42m[XCUITestDriver@9d32 (dbe4db21)]&amp#27;[0m Valid locator strategies for this request: xpath, id, name, class name, -ios predicate string, -ios class chain, accessibility id, css selector
&amp#27;[38;5;200m[dbe4db21]&amp#27;[0m&amp#27;[38;5;-42m[XCUITestDriver@9d32 (dbe4db21)]&amp#27;[0m Rewrote request for scrollable descendants to class chain format with selector '**/*[`type == "XCUIElementTypeScrollView" OR type == "XCUIElementTypeTable" OR type == "XCUIElementTypeCollectionView" OR type == "XCUIElementTypeWebView"`][1]'
&amp#27;[38;5;200m[dbe4db21]&amp#27;[0m&amp#27;[38;5;-42m[XCUITestDriver@9d32 (dbe4db21)]&amp#27;[0m Waiting up to 10000 ms for condition
&amp#27;[38;5;200m[dbe4db21]&amp#27;[0m&amp#27;[38;5;-42m[XCUITestDriver@9d32 (dbe4db21)]&amp#27;[0m Matched '/element' to command name 'findElement'
&amp#27;[38;5;200m[dbe4db21]&amp#27;[0m&amp#27;[38;5;-42m[XCUITestDriver@9d32 (dbe4db21)]&amp#27;[0m Proxying [POST /element] to [POST http://127.0.0.1:8100/session/CE40ADAF-B139-4368-BB61-1EFAB337C153/element] with body: {"using":"class chain","value":"**/*[`type == \"XCUIElementTypeScrollView\" OR type == \"XCUIElementTypeTable\" OR type == \"XCUIElementTypeCollectionView\" OR type == \"XCUIElementTypeWebView\"`][1]"}
&amp#27;[38;5;173m[Xcode]&amp#27;[0m 2024-11-05 15:50:28.893943+0500 WebDriverAgentRunner-Runner[21804:212226] Getting the most recent active application (out of 1 total items)
&amp#27;[38;5;173m[Xcode]&amp#27;[0m 
&amp#27;[38;5;173m[Xcode]&amp#27;[0m     t =    74.93s Get all elements bound by accessibility element for: Elements matching predicate 'BLOCKPREDICATE(0x6000021406f0)'
&amp#27;[38;5;173m[Xcode]&amp#27;[0m 
&amp#27;[38;5;173m[Xcode]&amp#27;[0m     t =    74.93s     Requesting snapshot of accessibility hierarchy for app with pid 21811
&amp#27;[38;5;173m[Xcode]&amp#27;[0m 
&amp#27;[38;5;173m[Xcode]&amp#27;[0m     t =    75.01s     Find: Descendants matching type Any
&amp#27;[38;5;173m[Xcode]&amp#27;[0m 
&amp#27;[38;5;173m[Xcode]&amp#27;[0m     t =    75.02s     Find: Elements matching predicate 'BLOCKPREDICATE(0x6000021406f0)'
&amp#27;[38;5;173m[Xcode]&amp#27;[0m 
&amp#27;[38;5;173m[Xcode]&amp#27;[0m     t =    75.04s Requesting snapshot of accessibility hierarchy for app with pid 21811
&amp#27;[38;5;173m[Xcode]&amp#27;[0m 
&amp#27;[38;5;173m[Xcode]&amp#27;[0m     t =    75.13s Find: Descendants matching type Any
&amp#27;[38;5;173m[Xcode]&amp#27;[0m 
&amp#27;[38;5;173m[Xcode]&amp#27;[0m     t =    75.13s Find: Elements matching predicate 'BLOCKPREDICATE(0x6000021406f0)'
&amp#27;[38;5;173m[Xcode]&amp#27;[0m 
&amp#27;[38;5;173m[Xcode]&amp#27;[0m     t =    75.14s Find: Identity Binding
&amp#27;[38;5;173m[Xcode]&amp#27;[0m 
&amp#27;[38;5;200m[dbe4db21]&amp#27;[0m&amp#27;[38;5;-42m[XCUITestDriver@9d32 (dbe4db21)]&amp#27;[0m Got response with status 200: {"value":{"ELEMENT":"46010000-0000-0000-3355-000000000000","element-6066-11e4-a52e-4f735466cecf":"46010000-0000-0000-3355-000000000000"},"sessionId":"CE40ADAF-B139-4368-BB61-1EFAB337C153"}
&amp#27;[38;5;200m[dbe4db21]&amp#27;[0m&amp#27;[38;5;-42m[XCUITestDriver@9d32 (dbe4db21)]&amp#27;[0m Responding to client with driver.findElement() result: {"element-6066-11e4-a52e-4f735466cecf":"46010000-0000-0000-3355-000000000000","ELEMENT":"46010000-0000-0000-3355-000000000000"}
&amp#27;[38;5;200m[dbe4db21]&amp#27;[0m&amp#27;[38;5;86m[HTTP]&amp#27;[0m <-- POST /session/dbe4db21-e6a9-4d05-bdbb-cc788eb5635e/element 200 224 ms - 137 
&amp#27;[38;5;200m[dbe4db21]&amp#27;[0m&amp#27;[38;5;86m[HTTP]&amp#27;[0m &amp#27;[37m-->&amp#27;[39m &amp#27;[37mGET&amp#27;[39m &amp#27;[37m/session/dbe4db21-e6a9-4d05-bdbb-cc788eb5635e/orientation&amp#27;[39m {}
&amp#27;[38;5;200m[dbe4db21]&amp#27;[0m&amp#27;[38;5;-42m[XCUITestDriver@9d32 (dbe4db21)]&amp#27;[0m Driver proxy active, passing request on via HTTP proxy
&amp#27;[38;5;200m[dbe4db21]&amp#27;[0m&amp#27;[38;5;-42m[XCUITestDriver@9d32 (dbe4db21)]&amp#27;[0m Executing command 'proxyReqRes'
&amp#27;[38;5;200m[dbe4db21]&amp#27;[0m&amp#27;[38;5;-42m[XCUITestDriver@9d32 (dbe4db21)]&amp#27;[0m Matched '/session/dbe4db21-e6a9-4d05-bdbb-cc788eb5635e/orientation' to command name 'getOrientation'
&amp#27;[38;5;200m[dbe4db21]&amp#27;[0m&amp#27;[38;5;-42m[XCUITestDriver@9d32 (dbe4db21)]&amp#27;[0m Proxying [GET /session/dbe4db21-e6a9-4d05-bdbb-cc788eb5635e/orientation] to [GET http://127.0.0.1:8100/session/CE40ADAF-B139-4368-BB61-1EFAB337C153/orientation] with no body
&amp#27;[38;5;173m[Xcode]&amp#27;[0m 2024-11-05 15:50:29.119339+0500 WebDriverAgentRunner-Runner[21804:212226] Getting the most recent active application (out of 1 total items)
&amp#27;[38;5;173m[Xcode]&amp#27;[0m 
&amp#27;[38;5;200m[dbe4db21]&amp#27;[0m&amp#27;[38;5;-42m[XCUITestDriver@9d32 (dbe4db21)]&amp#27;[0m Got response with status 200: {"value":"PORTRAIT","sessionId":"CE40ADAF-B139-4368-BB61-1EFAB337C153"}
&amp#27;[38;5;200m[dbe4db21]&amp#27;[0m&amp#27;[38;5;-42m[XCUITestDriver@9d32 (dbe4db21)]&amp#27;[0m Replacing sessionId CE40ADAF-B139-4368-BB61-1EFAB337C153 with dbe4db21-e6a9-4d05-bdbb-cc788eb5635e
&amp#27;[38;5;200m[dbe4db21]&amp#27;[0m&amp#27;[38;5;86m[HTTP]&amp#27;[0m <-- GET /session/dbe4db21-e6a9-4d05-bdbb-cc788eb5635e/orientation 200 8 ms - 71 
&amp#27;[38;5;200m[dbe4db21]&amp#27;[0m&amp#27;[38;5;86m[HTTP]&amp#27;[0m &amp#27;[37m-->&amp#27;[39m &amp#27;[37mGET&amp#27;[39m &amp#27;[37m/session/dbe4db21-e6a9-4d05-bdbb-cc788eb5635e/window/rect&amp#27;[39m {}
&amp#27;[38;5;200m[dbe4db21]&amp#27;[0m&amp#27;[38;5;-42m[XCUITestDriver@9d32 (dbe4db21)]&amp#27;[0m Calling AppiumDriver.getWindowRect() with args: ["dbe4db21-e6a9-4d05-bdbb-cc788eb5635e"]
&amp#27;[38;5;200m[dbe4db21]&amp#27;[0m&amp#27;[38;5;-42m[XCUITestDriver@9d32 (dbe4db21)]&amp#27;[0m Executing command 'getWindowRect'
&amp#27;[38;5;200m[dbe4db21]&amp#27;[0m&amp#27;[38;5;-42m[XCUITestDriver@9d32 (dbe4db21)]&amp#27;[0m Proxying [GET /window/size] to [GET http://127.0.0.1:8100/session/CE40ADAF-B139-4368-BB61-1EFAB337C153/window/size] with no body
&amp#27;[38;5;173m[Xcode]&amp#27;[0m 2024-11-05 15:50:29.130841+0500 WebDriverAgentRunner-Runner[21804:212226] Getting the most recent active application (out of 1 total items)
&amp#27;[38;5;173m[Xcode]&amp#27;[0m 
&amp#27;[38;5;173m[Xcode]&amp#27;[0m     t =    75.16s Requesting snapshot of accessibility hierarchy for app with pid 21811
&amp#27;[38;5;173m[Xcode]&amp#27;[0m 
&amp#27;[38;5;200m[dbe4db21]&amp#27;[0m&amp#27;[38;5;-42m[XCUITestDriver@9d32 (dbe4db21)]&amp#27;[0m Got response with status 200: {"value":{"width":390,"height":844},"sessionId":"CE40ADAF-B139-4368-BB61-1EFAB337C153"}
&amp#27;[38;5;200m[dbe4db21]&amp#27;[0m&amp#27;[38;5;-42m[XCUITestDriver@9d32 (dbe4db21)]&amp#27;[0m Responding to client with driver.getWindowRect() result: {"width":390,"height":844,"x":0,"y":0}
&amp#27;[38;5;200m[dbe4db21]&amp#27;[0m&amp#27;[38;5;86m[HTTP]&amp#27;[0m <-- GET /session/dbe4db21-e6a9-4d05-bdbb-cc788eb5635e/window/rect 200 63 ms - 48 
&amp#27;[38;5;200m[dbe4db21]&amp#27;[0m&amp#27;[38;5;86m[HTTP]&amp#27;[0m &amp#27;[37m-->&amp#27;[39m &amp#27;[37mPOST&amp#27;[39m &amp#27;[37m/session/dbe4db21-e6a9-4d05-bdbb-cc788eb5635e/execute/sync&amp#27;[39m {"script":"mobile:deviceScreenInfo","args":[null]}
&amp#27;[38;5;200m[dbe4db21]&amp#27;[0m&amp#27;[38;5;-42m[XCUITestDriver@9d32 (dbe4db21)]&amp#27;[0m Calling AppiumDriver.execute() with args: ["mobile:deviceScreenInfo",[null],"dbe4db21-e6a9-4d05-bdbb-cc788eb5635e"]
&amp#27;[38;5;200m[dbe4db21]&amp#27;[0m&amp#27;[38;5;-42m[XCUITestDriver@9d32 (dbe4db21)]&amp#27;[0m Executing command 'execute'
&amp#27;[38;5;200m[dbe4db21]&amp#27;[0m&amp#27;[38;5;-42m[XCUITestDriver@9d32 (dbe4db21)]&amp#27;[0m Responding to client with driver.execute() result: {"statusBarSize":{"width":390,"height":47},"scale":3}
&amp#27;[38;5;200m[dbe4db21]&amp#27;[0m&amp#27;[38;5;86m[HTTP]&amp#27;[0m <-- POST /session/dbe4db21-e6a9-4d05-bdbb-cc788eb5635e/execute/sync 200 1 ms - 63 
&amp#27;[38;5;200m[dbe4db21]&amp#27;[0m&amp#27;[38;5;86m[HTTP]&amp#27;[0m &amp#27;[37m-->&amp#27;[39m &amp#27;[37mPOST&amp#27;[39m &amp#27;[37m/session/dbe4db21-e6a9-4d05-bdbb-cc788eb5635e/element&amp#27;[39m {"using":"-ios class chain","value":"**/XCUIElementTypeNavigationBar"}
&amp#27;[38;5;200m[dbe4db21]&amp#27;[0m&amp#27;[38;5;-42m[XCUITestDriver@9d32 (dbe4db21)]&amp#27;[0m Calling AppiumDriver.findElement() with args: ["-ios class chain","**/XCUIElementTypeNavigationBar","dbe4db21-e6a9-4d05-bdbb-cc788eb5635e"]
&amp#27;[38;5;200m[dbe4db21]&amp#27;[0m&amp#27;[38;5;-42m[XCUITestDriver@9d32 (dbe4db21)]&amp#27;[0m Executing command 'findElement'
&amp#27;[38;5;200m[dbe4db21]&amp#27;[0m&amp#27;[38;5;-42m[XCUITestDriver@9d32 (dbe4db21)]&amp#27;[0m Valid locator strategies for this request: xpath, id, name, class name, -ios predicate string, -ios class chain, accessibility id, css selector
&amp#27;[38;5;200m[dbe4db21]&amp#27;[0m&amp#27;[38;5;-42m[XCUITestDriver@9d32 (dbe4db21)]&amp#27;[0m Waiting up to 10000 ms for condition
&amp#27;[38;5;200m[dbe4db21]&amp#27;[0m&amp#27;[38;5;-42m[XCUITestDriver@9d32 (dbe4db21)]&amp#27;[0m Matched '/element' to command name 'findElement'
&amp#27;[38;5;200m[dbe4db21]&amp#27;[0m&amp#27;[38;5;-42m[XCUITestDriver@9d32 (dbe4db21)]&amp#27;[0m Proxying [POST /element] to [POST http://127.0.0.1:8100/session/CE40ADAF-B139-4368-BB61-1EFAB337C153/element] with body: {"using":"class chain","value":"**/XCUIElementTypeNavigationBar"}
&amp#27;[38;5;173m[Xcode]&amp#27;[0m 2024-11-05 15:50:29.196611+0500 WebDriverAgentRunner-Runner[21804:212226] Getting the most recent active application (out of 1 total items)
&amp#27;[38;5;173m[Xcode]&amp#27;[0m 
&amp#27;[38;5;173m[Xcode]&amp#27;[0m     t =    75.23s Get all elements bound by accessibility element for: Descendants matching type NavigationBar
&amp#27;[38;5;173m[Xcode]&amp#27;[0m 
&amp#27;[38;5;173m[Xcode]&amp#27;[0m     t =    75.23s     Requesting snapshot of accessibility hierarchy for app with pid 21811
&amp#27;[38;5;173m[Xcode]&amp#27;[0m 
&amp#27;[38;5;173m[Xcode]&amp#27;[0m     t =    75.28s     Find: Descendants matching type NavigationBar
&amp#27;[38;5;173m[Xcode]&amp#27;[0m 
&amp#27;[38;5;173m[Xcode]&amp#27;[0m     t =    75.29s Requesting snapshot of accessibility hierarchy for app with pid 21811
&amp#27;[38;5;173m[Xcode]&amp#27;[0m 
&amp#27;[38;5;173m[Xcode]&amp#27;[0m     t =    75.34s Find: Descendants matching type NavigationBar
&amp#27;[38;5;173m[Xcode]&amp#27;[0m 
&amp#27;[38;5;173m[Xcode]&amp#27;[0m     t =    75.34s Find: Identity Binding
&amp#27;[38;5;173m[Xcode]&amp#27;[0m 
&amp#27;[38;5;200m[dbe4db21]&amp#27;[0m&amp#27;[38;5;-42m[XCUITestDriver@9d32 (dbe4db21)]&amp#27;[0m Got response with status 200: {"value":{"ELEMENT":"0B000000-0000-0000-3355-000000000000","element-6066-11e4-a52e-4f735466cecf":"0B000000-0000-0000-3355-000000000000"},"sessionId":"CE40ADAF-B139-4368-BB61-1EFAB337C153"}
&amp#27;[38;5;200m[dbe4db21]&amp#27;[0m&amp#27;[38;5;-42m[XCUITestDriver@9d32 (dbe4db21)]&amp#27;[0m Responding to client with driver.findElement() result: {"element-6066-11e4-a52e-4f735466cecf":"0B000000-0000-0000-3355-000000000000","ELEMENT":"0B000000-0000-0000-3355-000000000000"}
&amp#27;[38;5;200m[dbe4db21]&amp#27;[0m&amp#27;[38;5;86m[HTTP]&amp#27;[0m <-- POST /session/dbe4db21-e6a9-4d05-bdbb-cc788eb5635e/element 200 123 ms - 137 
&amp#27;[38;5;200m[dbe4db21]&amp#27;[0m&amp#27;[38;5;86m[HTTP]&amp#27;[0m &amp#27;[37m-->&amp#27;[39m &amp#27;[37mGET&amp#27;[39m &amp#27;[37m/session/dbe4db21-e6a9-4d05-bdbb-cc788eb5635e/element/0B000000-0000-0000-3355-000000000000/rect&amp#27;[39m {}
&amp#27;[38;5;200m[dbe4db21]&amp#27;[0m&amp#27;[38;5;-42m[XCUITestDriver@9d32 (dbe4db21)]&amp#27;[0m Driver proxy active, passing request on via HTTP proxy
&amp#27;[38;5;200m[dbe4db21]&amp#27;[0m&amp#27;[38;5;-42m[XCUITestDriver@9d32 (dbe4db21)]&amp#27;[0m Executing command 'proxyReqRes'
&amp#27;[38;5;200m[dbe4db21]&amp#27;[0m&amp#27;[38;5;-42m[XCUITestDriver@9d32 (dbe4db21)]&amp#27;[0m Matched '/session/dbe4db21-e6a9-4d05-bdbb-cc788eb5635e/element/0B000000-0000-0000-3355-000000000000/rect' to command name 'getElementRect'
&amp#27;[38;5;200m[dbe4db21]&amp#27;[0m&amp#27;[38;5;-42m[XCUITestDriver@9d32 (dbe4db21)]&amp#27;[0m Proxying [GET /session/dbe4db21-e6a9-4d05-bdbb-cc788eb5635e/element/0B000000-0000-0000-3355-000000000000/rect] to [GET http://127.0.0.1:8100/session/CE40ADAF-B139-4368-BB61-1EFAB337C153/element/0B000000-0000-0000-3355-000000000000/rect] with no body
&amp#27;[38;5;173m[Xcode]&amp#27;[0m     t =    75.35s Requesting snapshot of accessibility hierarchy for app with pid 21811
&amp#27;[38;5;173m[Xcode]&amp#27;[0m 
&amp#27;[38;5;173m[Xcode]&amp#27;[0m     t =    75.40s Find: Descendants matching type NavigationBar
&amp#27;[38;5;173m[Xcode]&amp#27;[0m 
&amp#27;[38;5;173m[Xcode]&amp#27;[0m     t =    75.40s Find: Identity Binding
&amp#27;[38;5;173m[Xcode]&amp#27;[0m 
&amp#27;[38;5;200m[dbe4db21]&amp#27;[0m&amp#27;[38;5;-42m[XCUITestDriver@9d32 (dbe4db21)]&amp#27;[0m Got response with status 200: {"value":{"y":47,"x":0,"width":390,"height":44},"sessionId":"CE40ADAF-B139-4368-BB61-1EFAB337C153"}
&amp#27;[38;5;200m[dbe4db21]&amp#27;[0m&amp#27;[38;5;-42m[XCUITestDriver@9d32 (dbe4db21)]&amp#27;[0m Replacing sessionId CE40ADAF-B139-4368-BB61-1EFAB337C153 with dbe4db21-e6a9-4d05-bdbb-cc788eb5635e
&amp#27;[38;5;200m[dbe4db21]&amp#27;[0m&amp#27;[38;5;86m[HTTP]&amp#27;[0m <-- GET /session/dbe4db21-e6a9-4d05-bdbb-cc788eb5635e/element/0B000000-0000-0000-3355-000000000000/rect 200 63 ms - 99 
&amp#27;[38;5;200m[dbe4db21]&amp#27;[0m&amp#27;[38;5;86m[HTTP]&amp#27;[0m &amp#27;[37m-->&amp#27;[39m &amp#27;[37mPOST&amp#27;[39m &amp#27;[37m/session/dbe4db21-e6a9-4d05-bdbb-cc788eb5635e/element&amp#27;[39m {"using":"-ios class chain","value":"**/XCUIElementTypeTabBar"}
&amp#27;[38;5;200m[dbe4db21]&amp#27;[0m&amp#27;[38;5;-42m[XCUITestDriver@9d32 (dbe4db21)]&amp#27;[0m Calling AppiumDriver.findElement() with args: ["-ios class chain","**/XCUIElementTypeTabBar","dbe4db21-e6a9-4d05-bdbb-cc788eb5635e"]
&amp#27;[38;5;200m[dbe4db21]&amp#27;[0m&amp#27;[38;5;-42m[XCUITestDriver@9d32 (dbe4db21)]&amp#27;[0m Executing command 'findElement'
&amp#27;[38;5;200m[dbe4db21]&amp#27;[0m&amp#27;[38;5;-42m[XCUITestDriver@9d32 (dbe4db21)]&amp#27;[0m Valid locator strategies for this request: xpath, id, name, class name, -ios predicate string, -ios class chain, accessibility id, css selector
&amp#27;[38;5;200m[dbe4db21]&amp#27;[0m&amp#27;[38;5;-42m[XCUITestDriver@9d32 (dbe4db21)]&amp#27;[0m Waiting up to 10000 ms for condition
&amp#27;[38;5;200m[dbe4db21]&amp#27;[0m&amp#27;[38;5;-42m[XCUITestDriver@9d32 (dbe4db21)]&amp#27;[0m Matched '/element' to command name 'findElement'
&amp#27;[38;5;200m[dbe4db21]&amp#27;[0m&amp#27;[38;5;-42m[XCUITestDriver@9d32 (dbe4db21)]&amp#27;[0m Proxying [POST /element] to [POST http://127.0.0.1:8100/session/CE40ADAF-B139-4368-BB61-1EFAB337C153/element] with body: {"using":"class chain","value":"**/XCUIElementTypeTabBar"}
&amp#27;[38;5;173m[Xcode]&amp#27;[0m 2024-11-05 15:50:29.385191+0500 WebDriverAgentRunner-Runner[21804:212226] Getting the most recent active application (out of 1 total items)
&amp#27;[38;5;173m[Xcode]&amp#27;[0m 
&amp#27;[38;5;173m[Xcode]&amp#27;[0m     t =    75.42s Get all elements bound by accessibility element for: Descendants matching type TabBar
&amp#27;[38;5;173m[Xcode]&amp#27;[0m 
&amp#27;[38;5;173m[Xcode]&amp#27;[0m     t =    75.42s     Requesting snapshot of accessibility hierarchy for app with pid 21811
&amp#27;[38;5;173m[Xcode]&amp#27;[0m 
&amp#27;[38;5;173m[Xcode]&amp#27;[0m     t =    75.47s     Find: Descendants matching type TabBar
&amp#27;[38;5;173m[Xcode]&amp#27;[0m 
&amp#27;[38;5;200m[dbe4db21]&amp#27;[0m&amp#27;[38;5;-42m[XCUITestDriver@9d32 (dbe4db21)]&amp#27;[0m Got response with status 404: {"value":{"error":"no such element","message":"unable to find an element using 'class chain', value '**/XCUIElementTypeTabBar'","traceback":"(\n\t0   WebDriverAgentLib                   0x000000010471f162 FBNoSuchElementErrorResponseForRequest + 290\n\t1   WebDriverAgentLib                   0x000000010471ef3c +[FBFindElementCommands handleFindElement:] + 364\n\t2   WebDriverAgentLib                   0x00000001046e02ac -[FBRoute_TargetAction mountRequest:intoResponse:] + 172\n\t3   WebDriverAgentLib                   0x00000001046c8e73 __37-[FBWebServer registerRouteHandlers:]_block_invoke + 499\n\t4   WebDriverAgentLib                   0x000000010470375d -[RoutingHTTPServer handleRoute:withRequest:response:] + 189\n\t5   WebDriverAgentLib                   0x0000000104704551 __72-[RoutingHTTPServer routeMethod:withPath:parameters:request:connection:]_block_invoke + 65\n\t6   libdispatch.dylib                   0x00007ff80013ca3a _dispatch_client_callout + 8\n\t7   libdispatch.dylib                   0x0...
&amp#27;[38;5;200m[dbe4db21]&amp#27;[0m&amp#27;[38;5;123m[W3C]&amp#27;[0m Matched W3C error code 'no such element' to NoSuchElementError
&amp#27;[38;5;200m[dbe4db21]&amp#27;[0m&amp#27;[38;5;-42m[XCUITestDriver@9d32 (dbe4db21)]&amp#27;[0m Waited for 63 ms so far
&amp#27;[38;5;200m[dbe4db21]&amp#27;[0m&amp#27;[38;5;-42m[XCUITestDriver@9d32 (dbe4db21)]&amp#27;[0m Matched '/element' to command name 'findElement'
&amp#27;[38;5;200m[dbe4db21]&amp#27;[0m&amp#27;[38;5;-42m[XCUITestDriver@9d32 (dbe4db21)]&amp#27;[0m Proxying [POST /element] to [POST http://127.0.0.1:8100/session/CE40ADAF-B139-4368-BB61-1EFAB337C153/element] with body: {"using":"class chain","value":"**/XCUIElementTypeTabBar"}
&amp#27;[38;5;173m[Xcode]&amp#27;[0m 2024-11-05 15:50:29.951800+0500 WebDriverAgentRunner-Runner[21804:212226] Getting the most recent active application (out of 1 total items)
&amp#27;[38;5;173m[Xcode]&amp#27;[0m 
&amp#27;[38;5;173m[Xcode]&amp#27;[0m     t =    75.98s Get all elements bound by accessibility element for: Descendants matching type TabBar
&amp#27;[38;5;173m[Xcode]&amp#27;[0m 
&amp#27;[38;5;173m[Xcode]&amp#27;[0m     t =    75.99s     Requesting snapshot of accessibility hierarchy for app with pid 21811
&amp#27;[38;5;173m[Xcode]&amp#27;[0m 
&amp#27;[38;5;173m[Xcode]&amp#27;[0m     t =    76.04s     Find: Descendants matching type TabBar
&amp#27;[38;5;173m[Xcode]&amp#27;[0m 
&amp#27;[38;5;200m[dbe4db21]&amp#27;[0m&amp#27;[38;5;-42m[XCUITestDriver@9d32 (dbe4db21)]&amp#27;[0m Got response with status 404: {"value":{"error":"no such element","message":"unable to find an element using 'class chain', value '**/XCUIElementTypeTabBar'","traceback":"(\n\t0   WebDriverAgentLib                   0x000000010471f162 FBNoSuchElementErrorResponseForRequest + 290\n\t1   WebDriverAgentLib                   0x000000010471ef3c +[FBFindElementCommands handleFindElement:] + 364\n\t2   WebDriverAgentLib                   0x00000001046e02ac -[FBRoute_TargetAction mountRequest:intoResponse:] + 172\n\t3   WebDriverAgentLib                   0x00000001046c8e73 __37-[FBWebServer registerRouteHandlers:]_block_invoke + 499\n\t4   WebDriverAgentLib                   0x000000010470375d -[RoutingHTTPServer handleRoute:withRequest:response:] + 189\n\t5   WebDriverAgentLib                   0x0000000104704551 __72-[RoutingHTTPServer routeMethod:withPath:parameters:request:connection:]_block_invoke + 65\n\t6   libdispatch.dylib                   0x00007ff80013ca3a _dispatch_client_callout + 8\n\t7   libdispatch.dylib                   0x0...
&amp#27;[38;5;200m[dbe4db21]&amp#27;[0m&amp#27;[38;5;123m[W3C]&amp#27;[0m Matched W3C error code 'no such element' to NoSuchElementError
&amp#27;[38;5;200m[dbe4db21]&amp#27;[0m&amp#27;[38;5;-42m[XCUITestDriver@9d32 (dbe4db21)]&amp#27;[0m Waited for 637 ms so far
&amp#27;[38;5;200m[dbe4db21]&amp#27;[0m&amp#27;[38;5;-42m[XCUITestDriver@9d32 (dbe4db21)]&amp#27;[0m Matched '/element' to command name 'findElement'
&amp#27;[38;5;200m[dbe4db21]&amp#27;[0m&amp#27;[38;5;-42m[XCUITestDriver@9d32 (dbe4db21)]&amp#27;[0m Proxying [POST /element] to [POST http://127.0.0.1:8100/session/CE40ADAF-B139-4368-BB61-1EFAB337C153/element] with body: {"using":"class chain","value":"**/XCUIElementTypeTabBar"}
&amp#27;[38;5;173m[Xcode]&amp#27;[0m 2024-11-05 15:50:30.525858+0500 WebDriverAgentRunner-Runner[21804:212226] Getting the most recent active application (out of 1 total items)
&amp#27;[38;5;173m[Xcode]&amp#27;[0m 
&amp#27;[38;5;173m[Xcode]&amp#27;[0m     t =    76.56s Get all elements bound by accessibility element for: Descendants matching type TabBar
&amp#27;[38;5;173m[Xcode]&amp#27;[0m 
&amp#27;[38;5;173m[Xcode]&amp#27;[0m     t =    76.56s     Requesting snapshot of accessibility hierarchy for app with pid 21811
&amp#27;[38;5;173m[Xcode]&amp#27;[0m 
&amp#27;[38;5;173m[Xcode]&amp#27;[0m     t =    76.61s     Find: Descendants matching type TabBar
&amp#27;[38;5;173m[Xcode]&amp#27;[0m 
&amp#27;[38;5;200m[dbe4db21]&amp#27;[0m&amp#27;[38;5;-42m[XCUITestDriver@9d32 (dbe4db21)]&amp#27;[0m Got response with status 404: {"value":{"error":"no such element","message":"unable to find an element using 'class chain', value '**/XCUIElementTypeTabBar'","traceback":"(\n\t0   WebDriverAgentLib                   0x000000010471f162 FBNoSuchElementErrorResponseForRequest + 290\n\t1   WebDriverAgentLib                   0x000000010471ef3c +[FBFindElementCommands handleFindElement:] + 364\n\t2   WebDriverAgentLib                   0x00000001046e02ac -[FBRoute_TargetAction mountRequest:intoResponse:] + 172\n\t3   WebDriverAgentLib                   0x00000001046c8e73 __37-[FBWebServer registerRouteHandlers:]_block_invoke + 499\n\t4   WebDriverAgentLib                   0x000000010470375d -[RoutingHTTPServer handleRoute:withRequest:response:] + 189\n\t5   WebDriverAgentLib                   0x0000000104704551 __72-[RoutingHTTPServer routeMethod:withPath:parameters:request:connection:]_block_invoke + 65\n\t6   libdispatch.dylib                   0x00007ff80013ca3a _dispatch_client_callout + 8\n\t7   libdispatch.dylib                   0x0...
&amp#27;[38;5;200m[dbe4db21]&amp#27;[0m&amp#27;[38;5;123m[W3C]&amp#27;[0m Matched W3C error code 'no such element' to NoSuchElementError
&amp#27;[38;5;200m[dbe4db21]&amp#27;[0m&amp#27;[38;5;-42m[XCUITestDriver@9d32 (dbe4db21)]&amp#27;[0m Waited for 1210 ms so far
&amp#27;[38;5;200m[dbe4db21]&amp#27;[0m&amp#27;[38;5;-42m[XCUITestDriver@9d32 (dbe4db21)]&amp#27;[0m Matched '/element' to command name 'findElement'
&amp#27;[38;5;200m[dbe4db21]&amp#27;[0m&amp#27;[38;5;-42m[XCUITestDriver@9d32 (dbe4db21)]&amp#27;[0m Proxying [POST /element] to [POST http://127.0.0.1:8100/session/CE40ADAF-B139-4368-BB61-1EFAB337C153/element] with body: {"using":"class chain","value":"**/XCUIElementTypeTabBar"}
&amp#27;[38;5;173m[Xcode]&amp#27;[0m 2024-11-05 15:50:31.100210+0500 WebDriverAgentRunner-Runner[21804:212226] Getting the most recent active application (out of 1 total items)
&amp#27;[38;5;173m[Xcode]&amp#27;[0m 
&amp#27;[38;5;173m[Xcode]&amp#27;[0m     t =    77.13s Get all elements bound by accessibility element for: Descendants matching type TabBar
&amp#27;[38;5;173m[Xcode]&amp#27;[0m 
&amp#27;[38;5;173m[Xcode]&amp#27;[0m     t =    77.13s     Requesting snapshot of accessibility hierarchy for app with pid 21811
&amp#27;[38;5;173m[Xcode]&amp#27;[0m 
&amp#27;[38;5;173m[Xcode]&amp#27;[0m     t =    77.19s     Find: Descendants matching type TabBar
&amp#27;[38;5;173m[Xcode]&amp#27;[0m 
&amp#27;[38;5;200m[dbe4db21]&amp#27;[0m&amp#27;[38;5;-42m[XCUITestDriver@9d32 (dbe4db21)]&amp#27;[0m Got response with status 404: {"value":{"error":"no such element","message":"unable to find an element using 'class chain', value '**/XCUIElementTypeTabBar'","traceback":"(\n\t0   WebDriverAgentLib                   0x000000010471f162 FBNoSuchElementErrorResponseForRequest + 290\n\t1   WebDriverAgentLib                   0x000000010471ef3c +[FBFindElementCommands handleFindElement:] + 364\n\t2   WebDriverAgentLib                   0x00000001046e02ac -[FBRoute_TargetAction mountRequest:intoResponse:] + 172\n\t3   WebDriverAgentLib                   0x00000001046c8e73 __37-[FBWebServer registerRouteHandlers:]_block_invoke + 499\n\t4   WebDriverAgentLib                   0x000000010470375d -[RoutingHTTPServer handleRoute:withRequest:response:] + 189\n\t5   WebDriverAgentLib                   0x0000000104704551 __72-[RoutingHTTPServer routeMethod:withPath:parameters:request:connection:]_block_invoke + 65\n\t6   libdispatch.dylib                   0x00007ff80013ca3a _dispatch_client_callout + 8\n\t7   libdispatch.dylib                   0x0...
&amp#27;[38;5;200m[dbe4db21]&amp#27;[0m&amp#27;[38;5;123m[W3C]&amp#27;[0m Matched W3C error code 'no such element' to NoSuchElementError
&amp#27;[38;5;200m[dbe4db21]&amp#27;[0m&amp#27;[38;5;-42m[XCUITestDriver@9d32 (dbe4db21)]&amp#27;[0m Waited for 1786 ms so far
&amp#27;[38;5;200m[dbe4db21]&amp#27;[0m&amp#27;[38;5;-42m[XCUITestDriver@9d32 (dbe4db21)]&amp#27;[0m Matched '/element' to command name 'findElement'
&amp#27;[38;5;200m[dbe4db21]&amp#27;[0m&amp#27;[38;5;-42m[XCUITestDriver@9d32 (dbe4db21)]&amp#27;[0m Proxying [POST /element] to [POST http://127.0.0.1:8100/session/CE40ADAF-B139-4368-BB61-1EFAB337C153/element] with body: {"using":"class chain","value":"**/XCUIElementTypeTabBar"}
&amp#27;[38;5;173m[Xcode]&amp#27;[0m 2024-11-05 15:50:31.674252+0500 WebDriverAgentRunner-Runner[21804:212226] Getting the most recent active application (out of 1 total items)
&amp#27;[38;5;173m[Xcode]&amp#27;[0m 
&amp#27;[38;5;173m[Xcode]&amp#27;[0m     t =    77.71s Get all elements bound by accessibility element for: Descendants matching type TabBar
&amp#27;[38;5;173m[Xcode]&amp#27;[0m 
&amp#27;[38;5;173m[Xcode]&amp#27;[0m     t =    77.71s     Requesting snapshot of accessibility hierarchy for app with pid 21811
&amp#27;[38;5;173m[Xcode]&amp#27;[0m 
&amp#27;[38;5;173m[Xcode]&amp#27;[0m     t =    77.76s     Find: Descendants matching type TabBar
&amp#27;[38;5;173m[Xcode]&amp#27;[0m 
&amp#27;[38;5;200m[dbe4db21]&amp#27;[0m&amp#27;[38;5;-42m[XCUITestDriver@9d32 (dbe4db21)]&amp#27;[0m Got response with status 404: {"value":{"error":"no such element","message":"unable to find an element using 'class chain', value '**/XCUIElementTypeTabBar'","traceback":"(\n\t0   WebDriverAgentLib                   0x000000010471f162 FBNoSuchElementErrorResponseForRequest + 290\n\t1   WebDriverAgentLib                   0x000000010471ef3c +[FBFindElementCommands handleFindElement:] + 364\n\t2   WebDriverAgentLib                   0x00000001046e02ac -[FBRoute_TargetAction mountRequest:intoResponse:] + 172\n\t3   WebDriverAgentLib                   0x00000001046c8e73 __37-[FBWebServer registerRouteHandlers:]_block_invoke + 499\n\t4   WebDriverAgentLib                   0x000000010470375d -[RoutingHTTPServer handleRoute:withRequest:response:] + 189\n\t5   WebDriverAgentLib                   0x0000000104704551 __72-[RoutingHTTPServer routeMethod:withPath:parameters:request:connection:]_block_invoke + 65\n\t6   libdispatch.dylib                   0x00007ff80013ca3a _dispatch_client_callout + 8\n\t7   libdispatch.dylib                   0x0...
&amp#27;[38;5;200m[dbe4db21]&amp#27;[0m&amp#27;[38;5;123m[W3C]&amp#27;[0m Matched W3C error code 'no such element' to NoSuchElementError
&amp#27;[38;5;200m[dbe4db21]&amp#27;[0m&amp#27;[38;5;-42m[XCUITestDriver@9d32 (dbe4db21)]&amp#27;[0m Waited for 2360 ms so far
&amp#27;[38;5;200m[dbe4db21]&amp#27;[0m&amp#27;[38;5;-42m[XCUITestDriver@9d32 (dbe4db21)]&amp#27;[0m Matched '/element' to command name 'findElement'
&amp#27;[38;5;200m[dbe4db21]&amp#27;[0m&amp#27;[38;5;-42m[XCUITestDriver@9d32 (dbe4db21)]&amp#27;[0m Proxying [POST /element] to [POST http://127.0.0.1:8100/session/CE40ADAF-B139-4368-BB61-1EFAB337C153/element] with body: {"using":"class chain","value":"**/XCUIElementTypeTabBar"}
&amp#27;[38;5;173m[Xcode]&amp#27;[0m 2024-11-05 15:50:32.247163+0500 WebDriverAgentRunner-Runner[21804:212226] Getting the most recent active application (out of 1 total items)
&amp#27;[38;5;173m[Xcode]&amp#27;[0m 
&amp#27;[38;5;173m[Xcode]&amp#27;[0m     t =    78.28s Get all elements bound by accessibility element for: Descendants matching type TabBar
&amp#27;[38;5;173m[Xcode]&amp#27;[0m 
&amp#27;[38;5;173m[Xcode]&amp#27;[0m     t =    78.28s     Requesting snapshot of accessibility hierarchy for app with pid 21811
&amp#27;[38;5;173m[Xcode]&amp#27;[0m 
&amp#27;[38;5;173m[Xcode]&amp#27;[0m     t =    78.33s     Find: Descendants matching type TabBar
&amp#27;[38;5;173m[Xcode]&amp#27;[0m 
&amp#27;[38;5;200m[dbe4db21]&amp#27;[0m&amp#27;[38;5;-42m[XCUITestDriver@9d32 (dbe4db21)]&amp#27;[0m Got response with status 404: {"value":{"error":"no such element","message":"unable to find an element using 'class chain', value '**/XCUIElementTypeTabBar'","traceback":"(\n\t0   WebDriverAgentLib                   0x000000010471f162 FBNoSuchElementErrorResponseForRequest + 290\n\t1   WebDriverAgentLib                   0x000000010471ef3c +[FBFindElementCommands handleFindElement:] + 364\n\t2   WebDriverAgentLib                   0x00000001046e02ac -[FBRoute_TargetAction mountRequest:intoResponse:] + 172\n\t3   WebDriverAgentLib                   0x00000001046c8e73 __37-[FBWebServer registerRouteHandlers:]_block_invoke + 499\n\t4   WebDriverAgentLib                   0x000000010470375d -[RoutingHTTPServer handleRoute:withRequest:response:] + 189\n\t5   WebDriverAgentLib                   0x0000000104704551 __72-[RoutingHTTPServer routeMethod:withPath:parameters:request:connection:]_block_invoke + 65\n\t6   libdispatch.dylib                   0x00007ff80013ca3a _dispatch_client_callout + 8\n\t7   libdispatch.dylib                   0x0...
&amp#27;[38;5;200m[dbe4db21]&amp#27;[0m&amp#27;[38;5;123m[W3C]&amp#27;[0m Matched W3C error code 'no such element' to NoSuchElementError
&amp#27;[38;5;200m[dbe4db21]&amp#27;[0m&amp#27;[38;5;-42m[XCUITestDriver@9d32 (dbe4db21)]&amp#27;[0m Waited for 2926 ms so far
&amp#27;[38;5;200m[dbe4db21]&amp#27;[0m&amp#27;[38;5;-42m[XCUITestDriver@9d32 (dbe4db21)]&amp#27;[0m Matched '/element' to command name 'findElement'
&amp#27;[38;5;200m[dbe4db21]&amp#27;[0m&amp#27;[38;5;-42m[XCUITestDriver@9d32 (dbe4db21)]&amp#27;[0m Proxying [POST /element] to [POST http://127.0.0.1:8100/session/CE40ADAF-B139-4368-BB61-1EFAB337C153/element] with body: {"using":"class chain","value":"**/XCUIElementTypeTabBar"}
&amp#27;[38;5;173m[Xcode]&amp#27;[0m 2024-11-05 15:50:32.814945+0500 WebDriverAgentRunner-Runner[21804:212226] Getting the most recent active application (out of 1 total items)
&amp#27;[38;5;173m[Xcode]&amp#27;[0m 
&amp#27;[38;5;173m[Xcode]&amp#27;[0m     t =    78.85s Get all elements bound by accessibility element for: Descendants matching type TabBar
&amp#27;[38;5;173m[Xcode]&amp#27;[0m 
&amp#27;[38;5;173m[Xcode]&amp#27;[0m     t =    78.85s     Requesting snapshot of accessibility hierarchy for app with pid 21811
&amp#27;[38;5;173m[Xcode]&amp#27;[0m 
&amp#27;[38;5;173m[Xcode]&amp#27;[0m     t =    78.90s     Find: Descendants matching type TabBar
&amp#27;[38;5;173m[Xcode]&amp#27;[0m 
&amp#27;[38;5;200m[dbe4db21]&amp#27;[0m&amp#27;[38;5;-42m[XCUITestDriver@9d32 (dbe4db21)]&amp#27;[0m Got response with status 404: {"value":{"error":"no such element","message":"unable to find an element using 'class chain', value '**/XCUIElementTypeTabBar'","traceback":"(\n\t0   WebDriverAgentLib                   0x000000010471f162 FBNoSuchElementErrorResponseForRequest + 290\n\t1   WebDriverAgentLib                   0x000000010471ef3c +[FBFindElementCommands handleFindElement:] + 364\n\t2   WebDriverAgentLib                   0x00000001046e02ac -[FBRoute_TargetAction mountRequest:intoResponse:] + 172\n\t3   WebDriverAgentLib                   0x00000001046c8e73 __37-[FBWebServer registerRouteHandlers:]_block_invoke + 499\n\t4   WebDriverAgentLib                   0x000000010470375d -[RoutingHTTPServer handleRoute:withRequest:response:] + 189\n\t5   WebDriverAgentLib                   0x0000000104704551 __72-[RoutingHTTPServer routeMethod:withPath:parameters:request:connection:]_block_invoke + 65\n\t6   libdispatch.dylib                   0x00007ff80013ca3a _dispatch_client_callout + 8\n\t7   libdispatch.dylib                   0x0...
&amp#27;[38;5;200m[dbe4db21]&amp#27;[0m&amp#27;[38;5;123m[W3C]&amp#27;[0m Matched W3C error code 'no such element' to NoSuchElementError
&amp#27;[38;5;200m[dbe4db21]&amp#27;[0m&amp#27;[38;5;-42m[XCUITestDriver@9d32 (dbe4db21)]&amp#27;[0m Waited for 3493 ms so far
&amp#27;[38;5;200m[dbe4db21]&amp#27;[0m&amp#27;[38;5;-42m[XCUITestDriver@9d32 (dbe4db21)]&amp#27;[0m Matched '/element' to command name 'findElement'
&amp#27;[38;5;200m[dbe4db21]&amp#27;[0m&amp#27;[38;5;-42m[XCUITestDriver@9d32 (dbe4db21)]&amp#27;[0m Proxying [POST /element] to [POST http://127.0.0.1:8100/session/CE40ADAF-B139-4368-BB61-1EFAB337C153/element] with body: {"using":"class chain","value":"**/XCUIElementTypeTabBar"}
&amp#27;[38;5;173m[Xcode]&amp#27;[0m 2024-11-05 15:50:33.381475+0500 WebDriverAgentRunner-Runner[21804:212226] Getting the most recent active application (out of 1 total items)
&amp#27;[38;5;173m[Xcode]&amp#27;[0m 
&amp#27;[38;5;173m[Xcode]&amp#27;[0m     t =    79.41s Get all elements bound by accessibility element for: Descendants matching type TabBar
&amp#27;[38;5;173m[Xcode]&amp#27;[0m 
&amp#27;[38;5;173m[Xcode]&amp#27;[0m     t =    79.42s     Requesting snapshot of accessibility hierarchy for app with pid 21811
&amp#27;[38;5;173m[Xcode]&amp#27;[0m 
&amp#27;[38;5;173m[Xcode]&amp#27;[0m     t =    79.46s     Find: Descendants matching type TabBar
&amp#27;[38;5;173m[Xcode]&amp#27;[0m 
&amp#27;[38;5;200m[dbe4db21]&amp#27;[0m&amp#27;[38;5;-42m[XCUITestDriver@9d32 (dbe4db21)]&amp#27;[0m Got response with status 404: {"value":{"error":"no such element","message":"unable to find an element using 'class chain', value '**/XCUIElementTypeTabBar'","traceback":"(\n\t0   WebDriverAgentLib                   0x000000010471f162 FBNoSuchElementErrorResponseForRequest + 290\n\t1   WebDriverAgentLib                   0x000000010471ef3c +[FBFindElementCommands handleFindElement:] + 364\n\t2   WebDriverAgentLib                   0x00000001046e02ac -[FBRoute_TargetAction mountRequest:intoResponse:] + 172\n\t3   WebDriverAgentLib                   0x00000001046c8e73 __37-[FBWebServer registerRouteHandlers:]_block_invoke + 499\n\t4   WebDriverAgentLib                   0x000000010470375d -[RoutingHTTPServer handleRoute:withRequest:response:] + 189\n\t5   WebDriverAgentLib                   0x0000000104704551 __72-[RoutingHTTPServer routeMethod:withPath:parameters:request:connection:]_block_invoke + 65\n\t6   libdispatch.dylib                   0x00007ff80013ca3a _dispatch_client_callout + 8\n\t7   libdispatch.dylib                   0x0...
&amp#27;[38;5;200m[dbe4db21]&amp#27;[0m&amp#27;[38;5;123m[W3C]&amp#27;[0m Matched W3C error code 'no such element' to NoSuchElementError
&amp#27;[38;5;200m[dbe4db21]&amp#27;[0m&amp#27;[38;5;-42m[XCUITestDriver@9d32 (dbe4db21)]&amp#27;[0m Waited for 4061 ms so far
&amp#27;[38;5;200m[dbe4db21]&amp#27;[0m&amp#27;[38;5;-42m[XCUITestDriver@9d32 (dbe4db21)]&amp#27;[0m Matched '/element' to command name 'findElement'
&amp#27;[38;5;200m[dbe4db21]&amp#27;[0m&amp#27;[38;5;-42m[XCUITestDriver@9d32 (dbe4db21)]&amp#27;[0m Proxying [POST /element] to [POST http://127.0.0.1:8100/session/CE40ADAF-B139-4368-BB61-1EFAB337C153/element] with body: {"using":"class chain","value":"**/XCUIElementTypeTabBar"}
&amp#27;[38;5;173m[Xcode]&amp#27;[0m 2024-11-05 15:50:33.950880+0500 WebDriverAgentRunner-Runner[21804:212226] Getting the most recent active application (out of 1 total items)
&amp#27;[38;5;173m[Xcode]&amp#27;[0m 
&amp#27;[38;5;173m[Xcode]&amp#27;[0m     t =    79.98s Get all elements bound by accessibility element for: Descendants matching type TabBar
&amp#27;[38;5;173m[Xcode]&amp#27;[0m 
&amp#27;[38;5;173m[Xcode]&amp#27;[0m     t =    79.98s     Requesting snapshot of accessibility hierarchy for app with pid 21811
&amp#27;[38;5;173m[Xcode]&amp#27;[0m 
&amp#27;[38;5;173m[Xcode]&amp#27;[0m     t =    80.04s     Find: Descendants matching type TabBar
&amp#27;[38;5;173m[Xcode]&amp#27;[0m 
&amp#27;[38;5;200m[dbe4db21]&amp#27;[0m&amp#27;[38;5;-42m[XCUITestDriver@9d32 (dbe4db21)]&amp#27;[0m Got response with status 404: {"value":{"error":"no such element","message":"unable to find an element using 'class chain', value '**/XCUIElementTypeTabBar'","traceback":"(\n\t0   WebDriverAgentLib                   0x000000010471f162 FBNoSuchElementErrorResponseForRequest + 290\n\t1   WebDriverAgentLib                   0x000000010471ef3c +[FBFindElementCommands handleFindElement:] + 364\n\t2   WebDriverAgentLib                   0x00000001046e02ac -[FBRoute_TargetAction mountRequest:intoResponse:] + 172\n\t3   WebDriverAgentLib                   0x00000001046c8e73 __37-[FBWebServer registerRouteHandlers:]_block_invoke + 499\n\t4   WebDriverAgentLib                   0x000000010470375d -[RoutingHTTPServer handleRoute:withRequest:response:] + 189\n\t5   WebDriverAgentLib                   0x0000000104704551 __72-[RoutingHTTPServer routeMethod:withPath:parameters:request:connection:]_block_invoke + 65\n\t6   libdispatch.dylib                   0x00007ff80013ca3a _dispatch_client_callout + 8\n\t7   libdispatch.dylib                   0x0...
&amp#27;[38;5;200m[dbe4db21]&amp#27;[0m&amp#27;[38;5;123m[W3C]&amp#27;[0m Matched W3C error code 'no such element' to NoSuchElementError
&amp#27;[38;5;200m[dbe4db21]&amp#27;[0m&amp#27;[38;5;-42m[XCUITestDriver@9d32 (dbe4db21)]&amp#27;[0m Waited for 4636 ms so far
&amp#27;[38;5;200m[dbe4db21]&amp#27;[0m&amp#27;[38;5;-42m[XCUITestDriver@9d32 (dbe4db21)]&amp#27;[0m Matched '/element' to command name 'findElement'
&amp#27;[38;5;200m[dbe4db21]&amp#27;[0m&amp#27;[38;5;-42m[XCUITestDriver@9d32 (dbe4db21)]&amp#27;[0m Proxying [POST /element] to [POST http://127.0.0.1:8100/session/CE40ADAF-B139-4368-BB61-1EFAB337C153/element] with body: {"using":"class chain","value":"**/XCUIElementTypeTabBar"}
&amp#27;[38;5;173m[Xcode]&amp#27;[0m 2024-11-05 15:50:34.522483+0500 WebDriverAgentRunner-Runner[21804:212226] Getting the most recent active application (out of 1 total items)
&amp#27;[38;5;173m[Xcode]&amp#27;[0m 
&amp#27;[38;5;173m[Xcode]&amp#27;[0m     t =    80.55s Get all elements bound by accessibility element for: Descendants matching type TabBar
&amp#27;[38;5;173m[Xcode]&amp#27;[0m 
&amp#27;[38;5;173m[Xcode]&amp#27;[0m     t =    80.56s     Requesting snapshot of accessibility hierarchy for app with pid 21811
&amp#27;[38;5;173m[Xcode]&amp#27;[0m 
&amp#27;[38;5;173m[Xcode]&amp#27;[0m     t =    80.61s     Find: Descendants matching type TabBar
&amp#27;[38;5;173m[Xcode]&amp#27;[0m 
&amp#27;[38;5;200m[dbe4db21]&amp#27;[0m&amp#27;[38;5;-42m[XCUITestDriver@9d32 (dbe4db21)]&amp#27;[0m Got response with status 404: {"value":{"error":"no such element","message":"unable to find an element using 'class chain', value '**/XCUIElementTypeTabBar'","traceback":"(\n\t0   WebDriverAgentLib                   0x000000010471f162 FBNoSuchElementErrorResponseForRequest + 290\n\t1   WebDriverAgentLib                   0x000000010471ef3c +[FBFindElementCommands handleFindElement:] + 364\n\t2   WebDriverAgentLib                   0x00000001046e02ac -[FBRoute_TargetAction mountRequest:intoResponse:] + 172\n\t3   WebDriverAgentLib                   0x00000001046c8e73 __37-[FBWebServer registerRouteHandlers:]_block_invoke + 499\n\t4   WebDriverAgentLib                   0x000000010470375d -[RoutingHTTPServer handleRoute:withRequest:response:] + 189\n\t5   WebDriverAgentLib                   0x0000000104704551 __72-[RoutingHTTPServer routeMethod:withPath:parameters:request:connection:]_block_invoke + 65\n\t6   libdispatch.dylib                   0x00007ff80013ca3a _dispatch_client_callout + 8\n\t7   libdispatch.dylib                   0x0...
&amp#27;[38;5;200m[dbe4db21]&amp#27;[0m&amp#27;[38;5;123m[W3C]&amp#27;[0m Matched W3C error code 'no such element' to NoSuchElementError
&amp#27;[38;5;200m[dbe4db21]&amp#27;[0m&amp#27;[38;5;-42m[XCUITestDriver@9d32 (dbe4db21)]&amp#27;[0m Waited for 5205 ms so far
&amp#27;[38;5;200m[dbe4db21]&amp#27;[0m&amp#27;[38;5;-42m[XCUITestDriver@9d32 (dbe4db21)]&amp#27;[0m Matched '/element' to command name 'findElement'
&amp#27;[38;5;200m[dbe4db21]&amp#27;[0m&amp#27;[38;5;-42m[XCUITestDriver@9d32 (dbe4db21)]&amp#27;[0m Proxying [POST /element] to [POST http://127.0.0.1:8100/session/CE40ADAF-B139-4368-BB61-1EFAB337C153/element] with body: {"using":"class chain","value":"**/XCUIElementTypeTabBar"}
&amp#27;[38;5;173m[Xcode]&amp#27;[0m 2024-11-05 15:50:35.095105+0500 WebDriverAgentRunner-Runner[21804:212226] Getting the most recent active application (out of 1 total items)
&amp#27;[38;5;173m[Xcode]&amp#27;[0m 
&amp#27;[38;5;173m[Xcode]&amp#27;[0m     t =    81.13s Get all elements bound by accessibility element for: Descendants matching type TabBar
&amp#27;[38;5;173m[Xcode]&amp#27;[0m 
&amp#27;[38;5;173m[Xcode]&amp#27;[0m     t =    81.13s     Requesting snapshot of accessibility hierarchy for app with pid 21811
&amp#27;[38;5;173m[Xcode]&amp#27;[0m 
&amp#27;[38;5;173m[Xcode]&amp#27;[0m     t =    81.19s     Find: Descendants matching type TabBar
&amp#27;[38;5;173m[Xcode]&amp#27;[0m 
&amp#27;[38;5;200m[dbe4db21]&amp#27;[0m&amp#27;[38;5;-42m[XCUITestDriver@9d32 (dbe4db21)]&amp#27;[0m Got response with status 404: {"value":{"error":"no such element","message":"unable to find an element using 'class chain', value '**/XCUIElementTypeTabBar'","traceback":"(\n\t0   WebDriverAgentLib                   0x000000010471f162 FBNoSuchElementErrorResponseForRequest + 290\n\t1   WebDriverAgentLib                   0x000000010471ef3c +[FBFindElementCommands handleFindElement:] + 364\n\t2   WebDriverAgentLib                   0x00000001046e02ac -[FBRoute_TargetAction mountRequest:intoResponse:] + 172\n\t3   WebDriverAgentLib                   0x00000001046c8e73 __37-[FBWebServer registerRouteHandlers:]_block_invoke + 499\n\t4   WebDriverAgentLib                   0x000000010470375d -[RoutingHTTPServer handleRoute:withRequest:response:] + 189\n\t5   WebDriverAgentLib                   0x0000000104704551 __72-[RoutingHTTPServer routeMethod:withPath:parameters:request:connection:]_block_invoke + 65\n\t6   libdispatch.dylib                   0x00007ff80013ca3a _dispatch_client_callout + 8\n\t7   libdispatch.dylib                   0x0...
&amp#27;[38;5;200m[dbe4db21]&amp#27;[0m&amp#27;[38;5;123m[W3C]&amp#27;[0m Matched W3C error code 'no such element' to NoSuchElementError
&amp#27;[38;5;200m[dbe4db21]&amp#27;[0m&amp#27;[38;5;-42m[XCUITestDriver@9d32 (dbe4db21)]&amp#27;[0m Waited for 5781 ms so far
&amp#27;[38;5;200m[dbe4db21]&amp#27;[0m&amp#27;[38;5;-42m[XCUITestDriver@9d32 (dbe4db21)]&amp#27;[0m Matched '/element' to command name 'findElement'
&amp#27;[38;5;200m[dbe4db21]&amp#27;[0m&amp#27;[38;5;-42m[XCUITestDriver@9d32 (dbe4db21)]&amp#27;[0m Proxying [POST /element] to [POST http://127.0.0.1:8100/session/CE40ADAF-B139-4368-BB61-1EFAB337C153/element] with body: {"using":"class chain","value":"**/XCUIElementTypeTabBar"}
&amp#27;[38;5;173m[Xcode]&amp#27;[0m 2024-11-05 15:50:35.668410+0500 WebDriverAgentRunner-Runner[21804:212226] Getting the most recent active application (out of 1 total items)
&amp#27;[38;5;173m[Xcode]&amp#27;[0m 
&amp#27;[38;5;173m[Xcode]&amp#27;[0m     t =    81.70s Get all elements bound by accessibility element for: Descendants matching type TabBar
&amp#27;[38;5;173m[Xcode]&amp#27;[0m 
&amp#27;[38;5;173m[Xcode]&amp#27;[0m     t =    81.70s     Requesting snapshot of accessibility hierarchy for app with pid 21811
&amp#27;[38;5;173m[Xcode]&amp#27;[0m 
&amp#27;[38;5;173m[Xcode]&amp#27;[0m     t =    81.75s     Find: Descendants matching type TabBar
&amp#27;[38;5;173m[Xcode]&amp#27;[0m 
&amp#27;[38;5;200m[dbe4db21]&amp#27;[0m&amp#27;[38;5;-42m[XCUITestDriver@9d32 (dbe4db21)]&amp#27;[0m Got response with status 404: {"value":{"error":"no such element","message":"unable to find an element using 'class chain', value '**/XCUIElementTypeTabBar'","traceback":"(\n\t0   WebDriverAgentLib                   0x000000010471f162 FBNoSuchElementErrorResponseForRequest + 290\n\t1   WebDriverAgentLib                   0x000000010471ef3c +[FBFindElementCommands handleFindElement:] + 364\n\t2   WebDriverAgentLib                   0x00000001046e02ac -[FBRoute_TargetAction mountRequest:intoResponse:] + 172\n\t3   WebDriverAgentLib                   0x00000001046c8e73 __37-[FBWebServer registerRouteHandlers:]_block_invoke + 499\n\t4   WebDriverAgentLib                   0x000000010470375d -[RoutingHTTPServer handleRoute:withRequest:response:] + 189\n\t5   WebDriverAgentLib                   0x0000000104704551 __72-[RoutingHTTPServer routeMethod:withPath:parameters:request:connection:]_block_invoke + 65\n\t6   libdispatch.dylib                   0x00007ff80013ca3a _dispatch_client_callout + 8\n\t7   libdispatch.dylib                   0x0...
&amp#27;[38;5;200m[dbe4db21]&amp#27;[0m&amp#27;[38;5;123m[W3C]&amp#27;[0m Matched W3C error code 'no such element' to NoSuchElementError
&amp#27;[38;5;200m[dbe4db21]&amp#27;[0m&amp#27;[38;5;-42m[XCUITestDriver@9d32 (dbe4db21)]&amp#27;[0m Waited for 6347 ms so far
&amp#27;[38;5;200m[dbe4db21]&amp#27;[0m&amp#27;[38;5;-42m[XCUITestDriver@9d32 (dbe4db21)]&amp#27;[0m Matched '/element' to command name 'findElement'
&amp#27;[38;5;200m[dbe4db21]&amp#27;[0m&amp#27;[38;5;-42m[XCUITestDriver@9d32 (dbe4db21)]&amp#27;[0m Proxying [POST /element] to [POST http://127.0.0.1:8100/session/CE40ADAF-B139-4368-BB61-1EFAB337C153/element] with body: {"using":"class chain","value":"**/XCUIElementTypeTabBar"}
&amp#27;[38;5;173m[Xcode]&amp#27;[0m 2024-11-05 15:50:36.235364+0500 WebDriverAgentRunner-Runner[21804:212226] Getting the most recent active application (out of 1 total items)
&amp#27;[38;5;173m[Xcode]&amp#27;[0m 
&amp#27;[38;5;173m[Xcode]&amp#27;[0m     t =    82.27s Get all elements bound by accessibility element for: Descendants matching type TabBar
&amp#27;[38;5;173m[Xcode]&amp#27;[0m 
&amp#27;[38;5;173m[Xcode]&amp#27;[0m     t =    82.27s     Requesting snapshot of accessibility hierarchy for app with pid 21811
&amp#27;[38;5;173m[Xcode]&amp#27;[0m 
&amp#27;[38;5;173m[Xcode]&amp#27;[0m     t =    82.32s     Find: Descendants matching type TabBar
&amp#27;[38;5;173m[Xcode]&amp#27;[0m 
&amp#27;[38;5;200m[dbe4db21]&amp#27;[0m&amp#27;[38;5;-42m[XCUITestDriver@9d32 (dbe4db21)]&amp#27;[0m Got response with status 404: {"value":{"error":"no such element","message":"unable to find an element using 'class chain', value '**/XCUIElementTypeTabBar'","traceback":"(\n\t0   WebDriverAgentLib                   0x000000010471f162 FBNoSuchElementErrorResponseForRequest + 290\n\t1   WebDriverAgentLib                   0x000000010471ef3c +[FBFindElementCommands handleFindElement:] + 364\n\t2   WebDriverAgentLib                   0x00000001046e02ac -[FBRoute_TargetAction mountRequest:intoResponse:] + 172\n\t3   WebDriverAgentLib                   0x00000001046c8e73 __37-[FBWebServer registerRouteHandlers:]_block_invoke + 499\n\t4   WebDriverAgentLib                   0x000000010470375d -[RoutingHTTPServer handleRoute:withRequest:response:] + 189\n\t5   WebDriverAgentLib                   0x0000000104704551 __72-[RoutingHTTPServer routeMethod:withPath:parameters:request:connection:]_block_invoke + 65\n\t6   libdispatch.dylib                   0x00007ff80013ca3a _dispatch_client_callout + 8\n\t7   libdispatch.dylib                   0x0...
&amp#27;[38;5;200m[dbe4db21]&amp#27;[0m&amp#27;[38;5;123m[W3C]&amp#27;[0m Matched W3C error code 'no such element' to NoSuchElementError
&amp#27;[38;5;200m[dbe4db21]&amp#27;[0m&amp#27;[38;5;-42m[XCUITestDriver@9d32 (dbe4db21)]&amp#27;[0m Waited for 6914 ms so far
&amp#27;[38;5;200m[dbe4db21]&amp#27;[0m&amp#27;[38;5;-42m[XCUITestDriver@9d32 (dbe4db21)]&amp#27;[0m Matched '/element' to command name 'findElement'
&amp#27;[38;5;200m[dbe4db21]&amp#27;[0m&amp#27;[38;5;-42m[XCUITestDriver@9d32 (dbe4db21)]&amp#27;[0m Proxying [POST /element] to [POST http://127.0.0.1:8100/session/CE40ADAF-B139-4368-BB61-1EFAB337C153/element] with body: {"using":"class chain","value":"**/XCUIElementTypeTabBar"}
&amp#27;[38;5;173m[Xcode]&amp#27;[0m 2024-11-05 15:50:36.800954+0500 WebDriverAgentRunner-Runner[21804:212226] Getting the most recent active application (out of 1 total items)
&amp#27;[38;5;173m[Xcode]&amp#27;[0m 
&amp#27;[38;5;173m[Xcode]&amp#27;[0m     t =    82.83s Get all elements bound by accessibility element for: Descendants matching type TabBar
&amp#27;[38;5;173m[Xcode]&amp#27;[0m 
&amp#27;[38;5;173m[Xcode]&amp#27;[0m     t =    82.83s     Requesting snapshot of accessibility hierarchy for app with pid 21811
&amp#27;[38;5;173m[Xcode]&amp#27;[0m 
&amp#27;[38;5;173m[Xcode]&amp#27;[0m     t =    82.89s     Find: Descendants matching type TabBar
&amp#27;[38;5;173m[Xcode]&amp#27;[0m 
&amp#27;[38;5;200m[dbe4db21]&amp#27;[0m&amp#27;[38;5;-42m[XCUITestDriver@9d32 (dbe4db21)]&amp#27;[0m Got response with status 404: {"value":{"error":"no such element","message":"unable to find an element using 'class chain', value '**/XCUIElementTypeTabBar'","traceback":"(\n\t0   WebDriverAgentLib                   0x000000010471f162 FBNoSuchElementErrorResponseForRequest + 290\n\t1   WebDriverAgentLib                   0x000000010471ef3c +[FBFindElementCommands handleFindElement:] + 364\n\t2   WebDriverAgentLib                   0x00000001046e02ac -[FBRoute_TargetAction mountRequest:intoResponse:] + 172\n\t3   WebDriverAgentLib                   0x00000001046c8e73 __37-[FBWebServer registerRouteHandlers:]_block_invoke + 499\n\t4   WebDriverAgentLib                   0x000000010470375d -[RoutingHTTPServer handleRoute:withRequest:response:] + 189\n\t5   WebDriverAgentLib                   0x0000000104704551 __72-[RoutingHTTPServer routeMethod:withPath:parameters:request:connection:]_block_invoke + 65\n\t6   libdispatch.dylib                   0x00007ff80013ca3a _dispatch_client_callout + 8\n\t7   libdispatch.dylib                   0x0...
&amp#27;[38;5;200m[dbe4db21]&amp#27;[0m&amp#27;[38;5;123m[W3C]&amp#27;[0m Matched W3C error code 'no such element' to NoSuchElementError
&amp#27;[38;5;200m[dbe4db21]&amp#27;[0m&amp#27;[38;5;-42m[XCUITestDriver@9d32 (dbe4db21)]&amp#27;[0m Waited for 7486 ms so far
&amp#27;[38;5;200m[dbe4db21]&amp#27;[0m&amp#27;[38;5;-42m[XCUITestDriver@9d32 (dbe4db21)]&amp#27;[0m Matched '/element' to command name 'findElement'
&amp#27;[38;5;200m[dbe4db21]&amp#27;[0m&amp#27;[38;5;-42m[XCUITestDriver@9d32 (dbe4db21)]&amp#27;[0m Proxying [POST /element] to [POST http://127.0.0.1:8100/session/CE40ADAF-B139-4368-BB61-1EFAB337C153/element] with body: {"using":"class chain","value":"**/XCUIElementTypeTabBar"}
&amp#27;[38;5;173m[Xcode]&amp#27;[0m 2024-11-05 15:50:37.374288+0500 WebDriverAgentRunner-Runner[21804:212226] Getting the most recent active application (out of 1 total items)
&amp#27;[38;5;173m[Xcode]&amp#27;[0m 
&amp#27;[38;5;173m[Xcode]&amp#27;[0m     t =    83.41s Get all elements bound by accessibility element for: Descendants matching type TabBar
&amp#27;[38;5;173m[Xcode]&amp#27;[0m 
&amp#27;[38;5;173m[Xcode]&amp#27;[0m     t =    83.41s     Requesting snapshot of accessibility hierarchy for app with pid 21811
&amp#27;[38;5;173m[Xcode]&amp#27;[0m 
&amp#27;[38;5;173m[Xcode]&amp#27;[0m     t =    83.46s     Find: Descendants matching type TabBar
&amp#27;[38;5;173m[Xcode]&amp#27;[0m 
&amp#27;[38;5;200m[dbe4db21]&amp#27;[0m&amp#27;[38;5;-42m[XCUITestDriver@9d32 (dbe4db21)]&amp#27;[0m Got response with status 404: {"value":{"error":"no such element","message":"unable to find an element using 'class chain', value '**/XCUIElementTypeTabBar'","traceback":"(\n\t0   WebDriverAgentLib                   0x000000010471f162 FBNoSuchElementErrorResponseForRequest + 290\n\t1   WebDriverAgentLib                   0x000000010471ef3c +[FBFindElementCommands handleFindElement:] + 364\n\t2   WebDriverAgentLib                   0x00000001046e02ac -[FBRoute_TargetAction mountRequest:intoResponse:] + 172\n\t3   WebDriverAgentLib                   0x00000001046c8e73 __37-[FBWebServer registerRouteHandlers:]_block_invoke + 499\n\t4   WebDriverAgentLib                   0x000000010470375d -[RoutingHTTPServer handleRoute:withRequest:response:] + 189\n\t5   WebDriverAgentLib                   0x0000000104704551 __72-[RoutingHTTPServer routeMethod:withPath:parameters:request:connection:]_block_invoke + 65\n\t6   libdispatch.dylib                   0x00007ff80013ca3a _dispatch_client_callout + 8\n\t7   libdispatch.dylib                   0x0...
&amp#27;[38;5;200m[dbe4db21]&amp#27;[0m&amp#27;[38;5;123m[W3C]&amp#27;[0m Matched W3C error code 'no such element' to NoSuchElementError
&amp#27;[38;5;200m[dbe4db21]&amp#27;[0m&amp#27;[38;5;-42m[XCUITestDriver@9d32 (dbe4db21)]&amp#27;[0m Waited for 8060 ms so far
&amp#27;[38;5;200m[dbe4db21]&amp#27;[0m&amp#27;[38;5;-42m[XCUITestDriver@9d32 (dbe4db21)]&amp#27;[0m Matched '/element' to command name 'findElement'
&amp#27;[38;5;200m[dbe4db21]&amp#27;[0m&amp#27;[38;5;-42m[XCUITestDriver@9d32 (dbe4db21)]&amp#27;[0m Proxying [POST /element] to [POST http://127.0.0.1:8100/session/CE40ADAF-B139-4368-BB61-1EFAB337C153/element] with body: {"using":"class chain","value":"**/XCUIElementTypeTabBar"}
&amp#27;[38;5;173m[Xcode]&amp#27;[0m 2024-11-05 15:50:37.949184+0500 WebDriverAgentRunner-Runner[21804:212226] Getting the most recent active application (out of 1 total items)
&amp#27;[38;5;173m[Xcode]&amp#27;[0m 
&amp#27;[38;5;173m[Xcode]&amp#27;[0m     t =    83.98s Get all elements bound by accessibility element for: Descendants matching type TabBar
&amp#27;[38;5;173m[Xcode]&amp#27;[0m 
&amp#27;[38;5;173m[Xcode]&amp#27;[0m     t =    83.98s     Requesting snapshot of accessibility hierarchy for app with pid 21811
&amp#27;[38;5;173m[Xcode]&amp#27;[0m 
&amp#27;[38;5;173m[Xcode]&amp#27;[0m     t =    84.04s     Find: Descendants matching type TabBar
&amp#27;[38;5;173m[Xcode]&amp#27;[0m 
&amp#27;[38;5;200m[dbe4db21]&amp#27;[0m&amp#27;[38;5;-42m[XCUITestDriver@9d32 (dbe4db21)]&amp#27;[0m Got response with status 404: {"value":{"error":"no such element","message":"unable to find an element using 'class chain', value '**/XCUIElementTypeTabBar'","traceback":"(\n\t0   WebDriverAgentLib                   0x000000010471f162 FBNoSuchElementErrorResponseForRequest + 290\n\t1   WebDriverAgentLib                   0x000000010471ef3c +[FBFindElementCommands handleFindElement:] + 364\n\t2   WebDriverAgentLib                   0x00000001046e02ac -[FBRoute_TargetAction mountRequest:intoResponse:] + 172\n\t3   WebDriverAgentLib                   0x00000001046c8e73 __37-[FBWebServer registerRouteHandlers:]_block_invoke + 499\n\t4   WebDriverAgentLib                   0x000000010470375d -[RoutingHTTPServer handleRoute:withRequest:response:] + 189\n\t5   WebDriverAgentLib                   0x0000000104704551 __72-[RoutingHTTPServer routeMethod:withPath:parameters:request:connection:]_block_invoke + 65\n\t6   libdispatch.dylib                   0x00007ff80013ca3a _dispatch_client_callout + 8\n\t7   libdispatch.dylib                   0x0...
&amp#27;[38;5;200m[dbe4db21]&amp#27;[0m&amp#27;[38;5;123m[W3C]&amp#27;[0m Matched W3C error code 'no such element' to NoSuchElementError
&amp#27;[38;5;200m[dbe4db21]&amp#27;[0m&amp#27;[38;5;-42m[XCUITestDriver@9d32 (dbe4db21)]&amp#27;[0m Waited for 8635 ms so far
&amp#27;[38;5;200m[dbe4db21]&amp#27;[0m&amp#27;[38;5;-42m[XCUITestDriver@9d32 (dbe4db21)]&amp#27;[0m Matched '/element' to command name 'findElement'
&amp#27;[38;5;200m[dbe4db21]&amp#27;[0m&amp#27;[38;5;-42m[XCUITestDriver@9d32 (dbe4db21)]&amp#27;[0m Proxying [POST /element] to [POST http://127.0.0.1:8100/session/CE40ADAF-B139-4368-BB61-1EFAB337C153/element] with body: {"using":"class chain","value":"**/XCUIElementTypeTabBar"}
&amp#27;[38;5;173m[Xcode]&amp#27;[0m 2024-11-05 15:50:38.524097+0500 WebDriverAgentRunner-Runner[21804:212226] Getting the most recent active application (out of 1 total items)
&amp#27;[38;5;173m[Xcode]&amp#27;[0m 
&amp#27;[38;5;173m[Xcode]&amp#27;[0m     t =    84.56s Get all elements bound by accessibility element for: Descendants matching type TabBar
&amp#27;[38;5;173m[Xcode]&amp#27;[0m 
&amp#27;[38;5;173m[Xcode]&amp#27;[0m     t =    84.56s     Requesting snapshot of accessibility hierarchy for app with pid 21811
&amp#27;[38;5;173m[Xcode]&amp#27;[0m 
&amp#27;[38;5;173m[Xcode]&amp#27;[0m     t =    84.62s     Find: Descendants matching type TabBar
&amp#27;[38;5;173m[Xcode]&amp#27;[0m 
&amp#27;[38;5;200m[dbe4db21]&amp#27;[0m&amp#27;[38;5;-42m[XCUITestDriver@9d32 (dbe4db21)]&amp#27;[0m Got response with status 404: {"value":{"error":"no such element","message":"unable to find an element using 'class chain', value '**/XCUIElementTypeTabBar'","traceback":"(\n\t0   WebDriverAgentLib                   0x000000010471f162 FBNoSuchElementErrorResponseForRequest + 290\n\t1   WebDriverAgentLib                   0x000000010471ef3c +[FBFindElementCommands handleFindElement:] + 364\n\t2   WebDriverAgentLib                   0x00000001046e02ac -[FBRoute_TargetAction mountRequest:intoResponse:] + 172\n\t3   WebDriverAgentLib                   0x00000001046c8e73 __37-[FBWebServer registerRouteHandlers:]_block_invoke + 499\n\t4   WebDriverAgentLib                   0x000000010470375d -[RoutingHTTPServer handleRoute:withRequest:response:] + 189\n\t5   WebDriverAgentLib                   0x0000000104704551 __72-[RoutingHTTPServer routeMethod:withPath:parameters:request:connection:]_block_invoke + 65\n\t6   libdispatch.dylib                   0x00007ff80013ca3a _dispatch_client_callout + 8\n\t7   libdispatch.dylib                   0x0...
&amp#27;[38;5;200m[dbe4db21]&amp#27;[0m&amp#27;[38;5;123m[W3C]&amp#27;[0m Matched W3C error code 'no such element' to NoSuchElementError
&amp#27;[38;5;200m[dbe4db21]&amp#27;[0m&amp#27;[38;5;-42m[XCUITestDriver@9d32 (dbe4db21)]&amp#27;[0m Waited for 9212 ms so far
&amp#27;[38;5;200m[dbe4db21]&amp#27;[0m&amp#27;[38;5;-42m[XCUITestDriver@9d32 (dbe4db21)]&amp#27;[0m Matched '/element' to command name 'findElement'
&amp#27;[38;5;200m[dbe4db21]&amp#27;[0m&amp#27;[38;5;-42m[XCUITestDriver@9d32 (dbe4db21)]&amp#27;[0m Proxying [POST /element] to [POST http://127.0.0.1:8100/session/CE40ADAF-B139-4368-BB61-1EFAB337C153/element] with body: {"using":"class chain","value":"**/XCUIElementTypeTabBar"}
&amp#27;[38;5;173m[Xcode]&amp#27;[0m 2024-11-05 15:50:39.100615+0500 WebDriverAgentRunner-Runner[21804:212226] Getting the most recent active application (out of 1 total items)
&amp#27;[38;5;173m[Xcode]&amp#27;[0m 
&amp#27;[38;5;173m[Xcode]&amp#27;[0m     t =    85.13s Get all elements bound by accessibility element for: Descendants matching type TabBar
&amp#27;[38;5;173m[Xcode]&amp#27;[0m 
&amp#27;[38;5;173m[Xcode]&amp#27;[0m     t =    85.13s     Requesting snapshot of accessibility hierarchy for app with pid 21811
&amp#27;[38;5;173m[Xcode]&amp#27;[0m 
&amp#27;[38;5;173m[Xcode]&amp#27;[0m     t =    85.19s     Find: Descendants matching type TabBar
&amp#27;[38;5;173m[Xcode]&amp#27;[0m 
&amp#27;[38;5;200m[dbe4db21]&amp#27;[0m&amp#27;[38;5;-42m[XCUITestDriver@9d32 (dbe4db21)]&amp#27;[0m Got response with status 404: {"value":{"error":"no such element","message":"unable to find an element using 'class chain', value '**/XCUIElementTypeTabBar'","traceback":"(\n\t0   WebDriverAgentLib                   0x000000010471f162 FBNoSuchElementErrorResponseForRequest + 290\n\t1   WebDriverAgentLib                   0x000000010471ef3c +[FBFindElementCommands handleFindElement:] + 364\n\t2   WebDriverAgentLib                   0x00000001046e02ac -[FBRoute_TargetAction mountRequest:intoResponse:] + 172\n\t3   WebDriverAgentLib                   0x00000001046c8e73 __37-[FBWebServer registerRouteHandlers:]_block_invoke + 499\n\t4   WebDriverAgentLib                   0x000000010470375d -[RoutingHTTPServer handleRoute:withRequest:response:] + 189\n\t5   WebDriverAgentLib                   0x0000000104704551 __72-[RoutingHTTPServer routeMethod:withPath:parameters:request:connection:]_block_invoke + 65\n\t6   libdispatch.dylib                   0x00007ff80013ca3a _dispatch_client_callout + 8\n\t7   libdispatch.dylib                   0x0...
&amp#27;[38;5;200m[dbe4db21]&amp#27;[0m&amp#27;[38;5;123m[W3C]&amp#27;[0m Matched W3C error code 'no such element' to NoSuchElementError
&amp#27;[38;5;200m[dbe4db21]&amp#27;[0m&amp#27;[38;5;-42m[XCUITestDriver@9d32 (dbe4db21)]&amp#27;[0m Waited for 9787 ms so far
&amp#27;[38;5;200m[dbe4db21]&amp#27;[0m&amp#27;[38;5;-42m[XCUITestDriver@9d32 (dbe4db21)]&amp#27;[0m Matched '/element' to command name 'findElement'
&amp#27;[38;5;200m[dbe4db21]&amp#27;[0m&amp#27;[38;5;-42m[XCUITestDriver@9d32 (dbe4db21)]&amp#27;[0m Proxying [POST /element] to [POST http://127.0.0.1:8100/session/CE40ADAF-B139-4368-BB61-1EFAB337C153/element] with body: {"using":"class chain","value":"**/XCUIElementTypeTabBar"}
&amp#27;[38;5;173m[Xcode]&amp#27;[0m 2024-11-05 15:50:39.389179+0500 WebDriverAgentRunner-Runner[21804:212226] Getting the most recent active application (out of 1 total items)
&amp#27;[38;5;173m[Xcode]&amp#27;[0m 
&amp#27;[38;5;173m[Xcode]&amp#27;[0m     t =    85.42s Get all elements bound by accessibility element for: Descendants matching type TabBar
&amp#27;[38;5;173m[Xcode]&amp#27;[0m 
&amp#27;[38;5;173m[Xcode]&amp#27;[0m     t =    85.42s     Requesting snapshot of accessibility hierarchy for app with pid 21811
&amp#27;[38;5;173m[Xcode]&amp#27;[0m 
&amp#27;[38;5;173m[Xcode]&amp#27;[0m     t =    85.48s     Find: Descendants matching type TabBar
&amp#27;[38;5;173m[Xcode]&amp#27;[0m 
&amp#27;[38;5;200m[dbe4db21]&amp#27;[0m&amp#27;[38;5;-42m[XCUITestDriver@9d32 (dbe4db21)]&amp#27;[0m Got response with status 404: {"value":{"error":"no such element","message":"unable to find an element using 'class chain', value '**/XCUIElementTypeTabBar'","traceback":"(\n\t0   WebDriverAgentLib                   0x000000010471f162 FBNoSuchElementErrorResponseForRequest + 290\n\t1   WebDriverAgentLib                   0x000000010471ef3c +[FBFindElementCommands handleFindElement:] + 364\n\t2   WebDriverAgentLib                   0x00000001046e02ac -[FBRoute_TargetAction mountRequest:intoResponse:] + 172\n\t3   WebDriverAgentLib                   0x00000001046c8e73 __37-[FBWebServer registerRouteHandlers:]_block_invoke + 499\n\t4   WebDriverAgentLib                   0x000000010470375d -[RoutingHTTPServer handleRoute:withRequest:response:] + 189\n\t5   WebDriverAgentLib                   0x0000000104704551 __72-[RoutingHTTPServer routeMethod:withPath:parameters:request:connection:]_block_invoke + 65\n\t6   libdispatch.dylib                   0x00007ff80013ca3a _dispatch_client_callout + 8\n\t7   libdispatch.dylib                   0x0...
&amp#27;[38;5;200m[dbe4db21]&amp#27;[0m&amp#27;[38;5;123m[W3C]&amp#27;[0m Matched W3C error code 'no such element' to NoSuchElementError
&amp#27;[38;5;200m[dbe4db21]&amp#27;[0m&amp#27;[38;5;-42m[XCUITestDriver@9d32 (dbe4db21)]&amp#27;[0m Encountered internal error running command: NoSuchElementError: An element could not be located on the page using the given search parameters.
&amp#27;[38;5;200m[dbe4db21]&amp#27;[0m&amp#27;[38;5;-42m[XCUITestDriver@9d32 (dbe4db21)]&amp#27;[0m     at XCUITestDriver.doNativeFind (/Users/oikhlas/.appium/node_modules/appium-xcuitest-driver/lib/commands/find.js:143:13)
&amp#27;[38;5;200m[dbe4db21]&amp#27;[0m&amp#27;[38;5;-42m[XCUITestDriver@9d32 (dbe4db21)]&amp#27;[0m     at processTicksAndRejections (node:internal/process/task_queues:95:5)
&amp#27;[38;5;200m[dbe4db21]&amp#27;[0m&amp#27;[38;5;-42m[XCUITestDriver@9d32 (dbe4db21)]&amp#27;[0m     at XCUITestDriver.findNativeElementOrElements (/Users/oikhlas/.appium/node_modules/appium-xcuitest-driver/lib/commands/find.js:97:12)
&amp#27;[38;5;200m[dbe4db21]&amp#27;[0m&amp#27;[38;5;-42m[XCUITestDriver@9d32 (dbe4db21)]&amp#27;[0m     at XCUITestDriver.findElOrEls (/Users/oikhlas/.appium/node_modules/appium-xcuitest-driver/lib/commands/find.js:24:14)
&amp#27;[38;5;200m[dbe4db21]&amp#27;[0m&amp#27;[38;5;-42m[XCUITestDriver@9d32 (dbe4db21)]&amp#27;[0m     at XCUITestDriver.findElOrElsWithProcessing (/Users/oikhlas/node_modules/@appium/base-driver/lib/basedriver/commands/find.ts:60:12)
&amp#27;[38;5;200m[dbe4db21]&amp#27;[0m&amp#27;[38;5;-42m[XCUITestDriver@9d32 (dbe4db21)]&amp#27;[0m     at XCUITestDriver.findElement (/Users/oikhlas/node_modules/@appium/base-driver/lib/basedriver/commands/find.ts:75:12)
&amp#27;[38;5;200m[dbe4db21]&amp#27;[0m&amp#27;[38;5;86m[HTTP]&amp#27;[0m <-- POST /session/dbe4db21-e6a9-4d05-bdbb-cc788eb5635e/element 404 10074 ms - 964 
&amp#27;[38;5;200m[dbe4db21]&amp#27;[0m&amp#27;[38;5;86m[HTTP]&amp#27;[0m &amp#27;[37m-->&amp#27;[39m &amp#27;[37mPOST&amp#27;[39m &amp#27;[37m/session/dbe4db21-e6a9-4d05-bdbb-cc788eb5635e/element&amp#27;[39m {"using":"name","value":"applitools_grab_scrollable_data_button"}
&amp#27;[38;5;200m[dbe4db21]&amp#27;[0m&amp#27;[38;5;-42m[XCUITestDriver@9d32 (dbe4db21)]&amp#27;[0m Calling AppiumDriver.findElement() with args: ["name","applitools_grab_scrollable_data_button","dbe4db21-e6a9-4d05-bdbb-cc788eb5635e"]
&amp#27;[38;5;200m[dbe4db21]&amp#27;[0m&amp#27;[38;5;-42m[XCUITestDriver@9d32 (dbe4db21)]&amp#27;[0m Executing command 'findElement'
&amp#27;[38;5;200m[dbe4db21]&amp#27;[0m&amp#27;[38;5;-42m[XCUITestDriver@9d32 (dbe4db21)]&amp#27;[0m Valid locator strategies for this request: xpath, id, name, class name, -ios predicate string, -ios class chain, accessibility id, css selector
&amp#27;[38;5;200m[dbe4db21]&amp#27;[0m&amp#27;[38;5;-42m[XCUITestDriver@9d32 (dbe4db21)]&amp#27;[0m Waiting up to 10000 ms for condition
&amp#27;[38;5;200m[dbe4db21]&amp#27;[0m&amp#27;[38;5;-42m[XCUITestDriver@9d32 (dbe4db21)]&amp#27;[0m Matched '/element' to command name 'findElement'
&amp#27;[38;5;200m[dbe4db21]&amp#27;[0m&amp#27;[38;5;-42m[XCUITestDriver@9d32 (dbe4db21)]&amp#27;[0m Proxying [POST /element] to [POST http://127.0.0.1:8100/session/CE40ADAF-B139-4368-BB61-1EFAB337C153/element] with body: {"using":"name","value":"applitools_grab_scrollable_data_button"}
&amp#27;[38;5;173m[Xcode]&amp#27;[0m 2024-11-05 15:50:39.566464+0500 WebDriverAgentRunner-Runner[21804:212226] Getting the most recent active application (out of 1 total items)
&amp#27;[38;5;173m[Xcode]&amp#27;[0m 
&amp#27;[38;5;173m[Xcode]&amp#27;[0m     t =    85.60s Get all elements bound by accessibility element for: Elements matching predicate 'BLOCKPREDICATE(0x6000020fa820)'
&amp#27;[38;5;173m[Xcode]&amp#27;[0m 
&amp#27;[38;5;173m[Xcode]&amp#27;[0m     t =    85.60s     Requesting snapshot of accessibility hierarchy for app with pid 21811
&amp#27;[38;5;173m[Xcode]&amp#27;[0m 
&amp#27;[38;5;173m[Xcode]&amp#27;[0m     t =    85.70s     Find: Descendants matching type Any
&amp#27;[38;5;173m[Xcode]&amp#27;[0m 
&amp#27;[38;5;173m[Xcode]&amp#27;[0m     t =    85.70s     Find: Elements matching predicate 'BLOCKPREDICATE(0x6000020fa820)'
&amp#27;[38;5;173m[Xcode]&amp#27;[0m 
&amp#27;[38;5;200m[dbe4db21]&amp#27;[0m&amp#27;[38;5;-42m[XCUITestDriver@9d32 (dbe4db21)]&amp#27;[0m Got response with status 404: {"value":{"error":"no such element","message":"unable to find an element using 'name', value 'applitools_grab_scrollable_data_button'","traceback":"(\n\t0   WebDriverAgentLib                   0x000000010471f162 FBNoSuchElementErrorResponseForRequest + 290\n\t1   WebDriverAgentLib                   0x000000010471ef3c +[FBFindElementCommands handleFindElement:] + 364\n\t2   WebDriverAgentLib                   0x00000001046e02ac -[FBRoute_TargetAction mountRequest:intoResponse:] + 172\n\t3   WebDriverAgentLib                   0x00000001046c8e73 __37-[FBWebServer registerRouteHandlers:]_block_invoke + 499\n\t4   WebDriverAgentLib                   0x000000010470375d -[RoutingHTTPServer handleRoute:withRequest:response:] + 189\n\t5   WebDriverAgentLib                   0x0000000104704551 __72-[RoutingHTTPServer routeMethod:withPath:parameters:request:connection:]_block_invoke + 65\n\t6   libdispatch.dylib                   0x00007ff80013ca3a _dispatch_client_callout + 8\n\t7   libdispatch.dylib               ...
&amp#27;[38;5;200m[dbe4db21]&amp#27;[0m&amp#27;[38;5;123m[W3C]&amp#27;[0m Matched W3C error code 'no such element' to NoSuchElementError
&amp#27;[38;5;200m[dbe4db21]&amp#27;[0m&amp#27;[38;5;-42m[XCUITestDriver@9d32 (dbe4db21)]&amp#27;[0m Waited for 117 ms so far
&amp#27;[38;5;200m[dbe4db21]&amp#27;[0m&amp#27;[38;5;-42m[XCUITestDriver@9d32 (dbe4db21)]&amp#27;[0m Matched '/element' to command name 'findElement'
&amp#27;[38;5;200m[dbe4db21]&amp#27;[0m&amp#27;[38;5;-42m[XCUITestDriver@9d32 (dbe4db21)]&amp#27;[0m Proxying [POST /element] to [POST http://127.0.0.1:8100/session/CE40ADAF-B139-4368-BB61-1EFAB337C153/element] with body: {"using":"name","value":"applitools_grab_scrollable_data_button"}
&amp#27;[38;5;173m[Xcode]&amp#27;[0m 2024-11-05 15:50:40.185623+0500 WebDriverAgentRunner-Runner[21804:212226] Getting the most recent active application (out of 1 total items)
&amp#27;[38;5;173m[Xcode]&amp#27;[0m 
&amp#27;[38;5;173m[Xcode]&amp#27;[0m     t =    86.22s Get all elements bound by accessibility element for: Elements matching predicate 'BLOCKPREDICATE(0x600002159ad0)'
&amp#27;[38;5;173m[Xcode]&amp#27;[0m 
&amp#27;[38;5;173m[Xcode]&amp#27;[0m     t =    86.22s     Requesting snapshot of accessibility hierarchy for app with pid 21811
&amp#27;[38;5;173m[Xcode]&amp#27;[0m 
&amp#27;[38;5;173m[Xcode]&amp#27;[0m     t =    86.32s     Find: Descendants matching type Any
&amp#27;[38;5;173m[Xcode]&amp#27;[0m 
&amp#27;[38;5;173m[Xcode]&amp#27;[0m     t =    86.32s     Find: Elements matching predicate 'BLOCKPREDICATE(0x600002159ad0)'
&amp#27;[38;5;173m[Xcode]&amp#27;[0m 
&amp#27;[38;5;200m[dbe4db21]&amp#27;[0m&amp#27;[38;5;-42m[XCUITestDriver@9d32 (dbe4db21)]&amp#27;[0m Got response with status 404: {"value":{"error":"no such element","message":"unable to find an element using 'name', value 'applitools_grab_scrollable_data_button'","traceback":"(\n\t0   WebDriverAgentLib                   0x000000010471f162 FBNoSuchElementErrorResponseForRequest + 290\n\t1   WebDriverAgentLib                   0x000000010471ef3c +[FBFindElementCommands handleFindElement:] + 364\n\t2   WebDriverAgentLib                   0x00000001046e02ac -[FBRoute_TargetAction mountRequest:intoResponse:] + 172\n\t3   WebDriverAgentLib                   0x00000001046c8e73 __37-[FBWebServer registerRouteHandlers:]_block_invoke + 499\n\t4   WebDriverAgentLib                   0x000000010470375d -[RoutingHTTPServer handleRoute:withRequest:response:] + 189\n\t5   WebDriverAgentLib                   0x0000000104704551 __72-[RoutingHTTPServer routeMethod:withPath:parameters:request:connection:]_block_invoke + 65\n\t6   libdispatch.dylib                   0x00007ff80013ca3a _dispatch_client_callout + 8\n\t7   libdispatch.dylib               ...
&amp#27;[38;5;200m[dbe4db21]&amp#27;[0m&amp#27;[38;5;123m[W3C]&amp#27;[0m Matched W3C error code 'no such element' to NoSuchElementError
&amp#27;[38;5;200m[dbe4db21]&amp#27;[0m&amp#27;[38;5;-42m[XCUITestDriver@9d32 (dbe4db21)]&amp#27;[0m Waited for 737 ms so far
&amp#27;[38;5;200m[dbe4db21]&amp#27;[0m&amp#27;[38;5;-42m[XCUITestDriver@9d32 (dbe4db21)]&amp#27;[0m Matched '/element' to command name 'findElement'
&amp#27;[38;5;200m[dbe4db21]&amp#27;[0m&amp#27;[38;5;-42m[XCUITestDriver@9d32 (dbe4db21)]&amp#27;[0m Proxying [POST /element] to [POST http://127.0.0.1:8100/session/CE40ADAF-B139-4368-BB61-1EFAB337C153/element] with body: {"using":"name","value":"applitools_grab_scrollable_data_button"}
&amp#27;[38;5;173m[Xcode]&amp#27;[0m 2024-11-05 15:50:40.805977+0500 WebDriverAgentRunner-Runner[21804:212226] Getting the most recent active application (out of 1 total items)
&amp#27;[38;5;173m[Xcode]&amp#27;[0m 
&amp#27;[38;5;173m[Xcode]&amp#27;[0m     t =    86.84s Get all elements bound by accessibility element for: Elements matching predicate 'BLOCKPREDICATE(0x6000020f9bf0)'
&amp#27;[38;5;173m[Xcode]&amp#27;[0m 
&amp#27;[38;5;173m[Xcode]&amp#27;[0m     t =    86.84s     Requesting snapshot of accessibility hierarchy for app with pid 21811
&amp#27;[38;5;173m[Xcode]&amp#27;[0m 
&amp#27;[38;5;173m[Xcode]&amp#27;[0m     t =    86.94s     Find: Descendants matching type Any
&amp#27;[38;5;173m[Xcode]&amp#27;[0m 
&amp#27;[38;5;173m[Xcode]&amp#27;[0m     t =    86.94s     Find: Elements matching predicate 'BLOCKPREDICATE(0x6000020f9bf0)'
&amp#27;[38;5;173m[Xcode]&amp#27;[0m 
&amp#27;[38;5;200m[dbe4db21]&amp#27;[0m&amp#27;[38;5;-42m[XCUITestDriver@9d32 (dbe4db21)]&amp#27;[0m Got response with status 404: {"value":{"error":"no such element","message":"unable to find an element using 'name', value 'applitools_grab_scrollable_data_button'","traceback":"(\n\t0   WebDriverAgentLib                   0x000000010471f162 FBNoSuchElementErrorResponseForRequest + 290\n\t1   WebDriverAgentLib                   0x000000010471ef3c +[FBFindElementCommands handleFindElement:] + 364\n\t2   WebDriverAgentLib                   0x00000001046e02ac -[FBRoute_TargetAction mountRequest:intoResponse:] + 172\n\t3   WebDriverAgentLib                   0x00000001046c8e73 __37-[FBWebServer registerRouteHandlers:]_block_invoke + 499\n\t4   WebDriverAgentLib                   0x000000010470375d -[RoutingHTTPServer handleRoute:withRequest:response:] + 189\n\t5   WebDriverAgentLib                   0x0000000104704551 __72-[RoutingHTTPServer routeMethod:withPath:parameters:request:connection:]_block_invoke + 65\n\t6   libdispatch.dylib                   0x00007ff80013ca3a _dispatch_client_callout + 8\n\t7   libdispatch.dylib               ...
&amp#27;[38;5;200m[dbe4db21]&amp#27;[0m&amp#27;[38;5;123m[W3C]&amp#27;[0m Matched W3C error code 'no such element' to NoSuchElementError
&amp#27;[38;5;200m[dbe4db21]&amp#27;[0m&amp#27;[38;5;-42m[XCUITestDriver@9d32 (dbe4db21)]&amp#27;[0m Waited for 1355 ms so far
&amp#27;[38;5;200m[dbe4db21]&amp#27;[0m&amp#27;[38;5;-42m[XCUITestDriver@9d32 (dbe4db21)]&amp#27;[0m Matched '/element' to command name 'findElement'
&amp#27;[38;5;200m[dbe4db21]&amp#27;[0m&amp#27;[38;5;-42m[XCUITestDriver@9d32 (dbe4db21)]&amp#27;[0m Proxying [POST /element] to [POST http://127.0.0.1:8100/session/CE40ADAF-B139-4368-BB61-1EFAB337C153/element] with body: {"using":"name","value":"applitools_grab_scrollable_data_button"}
&amp#27;[38;5;173m[Xcode]&amp#27;[0m 2024-11-05 15:50:41.422149+0500 WebDriverAgentRunner-Runner[21804:212226] Getting the most recent active application (out of 1 total items)
&amp#27;[38;5;173m[Xcode]&amp#27;[0m 
&amp#27;[38;5;173m[Xcode]&amp#27;[0m     t =    87.45s Get all elements bound by accessibility element for: Elements matching predicate 'BLOCKPREDICATE(0x600002163090)'
&amp#27;[38;5;173m[Xcode]&amp#27;[0m 
&amp#27;[38;5;173m[Xcode]&amp#27;[0m     t =    87.46s     Requesting snapshot of accessibility hierarchy for app with pid 21811
&amp#27;[38;5;173m[Xcode]&amp#27;[0m 
&amp#27;[38;5;173m[Xcode]&amp#27;[0m     t =    87.56s     Find: Descendants matching type Any
&amp#27;[38;5;173m[Xcode]&amp#27;[0m 
&amp#27;[38;5;173m[Xcode]&amp#27;[0m     t =    87.56s     Find: Elements matching predicate 'BLOCKPREDICATE(0x600002163090)'
&amp#27;[38;5;173m[Xcode]&amp#27;[0m 
&amp#27;[38;5;200m[dbe4db21]&amp#27;[0m&amp#27;[38;5;-42m[XCUITestDriver@9d32 (dbe4db21)]&amp#27;[0m Got response with status 404: {"value":{"error":"no such element","message":"unable to find an element using 'name', value 'applitools_grab_scrollable_data_button'","traceback":"(\n\t0   WebDriverAgentLib                   0x000000010471f162 FBNoSuchElementErrorResponseForRequest + 290\n\t1   WebDriverAgentLib                   0x000000010471ef3c +[FBFindElementCommands handleFindElement:] + 364\n\t2   WebDriverAgentLib                   0x00000001046e02ac -[FBRoute_TargetAction mountRequest:intoResponse:] + 172\n\t3   WebDriverAgentLib                   0x00000001046c8e73 __37-[FBWebServer registerRouteHandlers:]_block_invoke + 499\n\t4   WebDriverAgentLib                   0x000000010470375d -[RoutingHTTPServer handleRoute:withRequest:response:] + 189\n\t5   WebDriverAgentLib                   0x0000000104704551 __72-[RoutingHTTPServer routeMethod:withPath:parameters:request:connection:]_block_invoke + 65\n\t6   libdispatch.dylib                   0x00007ff80013ca3a _dispatch_client_callout + 8\n\t7   libdispatch.dylib               ...
&amp#27;[38;5;200m[dbe4db21]&amp#27;[0m&amp#27;[38;5;123m[W3C]&amp#27;[0m Matched W3C error code 'no such element' to NoSuchElementError
&amp#27;[38;5;200m[dbe4db21]&amp#27;[0m&amp#27;[38;5;-42m[XCUITestDriver@9d32 (dbe4db21)]&amp#27;[0m Waited for 1976 ms so far
&amp#27;[38;5;200m[dbe4db21]&amp#27;[0m&amp#27;[38;5;-42m[XCUITestDriver@9d32 (dbe4db21)]&amp#27;[0m Matched '/element' to command name 'findElement'
&amp#27;[38;5;200m[dbe4db21]&amp#27;[0m&amp#27;[38;5;-42m[XCUITestDriver@9d32 (dbe4db21)]&amp#27;[0m Proxying [POST /element] to [POST http://127.0.0.1:8100/session/CE40ADAF-B139-4368-BB61-1EFAB337C153/element] with body: {"using":"name","value":"applitools_grab_scrollable_data_button"}
&amp#27;[38;5;173m[Xcode]&amp#27;[0m 2024-11-05 15:50:42.044545+0500 WebDriverAgentRunner-Runner[21804:212226] Getting the most recent active application (out of 1 total items)
&amp#27;[38;5;173m[Xcode]&amp#27;[0m 
&amp#27;[38;5;173m[Xcode]&amp#27;[0m     t =    88.08s Get all elements bound by accessibility element for: Elements matching predicate 'BLOCKPREDICATE(0x6000021c2220)'
&amp#27;[38;5;173m[Xcode]&amp#27;[0m 
&amp#27;[38;5;173m[Xcode]&amp#27;[0m     t =    88.08s     Requesting snapshot of accessibility hierarchy for app with pid 21811
&amp#27;[38;5;173m[Xcode]&amp#27;[0m 
&amp#27;[38;5;173m[Xcode]&amp#27;[0m     t =    88.17s     Find: Descendants matching type Any
&amp#27;[38;5;173m[Xcode]&amp#27;[0m 
&amp#27;[38;5;173m[Xcode]&amp#27;[0m     t =    88.17s     Find: Elements matching predicate 'BLOCKPREDICATE(0x6000021c2220)'
&amp#27;[38;5;173m[Xcode]&amp#27;[0m 
&amp#27;[38;5;200m[dbe4db21]&amp#27;[0m&amp#27;[38;5;-42m[XCUITestDriver@9d32 (dbe4db21)]&amp#27;[0m Got response with status 404: {"value":{"error":"no such element","message":"unable to find an element using 'name', value 'applitools_grab_scrollable_data_button'","traceback":"(\n\t0   WebDriverAgentLib                   0x000000010471f162 FBNoSuchElementErrorResponseForRequest + 290\n\t1   WebDriverAgentLib                   0x000000010471ef3c +[FBFindElementCommands handleFindElement:] + 364\n\t2   WebDriverAgentLib                   0x00000001046e02ac -[FBRoute_TargetAction mountRequest:intoResponse:] + 172\n\t3   WebDriverAgentLib                   0x00000001046c8e73 __37-[FBWebServer registerRouteHandlers:]_block_invoke + 499\n\t4   WebDriverAgentLib                   0x000000010470375d -[RoutingHTTPServer handleRoute:withRequest:response:] + 189\n\t5   WebDriverAgentLib                   0x0000000104704551 __72-[RoutingHTTPServer routeMethod:withPath:parameters:request:connection:]_block_invoke + 65\n\t6   libdispatch.dylib                   0x00007ff80013ca3a _dispatch_client_callout + 8\n\t7   libdispatch.dylib               ...
&amp#27;[38;5;200m[dbe4db21]&amp#27;[0m&amp#27;[38;5;123m[W3C]&amp#27;[0m Matched W3C error code 'no such element' to NoSuchElementError
&amp#27;[38;5;200m[dbe4db21]&amp#27;[0m&amp#27;[38;5;-42m[XCUITestDriver@9d32 (dbe4db21)]&amp#27;[0m Waited for 2591 ms so far
&amp#27;[38;5;200m[dbe4db21]&amp#27;[0m&amp#27;[38;5;-42m[XCUITestDriver@9d32 (dbe4db21)]&amp#27;[0m Matched '/element' to command name 'findElement'
&amp#27;[38;5;200m[dbe4db21]&amp#27;[0m&amp#27;[38;5;-42m[XCUITestDriver@9d32 (dbe4db21)]&amp#27;[0m Proxying [POST /element] to [POST http://127.0.0.1:8100/session/CE40ADAF-B139-4368-BB61-1EFAB337C153/element] with body: {"using":"name","value":"applitools_grab_scrollable_data_button"}
&amp#27;[38;5;173m[Xcode]&amp#27;[0m 2024-11-05 15:50:42.661483+0500 WebDriverAgentRunner-Runner[21804:212226] Getting the most recent active application (out of 1 total items)
&amp#27;[38;5;173m[Xcode]&amp#27;[0m 
&amp#27;[38;5;173m[Xcode]&amp#27;[0m     t =    88.69s Get all elements bound by accessibility element for: Elements matching predicate 'BLOCKPREDICATE(0x600002158690)'
&amp#27;[38;5;173m[Xcode]&amp#27;[0m 
&amp#27;[38;5;173m[Xcode]&amp#27;[0m     t =    88.70s     Requesting snapshot of accessibility hierarchy for app with pid 21811
&amp#27;[38;5;173m[Xcode]&amp#27;[0m 
&amp#27;[38;5;173m[Xcode]&amp#27;[0m     t =    88.79s     Find: Descendants matching type Any
&amp#27;[38;5;173m[Xcode]&amp#27;[0m 
&amp#27;[38;5;173m[Xcode]&amp#27;[0m     t =    88.79s     Find: Elements matching predicate 'BLOCKPREDICATE(0x600002158690)'
&amp#27;[38;5;173m[Xcode]&amp#27;[0m 
&amp#27;[38;5;200m[dbe4db21]&amp#27;[0m&amp#27;[38;5;-42m[XCUITestDriver@9d32 (dbe4db21)]&amp#27;[0m Got response with status 404: {"value":{"error":"no such element","message":"unable to find an element using 'name', value 'applitools_grab_scrollable_data_button'","traceback":"(\n\t0   WebDriverAgentLib                   0x000000010471f162 FBNoSuchElementErrorResponseForRequest + 290\n\t1   WebDriverAgentLib                   0x000000010471ef3c +[FBFindElementCommands handleFindElement:] + 364\n\t2   WebDriverAgentLib                   0x00000001046e02ac -[FBRoute_TargetAction mountRequest:intoResponse:] + 172\n\t3   WebDriverAgentLib                   0x00000001046c8e73 __37-[FBWebServer registerRouteHandlers:]_block_invoke + 499\n\t4   WebDriverAgentLib                   0x000000010470375d -[RoutingHTTPServer handleRoute:withRequest:response:] + 189\n\t5   WebDriverAgentLib                   0x0000000104704551 __72-[RoutingHTTPServer routeMethod:withPath:parameters:request:connection:]_block_invoke + 65\n\t6   libdispatch.dylib                   0x00007ff80013ca3a _dispatch_client_callout + 8\n\t7   libdispatch.dylib               ...
&amp#27;[38;5;200m[dbe4db21]&amp#27;[0m&amp#27;[38;5;123m[W3C]&amp#27;[0m Matched W3C error code 'no such element' to NoSuchElementError
&amp#27;[38;5;200m[dbe4db21]&amp#27;[0m&amp#27;[38;5;-42m[XCUITestDriver@9d32 (dbe4db21)]&amp#27;[0m Waited for 3213 ms so far
&amp#27;[38;5;200m[dbe4db21]&amp#27;[0m&amp#27;[38;5;-42m[XCUITestDriver@9d32 (dbe4db21)]&amp#27;[0m Matched '/element' to command name 'findElement'
&amp#27;[38;5;200m[dbe4db21]&amp#27;[0m&amp#27;[38;5;-42m[XCUITestDriver@9d32 (dbe4db21)]&amp#27;[0m Proxying [POST /element] to [POST http://127.0.0.1:8100/session/CE40ADAF-B139-4368-BB61-1EFAB337C153/element] with body: {"using":"name","value":"applitools_grab_scrollable_data_button"}
&amp#27;[38;5;173m[Xcode]&amp#27;[0m 2024-11-05 15:50:43.279800+0500 WebDriverAgentRunner-Runner[21804:212226] Getting the most recent active application (out of 1 total items)
&amp#27;[38;5;173m[Xcode]&amp#27;[0m 
&amp#27;[38;5;173m[Xcode]&amp#27;[0m     t =    89.31s Get all elements bound by accessibility element for: Elements matching predicate 'BLOCKPREDICATE(0x600002147840)'
&amp#27;[38;5;173m[Xcode]&amp#27;[0m 
&amp#27;[38;5;173m[Xcode]&amp#27;[0m     t =    89.31s     Requesting snapshot of accessibility hierarchy for app with pid 21811
&amp#27;[38;5;173m[Xcode]&amp#27;[0m 
&amp#27;[38;5;173m[Xcode]&amp#27;[0m     t =    89.41s     Find: Descendants matching type Any
&amp#27;[38;5;173m[Xcode]&amp#27;[0m 
&amp#27;[38;5;173m[Xcode]&amp#27;[0m     t =    89.41s     Find: Elements matching predicate 'BLOCKPREDICATE(0x600002147840)'
&amp#27;[38;5;173m[Xcode]&amp#27;[0m 
&amp#27;[38;5;200m[dbe4db21]&amp#27;[0m&amp#27;[38;5;-42m[XCUITestDriver@9d32 (dbe4db21)]&amp#27;[0m Got response with status 404: {"value":{"error":"no such element","message":"unable to find an element using 'name', value 'applitools_grab_scrollable_data_button'","traceback":"(\n\t0   WebDriverAgentLib                   0x000000010471f162 FBNoSuchElementErrorResponseForRequest + 290\n\t1   WebDriverAgentLib                   0x000000010471ef3c +[FBFindElementCommands handleFindElement:] + 364\n\t2   WebDriverAgentLib                   0x00000001046e02ac -[FBRoute_TargetAction mountRequest:intoResponse:] + 172\n\t3   WebDriverAgentLib                   0x00000001046c8e73 __37-[FBWebServer registerRouteHandlers:]_block_invoke + 499\n\t4   WebDriverAgentLib                   0x000000010470375d -[RoutingHTTPServer handleRoute:withRequest:response:] + 189\n\t5   WebDriverAgentLib                   0x0000000104704551 __72-[RoutingHTTPServer routeMethod:withPath:parameters:request:connection:]_block_invoke + 65\n\t6   libdispatch.dylib                   0x00007ff80013ca3a _dispatch_client_callout + 8\n\t7   libdispatch.dylib               ...
&amp#27;[38;5;200m[dbe4db21]&amp#27;[0m&amp#27;[38;5;123m[W3C]&amp#27;[0m Matched W3C error code 'no such element' to NoSuchElementError
&amp#27;[38;5;200m[dbe4db21]&amp#27;[0m&amp#27;[38;5;-42m[XCUITestDriver@9d32 (dbe4db21)]&amp#27;[0m Waited for 3830 ms so far
&amp#27;[38;5;200m[dbe4db21]&amp#27;[0m&amp#27;[38;5;-42m[XCUITestDriver@9d32 (dbe4db21)]&amp#27;[0m Matched '/element' to command name 'findElement'
&amp#27;[38;5;200m[dbe4db21]&amp#27;[0m&amp#27;[38;5;-42m[XCUITestDriver@9d32 (dbe4db21)]&amp#27;[0m Proxying [POST /element] to [POST http://127.0.0.1:8100/session/CE40ADAF-B139-4368-BB61-1EFAB337C153/element] with body: {"using":"name","value":"applitools_grab_scrollable_data_button"}
&amp#27;[38;5;173m[Xcode]&amp#27;[0m 2024-11-05 15:50:43.898374+0500 WebDriverAgentRunner-Runner[21804:212226] Getting the most recent active application (out of 1 total items)
&amp#27;[38;5;173m[Xcode]&amp#27;[0m 
&amp#27;[38;5;173m[Xcode]&amp#27;[0m     t =    89.93s Get all elements bound by accessibility element for: Elements matching predicate 'BLOCKPREDICATE(0x6000021c3db0)'
&amp#27;[38;5;173m[Xcode]&amp#27;[0m 
&amp#27;[38;5;173m[Xcode]&amp#27;[0m     t =    89.93s     Requesting snapshot of accessibility hierarchy for app with pid 21811
&amp#27;[38;5;173m[Xcode]&amp#27;[0m 
&amp#27;[38;5;173m[Xcode]&amp#27;[0m     t =    90.03s     Find: Descendants matching type Any
&amp#27;[38;5;173m[Xcode]&amp#27;[0m 
&amp#27;[38;5;173m[Xcode]&amp#27;[0m     t =    90.03s     Find: Elements matching predicate 'BLOCKPREDICATE(0x6000021c3db0)'
&amp#27;[38;5;173m[Xcode]&amp#27;[0m 
&amp#27;[38;5;200m[dbe4db21]&amp#27;[0m&amp#27;[38;5;-42m[XCUITestDriver@9d32 (dbe4db21)]&amp#27;[0m Got response with status 404: {"value":{"error":"no such element","message":"unable to find an element using 'name', value 'applitools_grab_scrollable_data_button'","traceback":"(\n\t0   WebDriverAgentLib                   0x000000010471f162 FBNoSuchElementErrorResponseForRequest + 290\n\t1   WebDriverAgentLib                   0x000000010471ef3c +[FBFindElementCommands handleFindElement:] + 364\n\t2   WebDriverAgentLib                   0x00000001046e02ac -[FBRoute_TargetAction mountRequest:intoResponse:] + 172\n\t3   WebDriverAgentLib                   0x00000001046c8e73 __37-[FBWebServer registerRouteHandlers:]_block_invoke + 499\n\t4   WebDriverAgentLib                   0x000000010470375d -[RoutingHTTPServer handleRoute:withRequest:response:] + 189\n\t5   WebDriverAgentLib                   0x0000000104704551 __72-[RoutingHTTPServer routeMethod:withPath:parameters:request:connection:]_block_invoke + 65\n\t6   libdispatch.dylib                   0x00007ff80013ca3a _dispatch_client_callout + 8\n\t7   libdispatch.dylib               ...
&amp#27;[38;5;200m[dbe4db21]&amp#27;[0m&amp#27;[38;5;123m[W3C]&amp#27;[0m Matched W3C error code 'no such element' to NoSuchElementError
&amp#27;[38;5;200m[dbe4db21]&amp#27;[0m&amp#27;[38;5;-42m[XCUITestDriver@9d32 (dbe4db21)]&amp#27;[0m Waited for 4449 ms so far
&amp#27;[38;5;200m[dbe4db21]&amp#27;[0m&amp#27;[38;5;-42m[XCUITestDriver@9d32 (dbe4db21)]&amp#27;[0m Matched '/element' to command name 'findElement'
&amp#27;[38;5;200m[dbe4db21]&amp#27;[0m&amp#27;[38;5;-42m[XCUITestDriver@9d32 (dbe4db21)]&amp#27;[0m Proxying [POST /element] to [POST http://127.0.0.1:8100/session/CE40ADAF-B139-4368-BB61-1EFAB337C153/element] with body: {"using":"name","value":"applitools_grab_scrollable_data_button"}
&amp#27;[38;5;173m[Xcode]&amp#27;[0m 2024-11-05 15:50:44.515439+0500 WebDriverAgentRunner-Runner[21804:212226] Getting the most recent active application (out of 1 total items)
&amp#27;[38;5;173m[Xcode]&amp#27;[0m 
&amp#27;[38;5;173m[Xcode]&amp#27;[0m     t =    90.55s Get all elements bound by accessibility element for: Elements matching predicate 'BLOCKPREDICATE(0x60000208f9f0)'
&amp#27;[38;5;173m[Xcode]&amp#27;[0m 
&amp#27;[38;5;173m[Xcode]&amp#27;[0m     t =    90.55s     Requesting snapshot of accessibility hierarchy for app with pid 21811
&amp#27;[38;5;173m[Xcode]&amp#27;[0m 
&amp#27;[38;5;173m[Xcode]&amp#27;[0m     t =    90.65s     Find: Descendants matching type Any
&amp#27;[38;5;173m[Xcode]&amp#27;[0m 
&amp#27;[38;5;173m[Xcode]&amp#27;[0m     t =    90.65s     Find: Elements matching predicate 'BLOCKPREDICATE(0x60000208f9f0)'
&amp#27;[38;5;173m[Xcode]&amp#27;[0m 
&amp#27;[38;5;200m[dbe4db21]&amp#27;[0m&amp#27;[38;5;-42m[XCUITestDriver@9d32 (dbe4db21)]&amp#27;[0m Got response with status 404: {"value":{"error":"no such element","message":"unable to find an element using 'name', value 'applitools_grab_scrollable_data_button'","traceback":"(\n\t0   WebDriverAgentLib                   0x000000010471f162 FBNoSuchElementErrorResponseForRequest + 290\n\t1   WebDriverAgentLib                   0x000000010471ef3c +[FBFindElementCommands handleFindElement:] + 364\n\t2   WebDriverAgentLib                   0x00000001046e02ac -[FBRoute_TargetAction mountRequest:intoResponse:] + 172\n\t3   WebDriverAgentLib                   0x00000001046c8e73 __37-[FBWebServer registerRouteHandlers:]_block_invoke + 499\n\t4   WebDriverAgentLib                   0x000000010470375d -[RoutingHTTPServer handleRoute:withRequest:response:] + 189\n\t5   WebDriverAgentLib                   0x0000000104704551 __72-[RoutingHTTPServer routeMethod:withPath:parameters:request:connection:]_block_invoke + 65\n\t6   libdispatch.dylib                   0x00007ff80013ca3a _dispatch_client_callout + 8\n\t7   libdispatch.dylib               ...
&amp#27;[38;5;200m[dbe4db21]&amp#27;[0m&amp#27;[38;5;123m[W3C]&amp#27;[0m Matched W3C error code 'no such element' to NoSuchElementError
&amp#27;[38;5;200m[dbe4db21]&amp#27;[0m&amp#27;[38;5;-42m[XCUITestDriver@9d32 (dbe4db21)]&amp#27;[0m Waited for 5065 ms so far
&amp#27;[38;5;200m[dbe4db21]&amp#27;[0m&amp#27;[38;5;-42m[XCUITestDriver@9d32 (dbe4db21)]&amp#27;[0m Matched '/element' to command name 'findElement'
&amp#27;[38;5;200m[dbe4db21]&amp#27;[0m&amp#27;[38;5;-42m[XCUITestDriver@9d32 (dbe4db21)]&amp#27;[0m Proxying [POST /element] to [POST http://127.0.0.1:8100/session/CE40ADAF-B139-4368-BB61-1EFAB337C153/element] with body: {"using":"name","value":"applitools_grab_scrollable_data_button"}
&amp#27;[38;5;173m[Xcode]&amp#27;[0m 2024-11-05 15:50:45.134602+0500 WebDriverAgentRunner-Runner[21804:212226] Getting the most recent active application (out of 1 total items)
&amp#27;[38;5;173m[Xcode]&amp#27;[0m 
&amp#27;[38;5;173m[Xcode]&amp#27;[0m     t =    91.17s Get all elements bound by accessibility element for: Elements matching predicate 'BLOCKPREDICATE(0x6000020aa580)'
&amp#27;[38;5;173m[Xcode]&amp#27;[0m 
&amp#27;[38;5;173m[Xcode]&amp#27;[0m     t =    91.17s     Requesting snapshot of accessibility hierarchy for app with pid 21811
&amp#27;[38;5;173m[Xcode]&amp#27;[0m 
&amp#27;[38;5;173m[Xcode]&amp#27;[0m     t =    91.26s     Find: Descendants matching type Any
&amp#27;[38;5;173m[Xcode]&amp#27;[0m 
&amp#27;[38;5;173m[Xcode]&amp#27;[0m     t =    91.27s     Find: Elements matching predicate 'BLOCKPREDICATE(0x6000020aa580)'
&amp#27;[38;5;173m[Xcode]&amp#27;[0m 
&amp#27;[38;5;200m[dbe4db21]&amp#27;[0m&amp#27;[38;5;-42m[XCUITestDriver@9d32 (dbe4db21)]&amp#27;[0m Got response with status 404: {"value":{"error":"no such element","message":"unable to find an element using 'name', value 'applitools_grab_scrollable_data_button'","traceback":"(\n\t0   WebDriverAgentLib                   0x000000010471f162 FBNoSuchElementErrorResponseForRequest + 290\n\t1   WebDriverAgentLib                   0x000000010471ef3c +[FBFindElementCommands handleFindElement:] + 364\n\t2   WebDriverAgentLib                   0x00000001046e02ac -[FBRoute_TargetAction mountRequest:intoResponse:] + 172\n\t3   WebDriverAgentLib                   0x00000001046c8e73 __37-[FBWebServer registerRouteHandlers:]_block_invoke + 499\n\t4   WebDriverAgentLib                   0x000000010470375d -[RoutingHTTPServer handleRoute:withRequest:response:] + 189\n\t5   WebDriverAgentLib                   0x0000000104704551 __72-[RoutingHTTPServer routeMethod:withPath:parameters:request:connection:]_block_invoke + 65\n\t6   libdispatch.dylib                   0x00007ff80013ca3a _dispatch_client_callout + 8\n\t7   libdispatch.dylib               ...
&amp#27;[38;5;200m[dbe4db21]&amp#27;[0m&amp#27;[38;5;123m[W3C]&amp#27;[0m Matched W3C error code 'no such element' to NoSuchElementError
&amp#27;[38;5;200m[dbe4db21]&amp#27;[0m&amp#27;[38;5;-42m[XCUITestDriver@9d32 (dbe4db21)]&amp#27;[0m Waited for 5684 ms so far
&amp#27;[38;5;200m[dbe4db21]&amp#27;[0m&amp#27;[38;5;-42m[XCUITestDriver@9d32 (dbe4db21)]&amp#27;[0m Matched '/element' to command name 'findElement'
&amp#27;[38;5;200m[dbe4db21]&amp#27;[0m&amp#27;[38;5;-42m[XCUITestDriver@9d32 (dbe4db21)]&amp#27;[0m Proxying [POST /element] to [POST http://127.0.0.1:8100/session/CE40ADAF-B139-4368-BB61-1EFAB337C153/element] with body: {"using":"name","value":"applitools_grab_scrollable_data_button"}
&amp#27;[38;5;173m[Xcode]&amp#27;[0m 2024-11-05 15:50:45.751809+0500 WebDriverAgentRunner-Runner[21804:212226] Getting the most recent active application (out of 1 total items)
&amp#27;[38;5;173m[Xcode]&amp#27;[0m 
&amp#27;[38;5;173m[Xcode]&amp#27;[0m     t =    91.78s Get all elements bound by accessibility element for: Elements matching predicate 'BLOCKPREDICATE(0x6000020b0270)'
&amp#27;[38;5;173m[Xcode]&amp#27;[0m 
&amp#27;[38;5;173m[Xcode]&amp#27;[0m     t =    91.79s     Requesting snapshot of accessibility hierarchy for app with pid 21811
&amp#27;[38;5;173m[Xcode]&amp#27;[0m 
&amp#27;[38;5;173m[Xcode]&amp#27;[0m     t =    91.88s     Find: Descendants matching type Any
&amp#27;[38;5;173m[Xcode]&amp#27;[0m 
&amp#27;[38;5;173m[Xcode]&amp#27;[0m     t =    91.88s     Find: Elements matching predicate 'BLOCKPREDICATE(0x6000020b0270)'
&amp#27;[38;5;173m[Xcode]&amp#27;[0m 
&amp#27;[38;5;200m[dbe4db21]&amp#27;[0m&amp#27;[38;5;-42m[XCUITestDriver@9d32 (dbe4db21)]&amp#27;[0m Got response with status 404: {"value":{"error":"no such element","message":"unable to find an element using 'name', value 'applitools_grab_scrollable_data_button'","traceback":"(\n\t0   WebDriverAgentLib                   0x000000010471f162 FBNoSuchElementErrorResponseForRequest + 290\n\t1   WebDriverAgentLib                   0x000000010471ef3c +[FBFindElementCommands handleFindElement:] + 364\n\t2   WebDriverAgentLib                   0x00000001046e02ac -[FBRoute_TargetAction mountRequest:intoResponse:] + 172\n\t3   WebDriverAgentLib                   0x00000001046c8e73 __37-[FBWebServer registerRouteHandlers:]_block_invoke + 499\n\t4   WebDriverAgentLib                   0x000000010470375d -[RoutingHTTPServer handleRoute:withRequest:response:] + 189\n\t5   WebDriverAgentLib                   0x0000000104704551 __72-[RoutingHTTPServer routeMethod:withPath:parameters:request:connection:]_block_invoke + 65\n\t6   libdispatch.dylib                   0x00007ff80013ca3a _dispatch_client_callout + 8\n\t7   libdispatch.dylib               ...
&amp#27;[38;5;200m[dbe4db21]&amp#27;[0m&amp#27;[38;5;123m[W3C]&amp#27;[0m Matched W3C error code 'no such element' to NoSuchElementError
&amp#27;[38;5;200m[dbe4db21]&amp#27;[0m&amp#27;[38;5;-42m[XCUITestDriver@9d32 (dbe4db21)]&amp#27;[0m Waited for 6301 ms so far
&amp#27;[38;5;200m[dbe4db21]&amp#27;[0m&amp#27;[38;5;-42m[XCUITestDriver@9d32 (dbe4db21)]&amp#27;[0m Matched '/element' to command name 'findElement'
&amp#27;[38;5;200m[dbe4db21]&amp#27;[0m&amp#27;[38;5;-42m[XCUITestDriver@9d32 (dbe4db21)]&amp#27;[0m Proxying [POST /element] to [POST http://127.0.0.1:8100/session/CE40ADAF-B139-4368-BB61-1EFAB337C153/element] with body: {"using":"name","value":"applitools_grab_scrollable_data_button"}
&amp#27;[38;5;173m[Xcode]&amp#27;[0m 2024-11-05 15:50:46.367303+0500 WebDriverAgentRunner-Runner[21804:212226] Getting the most recent active application (out of 1 total items)
&amp#27;[38;5;173m[Xcode]&amp#27;[0m 
&amp#27;[38;5;173m[Xcode]&amp#27;[0m     t =    92.40s Get all elements bound by accessibility element for: Elements matching predicate 'BLOCKPREDICATE(0x600002147e10)'
&amp#27;[38;5;173m[Xcode]&amp#27;[0m 
&amp#27;[38;5;173m[Xcode]&amp#27;[0m     t =    92.40s     Requesting snapshot of accessibility hierarchy for app with pid 21811
&amp#27;[38;5;173m[Xcode]&amp#27;[0m 
&amp#27;[38;5;173m[Xcode]&amp#27;[0m     t =    92.50s     Find: Descendants matching type Any
&amp#27;[38;5;173m[Xcode]&amp#27;[0m 
&amp#27;[38;5;173m[Xcode]&amp#27;[0m     t =    92.50s     Find: Elements matching predicate 'BLOCKPREDICATE(0x600002147e10)'
&amp#27;[38;5;173m[Xcode]&amp#27;[0m 
&amp#27;[38;5;200m[dbe4db21]&amp#27;[0m&amp#27;[38;5;-42m[XCUITestDriver@9d32 (dbe4db21)]&amp#27;[0m Got response with status 404: {"value":{"error":"no such element","message":"unable to find an element using 'name', value 'applitools_grab_scrollable_data_button'","traceback":"(\n\t0   WebDriverAgentLib                   0x000000010471f162 FBNoSuchElementErrorResponseForRequest + 290\n\t1   WebDriverAgentLib                   0x000000010471ef3c +[FBFindElementCommands handleFindElement:] + 364\n\t2   WebDriverAgentLib                   0x00000001046e02ac -[FBRoute_TargetAction mountRequest:intoResponse:] + 172\n\t3   WebDriverAgentLib                   0x00000001046c8e73 __37-[FBWebServer registerRouteHandlers:]_block_invoke + 499\n\t4   WebDriverAgentLib                   0x000000010470375d -[RoutingHTTPServer handleRoute:withRequest:response:] + 189\n\t5   WebDriverAgentLib                   0x0000000104704551 __72-[RoutingHTTPServer routeMethod:withPath:parameters:request:connection:]_block_invoke + 65\n\t6   libdispatch.dylib                   0x00007ff80013ca3a _dispatch_client_callout + 8\n\t7   libdispatch.dylib               ...
&amp#27;[38;5;200m[dbe4db21]&amp#27;[0m&amp#27;[38;5;123m[W3C]&amp#27;[0m Matched W3C error code 'no such element' to NoSuchElementError
&amp#27;[38;5;200m[dbe4db21]&amp#27;[0m&amp#27;[38;5;-42m[XCUITestDriver@9d32 (dbe4db21)]&amp#27;[0m Waited for 6915 ms so far
&amp#27;[38;5;200m[dbe4db21]&amp#27;[0m&amp#27;[38;5;-42m[XCUITestDriver@9d32 (dbe4db21)]&amp#27;[0m Matched '/element' to command name 'findElement'
&amp#27;[38;5;200m[dbe4db21]&amp#27;[0m&amp#27;[38;5;-42m[XCUITestDriver@9d32 (dbe4db21)]&amp#27;[0m Proxying [POST /element] to [POST http://127.0.0.1:8100/session/CE40ADAF-B139-4368-BB61-1EFAB337C153/element] with body: {"using":"name","value":"applitools_grab_scrollable_data_button"}
&amp#27;[38;5;173m[Xcode]&amp#27;[0m 2024-11-05 15:50:46.991537+0500 WebDriverAgentRunner-Runner[21804:212226] Getting the most recent active application (out of 1 total items)
&amp#27;[38;5;173m[Xcode]&amp#27;[0m 
&amp#27;[38;5;173m[Xcode]&amp#27;[0m     t =    93.02s Get all elements bound by accessibility element for: Elements matching predicate 'BLOCKPREDICATE(0x6000020fbbd0)'
&amp#27;[38;5;173m[Xcode]&amp#27;[0m 
&amp#27;[38;5;173m[Xcode]&amp#27;[0m     t =    93.03s     Requesting snapshot of accessibility hierarchy for app with pid 21811
&amp#27;[38;5;173m[Xcode]&amp#27;[0m 
&amp#27;[38;5;173m[Xcode]&amp#27;[0m     t =    93.12s     Find: Descendants matching type Any
&amp#27;[38;5;173m[Xcode]&amp#27;[0m 
&amp#27;[38;5;173m[Xcode]&amp#27;[0m     t =    93.12s     Find: Elements matching predicate 'BLOCKPREDICATE(0x6000020fbbd0)'
&amp#27;[38;5;173m[Xcode]&amp#27;[0m 
&amp#27;[38;5;200m[dbe4db21]&amp#27;[0m&amp#27;[38;5;-42m[XCUITestDriver@9d32 (dbe4db21)]&amp#27;[0m Got response with status 404: {"value":{"error":"no such element","message":"unable to find an element using 'name', value 'applitools_grab_scrollable_data_button'","traceback":"(\n\t0   WebDriverAgentLib                   0x000000010471f162 FBNoSuchElementErrorResponseForRequest + 290\n\t1   WebDriverAgentLib                   0x000000010471ef3c +[FBFindElementCommands handleFindElement:] + 364\n\t2   WebDriverAgentLib                   0x00000001046e02ac -[FBRoute_TargetAction mountRequest:intoResponse:] + 172\n\t3   WebDriverAgentLib                   0x00000001046c8e73 __37-[FBWebServer registerRouteHandlers:]_block_invoke + 499\n\t4   WebDriverAgentLib                   0x000000010470375d -[RoutingHTTPServer handleRoute:withRequest:response:] + 189\n\t5   WebDriverAgentLib                   0x0000000104704551 __72-[RoutingHTTPServer routeMethod:withPath:parameters:request:connection:]_block_invoke + 65\n\t6   libdispatch.dylib                   0x00007ff80013ca3a _dispatch_client_callout + 8\n\t7   libdispatch.dylib               ...
&amp#27;[38;5;200m[dbe4db21]&amp#27;[0m&amp#27;[38;5;123m[W3C]&amp#27;[0m Matched W3C error code 'no such element' to NoSuchElementError
&amp#27;[38;5;200m[dbe4db21]&amp#27;[0m&amp#27;[38;5;-42m[XCUITestDriver@9d32 (dbe4db21)]&amp#27;[0m Waited for 7541 ms so far
&amp#27;[38;5;200m[dbe4db21]&amp#27;[0m&amp#27;[38;5;-42m[XCUITestDriver@9d32 (dbe4db21)]&amp#27;[0m Matched '/element' to command name 'findElement'
&amp#27;[38;5;200m[dbe4db21]&amp#27;[0m&amp#27;[38;5;-42m[XCUITestDriver@9d32 (dbe4db21)]&amp#27;[0m Proxying [POST /element] to [POST http://127.0.0.1:8100/session/CE40ADAF-B139-4368-BB61-1EFAB337C153/element] with body: {"using":"name","value":"applitools_grab_scrollable_data_button"}
&amp#27;[38;5;173m[Xcode]&amp#27;[0m 2024-11-05 15:50:47.608998+0500 WebDriverAgentRunner-Runner[21804:212226] Getting the most recent active application (out of 1 total items)
&amp#27;[38;5;173m[Xcode]&amp#27;[0m 
&amp#27;[38;5;173m[Xcode]&amp#27;[0m     t =    93.64s Get all elements bound by accessibility element for: Elements matching predicate 'BLOCKPREDICATE(0x60000212dbc0)'
&amp#27;[38;5;173m[Xcode]&amp#27;[0m 
&amp#27;[38;5;173m[Xcode]&amp#27;[0m     t =    93.64s     Requesting snapshot of accessibility hierarchy for app with pid 21811
&amp#27;[38;5;173m[Xcode]&amp#27;[0m 
&amp#27;[38;5;173m[Xcode]&amp#27;[0m     t =    93.74s     Find: Descendants matching type Any
&amp#27;[38;5;173m[Xcode]&amp#27;[0m 
&amp#27;[38;5;173m[Xcode]&amp#27;[0m     t =    93.74s     Find: Elements matching predicate 'BLOCKPREDICATE(0x60000212dbc0)'
&amp#27;[38;5;173m[Xcode]&amp#27;[0m 
&amp#27;[38;5;200m[dbe4db21]&amp#27;[0m&amp#27;[38;5;-42m[XCUITestDriver@9d32 (dbe4db21)]&amp#27;[0m Got response with status 404: {"value":{"error":"no such element","message":"unable to find an element using 'name', value 'applitools_grab_scrollable_data_button'","traceback":"(\n\t0   WebDriverAgentLib                   0x000000010471f162 FBNoSuchElementErrorResponseForRequest + 290\n\t1   WebDriverAgentLib                   0x000000010471ef3c +[FBFindElementCommands handleFindElement:] + 364\n\t2   WebDriverAgentLib                   0x00000001046e02ac -[FBRoute_TargetAction mountRequest:intoResponse:] + 172\n\t3   WebDriverAgentLib                   0x00000001046c8e73 __37-[FBWebServer registerRouteHandlers:]_block_invoke + 499\n\t4   WebDriverAgentLib                   0x000000010470375d -[RoutingHTTPServer handleRoute:withRequest:response:] + 189\n\t5   WebDriverAgentLib                   0x0000000104704551 __72-[RoutingHTTPServer routeMethod:withPath:parameters:request:connection:]_block_invoke + 65\n\t6   libdispatch.dylib                   0x00007ff80013ca3a _dispatch_client_callout + 8\n\t7   libdispatch.dylib               ...
&amp#27;[38;5;200m[dbe4db21]&amp#27;[0m&amp#27;[38;5;123m[W3C]&amp#27;[0m Matched W3C error code 'no such element' to NoSuchElementError
&amp#27;[38;5;200m[dbe4db21]&amp#27;[0m&amp#27;[38;5;-42m[XCUITestDriver@9d32 (dbe4db21)]&amp#27;[0m Waited for 8160 ms so far
&amp#27;[38;5;200m[dbe4db21]&amp#27;[0m&amp#27;[38;5;-42m[XCUITestDriver@9d32 (dbe4db21)]&amp#27;[0m Matched '/element' to command name 'findElement'
&amp#27;[38;5;200m[dbe4db21]&amp#27;[0m&amp#27;[38;5;-42m[XCUITestDriver@9d32 (dbe4db21)]&amp#27;[0m Proxying [POST /element] to [POST http://127.0.0.1:8100/session/CE40ADAF-B139-4368-BB61-1EFAB337C153/element] with body: {"using":"name","value":"applitools_grab_scrollable_data_button"}
&amp#27;[38;5;173m[Xcode]&amp#27;[0m 2024-11-05 15:50:48.229966+0500 WebDriverAgentRunner-Runner[21804:212226] Getting the most recent active application (out of 1 total items)
&amp#27;[38;5;173m[Xcode]&amp#27;[0m 
&amp#27;[38;5;173m[Xcode]&amp#27;[0m     t =    94.26s Get all elements bound by accessibility element for: Elements matching predicate 'BLOCKPREDICATE(0x6000020fa550)'
&amp#27;[38;5;173m[Xcode]&amp#27;[0m 
&amp#27;[38;5;173m[Xcode]&amp#27;[0m     t =    94.26s     Requesting snapshot of accessibility hierarchy for app with pid 21811
&amp#27;[38;5;173m[Xcode]&amp#27;[0m 
&amp#27;[38;5;173m[Xcode]&amp#27;[0m     t =    94.36s     Find: Descendants matching type Any
&amp#27;[38;5;173m[Xcode]&amp#27;[0m 
&amp#27;[38;5;173m[Xcode]&amp#27;[0m     t =    94.36s     Find: Elements matching predicate 'BLOCKPREDICATE(0x6000020fa550)'
&amp#27;[38;5;173m[Xcode]&amp#27;[0m 
&amp#27;[38;5;200m[dbe4db21]&amp#27;[0m&amp#27;[38;5;-42m[XCUITestDriver@9d32 (dbe4db21)]&amp#27;[0m Got response with status 404: {"value":{"error":"no such element","message":"unable to find an element using 'name', value 'applitools_grab_scrollable_data_button'","traceback":"(\n\t0   WebDriverAgentLib                   0x000000010471f162 FBNoSuchElementErrorResponseForRequest + 290\n\t1   WebDriverAgentLib                   0x000000010471ef3c +[FBFindElementCommands handleFindElement:] + 364\n\t2   WebDriverAgentLib                   0x00000001046e02ac -[FBRoute_TargetAction mountRequest:intoResponse:] + 172\n\t3   WebDriverAgentLib                   0x00000001046c8e73 __37-[FBWebServer registerRouteHandlers:]_block_invoke + 499\n\t4   WebDriverAgentLib                   0x000000010470375d -[RoutingHTTPServer handleRoute:withRequest:response:] + 189\n\t5   WebDriverAgentLib                   0x0000000104704551 __72-[RoutingHTTPServer routeMethod:withPath:parameters:request:connection:]_block_invoke + 65\n\t6   libdispatch.dylib                   0x00007ff80013ca3a _dispatch_client_callout + 8\n\t7   libdispatch.dylib               ...
&amp#27;[38;5;200m[dbe4db21]&amp#27;[0m&amp#27;[38;5;123m[W3C]&amp#27;[0m Matched W3C error code 'no such element' to NoSuchElementError
&amp#27;[38;5;200m[dbe4db21]&amp#27;[0m&amp#27;[38;5;-42m[XCUITestDriver@9d32 (dbe4db21)]&amp#27;[0m Waited for 8781 ms so far
&amp#27;[38;5;200m[dbe4db21]&amp#27;[0m&amp#27;[38;5;-42m[XCUITestDriver@9d32 (dbe4db21)]&amp#27;[0m Matched '/element' to command name 'findElement'
&amp#27;[38;5;200m[dbe4db21]&amp#27;[0m&amp#27;[38;5;-42m[XCUITestDriver@9d32 (dbe4db21)]&amp#27;[0m Proxying [POST /element] to [POST http://127.0.0.1:8100/session/CE40ADAF-B139-4368-BB61-1EFAB337C153/element] with body: {"using":"name","value":"applitools_grab_scrollable_data_button"}
&amp#27;[38;5;173m[Xcode]&amp#27;[0m 2024-11-05 15:50:48.849277+0500 WebDriverAgentRunner-Runner[21804:212226] Getting the most recent active application (out of 1 total items)
&amp#27;[38;5;173m[Xcode]&amp#27;[0m 
&amp#27;[38;5;173m[Xcode]&amp#27;[0m     t =    94.88s Get all elements bound by accessibility element for: Elements matching predicate 'BLOCKPREDICATE(0x6000020e56e0)'
&amp#27;[38;5;173m[Xcode]&amp#27;[0m 
&amp#27;[38;5;173m[Xcode]&amp#27;[0m     t =    94.88s     Requesting snapshot of accessibility hierarchy for app with pid 21811
&amp#27;[38;5;173m[Xcode]&amp#27;[0m 
&amp#27;[38;5;173m[Xcode]&amp#27;[0m     t =    94.98s     Find: Descendants matching type Any
&amp#27;[38;5;173m[Xcode]&amp#27;[0m 
&amp#27;[38;5;173m[Xcode]&amp#27;[0m     t =    94.98s     Find: Elements matching predicate 'BLOCKPREDICATE(0x6000020e56e0)'
&amp#27;[38;5;173m[Xcode]&amp#27;[0m 
&amp#27;[38;5;200m[dbe4db21]&amp#27;[0m&amp#27;[38;5;-42m[XCUITestDriver@9d32 (dbe4db21)]&amp#27;[0m Got response with status 404: {"value":{"error":"no such element","message":"unable to find an element using 'name', value 'applitools_grab_scrollable_data_button'","traceback":"(\n\t0   WebDriverAgentLib                   0x000000010471f162 FBNoSuchElementErrorResponseForRequest + 290\n\t1   WebDriverAgentLib                   0x000000010471ef3c +[FBFindElementCommands handleFindElement:] + 364\n\t2   WebDriverAgentLib                   0x00000001046e02ac -[FBRoute_TargetAction mountRequest:intoResponse:] + 172\n\t3   WebDriverAgentLib                   0x00000001046c8e73 __37-[FBWebServer registerRouteHandlers:]_block_invoke + 499\n\t4   WebDriverAgentLib                   0x000000010470375d -[RoutingHTTPServer handleRoute:withRequest:response:] + 189\n\t5   WebDriverAgentLib                   0x0000000104704551 __72-[RoutingHTTPServer routeMethod:withPath:parameters:request:connection:]_block_invoke + 65\n\t6   libdispatch.dylib                   0x00007ff80013ca3a _dispatch_client_callout + 8\n\t7   libdispatch.dylib               ...
&amp#27;[38;5;200m[dbe4db21]&amp#27;[0m&amp#27;[38;5;123m[W3C]&amp#27;[0m Matched W3C error code 'no such element' to NoSuchElementError
&amp#27;[38;5;200m[dbe4db21]&amp#27;[0m&amp#27;[38;5;-42m[XCUITestDriver@9d32 (dbe4db21)]&amp#27;[0m Waited for 9399 ms so far
&amp#27;[38;5;200m[dbe4db21]&amp#27;[0m&amp#27;[38;5;-42m[XCUITestDriver@9d32 (dbe4db21)]&amp#27;[0m Matched '/element' to command name 'findElement'
&amp#27;[38;5;200m[dbe4db21]&amp#27;[0m&amp#27;[38;5;-42m[XCUITestDriver@9d32 (dbe4db21)]&amp#27;[0m Proxying [POST /element] to [POST http://127.0.0.1:8100/session/CE40ADAF-B139-4368-BB61-1EFAB337C153/element] with body: {"using":"name","value":"applitools_grab_scrollable_data_button"}
&amp#27;[38;5;173m[Xcode]&amp#27;[0m 2024-11-05 15:50:49.468275+0500 WebDriverAgentRunner-Runner[21804:212226] Getting the most recent active application (out of 1 total items)
&amp#27;[38;5;173m[Xcode]&amp#27;[0m 
&amp#27;[38;5;173m[Xcode]&amp#27;[0m     t =    95.50s Get all elements bound by accessibility element for: Elements matching predicate 'BLOCKPREDICATE(0x6000021afde0)'
&amp#27;[38;5;173m[Xcode]&amp#27;[0m 
&amp#27;[38;5;173m[Xcode]&amp#27;[0m     t =    95.50s     Requesting snapshot of accessibility hierarchy for app with pid 21811
&amp#27;[38;5;173m[Xcode]&amp#27;[0m 
&amp#27;[38;5;173m[Xcode]&amp#27;[0m     t =    95.60s     Find: Descendants matching type Any
&amp#27;[38;5;173m[Xcode]&amp#27;[0m 
&amp#27;[38;5;173m[Xcode]&amp#27;[0m     t =    95.60s     Find: Elements matching predicate 'BLOCKPREDICATE(0x6000021afde0)'
&amp#27;[38;5;173m[Xcode]&amp#27;[0m 
&amp#27;[38;5;200m[dbe4db21]&amp#27;[0m&amp#27;[38;5;-42m[XCUITestDriver@9d32 (dbe4db21)]&amp#27;[0m Got response with status 404: {"value":{"error":"no such element","message":"unable to find an element using 'name', value 'applitools_grab_scrollable_data_button'","traceback":"(\n\t0   WebDriverAgentLib                   0x000000010471f162 FBNoSuchElementErrorResponseForRequest + 290\n\t1   WebDriverAgentLib                   0x000000010471ef3c +[FBFindElementCommands handleFindElement:] + 364\n\t2   WebDriverAgentLib                   0x00000001046e02ac -[FBRoute_TargetAction mountRequest:intoResponse:] + 172\n\t3   WebDriverAgentLib                   0x00000001046c8e73 __37-[FBWebServer registerRouteHandlers:]_block_invoke + 499\n\t4   WebDriverAgentLib                   0x000000010470375d -[RoutingHTTPServer handleRoute:withRequest:response:] + 189\n\t5   WebDriverAgentLib                   0x0000000104704551 __72-[RoutingHTTPServer routeMethod:withPath:parameters:request:connection:]_block_invoke + 65\n\t6   libdispatch.dylib                   0x00007ff80013ca3a _dispatch_client_callout + 8\n\t7   libdispatch.dylib               ...
&amp#27;[38;5;200m[dbe4db21]&amp#27;[0m&amp#27;[38;5;123m[W3C]&amp#27;[0m Matched W3C error code 'no such element' to NoSuchElementError
&amp#27;[38;5;200m[dbe4db21]&amp#27;[0m&amp#27;[38;5;-42m[XCUITestDriver@9d32 (dbe4db21)]&amp#27;[0m Encountered internal error running command: NoSuchElementError: An element could not be located on the page using the given search parameters.
&amp#27;[38;5;200m[dbe4db21]&amp#27;[0m&amp#27;[38;5;-42m[XCUITestDriver@9d32 (dbe4db21)]&amp#27;[0m     at XCUITestDriver.doNativeFind (/Users/oikhlas/.appium/node_modules/appium-xcuitest-driver/lib/commands/find.js:143:13)
&amp#27;[38;5;200m[dbe4db21]&amp#27;[0m&amp#27;[38;5;-42m[XCUITestDriver@9d32 (dbe4db21)]&amp#27;[0m     at processTicksAndRejections (node:internal/process/task_queues:95:5)
&amp#27;[38;5;200m[dbe4db21]&amp#27;[0m&amp#27;[38;5;-42m[XCUITestDriver@9d32 (dbe4db21)]&amp#27;[0m     at XCUITestDriver.findNativeElementOrElements (/Users/oikhlas/.appium/node_modules/appium-xcuitest-driver/lib/commands/find.js:97:12)
&amp#27;[38;5;200m[dbe4db21]&amp#27;[0m&amp#27;[38;5;-42m[XCUITestDriver@9d32 (dbe4db21)]&amp#27;[0m     at XCUITestDriver.findElOrEls (/Users/oikhlas/.appium/node_modules/appium-xcuitest-driver/lib/commands/find.js:24:14)
&amp#27;[38;5;200m[dbe4db21]&amp#27;[0m&amp#27;[38;5;-42m[XCUITestDriver@9d32 (dbe4db21)]&amp#27;[0m     at XCUITestDriver.findElOrElsWithProcessing (/Users/oikhlas/node_modules/@appium/base-driver/lib/basedriver/commands/find.ts:60:12)
&amp#27;[38;5;200m[dbe4db21]&amp#27;[0m&amp#27;[38;5;-42m[XCUITestDriver@9d32 (dbe4db21)]&amp#27;[0m     at XCUITestDriver.findElement (/Users/oikhlas/node_modules/@appium/base-driver/lib/basedriver/commands/find.ts:75:12)
&amp#27;[38;5;200m[dbe4db21]&amp#27;[0m&amp#27;[38;5;86m[HTTP]&amp#27;[0m <-- POST /session/dbe4db21-e6a9-4d05-bdbb-cc788eb5635e/element 404 10019 ms - 964 
&amp#27;[38;5;200m[dbe4db21]&amp#27;[0m&amp#27;[38;5;86m[HTTP]&amp#27;[0m &amp#27;[37m-->&amp#27;[39m &amp#27;[37mGET&amp#27;[39m &amp#27;[37m/session/dbe4db21-e6a9-4d05-bdbb-cc788eb5635e/element/46010000-0000-0000-3355-000000000000/attribute/contentSize&amp#27;[39m {}
&amp#27;[38;5;200m[dbe4db21]&amp#27;[0m&amp#27;[38;5;-42m[XCUITestDriver@9d32 (dbe4db21)]&amp#27;[0m Calling AppiumDriver.getAttribute() with args: ["contentSize","46010000-0000-0000-3355-000000000000","dbe4db21-e6a9-4d05-bdbb-cc788eb5635e"]
&amp#27;[38;5;200m[dbe4db21]&amp#27;[0m&amp#27;[38;5;-42m[XCUITestDriver@9d32 (dbe4db21)]&amp#27;[0m Executing command 'getAttribute'
&amp#27;[38;5;200m[dbe4db21]&amp#27;[0m&amp#27;[38;5;-42m[XCUITestDriver@9d32 (dbe4db21)]&amp#27;[0m Matched '/element/46010000-0000-0000-3355-000000000000/attribute/type' to command name 'getAttribute'
&amp#27;[38;5;200m[dbe4db21]&amp#27;[0m&amp#27;[38;5;-42m[XCUITestDriver@9d32 (dbe4db21)]&amp#27;[0m Proxying [GET /element/46010000-0000-0000-3355-000000000000/attribute/type] to [GET http://127.0.0.1:8100/session/CE40ADAF-B139-4368-BB61-1EFAB337C153/element/46010000-0000-0000-3355-000000000000/attribute/type] with no body
&amp#27;[38;5;173m[Xcode]&amp#27;[0m     t =    95.62s Requesting snapshot of accessibility hierarchy for app with pid 21811
&amp#27;[38;5;173m[Xcode]&amp#27;[0m 
&amp#27;[38;5;173m[Xcode]&amp#27;[0m     t =    95.70s Find: Descendants matching type Any
&amp#27;[38;5;173m[Xcode]&amp#27;[0m 
&amp#27;[38;5;173m[Xcode]&amp#27;[0m     t =    95.70s Find: Elements matching predicate 'BLOCKPREDICATE(0x6000021406f0)'
&amp#27;[38;5;173m[Xcode]&amp#27;[0m 
&amp#27;[38;5;173m[Xcode]&amp#27;[0m     t =    95.71s Find: Identity Binding
&amp#27;[38;5;173m[Xcode]&amp#27;[0m 
&amp#27;[38;5;200m[dbe4db21]&amp#27;[0m&amp#27;[38;5;-42m[XCUITestDriver@9d32 (dbe4db21)]&amp#27;[0m Got response with status 200: {"value":"XCUIElementTypeScrollView","sessionId":"CE40ADAF-B139-4368-BB61-1EFAB337C153"}
&amp#27;[38;5;200m[dbe4db21]&amp#27;[0m&amp#27;[38;5;-42m[XCUITestDriver@9d32 (dbe4db21)]&amp#27;[0m Encountered internal error running command: Error: Can't get content size for type 'XCUIElementTypeScrollView', only for tables and collection views
&amp#27;[38;5;200m[dbe4db21]&amp#27;[0m&amp#27;[38;5;-42m[XCUITestDriver@9d32 (dbe4db21)]&amp#27;[0m     at XCUITestDriver.getContentSize (/Users/oikhlas/.appium/node_modules/appium-xcuitest-driver/lib/commands/element.js:290:13)
&amp#27;[38;5;200m[dbe4db21]&amp#27;[0m&amp#27;[38;5;-42m[XCUITestDriver@9d32 (dbe4db21)]&amp#27;[0m     at processTicksAndRejections (node:internal/process/task_queues:95:5)
&amp#27;[38;5;200m[dbe4db21]&amp#27;[0m&amp#27;[38;5;-42m[XCUITestDriver@9d32 (dbe4db21)]&amp#27;[0m     at XCUITestDriver.getNativeAttribute (/Users/oikhlas/.appium/node_modules/appium-xcuitest-driver/lib/commands/element.js:106:14)
&amp#27;[38;5;200m[dbe4db21]&amp#27;[0m&amp#27;[38;5;-42m[XCUITestDriver@9d32 (dbe4db21)]&amp#27;[0m     at XCUITestDriver.getAttribute (/Users/oikhlas/.appium/node_modules/appium-xcuitest-driver/lib/commands/element.js:128:14)
&amp#27;[38;5;200m[dbe4db21]&amp#27;[0m&amp#27;[38;5;86m[HTTP]&amp#27;[0m <-- GET /session/dbe4db21-e6a9-4d05-bdbb-cc788eb5635e/element/46010000-0000-0000-3355-000000000000/attribute/contentSize 500 112 ms - 758 
&amp#27;[38;5;200m[dbe4db21]&amp#27;[0m&amp#27;[38;5;86m[HTTP]&amp#27;[0m &amp#27;[37m-->&amp#27;[39m &amp#27;[37mGET&amp#27;[39m &amp#27;[37m/session/dbe4db21-e6a9-4d05-bdbb-cc788eb5635e/element/46010000-0000-0000-3355-000000000000/attribute/type&amp#27;[39m {}
&amp#27;[38;5;200m[dbe4db21]&amp#27;[0m&amp#27;[38;5;-42m[XCUITestDriver@9d32 (dbe4db21)]&amp#27;[0m Calling AppiumDriver.getAttribute() with args: ["type","46010000-0000-0000-3355-000000000000","dbe4db21-e6a9-4d05-bdbb-cc788eb5635e"]
&amp#27;[38;5;200m[dbe4db21]&amp#27;[0m&amp#27;[38;5;-42m[XCUITestDriver@9d32 (dbe4db21)]&amp#27;[0m Executing command 'getAttribute'
&amp#27;[38;5;200m[dbe4db21]&amp#27;[0m&amp#27;[38;5;-42m[XCUITestDriver@9d32 (dbe4db21)]&amp#27;[0m Matched '/element/46010000-0000-0000-3355-000000000000/attribute/type' to command name 'getAttribute'
&amp#27;[38;5;200m[dbe4db21]&amp#27;[0m&amp#27;[38;5;-42m[XCUITestDriver@9d32 (dbe4db21)]&amp#27;[0m Proxying [GET /element/46010000-0000-0000-3355-000000000000/attribute/type] to [GET http://127.0.0.1:8100/session/CE40ADAF-B139-4368-BB61-1EFAB337C153/element/46010000-0000-0000-3355-000000000000/attribute/type] with no body
&amp#27;[38;5;173m[Xcode]&amp#27;[0m     t =    95.73s Requesting snapshot of accessibility hierarchy for app with pid 21811
&amp#27;[38;5;173m[Xcode]&amp#27;[0m 
&amp#27;[38;5;173m[Xcode]&amp#27;[0m     t =    95.82s Find: Descendants matching type Any
&amp#27;[38;5;173m[Xcode]&amp#27;[0m 
&amp#27;[38;5;173m[Xcode]&amp#27;[0m     t =    95.82s Find: Elements matching predicate 'BLOCKPREDICATE(0x6000021406f0)'
&amp#27;[38;5;173m[Xcode]&amp#27;[0m 
&amp#27;[38;5;173m[Xcode]&amp#27;[0m     t =    95.83s Find: Identity Binding
&amp#27;[38;5;173m[Xcode]&amp#27;[0m 
&amp#27;[38;5;200m[dbe4db21]&amp#27;[0m&amp#27;[38;5;-42m[XCUITestDriver@9d32 (dbe4db21)]&amp#27;[0m Got response with status 200: {"value":"XCUIElementTypeScrollView","sessionId":"CE40ADAF-B139-4368-BB61-1EFAB337C153"}
&amp#27;[38;5;200m[dbe4db21]&amp#27;[0m&amp#27;[38;5;-42m[XCUITestDriver@9d32 (dbe4db21)]&amp#27;[0m Responding to client with driver.getAttribute() result: "XCUIElementTypeScrollView"
&amp#27;[38;5;200m[dbe4db21]&amp#27;[0m&amp#27;[38;5;86m[HTTP]&amp#27;[0m <-- GET /session/dbe4db21-e6a9-4d05-bdbb-cc788eb5635e/element/46010000-0000-0000-3355-000000000000/attribute/type 200 105 ms - 37 
&amp#27;[38;5;200m[dbe4db21]&amp#27;[0m&amp#27;[38;5;86m[HTTP]&amp#27;[0m &amp#27;[37m-->&amp#27;[39m &amp#27;[37mPOST&amp#27;[39m &amp#27;[37m/session/dbe4db21-e6a9-4d05-bdbb-cc788eb5635e/elements&amp#27;[39m {"using":"xpath","value":"//XCUIElementTypeScrollView[1]/*"}
&amp#27;[38;5;200m[dbe4db21]&amp#27;[0m&amp#27;[38;5;-42m[XCUITestDriver@9d32 (dbe4db21)]&amp#27;[0m Calling AppiumDriver.findElements() with args: ["xpath","//XCUIElementTypeScrollView[1]/*","dbe4db21-e6a9-4d05-bdbb-cc788eb5635e"]
&amp#27;[38;5;200m[dbe4db21]&amp#27;[0m&amp#27;[38;5;-42m[XCUITestDriver@9d32 (dbe4db21)]&amp#27;[0m Executing command 'findElements'
&amp#27;[38;5;200m[dbe4db21]&amp#27;[0m&amp#27;[38;5;-42m[XCUITestDriver@9d32 (dbe4db21)]&amp#27;[0m Valid locator strategies for this request: xpath, id, name, class name, -ios predicate string, -ios class chain, accessibility id, css selector
&amp#27;[38;5;200m[dbe4db21]&amp#27;[0m&amp#27;[38;5;-42m[XCUITestDriver@9d32 (dbe4db21)]&amp#27;[0m Waiting up to 10000 ms for condition
&amp#27;[38;5;200m[dbe4db21]&amp#27;[0m&amp#27;[38;5;-42m[XCUITestDriver@9d32 (dbe4db21)]&amp#27;[0m Matched '/elements' to command name 'findElements'
&amp#27;[38;5;200m[dbe4db21]&amp#27;[0m&amp#27;[38;5;-42m[XCUITestDriver@9d32 (dbe4db21)]&amp#27;[0m Proxying [POST /elements] to [POST http://127.0.0.1:8100/session/CE40ADAF-B139-4368-BB61-1EFAB337C153/elements] with body: {"using":"xpath","value":"//XCUIElementTypeScrollView[1]/*"}
&amp#27;[38;5;173m[Xcode]&amp#27;[0m 2024-11-05 15:50:49.807111+0500 WebDriverAgentRunner-Runner[21804:212226] Getting the most recent active application (out of 1 total items)
&amp#27;[38;5;173m[Xcode]&amp#27;[0m 
&amp#27;[38;5;173m[Xcode]&amp#27;[0m 2024-11-05 15:50:49.816497+0500 WebDriverAgentRunner-Runner[21804:212226] The following attributes were requested to be included into the XML: {(
&amp#27;[38;5;173m[Xcode]&amp#27;[0m )}
&amp#27;[38;5;173m[Xcode]&amp#27;[0m 
&amp#27;[38;5;173m[Xcode]&amp#27;[0m     t =    95.85s Requesting snapshot of accessibility hierarchy for app with pid 21811
&amp#27;[38;5;173m[Xcode]&amp#27;[0m 
&amp#27;[38;5;173m[Xcode]&amp#27;[0m     t =    96.08s Get all elements bound by index for: Elements matching predicate 'fb_uid IN {"4D010000-0000-0000-3355-000000000000", "4E010000-0000-0000-3355-000000000000", "4F010000-0000-0000-3355-000000000000", "56010000-0000-0000-3355-000000000000", "57010000-0000-0000-3355-000000000000", "58010000-0000-0000-3355-000000000000"}'
&amp#27;[38;5;173m[Xcode]&amp#27;[0m 
&amp#27;[38;5;173m[Xcode]&amp#27;[0m     t =    96.08s     Requesting snapshot of accessibility hierarchy for app with pid 21811
&amp#27;[38;5;173m[Xcode]&amp#27;[0m 
&amp#27;[38;5;173m[Xcode]&amp#27;[0m     t =    96.13s     Find: Descendants matching type Other
&amp#27;[38;5;173m[Xcode]&amp#27;[0m 
&amp#27;[38;5;173m[Xcode]&amp#27;[0m     t =    96.13s     Find: Elements matching predicate 'fb_uid IN {"4D010000-0000-0000-3355-000000000000", "4E010000-0000-0000-3355-000000000000", "4F010000-0000-0000-3355-000000000000", "56010000-0000-0000-3355-000000000000", "57010000-0000-0000-3355-000000000000", "58010000-0000-0000-3355-000000000000"}'
&amp#27;[38;5;173m[Xcode]&amp#27;[0m 
&amp#27;[38;5;173m[Xcode]&amp#27;[0m     t =    96.14s Requesting snapshot of accessibility hierarchy for app with pid 21811
&amp#27;[38;5;173m[Xcode]&amp#27;[0m 
&amp#27;[38;5;173m[Xcode]&amp#27;[0m     t =    96.19s Find: Descendants matching type Other
&amp#27;[38;5;173m[Xcode]&amp#27;[0m 
&amp#27;[38;5;173m[Xcode]&amp#27;[0m     t =    96.19s Find: Elements matching predicate 'fb_uid IN {"4D010000-0000-0000-3355-000000000000", "4E010000-0000-0000-3355-000000000000", "4F010000-0000-0000-3355-000000000000", "56010000-0000-0000-3355-000000000000", "57010000-0000-0000-3355-000000000000", "58010000-0000-0000-3355-000000000000"}'
&amp#27;[38;5;173m[Xcode]&amp#27;[0m 
&amp#27;[38;5;173m[Xcode]&amp#27;[0m     t =    96.19s Find: Element at index 0
&amp#27;[38;5;173m[Xcode]&amp#27;[0m 
&amp#27;[38;5;173m[Xcode]&amp#27;[0m     t =    96.20s Requesting snapshot of accessibility hierarchy for app with pid 21811
&amp#27;[38;5;173m[Xcode]&amp#27;[0m 
&amp#27;[38;5;173m[Xcode]&amp#27;[0m     t =    96.25s Find: Descendants matching type Other
&amp#27;[38;5;173m[Xcode]&amp#27;[0m 
&amp#27;[38;5;173m[Xcode]&amp#27;[0m     t =    96.25s Find: Elements matching predicate 'fb_uid IN {"4D010000-0000-0000-3355-000000000000", "4E010000-0000-0000-3355-000000000000", "4F010000-0000-0000-3355-000000000000", "56010000-0000-0000-3355-000000000000", "57010000-0000-0000-3355-000000000000", "58010000-0000-0000-3355-000000000000"}'
&amp#27;[38;5;173m[Xcode]&amp#27;[0m 
&amp#27;[38;5;173m[Xcode]&amp#27;[0m     t =    96.25s Find: Element at index 1
&amp#27;[38;5;173m[Xcode]&amp#27;[0m 
&amp#27;[38;5;173m[Xcode]&amp#27;[0m     t =    96.26s Requesting snapshot of accessibility hierarchy for app with pid 21811
&amp#27;[38;5;173m[Xcode]&amp#27;[0m 
&amp#27;[38;5;173m[Xcode]&amp#27;[0m     t =    96.30s Find: Descendants matching type Other
&amp#27;[38;5;173m[Xcode]&amp#27;[0m 
&amp#27;[38;5;173m[Xcode]&amp#27;[0m     t =    96.31s Find: Elements matching predicate 'fb_uid IN {"4D010000-0000-0000-3355-000000000000", "4E010000-0000-0000-3355-000000000000", "4F010000-0000-0000-3355-000000000000", "56010000-0000-0000-3355-000000000000", "57010000-0000-0000-3355-000000000000", "58010000-0000-0000-3355-000000000000"}'
&amp#27;[38;5;173m[Xcode]&amp#27;[0m 
&amp#27;[38;5;173m[Xcode]&amp#27;[0m     t =    96.31s Find: Element at index 2
&amp#27;[38;5;173m[Xcode]&amp#27;[0m 
&amp#27;[38;5;173m[Xcode]&amp#27;[0m     t =    96.31s Requesting snapshot of accessibility hierarchy for app with pid 21811
&amp#27;[38;5;173m[Xcode]&amp#27;[0m 
&amp#27;[38;5;173m[Xcode]&amp#27;[0m     t =    96.36s Find: Descendants matching type Other
&amp#27;[38;5;173m[Xcode]&amp#27;[0m 
&amp#27;[38;5;173m[Xcode]&amp#27;[0m     t =    96.36s Find: Elements matching predicate 'fb_uid IN {"4D010000-0000-0000-3355-000000000000", "4E010000-0000-0000-3355-000000000000", "4F010000-0000-0000-3355-000000000000", "56010000-0000-0000-3355-000000000000", "57010000-0000-0000-3355-000000000000", "58010000-0000-0000-3355-000000000000"}'
&amp#27;[38;5;173m[Xcode]&amp#27;[0m 
&amp#27;[38;5;173m[Xcode]&amp#27;[0m     t =    96.37s Find: Element at index 3
&amp#27;[38;5;173m[Xcode]&amp#27;[0m 
&amp#27;[38;5;173m[Xcode]&amp#27;[0m     t =    96.37s Requesting snapshot of accessibility hierarchy for app with pid 21811
&amp#27;[38;5;173m[Xcode]&amp#27;[0m 
&amp#27;[38;5;173m[Xcode]&amp#27;[0m     t =    96.42s Find: Descendants matching type Other
&amp#27;[38;5;173m[Xcode]&amp#27;[0m 
&amp#27;[38;5;173m[Xcode]&amp#27;[0m     t =    96.42s Find: Elements matching predicate 'fb_uid IN {"4D010000-0000-0000-3355-000000000000", "4E010000-0000-0000-3355-000000000000", "4F010000-0000-0000-3355-000000000000", "56010000-0000-0000-3355-000000000000", "57010000-0000-0000-3355-000000000000", "58010000-0000-0000-3355-000000000000"}'
&amp#27;[38;5;173m[Xcode]&amp#27;[0m 
&amp#27;[38;5;173m[Xcode]&amp#27;[0m     t =    96.42s Find: Element at index 4
&amp#27;[38;5;173m[Xcode]&amp#27;[0m 
&amp#27;[38;5;173m[Xcode]&amp#27;[0m     t =    96.43s Requesting snapshot of accessibility hierarchy for app with pid 21811
&amp#27;[38;5;173m[Xcode]&amp#27;[0m 
&amp#27;[38;5;173m[Xcode]&amp#27;[0m     t =    96.48s Find: Descendants matching type Other
&amp#27;[38;5;173m[Xcode]&amp#27;[0m 
&amp#27;[38;5;173m[Xcode]&amp#27;[0m     t =    96.48s Find: Elements matching predicate 'fb_uid IN {"4D010000-0000-0000-3355-000000000000", "4E010000-0000-0000-3355-000000000000", "4F010000-0000-0000-3355-000000000000", "56010000-0000-0000-3355-000000000000", "57010000-0000-0000-3355-000000000000", "58010000-0000-0000-3355-000000000000"}'
&amp#27;[38;5;173m[Xcode]&amp#27;[0m 
&amp#27;[38;5;173m[Xcode]&amp#27;[0m     t =    96.48s Find: Element at index 5
&amp#27;[38;5;173m[Xcode]&amp#27;[0m 
&amp#27;[38;5;200m[dbe4db21]&amp#27;[0m&amp#27;[38;5;-42m[XCUITestDriver@9d32 (dbe4db21)]&amp#27;[0m Got response with status 200: {"value":[{"ELEMENT":"4D010000-0000-0000-3355-000000000000","element-6066-11e4-a52e-4f735466cecf":"4D010000-0000-0000-3355-000000000000"},{"ELEMENT":"4E010000-0000-0000-3355-000000000000","element-6066-11e4-a52e-4f735466cecf":"4E010000-0000-0000-3355-000000000000"},{"ELEMENT":"4F010000-0000-0000-3355-000000000000","element-6066-11e4-a52e-4f735466cecf":"4F010000-0000-0000-3355-000000000000"},{"ELEMENT":"56010000-0000-0000-3355-000000000000","element-6066-11e4-a52e-4f735466cecf":"56010000-0000-0000-3355-000000000000"},{"ELEMENT":"57010000-0000-0000-3355-000000000000","element-6066-11e4-a52e-4f735466cecf":"57010000-0000-0000-3355-000000000000"},{"ELEMENT":"58010000-0000-0000-3355-000000000000","element-6066-11e4-a52e-4f735466cecf":"58010000-0000-0000-3355-000000000000"}],"sessionId":"CE40ADAF-B139-4368-BB61-1EFAB337C153"}
&amp#27;[38;5;200m[dbe4db21]&amp#27;[0m&amp#27;[38;5;-42m[XCUITestDriver@9d32 (dbe4db21)]&amp#27;[0m Responding to client with driver.findElements() result: [{"element-6066-11e4-a52e-4f735466cecf":"4D010000-0000-0000-3355-000000000000","ELEMENT":"4D010000-0000-0000-3355-000000000000"},{"element-6066-11e4-a52e-4f735466cecf":"4E010000-0000-0000-3355-000000000000","ELEMENT":"4E010000-0000-0000-3355-000000000000"},{"element-6066-11e4-a52e-4f735466cecf":"4F010000-0000-0000-3355-000000000000","ELEMENT":"4F010000-0000-0000-3355-000000000000"},{"element-6066-11e4-a52e-4f735466cecf":"56010000-0000-0000-3355-000000000000","ELEMENT":"56010000-0000-0000-3355-000000000000"},{"element-6066-11e4-a52e-4f735466cecf":"57010000-0000-0000-3355-000000000000","ELEMENT":"57010000-0000-0000-3355-000000000000"},{"element-6066-11e4-a52e-4f735466cecf":"58010000-0000-0000-3355-000000000000","ELEMENT":"58010000-0000-0000-3355-000000000000"}]
&amp#27;[38;5;200m[dbe4db21]&amp#27;[0m&amp#27;[38;5;86m[HTTP]&amp#27;[0m <-- POST /session/dbe4db21-e6a9-4d05-bdbb-cc788eb5635e/elements 200 662 ms - 779 
&amp#27;[38;5;200m[dbe4db21]&amp#27;[0m&amp#27;[38;5;86m[HTTP]&amp#27;[0m &amp#27;[37m-->&amp#27;[39m &amp#27;[37mGET&amp#27;[39m &amp#27;[37m/session/dbe4db21-e6a9-4d05-bdbb-cc788eb5635e/element/46010000-0000-0000-3355-000000000000/rect&amp#27;[39m {}
&amp#27;[38;5;200m[dbe4db21]&amp#27;[0m&amp#27;[38;5;-42m[XCUITestDriver@9d32 (dbe4db21)]&amp#27;[0m Driver proxy active, passing request on via HTTP proxy
&amp#27;[38;5;200m[dbe4db21]&amp#27;[0m&amp#27;[38;5;-42m[XCUITestDriver@9d32 (dbe4db21)]&amp#27;[0m Executing command 'proxyReqRes'
&amp#27;[38;5;200m[dbe4db21]&amp#27;[0m&amp#27;[38;5;-42m[XCUITestDriver@9d32 (dbe4db21)]&amp#27;[0m Matched '/session/dbe4db21-e6a9-4d05-bdbb-cc788eb5635e/element/46010000-0000-0000-3355-000000000000/rect' to command name 'getElementRect'
&amp#27;[38;5;200m[dbe4db21]&amp#27;[0m&amp#27;[38;5;-42m[XCUITestDriver@9d32 (dbe4db21)]&amp#27;[0m Proxying [GET /session/dbe4db21-e6a9-4d05-bdbb-cc788eb5635e/element/46010000-0000-0000-3355-000000000000/rect] to [GET http://127.0.0.1:8100/session/CE40ADAF-B139-4368-BB61-1EFAB337C153/element/46010000-0000-0000-3355-000000000000/rect] with no body
&amp#27;[38;5;173m[Xcode]&amp#27;[0m     t =    96.51s Requesting snapshot of accessibility hierarchy for app with pid 21811
&amp#27;[38;5;173m[Xcode]&amp#27;[0m 
&amp#27;[38;5;173m[Xcode]&amp#27;[0m     t =    96.59s Find: Descendants matching type Any
&amp#27;[38;5;173m[Xcode]&amp#27;[0m 
&amp#27;[38;5;173m[Xcode]&amp#27;[0m     t =    96.59s Find: Elements matching predicate 'BLOCKPREDICATE(0x6000021406f0)'
&amp#27;[38;5;173m[Xcode]&amp#27;[0m 
&amp#27;[38;5;173m[Xcode]&amp#27;[0m     t =    96.60s Find: Identity Binding
&amp#27;[38;5;173m[Xcode]&amp#27;[0m 
&amp#27;[38;5;200m[dbe4db21]&amp#27;[0m&amp#27;[38;5;-42m[XCUITestDriver@9d32 (dbe4db21)]&amp#27;[0m Got response with status 200: {"value":{"y":643,"x":8,"width":374,"height":45},"sessionId":"CE40ADAF-B139-4368-BB61-1EFAB337C153"}
&amp#27;[38;5;200m[dbe4db21]&amp#27;[0m&amp#27;[38;5;-42m[XCUITestDriver@9d32 (dbe4db21)]&amp#27;[0m Replacing sessionId CE40ADAF-B139-4368-BB61-1EFAB337C153 with dbe4db21-e6a9-4d05-bdbb-cc788eb5635e
&amp#27;[38;5;200m[dbe4db21]&amp#27;[0m&amp#27;[38;5;86m[HTTP]&amp#27;[0m <-- GET /session/dbe4db21-e6a9-4d05-bdbb-cc788eb5635e/element/46010000-0000-0000-3355-000000000000/rect 200 111 ms - 100 
&amp#27;[38;5;200m[dbe4db21]&amp#27;[0m&amp#27;[38;5;86m[HTTP]&amp#27;[0m &amp#27;[37m-->&amp#27;[39m &amp#27;[37mGET&amp#27;[39m &amp#27;[37m/session/dbe4db21-e6a9-4d05-bdbb-cc788eb5635e/element/4D010000-0000-0000-3355-000000000000/rect&amp#27;[39m {}
&amp#27;[38;5;200m[dbe4db21]&amp#27;[0m&amp#27;[38;5;-42m[XCUITestDriver@9d32 (dbe4db21)]&amp#27;[0m Driver proxy active, passing request on via HTTP proxy
&amp#27;[38;5;200m[dbe4db21]&amp#27;[0m&amp#27;[38;5;-42m[XCUITestDriver@9d32 (dbe4db21)]&amp#27;[0m Executing command 'proxyReqRes'
&amp#27;[38;5;200m[dbe4db21]&amp#27;[0m&amp#27;[38;5;-42m[XCUITestDriver@9d32 (dbe4db21)]&amp#27;[0m Matched '/session/dbe4db21-e6a9-4d05-bdbb-cc788eb5635e/element/4D010000-0000-0000-3355-000000000000/rect' to command name 'getElementRect'
&amp#27;[38;5;200m[dbe4db21]&amp#27;[0m&amp#27;[38;5;-42m[XCUITestDriver@9d32 (dbe4db21)]&amp#27;[0m Proxying [GET /session/dbe4db21-e6a9-4d05-bdbb-cc788eb5635e/element/4D010000-0000-0000-3355-000000000000/rect] to [GET http://127.0.0.1:8100/session/CE40ADAF-B139-4368-BB61-1EFAB337C153/element/4D010000-0000-0000-3355-000000000000/rect] with no body
&amp#27;[38;5;173m[Xcode]&amp#27;[0m     t =    96.62s Requesting snapshot of accessibility hierarchy for app with pid 21811
&amp#27;[38;5;173m[Xcode]&amp#27;[0m 
&amp#27;[38;5;173m[Xcode]&amp#27;[0m     t =    96.67s Find: Descendants matching type Other
&amp#27;[38;5;173m[Xcode]&amp#27;[0m 
&amp#27;[38;5;173m[Xcode]&amp#27;[0m     t =    96.67s Find: Elements matching predicate 'fb_uid IN {"4D010000-0000-0000-3355-000000000000", "4E010000-0000-0000-3355-000000000000", "4F010000-0000-0000-3355-000000000000", "56010000-0000-0000-3355-000000000000", "57010000-0000-0000-3355-000000000000", "58010000-0000-0000-3355-000000000000"}'
&amp#27;[38;5;173m[Xcode]&amp#27;[0m 
&amp#27;[38;5;173m[Xcode]&amp#27;[0m     t =    96.67s Find: Element at index 0
&amp#27;[38;5;173m[Xcode]&amp#27;[0m 
&amp#27;[38;5;200m[dbe4db21]&amp#27;[0m&amp#27;[38;5;-42m[XCUITestDriver@9d32 (dbe4db21)]&amp#27;[0m Got response with status 200: {"value":{"y":643,"x":8,"width":374,"height":45},"sessionId":"CE40ADAF-B139-4368-BB61-1EFAB337C153"}
&amp#27;[38;5;200m[dbe4db21]&amp#27;[0m&amp#27;[38;5;-42m[XCUITestDriver@9d32 (dbe4db21)]&amp#27;[0m Replacing sessionId CE40ADAF-B139-4368-BB61-1EFAB337C153 with dbe4db21-e6a9-4d05-bdbb-cc788eb5635e
&amp#27;[38;5;200m[dbe4db21]&amp#27;[0m&amp#27;[38;5;86m[HTTP]&amp#27;[0m <-- GET /session/dbe4db21-e6a9-4d05-bdbb-cc788eb5635e/element/4D010000-0000-0000-3355-000000000000/rect 200 71 ms - 100 
&amp#27;[38;5;200m[dbe4db21]&amp#27;[0m&amp#27;[38;5;86m[HTTP]&amp#27;[0m &amp#27;[37m-->&amp#27;[39m &amp#27;[37mGET&amp#27;[39m &amp#27;[37m/session/dbe4db21-e6a9-4d05-bdbb-cc788eb5635e/screenshot&amp#27;[39m {}
&amp#27;[38;5;200m[dbe4db21]&amp#27;[0m&amp#27;[38;5;-42m[XCUITestDriver@9d32 (dbe4db21)]&amp#27;[0m Calling AppiumDriver.getScreenshot() with args: ["dbe4db21-e6a9-4d05-bdbb-cc788eb5635e"]
&amp#27;[38;5;200m[dbe4db21]&amp#27;[0m&amp#27;[38;5;-42m[XCUITestDriver@9d32 (dbe4db21)]&amp#27;[0m Executing command 'getScreenshot'
&amp#27;[38;5;200m[dbe4db21]&amp#27;[0m&amp#27;[38;5;-42m[XCUITestDriver@9d32 (dbe4db21)]&amp#27;[0m Taking screenshot with WDA
&amp#27;[38;5;200m[dbe4db21]&amp#27;[0m&amp#27;[38;5;-42m[XCUITestDriver@9d32 (dbe4db21)]&amp#27;[0m Matched '/screenshot' to command name 'getScreenshot'
&amp#27;[38;5;200m[dbe4db21]&amp#27;[0m&amp#27;[38;5;-42m[XCUITestDriver@9d32 (dbe4db21)]&amp#27;[0m Proxying [GET /screenshot] to [GET http://127.0.0.1:8100/session/CE40ADAF-B139-4368-BB61-1EFAB337C153/screenshot] with no body
&amp#27;[38;5;173m[Xcode]&amp#27;[0m 2024-11-05 15:50:50.653340+0500 WebDriverAgentRunner-Runner[21804:212226] The device under test does not support HEIC image encoding. Falling back to PNG
&amp#27;[38;5;173m[Xcode]&amp#27;[0m 
&amp#27;[38;5;200m[dbe4db21]&amp#27;[0m&amp#27;[38;5;-42m[XCUITestDriver@9d32 (dbe4db21)]&amp#27;[0m Got response with status 200: {"value":"iVBORw0KGgoAAAANSUhEUgAABJIAAAnkCAIAAADZI9xUAAAAAXNSR0IArs4c6QAAAERlWElmTU0AKgAAAAgAAgESAAMAAAABAAEAAIdpAAQAAAABAAAAJgAAAAAAAqACAAQAAAABAAAEkqADAAQAAAABAAAJ5AAAAAABhs8gAABAAElEQVR4AezdB5wV1d3/cQGl9y5LWXrvRUCqoEZ9Ykx5UoyJJYl/Y4o1MYkau8ZEY0miz0OMLXliT7FFBQHpHaT3tgvSWXqH/xcGD2fP3Ht35u69swP74UXMmXPPnDnzvrPL/OaUKTNu3KSz+IMAAggggAACCCCAAAIIIBBXgbJxbRjtQgABBBBAAAEEEEAAAQQQOC5A2MZ1gAACCCCAAAIIIIAAAgjEWoCwLdZfD41DAAEEEEAAAQQQQAABBAjbuAYQQAABBBBAAAEEEEAAgVgLELbF+uuhcQgggAACCCCAAAIIIIAAYRvXAAIIIIAAAggggAACCCAQawHCtlh/PTQOAQQQQAABBBBAAAEEECBs4xpAAAEEEEAAAQQQQAABBGItQNgW66+HxiGAAAIIIIAAAggggAAChG1cAwgggAACCCCAAAIIIIBArAUI22L99dA4BBBAAAEEEEAAAQQQQICwjWsAAQQQQAABBBBAAAEEEIi1AGFbrL8eGocAAggggAACCCCAAAIIELZxDSCAAAIIIIAAAggggAACsRYgbIv110PjEEAAAQQQQAABBBBAAAHCNq4BBBBAAAEEEEAAAQQQQCDWAoRtsf56aBwCCCCAAAIIIIAAAgggQNjGNYAAAggggAACCCCAAAIIxFqAsC3WXw+NQwABBBBAAAEEEEAAAQQI27gGEEAAAQQQQAABBBBAAIFYCxC2xfrroXEIIIAAAggggAACCCCAAGEb1wACCCCAAAIIIIAAAgggEGsBwrZYfz00DgEEEEAAAQQQQAABBBAgbOMaQAABBBBAAAEEEEAAAQRiLUDYFuuvh8YhgAACCCC...
&amp#27;[38;5;200m[dbe4db21]&amp#27;[0m&amp#27;[38;5;-42m[XCUITestDriver@9d32 (dbe4db21)]&amp#27;[0m Responding to client with driver.getScreenshot() result: "iVBORw0KGgoAAAANSUhEUgAABJIAAAnkCAIAAADZI9xUAAAAAXNSR0IArs4c6QAAAERlWElmTU0AKgAAAAgAAgESAAMAAAABAAEAAIdpAAQAAAABAAAAJgAAAAAAAqACAAQAAAABAAAEkqADAAQAAAABAAAJ5AAAAAABhs8gAABAAElEQVR4AezdB5wV1d3/cQGl9y5LWXrvRUCqoEZ9Ykx5UoyJJYl/Y4o1MYkau8ZEY0miz0OMLXliT7FFBQHpHaT3tgvSWXqH/xcGD2fP3Ht35u69swP74UXMmXPPnDnzvrPL/OaUKTNu3KSz+IMAAggggAACCCCAAAIIIBBXgbJxbRjtQgABBBBAAAEEEEAAAQQQOC5A2MZ1gAACCCCAAAIIIIAAAgjEWoCwLdZfD41DAAEEEEAAAQQQQAABBAjbuAYQQAABBBBAAAEEEEAAgVgLELbF+uuhcQgggAACCCCAAAIIIIAAYRvXAAIIIIAAAggggAACCCAQawHCtlh/PTQOAQQQQAABBBBAAAEEECBs4xpAAAEEEEAAAQQQQAABBGItQNgW66+HxiGAAAIIIIAAAggggAAChG1cAwgggAACCCCAAAIIIIBArAUI22L99dA4BBBAAAEEEEAAAQQQQICwjWsAAQQQQAABBBBAAAEEEIi1AGFbrL8eGocAAggggAACCCCAAAIIELZxDSCAAAIIIIAAAggggAACsRYgbIv110PjEEAAAQQQQAABBBBAAAHCNq4BBBBAAAEEEEAAAQQQQCDWAoRtsf56aBwCCCCAAAIIIIAAAgggQNjGNYAAAggggAACCCCAAAIIxFqAsC3WXw+NQwABBBBAAAEEEEAAAQQI27gGEEAAAQQQQAABBBBAAIFYCxC2xfrroXEIIIAAAggggAACCCCAAGEb1wACCCCAAAIIIIAAAgggEGsBwrZYfz00DgEEEEAAAQQQQAABBBAgbOMaQAABBBBAAAEEEEAAAQRiLUDYFuuvh8YhgAACCCCAAAIIIIAA...
&amp#27;[38;5;200m[dbe4db21]&amp#27;[0m&amp#27;[38;5;86m[HTTP]&amp#27;[0m <-- GET /session/dbe4db21-e6a9-4d05-bdbb-cc788eb5635e/screenshot 200 150 ms - 321540 
&amp#27;[38;5;200m[dbe4db21]&amp#27;[0m&amp#27;[38;5;86m[HTTP]&amp#27;[0m &amp#27;[37m-->&amp#27;[39m &amp#27;[37mGET&amp#27;[39m &amp#27;[37m/session/dbe4db21-e6a9-4d05-bdbb-cc788eb5635e/element/46010000-0000-0000-3355-000000000000/rect&amp#27;[39m {}
&amp#27;[38;5;200m[dbe4db21]&amp#27;[0m&amp#27;[38;5;-42m[XCUITestDriver@9d32 (dbe4db21)]&amp#27;[0m Driver proxy active, passing request on via HTTP proxy
&amp#27;[38;5;200m[dbe4db21]&amp#27;[0m&amp#27;[38;5;-42m[XCUITestDriver@9d32 (dbe4db21)]&amp#27;[0m Executing command 'proxyReqRes'
&amp#27;[38;5;200m[dbe4db21]&amp#27;[0m&amp#27;[38;5;-42m[XCUITestDriver@9d32 (dbe4db21)]&amp#27;[0m Matched '/session/dbe4db21-e6a9-4d05-bdbb-cc788eb5635e/element/46010000-0000-0000-3355-000000000000/rect' to command name 'getElementRect'
&amp#27;[38;5;200m[dbe4db21]&amp#27;[0m&amp#27;[38;5;-42m[XCUITestDriver@9d32 (dbe4db21)]&amp#27;[0m Proxying [GET /session/dbe4db21-e6a9-4d05-bdbb-cc788eb5635e/element/46010000-0000-0000-3355-000000000000/rect] to [GET http://127.0.0.1:8100/session/CE40ADAF-B139-4368-BB61-1EFAB337C153/element/46010000-0000-0000-3355-000000000000/rect] with no body
&amp#27;[38;5;173m[Xcode]&amp#27;[0m     t =    96.84s Requesting snapshot of accessibility hierarchy for app with pid 21811
&amp#27;[38;5;173m[Xcode]&amp#27;[0m 
&amp#27;[38;5;173m[Xcode]&amp#27;[0m     t =    96.93s Find: Descendants matching type Any
&amp#27;[38;5;173m[Xcode]&amp#27;[0m 
&amp#27;[38;5;173m[Xcode]&amp#27;[0m     t =    96.94s Find: Elements matching predicate 'BLOCKPREDICATE(0x6000021406f0)'
&amp#27;[38;5;173m[Xcode]&amp#27;[0m 
&amp#27;[38;5;173m[Xcode]&amp#27;[0m     t =    96.94s Find: Identity Binding
&amp#27;[38;5;173m[Xcode]&amp#27;[0m 
&amp#27;[38;5;200m[dbe4db21]&amp#27;[0m&amp#27;[38;5;-42m[XCUITestDriver@9d32 (dbe4db21)]&amp#27;[0m Got response with status 200: {"value":{"y":643,"x":8,"width":374,"height":45},"sessionId":"CE40ADAF-B139-4368-BB61-1EFAB337C153"}
&amp#27;[38;5;200m[dbe4db21]&amp#27;[0m&amp#27;[38;5;-42m[XCUITestDriver@9d32 (dbe4db21)]&amp#27;[0m Replacing sessionId CE40ADAF-B139-4368-BB61-1EFAB337C153 with dbe4db21-e6a9-4d05-bdbb-cc788eb5635e
&amp#27;[38;5;200m[dbe4db21]&amp#27;[0m&amp#27;[38;5;86m[HTTP]&amp#27;[0m <-- GET /session/dbe4db21-e6a9-4d05-bdbb-cc788eb5635e/element/46010000-0000-0000-3355-000000000000/rect 200 113 ms - 100 
&amp#27;[38;5;200m[dbe4db21]&amp#27;[0m&amp#27;[38;5;86m[HTTP]&amp#27;[0m &amp#27;[37m-->&amp#27;[39m &amp#27;[37mGET&amp#27;[39m &amp#27;[37m/session/dbe4db21-e6a9-4d05-bdbb-cc788eb5635e/element/46010000-0000-0000-3355-000000000000/rect&amp#27;[39m {}
&amp#27;[38;5;200m[dbe4db21]&amp#27;[0m&amp#27;[38;5;-42m[XCUITestDriver@9d32 (dbe4db21)]&amp#27;[0m Driver proxy active, passing request on via HTTP proxy
&amp#27;[38;5;200m[dbe4db21]&amp#27;[0m&amp#27;[38;5;-42m[XCUITestDriver@9d32 (dbe4db21)]&amp#27;[0m Executing command 'proxyReqRes'
&amp#27;[38;5;200m[dbe4db21]&amp#27;[0m&amp#27;[38;5;-42m[XCUITestDriver@9d32 (dbe4db21)]&amp#27;[0m Matched '/session/dbe4db21-e6a9-4d05-bdbb-cc788eb5635e/element/46010000-0000-0000-3355-000000000000/rect' to command name 'getElementRect'
&amp#27;[38;5;200m[dbe4db21]&amp#27;[0m&amp#27;[38;5;-42m[XCUITestDriver@9d32 (dbe4db21)]&amp#27;[0m Proxying [GET /session/dbe4db21-e6a9-4d05-bdbb-cc788eb5635e/element/46010000-0000-0000-3355-000000000000/rect] to [GET http://127.0.0.1:8100/session/CE40ADAF-B139-4368-BB61-1EFAB337C153/element/46010000-0000-0000-3355-000000000000/rect] with no body
&amp#27;[38;5;173m[Xcode]&amp#27;[0m     t =    96.95s Requesting snapshot of accessibility hierarchy for app with pid 21811
&amp#27;[38;5;173m[Xcode]&amp#27;[0m 
&amp#27;[38;5;173m[Xcode]&amp#27;[0m     t =    97.04s Find: Descendants matching type Any
&amp#27;[38;5;173m[Xcode]&amp#27;[0m 
&amp#27;[38;5;173m[Xcode]&amp#27;[0m     t =    97.05s Find: Elements matching predicate 'BLOCKPREDICATE(0x6000021406f0)'
&amp#27;[38;5;173m[Xcode]&amp#27;[0m 
&amp#27;[38;5;173m[Xcode]&amp#27;[0m     t =    97.05s Find: Identity Binding
&amp#27;[38;5;173m[Xcode]&amp#27;[0m 
&amp#27;[38;5;200m[dbe4db21]&amp#27;[0m&amp#27;[38;5;-42m[XCUITestDriver@9d32 (dbe4db21)]&amp#27;[0m Got response with status 200: {"value":{"y":643,"x":8,"width":374,"height":45},"sessionId":"CE40ADAF-B139-4368-BB61-1EFAB337C153"}
&amp#27;[38;5;200m[dbe4db21]&amp#27;[0m&amp#27;[38;5;-42m[XCUITestDriver@9d32 (dbe4db21)]&amp#27;[0m Replacing sessionId CE40ADAF-B139-4368-BB61-1EFAB337C153 with dbe4db21-e6a9-4d05-bdbb-cc788eb5635e
&amp#27;[38;5;200m[dbe4db21]&amp#27;[0m&amp#27;[38;5;86m[HTTP]&amp#27;[0m <-- GET /session/dbe4db21-e6a9-4d05-bdbb-cc788eb5635e/element/46010000-0000-0000-3355-000000000000/rect 200 107 ms - 100 
&amp#27;[38;5;200m[dbe4db21]&amp#27;[0m&amp#27;[38;5;86m[HTTP]&amp#27;[0m &amp#27;[37m-->&amp#27;[39m &amp#27;[37mGET&amp#27;[39m &amp#27;[37m/session/dbe4db21-e6a9-4d05-bdbb-cc788eb5635e/context&amp#27;[39m {}
&amp#27;[38;5;200m[dbe4db21]&amp#27;[0m&amp#27;[38;5;-42m[XCUITestDriver@9d32 (dbe4db21)]&amp#27;[0m Calling AppiumDriver.getCurrentContext() with args: ["dbe4db21-e6a9-4d05-bdbb-cc788eb5635e"]
&amp#27;[38;5;200m[dbe4db21]&amp#27;[0m&amp#27;[38;5;-42m[XCUITestDriver@9d32 (dbe4db21)]&amp#27;[0m Executing command 'getCurrentContext'
&amp#27;[38;5;200m[dbe4db21]&amp#27;[0m&amp#27;[38;5;-42m[XCUITestDriver@9d32 (dbe4db21)]&amp#27;[0m Responding to client with driver.getCurrentContext() result: "NATIVE_APP"
&amp#27;[38;5;200m[dbe4db21]&amp#27;[0m&amp#27;[38;5;86m[HTTP]&amp#27;[0m <-- GET /session/dbe4db21-e6a9-4d05-bdbb-cc788eb5635e/context 200 1 ms - 22 
&amp#27;[38;5;200m[dbe4db21]&amp#27;[0m&amp#27;[38;5;86m[HTTP]&amp#27;[0m &amp#27;[37m-->&amp#27;[39m &amp#27;[37mPOST&amp#27;[39m &amp#27;[37m/session/dbe4db21-e6a9-4d05-bdbb-cc788eb5635e/element&amp#27;[39m {"value":"label == \"Confirm\"","using":"-ios predicate string"}
&amp#27;[38;5;200m[dbe4db21]&amp#27;[0m&amp#27;[38;5;-42m[XCUITestDriver@9d32 (dbe4db21)]&amp#27;[0m Calling AppiumDriver.findElement() with args: ["-ios predicate string","label == \"Confirm\"","dbe4db21-e6a9-4d05-bdbb-cc788eb5635e"]
&amp#27;[38;5;200m[dbe4db21]&amp#27;[0m&amp#27;[38;5;-42m[XCUITestDriver@9d32 (dbe4db21)]&amp#27;[0m Executing command 'findElement'
&amp#27;[38;5;200m[dbe4db21]&amp#27;[0m&amp#27;[38;5;-42m[XCUITestDriver@9d32 (dbe4db21)]&amp#27;[0m Valid locator strategies for this request: xpath, id, name, class name, -ios predicate string, -ios class chain, accessibility id, css selector
&amp#27;[38;5;200m[dbe4db21]&amp#27;[0m&amp#27;[38;5;-42m[XCUITestDriver@9d32 (dbe4db21)]&amp#27;[0m Waiting up to 10000 ms for condition
&amp#27;[38;5;200m[dbe4db21]&amp#27;[0m&amp#27;[38;5;-42m[XCUITestDriver@9d32 (dbe4db21)]&amp#27;[0m Matched '/element' to command name 'findElement'
&amp#27;[38;5;200m[dbe4db21]&amp#27;[0m&amp#27;[38;5;-42m[XCUITestDriver@9d32 (dbe4db21)]&amp#27;[0m Proxying [POST /element] to [POST http://127.0.0.1:8100/session/CE40ADAF-B139-4368-BB61-1EFAB337C153/element] with body: {"using":"predicate string","value":"label == \"Confirm\""}
&amp#27;[38;5;173m[Xcode]&amp#27;[0m 2024-11-05 15:50:51.512378+0500 WebDriverAgentRunner-Runner[21804:212226] Getting the most recent active application (out of 1 total items)
&amp#27;[38;5;173m[Xcode]&amp#27;[0m 
&amp#27;[38;5;173m[Xcode]&amp#27;[0m     t =    97.54s Get all elements bound by accessibility element for: Elements matching predicate 'BLOCKPREDICATE(0x60000205c690)'
&amp#27;[38;5;173m[Xcode]&amp#27;[0m 
&amp#27;[38;5;173m[Xcode]&amp#27;[0m     t =    97.55s     Requesting snapshot of accessibility hierarchy for app with pid 21811
&amp#27;[38;5;173m[Xcode]&amp#27;[0m 
&amp#27;[38;5;173m[Xcode]&amp#27;[0m     t =    97.63s     Find: Descendants matching type Any
&amp#27;[38;5;173m[Xcode]&amp#27;[0m 
&amp#27;[38;5;173m[Xcode]&amp#27;[0m     t =    97.64s     Find: Elements matching predicate 'BLOCKPREDICATE(0x60000205c690)'
&amp#27;[38;5;173m[Xcode]&amp#27;[0m 
&amp#27;[38;5;173m[Xcode]&amp#27;[0m     t =    97.65s Requesting snapshot of accessibility hierarchy for app with pid 21811
&amp#27;[38;5;173m[Xcode]&amp#27;[0m 
&amp#27;[38;5;173m[Xcode]&amp#27;[0m     t =    97.73s Find: Descendants matching type Any
&amp#27;[38;5;173m[Xcode]&amp#27;[0m 
&amp#27;[38;5;173m[Xcode]&amp#27;[0m     t =    97.74s Find: Elements matching predicate 'BLOCKPREDICATE(0x60000205c690)'
&amp#27;[38;5;173m[Xcode]&amp#27;[0m 
&amp#27;[38;5;173m[Xcode]&amp#27;[0m     t =    97.74s Find: Identity Binding
&amp#27;[38;5;173m[Xcode]&amp#27;[0m 
&amp#27;[38;5;200m[dbe4db21]&amp#27;[0m&amp#27;[38;5;-42m[XCUITestDriver@9d32 (dbe4db21)]&amp#27;[0m Got response with status 200: {"value":{"ELEMENT":"61010000-0000-0000-3355-000000000000","element-6066-11e4-a52e-4f735466cecf":"61010000-0000-0000-3355-000000000000"},"sessionId":"CE40ADAF-B139-4368-BB61-1EFAB337C153"}
&amp#27;[38;5;200m[dbe4db21]&amp#27;[0m&amp#27;[38;5;-42m[XCUITestDriver@9d32 (dbe4db21)]&amp#27;[0m Responding to client with driver.findElement() result: {"element-6066-11e4-a52e-4f735466cecf":"61010000-0000-0000-3355-000000000000","ELEMENT":"61010000-0000-0000-3355-000000000000"}
&amp#27;[38;5;200m[dbe4db21]&amp#27;[0m&amp#27;[38;5;86m[HTTP]&amp#27;[0m <-- POST /session/dbe4db21-e6a9-4d05-bdbb-cc788eb5635e/element 200 207 ms - 137 
&amp#27;[38;5;200m[dbe4db21]&amp#27;[0m&amp#27;[38;5;86m[HTTP]&amp#27;[0m &amp#27;[37m-->&amp#27;[39m &amp#27;[37mPOST&amp#27;[39m &amp#27;[37m/session/dbe4db21-e6a9-4d05-bdbb-cc788eb5635e/element/61010000-0000-0000-3355-000000000000/click&amp#27;[39m {"id":"61010000-0000-0000-3355-000000000000"}
&amp#27;[38;5;200m[dbe4db21]&amp#27;[0m&amp#27;[38;5;-42m[XCUITestDriver@9d32 (dbe4db21)]&amp#27;[0m Driver proxy active, passing request on via HTTP proxy
&amp#27;[38;5;200m[dbe4db21]&amp#27;[0m&amp#27;[38;5;-42m[XCUITestDriver@9d32 (dbe4db21)]&amp#27;[0m Executing command 'proxyReqRes'
&amp#27;[38;5;200m[dbe4db21]&amp#27;[0m&amp#27;[38;5;-42m[XCUITestDriver@9d32 (dbe4db21)]&amp#27;[0m Matched '/session/dbe4db21-e6a9-4d05-bdbb-cc788eb5635e/element/61010000-0000-0000-3355-000000000000/click' to command name 'click'
&amp#27;[38;5;200m[dbe4db21]&amp#27;[0m&amp#27;[38;5;-42m[XCUITestDriver@9d32 (dbe4db21)]&amp#27;[0m Proxying [POST /session/dbe4db21-e6a9-4d05-bdbb-cc788eb5635e/element/61010000-0000-0000-3355-000000000000/click] to [POST http://127.0.0.1:8100/session/CE40ADAF-B139-4368-BB61-1EFAB337C153/element/61010000-0000-0000-3355-000000000000/click] with body: {"id":"61010000-0000-0000-3355-000000000000"}
&amp#27;[38;5;173m[Xcode]&amp#27;[0m     t =    97.75s Requesting snapshot of accessibility hierarchy for app with pid 21811
&amp#27;[38;5;173m[Xcode]&amp#27;[0m 
&amp#27;[38;5;173m[Xcode]&amp#27;[0m     t =    97.84s Find: Descendants matching type Any
&amp#27;[38;5;173m[Xcode]&amp#27;[0m 
&amp#27;[38;5;173m[Xcode]&amp#27;[0m     t =    97.84s Find: Elements matching predicate 'BLOCKPREDICATE(0x60000205c690)'
&amp#27;[38;5;173m[Xcode]&amp#27;[0m 
&amp#27;[38;5;173m[Xcode]&amp#27;[0m     t =    97.84s Find: Identity Binding
&amp#27;[38;5;173m[Xcode]&amp#27;[0m 
&amp#27;[38;5;173m[Xcode]&amp#27;[0m     t =    97.85s Tap "Confirm" Button
&amp#27;[38;5;173m[Xcode]&amp#27;[0m 
&amp#27;[38;5;173m[Xcode]&amp#27;[0m 2024-11-05 15:50:51.819311+0500 WebDriverAgentRunner-Runner[21804:212226] Waiting up to 10s until com.example.apple-samplecode.UICatalog is in idle state (including animations)
&amp#27;[38;5;173m[Xcode]&amp#27;[0m 
&amp#27;[38;5;173m[Xcode]&amp#27;[0m     t =    97.85s     Wait for com.example.apple-samplecode.UICatalog to idle
&amp#27;[38;5;173m[Xcode]&amp#27;[0m 
&amp#27;[38;5;173m[Xcode]&amp#27;[0m     t =    97.86s     Find the "Confirm" Button
&amp#27;[38;5;173m[Xcode]&amp#27;[0m 
&amp#27;[38;5;173m[Xcode]&amp#27;[0m     t =    97.86s         Requesting snapshot of accessibility hierarchy for app with pid 21811
&amp#27;[38;5;173m[Xcode]&amp#27;[0m 
&amp#27;[38;5;173m[Xcode]&amp#27;[0m     t =    97.94s         Find: Descendants matching type Any
&amp#27;[38;5;173m[Xcode]&amp#27;[0m 
&amp#27;[38;5;173m[Xcode]&amp#27;[0m     t =    97.95s         Find: Elements matching predicate 'BLOCKPREDICATE(0x60000205c690)'
&amp#27;[38;5;173m[Xcode]&amp#27;[0m 
&amp#27;[38;5;173m[Xcode]&amp#27;[0m     t =    97.95s         Find: Identity Binding
&amp#27;[38;5;173m[Xcode]&amp#27;[0m 
&amp#27;[38;5;173m[Xcode]&amp#27;[0m     t =    97.95s Application is configured to skip UI interruption handling
&amp#27;[38;5;173m[Xcode]&amp#27;[0m 
&amp#27;[38;5;173m[Xcode]&amp#27;[0m     t =    97.95s     Synthesize event
&amp#27;[38;5;173m[Xcode]&amp#27;[0m 
&amp#27;[38;5;173m[Xcode]&amp#27;[0m 2024-11-05 15:50:52.216739+0500 WebDriverAgentRunner-Runner[21804:212226] Waiting up to 10s until com.example.apple-samplecode.UICatalog is in idle state (including animations)
&amp#27;[38;5;173m[Xcode]&amp#27;[0m 
&amp#27;[38;5;173m[Xcode]&amp#27;[0m     t =    98.25s     Wait for com.example.apple-samplecode.UICatalog to idle
&amp#27;[38;5;173m[Xcode]&amp#27;[0m 
&amp#27;[38;5;200m[dbe4db21]&amp#27;[0m&amp#27;[38;5;-42m[XCUITestDriver@9d32 (dbe4db21)]&amp#27;[0m Got response with status 200: {"value":null,"sessionId":"CE40ADAF-B139-4368-BB61-1EFAB337C153"}
&amp#27;[38;5;200m[dbe4db21]&amp#27;[0m&amp#27;[38;5;-42m[XCUITestDriver@9d32 (dbe4db21)]&amp#27;[0m Replacing sessionId CE40ADAF-B139-4368-BB61-1EFAB337C153 with dbe4db21-e6a9-4d05-bdbb-cc788eb5635e
&amp#27;[38;5;200m[dbe4db21]&amp#27;[0m&amp#27;[38;5;86m[HTTP]&amp#27;[0m <-- POST /session/dbe4db21-e6a9-4d05-bdbb-cc788eb5635e/element/61010000-0000-0000-3355-000000000000/click 200 715 ms - 65 
]]></system-out>
  </testcase>
</testsuite>