<?xml version="1.0" encoding="UTF-8"?>
<!-- Generated by org.testng.reporters.JUnitReportReporter -->
<testsuite hostname="NIS-PK261s-MacBook-Pro.local" failures="0" tests="1" name="org.osamaikhlas.eCommerece_tc_4" time="21.695" errors="0" timestamp="2023-08-04T20:07:25 PKT" skipped="0">
  <testcase classname="org.osamaikhlas.eCommerece_tc_4" name="fillForm" time="21.695"/>
</testsuite> <!-- org.osamaikhlas.eCommerece_tc_4 -->
