<?xml version="1.0" encoding="UTF-8"?>
<!-- Generated by org.testng.reporters.JUnitReportReporter -->
<testsuite hostname="NIS-PK261s-MacBook-Pro.local" failures="0" tests="1" name="org.osamaikhlas.ECommerce_TestCase_01" time="32.097" errors="0" timestamp="2023-08-29T15:56:32 PKT" skipped="0">
  <testcase classname="org.osamaikhlas.ECommerce_TestCase_01" name="fillForm" time="32.097"/>
</testsuite> <!-- org.osamaikhlas.ECommerce_TestCase_01 -->
