<?xml version="1.0" encoding="UTF-8"?>
<!-- Generated by org.testng.reporters.JUnitReportReporter -->
<testsuite hostname="NIS-PK503.local" failures="0" tests="2" name="org.osamaikhlas.ECommerce_TestCase_02" time="181.435" errors="0" timestamp="2024-10-25T18:42:57 PKT" skipped="0">
  <testcase classname="org.osamaikhlas.ECommerce_TestCase_02" name="fillFormNegativeFlow" time="92.515"/>
  <testcase classname="org.osamaikhlas.ECommerce_TestCase_02" name="fillFormPostiveFlow" time="88.920"/>
</testsuite> <!-- org.osamaikhlas.ECommerce_TestCase_02 -->
