<?xml version="1.0" encoding="UTF-8"?>
<!-- Generated by org.testng.reporters.JUnitReportReporter -->
<testsuite hostname="NIS-PK261s-MacBook-Pro.local" failures="0" tests="1" name="org.osamaikhlas.eCommereceApp" time="37.239" errors="0" timestamp="2023-08-07T16:04:22 PKT" skipped="0">
  <testcase classname="org.osamaikhlas.eCommereceApp" name="fillForm" time="37.239"/>
</testsuite> <!-- org.osamaikhlas.eCommereceApp -->
