<?xml version="1.0" encoding="UTF-8"?>
<!-- Generated by org.testng.reporters.JUnitReportReporter -->
<testsuite hostname="NIS-PK503.local" failures="0" tests="1" name="org.osamaikhlas.ECommerce_TestCase_01" time="183.457" errors="0" timestamp="2024-10-28T20:20:58 PKT" skipped="0">
  <testcase classname="org.osamaikhlas.ECommerce_TestCase_01" name="fillForm" time="183.457"/>
</testsuite> <!-- org.osamaikhlas.ECommerce_TestCase_01 -->
