<?xml version="1.0" encoding="UTF-8"?>
<!-- Generated by org.testng.reporters.JUnitReportReporter -->
<testsuite hostname="NIS-PK503.local" failures="0" tests="1" name="org.osamaikhlas.IOSBasics" time="96.057" errors="0" timestamp="2024-11-05T15:50:59 PKT" skipped="0">
  <testcase classname="org.osamaikhlas.IOSBasics" name="IOSBasicTests" time="96.057"/>
</testsuite> <!-- org.osamaikhlas.IOSBasics -->
