<?xml version="1.0" encoding="UTF-8"?>
<!-- Generated by org.testng.reporters.JUnitReportReporter -->
<testsuite hostname="NIS-PK261s-MacBook-Pro.local" failures="0" tests="1" name="org.osamaikhlas.IOSBasics" time="9.840" errors="0" timestamp="2023-08-29T15:59:46 PKT" skipped="0">
  <testcase classname="org.osamaikhlas.IOSBasics" name="IOSBasicTests" time="9.840"/>
</testsuite> <!-- org.osamaikhlas.IOSBasics -->
