<?xml version="1.0" encoding="UTF-8"?>
<!-- Generated by org.testng.reporters.JUnitReportReporter -->
<testsuite hostname="NIS-PK503.local" failures="0" tests="2" name="org.osamaikhlas.ECommerce_TestCase_02" time="183.922" errors="0" timestamp="2024-10-28T17:45:38 PKT" skipped="0">
  <testcase classname="org.osamaikhlas.ECommerce_TestCase_02" name="fillFormPostiveFlow" time="90.651"/>
  <testcase classname="org.osamaikhlas.ECommerce_TestCase_02" name="fillFormNegativeFlow" time="93.271"/>
</testsuite> <!-- org.osamaikhlas.ECommerce_TestCase_02 -->
