<?xml version="1.0" encoding="UTF-8"?>
<!-- Generated by org.testng.reporters.JUnitReportReporter -->
<testsuite hostname="NIS-PK261s-MacBook-Pro.local" failures="0" tests="2" name="org.osamaikhlas.ECommerce_TestCase_02" time="36.665" errors="0" timestamp="2023-08-29T15:59:46 PKT" skipped="0">
  <testcase classname="org.osamaikhlas.ECommerce_TestCase_02" name="fillFormNegativeFlow" time="16.628"/>
  <testcase classname="org.osamaikhlas.ECommerce_TestCase_02" name="fillFormPostiveFlow" time="20.037"/>
</testsuite> <!-- org.osamaikhlas.ECommerce_TestCase_02 -->
